2024-10-29 01:17:00,508 INFO: Initializing PS4Controller
2024-10-29 01:17:00,795 INFO: Configuration loaded successfully
2024-10-29 01:17:00,798 INFO: Port /dev/ttyACM0 opened successfully
2024-10-29 01:17:00,808 INFO: Baudrate set to 1000000
2024-10-29 01:17:00,809 INFO: Control table loaded successfully.
2024-10-29 01:17:00,809 INFO: Motor group 'Pivot_Group' created with motors: [7, 8]
2024-10-29 01:17:00,810 INFO: Motor group 'Wheg_Group' created with motors: [1, 2, 3, 4, 5, 6]
2024-10-29 01:17:00,810 INFO: Motor group 'All_Motors' created with motors: [1, 2, 3, 4, 5, 6, 7, 8]
2024-10-29 01:17:00,811 INFO: Motor group 'Left_Whegs' created with motors: [1, 2, 3]
2024-10-29 01:17:00,811 INFO: Motor group 'Right_Whegs' created with motors: [4, 5, 6]
2024-10-29 01:17:00,811 INFO: Motor group 'Front_Whegs' created with motors: [3, 6]
2024-10-29 01:17:00,812 INFO: Motor group 'Rear_Whegs' created with motors: [1, 4]
2024-10-29 01:17:00,812 INFO: Motor group 'Middle_Whegs' created with motors: [2, 5]
2024-10-29 01:17:00,813 INFO: Motor group 'Two_Right_One_Left' created with motors: [2, 4, 6]
2024-10-29 01:17:00,813 INFO: Motor group 'Two_Left_One_Right' created with motors: [5, 1, 3]
2024-10-29 01:17:00,814 INFO: Initialised PS4 controller, Dynamixel, and Robot State
2024-10-29 01:17:00,966 INFO: Initialised Streamlit dashboard
2024-10-29 01:17:00,967 INFO: Disabling torque for group Right_Whegs
2024-10-29 01:17:00,969 INFO: Drive mode set for group Right_Whegs with reverse_direction=True
2024-10-29 01:17:00,971 INFO: Enabling torque for group Right_Whegs
2024-10-29 01:17:00,975 INFO: Motor 4 drive mode correctly set to reverse
2024-10-29 01:17:00,975 INFO: Motor 5 drive mode correctly set to reverse
2024-10-29 01:17:00,976 INFO: Motor 6 drive mode correctly set to reverse
2024-10-29 01:17:00,976 INFO: Disabling torque for group Left_Whegs
2024-10-29 01:17:00,977 INFO: Drive mode set for group Left_Whegs with reverse_direction=False
2024-10-29 01:17:00,978 INFO: Enabling torque for group Left_Whegs
2024-10-29 01:17:00,983 INFO: Motor 1 drive mode correctly set to normal
2024-10-29 01:17:00,984 INFO: Motor 2 drive mode correctly set to normal
2024-10-29 01:17:00,984 INFO: Motor 3 drive mode correctly set to normal
2024-10-29 01:17:00,985 INFO: Set the right side whegs to reverse direction
2024-10-29 01:17:00,985 INFO: Disabling torque for group Pivot_Group
2024-10-29 01:17:00,986 INFO: Drive mode set for group Pivot_Group with reverse_direction=False
2024-10-29 01:17:00,987 INFO: Enabling torque for group Pivot_Group
2024-10-29 01:17:00,990 INFO: Motor 7 drive mode correctly set to normal
2024-10-29 01:17:00,991 INFO: Motor 8 drive mode correctly set to normal
2024-10-29 01:17:00,992 INFO: Position limits set for group Pivot_Group: min=90° (ticks=1023), max=270° (ticks=3071)
2024-10-29 01:17:00,992 INFO: Set position limits for the pivot motors
2024-10-29 01:17:00,994 INFO: check_inputs - Button states: {'square': False, 'x': False, 'circle': False, 'triangle': False, 'l1': False, 'r1': False, 'l2': False, 'r2': False, 'share': False, 'options': False, 'l3': False, 'r3': False, 'ps': False}
2024-10-29 01:17:00,994 INFO: check_inputs - D-pad inputs: {'dpad_up': False, 'dpad_down': False, 'dpad_left': False, 'dpad_right': False}
2024-10-29 01:17:00,995 INFO: check_inputs - L2 trigger value: -1.0
2024-10-29 01:17:00,995 INFO: Initialising Gait 1
2024-10-29 01:17:00,996 INFO: Running set_position_group for group 'Wheg_Group' with positions: 180
2024-10-29 01:17:01,001 INFO: Running set_position_group for group 'Pivot_Group' with positions: 180
2024-10-29 01:17:01,005 INFO: Initialised Gait 1, waiting for 3 seconds
2024-10-29 01:17:02,359 INFO: check_inputs - Button states: {'square': False, 'x': False, 'circle': False, 'triangle': False, 'l1': False, 'r1': False, 'l2': False, 'r2': False, 'share': False, 'options': False, 'l3': False, 'r3': False, 'ps': False}
2024-10-29 01:17:02,359 INFO: check_inputs - D-pad inputs: {'dpad_up': False, 'dpad_down': False, 'dpad_left': False, 'dpad_right': False}
2024-10-29 01:17:02,360 INFO: check_inputs - L2 trigger value: -1.0
2024-10-29 01:17:02,371 INFO: check_inputs - Button states: {'square': False, 'x': False, 'circle': False, 'triangle': False, 'l1': False, 'r1': False, 'l2': False, 'r2': False, 'share': False, 'options': False, 'l3': False, 'r3': False, 'ps': False}
2024-10-29 01:17:02,372 INFO: check_inputs - D-pad inputs: {'dpad_up': False, 'dpad_down': False, 'dpad_left': False, 'dpad_right': False}
2024-10-29 01:17:02,373 INFO: check_inputs - L2 trigger value: -1.0
2024-10-29 01:17:02,384 INFO: check_inputs - Button states: {'square': False, 'x': False, 'circle': False, 'triangle': False, 'l1': False, 'r1': False, 'l2': False, 'r2': False, 'share': False, 'options': False, 'l3': False, 'r3': False, 'ps': False}
2024-10-29 01:17:02,384 INFO: check_inputs - D-pad inputs: {'dpad_up': False, 'dpad_down': False, 'dpad_left': False, 'dpad_right': False}
2024-10-29 01:17:02,384 INFO: check_inputs - L2 trigger value: -1.0
2024-10-29 01:17:02,395 INFO: check_inputs - Button states: {'square': False, 'x': False, 'circle': False, 'triangle': False, 'l1': False, 'r1': False, 'l2': False, 'r2': False, 'share': False, 'options': False, 'l3': False, 'r3': False, 'ps': False}
2024-10-29 01:17:02,396 INFO: check_inputs - D-pad inputs: {'dpad_up': False, 'dpad_down': False, 'dpad_left': False, 'dpad_right': False}
2024-10-29 01:17:02,396 INFO: check_inputs - L2 trigger value: -1.0
2024-10-29 01:17:02,407 INFO: check_inputs - Button states: {'square': False, 'x': False, 'circle': False, 'triangle': False, 'l1': False, 'r1': False, 'l2': False, 'r2': False, 'share': False, 'options': False, 'l3': False, 'r3': False, 'ps': False}
2024-10-29 01:17:02,407 INFO: check_inputs - D-pad inputs: {'dpad_up': False, 'dpad_down': False, 'dpad_left': False, 'dpad_right': False}
2024-10-29 01:17:02,408 INFO: check_inputs - L2 trigger value: -1.0
2024-10-29 01:17:02,418 INFO: check_inputs - Button states: {'square': False, 'x': False, 'circle': False, 'triangle': False, 'l1': False, 'r1': False, 'l2': False, 'r2': False, 'share': False, 'options': False, 'l3': False, 'r3': False, 'ps': False}
2024-10-29 01:17:02,418 INFO: check_inputs - D-pad inputs: {'dpad_up': False, 'dpad_down': False, 'dpad_left': False, 'dpad_right': False}
2024-10-29 01:17:02,419 INFO: check_inputs - L2 trigger value: -1.0
2024-10-29 01:17:02,429 INFO: check_inputs - Button states: {'square': False, 'x': False, 'circle': False, 'triangle': False, 'l1': False, 'r1': False, 'l2': False, 'r2': False, 'share': False, 'options': False, 'l3': False, 'r3': False, 'ps': False}
2024-10-29 01:17:02,429 INFO: check_inputs - D-pad inputs: {'dpad_up': False, 'dpad_down': False, 'dpad_left': False, 'dpad_right': False}
2024-10-29 01:17:02,430 INFO: check_inputs - L2 trigger value: -1.0
2024-10-29 01:17:02,442 INFO: check_inputs - Button states: {'square': False, 'x': False, 'circle': False, 'triangle': False, 'l1': False, 'r1': False, 'l2': False, 'r2': False, 'share': False, 'options': False, 'l3': False, 'r3': False, 'ps': False}
2024-10-29 01:17:02,442 INFO: check_inputs - D-pad inputs: {'dpad_up': False, 'dpad_down': False, 'dpad_left': False, 'dpad_right': False}
2024-10-29 01:17:02,443 INFO: check_inputs - L2 trigger value: -1.0
2024-10-29 01:17:02,454 INFO: check_inputs - Button states: {'square': False, 'x': False, 'circle': False, 'triangle': False, 'l1': False, 'r1': False, 'l2': False, 'r2': False, 'share': False, 'options': False, 'l3': False, 'r3': False, 'ps': False}
2024-10-29 01:17:02,455 INFO: check_inputs - D-pad inputs: {'dpad_up': False, 'dpad_down': False, 'dpad_left': False, 'dpad_right': False}
2024-10-29 01:17:02,455 INFO: check_inputs - L2 trigger value: -1.0
2024-10-29 01:17:03,779 INFO: check_inputs - Button states: {'square': False, 'x': False, 'circle': False, 'triangle': False, 'l1': False, 'r1': False, 'l2': False, 'r2': True, 'share': False, 'options': False, 'l3': False, 'r3': False, 'ps': False}
2024-10-29 01:17:03,780 INFO: check_inputs - D-pad inputs: {'dpad_up': False, 'dpad_down': False, 'dpad_left': False, 'dpad_right': False}
2024-10-29 01:17:03,781 INFO: check_inputs - L2 trigger value: -1.0
2024-10-29 01:17:03,792 INFO: check_inputs - Button states: {'square': False, 'x': False, 'circle': False, 'triangle': False, 'l1': False, 'r1': False, 'l2': False, 'r2': False, 'share': False, 'options': False, 'l3': False, 'r3': False, 'ps': False}
2024-10-29 01:17:03,793 INFO: check_inputs - D-pad inputs: {'dpad_up': False, 'dpad_down': False, 'dpad_left': False, 'dpad_right': False}
2024-10-29 01:17:03,793 INFO: check_inputs - L2 trigger value: -1.0
2024-10-29 01:17:03,804 INFO: check_inputs - Button states: {'square': False, 'x': False, 'circle': False, 'triangle': False, 'l1': False, 'r1': False, 'l2': False, 'r2': False, 'share': False, 'options': False, 'l3': False, 'r3': False, 'ps': False}
2024-10-29 01:17:03,805 INFO: check_inputs - D-pad inputs: {'dpad_up': False, 'dpad_down': False, 'dpad_left': False, 'dpad_right': False}
2024-10-29 01:17:03,805 INFO: check_inputs - L2 trigger value: -1.0
2024-10-29 01:17:03,816 INFO: check_inputs - Button states: {'square': False, 'x': False, 'circle': False, 'triangle': False, 'l1': False, 'r1': False, 'l2': False, 'r2': False, 'share': False, 'options': False, 'l3': False, 'r3': False, 'ps': False}
2024-10-29 01:17:03,816 INFO: check_inputs - D-pad inputs: {'dpad_up': False, 'dpad_down': False, 'dpad_left': False, 'dpad_right': False}
2024-10-29 01:17:03,817 INFO: check_inputs - L2 trigger value: -1.0
2024-10-29 01:17:03,827 INFO: check_inputs - Button states: {'square': False, 'x': False, 'circle': False, 'triangle': False, 'l1': False, 'r1': False, 'l2': False, 'r2': False, 'share': False, 'options': False, 'l3': False, 'r3': False, 'ps': False}
2024-10-29 01:17:03,828 INFO: check_inputs - D-pad inputs: {'dpad_up': False, 'dpad_down': False, 'dpad_left': False, 'dpad_right': False}
2024-10-29 01:17:03,828 INFO: check_inputs - L2 trigger value: -1.0
2024-10-29 01:17:03,839 INFO: check_inputs - Button states: {'square': False, 'x': False, 'circle': False, 'triangle': False, 'l1': False, 'r1': False, 'l2': False, 'r2': False, 'share': False, 'options': False, 'l3': False, 'r3': False, 'ps': False}
2024-10-29 01:17:03,839 INFO: check_inputs - D-pad inputs: {'dpad_up': False, 'dpad_down': False, 'dpad_left': False, 'dpad_right': False}
2024-10-29 01:17:03,840 INFO: check_inputs - L2 trigger value: -1.0
2024-10-29 01:17:03,851 INFO: check_inputs - Button states: {'square': False, 'x': False, 'circle': False, 'triangle': False, 'l1': False, 'r1': False, 'l2': False, 'r2': False, 'share': False, 'options': False, 'l3': False, 'r3': False, 'ps': False}
2024-10-29 01:17:03,851 INFO: check_inputs - D-pad inputs: {'dpad_up': False, 'dpad_down': False, 'dpad_left': False, 'dpad_right': False}
2024-10-29 01:17:03,852 INFO: check_inputs - L2 trigger value: -1.0
2024-10-29 01:17:03,863 INFO: check_inputs - Button states: {'square': False, 'x': False, 'circle': False, 'triangle': False, 'l1': False, 'r1': False, 'l2': False, 'r2': False, 'share': False, 'options': False, 'l3': False, 'r3': False, 'ps': False}
2024-10-29 01:17:03,863 INFO: check_inputs - D-pad inputs: {'dpad_up': False, 'dpad_down': False, 'dpad_left': False, 'dpad_right': False}
2024-10-29 01:17:03,864 INFO: check_inputs - L2 trigger value: -1.0
2024-10-29 01:17:03,874 INFO: check_inputs - Button states: {'square': False, 'x': False, 'circle': False, 'triangle': False, 'l1': False, 'r1': False, 'l2': False, 'r2': False, 'share': False, 'options': False, 'l3': False, 'r3': False, 'ps': False}
2024-10-29 01:17:03,875 INFO: check_inputs - D-pad inputs: {'dpad_up': False, 'dpad_down': False, 'dpad_left': False, 'dpad_right': False}
2024-10-29 01:17:03,875 INFO: check_inputs - L2 trigger value: -1.0
2024-10-29 01:17:05,162 INFO: check_inputs - Button states: {'square': False, 'x': False, 'circle': False, 'triangle': False, 'l1': False, 'r1': False, 'l2': False, 'r2': True, 'share': False, 'options': False, 'l3': False, 'r3': False, 'ps': False}
2024-10-29 01:17:05,163 INFO: check_inputs - D-pad inputs: {'dpad_up': False, 'dpad_down': False, 'dpad_left': False, 'dpad_right': False}
2024-10-29 01:17:05,164 INFO: check_inputs - L2 trigger value: -1.0
2024-10-29 01:17:05,164 INFO: Setting operating mode 'multi_turn' for group 'Wheg_Group'
2024-10-29 01:17:05,165 INFO: Disabling torque for group Wheg_Group
2024-10-29 01:17:05,166 INFO: Enabling torque for group Wheg_Group
2024-10-29 01:17:05,167 INFO: Setting the profile velocity for group Wheg_Group from config.yaml: 10
2024-10-29 01:17:05,167 INFO: Profile velocities set for group Wheg_Group: {1: 43.7, 2: 43.7, 3: 43.7, 4: 43.7, 5: 43.7, 6: 43.7}
2024-10-29 01:17:05,168 INFO: New gait 1 is now active.
2024-10-29 01:17:05,175 INFO: check_inputs - Button states: {'square': False, 'x': False, 'circle': False, 'triangle': False, 'l1': False, 'r1': False, 'l2': False, 'r2': False, 'share': False, 'options': False, 'l3': False, 'r3': False, 'ps': False}
2024-10-29 01:17:05,175 INFO: check_inputs - D-pad inputs: {'dpad_up': False, 'dpad_down': False, 'dpad_left': False, 'dpad_right': False}
2024-10-29 01:17:05,176 INFO: check_inputs - L2 trigger value: -1.0
2024-10-29 01:17:05,180 INFO: Profile velocities set for group Wheg_Group: {1: 21.85, 2: 21.85, 3: 21.85, 4: 21.85, 5: 21.85, 6: 21.85}
2024-10-29 01:17:05,180 INFO: Incrementing motor positions by 360 degrees for group 'Wheg_Group'
2024-10-29 01:17:05,191 INFO: Gait 1 step executed at 5.00RPM, wait for 12.00 seconds
2024-10-29 01:17:05,192 INFO: check_inputs - Button states: {'square': False, 'x': False, 'circle': False, 'triangle': False, 'l1': False, 'r1': False, 'l2': False, 'r2': False, 'share': False, 'options': False, 'l3': False, 'r3': False, 'ps': False}
2024-10-29 01:17:05,192 INFO: check_inputs - D-pad inputs: {'dpad_up': False, 'dpad_down': False, 'dpad_left': False, 'dpad_right': False}
2024-10-29 01:17:05,193 INFO: check_inputs - L2 trigger value: -1.0
2024-10-29 01:17:05,203 INFO: check_inputs - Button states: {'square': False, 'x': False, 'circle': False, 'triangle': False, 'l1': False, 'r1': False, 'l2': False, 'r2': False, 'share': False, 'options': False, 'l3': False, 'r3': False, 'ps': False}
2024-10-29 01:17:05,204 INFO: check_inputs - D-pad inputs: {'dpad_up': False, 'dpad_down': False, 'dpad_left': False, 'dpad_right': False}
2024-10-29 01:17:05,204 INFO: check_inputs - L2 trigger value: -1.0
2024-10-29 01:17:05,215 INFO: check_inputs - Button states: {'square': False, 'x': False, 'circle': False, 'triangle': False, 'l1': False, 'r1': False, 'l2': False, 'r2': False, 'share': False, 'options': False, 'l3': False, 'r3': False, 'ps': False}
2024-10-29 01:17:05,216 INFO: check_inputs - D-pad inputs: {'dpad_up': False, 'dpad_down': False, 'dpad_left': False, 'dpad_right': False}
2024-10-29 01:17:05,216 INFO: check_inputs - L2 trigger value: -1.0
2024-10-29 01:17:05,227 INFO: check_inputs - Button states: {'square': False, 'x': False, 'circle': False, 'triangle': False, 'l1': False, 'r1': False, 'l2': False, 'r2': False, 'share': False, 'options': False, 'l3': False, 'r3': False, 'ps': False}
2024-10-29 01:17:05,227 INFO: check_inputs - D-pad inputs: {'dpad_up': False, 'dpad_down': False, 'dpad_left': False, 'dpad_right': False}
2024-10-29 01:17:05,228 INFO: check_inputs - L2 trigger value: -1.0
2024-10-29 01:17:05,239 INFO: check_inputs - Button states: {'square': False, 'x': False, 'circle': False, 'triangle': False, 'l1': False, 'r1': False, 'l2': False, 'r2': False, 'share': False, 'options': False, 'l3': False, 'r3': False, 'ps': False}
2024-10-29 01:17:05,239 INFO: check_inputs - D-pad inputs: {'dpad_up': False, 'dpad_down': False, 'dpad_left': False, 'dpad_right': False}
2024-10-29 01:17:05,239 INFO: check_inputs - L2 trigger value: -1.0
2024-10-29 01:17:05,250 INFO: check_inputs - Button states: {'square': False, 'x': False, 'circle': False, 'triangle': False, 'l1': False, 'r1': False, 'l2': False, 'r2': False, 'share': False, 'options': False, 'l3': False, 'r3': False, 'ps': False}
2024-10-29 01:17:05,251 INFO: check_inputs - D-pad inputs: {'dpad_up': False, 'dpad_down': False, 'dpad_left': False, 'dpad_right': False}
2024-10-29 01:17:05,251 INFO: check_inputs - L2 trigger value: -1.0
2024-10-29 01:17:06,530 INFO: check_inputs - Button states: {'square': False, 'x': False, 'circle': False, 'triangle': False, 'l1': False, 'r1': False, 'l2': False, 'r2': True, 'share': False, 'options': False, 'l3': False, 'r3': False, 'ps': False}
2024-10-29 01:17:06,531 INFO: check_inputs - D-pad inputs: {'dpad_up': False, 'dpad_down': False, 'dpad_left': False, 'dpad_right': False}
2024-10-29 01:17:06,532 INFO: check_inputs - L2 trigger value: -1.0
2024-10-29 01:17:06,543 INFO: check_inputs - Button states: {'square': False, 'x': False, 'circle': False, 'triangle': False, 'l1': False, 'r1': False, 'l2': False, 'r2': False, 'share': False, 'options': False, 'l3': False, 'r3': False, 'ps': False}
2024-10-29 01:17:06,543 INFO: check_inputs - D-pad inputs: {'dpad_up': False, 'dpad_down': False, 'dpad_left': False, 'dpad_right': False}
2024-10-29 01:17:06,544 INFO: check_inputs - L2 trigger value: -1.0
2024-10-29 01:17:06,555 INFO: check_inputs - Button states: {'square': False, 'x': False, 'circle': False, 'triangle': False, 'l1': False, 'r1': False, 'l2': False, 'r2': False, 'share': False, 'options': False, 'l3': False, 'r3': False, 'ps': False}
2024-10-29 01:17:06,555 INFO: check_inputs - D-pad inputs: {'dpad_up': False, 'dpad_down': False, 'dpad_left': False, 'dpad_right': False}
2024-10-29 01:17:06,556 INFO: check_inputs - L2 trigger value: -1.0
2024-10-29 01:17:06,567 INFO: check_inputs - Button states: {'square': False, 'x': False, 'circle': False, 'triangle': False, 'l1': False, 'r1': False, 'l2': False, 'r2': False, 'share': False, 'options': False, 'l3': False, 'r3': False, 'ps': False}
2024-10-29 01:17:06,567 INFO: check_inputs - D-pad inputs: {'dpad_up': False, 'dpad_down': False, 'dpad_left': False, 'dpad_right': False}
2024-10-29 01:17:06,568 INFO: check_inputs - L2 trigger value: -1.0
2024-10-29 01:17:06,578 INFO: check_inputs - Button states: {'square': False, 'x': False, 'circle': False, 'triangle': False, 'l1': False, 'r1': False, 'l2': False, 'r2': False, 'share': False, 'options': False, 'l3': False, 'r3': False, 'ps': False}
2024-10-29 01:17:06,579 INFO: check_inputs - D-pad inputs: {'dpad_up': False, 'dpad_down': False, 'dpad_left': False, 'dpad_right': False}
2024-10-29 01:17:06,579 INFO: check_inputs - L2 trigger value: -1.0
2024-10-29 01:17:06,590 INFO: check_inputs - Button states: {'square': False, 'x': False, 'circle': False, 'triangle': False, 'l1': False, 'r1': False, 'l2': False, 'r2': False, 'share': False, 'options': False, 'l3': False, 'r3': False, 'ps': False}
2024-10-29 01:17:06,590 INFO: check_inputs - D-pad inputs: {'dpad_up': False, 'dpad_down': False, 'dpad_left': False, 'dpad_right': False}
2024-10-29 01:17:06,591 INFO: check_inputs - L2 trigger value: -1.0
2024-10-29 01:17:06,602 INFO: check_inputs - Button states: {'square': False, 'x': False, 'circle': False, 'triangle': False, 'l1': False, 'r1': False, 'l2': False, 'r2': False, 'share': False, 'options': False, 'l3': False, 'r3': False, 'ps': False}
2024-10-29 01:17:06,602 INFO: check_inputs - D-pad inputs: {'dpad_up': False, 'dpad_down': False, 'dpad_left': False, 'dpad_right': False}
2024-10-29 01:17:06,603 INFO: check_inputs - L2 trigger value: -1.0
2024-10-29 01:17:06,614 INFO: check_inputs - Button states: {'square': False, 'x': False, 'circle': False, 'triangle': False, 'l1': False, 'r1': False, 'l2': False, 'r2': False, 'share': False, 'options': False, 'l3': False, 'r3': False, 'ps': False}
2024-10-29 01:17:06,614 INFO: check_inputs - D-pad inputs: {'dpad_up': False, 'dpad_down': False, 'dpad_left': False, 'dpad_right': False}
2024-10-29 01:17:06,615 INFO: check_inputs - L2 trigger value: -1.0
2024-10-29 01:17:06,625 INFO: check_inputs - Button states: {'square': False, 'x': False, 'circle': False, 'triangle': False, 'l1': False, 'r1': False, 'l2': False, 'r2': False, 'share': False, 'options': False, 'l3': False, 'r3': False, 'ps': False}
2024-10-29 01:17:06,626 INFO: check_inputs - D-pad inputs: {'dpad_up': False, 'dpad_down': False, 'dpad_left': False, 'dpad_right': False}
2024-10-29 01:17:06,626 INFO: check_inputs - L2 trigger value: -1.0
2024-10-29 01:17:07,903 INFO: check_inputs - Button states: {'square': False, 'x': False, 'circle': False, 'triangle': False, 'l1': False, 'r1': False, 'l2': False, 'r2': True, 'share': False, 'options': False, 'l3': False, 'r3': False, 'ps': False}
2024-10-29 01:17:07,904 INFO: check_inputs - D-pad inputs: {'dpad_up': False, 'dpad_down': False, 'dpad_left': False, 'dpad_right': False}
2024-10-29 01:17:07,905 INFO: check_inputs - L2 trigger value: -1.0
2024-10-29 01:17:07,915 INFO: check_inputs - Button states: {'square': False, 'x': False, 'circle': False, 'triangle': False, 'l1': False, 'r1': False, 'l2': False, 'r2': False, 'share': False, 'options': False, 'l3': False, 'r3': False, 'ps': False}
2024-10-29 01:17:07,916 INFO: check_inputs - D-pad inputs: {'dpad_up': False, 'dpad_down': False, 'dpad_left': False, 'dpad_right': False}
2024-10-29 01:17:07,917 INFO: check_inputs - L2 trigger value: -1.0
2024-10-29 01:17:07,928 INFO: check_inputs - Button states: {'square': False, 'x': False, 'circle': False, 'triangle': False, 'l1': False, 'r1': False, 'l2': False, 'r2': False, 'share': False, 'options': False, 'l3': False, 'r3': False, 'ps': False}
2024-10-29 01:17:07,928 INFO: check_inputs - D-pad inputs: {'dpad_up': False, 'dpad_down': False, 'dpad_left': False, 'dpad_right': False}
2024-10-29 01:17:07,928 INFO: check_inputs - L2 trigger value: -1.0
2024-10-29 01:17:07,939 INFO: check_inputs - Button states: {'square': False, 'x': False, 'circle': False, 'triangle': False, 'l1': False, 'r1': False, 'l2': False, 'r2': False, 'share': False, 'options': False, 'l3': False, 'r3': False, 'ps': False}
2024-10-29 01:17:07,940 INFO: check_inputs - D-pad inputs: {'dpad_up': False, 'dpad_down': False, 'dpad_left': False, 'dpad_right': False}
2024-10-29 01:17:07,940 INFO: check_inputs - L2 trigger value: -1.0
2024-10-29 01:17:07,951 INFO: check_inputs - Button states: {'square': False, 'x': False, 'circle': False, 'triangle': False, 'l1': False, 'r1': False, 'l2': False, 'r2': False, 'share': False, 'options': False, 'l3': False, 'r3': False, 'ps': False}
2024-10-29 01:17:07,951 INFO: check_inputs - D-pad inputs: {'dpad_up': False, 'dpad_down': False, 'dpad_left': False, 'dpad_right': False}
2024-10-29 01:17:07,951 INFO: check_inputs - L2 trigger value: -1.0
2024-10-29 01:17:07,962 INFO: check_inputs - Button states: {'square': False, 'x': False, 'circle': False, 'triangle': False, 'l1': False, 'r1': False, 'l2': False, 'r2': False, 'share': False, 'options': False, 'l3': False, 'r3': False, 'ps': False}
2024-10-29 01:17:07,962 INFO: check_inputs - D-pad inputs: {'dpad_up': False, 'dpad_down': False, 'dpad_left': False, 'dpad_right': False}
2024-10-29 01:17:07,963 INFO: check_inputs - L2 trigger value: -1.0
2024-10-29 01:17:07,974 INFO: check_inputs - Button states: {'square': False, 'x': False, 'circle': False, 'triangle': False, 'l1': False, 'r1': False, 'l2': False, 'r2': False, 'share': False, 'options': False, 'l3': False, 'r3': False, 'ps': False}
2024-10-29 01:17:07,974 INFO: check_inputs - D-pad inputs: {'dpad_up': False, 'dpad_down': False, 'dpad_left': False, 'dpad_right': False}
2024-10-29 01:17:07,974 INFO: check_inputs - L2 trigger value: -1.0
2024-10-29 01:17:07,985 INFO: check_inputs - Button states: {'square': False, 'x': False, 'circle': False, 'triangle': False, 'l1': False, 'r1': False, 'l2': False, 'r2': False, 'share': False, 'options': False, 'l3': False, 'r3': False, 'ps': False}
2024-10-29 01:17:07,986 INFO: check_inputs - D-pad inputs: {'dpad_up': False, 'dpad_down': False, 'dpad_left': False, 'dpad_right': False}
2024-10-29 01:17:07,986 INFO: check_inputs - L2 trigger value: -1.0
2024-10-29 01:17:07,997 INFO: check_inputs - Button states: {'square': False, 'x': False, 'circle': False, 'triangle': False, 'l1': False, 'r1': False, 'l2': False, 'r2': False, 'share': False, 'options': False, 'l3': False, 'r3': False, 'ps': False}
2024-10-29 01:17:07,997 INFO: check_inputs - D-pad inputs: {'dpad_up': False, 'dpad_down': False, 'dpad_left': False, 'dpad_right': False}
2024-10-29 01:17:07,998 INFO: check_inputs - L2 trigger value: -1.0
2024-10-29 01:17:09,274 INFO: check_inputs - Button states: {'square': False, 'x': False, 'circle': False, 'triangle': False, 'l1': False, 'r1': False, 'l2': False, 'r2': True, 'share': False, 'options': False, 'l3': False, 'r3': False, 'ps': False}
2024-10-29 01:17:09,275 INFO: check_inputs - D-pad inputs: {'dpad_up': False, 'dpad_down': False, 'dpad_left': False, 'dpad_right': False}
2024-10-29 01:17:09,276 INFO: check_inputs - L2 trigger value: -1.0
2024-10-29 01:17:09,287 INFO: check_inputs - Button states: {'square': False, 'x': False, 'circle': False, 'triangle': False, 'l1': False, 'r1': False, 'l2': False, 'r2': False, 'share': False, 'options': False, 'l3': False, 'r3': False, 'ps': False}
2024-10-29 01:17:09,288 INFO: check_inputs - D-pad inputs: {'dpad_up': False, 'dpad_down': False, 'dpad_left': False, 'dpad_right': False}
2024-10-29 01:17:09,288 INFO: check_inputs - L2 trigger value: -1.0
2024-10-29 01:17:09,299 INFO: check_inputs - Button states: {'square': False, 'x': False, 'circle': False, 'triangle': False, 'l1': False, 'r1': False, 'l2': False, 'r2': False, 'share': False, 'options': False, 'l3': False, 'r3': False, 'ps': False}
2024-10-29 01:17:09,299 INFO: check_inputs - D-pad inputs: {'dpad_up': False, 'dpad_down': False, 'dpad_left': False, 'dpad_right': False}
2024-10-29 01:17:09,300 INFO: check_inputs - L2 trigger value: -1.0
2024-10-29 01:17:09,311 INFO: check_inputs - Button states: {'square': False, 'x': False, 'circle': False, 'triangle': False, 'l1': False, 'r1': False, 'l2': False, 'r2': False, 'share': False, 'options': False, 'l3': False, 'r3': False, 'ps': False}
2024-10-29 01:17:09,311 INFO: check_inputs - D-pad inputs: {'dpad_up': False, 'dpad_down': False, 'dpad_left': False, 'dpad_right': False}
2024-10-29 01:17:09,312 INFO: check_inputs - L2 trigger value: -1.0
2024-10-29 01:17:09,323 INFO: check_inputs - Button states: {'square': False, 'x': False, 'circle': False, 'triangle': False, 'l1': False, 'r1': False, 'l2': False, 'r2': False, 'share': False, 'options': False, 'l3': False, 'r3': False, 'ps': False}
2024-10-29 01:17:09,323 INFO: check_inputs - D-pad inputs: {'dpad_up': False, 'dpad_down': False, 'dpad_left': False, 'dpad_right': False}
2024-10-29 01:17:09,324 INFO: check_inputs - L2 trigger value: -1.0
2024-10-29 01:17:09,334 INFO: check_inputs - Button states: {'square': False, 'x': False, 'circle': False, 'triangle': False, 'l1': False, 'r1': False, 'l2': False, 'r2': False, 'share': False, 'options': False, 'l3': False, 'r3': False, 'ps': False}
2024-10-29 01:17:09,335 INFO: check_inputs - D-pad inputs: {'dpad_up': False, 'dpad_down': False, 'dpad_left': False, 'dpad_right': False}
2024-10-29 01:17:09,335 INFO: check_inputs - L2 trigger value: -1.0
2024-10-29 01:17:09,346 INFO: check_inputs - Button states: {'square': False, 'x': False, 'circle': False, 'triangle': False, 'l1': False, 'r1': False, 'l2': False, 'r2': False, 'share': False, 'options': False, 'l3': False, 'r3': False, 'ps': False}
2024-10-29 01:17:09,347 INFO: check_inputs - D-pad inputs: {'dpad_up': False, 'dpad_down': False, 'dpad_left': False, 'dpad_right': False}
2024-10-29 01:17:09,347 INFO: check_inputs - L2 trigger value: -1.0
2024-10-29 01:17:09,358 INFO: check_inputs - Button states: {'square': False, 'x': False, 'circle': False, 'triangle': False, 'l1': False, 'r1': False, 'l2': False, 'r2': False, 'share': False, 'options': False, 'l3': False, 'r3': False, 'ps': False}
2024-10-29 01:17:09,358 INFO: check_inputs - D-pad inputs: {'dpad_up': False, 'dpad_down': False, 'dpad_left': False, 'dpad_right': False}
2024-10-29 01:17:09,359 INFO: check_inputs - L2 trigger value: -1.0
2024-10-29 01:17:09,370 INFO: check_inputs - Button states: {'square': False, 'x': False, 'circle': False, 'triangle': False, 'l1': False, 'r1': False, 'l2': False, 'r2': False, 'share': False, 'options': False, 'l3': False, 'r3': False, 'ps': False}
2024-10-29 01:17:09,370 INFO: check_inputs - D-pad inputs: {'dpad_up': False, 'dpad_down': False, 'dpad_left': False, 'dpad_right': False}
2024-10-29 01:17:09,371 INFO: check_inputs - L2 trigger value: -1.0
2024-10-29 01:17:10,645 INFO: check_inputs - Button states: {'square': False, 'x': False, 'circle': False, 'triangle': False, 'l1': False, 'r1': False, 'l2': False, 'r2': True, 'share': False, 'options': False, 'l3': False, 'r3': False, 'ps': False}
2024-10-29 01:17:10,646 INFO: check_inputs - D-pad inputs: {'dpad_up': False, 'dpad_down': False, 'dpad_left': False, 'dpad_right': False}
2024-10-29 01:17:10,647 INFO: check_inputs - L2 trigger value: -1.0
2024-10-29 01:17:10,658 INFO: check_inputs - Button states: {'square': False, 'x': False, 'circle': False, 'triangle': False, 'l1': False, 'r1': False, 'l2': False, 'r2': False, 'share': False, 'options': False, 'l3': False, 'r3': False, 'ps': False}
2024-10-29 01:17:10,658 INFO: check_inputs - D-pad inputs: {'dpad_up': False, 'dpad_down': False, 'dpad_left': False, 'dpad_right': False}
2024-10-29 01:17:10,659 INFO: check_inputs - L2 trigger value: -1.0
2024-10-29 01:17:10,669 INFO: check_inputs - Button states: {'square': False, 'x': False, 'circle': False, 'triangle': False, 'l1': False, 'r1': False, 'l2': False, 'r2': False, 'share': False, 'options': False, 'l3': False, 'r3': False, 'ps': False}
2024-10-29 01:17:10,670 INFO: check_inputs - D-pad inputs: {'dpad_up': False, 'dpad_down': False, 'dpad_left': False, 'dpad_right': False}
2024-10-29 01:17:10,670 INFO: check_inputs - L2 trigger value: -1.0
2024-10-29 01:17:10,681 INFO: check_inputs - Button states: {'square': False, 'x': False, 'circle': False, 'triangle': False, 'l1': False, 'r1': False, 'l2': False, 'r2': False, 'share': False, 'options': False, 'l3': False, 'r3': False, 'ps': False}
2024-10-29 01:17:10,682 INFO: check_inputs - D-pad inputs: {'dpad_up': False, 'dpad_down': False, 'dpad_left': False, 'dpad_right': False}
2024-10-29 01:17:10,682 INFO: check_inputs - L2 trigger value: -1.0
2024-10-29 01:17:10,693 INFO: check_inputs - Button states: {'square': False, 'x': False, 'circle': False, 'triangle': False, 'l1': False, 'r1': False, 'l2': False, 'r2': False, 'share': False, 'options': False, 'l3': False, 'r3': False, 'ps': False}
2024-10-29 01:17:10,694 INFO: check_inputs - D-pad inputs: {'dpad_up': False, 'dpad_down': False, 'dpad_left': False, 'dpad_right': False}
2024-10-29 01:17:10,694 INFO: check_inputs - L2 trigger value: -1.0
2024-10-29 01:17:10,705 INFO: check_inputs - Button states: {'square': False, 'x': False, 'circle': False, 'triangle': False, 'l1': False, 'r1': False, 'l2': False, 'r2': False, 'share': False, 'options': False, 'l3': False, 'r3': False, 'ps': False}
2024-10-29 01:17:10,705 INFO: check_inputs - D-pad inputs: {'dpad_up': False, 'dpad_down': False, 'dpad_left': False, 'dpad_right': False}
2024-10-29 01:17:10,706 INFO: check_inputs - L2 trigger value: -1.0
2024-10-29 01:17:10,717 INFO: check_inputs - Button states: {'square': False, 'x': False, 'circle': False, 'triangle': False, 'l1': False, 'r1': False, 'l2': False, 'r2': False, 'share': False, 'options': False, 'l3': False, 'r3': False, 'ps': False}
2024-10-29 01:17:10,717 INFO: check_inputs - D-pad inputs: {'dpad_up': False, 'dpad_down': False, 'dpad_left': False, 'dpad_right': False}
2024-10-29 01:17:10,717 INFO: check_inputs - L2 trigger value: -1.0
2024-10-29 01:17:10,728 INFO: check_inputs - Button states: {'square': False, 'x': False, 'circle': False, 'triangle': False, 'l1': False, 'r1': False, 'l2': False, 'r2': False, 'share': False, 'options': False, 'l3': False, 'r3': False, 'ps': False}
2024-10-29 01:17:10,729 INFO: check_inputs - D-pad inputs: {'dpad_up': False, 'dpad_down': False, 'dpad_left': False, 'dpad_right': False}
2024-10-29 01:17:10,729 INFO: check_inputs - L2 trigger value: -1.0
2024-10-29 01:17:10,740 INFO: check_inputs - Button states: {'square': False, 'x': False, 'circle': False, 'triangle': False, 'l1': False, 'r1': False, 'l2': False, 'r2': False, 'share': False, 'options': False, 'l3': False, 'r3': False, 'ps': False}
2024-10-29 01:17:10,741 INFO: check_inputs - D-pad inputs: {'dpad_up': False, 'dpad_down': False, 'dpad_left': False, 'dpad_right': False}
2024-10-29 01:17:10,741 INFO: check_inputs - L2 trigger value: -1.0
2024-10-29 01:17:12,017 INFO: check_inputs - Button states: {'square': False, 'x': False, 'circle': False, 'triangle': False, 'l1': False, 'r1': False, 'l2': False, 'r2': True, 'share': False, 'options': False, 'l3': False, 'r3': False, 'ps': False}
2024-10-29 01:17:12,018 INFO: check_inputs - D-pad inputs: {'dpad_up': False, 'dpad_down': False, 'dpad_left': False, 'dpad_right': False}
2024-10-29 01:17:12,018 INFO: check_inputs - L2 trigger value: -1.0
2024-10-29 01:17:12,030 INFO: check_inputs - Button states: {'square': False, 'x': False, 'circle': False, 'triangle': False, 'l1': False, 'r1': False, 'l2': False, 'r2': False, 'share': False, 'options': False, 'l3': False, 'r3': False, 'ps': False}
2024-10-29 01:17:12,030 INFO: check_inputs - D-pad inputs: {'dpad_up': False, 'dpad_down': False, 'dpad_left': False, 'dpad_right': False}
2024-10-29 01:17:12,030 INFO: check_inputs - L2 trigger value: -1.0
2024-10-29 01:17:12,041 INFO: check_inputs - Button states: {'square': False, 'x': False, 'circle': False, 'triangle': False, 'l1': False, 'r1': False, 'l2': False, 'r2': False, 'share': False, 'options': False, 'l3': False, 'r3': False, 'ps': False}
2024-10-29 01:17:12,041 INFO: check_inputs - D-pad inputs: {'dpad_up': False, 'dpad_down': False, 'dpad_left': False, 'dpad_right': False}
2024-10-29 01:17:12,042 INFO: check_inputs - L2 trigger value: -1.0
2024-10-29 01:17:12,053 INFO: check_inputs - Button states: {'square': False, 'x': False, 'circle': False, 'triangle': False, 'l1': False, 'r1': False, 'l2': False, 'r2': False, 'share': False, 'options': False, 'l3': False, 'r3': False, 'ps': False}
2024-10-29 01:17:12,053 INFO: check_inputs - D-pad inputs: {'dpad_up': False, 'dpad_down': False, 'dpad_left': False, 'dpad_right': False}
2024-10-29 01:17:12,054 INFO: check_inputs - L2 trigger value: -1.0
2024-10-29 01:17:12,064 INFO: check_inputs - Button states: {'square': False, 'x': False, 'circle': False, 'triangle': False, 'l1': False, 'r1': False, 'l2': False, 'r2': False, 'share': False, 'options': False, 'l3': False, 'r3': False, 'ps': False}
2024-10-29 01:17:12,065 INFO: check_inputs - D-pad inputs: {'dpad_up': False, 'dpad_down': False, 'dpad_left': False, 'dpad_right': False}
2024-10-29 01:17:12,065 INFO: check_inputs - L2 trigger value: -1.0
2024-10-29 01:17:12,075 INFO: check_inputs - Button states: {'square': False, 'x': False, 'circle': False, 'triangle': False, 'l1': False, 'r1': False, 'l2': False, 'r2': False, 'share': False, 'options': False, 'l3': False, 'r3': False, 'ps': False}
2024-10-29 01:17:12,076 INFO: check_inputs - D-pad inputs: {'dpad_up': False, 'dpad_down': False, 'dpad_left': False, 'dpad_right': False}
2024-10-29 01:17:12,076 INFO: check_inputs - L2 trigger value: -1.0
2024-10-29 01:17:12,087 INFO: check_inputs - Button states: {'square': False, 'x': False, 'circle': False, 'triangle': False, 'l1': False, 'r1': False, 'l2': False, 'r2': False, 'share': False, 'options': False, 'l3': False, 'r3': False, 'ps': False}
2024-10-29 01:17:12,087 INFO: check_inputs - D-pad inputs: {'dpad_up': False, 'dpad_down': False, 'dpad_left': False, 'dpad_right': False}
2024-10-29 01:17:12,087 INFO: check_inputs - L2 trigger value: -1.0
2024-10-29 01:17:12,098 INFO: check_inputs - Button states: {'square': False, 'x': False, 'circle': False, 'triangle': False, 'l1': False, 'r1': False, 'l2': False, 'r2': False, 'share': False, 'options': False, 'l3': False, 'r3': False, 'ps': False}
2024-10-29 01:17:12,098 INFO: check_inputs - D-pad inputs: {'dpad_up': False, 'dpad_down': False, 'dpad_left': False, 'dpad_right': False}
2024-10-29 01:17:12,098 INFO: check_inputs - L2 trigger value: -1.0
2024-10-29 01:17:12,109 INFO: check_inputs - Button states: {'square': False, 'x': False, 'circle': False, 'triangle': False, 'l1': False, 'r1': False, 'l2': False, 'r2': False, 'share': False, 'options': False, 'l3': False, 'r3': False, 'ps': False}
2024-10-29 01:17:12,109 INFO: check_inputs - D-pad inputs: {'dpad_up': False, 'dpad_down': False, 'dpad_left': False, 'dpad_right': False}
2024-10-29 01:17:12,109 INFO: check_inputs - L2 trigger value: -1.0
2024-10-29 01:17:13,389 INFO: check_inputs - Button states: {'square': False, 'x': False, 'circle': False, 'triangle': False, 'l1': False, 'r1': False, 'l2': False, 'r2': True, 'share': False, 'options': False, 'l3': False, 'r3': False, 'ps': False}
2024-10-29 01:17:13,390 INFO: check_inputs - D-pad inputs: {'dpad_up': False, 'dpad_down': False, 'dpad_left': False, 'dpad_right': False}
2024-10-29 01:17:13,422 INFO: check_inputs - L2 trigger value: -1.0
2024-10-29 01:17:13,433 INFO: check_inputs - Button states: {'square': False, 'x': False, 'circle': False, 'triangle': False, 'l1': False, 'r1': False, 'l2': False, 'r2': False, 'share': False, 'options': False, 'l3': False, 'r3': False, 'ps': False}
2024-10-29 01:17:13,434 INFO: check_inputs - D-pad inputs: {'dpad_up': False, 'dpad_down': False, 'dpad_left': False, 'dpad_right': False}
2024-10-29 01:17:13,434 INFO: check_inputs - L2 trigger value: -1.0
2024-10-29 01:17:13,445 INFO: check_inputs - Button states: {'square': False, 'x': False, 'circle': False, 'triangle': False, 'l1': False, 'r1': False, 'l2': False, 'r2': False, 'share': False, 'options': False, 'l3': False, 'r3': False, 'ps': False}
2024-10-29 01:17:13,445 INFO: check_inputs - D-pad inputs: {'dpad_up': False, 'dpad_down': False, 'dpad_left': False, 'dpad_right': False}
2024-10-29 01:17:13,446 INFO: check_inputs - L2 trigger value: -1.0
2024-10-29 01:17:13,457 INFO: check_inputs - Button states: {'square': False, 'x': False, 'circle': False, 'triangle': False, 'l1': False, 'r1': False, 'l2': False, 'r2': False, 'share': False, 'options': False, 'l3': False, 'r3': False, 'ps': False}
2024-10-29 01:17:13,457 INFO: check_inputs - D-pad inputs: {'dpad_up': False, 'dpad_down': False, 'dpad_left': False, 'dpad_right': False}
2024-10-29 01:17:13,458 INFO: check_inputs - L2 trigger value: -1.0
2024-10-29 01:17:13,469 INFO: check_inputs - Button states: {'square': False, 'x': False, 'circle': False, 'triangle': False, 'l1': False, 'r1': False, 'l2': False, 'r2': False, 'share': False, 'options': False, 'l3': False, 'r3': False, 'ps': False}
2024-10-29 01:17:13,469 INFO: check_inputs - D-pad inputs: {'dpad_up': False, 'dpad_down': False, 'dpad_left': False, 'dpad_right': False}
2024-10-29 01:17:13,470 INFO: check_inputs - L2 trigger value: -1.0
2024-10-29 01:17:13,480 INFO: check_inputs - Button states: {'square': False, 'x': False, 'circle': False, 'triangle': False, 'l1': False, 'r1': False, 'l2': False, 'r2': False, 'share': False, 'options': False, 'l3': False, 'r3': False, 'ps': False}
2024-10-29 01:17:13,481 INFO: check_inputs - D-pad inputs: {'dpad_up': False, 'dpad_down': False, 'dpad_left': False, 'dpad_right': False}
2024-10-29 01:17:13,481 INFO: check_inputs - L2 trigger value: -1.0
2024-10-29 01:17:14,764 INFO: check_inputs - Button states: {'square': False, 'x': False, 'circle': False, 'triangle': False, 'l1': False, 'r1': False, 'l2': False, 'r2': True, 'share': False, 'options': False, 'l3': False, 'r3': False, 'ps': False}
2024-10-29 01:17:14,765 INFO: check_inputs - D-pad inputs: {'dpad_up': False, 'dpad_down': False, 'dpad_left': False, 'dpad_right': False}
2024-10-29 01:17:14,765 INFO: check_inputs - L2 trigger value: -1.0
2024-10-29 01:17:14,777 INFO: check_inputs - Button states: {'square': False, 'x': False, 'circle': False, 'triangle': False, 'l1': False, 'r1': False, 'l2': False, 'r2': False, 'share': False, 'options': False, 'l3': False, 'r3': False, 'ps': False}
2024-10-29 01:17:14,778 INFO: check_inputs - D-pad inputs: {'dpad_up': False, 'dpad_down': False, 'dpad_left': False, 'dpad_right': False}
2024-10-29 01:17:14,778 INFO: check_inputs - L2 trigger value: -1.0
2024-10-29 01:17:14,788 INFO: check_inputs - Button states: {'square': False, 'x': False, 'circle': False, 'triangle': False, 'l1': False, 'r1': False, 'l2': False, 'r2': False, 'share': False, 'options': False, 'l3': False, 'r3': False, 'ps': False}
2024-10-29 01:17:14,789 INFO: check_inputs - D-pad inputs: {'dpad_up': False, 'dpad_down': False, 'dpad_left': False, 'dpad_right': False}
2024-10-29 01:17:14,789 INFO: check_inputs - L2 trigger value: -1.0
2024-10-29 01:17:14,799 INFO: check_inputs - Button states: {'square': False, 'x': False, 'circle': False, 'triangle': False, 'l1': False, 'r1': False, 'l2': False, 'r2': False, 'share': False, 'options': False, 'l3': False, 'r3': False, 'ps': False}
2024-10-29 01:17:14,800 INFO: check_inputs - D-pad inputs: {'dpad_up': False, 'dpad_down': False, 'dpad_left': False, 'dpad_right': False}
2024-10-29 01:17:14,800 INFO: check_inputs - L2 trigger value: -1.0
2024-10-29 01:17:14,811 INFO: check_inputs - Button states: {'square': False, 'x': False, 'circle': False, 'triangle': False, 'l1': False, 'r1': False, 'l2': False, 'r2': False, 'share': False, 'options': False, 'l3': False, 'r3': False, 'ps': False}
2024-10-29 01:17:14,812 INFO: check_inputs - D-pad inputs: {'dpad_up': False, 'dpad_down': False, 'dpad_left': False, 'dpad_right': False}
2024-10-29 01:17:14,812 INFO: check_inputs - L2 trigger value: -1.0
2024-10-29 01:17:14,823 INFO: check_inputs - Button states: {'square': False, 'x': False, 'circle': False, 'triangle': False, 'l1': False, 'r1': False, 'l2': False, 'r2': False, 'share': False, 'options': False, 'l3': False, 'r3': False, 'ps': False}
2024-10-29 01:17:14,823 INFO: check_inputs - D-pad inputs: {'dpad_up': False, 'dpad_down': False, 'dpad_left': False, 'dpad_right': False}
2024-10-29 01:17:14,823 INFO: check_inputs - L2 trigger value: -1.0
2024-10-29 01:17:14,834 INFO: check_inputs - Button states: {'square': False, 'x': False, 'circle': False, 'triangle': False, 'l1': False, 'r1': False, 'l2': False, 'r2': False, 'share': False, 'options': False, 'l3': False, 'r3': False, 'ps': False}
2024-10-29 01:17:14,835 INFO: check_inputs - D-pad inputs: {'dpad_up': False, 'dpad_down': False, 'dpad_left': False, 'dpad_right': False}
2024-10-29 01:17:14,835 INFO: check_inputs - L2 trigger value: -1.0
2024-10-29 01:17:14,846 INFO: check_inputs - Button states: {'square': False, 'x': False, 'circle': False, 'triangle': False, 'l1': False, 'r1': False, 'l2': False, 'r2': False, 'share': False, 'options': False, 'l3': False, 'r3': False, 'ps': False}
2024-10-29 01:17:14,846 INFO: check_inputs - D-pad inputs: {'dpad_up': False, 'dpad_down': False, 'dpad_left': False, 'dpad_right': False}
2024-10-29 01:17:14,847 INFO: check_inputs - L2 trigger value: -1.0
2024-10-29 01:17:14,858 INFO: check_inputs - Button states: {'square': False, 'x': False, 'circle': False, 'triangle': False, 'l1': False, 'r1': False, 'l2': False, 'r2': False, 'share': False, 'options': False, 'l3': False, 'r3': False, 'ps': False}
2024-10-29 01:17:14,858 INFO: check_inputs - D-pad inputs: {'dpad_up': False, 'dpad_down': False, 'dpad_left': False, 'dpad_right': False}
2024-10-29 01:17:14,858 INFO: check_inputs - L2 trigger value: -1.0
2024-10-29 01:17:16,140 INFO: check_inputs - Button states: {'square': False, 'x': False, 'circle': False, 'triangle': False, 'l1': False, 'r1': False, 'l2': False, 'r2': True, 'share': False, 'options': False, 'l3': False, 'r3': False, 'ps': False}
2024-10-29 01:17:16,140 INFO: check_inputs - D-pad inputs: {'dpad_up': False, 'dpad_down': False, 'dpad_left': False, 'dpad_right': False}
2024-10-29 01:17:16,141 INFO: check_inputs - L2 trigger value: -1.0
2024-10-29 01:17:16,152 INFO: check_inputs - Button states: {'square': False, 'x': False, 'circle': False, 'triangle': False, 'l1': False, 'r1': False, 'l2': False, 'r2': False, 'share': False, 'options': False, 'l3': False, 'r3': False, 'ps': False}
2024-10-29 01:17:16,153 INFO: check_inputs - D-pad inputs: {'dpad_up': False, 'dpad_down': False, 'dpad_left': False, 'dpad_right': False}
2024-10-29 01:17:16,153 INFO: check_inputs - L2 trigger value: -1.0
2024-10-29 01:17:16,164 INFO: check_inputs - Button states: {'square': False, 'x': False, 'circle': False, 'triangle': False, 'l1': False, 'r1': False, 'l2': False, 'r2': False, 'share': False, 'options': False, 'l3': False, 'r3': False, 'ps': False}
2024-10-29 01:17:16,165 INFO: check_inputs - D-pad inputs: {'dpad_up': False, 'dpad_down': False, 'dpad_left': False, 'dpad_right': False}
2024-10-29 01:17:16,165 INFO: check_inputs - L2 trigger value: -1.0
2024-10-29 01:17:16,176 INFO: check_inputs - Button states: {'square': False, 'x': False, 'circle': False, 'triangle': False, 'l1': False, 'r1': False, 'l2': False, 'r2': False, 'share': False, 'options': False, 'l3': False, 'r3': False, 'ps': False}
2024-10-29 01:17:16,176 INFO: check_inputs - D-pad inputs: {'dpad_up': False, 'dpad_down': False, 'dpad_left': False, 'dpad_right': False}
2024-10-29 01:17:16,177 INFO: check_inputs - L2 trigger value: -1.0
2024-10-29 01:17:16,188 INFO: check_inputs - Button states: {'square': False, 'x': False, 'circle': False, 'triangle': False, 'l1': False, 'r1': False, 'l2': False, 'r2': False, 'share': False, 'options': False, 'l3': False, 'r3': False, 'ps': False}
2024-10-29 01:17:16,188 INFO: check_inputs - D-pad inputs: {'dpad_up': False, 'dpad_down': False, 'dpad_left': False, 'dpad_right': False}
2024-10-29 01:17:16,189 INFO: check_inputs - L2 trigger value: -1.0
2024-10-29 01:17:16,200 INFO: check_inputs - Button states: {'square': False, 'x': False, 'circle': False, 'triangle': False, 'l1': False, 'r1': False, 'l2': False, 'r2': False, 'share': False, 'options': False, 'l3': False, 'r3': False, 'ps': False}
2024-10-29 01:17:16,200 INFO: check_inputs - D-pad inputs: {'dpad_up': False, 'dpad_down': False, 'dpad_left': False, 'dpad_right': False}
2024-10-29 01:17:16,200 INFO: check_inputs - L2 trigger value: -1.0
2024-10-29 01:17:16,211 INFO: check_inputs - Button states: {'square': False, 'x': False, 'circle': False, 'triangle': False, 'l1': False, 'r1': False, 'l2': False, 'r2': False, 'share': False, 'options': False, 'l3': False, 'r3': False, 'ps': False}
2024-10-29 01:17:16,212 INFO: check_inputs - D-pad inputs: {'dpad_up': False, 'dpad_down': False, 'dpad_left': False, 'dpad_right': False}
2024-10-29 01:17:16,212 INFO: check_inputs - L2 trigger value: -1.0
2024-10-29 01:17:16,223 INFO: check_inputs - Button states: {'square': False, 'x': False, 'circle': False, 'triangle': False, 'l1': False, 'r1': False, 'l2': False, 'r2': False, 'share': False, 'options': False, 'l3': False, 'r3': False, 'ps': False}
2024-10-29 01:17:16,223 INFO: check_inputs - D-pad inputs: {'dpad_up': False, 'dpad_down': False, 'dpad_left': False, 'dpad_right': False}
2024-10-29 01:17:16,224 INFO: check_inputs - L2 trigger value: -1.0
2024-10-29 01:17:16,235 INFO: check_inputs - Button states: {'square': False, 'x': False, 'circle': False, 'triangle': False, 'l1': False, 'r1': False, 'l2': False, 'r2': False, 'share': False, 'options': False, 'l3': False, 'r3': False, 'ps': False}
2024-10-29 01:17:16,235 INFO: check_inputs - D-pad inputs: {'dpad_up': False, 'dpad_down': False, 'dpad_left': False, 'dpad_right': False}
2024-10-29 01:17:16,236 INFO: check_inputs - L2 trigger value: -1.0
2024-10-29 01:17:17,512 INFO: check_inputs - Button states: {'square': False, 'x': False, 'circle': False, 'triangle': False, 'l1': False, 'r1': False, 'l2': False, 'r2': True, 'share': False, 'options': False, 'l3': False, 'r3': False, 'ps': False}
2024-10-29 01:17:17,512 INFO: check_inputs - D-pad inputs: {'dpad_up': False, 'dpad_down': False, 'dpad_left': False, 'dpad_right': False}
2024-10-29 01:17:17,513 INFO: check_inputs - L2 trigger value: -1.0
2024-10-29 01:17:17,525 INFO: check_inputs - Button states: {'square': False, 'x': False, 'circle': False, 'triangle': False, 'l1': False, 'r1': False, 'l2': False, 'r2': False, 'share': False, 'options': False, 'l3': False, 'r3': False, 'ps': False}
2024-10-29 01:17:17,525 INFO: check_inputs - D-pad inputs: {'dpad_up': False, 'dpad_down': False, 'dpad_left': False, 'dpad_right': False}
2024-10-29 01:17:17,526 INFO: check_inputs - L2 trigger value: -1.0
2024-10-29 01:17:17,527 INFO: Profile velocities set for group Wheg_Group: {1: 43.7, 2: 43.7, 3: 43.7, 4: 43.7, 5: 43.7, 6: 43.7}
2024-10-29 01:17:17,527 INFO: Incrementing motor positions by 360 degrees for group 'Wheg_Group'
2024-10-29 01:17:17,538 INFO: Gait 1 step executed at 10.00RPM, wait for 6.00 seconds
2024-10-29 01:17:17,539 INFO: check_inputs - Button states: {'square': False, 'x': False, 'circle': False, 'triangle': False, 'l1': False, 'r1': False, 'l2': False, 'r2': False, 'share': False, 'options': False, 'l3': False, 'r3': False, 'ps': False}
2024-10-29 01:17:17,539 INFO: check_inputs - D-pad inputs: {'dpad_up': False, 'dpad_down': False, 'dpad_left': False, 'dpad_right': False}
2024-10-29 01:17:17,540 INFO: check_inputs - L2 trigger value: -1.0
2024-10-29 01:17:17,551 INFO: check_inputs - Button states: {'square': False, 'x': False, 'circle': False, 'triangle': False, 'l1': False, 'r1': False, 'l2': False, 'r2': False, 'share': False, 'options': False, 'l3': False, 'r3': False, 'ps': False}
2024-10-29 01:17:17,551 INFO: check_inputs - D-pad inputs: {'dpad_up': False, 'dpad_down': False, 'dpad_left': False, 'dpad_right': False}
2024-10-29 01:17:17,552 INFO: check_inputs - L2 trigger value: -1.0
2024-10-29 01:17:17,563 INFO: check_inputs - Button states: {'square': False, 'x': False, 'circle': False, 'triangle': False, 'l1': False, 'r1': False, 'l2': False, 'r2': False, 'share': False, 'options': False, 'l3': False, 'r3': False, 'ps': False}
2024-10-29 01:17:17,563 INFO: check_inputs - D-pad inputs: {'dpad_up': False, 'dpad_down': False, 'dpad_left': False, 'dpad_right': False}
2024-10-29 01:17:17,564 INFO: check_inputs - L2 trigger value: -1.0
2024-10-29 01:17:17,574 INFO: check_inputs - Button states: {'square': False, 'x': False, 'circle': False, 'triangle': False, 'l1': False, 'r1': False, 'l2': False, 'r2': False, 'share': False, 'options': False, 'l3': False, 'r3': False, 'ps': False}
2024-10-29 01:17:17,575 INFO: check_inputs - D-pad inputs: {'dpad_up': False, 'dpad_down': False, 'dpad_left': False, 'dpad_right': False}
2024-10-29 01:17:17,575 INFO: check_inputs - L2 trigger value: -1.0
2024-10-29 01:17:17,586 INFO: check_inputs - Button states: {'square': False, 'x': False, 'circle': False, 'triangle': False, 'l1': False, 'r1': False, 'l2': False, 'r2': False, 'share': False, 'options': False, 'l3': False, 'r3': False, 'ps': False}
2024-10-29 01:17:17,587 INFO: check_inputs - D-pad inputs: {'dpad_up': False, 'dpad_down': False, 'dpad_left': False, 'dpad_right': False}
2024-10-29 01:17:17,587 INFO: check_inputs - L2 trigger value: -1.0
2024-10-29 01:17:17,598 INFO: check_inputs - Button states: {'square': False, 'x': False, 'circle': False, 'triangle': False, 'l1': False, 'r1': False, 'l2': False, 'r2': False, 'share': False, 'options': False, 'l3': False, 'r3': False, 'ps': False}
2024-10-29 01:17:17,598 INFO: check_inputs - D-pad inputs: {'dpad_up': False, 'dpad_down': False, 'dpad_left': False, 'dpad_right': False}
2024-10-29 01:17:17,598 INFO: check_inputs - L2 trigger value: -1.0
2024-10-29 01:17:17,609 INFO: check_inputs - Button states: {'square': False, 'x': False, 'circle': False, 'triangle': False, 'l1': False, 'r1': False, 'l2': False, 'r2': False, 'share': False, 'options': False, 'l3': False, 'r3': False, 'ps': False}
2024-10-29 01:17:17,610 INFO: check_inputs - D-pad inputs: {'dpad_up': False, 'dpad_down': False, 'dpad_left': False, 'dpad_right': False}
2024-10-29 01:17:17,610 INFO: check_inputs - L2 trigger value: -1.0
2024-10-29 01:17:18,886 INFO: check_inputs - Button states: {'square': False, 'x': False, 'circle': False, 'triangle': False, 'l1': False, 'r1': False, 'l2': False, 'r2': True, 'share': False, 'options': False, 'l3': False, 'r3': False, 'ps': False}
2024-10-29 01:17:18,886 INFO: check_inputs - D-pad inputs: {'dpad_up': False, 'dpad_down': False, 'dpad_left': False, 'dpad_right': False}
2024-10-29 01:17:18,887 INFO: check_inputs - L2 trigger value: -1.0
2024-10-29 01:17:18,898 INFO: check_inputs - Button states: {'square': False, 'x': False, 'circle': False, 'triangle': False, 'l1': False, 'r1': False, 'l2': False, 'r2': False, 'share': False, 'options': False, 'l3': False, 'r3': False, 'ps': False}
2024-10-29 01:17:18,898 INFO: check_inputs - D-pad inputs: {'dpad_up': False, 'dpad_down': False, 'dpad_left': False, 'dpad_right': False}
2024-10-29 01:17:18,898 INFO: check_inputs - L2 trigger value: -1.0
2024-10-29 01:17:18,909 INFO: check_inputs - Button states: {'square': False, 'x': False, 'circle': False, 'triangle': False, 'l1': False, 'r1': False, 'l2': False, 'r2': False, 'share': False, 'options': False, 'l3': False, 'r3': False, 'ps': False}
2024-10-29 01:17:18,910 INFO: check_inputs - D-pad inputs: {'dpad_up': False, 'dpad_down': False, 'dpad_left': False, 'dpad_right': False}
2024-10-29 01:17:18,910 INFO: check_inputs - L2 trigger value: -1.0
2024-10-29 01:17:18,921 INFO: check_inputs - Button states: {'square': False, 'x': False, 'circle': False, 'triangle': False, 'l1': False, 'r1': False, 'l2': False, 'r2': False, 'share': False, 'options': False, 'l3': False, 'r3': False, 'ps': False}
2024-10-29 01:17:18,922 INFO: check_inputs - D-pad inputs: {'dpad_up': False, 'dpad_down': False, 'dpad_left': False, 'dpad_right': False}
2024-10-29 01:17:18,922 INFO: check_inputs - L2 trigger value: -1.0
2024-10-29 01:17:18,933 INFO: check_inputs - Button states: {'square': False, 'x': False, 'circle': False, 'triangle': False, 'l1': False, 'r1': False, 'l2': False, 'r2': False, 'share': False, 'options': False, 'l3': False, 'r3': False, 'ps': False}
2024-10-29 01:17:18,934 INFO: check_inputs - D-pad inputs: {'dpad_up': False, 'dpad_down': False, 'dpad_left': False, 'dpad_right': False}
2024-10-29 01:17:18,934 INFO: check_inputs - L2 trigger value: -1.0
2024-10-29 01:17:18,945 INFO: check_inputs - Button states: {'square': False, 'x': False, 'circle': False, 'triangle': False, 'l1': False, 'r1': False, 'l2': False, 'r2': False, 'share': False, 'options': False, 'l3': False, 'r3': False, 'ps': False}
2024-10-29 01:17:18,945 INFO: check_inputs - D-pad inputs: {'dpad_up': False, 'dpad_down': False, 'dpad_left': False, 'dpad_right': False}
2024-10-29 01:17:18,946 INFO: check_inputs - L2 trigger value: -1.0
2024-10-29 01:17:18,957 INFO: check_inputs - Button states: {'square': False, 'x': False, 'circle': False, 'triangle': False, 'l1': False, 'r1': False, 'l2': False, 'r2': False, 'share': False, 'options': False, 'l3': False, 'r3': False, 'ps': False}
2024-10-29 01:17:18,957 INFO: check_inputs - D-pad inputs: {'dpad_up': False, 'dpad_down': False, 'dpad_left': False, 'dpad_right': False}
2024-10-29 01:17:18,957 INFO: check_inputs - L2 trigger value: -1.0
2024-10-29 01:17:18,968 INFO: check_inputs - Button states: {'square': False, 'x': False, 'circle': False, 'triangle': False, 'l1': False, 'r1': False, 'l2': False, 'r2': False, 'share': False, 'options': False, 'l3': False, 'r3': False, 'ps': False}
2024-10-29 01:17:18,968 INFO: check_inputs - D-pad inputs: {'dpad_up': False, 'dpad_down': False, 'dpad_left': False, 'dpad_right': False}
2024-10-29 01:17:18,968 INFO: check_inputs - L2 trigger value: -1.0
2024-10-29 01:17:18,979 INFO: check_inputs - Button states: {'square': False, 'x': False, 'circle': False, 'triangle': False, 'l1': False, 'r1': False, 'l2': False, 'r2': False, 'share': False, 'options': False, 'l3': False, 'r3': False, 'ps': False}
2024-10-29 01:17:18,980 INFO: check_inputs - D-pad inputs: {'dpad_up': False, 'dpad_down': False, 'dpad_left': False, 'dpad_right': False}
2024-10-29 01:17:18,980 INFO: check_inputs - L2 trigger value: -1.0
2024-10-29 01:17:20,262 INFO: check_inputs - Button states: {'square': False, 'x': False, 'circle': False, 'triangle': False, 'l1': False, 'r1': False, 'l2': False, 'r2': True, 'share': False, 'options': False, 'l3': False, 'r3': False, 'ps': False}
2024-10-29 01:17:20,263 INFO: check_inputs - D-pad inputs: {'dpad_up': False, 'dpad_down': False, 'dpad_left': False, 'dpad_right': False}
2024-10-29 01:17:20,264 INFO: check_inputs - L2 trigger value: -1.0
2024-10-29 01:17:20,275 INFO: check_inputs - Button states: {'square': False, 'x': False, 'circle': False, 'triangle': False, 'l1': False, 'r1': False, 'l2': False, 'r2': False, 'share': False, 'options': False, 'l3': False, 'r3': False, 'ps': False}
2024-10-29 01:17:20,276 INFO: check_inputs - D-pad inputs: {'dpad_up': False, 'dpad_down': False, 'dpad_left': False, 'dpad_right': False}
2024-10-29 01:17:20,276 INFO: check_inputs - L2 trigger value: -1.0
2024-10-29 01:17:20,287 INFO: check_inputs - Button states: {'square': False, 'x': False, 'circle': False, 'triangle': False, 'l1': False, 'r1': False, 'l2': False, 'r2': False, 'share': False, 'options': False, 'l3': False, 'r3': False, 'ps': False}
2024-10-29 01:17:20,288 INFO: check_inputs - D-pad inputs: {'dpad_up': False, 'dpad_down': False, 'dpad_left': False, 'dpad_right': False}
2024-10-29 01:17:20,288 INFO: check_inputs - L2 trigger value: -1.0
2024-10-29 01:17:20,299 INFO: check_inputs - Button states: {'square': False, 'x': False, 'circle': False, 'triangle': False, 'l1': False, 'r1': False, 'l2': False, 'r2': False, 'share': False, 'options': False, 'l3': False, 'r3': False, 'ps': False}
2024-10-29 01:17:20,299 INFO: check_inputs - D-pad inputs: {'dpad_up': False, 'dpad_down': False, 'dpad_left': False, 'dpad_right': False}
2024-10-29 01:17:20,300 INFO: check_inputs - L2 trigger value: -1.0
2024-10-29 01:17:20,311 INFO: check_inputs - Button states: {'square': False, 'x': False, 'circle': False, 'triangle': False, 'l1': False, 'r1': False, 'l2': False, 'r2': False, 'share': False, 'options': False, 'l3': False, 'r3': False, 'ps': False}
2024-10-29 01:17:20,311 INFO: check_inputs - D-pad inputs: {'dpad_up': False, 'dpad_down': False, 'dpad_left': False, 'dpad_right': False}
2024-10-29 01:17:20,311 INFO: check_inputs - L2 trigger value: -1.0
2024-10-29 01:17:20,322 INFO: check_inputs - Button states: {'square': False, 'x': False, 'circle': False, 'triangle': False, 'l1': False, 'r1': False, 'l2': False, 'r2': False, 'share': False, 'options': False, 'l3': False, 'r3': False, 'ps': False}
2024-10-29 01:17:20,323 INFO: check_inputs - D-pad inputs: {'dpad_up': False, 'dpad_down': False, 'dpad_left': False, 'dpad_right': False}
2024-10-29 01:17:20,323 INFO: check_inputs - L2 trigger value: -1.0
2024-10-29 01:17:20,334 INFO: check_inputs - Button states: {'square': False, 'x': False, 'circle': False, 'triangle': False, 'l1': False, 'r1': False, 'l2': False, 'r2': False, 'share': False, 'options': False, 'l3': False, 'r3': False, 'ps': False}
2024-10-29 01:17:20,334 INFO: check_inputs - D-pad inputs: {'dpad_up': False, 'dpad_down': False, 'dpad_left': False, 'dpad_right': False}
2024-10-29 01:17:20,335 INFO: check_inputs - L2 trigger value: -1.0
2024-10-29 01:17:20,346 INFO: check_inputs - Button states: {'square': False, 'x': False, 'circle': False, 'triangle': False, 'l1': False, 'r1': False, 'l2': False, 'r2': False, 'share': False, 'options': False, 'l3': False, 'r3': False, 'ps': False}
2024-10-29 01:17:20,346 INFO: check_inputs - D-pad inputs: {'dpad_up': False, 'dpad_down': False, 'dpad_left': False, 'dpad_right': False}
2024-10-29 01:17:20,347 INFO: check_inputs - L2 trigger value: -1.0
2024-10-29 01:17:20,357 INFO: check_inputs - Button states: {'square': False, 'x': False, 'circle': False, 'triangle': False, 'l1': False, 'r1': False, 'l2': False, 'r2': False, 'share': False, 'options': False, 'l3': False, 'r3': False, 'ps': False}
2024-10-29 01:17:20,358 INFO: check_inputs - D-pad inputs: {'dpad_up': False, 'dpad_down': False, 'dpad_left': False, 'dpad_right': False}
2024-10-29 01:17:20,358 INFO: check_inputs - L2 trigger value: -1.0
2024-10-29 01:17:21,634 INFO: check_inputs - Button states: {'square': False, 'x': False, 'circle': False, 'triangle': False, 'l1': False, 'r1': False, 'l2': False, 'r2': True, 'share': False, 'options': False, 'l3': False, 'r3': False, 'ps': False}
2024-10-29 01:17:21,635 INFO: check_inputs - D-pad inputs: {'dpad_up': False, 'dpad_down': False, 'dpad_left': False, 'dpad_right': False}
2024-10-29 01:17:21,636 INFO: check_inputs - L2 trigger value: -1.0
2024-10-29 01:17:21,647 INFO: check_inputs - Button states: {'square': False, 'x': False, 'circle': False, 'triangle': False, 'l1': False, 'r1': False, 'l2': False, 'r2': False, 'share': False, 'options': False, 'l3': False, 'r3': False, 'ps': False}
2024-10-29 01:17:21,648 INFO: check_inputs - D-pad inputs: {'dpad_up': False, 'dpad_down': False, 'dpad_left': False, 'dpad_right': False}
2024-10-29 01:17:21,648 INFO: check_inputs - L2 trigger value: -1.0
2024-10-29 01:17:21,658 INFO: check_inputs - Button states: {'square': False, 'x': False, 'circle': False, 'triangle': False, 'l1': False, 'r1': False, 'l2': False, 'r2': False, 'share': False, 'options': False, 'l3': False, 'r3': False, 'ps': False}
2024-10-29 01:17:21,659 INFO: check_inputs - D-pad inputs: {'dpad_up': False, 'dpad_down': False, 'dpad_left': False, 'dpad_right': False}
2024-10-29 01:17:21,659 INFO: check_inputs - L2 trigger value: -1.0
2024-10-29 01:17:21,669 INFO: check_inputs - Button states: {'square': False, 'x': False, 'circle': False, 'triangle': False, 'l1': False, 'r1': False, 'l2': False, 'r2': False, 'share': False, 'options': False, 'l3': False, 'r3': False, 'ps': False}
2024-10-29 01:17:21,670 INFO: check_inputs - D-pad inputs: {'dpad_up': False, 'dpad_down': False, 'dpad_left': False, 'dpad_right': False}
2024-10-29 01:17:21,670 INFO: check_inputs - L2 trigger value: -1.0
2024-10-29 01:17:21,681 INFO: check_inputs - Button states: {'square': False, 'x': False, 'circle': False, 'triangle': False, 'l1': False, 'r1': False, 'l2': False, 'r2': False, 'share': False, 'options': False, 'l3': False, 'r3': False, 'ps': False}
2024-10-29 01:17:21,682 INFO: check_inputs - D-pad inputs: {'dpad_up': False, 'dpad_down': False, 'dpad_left': False, 'dpad_right': False}
2024-10-29 01:17:21,682 INFO: check_inputs - L2 trigger value: -1.0
2024-10-29 01:17:21,693 INFO: check_inputs - Button states: {'square': False, 'x': False, 'circle': False, 'triangle': False, 'l1': False, 'r1': False, 'l2': False, 'r2': False, 'share': False, 'options': False, 'l3': False, 'r3': False, 'ps': False}
2024-10-29 01:17:21,693 INFO: check_inputs - D-pad inputs: {'dpad_up': False, 'dpad_down': False, 'dpad_left': False, 'dpad_right': False}
2024-10-29 01:17:21,694 INFO: check_inputs - L2 trigger value: -1.0
2024-10-29 01:17:21,705 INFO: check_inputs - Button states: {'square': False, 'x': False, 'circle': False, 'triangle': False, 'l1': False, 'r1': False, 'l2': False, 'r2': False, 'share': False, 'options': False, 'l3': False, 'r3': False, 'ps': False}
2024-10-29 01:17:21,705 INFO: check_inputs - D-pad inputs: {'dpad_up': False, 'dpad_down': False, 'dpad_left': False, 'dpad_right': False}
2024-10-29 01:17:21,705 INFO: check_inputs - L2 trigger value: -1.0
2024-10-29 01:17:21,716 INFO: check_inputs - Button states: {'square': False, 'x': False, 'circle': False, 'triangle': False, 'l1': False, 'r1': False, 'l2': False, 'r2': False, 'share': False, 'options': False, 'l3': False, 'r3': False, 'ps': False}
2024-10-29 01:17:21,716 INFO: check_inputs - D-pad inputs: {'dpad_up': False, 'dpad_down': False, 'dpad_left': False, 'dpad_right': False}
2024-10-29 01:17:21,717 INFO: check_inputs - L2 trigger value: -1.0
2024-10-29 01:17:21,728 INFO: check_inputs - Button states: {'square': False, 'x': False, 'circle': False, 'triangle': False, 'l1': False, 'r1': False, 'l2': False, 'r2': False, 'share': False, 'options': False, 'l3': False, 'r3': False, 'ps': False}
2024-10-29 01:17:21,728 INFO: check_inputs - D-pad inputs: {'dpad_up': False, 'dpad_down': False, 'dpad_left': False, 'dpad_right': False}
2024-10-29 01:17:21,729 INFO: check_inputs - L2 trigger value: -1.0
2024-10-29 01:17:23,007 INFO: check_inputs - Button states: {'square': False, 'x': False, 'circle': False, 'triangle': False, 'l1': False, 'r1': False, 'l2': False, 'r2': True, 'share': False, 'options': False, 'l3': False, 'r3': False, 'ps': False}
2024-10-29 01:17:23,008 INFO: check_inputs - D-pad inputs: {'dpad_up': False, 'dpad_down': False, 'dpad_left': False, 'dpad_right': False}
2024-10-29 01:17:23,009 INFO: check_inputs - L2 trigger value: -1.0
2024-10-29 01:17:23,020 INFO: check_inputs - Button states: {'square': False, 'x': False, 'circle': False, 'triangle': False, 'l1': False, 'r1': False, 'l2': False, 'r2': False, 'share': False, 'options': False, 'l3': False, 'r3': False, 'ps': False}
2024-10-29 01:17:23,020 INFO: check_inputs - D-pad inputs: {'dpad_up': False, 'dpad_down': False, 'dpad_left': False, 'dpad_right': False}
2024-10-29 01:17:23,020 INFO: check_inputs - L2 trigger value: -1.0
2024-10-29 01:17:23,031 INFO: check_inputs - Button states: {'square': False, 'x': False, 'circle': False, 'triangle': False, 'l1': False, 'r1': False, 'l2': False, 'r2': False, 'share': False, 'options': False, 'l3': False, 'r3': False, 'ps': False}
2024-10-29 01:17:23,031 INFO: check_inputs - D-pad inputs: {'dpad_up': False, 'dpad_down': False, 'dpad_left': False, 'dpad_right': False}
2024-10-29 01:17:23,031 INFO: check_inputs - L2 trigger value: -1.0
2024-10-29 01:17:23,042 INFO: check_inputs - Button states: {'square': False, 'x': False, 'circle': False, 'triangle': False, 'l1': False, 'r1': False, 'l2': False, 'r2': False, 'share': False, 'options': False, 'l3': False, 'r3': False, 'ps': False}
2024-10-29 01:17:23,043 INFO: check_inputs - D-pad inputs: {'dpad_up': False, 'dpad_down': False, 'dpad_left': False, 'dpad_right': False}
2024-10-29 01:17:23,043 INFO: check_inputs - L2 trigger value: -1.0
2024-10-29 01:17:23,054 INFO: check_inputs - Button states: {'square': False, 'x': False, 'circle': False, 'triangle': False, 'l1': False, 'r1': False, 'l2': False, 'r2': False, 'share': False, 'options': False, 'l3': False, 'r3': False, 'ps': False}
2024-10-29 01:17:23,055 INFO: check_inputs - D-pad inputs: {'dpad_up': False, 'dpad_down': False, 'dpad_left': False, 'dpad_right': False}
2024-10-29 01:17:23,055 INFO: check_inputs - L2 trigger value: -1.0
2024-10-29 01:17:23,066 INFO: check_inputs - Button states: {'square': False, 'x': False, 'circle': False, 'triangle': False, 'l1': False, 'r1': False, 'l2': False, 'r2': False, 'share': False, 'options': False, 'l3': False, 'r3': False, 'ps': False}
2024-10-29 01:17:23,066 INFO: check_inputs - D-pad inputs: {'dpad_up': False, 'dpad_down': False, 'dpad_left': False, 'dpad_right': False}
2024-10-29 01:17:23,067 INFO: check_inputs - L2 trigger value: -1.0
2024-10-29 01:17:23,077 INFO: check_inputs - Button states: {'square': False, 'x': False, 'circle': False, 'triangle': False, 'l1': False, 'r1': False, 'l2': False, 'r2': False, 'share': False, 'options': False, 'l3': False, 'r3': False, 'ps': False}
2024-10-29 01:17:23,078 INFO: check_inputs - D-pad inputs: {'dpad_up': False, 'dpad_down': False, 'dpad_left': False, 'dpad_right': False}
2024-10-29 01:17:23,078 INFO: check_inputs - L2 trigger value: -1.0
2024-10-29 01:17:23,089 INFO: check_inputs - Button states: {'square': False, 'x': False, 'circle': False, 'triangle': False, 'l1': False, 'r1': False, 'l2': False, 'r2': False, 'share': False, 'options': False, 'l3': False, 'r3': False, 'ps': False}
2024-10-29 01:17:23,090 INFO: check_inputs - D-pad inputs: {'dpad_up': False, 'dpad_down': False, 'dpad_left': False, 'dpad_right': False}
2024-10-29 01:17:23,090 INFO: check_inputs - L2 trigger value: -1.0
2024-10-29 01:17:23,101 INFO: check_inputs - Button states: {'square': False, 'x': False, 'circle': False, 'triangle': False, 'l1': False, 'r1': False, 'l2': False, 'r2': False, 'share': False, 'options': False, 'l3': False, 'r3': False, 'ps': False}
2024-10-29 01:17:23,102 INFO: check_inputs - D-pad inputs: {'dpad_up': False, 'dpad_down': False, 'dpad_left': False, 'dpad_right': False}
2024-10-29 01:17:23,102 INFO: check_inputs - L2 trigger value: -1.0
2024-10-29 01:17:24,377 INFO: check_inputs - Button states: {'square': False, 'x': False, 'circle': False, 'triangle': False, 'l1': False, 'r1': False, 'l2': False, 'r2': True, 'share': False, 'options': False, 'l3': False, 'r3': False, 'ps': False}
2024-10-29 01:17:24,379 INFO: check_inputs - D-pad inputs: {'dpad_up': False, 'dpad_down': False, 'dpad_left': False, 'dpad_right': False}
2024-10-29 01:17:24,379 INFO: check_inputs - L2 trigger value: -1.0
2024-10-29 01:17:24,390 INFO: check_inputs - Button states: {'square': False, 'x': False, 'circle': False, 'triangle': False, 'l1': False, 'r1': False, 'l2': False, 'r2': False, 'share': False, 'options': False, 'l3': False, 'r3': False, 'ps': False}
2024-10-29 01:17:24,390 INFO: check_inputs - D-pad inputs: {'dpad_up': False, 'dpad_down': False, 'dpad_left': False, 'dpad_right': False}
2024-10-29 01:17:24,391 INFO: check_inputs - L2 trigger value: -1.0
2024-10-29 01:17:24,392 INFO: Profile velocities set for group Wheg_Group: {1: 65.55, 2: 65.55, 3: 65.55, 4: 65.55, 5: 65.55, 6: 65.55}
2024-10-29 01:17:24,392 INFO: Incrementing motor positions by 360 degrees for group 'Wheg_Group'
2024-10-29 01:17:24,403 INFO: Gait 1 step executed at 15.00RPM, wait for 4.00 seconds
2024-10-29 01:17:24,404 INFO: check_inputs - Button states: {'square': False, 'x': False, 'circle': False, 'triangle': False, 'l1': False, 'r1': False, 'l2': False, 'r2': False, 'share': False, 'options': False, 'l3': False, 'r3': False, 'ps': False}
2024-10-29 01:17:24,404 INFO: check_inputs - D-pad inputs: {'dpad_up': False, 'dpad_down': False, 'dpad_left': False, 'dpad_right': False}
2024-10-29 01:17:24,405 INFO: check_inputs - L2 trigger value: -1.0
2024-10-29 01:17:24,415 INFO: check_inputs - Button states: {'square': False, 'x': False, 'circle': False, 'triangle': False, 'l1': False, 'r1': False, 'l2': False, 'r2': False, 'share': False, 'options': False, 'l3': False, 'r3': False, 'ps': False}
2024-10-29 01:17:24,416 INFO: check_inputs - D-pad inputs: {'dpad_up': False, 'dpad_down': False, 'dpad_left': False, 'dpad_right': False}
2024-10-29 01:17:24,416 INFO: check_inputs - L2 trigger value: -1.0
2024-10-29 01:17:24,427 INFO: check_inputs - Button states: {'square': False, 'x': False, 'circle': False, 'triangle': False, 'l1': False, 'r1': False, 'l2': False, 'r2': False, 'share': False, 'options': False, 'l3': False, 'r3': False, 'ps': False}
2024-10-29 01:17:24,428 INFO: check_inputs - D-pad inputs: {'dpad_up': False, 'dpad_down': False, 'dpad_left': False, 'dpad_right': False}
2024-10-29 01:17:24,428 INFO: check_inputs - L2 trigger value: -1.0
2024-10-29 01:17:24,439 INFO: check_inputs - Button states: {'square': False, 'x': False, 'circle': False, 'triangle': False, 'l1': False, 'r1': False, 'l2': False, 'r2': False, 'share': False, 'options': False, 'l3': False, 'r3': False, 'ps': False}
2024-10-29 01:17:24,439 INFO: check_inputs - D-pad inputs: {'dpad_up': False, 'dpad_down': False, 'dpad_left': False, 'dpad_right': False}
2024-10-29 01:17:24,440 INFO: check_inputs - L2 trigger value: -1.0
2024-10-29 01:17:24,451 INFO: check_inputs - Button states: {'square': False, 'x': False, 'circle': False, 'triangle': False, 'l1': False, 'r1': False, 'l2': False, 'r2': False, 'share': False, 'options': False, 'l3': False, 'r3': False, 'ps': False}
2024-10-29 01:17:24,451 INFO: check_inputs - D-pad inputs: {'dpad_up': False, 'dpad_down': False, 'dpad_left': False, 'dpad_right': False}
2024-10-29 01:17:24,452 INFO: check_inputs - L2 trigger value: -1.0
2024-10-29 01:17:24,463 INFO: check_inputs - Button states: {'square': False, 'x': False, 'circle': False, 'triangle': False, 'l1': False, 'r1': False, 'l2': False, 'r2': False, 'share': False, 'options': False, 'l3': False, 'r3': False, 'ps': False}
2024-10-29 01:17:24,463 INFO: check_inputs - D-pad inputs: {'dpad_up': False, 'dpad_down': False, 'dpad_left': False, 'dpad_right': False}
2024-10-29 01:17:24,464 INFO: check_inputs - L2 trigger value: -1.0
2024-10-29 01:17:24,474 INFO: check_inputs - Button states: {'square': False, 'x': False, 'circle': False, 'triangle': False, 'l1': False, 'r1': False, 'l2': False, 'r2': False, 'share': False, 'options': False, 'l3': False, 'r3': False, 'ps': False}
2024-10-29 01:17:24,475 INFO: check_inputs - D-pad inputs: {'dpad_up': False, 'dpad_down': False, 'dpad_left': False, 'dpad_right': False}
2024-10-29 01:17:24,475 INFO: check_inputs - L2 trigger value: -1.0
2024-10-29 01:17:25,748 INFO: check_inputs - Button states: {'square': False, 'x': False, 'circle': False, 'triangle': False, 'l1': False, 'r1': False, 'l2': False, 'r2': False, 'share': False, 'options': False, 'l3': False, 'r3': False, 'ps': False}
2024-10-29 01:17:25,749 INFO: check_inputs - D-pad inputs: {'dpad_up': False, 'dpad_down': False, 'dpad_left': False, 'dpad_right': False}
2024-10-29 01:17:25,750 INFO: check_inputs - L2 trigger value: -1.0
2024-10-29 01:17:25,761 INFO: check_inputs - Button states: {'square': False, 'x': False, 'circle': False, 'triangle': False, 'l1': False, 'r1': False, 'l2': False, 'r2': False, 'share': False, 'options': False, 'l3': False, 'r3': False, 'ps': False}
2024-10-29 01:17:25,762 INFO: check_inputs - D-pad inputs: {'dpad_up': False, 'dpad_down': False, 'dpad_left': False, 'dpad_right': False}
2024-10-29 01:17:25,762 INFO: check_inputs - L2 trigger value: -1.0
2024-10-29 01:17:25,773 INFO: check_inputs - Button states: {'square': False, 'x': False, 'circle': False, 'triangle': False, 'l1': False, 'r1': False, 'l2': False, 'r2': False, 'share': False, 'options': False, 'l3': False, 'r3': False, 'ps': False}
2024-10-29 01:17:25,774 INFO: check_inputs - D-pad inputs: {'dpad_up': False, 'dpad_down': False, 'dpad_left': False, 'dpad_right': False}
2024-10-29 01:17:25,774 INFO: check_inputs - L2 trigger value: -1.0
2024-10-29 01:17:25,785 INFO: check_inputs - Button states: {'square': False, 'x': False, 'circle': False, 'triangle': False, 'l1': False, 'r1': False, 'l2': False, 'r2': False, 'share': False, 'options': False, 'l3': False, 'r3': False, 'ps': False}
2024-10-29 01:17:25,786 INFO: check_inputs - D-pad inputs: {'dpad_up': False, 'dpad_down': False, 'dpad_left': False, 'dpad_right': False}
2024-10-29 01:17:25,786 INFO: check_inputs - L2 trigger value: -1.0
2024-10-29 01:17:25,797 INFO: check_inputs - Button states: {'square': False, 'x': False, 'circle': False, 'triangle': False, 'l1': False, 'r1': False, 'l2': False, 'r2': False, 'share': False, 'options': False, 'l3': False, 'r3': False, 'ps': False}
2024-10-29 01:17:25,798 INFO: check_inputs - D-pad inputs: {'dpad_up': False, 'dpad_down': False, 'dpad_left': False, 'dpad_right': False}
2024-10-29 01:17:25,798 INFO: check_inputs - L2 trigger value: -1.0
2024-10-29 01:17:25,809 INFO: check_inputs - Button states: {'square': False, 'x': False, 'circle': False, 'triangle': False, 'l1': False, 'r1': False, 'l2': False, 'r2': False, 'share': False, 'options': False, 'l3': False, 'r3': False, 'ps': False}
2024-10-29 01:17:25,809 INFO: check_inputs - D-pad inputs: {'dpad_up': False, 'dpad_down': False, 'dpad_left': False, 'dpad_right': False}
2024-10-29 01:17:25,810 INFO: check_inputs - L2 trigger value: -1.0
2024-10-29 01:17:25,820 INFO: check_inputs - Button states: {'square': False, 'x': False, 'circle': False, 'triangle': False, 'l1': False, 'r1': False, 'l2': False, 'r2': False, 'share': False, 'options': False, 'l3': False, 'r3': False, 'ps': False}
2024-10-29 01:17:25,821 INFO: check_inputs - D-pad inputs: {'dpad_up': False, 'dpad_down': False, 'dpad_left': False, 'dpad_right': False}
2024-10-29 01:17:25,822 INFO: check_inputs - L2 trigger value: -1.0
2024-10-29 01:17:25,832 INFO: check_inputs - Button states: {'square': False, 'x': False, 'circle': False, 'triangle': False, 'l1': False, 'r1': False, 'l2': False, 'r2': False, 'share': False, 'options': False, 'l3': False, 'r3': False, 'ps': False}
2024-10-29 01:17:25,833 INFO: check_inputs - D-pad inputs: {'dpad_up': False, 'dpad_down': False, 'dpad_left': False, 'dpad_right': False}
2024-10-29 01:17:25,833 INFO: check_inputs - L2 trigger value: -1.0
2024-10-29 01:17:25,844 INFO: check_inputs - Button states: {'square': False, 'x': False, 'circle': False, 'triangle': False, 'l1': False, 'r1': False, 'l2': False, 'r2': False, 'share': False, 'options': False, 'l3': False, 'r3': False, 'ps': False}
2024-10-29 01:17:25,844 INFO: check_inputs - D-pad inputs: {'dpad_up': False, 'dpad_down': False, 'dpad_left': False, 'dpad_right': False}
2024-10-29 01:17:25,845 INFO: check_inputs - L2 trigger value: -1.0
2024-10-29 01:17:27,123 INFO: check_inputs - Button states: {'square': False, 'x': False, 'circle': False, 'triangle': False, 'l1': False, 'r1': False, 'l2': False, 'r2': False, 'share': False, 'options': False, 'l3': False, 'r3': False, 'ps': False}
2024-10-29 01:17:27,124 INFO: check_inputs - D-pad inputs: {'dpad_up': False, 'dpad_down': False, 'dpad_left': False, 'dpad_right': False}
2024-10-29 01:17:27,124 INFO: check_inputs - L2 trigger value: -1.0
2024-10-29 01:17:27,136 INFO: check_inputs - Button states: {'square': False, 'x': False, 'circle': False, 'triangle': False, 'l1': False, 'r1': False, 'l2': False, 'r2': False, 'share': False, 'options': False, 'l3': False, 'r3': False, 'ps': False}
2024-10-29 01:17:27,136 INFO: check_inputs - D-pad inputs: {'dpad_up': False, 'dpad_down': False, 'dpad_left': False, 'dpad_right': False}
2024-10-29 01:17:27,137 INFO: check_inputs - L2 trigger value: -1.0
2024-10-29 01:17:27,148 INFO: check_inputs - Button states: {'square': False, 'x': False, 'circle': False, 'triangle': False, 'l1': False, 'r1': False, 'l2': False, 'r2': False, 'share': False, 'options': False, 'l3': False, 'r3': False, 'ps': False}
2024-10-29 01:17:27,148 INFO: check_inputs - D-pad inputs: {'dpad_up': False, 'dpad_down': False, 'dpad_left': False, 'dpad_right': False}
2024-10-29 01:17:27,149 INFO: check_inputs - L2 trigger value: -1.0
2024-10-29 01:17:27,159 INFO: check_inputs - Button states: {'square': False, 'x': False, 'circle': False, 'triangle': False, 'l1': False, 'r1': False, 'l2': False, 'r2': False, 'share': False, 'options': False, 'l3': False, 'r3': False, 'ps': False}
2024-10-29 01:17:27,160 INFO: check_inputs - D-pad inputs: {'dpad_up': False, 'dpad_down': False, 'dpad_left': False, 'dpad_right': False}
2024-10-29 01:17:27,160 INFO: check_inputs - L2 trigger value: -1.0
2024-10-29 01:17:27,171 INFO: check_inputs - Button states: {'square': False, 'x': False, 'circle': False, 'triangle': False, 'l1': False, 'r1': False, 'l2': False, 'r2': False, 'share': False, 'options': False, 'l3': False, 'r3': False, 'ps': False}
2024-10-29 01:17:27,171 INFO: check_inputs - D-pad inputs: {'dpad_up': False, 'dpad_down': False, 'dpad_left': False, 'dpad_right': False}
2024-10-29 01:17:27,172 INFO: check_inputs - L2 trigger value: -1.0
2024-10-29 01:17:27,183 INFO: check_inputs - Button states: {'square': False, 'x': False, 'circle': False, 'triangle': False, 'l1': False, 'r1': False, 'l2': False, 'r2': False, 'share': False, 'options': False, 'l3': False, 'r3': False, 'ps': False}
2024-10-29 01:17:27,183 INFO: check_inputs - D-pad inputs: {'dpad_up': False, 'dpad_down': False, 'dpad_left': False, 'dpad_right': False}
2024-10-29 01:17:27,184 INFO: check_inputs - L2 trigger value: -1.0
2024-10-29 01:17:27,195 INFO: check_inputs - Button states: {'square': False, 'x': False, 'circle': False, 'triangle': False, 'l1': False, 'r1': False, 'l2': False, 'r2': False, 'share': False, 'options': False, 'l3': False, 'r3': False, 'ps': False}
2024-10-29 01:17:27,195 INFO: check_inputs - D-pad inputs: {'dpad_up': False, 'dpad_down': False, 'dpad_left': False, 'dpad_right': False}
2024-10-29 01:17:27,195 INFO: check_inputs - L2 trigger value: -1.0
2024-10-29 01:17:27,206 INFO: check_inputs - Button states: {'square': False, 'x': False, 'circle': False, 'triangle': False, 'l1': False, 'r1': False, 'l2': False, 'r2': False, 'share': False, 'options': False, 'l3': False, 'r3': False, 'ps': False}
2024-10-29 01:17:27,207 INFO: check_inputs - D-pad inputs: {'dpad_up': False, 'dpad_down': False, 'dpad_left': False, 'dpad_right': False}
2024-10-29 01:17:27,207 INFO: check_inputs - L2 trigger value: -1.0
2024-10-29 01:17:27,218 INFO: check_inputs - Button states: {'square': False, 'x': False, 'circle': False, 'triangle': False, 'l1': False, 'r1': False, 'l2': False, 'r2': False, 'share': False, 'options': False, 'l3': False, 'r3': False, 'ps': False}
2024-10-29 01:17:27,218 INFO: check_inputs - D-pad inputs: {'dpad_up': False, 'dpad_down': False, 'dpad_left': False, 'dpad_right': False}
2024-10-29 01:17:27,219 INFO: check_inputs - L2 trigger value: -1.0
2024-10-29 01:17:28,494 INFO: Initiating safe shutdown...
2024-10-29 01:17:28,495 INFO: Setting operating mode 'velocity' for group 'All_Motors'
2024-10-29 01:17:28,495 INFO: Disabling torque for group All_Motors
2024-10-29 01:17:28,496 INFO: Enabling torque for group All_Motors
2024-10-29 01:17:28,496 WARNING: Velocity limit 200 exceeds hard limit 100. Limiting to 100.
2024-10-29 01:17:28,497 INFO: Velocity limit set to 100 for group All_Motors
2024-10-29 01:17:28,498 INFO: Enabling torque for group All_Motors
2024-10-29 01:17:28,499 INFO: Target velocities set for group All_Motors: {1: 0, 2: 0, 3: 0, 4: 0, 5: 0, 6: 0, 7: 0, 8: 0}
2024-10-29 01:17:28,499 INFO: Running set_position_group for group 'All_Motors' with positions: 180
2024-10-29 01:17:28,507 WARNING: Motor 1 is not in Position Control Mode. Setting mode now.
2024-10-29 01:17:28,507 INFO: Setting operating mode 'position' for group 'All_Motors'
2024-10-29 01:17:28,508 INFO: Disabling torque for group All_Motors
2024-10-29 01:17:28,509 INFO: Enabling torque for group All_Motors
2024-10-29 01:17:28,509 INFO: Setting the profile velocity for group All_Motors from config.yaml: 5
2024-10-29 01:17:28,510 INFO: Profile velocities set for group All_Motors: {1: 21.85, 2: 21.85, 3: 21.85, 4: 21.85, 5: 21.85, 6: 21.85, 7: 21.85, 8: 21.85}
2024-10-29 01:17:28,511 INFO: Closing PS4Controller and quitting pygame
2024-10-29 01:17:28,603 INFO: Port closed successfully.
2024-10-29 01:17:28,603 INFO: Shutdown complete.
2024-10-29 01:17:28,604 ERROR: Controller connection lost!
2024-10-29 01:17:28,604 ERROR: Controller is disconnected.
