2024-10-29 02:13:49,174 INFO: Initializing PS4Controller
2024-10-29 02:13:49,445 INFO: Configuration loaded successfully
2024-10-29 02:13:49,448 INFO: Port /dev/ttyACM0 opened successfully
2024-10-29 02:13:49,458 INFO: Baudrate set to 1000000
2024-10-29 02:13:49,458 INFO: Control table loaded successfully.
2024-10-29 02:13:49,459 INFO: Motor group 'Pivot_Group' created with motors: [7, 8]
2024-10-29 02:13:49,459 INFO: Motor group 'Wheg_Group' created with motors: [1, 2, 3, 4, 5, 6]
2024-10-29 02:13:49,460 INFO: Motor group 'All_Motors' created with motors: [1, 2, 3, 4, 5, 6, 7, 8]
2024-10-29 02:13:49,460 INFO: Motor group 'Left_Whegs' created with motors: [1, 2, 3]
2024-10-29 02:13:49,461 INFO: Motor group 'Right_Whegs' created with motors: [4, 5, 6]
2024-10-29 02:13:49,461 INFO: Motor group 'Front_Whegs' created with motors: [3, 6]
2024-10-29 02:13:49,461 INFO: Motor group 'Rear_Whegs' created with motors: [1, 4]
2024-10-29 02:13:49,462 INFO: Motor group 'Middle_Whegs' created with motors: [2, 5]
2024-10-29 02:13:49,462 INFO: Motor group 'Two_Right_One_Left' created with motors: [2, 4, 6]
2024-10-29 02:13:49,463 INFO: Motor group 'Two_Left_One_Right' created with motors: [5, 1, 3]
2024-10-29 02:13:49,463 INFO: Initialised PS4 controller, Dynamixel, and Robot State
2024-10-29 02:13:49,629 INFO: Disabling torque for group Right_Whegs
2024-10-29 02:13:49,631 INFO: Drive mode set for group Right_Whegs with reverse_direction=True
2024-10-29 02:13:49,634 INFO: Enabling torque for group Right_Whegs
2024-10-29 02:13:49,639 INFO: Motor 4 drive mode correctly set to reverse
2024-10-29 02:13:49,639 INFO: Motor 5 drive mode correctly set to reverse
2024-10-29 02:13:49,639 INFO: Motor 6 drive mode correctly set to reverse
2024-10-29 02:13:49,640 INFO: Disabling torque for group Left_Whegs
2024-10-29 02:13:49,641 INFO: Drive mode set for group Left_Whegs with reverse_direction=False
2024-10-29 02:13:49,641 INFO: Enabling torque for group Left_Whegs
2024-10-29 02:13:49,646 INFO: Motor 1 drive mode correctly set to normal
2024-10-29 02:13:49,648 INFO: Motor 2 drive mode correctly set to normal
2024-10-29 02:13:49,649 INFO: Motor 3 drive mode correctly set to normal
2024-10-29 02:13:49,649 INFO: Set the right side whegs to reverse direction
2024-10-29 02:13:49,649 INFO: Disabling torque for group Pivot_Group
2024-10-29 02:13:49,651 INFO: Drive mode set for group Pivot_Group with reverse_direction=False
2024-10-29 02:13:49,651 INFO: Enabling torque for group Pivot_Group
2024-10-29 02:13:49,655 INFO: Motor 7 drive mode correctly set to normal
2024-10-29 02:13:49,655 INFO: Motor 8 drive mode correctly set to normal
2024-10-29 02:13:49,656 INFO: Position limits set for group Pivot_Group: min=90째 (ticks=1023), max=270째 (ticks=3071)
2024-10-29 02:13:49,657 INFO: Set position limits for the pivot motors
2024-10-29 02:13:49,658 INFO: Initialising Gait 1
2024-10-29 02:13:49,659 INFO: Running set_position_group for group 'Wheg_Group' with positions: 180
2024-10-29 02:13:49,664 INFO: Running set_position_group for group 'Pivot_Group' with positions: 180
2024-10-29 02:13:49,668 INFO: Initialised Gait 1, waiting for 3 seconds
2024-10-29 02:13:49,669 ERROR: Error controlling pivots: 'dpad_down'
2024-10-29 02:13:50,500 INFO: Initiating safe shutdown...
2024-10-29 02:13:50,500 INFO: Setting operating mode 'velocity' for group 'All_Motors'
2024-10-29 02:13:50,501 INFO: Disabling torque for group All_Motors
2024-10-29 02:13:50,502 INFO: Enabling torque for group All_Motors
2024-10-29 02:13:50,503 WARNING: Velocity limit 200 exceeds hard limit 100. Limiting to 100.
2024-10-29 02:13:50,505 INFO: Velocity limit set to 100 for group All_Motors
2024-10-29 02:13:50,506 INFO: Enabling torque for group All_Motors
2024-10-29 02:13:50,508 INFO: Target velocities set for group All_Motors: {1: 0, 2: 0, 3: 0, 4: 0, 5: 0, 6: 0, 7: 0, 8: 0}
2024-10-29 02:13:50,508 INFO: Running set_position_group for group 'All_Motors' with positions: 180
2024-10-29 02:13:50,524 WARNING: Motor 1 is not in Position Control Mode. Setting mode now.
2024-10-29 02:13:50,524 INFO: Setting operating mode 'position' for group 'All_Motors'
2024-10-29 02:13:50,525 INFO: Disabling torque for group All_Motors
2024-10-29 02:13:50,526 INFO: Enabling torque for group All_Motors
2024-10-29 02:13:50,527 INFO: Setting the profile velocity for group All_Motors from config.yaml: 5
2024-10-29 02:13:50,528 INFO: Profile velocities set for group All_Motors: {1: 21.85, 2: 21.85, 3: 21.85, 4: 21.85, 5: 21.85, 6: 21.85, 7: 21.85, 8: 21.85}
2024-10-29 02:13:50,529 INFO: Closing PS4Controller and quitting pygame
2024-10-29 02:13:50,619 INFO: Port closed successfully.
2024-10-29 02:13:50,620 INFO: Shutdown complete.
2024-10-29 02:13:51,437 INFO: Initializing PS4Controller
2024-10-29 02:13:51,741 INFO: Configuration loaded successfully
2024-10-29 02:13:51,744 INFO: Port /dev/ttyACM0 opened successfully
2024-10-29 02:13:51,754 INFO: Baudrate set to 1000000
2024-10-29 02:13:51,755 INFO: Control table loaded successfully.
2024-10-29 02:13:51,756 INFO: Motor group 'Pivot_Group' created with motors: [7, 8]
2024-10-29 02:13:51,756 INFO: Motor group 'Wheg_Group' created with motors: [1, 2, 3, 4, 5, 6]
2024-10-29 02:13:51,757 INFO: Motor group 'All_Motors' created with motors: [1, 2, 3, 4, 5, 6, 7, 8]
2024-10-29 02:13:51,757 INFO: Motor group 'Left_Whegs' created with motors: [1, 2, 3]
2024-10-29 02:13:51,758 INFO: Motor group 'Right_Whegs' created with motors: [4, 5, 6]
2024-10-29 02:13:51,758 INFO: Motor group 'Front_Whegs' created with motors: [3, 6]
2024-10-29 02:13:51,759 INFO: Motor group 'Rear_Whegs' created with motors: [1, 4]
2024-10-29 02:13:51,760 INFO: Motor group 'Middle_Whegs' created with motors: [2, 5]
2024-10-29 02:13:51,760 INFO: Motor group 'Two_Right_One_Left' created with motors: [2, 4, 6]
2024-10-29 02:13:51,761 INFO: Motor group 'Two_Left_One_Right' created with motors: [5, 1, 3]
2024-10-29 02:13:51,761 INFO: Initialised PS4 controller, Dynamixel, and Robot State
2024-10-29 02:13:51,778 INFO: Disabling torque for group Right_Whegs
2024-10-29 02:13:51,780 INFO: Drive mode set for group Right_Whegs with reverse_direction=True
2024-10-29 02:13:51,781 INFO: Enabling torque for group Right_Whegs
2024-10-29 02:13:51,787 INFO: Motor 4 drive mode correctly set to reverse
2024-10-29 02:13:51,788 INFO: Motor 5 drive mode correctly set to reverse
2024-10-29 02:13:51,788 INFO: Motor 6 drive mode correctly set to reverse
2024-10-29 02:13:51,789 INFO: Disabling torque for group Left_Whegs
2024-10-29 02:13:51,790 INFO: Drive mode set for group Left_Whegs with reverse_direction=False
2024-10-29 02:13:51,790 INFO: Enabling torque for group Left_Whegs
2024-10-29 02:13:51,796 INFO: Motor 1 drive mode correctly set to normal
2024-10-29 02:13:51,798 INFO: Motor 2 drive mode correctly set to normal
2024-10-29 02:13:51,799 INFO: Motor 3 drive mode correctly set to normal
2024-10-29 02:13:51,799 INFO: Set the right side whegs to reverse direction
2024-10-29 02:13:51,800 INFO: Disabling torque for group Pivot_Group
2024-10-29 02:13:51,801 INFO: Drive mode set for group Pivot_Group with reverse_direction=False
2024-10-29 02:13:51,801 INFO: Enabling torque for group Pivot_Group
2024-10-29 02:13:51,805 INFO: Motor 7 drive mode correctly set to normal
2024-10-29 02:13:51,806 INFO: Motor 8 drive mode correctly set to normal
2024-10-29 02:13:51,807 INFO: Position limits set for group Pivot_Group: min=90째 (ticks=1023), max=270째 (ticks=3071)
2024-10-29 02:13:51,808 INFO: Set position limits for the pivot motors
2024-10-29 02:13:51,809 INFO: Initialising Gait 1
2024-10-29 02:13:51,810 INFO: Running set_position_group for group 'Wheg_Group' with positions: 180
2024-10-29 02:13:51,816 INFO: Running set_position_group for group 'Pivot_Group' with positions: 180
2024-10-29 02:13:51,819 INFO: Initialised Gait 1, waiting for 3 seconds
2024-10-29 02:13:51,820 ERROR: Error controlling pivots: 'dpad_down'
2024-10-29 02:13:54,821 INFO: Setting operating mode 'multi_turn' for group 'Wheg_Group'
2024-10-29 02:13:54,822 INFO: Disabling torque for group Wheg_Group
2024-10-29 02:13:54,824 INFO: Enabling torque for group Wheg_Group
2024-10-29 02:13:54,825 INFO: Setting the profile velocity for group Wheg_Group from config.yaml: 10
2024-10-29 02:13:54,826 INFO: Profile velocities set for group Wheg_Group: {1: 43.7, 2: 43.7, 3: 43.7, 4: 43.7, 5: 43.7, 6: 43.7}
2024-10-29 02:13:54,827 INFO: New gait 1 is now active.
2024-10-29 02:14:06,862 INFO: Initiating safe shutdown...
2024-10-29 02:14:06,863 INFO: Setting operating mode 'velocity' for group 'All_Motors'
2024-10-29 02:14:06,864 INFO: Disabling torque for group All_Motors
2024-10-29 02:14:06,865 INFO: Enabling torque for group All_Motors
2024-10-29 02:14:06,866 WARNING: Velocity limit 200 exceeds hard limit 100. Limiting to 100.
2024-10-29 02:14:06,868 INFO: Velocity limit set to 100 for group All_Motors
2024-10-29 02:14:06,868 INFO: Enabling torque for group All_Motors
2024-10-29 02:14:06,870 INFO: Target velocities set for group All_Motors: {1: 0, 2: 0, 3: 0, 4: 0, 5: 0, 6: 0, 7: 0, 8: 0}
2024-10-29 02:14:06,870 INFO: Running set_position_group for group 'All_Motors' with positions: 180
2024-10-29 02:14:06,879 WARNING: Motor 1 is not in Position Control Mode. Setting mode now.
2024-10-29 02:14:06,880 INFO: Setting operating mode 'position' for group 'All_Motors'
2024-10-29 02:14:06,880 INFO: Disabling torque for group All_Motors
2024-10-29 02:14:06,882 INFO: Enabling torque for group All_Motors
2024-10-29 02:14:06,883 INFO: Setting the profile velocity for group All_Motors from config.yaml: 5
2024-10-29 02:14:06,884 INFO: Profile velocities set for group All_Motors: {1: 21.85, 2: 21.85, 3: 21.85, 4: 21.85, 5: 21.85, 6: 21.85, 7: 21.85, 8: 21.85}
2024-10-29 02:14:06,885 INFO: Closing PS4Controller and quitting pygame
2024-10-29 02:14:06,982 INFO: Port closed successfully.
2024-10-29 02:14:06,983 INFO: Shutdown complete.
