2024-10-28 21:28:39,138 INFO: Initializing PS4Controller
2024-10-28 21:28:39,407 INFO: Configuration loaded successfully
2024-10-28 21:28:39,410 INFO: Port /dev/ttyACM0 opened successfully
2024-10-28 21:28:39,420 INFO: Baudrate set to 1000000
2024-10-28 21:28:39,420 INFO: Control table loaded successfully.
2024-10-28 21:28:39,421 INFO: Motor group 'Pivot_Group' created with motors: [7, 8]
2024-10-28 21:28:39,422 INFO: Motor group 'Wheg_Group' created with motors: [1, 2, 3, 4, 5, 6]
2024-10-28 21:28:39,422 INFO: Motor group 'All_Motors' created with motors: [1, 2, 3, 4, 5, 6, 7, 8]
2024-10-28 21:28:39,422 INFO: Motor group 'Left_Whegs' created with motors: [1, 2, 3]
2024-10-28 21:28:39,423 INFO: Motor group 'Right_Whegs' created with motors: [4, 5, 6]
2024-10-28 21:28:39,423 INFO: Motor group 'Front_Whegs' created with motors: [3, 6]
2024-10-28 21:28:39,423 INFO: Motor group 'Rear_Whegs' created with motors: [1, 4]
2024-10-28 21:28:39,424 INFO: Motor group 'Middle_Whegs' created with motors: [2, 5]
2024-10-28 21:28:39,424 INFO: Motor group 'Two_Right_One_Left' created with motors: [2, 4, 6]
2024-10-28 21:28:39,424 INFO: Motor group 'Two_Left_One_Right' created with motors: [5, 1, 3]
2024-10-28 21:28:39,425 INFO: Initialised PS4 controller, Dynamixel, and Robot State
2024-10-28 21:28:39,587 INFO: Initialised Streamlit dashboard
2024-10-28 21:28:39,588 INFO: Disabling torque for group Right_Whegs
2024-10-28 21:28:39,590 INFO: Drive mode set for group Right_Whegs with reverse_direction=True
2024-10-28 21:28:39,592 INFO: Enabling torque for group Right_Whegs
2024-10-28 21:28:39,599 INFO: Motor 4 drive mode correctly set to reverse
2024-10-28 21:28:39,599 INFO: Motor 5 drive mode correctly set to reverse
2024-10-28 21:28:39,600 INFO: Motor 6 drive mode correctly set to reverse
2024-10-28 21:28:39,600 INFO: Disabling torque for group Left_Whegs
2024-10-28 21:28:39,601 INFO: Drive mode set for group Left_Whegs with reverse_direction=False
2024-10-28 21:28:39,601 INFO: Enabling torque for group Left_Whegs
2024-10-28 21:28:39,605 INFO: Motor 1 drive mode correctly set to normal
2024-10-28 21:28:39,606 INFO: Motor 2 drive mode correctly set to normal
2024-10-28 21:28:39,607 INFO: Motor 3 drive mode correctly set to normal
2024-10-28 21:28:39,607 INFO: Set the right side whegs to reverse direction
2024-10-28 21:28:39,608 INFO: Disabling torque for group Pivot_Group
2024-10-28 21:28:39,609 INFO: Drive mode set for group Pivot_Group with reverse_direction=False
2024-10-28 21:28:39,610 INFO: Enabling torque for group Pivot_Group
2024-10-28 21:28:39,614 INFO: Motor 7 drive mode correctly set to normal
2024-10-28 21:28:39,614 INFO: Motor 8 drive mode correctly set to normal
2024-10-28 21:28:39,615 INFO: Position limits set for group Pivot_Group: min=90° (ticks=1023), max=270° (ticks=3071)
2024-10-28 21:28:39,616 INFO: Set position limits for the pivot motors
2024-10-28 21:28:39,617 INFO: Initialising Gait 1
2024-10-28 21:28:39,618 INFO: Running set_position_group for group 'Wheg_Group' with positions: 180
2024-10-28 21:28:39,623 INFO: Running set_position_group for group 'Pivot_Group' with positions: 180
2024-10-28 21:28:39,627 INFO: Initialised Gait 1, waiting for 3 seconds
2024-10-28 21:28:39,688 INFO: Motor     Position (degrees)       Velocity (RPM)      Load (%)  
2024-10-28 21:28:39,688 INFO: 1         179.65                   0.23                1.1       
2024-10-28 21:28:39,689 INFO: 2         179.47                   0.46                1.2       
2024-10-28 21:28:39,690 INFO: 3         179.30                   0.23                1.2       
2024-10-28 21:28:39,690 INFO: 4         179.38                   0.46                1.2       
2024-10-28 21:28:39,690 INFO: 5         179.65                   0.23                1.1       
2024-10-28 21:28:39,691 INFO: 6         179.82                   0.00                0.3       
2024-10-28 21:28:39,691 INFO: 7         179.65                   0.00                1.7       
2024-10-28 21:28:39,692 INFO: 8         180.62                   0.00                -3.5      
2024-10-28 21:28:42,629 INFO: Setting operating mode 'multi_turn' for group 'Wheg_Group'
2024-10-28 21:28:42,629 INFO: Disabling torque for group Wheg_Group
2024-10-28 21:28:42,630 INFO: Enabling torque for group Wheg_Group
2024-10-28 21:28:42,631 INFO: Setting the profile velocity for group Wheg_Group from config.yaml: 10
2024-10-28 21:28:42,632 INFO: Profile velocities set for group Wheg_Group: {1: 43.7, 2: 43.7, 3: 43.7, 4: 43.7, 5: 43.7, 6: 43.7}
2024-10-28 21:28:42,632 INFO: New gait 1 is now active.
2024-10-28 21:28:42,643 INFO: Profile velocities set for group Wheg_Group: {1: 21.85, 2: 21.85, 3: 21.85, 4: 21.85, 5: 21.85, 6: 21.85}
2024-10-28 21:28:42,644 INFO: Incrementing motor positions by 360 degrees for group 'Wheg_Group'
2024-10-28 21:28:42,654 INFO: Gait 1 step executed at 5.00RPM, wait for 12.00 seconds
2024-10-28 21:28:45,448 INFO: Motor     Position (degrees)       Velocity (RPM)      Load (%)  
2024-10-28 21:28:45,448 INFO: 1         257.70                   5.04                1.9       
2024-10-28 21:28:45,449 INFO: 2         256.99                   4.81                2.0       
2024-10-28 21:28:45,449 INFO: 3         257.43                   4.81                2.0       
2024-10-28 21:28:45,450 INFO: 4         257.43                   5.04                2.0       
2024-10-28 21:28:45,450 INFO: 5         257.70                   4.81                1.8       
2024-10-28 21:28:45,450 INFO: 6         257.61                   5.04                1.9       
2024-10-28 21:28:45,451 INFO: 7         179.65                   0.00                1.6       
2024-10-28 21:28:45,451 INFO: 8         180.62                   0.00                -4.5      
2024-10-28 21:28:51,021 INFO: Running set_position_group for group 'Pivot_Group' with positions: {7: 185, 8: 180}
2024-10-28 21:28:51,025 INFO: Front pivot angle set to 185 degrees (ticks: 185)
2024-10-28 21:28:51,026 INFO: Rear pivot angle set to 180 degrees (ticks: 180)
2024-10-28 21:28:51,055 INFO: Motor     Position (degrees)       Velocity (RPM)      Load (%)  
2024-10-28 21:28:51,056 INFO: 1         62.70                    5.04                1.0       
2024-10-28 21:28:51,057 INFO: 2         60.77                    5.04                1.0       
2024-10-28 21:28:51,057 INFO: 3         61.38                    4.81                1.1       
2024-10-28 21:28:51,058 INFO: 4         62.17                    4.81                1.1       
2024-10-28 21:28:51,058 INFO: 5         61.47                    4.81                1.0       
2024-10-28 21:28:51,058 INFO: 6         60.41                    5.27                1.2       
2024-10-28 21:28:51,059 INFO: 7         179.65                   0.00                2.5       
2024-10-28 21:28:51,059 INFO: 8         180.62                   0.00                -4.5      
2024-10-28 21:28:53,826 INFO: Running set_position_group for group 'Pivot_Group' with positions: {7: 190, 8: 180}
2024-10-28 21:28:53,830 INFO: Front pivot angle set to 190 degrees (ticks: 190)
2024-10-28 21:28:53,831 INFO: Rear pivot angle set to 180 degrees (ticks: 180)
2024-10-28 21:28:55,232 INFO: Running set_position_group for group 'Pivot_Group' with positions: {7: 195, 8: 180}
2024-10-28 21:28:55,236 INFO: Front pivot angle set to 195 degrees (ticks: 195)
2024-10-28 21:28:55,236 INFO: Rear pivot angle set to 180 degrees (ticks: 180)
2024-10-28 21:28:55,248 INFO: Profile velocities set for group Wheg_Group: {1: 43.7, 2: 43.7, 3: 43.7, 4: 43.7, 5: 43.7, 6: 43.7}
2024-10-28 21:28:55,248 INFO: Incrementing motor positions by 360 degrees for group 'Wheg_Group'
2024-10-28 21:28:55,259 INFO: Gait 1 step executed at 10.00RPM, wait for 6.00 seconds
2024-10-28 21:28:56,629 INFO: Running set_position_group for group 'Pivot_Group' with positions: {7: 200, 8: 180}
2024-10-28 21:28:56,633 INFO: Front pivot angle set to 200 degrees (ticks: 200)
2024-10-28 21:28:56,633 INFO: Rear pivot angle set to 180 degrees (ticks: 180)
2024-10-28 21:28:56,663 INFO: Motor     Position (degrees)       Velocity (RPM)      Load (%)  
2024-10-28 21:28:56,663 INFO: 1         258.96                   10.08               2.7       
2024-10-28 21:28:56,664 INFO: 2         258.17                   10.08               2.7       
2024-10-28 21:28:56,664 INFO: 3         258.70                   10.08               2.7       
2024-10-28 21:28:56,665 INFO: 4         258.70                   9.85                2.8       
2024-10-28 21:28:56,665 INFO: 5         258.78                   10.08               2.4       
2024-10-28 21:28:56,666 INFO: 6         258.70                   10.08               3.1       
2024-10-28 21:28:56,666 INFO: 7         189.40                   0.00                36.2      
2024-10-28 21:28:56,666 INFO: 8         181.05                   0.00                -7.3      
2024-10-28 21:28:58,031 INFO: Running set_position_group for group 'Pivot_Group' with positions: {7: 205, 8: 180}
2024-10-28 21:28:58,035 INFO: Front pivot angle set to 205 degrees (ticks: 205)
2024-10-28 21:28:58,035 INFO: Rear pivot angle set to 180 degrees (ticks: 180)
2024-10-28 21:28:59,430 INFO: Running set_position_group for group 'Pivot_Group' with positions: {7: 210, 8: 180}
2024-10-28 21:28:59,434 INFO: Front pivot angle set to 210 degrees (ticks: 210)
2024-10-28 21:28:59,434 INFO: Rear pivot angle set to 180 degrees (ticks: 180)
2024-10-28 21:29:00,832 INFO: Running set_position_group for group 'Pivot_Group' with positions: {7: 215, 8: 180}
2024-10-28 21:29:00,836 INFO: Front pivot angle set to 215 degrees (ticks: 215)
2024-10-28 21:29:00,836 INFO: Rear pivot angle set to 180 degrees (ticks: 180)
2024-10-28 21:29:02,234 INFO: Running set_position_group for group 'Pivot_Group' with positions: {7: 220, 8: 180}
2024-10-28 21:29:02,238 INFO: Front pivot angle set to 220 degrees (ticks: 220)
2024-10-28 21:29:02,238 INFO: Rear pivot angle set to 180 degrees (ticks: 180)
2024-10-28 21:29:02,268 INFO: Motor     Position (degrees)       Velocity (RPM)      Load (%)  
2024-10-28 21:29:02,269 INFO: 1         181.03                   0.00                1.1       
2024-10-28 21:29:02,269 INFO: 2         180.86                   0.23                0.2       
2024-10-28 21:29:02,270 INFO: 3         179.89                   0.23                1.2       
2024-10-28 21:29:02,270 INFO: 4         180.95                   0.23                0.4       
2024-10-28 21:29:02,270 INFO: 5         181.21                   0.23                0.0       
2024-10-28 21:29:02,271 INFO: 6         181.47                   0.23                1.0       
2024-10-28 21:29:02,271 INFO: 7         207.69                   0.00                46.9      
2024-10-28 21:29:02,272 INFO: 8         182.37                   0.00                -15.8     
2024-10-28 21:29:02,273 INFO: Profile velocities set for group Wheg_Group: {1: 65.55, 2: 65.55, 3: 65.55, 4: 65.55, 5: 65.55, 6: 65.55}
2024-10-28 21:29:02,273 INFO: Incrementing motor positions by 360 degrees for group 'Wheg_Group'
2024-10-28 21:29:02,284 INFO: Gait 1 step executed at 15.00RPM, wait for 4.00 seconds
2024-10-28 21:29:03,634 INFO: Running set_position_group for group 'Pivot_Group' with positions: {7: 215, 8: 180}
2024-10-28 21:29:03,638 INFO: Front pivot angle set to 215 degrees (ticks: 215)
2024-10-28 21:29:03,638 INFO: Rear pivot angle set to 180 degrees (ticks: 180)
2024-10-28 21:29:06,430 INFO: Running set_position_group for group 'Pivot_Group' with positions: {7: 210, 8: 180}
2024-10-28 21:29:06,434 INFO: Front pivot angle set to 210 degrees (ticks: 210)
2024-10-28 21:29:06,434 INFO: Rear pivot angle set to 180 degrees (ticks: 180)
2024-10-28 21:29:06,446 INFO: Profile velocities set for group Wheg_Group: {1: 87.4, 2: 87.4, 3: 87.4, 4: 87.4, 5: 87.4, 6: 87.4}
2024-10-28 21:29:06,446 INFO: Incrementing motor positions by 360 degrees for group 'Wheg_Group'
2024-10-28 21:29:06,457 INFO: Gait 1 step executed at 20.00RPM, wait for 3.00 seconds
2024-10-28 21:29:07,830 INFO: Running set_position_group for group 'Pivot_Group' with positions: {7: 205, 8: 180}
2024-10-28 21:29:07,834 INFO: Front pivot angle set to 205 degrees (ticks: 205)
2024-10-28 21:29:07,835 INFO: Rear pivot angle set to 180 degrees (ticks: 180)
2024-10-28 21:29:07,865 INFO: Motor     Position (degrees)       Velocity (RPM)      Load (%)  
2024-10-28 21:29:07,865 INFO: 1         343.14                   19.92               3.3       
2024-10-28 21:29:07,866 INFO: 2         341.55                   20.38               3.4       
2024-10-28 21:29:07,866 INFO: 3         341.73                   20.38               3.2       
2024-10-28 21:29:07,867 INFO: 4         342.52                   20.38               3.5       
2024-10-28 21:29:07,867 INFO: 5         342.08                   20.38               3.0       
2024-10-28 21:29:07,867 INFO: 6         341.03                   20.38               4.6       
2024-10-28 21:29:07,868 INFO: 7         207.69                   0.00                13.9      
2024-10-28 21:29:07,869 INFO: 8         182.46                   0.00                -16.4     
2024-10-28 21:29:10,606 INFO: Initiating safe shutdown...
2024-10-28 21:29:10,607 INFO: Setting operating mode 'velocity' for group 'All_Motors'
2024-10-28 21:29:10,608 INFO: Disabling torque for group All_Motors
2024-10-28 21:29:10,609 INFO: Enabling torque for group All_Motors
2024-10-28 21:29:10,610 WARNING: Velocity limit 200 exceeds hard limit 100. Limiting to 100.
2024-10-28 21:29:10,610 INFO: Velocity limit set to 100 for group All_Motors
2024-10-28 21:29:10,611 INFO: Enabling torque for group All_Motors
2024-10-28 21:29:10,612 INFO: Target velocities set for group All_Motors: {1: 0, 2: 0, 3: 0, 4: 0, 5: 0, 6: 0, 7: 0, 8: 0}
2024-10-28 21:29:10,612 INFO: Running set_position_group for group 'All_Motors' with positions: 180
2024-10-28 21:29:10,620 WARNING: Motor 1 is not in Position Control Mode. Setting mode now.
2024-10-28 21:29:10,620 INFO: Setting operating mode 'position' for group 'All_Motors'
2024-10-28 21:29:10,620 INFO: Disabling torque for group All_Motors
2024-10-28 21:29:10,621 INFO: Enabling torque for group All_Motors
2024-10-28 21:29:10,622 INFO: Setting the profile velocity for group All_Motors from config.yaml: 5
2024-10-28 21:29:10,623 INFO: Profile velocities set for group All_Motors: {1: 21.85, 2: 21.85, 3: 21.85, 4: 21.85, 5: 21.85, 6: 21.85, 7: 21.85, 8: 21.85}
2024-10-28 21:29:10,624 INFO: Closing PS4Controller and quitting pygame
2024-10-28 21:29:10,689 INFO: Port closed successfully.
2024-10-28 21:29:10,689 INFO: Shutdown complete.
2024-10-28 21:29:10,690 ERROR: Controller connection lost!
2024-10-28 21:29:10,690 ERROR: Controller is disconnected.
2024-10-28 21:29:10,691 ERROR: Controller connection lost!
2024-10-28 21:29:10,691 ERROR: Controller is disconnected.
2024-10-28 21:29:10,692 ERROR: Controller connection lost!
2024-10-28 21:29:10,692 ERROR: Controller is disconnected.
2024-10-28 21:29:10,693 ERROR: Error while logging robot states: Attempting to use a port that is not open
2024-10-28 21:29:10,693 ERROR: Error controlling pivots: 'NoneType' object is not subscriptable
