2024-10-29 17:51:17,609 INFO: Initializing PS4Controller
2024-10-29 17:51:17,935 INFO: Configuration loaded successfully
2024-10-29 17:51:17,939 INFO: Port /dev/ttyACM0 opened successfully
2024-10-29 17:51:17,949 INFO: Baudrate set to 1000000
2024-10-29 17:51:17,950 INFO: Control table loaded successfully.
2024-10-29 17:51:17,950 INFO: Motor group 'Pivot_Group' created with motors: [7, 8]
2024-10-29 17:51:17,951 INFO: Motor group 'Wheg_Group' created with motors: [1, 2, 3, 4, 5, 6]
2024-10-29 17:51:17,951 INFO: Motor group 'All_Motors' created with motors: [1, 2, 3, 4, 5, 6, 7, 8]
2024-10-29 17:51:17,952 INFO: Motor group 'Left_Whegs' created with motors: [1, 2, 3]
2024-10-29 17:51:17,952 INFO: Motor group 'Right_Whegs' created with motors: [4, 5, 6]
2024-10-29 17:51:17,953 INFO: Motor group 'Front_Whegs' created with motors: [3, 6]
2024-10-29 17:51:17,953 INFO: Motor group 'Rear_Whegs' created with motors: [1, 4]
2024-10-29 17:51:17,954 INFO: Motor group 'Middle_Whegs' created with motors: [2, 5]
2024-10-29 17:51:17,954 INFO: Motor group 'Two_Right_One_Left' created with motors: [2, 4, 6]
2024-10-29 17:51:17,955 INFO: Motor group 'Two_Left_One_Right' created with motors: [5, 1, 3]
2024-10-29 17:51:17,955 INFO: Initialised PS4 controller, Dynamixel, and Robot State
2024-10-29 17:51:18,114 INFO: Disabling torque for group Right_Whegs
2024-10-29 17:51:18,116 INFO: Drive mode set for group Right_Whegs with reverse_direction=True
2024-10-29 17:51:18,116 INFO: Enabling torque for group Right_Whegs
2024-10-29 17:51:18,118 INFO: Setting the profile velocity for group Right_Whegs from config.yaml: None
2024-10-29 17:51:18,121 ERROR: Profile velocity for group Right_Whegs not found in config.yaml and no value was provided.
2024-10-29 17:51:18,123 INFO: Profile velocities set for group Right_Whegs: {4: 21.85, 5: 21.85, 6: 21.85}
2024-10-29 17:51:18,124 INFO: Disabling torque for group Left_Whegs
2024-10-29 17:51:18,126 INFO: Drive mode set for group Left_Whegs with reverse_direction=False
2024-10-29 17:51:18,126 INFO: Enabling torque for group Left_Whegs
2024-10-29 17:51:18,127 INFO: Setting the profile velocity for group Left_Whegs from config.yaml: None
2024-10-29 17:51:18,127 ERROR: Profile velocity for group Left_Whegs not found in config.yaml and no value was provided.
2024-10-29 17:51:18,128 INFO: Profile velocities set for group Left_Whegs: {1: 21.85, 2: 21.85, 3: 21.85}
2024-10-29 17:51:18,129 INFO: Set the right side whegs to reverse direction
2024-10-29 17:51:18,129 INFO: Disabling torque for group Pivot_Group
2024-10-29 17:51:18,130 INFO: Drive mode set for group Pivot_Group with reverse_direction=False
2024-10-29 17:51:18,130 INFO: Enabling torque for group Pivot_Group
2024-10-29 17:51:18,131 INFO: Setting the profile velocity for group Pivot_Group from config.yaml: 4
2024-10-29 17:51:18,131 INFO: Profile velocities set for group Pivot_Group: {7: 17.48, 8: 17.48}
2024-10-29 17:51:18,132 INFO: Position limits set for group Pivot_Group: min=45° (ticks=511), max=315° (ticks=3583)
2024-10-29 17:51:18,132 INFO: Set position limits for the pivot motors
2024-10-29 17:51:18,141 INFO: Initialising Gait 1
2024-10-29 17:51:18,142 INFO: Running set_position_group for group 'Wheg_Group' with positions: 180
2024-10-29 17:51:18,147 INFO: Running set_position_group for group 'Pivot_Group' with positions: 180
2024-10-29 17:51:18,151 INFO: Initialised Gait 1, waiting for 3 seconds
2024-10-29 17:51:18,151 ERROR: Error controlling pivots: 'dpad_down'
2024-10-29 17:51:21,152 INFO: Setting operating mode 'multi_turn' for group 'Wheg_Group'
2024-10-29 17:51:21,152 INFO: Disabling torque for group Wheg_Group
2024-10-29 17:51:21,154 INFO: Enabling torque for group Wheg_Group
2024-10-29 17:51:21,155 INFO: Setting the profile velocity for group Wheg_Group from config.yaml: 10
2024-10-29 17:51:21,156 INFO: Profile velocities set for group Wheg_Group: {1: 43.7, 2: 43.7, 3: 43.7, 4: 43.7, 5: 43.7, 6: 43.7}
2024-10-29 17:51:21,156 INFO: Setting the profile velocity for group Wheg_Group from config.yaml: 10
2024-10-29 17:51:21,157 INFO: Profile velocities set for group Wheg_Group: {1: 43.7, 2: 43.7, 3: 43.7, 4: 43.7, 5: 43.7, 6: 43.7}
2024-10-29 17:51:21,158 INFO: New gait 1 is now active.
2024-10-29 17:51:42,817 INFO: Triangle pressed. Preparing to change to next gait: 2
2024-10-29 17:51:42,827 INFO: Initialising Gait 2
2024-10-29 17:51:42,828 INFO: Running set_position_group for group 'Wheg_Group' with positions: {1: 160, 2: 200, 3: 160, 4: 200, 5: 160, 6: 200}
2024-10-29 17:51:42,833 WARNING: Motor 1 is not in Position Control Mode. Setting mode now.
2024-10-29 17:51:42,834 INFO: Setting operating mode 'position' for group 'Wheg_Group'
2024-10-29 17:51:42,834 INFO: Disabling torque for group Wheg_Group
2024-10-29 17:51:42,835 INFO: Enabling torque for group Wheg_Group
2024-10-29 17:51:42,836 INFO: Setting the profile velocity for group Wheg_Group from config.yaml: 10
2024-10-29 17:51:42,837 INFO: Profile velocities set for group Wheg_Group: {1: 43.7, 2: 43.7, 3: 43.7, 4: 43.7, 5: 43.7, 6: 43.7}
2024-10-29 17:51:42,839 INFO: Setting the profile velocity for group Wheg_Group from config.yaml: 10
2024-10-29 17:51:42,839 INFO: Profile velocities set for group Wheg_Group: {1: 43.7, 2: 43.7, 3: 43.7, 4: 43.7, 5: 43.7, 6: 43.7}
2024-10-29 17:51:42,840 INFO: Running set_position_group for group 'Pivot_Group' with positions: 180
2024-10-29 17:51:42,844 INFO: Initialised Gait 2, waiting for 3 seconds
2024-10-29 17:51:45,849 INFO: Setting operating mode 'multi_turn' for group 'Wheg_Group'
2024-10-29 17:51:45,849 INFO: Disabling torque for group Wheg_Group
2024-10-29 17:51:45,851 INFO: Enabling torque for group Wheg_Group
2024-10-29 17:51:45,853 INFO: Setting the profile velocity for group Wheg_Group from config.yaml: 10
2024-10-29 17:51:45,855 INFO: Profile velocities set for group Wheg_Group: {1: 43.7, 2: 43.7, 3: 43.7, 4: 43.7, 5: 43.7, 6: 43.7}
2024-10-29 17:51:45,856 INFO: Setting the profile velocity for group Wheg_Group from config.yaml: 10
2024-10-29 17:51:45,856 INFO: Profile velocities set for group Wheg_Group: {1: 43.7, 2: 43.7, 3: 43.7, 4: 43.7, 5: 43.7, 6: 43.7}
2024-10-29 17:51:45,857 INFO: New gait 2 is now active.
2024-10-29 17:51:48,719 INFO: Profile velocities set for group Wheg_Group: {1: 8.74, 2: 69.92, 3: 8.74, 4: 69.92, 5: 8.74, 6: 69.92}
2024-10-29 17:51:48,720 INFO: Incrementing motor positions by {1: 40, 2: 320, 3: 40, 4: 320, 5: 40, 6: 320} degrees for group 'Wheg_Group'
2024-10-29 17:51:48,731 INFO: Gait 2 step executed at 2.00RPM, wait for 3.36 seconds
2024-10-29 17:51:52,124 INFO: Profile velocities set for group Wheg_Group: {1: 82.5328271484375, 2: 10.316603393554688, 3: 82.5328271484375, 4: 10.316603393554688, 5: 82.5328271484375, 6: 10.316603393554688}
2024-10-29 17:51:52,125 INFO: Incrementing motor positions by {1: 320, 2: 40, 3: 320, 4: 40, 5: 320, 6: 40} degrees for group 'Wheg_Group'
2024-10-29 17:51:52,135 INFO: Gait 2 step executed at 2.36RPM, wait for 2.85 seconds
2024-10-29 17:51:55,008 INFO: Profile velocities set for group Wheg_Group: {1: 10.830713195800781, 2: 86.64570556640625, 3: 10.830713195800781, 4: 86.64570556640625, 5: 10.830713195800781, 6: 86.64570556640625}
2024-10-29 17:51:55,009 INFO: Incrementing motor positions by {1: 40, 2: 320, 3: 40, 4: 320, 5: 40, 6: 320} degrees for group 'Wheg_Group'
2024-10-29 17:51:55,019 INFO: Gait 2 step executed at 2.48RPM, wait for 2.71 seconds
2024-10-29 17:51:57,759 INFO: Profile velocities set for group Wheg_Group: {1: 85.27474609375, 2: 10.65934326171875, 3: 85.27474609375, 4: 10.65934326171875, 5: 85.27474609375, 6: 10.65934326171875}
2024-10-29 17:51:57,759 INFO: Incrementing motor positions by {1: 320, 2: 40, 3: 320, 4: 40, 5: 320, 6: 40} degrees for group 'Wheg_Group'
2024-10-29 17:51:57,771 INFO: Gait 2 step executed at 2.44RPM, wait for 2.76 seconds
2024-10-29 17:52:00,562 INFO: Profile velocities set for group Wheg_Group: {1: 10.864987182617188, 2: 86.9198974609375, 3: 10.864987182617188, 4: 86.9198974609375, 5: 10.864987182617188, 6: 86.9198974609375}
2024-10-29 17:52:00,563 INFO: Incrementing motor positions by {1: 40, 2: 320, 3: 40, 4: 320, 5: 40, 6: 320} degrees for group 'Wheg_Group'
2024-10-29 17:52:00,574 INFO: Gait 2 step executed at 2.49RPM, wait for 2.71 seconds
2024-10-29 17:52:03,820 INFO: Triangle pressed. Preparing to change to next gait: 3
2024-10-29 17:52:03,830 INFO: Initialsing Gait 3
2024-10-29 17:52:03,830 INFO: Running set_position_group for group 'Wheg_Group' with positions: {1: 200, 2: 160, 3: 160, 4: 200, 5: 160, 6: 160}
2024-10-29 17:52:03,837 WARNING: Motor 1 is not in Position Control Mode. Setting mode now.
2024-10-29 17:52:03,837 INFO: Setting operating mode 'position' for group 'Wheg_Group'
2024-10-29 17:52:03,838 INFO: Disabling torque for group Wheg_Group
2024-10-29 17:52:03,839 INFO: Enabling torque for group Wheg_Group
2024-10-29 17:52:03,840 INFO: Setting the profile velocity for group Wheg_Group from config.yaml: 10
2024-10-29 17:52:03,841 INFO: Profile velocities set for group Wheg_Group: {1: 43.7, 2: 43.7, 3: 43.7, 4: 43.7, 5: 43.7, 6: 43.7}
2024-10-29 17:52:03,841 INFO: Setting the profile velocity for group Wheg_Group from config.yaml: 10
2024-10-29 17:52:03,842 INFO: Profile velocities set for group Wheg_Group: {1: 43.7, 2: 43.7, 3: 43.7, 4: 43.7, 5: 43.7, 6: 43.7}
2024-10-29 17:52:03,843 INFO: Running set_position_group for group 'Pivot_Group' with positions: 180
2024-10-29 17:52:03,846 INFO: Initialised Gait 3, waiting for 3 seconds
2024-10-29 17:52:06,621 INFO: Triangle pressed. Preparing to change to next gait: 3
2024-10-29 17:52:06,848 INFO: Setting operating mode 'multi_turn' for group 'Wheg_Group'
2024-10-29 17:52:06,848 INFO: Disabling torque for group Wheg_Group
2024-10-29 17:52:06,850 INFO: Enabling torque for group Wheg_Group
2024-10-29 17:52:06,850 INFO: Setting the profile velocity for group Wheg_Group from config.yaml: 10
2024-10-29 17:52:06,851 INFO: Profile velocities set for group Wheg_Group: {1: 43.7, 2: 43.7, 3: 43.7, 4: 43.7, 5: 43.7, 6: 43.7}
2024-10-29 17:52:06,851 INFO: Setting the profile velocity for group Wheg_Group from config.yaml: 10
2024-10-29 17:52:06,852 INFO: Profile velocities set for group Wheg_Group: {1: 43.7, 2: 43.7, 3: 43.7, 4: 43.7, 5: 43.7, 6: 43.7}
2024-10-29 17:52:06,853 INFO: New gait 3 is now active.
2024-10-29 17:52:31,952 INFO: Initiating safe shutdown...
2024-10-29 17:52:31,953 INFO: Setting operating mode 'velocity' for group 'All_Motors'
2024-10-29 17:52:31,953 INFO: Disabling torque for group All_Motors
2024-10-29 17:52:31,954 INFO: Enabling torque for group All_Motors
2024-10-29 17:52:31,955 INFO: Setting the profile velocity for group All_Motors from config.yaml: 8
2024-10-29 17:52:31,956 INFO: Profile velocities set for group All_Motors: {1: 34.96, 2: 34.96, 3: 34.96, 4: 34.96, 5: 34.96, 6: 34.96, 7: 34.96, 8: 34.96}
2024-10-29 17:52:31,956 WARNING: Velocity limit 200 exceeds hard limit 100. Limiting to 100.
2024-10-29 17:52:31,957 INFO: Velocity limit set to 100 for group All_Motors
2024-10-29 17:52:31,958 INFO: Enabling torque for group All_Motors
2024-10-29 17:52:31,959 INFO: Setting the profile velocity for group All_Motors from config.yaml: 8
2024-10-29 17:52:31,959 INFO: Profile velocities set for group All_Motors: {1: 34.96, 2: 34.96, 3: 34.96, 4: 34.96, 5: 34.96, 6: 34.96, 7: 34.96, 8: 34.96}
2024-10-29 17:52:31,960 INFO: Target velocities set for group All_Motors: {1: 0, 2: 0, 3: 0, 4: 0, 5: 0, 6: 0, 7: 0, 8: 0}
2024-10-29 17:52:31,960 INFO: Running set_position_group for group 'All_Motors' with positions: 180
2024-10-29 17:52:31,968 WARNING: Motor 1 is not in Position Control Mode. Setting mode now.
2024-10-29 17:52:31,968 INFO: Setting operating mode 'position' for group 'All_Motors'
2024-10-29 17:52:31,969 INFO: Disabling torque for group All_Motors
2024-10-29 17:52:31,970 INFO: Enabling torque for group All_Motors
2024-10-29 17:52:31,970 INFO: Setting the profile velocity for group All_Motors from config.yaml: 8
2024-10-29 17:52:31,971 INFO: Profile velocities set for group All_Motors: {1: 34.96, 2: 34.96, 3: 34.96, 4: 34.96, 5: 34.96, 6: 34.96, 7: 34.96, 8: 34.96}
2024-10-29 17:52:31,971 INFO: Setting the profile velocity for group All_Motors from config.yaml: 8
2024-10-29 17:52:31,973 INFO: Profile velocities set for group All_Motors: {1: 34.96, 2: 34.96, 3: 34.96, 4: 34.96, 5: 34.96, 6: 34.96, 7: 34.96, 8: 34.96}
2024-10-29 17:52:31,973 INFO: Closing PS4Controller and quitting pygame
2024-10-29 17:52:32,055 INFO: Port closed successfully.
2024-10-29 17:52:32,056 INFO: Shutdown complete.
2024-10-29 17:52:32,057 ERROR: Error checking hardware errors: Attempting to use a port that is not open
