2025-04-01 14:14:44,279 INFO: Initializing PS4Controller
2025-04-01 14:14:45,466 INFO: Configuration loaded successfully
2025-04-01 14:14:45,470 INFO: Port /dev/ttyACM0 opened successfully
2025-04-01 14:14:45,480 INFO: Baudrate set to 1000000
2025-04-01 14:14:45,480 INFO: Control table loaded successfully.
2025-04-01 14:14:45,481 INFO: Motor group 'Pivot_Group' created with motors: [7, 8]
2025-04-01 14:14:45,481 INFO: Motor group 'Wheg_Group' created with motors: [1, 2, 3, 4, 5, 6]
2025-04-01 14:14:45,481 INFO: Motor group 'All_Motors' created with motors: [1, 2, 3, 4, 5, 6, 7, 8]
2025-04-01 14:14:45,482 INFO: Motor group 'Left_Whegs' created with motors: [1, 2, 3]
2025-04-01 14:14:45,482 INFO: Motor group 'Right_Whegs' created with motors: [4, 5, 6]
2025-04-01 14:14:45,482 INFO: Motor group 'Front_Whegs' created with motors: [3, 6]
2025-04-01 14:14:45,482 INFO: Motor group 'Rear_Whegs' created with motors: [1, 4]
2025-04-01 14:14:45,482 INFO: Motor group 'Middle_Whegs' created with motors: [2, 5]
2025-04-01 14:14:45,482 INFO: Motor group 'Two_Right_One_Left' created with motors: [2, 4, 6]
2025-04-01 14:14:45,482 INFO: Motor group 'Two_Left_One_Right' created with motors: [5, 1, 3]
2025-04-01 14:14:45,483 INFO: Initialised PS4 controller, Dynamixel, and Robot State
2025-04-01 14:14:45,483 INFO: Disabling torque for group Right_Whegs
2025-04-01 14:14:45,483 INFO: Drive mode set for group Right_Whegs with reverse_direction=True
2025-04-01 14:14:45,484 INFO: Enabling torque for group Right_Whegs
2025-04-01 14:14:45,484 INFO: Setting the profile velocity for group Right_Whegs from config.yaml: None
2025-04-01 14:14:45,484 ERROR: Profile velocity for group Right_Whegs not found in config.yaml and no value was provided.
2025-04-01 14:14:45,484 INFO: Disabling torque for group Left_Whegs
2025-04-01 14:14:45,485 INFO: Drive mode set for group Left_Whegs with reverse_direction=False
2025-04-01 14:14:45,485 INFO: Enabling torque for group Left_Whegs
2025-04-01 14:14:45,485 INFO: Setting the profile velocity for group Left_Whegs from config.yaml: None
2025-04-01 14:14:45,486 ERROR: Profile velocity for group Left_Whegs not found in config.yaml and no value was provided.
2025-04-01 14:14:45,486 INFO: Set the right side whegs to reverse direction
2025-04-01 14:14:45,486 INFO: Disabling torque for group Pivot_Group
2025-04-01 14:14:45,486 INFO: Drive mode set for group Pivot_Group with reverse_direction=False
2025-04-01 14:14:45,486 INFO: Enabling torque for group Pivot_Group
2025-04-01 14:14:45,487 INFO: Setting the profile velocity for group Pivot_Group from config.yaml: 4
2025-04-01 14:14:45,488 INFO: Profile velocities set for group Pivot_Group: {7: 17.48, 8: 17.48}
2025-04-01 14:14:45,488 INFO: Position limits set for group Pivot_Group: min=45° (ticks=511), max=315° (ticks=3583)
2025-04-01 14:14:45,488 INFO: Set position limits for the pivot motors
2025-04-01 14:14:45,693 INFO: Initialising Gait 1
2025-04-01 14:14:45,694 INFO: Running set_position_group for group 'Wheg_Group' with positions: 180
2025-04-01 14:14:45,699 WARNING: Motor 1 is not in Position Control Mode. Setting mode now.
2025-04-01 14:14:45,700 INFO: Setting operating mode 'position' for group 'Wheg_Group'
2025-04-01 14:14:45,700 INFO: Disabling torque for group Wheg_Group
2025-04-01 14:14:45,700 INFO: Enabling torque for group Wheg_Group
2025-04-01 14:14:45,701 INFO: Setting the profile velocity for group Wheg_Group from config.yaml: 10
2025-04-01 14:14:45,701 INFO: Profile velocities set for group Wheg_Group: {1: 43.7, 2: 43.7, 3: 43.7, 4: 43.7, 5: 43.7, 6: 43.7}
2025-04-01 14:14:45,702 INFO: Setting the profile velocity for group Wheg_Group from config.yaml: 10
2025-04-01 14:14:45,702 INFO: Profile velocities set for group Wheg_Group: {1: 43.7, 2: 43.7, 3: 43.7, 4: 43.7, 5: 43.7, 6: 43.7}
2025-04-01 14:14:45,703 INFO: Running set_position_group for group 'Pivot_Group' with positions: 180
2025-04-01 14:14:45,706 INFO: Initialised Gait 1, waiting for 3 seconds
2025-04-01 14:14:45,707 ERROR: Error controlling pivots: 'dpad_down'
2025-04-01 14:14:48,725 INFO: Setting operating mode 'multi_turn' for group 'Wheg_Group'
2025-04-01 14:14:48,726 INFO: Disabling torque for group Wheg_Group
2025-04-01 14:14:48,726 INFO: Enabling torque for group Wheg_Group
2025-04-01 14:14:48,727 INFO: Setting the profile velocity for group Wheg_Group from config.yaml: 10
2025-04-01 14:14:48,727 INFO: Profile velocities set for group Wheg_Group: {1: 43.7, 2: 43.7, 3: 43.7, 4: 43.7, 5: 43.7, 6: 43.7}
2025-04-01 14:14:48,727 INFO: Setting the profile velocity for group Wheg_Group from config.yaml: 10
2025-04-01 14:14:48,728 INFO: Profile velocities set for group Wheg_Group: {1: 43.7, 2: 43.7, 3: 43.7, 4: 43.7, 5: 43.7, 6: 43.7}
2025-04-01 14:14:48,728 INFO: New gait 1 is now active.
2025-04-01 14:14:50,004 INFO: Profile velocities set for group Wheg_Group: {1: 21.85, 2: 21.85, 3: 21.85, 4: 21.85, 5: 21.85, 6: 21.85}
2025-04-01 14:14:50,004 INFO: Incrementing motor positions by 360 degrees for group 'Wheg_Group'
2025-04-01 14:14:50,014 INFO: Gait 1 step executed at 5.00RPM, wait for 12.00 seconds
2025-04-01 14:15:05,903 INFO: Triangle pressed. Preparing to change to next gait: 2
2025-04-01 14:15:05,912 INFO: Initialising Gait 2
2025-04-01 14:15:05,912 INFO: Running set_position_group for group 'Wheg_Group' with positions: {1: 160, 2: 200, 3: 160, 4: 200, 5: 160, 6: 200}
2025-04-01 14:15:05,917 WARNING: Motor 1 is not in Position Control Mode. Setting mode now.
2025-04-01 14:15:05,918 INFO: Setting operating mode 'position' for group 'Wheg_Group'
2025-04-01 14:15:05,918 INFO: Disabling torque for group Wheg_Group
2025-04-01 14:15:05,918 INFO: Enabling torque for group Wheg_Group
2025-04-01 14:15:05,919 INFO: Setting the profile velocity for group Wheg_Group from config.yaml: 10
2025-04-01 14:15:05,919 INFO: Profile velocities set for group Wheg_Group: {1: 43.7, 2: 43.7, 3: 43.7, 4: 43.7, 5: 43.7, 6: 43.7}
2025-04-01 14:15:05,919 INFO: Setting the profile velocity for group Wheg_Group from config.yaml: 10
2025-04-01 14:15:05,920 INFO: Profile velocities set for group Wheg_Group: {1: 43.7, 2: 43.7, 3: 43.7, 4: 43.7, 5: 43.7, 6: 43.7}
2025-04-01 14:15:05,920 INFO: Running set_position_group for group 'Pivot_Group' with positions: 180
2025-04-01 14:15:05,924 INFO: Initialised Gait 2, waiting for 3 seconds
2025-04-01 14:15:06,073 INFO: Triangle pressed. Preparing to change to next gait: 2
2025-04-01 14:15:08,948 INFO: Setting operating mode 'multi_turn' for group 'Wheg_Group'
2025-04-01 14:15:08,948 INFO: Disabling torque for group Wheg_Group
2025-04-01 14:15:08,949 INFO: Enabling torque for group Wheg_Group
2025-04-01 14:15:08,949 INFO: Setting the profile velocity for group Wheg_Group from config.yaml: 10
2025-04-01 14:15:08,949 INFO: Profile velocities set for group Wheg_Group: {1: 43.7, 2: 43.7, 3: 43.7, 4: 43.7, 5: 43.7, 6: 43.7}
2025-04-01 14:15:08,950 INFO: Setting the profile velocity for group Wheg_Group from config.yaml: 10
2025-04-01 14:15:08,950 INFO: Profile velocities set for group Wheg_Group: {1: 43.7, 2: 43.7, 3: 43.7, 4: 43.7, 5: 43.7, 6: 43.7}
2025-04-01 14:15:08,950 INFO: New gait 2 is now active.
2025-04-01 14:15:09,300 INFO: Profile velocities set for group Wheg_Group: {1: 21.85, 2: 174.8, 3: 21.85, 4: 174.8, 5: 21.85, 6: 174.8}
2025-04-01 14:15:09,301 INFO: Incrementing motor positions by {1: 40, 2: 320, 3: 40, 4: 320, 5: 40, 6: 320} degrees for group 'Wheg_Group'
2025-04-01 14:15:09,311 INFO: Gait 2 step executed at 5.00RPM, wait for 1.36 seconds
2025-04-01 14:15:12,239 INFO: Profile velocities set for group Wheg_Group: {1: 174.8, 2: 21.85, 3: 174.8, 4: 21.85, 5: 174.8, 6: 21.85}
2025-04-01 14:15:12,239 INFO: Incrementing motor positions by {1: 320, 2: 40, 3: 320, 4: 40, 5: 320, 6: 40} degrees for group 'Wheg_Group'
2025-04-01 14:15:12,250 INFO: Gait 2 step executed at 5.00RPM, wait for 1.36 seconds
2025-04-01 14:15:15,353 INFO: Profile velocities set for group Wheg_Group: {1: 21.85, 2: 174.8, 3: 21.85, 4: 174.8, 5: 21.85, 6: 174.8}
2025-04-01 14:15:15,353 INFO: Incrementing motor positions by {1: 40, 2: 320, 3: 40, 4: 320, 5: 40, 6: 320} degrees for group 'Wheg_Group'
2025-04-01 14:15:15,363 INFO: Gait 2 step executed at 5.00RPM, wait for 1.36 seconds
2025-04-01 14:15:17,385 INFO: Profile velocities set for group Wheg_Group: {1: 174.8, 2: 21.85, 3: 174.8, 4: 21.85, 5: 174.8, 6: 21.85}
2025-04-01 14:15:17,385 INFO: Incrementing motor positions by {1: 320, 2: 40, 3: 320, 4: 40, 5: 320, 6: 40} degrees for group 'Wheg_Group'
2025-04-01 14:15:17,396 INFO: Gait 2 step executed at 5.00RPM, wait for 1.36 seconds
2025-04-01 14:15:19,669 INFO: Triangle pressed. Preparing to change to next gait: 3
2025-04-01 14:15:19,677 INFO: Initialsing Gait 3
2025-04-01 14:15:19,678 INFO: Running set_position_group for group 'Wheg_Group' with positions: {1: 200, 2: 160, 3: 160, 4: 200, 5: 160, 6: 160}
2025-04-01 14:15:19,683 WARNING: Motor 1 is not in Position Control Mode. Setting mode now.
2025-04-01 14:15:19,683 INFO: Setting operating mode 'position' for group 'Wheg_Group'
2025-04-01 14:15:19,683 INFO: Disabling torque for group Wheg_Group
2025-04-01 14:15:19,684 INFO: Enabling torque for group Wheg_Group
2025-04-01 14:15:19,684 INFO: Setting the profile velocity for group Wheg_Group from config.yaml: 10
2025-04-01 14:15:19,685 INFO: Profile velocities set for group Wheg_Group: {1: 43.7, 2: 43.7, 3: 43.7, 4: 43.7, 5: 43.7, 6: 43.7}
2025-04-01 14:15:19,685 INFO: Setting the profile velocity for group Wheg_Group from config.yaml: 10
2025-04-01 14:15:19,685 INFO: Profile velocities set for group Wheg_Group: {1: 43.7, 2: 43.7, 3: 43.7, 4: 43.7, 5: 43.7, 6: 43.7}
2025-04-01 14:15:19,686 INFO: Running set_position_group for group 'Pivot_Group' with positions: 180
2025-04-01 14:15:19,689 INFO: Initialised Gait 3, waiting for 3 seconds
2025-04-01 14:15:19,839 INFO: Triangle pressed. Preparing to change to next gait: 3
2025-04-01 14:15:22,690 INFO: Setting operating mode 'multi_turn' for group 'Wheg_Group'
2025-04-01 14:15:22,691 INFO: Disabling torque for group Wheg_Group
2025-04-01 14:15:22,691 INFO: Enabling torque for group Wheg_Group
2025-04-01 14:15:22,692 INFO: Setting the profile velocity for group Wheg_Group from config.yaml: 10
2025-04-01 14:15:22,693 INFO: Profile velocities set for group Wheg_Group: {1: 43.7, 2: 43.7, 3: 43.7, 4: 43.7, 5: 43.7, 6: 43.7}
2025-04-01 14:15:22,693 INFO: Setting the profile velocity for group Wheg_Group from config.yaml: 10
2025-04-01 14:15:22,693 INFO: Profile velocities set for group Wheg_Group: {1: 43.7, 2: 43.7, 3: 43.7, 4: 43.7, 5: 43.7, 6: 43.7}
2025-04-01 14:15:22,693 INFO: New gait 3 is now active.
2025-04-01 14:15:23,168 INFO: Profile velocities set for group Wheg_Group: {1: 21.85, 2: 21.85, 3: 21.85, 4: 21.85, 5: 21.85, 6: 21.85}
2025-04-01 14:15:23,168 INFO: Incrementing motor positions by {1: 320, 2: 40, 3: 0, 4: 320, 5: 40, 6: 0} degrees for group 'Wheg_Group'
2025-04-01 14:15:23,179 INFO: Gait 3 step executed at 5.00 RPM, wait for 10.69 seconds
2025-04-01 14:15:47,663 INFO: Profile velocities set for group Wheg_Group: {1: 21.85, 2: 21.85, 3: 21.85, 4: 21.85, 5: 21.85, 6: 21.85}
2025-04-01 14:15:47,663 INFO: Incrementing motor positions by {1: 0, 2: 320, 3: 40, 4: 0, 5: 320, 6: 40} degrees for group 'Wheg_Group'
2025-04-01 14:15:47,673 INFO: Gait 3 step executed at 5.00 RPM, wait for 10.69 seconds
2025-04-01 14:16:00,939 INFO: Profile velocities set for group Wheg_Group: {1: 21.85, 2: 21.85, 3: 21.85, 4: 21.85, 5: 21.85, 6: 21.85}
2025-04-01 14:16:00,940 INFO: Incrementing motor positions by {1: 40, 2: 0, 3: 320, 4: 40, 5: 0, 6: 320} degrees for group 'Wheg_Group'
2025-04-01 14:16:00,950 INFO: Gait 3 step executed at 5.00 RPM, wait for 10.69 seconds
2025-04-01 14:16:18,771 INFO: Triangle pressed. Preparing to change to next gait: 4
2025-04-01 14:16:18,780 INFO: Initialising Gait 4
2025-04-01 14:16:18,783 INFO: Direction data: {1: {'drive_mode': 0}, 2: {'drive_mode': 0}, 3: {'drive_mode': 0}}
2025-04-01 14:16:18,783 INFO: Disabling torque for group Left_Whegs
2025-04-01 14:16:18,783 INFO: Drive mode set for group Left_Whegs with reverse_direction={1: 1, 2: 1, 3: 1}
2025-04-01 14:16:18,784 INFO: Enabling torque for group Left_Whegs
2025-04-01 14:16:18,784 INFO: Setting the profile velocity for group Left_Whegs from config.yaml: None
2025-04-01 14:16:18,784 ERROR: Profile velocity for group Left_Whegs not found in config.yaml and no value was provided.
2025-04-01 14:16:18,784 WARNING: Reversed the direction of the left whegs
2025-04-01 14:16:18,784 INFO: Running set_position_group for group 'Wheg_Group' with positions: {1: 160, 2: 200, 3: 160, 4: 200, 5: 160, 6: 200}
2025-04-01 14:16:18,789 WARNING: Motor 1 is not in Position Control Mode. Setting mode now.
2025-04-01 14:16:18,789 INFO: Setting operating mode 'position' for group 'Wheg_Group'
2025-04-01 14:16:18,789 INFO: Disabling torque for group Wheg_Group
2025-04-01 14:16:18,790 INFO: Enabling torque for group Wheg_Group
2025-04-01 14:16:18,790 INFO: Setting the profile velocity for group Wheg_Group from config.yaml: 10
2025-04-01 14:16:18,791 INFO: Profile velocities set for group Wheg_Group: {1: 43.7, 2: 43.7, 3: 43.7, 4: 43.7, 5: 43.7, 6: 43.7}
2025-04-01 14:16:18,791 INFO: Setting the profile velocity for group Wheg_Group from config.yaml: 10
2025-04-01 14:16:18,791 INFO: Profile velocities set for group Wheg_Group: {1: 43.7, 2: 43.7, 3: 43.7, 4: 43.7, 5: 43.7, 6: 43.7}
2025-04-01 14:16:18,792 INFO: Running set_position_group for group 'Pivot_Group' with positions: 180
2025-04-01 14:16:18,795 INFO: Initialised Gait 4, waiting for 3 seconds
2025-04-01 14:16:18,941 INFO: Triangle pressed. Preparing to change to next gait: 4
2025-04-01 14:16:21,797 INFO: Setting operating mode 'multi_turn' for group 'Wheg_Group'
2025-04-01 14:16:21,798 INFO: Disabling torque for group Wheg_Group
2025-04-01 14:16:21,800 INFO: Enabling torque for group Wheg_Group
2025-04-01 14:16:21,802 INFO: Setting the profile velocity for group Wheg_Group from config.yaml: 10
2025-04-01 14:16:21,804 INFO: Profile velocities set for group Wheg_Group: {1: 43.7, 2: 43.7, 3: 43.7, 4: 43.7, 5: 43.7, 6: 43.7}
2025-04-01 14:16:21,805 INFO: Setting the profile velocity for group Wheg_Group from config.yaml: 10
2025-04-01 14:16:21,806 INFO: Profile velocities set for group Wheg_Group: {1: 43.7, 2: 43.7, 3: 43.7, 4: 43.7, 5: 43.7, 6: 43.7}
2025-04-01 14:16:21,806 INFO: New gait 4 is now active.
2025-04-01 14:16:22,822 INFO: Profile velocities set for group Wheg_Group: {1: 21.85, 2: 174.8, 3: 21.85, 4: 174.8, 5: 21.85, 6: 174.8}
2025-04-01 14:16:22,823 INFO: Incrementing motor positions by {1: 40, 2: 320, 3: 40, 4: 320, 5: 40, 6: 320} degrees for group 'Wheg_Group'
2025-04-01 14:16:22,833 INFO: Gait 4 step executed at 5.00RPM, wait for 1.36 seconds
2025-04-01 14:16:23,156 INFO: Tasks were cancelled due to shutdown, proceeding to cleanup...
2025-04-01 14:16:23,157 INFO: Initiating safe shutdown...
2025-04-01 14:16:23,157 INFO: Setting operating mode 'velocity' for group 'All_Motors'
2025-04-01 14:16:23,157 INFO: Disabling torque for group All_Motors
2025-04-01 14:16:23,158 INFO: Enabling torque for group All_Motors
2025-04-01 14:16:23,158 INFO: Setting the profile velocity for group All_Motors from config.yaml: 8
2025-04-01 14:16:23,159 INFO: Profile velocities set for group All_Motors: {1: 34.96, 2: 34.96, 3: 34.96, 4: 34.96, 5: 34.96, 6: 34.96, 7: 34.96, 8: 34.96}
2025-04-01 14:16:23,159 WARNING: Velocity limit 200 exceeds hard limit 100. Limiting to 100.
2025-04-01 14:16:23,160 INFO: Velocity limit set to 100 for group All_Motors
2025-04-01 14:16:23,160 INFO: Enabling torque for group All_Motors
2025-04-01 14:16:23,161 INFO: Setting the profile velocity for group All_Motors from config.yaml: 8
2025-04-01 14:16:23,162 INFO: Profile velocities set for group All_Motors: {1: 34.96, 2: 34.96, 3: 34.96, 4: 34.96, 5: 34.96, 6: 34.96, 7: 34.96, 8: 34.96}
2025-04-01 14:16:23,162 INFO: Target velocities set for group All_Motors: {1: 0, 2: 0, 3: 0, 4: 0, 5: 0, 6: 0, 7: 0, 8: 0}
2025-04-01 14:16:23,162 INFO: Running set_position_group for group 'All_Motors' with positions: 180
2025-04-01 14:16:23,170 WARNING: Motor 1 is not in Position Control Mode. Setting mode now.
2025-04-01 14:16:23,171 INFO: Setting operating mode 'position' for group 'All_Motors'
2025-04-01 14:16:23,171 INFO: Disabling torque for group All_Motors
2025-04-01 14:16:23,172 INFO: Enabling torque for group All_Motors
2025-04-01 14:16:23,173 INFO: Setting the profile velocity for group All_Motors from config.yaml: 8
2025-04-01 14:16:23,173 INFO: Profile velocities set for group All_Motors: {1: 34.96, 2: 34.96, 3: 34.96, 4: 34.96, 5: 34.96, 6: 34.96, 7: 34.96, 8: 34.96}
2025-04-01 14:16:23,173 INFO: Setting the profile velocity for group All_Motors from config.yaml: 8
2025-04-01 14:16:23,174 INFO: Profile velocities set for group All_Motors: {1: 34.96, 2: 34.96, 3: 34.96, 4: 34.96, 5: 34.96, 6: 34.96, 7: 34.96, 8: 34.96}
2025-04-01 14:16:23,174 INFO: Closing PS4Controller and quitting pygame
2025-04-01 14:16:23,244 INFO: Port closed successfully.
2025-04-01 14:16:23,245 INFO: Shutdown complete.
