2024-10-29 18:03:26,555 INFO: Initializing PS4Controller
2024-10-29 18:03:26,869 INFO: Configuration loaded successfully
2024-10-29 18:03:26,873 INFO: Port /dev/ttyACM0 opened successfully
2024-10-29 18:03:26,883 INFO: Baudrate set to 1000000
2024-10-29 18:03:26,884 INFO: Control table loaded successfully.
2024-10-29 18:03:26,884 INFO: Motor group 'Pivot_Group' created with motors: [7, 8]
2024-10-29 18:03:26,885 INFO: Motor group 'Wheg_Group' created with motors: [1, 2, 3, 4, 5, 6]
2024-10-29 18:03:26,885 INFO: Motor group 'All_Motors' created with motors: [1, 2, 3, 4, 5, 6, 7, 8]
2024-10-29 18:03:26,886 INFO: Motor group 'Left_Whegs' created with motors: [1, 2, 3]
2024-10-29 18:03:26,886 INFO: Motor group 'Right_Whegs' created with motors: [4, 5, 6]
2024-10-29 18:03:26,886 INFO: Motor group 'Front_Whegs' created with motors: [3, 6]
2024-10-29 18:03:26,887 INFO: Motor group 'Rear_Whegs' created with motors: [1, 4]
2024-10-29 18:03:26,887 INFO: Motor group 'Middle_Whegs' created with motors: [2, 5]
2024-10-29 18:03:26,888 INFO: Motor group 'Two_Right_One_Left' created with motors: [2, 4, 6]
2024-10-29 18:03:26,888 INFO: Motor group 'Two_Left_One_Right' created with motors: [5, 1, 3]
2024-10-29 18:03:26,889 INFO: Initialised PS4 controller, Dynamixel, and Robot State
2024-10-29 18:03:27,045 INFO: Disabling torque for group Right_Whegs
2024-10-29 18:03:27,048 INFO: Drive mode set for group Right_Whegs with reverse_direction=True
2024-10-29 18:03:27,049 INFO: Enabling torque for group Right_Whegs
2024-10-29 18:03:27,051 INFO: Setting the profile velocity for group Right_Whegs from config.yaml: None
2024-10-29 18:03:27,052 ERROR: Profile velocity for group Right_Whegs not found in config.yaml and no value was provided.
2024-10-29 18:03:27,055 INFO: Profile velocities set for group Right_Whegs: {4: 21.85, 5: 21.85, 6: 21.85}
2024-10-29 18:03:27,057 INFO: Disabling torque for group Left_Whegs
2024-10-29 18:03:27,059 INFO: Drive mode set for group Left_Whegs with reverse_direction=False
2024-10-29 18:03:27,059 INFO: Enabling torque for group Left_Whegs
2024-10-29 18:03:27,060 INFO: Setting the profile velocity for group Left_Whegs from config.yaml: None
2024-10-29 18:03:27,061 ERROR: Profile velocity for group Left_Whegs not found in config.yaml and no value was provided.
2024-10-29 18:03:27,061 INFO: Profile velocities set for group Left_Whegs: {1: 21.85, 2: 21.85, 3: 21.85}
2024-10-29 18:03:27,062 INFO: Set the right side whegs to reverse direction
2024-10-29 18:03:27,062 INFO: Disabling torque for group Pivot_Group
2024-10-29 18:03:27,063 INFO: Drive mode set for group Pivot_Group with reverse_direction=False
2024-10-29 18:03:27,063 INFO: Enabling torque for group Pivot_Group
2024-10-29 18:03:27,064 INFO: Setting the profile velocity for group Pivot_Group from config.yaml: 4
2024-10-29 18:03:27,065 INFO: Profile velocities set for group Pivot_Group: {7: 17.48, 8: 17.48}
2024-10-29 18:03:27,065 INFO: Position limits set for group Pivot_Group: min=45째 (ticks=511), max=315째 (ticks=3583)
2024-10-29 18:03:27,066 INFO: Set position limits for the pivot motors
2024-10-29 18:03:27,075 INFO: Initialising Gait 1
2024-10-29 18:03:27,075 INFO: Running set_position_group for group 'Wheg_Group' with positions: 180
2024-10-29 18:03:27,080 WARNING: Motor 1 is not in Position Control Mode. Setting mode now.
2024-10-29 18:03:27,081 INFO: Setting operating mode 'position' for group 'Wheg_Group'
2024-10-29 18:03:27,081 INFO: Disabling torque for group Wheg_Group
2024-10-29 18:03:27,082 INFO: Enabling torque for group Wheg_Group
2024-10-29 18:03:27,083 INFO: Setting the profile velocity for group Wheg_Group from config.yaml: 10
2024-10-29 18:03:27,083 INFO: Profile velocities set for group Wheg_Group: {1: 43.7, 2: 43.7, 3: 43.7, 4: 43.7, 5: 43.7, 6: 43.7}
2024-10-29 18:03:27,084 INFO: Setting the profile velocity for group Wheg_Group from config.yaml: 10
2024-10-29 18:03:27,084 INFO: Profile velocities set for group Wheg_Group: {1: 43.7, 2: 43.7, 3: 43.7, 4: 43.7, 5: 43.7, 6: 43.7}
2024-10-29 18:03:27,085 INFO: Running set_position_group for group 'Pivot_Group' with positions: 180
2024-10-29 18:03:27,089 INFO: Initialised Gait 1, waiting for 3 seconds
2024-10-29 18:03:27,089 ERROR: Error controlling pivots: 'dpad_down'
2024-10-29 18:03:30,089 INFO: Setting operating mode 'multi_turn' for group 'Wheg_Group'
2024-10-29 18:03:30,090 INFO: Disabling torque for group Wheg_Group
2024-10-29 18:03:30,091 INFO: Enabling torque for group Wheg_Group
2024-10-29 18:03:30,092 INFO: Setting the profile velocity for group Wheg_Group from config.yaml: 10
2024-10-29 18:03:30,092 INFO: Profile velocities set for group Wheg_Group: {1: 43.7, 2: 43.7, 3: 43.7, 4: 43.7, 5: 43.7, 6: 43.7}
2024-10-29 18:03:30,093 INFO: Setting the profile velocity for group Wheg_Group from config.yaml: 10
2024-10-29 18:03:30,094 INFO: Profile velocities set for group Wheg_Group: {1: 43.7, 2: 43.7, 3: 43.7, 4: 43.7, 5: 43.7, 6: 43.7}
2024-10-29 18:03:30,094 INFO: New gait 1 is now active.
2024-10-29 18:03:42,665 INFO: Initializing PS4Controller
2024-10-29 18:03:42,714 INFO: Configuration loaded successfully
2024-10-29 18:03:42,719 INFO: Port /dev/ttyACM0 opened successfully
2024-10-29 18:03:42,719 ERROR: Bulk read failed with error: [TxRxResult] Incorrect status packet!
2024-10-29 18:03:42,737 INFO: Baudrate set to 1000000
2024-10-29 18:03:42,739 INFO: Control table loaded successfully.
2024-10-29 18:03:42,739 INFO: Motor group 'Pivot_Group' created with motors: [7, 8]
2024-10-29 18:03:42,742 INFO: Motor group 'Wheg_Group' created with motors: [1, 2, 3, 4, 5, 6]
2024-10-29 18:03:42,743 INFO: Motor group 'All_Motors' created with motors: [1, 2, 3, 4, 5, 6, 7, 8]
2024-10-29 18:03:42,752 INFO: Motor group 'Left_Whegs' created with motors: [1, 2, 3]
2024-10-29 18:03:42,753 INFO: Motor group 'Right_Whegs' created with motors: [4, 5, 6]
2024-10-29 18:03:42,755 ERROR: Bulk read failed with error: [TxRxResult] There is no status packet!
2024-10-29 18:03:42,756 INFO: Motor group 'Front_Whegs' created with motors: [3, 6]
2024-10-29 18:03:42,757 INFO: Motor group 'Rear_Whegs' created with motors: [1, 4]
2024-10-29 18:03:42,758 INFO: Motor group 'Middle_Whegs' created with motors: [2, 5]
2024-10-29 18:03:42,759 INFO: Motor group 'Two_Right_One_Left' created with motors: [2, 4, 6]
2024-10-29 18:03:42,759 INFO: Motor group 'Two_Left_One_Right' created with motors: [5, 1, 3]
2024-10-29 18:03:42,760 INFO: Initialised PS4 controller, Dynamixel, and Robot State
2024-10-29 18:03:42,764 ERROR: Error retrieving motor data: 'NoneType' object is not subscriptable
2024-10-29 18:03:42,783 INFO: Disabling torque for group Right_Whegs
2024-10-29 18:03:42,787 INFO: Drive mode set for group Right_Whegs with reverse_direction=True
2024-10-29 18:03:42,791 INFO: Enabling torque for group Right_Whegs
2024-10-29 18:03:42,793 INFO: Setting the profile velocity for group Right_Whegs from config.yaml: None
2024-10-29 18:03:42,794 ERROR: Profile velocity for group Right_Whegs not found in config.yaml and no value was provided.
2024-10-29 18:03:42,796 INFO: Profile velocities set for group Right_Whegs: {4: 21.85, 5: 21.85, 6: 21.85}
2024-10-29 18:03:42,797 INFO: Disabling torque for group Left_Whegs
2024-10-29 18:03:42,800 INFO: Drive mode set for group Left_Whegs with reverse_direction=False
2024-10-29 18:03:42,805 INFO: Enabling torque for group Left_Whegs
2024-10-29 18:03:42,820 INFO: Setting the profile velocity for group Left_Whegs from config.yaml: None
2024-10-29 18:03:42,824 ERROR: Profile velocity for group Left_Whegs not found in config.yaml and no value was provided.
2024-10-29 18:03:42,831 ERROR: Bulk read failed with error: [TxRxResult] There is no status packet!
2024-10-29 18:03:42,831 INFO: Profile velocities set for group Left_Whegs: {1: 21.85, 2: 21.85, 3: 21.85}
2024-10-29 18:03:42,833 INFO: Set the right side whegs to reverse direction
2024-10-29 18:03:42,834 INFO: Disabling torque for group Pivot_Group
2024-10-29 18:03:42,835 INFO: Drive mode set for group Pivot_Group with reverse_direction=False
2024-10-29 18:03:42,836 INFO: Enabling torque for group Pivot_Group
2024-10-29 18:03:42,838 INFO: Setting the profile velocity for group Pivot_Group from config.yaml: 4
2024-10-29 18:03:42,841 INFO: Profile velocities set for group Pivot_Group: {7: 17.48, 8: 17.48}
2024-10-29 18:03:42,848 INFO: Position limits set for group Pivot_Group: min=45째 (ticks=511), max=315째 (ticks=3583)
2024-10-29 18:03:42,849 INFO: Set position limits for the pivot motors
2024-10-29 18:03:42,863 ERROR: Error checking hardware errors: device reports readiness to read but returned no data (device disconnected or multiple access on port?)
2024-10-29 18:03:42,864 INFO: Initialising Gait 1
2024-10-29 18:03:42,865 INFO: Running set_position_group for group 'Wheg_Group' with positions: 180
2024-10-29 18:03:42,866 ERROR: Bulk read failed with error: [TxRxResult] Port is in use!
2024-10-29 18:03:42,869 ERROR: Error controlling pivots: 'dpad_down'
2024-10-29 18:03:42,876 ERROR: Bulk read failed with error: [TxRxResult] Port is in use!
2024-10-29 18:03:42,876 ERROR: Bulk read failed with error: [TxRxResult] There is no status packet!
2024-10-29 18:03:42,877 ERROR: Bulk read failed with error: [TxRxResult] Port is in use!
2024-10-29 18:03:42,878 ERROR: Bulk read failed with error: [TxRxResult] Port is in use!
2024-10-29 18:03:42,880 ERROR: Bulk read failed with error: [TxRxResult] Port is in use!
2024-10-29 18:03:42,881 ERROR: Error retrieving motor data: 'NoneType' object has no attribute 'keys'
2024-10-29 18:03:42,887 INFO: Initiating safe shutdown...
2024-10-29 18:03:42,890 INFO: Setting operating mode 'velocity' for group 'All_Motors'
2024-10-29 18:03:42,892 INFO: Disabling torque for group All_Motors
2024-10-29 18:03:42,894 ERROR: Sync write failed with error: [TxRxResult] Port is in use!
2024-10-29 18:03:42,895 ERROR: Sync write failed with error: [TxRxResult] Port is in use!
2024-10-29 18:03:42,896 INFO: Enabling torque for group All_Motors
2024-10-29 18:03:42,896 ERROR: Sync write failed with error: [TxRxResult] Port is in use!
2024-10-29 18:03:42,897 ERROR: Error retrieving motor data: 'NoneType' object is not subscriptable
2024-10-29 18:03:42,898 INFO: Setting the profile velocity for group All_Motors from config.yaml: 8
2024-10-29 18:03:42,902 ERROR: Sync write failed with error: [TxRxResult] Port is in use!
2024-10-29 18:03:42,905 INFO: Profile velocities set for group All_Motors: {1: 34.96, 2: 34.96, 3: 34.96, 4: 34.96, 5: 34.96, 6: 34.96, 7: 34.96, 8: 34.96}
2024-10-29 18:03:42,906 WARNING: Velocity limit 200 exceeds hard limit 100. Limiting to 100.
2024-10-29 18:03:42,908 ERROR: Sync write failed with error: [TxRxResult] Port is in use!
2024-10-29 18:03:42,910 INFO: Velocity limit set to 100 for group All_Motors
2024-10-29 18:03:42,911 INFO: Enabling torque for group All_Motors
2024-10-29 18:03:42,912 ERROR: Sync write failed with error: [TxRxResult] Port is in use!
2024-10-29 18:03:42,913 INFO: Setting the profile velocity for group All_Motors from config.yaml: 8
2024-10-29 18:03:42,914 ERROR: Sync write failed with error: [TxRxResult] Port is in use!
2024-10-29 18:03:42,914 INFO: Profile velocities set for group All_Motors: {1: 34.96, 2: 34.96, 3: 34.96, 4: 34.96, 5: 34.96, 6: 34.96, 7: 34.96, 8: 34.96}
2024-10-29 18:03:42,915 ERROR: Sync write failed with error: [TxRxResult] Port is in use!
2024-10-29 18:03:42,915 INFO: Target velocities set for group All_Motors: {1: 0, 2: 0, 3: 0, 4: 0, 5: 0, 6: 0, 7: 0, 8: 0}
2024-10-29 18:03:42,915 INFO: Running set_position_group for group 'All_Motors' with positions: 180
2024-10-29 18:03:42,916 ERROR: Bulk read failed with error: [TxRxResult] Port is in use!
2024-10-29 18:03:53,888 INFO: Initiating safe shutdown...
2024-10-29 18:03:53,889 INFO: Setting operating mode 'velocity' for group 'All_Motors'
2024-10-29 18:03:53,889 INFO: Disabling torque for group All_Motors
2024-10-29 18:03:53,890 INFO: Enabling torque for group All_Motors
2024-10-29 18:03:53,891 INFO: Setting the profile velocity for group All_Motors from config.yaml: 8
2024-10-29 18:03:53,892 INFO: Profile velocities set for group All_Motors: {1: 34.96, 2: 34.96, 3: 34.96, 4: 34.96, 5: 34.96, 6: 34.96, 7: 34.96, 8: 34.96}
2024-10-29 18:03:53,893 WARNING: Velocity limit 200 exceeds hard limit 100. Limiting to 100.
2024-10-29 18:03:53,894 INFO: Velocity limit set to 100 for group All_Motors
2024-10-29 18:03:53,894 INFO: Enabling torque for group All_Motors
2024-10-29 18:03:53,895 INFO: Setting the profile velocity for group All_Motors from config.yaml: 8
2024-10-29 18:03:53,896 INFO: Profile velocities set for group All_Motors: {1: 34.96, 2: 34.96, 3: 34.96, 4: 34.96, 5: 34.96, 6: 34.96, 7: 34.96, 8: 34.96}
2024-10-29 18:03:53,897 INFO: Target velocities set for group All_Motors: {1: 0, 2: 0, 3: 0, 4: 0, 5: 0, 6: 0, 7: 0, 8: 0}
2024-10-29 18:03:53,897 INFO: Running set_position_group for group 'All_Motors' with positions: 180
2024-10-29 18:03:53,905 WARNING: Motor 1 is not in Position Control Mode. Setting mode now.
2024-10-29 18:03:53,906 INFO: Setting operating mode 'position' for group 'All_Motors'
2024-10-29 18:03:53,906 INFO: Disabling torque for group All_Motors
2024-10-29 18:03:53,907 INFO: Enabling torque for group All_Motors
2024-10-29 18:03:53,908 INFO: Setting the profile velocity for group All_Motors from config.yaml: 8
2024-10-29 18:03:53,909 INFO: Profile velocities set for group All_Motors: {1: 34.96, 2: 34.96, 3: 34.96, 4: 34.96, 5: 34.96, 6: 34.96, 7: 34.96, 8: 34.96}
2024-10-29 18:03:53,910 INFO: Setting the profile velocity for group All_Motors from config.yaml: 8
2024-10-29 18:03:53,910 INFO: Profile velocities set for group All_Motors: {1: 34.96, 2: 34.96, 3: 34.96, 4: 34.96, 5: 34.96, 6: 34.96, 7: 34.96, 8: 34.96}
2024-10-29 18:03:53,912 INFO: Closing PS4Controller and quitting pygame
2024-10-29 18:03:53,997 INFO: Port closed successfully.
2024-10-29 18:03:53,998 INFO: Shutdown complete.
2024-10-29 18:03:53,999 ERROR: Error checking hardware errors: Attempting to use a port that is not open
