2025-04-01 14:18:58,183 INFO: Initializing PS4Controller
2025-04-01 14:18:58,699 INFO: Configuration loaded successfully
2025-04-01 14:18:58,702 INFO: Port /dev/ttyACM0 opened successfully
2025-04-01 14:18:58,712 INFO: Baudrate set to 1000000
2025-04-01 14:18:58,712 INFO: Control table loaded successfully.
2025-04-01 14:18:58,713 INFO: Motor group 'Pivot_Group' created with motors: [7, 8]
2025-04-01 14:18:58,713 INFO: Motor group 'Wheg_Group' created with motors: [1, 2, 3, 4, 5, 6]
2025-04-01 14:18:58,713 INFO: Motor group 'All_Motors' created with motors: [1, 2, 3, 4, 5, 6, 7, 8]
2025-04-01 14:18:58,713 INFO: Motor group 'Left_Whegs' created with motors: [1, 2, 3]
2025-04-01 14:18:58,713 INFO: Motor group 'Right_Whegs' created with motors: [4, 5, 6]
2025-04-01 14:18:58,713 INFO: Motor group 'Front_Whegs' created with motors: [3, 6]
2025-04-01 14:18:58,714 INFO: Motor group 'Rear_Whegs' created with motors: [1, 4]
2025-04-01 14:18:58,714 INFO: Motor group 'Middle_Whegs' created with motors: [2, 5]
2025-04-01 14:18:58,714 INFO: Motor group 'Two_Right_One_Left' created with motors: [2, 4, 6]
2025-04-01 14:18:58,714 INFO: Motor group 'Two_Left_One_Right' created with motors: [5, 1, 3]
2025-04-01 14:18:58,714 INFO: Initialised PS4 controller, Dynamixel, and Robot State
2025-04-01 14:18:58,714 INFO: Disabling torque for group Right_Whegs
2025-04-01 14:18:58,716 INFO: Drive mode set for group Right_Whegs with reverse_direction=True
2025-04-01 14:18:58,716 INFO: Enabling torque for group Right_Whegs
2025-04-01 14:18:58,717 INFO: Setting the profile velocity for group Right_Whegs from config.yaml: None
2025-04-01 14:18:58,717 ERROR: Profile velocity for group Right_Whegs not found in config.yaml and no value was provided.
2025-04-01 14:18:58,718 INFO: Disabling torque for group Left_Whegs
2025-04-01 14:18:58,718 INFO: Drive mode set for group Left_Whegs with reverse_direction=False
2025-04-01 14:18:58,719 INFO: Enabling torque for group Left_Whegs
2025-04-01 14:18:58,719 INFO: Setting the profile velocity for group Left_Whegs from config.yaml: None
2025-04-01 14:18:58,719 ERROR: Profile velocity for group Left_Whegs not found in config.yaml and no value was provided.
2025-04-01 14:18:58,719 INFO: Set the right side whegs to reverse direction
2025-04-01 14:18:58,719 INFO: Disabling torque for group Pivot_Group
2025-04-01 14:18:58,720 INFO: Drive mode set for group Pivot_Group with reverse_direction=False
2025-04-01 14:18:58,720 INFO: Enabling torque for group Pivot_Group
2025-04-01 14:18:58,720 INFO: Setting the profile velocity for group Pivot_Group from config.yaml: 4
2025-04-01 14:18:58,721 INFO: Profile velocities set for group Pivot_Group: {7: 17.48, 8: 17.48}
2025-04-01 14:18:58,722 INFO: Position limits set for group Pivot_Group: min=45° (ticks=511), max=315° (ticks=3583)
2025-04-01 14:18:58,722 INFO: Set position limits for the pivot motors
2025-04-01 14:18:58,908 INFO: Initialising Gait 1
2025-04-01 14:18:58,909 INFO: Running set_position_group for group 'Wheg_Group' with positions: 180
2025-04-01 14:18:58,914 WARNING: Motor 1 is not in Position Control Mode. Setting mode now.
2025-04-01 14:18:58,914 INFO: Setting operating mode 'position' for group 'Wheg_Group'
2025-04-01 14:18:58,914 INFO: Disabling torque for group Wheg_Group
2025-04-01 14:18:58,915 INFO: Enabling torque for group Wheg_Group
2025-04-01 14:18:58,915 INFO: Setting the profile velocity for group Wheg_Group from config.yaml: 10
2025-04-01 14:18:58,916 INFO: Profile velocities set for group Wheg_Group: {1: 43.7, 2: 43.7, 3: 43.7, 4: 43.7, 5: 43.7, 6: 43.7}
2025-04-01 14:18:58,916 INFO: Setting the profile velocity for group Wheg_Group from config.yaml: 10
2025-04-01 14:18:58,916 INFO: Profile velocities set for group Wheg_Group: {1: 43.7, 2: 43.7, 3: 43.7, 4: 43.7, 5: 43.7, 6: 43.7}
2025-04-01 14:18:58,917 INFO: Running set_position_group for group 'Pivot_Group' with positions: 180
2025-04-01 14:18:58,920 WARNING: Motor 7 is not in Position Control Mode. Setting mode now.
2025-04-01 14:18:58,920 INFO: Setting operating mode 'position' for group 'Pivot_Group'
2025-04-01 14:18:58,921 INFO: Disabling torque for group Pivot_Group
2025-04-01 14:18:58,922 INFO: Enabling torque for group Pivot_Group
2025-04-01 14:18:58,923 INFO: Setting the profile velocity for group Pivot_Group from config.yaml: 4
2025-04-01 14:18:58,923 INFO: Profile velocities set for group Pivot_Group: {7: 17.48, 8: 17.48}
2025-04-01 14:18:58,923 INFO: Setting the profile velocity for group Pivot_Group from config.yaml: 4
2025-04-01 14:18:58,924 INFO: Profile velocities set for group Pivot_Group: {7: 17.48, 8: 17.48}
2025-04-01 14:18:58,925 INFO: Initialised Gait 1, waiting for 3 seconds
2025-04-01 14:18:58,925 ERROR: Error controlling pivots: 'dpad_down'
2025-04-01 14:19:01,925 INFO: Setting operating mode 'multi_turn' for group 'Wheg_Group'
2025-04-01 14:19:01,926 INFO: Disabling torque for group Wheg_Group
2025-04-01 14:19:01,927 INFO: Enabling torque for group Wheg_Group
2025-04-01 14:19:01,927 INFO: Setting the profile velocity for group Wheg_Group from config.yaml: 10
2025-04-01 14:19:01,927 INFO: Profile velocities set for group Wheg_Group: {1: 43.7, 2: 43.7, 3: 43.7, 4: 43.7, 5: 43.7, 6: 43.7}
2025-04-01 14:19:01,928 INFO: Setting the profile velocity for group Wheg_Group from config.yaml: 10
2025-04-01 14:19:01,928 INFO: Profile velocities set for group Wheg_Group: {1: 43.7, 2: 43.7, 3: 43.7, 4: 43.7, 5: 43.7, 6: 43.7}
2025-04-01 14:19:01,928 INFO: New gait 1 is now active.
2025-04-01 14:19:05,561 INFO: Profile velocities set for group Wheg_Group: {1: 87.4, 2: 87.4, 3: 87.4, 4: 87.4, 5: 87.4, 6: 87.4}
2025-04-01 14:19:05,561 INFO: Incrementing motor positions by 360 degrees for group 'Wheg_Group'
2025-04-01 14:19:05,571 INFO: Gait 1 step executed at 20.00RPM, wait for 3.00 seconds
2025-04-01 14:19:10,008 INFO: Triangle pressed. Preparing to change to next gait: 2
2025-04-01 14:19:10,016 INFO: Initialising Gait 2
2025-04-01 14:19:10,017 INFO: Running set_position_group for group 'Wheg_Group' with positions: {1: 160, 2: 200, 3: 160, 4: 200, 5: 160, 6: 200}
2025-04-01 14:19:10,022 WARNING: Motor 1 is not in Position Control Mode. Setting mode now.
2025-04-01 14:19:10,022 INFO: Setting operating mode 'position' for group 'Wheg_Group'
2025-04-01 14:19:10,023 INFO: Disabling torque for group Wheg_Group
2025-04-01 14:19:10,023 INFO: Enabling torque for group Wheg_Group
2025-04-01 14:19:10,023 INFO: Setting the profile velocity for group Wheg_Group from config.yaml: 10
2025-04-01 14:19:10,024 INFO: Profile velocities set for group Wheg_Group: {1: 43.7, 2: 43.7, 3: 43.7, 4: 43.7, 5: 43.7, 6: 43.7}
2025-04-01 14:19:10,024 INFO: Setting the profile velocity for group Wheg_Group from config.yaml: 10
2025-04-01 14:19:10,025 INFO: Profile velocities set for group Wheg_Group: {1: 43.7, 2: 43.7, 3: 43.7, 4: 43.7, 5: 43.7, 6: 43.7}
2025-04-01 14:19:10,025 INFO: Running set_position_group for group 'Pivot_Group' with positions: 180
2025-04-01 14:19:10,029 INFO: Initialised Gait 2, waiting for 3 seconds
2025-04-01 14:19:10,178 INFO: Triangle pressed. Preparing to change to next gait: 2
2025-04-01 14:19:13,029 INFO: Setting operating mode 'multi_turn' for group 'Wheg_Group'
2025-04-01 14:19:13,030 INFO: Disabling torque for group Wheg_Group
2025-04-01 14:19:13,031 INFO: Enabling torque for group Wheg_Group
2025-04-01 14:19:13,031 INFO: Setting the profile velocity for group Wheg_Group from config.yaml: 10
2025-04-01 14:19:13,032 INFO: Profile velocities set for group Wheg_Group: {1: 43.7, 2: 43.7, 3: 43.7, 4: 43.7, 5: 43.7, 6: 43.7}
2025-04-01 14:19:13,032 INFO: Setting the profile velocity for group Wheg_Group from config.yaml: 10
2025-04-01 14:19:13,032 INFO: Profile velocities set for group Wheg_Group: {1: 43.7, 2: 43.7, 3: 43.7, 4: 43.7, 5: 43.7, 6: 43.7}
2025-04-01 14:19:13,033 INFO: New gait 2 is now active.
2025-04-01 14:19:17,406 WARNING: Profile velocity 160.0 for motor 2 exceeds hard limit 100. Limiting to 100.
2025-04-01 14:19:17,406 WARNING: Profile velocity 160.0 for motor 4 exceeds hard limit 100. Limiting to 100.
2025-04-01 14:19:17,406 WARNING: Profile velocity 160.0 for motor 6 exceeds hard limit 100. Limiting to 100.
2025-04-01 14:19:17,407 INFO: Profile velocities set for group Wheg_Group: {1: 87.4, 2: 437.0, 3: 87.4, 4: 437.0, 5: 87.4, 6: 437.0}
2025-04-01 14:19:17,407 INFO: Incrementing motor positions by {1: 40, 2: 320, 3: 40, 4: 320, 5: 40, 6: 320} degrees for group 'Wheg_Group'
2025-04-01 14:19:17,417 INFO: Gait 2 step executed at 20.00RPM, wait for 0.36 seconds
2025-04-01 14:19:19,771 WARNING: Profile velocity 160.0 for motor 1 exceeds hard limit 100. Limiting to 100.
2025-04-01 14:19:19,772 WARNING: Profile velocity 160.0 for motor 3 exceeds hard limit 100. Limiting to 100.
2025-04-01 14:19:19,772 WARNING: Profile velocity 160.0 for motor 5 exceeds hard limit 100. Limiting to 100.
2025-04-01 14:19:19,772 INFO: Profile velocities set for group Wheg_Group: {1: 437.0, 2: 87.4, 3: 437.0, 4: 87.4, 5: 437.0, 6: 87.4}
2025-04-01 14:19:19,772 INFO: Incrementing motor positions by {1: 320, 2: 40, 3: 320, 4: 40, 5: 320, 6: 40} degrees for group 'Wheg_Group'
2025-04-01 14:19:19,783 INFO: Gait 2 step executed at 20.00RPM, wait for 0.36 seconds
2025-04-01 14:19:21,302 WARNING: Profile velocity 160.0 for motor 2 exceeds hard limit 100. Limiting to 100.
2025-04-01 14:19:21,302 WARNING: Profile velocity 160.0 for motor 4 exceeds hard limit 100. Limiting to 100.
2025-04-01 14:19:21,302 WARNING: Profile velocity 160.0 for motor 6 exceeds hard limit 100. Limiting to 100.
2025-04-01 14:19:21,303 INFO: Profile velocities set for group Wheg_Group: {1: 87.4, 2: 437.0, 3: 87.4, 4: 437.0, 5: 87.4, 6: 437.0}
2025-04-01 14:19:21,303 INFO: Incrementing motor positions by {1: 40, 2: 320, 3: 40, 4: 320, 5: 40, 6: 320} degrees for group 'Wheg_Group'
2025-04-01 14:19:21,313 INFO: Gait 2 step executed at 20.00RPM, wait for 0.36 seconds
2025-04-01 14:19:22,822 WARNING: Profile velocity 160.0 for motor 1 exceeds hard limit 100. Limiting to 100.
2025-04-01 14:19:22,822 WARNING: Profile velocity 160.0 for motor 3 exceeds hard limit 100. Limiting to 100.
2025-04-01 14:19:22,822 WARNING: Profile velocity 160.0 for motor 5 exceeds hard limit 100. Limiting to 100.
2025-04-01 14:19:22,823 INFO: Profile velocities set for group Wheg_Group: {1: 437.0, 2: 87.4, 3: 437.0, 4: 87.4, 5: 437.0, 6: 87.4}
2025-04-01 14:19:22,823 INFO: Incrementing motor positions by {1: 320, 2: 40, 3: 320, 4: 40, 5: 320, 6: 40} degrees for group 'Wheg_Group'
2025-04-01 14:19:22,833 INFO: Gait 2 step executed at 20.00RPM, wait for 0.36 seconds
2025-04-01 14:19:24,437 WARNING: Profile velocity 160.0 for motor 2 exceeds hard limit 100. Limiting to 100.
2025-04-01 14:19:24,437 WARNING: Profile velocity 160.0 for motor 4 exceeds hard limit 100. Limiting to 100.
2025-04-01 14:19:24,437 WARNING: Profile velocity 160.0 for motor 6 exceeds hard limit 100. Limiting to 100.
2025-04-01 14:19:24,438 INFO: Profile velocities set for group Wheg_Group: {1: 87.4, 2: 437.0, 3: 87.4, 4: 437.0, 5: 87.4, 6: 437.0}
2025-04-01 14:19:24,438 INFO: Incrementing motor positions by {1: 40, 2: 320, 3: 40, 4: 320, 5: 40, 6: 320} degrees for group 'Wheg_Group'
2025-04-01 14:19:24,449 INFO: Gait 2 step executed at 20.00RPM, wait for 0.36 seconds
2025-04-01 14:19:28,346 INFO: Triangle pressed. Preparing to change to next gait: 3
2025-04-01 14:19:28,355 INFO: Initialsing Gait 3
2025-04-01 14:19:28,355 INFO: Running set_position_group for group 'Wheg_Group' with positions: {1: 200, 2: 160, 3: 160, 4: 200, 5: 160, 6: 160}
2025-04-01 14:19:28,360 WARNING: Motor 1 is not in Position Control Mode. Setting mode now.
2025-04-01 14:19:28,360 INFO: Setting operating mode 'position' for group 'Wheg_Group'
2025-04-01 14:19:28,361 INFO: Disabling torque for group Wheg_Group
2025-04-01 14:19:28,361 INFO: Enabling torque for group Wheg_Group
2025-04-01 14:19:28,361 INFO: Setting the profile velocity for group Wheg_Group from config.yaml: 10
2025-04-01 14:19:28,362 INFO: Profile velocities set for group Wheg_Group: {1: 43.7, 2: 43.7, 3: 43.7, 4: 43.7, 5: 43.7, 6: 43.7}
2025-04-01 14:19:28,362 INFO: Setting the profile velocity for group Wheg_Group from config.yaml: 10
2025-04-01 14:19:28,362 INFO: Profile velocities set for group Wheg_Group: {1: 43.7, 2: 43.7, 3: 43.7, 4: 43.7, 5: 43.7, 6: 43.7}
2025-04-01 14:19:28,363 INFO: Running set_position_group for group 'Pivot_Group' with positions: 180
2025-04-01 14:19:28,366 INFO: Initialised Gait 3, waiting for 3 seconds
2025-04-01 14:19:28,515 INFO: Triangle pressed. Preparing to change to next gait: 3
2025-04-01 14:19:31,367 INFO: Setting operating mode 'multi_turn' for group 'Wheg_Group'
2025-04-01 14:19:31,368 INFO: Disabling torque for group Wheg_Group
2025-04-01 14:19:31,369 INFO: Enabling torque for group Wheg_Group
2025-04-01 14:19:31,370 INFO: Setting the profile velocity for group Wheg_Group from config.yaml: 10
2025-04-01 14:19:31,371 INFO: Profile velocities set for group Wheg_Group: {1: 43.7, 2: 43.7, 3: 43.7, 4: 43.7, 5: 43.7, 6: 43.7}
2025-04-01 14:19:31,371 INFO: Setting the profile velocity for group Wheg_Group from config.yaml: 10
2025-04-01 14:19:31,372 INFO: Profile velocities set for group Wheg_Group: {1: 43.7, 2: 43.7, 3: 43.7, 4: 43.7, 5: 43.7, 6: 43.7}
2025-04-01 14:19:31,372 INFO: New gait 3 is now active.
2025-04-01 14:19:31,778 INFO: Profile velocities set for group Wheg_Group: {1: 87.4, 2: 87.4, 3: 87.4, 4: 87.4, 5: 87.4, 6: 87.4}
2025-04-01 14:19:31,779 INFO: Incrementing motor positions by {1: 320, 2: 40, 3: 0, 4: 320, 5: 40, 6: 0} degrees for group 'Wheg_Group'
2025-04-01 14:19:31,789 INFO: Gait 3 step executed at 20.00 RPM, wait for 2.69 seconds
2025-04-01 14:19:34,905 INFO: Profile velocities set for group Wheg_Group: {1: 87.4, 2: 87.4, 3: 87.4, 4: 87.4, 5: 87.4, 6: 87.4}
2025-04-01 14:19:34,905 INFO: Incrementing motor positions by {1: 0, 2: 320, 3: 40, 4: 0, 5: 320, 6: 40} degrees for group 'Wheg_Group'
2025-04-01 14:19:34,915 INFO: Gait 3 step executed at 20.00 RPM, wait for 2.69 seconds
2025-04-01 14:19:38,310 INFO: Profile velocities set for group Wheg_Group: {1: 87.4, 2: 87.4, 3: 87.4, 4: 87.4, 5: 87.4, 6: 87.4}
2025-04-01 14:19:38,310 INFO: Incrementing motor positions by {1: 40, 2: 0, 3: 320, 4: 40, 5: 0, 6: 320} degrees for group 'Wheg_Group'
2025-04-01 14:19:38,320 INFO: Gait 3 step executed at 20.00 RPM, wait for 2.69 seconds
2025-04-01 14:19:42,963 INFO: Square pressed. Preparing to change to previous gait: 2
2025-04-01 14:19:42,971 INFO: Initialising Gait 2
2025-04-01 14:19:42,972 INFO: Running set_position_group for group 'Wheg_Group' with positions: {1: 160, 2: 200, 3: 160, 4: 200, 5: 160, 6: 200}
2025-04-01 14:19:42,977 WARNING: Motor 1 is not in Position Control Mode. Setting mode now.
2025-04-01 14:19:42,977 INFO: Setting operating mode 'position' for group 'Wheg_Group'
2025-04-01 14:19:42,977 INFO: Disabling torque for group Wheg_Group
2025-04-01 14:19:42,978 INFO: Enabling torque for group Wheg_Group
2025-04-01 14:19:42,978 INFO: Setting the profile velocity for group Wheg_Group from config.yaml: 10
2025-04-01 14:19:42,979 INFO: Profile velocities set for group Wheg_Group: {1: 43.7, 2: 43.7, 3: 43.7, 4: 43.7, 5: 43.7, 6: 43.7}
2025-04-01 14:19:42,979 INFO: Setting the profile velocity for group Wheg_Group from config.yaml: 10
2025-04-01 14:19:42,979 INFO: Profile velocities set for group Wheg_Group: {1: 43.7, 2: 43.7, 3: 43.7, 4: 43.7, 5: 43.7, 6: 43.7}
2025-04-01 14:19:42,980 INFO: Running set_position_group for group 'Pivot_Group' with positions: 180
2025-04-01 14:19:42,983 INFO: Initialised Gait 2, waiting for 3 seconds
2025-04-01 14:19:43,132 INFO: Square pressed. Preparing to change to previous gait: 2
2025-04-01 14:19:45,991 INFO: Setting operating mode 'multi_turn' for group 'Wheg_Group'
2025-04-01 14:19:45,991 INFO: Disabling torque for group Wheg_Group
2025-04-01 14:19:45,991 INFO: Enabling torque for group Wheg_Group
2025-04-01 14:19:45,992 INFO: Setting the profile velocity for group Wheg_Group from config.yaml: 10
2025-04-01 14:19:45,992 INFO: Profile velocities set for group Wheg_Group: {1: 43.7, 2: 43.7, 3: 43.7, 4: 43.7, 5: 43.7, 6: 43.7}
2025-04-01 14:19:45,993 INFO: Setting the profile velocity for group Wheg_Group from config.yaml: 10
2025-04-01 14:19:45,993 INFO: Profile velocities set for group Wheg_Group: {1: 43.7, 2: 43.7, 3: 43.7, 4: 43.7, 5: 43.7, 6: 43.7}
2025-04-01 14:19:45,993 INFO: New gait 2 is now active.
2025-04-01 14:19:46,016 WARNING: Profile velocity 160.0 for motor 2 exceeds hard limit 100. Limiting to 100.
2025-04-01 14:19:46,016 WARNING: Profile velocity 160.0 for motor 4 exceeds hard limit 100. Limiting to 100.
2025-04-01 14:19:46,018 WARNING: Profile velocity 160.0 for motor 6 exceeds hard limit 100. Limiting to 100.
2025-04-01 14:19:46,019 INFO: Profile velocities set for group Wheg_Group: {1: 87.4, 2: 437.0, 3: 87.4, 4: 437.0, 5: 87.4, 6: 437.0}
2025-04-01 14:19:46,019 INFO: Incrementing motor positions by {1: 40, 2: 320, 3: 40, 4: 320, 5: 40, 6: 320} degrees for group 'Wheg_Group'
2025-04-01 14:19:46,029 INFO: Gait 2 step executed at 20.00RPM, wait for 0.36 seconds
2025-04-01 14:20:00,036 WARNING: Profile velocity 160.0 for motor 1 exceeds hard limit 100. Limiting to 100.
2025-04-01 14:20:00,036 WARNING: Profile velocity 160.0 for motor 3 exceeds hard limit 100. Limiting to 100.
2025-04-01 14:20:00,036 WARNING: Profile velocity 160.0 for motor 5 exceeds hard limit 100. Limiting to 100.
2025-04-01 14:20:00,037 INFO: Profile velocities set for group Wheg_Group: {1: 437.0, 2: 87.4, 3: 437.0, 4: 87.4, 5: 437.0, 6: 87.4}
2025-04-01 14:20:00,037 INFO: Incrementing motor positions by {1: 320, 2: 40, 3: 320, 4: 40, 5: 320, 6: 40} degrees for group 'Wheg_Group'
2025-04-01 14:20:00,047 INFO: Gait 2 step executed at 20.00RPM, wait for 0.36 seconds
2025-04-01 14:20:06,696 WARNING: Profile velocity 160.0 for motor 2 exceeds hard limit 100. Limiting to 100.
2025-04-01 14:20:06,697 WARNING: Profile velocity 160.0 for motor 4 exceeds hard limit 100. Limiting to 100.
2025-04-01 14:20:06,697 WARNING: Profile velocity 160.0 for motor 6 exceeds hard limit 100. Limiting to 100.
2025-04-01 14:20:06,697 INFO: Profile velocities set for group Wheg_Group: {1: 87.4, 2: 437.0, 3: 87.4, 4: 437.0, 5: 87.4, 6: 437.0}
2025-04-01 14:20:06,698 INFO: Incrementing motor positions by {1: 40, 2: 320, 3: 40, 4: 320, 5: 40, 6: 320} degrees for group 'Wheg_Group'
2025-04-01 14:20:06,709 INFO: Gait 2 step executed at 20.00RPM, wait for 0.36 seconds
2025-04-01 14:20:08,122 INFO: Square pressed. Preparing to change to previous gait: 1
2025-04-01 14:20:08,130 INFO: Initialising Gait 1
2025-04-01 14:20:08,131 INFO: Running set_position_group for group 'Wheg_Group' with positions: 180
2025-04-01 14:20:08,136 WARNING: Motor 1 is not in Position Control Mode. Setting mode now.
2025-04-01 14:20:08,136 INFO: Setting operating mode 'position' for group 'Wheg_Group'
2025-04-01 14:20:08,136 INFO: Disabling torque for group Wheg_Group
2025-04-01 14:20:08,137 INFO: Enabling torque for group Wheg_Group
2025-04-01 14:20:08,137 INFO: Setting the profile velocity for group Wheg_Group from config.yaml: 10
2025-04-01 14:20:08,138 INFO: Profile velocities set for group Wheg_Group: {1: 43.7, 2: 43.7, 3: 43.7, 4: 43.7, 5: 43.7, 6: 43.7}
2025-04-01 14:20:08,138 INFO: Setting the profile velocity for group Wheg_Group from config.yaml: 10
2025-04-01 14:20:08,139 INFO: Profile velocities set for group Wheg_Group: {1: 43.7, 2: 43.7, 3: 43.7, 4: 43.7, 5: 43.7, 6: 43.7}
2025-04-01 14:20:08,139 INFO: Running set_position_group for group 'Pivot_Group' with positions: 180
2025-04-01 14:20:08,143 INFO: Initialised Gait 1, waiting for 3 seconds
2025-04-01 14:20:08,297 INFO: Square pressed. Preparing to change to previous gait: 1
2025-04-01 14:20:11,164 INFO: Setting operating mode 'multi_turn' for group 'Wheg_Group'
2025-04-01 14:20:11,165 INFO: Disabling torque for group Wheg_Group
2025-04-01 14:20:11,165 INFO: Enabling torque for group Wheg_Group
2025-04-01 14:20:11,166 INFO: Setting the profile velocity for group Wheg_Group from config.yaml: 10
2025-04-01 14:20:11,166 INFO: Profile velocities set for group Wheg_Group: {1: 43.7, 2: 43.7, 3: 43.7, 4: 43.7, 5: 43.7, 6: 43.7}
2025-04-01 14:20:11,166 INFO: Setting the profile velocity for group Wheg_Group from config.yaml: 10
2025-04-01 14:20:11,167 INFO: Profile velocities set for group Wheg_Group: {1: 43.7, 2: 43.7, 3: 43.7, 4: 43.7, 5: 43.7, 6: 43.7}
2025-04-01 14:20:11,167 INFO: New gait 1 is now active.
2025-04-01 14:20:12,542 INFO: Profile velocities set for group Wheg_Group: {1: 87.4, 2: 87.4, 3: 87.4, 4: 87.4, 5: 87.4, 6: 87.4}
2025-04-01 14:20:12,542 INFO: Incrementing motor positions by 360 degrees for group 'Wheg_Group'
2025-04-01 14:20:12,552 INFO: Gait 1 step executed at 20.00RPM, wait for 3.00 seconds
2025-04-01 14:20:16,398 INFO: Square pressed. Preparing to change to previous gait: 4
2025-04-01 14:20:16,409 INFO: Initialising Gait 4
2025-04-01 14:20:16,412 INFO: Direction data: {1: {'drive_mode': 0}, 2: {'drive_mode': 0}, 3: {'drive_mode': 0}}
2025-04-01 14:20:16,412 INFO: Disabling torque for group Left_Whegs
2025-04-01 14:20:16,413 INFO: Drive mode set for group Left_Whegs with reverse_direction={1: 1, 2: 1, 3: 1}
2025-04-01 14:20:16,413 INFO: Enabling torque for group Left_Whegs
2025-04-01 14:20:16,413 INFO: Setting the profile velocity for group Left_Whegs from config.yaml: None
2025-04-01 14:20:16,413 ERROR: Profile velocity for group Left_Whegs not found in config.yaml and no value was provided.
2025-04-01 14:20:16,413 WARNING: Reversed the direction of the left whegs
2025-04-01 14:20:16,414 INFO: Running set_position_group for group 'Wheg_Group' with positions: {1: 160, 2: 200, 3: 160, 4: 200, 5: 160, 6: 200}
2025-04-01 14:20:16,418 WARNING: Motor 1 is not in Position Control Mode. Setting mode now.
2025-04-01 14:20:16,419 INFO: Setting operating mode 'position' for group 'Wheg_Group'
2025-04-01 14:20:16,419 INFO: Disabling torque for group Wheg_Group
2025-04-01 14:20:16,419 INFO: Enabling torque for group Wheg_Group
2025-04-01 14:20:16,420 INFO: Setting the profile velocity for group Wheg_Group from config.yaml: 10
2025-04-01 14:20:16,420 INFO: Profile velocities set for group Wheg_Group: {1: 43.7, 2: 43.7, 3: 43.7, 4: 43.7, 5: 43.7, 6: 43.7}
2025-04-01 14:20:16,420 INFO: Setting the profile velocity for group Wheg_Group from config.yaml: 10
2025-04-01 14:20:16,421 INFO: Profile velocities set for group Wheg_Group: {1: 43.7, 2: 43.7, 3: 43.7, 4: 43.7, 5: 43.7, 6: 43.7}
2025-04-01 14:20:16,421 INFO: Running set_position_group for group 'Pivot_Group' with positions: 180
2025-04-01 14:20:16,425 INFO: Initialised Gait 4, waiting for 3 seconds
2025-04-01 14:20:16,571 INFO: Square pressed. Preparing to change to previous gait: 4
2025-04-01 14:20:19,426 INFO: Setting operating mode 'multi_turn' for group 'Wheg_Group'
2025-04-01 14:20:19,426 INFO: Disabling torque for group Wheg_Group
2025-04-01 14:20:19,429 INFO: Enabling torque for group Wheg_Group
2025-04-01 14:20:19,430 INFO: Setting the profile velocity for group Wheg_Group from config.yaml: 10
2025-04-01 14:20:19,431 INFO: Profile velocities set for group Wheg_Group: {1: 43.7, 2: 43.7, 3: 43.7, 4: 43.7, 5: 43.7, 6: 43.7}
2025-04-01 14:20:19,431 INFO: Setting the profile velocity for group Wheg_Group from config.yaml: 10
2025-04-01 14:20:19,432 INFO: Profile velocities set for group Wheg_Group: {1: 43.7, 2: 43.7, 3: 43.7, 4: 43.7, 5: 43.7, 6: 43.7}
2025-04-01 14:20:19,432 INFO: New gait 4 is now active.
2025-04-01 14:20:20,178 WARNING: Profile velocity 160.0 for motor 2 exceeds hard limit 100. Limiting to 100.
2025-04-01 14:20:20,178 WARNING: Profile velocity 160.0 for motor 4 exceeds hard limit 100. Limiting to 100.
2025-04-01 14:20:20,178 WARNING: Profile velocity 160.0 for motor 6 exceeds hard limit 100. Limiting to 100.
2025-04-01 14:20:20,179 INFO: Profile velocities set for group Wheg_Group: {1: 87.4, 2: 437.0, 3: 87.4, 4: 437.0, 5: 87.4, 6: 437.0}
2025-04-01 14:20:20,179 INFO: Incrementing motor positions by {1: 40, 2: 320, 3: 40, 4: 320, 5: 40, 6: 320} degrees for group 'Wheg_Group'
2025-04-01 14:20:20,189 INFO: Gait 4 step executed at 20.00RPM, wait for 0.36 seconds
2025-04-01 14:20:21,720 WARNING: Profile velocity 160.0 for motor 1 exceeds hard limit 100. Limiting to 100.
2025-04-01 14:20:21,720 WARNING: Profile velocity 160.0 for motor 3 exceeds hard limit 100. Limiting to 100.
2025-04-01 14:20:21,720 WARNING: Profile velocity 160.0 for motor 5 exceeds hard limit 100. Limiting to 100.
2025-04-01 14:20:21,721 INFO: Profile velocities set for group Wheg_Group: {1: 437.0, 2: 87.4, 3: 437.0, 4: 87.4, 5: 437.0, 6: 87.4}
2025-04-01 14:20:21,721 INFO: Incrementing motor positions by {1: 320, 2: 40, 3: 320, 4: 40, 5: 320, 6: 40} degrees for group 'Wheg_Group'
2025-04-01 14:20:21,731 INFO: Gait 4 step executed at 20.00RPM, wait for 0.36 seconds
2025-04-01 14:20:22,750 WARNING: Profile velocity 160.0 for motor 2 exceeds hard limit 100. Limiting to 100.
2025-04-01 14:20:22,750 WARNING: Profile velocity 160.0 for motor 4 exceeds hard limit 100. Limiting to 100.
2025-04-01 14:20:22,750 WARNING: Profile velocity 160.0 for motor 6 exceeds hard limit 100. Limiting to 100.
2025-04-01 14:20:22,750 INFO: Profile velocities set for group Wheg_Group: {1: 87.4, 2: 437.0, 3: 87.4, 4: 437.0, 5: 87.4, 6: 437.0}
2025-04-01 14:20:22,751 INFO: Incrementing motor positions by {1: 40, 2: 320, 3: 40, 4: 320, 5: 40, 6: 320} degrees for group 'Wheg_Group'
2025-04-01 14:20:22,761 INFO: Gait 4 step executed at 20.00RPM, wait for 0.36 seconds
2025-04-01 14:20:24,026 WARNING: Profile velocity 160.0 for motor 1 exceeds hard limit 100. Limiting to 100.
2025-04-01 14:20:24,026 WARNING: Profile velocity 160.0 for motor 3 exceeds hard limit 100. Limiting to 100.
2025-04-01 14:20:24,027 WARNING: Profile velocity 160.0 for motor 5 exceeds hard limit 100. Limiting to 100.
2025-04-01 14:20:24,027 INFO: Profile velocities set for group Wheg_Group: {1: 437.0, 2: 87.4, 3: 437.0, 4: 87.4, 5: 437.0, 6: 87.4}
2025-04-01 14:20:24,027 INFO: Incrementing motor positions by {1: 320, 2: 40, 3: 320, 4: 40, 5: 320, 6: 40} degrees for group 'Wheg_Group'
2025-04-01 14:20:24,038 INFO: Gait 4 step executed at 20.00RPM, wait for 0.36 seconds
2025-04-01 14:20:25,209 INFO: Square pressed. Preparing to change to previous gait: 3
2025-04-01 14:20:25,218 INFO: Initialsing Gait 3
2025-04-01 14:20:25,218 INFO: Running set_position_group for group 'Wheg_Group' with positions: {1: 200, 2: 160, 3: 160, 4: 200, 5: 160, 6: 160}
2025-04-01 14:20:25,223 WARNING: Motor 1 is not in Position Control Mode. Setting mode now.
2025-04-01 14:20:25,223 INFO: Setting operating mode 'position' for group 'Wheg_Group'
2025-04-01 14:20:25,224 INFO: Disabling torque for group Wheg_Group
2025-04-01 14:20:25,224 INFO: Enabling torque for group Wheg_Group
2025-04-01 14:20:25,225 INFO: Setting the profile velocity for group Wheg_Group from config.yaml: 10
2025-04-01 14:20:25,225 INFO: Profile velocities set for group Wheg_Group: {1: 43.7, 2: 43.7, 3: 43.7, 4: 43.7, 5: 43.7, 6: 43.7}
2025-04-01 14:20:25,225 INFO: Setting the profile velocity for group Wheg_Group from config.yaml: 10
2025-04-01 14:20:25,226 INFO: Profile velocities set for group Wheg_Group: {1: 43.7, 2: 43.7, 3: 43.7, 4: 43.7, 5: 43.7, 6: 43.7}
2025-04-01 14:20:25,227 INFO: Running set_position_group for group 'Pivot_Group' with positions: 180
2025-04-01 14:20:25,230 INFO: Initialised Gait 3, waiting for 3 seconds
2025-04-01 14:20:25,380 INFO: Square pressed. Preparing to change to previous gait: 3
2025-04-01 14:20:28,231 INFO: Setting operating mode 'multi_turn' for group 'Wheg_Group'
2025-04-01 14:20:28,231 INFO: Disabling torque for group Wheg_Group
2025-04-01 14:20:28,234 INFO: Enabling torque for group Wheg_Group
2025-04-01 14:20:28,235 INFO: Setting the profile velocity for group Wheg_Group from config.yaml: 10
2025-04-01 14:20:28,235 INFO: Profile velocities set for group Wheg_Group: {1: 43.7, 2: 43.7, 3: 43.7, 4: 43.7, 5: 43.7, 6: 43.7}
2025-04-01 14:20:28,236 INFO: Setting the profile velocity for group Wheg_Group from config.yaml: 10
2025-04-01 14:20:28,236 INFO: Profile velocities set for group Wheg_Group: {1: 43.7, 2: 43.7, 3: 43.7, 4: 43.7, 5: 43.7, 6: 43.7}
2025-04-01 14:20:28,236 INFO: New gait 3 is now active.
2025-04-01 14:20:28,259 INFO: Profile velocities set for group Wheg_Group: {1: 87.4, 2: 87.4, 3: 87.4, 4: 87.4, 5: 87.4, 6: 87.4}
2025-04-01 14:20:28,260 INFO: Incrementing motor positions by {1: 320, 2: 40, 3: 0, 4: 320, 5: 40, 6: 0} degrees for group 'Wheg_Group'
2025-04-01 14:20:28,270 INFO: Gait 3 step executed at 20.00 RPM, wait for 2.69 seconds
2025-04-01 14:20:31,293 INFO: Profile velocities set for group Wheg_Group: {1: 87.4, 2: 87.4, 3: 87.4, 4: 87.4, 5: 87.4, 6: 87.4}
2025-04-01 14:20:31,293 INFO: Incrementing motor positions by {1: 0, 2: 320, 3: 40, 4: 0, 5: 320, 6: 40} degrees for group 'Wheg_Group'
2025-04-01 14:20:31,305 INFO: Gait 3 step executed at 20.00 RPM, wait for 2.69 seconds
2025-04-01 14:20:34,481 INFO: Profile velocities set for group Wheg_Group: {1: 87.4, 2: 87.4, 3: 87.4, 4: 87.4, 5: 87.4, 6: 87.4}
2025-04-01 14:20:34,481 INFO: Incrementing motor positions by {1: 40, 2: 0, 3: 320, 4: 40, 5: 0, 6: 320} degrees for group 'Wheg_Group'
2025-04-01 14:20:34,492 INFO: Gait 3 step executed at 20.00 RPM, wait for 2.69 seconds
2025-04-01 14:20:37,477 INFO: Square pressed. Preparing to change to previous gait: 2
2025-04-01 14:20:37,486 INFO: Initialising Gait 2
2025-04-01 14:20:37,486 INFO: Running set_position_group for group 'Wheg_Group' with positions: {1: 160, 2: 200, 3: 160, 4: 200, 5: 160, 6: 200}
2025-04-01 14:20:37,491 WARNING: Motor 1 is not in Position Control Mode. Setting mode now.
2025-04-01 14:20:37,491 INFO: Setting operating mode 'position' for group 'Wheg_Group'
2025-04-01 14:20:37,491 INFO: Disabling torque for group Wheg_Group
2025-04-01 14:20:37,492 INFO: Enabling torque for group Wheg_Group
2025-04-01 14:20:37,492 INFO: Setting the profile velocity for group Wheg_Group from config.yaml: 10
2025-04-01 14:20:37,493 INFO: Profile velocities set for group Wheg_Group: {1: 43.7, 2: 43.7, 3: 43.7, 4: 43.7, 5: 43.7, 6: 43.7}
2025-04-01 14:20:37,493 INFO: Setting the profile velocity for group Wheg_Group from config.yaml: 10
2025-04-01 14:20:37,493 INFO: Profile velocities set for group Wheg_Group: {1: 43.7, 2: 43.7, 3: 43.7, 4: 43.7, 5: 43.7, 6: 43.7}
2025-04-01 14:20:37,494 INFO: Running set_position_group for group 'Pivot_Group' with positions: 180
2025-04-01 14:20:37,497 INFO: Initialised Gait 2, waiting for 3 seconds
2025-04-01 14:20:37,649 INFO: Square pressed. Preparing to change to previous gait: 2
2025-04-01 14:20:40,498 INFO: Setting operating mode 'multi_turn' for group 'Wheg_Group'
2025-04-01 14:20:40,498 INFO: Disabling torque for group Wheg_Group
2025-04-01 14:20:40,499 INFO: Enabling torque for group Wheg_Group
2025-04-01 14:20:40,500 INFO: Setting the profile velocity for group Wheg_Group from config.yaml: 10
2025-04-01 14:20:40,500 INFO: Profile velocities set for group Wheg_Group: {1: 43.7, 2: 43.7, 3: 43.7, 4: 43.7, 5: 43.7, 6: 43.7}
2025-04-01 14:20:40,501 INFO: Setting the profile velocity for group Wheg_Group from config.yaml: 10
2025-04-01 14:20:40,501 INFO: Profile velocities set for group Wheg_Group: {1: 43.7, 2: 43.7, 3: 43.7, 4: 43.7, 5: 43.7, 6: 43.7}
2025-04-01 14:20:40,501 INFO: New gait 2 is now active.
2025-04-01 14:20:40,661 WARNING: Profile velocity 160.0 for motor 2 exceeds hard limit 100. Limiting to 100.
2025-04-01 14:20:40,661 WARNING: Profile velocity 160.0 for motor 4 exceeds hard limit 100. Limiting to 100.
2025-04-01 14:20:40,661 WARNING: Profile velocity 160.0 for motor 6 exceeds hard limit 100. Limiting to 100.
2025-04-01 14:20:40,662 INFO: Profile velocities set for group Wheg_Group: {1: 87.4, 2: 437.0, 3: 87.4, 4: 437.0, 5: 87.4, 6: 437.0}
2025-04-01 14:20:40,662 INFO: Incrementing motor positions by {1: 40, 2: 320, 3: 40, 4: 320, 5: 40, 6: 320} degrees for group 'Wheg_Group'
2025-04-01 14:20:40,672 INFO: Gait 2 step executed at 20.00RPM, wait for 0.36 seconds
2025-04-01 14:20:42,901 WARNING: Profile velocity 160.0 for motor 1 exceeds hard limit 100. Limiting to 100.
2025-04-01 14:20:42,901 WARNING: Profile velocity 160.0 for motor 3 exceeds hard limit 100. Limiting to 100.
2025-04-01 14:20:42,901 WARNING: Profile velocity 160.0 for motor 5 exceeds hard limit 100. Limiting to 100.
2025-04-01 14:20:42,902 INFO: Profile velocities set for group Wheg_Group: {1: 437.0, 2: 87.4, 3: 437.0, 4: 87.4, 5: 437.0, 6: 87.4}
2025-04-01 14:20:42,902 INFO: Incrementing motor positions by {1: 320, 2: 40, 3: 320, 4: 40, 5: 320, 6: 40} degrees for group 'Wheg_Group'
2025-04-01 14:20:42,912 INFO: Gait 2 step executed at 20.00RPM, wait for 0.36 seconds
2025-04-01 14:20:44,104 INFO: Square pressed. Preparing to change to previous gait: 1
2025-04-01 14:20:44,113 INFO: Initialising Gait 1
2025-04-01 14:20:44,113 INFO: Running set_position_group for group 'Wheg_Group' with positions: 180
2025-04-01 14:20:44,118 WARNING: Motor 1 is not in Position Control Mode. Setting mode now.
2025-04-01 14:20:44,119 INFO: Setting operating mode 'position' for group 'Wheg_Group'
2025-04-01 14:20:44,119 INFO: Disabling torque for group Wheg_Group
2025-04-01 14:20:44,119 INFO: Enabling torque for group Wheg_Group
2025-04-01 14:20:44,120 INFO: Setting the profile velocity for group Wheg_Group from config.yaml: 10
2025-04-01 14:20:44,120 INFO: Profile velocities set for group Wheg_Group: {1: 43.7, 2: 43.7, 3: 43.7, 4: 43.7, 5: 43.7, 6: 43.7}
2025-04-01 14:20:44,120 INFO: Setting the profile velocity for group Wheg_Group from config.yaml: 10
2025-04-01 14:20:44,121 INFO: Profile velocities set for group Wheg_Group: {1: 43.7, 2: 43.7, 3: 43.7, 4: 43.7, 5: 43.7, 6: 43.7}
2025-04-01 14:20:44,121 INFO: Running set_position_group for group 'Pivot_Group' with positions: 180
2025-04-01 14:20:44,125 INFO: Initialised Gait 1, waiting for 3 seconds
2025-04-01 14:20:44,276 INFO: Square pressed. Preparing to change to previous gait: 1
2025-04-01 14:20:47,126 INFO: Setting operating mode 'multi_turn' for group 'Wheg_Group'
2025-04-01 14:20:47,127 INFO: Disabling torque for group Wheg_Group
2025-04-01 14:20:47,127 INFO: Enabling torque for group Wheg_Group
2025-04-01 14:20:47,128 INFO: Setting the profile velocity for group Wheg_Group from config.yaml: 10
2025-04-01 14:20:47,129 INFO: Profile velocities set for group Wheg_Group: {1: 43.7, 2: 43.7, 3: 43.7, 4: 43.7, 5: 43.7, 6: 43.7}
2025-04-01 14:20:47,129 INFO: Setting the profile velocity for group Wheg_Group from config.yaml: 10
2025-04-01 14:20:47,129 INFO: Profile velocities set for group Wheg_Group: {1: 43.7, 2: 43.7, 3: 43.7, 4: 43.7, 5: 43.7, 6: 43.7}
2025-04-01 14:20:47,130 INFO: New gait 1 is now active.
2025-04-01 14:20:47,371 INFO: Profile velocities set for group Wheg_Group: {1: 87.4, 2: 87.4, 3: 87.4, 4: 87.4, 5: 87.4, 6: 87.4}
2025-04-01 14:20:47,371 INFO: Incrementing motor positions by 360 degrees for group 'Wheg_Group'
2025-04-01 14:20:47,384 INFO: Gait 1 step executed at 20.00RPM, wait for 3.00 seconds
2025-04-01 14:21:15,589 INFO: Profile velocities set for group Wheg_Group: {1: 87.4, 2: 87.4, 3: 87.4, 4: 87.4, 5: 87.4, 6: 87.4}
2025-04-01 14:21:15,590 INFO: Incrementing motor positions by 360 degrees for group 'Wheg_Group'
2025-04-01 14:21:15,600 INFO: Gait 1 step executed at 20.00RPM, wait for 3.00 seconds
2025-04-01 14:21:18,646 ERROR: Hardware error detected on motor 7: Error code 1
2025-04-01 14:21:18,646 ERROR: Motor 7: Input Voltage Error detected.
2025-04-01 14:21:18,647 ERROR: Hardware error detected on motor 8: Error code 1
2025-04-01 14:21:18,647 ERROR: Motor 8: Input Voltage Error detected.
2025-04-01 14:21:18,647 WARNING: Hardware error detected on motor 8. Rebooting motor and resetting gait...
2025-04-01 14:21:18,649 INFO: Motor 8 successfully rebooted.
2025-04-01 14:21:18,649 INFO: Motor 8 rebooted successfully.
2025-04-01 14:21:18,649 INFO: Initialising Gait 1
2025-04-01 14:21:18,649 INFO: Reboot requested, resetting torque all motors
2025-04-01 14:21:18,725 ERROR: Bulk read failed with error: [TxRxResult] There is no status packet!
2025-04-01 14:21:18,761 ERROR: Bulk read failed with error: [TxRxResult] There is no status packet!
2025-04-01 14:21:18,776 ERROR: Error retrieving motor data: 'NoneType' object has no attribute 'keys'
2025-04-01 14:21:19,150 INFO: Enabling torque for group All_Motors
2025-04-01 14:21:19,150 INFO: Setting the profile velocity for group All_Motors from config.yaml: 8
2025-04-01 14:21:19,151 INFO: Profile velocities set for group All_Motors: {1: 34.96, 2: 34.96, 3: 34.96, 4: 34.96, 5: 34.96, 6: 34.96, 7: 34.96, 8: 34.96}
2025-04-01 14:21:19,151 INFO: Running set_position_group for group 'Wheg_Group' with positions: 180
2025-04-01 14:21:19,156 WARNING: Motor 1 is not in Position Control Mode. Setting mode now.
2025-04-01 14:21:19,157 INFO: Setting operating mode 'position' for group 'Wheg_Group'
2025-04-01 14:21:19,157 INFO: Disabling torque for group Wheg_Group
2025-04-01 14:21:19,158 INFO: Enabling torque for group Wheg_Group
2025-04-01 14:21:19,158 INFO: Setting the profile velocity for group Wheg_Group from config.yaml: 10
2025-04-01 14:21:19,159 INFO: Profile velocities set for group Wheg_Group: {1: 43.7, 2: 43.7, 3: 43.7, 4: 43.7, 5: 43.7, 6: 43.7}
2025-04-01 14:21:19,159 INFO: Setting the profile velocity for group Wheg_Group from config.yaml: 10
2025-04-01 14:21:19,159 INFO: Profile velocities set for group Wheg_Group: {1: 43.7, 2: 43.7, 3: 43.7, 4: 43.7, 5: 43.7, 6: 43.7}
2025-04-01 14:21:19,161 INFO: Running set_position_group for group 'Pivot_Group' with positions: 180
2025-04-01 14:21:19,165 INFO: Initialised Gait 1, waiting for 3 seconds
2025-04-01 14:21:22,182 INFO: Setting operating mode 'multi_turn' for group 'Wheg_Group'
2025-04-01 14:21:22,182 INFO: Disabling torque for group Wheg_Group
2025-04-01 14:21:22,182 INFO: Enabling torque for group Wheg_Group
2025-04-01 14:21:22,183 INFO: Setting the profile velocity for group Wheg_Group from config.yaml: 10
2025-04-01 14:21:22,183 INFO: Profile velocities set for group Wheg_Group: {1: 43.7, 2: 43.7, 3: 43.7, 4: 43.7, 5: 43.7, 6: 43.7}
2025-04-01 14:21:22,183 INFO: Setting the profile velocity for group Wheg_Group from config.yaml: 10
2025-04-01 14:21:22,184 INFO: Profile velocities set for group Wheg_Group: {1: 43.7, 2: 43.7, 3: 43.7, 4: 43.7, 5: 43.7, 6: 43.7}
2025-04-01 14:21:22,184 INFO: New gait 1 is now active.
2025-04-01 14:21:22,201 ERROR: Hardware error detected on motor 7: Error code 1
2025-04-01 14:21:22,202 ERROR: Motor 7: Input Voltage Error detected.
2025-04-01 14:21:22,202 WARNING: Hardware error detected on motor 7. Rebooting motor and resetting gait...
2025-04-01 14:21:22,203 INFO: Motor 7 successfully rebooted.
2025-04-01 14:21:22,204 INFO: Motor 7 rebooted successfully.
2025-04-01 14:21:22,204 INFO: Initialising Gait 1
2025-04-01 14:21:22,204 INFO: Reboot requested, resetting torque all motors
2025-04-01 14:21:22,268 ERROR: Bulk read failed with error: [TxRxResult] There is no status packet!
2025-04-01 14:21:22,304 ERROR: Bulk read failed with error: [TxRxResult] There is no status packet!
2025-04-01 14:21:22,340 ERROR: Bulk read failed with error: [TxRxResult] There is no status packet!
2025-04-01 14:21:22,347 ERROR: Error retrieving motor data: 'NoneType' object has no attribute 'keys'
2025-04-01 14:21:22,705 INFO: Enabling torque for group All_Motors
2025-04-01 14:21:22,706 INFO: Setting the profile velocity for group All_Motors from config.yaml: 8
2025-04-01 14:21:22,706 INFO: Profile velocities set for group All_Motors: {1: 34.96, 2: 34.96, 3: 34.96, 4: 34.96, 5: 34.96, 6: 34.96, 7: 34.96, 8: 34.96}
2025-04-01 14:21:22,706 INFO: Running set_position_group for group 'Wheg_Group' with positions: 180
2025-04-01 14:21:22,711 WARNING: Motor 1 is not in Position Control Mode. Setting mode now.
2025-04-01 14:21:22,712 INFO: Setting operating mode 'position' for group 'Wheg_Group'
2025-04-01 14:21:22,712 INFO: Disabling torque for group Wheg_Group
2025-04-01 14:21:22,712 INFO: Enabling torque for group Wheg_Group
2025-04-01 14:21:22,713 INFO: Setting the profile velocity for group Wheg_Group from config.yaml: 10
2025-04-01 14:21:22,713 INFO: Profile velocities set for group Wheg_Group: {1: 43.7, 2: 43.7, 3: 43.7, 4: 43.7, 5: 43.7, 6: 43.7}
2025-04-01 14:21:22,713 INFO: Setting the profile velocity for group Wheg_Group from config.yaml: 10
2025-04-01 14:21:22,714 INFO: Profile velocities set for group Wheg_Group: {1: 43.7, 2: 43.7, 3: 43.7, 4: 43.7, 5: 43.7, 6: 43.7}
2025-04-01 14:21:22,714 INFO: Running set_position_group for group 'Pivot_Group' with positions: 180
2025-04-01 14:21:22,718 INFO: Initialised Gait 1, waiting for 3 seconds
2025-04-01 14:21:22,781 INFO: Triangle pressed. Preparing to change to next gait: 2
2025-04-01 14:21:22,951 INFO: Triangle pressed. Preparing to change to next gait: 2
2025-04-01 14:21:25,736 INFO: Setting operating mode 'multi_turn' for group 'Wheg_Group'
2025-04-01 14:21:25,737 INFO: Disabling torque for group Wheg_Group
2025-04-01 14:21:25,737 INFO: Enabling torque for group Wheg_Group
2025-04-01 14:21:25,738 INFO: Setting the profile velocity for group Wheg_Group from config.yaml: 10
2025-04-01 14:21:25,738 INFO: Profile velocities set for group Wheg_Group: {1: 43.7, 2: 43.7, 3: 43.7, 4: 43.7, 5: 43.7, 6: 43.7}
2025-04-01 14:21:25,738 INFO: Setting the profile velocity for group Wheg_Group from config.yaml: 10
2025-04-01 14:21:25,739 INFO: Profile velocities set for group Wheg_Group: {1: 43.7, 2: 43.7, 3: 43.7, 4: 43.7, 5: 43.7, 6: 43.7}
2025-04-01 14:21:25,739 INFO: New gait 2 is now active.
2025-04-01 14:21:25,757 ERROR: Hardware error detected on motor 7: Error code 1
2025-04-01 14:21:25,758 ERROR: Motor 7: Input Voltage Error detected.
2025-04-01 14:21:25,758 WARNING: Hardware error detected on motor 7. Rebooting motor and resetting gait...
2025-04-01 14:21:25,760 INFO: Motor 7 successfully rebooted.
2025-04-01 14:21:25,760 INFO: Motor 7 rebooted successfully.
2025-04-01 14:21:25,761 INFO: Initialising Gait 1
2025-04-01 14:21:25,761 INFO: Reboot requested, resetting torque all motors
2025-04-01 14:21:25,822 ERROR: Bulk read failed with error: [TxRxResult] There is no status packet!
2025-04-01 14:21:25,858 ERROR: Bulk read failed with error: [TxRxResult] There is no status packet!
2025-04-01 14:21:25,894 ERROR: Bulk read failed with error: [TxRxResult] There is no status packet!
2025-04-01 14:21:25,902 ERROR: Error retrieving motor data: 'NoneType' object has no attribute 'keys'
2025-04-01 14:21:26,261 INFO: Enabling torque for group All_Motors
2025-04-01 14:21:26,262 INFO: Setting the profile velocity for group All_Motors from config.yaml: 8
2025-04-01 14:21:26,263 INFO: Profile velocities set for group All_Motors: {1: 34.96, 2: 34.96, 3: 34.96, 4: 34.96, 5: 34.96, 6: 34.96, 7: 34.96, 8: 34.96}
2025-04-01 14:21:26,263 INFO: Running set_position_group for group 'Wheg_Group' with positions: 180
2025-04-01 14:21:26,268 WARNING: Motor 1 is not in Position Control Mode. Setting mode now.
2025-04-01 14:21:26,269 INFO: Setting operating mode 'position' for group 'Wheg_Group'
2025-04-01 14:21:26,269 INFO: Disabling torque for group Wheg_Group
2025-04-01 14:21:26,269 INFO: Enabling torque for group Wheg_Group
2025-04-01 14:21:26,270 INFO: Setting the profile velocity for group Wheg_Group from config.yaml: 10
2025-04-01 14:21:26,270 INFO: Profile velocities set for group Wheg_Group: {1: 43.7, 2: 43.7, 3: 43.7, 4: 43.7, 5: 43.7, 6: 43.7}
2025-04-01 14:21:26,271 INFO: Setting the profile velocity for group Wheg_Group from config.yaml: 10
2025-04-01 14:21:26,271 INFO: Profile velocities set for group Wheg_Group: {1: 43.7, 2: 43.7, 3: 43.7, 4: 43.7, 5: 43.7, 6: 43.7}
2025-04-01 14:21:26,272 INFO: Running set_position_group for group 'Pivot_Group' with positions: 180
2025-04-01 14:21:26,275 INFO: Initialised Gait 1, waiting for 3 seconds
2025-04-01 14:21:29,248 INFO: Triangle pressed. Preparing to change to next gait: 3
2025-04-01 14:21:29,277 INFO: Setting operating mode 'multi_turn' for group 'Wheg_Group'
2025-04-01 14:21:29,277 INFO: Disabling torque for group Wheg_Group
2025-04-01 14:21:29,278 INFO: Enabling torque for group Wheg_Group
2025-04-01 14:21:29,278 INFO: Setting the profile velocity for group Wheg_Group from config.yaml: 10
2025-04-01 14:21:29,279 INFO: Profile velocities set for group Wheg_Group: {1: 43.7, 2: 43.7, 3: 43.7, 4: 43.7, 5: 43.7, 6: 43.7}
2025-04-01 14:21:29,279 INFO: Setting the profile velocity for group Wheg_Group from config.yaml: 10
2025-04-01 14:21:29,280 INFO: Profile velocities set for group Wheg_Group: {1: 43.7, 2: 43.7, 3: 43.7, 4: 43.7, 5: 43.7, 6: 43.7}
2025-04-01 14:21:29,280 INFO: New gait 3 is now active.
2025-04-01 14:21:29,298 ERROR: Hardware error detected on motor 7: Error code 1
2025-04-01 14:21:29,299 ERROR: Motor 7: Input Voltage Error detected.
2025-04-01 14:21:29,299 ERROR: Hardware error detected on motor 8: Error code 1
2025-04-01 14:21:29,299 ERROR: Motor 8: Input Voltage Error detected.
2025-04-01 14:21:29,299 WARNING: Hardware error detected on motor 8. Rebooting motor and resetting gait...
2025-04-01 14:21:29,301 INFO: Motor 8 successfully rebooted.
2025-04-01 14:21:29,301 INFO: Motor 8 rebooted successfully.
2025-04-01 14:21:29,301 INFO: Initialising Gait 1
2025-04-01 14:21:29,301 INFO: Reboot requested, resetting torque all motors
2025-04-01 14:21:29,337 ERROR: Bulk read failed with error: [TxRxResult] There is no status packet!
2025-04-01 14:21:29,373 ERROR: Bulk read failed with error: [TxRxResult] There is no status packet!
2025-04-01 14:21:29,409 ERROR: Bulk read failed with error: [TxRxResult] There is no status packet!
2025-04-01 14:21:29,417 ERROR: Error retrieving motor data: 'NoneType' object has no attribute 'keys'
2025-04-01 14:21:29,424 INFO: Triangle pressed. Preparing to change to next gait: 4
2025-04-01 14:21:29,802 INFO: Enabling torque for group All_Motors
2025-04-01 14:21:29,803 INFO: Setting the profile velocity for group All_Motors from config.yaml: 8
2025-04-01 14:21:29,803 INFO: Profile velocities set for group All_Motors: {1: 34.96, 2: 34.96, 3: 34.96, 4: 34.96, 5: 34.96, 6: 34.96, 7: 34.96, 8: 34.96}
2025-04-01 14:21:29,804 INFO: Running set_position_group for group 'Wheg_Group' with positions: 180
2025-04-01 14:21:29,809 WARNING: Motor 1 is not in Position Control Mode. Setting mode now.
2025-04-01 14:21:29,810 INFO: Setting operating mode 'position' for group 'Wheg_Group'
2025-04-01 14:21:29,811 INFO: Disabling torque for group Wheg_Group
2025-04-01 14:21:29,813 INFO: Enabling torque for group Wheg_Group
2025-04-01 14:21:29,813 INFO: Setting the profile velocity for group Wheg_Group from config.yaml: 10
2025-04-01 14:21:29,814 INFO: Profile velocities set for group Wheg_Group: {1: 43.7, 2: 43.7, 3: 43.7, 4: 43.7, 5: 43.7, 6: 43.7}
2025-04-01 14:21:29,815 INFO: Setting the profile velocity for group Wheg_Group from config.yaml: 10
2025-04-01 14:21:29,815 INFO: Profile velocities set for group Wheg_Group: {1: 43.7, 2: 43.7, 3: 43.7, 4: 43.7, 5: 43.7, 6: 43.7}
2025-04-01 14:21:29,816 INFO: Running set_position_group for group 'Pivot_Group' with positions: 180
2025-04-01 14:21:29,819 INFO: Initialised Gait 1, waiting for 3 seconds
2025-04-01 14:21:32,823 INFO: Setting operating mode 'multi_turn' for group 'Wheg_Group'
2025-04-01 14:21:32,825 INFO: Disabling torque for group Wheg_Group
2025-04-01 14:21:32,831 INFO: Enabling torque for group Wheg_Group
2025-04-01 14:21:32,836 INFO: Setting the profile velocity for group Wheg_Group from config.yaml: 10
2025-04-01 14:21:32,841 INFO: Profile velocities set for group Wheg_Group: {1: 43.7, 2: 43.7, 3: 43.7, 4: 43.7, 5: 43.7, 6: 43.7}
2025-04-01 14:21:32,842 INFO: Setting the profile velocity for group Wheg_Group from config.yaml: 10
2025-04-01 14:21:32,843 INFO: Profile velocities set for group Wheg_Group: {1: 43.7, 2: 43.7, 3: 43.7, 4: 43.7, 5: 43.7, 6: 43.7}
2025-04-01 14:21:32,845 INFO: New gait 4 is now active.
2025-04-01 14:21:32,941 ERROR: Hardware error detected on motor 7: Error code 1
2025-04-01 14:21:32,943 ERROR: Motor 7: Input Voltage Error detected.
2025-04-01 14:21:32,944 ERROR: Hardware error detected on motor 8: Error code 1
2025-04-01 14:21:32,948 ERROR: Motor 8: Input Voltage Error detected.
2025-04-01 14:21:32,949 WARNING: Hardware error detected on motor 8. Rebooting motor and resetting gait...
2025-04-01 14:21:32,951 INFO: Motor 8 successfully rebooted.
2025-04-01 14:21:32,951 INFO: Motor 8 rebooted successfully.
2025-04-01 14:21:32,952 INFO: Initialising Gait 1
2025-04-01 14:21:32,952 INFO: Reboot requested, resetting torque all motors
2025-04-01 14:21:33,020 ERROR: Bulk read failed with error: [TxRxResult] There is no status packet!
2025-04-01 14:21:33,058 ERROR: Bulk read failed with error: [TxRxResult] There is no status packet!
2025-04-01 14:21:33,074 ERROR: Error retrieving motor data: 'NoneType' object has no attribute 'keys'
2025-04-01 14:21:33,474 INFO: Enabling torque for group All_Motors
2025-04-01 14:21:33,474 INFO: Setting the profile velocity for group All_Motors from config.yaml: 8
2025-04-01 14:21:33,475 INFO: Profile velocities set for group All_Motors: {1: 34.96, 2: 34.96, 3: 34.96, 4: 34.96, 5: 34.96, 6: 34.96, 7: 34.96, 8: 34.96}
2025-04-01 14:21:33,476 INFO: Running set_position_group for group 'Wheg_Group' with positions: 180
2025-04-01 14:21:33,481 WARNING: Motor 1 is not in Position Control Mode. Setting mode now.
2025-04-01 14:21:33,481 INFO: Setting operating mode 'position' for group 'Wheg_Group'
2025-04-01 14:21:33,481 INFO: Disabling torque for group Wheg_Group
2025-04-01 14:21:33,482 INFO: Enabling torque for group Wheg_Group
2025-04-01 14:21:33,482 INFO: Setting the profile velocity for group Wheg_Group from config.yaml: 10
2025-04-01 14:21:33,483 INFO: Profile velocities set for group Wheg_Group: {1: 43.7, 2: 43.7, 3: 43.7, 4: 43.7, 5: 43.7, 6: 43.7}
2025-04-01 14:21:33,483 INFO: Setting the profile velocity for group Wheg_Group from config.yaml: 10
2025-04-01 14:21:33,483 INFO: Profile velocities set for group Wheg_Group: {1: 43.7, 2: 43.7, 3: 43.7, 4: 43.7, 5: 43.7, 6: 43.7}
2025-04-01 14:21:33,483 INFO: Running set_position_group for group 'Pivot_Group' with positions: 180
2025-04-01 14:21:33,487 INFO: Initialised Gait 1, waiting for 3 seconds
2025-04-01 14:21:36,488 INFO: Setting operating mode 'multi_turn' for group 'Wheg_Group'
2025-04-01 14:21:36,489 INFO: Disabling torque for group Wheg_Group
2025-04-01 14:21:36,490 INFO: Enabling torque for group Wheg_Group
2025-04-01 14:21:36,491 INFO: Setting the profile velocity for group Wheg_Group from config.yaml: 10
2025-04-01 14:21:36,491 INFO: Profile velocities set for group Wheg_Group: {1: 43.7, 2: 43.7, 3: 43.7, 4: 43.7, 5: 43.7, 6: 43.7}
2025-04-01 14:21:36,492 INFO: Setting the profile velocity for group Wheg_Group from config.yaml: 10
2025-04-01 14:21:36,492 INFO: Profile velocities set for group Wheg_Group: {1: 43.7, 2: 43.7, 3: 43.7, 4: 43.7, 5: 43.7, 6: 43.7}
2025-04-01 14:21:36,493 INFO: New gait 1 is now active.
2025-04-01 14:21:36,510 ERROR: Hardware error detected on motor 7: Error code 1
2025-04-01 14:21:36,510 ERROR: Motor 7: Input Voltage Error detected.
2025-04-01 14:21:36,511 ERROR: Hardware error detected on motor 8: Error code 1
2025-04-01 14:21:36,511 ERROR: Motor 8: Input Voltage Error detected.
2025-04-01 14:21:36,511 WARNING: Hardware error detected on motor 8. Rebooting motor and resetting gait...
2025-04-01 14:21:36,513 INFO: Motor 8 successfully rebooted.
2025-04-01 14:21:36,513 INFO: Motor 8 rebooted successfully.
2025-04-01 14:21:36,513 INFO: Initialising Gait 1
2025-04-01 14:21:36,513 INFO: Reboot requested, resetting torque all motors
2025-04-01 14:21:36,568 ERROR: Bulk read failed with error: [TxRxResult] There is no status packet!
2025-04-01 14:21:36,604 ERROR: Bulk read failed with error: [TxRxResult] There is no status packet!
2025-04-01 14:21:36,640 ERROR: Bulk read failed with error: [TxRxResult] There is no status packet!
2025-04-01 14:21:36,653 ERROR: Error retrieving motor data: 'NoneType' object has no attribute 'keys'
2025-04-01 14:21:37,047 INFO: Enabling torque for group All_Motors
2025-04-01 14:21:37,048 INFO: Setting the profile velocity for group All_Motors from config.yaml: 8
2025-04-01 14:21:37,049 INFO: Profile velocities set for group All_Motors: {1: 34.96, 2: 34.96, 3: 34.96, 4: 34.96, 5: 34.96, 6: 34.96, 7: 34.96, 8: 34.96}
2025-04-01 14:21:37,049 INFO: Running set_position_group for group 'Wheg_Group' with positions: 180
2025-04-01 14:21:37,055 WARNING: Motor 1 is not in Position Control Mode. Setting mode now.
2025-04-01 14:21:37,055 INFO: Setting operating mode 'position' for group 'Wheg_Group'
2025-04-01 14:21:37,056 INFO: Disabling torque for group Wheg_Group
2025-04-01 14:21:37,057 INFO: Enabling torque for group Wheg_Group
2025-04-01 14:21:37,058 INFO: Setting the profile velocity for group Wheg_Group from config.yaml: 10
2025-04-01 14:21:37,059 INFO: Profile velocities set for group Wheg_Group: {1: 43.7, 2: 43.7, 3: 43.7, 4: 43.7, 5: 43.7, 6: 43.7}
2025-04-01 14:21:37,059 INFO: Setting the profile velocity for group Wheg_Group from config.yaml: 10
2025-04-01 14:21:37,060 INFO: Profile velocities set for group Wheg_Group: {1: 43.7, 2: 43.7, 3: 43.7, 4: 43.7, 5: 43.7, 6: 43.7}
2025-04-01 14:21:37,061 INFO: Running set_position_group for group 'Pivot_Group' with positions: 180
2025-04-01 14:21:37,065 INFO: Initialised Gait 1, waiting for 3 seconds
2025-04-01 14:21:40,096 INFO: Setting operating mode 'multi_turn' for group 'Wheg_Group'
2025-04-01 14:21:40,097 INFO: Disabling torque for group Wheg_Group
2025-04-01 14:21:40,099 INFO: Enabling torque for group Wheg_Group
2025-04-01 14:21:40,099 INFO: Setting the profile velocity for group Wheg_Group from config.yaml: 10
2025-04-01 14:21:40,100 INFO: Profile velocities set for group Wheg_Group: {1: 43.7, 2: 43.7, 3: 43.7, 4: 43.7, 5: 43.7, 6: 43.7}
2025-04-01 14:21:40,100 INFO: Setting the profile velocity for group Wheg_Group from config.yaml: 10
2025-04-01 14:21:40,100 INFO: Profile velocities set for group Wheg_Group: {1: 43.7, 2: 43.7, 3: 43.7, 4: 43.7, 5: 43.7, 6: 43.7}
2025-04-01 14:21:40,101 INFO: New gait 1 is now active.
2025-04-01 14:21:40,118 ERROR: Hardware error detected on motor 7: Error code 1
2025-04-01 14:21:40,119 ERROR: Motor 7: Input Voltage Error detected.
2025-04-01 14:21:40,119 ERROR: Hardware error detected on motor 8: Error code 1
2025-04-01 14:21:40,119 ERROR: Motor 8: Input Voltage Error detected.
2025-04-01 14:21:40,119 WARNING: Hardware error detected on motor 8. Rebooting motor and resetting gait...
2025-04-01 14:21:40,121 INFO: Motor 8 successfully rebooted.
2025-04-01 14:21:40,122 INFO: Motor 8 rebooted successfully.
2025-04-01 14:21:40,122 INFO: Initialising Gait 1
2025-04-01 14:21:40,122 INFO: Reboot requested, resetting torque all motors
2025-04-01 14:21:40,182 ERROR: Bulk read failed with error: [TxRxResult] There is no status packet!
2025-04-01 14:21:40,218 ERROR: Bulk read failed with error: [TxRxResult] There is no status packet!
2025-04-01 14:21:40,254 ERROR: Bulk read failed with error: [TxRxResult] There is no status packet!
2025-04-01 14:21:40,262 ERROR: Error retrieving motor data: 'NoneType' object has no attribute 'keys'
2025-04-01 14:21:40,438 INFO: Triangle pressed. Preparing to change to next gait: 2
2025-04-01 14:21:40,611 INFO: Triangle pressed. Preparing to change to next gait: 2
2025-04-01 14:21:40,623 INFO: Enabling torque for group All_Motors
2025-04-01 14:21:40,624 INFO: Setting the profile velocity for group All_Motors from config.yaml: 8
2025-04-01 14:21:40,624 INFO: Profile velocities set for group All_Motors: {1: 34.96, 2: 34.96, 3: 34.96, 4: 34.96, 5: 34.96, 6: 34.96, 7: 34.96, 8: 34.96}
2025-04-01 14:21:40,624 INFO: Running set_position_group for group 'Wheg_Group' with positions: 180
2025-04-01 14:21:40,629 WARNING: Motor 1 is not in Position Control Mode. Setting mode now.
2025-04-01 14:21:40,630 INFO: Setting operating mode 'position' for group 'Wheg_Group'
2025-04-01 14:21:40,630 INFO: Disabling torque for group Wheg_Group
2025-04-01 14:21:40,630 INFO: Enabling torque for group Wheg_Group
2025-04-01 14:21:40,631 INFO: Setting the profile velocity for group Wheg_Group from config.yaml: 10
2025-04-01 14:21:40,631 INFO: Profile velocities set for group Wheg_Group: {1: 43.7, 2: 43.7, 3: 43.7, 4: 43.7, 5: 43.7, 6: 43.7}
2025-04-01 14:21:40,631 INFO: Setting the profile velocity for group Wheg_Group from config.yaml: 10
2025-04-01 14:21:40,632 INFO: Profile velocities set for group Wheg_Group: {1: 43.7, 2: 43.7, 3: 43.7, 4: 43.7, 5: 43.7, 6: 43.7}
2025-04-01 14:21:40,632 INFO: Running set_position_group for group 'Pivot_Group' with positions: 180
2025-04-01 14:21:40,636 INFO: Initialised Gait 1, waiting for 3 seconds
2025-04-01 14:21:41,127 INFO: Square pressed. Preparing to change to previous gait: 4
2025-04-01 14:21:41,297 INFO: Square pressed. Preparing to change to previous gait: 4
2025-04-01 14:21:42,873 INFO: Running set_position_group for group 'Pivot_Group' with positions: {7: 175, 8: 180}
2025-04-01 14:21:42,877 INFO: Front pivot angle set to 175 degrees (ticks: 175)
2025-04-01 14:21:42,878 INFO: Rear pivot angle set to 180 degrees (ticks: 180)
2025-04-01 14:21:43,658 INFO: Setting operating mode 'multi_turn' for group 'Wheg_Group'
2025-04-01 14:21:43,658 INFO: Disabling torque for group Wheg_Group
2025-04-01 14:21:43,659 INFO: Enabling torque for group Wheg_Group
2025-04-01 14:21:43,660 INFO: Setting the profile velocity for group Wheg_Group from config.yaml: 10
2025-04-01 14:21:43,660 INFO: Profile velocities set for group Wheg_Group: {1: 43.7, 2: 43.7, 3: 43.7, 4: 43.7, 5: 43.7, 6: 43.7}
2025-04-01 14:21:43,660 INFO: Setting the profile velocity for group Wheg_Group from config.yaml: 10
2025-04-01 14:21:43,661 INFO: Profile velocities set for group Wheg_Group: {1: 43.7, 2: 43.7, 3: 43.7, 4: 43.7, 5: 43.7, 6: 43.7}
2025-04-01 14:21:43,661 INFO: New gait 4 is now active.
2025-04-01 14:21:43,661 INFO: Running set_position_group for group 'Pivot_Group' with positions: {7: 180, 8: 180}
2025-04-01 14:21:43,665 INFO: Front pivot angle set to 180 degrees (ticks: 180)
2025-04-01 14:21:43,665 INFO: Rear pivot angle set to 180 degrees (ticks: 180)
2025-04-01 14:21:43,679 ERROR: Hardware error detected on motor 7: Error code 1
2025-04-01 14:21:43,679 ERROR: Motor 7: Input Voltage Error detected.
2025-04-01 14:21:43,679 ERROR: Hardware error detected on motor 8: Error code 1
2025-04-01 14:21:43,679 ERROR: Motor 8: Input Voltage Error detected.
2025-04-01 14:21:43,679 WARNING: Hardware error detected on motor 8. Rebooting motor and resetting gait...
2025-04-01 14:21:43,681 INFO: Motor 8 successfully rebooted.
2025-04-01 14:21:43,682 INFO: Motor 8 rebooted successfully.
2025-04-01 14:21:43,682 INFO: Initialising Gait 1
2025-04-01 14:21:43,682 INFO: Reboot requested, resetting torque all motors
2025-04-01 14:21:43,745 ERROR: Bulk read failed with error: [TxRxResult] There is no status packet!
2025-04-01 14:21:43,781 ERROR: Bulk read failed with error: [TxRxResult] There is no status packet!
2025-04-01 14:21:43,816 ERROR: Bulk read failed with error: [TxRxResult] There is no status packet!
2025-04-01 14:21:43,824 ERROR: Error retrieving motor data: 'NoneType' object has no attribute 'keys'
2025-04-01 14:21:44,183 INFO: Enabling torque for group All_Motors
2025-04-01 14:21:44,183 INFO: Setting the profile velocity for group All_Motors from config.yaml: 8
2025-04-01 14:21:44,184 INFO: Profile velocities set for group All_Motors: {1: 34.96, 2: 34.96, 3: 34.96, 4: 34.96, 5: 34.96, 6: 34.96, 7: 34.96, 8: 34.96}
2025-04-01 14:21:44,184 INFO: Running set_position_group for group 'Wheg_Group' with positions: 180
2025-04-01 14:21:44,189 WARNING: Motor 1 is not in Position Control Mode. Setting mode now.
2025-04-01 14:21:44,189 INFO: Setting operating mode 'position' for group 'Wheg_Group'
2025-04-01 14:21:44,189 INFO: Disabling torque for group Wheg_Group
2025-04-01 14:21:44,190 INFO: Enabling torque for group Wheg_Group
2025-04-01 14:21:44,190 INFO: Setting the profile velocity for group Wheg_Group from config.yaml: 10
2025-04-01 14:21:44,191 INFO: Profile velocities set for group Wheg_Group: {1: 43.7, 2: 43.7, 3: 43.7, 4: 43.7, 5: 43.7, 6: 43.7}
2025-04-01 14:21:44,191 INFO: Setting the profile velocity for group Wheg_Group from config.yaml: 10
2025-04-01 14:21:44,191 INFO: Profile velocities set for group Wheg_Group: {1: 43.7, 2: 43.7, 3: 43.7, 4: 43.7, 5: 43.7, 6: 43.7}
2025-04-01 14:21:44,192 INFO: Running set_position_group for group 'Pivot_Group' with positions: 180
2025-04-01 14:21:44,195 INFO: Initialised Gait 1, waiting for 3 seconds
2025-04-01 14:21:44,865 INFO: Triangle pressed. Preparing to change to next gait: 1
2025-04-01 14:21:45,041 INFO: Triangle pressed. Preparing to change to next gait: 1
2025-04-01 14:21:45,386 INFO: Triangle pressed. Preparing to change to next gait: 1
2025-04-01 14:21:45,387 INFO: Square pressed. Preparing to change to previous gait: 3
2025-04-01 14:21:45,558 INFO: Triangle pressed. Preparing to change to next gait: 1
2025-04-01 14:21:45,559 INFO: Square pressed. Preparing to change to previous gait: 3
2025-04-01 14:21:46,333 WARNING: Emergency stop activated! Stopping all motors asynchronously.
2025-04-01 14:21:46,333 INFO: Setting operating mode 'velocity' for group 'All_Motors'
2025-04-01 14:21:46,333 INFO: Disabling torque for group All_Motors
2025-04-01 14:21:46,334 INFO: Enabling torque for group All_Motors
2025-04-01 14:21:46,335 INFO: Setting the profile velocity for group All_Motors from config.yaml: 8
2025-04-01 14:21:46,335 INFO: Profile velocities set for group All_Motors: {1: 34.96, 2: 34.96, 3: 34.96, 4: 34.96, 5: 34.96, 6: 34.96, 7: 34.96, 8: 34.96}
2025-04-01 14:21:46,336 WARNING: Velocity limit 200 exceeds hard limit 100. Limiting to 100.
2025-04-01 14:21:46,336 INFO: Velocity limit set to 100 for group All_Motors
2025-04-01 14:21:46,336 INFO: Enabling torque for group All_Motors
2025-04-01 14:21:46,336 INFO: Setting the profile velocity for group All_Motors from config.yaml: 8
2025-04-01 14:21:46,337 INFO: Profile velocities set for group All_Motors: {1: 34.96, 2: 34.96, 3: 34.96, 4: 34.96, 5: 34.96, 6: 34.96, 7: 34.96, 8: 34.96}
2025-04-01 14:21:46,338 INFO: Target velocities set for group All_Motors: {1: 0, 2: 0, 3: 0, 4: 0, 5: 0, 6: 0, 7: 0, 8: 0}
2025-04-01 14:21:46,434 WARNING: Emergency stop activated! Stopping all motors asynchronously.
2025-04-01 14:21:46,435 INFO: Setting operating mode 'velocity' for group 'All_Motors'
2025-04-01 14:21:46,435 INFO: Disabling torque for group All_Motors
2025-04-01 14:21:46,435 INFO: Enabling torque for group All_Motors
2025-04-01 14:21:46,436 INFO: Setting the profile velocity for group All_Motors from config.yaml: 8
2025-04-01 14:21:46,437 INFO: Profile velocities set for group All_Motors: {1: 34.96, 2: 34.96, 3: 34.96, 4: 34.96, 5: 34.96, 6: 34.96, 7: 34.96, 8: 34.96}
2025-04-01 14:21:46,437 WARNING: Velocity limit 200 exceeds hard limit 100. Limiting to 100.
2025-04-01 14:21:46,437 INFO: Velocity limit set to 100 for group All_Motors
2025-04-01 14:21:46,437 INFO: Enabling torque for group All_Motors
2025-04-01 14:21:46,438 INFO: Setting the profile velocity for group All_Motors from config.yaml: 8
2025-04-01 14:21:46,438 INFO: Profile velocities set for group All_Motors: {1: 34.96, 2: 34.96, 3: 34.96, 4: 34.96, 5: 34.96, 6: 34.96, 7: 34.96, 8: 34.96}
2025-04-01 14:21:46,439 INFO: Target velocities set for group All_Motors: {1: 0, 2: 0, 3: 0, 4: 0, 5: 0, 6: 0, 7: 0, 8: 0}
2025-04-01 14:21:46,535 WARNING: Emergency stop activated! Stopping all motors asynchronously.
2025-04-01 14:21:46,535 INFO: Setting operating mode 'velocity' for group 'All_Motors'
2025-04-01 14:21:46,535 INFO: Disabling torque for group All_Motors
2025-04-01 14:21:46,536 INFO: Enabling torque for group All_Motors
2025-04-01 14:21:46,536 INFO: Setting the profile velocity for group All_Motors from config.yaml: 8
2025-04-01 14:21:46,537 INFO: Profile velocities set for group All_Motors: {1: 34.96, 2: 34.96, 3: 34.96, 4: 34.96, 5: 34.96, 6: 34.96, 7: 34.96, 8: 34.96}
2025-04-01 14:21:46,537 WARNING: Velocity limit 200 exceeds hard limit 100. Limiting to 100.
2025-04-01 14:21:46,538 INFO: Velocity limit set to 100 for group All_Motors
2025-04-01 14:21:46,538 INFO: Enabling torque for group All_Motors
2025-04-01 14:21:46,538 INFO: Setting the profile velocity for group All_Motors from config.yaml: 8
2025-04-01 14:21:46,539 INFO: Profile velocities set for group All_Motors: {1: 34.96, 2: 34.96, 3: 34.96, 4: 34.96, 5: 34.96, 6: 34.96, 7: 34.96, 8: 34.96}
2025-04-01 14:21:46,539 INFO: Target velocities set for group All_Motors: {1: 0, 2: 0, 3: 0, 4: 0, 5: 0, 6: 0, 7: 0, 8: 0}
2025-04-01 14:21:47,197 INFO: Setting operating mode 'multi_turn' for group 'Wheg_Group'
2025-04-01 14:21:47,197 INFO: Disabling torque for group Wheg_Group
2025-04-01 14:21:47,197 INFO: Enabling torque for group Wheg_Group
2025-04-01 14:21:47,198 INFO: Setting the profile velocity for group Wheg_Group from config.yaml: 10
2025-04-01 14:21:47,198 INFO: Profile velocities set for group Wheg_Group: {1: 43.7, 2: 43.7, 3: 43.7, 4: 43.7, 5: 43.7, 6: 43.7}
2025-04-01 14:21:47,199 INFO: Setting the profile velocity for group Wheg_Group from config.yaml: 10
2025-04-01 14:21:47,199 INFO: Profile velocities set for group Wheg_Group: {1: 43.7, 2: 43.7, 3: 43.7, 4: 43.7, 5: 43.7, 6: 43.7}
2025-04-01 14:21:47,199 INFO: New gait 3 is now active.
2025-04-01 14:21:49,067 INFO: Triangle pressed. Preparing to change to next gait: 4
2025-04-01 14:21:49,249 INFO: Triangle pressed. Preparing to change to next gait: 4
2025-04-01 14:21:49,426 INFO: Triangle pressed. Preparing to change to next gait: 4
2025-04-01 14:21:52,672 INFO: Triangle pressed. Preparing to change to next gait: 4
2025-04-01 14:21:52,851 INFO: Triangle pressed. Preparing to change to next gait: 4
2025-04-01 14:21:52,941 INFO: Square pressed. Preparing to change to previous gait: 2
2025-04-01 14:21:53,030 INFO: Triangle pressed. Preparing to change to next gait: 4
2025-04-01 14:21:53,119 INFO: Square pressed. Preparing to change to previous gait: 2
2025-04-01 14:21:55,003 INFO: Tasks were cancelled due to shutdown, proceeding to cleanup...
2025-04-01 14:21:55,003 INFO: Initiating safe shutdown...
2025-04-01 14:21:55,003 INFO: Setting operating mode 'velocity' for group 'All_Motors'
2025-04-01 14:21:55,004 INFO: Disabling torque for group All_Motors
2025-04-01 14:21:55,004 INFO: Enabling torque for group All_Motors
2025-04-01 14:21:55,005 INFO: Setting the profile velocity for group All_Motors from config.yaml: 8
2025-04-01 14:21:55,006 INFO: Profile velocities set for group All_Motors: {1: 34.96, 2: 34.96, 3: 34.96, 4: 34.96, 5: 34.96, 6: 34.96, 7: 34.96, 8: 34.96}
2025-04-01 14:21:55,006 WARNING: Velocity limit 200 exceeds hard limit 100. Limiting to 100.
2025-04-01 14:21:55,007 INFO: Velocity limit set to 100 for group All_Motors
2025-04-01 14:21:55,007 INFO: Enabling torque for group All_Motors
2025-04-01 14:21:55,008 INFO: Setting the profile velocity for group All_Motors from config.yaml: 8
2025-04-01 14:21:55,008 INFO: Profile velocities set for group All_Motors: {1: 34.96, 2: 34.96, 3: 34.96, 4: 34.96, 5: 34.96, 6: 34.96, 7: 34.96, 8: 34.96}
2025-04-01 14:21:55,009 INFO: Target velocities set for group All_Motors: {1: 0, 2: 0, 3: 0, 4: 0, 5: 0, 6: 0, 7: 0, 8: 0}
2025-04-01 14:21:55,009 INFO: Running set_position_group for group 'All_Motors' with positions: 180
2025-04-01 14:21:55,017 WARNING: Motor 1 is not in Position Control Mode. Setting mode now.
2025-04-01 14:21:55,017 INFO: Setting operating mode 'position' for group 'All_Motors'
2025-04-01 14:21:55,017 INFO: Disabling torque for group All_Motors
2025-04-01 14:21:55,018 INFO: Enabling torque for group All_Motors
2025-04-01 14:21:55,018 INFO: Setting the profile velocity for group All_Motors from config.yaml: 8
2025-04-01 14:21:55,019 INFO: Profile velocities set for group All_Motors: {1: 34.96, 2: 34.96, 3: 34.96, 4: 34.96, 5: 34.96, 6: 34.96, 7: 34.96, 8: 34.96}
2025-04-01 14:21:55,019 INFO: Setting the profile velocity for group All_Motors from config.yaml: 8
2025-04-01 14:21:55,020 INFO: Profile velocities set for group All_Motors: {1: 34.96, 2: 34.96, 3: 34.96, 4: 34.96, 5: 34.96, 6: 34.96, 7: 34.96, 8: 34.96}
2025-04-01 14:21:55,020 INFO: Closing PS4Controller and quitting pygame
2025-04-01 14:21:55,122 INFO: Port closed successfully.
2025-04-01 14:21:55,122 INFO: Shutdown complete.
