2024-10-28 21:24:49,088 INFO: Initializing PS4Controller
2024-10-28 21:24:49,352 INFO: Configuration loaded successfully
2024-10-28 21:24:49,355 INFO: Port /dev/ttyACM0 opened successfully
2024-10-28 21:24:49,365 INFO: Baudrate set to 1000000
2024-10-28 21:24:49,366 INFO: Control table loaded successfully.
2024-10-28 21:24:49,367 INFO: Motor group 'Pivot_Group' created with motors: [7, 8]
2024-10-28 21:24:49,367 INFO: Motor group 'Wheg_Group' created with motors: [1, 2, 3, 4, 5, 6]
2024-10-28 21:24:49,368 INFO: Motor group 'All_Motors' created with motors: [1, 2, 3, 4, 5, 6, 7, 8]
2024-10-28 21:24:49,368 INFO: Motor group 'Left_Whegs' created with motors: [1, 2, 3]
2024-10-28 21:24:49,369 INFO: Motor group 'Right_Whegs' created with motors: [4, 5, 6]
2024-10-28 21:24:49,369 INFO: Motor group 'Front_Whegs' created with motors: [3, 6]
2024-10-28 21:24:49,369 INFO: Motor group 'Rear_Whegs' created with motors: [1, 4]
2024-10-28 21:24:49,370 INFO: Motor group 'Middle_Whegs' created with motors: [2, 5]
2024-10-28 21:24:49,370 INFO: Motor group 'Two_Right_One_Left' created with motors: [2, 4, 6]
2024-10-28 21:24:49,371 INFO: Motor group 'Two_Left_One_Right' created with motors: [5, 1, 3]
2024-10-28 21:24:49,371 INFO: Initialised PS4 controller, Dynamixel, and Robot State
2024-10-28 21:24:49,533 INFO: Initialised Streamlit dashboard
2024-10-28 21:24:49,534 INFO: Disabling torque for group Right_Whegs
2024-10-28 21:24:49,537 INFO: Drive mode set for group Right_Whegs with reverse_direction=True
2024-10-28 21:24:49,537 INFO: Enabling torque for group Right_Whegs
2024-10-28 21:24:49,542 INFO: Motor 4 drive mode correctly set to reverse
2024-10-28 21:24:49,542 INFO: Motor 5 drive mode correctly set to reverse
2024-10-28 21:24:49,542 INFO: Motor 6 drive mode correctly set to reverse
2024-10-28 21:24:49,543 INFO: Disabling torque for group Left_Whegs
2024-10-28 21:24:49,544 INFO: Drive mode set for group Left_Whegs with reverse_direction=False
2024-10-28 21:24:49,544 INFO: Enabling torque for group Left_Whegs
2024-10-28 21:24:49,548 INFO: Motor 1 drive mode correctly set to normal
2024-10-28 21:24:49,548 INFO: Motor 2 drive mode correctly set to normal
2024-10-28 21:24:49,549 INFO: Motor 3 drive mode correctly set to normal
2024-10-28 21:24:49,549 INFO: Set the right side whegs to reverse direction
2024-10-28 21:24:49,550 INFO: Disabling torque for group Pivot_Group
2024-10-28 21:24:49,553 INFO: Drive mode set for group Pivot_Group with reverse_direction=False
2024-10-28 21:24:49,553 INFO: Enabling torque for group Pivot_Group
2024-10-28 21:24:49,558 INFO: Motor 7 drive mode correctly set to normal
2024-10-28 21:24:49,558 INFO: Motor 8 drive mode correctly set to normal
2024-10-28 21:24:49,559 INFO: Position limits set for group Pivot_Group: min=90째 (ticks=1023), max=270째 (ticks=3071)
2024-10-28 21:24:49,559 INFO: Set position limits for the pivot motors
2024-10-28 21:24:49,561 INFO: Initialising Gait 1
2024-10-28 21:24:49,562 INFO: Running set_position_group for group 'Wheg_Group' with positions: 180
2024-10-28 21:24:49,568 INFO: Running set_position_group for group 'Pivot_Group' with positions: 180
2024-10-28 21:24:49,571 INFO: Initialised Gait 1, waiting for 3 seconds
2024-10-28 21:24:49,632 INFO: Motor     Position (degrees)       Velocity (RPM)      Load (%)  
2024-10-28 21:24:49,633 INFO: 1         179.82                   0.00                1.2       
2024-10-28 21:24:49,633 INFO: 2         179.82                   0.00                1.1       
2024-10-28 21:24:49,634 INFO: 3         179.38                   0.46                1.2       
2024-10-28 21:24:49,634 INFO: 4         179.74                   0.23                0.7       
2024-10-28 21:24:49,635 INFO: 5         179.82                   0.00                0.4       
2024-10-28 21:24:49,635 INFO: 6         179.82                   0.00                0.0       
2024-10-28 21:24:49,636 INFO: 7         179.65                   0.00                1.7       
2024-10-28 21:24:49,636 INFO: 8         180.79                   0.00                -6.3      
2024-10-28 21:24:49,637 INFO: Updating dashboard
2024-10-28 21:24:49,667 ERROR: Error updating dashboard: ProgressMixin.progress() got an unexpected keyword argument 'text_color'
2024-10-28 21:24:50,668 INFO: Updating dashboard
2024-10-28 21:24:50,701 ERROR: Error updating dashboard: ProgressMixin.progress() got an unexpected keyword argument 'text_color'
2024-10-28 21:24:51,538 INFO: Initializing PS4Controller
2024-10-28 21:24:51,586 INFO: Configuration loaded successfully
2024-10-28 21:24:51,590 INFO: Port /dev/ttyACM0 opened successfully
2024-10-28 21:24:51,594 ERROR: Error while logging robot states: device reports readiness to read but returned no data (device disconnected or multiple access on port?)
2024-10-28 21:24:51,594 INFO: Baudrate set to 1000000
2024-10-28 21:24:51,596 INFO: Control table loaded successfully.
2024-10-28 21:24:51,596 INFO: Motor group 'Pivot_Group' created with motors: [7, 8]
2024-10-28 21:24:51,597 INFO: Motor group 'Wheg_Group' created with motors: [1, 2, 3, 4, 5, 6]
2024-10-28 21:24:51,597 INFO: Motor group 'All_Motors' created with motors: [1, 2, 3, 4, 5, 6, 7, 8]
2024-10-28 21:24:51,597 INFO: Motor group 'Left_Whegs' created with motors: [1, 2, 3]
2024-10-28 21:24:51,598 INFO: Motor group 'Right_Whegs' created with motors: [4, 5, 6]
2024-10-28 21:24:51,599 INFO: Motor group 'Front_Whegs' created with motors: [3, 6]
2024-10-28 21:24:51,599 INFO: Motor group 'Rear_Whegs' created with motors: [1, 4]
2024-10-28 21:24:51,599 INFO: Motor group 'Middle_Whegs' created with motors: [2, 5]
2024-10-28 21:24:51,599 INFO: Motor group 'Two_Right_One_Left' created with motors: [2, 4, 6]
2024-10-28 21:24:51,599 INFO: Motor group 'Two_Left_One_Right' created with motors: [5, 1, 3]
2024-10-28 21:24:51,600 INFO: Initialised PS4 controller, Dynamixel, and Robot State
2024-10-28 21:24:51,614 INFO: Initialised Streamlit dashboard
2024-10-28 21:24:51,615 INFO: Disabling torque for group Right_Whegs
2024-10-28 21:24:51,618 INFO: Drive mode set for group Right_Whegs with reverse_direction=True
2024-10-28 21:24:51,618 INFO: Enabling torque for group Right_Whegs
2024-10-28 21:24:51,623 INFO: Motor 4 drive mode correctly set to reverse
2024-10-28 21:24:51,623 INFO: Motor 5 drive mode correctly set to reverse
2024-10-28 21:24:51,624 INFO: Motor 6 drive mode correctly set to reverse
2024-10-28 21:24:51,625 INFO: Disabling torque for group Left_Whegs
2024-10-28 21:24:51,626 INFO: Drive mode set for group Left_Whegs with reverse_direction=False
2024-10-28 21:24:51,626 INFO: Enabling torque for group Left_Whegs
2024-10-28 21:24:51,632 INFO: Motor 1 drive mode correctly set to normal
2024-10-28 21:24:51,632 INFO: Motor 2 drive mode correctly set to normal
2024-10-28 21:24:51,633 INFO: Motor 3 drive mode correctly set to normal
2024-10-28 21:24:51,634 INFO: Set the right side whegs to reverse direction
2024-10-28 21:24:51,634 INFO: Disabling torque for group Pivot_Group
2024-10-28 21:24:51,635 INFO: Drive mode set for group Pivot_Group with reverse_direction=False
2024-10-28 21:24:51,636 INFO: Enabling torque for group Pivot_Group
2024-10-28 21:24:51,640 INFO: Motor 7 drive mode correctly set to normal
2024-10-28 21:24:51,641 INFO: Motor 8 drive mode correctly set to normal
2024-10-28 21:24:51,642 INFO: Position limits set for group Pivot_Group: min=90째 (ticks=1023), max=270째 (ticks=3071)
2024-10-28 21:24:51,643 INFO: Set position limits for the pivot motors
2024-10-28 21:24:51,644 INFO: Initialising Gait 1
2024-10-28 21:24:51,644 INFO: Running set_position_group for group 'Wheg_Group' with positions: 180
2024-10-28 21:24:51,650 INFO: Running set_position_group for group 'Pivot_Group' with positions: 180
2024-10-28 21:24:51,654 INFO: Initialised Gait 1, waiting for 3 seconds
2024-10-28 21:24:51,704 INFO: Updating dashboard
2024-10-28 21:24:51,707 ERROR: Error retrieving motor data: device reports readiness to read but returned no data (device disconnected or multiple access on port?)
2024-10-28 21:24:51,707 ERROR: Bulk read failed with error: [TxRxResult] Incorrect status packet!
2024-10-28 21:24:51,708 INFO: Motor     Position (degrees)       Velocity (RPM)      Load (%)  
2024-10-28 21:24:51,709 INFO: Updating dashboard
2024-10-28 21:24:51,711 ERROR: Bulk read failed with error: [TxRxResult] Incorrect status packet!
2024-10-28 21:24:51,711 ERROR: Bulk read failed with error: [TxRxResult] Incorrect status packet!
2024-10-28 21:24:51,747 ERROR: Bulk read failed with error: [TxRxResult] Incorrect status packet!
2024-10-28 21:24:51,749 ERROR: Bulk read failed with error: [TxRxResult] There is no status packet!
2024-10-28 21:24:51,784 ERROR: Bulk read failed with error: [TxRxResult] There is no status packet!
2024-10-28 21:24:51,787 ERROR: Bulk read failed with error: [TxRxResult] There is no status packet!
2024-10-28 21:24:51,789 ERROR: Error retrieving motor data: 'NoneType' object has no attribute 'keys'
2024-10-28 21:24:51,790 WARNING: Motor ID LR_WHEG not found in motor data.
2024-10-28 21:24:51,791 WARNING: Motor ID LM_WHEG not found in motor data.
2024-10-28 21:24:51,791 WARNING: Motor ID LF_WHEG not found in motor data.
2024-10-28 21:24:51,793 WARNING: Motor ID RR_WHEG not found in motor data.
2024-10-28 21:24:51,794 WARNING: Motor ID RM_WHEG not found in motor data.
2024-10-28 21:24:51,795 ERROR: Error retrieving motor data: 'NoneType' object has no attribute 'keys'
2024-10-28 21:24:51,795 WARNING: Motor ID RF_WHEG not found in motor data.
2024-10-28 21:24:51,796 WARNING: Motor ID LR_WHEG not found in motor data.
2024-10-28 21:24:51,797 WARNING: Motor ID FRONT_PIVOT not found in motor data.
2024-10-28 21:24:51,797 WARNING: Motor ID LM_WHEG not found in motor data.
2024-10-28 21:24:51,798 WARNING: Motor ID REAR_PIVOT not found in motor data.
2024-10-28 21:24:51,798 WARNING: Motor ID LF_WHEG not found in motor data.
2024-10-28 21:24:51,799 WARNING: Motor ID RR_WHEG not found in motor data.
2024-10-28 21:24:51,800 WARNING: Motor ID RM_WHEG not found in motor data.
2024-10-28 21:24:51,801 WARNING: Motor ID RF_WHEG not found in motor data.
2024-10-28 21:24:51,802 WARNING: Motor ID FRONT_PIVOT not found in motor data.
2024-10-28 21:24:51,803 WARNING: Motor ID REAR_PIVOT not found in motor data.
2024-10-28 21:24:53,220 INFO: Initiating safe shutdown...
2024-10-28 21:24:53,221 INFO: Setting operating mode 'velocity' for group 'All_Motors'
2024-10-28 21:24:53,222 INFO: Disabling torque for group All_Motors
2024-10-28 21:24:53,223 INFO: Enabling torque for group All_Motors
2024-10-28 21:24:53,230 WARNING: Velocity limit 200 exceeds hard limit 100. Limiting to 100.
2024-10-28 21:24:53,231 INFO: Velocity limit set to 100 for group All_Motors
2024-10-28 21:24:53,234 INFO: Enabling torque for group All_Motors
2024-10-28 21:24:53,237 INFO: Target velocities set for group All_Motors: {1: 0, 2: 0, 3: 0, 4: 0, 5: 0, 6: 0, 7: 0, 8: 0}
2024-10-28 21:24:53,240 INFO: Running set_position_group for group 'All_Motors' with positions: 180
2024-10-28 21:24:53,246 ERROR: Bulk read failed with error: [TxRxResult] Incorrect status packet!
2024-10-28 21:24:53,281 ERROR: Bulk read failed with error: [TxRxResult] Incorrect status packet!
2024-10-28 21:24:53,283 INFO: Setting operating mode 'multi_turn' for group 'Wheg_Group'
2024-10-28 21:24:53,283 ERROR: Bulk read failed with error: [TxRxResult] Incorrect status packet!
2024-10-28 21:24:53,283 INFO: Disabling torque for group Wheg_Group
2024-10-28 21:24:53,287 INFO: Enabling torque for group Wheg_Group
2024-10-28 21:24:53,288 ERROR: Bulk read failed with error: [TxRxResult] Incorrect status packet!
2024-10-28 21:24:53,289 INFO: Setting the profile velocity for group Wheg_Group from config.yaml: 10
2024-10-28 21:24:53,304 INFO: Profile velocities set for group Wheg_Group: {1: 43.7, 2: 43.7, 3: 43.7, 4: 43.7, 5: 43.7, 6: 43.7}
2024-10-28 21:24:53,309 INFO: New gait 1 is now active.
2024-10-28 21:24:53,317 ERROR: Error while logging robot states: device reports readiness to read but returned no data (device disconnected or multiple access on port?)
2024-10-28 21:24:53,332 INFO: Updating dashboard
2024-10-28 21:24:53,366 ERROR: Bulk read failed with error: [TxRxResult] There is no status packet!
2024-10-28 21:24:53,369 ERROR: Bulk read failed with error: [TxRxResult] There is no status packet!
2024-10-28 21:24:53,405 ERROR: Bulk read failed with error: [TxRxResult] Incorrect status packet!
2024-10-28 21:24:53,406 ERROR: Bulk read failed with error: [TxRxResult] Incorrect status packet!
2024-10-28 21:24:53,406 ERROR: Error while logging robot states: 'NoneType' object has no attribute 'get'
2024-10-28 21:24:53,422 ERROR: Error retrieving motor data: 'NoneType' object has no attribute 'keys'
2024-10-28 21:24:53,426 WARNING: Motor ID LR_WHEG not found in motor data.
2024-10-28 21:24:53,427 WARNING: Motor ID LM_WHEG not found in motor data.
2024-10-28 21:24:53,430 WARNING: Motor ID LF_WHEG not found in motor data.
2024-10-28 21:24:53,498 WARNING: Motor ID RR_WHEG not found in motor data.
2024-10-28 21:24:53,499 WARNING: Motor ID RM_WHEG not found in motor data.
2024-10-28 21:24:53,500 WARNING: Motor ID RF_WHEG not found in motor data.
2024-10-28 21:24:53,500 WARNING: Motor ID FRONT_PIVOT not found in motor data.
2024-10-28 21:24:53,500 WARNING: Motor ID REAR_PIVOT not found in motor data.
2024-10-28 21:24:54,846 INFO: Setting operating mode 'multi_turn' for group 'Wheg_Group'
2024-10-28 21:24:54,847 INFO: Disabling torque for group Wheg_Group
2024-10-28 21:24:54,848 INFO: Enabling torque for group Wheg_Group
2024-10-28 21:24:54,849 INFO: Setting the profile velocity for group Wheg_Group from config.yaml: 10
2024-10-28 21:24:54,850 INFO: Profile velocities set for group Wheg_Group: {1: 43.7, 2: 43.7, 3: 43.7, 4: 43.7, 5: 43.7, 6: 43.7}
2024-10-28 21:24:54,850 INFO: New gait 1 is now active.
2024-10-28 21:24:54,916 INFO: Updating dashboard
2024-10-28 21:24:54,946 ERROR: Error updating dashboard: ProgressMixin.progress() got an unexpected keyword argument 'text_color'
2024-10-28 21:24:55,949 INFO: Updating dashboard
2024-10-28 21:24:55,980 ERROR: Error updating dashboard: ProgressMixin.progress() got an unexpected keyword argument 'text_color'
2024-10-28 21:24:56,739 INFO: Motor     Position (degrees)       Velocity (RPM)      Load (%)  
2024-10-28 21:24:56,739 INFO: 1         179.65                   0.00                0.4       
2024-10-28 21:24:56,740 INFO: 2         179.47                   0.23                0.1       
2024-10-28 21:24:56,740 INFO: 3         179.21                   0.23                1.1       
2024-10-28 21:24:56,741 INFO: 4         179.47                   0.00                0.3       
2024-10-28 21:24:56,741 INFO: 5         179.65                   0.00                0.0       
2024-10-28 21:24:56,742 INFO: 6         179.82                   0.00                0.0       
2024-10-28 21:24:56,742 INFO: 7         179.65                   0.00                0.0       
2024-10-28 21:24:56,742 INFO: 8         180.79                   0.00                -0.3      
2024-10-28 21:24:56,981 INFO: Updating dashboard
2024-10-28 21:24:57,012 ERROR: Error updating dashboard: ProgressMixin.progress() got an unexpected keyword argument 'text_color'
2024-10-28 21:24:58,013 INFO: Updating dashboard
2024-10-28 21:24:58,044 ERROR: Error updating dashboard: ProgressMixin.progress() got an unexpected keyword argument 'text_color'
2024-10-28 21:24:59,046 INFO: Updating dashboard
2024-10-28 21:24:59,077 ERROR: Error updating dashboard: ProgressMixin.progress() got an unexpected keyword argument 'text_color'
2024-10-28 21:25:00,078 INFO: Updating dashboard
2024-10-28 21:25:00,109 ERROR: Error updating dashboard: ProgressMixin.progress() got an unexpected keyword argument 'text_color'
2024-10-28 21:25:01,111 INFO: Updating dashboard
2024-10-28 21:25:01,142 ERROR: Error updating dashboard: ProgressMixin.progress() got an unexpected keyword argument 'text_color'
2024-10-28 21:25:01,775 INFO: Motor     Position (degrees)       Velocity (RPM)      Load (%)  
2024-10-28 21:25:01,776 INFO: 1         179.65                   0.23                0.1       
2024-10-28 21:25:01,777 INFO: 2         179.56                   0.23                1.1       
2024-10-28 21:25:01,778 INFO: 3         179.12                   0.00                0.3       
2024-10-28 21:25:01,780 INFO: 4         179.47                   0.23                0.8       
2024-10-28 21:25:01,782 INFO: 5         179.65                   0.00                0.0       
2024-10-28 21:25:01,783 INFO: 6         179.82                   0.00                0.0       
2024-10-28 21:25:01,784 INFO: 7         179.65                   0.00                0.0       
2024-10-28 21:25:01,786 INFO: 8         180.79                   0.00                -0.3      
2024-10-28 21:25:02,144 INFO: Updating dashboard
2024-10-28 21:25:02,176 INFO: Initiating safe shutdown...
2024-10-28 21:25:02,177 INFO: Setting operating mode 'velocity' for group 'All_Motors'
2024-10-28 21:25:02,178 INFO: Disabling torque for group All_Motors
2024-10-28 21:25:02,179 INFO: Enabling torque for group All_Motors
2024-10-28 21:25:02,180 WARNING: Velocity limit 200 exceeds hard limit 100. Limiting to 100.
2024-10-28 21:25:02,182 INFO: Velocity limit set to 100 for group All_Motors
2024-10-28 21:25:02,183 INFO: Enabling torque for group All_Motors
2024-10-28 21:25:02,184 INFO: Target velocities set for group All_Motors: {1: 0, 2: 0, 3: 0, 4: 0, 5: 0, 6: 0, 7: 0, 8: 0}
2024-10-28 21:25:02,185 INFO: Running set_position_group for group 'All_Motors' with positions: 180
2024-10-28 21:25:02,193 WARNING: Motor 1 is not in Position Control Mode. Setting mode now.
2024-10-28 21:25:02,194 INFO: Setting operating mode 'position' for group 'All_Motors'
2024-10-28 21:25:02,195 INFO: Disabling torque for group All_Motors
2024-10-28 21:25:02,197 INFO: Enabling torque for group All_Motors
2024-10-28 21:25:02,198 INFO: Setting the profile velocity for group All_Motors from config.yaml: 5
2024-10-28 21:25:02,200 INFO: Profile velocities set for group All_Motors: {1: 21.85, 2: 21.85, 3: 21.85, 4: 21.85, 5: 21.85, 6: 21.85, 7: 21.85, 8: 21.85}
2024-10-28 21:25:02,202 INFO: Closing PS4Controller and quitting pygame
2024-10-28 21:25:02,282 INFO: Port closed successfully.
2024-10-28 21:25:02,283 INFO: Shutdown complete.
2024-10-28 21:25:02,284 ERROR: Controller connection lost!
2024-10-28 21:25:02,285 ERROR: Controller is disconnected.
2024-10-28 21:25:02,285 ERROR: Controller connection lost!
2024-10-28 21:25:02,286 ERROR: Controller is disconnected.
2024-10-28 21:25:02,286 ERROR: Controller connection lost!
2024-10-28 21:25:02,287 ERROR: Controller is disconnected.
