2024-10-29 09:45:00,430 INFO: Initializing PS4Controller
2024-10-29 09:45:00,705 INFO: Configuration loaded successfully
2024-10-29 09:45:00,710 INFO: Port /dev/ttyACM0 opened successfully
2024-10-29 09:45:00,720 INFO: Baudrate set to 1000000
2024-10-29 09:45:00,721 INFO: Control table loaded successfully.
2024-10-29 09:45:00,721 INFO: Motor group 'Pivot_Group' created with motors: [7, 8]
2024-10-29 09:45:00,722 INFO: Motor group 'Wheg_Group' created with motors: [1, 2, 3, 4, 5, 6]
2024-10-29 09:45:00,722 INFO: Motor group 'All_Motors' created with motors: [1, 2, 3, 4, 5, 6, 7, 8]
2024-10-29 09:45:00,723 INFO: Motor group 'Left_Whegs' created with motors: [1, 2, 3]
2024-10-29 09:45:00,723 INFO: Motor group 'Right_Whegs' created with motors: [4, 5, 6]
2024-10-29 09:45:00,723 INFO: Motor group 'Front_Whegs' created with motors: [3, 6]
2024-10-29 09:45:00,724 INFO: Motor group 'Rear_Whegs' created with motors: [1, 4]
2024-10-29 09:45:00,724 INFO: Motor group 'Middle_Whegs' created with motors: [2, 5]
2024-10-29 09:45:00,724 INFO: Motor group 'Two_Right_One_Left' created with motors: [2, 4, 6]
2024-10-29 09:45:00,725 INFO: Motor group 'Two_Left_One_Right' created with motors: [5, 1, 3]
2024-10-29 09:45:00,726 INFO: Initialised PS4 controller, Dynamixel, and Robot State
2024-10-29 09:45:00,890 INFO: Disabling torque for group Right_Whegs
2024-10-29 09:45:00,893 INFO: Drive mode set for group Right_Whegs with reverse_direction=True
2024-10-29 09:45:00,895 INFO: Enabling torque for group Right_Whegs
2024-10-29 09:45:00,900 INFO: Motor 4 drive mode correctly set to reverse
2024-10-29 09:45:00,900 INFO: Motor 5 drive mode correctly set to reverse
2024-10-29 09:45:00,901 INFO: Motor 6 drive mode correctly set to reverse
2024-10-29 09:45:00,902 INFO: Disabling torque for group Left_Whegs
2024-10-29 09:45:00,903 INFO: Drive mode set for group Left_Whegs with reverse_direction=False
2024-10-29 09:45:00,903 INFO: Enabling torque for group Left_Whegs
2024-10-29 09:45:00,906 INFO: Motor 1 drive mode correctly set to normal
2024-10-29 09:45:00,907 INFO: Motor 2 drive mode correctly set to normal
2024-10-29 09:45:00,908 INFO: Motor 3 drive mode correctly set to normal
2024-10-29 09:45:00,909 INFO: Set the right side whegs to reverse direction
2024-10-29 09:45:00,911 INFO: Disabling torque for group Pivot_Group
2024-10-29 09:45:00,912 INFO: Drive mode set for group Pivot_Group with reverse_direction=False
2024-10-29 09:45:00,913 INFO: Enabling torque for group Pivot_Group
2024-10-29 09:45:00,916 INFO: Motor 7 drive mode correctly set to normal
2024-10-29 09:45:00,916 INFO: Motor 8 drive mode correctly set to normal
2024-10-29 09:45:00,917 INFO: Position limits set for group Pivot_Group: min=90° (ticks=1023), max=270° (ticks=3071)
2024-10-29 09:45:00,918 INFO: Set position limits for the pivot motors
2024-10-29 09:45:00,926 INFO: Initialising Gait 1
2024-10-29 09:45:00,927 INFO: Running set_position_group for group 'Wheg_Group' with positions: 180
2024-10-29 09:45:00,932 INFO: Running set_position_group for group 'Pivot_Group' with positions: 180
2024-10-29 09:45:00,936 INFO: Initialised Gait 1, waiting for 3 seconds
2024-10-29 09:45:00,936 ERROR: Error controlling pivots: 'dpad_down'
2024-10-29 09:45:03,958 INFO: Setting operating mode 'multi_turn' for group 'Wheg_Group'
2024-10-29 09:45:03,960 INFO: Disabling torque for group Wheg_Group
2024-10-29 09:45:03,964 INFO: Enabling torque for group Wheg_Group
2024-10-29 09:45:03,968 INFO: Setting the profile velocity for group Wheg_Group from config.yaml: 10
2024-10-29 09:45:03,969 INFO: Profile velocities set for group Wheg_Group: {1: 43.7, 2: 43.7, 3: 43.7, 4: 43.7, 5: 43.7, 6: 43.7}
2024-10-29 09:45:03,970 INFO: New gait 1 is now active.
2024-10-29 09:45:43,114 INFO: Profile velocities set for group Wheg_Group: {1: 21.85, 2: 21.85, 3: 21.85, 4: 21.85, 5: 21.85, 6: 21.85}
2024-10-29 09:45:43,115 INFO: Incrementing motor positions by 360 degrees for group 'Wheg_Group'
2024-10-29 09:45:43,125 INFO: Gait 1 step executed at 5.00RPM, wait for 12.00 seconds
2024-10-29 09:45:53,310 WARNING: Emergency stop activated! Stopping all motors asynchronously.
2024-10-29 09:45:53,311 INFO: Setting operating mode 'velocity' for group 'All_Motors'
2024-10-29 09:45:53,313 INFO: Disabling torque for group All_Motors
2024-10-29 09:45:53,316 INFO: Enabling torque for group All_Motors
2024-10-29 09:45:53,319 WARNING: Velocity limit 200 exceeds hard limit 100. Limiting to 100.
2024-10-29 09:45:53,320 INFO: Velocity limit set to 100 for group All_Motors
2024-10-29 09:45:53,321 INFO: Enabling torque for group All_Motors
2024-10-29 09:45:53,322 INFO: Target velocities set for group All_Motors: {1: 0, 2: 0, 3: 0, 4: 0, 5: 0, 6: 0, 7: 0, 8: 0}
2024-10-29 09:45:53,427 WARNING: Emergency stop activated! Stopping all motors asynchronously.
2024-10-29 09:45:53,428 INFO: Setting operating mode 'velocity' for group 'All_Motors'
2024-10-29 09:45:53,431 INFO: Disabling torque for group All_Motors
2024-10-29 09:45:53,433 INFO: Enabling torque for group All_Motors
2024-10-29 09:45:53,434 WARNING: Velocity limit 200 exceeds hard limit 100. Limiting to 100.
2024-10-29 09:45:53,435 INFO: Velocity limit set to 100 for group All_Motors
2024-10-29 09:45:53,436 INFO: Enabling torque for group All_Motors
2024-10-29 09:45:53,437 INFO: Target velocities set for group All_Motors: {1: 0, 2: 0, 3: 0, 4: 0, 5: 0, 6: 0, 7: 0, 8: 0}
2024-10-29 09:45:56,646 INFO: Emergency Stop Deactivated. Resuming control...
2024-10-29 09:45:56,663 INFO: Initialising Gait 1
2024-10-29 09:45:56,664 INFO: Running set_position_group for group 'Wheg_Group' with positions: 180
2024-10-29 09:45:56,669 WARNING: Motor 1 is not in Position Control Mode. Setting mode now.
2024-10-29 09:45:56,669 INFO: Setting operating mode 'position' for group 'Wheg_Group'
2024-10-29 09:45:56,670 INFO: Disabling torque for group Wheg_Group
2024-10-29 09:45:56,671 INFO: Enabling torque for group Wheg_Group
2024-10-29 09:45:56,672 INFO: Setting the profile velocity for group Wheg_Group from config.yaml: 10
2024-10-29 09:45:56,674 INFO: Profile velocities set for group Wheg_Group: {1: 43.7, 2: 43.7, 3: 43.7, 4: 43.7, 5: 43.7, 6: 43.7}
2024-10-29 09:45:56,675 INFO: Running set_position_group for group 'Pivot_Group' with positions: 180
2024-10-29 09:45:56,679 WARNING: Motor 7 is not in Position Control Mode. Setting mode now.
2024-10-29 09:45:56,679 INFO: Setting operating mode 'position' for group 'Pivot_Group'
2024-10-29 09:45:56,680 INFO: Disabling torque for group Pivot_Group
2024-10-29 09:45:56,681 INFO: Enabling torque for group Pivot_Group
2024-10-29 09:45:56,682 INFO: Setting the profile velocity for group Pivot_Group from config.yaml: 4
2024-10-29 09:45:56,683 INFO: Profile velocities set for group Pivot_Group: {7: 17.48, 8: 17.48}
2024-10-29 09:45:56,684 INFO: Initialised Gait 1, waiting for 3 seconds
2024-10-29 09:45:58,718 INFO: Share pressed. Reversing the direction of the whegs
2024-10-29 09:45:59,709 INFO: Setting operating mode 'multi_turn' for group 'Wheg_Group'
2024-10-29 09:45:59,710 INFO: Disabling torque for group Wheg_Group
2024-10-29 09:45:59,712 INFO: Enabling torque for group Wheg_Group
2024-10-29 09:45:59,715 INFO: Setting the profile velocity for group Wheg_Group from config.yaml: 10
2024-10-29 09:45:59,717 INFO: Profile velocities set for group Wheg_Group: {1: 43.7, 2: 43.7, 3: 43.7, 4: 43.7, 5: 43.7, 6: 43.7}
2024-10-29 09:45:59,718 INFO: New gait 1 is now active.
2024-10-29 09:45:59,723 INFO: Disabling torque for group Wheg_Group
2024-10-29 09:45:59,724 INFO: Drive mode set for group Wheg_Group with reverse_direction={1: 1, 2: 1, 3: 1, 4: 0, 5: 0, 6: 0}
2024-10-29 09:45:59,724 INFO: Enabling torque for group Wheg_Group
2024-10-29 09:45:59,729 INFO: Motor 1 drive mode correctly set to reverse
2024-10-29 09:45:59,729 INFO: Motor 2 drive mode correctly set to reverse
2024-10-29 09:45:59,730 INFO: Motor 3 drive mode correctly set to reverse
2024-10-29 09:45:59,730 INFO: Motor 4 drive mode correctly set to normal
2024-10-29 09:45:59,731 INFO: Motor 5 drive mode correctly set to normal
2024-10-29 09:45:59,731 INFO: Motor 6 drive mode correctly set to normal
2024-10-29 09:45:59,731 INFO: Reversed the direction of all whegs, waiting for 3 seconds
2024-10-29 09:46:02,732 INFO: Direction of whegs reversed.
2024-10-29 09:46:02,791 INFO: Initialising Gait 1
2024-10-29 09:46:02,792 INFO: Running set_position_group for group 'Wheg_Group' with positions: 180
2024-10-29 09:46:02,798 WARNING: Motor 1 is not in Position Control Mode. Setting mode now.
2024-10-29 09:46:02,800 INFO: Setting operating mode 'position' for group 'Wheg_Group'
2024-10-29 09:46:02,803 INFO: Disabling torque for group Wheg_Group
2024-10-29 09:46:02,806 INFO: Enabling torque for group Wheg_Group
2024-10-29 09:46:02,807 INFO: Setting the profile velocity for group Wheg_Group from config.yaml: 10
2024-10-29 09:46:02,809 INFO: Profile velocities set for group Wheg_Group: {1: 43.7, 2: 43.7, 3: 43.7, 4: 43.7, 5: 43.7, 6: 43.7}
2024-10-29 09:46:02,810 INFO: Running set_position_group for group 'Pivot_Group' with positions: 180
2024-10-29 09:46:02,814 INFO: Initialised Gait 1, waiting for 3 seconds
2024-10-29 09:46:05,816 INFO: Setting operating mode 'multi_turn' for group 'Wheg_Group'
2024-10-29 09:46:05,816 INFO: Disabling torque for group Wheg_Group
2024-10-29 09:46:05,818 INFO: Enabling torque for group Wheg_Group
2024-10-29 09:46:05,819 INFO: Setting the profile velocity for group Wheg_Group from config.yaml: 10
2024-10-29 09:46:05,820 INFO: Profile velocities set for group Wheg_Group: {1: 43.7, 2: 43.7, 3: 43.7, 4: 43.7, 5: 43.7, 6: 43.7}
2024-10-29 09:46:05,820 INFO: New gait 1 is now active.
2024-10-29 09:46:07,121 INFO: Share pressed. Reversing the direction of the whegs
2024-10-29 09:46:07,137 INFO: Disabling torque for group Wheg_Group
2024-10-29 09:46:07,139 INFO: Drive mode set for group Wheg_Group with reverse_direction={1: 0, 2: 0, 3: 0, 4: 1, 5: 1, 6: 1}
2024-10-29 09:46:07,139 INFO: Enabling torque for group Wheg_Group
2024-10-29 09:46:07,145 INFO: Motor 1 drive mode correctly set to normal
2024-10-29 09:46:07,145 INFO: Motor 2 drive mode correctly set to normal
2024-10-29 09:46:07,146 INFO: Motor 3 drive mode correctly set to normal
2024-10-29 09:46:07,146 INFO: Motor 4 drive mode correctly set to reverse
2024-10-29 09:46:07,147 INFO: Motor 5 drive mode correctly set to reverse
2024-10-29 09:46:07,147 INFO: Motor 6 drive mode correctly set to reverse
2024-10-29 09:46:07,148 INFO: Reversed the direction of all whegs, waiting for 3 seconds
2024-10-29 09:46:10,148 INFO: Direction of whegs reversed.
2024-10-29 09:46:10,196 INFO: Initialising Gait 1
2024-10-29 09:46:10,196 INFO: Running set_position_group for group 'Wheg_Group' with positions: 180
2024-10-29 09:46:10,202 WARNING: Motor 1 is not in Position Control Mode. Setting mode now.
2024-10-29 09:46:10,202 INFO: Setting operating mode 'position' for group 'Wheg_Group'
2024-10-29 09:46:10,203 INFO: Disabling torque for group Wheg_Group
2024-10-29 09:46:10,205 INFO: Enabling torque for group Wheg_Group
2024-10-29 09:46:10,205 INFO: Setting the profile velocity for group Wheg_Group from config.yaml: 10
2024-10-29 09:46:10,206 INFO: Profile velocities set for group Wheg_Group: {1: 43.7, 2: 43.7, 3: 43.7, 4: 43.7, 5: 43.7, 6: 43.7}
2024-10-29 09:46:10,207 INFO: Running set_position_group for group 'Pivot_Group' with positions: 180
2024-10-29 09:46:10,211 INFO: Initialised Gait 1, waiting for 3 seconds
2024-10-29 09:46:13,212 INFO: Setting operating mode 'multi_turn' for group 'Wheg_Group'
2024-10-29 09:46:13,212 INFO: Disabling torque for group Wheg_Group
2024-10-29 09:46:13,214 INFO: Enabling torque for group Wheg_Group
2024-10-29 09:46:13,215 INFO: Setting the profile velocity for group Wheg_Group from config.yaml: 10
2024-10-29 09:46:13,216 INFO: Profile velocities set for group Wheg_Group: {1: 43.7, 2: 43.7, 3: 43.7, 4: 43.7, 5: 43.7, 6: 43.7}
2024-10-29 09:46:13,217 INFO: New gait 1 is now active.
2024-10-29 09:46:15,403 INFO: Initiating safe shutdown...
2024-10-29 09:46:15,403 INFO: Setting operating mode 'velocity' for group 'All_Motors'
2024-10-29 09:46:15,404 INFO: Disabling torque for group All_Motors
2024-10-29 09:46:15,405 INFO: Enabling torque for group All_Motors
2024-10-29 09:46:15,406 WARNING: Velocity limit 200 exceeds hard limit 100. Limiting to 100.
2024-10-29 09:46:15,406 INFO: Velocity limit set to 100 for group All_Motors
2024-10-29 09:46:15,407 INFO: Enabling torque for group All_Motors
2024-10-29 09:46:15,408 INFO: Target velocities set for group All_Motors: {1: 0, 2: 0, 3: 0, 4: 0, 5: 0, 6: 0, 7: 0, 8: 0}
2024-10-29 09:46:15,408 INFO: Running set_position_group for group 'All_Motors' with positions: 180
2024-10-29 09:46:15,416 WARNING: Motor 1 is not in Position Control Mode. Setting mode now.
2024-10-29 09:46:15,416 INFO: Setting operating mode 'position' for group 'All_Motors'
2024-10-29 09:46:15,416 INFO: Disabling torque for group All_Motors
2024-10-29 09:46:15,417 INFO: Enabling torque for group All_Motors
2024-10-29 09:46:15,418 INFO: Setting the profile velocity for group All_Motors from config.yaml: 5
2024-10-29 09:46:15,419 INFO: Profile velocities set for group All_Motors: {1: 21.85, 2: 21.85, 3: 21.85, 4: 21.85, 5: 21.85, 6: 21.85, 7: 21.85, 8: 21.85}
2024-10-29 09:46:15,420 INFO: Closing PS4Controller and quitting pygame
2024-10-29 09:46:15,509 INFO: Port closed successfully.
2024-10-29 09:46:15,509 INFO: Shutdown complete.
2024-10-29 09:46:15,509 ERROR: Error checking hardware errors: Attempting to use a port that is not open
