2025-05-08 17:16:58,995 INFO: Initializing PS4Controller
2025-05-08 17:16:59,442 INFO: Configuration loaded successfully
2025-05-08 17:16:59,446 INFO: Port /dev/ttyACM0 opened successfully
2025-05-08 17:16:59,457 INFO: Baudrate set to 1000000
2025-05-08 17:16:59,457 INFO: Control table loaded successfully.
2025-05-08 17:16:59,458 INFO: Motor group 'Pivot_Group' created with motors: [7, 8]
2025-05-08 17:16:59,458 INFO: Motor group 'Wheg_Group' created with motors: [1, 2, 3, 4, 5, 6]
2025-05-08 17:16:59,459 INFO: Motor group 'All_Motors' created with motors: [1, 2, 3, 4, 5, 6, 7, 8]
2025-05-08 17:16:59,459 INFO: Motor group 'Left_Whegs' created with motors: [1, 2, 3]
2025-05-08 17:16:59,460 INFO: Motor group 'Right_Whegs' created with motors: [4, 5, 6]
2025-05-08 17:16:59,460 INFO: Motor group 'Front_Whegs' created with motors: [3, 6]
2025-05-08 17:16:59,460 INFO: Motor group 'Rear_Whegs' created with motors: [1, 4]
2025-05-08 17:16:59,461 INFO: Motor group 'Middle_Whegs' created with motors: [2, 5]
2025-05-08 17:16:59,461 INFO: Motor group 'Two_Right_One_Left' created with motors: [2, 4, 6]
2025-05-08 17:16:59,462 INFO: Motor group 'Two_Left_One_Right' created with motors: [5, 1, 3]
2025-05-08 17:16:59,462 INFO: Initialised PS4 controller, Dynamixel, and Robot State
2025-05-08 17:16:59,462 INFO: Disabling torque for group Right_Whegs
2025-05-08 17:16:59,463 INFO: Drive mode set for group Right_Whegs with reverse_direction=True
2025-05-08 17:16:59,464 INFO: Enabling torque for group Right_Whegs
2025-05-08 17:16:59,465 INFO: Setting the profile velocity for group Right_Whegs from config.yaml: None
2025-05-08 17:16:59,465 ERROR: Profile velocity for group Right_Whegs not found in config.yaml and no value was provided.
2025-05-08 17:16:59,466 INFO: Disabling torque for group Left_Whegs
2025-05-08 17:16:59,467 INFO: Drive mode set for group Left_Whegs with reverse_direction=False
2025-05-08 17:16:59,467 INFO: Enabling torque for group Left_Whegs
2025-05-08 17:16:59,468 INFO: Setting the profile velocity for group Left_Whegs from config.yaml: None
2025-05-08 17:16:59,468 ERROR: Profile velocity for group Left_Whegs not found in config.yaml and no value was provided.
2025-05-08 17:16:59,468 INFO: Set the right side whegs to reverse direction
2025-05-08 17:16:59,469 INFO: Disabling torque for group Pivot_Group
2025-05-08 17:16:59,470 INFO: Drive mode set for group Pivot_Group with reverse_direction=False
2025-05-08 17:16:59,470 INFO: Enabling torque for group Pivot_Group
2025-05-08 17:16:59,471 INFO: Setting the profile velocity for group Pivot_Group from config.yaml: 4
2025-05-08 17:16:59,472 INFO: Profile velocities set for group Pivot_Group: {7: 17.48, 8: 17.48}
2025-05-08 17:16:59,473 INFO: Position limits set for group Pivot_Group: min=45째 (ticks=511), max=315째 (ticks=3583)
2025-05-08 17:16:59,473 INFO: Set position limits for the pivot motors
2025-05-08 17:16:59,643 ERROR: Bulk read failed with error: [TxRxResult] There is no status packet!
2025-05-08 17:16:59,643 INFO: Initialising Gait 1
2025-05-08 17:16:59,644 INFO: Disabling torque for group Wheg_Group
2025-05-08 17:16:59,645 INFO: Drive mode set for group Wheg_Group with reverse_direction={1: 0, 2: 0, 3: 0, 4: 1, 5: 1, 6: 1}
2025-05-08 17:16:59,645 INFO: Enabling torque for group Wheg_Group
2025-05-08 17:16:59,646 INFO: Setting the profile velocity for group Wheg_Group from config.yaml: 10
2025-05-08 17:16:59,647 INFO: Profile velocities set for group Wheg_Group: {1: 43.7, 2: 43.7, 3: 43.7, 4: 43.7, 5: 43.7, 6: 43.7}
2025-05-08 17:16:59,647 WARNING: Set direction of whegs to forward
2025-05-08 17:16:59,648 WARNING: Direction set for all whegs
2025-05-08 17:16:59,648 INFO: Running set_position_group for group 'Wheg_Group' with positions: 180
2025-05-08 17:16:59,684 ERROR: Bulk read failed with error: [TxRxResult] There is no status packet!
2025-05-08 17:16:59,684 ERROR: Error controlling pivots: 'dpad_down'
2025-05-08 17:16:59,720 ERROR: Bulk read failed with error: [TxRxResult] There is no status packet!
2025-05-08 17:16:59,756 ERROR: Bulk read failed with error: [TxRxResult] There is no status packet!
2025-05-08 17:16:59,793 ERROR: Bulk read failed with error: [TxRxResult] There is no status packet!
2025-05-08 17:16:59,828 ERROR: Bulk read failed with error: [TxRxResult] There is no status packet!
2025-05-08 17:16:59,829 ERROR: Error retrieving motor data: 'NoneType' object has no attribute 'keys'
2025-05-08 17:16:59,834 INFO: Initiating safe shutdown...
2025-05-08 17:16:59,834 INFO: Setting operating mode 'velocity' for group 'All_Motors'
2025-05-08 17:16:59,835 INFO: Disabling torque for group All_Motors
2025-05-08 17:16:59,838 INFO: Enabling torque for group All_Motors
2025-05-08 17:16:59,839 INFO: Setting the profile velocity for group All_Motors from config.yaml: 8
2025-05-08 17:16:59,840 INFO: Profile velocities set for group All_Motors: {1: 34.96, 2: 34.96, 3: 34.96, 4: 34.96, 5: 34.96, 6: 34.96, 7: 34.96, 8: 34.96}
2025-05-08 17:16:59,840 WARNING: Velocity limit 200 exceeds hard limit 100. Limiting to 100.
2025-05-08 17:16:59,841 INFO: Velocity limit set to 100 for group All_Motors
2025-05-08 17:16:59,841 INFO: Enabling torque for group All_Motors
2025-05-08 17:16:59,842 INFO: Setting the profile velocity for group All_Motors from config.yaml: 8
2025-05-08 17:16:59,843 INFO: Profile velocities set for group All_Motors: {1: 34.96, 2: 34.96, 3: 34.96, 4: 34.96, 5: 34.96, 6: 34.96, 7: 34.96, 8: 34.96}
2025-05-08 17:16:59,844 INFO: Target velocities set for group All_Motors: {1: 0, 2: 0, 3: 0, 4: 0, 5: 0, 6: 0, 7: 0, 8: 0}
2025-05-08 17:16:59,844 INFO: Running set_position_group for group 'All_Motors' with positions: 180
2025-05-08 17:16:59,880 ERROR: Bulk read failed with error: [TxRxResult] There is no status packet!
2025-05-08 17:17:07,319 INFO: Initializing PS4Controller
2025-05-08 17:17:07,373 INFO: Configuration loaded successfully
2025-05-08 17:17:07,376 INFO: Port /dev/ttyACM0 opened successfully
2025-05-08 17:17:07,380 INFO: Baudrate set to 1000000
2025-05-08 17:17:07,380 INFO: Control table loaded successfully.
2025-05-08 17:17:07,381 INFO: Motor group 'Pivot_Group' created with motors: [7, 8]
2025-05-08 17:17:07,382 INFO: Motor group 'Wheg_Group' created with motors: [1, 2, 3, 4, 5, 6]
2025-05-08 17:17:07,382 INFO: Motor group 'All_Motors' created with motors: [1, 2, 3, 4, 5, 6, 7, 8]
2025-05-08 17:17:07,382 INFO: Motor group 'Left_Whegs' created with motors: [1, 2, 3]
2025-05-08 17:17:07,382 INFO: Motor group 'Right_Whegs' created with motors: [4, 5, 6]
2025-05-08 17:17:07,382 INFO: Motor group 'Front_Whegs' created with motors: [3, 6]
2025-05-08 17:17:07,383 INFO: Motor group 'Rear_Whegs' created with motors: [1, 4]
2025-05-08 17:17:07,383 INFO: Motor group 'Middle_Whegs' created with motors: [2, 5]
2025-05-08 17:17:07,384 INFO: Motor group 'Two_Right_One_Left' created with motors: [2, 4, 6]
2025-05-08 17:17:07,384 INFO: Motor group 'Two_Left_One_Right' created with motors: [5, 1, 3]
2025-05-08 17:17:07,385 INFO: Initialised PS4 controller, Dynamixel, and Robot State
2025-05-08 17:17:07,385 INFO: Disabling torque for group Right_Whegs
2025-05-08 17:17:07,387 INFO: Drive mode set for group Right_Whegs with reverse_direction=True
2025-05-08 17:17:07,387 INFO: Enabling torque for group Right_Whegs
2025-05-08 17:17:07,388 INFO: Setting the profile velocity for group Right_Whegs from config.yaml: None
2025-05-08 17:17:07,388 ERROR: Profile velocity for group Right_Whegs not found in config.yaml and no value was provided.
2025-05-08 17:17:07,389 INFO: Disabling torque for group Left_Whegs
2025-05-08 17:17:07,391 INFO: Drive mode set for group Left_Whegs with reverse_direction=False
2025-05-08 17:17:07,391 INFO: Enabling torque for group Left_Whegs
2025-05-08 17:17:07,392 INFO: Setting the profile velocity for group Left_Whegs from config.yaml: None
2025-05-08 17:17:07,393 ERROR: Profile velocity for group Left_Whegs not found in config.yaml and no value was provided.
2025-05-08 17:17:07,393 INFO: Set the right side whegs to reverse direction
2025-05-08 17:17:07,394 INFO: Disabling torque for group Pivot_Group
2025-05-08 17:17:07,395 INFO: Drive mode set for group Pivot_Group with reverse_direction=False
2025-05-08 17:17:07,396 INFO: Enabling torque for group Pivot_Group
2025-05-08 17:17:07,397 INFO: Setting the profile velocity for group Pivot_Group from config.yaml: 4
2025-05-08 17:17:07,398 INFO: Profile velocities set for group Pivot_Group: {7: 17.48, 8: 17.48}
2025-05-08 17:17:07,399 INFO: Position limits set for group Pivot_Group: min=45째 (ticks=511), max=315째 (ticks=3583)
2025-05-08 17:17:07,399 INFO: Set position limits for the pivot motors
2025-05-08 17:17:07,455 ERROR: Bulk read failed with error: [TxRxResult] There is no status packet!
2025-05-08 17:17:07,456 INFO: Initialising Gait 1
2025-05-08 17:17:07,457 INFO: Disabling torque for group Wheg_Group
2025-05-08 17:17:07,458 INFO: Drive mode set for group Wheg_Group with reverse_direction={1: 0, 2: 0, 3: 0, 4: 1, 5: 1, 6: 1}
2025-05-08 17:17:07,458 INFO: Enabling torque for group Wheg_Group
2025-05-08 17:17:07,459 INFO: Setting the profile velocity for group Wheg_Group from config.yaml: 10
2025-05-08 17:17:07,460 INFO: Profile velocities set for group Wheg_Group: {1: 43.7, 2: 43.7, 3: 43.7, 4: 43.7, 5: 43.7, 6: 43.7}
2025-05-08 17:17:07,460 WARNING: Set direction of whegs to forward
2025-05-08 17:17:07,461 WARNING: Direction set for all whegs
2025-05-08 17:17:07,462 INFO: Running set_position_group for group 'Wheg_Group' with positions: 180
2025-05-08 17:17:07,497 ERROR: Bulk read failed with error: [TxRxResult] There is no status packet!
2025-05-08 17:17:07,498 ERROR: Error controlling pivots: 'dpad_down'
2025-05-08 17:17:07,534 ERROR: Bulk read failed with error: [TxRxResult] There is no status packet!
2025-05-08 17:17:07,571 ERROR: Bulk read failed with error: [TxRxResult] There is no status packet!
2025-05-08 17:17:07,607 ERROR: Bulk read failed with error: [TxRxResult] There is no status packet!
2025-05-08 17:17:07,643 ERROR: Bulk read failed with error: [TxRxResult] There is no status packet!
2025-05-08 17:17:07,644 ERROR: Error retrieving motor data: 'NoneType' object has no attribute 'keys'
2025-05-08 17:17:07,649 INFO: Initiating safe shutdown...
2025-05-08 17:17:07,650 INFO: Setting operating mode 'velocity' for group 'All_Motors'
2025-05-08 17:17:07,652 INFO: Disabling torque for group All_Motors
2025-05-08 17:17:07,654 INFO: Enabling torque for group All_Motors
2025-05-08 17:17:07,655 INFO: Setting the profile velocity for group All_Motors from config.yaml: 8
2025-05-08 17:17:07,656 INFO: Profile velocities set for group All_Motors: {1: 34.96, 2: 34.96, 3: 34.96, 4: 34.96, 5: 34.96, 6: 34.96, 7: 34.96, 8: 34.96}
2025-05-08 17:17:07,656 WARNING: Velocity limit 200 exceeds hard limit 100. Limiting to 100.
2025-05-08 17:17:07,657 INFO: Velocity limit set to 100 for group All_Motors
2025-05-08 17:17:07,658 INFO: Enabling torque for group All_Motors
2025-05-08 17:17:07,659 INFO: Setting the profile velocity for group All_Motors from config.yaml: 8
2025-05-08 17:17:07,660 INFO: Profile velocities set for group All_Motors: {1: 34.96, 2: 34.96, 3: 34.96, 4: 34.96, 5: 34.96, 6: 34.96, 7: 34.96, 8: 34.96}
2025-05-08 17:17:07,661 INFO: Target velocities set for group All_Motors: {1: 0, 2: 0, 3: 0, 4: 0, 5: 0, 6: 0, 7: 0, 8: 0}
2025-05-08 17:17:07,661 INFO: Running set_position_group for group 'All_Motors' with positions: 180
2025-05-08 17:17:07,697 ERROR: Bulk read failed with error: [TxRxResult] There is no status packet!
