2025-04-01 14:35:00,227 INFO: Initializing PS4Controller
2025-04-01 14:35:01,437 INFO: Configuration loaded successfully
2025-04-01 14:35:01,441 INFO: Port /dev/ttyACM0 opened successfully
2025-04-01 14:35:01,451 INFO: Baudrate set to 1000000
2025-04-01 14:35:01,452 INFO: Control table loaded successfully.
2025-04-01 14:35:01,452 INFO: Motor group 'Pivot_Group' created with motors: [7, 8]
2025-04-01 14:35:01,452 INFO: Motor group 'Wheg_Group' created with motors: [1, 2, 3, 4, 5, 6]
2025-04-01 14:35:01,452 INFO: Motor group 'All_Motors' created with motors: [1, 2, 3, 4, 5, 6, 7, 8]
2025-04-01 14:35:01,453 INFO: Motor group 'Left_Whegs' created with motors: [1, 2, 3]
2025-04-01 14:35:01,453 INFO: Motor group 'Right_Whegs' created with motors: [4, 5, 6]
2025-04-01 14:35:01,453 INFO: Motor group 'Front_Whegs' created with motors: [3, 6]
2025-04-01 14:35:01,453 INFO: Motor group 'Rear_Whegs' created with motors: [1, 4]
2025-04-01 14:35:01,453 INFO: Motor group 'Middle_Whegs' created with motors: [2, 5]
2025-04-01 14:35:01,453 INFO: Motor group 'Two_Right_One_Left' created with motors: [2, 4, 6]
2025-04-01 14:35:01,453 INFO: Motor group 'Two_Left_One_Right' created with motors: [5, 1, 3]
2025-04-01 14:35:01,453 INFO: Initialised PS4 controller, Dynamixel, and Robot State
2025-04-01 14:35:01,454 INFO: Disabling torque for group Right_Whegs
2025-04-01 14:35:01,454 INFO: Drive mode set for group Right_Whegs with reverse_direction=True
2025-04-01 14:35:01,454 INFO: Enabling torque for group Right_Whegs
2025-04-01 14:35:01,455 INFO: Setting the profile velocity for group Right_Whegs from config.yaml: None
2025-04-01 14:35:01,455 ERROR: Profile velocity for group Right_Whegs not found in config.yaml and no value was provided.
2025-04-01 14:35:01,455 INFO: Disabling torque for group Left_Whegs
2025-04-01 14:35:01,456 INFO: Drive mode set for group Left_Whegs with reverse_direction=False
2025-04-01 14:35:01,456 INFO: Enabling torque for group Left_Whegs
2025-04-01 14:35:01,456 INFO: Setting the profile velocity for group Left_Whegs from config.yaml: None
2025-04-01 14:35:01,456 ERROR: Profile velocity for group Left_Whegs not found in config.yaml and no value was provided.
2025-04-01 14:35:01,457 INFO: Set the right side whegs to reverse direction
2025-04-01 14:35:01,457 INFO: Disabling torque for group Pivot_Group
2025-04-01 14:35:01,457 INFO: Drive mode set for group Pivot_Group with reverse_direction=False
2025-04-01 14:35:01,458 INFO: Enabling torque for group Pivot_Group
2025-04-01 14:35:01,458 INFO: Setting the profile velocity for group Pivot_Group from config.yaml: 4
2025-04-01 14:35:01,458 INFO: Profile velocities set for group Pivot_Group: {7: 17.48, 8: 17.48}
2025-04-01 14:35:01,459 INFO: Position limits set for group Pivot_Group: min=45° (ticks=511), max=315° (ticks=3583)
2025-04-01 14:35:01,459 INFO: Set position limits for the pivot motors
2025-04-01 14:35:01,679 ERROR: Bulk read failed with error: [TxRxResult] There is no status packet!
2025-04-01 14:35:01,679 INFO: Initialising Gait 1
2025-04-01 14:35:01,679 INFO: Running set_position_group for group 'Wheg_Group' with positions: 180
2025-04-01 14:35:01,715 ERROR: Bulk read failed with error: [TxRxResult] There is no status packet!
2025-04-01 14:35:01,715 ERROR: Error controlling pivots: 'dpad_down'
2025-04-01 14:35:01,751 ERROR: Bulk read failed with error: [TxRxResult] There is no status packet!
2025-04-01 14:35:01,787 ERROR: Bulk read failed with error: [TxRxResult] There is no status packet!
2025-04-01 14:35:01,822 ERROR: Bulk read failed with error: [TxRxResult] There is no status packet!
2025-04-01 14:35:01,858 ERROR: Bulk read failed with error: [TxRxResult] There is no status packet!
2025-04-01 14:35:01,858 ERROR: Error retrieving motor data: 'NoneType' object has no attribute 'keys'
2025-04-01 14:35:01,862 INFO: Initiating safe shutdown...
2025-04-01 14:35:01,862 INFO: Setting operating mode 'velocity' for group 'All_Motors'
2025-04-01 14:35:01,862 INFO: Disabling torque for group All_Motors
2025-04-01 14:35:01,863 INFO: Enabling torque for group All_Motors
2025-04-01 14:35:01,863 INFO: Setting the profile velocity for group All_Motors from config.yaml: 8
2025-04-01 14:35:01,864 INFO: Profile velocities set for group All_Motors: {1: 34.96, 2: 34.96, 3: 34.96, 4: 34.96, 5: 34.96, 6: 34.96, 7: 34.96, 8: 34.96}
2025-04-01 14:35:01,864 WARNING: Velocity limit 200 exceeds hard limit 100. Limiting to 100.
2025-04-01 14:35:01,864 INFO: Velocity limit set to 100 for group All_Motors
2025-04-01 14:35:01,864 INFO: Enabling torque for group All_Motors
2025-04-01 14:35:01,865 INFO: Setting the profile velocity for group All_Motors from config.yaml: 8
2025-04-01 14:35:01,865 INFO: Profile velocities set for group All_Motors: {1: 34.96, 2: 34.96, 3: 34.96, 4: 34.96, 5: 34.96, 6: 34.96, 7: 34.96, 8: 34.96}
2025-04-01 14:35:01,866 INFO: Target velocities set for group All_Motors: {1: 0, 2: 0, 3: 0, 4: 0, 5: 0, 6: 0, 7: 0, 8: 0}
2025-04-01 14:35:01,866 INFO: Running set_position_group for group 'All_Motors' with positions: 180
2025-04-01 14:35:01,901 ERROR: Bulk read failed with error: [TxRxResult] There is no status packet!
