2024-10-30 10:46:58,237 INFO: Initializing PS4Controller
2024-10-30 10:46:58,547 INFO: Configuration loaded successfully
2024-10-30 10:46:58,552 INFO: Port /dev/ttyACM0 opened successfully
2024-10-30 10:46:58,561 INFO: Baudrate set to 1000000
2024-10-30 10:46:58,562 INFO: Control table loaded successfully.
2024-10-30 10:46:58,563 INFO: Motor group 'Pivot_Group' created with motors: [7, 8]
2024-10-30 10:46:58,563 INFO: Motor group 'Wheg_Group' created with motors: [1, 2, 3, 4, 5, 6]
2024-10-30 10:46:58,563 INFO: Motor group 'All_Motors' created with motors: [1, 2, 3, 4, 5, 6, 7, 8]
2024-10-30 10:46:58,564 INFO: Motor group 'Left_Whegs' created with motors: [1, 2, 3]
2024-10-30 10:46:58,564 INFO: Motor group 'Right_Whegs' created with motors: [4, 5, 6]
2024-10-30 10:46:58,565 INFO: Motor group 'Front_Whegs' created with motors: [3, 6]
2024-10-30 10:46:58,565 INFO: Motor group 'Rear_Whegs' created with motors: [1, 4]
2024-10-30 10:46:58,565 INFO: Motor group 'Middle_Whegs' created with motors: [2, 5]
2024-10-30 10:46:58,566 INFO: Motor group 'Two_Right_One_Left' created with motors: [2, 4, 6]
2024-10-30 10:46:58,566 INFO: Motor group 'Two_Left_One_Right' created with motors: [5, 1, 3]
2024-10-30 10:46:58,566 INFO: Initialised PS4 controller, Dynamixel, and Robot State
2024-10-30 10:46:58,727 INFO: Disabling torque for group Right_Whegs
2024-10-30 10:46:58,729 INFO: Drive mode set for group Right_Whegs with reverse_direction=True
2024-10-30 10:46:58,730 INFO: Enabling torque for group Right_Whegs
2024-10-30 10:46:58,731 INFO: Setting the profile velocity for group Right_Whegs from config.yaml: None
2024-10-30 10:46:58,733 ERROR: Profile velocity for group Right_Whegs not found in config.yaml and no value was provided.
2024-10-30 10:46:58,735 INFO: Profile velocities set for group Right_Whegs: {4: 21.85, 5: 21.85, 6: 21.85}
2024-10-30 10:46:58,735 INFO: Disabling torque for group Left_Whegs
2024-10-30 10:46:58,737 INFO: Drive mode set for group Left_Whegs with reverse_direction=False
2024-10-30 10:46:58,737 INFO: Enabling torque for group Left_Whegs
2024-10-30 10:46:58,738 INFO: Setting the profile velocity for group Left_Whegs from config.yaml: None
2024-10-30 10:46:58,738 ERROR: Profile velocity for group Left_Whegs not found in config.yaml and no value was provided.
2024-10-30 10:46:58,739 INFO: Profile velocities set for group Left_Whegs: {1: 21.85, 2: 21.85, 3: 21.85}
2024-10-30 10:46:58,739 INFO: Set the right side whegs to reverse direction
2024-10-30 10:46:58,740 INFO: Disabling torque for group Pivot_Group
2024-10-30 10:46:58,740 INFO: Drive mode set for group Pivot_Group with reverse_direction=False
2024-10-30 10:46:58,741 INFO: Enabling torque for group Pivot_Group
2024-10-30 10:46:58,742 INFO: Setting the profile velocity for group Pivot_Group from config.yaml: 4
2024-10-30 10:46:58,742 INFO: Profile velocities set for group Pivot_Group: {7: 17.48, 8: 17.48}
2024-10-30 10:46:58,743 INFO: Position limits set for group Pivot_Group: min=45° (ticks=511), max=315° (ticks=3583)
2024-10-30 10:46:58,743 INFO: Set position limits for the pivot motors
2024-10-30 10:46:58,780 ERROR: Bulk read failed with error: [TxRxResult] There is no status packet!
2024-10-30 10:46:58,781 INFO: Initialising Gait 1
2024-10-30 10:46:58,781 INFO: Running set_position_group for group 'Wheg_Group' with positions: 180
2024-10-30 10:46:58,817 ERROR: Bulk read failed with error: [TxRxResult] There is no status packet!
2024-10-30 10:46:58,817 ERROR: Error controlling pivots: 'dpad_down'
2024-10-30 10:46:58,853 ERROR: Bulk read failed with error: [TxRxResult] There is no status packet!
2024-10-30 10:46:58,889 ERROR: Bulk read failed with error: [TxRxResult] There is no status packet!
2024-10-30 10:46:58,925 ERROR: Bulk read failed with error: [TxRxResult] There is no status packet!
2024-10-30 10:46:58,961 ERROR: Bulk read failed with error: [TxRxResult] There is no status packet!
2024-10-30 10:46:58,962 ERROR: Error retrieving motor data: 'NoneType' object has no attribute 'keys'
2024-10-30 10:46:58,966 INFO: Initiating safe shutdown...
2024-10-30 10:46:58,968 INFO: Setting operating mode 'velocity' for group 'All_Motors'
2024-10-30 10:46:58,968 INFO: Disabling torque for group All_Motors
2024-10-30 10:46:58,971 INFO: Enabling torque for group All_Motors
2024-10-30 10:46:58,972 INFO: Setting the profile velocity for group All_Motors from config.yaml: 8
2024-10-30 10:46:58,972 INFO: Profile velocities set for group All_Motors: {1: 34.96, 2: 34.96, 3: 34.96, 4: 34.96, 5: 34.96, 6: 34.96, 7: 34.96, 8: 34.96}
2024-10-30 10:46:58,973 WARNING: Velocity limit 200 exceeds hard limit 100. Limiting to 100.
2024-10-30 10:46:58,974 INFO: Velocity limit set to 100 for group All_Motors
2024-10-30 10:46:58,974 INFO: Enabling torque for group All_Motors
2024-10-30 10:46:58,975 INFO: Setting the profile velocity for group All_Motors from config.yaml: 8
2024-10-30 10:46:58,975 INFO: Profile velocities set for group All_Motors: {1: 34.96, 2: 34.96, 3: 34.96, 4: 34.96, 5: 34.96, 6: 34.96, 7: 34.96, 8: 34.96}
2024-10-30 10:46:58,976 INFO: Target velocities set for group All_Motors: {1: 0, 2: 0, 3: 0, 4: 0, 5: 0, 6: 0, 7: 0, 8: 0}
2024-10-30 10:46:58,977 INFO: Running set_position_group for group 'All_Motors' with positions: 180
2024-10-30 10:46:59,012 ERROR: Bulk read failed with error: [TxRxResult] There is no status packet!
