2024-10-29 02:28:33,991 INFO: Initializing PS4Controller
2024-10-29 02:28:34,274 INFO: Configuration loaded successfully
2024-10-29 02:28:34,278 INFO: Port /dev/ttyACM0 opened successfully
2024-10-29 02:28:34,288 INFO: Baudrate set to 1000000
2024-10-29 02:28:34,289 INFO: Control table loaded successfully.
2024-10-29 02:28:34,289 INFO: Motor group 'Pivot_Group' created with motors: [7, 8]
2024-10-29 02:28:34,290 INFO: Motor group 'Wheg_Group' created with motors: [1, 2, 3, 4, 5, 6]
2024-10-29 02:28:34,290 INFO: Motor group 'All_Motors' created with motors: [1, 2, 3, 4, 5, 6, 7, 8]
2024-10-29 02:28:34,291 INFO: Motor group 'Left_Whegs' created with motors: [1, 2, 3]
2024-10-29 02:28:34,291 INFO: Motor group 'Right_Whegs' created with motors: [4, 5, 6]
2024-10-29 02:28:34,291 INFO: Motor group 'Front_Whegs' created with motors: [3, 6]
2024-10-29 02:28:34,292 INFO: Motor group 'Rear_Whegs' created with motors: [1, 4]
2024-10-29 02:28:34,292 INFO: Motor group 'Middle_Whegs' created with motors: [2, 5]
2024-10-29 02:28:34,293 INFO: Motor group 'Two_Right_One_Left' created with motors: [2, 4, 6]
2024-10-29 02:28:34,293 INFO: Motor group 'Two_Left_One_Right' created with motors: [5, 1, 3]
2024-10-29 02:28:34,294 INFO: Initialised PS4 controller, Dynamixel, and Robot State
2024-10-29 02:28:34,461 INFO: Disabling torque for group Right_Whegs
2024-10-29 02:28:34,464 INFO: Drive mode set for group Right_Whegs with reverse_direction=True
2024-10-29 02:28:34,465 INFO: Enabling torque for group Right_Whegs
2024-10-29 02:28:34,470 INFO: Motor 4 drive mode correctly set to reverse
2024-10-29 02:28:34,471 INFO: Motor 5 drive mode correctly set to reverse
2024-10-29 02:28:34,471 INFO: Motor 6 drive mode correctly set to reverse
2024-10-29 02:28:34,472 INFO: Disabling torque for group Left_Whegs
2024-10-29 02:28:34,473 INFO: Drive mode set for group Left_Whegs with reverse_direction=False
2024-10-29 02:28:34,473 INFO: Enabling torque for group Left_Whegs
2024-10-29 02:28:34,477 INFO: Motor 1 drive mode correctly set to normal
2024-10-29 02:28:34,477 INFO: Motor 2 drive mode correctly set to normal
2024-10-29 02:28:34,481 INFO: Motor 3 drive mode correctly set to normal
2024-10-29 02:28:34,482 INFO: Set the right side whegs to reverse direction
2024-10-29 02:28:34,483 INFO: Disabling torque for group Pivot_Group
2024-10-29 02:28:34,484 INFO: Drive mode set for group Pivot_Group with reverse_direction=False
2024-10-29 02:28:34,484 INFO: Enabling torque for group Pivot_Group
2024-10-29 02:28:34,488 INFO: Motor 7 drive mode correctly set to normal
2024-10-29 02:28:34,488 INFO: Motor 8 drive mode correctly set to normal
2024-10-29 02:28:34,489 INFO: Position limits set for group Pivot_Group: min=90° (ticks=1023), max=270° (ticks=3071)
2024-10-29 02:28:34,489 INFO: Set position limits for the pivot motors
2024-10-29 02:28:34,498 ERROR: Hardware error detected on motor 2: Error code 32
2024-10-29 02:28:34,498 ERROR: Motor 2: Overload Error detected.
2024-10-29 02:28:34,499 WARNING: Hardware error detected on motor 2. Rebooting motor and resetting gait...
2024-10-29 02:28:34,501 INFO: Motor 2 successfully rebooted.
2024-10-29 02:28:34,501 INFO: Motor 2 rebooted successfully.
2024-10-29 02:28:34,502 INFO: Initialising Gait 1
2024-10-29 02:28:34,502 INFO: Reboot requested, resetting torque all motors
2024-10-29 02:28:34,503 ERROR: Error controlling pivots: 'dpad_down'
2024-10-29 02:28:34,539 ERROR: Bulk read failed with error: [TxRxResult] There is no status packet!
2024-10-29 02:28:34,575 ERROR: Bulk read failed with error: [TxRxResult] There is no status packet!
2024-10-29 02:28:34,611 ERROR: Bulk read failed with error: [TxRxResult] There is no status packet!
2024-10-29 02:28:34,647 ERROR: Bulk read failed with error: [TxRxResult] There is no status packet!
2024-10-29 02:28:34,647 ERROR: Error retrieving motor data: 'NoneType' object has no attribute 'keys'
2024-10-29 02:28:34,738 ERROR: Bulk read failed with error: [TxRxResult] There is no status packet!
2024-10-29 02:28:34,775 ERROR: Bulk read failed with error: [TxRxResult] There is no status packet!
2024-10-29 02:28:34,811 ERROR: Bulk read failed with error: [TxRxResult] There is no status packet!
2024-10-29 02:28:34,847 ERROR: Bulk read failed with error: [TxRxResult] There is no status packet!
2024-10-29 02:28:34,848 ERROR: Error retrieving motor data: 'NoneType' object has no attribute 'keys'
2024-10-29 02:28:35,033 INFO: Enabling torque for group All_Motors
2024-10-29 02:28:35,035 INFO: Running set_position_group for group 'Wheg_Group' with positions: 180
2024-10-29 02:28:35,041 INFO: Running set_position_group for group 'Pivot_Group' with positions: 180
2024-10-29 02:28:35,045 INFO: Initialised Gait 1, waiting for 3 seconds
2024-10-29 02:28:38,065 INFO: Setting operating mode 'multi_turn' for group 'Wheg_Group'
2024-10-29 02:28:38,066 INFO: Disabling torque for group Wheg_Group
2024-10-29 02:28:38,068 INFO: Enabling torque for group Wheg_Group
2024-10-29 02:28:38,069 INFO: Setting the profile velocity for group Wheg_Group from config.yaml: 10
2024-10-29 02:28:38,071 INFO: Profile velocities set for group Wheg_Group: {1: 43.7, 2: 43.7, 3: 43.7, 4: 43.7, 5: 43.7, 6: 43.7}
2024-10-29 02:28:38,071 INFO: New gait 1 is now active.
2024-10-29 02:28:39,598 INFO: Profile velocities set for group Wheg_Group: {1: 21.85, 2: 21.85, 3: 21.85, 4: 21.85, 5: 21.85, 6: 21.85}
2024-10-29 02:28:39,599 INFO: Incrementing motor positions by 360 degrees for group 'Wheg_Group'
2024-10-29 02:28:39,609 INFO: Gait 1 step executed at 5.00RPM, wait for 12.00 seconds
2024-10-29 02:28:44,668 INFO: Triangle pressed. Preparing to change to next gait: 2
2024-10-29 02:28:51,669 INFO: Initialising Gait 2
2024-10-29 02:28:51,670 INFO: Running set_position_group for group 'Wheg_Group' with positions: {1: 160, 2: 200, 3: 160, 4: 200, 5: 160, 6: 200}
2024-10-29 02:28:51,676 WARNING: Motor 1 is not in Position Control Mode. Setting mode now.
2024-10-29 02:28:51,677 INFO: Setting operating mode 'position' for group 'Wheg_Group'
2024-10-29 02:28:51,677 INFO: Disabling torque for group Wheg_Group
2024-10-29 02:28:51,678 INFO: Enabling torque for group Wheg_Group
2024-10-29 02:28:51,680 INFO: Setting the profile velocity for group Wheg_Group from config.yaml: 10
2024-10-29 02:28:51,681 INFO: Profile velocities set for group Wheg_Group: {1: 43.7, 2: 43.7, 3: 43.7, 4: 43.7, 5: 43.7, 6: 43.7}
2024-10-29 02:28:51,682 INFO: Running set_position_group for group 'Pivot_Group' with positions: 180
2024-10-29 02:28:51,686 INFO: Initialised Gait 2, waiting for 3 seconds
2024-10-29 02:28:53,789 INFO: Triangle pressed. Preparing to change to next gait: 2
2024-10-29 02:28:54,687 INFO: Setting operating mode 'multi_turn' for group 'Wheg_Group'
2024-10-29 02:28:54,688 INFO: Disabling torque for group Wheg_Group
2024-10-29 02:28:54,689 INFO: Enabling torque for group Wheg_Group
2024-10-29 02:28:54,690 INFO: Setting the profile velocity for group Wheg_Group from config.yaml: 10
2024-10-29 02:28:54,691 INFO: Profile velocities set for group Wheg_Group: {1: 43.7, 2: 43.7, 3: 43.7, 4: 43.7, 5: 43.7, 6: 43.7}
2024-10-29 02:28:54,691 INFO: New gait 2 is now active.
2024-10-29 02:28:56,469 INFO: Triangle pressed. Preparing to change to next gait: 3
2024-10-29 02:28:56,481 INFO: Initialsing Gait 3
2024-10-29 02:28:56,481 INFO: Running set_position_group for group 'Wheg_Group' with positions: {1: 200, 2: 160, 3: 160, 4: 200, 5: 160, 6: 160}
2024-10-29 02:28:56,486 WARNING: Motor 1 is not in Position Control Mode. Setting mode now.
2024-10-29 02:28:56,487 INFO: Setting operating mode 'position' for group 'Wheg_Group'
2024-10-29 02:28:56,487 INFO: Disabling torque for group Wheg_Group
2024-10-29 02:28:56,489 INFO: Enabling torque for group Wheg_Group
2024-10-29 02:28:56,490 INFO: Setting the profile velocity for group Wheg_Group from config.yaml: 10
2024-10-29 02:28:56,491 INFO: Profile velocities set for group Wheg_Group: {1: 43.7, 2: 43.7, 3: 43.7, 4: 43.7, 5: 43.7, 6: 43.7}
2024-10-29 02:28:56,492 INFO: Running set_position_group for group 'Pivot_Group' with positions: 180
2024-10-29 02:28:56,495 INFO: Initialised Gait 3, waiting for 3 seconds
2024-10-29 02:28:58,522 INFO: Triangle pressed. Preparing to change to next gait: 3
2024-10-29 02:28:59,521 INFO: Setting operating mode 'multi_turn' for group 'Wheg_Group'
2024-10-29 02:28:59,522 INFO: Disabling torque for group Wheg_Group
2024-10-29 02:28:59,525 INFO: Enabling torque for group Wheg_Group
2024-10-29 02:28:59,528 INFO: Setting the profile velocity for group Wheg_Group from config.yaml: 10
2024-10-29 02:28:59,529 INFO: Profile velocities set for group Wheg_Group: {1: 43.7, 2: 43.7, 3: 43.7, 4: 43.7, 5: 43.7, 6: 43.7}
2024-10-29 02:28:59,529 INFO: New gait 3 is now active.
2024-10-29 02:29:01,063 INFO: Triangle pressed. Preparing to change to next gait: 4
2024-10-29 02:29:01,074 INFO: Initialising Gait 4
2024-10-29 02:29:01,077 INFO: Direction data: {1: {'drive_mode': 0}, 2: {'drive_mode': 0}, 3: {'drive_mode': 0}}
2024-10-29 02:29:01,078 INFO: Disabling torque for group Left_Whegs
2024-10-29 02:29:01,079 INFO: Drive mode set for group Left_Whegs with reverse_direction={1: 1, 2: 1, 3: 1}
2024-10-29 02:29:01,080 INFO: Enabling torque for group Left_Whegs
2024-10-29 02:29:01,085 INFO: Motor 1 drive mode correctly set to reverse
2024-10-29 02:29:01,085 INFO: Motor 2 drive mode correctly set to reverse
2024-10-29 02:29:01,086 INFO: Motor 3 drive mode correctly set to reverse
2024-10-29 02:29:01,087 WARNING: Reversed the direction of the left whegs
2024-10-29 02:29:01,087 INFO: Running set_position_group for group 'Wheg_Group' with positions: {1: 180, 2: 180, 3: 180, 4: 180, 5: 180, 6: 180}
2024-10-29 02:29:01,093 WARNING: Motor 1 is not in Position Control Mode. Setting mode now.
2024-10-29 02:29:01,093 INFO: Setting operating mode 'position' for group 'Wheg_Group'
2024-10-29 02:29:01,094 INFO: Disabling torque for group Wheg_Group
2024-10-29 02:29:01,095 INFO: Enabling torque for group Wheg_Group
2024-10-29 02:29:01,096 INFO: Setting the profile velocity for group Wheg_Group from config.yaml: 10
2024-10-29 02:29:01,096 INFO: Profile velocities set for group Wheg_Group: {1: 43.7, 2: 43.7, 3: 43.7, 4: 43.7, 5: 43.7, 6: 43.7}
2024-10-29 02:29:01,097 INFO: Running set_position_group for group 'Pivot_Group' with positions: 180
2024-10-29 02:29:01,101 INFO: Initialised Gait 4, waiting for 3 seconds
2024-10-29 02:29:04,102 INFO: Setting operating mode 'multi_turn' for group 'Wheg_Group'
2024-10-29 02:29:04,103 INFO: Disabling torque for group Wheg_Group
2024-10-29 02:29:04,104 INFO: Enabling torque for group Wheg_Group
2024-10-29 02:29:04,105 INFO: Setting the profile velocity for group Wheg_Group from config.yaml: 10
2024-10-29 02:29:04,106 INFO: Profile velocities set for group Wheg_Group: {1: 43.7, 2: 43.7, 3: 43.7, 4: 43.7, 5: 43.7, 6: 43.7}
2024-10-29 02:29:04,106 INFO: New gait 4 is now active.
2024-10-29 02:29:04,172 INFO: Initiating safe shutdown...
2024-10-29 02:29:04,172 INFO: Setting operating mode 'velocity' for group 'All_Motors'
2024-10-29 02:29:04,173 INFO: Disabling torque for group All_Motors
2024-10-29 02:29:04,173 INFO: Enabling torque for group All_Motors
2024-10-29 02:29:04,174 WARNING: Velocity limit 200 exceeds hard limit 100. Limiting to 100.
2024-10-29 02:29:04,175 INFO: Velocity limit set to 100 for group All_Motors
2024-10-29 02:29:04,175 INFO: Enabling torque for group All_Motors
2024-10-29 02:29:04,176 INFO: Target velocities set for group All_Motors: {1: 0, 2: 0, 3: 0, 4: 0, 5: 0, 6: 0, 7: 0, 8: 0}
2024-10-29 02:29:04,177 INFO: Running set_position_group for group 'All_Motors' with positions: 180
2024-10-29 02:29:04,184 WARNING: Motor 1 is not in Position Control Mode. Setting mode now.
2024-10-29 02:29:04,184 INFO: Setting operating mode 'position' for group 'All_Motors'
2024-10-29 02:29:04,185 INFO: Disabling torque for group All_Motors
2024-10-29 02:29:04,186 INFO: Enabling torque for group All_Motors
2024-10-29 02:29:04,186 INFO: Setting the profile velocity for group All_Motors from config.yaml: 5
2024-10-29 02:29:04,187 INFO: Profile velocities set for group All_Motors: {1: 21.85, 2: 21.85, 3: 21.85, 4: 21.85, 5: 21.85, 6: 21.85, 7: 21.85, 8: 21.85}
2024-10-29 02:29:04,188 INFO: Closing PS4Controller and quitting pygame
2024-10-29 02:29:04,265 INFO: Port closed successfully.
2024-10-29 02:29:04,266 INFO: Shutdown complete.
