2025-04-01 13:31:14,453 INFO: Initializing PS4Controller
2025-04-01 13:31:14,958 INFO: Configuration loaded successfully
2025-04-01 13:31:14,961 INFO: Port /dev/ttyACM0 opened successfully
2025-04-01 13:31:14,971 INFO: Baudrate set to 1000000
2025-04-01 13:31:14,972 INFO: Control table loaded successfully.
2025-04-01 13:31:14,972 INFO: Motor group 'Pivot_Group' created with motors: [7, 8]
2025-04-01 13:31:14,973 INFO: Motor group 'Wheg_Group' created with motors: [1, 2, 3, 4, 5, 6]
2025-04-01 13:31:14,973 INFO: Motor group 'All_Motors' created with motors: [1, 2, 3, 4, 5, 6, 7, 8]
2025-04-01 13:31:14,973 INFO: Motor group 'Left_Whegs' created with motors: [1, 2, 3]
2025-04-01 13:31:14,973 INFO: Motor group 'Right_Whegs' created with motors: [4, 5, 6]
2025-04-01 13:31:14,973 INFO: Motor group 'Front_Whegs' created with motors: [3, 6]
2025-04-01 13:31:14,974 INFO: Motor group 'Rear_Whegs' created with motors: [1, 4]
2025-04-01 13:31:14,974 INFO: Motor group 'Middle_Whegs' created with motors: [2, 5]
2025-04-01 13:31:14,974 INFO: Motor group 'Two_Right_One_Left' created with motors: [2, 4, 6]
2025-04-01 13:31:14,974 INFO: Motor group 'Two_Left_One_Right' created with motors: [5, 1, 3]
2025-04-01 13:31:14,974 INFO: Initialised PS4 controller, Dynamixel, and Robot State
2025-04-01 13:31:14,974 INFO: Disabling torque for group Right_Whegs
2025-04-01 13:31:14,975 INFO: Drive mode set for group Right_Whegs with reverse_direction=True
2025-04-01 13:31:14,975 INFO: Enabling torque for group Right_Whegs
2025-04-01 13:31:14,975 INFO: Setting the profile velocity for group Right_Whegs from config.yaml: None
2025-04-01 13:31:14,976 ERROR: Profile velocity for group Right_Whegs not found in config.yaml and no value was provided.
2025-04-01 13:31:14,976 INFO: Disabling torque for group Left_Whegs
2025-04-01 13:31:14,976 INFO: Drive mode set for group Left_Whegs with reverse_direction=False
2025-04-01 13:31:14,976 INFO: Enabling torque for group Left_Whegs
2025-04-01 13:31:14,977 INFO: Setting the profile velocity for group Left_Whegs from config.yaml: None
2025-04-01 13:31:14,977 ERROR: Profile velocity for group Left_Whegs not found in config.yaml and no value was provided.
2025-04-01 13:31:14,977 INFO: Set the right side whegs to reverse direction
2025-04-01 13:31:14,977 INFO: Disabling torque for group Pivot_Group
2025-04-01 13:31:14,978 INFO: Drive mode set for group Pivot_Group with reverse_direction=False
2025-04-01 13:31:14,978 INFO: Enabling torque for group Pivot_Group
2025-04-01 13:31:14,979 INFO: Setting the profile velocity for group Pivot_Group from config.yaml: 4
2025-04-01 13:31:14,979 INFO: Profile velocities set for group Pivot_Group: {7: 17.48, 8: 17.48}
2025-04-01 13:31:14,979 INFO: Position limits set for group Pivot_Group: min=45° (ticks=511), max=315° (ticks=3583)
2025-04-01 13:31:14,980 INFO: Set position limits for the pivot motors
2025-04-01 13:31:15,165 INFO: Initialising Gait 1
2025-04-01 13:31:15,165 INFO: Running set_position_group for group 'Wheg_Group' with positions: 180
2025-04-01 13:31:15,171 INFO: Running set_position_group for group 'Pivot_Group' with positions: 180
2025-04-01 13:31:15,175 INFO: Initialised Gait 1, waiting for 3 seconds
2025-04-01 13:31:15,175 ERROR: Error controlling pivots: 'dpad_down'
2025-04-01 13:31:18,176 INFO: Setting operating mode 'multi_turn' for group 'Wheg_Group'
2025-04-01 13:31:18,176 INFO: Disabling torque for group Wheg_Group
2025-04-01 13:31:18,177 INFO: Enabling torque for group Wheg_Group
2025-04-01 13:31:18,177 INFO: Setting the profile velocity for group Wheg_Group from config.yaml: 10
2025-04-01 13:31:18,177 INFO: Profile velocities set for group Wheg_Group: {1: 43.7, 2: 43.7, 3: 43.7, 4: 43.7, 5: 43.7, 6: 43.7}
2025-04-01 13:31:18,178 INFO: Setting the profile velocity for group Wheg_Group from config.yaml: 10
2025-04-01 13:31:18,178 INFO: Profile velocities set for group Wheg_Group: {1: 43.7, 2: 43.7, 3: 43.7, 4: 43.7, 5: 43.7, 6: 43.7}
2025-04-01 13:31:18,178 INFO: New gait 1 is now active.
2025-04-01 13:31:18,992 INFO: Profile velocities set for group Wheg_Group: {1: 21.85, 2: 21.85, 3: 21.85, 4: 21.85, 5: 21.85, 6: 21.85}
2025-04-01 13:31:18,992 INFO: Incrementing motor positions by 360 degrees for group 'Wheg_Group'
2025-04-01 13:31:19,002 INFO: Gait 1 step executed at 5.00RPM, wait for 12.00 seconds
2025-04-01 13:31:32,059 INFO: Share pressed. Reversing the direction of the whegs
2025-04-01 13:31:32,073 INFO: Disabling torque for group Wheg_Group
2025-04-01 13:31:32,074 INFO: Drive mode set for group Wheg_Group with reverse_direction={1: 1, 2: 1, 3: 1, 4: 0, 5: 0, 6: 0}
2025-04-01 13:31:32,074 INFO: Enabling torque for group Wheg_Group
2025-04-01 13:31:32,075 INFO: Setting the profile velocity for group Wheg_Group from config.yaml: 10
2025-04-01 13:31:32,075 INFO: Profile velocities set for group Wheg_Group: {1: 43.7, 2: 43.7, 3: 43.7, 4: 43.7, 5: 43.7, 6: 43.7}
2025-04-01 13:31:32,075 INFO: Reversed the direction of all whegs, waiting for 3 seconds
2025-04-01 13:31:35,076 INFO: Direction of whegs reversed.
2025-04-01 13:31:35,120 INFO: Initialising Gait 1
2025-04-01 13:31:35,120 INFO: Running set_position_group for group 'Wheg_Group' with positions: 180
2025-04-01 13:31:35,125 WARNING: Motor 1 is not in Position Control Mode. Setting mode now.
2025-04-01 13:31:35,125 INFO: Setting operating mode 'position' for group 'Wheg_Group'
2025-04-01 13:31:35,126 INFO: Disabling torque for group Wheg_Group
2025-04-01 13:31:35,126 INFO: Enabling torque for group Wheg_Group
2025-04-01 13:31:35,126 INFO: Setting the profile velocity for group Wheg_Group from config.yaml: 10
2025-04-01 13:31:35,127 INFO: Profile velocities set for group Wheg_Group: {1: 43.7, 2: 43.7, 3: 43.7, 4: 43.7, 5: 43.7, 6: 43.7}
2025-04-01 13:31:35,127 INFO: Setting the profile velocity for group Wheg_Group from config.yaml: 10
2025-04-01 13:31:35,128 INFO: Profile velocities set for group Wheg_Group: {1: 43.7, 2: 43.7, 3: 43.7, 4: 43.7, 5: 43.7, 6: 43.7}
2025-04-01 13:31:35,128 INFO: Running set_position_group for group 'Pivot_Group' with positions: 180
2025-04-01 13:31:35,131 INFO: Initialised Gait 1, waiting for 3 seconds
2025-04-01 13:31:38,136 INFO: Setting operating mode 'multi_turn' for group 'Wheg_Group'
2025-04-01 13:31:38,136 INFO: Disabling torque for group Wheg_Group
2025-04-01 13:31:38,137 INFO: Enabling torque for group Wheg_Group
2025-04-01 13:31:38,138 INFO: Setting the profile velocity for group Wheg_Group from config.yaml: 10
2025-04-01 13:31:38,139 INFO: Profile velocities set for group Wheg_Group: {1: 43.7, 2: 43.7, 3: 43.7, 4: 43.7, 5: 43.7, 6: 43.7}
2025-04-01 13:31:38,139 INFO: Setting the profile velocity for group Wheg_Group from config.yaml: 10
2025-04-01 13:31:38,140 INFO: Profile velocities set for group Wheg_Group: {1: 43.7, 2: 43.7, 3: 43.7, 4: 43.7, 5: 43.7, 6: 43.7}
2025-04-01 13:31:38,140 INFO: New gait 1 is now active.
2025-04-01 13:31:40,092 INFO: Profile velocities set for group Wheg_Group: {1: 21.85, 2: 21.85, 3: 21.85, 4: 21.85, 5: 21.85, 6: 21.85}
2025-04-01 13:31:40,093 INFO: Incrementing motor positions by 360 degrees for group 'Wheg_Group'
2025-04-01 13:31:40,103 INFO: Gait 1 step executed at 5.00RPM, wait for 12.00 seconds
2025-04-01 13:32:10,863 INFO: Profile velocities set for group Wheg_Group: {1: 21.85, 2: 21.85, 3: 21.85, 4: 21.85, 5: 21.85, 6: 21.85}
2025-04-01 13:32:10,864 INFO: Incrementing motor positions by 360 degrees for group 'Wheg_Group'
2025-04-01 13:32:10,874 INFO: Gait 1 step executed at 5.00RPM, wait for 12.00 seconds
