2024-09-25 22:57:59,981 INFO: Initializing PS4Controller
2024-09-25 22:58:00,214 DEBUG: Pygame initialized
2024-09-25 22:58:00,215 DEBUG: Joystick initialized
2024-09-25 22:58:00,215 DEBUG: Number of buttons on the controller: 13
2024-09-25 22:58:00,258 INFO: Configuration loaded successfully
2024-09-25 22:58:00,261 INFO: Port /dev/ttyACM0 opened successfully
2024-09-25 22:58:00,271 INFO: Baudrate set to 1000000
2024-09-25 22:58:00,271 INFO: Control table loaded successfully.
2024-09-25 22:58:00,271 INFO: Motor group 'Pivot_Group' created with motors: [7, 8]
2024-09-25 22:58:00,271 INFO: Motor group 'Wheg_Group' created with motors: [1, 2, 3, 4, 5, 6]
2024-09-25 22:58:00,272 INFO: Motor group 'All_Motors' created with motors: [1, 2, 3, 4, 5, 6, 7, 8]
2024-09-25 22:58:00,272 INFO: Motor group 'Left_Whegs' created with motors: [1, 2, 3]
2024-09-25 22:58:00,272 INFO: Motor group 'Right_Whegs' created with motors: [4, 5, 6]
2024-09-25 22:58:00,272 INFO: Motor group 'Front_Whegs' created with motors: [3, 6]
2024-09-25 22:58:00,272 INFO: Motor group 'Rear_Whegs' created with motors: [1, 4]
2024-09-25 22:58:00,272 INFO: Motor group 'Middle_Whegs' created with motors: [2, 5]
2024-09-25 22:58:00,272 INFO: Motor group 'Two_Right_One_Left' created with motors: [2, 4, 6]
2024-09-25 22:58:00,272 INFO: Motor group 'Two_Left_One_Right' created with motors: [5, 1, 3]
2024-09-25 22:58:00,272 INFO: Initialized PS4 controller, Dynamixel, and Robot State
2024-09-25 22:58:00,273 INFO: Torque disabled for group Right_Whegs
2024-09-25 22:58:00,273 INFO: Drive mode set for group Right_Whegs with reverse_direction=True
2024-09-25 22:58:00,274 INFO: Torque enabled for group Right_Whegs
2024-09-25 22:58:00,274 DEBUG: Preparing bulk read for motors: [4, 5, 6], Parameters: ['drive_mode']
2024-09-25 22:58:00,274 DEBUG: Adding motor 4, Address: 10, Length: 1 to bulk read
2024-09-25 22:58:00,274 DEBUG: Adding motor 5, Address: 10, Length: 1 to bulk read
2024-09-25 22:58:00,274 DEBUG: Adding motor 6, Address: 10, Length: 1 to bulk read
2024-09-25 22:58:00,277 DEBUG: Bulk read successful for group 'Right_Whegs'
2024-09-25 22:58:00,277 DEBUG: Motor 4 current drive mode read from bulk read: 1
2024-09-25 22:58:00,277 INFO: Motor 4 drive mode correctly set to reverse
2024-09-25 22:58:00,277 DEBUG: Motor 5 current drive mode read from bulk read: 1
2024-09-25 22:58:00,277 INFO: Motor 5 drive mode correctly set to reverse
2024-09-25 22:58:00,277 DEBUG: Motor 6 current drive mode read from bulk read: 1
2024-09-25 22:58:00,278 INFO: Motor 6 drive mode correctly set to reverse
2024-09-25 22:58:00,278 DEBUG: Preparing bulk read for motors: [1, 2, 3, 4, 5, 6, 7, 8], Parameters: ['present_position']
2024-09-25 22:58:00,278 DEBUG: Adding motor 1, Address: 132, Length: 4 to bulk read
2024-09-25 22:58:00,278 DEBUG: Adding motor 2, Address: 132, Length: 4 to bulk read
2024-09-25 22:58:00,278 DEBUG: Adding motor 3, Address: 132, Length: 4 to bulk read
2024-09-25 22:58:00,278 DEBUG: Adding motor 4, Address: 132, Length: 4 to bulk read
2024-09-25 22:58:00,278 DEBUG: Adding motor 5, Address: 132, Length: 4 to bulk read
2024-09-25 22:58:00,278 DEBUG: Adding motor 6, Address: 132, Length: 4 to bulk read
2024-09-25 22:58:00,278 DEBUG: Adding motor 7, Address: 132, Length: 4 to bulk read
2024-09-25 22:58:00,278 DEBUG: Adding motor 8, Address: 132, Length: 4 to bulk read
2024-09-25 22:58:00,286 DEBUG: Bulk read successful for group 'All_Motors'
2024-09-25 22:58:00,286 DEBUG: Trigger inputs: L2=-1.0, R2=-1.0
2024-09-25 22:58:00,286 DEBUG: D-Pad input: {'dpad_up': False, 'dpad_down': False, 'dpad_left': False, 'dpad_right': False}
2024-09-25 22:58:00,286 DEBUG: Adjusting wheg speed: trigger_value=-1.0, current_rpm=0
2024-09-25 22:58:00,286 DEBUG: Adjusted wheg speed: target_rpm=0.0, current_rpm=0.0
2024-09-25 22:58:00,286 INFO: Switching to new gait: 0
2024-09-25 22:58:00,287 INFO: Initializing Gait 1
2024-09-25 22:58:00,287 INFO: Torque disabled for group Wheg_Group
2024-09-25 22:58:00,287 INFO: Operating mode set to 'position' for group Wheg_Group
2024-09-25 22:58:00,288 INFO: Torque enabled for group Wheg_Group
2024-09-25 22:58:00,288 DEBUG: Setting profile velocity for motors in group Wheg_Group
2024-09-25 22:58:00,288 INFO: Profile velocity set to 50 for group Wheg_Group
2024-09-25 22:58:00,288 INFO: Setting position 180° for all motors in group 'Wheg_Group'
2024-09-25 22:58:00,289 INFO: Target positions set for group 'Wheg_Group'
2024-09-25 22:58:00,289 INFO: Torque disabled for group Pivot_Group
2024-09-25 22:58:00,289 INFO: Operating mode set to 'position' for group Pivot_Group
2024-09-25 22:58:00,290 INFO: Torque enabled for group Pivot_Group
2024-09-25 22:58:00,290 DEBUG: Setting profile velocity for motors in group Pivot_Group
2024-09-25 22:58:00,290 INFO: Profile velocity set to 20 for group Pivot_Group
2024-09-25 22:58:00,290 INFO: Setting position 180° for all motors in group 'Pivot_Group'
2024-09-25 22:58:00,290 INFO: Target positions set for group 'Pivot_Group'
2024-09-25 22:58:00,290 DEBUG: Executing Gait 1
2024-09-25 22:58:00,291 ERROR: Sync write failed with error: [TxRxResult] Protocol does not support this function!
2024-09-25 22:58:00,291 ERROR: Sync write failed with error: [TxRxResult] Protocol does not support this function!
2024-09-25 22:58:00,291 INFO: Closing PS4Controller and quitting pygame
2024-09-25 22:58:00,379 ERROR: Failed to close the port: 'PortHandler' object has no attribute 'is_port_open'
2024-09-25 22:58:00,379 INFO: Shutdown complete.
