2024-10-28 20:40:49,897 INFO: Initializing PS4Controller
2024-10-28 20:40:50,180 INFO: Configuration loaded successfully
2024-10-28 20:40:50,182 ERROR: Error initialising components: [Errno 2] could not open port /dev/ttyACM0: [Errno 2] No such file or directory: '/dev/ttyACM0'
2024-10-28 20:40:50,338 INFO: Initialised Streamlit dashboard
2024-10-28 20:40:56,443 INFO: Initializing PS4Controller
2024-10-28 20:40:56,490 INFO: Configuration loaded successfully
2024-10-28 20:40:56,494 INFO: Port /dev/ttyACM0 opened successfully
2024-10-28 20:40:56,504 INFO: Baudrate set to 1000000
2024-10-28 20:40:56,505 INFO: Control table loaded successfully.
2024-10-28 20:40:56,505 INFO: Motor group 'Pivot_Group' created with motors: [7, 8]
2024-10-28 20:40:56,506 INFO: Motor group 'Wheg_Group' created with motors: [1, 2, 3, 4, 5, 6]
2024-10-28 20:40:56,507 INFO: Motor group 'All_Motors' created with motors: [1, 2, 3, 4, 5, 6, 7, 8]
2024-10-28 20:40:56,507 INFO: Motor group 'Left_Whegs' created with motors: [1, 2, 3]
2024-10-28 20:40:56,508 INFO: Motor group 'Right_Whegs' created with motors: [4, 5, 6]
2024-10-28 20:40:56,508 INFO: Motor group 'Front_Whegs' created with motors: [3, 6]
2024-10-28 20:40:56,509 INFO: Motor group 'Rear_Whegs' created with motors: [1, 4]
2024-10-28 20:40:56,509 INFO: Motor group 'Middle_Whegs' created with motors: [2, 5]
2024-10-28 20:40:56,510 INFO: Motor group 'Two_Right_One_Left' created with motors: [2, 4, 6]
2024-10-28 20:40:56,510 INFO: Motor group 'Two_Left_One_Right' created with motors: [5, 1, 3]
2024-10-28 20:40:56,511 INFO: Initialised PS4 controller, Dynamixel, and Robot State
2024-10-28 20:40:56,523 INFO: Initialised Streamlit dashboard
2024-10-28 20:40:56,525 INFO: Disabling torque for group Right_Whegs
2024-10-28 20:40:56,527 INFO: Drive mode set for group Right_Whegs with reverse_direction=True
2024-10-28 20:40:56,528 INFO: Enabling torque for group Right_Whegs
2024-10-28 20:40:56,531 INFO: Motor 4 drive mode correctly set to reverse
2024-10-28 20:40:56,532 INFO: Motor 5 drive mode correctly set to reverse
2024-10-28 20:40:56,532 INFO: Motor 6 drive mode correctly set to reverse
2024-10-28 20:40:56,533 INFO: Disabling torque for group Left_Whegs
2024-10-28 20:40:56,534 INFO: Drive mode set for group Left_Whegs with reverse_direction=False
2024-10-28 20:40:56,535 INFO: Enabling torque for group Left_Whegs
2024-10-28 20:40:56,540 INFO: Motor 1 drive mode correctly set to normal
2024-10-28 20:40:56,541 INFO: Motor 2 drive mode correctly set to normal
2024-10-28 20:40:56,541 INFO: Motor 3 drive mode correctly set to normal
2024-10-28 20:40:56,542 INFO: Set the right side whegs to reverse direction
2024-10-28 20:40:56,543 INFO: Disabling torque for group Pivot_Group
2024-10-28 20:40:56,544 INFO: Drive mode set for group Pivot_Group with reverse_direction=False
2024-10-28 20:40:56,544 INFO: Enabling torque for group Pivot_Group
2024-10-28 20:40:56,547 INFO: Motor 7 drive mode correctly set to normal
2024-10-28 20:40:56,548 INFO: Motor 8 drive mode correctly set to normal
2024-10-28 20:40:56,549 INFO: Position limits set for group Pivot_Group: min=90° (ticks=1023), max=270° (ticks=3071)
2024-10-28 20:40:56,550 INFO: Set position limits for the pivot motors
2024-10-28 20:40:56,552 INFO: Initialising Gait 1
2024-10-28 20:40:56,552 INFO: Running set_position_group for group 'Wheg_Group' with positions: 180
2024-10-28 20:40:56,557 INFO: Running set_position_group for group 'Pivot_Group' with positions: 180
2024-10-28 20:40:56,561 INFO: Initialised Gait 1, waiting for 3 seconds
2024-10-28 20:40:56,622 INFO: Motor     Position (degrees)       Velocity (RPM)      Load (%)  
2024-10-28 20:40:56,622 INFO: 1         158.38                   53.13               5.2       
2024-10-28 20:40:56,623 INFO: 2         166.20                   46.72               3.9       
2024-10-28 20:40:56,623 INFO: 3         164.44                   50.38               4.3       
2024-10-28 20:40:56,624 INFO: 4         168.05                   39.16               3.8       
2024-10-28 20:40:56,624 INFO: 5         162.69                   54.96               4.5       
2024-10-28 20:40:56,625 INFO: 6         179.82                   0.23                0.0       
2024-10-28 20:40:56,625 INFO: 7         179.91                   0.00                0.0       
2024-10-28 20:40:56,626 INFO: 8         180.35                   983547510.56        -2.1      
2024-10-28 20:40:59,563 INFO: Setting operating mode 'multi_turn' for group 'Wheg_Group'
2024-10-28 20:40:59,563 INFO: Disabling torque for group Wheg_Group
2024-10-28 20:40:59,564 INFO: Enabling torque for group Wheg_Group
2024-10-28 20:40:59,565 INFO: Setting the profile velocity for group Wheg_Group from config.yaml: 10
2024-10-28 20:40:59,566 INFO: Profile velocities set for group Wheg_Group: {1: 43.7, 2: 43.7, 3: 43.7, 4: 43.7, 5: 43.7, 6: 43.7}
2024-10-28 20:40:59,566 INFO: New gait 1 is now active.
2024-10-28 20:41:01,659 INFO: Motor     Position (degrees)       Velocity (RPM)      Load (%)  
2024-10-28 20:41:01,660 INFO: 1         179.56                   0.00                1.1       
2024-10-28 20:41:01,661 INFO: 2         179.82                   0.23                1.0       
2024-10-28 20:41:01,662 INFO: 3         179.91                   0.00                0.9       
2024-10-28 20:41:01,664 INFO: 4         179.74                   0.23                0.8       
2024-10-28 20:41:01,665 INFO: 5         179.82                   0.23                1.1       
2024-10-28 20:41:01,666 INFO: 6         179.91                   0.00                0.0       
2024-10-28 20:41:01,666 INFO: 7         179.91                   0.00                0.1       
2024-10-28 20:41:01,667 INFO: 8         180.35                   0.00                -2.9      
2024-10-28 20:41:06,150 INFO: Profile velocities set for group Wheg_Group: {1: 21.85, 2: 21.85, 3: 21.85, 4: 21.85, 5: 21.85, 6: 21.85}
2024-10-28 20:41:06,151 INFO: Incrementing motor positions by 360 degrees for group 'Wheg_Group'
2024-10-28 20:41:06,161 INFO: Gait 1 step executed at 5.00RPM, wait for 12.00 seconds
2024-10-28 20:41:06,697 INFO: Motor     Position (degrees)       Velocity (RPM)      Load (%)  
2024-10-28 20:41:06,698 INFO: 1         192.57                   4.81                1.7       
2024-10-28 20:41:06,698 INFO: 2         192.66                   4.81                1.8       
2024-10-28 20:41:06,699 INFO: 3         192.83                   5.04                1.9       
2024-10-28 20:41:06,699 INFO: 4         192.66                   5.04                1.8       
2024-10-28 20:41:06,700 INFO: 5         192.83                   5.04                1.6       
2024-10-28 20:41:06,701 INFO: 6         192.92                   5.04                1.9       
2024-10-28 20:41:06,701 INFO: 7         179.91                   0.00                0.1       
2024-10-28 20:41:06,702 INFO: 8         180.35                   0.00                -2.9      
2024-10-28 20:41:11,734 INFO: Motor     Position (degrees)       Velocity (RPM)      Load (%)  
2024-10-28 20:41:11,735 INFO: 1         339.35                   4.81                1.3       
2024-10-28 20:41:11,735 INFO: 2         337.94                   5.04                1.3       
2024-10-28 20:41:11,736 INFO: 3         339.08                   5.04                1.3       
2024-10-28 20:41:11,736 INFO: 4         338.99                   4.81                1.3       
2024-10-28 20:41:11,736 INFO: 5         338.03                   5.04                1.2       
2024-10-28 20:41:11,737 INFO: 6         337.32                   5.04                1.6       
2024-10-28 20:41:11,737 INFO: 7         179.82                   0.00                0.1       
2024-10-28 20:41:11,737 INFO: 8         180.35                   0.00                -2.9      
2024-10-28 20:41:16,770 INFO: Motor     Position (degrees)       Velocity (RPM)      Load (%)  
2024-10-28 20:41:16,771 INFO: 1         125.28                   5.04                1.2       
2024-10-28 20:41:16,772 INFO: 2         124.57                   5.04                1.2       
2024-10-28 20:41:16,773 INFO: 3         125.01                   4.81                1.3       
2024-10-28 20:41:16,774 INFO: 4         125.63                   4.81                1.3       
2024-10-28 20:41:16,774 INFO: 5         125.01                   5.04                1.2       
2024-10-28 20:41:16,776 INFO: 6         124.66                   4.81                1.5       
2024-10-28 20:41:16,777 INFO: 7         179.91                   0.00                0.0       
2024-10-28 20:41:16,778 INFO: 8         180.35                   0.00                -2.9      
2024-10-28 20:41:21,809 INFO: Motor     Position (degrees)       Velocity (RPM)      Load (%)  
2024-10-28 20:41:21,809 INFO: 1         180.38                   0.00                0.8       
2024-10-28 20:41:21,809 INFO: 2         180.65                   0.23                0.4       
2024-10-28 20:41:21,810 INFO: 3         180.21                   0.00                1.2       
2024-10-28 20:41:21,810 INFO: 4         180.56                   0.00                0.0       
2024-10-28 20:41:21,811 INFO: 5         180.47                   0.23                0.0       
2024-10-28 20:41:21,811 INFO: 6         180.74                   0.23                0.4       
2024-10-28 20:41:21,812 INFO: 7         179.91                   0.00                0.0       
2024-10-28 20:41:21,812 INFO: 8         180.35                   0.00                -2.9      
2024-10-28 20:41:26,843 INFO: Motor     Position (degrees)       Velocity (RPM)      Load (%)  
2024-10-28 20:41:26,844 INFO: 1         180.47                   0.00                0.9       
2024-10-28 20:41:26,845 INFO: 2         180.65                   0.23                1.0       
2024-10-28 20:41:26,846 INFO: 3         180.21                   0.23                1.2       
2024-10-28 20:41:26,846 INFO: 4         180.56                   0.00                0.3       
2024-10-28 20:41:26,847 INFO: 5         180.47                   0.23                0.7       
2024-10-28 20:41:26,848 INFO: 6         180.74                   0.00                0.0       
2024-10-28 20:41:26,849 INFO: 7         179.91                   0.00                0.0       
2024-10-28 20:41:26,849 INFO: 8         180.35                   0.00                -2.9      
2024-10-28 20:41:28,585 INFO: Initiating safe shutdown...
2024-10-28 20:41:28,587 INFO: Setting operating mode 'velocity' for group 'All_Motors'
2024-10-28 20:41:28,588 INFO: Disabling torque for group All_Motors
2024-10-28 20:41:28,590 INFO: Enabling torque for group All_Motors
2024-10-28 20:41:28,592 WARNING: Velocity limit 200 exceeds hard limit 100. Limiting to 100.
2024-10-28 20:41:28,593 INFO: Velocity limit set to 100 for group All_Motors
2024-10-28 20:41:28,595 INFO: Enabling torque for group All_Motors
2024-10-28 20:41:28,597 INFO: Target velocities set for group All_Motors: {1: 0, 2: 0, 3: 0, 4: 0, 5: 0, 6: 0, 7: 0, 8: 0}
2024-10-28 20:41:28,598 INFO: Running set_position_group for group 'All_Motors' with positions: 180
2024-10-28 20:41:28,606 WARNING: Motor 1 is not in Position Control Mode. Setting mode now.
2024-10-28 20:41:28,607 INFO: Setting operating mode 'position' for group 'All_Motors'
2024-10-28 20:41:28,608 INFO: Disabling torque for group All_Motors
2024-10-28 20:41:28,610 INFO: Enabling torque for group All_Motors
2024-10-28 20:41:28,612 INFO: Setting the profile velocity for group All_Motors from config.yaml: 5
2024-10-28 20:41:28,614 INFO: Profile velocities set for group All_Motors: {1: 21.85, 2: 21.85, 3: 21.85, 4: 21.85, 5: 21.85, 6: 21.85, 7: 21.85, 8: 21.85}
2024-10-28 20:41:28,616 INFO: Closing PS4Controller and quitting pygame
2024-10-28 20:41:28,697 INFO: Port closed successfully.
2024-10-28 20:41:28,698 INFO: Shutdown complete.
2024-10-28 20:41:28,699 ERROR: Controller connection lost!
2024-10-28 20:41:28,700 ERROR: Controller is disconnected.
2024-10-28 20:41:28,701 ERROR: Controller connection lost!
2024-10-28 20:41:28,701 ERROR: Controller is disconnected.
2024-10-28 20:41:28,702 ERROR: Controller connection lost!
2024-10-28 20:41:28,703 ERROR: Controller is disconnected.
2024-10-28 20:41:28,704 ERROR: Error while logging robot states: Attempting to use a port that is not open
