2024-10-29 19:18:35,392 INFO: Initializing PS4Controller
2024-10-29 19:18:35,691 INFO: Configuration loaded successfully
2024-10-29 19:18:35,694 INFO: Port /dev/ttyACM0 opened successfully
2024-10-29 19:18:35,704 INFO: Baudrate set to 1000000
2024-10-29 19:18:35,704 INFO: Control table loaded successfully.
2024-10-29 19:18:35,705 INFO: Motor group 'Pivot_Group' created with motors: [7, 8]
2024-10-29 19:18:35,705 INFO: Motor group 'Wheg_Group' created with motors: [1, 2, 3, 4, 5, 6]
2024-10-29 19:18:35,706 INFO: Motor group 'All_Motors' created with motors: [1, 2, 3, 4, 5, 6, 7, 8]
2024-10-29 19:18:35,706 INFO: Motor group 'Left_Whegs' created with motors: [1, 2, 3]
2024-10-29 19:18:35,707 INFO: Motor group 'Right_Whegs' created with motors: [4, 5, 6]
2024-10-29 19:18:35,707 INFO: Motor group 'Front_Whegs' created with motors: [3, 6]
2024-10-29 19:18:35,708 INFO: Motor group 'Rear_Whegs' created with motors: [1, 4]
2024-10-29 19:18:35,708 INFO: Motor group 'Middle_Whegs' created with motors: [2, 5]
2024-10-29 19:18:35,709 INFO: Motor group 'Two_Right_One_Left' created with motors: [2, 4, 6]
2024-10-29 19:18:35,709 INFO: Motor group 'Two_Left_One_Right' created with motors: [5, 1, 3]
2024-10-29 19:18:35,710 INFO: Initialised PS4 controller, Dynamixel, and Robot State
2024-10-29 19:18:35,873 INFO: Disabling torque for group Right_Whegs
2024-10-29 19:18:35,875 INFO: Drive mode set for group Right_Whegs with reverse_direction=True
2024-10-29 19:18:35,879 INFO: Enabling torque for group Right_Whegs
2024-10-29 19:18:35,882 INFO: Setting the profile velocity for group Right_Whegs from config.yaml: None
2024-10-29 19:18:35,882 ERROR: Profile velocity for group Right_Whegs not found in config.yaml and no value was provided.
2024-10-29 19:18:35,885 INFO: Profile velocities set for group Right_Whegs: {4: 21.85, 5: 21.85, 6: 21.85}
2024-10-29 19:18:35,886 INFO: Disabling torque for group Left_Whegs
2024-10-29 19:18:35,887 INFO: Drive mode set for group Left_Whegs with reverse_direction=False
2024-10-29 19:18:35,887 INFO: Enabling torque for group Left_Whegs
2024-10-29 19:18:35,888 INFO: Setting the profile velocity for group Left_Whegs from config.yaml: None
2024-10-29 19:18:35,889 ERROR: Profile velocity for group Left_Whegs not found in config.yaml and no value was provided.
2024-10-29 19:18:35,889 INFO: Profile velocities set for group Left_Whegs: {1: 21.85, 2: 21.85, 3: 21.85}
2024-10-29 19:18:35,890 INFO: Set the right side whegs to reverse direction
2024-10-29 19:18:35,891 INFO: Disabling torque for group Pivot_Group
2024-10-29 19:18:35,891 INFO: Drive mode set for group Pivot_Group with reverse_direction=False
2024-10-29 19:18:35,892 INFO: Enabling torque for group Pivot_Group
2024-10-29 19:18:35,893 INFO: Setting the profile velocity for group Pivot_Group from config.yaml: 4
2024-10-29 19:18:35,894 INFO: Profile velocities set for group Pivot_Group: {7: 17.48, 8: 17.48}
2024-10-29 19:18:35,895 INFO: Position limits set for group Pivot_Group: min=45° (ticks=511), max=315° (ticks=3583)
2024-10-29 19:18:35,895 INFO: Set position limits for the pivot motors
2024-10-29 19:18:35,904 INFO: Initialising Gait 1
2024-10-29 19:18:35,905 INFO: Running set_position_group for group 'Wheg_Group' with positions: 180
2024-10-29 19:18:35,910 INFO: Running set_position_group for group 'Pivot_Group' with positions: 180
2024-10-29 19:18:35,914 INFO: Initialised Gait 1, waiting for 3 seconds
2024-10-29 19:18:35,915 ERROR: Error controlling pivots: 'dpad_down'
2024-10-29 19:18:38,915 INFO: Setting operating mode 'multi_turn' for group 'Wheg_Group'
2024-10-29 19:18:38,916 INFO: Disabling torque for group Wheg_Group
2024-10-29 19:18:38,917 INFO: Enabling torque for group Wheg_Group
2024-10-29 19:18:38,918 INFO: Setting the profile velocity for group Wheg_Group from config.yaml: 10
2024-10-29 19:18:38,919 INFO: Profile velocities set for group Wheg_Group: {1: 43.7, 2: 43.7, 3: 43.7, 4: 43.7, 5: 43.7, 6: 43.7}
2024-10-29 19:18:38,919 INFO: Setting the profile velocity for group Wheg_Group from config.yaml: 10
2024-10-29 19:18:38,921 INFO: Profile velocities set for group Wheg_Group: {1: 43.7, 2: 43.7, 3: 43.7, 4: 43.7, 5: 43.7, 6: 43.7}
2024-10-29 19:18:38,922 INFO: New gait 1 is now active.
2024-10-29 19:18:42,351 INFO: Triangle pressed. Preparing to change to next gait: 2
2024-10-29 19:18:42,362 INFO: Initialising Gait 2
2024-10-29 19:18:42,364 INFO: Running set_position_group for group 'Wheg_Group' with positions: {1: 160, 2: 200, 3: 160, 4: 200, 5: 160, 6: 200}
2024-10-29 19:18:42,370 WARNING: Motor 1 is not in Position Control Mode. Setting mode now.
2024-10-29 19:18:42,371 INFO: Setting operating mode 'position' for group 'Wheg_Group'
2024-10-29 19:18:42,371 INFO: Disabling torque for group Wheg_Group
2024-10-29 19:18:42,372 INFO: Enabling torque for group Wheg_Group
2024-10-29 19:18:42,373 INFO: Setting the profile velocity for group Wheg_Group from config.yaml: 10
2024-10-29 19:18:42,373 INFO: Profile velocities set for group Wheg_Group: {1: 43.7, 2: 43.7, 3: 43.7, 4: 43.7, 5: 43.7, 6: 43.7}
2024-10-29 19:18:42,374 INFO: Setting the profile velocity for group Wheg_Group from config.yaml: 10
2024-10-29 19:18:42,375 INFO: Profile velocities set for group Wheg_Group: {1: 43.7, 2: 43.7, 3: 43.7, 4: 43.7, 5: 43.7, 6: 43.7}
2024-10-29 19:18:42,376 INFO: Running set_position_group for group 'Pivot_Group' with positions: 180
2024-10-29 19:18:42,379 INFO: Initialised Gait 2, waiting for 3 seconds
2024-10-29 19:18:45,401 INFO: Setting operating mode 'multi_turn' for group 'Wheg_Group'
2024-10-29 19:18:45,401 INFO: Disabling torque for group Wheg_Group
2024-10-29 19:18:45,404 INFO: Enabling torque for group Wheg_Group
2024-10-29 19:18:45,406 INFO: Setting the profile velocity for group Wheg_Group from config.yaml: 10
2024-10-29 19:18:45,407 INFO: Profile velocities set for group Wheg_Group: {1: 43.7, 2: 43.7, 3: 43.7, 4: 43.7, 5: 43.7, 6: 43.7}
2024-10-29 19:18:45,407 INFO: Setting the profile velocity for group Wheg_Group from config.yaml: 10
2024-10-29 19:18:45,408 INFO: Profile velocities set for group Wheg_Group: {1: 43.7, 2: 43.7, 3: 43.7, 4: 43.7, 5: 43.7, 6: 43.7}
2024-10-29 19:18:45,409 INFO: New gait 2 is now active.
2024-10-29 19:18:50,747 INFO: Share pressed. Reversing the direction of the whegs
2024-10-29 19:18:50,762 INFO: Disabling torque for group Wheg_Group
2024-10-29 19:18:50,763 INFO: Drive mode set for group Wheg_Group with reverse_direction={1: 1, 2: 1, 3: 1, 4: 0, 5: 0, 6: 0}
2024-10-29 19:18:50,764 INFO: Enabling torque for group Wheg_Group
2024-10-29 19:18:50,765 INFO: Setting the profile velocity for group Wheg_Group from config.yaml: 10
2024-10-29 19:18:50,766 INFO: Profile velocities set for group Wheg_Group: {1: 43.7, 2: 43.7, 3: 43.7, 4: 43.7, 5: 43.7, 6: 43.7}
2024-10-29 19:18:50,767 INFO: Reversed the direction of all whegs, waiting for 3 seconds
2024-10-29 19:18:53,767 INFO: Direction of whegs reversed.
2024-10-29 19:18:53,817 INFO: Initialising Gait 2
2024-10-29 19:18:53,817 INFO: Running set_position_group for group 'Wheg_Group' with positions: {1: 160, 2: 200, 3: 160, 4: 200, 5: 160, 6: 200}
2024-10-29 19:18:53,824 WARNING: Motor 1 is not in Position Control Mode. Setting mode now.
2024-10-29 19:18:53,825 INFO: Setting operating mode 'position' for group 'Wheg_Group'
2024-10-29 19:18:53,826 INFO: Disabling torque for group Wheg_Group
2024-10-29 19:18:53,827 INFO: Enabling torque for group Wheg_Group
2024-10-29 19:18:53,828 INFO: Setting the profile velocity for group Wheg_Group from config.yaml: 10
2024-10-29 19:18:53,828 INFO: Profile velocities set for group Wheg_Group: {1: 43.7, 2: 43.7, 3: 43.7, 4: 43.7, 5: 43.7, 6: 43.7}
2024-10-29 19:18:53,829 INFO: Setting the profile velocity for group Wheg_Group from config.yaml: 10
2024-10-29 19:18:53,830 INFO: Profile velocities set for group Wheg_Group: {1: 43.7, 2: 43.7, 3: 43.7, 4: 43.7, 5: 43.7, 6: 43.7}
2024-10-29 19:18:53,831 INFO: Running set_position_group for group 'Pivot_Group' with positions: 180
2024-10-29 19:18:53,834 INFO: Initialised Gait 2, waiting for 3 seconds
2024-10-29 19:18:56,836 INFO: Setting operating mode 'multi_turn' for group 'Wheg_Group'
2024-10-29 19:18:56,836 INFO: Disabling torque for group Wheg_Group
2024-10-29 19:18:56,838 INFO: Enabling torque for group Wheg_Group
2024-10-29 19:18:56,839 INFO: Setting the profile velocity for group Wheg_Group from config.yaml: 10
2024-10-29 19:18:56,840 INFO: Profile velocities set for group Wheg_Group: {1: 43.7, 2: 43.7, 3: 43.7, 4: 43.7, 5: 43.7, 6: 43.7}
2024-10-29 19:18:56,841 INFO: Setting the profile velocity for group Wheg_Group from config.yaml: 10
2024-10-29 19:18:56,842 INFO: Profile velocities set for group Wheg_Group: {1: 43.7, 2: 43.7, 3: 43.7, 4: 43.7, 5: 43.7, 6: 43.7}
2024-10-29 19:18:56,843 INFO: New gait 2 is now active.
2024-10-29 19:18:56,866 INFO: Profile velocities set for group Wheg_Group: {1: 8.74, 2: 69.92, 3: 8.74, 4: 69.92, 5: 8.74, 6: 69.92}
2024-10-29 19:18:56,867 INFO: Incrementing motor positions by {1: 40, 2: 320, 3: 40, 4: 320, 5: 40, 6: 320} degrees for group 'Wheg_Group'
2024-10-29 19:18:56,878 INFO: Gait 2 step executed at 2.00RPM, wait for 3.36 seconds
2024-10-29 19:19:00,261 INFO: Profile velocities set for group Wheg_Group: {1: 104.88, 2: 13.11, 3: 104.88, 4: 13.11, 5: 104.88, 6: 13.11}
2024-10-29 19:19:00,261 INFO: Incrementing motor positions by {1: 320, 2: 40, 3: 320, 4: 40, 5: 320, 6: 40} degrees for group 'Wheg_Group'
2024-10-29 19:19:00,272 INFO: Gait 2 step executed at 3.00RPM, wait for 2.25 seconds
2024-10-29 19:19:02,544 INFO: Profile velocities set for group Wheg_Group: {1: 10.453699340820313, 2: 83.6295947265625, 3: 10.453699340820313, 4: 83.6295947265625, 5: 10.453699340820313, 6: 83.6295947265625}
2024-10-29 19:19:02,545 INFO: Incrementing motor positions by {1: 40, 2: 320, 3: 40, 4: 320, 5: 40, 6: 320} degrees for group 'Wheg_Group'
2024-10-29 19:19:02,557 INFO: Gait 2 step executed at 2.39RPM, wait for 2.81 seconds
2024-10-29 19:19:05,670 INFO: Share pressed. Reversing the direction of the whegs
2024-10-29 19:19:05,685 INFO: Disabling torque for group Wheg_Group
2024-10-29 19:19:05,687 INFO: Drive mode set for group Wheg_Group with reverse_direction={1: 0, 2: 0, 3: 0, 4: 1, 5: 1, 6: 1}
2024-10-29 19:19:05,687 INFO: Enabling torque for group Wheg_Group
2024-10-29 19:19:05,688 INFO: Setting the profile velocity for group Wheg_Group from config.yaml: 10
2024-10-29 19:19:05,691 INFO: Profile velocities set for group Wheg_Group: {1: 43.7, 2: 43.7, 3: 43.7, 4: 43.7, 5: 43.7, 6: 43.7}
2024-10-29 19:19:05,691 INFO: Reversed the direction of all whegs, waiting for 3 seconds
2024-10-29 19:19:08,691 INFO: Direction of whegs reversed.
2024-10-29 19:19:08,754 INFO: Initialising Gait 2
2024-10-29 19:19:08,755 INFO: Running set_position_group for group 'Wheg_Group' with positions: {1: 160, 2: 200, 3: 160, 4: 200, 5: 160, 6: 200}
2024-10-29 19:19:08,761 WARNING: Motor 1 is not in Position Control Mode. Setting mode now.
2024-10-29 19:19:08,762 INFO: Setting operating mode 'position' for group 'Wheg_Group'
2024-10-29 19:19:08,763 INFO: Disabling torque for group Wheg_Group
2024-10-29 19:19:08,765 INFO: Enabling torque for group Wheg_Group
2024-10-29 19:19:08,766 INFO: Setting the profile velocity for group Wheg_Group from config.yaml: 10
2024-10-29 19:19:08,767 INFO: Profile velocities set for group Wheg_Group: {1: 43.7, 2: 43.7, 3: 43.7, 4: 43.7, 5: 43.7, 6: 43.7}
2024-10-29 19:19:08,768 INFO: Setting the profile velocity for group Wheg_Group from config.yaml: 10
2024-10-29 19:19:08,769 INFO: Profile velocities set for group Wheg_Group: {1: 43.7, 2: 43.7, 3: 43.7, 4: 43.7, 5: 43.7, 6: 43.7}
2024-10-29 19:19:08,770 INFO: Running set_position_group for group 'Pivot_Group' with positions: 180
2024-10-29 19:19:08,774 INFO: Initialised Gait 2, waiting for 3 seconds
2024-10-29 19:19:10,328 INFO: R3 pressed. Turning mode requested
2024-10-29 19:19:11,775 INFO: Setting operating mode 'multi_turn' for group 'Wheg_Group'
2024-10-29 19:19:11,776 INFO: Disabling torque for group Wheg_Group
2024-10-29 19:19:11,777 INFO: Enabling torque for group Wheg_Group
2024-10-29 19:19:11,778 INFO: Setting the profile velocity for group Wheg_Group from config.yaml: 10
2024-10-29 19:19:11,778 INFO: Profile velocities set for group Wheg_Group: {1: 43.7, 2: 43.7, 3: 43.7, 4: 43.7, 5: 43.7, 6: 43.7}
2024-10-29 19:19:11,779 INFO: Setting the profile velocity for group Wheg_Group from config.yaml: 10
2024-10-29 19:19:11,780 INFO: Profile velocities set for group Wheg_Group: {1: 43.7, 2: 43.7, 3: 43.7, 4: 43.7, 5: 43.7, 6: 43.7}
2024-10-29 19:19:11,780 INFO: New gait 2 is now active.
2024-10-29 19:19:11,780 INFO: Initialising Turn Mode
2024-10-29 19:19:11,781 INFO: Running set_position_group for group 'Wheg_Group' with positions: {1: 160, 2: 200, 3: 160, 4: 160, 5: 200, 6: 160}
2024-10-29 19:19:11,786 WARNING: Motor 1 is not in Position Control Mode. Setting mode now.
2024-10-29 19:19:11,786 INFO: Setting operating mode 'position' for group 'Wheg_Group'
2024-10-29 19:19:11,787 INFO: Disabling torque for group Wheg_Group
2024-10-29 19:19:11,788 INFO: Enabling torque for group Wheg_Group
2024-10-29 19:19:11,789 INFO: Setting the profile velocity for group Wheg_Group from config.yaml: 10
2024-10-29 19:19:11,789 INFO: Profile velocities set for group Wheg_Group: {1: 43.7, 2: 43.7, 3: 43.7, 4: 43.7, 5: 43.7, 6: 43.7}
2024-10-29 19:19:11,790 INFO: Setting the profile velocity for group Wheg_Group from config.yaml: 10
2024-10-29 19:19:11,790 INFO: Profile velocities set for group Wheg_Group: {1: 43.7, 2: 43.7, 3: 43.7, 4: 43.7, 5: 43.7, 6: 43.7}
2024-10-29 19:19:11,791 INFO: Running set_position_group for group 'Pivot_Group' with positions: 180
2024-10-29 19:19:11,795 INFO: Initialised turn mode, waiting for 3 seconds
2024-10-29 19:19:14,796 INFO: Setting operating mode 'multi_turn' for group 'Wheg_Group'
2024-10-29 19:19:14,796 INFO: Disabling torque for group Wheg_Group
2024-10-29 19:19:14,798 INFO: Enabling torque for group Wheg_Group
2024-10-29 19:19:14,799 INFO: Setting the profile velocity for group Wheg_Group from config.yaml: 10
2024-10-29 19:19:14,800 INFO: Profile velocities set for group Wheg_Group: {1: 43.7, 2: 43.7, 3: 43.7, 4: 43.7, 5: 43.7, 6: 43.7}
2024-10-29 19:19:14,800 INFO: Setting the profile velocity for group Wheg_Group from config.yaml: 10
2024-10-29 19:19:14,801 INFO: Profile velocities set for group Wheg_Group: {1: 43.7, 2: 43.7, 3: 43.7, 4: 43.7, 5: 43.7, 6: 43.7}
2024-10-29 19:19:14,801 INFO: Turn mode activated.
2024-10-29 19:19:15,333 INFO: Profile velocities set for group Wheg_Group: {1: 7.523206787109375, 2: 60.185654296875, 3: 7.523206787109375, 4: 60.185654296875, 5: 7.523206787109375, 6: 60.185654296875}
2024-10-29 19:19:15,333 INFO: Incrementing motor positions by {1: 40, 2: 320, 3: 40, 4: -320, 5: -40, 6: -320} degrees for group 'Wheg_Group'
2024-10-29 19:19:15,344 INFO: Gait 4 step executed at 1.72RPM, wait for 3.90 seconds
2024-10-29 19:19:19,785 INFO: Profile velocities set for group Wheg_Group: {1: 72.25009765625, 2: 9.03126220703125, 3: 72.25009765625, 4: 9.03126220703125, 5: 72.25009765625, 6: 9.03126220703125}
2024-10-29 19:19:19,786 INFO: Incrementing motor positions by {1: 320, 2: 40, 3: 320, 4: -40, 5: -320, 6: -40} degrees for group 'Wheg_Group'
2024-10-29 19:19:19,797 INFO: Gait 4 step executed at 2.07RPM, wait for 3.25 seconds
2024-10-29 19:19:23,581 WARNING: Motors are not in the correct positions for Gait 4. Positions: {1: 157.357421875, 2: 197.962890625, 3: 160.609375, 4: 100.091796875, 5: 142.89453125, 6: 97.19140625}
2024-10-29 19:19:23,581 WARNING: Waiting for 1 second before checking for movement
2024-10-29 19:19:23,689 CRITICAL: Motors are not moving, reseting positions, and waiting for 3 seconds.
2024-10-29 19:19:23,690 INFO: Running set_position_group for group 'Wheg_Group' with positions: {1: 160, 2: 200, 3: 160, 4: 160, 5: 200, 6: 160}
2024-10-29 19:19:23,696 WARNING: Motor 1 is not in Position Control Mode. Setting mode now.
2024-10-29 19:19:23,697 INFO: Setting operating mode 'position' for group 'Wheg_Group'
2024-10-29 19:19:23,697 INFO: Disabling torque for group Wheg_Group
2024-10-29 19:19:23,698 INFO: Enabling torque for group Wheg_Group
2024-10-29 19:19:23,699 INFO: Setting the profile velocity for group Wheg_Group from config.yaml: 10
2024-10-29 19:19:23,700 INFO: Profile velocities set for group Wheg_Group: {1: 43.7, 2: 43.7, 3: 43.7, 4: 43.7, 5: 43.7, 6: 43.7}
2024-10-29 19:19:23,700 INFO: Setting the profile velocity for group Wheg_Group from config.yaml: 10
2024-10-29 19:19:23,701 INFO: Profile velocities set for group Wheg_Group: {1: 43.7, 2: 43.7, 3: 43.7, 4: 43.7, 5: 43.7, 6: 43.7}
2024-10-29 19:19:26,736 INFO: Setting operating mode 'multi_turn' for group 'Wheg_Group'
2024-10-29 19:19:26,737 INFO: Disabling torque for group Wheg_Group
2024-10-29 19:19:26,739 INFO: Enabling torque for group Wheg_Group
2024-10-29 19:19:26,740 INFO: Setting the profile velocity for group Wheg_Group from config.yaml: 10
2024-10-29 19:19:26,741 INFO: Profile velocities set for group Wheg_Group: {1: 43.7, 2: 43.7, 3: 43.7, 4: 43.7, 5: 43.7, 6: 43.7}
2024-10-29 19:19:26,741 INFO: Setting the profile velocity for group Wheg_Group from config.yaml: 10
2024-10-29 19:19:26,742 INFO: Profile velocities set for group Wheg_Group: {1: 43.7, 2: 43.7, 3: 43.7, 4: 43.7, 5: 43.7, 6: 43.7}
2024-10-29 19:19:26,743 INFO: Profile velocities set for group Wheg_Group: {1: 8.619974365234375, 2: 68.959794921875, 3: 8.619974365234375, 4: 68.959794921875, 5: 8.619974365234375, 6: 68.959794921875}
2024-10-29 19:19:26,743 INFO: Incrementing motor positions by {1: 40, 2: 320, 3: 40, 4: -320, 5: -40, 6: -320} degrees for group 'Wheg_Group'
2024-10-29 19:19:26,756 INFO: Gait 4 step executed at 1.97RPM, wait for 3.40 seconds
2024-10-29 19:19:30,681 INFO: Profile velocities set for group Wheg_Group: {1: 87.0564599609375, 2: 10.882057495117188, 3: 87.0564599609375, 4: 10.882057495117188, 5: 87.0564599609375, 6: 10.882057495117188}
2024-10-29 19:19:30,682 INFO: Incrementing motor positions by {1: 320, 2: 40, 3: 320, 4: -40, 5: -320, 6: -40} degrees for group 'Wheg_Group'
2024-10-29 19:19:30,693 INFO: Gait 4 step executed at 2.49RPM, wait for 2.70 seconds
2024-10-29 19:19:33,908 WARNING: Motors are not in the correct positions for Gait 4. Positions: {1: 154.80859375, 2: 185.74609375, 3: 160.697265625, 4: 100.970703125, 5: 158.1875, 6: 96.400390625}
2024-10-29 19:19:33,908 WARNING: Waiting for 1 second before checking for movement
2024-10-29 19:19:34,061 CRITICAL: Motors are not moving, reseting positions, and waiting for 3 seconds.
2024-10-29 19:19:34,061 INFO: Running set_position_group for group 'Wheg_Group' with positions: {1: 160, 2: 200, 3: 160, 4: 160, 5: 200, 6: 160}
2024-10-29 19:19:34,067 WARNING: Motor 1 is not in Position Control Mode. Setting mode now.
2024-10-29 19:19:34,067 INFO: Setting operating mode 'position' for group 'Wheg_Group'
2024-10-29 19:19:34,068 INFO: Disabling torque for group Wheg_Group
2024-10-29 19:19:34,069 INFO: Enabling torque for group Wheg_Group
2024-10-29 19:19:34,070 INFO: Setting the profile velocity for group Wheg_Group from config.yaml: 10
2024-10-29 19:19:34,071 INFO: Profile velocities set for group Wheg_Group: {1: 43.7, 2: 43.7, 3: 43.7, 4: 43.7, 5: 43.7, 6: 43.7}
2024-10-29 19:19:34,072 INFO: Setting the profile velocity for group Wheg_Group from config.yaml: 10
2024-10-29 19:19:34,072 INFO: Profile velocities set for group Wheg_Group: {1: 43.7, 2: 43.7, 3: 43.7, 4: 43.7, 5: 43.7, 6: 43.7}
2024-10-29 19:19:37,074 INFO: Setting operating mode 'multi_turn' for group 'Wheg_Group'
2024-10-29 19:19:37,075 INFO: Disabling torque for group Wheg_Group
2024-10-29 19:19:37,076 INFO: Enabling torque for group Wheg_Group
2024-10-29 19:19:37,077 INFO: Setting the profile velocity for group Wheg_Group from config.yaml: 10
2024-10-29 19:19:37,078 INFO: Profile velocities set for group Wheg_Group: {1: 43.7, 2: 43.7, 3: 43.7, 4: 43.7, 5: 43.7, 6: 43.7}
2024-10-29 19:19:37,078 INFO: Setting the profile velocity for group Wheg_Group from config.yaml: 10
2024-10-29 19:19:37,079 INFO: Profile velocities set for group Wheg_Group: {1: 43.7, 2: 43.7, 3: 43.7, 4: 43.7, 5: 43.7, 6: 43.7}
2024-10-29 19:19:37,080 INFO: Profile velocities set for group Wheg_Group: {1: 9.990933837890625, 2: 79.927470703125, 3: 9.990933837890625, 4: 79.927470703125, 5: 9.990933837890625, 6: 79.927470703125}
2024-10-29 19:19:37,080 INFO: Incrementing motor positions by {1: 40, 2: 320, 3: 40, 4: -320, 5: -40, 6: -320} degrees for group 'Wheg_Group'
2024-10-29 19:19:37,091 INFO: Gait 4 step executed at 2.29RPM, wait for 2.94 seconds
2024-10-29 19:19:40,547 INFO: Profile velocities set for group Wheg_Group: {1: 51.9598974609375, 2: 6.494987182617187, 3: 51.9598974609375, 4: 6.494987182617187, 5: 51.9598974609375, 6: 6.494987182617187}
2024-10-29 19:19:40,548 INFO: Incrementing motor positions by {1: 320, 2: 40, 3: 320, 4: -40, 5: -320, 6: -40} degrees for group 'Wheg_Group'
2024-10-29 19:19:40,560 INFO: Gait 4 step executed at 1.49RPM, wait for 4.51 seconds
2024-10-29 19:19:45,589 WARNING: Motors are not in the correct positions for Gait 4. Positions: {1: 156.0390625, 2: 184.33984375, 3: 160.78515625, 4: 100.53125, 5: 160.912109375, 6: 96.576171875}
2024-10-29 19:19:45,590 WARNING: Waiting for 1 second before checking for movement
2024-10-29 19:19:45,751 CRITICAL: Motors are not moving, reseting positions, and waiting for 3 seconds.
2024-10-29 19:19:45,753 INFO: Running set_position_group for group 'Wheg_Group' with positions: {1: 160, 2: 200, 3: 160, 4: 160, 5: 200, 6: 160}
2024-10-29 19:19:45,758 WARNING: Motor 1 is not in Position Control Mode. Setting mode now.
2024-10-29 19:19:45,759 INFO: Setting operating mode 'position' for group 'Wheg_Group'
2024-10-29 19:19:45,760 INFO: Disabling torque for group Wheg_Group
2024-10-29 19:19:45,761 INFO: Enabling torque for group Wheg_Group
2024-10-29 19:19:45,762 INFO: Setting the profile velocity for group Wheg_Group from config.yaml: 10
2024-10-29 19:19:45,763 INFO: Profile velocities set for group Wheg_Group: {1: 43.7, 2: 43.7, 3: 43.7, 4: 43.7, 5: 43.7, 6: 43.7}
2024-10-29 19:19:45,763 INFO: Setting the profile velocity for group Wheg_Group from config.yaml: 10
2024-10-29 19:19:45,764 INFO: Profile velocities set for group Wheg_Group: {1: 43.7, 2: 43.7, 3: 43.7, 4: 43.7, 5: 43.7, 6: 43.7}
2024-10-29 19:19:48,766 INFO: Setting operating mode 'multi_turn' for group 'Wheg_Group'
2024-10-29 19:19:48,766 INFO: Disabling torque for group Wheg_Group
2024-10-29 19:19:48,767 INFO: Enabling torque for group Wheg_Group
2024-10-29 19:19:48,768 INFO: Setting the profile velocity for group Wheg_Group from config.yaml: 10
2024-10-29 19:19:48,769 INFO: Profile velocities set for group Wheg_Group: {1: 43.7, 2: 43.7, 3: 43.7, 4: 43.7, 5: 43.7, 6: 43.7}
2024-10-29 19:19:48,769 INFO: Setting the profile velocity for group Wheg_Group from config.yaml: 10
2024-10-29 19:19:48,770 INFO: Profile velocities set for group Wheg_Group: {1: 43.7, 2: 43.7, 3: 43.7, 4: 43.7, 5: 43.7, 6: 43.7}
2024-10-29 19:19:48,771 INFO: Profile velocities set for group Wheg_Group: {1: 6.769179077148437, 2: 54.1534326171875, 3: 6.769179077148437, 4: 54.1534326171875, 5: 6.769179077148437, 6: 54.1534326171875}
2024-10-29 19:19:48,771 INFO: Incrementing motor positions by {1: 40, 2: 320, 3: 40, 4: -320, 5: -40, 6: -320} degrees for group 'Wheg_Group'
2024-10-29 19:19:48,782 INFO: Gait 4 step executed at 1.55RPM, wait for 4.33 seconds
2024-10-29 19:19:51,896 INFO: Initiating safe shutdown...
2024-10-29 19:19:51,896 INFO: Setting operating mode 'velocity' for group 'All_Motors'
2024-10-29 19:19:51,897 INFO: Disabling torque for group All_Motors
2024-10-29 19:19:51,898 INFO: Enabling torque for group All_Motors
2024-10-29 19:19:51,899 INFO: Setting the profile velocity for group All_Motors from config.yaml: 8
2024-10-29 19:19:51,899 INFO: Profile velocities set for group All_Motors: {1: 34.96, 2: 34.96, 3: 34.96, 4: 34.96, 5: 34.96, 6: 34.96, 7: 34.96, 8: 34.96}
2024-10-29 19:19:51,900 WARNING: Velocity limit 200 exceeds hard limit 100. Limiting to 100.
2024-10-29 19:19:51,900 INFO: Velocity limit set to 100 for group All_Motors
2024-10-29 19:19:51,901 INFO: Enabling torque for group All_Motors
2024-10-29 19:19:51,902 INFO: Setting the profile velocity for group All_Motors from config.yaml: 8
2024-10-29 19:19:51,903 INFO: Profile velocities set for group All_Motors: {1: 34.96, 2: 34.96, 3: 34.96, 4: 34.96, 5: 34.96, 6: 34.96, 7: 34.96, 8: 34.96}
2024-10-29 19:19:51,903 INFO: Target velocities set for group All_Motors: {1: 0, 2: 0, 3: 0, 4: 0, 5: 0, 6: 0, 7: 0, 8: 0}
2024-10-29 19:19:51,904 INFO: Running set_position_group for group 'All_Motors' with positions: 180
2024-10-29 19:19:51,911 WARNING: Motor 1 is not in Position Control Mode. Setting mode now.
2024-10-29 19:19:51,912 INFO: Setting operating mode 'position' for group 'All_Motors'
2024-10-29 19:19:51,912 INFO: Disabling torque for group All_Motors
2024-10-29 19:19:51,913 INFO: Enabling torque for group All_Motors
2024-10-29 19:19:51,914 INFO: Setting the profile velocity for group All_Motors from config.yaml: 8
2024-10-29 19:19:51,915 INFO: Profile velocities set for group All_Motors: {1: 34.96, 2: 34.96, 3: 34.96, 4: 34.96, 5: 34.96, 6: 34.96, 7: 34.96, 8: 34.96}
2024-10-29 19:19:51,915 INFO: Setting the profile velocity for group All_Motors from config.yaml: 8
2024-10-29 19:19:51,916 INFO: Profile velocities set for group All_Motors: {1: 34.96, 2: 34.96, 3: 34.96, 4: 34.96, 5: 34.96, 6: 34.96, 7: 34.96, 8: 34.96}
2024-10-29 19:19:51,917 INFO: Closing PS4Controller and quitting pygame
2024-10-29 19:19:52,011 INFO: Port closed successfully.
2024-10-29 19:19:52,012 INFO: Shutdown complete.
