2024-10-29 00:55:56,571 INFO: Initializing PS4Controller
2024-10-29 00:55:56,865 INFO: Configuration loaded successfully
2024-10-29 00:55:56,872 INFO: Port /dev/ttyACM0 opened successfully
2024-10-29 00:55:56,882 INFO: Baudrate set to 1000000
2024-10-29 00:55:56,882 INFO: Control table loaded successfully.
2024-10-29 00:55:56,883 INFO: Motor group 'Pivot_Group' created with motors: [7, 8]
2024-10-29 00:55:56,883 INFO: Motor group 'Wheg_Group' created with motors: [1, 2, 3, 4, 5, 6]
2024-10-29 00:55:56,884 INFO: Motor group 'All_Motors' created with motors: [1, 2, 3, 4, 5, 6, 7, 8]
2024-10-29 00:55:56,884 INFO: Motor group 'Left_Whegs' created with motors: [1, 2, 3]
2024-10-29 00:55:56,885 INFO: Motor group 'Right_Whegs' created with motors: [4, 5, 6]
2024-10-29 00:55:56,885 INFO: Motor group 'Front_Whegs' created with motors: [3, 6]
2024-10-29 00:55:56,886 INFO: Motor group 'Rear_Whegs' created with motors: [1, 4]
2024-10-29 00:55:56,886 INFO: Motor group 'Middle_Whegs' created with motors: [2, 5]
2024-10-29 00:55:56,886 INFO: Motor group 'Two_Right_One_Left' created with motors: [2, 4, 6]
2024-10-29 00:55:56,887 INFO: Motor group 'Two_Left_One_Right' created with motors: [5, 1, 3]
2024-10-29 00:55:56,887 INFO: Initialised PS4 controller, Dynamixel, and Robot State
2024-10-29 00:55:57,046 INFO: Initialised Streamlit dashboard
2024-10-29 00:55:57,047 INFO: Disabling torque for group Right_Whegs
2024-10-29 00:55:57,049 INFO: Drive mode set for group Right_Whegs with reverse_direction=True
2024-10-29 00:55:57,051 INFO: Enabling torque for group Right_Whegs
2024-10-29 00:55:57,056 INFO: Motor 4 drive mode correctly set to reverse
2024-10-29 00:55:57,056 INFO: Motor 5 drive mode correctly set to reverse
2024-10-29 00:55:57,057 INFO: Motor 6 drive mode correctly set to reverse
2024-10-29 00:55:57,057 INFO: Disabling torque for group Left_Whegs
2024-10-29 00:55:57,058 INFO: Drive mode set for group Left_Whegs with reverse_direction=False
2024-10-29 00:55:57,059 INFO: Enabling torque for group Left_Whegs
2024-10-29 00:55:57,062 INFO: Motor 1 drive mode correctly set to normal
2024-10-29 00:55:57,063 INFO: Motor 2 drive mode correctly set to normal
2024-10-29 00:55:57,063 INFO: Motor 3 drive mode correctly set to normal
2024-10-29 00:55:57,063 INFO: Set the right side whegs to reverse direction
2024-10-29 00:55:57,064 INFO: Disabling torque for group Pivot_Group
2024-10-29 00:55:57,066 INFO: Drive mode set for group Pivot_Group with reverse_direction=False
2024-10-29 00:55:57,066 INFO: Enabling torque for group Pivot_Group
2024-10-29 00:55:57,070 INFO: Motor 7 drive mode correctly set to normal
2024-10-29 00:55:57,070 INFO: Motor 8 drive mode correctly set to normal
2024-10-29 00:55:57,071 INFO: Position limits set for group Pivot_Group: min=90° (ticks=1023), max=270° (ticks=3071)
2024-10-29 00:55:57,072 INFO: Set position limits for the pivot motors
2024-10-29 00:55:57,073 INFO: Initialising Gait 1
2024-10-29 00:55:57,074 INFO: Running set_position_group for group 'Wheg_Group' with positions: 180
2024-10-29 00:55:57,079 WARNING: Motor 1 is not in Position Control Mode. Setting mode now.
2024-10-29 00:55:57,079 INFO: Setting operating mode 'position' for group 'Wheg_Group'
2024-10-29 00:55:57,080 INFO: Disabling torque for group Wheg_Group
2024-10-29 00:55:57,081 INFO: Enabling torque for group Wheg_Group
2024-10-29 00:55:57,082 INFO: Setting the profile velocity for group Wheg_Group from config.yaml: 10
2024-10-29 00:55:57,082 INFO: Profile velocities set for group Wheg_Group: {1: 43.7, 2: 43.7, 3: 43.7, 4: 43.7, 5: 43.7, 6: 43.7}
2024-10-29 00:55:57,083 INFO: Running set_position_group for group 'Pivot_Group' with positions: 180
2024-10-29 00:55:57,086 WARNING: Motor 7 is not in Position Control Mode. Setting mode now.
2024-10-29 00:55:57,087 INFO: Setting operating mode 'position' for group 'Pivot_Group'
2024-10-29 00:55:57,087 INFO: Disabling torque for group Pivot_Group
2024-10-29 00:55:57,088 INFO: Enabling torque for group Pivot_Group
2024-10-29 00:55:57,089 INFO: Setting the profile velocity for group Pivot_Group from config.yaml: 4
2024-10-29 00:55:57,089 INFO: Profile velocities set for group Pivot_Group: {7: 17.48, 8: 17.48}
2024-10-29 00:55:57,090 INFO: Initialised Gait 1, waiting for 3 seconds
2024-10-29 00:56:01,376 INFO: Setting operating mode 'multi_turn' for group 'Wheg_Group'
2024-10-29 00:56:01,376 INFO: Disabling torque for group Wheg_Group
2024-10-29 00:56:01,378 INFO: Enabling torque for group Wheg_Group
2024-10-29 00:56:01,379 INFO: Setting the profile velocity for group Wheg_Group from config.yaml: 10
2024-10-29 00:56:01,379 INFO: Profile velocities set for group Wheg_Group: {1: 43.7, 2: 43.7, 3: 43.7, 4: 43.7, 5: 43.7, 6: 43.7}
2024-10-29 00:56:01,380 INFO: New gait 1 is now active.
2024-10-29 00:56:01,391 INFO: Profile velocities set for group Wheg_Group: {1: 21.85, 2: 21.85, 3: 21.85, 4: 21.85, 5: 21.85, 6: 21.85}
2024-10-29 00:56:01,392 INFO: Incrementing motor positions by 360 degrees for group 'Wheg_Group'
2024-10-29 00:56:01,402 INFO: Gait 1 step executed at 5.00RPM, wait for 12.00 seconds
2024-10-29 00:56:14,023 INFO: Profile velocities set for group Wheg_Group: {1: 43.7, 2: 43.7, 3: 43.7, 4: 43.7, 5: 43.7, 6: 43.7}
2024-10-29 00:56:14,024 INFO: Incrementing motor positions by 360 degrees for group 'Wheg_Group'
2024-10-29 00:56:14,034 INFO: Gait 1 step executed at 10.00RPM, wait for 6.00 seconds
2024-10-29 00:56:21,049 INFO: Profile velocities set for group Wheg_Group: {1: 65.55, 2: 65.55, 3: 65.55, 4: 65.55, 5: 65.55, 6: 65.55}
2024-10-29 00:56:21,050 INFO: Incrementing motor positions by 360 degrees for group 'Wheg_Group'
2024-10-29 00:56:21,061 INFO: Gait 1 step executed at 15.00RPM, wait for 4.00 seconds
2024-10-29 00:56:28,057 INFO: Initiating safe shutdown...
2024-10-29 00:56:28,058 INFO: Setting operating mode 'velocity' for group 'All_Motors'
2024-10-29 00:56:28,059 INFO: Disabling torque for group All_Motors
2024-10-29 00:56:28,060 INFO: Enabling torque for group All_Motors
2024-10-29 00:56:28,061 WARNING: Velocity limit 200 exceeds hard limit 100. Limiting to 100.
2024-10-29 00:56:28,061 INFO: Velocity limit set to 100 for group All_Motors
2024-10-29 00:56:28,062 INFO: Enabling torque for group All_Motors
2024-10-29 00:56:28,063 INFO: Target velocities set for group All_Motors: {1: 0, 2: 0, 3: 0, 4: 0, 5: 0, 6: 0, 7: 0, 8: 0}
2024-10-29 00:56:28,063 INFO: Running set_position_group for group 'All_Motors' with positions: 180
2024-10-29 00:56:28,071 WARNING: Motor 1 is not in Position Control Mode. Setting mode now.
2024-10-29 00:56:28,071 INFO: Setting operating mode 'position' for group 'All_Motors'
2024-10-29 00:56:28,072 INFO: Disabling torque for group All_Motors
2024-10-29 00:56:28,073 INFO: Enabling torque for group All_Motors
2024-10-29 00:56:28,073 INFO: Setting the profile velocity for group All_Motors from config.yaml: 5
2024-10-29 00:56:28,074 INFO: Profile velocities set for group All_Motors: {1: 21.85, 2: 21.85, 3: 21.85, 4: 21.85, 5: 21.85, 6: 21.85, 7: 21.85, 8: 21.85}
2024-10-29 00:56:28,075 INFO: Closing PS4Controller and quitting pygame
2024-10-29 00:56:28,137 INFO: Port closed successfully.
2024-10-29 00:56:28,137 INFO: Shutdown complete.
2024-10-29 00:56:28,138 ERROR: Controller connection lost!
2024-10-29 00:56:28,138 ERROR: Controller is disconnected.
2024-10-29 00:56:28,139 ERROR: Controller connection lost!
2024-10-29 00:56:28,139 ERROR: Controller is disconnected.
2024-10-29 00:56:28,139 ERROR: Controller connection lost!
2024-10-29 00:56:28,140 ERROR: Controller is disconnected.
2024-10-29 00:56:28,140 ERROR: Error controlling pivots: 'NoneType' object is not subscriptable
