2024-10-28 20:05:04,733 INFO: Initializing PS4Controller
2024-10-28 20:05:05,031 INFO: Configuration loaded successfully
2024-10-28 20:05:05,037 INFO: Port /dev/ttyACM0 opened successfully
2024-10-28 20:05:05,047 INFO: Baudrate set to 1000000
2024-10-28 20:05:05,048 INFO: Control table loaded successfully.
2024-10-28 20:05:05,048 INFO: Motor group 'Pivot_Group' created with motors: [7, 8]
2024-10-28 20:05:05,049 INFO: Motor group 'Wheg_Group' created with motors: [1, 2, 3, 4, 5, 6]
2024-10-28 20:05:05,050 INFO: Motor group 'All_Motors' created with motors: [1, 2, 3, 4, 5, 6, 7, 8]
2024-10-28 20:05:05,050 INFO: Motor group 'Left_Whegs' created with motors: [1, 2, 3]
2024-10-28 20:05:05,050 INFO: Motor group 'Right_Whegs' created with motors: [4, 5, 6]
2024-10-28 20:05:05,051 INFO: Motor group 'Front_Whegs' created with motors: [3, 6]
2024-10-28 20:05:05,051 INFO: Motor group 'Rear_Whegs' created with motors: [1, 4]
2024-10-28 20:05:05,052 INFO: Motor group 'Middle_Whegs' created with motors: [2, 5]
2024-10-28 20:05:05,052 INFO: Motor group 'Two_Right_One_Left' created with motors: [2, 4, 6]
2024-10-28 20:05:05,052 INFO: Motor group 'Two_Left_One_Right' created with motors: [5, 1, 3]
2024-10-28 20:05:05,053 INFO: Initialised PS4 controller, Dynamixel, and Robot State
2024-10-28 20:05:05,210 INFO: Initialised Streamlit dashboard
2024-10-28 20:05:05,211 INFO: Disabling torque for group Right_Whegs
2024-10-28 20:05:05,213 INFO: Drive mode set for group Right_Whegs with reverse_direction=True
2024-10-28 20:05:05,214 INFO: Enabling torque for group Right_Whegs
2024-10-28 20:05:05,219 INFO: Motor 4 drive mode correctly set to reverse
2024-10-28 20:05:05,220 INFO: Motor 5 drive mode correctly set to reverse
2024-10-28 20:05:05,221 INFO: Motor 6 drive mode correctly set to reverse
2024-10-28 20:05:05,221 INFO: Disabling torque for group Left_Whegs
2024-10-28 20:05:05,222 INFO: Drive mode set for group Left_Whegs with reverse_direction=False
2024-10-28 20:05:05,223 INFO: Enabling torque for group Left_Whegs
2024-10-28 20:05:05,226 INFO: Motor 1 drive mode correctly set to normal
2024-10-28 20:05:05,227 INFO: Motor 2 drive mode correctly set to normal
2024-10-28 20:05:05,227 INFO: Motor 3 drive mode correctly set to normal
2024-10-28 20:05:05,228 INFO: Set the right side whegs to reverse direction
2024-10-28 20:05:05,228 INFO: Disabling torque for group Pivot_Group
2024-10-28 20:05:05,230 INFO: Drive mode set for group Pivot_Group with reverse_direction=False
2024-10-28 20:05:05,230 INFO: Enabling torque for group Pivot_Group
2024-10-28 20:05:05,234 INFO: Motor 7 drive mode correctly set to normal
2024-10-28 20:05:05,235 INFO: Motor 8 drive mode correctly set to normal
2024-10-28 20:05:05,236 INFO: Position limits set for group Pivot_Group: min=90° (ticks=1023), max=270° (ticks=3071)
2024-10-28 20:05:05,236 INFO: Set position limits for the pivot motors
2024-10-28 20:05:05,238 INFO: Initialising Gait 1
2024-10-28 20:05:05,238 INFO: Running set_position_group for group 'Wheg_Group' with positions: 180
2024-10-28 20:05:05,244 INFO: Running set_position_group for group 'Pivot_Group' with positions: 180
2024-10-28 20:05:05,248 INFO: Initialised Gait 1, waiting for 3 seconds
2024-10-28 20:05:05,309 INFO: Motor     Position (degrees)       Velocity (RPM)      Load (%)  
2024-10-28 20:05:05,309 INFO: 1         159.17                   53.82               4.8       
2024-10-28 20:05:05,310 INFO: 2         167.26                   46.26               3.6       
2024-10-28 20:05:05,310 INFO: 3         143.09                   52.67               6.4       
2024-10-28 20:05:05,311 INFO: 4         168.22                   42.82               3.4       
2024-10-28 20:05:05,311 INFO: 5         162.33                   57.48               4.6       
2024-10-28 20:05:05,312 INFO: 6         219.46                   983547474.37        -4.6      
2024-10-28 20:05:05,312 INFO: 7         179.82                   0.00                0.2       
2024-10-28 20:05:05,313 INFO: 8         180.44                   0.00                -1.6      
2024-10-28 20:05:08,249 INFO: Setting operating mode 'multi_turn' for group 'Wheg_Group'
2024-10-28 20:05:08,250 INFO: Disabling torque for group Wheg_Group
2024-10-28 20:05:08,253 INFO: Enabling torque for group Wheg_Group
2024-10-28 20:05:08,254 INFO: Setting the profile velocity for group Wheg_Group from config.yaml: 10
2024-10-28 20:05:08,256 INFO: Profile velocities set for group Wheg_Group: {1: 43.7, 2: 43.7, 3: 43.7, 4: 43.7, 5: 43.7, 6: 43.7}
2024-10-28 20:05:08,257 INFO: New gait 1 is now active.
2024-10-28 20:05:10,343 INFO: Motor     Position (degrees)       Velocity (RPM)      Load (%)  
2024-10-28 20:05:10,344 INFO: 1         179.82                   0.00                0.7       
2024-10-28 20:05:10,345 INFO: 2         179.74                   983547510.56        0.7       
2024-10-28 20:05:10,345 INFO: 3         179.82                   0.00                0.2       
2024-10-28 20:05:10,346 INFO: 4         179.65                   0.23                0.0       
2024-10-28 20:05:10,346 INFO: 5         179.74                   0.46                1.0       
2024-10-28 20:05:10,347 INFO: 6         180.00                   0.23                -0.1      
2024-10-28 20:05:10,347 INFO: 7         179.91                   0.00                0.2       
2024-10-28 20:05:10,347 INFO: 8         180.44                   0.00                -3.4      
2024-10-28 20:05:12,472 INFO: Initiating safe shutdown...
2024-10-28 20:05:12,473 INFO: Setting operating mode 'velocity' for group 'All_Motors'
2024-10-28 20:05:12,473 INFO: Disabling torque for group All_Motors
2024-10-28 20:05:12,474 INFO: Enabling torque for group All_Motors
2024-10-28 20:05:12,475 WARNING: Velocity limit 200 exceeds hard limit 100. Limiting to 100.
2024-10-28 20:05:12,476 INFO: Velocity limit set to 100 for group All_Motors
2024-10-28 20:05:12,476 INFO: Enabling torque for group All_Motors
2024-10-28 20:05:12,478 INFO: Target velocities set for group All_Motors: {1: 0, 2: 0, 3: 0, 4: 0, 5: 0, 6: 0, 7: 0, 8: 0}
2024-10-28 20:05:12,478 INFO: Running set_position_group for group 'All_Motors' with positions: 180
2024-10-28 20:05:12,485 WARNING: Motor 1 is not in Position Control Mode. Setting mode now.
2024-10-28 20:05:12,486 INFO: Setting operating mode 'position' for group 'All_Motors'
2024-10-28 20:05:12,487 INFO: Disabling torque for group All_Motors
2024-10-28 20:05:12,488 INFO: Enabling torque for group All_Motors
2024-10-28 20:05:12,488 INFO: Setting the profile velocity for group All_Motors from config.yaml: 5
2024-10-28 20:05:12,489 INFO: Profile velocities set for group All_Motors: {1: 21.85, 2: 21.85, 3: 21.85, 4: 21.85, 5: 21.85, 6: 21.85, 7: 21.85, 8: 21.85}
2024-10-28 20:05:12,490 INFO: Closing PS4Controller and quitting pygame
2024-10-28 20:05:12,576 INFO: Port closed successfully.
2024-10-28 20:05:12,577 INFO: Shutdown complete.
2024-10-28 20:05:12,577 ERROR: Controller connection lost!
2024-10-28 20:05:12,577 ERROR: Controller is disconnected.
2024-10-28 20:05:12,577 ERROR: Controller connection lost!
2024-10-28 20:05:12,577 ERROR: Controller is disconnected.
2024-10-28 20:05:12,578 ERROR: Controller connection lost!
2024-10-28 20:05:12,578 ERROR: Controller is disconnected.
