2024-10-29 00:07:01,189 INFO: Initializing PS4Controller
2024-10-29 00:07:01,462 INFO: Configuration loaded successfully
2024-10-29 00:07:01,465 INFO: Port /dev/ttyACM0 opened successfully
2024-10-29 00:07:01,475 INFO: Baudrate set to 1000000
2024-10-29 00:07:01,476 INFO: Control table loaded successfully.
2024-10-29 00:07:01,476 INFO: Motor group 'Pivot_Group' created with motors: [7, 8]
2024-10-29 00:07:01,477 INFO: Motor group 'Wheg_Group' created with motors: [1, 2, 3, 4, 5, 6]
2024-10-29 00:07:01,477 INFO: Motor group 'All_Motors' created with motors: [1, 2, 3, 4, 5, 6, 7, 8]
2024-10-29 00:07:01,478 INFO: Motor group 'Left_Whegs' created with motors: [1, 2, 3]
2024-10-29 00:07:01,478 INFO: Motor group 'Right_Whegs' created with motors: [4, 5, 6]
2024-10-29 00:07:01,479 INFO: Motor group 'Front_Whegs' created with motors: [3, 6]
2024-10-29 00:07:01,479 INFO: Motor group 'Rear_Whegs' created with motors: [1, 4]
2024-10-29 00:07:01,479 INFO: Motor group 'Middle_Whegs' created with motors: [2, 5]
2024-10-29 00:07:01,480 INFO: Motor group 'Two_Right_One_Left' created with motors: [2, 4, 6]
2024-10-29 00:07:01,480 INFO: Motor group 'Two_Left_One_Right' created with motors: [5, 1, 3]
2024-10-29 00:07:01,480 INFO: Initialised PS4 controller, Dynamixel, and Robot State
2024-10-29 00:07:01,644 INFO: Initialised Streamlit dashboard
2024-10-29 00:07:01,645 INFO: Disabling torque for group Right_Whegs
2024-10-29 00:07:01,647 INFO: Drive mode set for group Right_Whegs with reverse_direction=True
2024-10-29 00:07:01,649 INFO: Enabling torque for group Right_Whegs
2024-10-29 00:07:01,653 INFO: Motor 4 drive mode correctly set to reverse
2024-10-29 00:07:01,653 INFO: Motor 5 drive mode correctly set to reverse
2024-10-29 00:07:01,654 INFO: Motor 6 drive mode correctly set to reverse
2024-10-29 00:07:01,655 INFO: Disabling torque for group Left_Whegs
2024-10-29 00:07:01,656 INFO: Drive mode set for group Left_Whegs with reverse_direction=False
2024-10-29 00:07:01,656 INFO: Enabling torque for group Left_Whegs
2024-10-29 00:07:01,660 INFO: Motor 1 drive mode correctly set to normal
2024-10-29 00:07:01,660 INFO: Motor 2 drive mode correctly set to normal
2024-10-29 00:07:01,661 INFO: Motor 3 drive mode correctly set to normal
2024-10-29 00:07:01,661 INFO: Set the right side whegs to reverse direction
2024-10-29 00:07:01,662 INFO: Disabling torque for group Pivot_Group
2024-10-29 00:07:01,663 INFO: Drive mode set for group Pivot_Group with reverse_direction=False
2024-10-29 00:07:01,663 INFO: Enabling torque for group Pivot_Group
2024-10-29 00:07:01,667 INFO: Motor 7 drive mode correctly set to normal
2024-10-29 00:07:01,667 INFO: Motor 8 drive mode correctly set to normal
2024-10-29 00:07:01,668 INFO: Position limits set for group Pivot_Group: min=90° (ticks=1023), max=270° (ticks=3071)
2024-10-29 00:07:01,669 INFO: Set position limits for the pivot motors
2024-10-29 00:07:01,670 INFO: Initialising Gait 1
2024-10-29 00:07:01,671 INFO: Running set_position_group for group 'Wheg_Group' with positions: 180
2024-10-29 00:07:01,676 INFO: Running set_position_group for group 'Pivot_Group' with positions: 180
2024-10-29 00:07:01,680 INFO: Initialised Gait 1, waiting for 3 seconds
2024-10-29 00:07:01,741 INFO: Motor     Position (degrees)       Velocity (RPM)      Load (%)  
2024-10-29 00:07:01,742 INFO: 1         179.91                   0.23                1.2       
2024-10-29 00:07:01,742 INFO: 2         179.82                   0.46                1.3       
2024-10-29 00:07:01,743 INFO: 3         179.38                   0.23                1.2       
2024-10-29 00:07:01,743 INFO: 4         179.82                   0.00                0.1       
2024-10-29 00:07:01,743 INFO: 5         179.74                   0.46                0.1       
2024-10-29 00:07:01,744 INFO: 6         179.82                   0.23                0.0       
2024-10-29 00:07:01,744 INFO: 7         179.65                   0.00                1.9       
2024-10-29 00:07:01,744 INFO: 8         180.00                   0.00                -0.5      
2024-10-29 00:07:04,869 INFO: Setting operating mode 'multi_turn' for group 'Wheg_Group'
2024-10-29 00:07:04,870 INFO: Disabling torque for group Wheg_Group
2024-10-29 00:07:04,871 INFO: Enabling torque for group Wheg_Group
2024-10-29 00:07:04,872 INFO: Setting the profile velocity for group Wheg_Group from config.yaml: 10
2024-10-29 00:07:04,873 INFO: Profile velocities set for group Wheg_Group: {1: 43.7, 2: 43.7, 3: 43.7, 4: 43.7, 5: 43.7, 6: 43.7}
2024-10-29 00:07:04,873 INFO: New gait 1 is now active.
2024-10-29 00:07:06,490 INFO: Profile velocities set for group Wheg_Group: {1: 21.85, 2: 21.85, 3: 21.85, 4: 21.85, 5: 21.85, 6: 21.85}
2024-10-29 00:07:06,491 INFO: Incrementing motor positions by 360 degrees for group 'Wheg_Group'
2024-10-29 00:07:06,501 INFO: Gait 1 step executed at 5.00RPM, wait for 12.00 seconds
2024-10-29 00:07:08,096 INFO: Motor     Position (degrees)       Velocity (RPM)      Load (%)  
2024-10-29 00:07:08,097 INFO: 1         223.24                   4.81                1.9       
2024-10-29 00:07:08,097 INFO: 2         222.98                   4.81                2.1       
2024-10-29 00:07:08,097 INFO: 3         222.80                   5.04                2.1       
2024-10-29 00:07:08,098 INFO: 4         222.98                   5.04                1.9       
2024-10-29 00:07:08,098 INFO: 5         223.07                   4.81                1.9       
2024-10-29 00:07:08,099 INFO: 6         223.15                   4.81                1.9       
2024-10-29 00:07:08,099 INFO: 7         179.65                   0.00                1.7       
2024-10-29 00:07:08,100 INFO: 8         180.00                   0.00                -0.6      
2024-10-29 00:07:11,170 WARNING: Emergency stop activated! Stopping all motors asynchronously.
2024-10-29 00:07:11,172 INFO: Setting operating mode 'velocity' for group 'All_Motors'
2024-10-29 00:07:11,172 INFO: Disabling torque for group All_Motors
2024-10-29 00:07:11,173 INFO: Enabling torque for group All_Motors
2024-10-29 00:07:11,174 WARNING: Velocity limit 200 exceeds hard limit 100. Limiting to 100.
2024-10-29 00:07:11,175 INFO: Velocity limit set to 100 for group All_Motors
2024-10-29 00:07:11,175 INFO: Enabling torque for group All_Motors
2024-10-29 00:07:11,176 INFO: Target velocities set for group All_Motors: {1: 0, 2: 0, 3: 0, 4: 0, 5: 0, 6: 0, 7: 0, 8: 0}
2024-10-29 00:07:11,438 WARNING: Emergency stop activated! Stopping all motors asynchronously.
2024-10-29 00:07:11,439 INFO: Setting operating mode 'velocity' for group 'All_Motors'
2024-10-29 00:07:11,439 INFO: Disabling torque for group All_Motors
2024-10-29 00:07:11,440 INFO: Enabling torque for group All_Motors
2024-10-29 00:07:11,441 WARNING: Velocity limit 200 exceeds hard limit 100. Limiting to 100.
2024-10-29 00:07:11,441 INFO: Velocity limit set to 100 for group All_Motors
2024-10-29 00:07:11,442 INFO: Enabling torque for group All_Motors
2024-10-29 00:07:11,443 INFO: Target velocities set for group All_Motors: {1: 0, 2: 0, 3: 0, 4: 0, 5: 0, 6: 0, 7: 0, 8: 0}
2024-10-29 00:07:12,774 INFO: Emergency Stop Deactivated. Resuming control...
2024-10-29 00:07:14,332 INFO: Motor     Position (degrees)       Velocity (RPM)      Load (%)  
2024-10-29 00:07:14,333 INFO: 1         313.42                   0.23                0.7       
2024-10-29 00:07:14,333 INFO: 2         312.28                   0.00                0.0       
2024-10-29 00:07:14,334 INFO: 3         312.63                   0.23                0.8       
2024-10-29 00:07:14,335 INFO: 4         312.98                   0.23                0.7       
2024-10-29 00:07:14,335 INFO: 5         312.45                   0.23                0.0       
2024-10-29 00:07:14,336 INFO: 6         311.75                   0.23                -0.2      
2024-10-29 00:07:14,336 INFO: 7         179.65                   0.00                -0.1      
2024-10-29 00:07:14,336 INFO: 8         180.00                   0.00                0.0       
2024-10-29 00:07:19,009 INFO: Initialising Gait 1
2024-10-29 00:07:19,009 INFO: Running set_position_group for group 'Wheg_Group' with positions: 180
2024-10-29 00:07:19,015 WARNING: Motor 1 is not in Position Control Mode. Setting mode now.
2024-10-29 00:07:19,015 INFO: Setting operating mode 'position' for group 'Wheg_Group'
2024-10-29 00:07:19,016 INFO: Disabling torque for group Wheg_Group
2024-10-29 00:07:19,017 INFO: Enabling torque for group Wheg_Group
2024-10-29 00:07:19,018 INFO: Setting the profile velocity for group Wheg_Group from config.yaml: 10
2024-10-29 00:07:19,019 INFO: Profile velocities set for group Wheg_Group: {1: 43.7, 2: 43.7, 3: 43.7, 4: 43.7, 5: 43.7, 6: 43.7}
2024-10-29 00:07:19,019 INFO: Running set_position_group for group 'Pivot_Group' with positions: 180
2024-10-29 00:07:19,023 WARNING: Motor 7 is not in Position Control Mode. Setting mode now.
2024-10-29 00:07:19,023 INFO: Setting operating mode 'position' for group 'Pivot_Group'
2024-10-29 00:07:19,024 INFO: Disabling torque for group Pivot_Group
2024-10-29 00:07:19,025 INFO: Enabling torque for group Pivot_Group
2024-10-29 00:07:19,025 INFO: Setting the profile velocity for group Pivot_Group from config.yaml: 4
2024-10-29 00:07:19,026 INFO: Profile velocities set for group Pivot_Group: {7: 17.48, 8: 17.48}
2024-10-29 00:07:19,027 INFO: Initialised Gait 1, waiting for 3 seconds
2024-10-29 00:07:20,556 INFO: Motor     Position (degrees)       Velocity (RPM)      Load (%)  
2024-10-29 00:07:20,557 INFO: 1         225.53                   983547501.17        -1.6      
2024-10-29 00:07:20,557 INFO: 2         225.35                   983547500.94        -1.7      
2024-10-29 00:07:20,558 INFO: 3         225.35                   983547501.17        -1.8      
2024-10-29 00:07:20,558 INFO: 4         225.35                   983547501.17        -1.6      
2024-10-29 00:07:20,559 INFO: 5         225.53                   983547500.94        -1.6      
2024-10-29 00:07:20,559 INFO: 6         225.70                   983547501.17        -2.3      
2024-10-29 00:07:20,559 INFO: 7         179.65                   0.00                1.7       
2024-10-29 00:07:20,560 INFO: 8         180.00                   0.00                -0.6      
2024-10-29 00:07:22,080 INFO: Setting operating mode 'multi_turn' for group 'Wheg_Group'
2024-10-29 00:07:22,080 INFO: Disabling torque for group Wheg_Group
2024-10-29 00:07:22,081 INFO: Enabling torque for group Wheg_Group
2024-10-29 00:07:22,082 INFO: Setting the profile velocity for group Wheg_Group from config.yaml: 10
2024-10-29 00:07:22,083 INFO: Profile velocities set for group Wheg_Group: {1: 43.7, 2: 43.7, 3: 43.7, 4: 43.7, 5: 43.7, 6: 43.7}
2024-10-29 00:07:22,083 INFO: New gait 1 is now active.
2024-10-29 00:07:23,614 INFO: Profile velocities set for group Wheg_Group: {1: 21.85, 2: 21.85, 3: 21.85, 4: 21.85, 5: 21.85, 6: 21.85}
2024-10-29 00:07:23,614 INFO: Incrementing motor positions by 360 degrees for group 'Wheg_Group'
2024-10-29 00:07:23,624 INFO: Gait 1 step executed at 5.00RPM, wait for 12.00 seconds
2024-10-29 00:07:26,656 INFO: Triangle pressed. Preparing to change to next gait: 2
2024-10-29 00:07:26,686 INFO: Motor     Position (degrees)       Velocity (RPM)      Load (%)  
2024-10-29 00:07:26,686 INFO: 1         265.78                   5.04                1.8       
2024-10-29 00:07:26,687 INFO: 2         265.17                   4.81                2.0       
2024-10-29 00:07:26,688 INFO: 3         265.78                   5.04                2.0       
2024-10-29 00:07:26,688 INFO: 4         265.69                   4.81                1.8       
2024-10-29 00:07:26,688 INFO: 5         265.43                   5.04                1.8       
2024-10-29 00:07:26,689 INFO: 6         265.25                   5.04                1.9       
2024-10-29 00:07:26,689 INFO: 7         179.65                   0.00                1.7       
2024-10-29 00:07:26,690 INFO: 8         180.00                   0.00                -0.6      
2024-10-29 00:07:31,246 INFO: Triangle pressed. Preparing to change to next gait: 2
2024-10-29 00:07:32,814 INFO: Motor     Position (degrees)       Velocity (RPM)      Load (%)  
2024-10-29 00:07:32,815 INFO: 1         85.02                    4.81                1.1       
2024-10-29 00:07:32,815 INFO: 2         83.79                    5.04                1.2       
2024-10-29 00:07:32,816 INFO: 3         84.50                    4.81                1.2       
2024-10-29 00:07:32,816 INFO: 4         85.29                    4.58                1.1       
2024-10-29 00:07:32,817 INFO: 5         84.32                    4.81                1.1       
2024-10-29 00:07:32,817 INFO: 6         83.27                    4.81                1.3       
2024-10-29 00:07:32,818 INFO: 7         179.65                   0.00                1.6       
2024-10-29 00:07:32,818 INFO: 8         180.00                   0.00                -0.6      
2024-10-29 00:07:35,885 INFO: Initialising Gait 2
2024-10-29 00:07:35,885 INFO: Running set_position_group for group 'Wheg_Group' with positions: {1: 160, 2: 200, 3: 160, 4: 200, 5: 160, 6: 200}
2024-10-29 00:07:35,890 WARNING: Motor 1 is not in Position Control Mode. Setting mode now.
2024-10-29 00:07:35,891 INFO: Setting operating mode 'position' for group 'Wheg_Group'
2024-10-29 00:07:35,891 INFO: Disabling torque for group Wheg_Group
2024-10-29 00:07:35,892 INFO: Enabling torque for group Wheg_Group
2024-10-29 00:07:35,893 INFO: Setting the profile velocity for group Wheg_Group from config.yaml: 10
2024-10-29 00:07:35,894 INFO: Profile velocities set for group Wheg_Group: {1: 43.7, 2: 43.7, 3: 43.7, 4: 43.7, 5: 43.7, 6: 43.7}
2024-10-29 00:07:35,895 INFO: Running set_position_group for group 'Pivot_Group' with positions: 180
2024-10-29 00:07:35,898 INFO: Initialised Gait 2, waiting for 3 seconds
2024-10-29 00:07:38,940 INFO: Motor     Position (degrees)       Velocity (RPM)      Load (%)  
2024-10-29 00:07:38,940 INFO: 1         160.05                   0.23                0.0       
2024-10-29 00:07:38,941 INFO: 2         199.25                   0.00                1.2       
2024-10-29 00:07:38,941 INFO: 3         159.96                   0.23                0.0       
2024-10-29 00:07:38,942 INFO: 4         199.25                   0.00                1.1       
2024-10-29 00:07:38,942 INFO: 5         159.96                   0.23                0.0       
2024-10-29 00:07:38,943 INFO: 6         199.69                   0.00                1.0       
2024-10-29 00:07:38,943 INFO: 7         179.65                   0.00                1.7       
2024-10-29 00:07:38,944 INFO: 8         180.00                   0.00                -0.6      
2024-10-29 00:07:38,975 INFO: Setting operating mode 'multi_turn' for group 'Wheg_Group'
2024-10-29 00:07:38,975 INFO: Disabling torque for group Wheg_Group
2024-10-29 00:07:38,976 INFO: Enabling torque for group Wheg_Group
2024-10-29 00:07:38,977 INFO: Setting the profile velocity for group Wheg_Group from config.yaml: 10
2024-10-29 00:07:38,978 INFO: Profile velocities set for group Wheg_Group: {1: 43.7, 2: 43.7, 3: 43.7, 4: 43.7, 5: 43.7, 6: 43.7}
2024-10-29 00:07:38,978 INFO: New gait 2 is now active.
2024-10-29 00:07:45,062 INFO: Motor     Position (degrees)       Velocity (RPM)      Load (%)  
2024-10-29 00:07:45,063 INFO: 1         160.05                   0.00                0.0       
2024-10-29 00:07:45,063 INFO: 2         199.25                   0.00                1.2       
2024-10-29 00:07:45,064 INFO: 3         159.96                   0.23                0.0       
2024-10-29 00:07:45,064 INFO: 4         199.16                   0.00                1.1       
2024-10-29 00:07:45,065 INFO: 5         159.96                   0.23                0.0       
2024-10-29 00:07:45,065 INFO: 6         199.60                   0.00                0.8       
2024-10-29 00:07:45,066 INFO: 7         179.65                   0.00                1.7       
2024-10-29 00:07:45,066 INFO: 8         180.00                   0.00                -0.6      
2024-10-29 00:07:51,187 INFO: Motor     Position (degrees)       Velocity (RPM)      Load (%)  
2024-10-29 00:07:51,188 INFO: 1         160.05                   0.23                0.0       
2024-10-29 00:07:51,188 INFO: 2         199.25                   0.00                1.2       
2024-10-29 00:07:51,189 INFO: 3         159.96                   0.23                0.0       
2024-10-29 00:07:51,190 INFO: 4         199.16                   0.00                1.1       
2024-10-29 00:07:51,190 INFO: 5         159.96                   0.23                0.0       
2024-10-29 00:07:51,191 INFO: 6         199.69                   0.00                0.4       
2024-10-29 00:07:51,191 INFO: 7         179.65                   0.00                1.6       
2024-10-29 00:07:51,191 INFO: 8         180.00                   0.00                -0.6      
2024-10-29 00:07:57,317 INFO: Motor     Position (degrees)       Velocity (RPM)      Load (%)  
2024-10-29 00:07:57,318 INFO: 1         160.05                   0.46                0.4       
2024-10-29 00:07:57,318 INFO: 2         199.25                   0.00                1.2       
2024-10-29 00:07:57,319 INFO: 3         159.96                   0.23                0.0       
2024-10-29 00:07:57,319 INFO: 4         199.16                   0.00                1.1       
2024-10-29 00:07:57,320 INFO: 5         159.96                   0.23                0.0       
2024-10-29 00:07:57,320 INFO: 6         199.69                   0.00                0.0       
2024-10-29 00:07:57,321 INFO: 7         179.65                   0.00                1.7       
2024-10-29 00:07:57,322 INFO: 8         180.00                   0.00                -0.6      
2024-10-29 00:07:57,456 INFO: Profile velocities set for group Wheg_Group: {1: 8.74, 2: 69.92, 3: 8.74, 4: 69.92, 5: 8.74, 6: 69.92}
2024-10-29 00:07:57,457 INFO: Incrementing motor positions by {1: 40, 2: 320, 3: 40, 4: 320, 5: 40, 6: 320} degrees for group 'Wheg_Group'
2024-10-29 00:07:57,468 INFO: Gait 2 step executed at 2.00RPM, wait for 3.36 seconds
2024-10-29 00:08:02,074 INFO: Profile velocities set for group Wheg_Group: {1: 104.88, 2: 13.11, 3: 104.88, 4: 13.11, 5: 104.88, 6: 13.11}
2024-10-29 00:08:02,075 INFO: Incrementing motor positions by {1: 320, 2: 40, 3: 320, 4: 40, 5: 320, 6: 40} degrees for group 'Wheg_Group'
2024-10-29 00:08:02,086 INFO: Gait 2 step executed at 3.00RPM, wait for 2.25 seconds
2024-10-29 00:08:03,649 WARNING: Emergency stop activated! Stopping all motors asynchronously.
2024-10-29 00:08:03,650 INFO: Setting operating mode 'velocity' for group 'All_Motors'
2024-10-29 00:08:03,651 INFO: Disabling torque for group All_Motors
2024-10-29 00:08:03,652 INFO: Enabling torque for group All_Motors
2024-10-29 00:08:03,653 WARNING: Velocity limit 200 exceeds hard limit 100. Limiting to 100.
2024-10-29 00:08:03,654 INFO: Velocity limit set to 100 for group All_Motors
2024-10-29 00:08:03,654 INFO: Enabling torque for group All_Motors
2024-10-29 00:08:03,655 INFO: Target velocities set for group All_Motors: {1: 0, 2: 0, 3: 0, 4: 0, 5: 0, 6: 0, 7: 0, 8: 0}
2024-10-29 00:08:03,692 ERROR: Bulk read failed with error: [TxRxResult] There is no status packet!
2024-10-29 00:08:03,715 ERROR: Error retrieving motor data: 'NoneType' object has no attribute 'keys'
2024-10-29 00:08:03,715 INFO: Motor     Position (degrees)       Velocity (RPM)      Load (%)  
2024-10-29 00:08:08,470 INFO: Emergency Stop Deactivated. Resuming control...
2024-10-29 00:08:08,501 INFO: Initialising Gait 1
2024-10-29 00:08:08,502 INFO: Running set_position_group for group 'Wheg_Group' with positions: 180
2024-10-29 00:08:08,507 WARNING: Motor 1 is not in Position Control Mode. Setting mode now.
2024-10-29 00:08:08,508 INFO: Setting operating mode 'position' for group 'Wheg_Group'
2024-10-29 00:08:08,509 INFO: Disabling torque for group Wheg_Group
2024-10-29 00:08:08,510 INFO: Enabling torque for group Wheg_Group
2024-10-29 00:08:08,511 INFO: Setting the profile velocity for group Wheg_Group from config.yaml: 10
2024-10-29 00:08:08,512 INFO: Profile velocities set for group Wheg_Group: {1: 43.7, 2: 43.7, 3: 43.7, 4: 43.7, 5: 43.7, 6: 43.7}
2024-10-29 00:08:08,512 INFO: Running set_position_group for group 'Pivot_Group' with positions: 180
2024-10-29 00:08:08,515 WARNING: Motor 7 is not in Position Control Mode. Setting mode now.
2024-10-29 00:08:08,516 INFO: Setting operating mode 'position' for group 'Pivot_Group'
2024-10-29 00:08:08,516 INFO: Disabling torque for group Pivot_Group
2024-10-29 00:08:08,517 INFO: Enabling torque for group Pivot_Group
2024-10-29 00:08:08,518 INFO: Setting the profile velocity for group Pivot_Group from config.yaml: 4
2024-10-29 00:08:08,518 INFO: Profile velocities set for group Pivot_Group: {7: 17.48, 8: 17.48}
2024-10-29 00:08:08,519 INFO: Initialised Gait 1, waiting for 3 seconds
2024-10-29 00:08:08,763 INFO: Motor     Position (degrees)       Velocity (RPM)      Load (%)  
2024-10-29 00:08:08,764 INFO: 1         72.33                    9.85                1.6       
2024-10-29 00:08:08,764 INFO: 2         179.82                   0.00                0.2       
2024-10-29 00:08:08,764 INFO: 3         71.46                    10.30               1.7       
2024-10-29 00:08:08,765 INFO: 4         179.74                   0.00                0.9       
2024-10-29 00:08:08,766 INFO: 5         71.37                    9.85                1.6       
2024-10-29 00:08:08,766 INFO: 6         179.91                   0.46                0.0       
2024-10-29 00:08:08,766 INFO: 7         179.65                   0.00                1.4       
2024-10-29 00:08:08,767 INFO: 8         180.00                   0.00                -0.6      
2024-10-29 00:08:11,732 INFO: Setting operating mode 'multi_turn' for group 'Wheg_Group'
2024-10-29 00:08:11,732 INFO: Disabling torque for group Wheg_Group
2024-10-29 00:08:11,733 INFO: Enabling torque for group Wheg_Group
2024-10-29 00:08:11,734 INFO: Setting the profile velocity for group Wheg_Group from config.yaml: 10
2024-10-29 00:08:11,735 INFO: Profile velocities set for group Wheg_Group: {1: 43.7, 2: 43.7, 3: 43.7, 4: 43.7, 5: 43.7, 6: 43.7}
2024-10-29 00:08:11,735 INFO: New gait 1 is now active.
2024-10-29 00:08:14,846 INFO: Motor     Position (degrees)       Velocity (RPM)      Load (%)  
2024-10-29 00:08:14,847 INFO: 1         179.65                   0.00                0.3       
2024-10-29 00:08:14,847 INFO: 2         179.74                   0.00                1.3       
2024-10-29 00:08:14,848 INFO: 3         179.65                   0.00                0.7       
2024-10-29 00:08:14,848 INFO: 4         179.74                   0.00                0.7       
2024-10-29 00:08:14,848 INFO: 5         179.82                   0.23                1.0       
2024-10-29 00:08:14,849 INFO: 6         179.91                   0.00                0.0       
2024-10-29 00:08:14,849 INFO: 7         179.65                   0.00                1.6       
2024-10-29 00:08:14,850 INFO: 8         180.00                   0.00                -0.6      
2024-10-29 00:08:14,873 INFO: Profile velocities set for group Wheg_Group: {1: 8.74, 2: 8.74, 3: 8.74, 4: 8.74, 5: 8.74, 6: 8.74}
2024-10-29 00:08:14,874 INFO: Incrementing motor positions by 360 degrees for group 'Wheg_Group'
2024-10-29 00:08:14,885 INFO: Gait 1 step executed at 2.00RPM, wait for 30.00 seconds
2024-10-29 00:08:20,909 WARNING: Emergency stop activated! Stopping all motors asynchronously.
2024-10-29 00:08:20,910 INFO: Setting operating mode 'velocity' for group 'All_Motors'
2024-10-29 00:08:20,911 INFO: Disabling torque for group All_Motors
2024-10-29 00:08:20,912 INFO: Enabling torque for group All_Motors
2024-10-29 00:08:20,913 WARNING: Velocity limit 200 exceeds hard limit 100. Limiting to 100.
2024-10-29 00:08:20,913 INFO: Velocity limit set to 100 for group All_Motors
2024-10-29 00:08:20,914 INFO: Enabling torque for group All_Motors
2024-10-29 00:08:20,915 INFO: Target velocities set for group All_Motors: {1: 0, 2: 0, 3: 0, 4: 0, 5: 0, 6: 0, 7: 0, 8: 0}
2024-10-29 00:08:20,975 INFO: Motor     Position (degrees)       Velocity (RPM)      Load (%)  
2024-10-29 00:08:20,975 INFO: 1         244.42                   983547508.95        0.7       
2024-10-29 00:08:20,976 INFO: 2         244.16                   983547508.95        0.8       
2024-10-29 00:08:20,976 INFO: 3         244.60                   983547509.18        0.8       
2024-10-29 00:08:20,977 INFO: 4         244.42                   983547509.18        0.7       
2024-10-29 00:08:20,977 INFO: 5         244.60                   983547508.95        0.7       
2024-10-29 00:08:20,977 INFO: 6         244.69                   983547509.87        0.4       
2024-10-29 00:08:20,978 INFO: 7         179.65                   0.00                0.9       
2024-10-29 00:08:20,978 INFO: 8         180.00                   0.00                -0.3      
2024-10-29 00:08:21,177 WARNING: Emergency stop activated! Stopping all motors asynchronously.
2024-10-29 00:08:21,177 INFO: Setting operating mode 'velocity' for group 'All_Motors'
2024-10-29 00:08:21,178 INFO: Disabling torque for group All_Motors
2024-10-29 00:08:21,179 INFO: Enabling torque for group All_Motors
2024-10-29 00:08:21,180 WARNING: Velocity limit 200 exceeds hard limit 100. Limiting to 100.
2024-10-29 00:08:21,180 INFO: Velocity limit set to 100 for group All_Motors
2024-10-29 00:08:21,180 INFO: Enabling torque for group All_Motors
2024-10-29 00:08:21,181 INFO: Target velocities set for group All_Motors: {1: 0, 2: 0, 3: 0, 4: 0, 5: 0, 6: 0, 7: 0, 8: 0}
2024-10-29 00:08:25,511 INFO: Emergency Stop Deactivated. Resuming control...
2024-10-29 00:08:27,106 INFO: Motor     Position (degrees)       Velocity (RPM)      Load (%)  
2024-10-29 00:08:27,106 INFO: 1         243.81                   0.00                1.2       
2024-10-29 00:08:27,107 INFO: 2         243.98                   0.00                1.2       
2024-10-29 00:08:27,107 INFO: 3         244.34                   0.23                1.2       
2024-10-29 00:08:27,107 INFO: 4         243.72                   0.23                1.1       
2024-10-29 00:08:27,108 INFO: 5         243.98                   0.00                1.2       
2024-10-29 00:08:27,108 INFO: 6         244.34                   0.00                1.0       
2024-10-29 00:08:27,108 INFO: 7         179.65                   0.00                0.0       
2024-10-29 00:08:27,109 INFO: 8         180.00                   0.00                0.0       
2024-10-29 00:08:27,263 INFO: Triangle pressed. Preparing to change to next gait: 2
2024-10-29 00:08:33,214 INFO: Motor     Position (degrees)       Velocity (RPM)      Load (%)  
2024-10-29 00:08:33,215 INFO: 1         243.81                   0.00                1.1       
2024-10-29 00:08:33,215 INFO: 2         243.98                   0.00                1.2       
2024-10-29 00:08:33,216 INFO: 3         244.34                   983547510.56        1.2       
2024-10-29 00:08:33,216 INFO: 4         243.72                   0.23                1.1       
2024-10-29 00:08:33,217 INFO: 5         243.98                   0.00                1.2       
2024-10-29 00:08:33,217 INFO: 6         244.34                   0.23                0.9       
2024-10-29 00:08:33,218 INFO: 7         179.65                   0.00                0.0       
2024-10-29 00:08:33,218 INFO: 8         180.00                   0.00                0.0       
2024-10-29 00:08:37,770 WARNING: Emergency stop activated! Stopping all motors asynchronously.
2024-10-29 00:08:37,771 INFO: Setting operating mode 'velocity' for group 'All_Motors'
2024-10-29 00:08:37,772 INFO: Disabling torque for group All_Motors
2024-10-29 00:08:37,774 INFO: Enabling torque for group All_Motors
2024-10-29 00:08:37,774 WARNING: Velocity limit 200 exceeds hard limit 100. Limiting to 100.
2024-10-29 00:08:37,775 INFO: Velocity limit set to 100 for group All_Motors
2024-10-29 00:08:37,776 INFO: Enabling torque for group All_Motors
2024-10-29 00:08:37,777 INFO: Target velocities set for group All_Motors: {1: 0, 2: 0, 3: 0, 4: 0, 5: 0, 6: 0, 7: 0, 8: 0}
2024-10-29 00:08:39,314 INFO: Emergency Stop Deactivated. Resuming control...
2024-10-29 00:08:39,344 INFO: Motor     Position (degrees)       Velocity (RPM)      Load (%)  
2024-10-29 00:08:39,345 INFO: 1         243.46                   0.00                1.2       
2024-10-29 00:08:39,345 INFO: 2         243.63                   0.00                1.2       
2024-10-29 00:08:39,346 INFO: 3         244.07                   0.00                1.2       
2024-10-29 00:08:39,346 INFO: 4         243.37                   0.00                1.2       
2024-10-29 00:08:39,347 INFO: 5         243.98                   0.00                1.2       
2024-10-29 00:08:39,347 INFO: 6         244.16                   0.00                0.9       
2024-10-29 00:08:39,347 INFO: 7         179.65                   0.00                -0.1      
2024-10-29 00:08:39,348 INFO: 8         180.00                   0.00                0.0       
2024-10-29 00:08:45,518 INFO: Motor     Position (degrees)       Velocity (RPM)      Load (%)  
2024-10-29 00:08:45,518 INFO: 1         243.46                   0.00                1.2       
2024-10-29 00:08:45,519 INFO: 2         243.63                   0.00                1.2       
2024-10-29 00:08:45,519 INFO: 3         243.98                   0.00                1.2       
2024-10-29 00:08:45,519 INFO: 4         243.37                   0.00                1.1       
2024-10-29 00:08:45,520 INFO: 5         243.98                   0.00                1.2       
2024-10-29 00:08:45,520 INFO: 6         244.16                   0.00                1.0       
2024-10-29 00:08:45,521 INFO: 7         179.65                   0.00                0.0       
2024-10-29 00:08:45,521 INFO: 8         180.00                   0.00                0.0       
2024-10-29 00:08:45,562 INFO: Initialising Gait 1
2024-10-29 00:08:45,562 INFO: Running set_position_group for group 'Wheg_Group' with positions: 180
2024-10-29 00:08:45,568 WARNING: Motor 1 is not in Position Control Mode. Setting mode now.
2024-10-29 00:08:45,568 INFO: Setting operating mode 'position' for group 'Wheg_Group'
2024-10-29 00:08:45,569 INFO: Disabling torque for group Wheg_Group
2024-10-29 00:08:45,570 INFO: Enabling torque for group Wheg_Group
2024-10-29 00:08:45,571 INFO: Setting the profile velocity for group Wheg_Group from config.yaml: 10
2024-10-29 00:08:45,571 INFO: Profile velocities set for group Wheg_Group: {1: 43.7, 2: 43.7, 3: 43.7, 4: 43.7, 5: 43.7, 6: 43.7}
2024-10-29 00:08:45,572 INFO: Running set_position_group for group 'Pivot_Group' with positions: 180
2024-10-29 00:08:45,575 WARNING: Motor 7 is not in Position Control Mode. Setting mode now.
2024-10-29 00:08:45,575 INFO: Setting operating mode 'position' for group 'Pivot_Group'
2024-10-29 00:08:45,575 INFO: Disabling torque for group Pivot_Group
2024-10-29 00:08:45,576 INFO: Enabling torque for group Pivot_Group
2024-10-29 00:08:45,577 INFO: Setting the profile velocity for group Pivot_Group from config.yaml: 4
2024-10-29 00:08:45,578 INFO: Profile velocities set for group Pivot_Group: {7: 17.48, 8: 17.48}
2024-10-29 00:08:45,578 INFO: Initialised Gait 1, waiting for 3 seconds
2024-10-29 00:08:48,547 INFO: Triangle pressed. Preparing to change to next gait: 2
2024-10-29 00:08:48,581 INFO: Setting operating mode 'multi_turn' for group 'Wheg_Group'
2024-10-29 00:08:48,582 INFO: Disabling torque for group Wheg_Group
2024-10-29 00:08:48,583 INFO: Enabling torque for group Wheg_Group
2024-10-29 00:08:48,584 INFO: Setting the profile velocity for group Wheg_Group from config.yaml: 10
2024-10-29 00:08:48,584 INFO: Profile velocities set for group Wheg_Group: {1: 43.7, 2: 43.7, 3: 43.7, 4: 43.7, 5: 43.7, 6: 43.7}
2024-10-29 00:08:48,585 INFO: New gait 2 is now active.
2024-10-29 00:08:48,596 INFO: Initialising Gait 2
2024-10-29 00:08:48,597 INFO: Running set_position_group for group 'Wheg_Group' with positions: {1: 160, 2: 200, 3: 160, 4: 200, 5: 160, 6: 200}
2024-10-29 00:08:48,602 WARNING: Motor 1 is not in Position Control Mode. Setting mode now.
2024-10-29 00:08:48,603 INFO: Setting operating mode 'position' for group 'Wheg_Group'
2024-10-29 00:08:48,603 INFO: Disabling torque for group Wheg_Group
2024-10-29 00:08:48,604 INFO: Enabling torque for group Wheg_Group
2024-10-29 00:08:48,605 INFO: Setting the profile velocity for group Wheg_Group from config.yaml: 10
2024-10-29 00:08:48,606 INFO: Profile velocities set for group Wheg_Group: {1: 43.7, 2: 43.7, 3: 43.7, 4: 43.7, 5: 43.7, 6: 43.7}
2024-10-29 00:08:48,606 INFO: Running set_position_group for group 'Pivot_Group' with positions: 180
2024-10-29 00:08:48,610 INFO: Initialised Gait 2, waiting for 3 seconds
2024-10-29 00:08:48,812 INFO: Triangle pressed. Preparing to change to next gait: 3
2024-10-29 00:08:51,647 INFO: Motor     Position (degrees)       Velocity (RPM)      Load (%)  
2024-10-29 00:08:51,648 INFO: 1         160.05                   0.23                0.0       
2024-10-29 00:08:51,648 INFO: 2         199.34                   0.23                1.2       
2024-10-29 00:08:51,649 INFO: 3         159.96                   0.23                0.0       
2024-10-29 00:08:51,649 INFO: 4         199.25                   0.23                1.1       
2024-10-29 00:08:51,649 INFO: 5         159.96                   0.23                0.0       
2024-10-29 00:08:51,650 INFO: 6         199.95                   0.23                0.7       
2024-10-29 00:08:51,650 INFO: 7         179.65                   0.00                1.7       
2024-10-29 00:08:51,650 INFO: 8         180.00                   0.00                -0.6      
2024-10-29 00:08:51,681 INFO: Setting operating mode 'multi_turn' for group 'Wheg_Group'
2024-10-29 00:08:51,682 INFO: Disabling torque for group Wheg_Group
2024-10-29 00:08:51,683 INFO: Enabling torque for group Wheg_Group
2024-10-29 00:08:51,684 INFO: Setting the profile velocity for group Wheg_Group from config.yaml: 10
2024-10-29 00:08:51,685 INFO: Profile velocities set for group Wheg_Group: {1: 43.7, 2: 43.7, 3: 43.7, 4: 43.7, 5: 43.7, 6: 43.7}
2024-10-29 00:08:51,685 INFO: New gait 3 is now active.
2024-10-29 00:08:51,697 INFO: Initialsing Gait 3
2024-10-29 00:08:51,697 INFO: Running set_position_group for group 'Wheg_Group' with positions: {1: 200, 2: 160, 3: 160, 4: 200, 5: 160, 6: 160}
2024-10-29 00:08:51,702 WARNING: Motor 1 is not in Position Control Mode. Setting mode now.
2024-10-29 00:08:51,703 INFO: Setting operating mode 'position' for group 'Wheg_Group'
2024-10-29 00:08:51,703 INFO: Disabling torque for group Wheg_Group
2024-10-29 00:08:51,704 INFO: Enabling torque for group Wheg_Group
2024-10-29 00:08:51,705 INFO: Setting the profile velocity for group Wheg_Group from config.yaml: 10
2024-10-29 00:08:51,706 INFO: Profile velocities set for group Wheg_Group: {1: 43.7, 2: 43.7, 3: 43.7, 4: 43.7, 5: 43.7, 6: 43.7}
2024-10-29 00:08:51,707 INFO: Running set_position_group for group 'Pivot_Group' with positions: 180
2024-10-29 00:08:51,710 INFO: Initialised Gait 3, waiting for 3 seconds
2024-10-29 00:08:54,712 INFO: Setting operating mode 'multi_turn' for group 'Wheg_Group'
2024-10-29 00:08:54,712 INFO: Disabling torque for group Wheg_Group
2024-10-29 00:08:54,713 INFO: Enabling torque for group Wheg_Group
2024-10-29 00:08:54,714 INFO: Setting the profile velocity for group Wheg_Group from config.yaml: 10
2024-10-29 00:08:54,715 INFO: Profile velocities set for group Wheg_Group: {1: 43.7, 2: 43.7, 3: 43.7, 4: 43.7, 5: 43.7, 6: 43.7}
2024-10-29 00:08:54,715 INFO: New gait 3 is now active.
2024-10-29 00:08:54,732 INFO: Profile velocities set for group Wheg_Group: {1: 17.48, 2: 17.48, 3: 17.48, 4: 17.48, 5: 17.48, 6: 17.48}
2024-10-29 00:08:54,733 INFO: Incrementing motor positions by {1: 320, 2: 40, 3: 0, 4: 320, 5: 40, 6: 0} degrees for group 'Wheg_Group'
2024-10-29 00:08:54,743 INFO: Gait 3 step executed at 4.00 RPM, wait for 13.36 seconds
2024-10-29 00:08:57,775 INFO: Motor     Position (degrees)       Velocity (RPM)      Load (%)  
2024-10-29 00:08:57,776 INFO: 1         268.07                   4.12                1.8       
2024-10-29 00:08:57,776 INFO: 2         199.25                   0.00                1.2       
2024-10-29 00:08:57,777 INFO: 3         159.96                   0.00                0.0       
2024-10-29 00:08:57,777 INFO: 4         267.80                   4.12                1.7       
2024-10-29 00:08:57,778 INFO: 5         199.25                   0.23                1.2       
2024-10-29 00:08:57,778 INFO: 6         159.96                   0.23                0.0       
2024-10-29 00:08:57,779 INFO: 7         179.65                   0.00                1.7       
2024-10-29 00:08:57,779 INFO: 8         180.00                   0.00                -0.6      
2024-10-29 00:09:03,907 INFO: Motor     Position (degrees)       Velocity (RPM)      Load (%)  
2024-10-29 00:09:03,908 INFO: 1         54.70                    3.89                1.0       
2024-10-29 00:09:03,908 INFO: 2         199.25                   0.23                1.2       
2024-10-29 00:09:03,909 INFO: 3         159.96                   0.23                0.0       
2024-10-29 00:09:03,909 INFO: 4         54.35                    3.89                1.0       
2024-10-29 00:09:03,909 INFO: 5         199.25                   0.23                1.2       
2024-10-29 00:09:03,910 INFO: 6         159.96                   0.23                0.0       
2024-10-29 00:09:03,910 INFO: 7         179.65                   0.00                1.7       
2024-10-29 00:09:03,911 INFO: 8         180.00                   0.00                -0.6      
2024-10-29 00:09:05,394 INFO: Initiating safe shutdown...
2024-10-29 00:09:05,394 INFO: Setting operating mode 'velocity' for group 'All_Motors'
2024-10-29 00:09:05,395 INFO: Disabling torque for group All_Motors
2024-10-29 00:09:05,396 INFO: Enabling torque for group All_Motors
2024-10-29 00:09:05,396 WARNING: Velocity limit 200 exceeds hard limit 100. Limiting to 100.
2024-10-29 00:09:05,397 INFO: Velocity limit set to 100 for group All_Motors
2024-10-29 00:09:05,397 INFO: Enabling torque for group All_Motors
2024-10-29 00:09:05,399 INFO: Target velocities set for group All_Motors: {1: 0, 2: 0, 3: 0, 4: 0, 5: 0, 6: 0, 7: 0, 8: 0}
2024-10-29 00:09:05,399 INFO: Running set_position_group for group 'All_Motors' with positions: 180
2024-10-29 00:09:05,406 WARNING: Motor 1 is not in Position Control Mode. Setting mode now.
2024-10-29 00:09:05,407 INFO: Setting operating mode 'position' for group 'All_Motors'
2024-10-29 00:09:05,407 INFO: Disabling torque for group All_Motors
2024-10-29 00:09:05,408 INFO: Enabling torque for group All_Motors
2024-10-29 00:09:05,409 INFO: Setting the profile velocity for group All_Motors from config.yaml: 5
2024-10-29 00:09:05,410 INFO: Profile velocities set for group All_Motors: {1: 21.85, 2: 21.85, 3: 21.85, 4: 21.85, 5: 21.85, 6: 21.85, 7: 21.85, 8: 21.85}
2024-10-29 00:09:05,411 INFO: Closing PS4Controller and quitting pygame
2024-10-29 00:09:05,494 INFO: Port closed successfully.
2024-10-29 00:09:05,495 INFO: Shutdown complete.
2024-10-29 00:09:05,495 ERROR: Controller connection lost!
2024-10-29 00:09:05,496 ERROR: Controller is disconnected.
2024-10-29 00:09:05,497 ERROR: Controller connection lost!
2024-10-29 00:09:05,497 ERROR: Controller is disconnected.
2024-10-29 00:09:05,497 ERROR: Controller connection lost!
2024-10-29 00:09:05,498 ERROR: Controller is disconnected.
2024-10-29 00:09:05,498 ERROR: Error while logging robot states: Attempting to use a port that is not open
