2025-04-09 14:57:46,928 INFO: Initializing PS4Controller
2025-04-09 14:57:47,448 INFO: Configuration loaded successfully
2025-04-09 14:57:47,455 INFO: Port /dev/ttyACM0 opened successfully
2025-04-09 14:57:47,465 INFO: Baudrate set to 1000000
2025-04-09 14:57:47,465 INFO: Control table loaded successfully.
2025-04-09 14:57:47,465 INFO: Motor group 'Pivot_Group' created with motors: [7, 8]
2025-04-09 14:57:47,465 INFO: Motor group 'Wheg_Group' created with motors: [1, 2, 3, 4, 5, 6]
2025-04-09 14:57:47,466 INFO: Motor group 'All_Motors' created with motors: [1, 2, 3, 4, 5, 6, 7, 8]
2025-04-09 14:57:47,466 INFO: Motor group 'Left_Whegs' created with motors: [1, 2, 3]
2025-04-09 14:57:47,466 INFO: Motor group 'Right_Whegs' created with motors: [4, 5, 6]
2025-04-09 14:57:47,466 INFO: Motor group 'Front_Whegs' created with motors: [3, 6]
2025-04-09 14:57:47,466 INFO: Motor group 'Rear_Whegs' created with motors: [1, 4]
2025-04-09 14:57:47,466 INFO: Motor group 'Middle_Whegs' created with motors: [2, 5]
2025-04-09 14:57:47,466 INFO: Motor group 'Two_Right_One_Left' created with motors: [2, 4, 6]
2025-04-09 14:57:47,467 INFO: Motor group 'Two_Left_One_Right' created with motors: [5, 1, 3]
2025-04-09 14:57:47,467 INFO: Initialised PS4 controller, Dynamixel, and Robot State
2025-04-09 14:57:47,467 INFO: Disabling torque for group Right_Whegs
2025-04-09 14:57:47,468 INFO: Drive mode set for group Right_Whegs with reverse_direction=True
2025-04-09 14:57:47,469 INFO: Enabling torque for group Right_Whegs
2025-04-09 14:57:47,469 INFO: Setting the profile velocity for group Right_Whegs from config.yaml: None
2025-04-09 14:57:47,470 ERROR: Profile velocity for group Right_Whegs not found in config.yaml and no value was provided.
2025-04-09 14:57:47,470 INFO: Disabling torque for group Left_Whegs
2025-04-09 14:57:47,471 INFO: Drive mode set for group Left_Whegs with reverse_direction=False
2025-04-09 14:57:47,471 INFO: Enabling torque for group Left_Whegs
2025-04-09 14:57:47,471 INFO: Setting the profile velocity for group Left_Whegs from config.yaml: None
2025-04-09 14:57:47,471 ERROR: Profile velocity for group Left_Whegs not found in config.yaml and no value was provided.
2025-04-09 14:57:47,471 INFO: Set the right side whegs to reverse direction
2025-04-09 14:57:47,472 INFO: Disabling torque for group Pivot_Group
2025-04-09 14:57:47,472 INFO: Drive mode set for group Pivot_Group with reverse_direction=False
2025-04-09 14:57:47,473 INFO: Enabling torque for group Pivot_Group
2025-04-09 14:57:47,473 INFO: Setting the profile velocity for group Pivot_Group from config.yaml: 4
2025-04-09 14:57:47,474 INFO: Profile velocities set for group Pivot_Group: {7: 17.48, 8: 17.48}
2025-04-09 14:57:47,474 INFO: Position limits set for group Pivot_Group: min=45° (ticks=511), max=315° (ticks=3583)
2025-04-09 14:57:47,474 INFO: Set position limits for the pivot motors
2025-04-09 14:57:47,670 ERROR: Hardware error detected on motor 1: Error code 1
2025-04-09 14:57:47,670 ERROR: Motor 1: Input Voltage Error detected.
2025-04-09 14:57:47,670 ERROR: Hardware error detected on motor 2: Error code 1
2025-04-09 14:57:47,670 ERROR: Motor 2: Input Voltage Error detected.
2025-04-09 14:57:47,671 ERROR: Hardware error detected on motor 3: Error code 1
2025-04-09 14:57:47,671 ERROR: Motor 3: Input Voltage Error detected.
2025-04-09 14:57:47,671 ERROR: Hardware error detected on motor 4: Error code 1
2025-04-09 14:57:47,671 ERROR: Motor 4: Input Voltage Error detected.
2025-04-09 14:57:47,671 ERROR: Hardware error detected on motor 5: Error code 1
2025-04-09 14:57:47,671 ERROR: Motor 5: Input Voltage Error detected.
2025-04-09 14:57:47,671 ERROR: Hardware error detected on motor 6: Error code 1
2025-04-09 14:57:47,672 ERROR: Motor 6: Input Voltage Error detected.
2025-04-09 14:57:47,672 ERROR: Hardware error detected on motor 7: Error code 1
2025-04-09 14:57:47,672 ERROR: Motor 7: Input Voltage Error detected.
2025-04-09 14:57:47,672 ERROR: Hardware error detected on motor 8: Error code 1
2025-04-09 14:57:47,672 ERROR: Motor 8: Input Voltage Error detected.
2025-04-09 14:57:47,672 WARNING: Hardware error detected on motor 8. Rebooting motor and resetting gait...
2025-04-09 14:57:47,674 INFO: Motor 8 successfully rebooted.
2025-04-09 14:57:47,675 INFO: Motor 8 rebooted successfully.
2025-04-09 14:57:47,675 INFO: Initialising Gait 1
2025-04-09 14:57:47,675 INFO: Disabling torque for group Wheg_Group
2025-04-09 14:57:47,676 INFO: Drive mode set for group Wheg_Group with reverse_direction={1: 0, 2: 0, 3: 0, 4: 1, 5: 1, 6: 1}
2025-04-09 14:57:47,676 INFO: Enabling torque for group Wheg_Group
2025-04-09 14:57:47,676 INFO: Setting the profile velocity for group Wheg_Group from config.yaml: 10
2025-04-09 14:57:47,677 INFO: Profile velocities set for group Wheg_Group: {1: 43.7, 2: 43.7, 3: 43.7, 4: 43.7, 5: 43.7, 6: 43.7}
2025-04-09 14:57:47,677 WARNING: Set direction of whegs to forward
2025-04-09 14:57:47,677 WARNING: Direction set for all whegs
2025-04-09 14:57:47,677 INFO: Reboot requested, resetting torque all motors
2025-04-09 14:57:47,677 ERROR: Error controlling pivots: 'dpad_down'
2025-04-09 14:57:47,713 ERROR: Bulk read failed with error: [TxRxResult] There is no status packet!
2025-04-09 14:57:47,749 ERROR: Bulk read failed with error: [TxRxResult] There is no status packet!
2025-04-09 14:57:47,785 ERROR: Bulk read failed with error: [TxRxResult] There is no status packet!
2025-04-09 14:57:47,793 ERROR: Error retrieving motor data: 'NoneType' object has no attribute 'keys'
2025-04-09 14:57:48,178 INFO: Enabling torque for group All_Motors
2025-04-09 14:57:48,179 INFO: Setting the profile velocity for group All_Motors from config.yaml: 8
2025-04-09 14:57:48,180 INFO: Profile velocities set for group All_Motors: {1: 34.96, 2: 34.96, 3: 34.96, 4: 34.96, 5: 34.96, 6: 34.96, 7: 34.96, 8: 34.96}
2025-04-09 14:57:48,180 INFO: Running set_position_group for group 'Wheg_Group' with positions: 180
2025-04-09 14:57:48,185 INFO: Running set_position_group for group 'Pivot_Group' with positions: 180
2025-04-09 14:57:48,188 INFO: Initialised Gait 1, waiting for 1 seconds
2025-04-09 14:57:49,190 INFO: Setting operating mode 'multi_turn' for group 'Wheg_Group'
2025-04-09 14:57:49,190 INFO: Disabling torque for group Wheg_Group
2025-04-09 14:57:49,191 INFO: Enabling torque for group Wheg_Group
2025-04-09 14:57:49,191 INFO: Setting the profile velocity for group Wheg_Group from config.yaml: 10
2025-04-09 14:57:49,192 INFO: Profile velocities set for group Wheg_Group: {1: 43.7, 2: 43.7, 3: 43.7, 4: 43.7, 5: 43.7, 6: 43.7}
2025-04-09 14:57:49,192 INFO: Setting the profile velocity for group Wheg_Group from config.yaml: 10
2025-04-09 14:57:49,192 INFO: Profile velocities set for group Wheg_Group: {1: 43.7, 2: 43.7, 3: 43.7, 4: 43.7, 5: 43.7, 6: 43.7}
2025-04-09 14:57:49,192 INFO: New gait 1 is now active.
2025-04-09 14:57:49,210 ERROR: Hardware error detected on motor 1: Error code 1
2025-04-09 14:57:49,211 ERROR: Motor 1: Input Voltage Error detected.
2025-04-09 14:57:49,211 ERROR: Hardware error detected on motor 2: Error code 1
2025-04-09 14:57:49,211 ERROR: Motor 2: Input Voltage Error detected.
2025-04-09 14:57:49,211 ERROR: Hardware error detected on motor 3: Error code 1
2025-04-09 14:57:49,211 ERROR: Motor 3: Input Voltage Error detected.
2025-04-09 14:57:49,211 ERROR: Hardware error detected on motor 4: Error code 1
2025-04-09 14:57:49,211 ERROR: Motor 4: Input Voltage Error detected.
2025-04-09 14:57:49,211 ERROR: Hardware error detected on motor 5: Error code 1
2025-04-09 14:57:49,211 ERROR: Motor 5: Input Voltage Error detected.
2025-04-09 14:57:49,212 ERROR: Hardware error detected on motor 6: Error code 1
2025-04-09 14:57:49,212 ERROR: Motor 6: Input Voltage Error detected.
2025-04-09 14:57:49,212 ERROR: Hardware error detected on motor 7: Error code 17
2025-04-09 14:57:49,212 ERROR: Motor 7: Input Voltage Error detected.
2025-04-09 14:57:49,212 ERROR: Motor 7: Electrical Shock Error detected.
2025-04-09 14:57:49,212 ERROR: Hardware error detected on motor 8: Error code 17
2025-04-09 14:57:49,212 ERROR: Motor 8: Input Voltage Error detected.
2025-04-09 14:57:49,212 ERROR: Motor 8: Electrical Shock Error detected.
2025-04-09 14:57:49,213 WARNING: Hardware error detected on motor 8. Rebooting motor and resetting gait...
2025-04-09 14:57:49,215 INFO: Motor 8 successfully rebooted.
2025-04-09 14:57:49,215 INFO: Motor 8 rebooted successfully.
2025-04-09 14:57:49,215 INFO: Initialising Gait 1
2025-04-09 14:57:49,215 INFO: Disabling torque for group Wheg_Group
2025-04-09 14:57:49,216 INFO: Drive mode set for group Wheg_Group with reverse_direction={1: 0, 2: 0, 3: 0, 4: 1, 5: 1, 6: 1}
2025-04-09 14:57:49,216 INFO: Enabling torque for group Wheg_Group
2025-04-09 14:57:49,217 INFO: Setting the profile velocity for group Wheg_Group from config.yaml: 10
2025-04-09 14:57:49,217 INFO: Profile velocities set for group Wheg_Group: {1: 43.7, 2: 43.7, 3: 43.7, 4: 43.7, 5: 43.7, 6: 43.7}
2025-04-09 14:57:49,218 WARNING: Set direction of whegs to forward
2025-04-09 14:57:49,218 WARNING: Direction set for all whegs
2025-04-09 14:57:49,218 INFO: Reboot requested, resetting torque all motors
2025-04-09 14:57:49,254 ERROR: Bulk read failed with error: [TxRxResult] There is no status packet!
2025-04-09 14:57:49,290 ERROR: Bulk read failed with error: [TxRxResult] There is no status packet!
2025-04-09 14:57:49,325 ERROR: Bulk read failed with error: [TxRxResult] There is no status packet!
2025-04-09 14:57:49,333 ERROR: Error retrieving motor data: 'NoneType' object has no attribute 'keys'
2025-04-09 14:57:49,719 INFO: Enabling torque for group All_Motors
2025-04-09 14:57:49,720 INFO: Setting the profile velocity for group All_Motors from config.yaml: 8
2025-04-09 14:57:49,720 INFO: Profile velocities set for group All_Motors: {1: 34.96, 2: 34.96, 3: 34.96, 4: 34.96, 5: 34.96, 6: 34.96, 7: 34.96, 8: 34.96}
2025-04-09 14:57:49,720 INFO: Running set_position_group for group 'Wheg_Group' with positions: 180
2025-04-09 14:57:49,725 WARNING: Motor 1 is not in Position Control Mode. Setting mode now.
2025-04-09 14:57:49,726 INFO: Setting operating mode 'position' for group 'Wheg_Group'
2025-04-09 14:57:49,726 INFO: Disabling torque for group Wheg_Group
2025-04-09 14:57:49,726 INFO: Enabling torque for group Wheg_Group
2025-04-09 14:57:49,727 INFO: Setting the profile velocity for group Wheg_Group from config.yaml: 10
2025-04-09 14:57:49,728 INFO: Profile velocities set for group Wheg_Group: {1: 43.7, 2: 43.7, 3: 43.7, 4: 43.7, 5: 43.7, 6: 43.7}
2025-04-09 14:57:49,729 INFO: Setting the profile velocity for group Wheg_Group from config.yaml: 10
2025-04-09 14:57:49,729 INFO: Profile velocities set for group Wheg_Group: {1: 43.7, 2: 43.7, 3: 43.7, 4: 43.7, 5: 43.7, 6: 43.7}
2025-04-09 14:57:49,730 INFO: Running set_position_group for group 'Pivot_Group' with positions: 180
2025-04-09 14:57:49,734 INFO: Initialised Gait 1, waiting for 1 seconds
2025-04-09 14:57:50,735 INFO: Setting operating mode 'multi_turn' for group 'Wheg_Group'
2025-04-09 14:57:50,735 INFO: Disabling torque for group Wheg_Group
2025-04-09 14:57:50,735 INFO: Enabling torque for group Wheg_Group
2025-04-09 14:57:50,736 INFO: Setting the profile velocity for group Wheg_Group from config.yaml: 10
2025-04-09 14:57:50,736 INFO: Profile velocities set for group Wheg_Group: {1: 43.7, 2: 43.7, 3: 43.7, 4: 43.7, 5: 43.7, 6: 43.7}
2025-04-09 14:57:50,736 INFO: Setting the profile velocity for group Wheg_Group from config.yaml: 10
2025-04-09 14:57:50,737 INFO: Profile velocities set for group Wheg_Group: {1: 43.7, 2: 43.7, 3: 43.7, 4: 43.7, 5: 43.7, 6: 43.7}
2025-04-09 14:57:50,737 INFO: New gait 1 is now active.
2025-04-09 14:57:50,755 ERROR: Hardware error detected on motor 1: Error code 1
2025-04-09 14:57:50,755 ERROR: Motor 1: Input Voltage Error detected.
2025-04-09 14:57:50,755 ERROR: Hardware error detected on motor 2: Error code 1
2025-04-09 14:57:50,756 ERROR: Motor 2: Input Voltage Error detected.
2025-04-09 14:57:50,756 ERROR: Hardware error detected on motor 3: Error code 1
2025-04-09 14:57:50,756 ERROR: Motor 3: Input Voltage Error detected.
2025-04-09 14:57:50,756 ERROR: Hardware error detected on motor 4: Error code 1
2025-04-09 14:57:50,757 ERROR: Motor 4: Input Voltage Error detected.
2025-04-09 14:57:50,757 ERROR: Hardware error detected on motor 5: Error code 1
2025-04-09 14:57:50,757 ERROR: Motor 5: Input Voltage Error detected.
2025-04-09 14:57:50,757 ERROR: Hardware error detected on motor 6: Error code 1
2025-04-09 14:57:50,757 ERROR: Motor 6: Input Voltage Error detected.
2025-04-09 14:57:50,757 ERROR: Hardware error detected on motor 7: Error code 17
2025-04-09 14:57:50,757 ERROR: Motor 7: Input Voltage Error detected.
2025-04-09 14:57:50,757 ERROR: Motor 7: Electrical Shock Error detected.
2025-04-09 14:57:50,757 ERROR: Hardware error detected on motor 8: Error code 17
2025-04-09 14:57:50,758 ERROR: Motor 8: Input Voltage Error detected.
2025-04-09 14:57:50,758 ERROR: Motor 8: Electrical Shock Error detected.
2025-04-09 14:57:50,758 WARNING: Hardware error detected on motor 8. Rebooting motor and resetting gait...
2025-04-09 14:57:50,760 INFO: Motor 8 successfully rebooted.
2025-04-09 14:57:50,760 INFO: Motor 8 rebooted successfully.
2025-04-09 14:57:50,760 INFO: Initialising Gait 1
2025-04-09 14:57:50,761 INFO: Disabling torque for group Wheg_Group
2025-04-09 14:57:50,762 INFO: Drive mode set for group Wheg_Group with reverse_direction={1: 0, 2: 0, 3: 0, 4: 1, 5: 1, 6: 1}
2025-04-09 14:57:50,762 INFO: Enabling torque for group Wheg_Group
2025-04-09 14:57:50,763 INFO: Setting the profile velocity for group Wheg_Group from config.yaml: 10
2025-04-09 14:57:50,764 INFO: Profile velocities set for group Wheg_Group: {1: 43.7, 2: 43.7, 3: 43.7, 4: 43.7, 5: 43.7, 6: 43.7}
2025-04-09 14:57:50,764 WARNING: Set direction of whegs to forward
2025-04-09 14:57:50,764 WARNING: Direction set for all whegs
2025-04-09 14:57:50,764 INFO: Reboot requested, resetting torque all motors
2025-04-09 14:57:50,800 ERROR: Bulk read failed with error: [TxRxResult] There is no status packet!
2025-04-09 14:57:50,836 ERROR: Bulk read failed with error: [TxRxResult] There is no status packet!
2025-04-09 14:57:50,871 ERROR: Bulk read failed with error: [TxRxResult] There is no status packet!
2025-04-09 14:57:50,879 ERROR: Error retrieving motor data: 'NoneType' object has no attribute 'keys'
2025-04-09 14:57:51,265 INFO: Enabling torque for group All_Motors
2025-04-09 14:57:51,266 INFO: Setting the profile velocity for group All_Motors from config.yaml: 8
2025-04-09 14:57:51,266 INFO: Profile velocities set for group All_Motors: {1: 34.96, 2: 34.96, 3: 34.96, 4: 34.96, 5: 34.96, 6: 34.96, 7: 34.96, 8: 34.96}
2025-04-09 14:57:51,267 INFO: Running set_position_group for group 'Wheg_Group' with positions: 180
2025-04-09 14:57:51,272 WARNING: Motor 1 is not in Position Control Mode. Setting mode now.
2025-04-09 14:57:51,272 INFO: Setting operating mode 'position' for group 'Wheg_Group'
2025-04-09 14:57:51,272 INFO: Disabling torque for group Wheg_Group
2025-04-09 14:57:51,273 INFO: Enabling torque for group Wheg_Group
2025-04-09 14:57:51,273 INFO: Setting the profile velocity for group Wheg_Group from config.yaml: 10
2025-04-09 14:57:51,274 INFO: Profile velocities set for group Wheg_Group: {1: 43.7, 2: 43.7, 3: 43.7, 4: 43.7, 5: 43.7, 6: 43.7}
2025-04-09 14:57:51,274 INFO: Setting the profile velocity for group Wheg_Group from config.yaml: 10
2025-04-09 14:57:51,274 INFO: Profile velocities set for group Wheg_Group: {1: 43.7, 2: 43.7, 3: 43.7, 4: 43.7, 5: 43.7, 6: 43.7}
2025-04-09 14:57:51,275 INFO: Running set_position_group for group 'Pivot_Group' with positions: 180
2025-04-09 14:57:51,279 INFO: Initialised Gait 1, waiting for 1 seconds
2025-04-09 14:57:52,280 INFO: Setting operating mode 'multi_turn' for group 'Wheg_Group'
2025-04-09 14:57:52,281 INFO: Disabling torque for group Wheg_Group
2025-04-09 14:57:52,282 INFO: Enabling torque for group Wheg_Group
2025-04-09 14:57:52,282 INFO: Setting the profile velocity for group Wheg_Group from config.yaml: 10
2025-04-09 14:57:52,282 INFO: Profile velocities set for group Wheg_Group: {1: 43.7, 2: 43.7, 3: 43.7, 4: 43.7, 5: 43.7, 6: 43.7}
2025-04-09 14:57:52,283 INFO: Setting the profile velocity for group Wheg_Group from config.yaml: 10
2025-04-09 14:57:52,283 INFO: Profile velocities set for group Wheg_Group: {1: 43.7, 2: 43.7, 3: 43.7, 4: 43.7, 5: 43.7, 6: 43.7}
2025-04-09 14:57:52,283 INFO: New gait 1 is now active.
2025-04-09 14:57:52,301 ERROR: Hardware error detected on motor 1: Error code 1
2025-04-09 14:57:52,301 ERROR: Motor 1: Input Voltage Error detected.
2025-04-09 14:57:52,301 ERROR: Hardware error detected on motor 2: Error code 1
2025-04-09 14:57:52,301 ERROR: Motor 2: Input Voltage Error detected.
2025-04-09 14:57:52,302 ERROR: Hardware error detected on motor 3: Error code 1
2025-04-09 14:57:52,302 ERROR: Motor 3: Input Voltage Error detected.
2025-04-09 14:57:52,302 ERROR: Hardware error detected on motor 4: Error code 1
2025-04-09 14:57:52,302 ERROR: Motor 4: Input Voltage Error detected.
2025-04-09 14:57:52,302 ERROR: Hardware error detected on motor 5: Error code 1
2025-04-09 14:57:52,302 ERROR: Motor 5: Input Voltage Error detected.
2025-04-09 14:57:52,302 ERROR: Hardware error detected on motor 6: Error code 1
2025-04-09 14:57:52,302 ERROR: Motor 6: Input Voltage Error detected.
2025-04-09 14:57:52,302 ERROR: Hardware error detected on motor 7: Error code 17
2025-04-09 14:57:52,303 ERROR: Motor 7: Input Voltage Error detected.
2025-04-09 14:57:52,303 ERROR: Motor 7: Electrical Shock Error detected.
2025-04-09 14:57:52,303 ERROR: Hardware error detected on motor 8: Error code 17
2025-04-09 14:57:52,303 ERROR: Motor 8: Input Voltage Error detected.
2025-04-09 14:57:52,303 ERROR: Motor 8: Electrical Shock Error detected.
2025-04-09 14:57:52,303 WARNING: Hardware error detected on motor 8. Rebooting motor and resetting gait...
2025-04-09 14:57:52,305 INFO: Motor 8 successfully rebooted.
2025-04-09 14:57:52,305 INFO: Motor 8 rebooted successfully.
2025-04-09 14:57:52,306 INFO: Initialising Gait 1
2025-04-09 14:57:52,306 INFO: Disabling torque for group Wheg_Group
2025-04-09 14:57:52,306 INFO: Drive mode set for group Wheg_Group with reverse_direction={1: 0, 2: 0, 3: 0, 4: 1, 5: 1, 6: 1}
2025-04-09 14:57:52,307 INFO: Enabling torque for group Wheg_Group
2025-04-09 14:57:52,307 INFO: Setting the profile velocity for group Wheg_Group from config.yaml: 10
2025-04-09 14:57:52,307 INFO: Profile velocities set for group Wheg_Group: {1: 43.7, 2: 43.7, 3: 43.7, 4: 43.7, 5: 43.7, 6: 43.7}
2025-04-09 14:57:52,308 WARNING: Set direction of whegs to forward
2025-04-09 14:57:52,308 WARNING: Direction set for all whegs
2025-04-09 14:57:52,308 INFO: Reboot requested, resetting torque all motors
2025-04-09 14:57:52,344 ERROR: Bulk read failed with error: [TxRxResult] There is no status packet!
2025-04-09 14:57:52,380 ERROR: Bulk read failed with error: [TxRxResult] There is no status packet!
2025-04-09 14:57:52,416 ERROR: Bulk read failed with error: [TxRxResult] There is no status packet!
2025-04-09 14:57:52,423 ERROR: Error retrieving motor data: 'NoneType' object has no attribute 'keys'
2025-04-09 14:57:52,809 INFO: Enabling torque for group All_Motors
2025-04-09 14:57:52,810 INFO: Setting the profile velocity for group All_Motors from config.yaml: 8
2025-04-09 14:57:52,810 INFO: Profile velocities set for group All_Motors: {1: 34.96, 2: 34.96, 3: 34.96, 4: 34.96, 5: 34.96, 6: 34.96, 7: 34.96, 8: 34.96}
2025-04-09 14:57:52,810 INFO: Running set_position_group for group 'Wheg_Group' with positions: 180
2025-04-09 14:57:52,815 WARNING: Motor 1 is not in Position Control Mode. Setting mode now.
2025-04-09 14:57:52,816 INFO: Setting operating mode 'position' for group 'Wheg_Group'
2025-04-09 14:57:52,816 INFO: Disabling torque for group Wheg_Group
2025-04-09 14:57:52,816 INFO: Enabling torque for group Wheg_Group
2025-04-09 14:57:52,817 INFO: Setting the profile velocity for group Wheg_Group from config.yaml: 10
2025-04-09 14:57:52,817 INFO: Profile velocities set for group Wheg_Group: {1: 43.7, 2: 43.7, 3: 43.7, 4: 43.7, 5: 43.7, 6: 43.7}
2025-04-09 14:57:52,817 INFO: Setting the profile velocity for group Wheg_Group from config.yaml: 10
2025-04-09 14:57:52,818 INFO: Profile velocities set for group Wheg_Group: {1: 43.7, 2: 43.7, 3: 43.7, 4: 43.7, 5: 43.7, 6: 43.7}
2025-04-09 14:57:52,818 INFO: Running set_position_group for group 'Pivot_Group' with positions: 180
2025-04-09 14:57:52,822 INFO: Initialised Gait 1, waiting for 1 seconds
2025-04-09 14:57:53,823 INFO: Setting operating mode 'multi_turn' for group 'Wheg_Group'
2025-04-09 14:57:53,823 INFO: Disabling torque for group Wheg_Group
2025-04-09 14:57:53,824 INFO: Enabling torque for group Wheg_Group
2025-04-09 14:57:53,824 INFO: Setting the profile velocity for group Wheg_Group from config.yaml: 10
2025-04-09 14:57:53,825 INFO: Profile velocities set for group Wheg_Group: {1: 43.7, 2: 43.7, 3: 43.7, 4: 43.7, 5: 43.7, 6: 43.7}
2025-04-09 14:57:53,825 INFO: Setting the profile velocity for group Wheg_Group from config.yaml: 10
2025-04-09 14:57:53,825 INFO: Profile velocities set for group Wheg_Group: {1: 43.7, 2: 43.7, 3: 43.7, 4: 43.7, 5: 43.7, 6: 43.7}
2025-04-09 14:57:53,826 INFO: New gait 1 is now active.
2025-04-09 14:57:53,843 ERROR: Hardware error detected on motor 1: Error code 1
2025-04-09 14:57:53,844 ERROR: Motor 1: Input Voltage Error detected.
2025-04-09 14:57:53,844 ERROR: Hardware error detected on motor 2: Error code 1
2025-04-09 14:57:53,844 ERROR: Motor 2: Input Voltage Error detected.
2025-04-09 14:57:53,844 ERROR: Hardware error detected on motor 3: Error code 1
2025-04-09 14:57:53,844 ERROR: Motor 3: Input Voltage Error detected.
2025-04-09 14:57:53,845 ERROR: Hardware error detected on motor 4: Error code 1
2025-04-09 14:57:53,845 ERROR: Motor 4: Input Voltage Error detected.
2025-04-09 14:57:53,845 ERROR: Hardware error detected on motor 5: Error code 1
2025-04-09 14:57:53,845 ERROR: Motor 5: Input Voltage Error detected.
2025-04-09 14:57:53,845 ERROR: Hardware error detected on motor 6: Error code 1
2025-04-09 14:57:53,845 ERROR: Motor 6: Input Voltage Error detected.
2025-04-09 14:57:53,845 ERROR: Hardware error detected on motor 7: Error code 17
2025-04-09 14:57:53,845 ERROR: Motor 7: Input Voltage Error detected.
2025-04-09 14:57:53,845 ERROR: Motor 7: Electrical Shock Error detected.
2025-04-09 14:57:53,845 ERROR: Hardware error detected on motor 8: Error code 17
2025-04-09 14:57:53,846 ERROR: Motor 8: Input Voltage Error detected.
2025-04-09 14:57:53,846 ERROR: Motor 8: Electrical Shock Error detected.
2025-04-09 14:57:53,846 WARNING: Hardware error detected on motor 8. Rebooting motor and resetting gait...
2025-04-09 14:57:53,847 INFO: Motor 8 successfully rebooted.
2025-04-09 14:57:53,848 INFO: Motor 8 rebooted successfully.
2025-04-09 14:57:53,848 INFO: Initialising Gait 1
2025-04-09 14:57:53,848 INFO: Disabling torque for group Wheg_Group
2025-04-09 14:57:53,849 INFO: Drive mode set for group Wheg_Group with reverse_direction={1: 0, 2: 0, 3: 0, 4: 1, 5: 1, 6: 1}
2025-04-09 14:57:53,849 INFO: Enabling torque for group Wheg_Group
2025-04-09 14:57:53,849 INFO: Setting the profile velocity for group Wheg_Group from config.yaml: 10
2025-04-09 14:57:53,850 INFO: Profile velocities set for group Wheg_Group: {1: 43.7, 2: 43.7, 3: 43.7, 4: 43.7, 5: 43.7, 6: 43.7}
2025-04-09 14:57:53,850 WARNING: Set direction of whegs to forward
2025-04-09 14:57:53,851 WARNING: Direction set for all whegs
2025-04-09 14:57:53,851 INFO: Reboot requested, resetting torque all motors
2025-04-09 14:57:53,886 ERROR: Bulk read failed with error: [TxRxResult] There is no status packet!
2025-04-09 14:57:53,923 ERROR: Bulk read failed with error: [TxRxResult] There is no status packet!
2025-04-09 14:57:53,958 ERROR: Bulk read failed with error: [TxRxResult] There is no status packet!
2025-04-09 14:57:53,966 ERROR: Error retrieving motor data: 'NoneType' object has no attribute 'keys'
2025-04-09 14:57:54,352 INFO: Enabling torque for group All_Motors
2025-04-09 14:57:54,353 INFO: Setting the profile velocity for group All_Motors from config.yaml: 8
2025-04-09 14:57:54,353 INFO: Profile velocities set for group All_Motors: {1: 34.96, 2: 34.96, 3: 34.96, 4: 34.96, 5: 34.96, 6: 34.96, 7: 34.96, 8: 34.96}
2025-04-09 14:57:54,353 INFO: Running set_position_group for group 'Wheg_Group' with positions: 180
2025-04-09 14:57:54,358 WARNING: Motor 1 is not in Position Control Mode. Setting mode now.
2025-04-09 14:57:54,359 INFO: Setting operating mode 'position' for group 'Wheg_Group'
2025-04-09 14:57:54,359 INFO: Disabling torque for group Wheg_Group
2025-04-09 14:57:54,359 INFO: Enabling torque for group Wheg_Group
2025-04-09 14:57:54,360 INFO: Setting the profile velocity for group Wheg_Group from config.yaml: 10
2025-04-09 14:57:54,360 INFO: Profile velocities set for group Wheg_Group: {1: 43.7, 2: 43.7, 3: 43.7, 4: 43.7, 5: 43.7, 6: 43.7}
2025-04-09 14:57:54,360 INFO: Setting the profile velocity for group Wheg_Group from config.yaml: 10
2025-04-09 14:57:54,361 INFO: Profile velocities set for group Wheg_Group: {1: 43.7, 2: 43.7, 3: 43.7, 4: 43.7, 5: 43.7, 6: 43.7}
2025-04-09 14:57:54,361 INFO: Running set_position_group for group 'Pivot_Group' with positions: 180
2025-04-09 14:57:54,365 INFO: Initialised Gait 1, waiting for 1 seconds
2025-04-09 14:57:55,368 INFO: Setting operating mode 'multi_turn' for group 'Wheg_Group'
2025-04-09 14:57:55,368 INFO: Disabling torque for group Wheg_Group
2025-04-09 14:57:55,370 INFO: Enabling torque for group Wheg_Group
2025-04-09 14:57:55,370 INFO: Setting the profile velocity for group Wheg_Group from config.yaml: 10
2025-04-09 14:57:55,371 INFO: Profile velocities set for group Wheg_Group: {1: 43.7, 2: 43.7, 3: 43.7, 4: 43.7, 5: 43.7, 6: 43.7}
2025-04-09 14:57:55,371 INFO: Setting the profile velocity for group Wheg_Group from config.yaml: 10
2025-04-09 14:57:55,371 INFO: Profile velocities set for group Wheg_Group: {1: 43.7, 2: 43.7, 3: 43.7, 4: 43.7, 5: 43.7, 6: 43.7}
2025-04-09 14:57:55,371 INFO: New gait 1 is now active.
2025-04-09 14:57:55,389 ERROR: Hardware error detected on motor 1: Error code 1
2025-04-09 14:57:55,390 ERROR: Motor 1: Input Voltage Error detected.
2025-04-09 14:57:55,390 ERROR: Hardware error detected on motor 2: Error code 1
2025-04-09 14:57:55,390 ERROR: Motor 2: Input Voltage Error detected.
2025-04-09 14:57:55,390 ERROR: Hardware error detected on motor 3: Error code 1
2025-04-09 14:57:55,390 ERROR: Motor 3: Input Voltage Error detected.
2025-04-09 14:57:55,390 ERROR: Hardware error detected on motor 4: Error code 1
2025-04-09 14:57:55,391 ERROR: Motor 4: Input Voltage Error detected.
2025-04-09 14:57:55,391 ERROR: Hardware error detected on motor 5: Error code 1
2025-04-09 14:57:55,391 ERROR: Motor 5: Input Voltage Error detected.
2025-04-09 14:57:55,391 ERROR: Hardware error detected on motor 6: Error code 1
2025-04-09 14:57:55,391 ERROR: Motor 6: Input Voltage Error detected.
2025-04-09 14:57:55,391 ERROR: Hardware error detected on motor 7: Error code 17
2025-04-09 14:57:55,392 ERROR: Motor 7: Input Voltage Error detected.
2025-04-09 14:57:55,392 ERROR: Motor 7: Electrical Shock Error detected.
2025-04-09 14:57:55,392 ERROR: Hardware error detected on motor 8: Error code 17
2025-04-09 14:57:55,392 ERROR: Motor 8: Input Voltage Error detected.
2025-04-09 14:57:55,392 ERROR: Motor 8: Electrical Shock Error detected.
2025-04-09 14:57:55,392 WARNING: Hardware error detected on motor 8. Rebooting motor and resetting gait...
2025-04-09 14:57:55,394 INFO: Motor 8 successfully rebooted.
2025-04-09 14:57:55,394 INFO: Motor 8 rebooted successfully.
2025-04-09 14:57:55,394 INFO: Initialising Gait 1
2025-04-09 14:57:55,395 INFO: Disabling torque for group Wheg_Group
2025-04-09 14:57:55,395 INFO: Drive mode set for group Wheg_Group with reverse_direction={1: 0, 2: 0, 3: 0, 4: 1, 5: 1, 6: 1}
2025-04-09 14:57:55,396 INFO: Enabling torque for group Wheg_Group
2025-04-09 14:57:55,396 INFO: Setting the profile velocity for group Wheg_Group from config.yaml: 10
2025-04-09 14:57:55,397 INFO: Profile velocities set for group Wheg_Group: {1: 43.7, 2: 43.7, 3: 43.7, 4: 43.7, 5: 43.7, 6: 43.7}
2025-04-09 14:57:55,397 WARNING: Set direction of whegs to forward
2025-04-09 14:57:55,398 WARNING: Direction set for all whegs
2025-04-09 14:57:55,398 INFO: Reboot requested, resetting torque all motors
2025-04-09 14:57:55,434 ERROR: Bulk read failed with error: [TxRxResult] There is no status packet!
2025-04-09 14:57:55,470 ERROR: Bulk read failed with error: [TxRxResult] There is no status packet!
2025-04-09 14:57:55,505 ERROR: Bulk read failed with error: [TxRxResult] There is no status packet!
2025-04-09 14:57:55,513 ERROR: Error retrieving motor data: 'NoneType' object has no attribute 'keys'
2025-04-09 14:57:55,899 INFO: Enabling torque for group All_Motors
2025-04-09 14:57:55,899 INFO: Setting the profile velocity for group All_Motors from config.yaml: 8
2025-04-09 14:57:55,900 INFO: Profile velocities set for group All_Motors: {1: 34.96, 2: 34.96, 3: 34.96, 4: 34.96, 5: 34.96, 6: 34.96, 7: 34.96, 8: 34.96}
2025-04-09 14:57:55,900 INFO: Running set_position_group for group 'Wheg_Group' with positions: 180
2025-04-09 14:57:55,905 WARNING: Motor 1 is not in Position Control Mode. Setting mode now.
2025-04-09 14:57:55,905 INFO: Setting operating mode 'position' for group 'Wheg_Group'
2025-04-09 14:57:55,906 INFO: Disabling torque for group Wheg_Group
2025-04-09 14:57:55,906 INFO: Enabling torque for group Wheg_Group
2025-04-09 14:57:55,907 INFO: Setting the profile velocity for group Wheg_Group from config.yaml: 10
2025-04-09 14:57:55,907 INFO: Profile velocities set for group Wheg_Group: {1: 43.7, 2: 43.7, 3: 43.7, 4: 43.7, 5: 43.7, 6: 43.7}
2025-04-09 14:57:55,907 INFO: Setting the profile velocity for group Wheg_Group from config.yaml: 10
2025-04-09 14:57:55,907 INFO: Profile velocities set for group Wheg_Group: {1: 43.7, 2: 43.7, 3: 43.7, 4: 43.7, 5: 43.7, 6: 43.7}
2025-04-09 14:57:55,908 INFO: Running set_position_group for group 'Pivot_Group' with positions: 180
2025-04-09 14:57:55,912 INFO: Initialised Gait 1, waiting for 1 seconds
2025-04-09 14:57:56,386 INFO: Square pressed. Preparing to change to previous gait: 4
2025-04-09 14:57:56,557 INFO: Square pressed. Preparing to change to previous gait: 4
2025-04-09 14:57:56,914 INFO: Setting operating mode 'multi_turn' for group 'Wheg_Group'
2025-04-09 14:57:56,914 INFO: Disabling torque for group Wheg_Group
2025-04-09 14:57:56,914 INFO: Enabling torque for group Wheg_Group
2025-04-09 14:57:56,915 INFO: Setting the profile velocity for group Wheg_Group from config.yaml: 10
2025-04-09 14:57:56,915 INFO: Profile velocities set for group Wheg_Group: {1: 43.7, 2: 43.7, 3: 43.7, 4: 43.7, 5: 43.7, 6: 43.7}
2025-04-09 14:57:56,915 INFO: Setting the profile velocity for group Wheg_Group from config.yaml: 10
2025-04-09 14:57:56,916 INFO: Profile velocities set for group Wheg_Group: {1: 43.7, 2: 43.7, 3: 43.7, 4: 43.7, 5: 43.7, 6: 43.7}
2025-04-09 14:57:56,916 INFO: New gait 4 is now active.
2025-04-09 14:57:56,934 ERROR: Hardware error detected on motor 1: Error code 1
2025-04-09 14:57:56,935 ERROR: Motor 1: Input Voltage Error detected.
2025-04-09 14:57:56,935 ERROR: Hardware error detected on motor 2: Error code 1
2025-04-09 14:57:56,935 ERROR: Motor 2: Input Voltage Error detected.
2025-04-09 14:57:56,935 ERROR: Hardware error detected on motor 3: Error code 1
2025-04-09 14:57:56,935 ERROR: Motor 3: Input Voltage Error detected.
2025-04-09 14:57:56,935 ERROR: Hardware error detected on motor 4: Error code 1
2025-04-09 14:57:56,935 ERROR: Motor 4: Input Voltage Error detected.
2025-04-09 14:57:56,936 ERROR: Hardware error detected on motor 5: Error code 1
2025-04-09 14:57:56,936 ERROR: Motor 5: Input Voltage Error detected.
2025-04-09 14:57:56,936 ERROR: Hardware error detected on motor 6: Error code 1
2025-04-09 14:57:56,936 ERROR: Motor 6: Input Voltage Error detected.
2025-04-09 14:57:56,936 ERROR: Hardware error detected on motor 7: Error code 17
2025-04-09 14:57:56,936 ERROR: Motor 7: Input Voltage Error detected.
2025-04-09 14:57:56,936 ERROR: Motor 7: Electrical Shock Error detected.
2025-04-09 14:57:56,936 ERROR: Hardware error detected on motor 8: Error code 17
2025-04-09 14:57:56,936 ERROR: Motor 8: Input Voltage Error detected.
2025-04-09 14:57:56,937 ERROR: Motor 8: Electrical Shock Error detected.
2025-04-09 14:57:56,937 WARNING: Hardware error detected on motor 8. Rebooting motor and resetting gait...
2025-04-09 14:57:56,938 INFO: Motor 8 successfully rebooted.
2025-04-09 14:57:56,939 INFO: Motor 8 rebooted successfully.
2025-04-09 14:57:56,939 INFO: Initialising Gait 1
2025-04-09 14:57:56,939 INFO: Disabling torque for group Wheg_Group
2025-04-09 14:57:56,940 INFO: Drive mode set for group Wheg_Group with reverse_direction={1: 0, 2: 0, 3: 0, 4: 1, 5: 1, 6: 1}
2025-04-09 14:57:56,940 INFO: Enabling torque for group Wheg_Group
2025-04-09 14:57:56,940 INFO: Setting the profile velocity for group Wheg_Group from config.yaml: 10
2025-04-09 14:57:56,941 INFO: Profile velocities set for group Wheg_Group: {1: 43.7, 2: 43.7, 3: 43.7, 4: 43.7, 5: 43.7, 6: 43.7}
2025-04-09 14:57:56,941 WARNING: Set direction of whegs to forward
2025-04-09 14:57:56,941 WARNING: Direction set for all whegs
2025-04-09 14:57:56,941 INFO: Reboot requested, resetting torque all motors
2025-04-09 14:57:56,989 ERROR: Bulk read failed with error: [TxRxResult] There is no status packet!
2025-04-09 14:57:57,025 ERROR: Bulk read failed with error: [TxRxResult] There is no status packet!
2025-04-09 14:57:57,061 ERROR: Bulk read failed with error: [TxRxResult] There is no status packet!
2025-04-09 14:57:57,068 ERROR: Error retrieving motor data: 'NoneType' object has no attribute 'keys'
2025-04-09 14:57:57,442 INFO: Enabling torque for group All_Motors
2025-04-09 14:57:57,443 INFO: Setting the profile velocity for group All_Motors from config.yaml: 8
2025-04-09 14:57:57,443 INFO: Profile velocities set for group All_Motors: {1: 34.96, 2: 34.96, 3: 34.96, 4: 34.96, 5: 34.96, 6: 34.96, 7: 34.96, 8: 34.96}
2025-04-09 14:57:57,443 INFO: Running set_position_group for group 'Wheg_Group' with positions: 180
2025-04-09 14:57:57,448 WARNING: Motor 1 is not in Position Control Mode. Setting mode now.
2025-04-09 14:57:57,448 INFO: Setting operating mode 'position' for group 'Wheg_Group'
2025-04-09 14:57:57,449 INFO: Disabling torque for group Wheg_Group
2025-04-09 14:57:57,449 INFO: Enabling torque for group Wheg_Group
2025-04-09 14:57:57,450 INFO: Setting the profile velocity for group Wheg_Group from config.yaml: 10
2025-04-09 14:57:57,450 INFO: Profile velocities set for group Wheg_Group: {1: 43.7, 2: 43.7, 3: 43.7, 4: 43.7, 5: 43.7, 6: 43.7}
2025-04-09 14:57:57,450 INFO: Setting the profile velocity for group Wheg_Group from config.yaml: 10
2025-04-09 14:57:57,451 INFO: Profile velocities set for group Wheg_Group: {1: 43.7, 2: 43.7, 3: 43.7, 4: 43.7, 5: 43.7, 6: 43.7}
2025-04-09 14:57:57,451 INFO: Running set_position_group for group 'Pivot_Group' with positions: 180
2025-04-09 14:57:57,455 INFO: Initialised Gait 1, waiting for 1 seconds
2025-04-09 14:57:58,354 INFO: Triangle pressed. Preparing to change to next gait: 1
2025-04-09 14:57:58,456 INFO: Setting operating mode 'multi_turn' for group 'Wheg_Group'
2025-04-09 14:57:58,456 INFO: Disabling torque for group Wheg_Group
2025-04-09 14:57:58,457 INFO: Enabling torque for group Wheg_Group
2025-04-09 14:57:58,457 INFO: Setting the profile velocity for group Wheg_Group from config.yaml: 10
2025-04-09 14:57:58,458 INFO: Profile velocities set for group Wheg_Group: {1: 43.7, 2: 43.7, 3: 43.7, 4: 43.7, 5: 43.7, 6: 43.7}
2025-04-09 14:57:58,458 INFO: Setting the profile velocity for group Wheg_Group from config.yaml: 10
2025-04-09 14:57:58,458 INFO: Profile velocities set for group Wheg_Group: {1: 43.7, 2: 43.7, 3: 43.7, 4: 43.7, 5: 43.7, 6: 43.7}
2025-04-09 14:57:58,458 INFO: New gait 1 is now active.
2025-04-09 14:57:58,476 ERROR: Hardware error detected on motor 1: Error code 1
2025-04-09 14:57:58,477 ERROR: Motor 1: Input Voltage Error detected.
2025-04-09 14:57:58,477 ERROR: Hardware error detected on motor 2: Error code 1
2025-04-09 14:57:58,477 ERROR: Motor 2: Input Voltage Error detected.
2025-04-09 14:57:58,477 ERROR: Hardware error detected on motor 3: Error code 1
2025-04-09 14:57:58,477 ERROR: Motor 3: Input Voltage Error detected.
2025-04-09 14:57:58,477 ERROR: Hardware error detected on motor 4: Error code 1
2025-04-09 14:57:58,477 ERROR: Motor 4: Input Voltage Error detected.
2025-04-09 14:57:58,477 ERROR: Hardware error detected on motor 5: Error code 1
2025-04-09 14:57:58,478 ERROR: Motor 5: Input Voltage Error detected.
2025-04-09 14:57:58,478 ERROR: Hardware error detected on motor 6: Error code 1
2025-04-09 14:57:58,478 ERROR: Motor 6: Input Voltage Error detected.
2025-04-09 14:57:58,478 ERROR: Hardware error detected on motor 7: Error code 17
2025-04-09 14:57:58,478 ERROR: Motor 7: Input Voltage Error detected.
2025-04-09 14:57:58,478 ERROR: Motor 7: Electrical Shock Error detected.
2025-04-09 14:57:58,478 ERROR: Hardware error detected on motor 8: Error code 17
2025-04-09 14:57:58,478 ERROR: Motor 8: Input Voltage Error detected.
2025-04-09 14:57:58,478 ERROR: Motor 8: Electrical Shock Error detected.
2025-04-09 14:57:58,479 WARNING: Hardware error detected on motor 8. Rebooting motor and resetting gait...
2025-04-09 14:57:58,480 INFO: Motor 8 successfully rebooted.
2025-04-09 14:57:58,481 INFO: Motor 8 rebooted successfully.
2025-04-09 14:57:58,481 INFO: Initialising Gait 1
2025-04-09 14:57:58,481 INFO: Disabling torque for group Wheg_Group
2025-04-09 14:57:58,481 INFO: Drive mode set for group Wheg_Group with reverse_direction={1: 0, 2: 0, 3: 0, 4: 1, 5: 1, 6: 1}
2025-04-09 14:57:58,482 INFO: Enabling torque for group Wheg_Group
2025-04-09 14:57:58,482 INFO: Setting the profile velocity for group Wheg_Group from config.yaml: 10
2025-04-09 14:57:58,482 INFO: Profile velocities set for group Wheg_Group: {1: 43.7, 2: 43.7, 3: 43.7, 4: 43.7, 5: 43.7, 6: 43.7}
2025-04-09 14:57:58,482 WARNING: Set direction of whegs to forward
2025-04-09 14:57:58,483 WARNING: Direction set for all whegs
2025-04-09 14:57:58,483 INFO: Reboot requested, resetting torque all motors
2025-04-09 14:57:58,527 ERROR: Bulk read failed with error: [TxRxResult] There is no status packet!
2025-04-09 14:57:58,562 ERROR: Bulk read failed with error: [TxRxResult] There is no status packet!
2025-04-09 14:57:58,598 ERROR: Bulk read failed with error: [TxRxResult] There is no status packet!
2025-04-09 14:57:58,606 ERROR: Error retrieving motor data: 'NoneType' object has no attribute 'keys'
2025-04-09 14:57:58,608 INFO: Triangle pressed. Preparing to change to next gait: 2
2025-04-09 14:57:58,983 INFO: Enabling torque for group All_Motors
2025-04-09 14:57:58,984 INFO: Setting the profile velocity for group All_Motors from config.yaml: 8
2025-04-09 14:57:58,984 INFO: Profile velocities set for group All_Motors: {1: 34.96, 2: 34.96, 3: 34.96, 4: 34.96, 5: 34.96, 6: 34.96, 7: 34.96, 8: 34.96}
2025-04-09 14:57:58,985 INFO: Running set_position_group for group 'Wheg_Group' with positions: 180
2025-04-09 14:57:58,990 WARNING: Motor 1 is not in Position Control Mode. Setting mode now.
2025-04-09 14:57:58,990 INFO: Setting operating mode 'position' for group 'Wheg_Group'
2025-04-09 14:57:58,990 INFO: Disabling torque for group Wheg_Group
2025-04-09 14:57:58,990 INFO: Enabling torque for group Wheg_Group
2025-04-09 14:57:58,991 INFO: Setting the profile velocity for group Wheg_Group from config.yaml: 10
2025-04-09 14:57:58,991 INFO: Profile velocities set for group Wheg_Group: {1: 43.7, 2: 43.7, 3: 43.7, 4: 43.7, 5: 43.7, 6: 43.7}
2025-04-09 14:57:58,992 INFO: Setting the profile velocity for group Wheg_Group from config.yaml: 10
2025-04-09 14:57:58,992 INFO: Profile velocities set for group Wheg_Group: {1: 43.7, 2: 43.7, 3: 43.7, 4: 43.7, 5: 43.7, 6: 43.7}
2025-04-09 14:57:58,993 INFO: Running set_position_group for group 'Pivot_Group' with positions: 180
2025-04-09 14:57:58,996 INFO: Initialised Gait 1, waiting for 1 seconds
2025-04-09 14:57:59,998 INFO: Setting operating mode 'multi_turn' for group 'Wheg_Group'
2025-04-09 14:57:59,998 INFO: Disabling torque for group Wheg_Group
2025-04-09 14:57:59,999 INFO: Enabling torque for group Wheg_Group
2025-04-09 14:57:59,999 INFO: Setting the profile velocity for group Wheg_Group from config.yaml: 10
2025-04-09 14:58:00,000 INFO: Profile velocities set for group Wheg_Group: {1: 43.7, 2: 43.7, 3: 43.7, 4: 43.7, 5: 43.7, 6: 43.7}
2025-04-09 14:58:00,000 INFO: Setting the profile velocity for group Wheg_Group from config.yaml: 10
2025-04-09 14:58:00,000 INFO: Profile velocities set for group Wheg_Group: {1: 43.7, 2: 43.7, 3: 43.7, 4: 43.7, 5: 43.7, 6: 43.7}
2025-04-09 14:58:00,001 INFO: New gait 2 is now active.
2025-04-09 14:58:00,018 ERROR: Hardware error detected on motor 1: Error code 1
2025-04-09 14:58:00,019 ERROR: Motor 1: Input Voltage Error detected.
2025-04-09 14:58:00,019 ERROR: Hardware error detected on motor 2: Error code 1
2025-04-09 14:58:00,019 ERROR: Motor 2: Input Voltage Error detected.
2025-04-09 14:58:00,019 ERROR: Hardware error detected on motor 3: Error code 1
2025-04-09 14:58:00,019 ERROR: Motor 3: Input Voltage Error detected.
2025-04-09 14:58:00,019 ERROR: Hardware error detected on motor 4: Error code 1
2025-04-09 14:58:00,019 ERROR: Motor 4: Input Voltage Error detected.
2025-04-09 14:58:00,019 ERROR: Hardware error detected on motor 5: Error code 1
2025-04-09 14:58:00,019 ERROR: Motor 5: Input Voltage Error detected.
2025-04-09 14:58:00,020 ERROR: Hardware error detected on motor 6: Error code 1
2025-04-09 14:58:00,020 ERROR: Motor 6: Input Voltage Error detected.
2025-04-09 14:58:00,020 ERROR: Hardware error detected on motor 7: Error code 17
2025-04-09 14:58:00,020 ERROR: Motor 7: Input Voltage Error detected.
2025-04-09 14:58:00,020 ERROR: Motor 7: Electrical Shock Error detected.
2025-04-09 14:58:00,020 ERROR: Hardware error detected on motor 8: Error code 17
2025-04-09 14:58:00,020 ERROR: Motor 8: Input Voltage Error detected.
2025-04-09 14:58:00,021 ERROR: Motor 8: Electrical Shock Error detected.
2025-04-09 14:58:00,021 WARNING: Hardware error detected on motor 8. Rebooting motor and resetting gait...
2025-04-09 14:58:00,022 INFO: Motor 8 successfully rebooted.
2025-04-09 14:58:00,022 INFO: Motor 8 rebooted successfully.
2025-04-09 14:58:00,023 INFO: Initialising Gait 1
2025-04-09 14:58:00,023 INFO: Disabling torque for group Wheg_Group
2025-04-09 14:58:00,023 INFO: Drive mode set for group Wheg_Group with reverse_direction={1: 0, 2: 0, 3: 0, 4: 1, 5: 1, 6: 1}
2025-04-09 14:58:00,023 INFO: Enabling torque for group Wheg_Group
2025-04-09 14:58:00,024 INFO: Setting the profile velocity for group Wheg_Group from config.yaml: 10
2025-04-09 14:58:00,024 INFO: Profile velocities set for group Wheg_Group: {1: 43.7, 2: 43.7, 3: 43.7, 4: 43.7, 5: 43.7, 6: 43.7}
2025-04-09 14:58:00,024 WARNING: Set direction of whegs to forward
2025-04-09 14:58:00,024 WARNING: Direction set for all whegs
2025-04-09 14:58:00,025 INFO: Reboot requested, resetting torque all motors
2025-04-09 14:58:00,067 ERROR: Bulk read failed with error: [TxRxResult] There is no status packet!
2025-04-09 14:58:00,103 ERROR: Bulk read failed with error: [TxRxResult] There is no status packet!
2025-04-09 14:58:00,139 ERROR: Bulk read failed with error: [TxRxResult] There is no status packet!
2025-04-09 14:58:00,147 ERROR: Error retrieving motor data: 'NoneType' object has no attribute 'keys'
2025-04-09 14:58:00,526 INFO: Enabling torque for group All_Motors
2025-04-09 14:58:00,526 INFO: Setting the profile velocity for group All_Motors from config.yaml: 8
2025-04-09 14:58:00,527 INFO: Profile velocities set for group All_Motors: {1: 34.96, 2: 34.96, 3: 34.96, 4: 34.96, 5: 34.96, 6: 34.96, 7: 34.96, 8: 34.96}
2025-04-09 14:58:00,527 INFO: Running set_position_group for group 'Wheg_Group' with positions: 180
2025-04-09 14:58:00,532 WARNING: Motor 1 is not in Position Control Mode. Setting mode now.
2025-04-09 14:58:00,532 INFO: Setting operating mode 'position' for group 'Wheg_Group'
2025-04-09 14:58:00,532 INFO: Disabling torque for group Wheg_Group
2025-04-09 14:58:00,533 INFO: Enabling torque for group Wheg_Group
2025-04-09 14:58:00,533 INFO: Setting the profile velocity for group Wheg_Group from config.yaml: 10
2025-04-09 14:58:00,534 INFO: Profile velocities set for group Wheg_Group: {1: 43.7, 2: 43.7, 3: 43.7, 4: 43.7, 5: 43.7, 6: 43.7}
2025-04-09 14:58:00,534 INFO: Setting the profile velocity for group Wheg_Group from config.yaml: 10
2025-04-09 14:58:00,534 INFO: Profile velocities set for group Wheg_Group: {1: 43.7, 2: 43.7, 3: 43.7, 4: 43.7, 5: 43.7, 6: 43.7}
2025-04-09 14:58:00,535 INFO: Running set_position_group for group 'Pivot_Group' with positions: 180
2025-04-09 14:58:00,538 INFO: Initialised Gait 1, waiting for 1 seconds
2025-04-09 14:58:00,576 WARNING: Emergency stop activated! Stopping all motors asynchronously.
2025-04-09 14:58:00,577 INFO: Setting operating mode 'velocity' for group 'All_Motors'
2025-04-09 14:58:00,577 INFO: Disabling torque for group All_Motors
2025-04-09 14:58:00,577 INFO: Enabling torque for group All_Motors
2025-04-09 14:58:00,578 INFO: Setting the profile velocity for group All_Motors from config.yaml: 8
2025-04-09 14:58:00,578 INFO: Profile velocities set for group All_Motors: {1: 34.96, 2: 34.96, 3: 34.96, 4: 34.96, 5: 34.96, 6: 34.96, 7: 34.96, 8: 34.96}
2025-04-09 14:58:00,579 WARNING: Velocity limit 200 exceeds hard limit 100. Limiting to 100.
2025-04-09 14:58:00,579 INFO: Velocity limit set to 100 for group All_Motors
2025-04-09 14:58:00,579 INFO: Enabling torque for group All_Motors
2025-04-09 14:58:00,580 INFO: Setting the profile velocity for group All_Motors from config.yaml: 8
2025-04-09 14:58:00,581 INFO: Profile velocities set for group All_Motors: {1: 34.96, 2: 34.96, 3: 34.96, 4: 34.96, 5: 34.96, 6: 34.96, 7: 34.96, 8: 34.96}
2025-04-09 14:58:00,581 INFO: Target velocities set for group All_Motors: {1: 0, 2: 0, 3: 0, 4: 0, 5: 0, 6: 0, 7: 0, 8: 0}
2025-04-09 14:58:00,678 WARNING: Emergency stop activated! Stopping all motors asynchronously.
2025-04-09 14:58:00,678 INFO: Setting operating mode 'velocity' for group 'All_Motors'
2025-04-09 14:58:00,678 INFO: Disabling torque for group All_Motors
2025-04-09 14:58:00,679 INFO: Enabling torque for group All_Motors
2025-04-09 14:58:00,679 INFO: Setting the profile velocity for group All_Motors from config.yaml: 8
2025-04-09 14:58:00,679 INFO: Profile velocities set for group All_Motors: {1: 34.96, 2: 34.96, 3: 34.96, 4: 34.96, 5: 34.96, 6: 34.96, 7: 34.96, 8: 34.96}
2025-04-09 14:58:00,680 WARNING: Velocity limit 200 exceeds hard limit 100. Limiting to 100.
2025-04-09 14:58:00,680 INFO: Velocity limit set to 100 for group All_Motors
2025-04-09 14:58:00,680 INFO: Enabling torque for group All_Motors
2025-04-09 14:58:00,680 INFO: Setting the profile velocity for group All_Motors from config.yaml: 8
2025-04-09 14:58:00,681 INFO: Profile velocities set for group All_Motors: {1: 34.96, 2: 34.96, 3: 34.96, 4: 34.96, 5: 34.96, 6: 34.96, 7: 34.96, 8: 34.96}
2025-04-09 14:58:00,681 INFO: Target velocities set for group All_Motors: {1: 0, 2: 0, 3: 0, 4: 0, 5: 0, 6: 0, 7: 0, 8: 0}
2025-04-09 14:58:00,779 WARNING: Emergency stop activated! Stopping all motors asynchronously.
2025-04-09 14:58:00,779 INFO: Setting operating mode 'velocity' for group 'All_Motors'
2025-04-09 14:58:00,779 INFO: Disabling torque for group All_Motors
2025-04-09 14:58:00,780 INFO: Enabling torque for group All_Motors
2025-04-09 14:58:00,780 INFO: Setting the profile velocity for group All_Motors from config.yaml: 8
2025-04-09 14:58:00,780 INFO: Profile velocities set for group All_Motors: {1: 34.96, 2: 34.96, 3: 34.96, 4: 34.96, 5: 34.96, 6: 34.96, 7: 34.96, 8: 34.96}
2025-04-09 14:58:00,781 WARNING: Velocity limit 200 exceeds hard limit 100. Limiting to 100.
2025-04-09 14:58:00,781 INFO: Velocity limit set to 100 for group All_Motors
2025-04-09 14:58:00,781 INFO: Enabling torque for group All_Motors
2025-04-09 14:58:00,781 INFO: Setting the profile velocity for group All_Motors from config.yaml: 8
2025-04-09 14:58:00,782 INFO: Profile velocities set for group All_Motors: {1: 34.96, 2: 34.96, 3: 34.96, 4: 34.96, 5: 34.96, 6: 34.96, 7: 34.96, 8: 34.96}
2025-04-09 14:58:00,782 INFO: Target velocities set for group All_Motors: {1: 0, 2: 0, 3: 0, 4: 0, 5: 0, 6: 0, 7: 0, 8: 0}
2025-04-09 14:58:01,539 INFO: Setting operating mode 'multi_turn' for group 'Wheg_Group'
2025-04-09 14:58:01,540 INFO: Disabling torque for group Wheg_Group
2025-04-09 14:58:01,541 INFO: Enabling torque for group Wheg_Group
2025-04-09 14:58:01,542 INFO: Setting the profile velocity for group Wheg_Group from config.yaml: 10
2025-04-09 14:58:01,542 INFO: Profile velocities set for group Wheg_Group: {1: 43.7, 2: 43.7, 3: 43.7, 4: 43.7, 5: 43.7, 6: 43.7}
2025-04-09 14:58:01,542 INFO: Setting the profile velocity for group Wheg_Group from config.yaml: 10
2025-04-09 14:58:01,543 INFO: Profile velocities set for group Wheg_Group: {1: 43.7, 2: 43.7, 3: 43.7, 4: 43.7, 5: 43.7, 6: 43.7}
2025-04-09 14:58:01,543 INFO: New gait 1 is now active.
2025-04-09 14:58:01,587 WARNING: Emergency stop activated! Stopping all motors asynchronously.
2025-04-09 14:58:01,587 INFO: Setting operating mode 'velocity' for group 'All_Motors'
2025-04-09 14:58:01,587 INFO: Disabling torque for group All_Motors
2025-04-09 14:58:01,589 INFO: Enabling torque for group All_Motors
2025-04-09 14:58:01,589 INFO: Setting the profile velocity for group All_Motors from config.yaml: 8
2025-04-09 14:58:01,590 INFO: Profile velocities set for group All_Motors: {1: 34.96, 2: 34.96, 3: 34.96, 4: 34.96, 5: 34.96, 6: 34.96, 7: 34.96, 8: 34.96}
2025-04-09 14:58:01,590 WARNING: Velocity limit 200 exceeds hard limit 100. Limiting to 100.
2025-04-09 14:58:01,591 INFO: Velocity limit set to 100 for group All_Motors
2025-04-09 14:58:01,591 INFO: Enabling torque for group All_Motors
2025-04-09 14:58:01,592 INFO: Setting the profile velocity for group All_Motors from config.yaml: 8
2025-04-09 14:58:01,593 INFO: Profile velocities set for group All_Motors: {1: 34.96, 2: 34.96, 3: 34.96, 4: 34.96, 5: 34.96, 6: 34.96, 7: 34.96, 8: 34.96}
2025-04-09 14:58:01,594 INFO: Target velocities set for group All_Motors: {1: 0, 2: 0, 3: 0, 4: 0, 5: 0, 6: 0, 7: 0, 8: 0}
2025-04-09 14:58:01,692 WARNING: Emergency stop activated! Stopping all motors asynchronously.
2025-04-09 14:58:01,692 INFO: Setting operating mode 'velocity' for group 'All_Motors'
2025-04-09 14:58:01,693 INFO: Disabling torque for group All_Motors
2025-04-09 14:58:01,693 INFO: Enabling torque for group All_Motors
2025-04-09 14:58:01,694 INFO: Setting the profile velocity for group All_Motors from config.yaml: 8
2025-04-09 14:58:01,694 INFO: Profile velocities set for group All_Motors: {1: 34.96, 2: 34.96, 3: 34.96, 4: 34.96, 5: 34.96, 6: 34.96, 7: 34.96, 8: 34.96}
2025-04-09 14:58:01,695 WARNING: Velocity limit 200 exceeds hard limit 100. Limiting to 100.
2025-04-09 14:58:01,695 INFO: Velocity limit set to 100 for group All_Motors
2025-04-09 14:58:01,695 INFO: Enabling torque for group All_Motors
2025-04-09 14:58:01,696 INFO: Setting the profile velocity for group All_Motors from config.yaml: 8
2025-04-09 14:58:01,696 INFO: Profile velocities set for group All_Motors: {1: 34.96, 2: 34.96, 3: 34.96, 4: 34.96, 5: 34.96, 6: 34.96, 7: 34.96, 8: 34.96}
2025-04-09 14:58:01,697 INFO: Target velocities set for group All_Motors: {1: 0, 2: 0, 3: 0, 4: 0, 5: 0, 6: 0, 7: 0, 8: 0}
2025-04-09 14:58:01,794 WARNING: Emergency stop activated! Stopping all motors asynchronously.
2025-04-09 14:58:01,795 INFO: Setting operating mode 'velocity' for group 'All_Motors'
2025-04-09 14:58:01,795 INFO: Disabling torque for group All_Motors
2025-04-09 14:58:01,795 INFO: Enabling torque for group All_Motors
2025-04-09 14:58:01,796 INFO: Setting the profile velocity for group All_Motors from config.yaml: 8
2025-04-09 14:58:01,797 INFO: Profile velocities set for group All_Motors: {1: 34.96, 2: 34.96, 3: 34.96, 4: 34.96, 5: 34.96, 6: 34.96, 7: 34.96, 8: 34.96}
2025-04-09 14:58:01,797 WARNING: Velocity limit 200 exceeds hard limit 100. Limiting to 100.
2025-04-09 14:58:01,797 INFO: Velocity limit set to 100 for group All_Motors
2025-04-09 14:58:01,797 INFO: Enabling torque for group All_Motors
2025-04-09 14:58:01,798 INFO: Setting the profile velocity for group All_Motors from config.yaml: 8
2025-04-09 14:58:01,798 INFO: Profile velocities set for group All_Motors: {1: 34.96, 2: 34.96, 3: 34.96, 4: 34.96, 5: 34.96, 6: 34.96, 7: 34.96, 8: 34.96}
2025-04-09 14:58:01,798 INFO: Target velocities set for group All_Motors: {1: 0, 2: 0, 3: 0, 4: 0, 5: 0, 6: 0, 7: 0, 8: 0}
2025-04-09 14:58:02,330 WARNING: Emergency stop activated! Stopping all motors asynchronously.
2025-04-09 14:58:02,330 INFO: Setting operating mode 'velocity' for group 'All_Motors'
2025-04-09 14:58:02,330 INFO: Disabling torque for group All_Motors
2025-04-09 14:58:02,331 INFO: Enabling torque for group All_Motors
2025-04-09 14:58:02,331 INFO: Setting the profile velocity for group All_Motors from config.yaml: 8
2025-04-09 14:58:02,332 INFO: Profile velocities set for group All_Motors: {1: 34.96, 2: 34.96, 3: 34.96, 4: 34.96, 5: 34.96, 6: 34.96, 7: 34.96, 8: 34.96}
2025-04-09 14:58:02,332 WARNING: Velocity limit 200 exceeds hard limit 100. Limiting to 100.
2025-04-09 14:58:02,332 INFO: Velocity limit set to 100 for group All_Motors
2025-04-09 14:58:02,333 INFO: Enabling torque for group All_Motors
2025-04-09 14:58:02,333 INFO: Setting the profile velocity for group All_Motors from config.yaml: 8
2025-04-09 14:58:02,333 INFO: Profile velocities set for group All_Motors: {1: 34.96, 2: 34.96, 3: 34.96, 4: 34.96, 5: 34.96, 6: 34.96, 7: 34.96, 8: 34.96}
2025-04-09 14:58:02,334 INFO: Target velocities set for group All_Motors: {1: 0, 2: 0, 3: 0, 4: 0, 5: 0, 6: 0, 7: 0, 8: 0}
2025-04-09 14:58:02,431 WARNING: Emergency stop activated! Stopping all motors asynchronously.
2025-04-09 14:58:02,432 INFO: Setting operating mode 'velocity' for group 'All_Motors'
2025-04-09 14:58:02,432 INFO: Disabling torque for group All_Motors
2025-04-09 14:58:02,433 INFO: Enabling torque for group All_Motors
2025-04-09 14:58:02,433 INFO: Setting the profile velocity for group All_Motors from config.yaml: 8
2025-04-09 14:58:02,433 INFO: Profile velocities set for group All_Motors: {1: 34.96, 2: 34.96, 3: 34.96, 4: 34.96, 5: 34.96, 6: 34.96, 7: 34.96, 8: 34.96}
2025-04-09 14:58:02,434 WARNING: Velocity limit 200 exceeds hard limit 100. Limiting to 100.
2025-04-09 14:58:02,434 INFO: Velocity limit set to 100 for group All_Motors
2025-04-09 14:58:02,434 INFO: Enabling torque for group All_Motors
2025-04-09 14:58:02,435 INFO: Setting the profile velocity for group All_Motors from config.yaml: 8
2025-04-09 14:58:02,435 INFO: Profile velocities set for group All_Motors: {1: 34.96, 2: 34.96, 3: 34.96, 4: 34.96, 5: 34.96, 6: 34.96, 7: 34.96, 8: 34.96}
2025-04-09 14:58:02,435 INFO: Target velocities set for group All_Motors: {1: 0, 2: 0, 3: 0, 4: 0, 5: 0, 6: 0, 7: 0, 8: 0}
2025-04-09 14:58:02,967 INFO: Triangle pressed. Preparing to change to next gait: 2
2025-04-09 14:58:03,139 INFO: Triangle pressed. Preparing to change to next gait: 2
2025-04-09 14:58:03,661 INFO: Triangle pressed. Preparing to change to next gait: 2
2025-04-09 14:58:04,093 INFO: Triangle pressed. Preparing to change to next gait: 2
2025-04-09 14:58:04,437 INFO: Triangle pressed. Preparing to change to next gait: 2
2025-04-09 14:58:04,698 INFO: Triangle pressed. Preparing to change to next gait: 2
2025-04-09 14:58:04,957 INFO: Triangle pressed. Preparing to change to next gait: 2
2025-04-09 14:58:05,220 INFO: Triangle pressed. Preparing to change to next gait: 2
2025-04-09 14:58:06,621 INFO: Triangle pressed. Preparing to change to next gait: 2
2025-04-09 14:58:06,716 INFO: Tasks were cancelled due to shutdown, proceeding to cleanup...
2025-04-09 14:58:06,716 INFO: Initiating safe shutdown...
2025-04-09 14:58:06,717 INFO: Setting operating mode 'velocity' for group 'All_Motors'
2025-04-09 14:58:06,717 INFO: Disabling torque for group All_Motors
2025-04-09 14:58:06,718 INFO: Enabling torque for group All_Motors
2025-04-09 14:58:06,720 INFO: Setting the profile velocity for group All_Motors from config.yaml: 8
2025-04-09 14:58:06,722 INFO: Profile velocities set for group All_Motors: {1: 34.96, 2: 34.96, 3: 34.96, 4: 34.96, 5: 34.96, 6: 34.96, 7: 34.96, 8: 34.96}
2025-04-09 14:58:06,722 WARNING: Velocity limit 200 exceeds hard limit 100. Limiting to 100.
2025-04-09 14:58:06,723 INFO: Velocity limit set to 100 for group All_Motors
2025-04-09 14:58:06,723 INFO: Enabling torque for group All_Motors
2025-04-09 14:58:06,723 INFO: Setting the profile velocity for group All_Motors from config.yaml: 8
2025-04-09 14:58:06,724 INFO: Profile velocities set for group All_Motors: {1: 34.96, 2: 34.96, 3: 34.96, 4: 34.96, 5: 34.96, 6: 34.96, 7: 34.96, 8: 34.96}
2025-04-09 14:58:06,725 INFO: Target velocities set for group All_Motors: {1: 0, 2: 0, 3: 0, 4: 0, 5: 0, 6: 0, 7: 0, 8: 0}
2025-04-09 14:58:06,725 INFO: Running set_position_group for group 'All_Motors' with positions: 180
2025-04-09 14:58:06,733 WARNING: Motor 1 is not in Position Control Mode. Setting mode now.
2025-04-09 14:58:06,733 INFO: Setting operating mode 'position' for group 'All_Motors'
2025-04-09 14:58:06,734 INFO: Disabling torque for group All_Motors
2025-04-09 14:58:06,734 INFO: Enabling torque for group All_Motors
2025-04-09 14:58:06,735 INFO: Setting the profile velocity for group All_Motors from config.yaml: 8
2025-04-09 14:58:06,735 INFO: Profile velocities set for group All_Motors: {1: 34.96, 2: 34.96, 3: 34.96, 4: 34.96, 5: 34.96, 6: 34.96, 7: 34.96, 8: 34.96}
2025-04-09 14:58:06,736 INFO: Setting the profile velocity for group All_Motors from config.yaml: 8
2025-04-09 14:58:06,736 INFO: Profile velocities set for group All_Motors: {1: 34.96, 2: 34.96, 3: 34.96, 4: 34.96, 5: 34.96, 6: 34.96, 7: 34.96, 8: 34.96}
2025-04-09 14:58:06,737 INFO: Closing PS4Controller and quitting pygame
2025-04-09 14:58:06,808 INFO: Port closed successfully.
2025-04-09 14:58:06,808 INFO: Shutdown complete.
