2025-04-30 15:55:59,721 INFO: Initializing PS4Controller
2025-04-30 15:56:00,083 INFO: Configuration loaded successfully
2025-04-30 15:56:00,087 INFO: Port /dev/ttyACM0 opened successfully
2025-04-30 15:56:00,097 INFO: Baudrate set to 1000000
2025-04-30 15:56:00,098 INFO: Control table loaded successfully.
2025-04-30 15:56:00,098 INFO: Motor group 'Pivot_Group' created with motors: [7, 8]
2025-04-30 15:56:00,099 INFO: Motor group 'Wheg_Group' created with motors: [1, 2, 3, 4, 5, 6]
2025-04-30 15:56:00,100 INFO: Motor group 'All_Motors' created with motors: [1, 2, 3, 4, 5, 6, 7, 8]
2025-04-30 15:56:00,100 INFO: Motor group 'Left_Whegs' created with motors: [1, 2, 3]
2025-04-30 15:56:00,100 INFO: Motor group 'Right_Whegs' created with motors: [4, 5, 6]
2025-04-30 15:56:00,100 INFO: Motor group 'Front_Whegs' created with motors: [3, 6]
2025-04-30 15:56:00,100 INFO: Motor group 'Rear_Whegs' created with motors: [1, 4]
2025-04-30 15:56:00,100 INFO: Motor group 'Middle_Whegs' created with motors: [2, 5]
2025-04-30 15:56:00,101 INFO: Motor group 'Two_Right_One_Left' created with motors: [2, 4, 6]
2025-04-30 15:56:00,101 INFO: Motor group 'Two_Left_One_Right' created with motors: [5, 1, 3]
2025-04-30 15:56:00,101 INFO: Initialised PS4 controller, Dynamixel, and Robot State
2025-04-30 15:56:00,101 INFO: Disabling torque for group Right_Whegs
2025-04-30 15:56:00,103 INFO: Drive mode set for group Right_Whegs with reverse_direction=True
2025-04-30 15:56:00,103 INFO: Enabling torque for group Right_Whegs
2025-04-30 15:56:00,104 INFO: Setting the profile velocity for group Right_Whegs from config.yaml: None
2025-04-30 15:56:00,104 ERROR: Profile velocity for group Right_Whegs not found in config.yaml and no value was provided.
2025-04-30 15:56:00,105 INFO: Disabling torque for group Left_Whegs
2025-04-30 15:56:00,106 INFO: Drive mode set for group Left_Whegs with reverse_direction=False
2025-04-30 15:56:00,106 INFO: Enabling torque for group Left_Whegs
2025-04-30 15:56:00,107 INFO: Setting the profile velocity for group Left_Whegs from config.yaml: None
2025-04-30 15:56:00,107 ERROR: Profile velocity for group Left_Whegs not found in config.yaml and no value was provided.
2025-04-30 15:56:00,108 INFO: Set the right side whegs to reverse direction
2025-04-30 15:56:00,108 INFO: Disabling torque for group Pivot_Group
2025-04-30 15:56:00,110 INFO: Drive mode set for group Pivot_Group with reverse_direction=False
2025-04-30 15:56:00,110 INFO: Enabling torque for group Pivot_Group
2025-04-30 15:56:00,111 INFO: Setting the profile velocity for group Pivot_Group from config.yaml: 4
2025-04-30 15:56:00,111 INFO: Profile velocities set for group Pivot_Group: {7: 17.48, 8: 17.48}
2025-04-30 15:56:00,112 INFO: Position limits set for group Pivot_Group: min=45° (ticks=511), max=315° (ticks=3583)
2025-04-30 15:56:00,113 INFO: Set position limits for the pivot motors
2025-04-30 15:56:00,256 INFO: Initialising Gait 1
2025-04-30 15:56:00,258 INFO: Disabling torque for group Wheg_Group
2025-04-30 15:56:00,261 INFO: Drive mode set for group Wheg_Group with reverse_direction={1: 0, 2: 0, 3: 0, 4: 1, 5: 1, 6: 1}
2025-04-30 15:56:00,262 INFO: Enabling torque for group Wheg_Group
2025-04-30 15:56:00,265 INFO: Setting the profile velocity for group Wheg_Group from config.yaml: 10
2025-04-30 15:56:00,266 INFO: Profile velocities set for group Wheg_Group: {1: 43.7, 2: 43.7, 3: 43.7, 4: 43.7, 5: 43.7, 6: 43.7}
2025-04-30 15:56:00,266 WARNING: Set direction of whegs to forward
2025-04-30 15:56:00,267 WARNING: Direction set for all whegs
2025-04-30 15:56:00,267 INFO: Running set_position_group for group 'Wheg_Group' with positions: 180
2025-04-30 15:56:00,273 INFO: Running set_position_group for group 'Pivot_Group' with positions: 180
2025-04-30 15:56:00,276 INFO: Initialised Gait 1, waiting for 1 seconds
2025-04-30 15:56:00,277 ERROR: Error controlling pivots: 'dpad_down'
2025-04-30 15:56:01,287 INFO: Setting operating mode 'multi_turn' for group 'Wheg_Group'
2025-04-30 15:56:01,288 INFO: Disabling torque for group Wheg_Group
2025-04-30 15:56:01,291 INFO: Enabling torque for group Wheg_Group
2025-04-30 15:56:01,293 INFO: Setting the profile velocity for group Wheg_Group from config.yaml: 10
2025-04-30 15:56:01,295 INFO: Profile velocities set for group Wheg_Group: {1: 43.7, 2: 43.7, 3: 43.7, 4: 43.7, 5: 43.7, 6: 43.7}
2025-04-30 15:56:01,296 INFO: Setting the profile velocity for group Wheg_Group from config.yaml: 10
2025-04-30 15:56:01,297 INFO: Profile velocities set for group Wheg_Group: {1: 43.7, 2: 43.7, 3: 43.7, 4: 43.7, 5: 43.7, 6: 43.7}
2025-04-30 15:56:01,297 INFO: New gait 1 is now active.
2025-04-30 15:58:01,081 INFO: Profile velocities set for group Wheg_Group: {1: 87.4, 2: 87.4, 3: 87.4, 4: 87.4, 5: 87.4, 6: 87.4}
2025-04-30 15:58:01,082 INFO: Incrementing motor positions by 360 degrees for group 'Wheg_Group'
2025-04-30 15:58:01,092 INFO: Gait 1 step executed at 20.00RPM, wait for 3.00 seconds
2025-04-30 15:58:04,153 INFO: Profile velocities set for group Wheg_Group: {1: 109.25, 2: 109.25, 3: 109.25, 4: 109.25, 5: 109.25, 6: 109.25}
2025-04-30 15:58:04,154 INFO: Incrementing motor positions by 360 degrees for group 'Wheg_Group'
2025-04-30 15:58:04,164 INFO: Gait 1 step executed at 25.00RPM, wait for 2.40 seconds
2025-04-30 15:58:06,583 INFO: Profile velocities set for group Wheg_Group: {1: 131.1, 2: 131.1, 3: 131.1, 4: 131.1, 5: 131.1, 6: 131.1}
2025-04-30 15:58:06,584 INFO: Incrementing motor positions by 360 degrees for group 'Wheg_Group'
2025-04-30 15:58:06,594 INFO: Gait 1 step executed at 30.00RPM, wait for 2.00 seconds
2025-04-30 15:58:08,613 INFO: Profile velocities set for group Wheg_Group: {1: 152.95000000000002, 2: 152.95000000000002, 3: 152.95000000000002, 4: 152.95000000000002, 5: 152.95000000000002, 6: 152.95000000000002}
2025-04-30 15:58:08,614 INFO: Incrementing motor positions by 360 degrees for group 'Wheg_Group'
2025-04-30 15:58:08,625 INFO: Gait 1 step executed at 35.00RPM, wait for 1.71 seconds
2025-04-30 15:58:10,358 INFO: Profile velocities set for group Wheg_Group: {1: 174.79866638183594, 2: 174.79866638183594, 3: 174.79866638183594, 4: 174.79866638183594, 5: 174.79866638183594, 6: 174.79866638183594}
2025-04-30 15:58:10,358 INFO: Incrementing motor positions by 360 degrees for group 'Wheg_Group'
2025-04-30 15:58:10,369 INFO: Gait 1 step executed at 40.00RPM, wait for 1.50 seconds
2025-04-30 15:58:11,889 INFO: Profile velocities set for group Wheg_Group: {1: 174.79866638183594, 2: 174.79866638183594, 3: 174.79866638183594, 4: 174.79866638183594, 5: 174.79866638183594, 6: 174.79866638183594}
2025-04-30 15:58:11,889 INFO: Incrementing motor positions by 360 degrees for group 'Wheg_Group'
2025-04-30 15:58:11,900 INFO: Gait 1 step executed at 40.00RPM, wait for 1.50 seconds
2025-04-30 15:58:13,420 INFO: Profile velocities set for group Wheg_Group: {1: 174.79866638183594, 2: 174.79866638183594, 3: 174.79866638183594, 4: 174.79866638183594, 5: 174.79866638183594, 6: 174.79866638183594}
2025-04-30 15:58:13,421 INFO: Incrementing motor positions by 360 degrees for group 'Wheg_Group'
2025-04-30 15:58:13,431 INFO: Gait 1 step executed at 40.00RPM, wait for 1.50 seconds
2025-04-30 15:58:14,952 INFO: Profile velocities set for group Wheg_Group: {1: 174.79866638183594, 2: 174.79866638183594, 3: 174.79866638183594, 4: 174.79866638183594, 5: 174.79866638183594, 6: 174.79866638183594}
2025-04-30 15:58:14,953 INFO: Incrementing motor positions by 360 degrees for group 'Wheg_Group'
2025-04-30 15:58:14,964 INFO: Gait 1 step executed at 40.00RPM, wait for 1.50 seconds
2025-04-30 15:58:16,488 INFO: Profile velocities set for group Wheg_Group: {1: 174.79866638183594, 2: 174.79866638183594, 3: 174.79866638183594, 4: 174.79866638183594, 5: 174.79866638183594, 6: 174.79866638183594}
2025-04-30 15:58:16,488 INFO: Incrementing motor positions by 360 degrees for group 'Wheg_Group'
2025-04-30 15:58:16,499 INFO: Gait 1 step executed at 40.00RPM, wait for 1.50 seconds
2025-04-30 15:58:18,021 INFO: Profile velocities set for group Wheg_Group: {1: 174.79866638183594, 2: 174.79866638183594, 3: 174.79866638183594, 4: 174.79866638183594, 5: 174.79866638183594, 6: 174.79866638183594}
2025-04-30 15:58:18,021 INFO: Incrementing motor positions by 360 degrees for group 'Wheg_Group'
2025-04-30 15:58:18,032 INFO: Gait 1 step executed at 40.00RPM, wait for 1.50 seconds
2025-04-30 15:58:19,561 INFO: Profile velocities set for group Wheg_Group: {1: 174.79866638183594, 2: 174.79866638183594, 3: 174.79866638183594, 4: 174.79866638183594, 5: 174.79866638183594, 6: 174.79866638183594}
2025-04-30 15:58:19,562 INFO: Incrementing motor positions by 360 degrees for group 'Wheg_Group'
2025-04-30 15:58:19,573 INFO: Gait 1 step executed at 40.00RPM, wait for 1.50 seconds
2025-04-30 15:58:21,130 INFO: Profile velocities set for group Wheg_Group: {1: 174.79866638183594, 2: 174.79866638183594, 3: 174.79866638183594, 4: 174.79866638183594, 5: 174.79866638183594, 6: 174.79866638183594}
2025-04-30 15:58:21,131 INFO: Incrementing motor positions by 360 degrees for group 'Wheg_Group'
2025-04-30 15:58:21,141 INFO: Gait 1 step executed at 40.00RPM, wait for 1.50 seconds
2025-04-30 15:58:22,669 INFO: Profile velocities set for group Wheg_Group: {1: 174.79866638183594, 2: 174.79866638183594, 3: 174.79866638183594, 4: 174.79866638183594, 5: 174.79866638183594, 6: 174.79866638183594}
2025-04-30 15:58:22,670 INFO: Incrementing motor positions by 360 degrees for group 'Wheg_Group'
2025-04-30 15:58:22,680 INFO: Gait 1 step executed at 40.00RPM, wait for 1.50 seconds
2025-04-30 15:58:24,210 INFO: Profile velocities set for group Wheg_Group: {1: 174.79866638183594, 2: 174.79866638183594, 3: 174.79866638183594, 4: 174.79866638183594, 5: 174.79866638183594, 6: 174.79866638183594}
2025-04-30 15:58:24,211 INFO: Incrementing motor positions by 360 degrees for group 'Wheg_Group'
2025-04-30 15:58:24,222 INFO: Gait 1 step executed at 40.00RPM, wait for 1.50 seconds
2025-04-30 15:58:25,765 INFO: Profile velocities set for group Wheg_Group: {1: 174.79866638183594, 2: 174.79866638183594, 3: 174.79866638183594, 4: 174.79866638183594, 5: 174.79866638183594, 6: 174.79866638183594}
2025-04-30 15:58:25,766 INFO: Incrementing motor positions by 360 degrees for group 'Wheg_Group'
2025-04-30 15:58:25,777 INFO: Gait 1 step executed at 40.00RPM, wait for 1.50 seconds
2025-04-30 15:58:27,314 INFO: Profile velocities set for group Wheg_Group: {1: 174.79866638183594, 2: 174.79866638183594, 3: 174.79866638183594, 4: 174.79866638183594, 5: 174.79866638183594, 6: 174.79866638183594}
2025-04-30 15:58:27,314 INFO: Incrementing motor positions by 360 degrees for group 'Wheg_Group'
2025-04-30 15:58:27,325 INFO: Gait 1 step executed at 40.00RPM, wait for 1.50 seconds
2025-04-30 15:59:04,741 INFO: Profile velocities set for group Wheg_Group: {1: 87.4, 2: 87.4, 3: 87.4, 4: 87.4, 5: 87.4, 6: 87.4}
2025-04-30 15:59:04,741 INFO: Incrementing motor positions by 360 degrees for group 'Wheg_Group'
2025-04-30 15:59:04,753 INFO: Gait 1 step executed at 20.00RPM, wait for 3.00 seconds
2025-04-30 15:59:08,256 WARNING: Emergency stop activated! Stopping all motors asynchronously.
2025-04-30 15:59:08,256 INFO: Setting operating mode 'velocity' for group 'All_Motors'
2025-04-30 15:59:08,257 INFO: Disabling torque for group All_Motors
2025-04-30 15:59:08,259 INFO: Enabling torque for group All_Motors
2025-04-30 15:59:08,261 INFO: Setting the profile velocity for group All_Motors from config.yaml: 8
2025-04-30 15:59:08,262 INFO: Profile velocities set for group All_Motors: {1: 34.96, 2: 34.96, 3: 34.96, 4: 34.96, 5: 34.96, 6: 34.96, 7: 34.96, 8: 34.96}
2025-04-30 15:59:08,264 WARNING: Velocity limit 200 exceeds hard limit 100. Limiting to 100.
2025-04-30 15:59:08,266 INFO: Velocity limit set to 100 for group All_Motors
2025-04-30 15:59:08,267 INFO: Enabling torque for group All_Motors
2025-04-30 15:59:08,268 INFO: Setting the profile velocity for group All_Motors from config.yaml: 8
2025-04-30 15:59:08,269 INFO: Profile velocities set for group All_Motors: {1: 34.96, 2: 34.96, 3: 34.96, 4: 34.96, 5: 34.96, 6: 34.96, 7: 34.96, 8: 34.96}
2025-04-30 15:59:08,270 INFO: Target velocities set for group All_Motors: {1: 0, 2: 0, 3: 0, 4: 0, 5: 0, 6: 0, 7: 0, 8: 0}
2025-04-30 15:59:09,251 INFO: Emergency Stop Deactivated. Resuming control...
2025-04-30 15:59:09,262 INFO: Initialising Gait 1
2025-04-30 15:59:09,262 INFO: Disabling torque for group Wheg_Group
2025-04-30 15:59:09,263 INFO: Drive mode set for group Wheg_Group with reverse_direction={1: 0, 2: 0, 3: 0, 4: 1, 5: 1, 6: 1}
2025-04-30 15:59:09,263 INFO: Enabling torque for group Wheg_Group
2025-04-30 15:59:09,264 INFO: Setting the profile velocity for group Wheg_Group from config.yaml: 10
2025-04-30 15:59:09,265 INFO: Profile velocities set for group Wheg_Group: {1: 43.7, 2: 43.7, 3: 43.7, 4: 43.7, 5: 43.7, 6: 43.7}
2025-04-30 15:59:09,265 WARNING: Set direction of whegs to forward
2025-04-30 15:59:09,266 WARNING: Direction set for all whegs
2025-04-30 15:59:09,266 INFO: Running set_position_group for group 'Wheg_Group' with positions: 180
2025-04-30 15:59:09,272 WARNING: Motor 1 is not in Position Control Mode. Setting mode now.
2025-04-30 15:59:09,272 INFO: Setting operating mode 'position' for group 'Wheg_Group'
2025-04-30 15:59:09,273 INFO: Disabling torque for group Wheg_Group
2025-04-30 15:59:09,274 INFO: Enabling torque for group Wheg_Group
2025-04-30 15:59:09,274 INFO: Setting the profile velocity for group Wheg_Group from config.yaml: 10
2025-04-30 15:59:09,275 INFO: Profile velocities set for group Wheg_Group: {1: 43.7, 2: 43.7, 3: 43.7, 4: 43.7, 5: 43.7, 6: 43.7}
2025-04-30 15:59:09,275 INFO: Setting the profile velocity for group Wheg_Group from config.yaml: 10
2025-04-30 15:59:09,276 INFO: Profile velocities set for group Wheg_Group: {1: 43.7, 2: 43.7, 3: 43.7, 4: 43.7, 5: 43.7, 6: 43.7}
2025-04-30 15:59:09,277 INFO: Running set_position_group for group 'Pivot_Group' with positions: 180
2025-04-30 15:59:09,281 WARNING: Motor 7 is not in Position Control Mode. Setting mode now.
2025-04-30 15:59:09,281 INFO: Setting operating mode 'position' for group 'Pivot_Group'
2025-04-30 15:59:09,282 INFO: Disabling torque for group Pivot_Group
2025-04-30 15:59:09,283 INFO: Enabling torque for group Pivot_Group
2025-04-30 15:59:09,283 INFO: Setting the profile velocity for group Pivot_Group from config.yaml: 4
2025-04-30 15:59:09,284 INFO: Profile velocities set for group Pivot_Group: {7: 17.48, 8: 17.48}
2025-04-30 15:59:09,285 INFO: Setting the profile velocity for group Pivot_Group from config.yaml: 4
2025-04-30 15:59:09,286 INFO: Profile velocities set for group Pivot_Group: {7: 17.48, 8: 17.48}
2025-04-30 15:59:09,286 INFO: Initialised Gait 1, waiting for 1 seconds
2025-04-30 15:59:10,316 INFO: Setting operating mode 'multi_turn' for group 'Wheg_Group'
2025-04-30 15:59:10,317 INFO: Disabling torque for group Wheg_Group
2025-04-30 15:59:10,320 INFO: Enabling torque for group Wheg_Group
2025-04-30 15:59:10,322 INFO: Setting the profile velocity for group Wheg_Group from config.yaml: 10
2025-04-30 15:59:10,324 INFO: Profile velocities set for group Wheg_Group: {1: 43.7, 2: 43.7, 3: 43.7, 4: 43.7, 5: 43.7, 6: 43.7}
2025-04-30 15:59:10,325 INFO: Setting the profile velocity for group Wheg_Group from config.yaml: 10
2025-04-30 15:59:10,325 INFO: Profile velocities set for group Wheg_Group: {1: 43.7, 2: 43.7, 3: 43.7, 4: 43.7, 5: 43.7, 6: 43.7}
2025-04-30 15:59:10,326 INFO: New gait 1 is now active.
2025-04-30 15:59:10,998 WARNING: Emergency stop activated! Stopping all motors asynchronously.
2025-04-30 15:59:10,999 INFO: Setting operating mode 'velocity' for group 'All_Motors'
2025-04-30 15:59:11,000 INFO: Disabling torque for group All_Motors
2025-04-30 15:59:11,003 INFO: Enabling torque for group All_Motors
2025-04-30 15:59:11,005 INFO: Setting the profile velocity for group All_Motors from config.yaml: 8
2025-04-30 15:59:11,007 INFO: Profile velocities set for group All_Motors: {1: 34.96, 2: 34.96, 3: 34.96, 4: 34.96, 5: 34.96, 6: 34.96, 7: 34.96, 8: 34.96}
2025-04-30 15:59:11,007 WARNING: Velocity limit 200 exceeds hard limit 100. Limiting to 100.
2025-04-30 15:59:11,008 INFO: Velocity limit set to 100 for group All_Motors
2025-04-30 15:59:11,009 INFO: Enabling torque for group All_Motors
2025-04-30 15:59:11,009 INFO: Setting the profile velocity for group All_Motors from config.yaml: 8
2025-04-30 15:59:11,010 INFO: Profile velocities set for group All_Motors: {1: 34.96, 2: 34.96, 3: 34.96, 4: 34.96, 5: 34.96, 6: 34.96, 7: 34.96, 8: 34.96}
2025-04-30 15:59:11,011 INFO: Target velocities set for group All_Motors: {1: 0, 2: 0, 3: 0, 4: 0, 5: 0, 6: 0, 7: 0, 8: 0}
2025-04-30 15:59:11,118 WARNING: Emergency stop activated! Stopping all motors asynchronously.
2025-04-30 15:59:11,120 INFO: Setting operating mode 'velocity' for group 'All_Motors'
2025-04-30 15:59:11,121 INFO: Disabling torque for group All_Motors
2025-04-30 15:59:11,124 INFO: Enabling torque for group All_Motors
2025-04-30 15:59:11,125 INFO: Setting the profile velocity for group All_Motors from config.yaml: 8
2025-04-30 15:59:11,126 INFO: Profile velocities set for group All_Motors: {1: 34.96, 2: 34.96, 3: 34.96, 4: 34.96, 5: 34.96, 6: 34.96, 7: 34.96, 8: 34.96}
2025-04-30 15:59:11,126 WARNING: Velocity limit 200 exceeds hard limit 100. Limiting to 100.
2025-04-30 15:59:11,127 INFO: Velocity limit set to 100 for group All_Motors
2025-04-30 15:59:11,127 INFO: Enabling torque for group All_Motors
2025-04-30 15:59:11,128 INFO: Setting the profile velocity for group All_Motors from config.yaml: 8
2025-04-30 15:59:11,129 INFO: Profile velocities set for group All_Motors: {1: 34.96, 2: 34.96, 3: 34.96, 4: 34.96, 5: 34.96, 6: 34.96, 7: 34.96, 8: 34.96}
2025-04-30 15:59:11,130 INFO: Target velocities set for group All_Motors: {1: 0, 2: 0, 3: 0, 4: 0, 5: 0, 6: 0, 7: 0, 8: 0}
2025-04-30 15:59:12,690 INFO: Emergency Stop Deactivated. Resuming control...
2025-04-30 15:59:12,701 INFO: Initialising Gait 1
2025-04-30 15:59:12,701 INFO: Disabling torque for group Wheg_Group
2025-04-30 15:59:12,702 INFO: Drive mode set for group Wheg_Group with reverse_direction={1: 0, 2: 0, 3: 0, 4: 1, 5: 1, 6: 1}
2025-04-30 15:59:12,703 INFO: Enabling torque for group Wheg_Group
2025-04-30 15:59:12,704 INFO: Setting the profile velocity for group Wheg_Group from config.yaml: 10
2025-04-30 15:59:12,704 INFO: Profile velocities set for group Wheg_Group: {1: 43.7, 2: 43.7, 3: 43.7, 4: 43.7, 5: 43.7, 6: 43.7}
2025-04-30 15:59:12,705 WARNING: Set direction of whegs to forward
2025-04-30 15:59:12,705 WARNING: Direction set for all whegs
2025-04-30 15:59:12,706 INFO: Running set_position_group for group 'Wheg_Group' with positions: 180
2025-04-30 15:59:12,711 WARNING: Motor 1 is not in Position Control Mode. Setting mode now.
2025-04-30 15:59:12,712 INFO: Setting operating mode 'position' for group 'Wheg_Group'
2025-04-30 15:59:12,712 INFO: Disabling torque for group Wheg_Group
2025-04-30 15:59:12,713 INFO: Enabling torque for group Wheg_Group
2025-04-30 15:59:12,714 INFO: Setting the profile velocity for group Wheg_Group from config.yaml: 10
2025-04-30 15:59:12,715 INFO: Profile velocities set for group Wheg_Group: {1: 43.7, 2: 43.7, 3: 43.7, 4: 43.7, 5: 43.7, 6: 43.7}
2025-04-30 15:59:12,715 INFO: Setting the profile velocity for group Wheg_Group from config.yaml: 10
2025-04-30 15:59:12,716 INFO: Profile velocities set for group Wheg_Group: {1: 43.7, 2: 43.7, 3: 43.7, 4: 43.7, 5: 43.7, 6: 43.7}
2025-04-30 15:59:12,717 INFO: Running set_position_group for group 'Pivot_Group' with positions: 180
2025-04-30 15:59:12,720 WARNING: Motor 7 is not in Position Control Mode. Setting mode now.
2025-04-30 15:59:12,721 INFO: Setting operating mode 'position' for group 'Pivot_Group'
2025-04-30 15:59:12,722 INFO: Disabling torque for group Pivot_Group
2025-04-30 15:59:12,722 INFO: Enabling torque for group Pivot_Group
2025-04-30 15:59:12,723 INFO: Setting the profile velocity for group Pivot_Group from config.yaml: 4
2025-04-30 15:59:12,724 INFO: Profile velocities set for group Pivot_Group: {7: 17.48, 8: 17.48}
2025-04-30 15:59:12,724 INFO: Setting the profile velocity for group Pivot_Group from config.yaml: 4
2025-04-30 15:59:12,725 INFO: Profile velocities set for group Pivot_Group: {7: 17.48, 8: 17.48}
2025-04-30 15:59:12,726 INFO: Initialised Gait 1, waiting for 1 seconds
2025-04-30 15:59:13,756 INFO: Setting operating mode 'multi_turn' for group 'Wheg_Group'
2025-04-30 15:59:13,757 INFO: Disabling torque for group Wheg_Group
2025-04-30 15:59:13,759 INFO: Enabling torque for group Wheg_Group
2025-04-30 15:59:13,762 INFO: Setting the profile velocity for group Wheg_Group from config.yaml: 10
2025-04-30 15:59:13,764 INFO: Profile velocities set for group Wheg_Group: {1: 43.7, 2: 43.7, 3: 43.7, 4: 43.7, 5: 43.7, 6: 43.7}
2025-04-30 15:59:13,764 INFO: Setting the profile velocity for group Wheg_Group from config.yaml: 10
2025-04-30 15:59:13,765 INFO: Profile velocities set for group Wheg_Group: {1: 43.7, 2: 43.7, 3: 43.7, 4: 43.7, 5: 43.7, 6: 43.7}
2025-04-30 15:59:13,766 INFO: New gait 1 is now active.
2025-04-30 15:59:14,434 WARNING: Emergency stop activated! Stopping all motors asynchronously.
2025-04-30 15:59:14,434 INFO: Setting operating mode 'velocity' for group 'All_Motors'
2025-04-30 15:59:14,435 INFO: Disabling torque for group All_Motors
2025-04-30 15:59:14,437 INFO: Enabling torque for group All_Motors
2025-04-30 15:59:14,439 INFO: Setting the profile velocity for group All_Motors from config.yaml: 8
2025-04-30 15:59:14,441 INFO: Profile velocities set for group All_Motors: {1: 34.96, 2: 34.96, 3: 34.96, 4: 34.96, 5: 34.96, 6: 34.96, 7: 34.96, 8: 34.96}
2025-04-30 15:59:14,442 WARNING: Velocity limit 200 exceeds hard limit 100. Limiting to 100.
2025-04-30 15:59:14,443 INFO: Velocity limit set to 100 for group All_Motors
2025-04-30 15:59:14,444 INFO: Enabling torque for group All_Motors
2025-04-30 15:59:14,444 INFO: Setting the profile velocity for group All_Motors from config.yaml: 8
2025-04-30 15:59:14,445 INFO: Profile velocities set for group All_Motors: {1: 34.96, 2: 34.96, 3: 34.96, 4: 34.96, 5: 34.96, 6: 34.96, 7: 34.96, 8: 34.96}
2025-04-30 15:59:14,446 INFO: Target velocities set for group All_Motors: {1: 0, 2: 0, 3: 0, 4: 0, 5: 0, 6: 0, 7: 0, 8: 0}
2025-04-30 15:59:15,427 INFO: Emergency Stop Deactivated. Resuming control...
2025-04-30 15:59:15,437 INFO: Initialising Gait 1
2025-04-30 15:59:15,438 INFO: Disabling torque for group Wheg_Group
2025-04-30 15:59:15,439 INFO: Drive mode set for group Wheg_Group with reverse_direction={1: 0, 2: 0, 3: 0, 4: 1, 5: 1, 6: 1}
2025-04-30 15:59:15,440 INFO: Enabling torque for group Wheg_Group
2025-04-30 15:59:15,441 INFO: Setting the profile velocity for group Wheg_Group from config.yaml: 10
2025-04-30 15:59:15,441 INFO: Profile velocities set for group Wheg_Group: {1: 43.7, 2: 43.7, 3: 43.7, 4: 43.7, 5: 43.7, 6: 43.7}
2025-04-30 15:59:15,442 WARNING: Set direction of whegs to forward
2025-04-30 15:59:15,442 WARNING: Direction set for all whegs
2025-04-30 15:59:15,443 INFO: Running set_position_group for group 'Wheg_Group' with positions: 180
2025-04-30 15:59:15,449 WARNING: Motor 1 is not in Position Control Mode. Setting mode now.
2025-04-30 15:59:15,450 INFO: Setting operating mode 'position' for group 'Wheg_Group'
2025-04-30 15:59:15,450 INFO: Disabling torque for group Wheg_Group
2025-04-30 15:59:15,451 INFO: Enabling torque for group Wheg_Group
2025-04-30 15:59:15,452 INFO: Setting the profile velocity for group Wheg_Group from config.yaml: 10
2025-04-30 15:59:15,453 INFO: Profile velocities set for group Wheg_Group: {1: 43.7, 2: 43.7, 3: 43.7, 4: 43.7, 5: 43.7, 6: 43.7}
2025-04-30 15:59:15,454 INFO: Setting the profile velocity for group Wheg_Group from config.yaml: 10
2025-04-30 15:59:15,455 INFO: Profile velocities set for group Wheg_Group: {1: 43.7, 2: 43.7, 3: 43.7, 4: 43.7, 5: 43.7, 6: 43.7}
2025-04-30 15:59:15,455 INFO: Running set_position_group for group 'Pivot_Group' with positions: 180
2025-04-30 15:59:15,459 WARNING: Motor 7 is not in Position Control Mode. Setting mode now.
2025-04-30 15:59:15,459 INFO: Setting operating mode 'position' for group 'Pivot_Group'
2025-04-30 15:59:15,460 INFO: Disabling torque for group Pivot_Group
2025-04-30 15:59:15,461 INFO: Enabling torque for group Pivot_Group
2025-04-30 15:59:15,462 INFO: Setting the profile velocity for group Pivot_Group from config.yaml: 4
2025-04-30 15:59:15,462 INFO: Profile velocities set for group Pivot_Group: {7: 17.48, 8: 17.48}
2025-04-30 15:59:15,463 INFO: Setting the profile velocity for group Pivot_Group from config.yaml: 4
2025-04-30 15:59:15,464 INFO: Profile velocities set for group Pivot_Group: {7: 17.48, 8: 17.48}
2025-04-30 15:59:15,465 INFO: Initialised Gait 1, waiting for 1 seconds
2025-04-30 15:59:16,466 INFO: Setting operating mode 'multi_turn' for group 'Wheg_Group'
2025-04-30 15:59:16,467 INFO: Disabling torque for group Wheg_Group
2025-04-30 15:59:16,468 INFO: Enabling torque for group Wheg_Group
2025-04-30 15:59:16,469 INFO: Setting the profile velocity for group Wheg_Group from config.yaml: 10
2025-04-30 15:59:16,470 INFO: Profile velocities set for group Wheg_Group: {1: 43.7, 2: 43.7, 3: 43.7, 4: 43.7, 5: 43.7, 6: 43.7}
2025-04-30 15:59:16,470 INFO: Setting the profile velocity for group Wheg_Group from config.yaml: 10
2025-04-30 15:59:16,471 INFO: Profile velocities set for group Wheg_Group: {1: 43.7, 2: 43.7, 3: 43.7, 4: 43.7, 5: 43.7, 6: 43.7}
2025-04-30 15:59:16,471 INFO: New gait 1 is now active.
2025-04-30 16:03:31,706 INFO: Initiating safe shutdown...
2025-04-30 16:03:31,707 INFO: Setting operating mode 'velocity' for group 'All_Motors'
2025-04-30 16:03:31,707 INFO: Disabling torque for group All_Motors
2025-04-30 16:03:31,708 INFO: Enabling torque for group All_Motors
2025-04-30 16:03:31,709 INFO: Setting the profile velocity for group All_Motors from config.yaml: 8
2025-04-30 16:03:31,710 INFO: Profile velocities set for group All_Motors: {1: 34.96, 2: 34.96, 3: 34.96, 4: 34.96, 5: 34.96, 6: 34.96, 7: 34.96, 8: 34.96}
2025-04-30 16:03:31,711 WARNING: Velocity limit 200 exceeds hard limit 100. Limiting to 100.
2025-04-30 16:03:31,711 INFO: Velocity limit set to 100 for group All_Motors
2025-04-30 16:03:31,712 INFO: Enabling torque for group All_Motors
2025-04-30 16:03:31,713 INFO: Setting the profile velocity for group All_Motors from config.yaml: 8
2025-04-30 16:03:31,714 INFO: Profile velocities set for group All_Motors: {1: 34.96, 2: 34.96, 3: 34.96, 4: 34.96, 5: 34.96, 6: 34.96, 7: 34.96, 8: 34.96}
2025-04-30 16:03:31,714 INFO: Target velocities set for group All_Motors: {1: 0, 2: 0, 3: 0, 4: 0, 5: 0, 6: 0, 7: 0, 8: 0}
2025-04-30 16:03:31,715 INFO: Running set_position_group for group 'All_Motors' with positions: 180
2025-04-30 16:03:31,722 WARNING: Motor 1 is not in Position Control Mode. Setting mode now.
2025-04-30 16:03:31,723 INFO: Setting operating mode 'position' for group 'All_Motors'
2025-04-30 16:03:31,723 INFO: Disabling torque for group All_Motors
2025-04-30 16:03:31,724 INFO: Enabling torque for group All_Motors
2025-04-30 16:03:31,725 INFO: Setting the profile velocity for group All_Motors from config.yaml: 8
2025-04-30 16:03:31,726 INFO: Profile velocities set for group All_Motors: {1: 34.96, 2: 34.96, 3: 34.96, 4: 34.96, 5: 34.96, 6: 34.96, 7: 34.96, 8: 34.96}
2025-04-30 16:03:31,726 INFO: Setting the profile velocity for group All_Motors from config.yaml: 8
2025-04-30 16:03:31,727 INFO: Profile velocities set for group All_Motors: {1: 34.96, 2: 34.96, 3: 34.96, 4: 34.96, 5: 34.96, 6: 34.96, 7: 34.96, 8: 34.96}
2025-04-30 16:03:31,728 INFO: Closing PS4Controller and quitting pygame
2025-04-30 16:03:31,809 INFO: Port closed successfully.
2025-04-30 16:03:31,810 INFO: Shutdown complete.
2025-04-30 16:03:31,811 ERROR: Error checking hardware errors: Attempting to use a port that is not open
