2024-10-29 00:20:07,095 INFO: Initializing PS4Controller
2024-10-29 00:20:07,370 INFO: Configuration loaded successfully
2024-10-29 00:20:07,373 INFO: Port /dev/ttyACM0 opened successfully
2024-10-29 00:20:07,383 INFO: Baudrate set to 1000000
2024-10-29 00:20:07,384 INFO: Control table loaded successfully.
2024-10-29 00:20:07,384 INFO: Motor group 'Pivot_Group' created with motors: [7, 8]
2024-10-29 00:20:07,385 INFO: Motor group 'Wheg_Group' created with motors: [1, 2, 3, 4, 5, 6]
2024-10-29 00:20:07,385 INFO: Motor group 'All_Motors' created with motors: [1, 2, 3, 4, 5, 6, 7, 8]
2024-10-29 00:20:07,386 INFO: Motor group 'Left_Whegs' created with motors: [1, 2, 3]
2024-10-29 00:20:07,386 INFO: Motor group 'Right_Whegs' created with motors: [4, 5, 6]
2024-10-29 00:20:07,387 INFO: Motor group 'Front_Whegs' created with motors: [3, 6]
2024-10-29 00:20:07,387 INFO: Motor group 'Rear_Whegs' created with motors: [1, 4]
2024-10-29 00:20:07,387 INFO: Motor group 'Middle_Whegs' created with motors: [2, 5]
2024-10-29 00:20:07,388 INFO: Motor group 'Two_Right_One_Left' created with motors: [2, 4, 6]
2024-10-29 00:20:07,388 INFO: Motor group 'Two_Left_One_Right' created with motors: [5, 1, 3]
2024-10-29 00:20:07,388 INFO: Initialised PS4 controller, Dynamixel, and Robot State
2024-10-29 00:20:07,555 INFO: Initialised Streamlit dashboard
2024-10-29 00:20:07,556 INFO: Disabling torque for group Right_Whegs
2024-10-29 00:20:07,559 INFO: Drive mode set for group Right_Whegs with reverse_direction=True
2024-10-29 00:20:07,560 INFO: Enabling torque for group Right_Whegs
2024-10-29 00:20:07,565 INFO: Motor 4 drive mode correctly set to reverse
2024-10-29 00:20:07,566 INFO: Motor 5 drive mode correctly set to reverse
2024-10-29 00:20:07,567 INFO: Motor 6 drive mode correctly set to reverse
2024-10-29 00:20:07,567 INFO: Disabling torque for group Left_Whegs
2024-10-29 00:20:07,568 INFO: Drive mode set for group Left_Whegs with reverse_direction=False
2024-10-29 00:20:07,568 INFO: Enabling torque for group Left_Whegs
2024-10-29 00:20:07,572 INFO: Motor 1 drive mode correctly set to normal
2024-10-29 00:20:07,572 INFO: Motor 2 drive mode correctly set to normal
2024-10-29 00:20:07,572 INFO: Motor 3 drive mode correctly set to normal
2024-10-29 00:20:07,573 INFO: Set the right side whegs to reverse direction
2024-10-29 00:20:07,573 INFO: Disabling torque for group Pivot_Group
2024-10-29 00:20:07,574 INFO: Drive mode set for group Pivot_Group with reverse_direction=False
2024-10-29 00:20:07,575 INFO: Enabling torque for group Pivot_Group
2024-10-29 00:20:07,579 INFO: Motor 7 drive mode correctly set to normal
2024-10-29 00:20:07,579 INFO: Motor 8 drive mode correctly set to normal
2024-10-29 00:20:07,580 INFO: Position limits set for group Pivot_Group: min=90° (ticks=1023), max=270° (ticks=3071)
2024-10-29 00:20:07,580 INFO: Set position limits for the pivot motors
2024-10-29 00:20:07,582 INFO: Initialising Gait 1
2024-10-29 00:20:07,583 INFO: Running set_position_group for group 'Wheg_Group' with positions: 180
2024-10-29 00:20:07,588 INFO: Running set_position_group for group 'Pivot_Group' with positions: 180
2024-10-29 00:20:07,592 INFO: Initialised Gait 1, waiting for 3 seconds
2024-10-29 00:20:10,592 INFO: Setting operating mode 'multi_turn' for group 'Wheg_Group'
2024-10-29 00:20:10,593 INFO: Disabling torque for group Wheg_Group
2024-10-29 00:20:10,594 INFO: Enabling torque for group Wheg_Group
2024-10-29 00:20:10,595 INFO: Setting the profile velocity for group Wheg_Group from config.yaml: 10
2024-10-29 00:20:10,595 INFO: Profile velocities set for group Wheg_Group: {1: 43.7, 2: 43.7, 3: 43.7, 4: 43.7, 5: 43.7, 6: 43.7}
2024-10-29 00:20:10,596 INFO: New gait 1 is now active.
2024-10-29 00:20:10,607 INFO: Profile velocities set for group Wheg_Group: {1: 21.85, 2: 21.85, 3: 21.85, 4: 21.85, 5: 21.85, 6: 21.85}
2024-10-29 00:20:10,608 INFO: Incrementing motor positions by 360 degrees for group 'Wheg_Group'
2024-10-29 00:20:10,618 INFO: Gait 1 step executed at 5.00RPM, wait for 12.00 seconds
2024-10-29 00:20:11,749 INFO: Triangle pressed. Preparing to change to next gait: 2
2024-10-29 00:20:11,855 INFO: Triangle pressed. Preparing to change to next gait: 2
2024-10-29 00:20:12,832 WARNING: Emergency stop activated! Stopping all motors asynchronously.
2024-10-29 00:20:12,833 INFO: Setting operating mode 'velocity' for group 'All_Motors'
2024-10-29 00:20:12,833 INFO: Disabling torque for group All_Motors
2024-10-29 00:20:12,836 INFO: Enabling torque for group All_Motors
2024-10-29 00:20:12,837 WARNING: Velocity limit 200 exceeds hard limit 100. Limiting to 100.
2024-10-29 00:20:12,839 INFO: Velocity limit set to 100 for group All_Motors
2024-10-29 00:20:12,839 INFO: Enabling torque for group All_Motors
2024-10-29 00:20:12,841 INFO: Target velocities set for group All_Motors: {1: 0, 2: 0, 3: 0, 4: 0, 5: 0, 6: 0, 7: 0, 8: 0}
2024-10-29 00:20:12,936 WARNING: Emergency stop activated! Stopping all motors asynchronously.
2024-10-29 00:20:12,937 INFO: Setting operating mode 'velocity' for group 'All_Motors'
2024-10-29 00:20:12,938 INFO: Disabling torque for group All_Motors
2024-10-29 00:20:12,940 INFO: Enabling torque for group All_Motors
2024-10-29 00:20:12,942 WARNING: Velocity limit 200 exceeds hard limit 100. Limiting to 100.
2024-10-29 00:20:12,943 INFO: Velocity limit set to 100 for group All_Motors
2024-10-29 00:20:12,944 INFO: Enabling torque for group All_Motors
2024-10-29 00:20:12,945 INFO: Target velocities set for group All_Motors: {1: 0, 2: 0, 3: 0, 4: 0, 5: 0, 6: 0, 7: 0, 8: 0}
2024-10-29 00:20:14,235 INFO: Emergency Stop Deactivated. Resuming control...
2024-10-29 00:20:22,629 INFO: Initialising Gait 1
2024-10-29 00:20:22,630 INFO: Running set_position_group for group 'Wheg_Group' with positions: 180
2024-10-29 00:20:22,636 WARNING: Motor 1 is not in Position Control Mode. Setting mode now.
2024-10-29 00:20:22,637 INFO: Setting operating mode 'position' for group 'Wheg_Group'
2024-10-29 00:20:22,639 INFO: Disabling torque for group Wheg_Group
2024-10-29 00:20:22,641 INFO: Enabling torque for group Wheg_Group
2024-10-29 00:20:22,642 INFO: Setting the profile velocity for group Wheg_Group from config.yaml: 10
2024-10-29 00:20:22,644 INFO: Profile velocities set for group Wheg_Group: {1: 43.7, 2: 43.7, 3: 43.7, 4: 43.7, 5: 43.7, 6: 43.7}
2024-10-29 00:20:22,645 INFO: Running set_position_group for group 'Pivot_Group' with positions: 180
2024-10-29 00:20:22,649 WARNING: Motor 7 is not in Position Control Mode. Setting mode now.
2024-10-29 00:20:22,650 INFO: Setting operating mode 'position' for group 'Pivot_Group'
2024-10-29 00:20:22,651 INFO: Disabling torque for group Pivot_Group
2024-10-29 00:20:22,653 INFO: Enabling torque for group Pivot_Group
2024-10-29 00:20:22,654 INFO: Setting the profile velocity for group Pivot_Group from config.yaml: 4
2024-10-29 00:20:22,655 INFO: Profile velocities set for group Pivot_Group: {7: 17.48, 8: 17.48}
2024-10-29 00:20:22,657 INFO: Initialised Gait 1, waiting for 3 seconds
2024-10-29 00:20:25,658 INFO: Setting operating mode 'multi_turn' for group 'Wheg_Group'
2024-10-29 00:20:25,659 INFO: Disabling torque for group Wheg_Group
2024-10-29 00:20:25,661 INFO: Enabling torque for group Wheg_Group
2024-10-29 00:20:25,662 INFO: Setting the profile velocity for group Wheg_Group from config.yaml: 10
2024-10-29 00:20:25,664 INFO: Profile velocities set for group Wheg_Group: {1: 43.7, 2: 43.7, 3: 43.7, 4: 43.7, 5: 43.7, 6: 43.7}
2024-10-29 00:20:25,664 INFO: New gait 1 is now active.
2024-10-29 00:20:25,678 INFO: Profile velocities set for group Wheg_Group: {1: 21.85, 2: 21.85, 3: 21.85, 4: 21.85, 5: 21.85, 6: 21.85}
2024-10-29 00:20:25,679 INFO: Incrementing motor positions by 360 degrees for group 'Wheg_Group'
2024-10-29 00:20:25,691 INFO: Gait 1 step executed at 5.00RPM, wait for 12.00 seconds
2024-10-29 00:20:28,771 WARNING: Emergency stop activated! Stopping all motors asynchronously.
2024-10-29 00:20:28,771 INFO: Setting operating mode 'velocity' for group 'All_Motors'
2024-10-29 00:20:28,772 INFO: Disabling torque for group All_Motors
2024-10-29 00:20:28,774 INFO: Enabling torque for group All_Motors
2024-10-29 00:20:28,775 WARNING: Velocity limit 200 exceeds hard limit 100. Limiting to 100.
2024-10-29 00:20:28,776 INFO: Velocity limit set to 100 for group All_Motors
2024-10-29 00:20:28,776 INFO: Enabling torque for group All_Motors
2024-10-29 00:20:28,778 INFO: Target velocities set for group All_Motors: {1: 0, 2: 0, 3: 0, 4: 0, 5: 0, 6: 0, 7: 0, 8: 0}
2024-10-29 00:20:28,879 WARNING: Emergency stop activated! Stopping all motors asynchronously.
2024-10-29 00:20:28,880 INFO: Setting operating mode 'velocity' for group 'All_Motors'
2024-10-29 00:20:28,880 INFO: Disabling torque for group All_Motors
2024-10-29 00:20:28,882 INFO: Enabling torque for group All_Motors
2024-10-29 00:20:28,884 WARNING: Velocity limit 200 exceeds hard limit 100. Limiting to 100.
2024-10-29 00:20:28,885 INFO: Velocity limit set to 100 for group All_Motors
2024-10-29 00:20:28,886 INFO: Enabling torque for group All_Motors
2024-10-29 00:20:28,888 INFO: Target velocities set for group All_Motors: {1: 0, 2: 0, 3: 0, 4: 0, 5: 0, 6: 0, 7: 0, 8: 0}
2024-10-29 00:20:29,378 INFO: Square pressed. Preparing to change to previous gait: 4
2024-10-29 00:20:29,484 INFO: Square pressed. Preparing to change to previous gait: 4
2024-10-29 00:21:03,089 INFO: Initiating safe shutdown...
2024-10-29 00:21:03,089 INFO: Setting operating mode 'velocity' for group 'All_Motors'
2024-10-29 00:21:03,089 INFO: Disabling torque for group All_Motors
2024-10-29 00:21:03,090 INFO: Enabling torque for group All_Motors
2024-10-29 00:21:03,091 WARNING: Velocity limit 200 exceeds hard limit 100. Limiting to 100.
2024-10-29 00:21:03,092 INFO: Velocity limit set to 100 for group All_Motors
2024-10-29 00:21:03,092 INFO: Enabling torque for group All_Motors
2024-10-29 00:21:03,093 INFO: Target velocities set for group All_Motors: {1: 0, 2: 0, 3: 0, 4: 0, 5: 0, 6: 0, 7: 0, 8: 0}
2024-10-29 00:21:03,093 INFO: Running set_position_group for group 'All_Motors' with positions: 180
2024-10-29 00:21:03,101 WARNING: Motor 1 is not in Position Control Mode. Setting mode now.
2024-10-29 00:21:03,102 INFO: Setting operating mode 'position' for group 'All_Motors'
2024-10-29 00:21:03,102 INFO: Disabling torque for group All_Motors
2024-10-29 00:21:03,103 INFO: Enabling torque for group All_Motors
2024-10-29 00:21:03,104 INFO: Setting the profile velocity for group All_Motors from config.yaml: 5
2024-10-29 00:21:03,105 INFO: Profile velocities set for group All_Motors: {1: 21.85, 2: 21.85, 3: 21.85, 4: 21.85, 5: 21.85, 6: 21.85, 7: 21.85, 8: 21.85}
2024-10-29 00:21:03,105 INFO: Closing PS4Controller and quitting pygame
2024-10-29 00:21:03,193 INFO: Port closed successfully.
2024-10-29 00:21:03,194 INFO: Shutdown complete.
2024-10-29 00:21:03,195 ERROR: Controller connection lost!
2024-10-29 00:21:03,195 ERROR: Controller is disconnected.
2024-10-29 00:21:03,195 ERROR: Controller connection lost!
2024-10-29 00:21:03,196 ERROR: Controller is disconnected.
2024-10-29 00:21:03,196 ERROR: Controller connection lost!
2024-10-29 00:21:03,197 ERROR: Controller is disconnected.
