2024-10-29 01:03:19,562 INFO: Initializing PS4Controller
2024-10-29 01:03:19,826 INFO: Configuration loaded successfully
2024-10-29 01:03:19,829 INFO: Port /dev/ttyACM0 opened successfully
2024-10-29 01:03:19,839 INFO: Baudrate set to 1000000
2024-10-29 01:03:19,840 INFO: Control table loaded successfully.
2024-10-29 01:03:19,840 INFO: Motor group 'Pivot_Group' created with motors: [7, 8]
2024-10-29 01:03:19,841 INFO: Motor group 'Wheg_Group' created with motors: [1, 2, 3, 4, 5, 6]
2024-10-29 01:03:19,841 INFO: Motor group 'All_Motors' created with motors: [1, 2, 3, 4, 5, 6, 7, 8]
2024-10-29 01:03:19,842 INFO: Motor group 'Left_Whegs' created with motors: [1, 2, 3]
2024-10-29 01:03:19,842 INFO: Motor group 'Right_Whegs' created with motors: [4, 5, 6]
2024-10-29 01:03:19,843 INFO: Motor group 'Front_Whegs' created with motors: [3, 6]
2024-10-29 01:03:19,843 INFO: Motor group 'Rear_Whegs' created with motors: [1, 4]
2024-10-29 01:03:19,844 INFO: Motor group 'Middle_Whegs' created with motors: [2, 5]
2024-10-29 01:03:19,844 INFO: Motor group 'Two_Right_One_Left' created with motors: [2, 4, 6]
2024-10-29 01:03:19,844 INFO: Motor group 'Two_Left_One_Right' created with motors: [5, 1, 3]
2024-10-29 01:03:19,845 INFO: Initialised PS4 controller, Dynamixel, and Robot State
2024-10-29 01:03:20,002 INFO: Initialised Streamlit dashboard
2024-10-29 01:03:20,003 INFO: Disabling torque for group Right_Whegs
2024-10-29 01:03:20,006 INFO: Drive mode set for group Right_Whegs with reverse_direction=True
2024-10-29 01:03:20,006 INFO: Enabling torque for group Right_Whegs
2024-10-29 01:03:20,011 INFO: Motor 4 drive mode correctly set to reverse
2024-10-29 01:03:20,011 INFO: Motor 5 drive mode correctly set to reverse
2024-10-29 01:03:20,012 INFO: Motor 6 drive mode correctly set to reverse
2024-10-29 01:03:20,012 INFO: Disabling torque for group Left_Whegs
2024-10-29 01:03:20,013 INFO: Drive mode set for group Left_Whegs with reverse_direction=False
2024-10-29 01:03:20,014 INFO: Enabling torque for group Left_Whegs
2024-10-29 01:03:20,017 INFO: Motor 1 drive mode correctly set to normal
2024-10-29 01:03:20,018 INFO: Motor 2 drive mode correctly set to normal
2024-10-29 01:03:20,018 INFO: Motor 3 drive mode correctly set to normal
2024-10-29 01:03:20,020 INFO: Set the right side whegs to reverse direction
2024-10-29 01:03:20,022 INFO: Disabling torque for group Pivot_Group
2024-10-29 01:03:20,023 INFO: Drive mode set for group Pivot_Group with reverse_direction=False
2024-10-29 01:03:20,023 INFO: Enabling torque for group Pivot_Group
2024-10-29 01:03:20,027 INFO: Motor 7 drive mode correctly set to normal
2024-10-29 01:03:20,027 INFO: Motor 8 drive mode correctly set to normal
2024-10-29 01:03:20,028 INFO: Position limits set for group Pivot_Group: min=90° (ticks=1023), max=270° (ticks=3071)
2024-10-29 01:03:20,029 INFO: Set position limits for the pivot motors
2024-10-29 01:03:20,030 INFO: Initialising Gait 1
2024-10-29 01:03:20,031 INFO: Running set_position_group for group 'Wheg_Group' with positions: 180
2024-10-29 01:03:20,036 WARNING: Motor 1 is not in Position Control Mode. Setting mode now.
2024-10-29 01:03:20,037 INFO: Setting operating mode 'position' for group 'Wheg_Group'
2024-10-29 01:03:20,038 INFO: Disabling torque for group Wheg_Group
2024-10-29 01:03:20,039 INFO: Enabling torque for group Wheg_Group
2024-10-29 01:03:20,040 INFO: Setting the profile velocity for group Wheg_Group from config.yaml: 10
2024-10-29 01:03:20,040 INFO: Profile velocities set for group Wheg_Group: {1: 43.7, 2: 43.7, 3: 43.7, 4: 43.7, 5: 43.7, 6: 43.7}
2024-10-29 01:03:20,041 INFO: Running set_position_group for group 'Pivot_Group' with positions: 180
2024-10-29 01:03:20,044 WARNING: Motor 7 is not in Position Control Mode. Setting mode now.
2024-10-29 01:03:20,045 INFO: Setting operating mode 'position' for group 'Pivot_Group'
2024-10-29 01:03:20,045 INFO: Disabling torque for group Pivot_Group
2024-10-29 01:03:20,046 INFO: Enabling torque for group Pivot_Group
2024-10-29 01:03:20,047 INFO: Setting the profile velocity for group Pivot_Group from config.yaml: 4
2024-10-29 01:03:20,048 INFO: Profile velocities set for group Pivot_Group: {7: 17.48, 8: 17.48}
2024-10-29 01:03:20,049 INFO: Initialised Gait 1, waiting for 3 seconds
2024-10-29 01:03:20,085 INFO: Button states: {'square': False, 'x': False, 'circle': False, 'triangle': False, 'l1': False, 'r1': False, 'l2': False, 'r2': False, 'share': False, 'options': False, 'l3': False, 'r3': False, 'ps': False}
2024-10-29 01:03:20,086 INFO: D-pad inputs: {'dpad_up': False, 'dpad_down': False, 'dpad_left': False, 'dpad_right': False}
2024-10-29 01:03:20,088 INFO: L2 trigger value: -1.0
2024-10-29 01:03:21,568 INFO: Button states: {'square': False, 'x': False, 'circle': False, 'triangle': False, 'l1': False, 'r1': False, 'l2': False, 'r2': False, 'share': False, 'options': False, 'l3': False, 'r3': False, 'ps': False}
2024-10-29 01:03:21,569 INFO: D-pad inputs: {'dpad_up': False, 'dpad_down': False, 'dpad_left': False, 'dpad_right': False}
2024-10-29 01:03:21,570 INFO: L2 trigger value: -1.0
2024-10-29 01:03:23,030 INFO: Button states: {'square': False, 'x': False, 'circle': False, 'triangle': False, 'l1': False, 'r1': False, 'l2': False, 'r2': False, 'share': False, 'options': False, 'l3': False, 'r3': False, 'ps': False}
2024-10-29 01:03:23,031 INFO: D-pad inputs: {'dpad_up': False, 'dpad_down': False, 'dpad_left': False, 'dpad_right': False}
2024-10-29 01:03:23,032 INFO: L2 trigger value: -1.0
2024-10-29 01:03:24,312 INFO: Setting operating mode 'multi_turn' for group 'Wheg_Group'
2024-10-29 01:03:24,313 INFO: Disabling torque for group Wheg_Group
2024-10-29 01:03:24,315 INFO: Enabling torque for group Wheg_Group
2024-10-29 01:03:24,315 INFO: Setting the profile velocity for group Wheg_Group from config.yaml: 10
2024-10-29 01:03:24,316 INFO: Profile velocities set for group Wheg_Group: {1: 43.7, 2: 43.7, 3: 43.7, 4: 43.7, 5: 43.7, 6: 43.7}
2024-10-29 01:03:24,317 INFO: New gait 1 is now active.
2024-10-29 01:03:24,328 INFO: Profile velocities set for group Wheg_Group: {1: 21.85, 2: 21.85, 3: 21.85, 4: 21.85, 5: 21.85, 6: 21.85}
2024-10-29 01:03:24,329 INFO: Incrementing motor positions by 360 degrees for group 'Wheg_Group'
2024-10-29 01:03:24,339 INFO: Gait 1 step executed at 5.00RPM, wait for 12.00 seconds
2024-10-29 01:03:24,448 INFO: Button states: {'square': False, 'x': False, 'circle': False, 'triangle': False, 'l1': False, 'r1': False, 'l2': False, 'r2': False, 'share': False, 'options': False, 'l3': False, 'r3': False, 'ps': False}
2024-10-29 01:03:24,449 INFO: D-pad inputs: {'dpad_up': False, 'dpad_down': False, 'dpad_left': False, 'dpad_right': False}
2024-10-29 01:03:24,450 INFO: L2 trigger value: -1.0
2024-10-29 01:03:25,832 INFO: Button states: {'square': False, 'x': False, 'circle': False, 'triangle': False, 'l1': False, 'r1': False, 'l2': False, 'r2': False, 'share': False, 'options': False, 'l3': False, 'r3': False, 'ps': False}
2024-10-29 01:03:25,833 INFO: D-pad inputs: {'dpad_up': False, 'dpad_down': False, 'dpad_left': False, 'dpad_right': False}
2024-10-29 01:03:25,834 INFO: L2 trigger value: -1.0
2024-10-29 01:03:27,206 INFO: Button states: {'square': False, 'x': False, 'circle': False, 'triangle': False, 'l1': False, 'r1': False, 'l2': False, 'r2': False, 'share': False, 'options': False, 'l3': False, 'r3': False, 'ps': False}
2024-10-29 01:03:27,207 INFO: D-pad inputs: {'dpad_up': False, 'dpad_down': False, 'dpad_left': False, 'dpad_right': False}
2024-10-29 01:03:27,208 INFO: L2 trigger value: -1.0
2024-10-29 01:03:28,586 INFO: Button states: {'square': False, 'x': False, 'circle': False, 'triangle': False, 'l1': False, 'r1': False, 'l2': False, 'r2': False, 'share': False, 'options': False, 'l3': False, 'r3': False, 'ps': False}
2024-10-29 01:03:28,586 INFO: D-pad inputs: {'dpad_up': False, 'dpad_down': False, 'dpad_left': False, 'dpad_right': False}
2024-10-29 01:03:28,588 INFO: L2 trigger value: -1.0
2024-10-29 01:03:29,964 INFO: Button states: {'square': False, 'x': False, 'circle': False, 'triangle': False, 'l1': False, 'r1': False, 'l2': False, 'r2': False, 'share': False, 'options': False, 'l3': False, 'r3': False, 'ps': False}
2024-10-29 01:03:29,965 INFO: D-pad inputs: {'dpad_up': False, 'dpad_down': False, 'dpad_left': False, 'dpad_right': False}
2024-10-29 01:03:29,967 INFO: L2 trigger value: -1.0
2024-10-29 01:03:31,342 INFO: Button states: {'square': False, 'x': False, 'circle': False, 'triangle': False, 'l1': False, 'r1': False, 'l2': False, 'r2': False, 'share': False, 'options': False, 'l3': False, 'r3': False, 'ps': False}
2024-10-29 01:03:31,343 INFO: D-pad inputs: {'dpad_up': False, 'dpad_down': False, 'dpad_left': False, 'dpad_right': False}
2024-10-29 01:03:31,345 INFO: L2 trigger value: -1.0
2024-10-29 01:03:32,722 INFO: Button states: {'square': False, 'x': False, 'circle': False, 'triangle': False, 'l1': False, 'r1': False, 'l2': False, 'r2': False, 'share': False, 'options': False, 'l3': False, 'r3': False, 'ps': False}
2024-10-29 01:03:32,723 INFO: D-pad inputs: {'dpad_up': False, 'dpad_down': False, 'dpad_left': False, 'dpad_right': False}
2024-10-29 01:03:32,725 INFO: L2 trigger value: -1.0
2024-10-29 01:03:34,102 INFO: Button states: {'square': False, 'x': False, 'circle': False, 'triangle': False, 'l1': False, 'r1': False, 'l2': False, 'r2': False, 'share': False, 'options': False, 'l3': False, 'r3': False, 'ps': False}
2024-10-29 01:03:34,103 INFO: D-pad inputs: {'dpad_up': False, 'dpad_down': False, 'dpad_left': False, 'dpad_right': False}
2024-10-29 01:03:34,104 INFO: L2 trigger value: -1.0
2024-10-29 01:03:35,476 INFO: Button states: {'square': False, 'x': False, 'circle': False, 'triangle': False, 'l1': False, 'r1': False, 'l2': False, 'r2': False, 'share': False, 'options': False, 'l3': False, 'r3': False, 'ps': False}
2024-10-29 01:03:35,476 INFO: D-pad inputs: {'dpad_up': False, 'dpad_down': False, 'dpad_left': False, 'dpad_right': False}
2024-10-29 01:03:35,478 INFO: L2 trigger value: -1.0
2024-10-29 01:03:36,727 INFO: Profile velocities set for group Wheg_Group: {1: 43.7, 2: 43.7, 3: 43.7, 4: 43.7, 5: 43.7, 6: 43.7}
2024-10-29 01:03:36,728 INFO: Incrementing motor positions by 360 degrees for group 'Wheg_Group'
2024-10-29 01:03:36,738 INFO: Gait 1 step executed at 10.00RPM, wait for 6.00 seconds
2024-10-29 01:03:36,851 INFO: Button states: {'square': False, 'x': False, 'circle': False, 'triangle': False, 'l1': False, 'r1': False, 'l2': False, 'r2': False, 'share': False, 'options': False, 'l3': False, 'r3': False, 'ps': False}
2024-10-29 01:03:36,851 INFO: D-pad inputs: {'dpad_up': False, 'dpad_down': False, 'dpad_left': False, 'dpad_right': False}
2024-10-29 01:03:36,852 INFO: L2 trigger value: -1.0
2024-10-29 01:03:38,226 INFO: Button states: {'square': False, 'x': False, 'circle': False, 'triangle': False, 'l1': False, 'r1': False, 'l2': False, 'r2': False, 'share': False, 'options': False, 'l3': False, 'r3': False, 'ps': False}
2024-10-29 01:03:38,227 INFO: D-pad inputs: {'dpad_up': False, 'dpad_down': False, 'dpad_left': False, 'dpad_right': False}
2024-10-29 01:03:38,229 INFO: L2 trigger value: -1.0
2024-10-29 01:03:39,604 INFO: Button states: {'square': False, 'x': False, 'circle': False, 'triangle': False, 'l1': False, 'r1': False, 'l2': False, 'r2': False, 'share': False, 'options': False, 'l3': False, 'r3': False, 'ps': False}
2024-10-29 01:03:39,605 INFO: D-pad inputs: {'dpad_up': False, 'dpad_down': False, 'dpad_left': False, 'dpad_right': False}
2024-10-29 01:03:39,606 INFO: L2 trigger value: -1.0
2024-10-29 01:03:40,983 INFO: Button states: {'square': False, 'x': False, 'circle': False, 'triangle': False, 'l1': False, 'r1': False, 'l2': False, 'r2': False, 'share': False, 'options': False, 'l3': False, 'r3': False, 'ps': False}
2024-10-29 01:03:40,983 INFO: D-pad inputs: {'dpad_up': False, 'dpad_down': False, 'dpad_left': False, 'dpad_right': False}
2024-10-29 01:03:40,984 INFO: L2 trigger value: -1.0
2024-10-29 01:03:42,361 INFO: Button states: {'square': False, 'x': False, 'circle': False, 'triangle': False, 'l1': False, 'r1': False, 'l2': False, 'r2': False, 'share': False, 'options': False, 'l3': False, 'r3': False, 'ps': False}
2024-10-29 01:03:42,362 INFO: D-pad inputs: {'dpad_up': False, 'dpad_down': False, 'dpad_left': False, 'dpad_right': False}
2024-10-29 01:03:42,364 INFO: L2 trigger value: -1.0
2024-10-29 01:03:43,735 INFO: Button states: {'square': False, 'x': False, 'circle': False, 'triangle': False, 'l1': False, 'r1': False, 'l2': False, 'r2': False, 'share': False, 'options': False, 'l3': False, 'r3': False, 'ps': False}
2024-10-29 01:03:43,736 INFO: D-pad inputs: {'dpad_up': False, 'dpad_down': False, 'dpad_left': False, 'dpad_right': False}
2024-10-29 01:03:43,737 INFO: L2 trigger value: -1.0
2024-10-29 01:03:44,981 INFO: Initiating safe shutdown...
2024-10-29 01:03:44,982 INFO: Setting operating mode 'velocity' for group 'All_Motors'
2024-10-29 01:03:44,982 INFO: Disabling torque for group All_Motors
2024-10-29 01:03:44,983 INFO: Enabling torque for group All_Motors
2024-10-29 01:03:44,984 WARNING: Velocity limit 200 exceeds hard limit 100. Limiting to 100.
2024-10-29 01:03:44,985 INFO: Velocity limit set to 100 for group All_Motors
2024-10-29 01:03:44,985 INFO: Enabling torque for group All_Motors
2024-10-29 01:03:44,986 INFO: Target velocities set for group All_Motors: {1: 0, 2: 0, 3: 0, 4: 0, 5: 0, 6: 0, 7: 0, 8: 0}
2024-10-29 01:03:44,986 INFO: Running set_position_group for group 'All_Motors' with positions: 180
2024-10-29 01:03:44,994 WARNING: Motor 1 is not in Position Control Mode. Setting mode now.
2024-10-29 01:03:44,994 INFO: Setting operating mode 'position' for group 'All_Motors'
2024-10-29 01:03:44,995 INFO: Disabling torque for group All_Motors
2024-10-29 01:03:44,996 INFO: Enabling torque for group All_Motors
2024-10-29 01:03:44,996 INFO: Setting the profile velocity for group All_Motors from config.yaml: 5
2024-10-29 01:03:44,997 INFO: Profile velocities set for group All_Motors: {1: 21.85, 2: 21.85, 3: 21.85, 4: 21.85, 5: 21.85, 6: 21.85, 7: 21.85, 8: 21.85}
2024-10-29 01:03:44,998 INFO: Closing PS4Controller and quitting pygame
2024-10-29 01:03:45,073 INFO: Port closed successfully.
2024-10-29 01:03:45,074 INFO: Shutdown complete.
2024-10-29 01:03:45,075 ERROR: Controller connection lost!
2024-10-29 01:03:45,075 ERROR: Controller is disconnected.
2024-10-29 01:03:45,076 ERROR: Controller connection lost!
2024-10-29 01:03:45,076 ERROR: Controller is disconnected.
2024-10-29 01:03:45,077 ERROR: Controller connection lost!
2024-10-29 01:03:45,077 ERROR: Controller is disconnected.
2024-10-29 01:03:45,078 ERROR: Error controlling pivots: 'NoneType' object is not subscriptable
