2024-10-29 01:46:49,713 INFO: Initializing PS4Controller
2024-10-29 01:46:49,985 INFO: Configuration loaded successfully
2024-10-29 01:46:49,990 INFO: Port /dev/ttyACM0 opened successfully
2024-10-29 01:46:50,000 INFO: Baudrate set to 1000000
2024-10-29 01:46:50,000 INFO: Control table loaded successfully.
2024-10-29 01:46:50,001 INFO: Motor group 'Pivot_Group' created with motors: [7, 8]
2024-10-29 01:46:50,002 INFO: Motor group 'Wheg_Group' created with motors: [1, 2, 3, 4, 5, 6]
2024-10-29 01:46:50,002 INFO: Motor group 'All_Motors' created with motors: [1, 2, 3, 4, 5, 6, 7, 8]
2024-10-29 01:46:50,002 INFO: Motor group 'Left_Whegs' created with motors: [1, 2, 3]
2024-10-29 01:46:50,003 INFO: Motor group 'Right_Whegs' created with motors: [4, 5, 6]
2024-10-29 01:46:50,003 INFO: Motor group 'Front_Whegs' created with motors: [3, 6]
2024-10-29 01:46:50,004 INFO: Motor group 'Rear_Whegs' created with motors: [1, 4]
2024-10-29 01:46:50,004 INFO: Motor group 'Middle_Whegs' created with motors: [2, 5]
2024-10-29 01:46:50,005 INFO: Motor group 'Two_Right_One_Left' created with motors: [2, 4, 6]
2024-10-29 01:46:50,005 INFO: Motor group 'Two_Left_One_Right' created with motors: [5, 1, 3]
2024-10-29 01:46:50,005 INFO: Initialised PS4 controller, Dynamixel, and Robot State
2024-10-29 01:46:50,160 INFO: Initialized Streamlit dashboard
2024-10-29 01:46:50,161 INFO: Disabling torque for group Right_Whegs
2024-10-29 01:46:50,164 INFO: Drive mode set for group Right_Whegs with reverse_direction=True
2024-10-29 01:46:50,166 INFO: Enabling torque for group Right_Whegs
2024-10-29 01:46:50,170 INFO: Motor 4 drive mode correctly set to reverse
2024-10-29 01:46:50,171 INFO: Motor 5 drive mode correctly set to reverse
2024-10-29 01:46:50,171 INFO: Motor 6 drive mode correctly set to reverse
2024-10-29 01:46:50,171 INFO: Disabling torque for group Left_Whegs
2024-10-29 01:46:50,173 INFO: Drive mode set for group Left_Whegs with reverse_direction=False
2024-10-29 01:46:50,173 INFO: Enabling torque for group Left_Whegs
2024-10-29 01:46:50,177 INFO: Motor 1 drive mode correctly set to normal
2024-10-29 01:46:50,178 INFO: Motor 2 drive mode correctly set to normal
2024-10-29 01:46:50,179 INFO: Motor 3 drive mode correctly set to normal
2024-10-29 01:46:50,180 INFO: Set the right side whegs to reverse direction
2024-10-29 01:46:50,180 INFO: Disabling torque for group Pivot_Group
2024-10-29 01:46:50,181 INFO: Drive mode set for group Pivot_Group with reverse_direction=False
2024-10-29 01:46:50,181 INFO: Enabling torque for group Pivot_Group
2024-10-29 01:46:50,185 INFO: Motor 7 drive mode correctly set to normal
2024-10-29 01:46:50,185 INFO: Motor 8 drive mode correctly set to normal
2024-10-29 01:46:50,186 INFO: Position limits set for group Pivot_Group: min=90° (ticks=1023), max=270° (ticks=3071)
2024-10-29 01:46:50,187 INFO: Set position limits for the pivot motors
2024-10-29 01:46:50,188 INFO: Initialising Gait 1
2024-10-29 01:46:50,189 INFO: Running set_position_group for group 'Wheg_Group' with positions: 180
2024-10-29 01:46:50,194 INFO: Running set_position_group for group 'Pivot_Group' with positions: 180
2024-10-29 01:46:50,198 INFO: Initialised Gait 1, waiting for 3 seconds
2024-10-29 01:46:50,199 ERROR: Error controlling pivots: 'dpad_down'
2024-10-29 01:46:53,205 INFO: Setting operating mode 'multi_turn' for group 'Wheg_Group'
2024-10-29 01:46:53,206 INFO: Disabling torque for group Wheg_Group
2024-10-29 01:46:53,209 INFO: Enabling torque for group Wheg_Group
2024-10-29 01:46:53,210 INFO: Setting the profile velocity for group Wheg_Group from config.yaml: 10
2024-10-29 01:46:53,211 INFO: Profile velocities set for group Wheg_Group: {1: 43.7, 2: 43.7, 3: 43.7, 4: 43.7, 5: 43.7, 6: 43.7}
2024-10-29 01:46:53,212 INFO: New gait 1 is now active.
2024-10-29 01:46:53,224 INFO: Profile velocities set for group Wheg_Group: {1: 21.85, 2: 21.85, 3: 21.85, 4: 21.85, 5: 21.85, 6: 21.85}
2024-10-29 01:46:53,224 INFO: Incrementing motor positions by 360 degrees for group 'Wheg_Group'
2024-10-29 01:46:53,236 INFO: Gait 1 step executed at 5.00RPM, wait for 12.00 seconds
2024-10-29 01:47:03,201 INFO: Running set_position_group for group 'Pivot_Group' with positions: {7: 180, 8: 185}
2024-10-29 01:47:03,207 INFO: Front pivot angle set to 180 degrees (ticks: 180)
2024-10-29 01:47:03,208 INFO: Rear pivot angle set to 185 degrees (ticks: 185)
2024-10-29 01:47:03,722 INFO: Running set_position_group for group 'Pivot_Group' with positions: {7: 180, 8: 190}
2024-10-29 01:47:03,726 INFO: Front pivot angle set to 180 degrees (ticks: 180)
2024-10-29 01:47:03,726 INFO: Rear pivot angle set to 190 degrees (ticks: 190)
2024-10-29 01:47:04,504 INFO: Running set_position_group for group 'Pivot_Group' with positions: {7: 180, 8: 195}
2024-10-29 01:47:04,508 INFO: Front pivot angle set to 180 degrees (ticks: 180)
2024-10-29 01:47:04,508 INFO: Rear pivot angle set to 195 degrees (ticks: 195)
2024-10-29 01:47:04,764 INFO: Running set_position_group for group 'Pivot_Group' with positions: {7: 180, 8: 200}
2024-10-29 01:47:04,769 INFO: Front pivot angle set to 180 degrees (ticks: 180)
2024-10-29 01:47:04,770 INFO: Rear pivot angle set to 200 degrees (ticks: 200)
2024-10-29 01:47:05,025 INFO: Running set_position_group for group 'Pivot_Group' with positions: {7: 180, 8: 205}
2024-10-29 01:47:05,029 INFO: Front pivot angle set to 180 degrees (ticks: 180)
2024-10-29 01:47:05,031 INFO: Rear pivot angle set to 205 degrees (ticks: 205)
2024-10-29 01:47:05,248 INFO: Profile velocities set for group Wheg_Group: {1: 43.7, 2: 43.7, 3: 43.7, 4: 43.7, 5: 43.7, 6: 43.7}
2024-10-29 01:47:05,248 INFO: Incrementing motor positions by 360 degrees for group 'Wheg_Group'
2024-10-29 01:47:05,259 INFO: Gait 1 step executed at 10.00RPM, wait for 6.00 seconds
2024-10-29 01:47:05,815 INFO: Running set_position_group for group 'Pivot_Group' with positions: {7: 180, 8: 200}
2024-10-29 01:47:05,820 INFO: Front pivot angle set to 180 degrees (ticks: 180)
2024-10-29 01:47:05,820 INFO: Rear pivot angle set to 200 degrees (ticks: 200)
2024-10-29 01:47:06,078 INFO: Running set_position_group for group 'Pivot_Group' with positions: {7: 180, 8: 195}
2024-10-29 01:47:06,083 INFO: Front pivot angle set to 180 degrees (ticks: 180)
2024-10-29 01:47:06,084 INFO: Rear pivot angle set to 195 degrees (ticks: 195)
2024-10-29 01:47:06,599 INFO: Running set_position_group for group 'Pivot_Group' with positions: {7: 180, 8: 190}
2024-10-29 01:47:06,604 INFO: Front pivot angle set to 180 degrees (ticks: 180)
2024-10-29 01:47:06,605 INFO: Rear pivot angle set to 190 degrees (ticks: 190)
2024-10-29 01:47:07,383 INFO: Running set_position_group for group 'Pivot_Group' with positions: {7: 180, 8: 185}
2024-10-29 01:47:07,388 INFO: Front pivot angle set to 180 degrees (ticks: 180)
2024-10-29 01:47:07,388 INFO: Rear pivot angle set to 185 degrees (ticks: 185)
2024-10-29 01:47:07,904 INFO: Running set_position_group for group 'Pivot_Group' with positions: {7: 180, 8: 190}
2024-10-29 01:47:07,910 INFO: Front pivot angle set to 180 degrees (ticks: 180)
2024-10-29 01:47:07,911 INFO: Rear pivot angle set to 190 degrees (ticks: 190)
2024-10-29 01:47:08,164 INFO: Running set_position_group for group 'Pivot_Group' with positions: {7: 180, 8: 195}
2024-10-29 01:47:08,169 INFO: Front pivot angle set to 180 degrees (ticks: 180)
2024-10-29 01:47:08,169 INFO: Rear pivot angle set to 195 degrees (ticks: 195)
2024-10-29 01:47:08,434 INFO: Running set_position_group for group 'Pivot_Group' with positions: {7: 180, 8: 200}
2024-10-29 01:47:08,439 INFO: Front pivot angle set to 180 degrees (ticks: 180)
2024-10-29 01:47:08,440 INFO: Rear pivot angle set to 200 degrees (ticks: 200)
2024-10-29 01:47:08,708 INFO: Running set_position_group for group 'Pivot_Group' with positions: {7: 180, 8: 205}
2024-10-29 01:47:08,714 INFO: Front pivot angle set to 180 degrees (ticks: 180)
2024-10-29 01:47:08,716 INFO: Rear pivot angle set to 205 degrees (ticks: 205)
2024-10-29 01:47:09,251 INFO: Running set_position_group for group 'Pivot_Group' with positions: {7: 180, 8: 210}
2024-10-29 01:47:09,256 INFO: Front pivot angle set to 180 degrees (ticks: 180)
2024-10-29 01:47:09,257 INFO: Rear pivot angle set to 210 degrees (ticks: 210)
2024-10-29 01:47:09,796 INFO: Running set_position_group for group 'Pivot_Group' with positions: {7: 180, 8: 205}
2024-10-29 01:47:09,803 INFO: Front pivot angle set to 180 degrees (ticks: 180)
2024-10-29 01:47:09,805 INFO: Rear pivot angle set to 205 degrees (ticks: 205)
2024-10-29 01:47:10,058 INFO: Running set_position_group for group 'Pivot_Group' with positions: {7: 180, 8: 200}
2024-10-29 01:47:10,063 INFO: Front pivot angle set to 180 degrees (ticks: 180)
2024-10-29 01:47:10,064 INFO: Rear pivot angle set to 200 degrees (ticks: 200)
2024-10-29 01:47:10,319 INFO: Running set_position_group for group 'Pivot_Group' with positions: {7: 180, 8: 195}
2024-10-29 01:47:10,324 INFO: Front pivot angle set to 180 degrees (ticks: 180)
2024-10-29 01:47:10,325 INFO: Rear pivot angle set to 195 degrees (ticks: 195)
2024-10-29 01:47:10,841 INFO: Running set_position_group for group 'Pivot_Group' with positions: {7: 180, 8: 190}
2024-10-29 01:47:10,846 INFO: Front pivot angle set to 180 degrees (ticks: 180)
2024-10-29 01:47:10,847 INFO: Rear pivot angle set to 190 degrees (ticks: 190)
2024-10-29 01:47:11,286 INFO: Profile velocities set for group Wheg_Group: {1: 65.55, 2: 65.55, 3: 65.55, 4: 65.55, 5: 65.55, 6: 65.55}
2024-10-29 01:47:11,286 INFO: Incrementing motor positions by 360 degrees for group 'Wheg_Group'
2024-10-29 01:47:11,297 INFO: Gait 1 step executed at 15.00RPM, wait for 4.00 seconds
2024-10-29 01:47:15,381 INFO: Triangle pressed. Preparing to change to next gait: 2
2024-10-29 01:47:15,386 INFO: Initialising Gait 2
2024-10-29 01:47:15,387 INFO: Running set_position_group for group 'Wheg_Group' with positions: {1: 160, 2: 200, 3: 160, 4: 200, 5: 160, 6: 200}
2024-10-29 01:47:15,393 WARNING: Motor 1 is not in Position Control Mode. Setting mode now.
2024-10-29 01:47:15,393 INFO: Setting operating mode 'position' for group 'Wheg_Group'
2024-10-29 01:47:15,394 INFO: Disabling torque for group Wheg_Group
2024-10-29 01:47:15,396 INFO: Enabling torque for group Wheg_Group
2024-10-29 01:47:15,397 INFO: Setting the profile velocity for group Wheg_Group from config.yaml: 10
2024-10-29 01:47:15,398 INFO: Profile velocities set for group Wheg_Group: {1: 43.7, 2: 43.7, 3: 43.7, 4: 43.7, 5: 43.7, 6: 43.7}
2024-10-29 01:47:15,402 INFO: Running set_position_group for group 'Pivot_Group' with positions: 180
2024-10-29 01:47:15,406 INFO: Initialised Gait 2, waiting for 3 seconds
2024-10-29 01:47:18,431 INFO: Setting operating mode 'multi_turn' for group 'Wheg_Group'
2024-10-29 01:47:18,432 INFO: Disabling torque for group Wheg_Group
2024-10-29 01:47:18,435 INFO: Enabling torque for group Wheg_Group
2024-10-29 01:47:18,437 INFO: Setting the profile velocity for group Wheg_Group from config.yaml: 10
2024-10-29 01:47:18,438 INFO: Profile velocities set for group Wheg_Group: {1: 43.7, 2: 43.7, 3: 43.7, 4: 43.7, 5: 43.7, 6: 43.7}
2024-10-29 01:47:18,439 INFO: New gait 2 is now active.
2024-10-29 01:47:22,454 INFO: Initiating safe shutdown...
2024-10-29 01:47:22,455 INFO: Setting operating mode 'velocity' for group 'All_Motors'
2024-10-29 01:47:22,455 INFO: Disabling torque for group All_Motors
2024-10-29 01:47:22,457 INFO: Enabling torque for group All_Motors
2024-10-29 01:47:22,458 WARNING: Velocity limit 200 exceeds hard limit 100. Limiting to 100.
2024-10-29 01:47:22,459 INFO: Velocity limit set to 100 for group All_Motors
2024-10-29 01:47:22,460 INFO: Enabling torque for group All_Motors
2024-10-29 01:47:22,461 INFO: Target velocities set for group All_Motors: {1: 0, 2: 0, 3: 0, 4: 0, 5: 0, 6: 0, 7: 0, 8: 0}
2024-10-29 01:47:22,462 INFO: Running set_position_group for group 'All_Motors' with positions: 180
2024-10-29 01:47:22,470 WARNING: Motor 1 is not in Position Control Mode. Setting mode now.
2024-10-29 01:47:22,471 INFO: Setting operating mode 'position' for group 'All_Motors'
2024-10-29 01:47:22,472 INFO: Disabling torque for group All_Motors
2024-10-29 01:47:22,473 INFO: Enabling torque for group All_Motors
2024-10-29 01:47:22,474 INFO: Setting the profile velocity for group All_Motors from config.yaml: 5
2024-10-29 01:47:22,475 INFO: Profile velocities set for group All_Motors: {1: 21.85, 2: 21.85, 3: 21.85, 4: 21.85, 5: 21.85, 6: 21.85, 7: 21.85, 8: 21.85}
2024-10-29 01:47:22,476 INFO: Closing PS4Controller and quitting pygame
2024-10-29 01:47:22,567 INFO: Port closed successfully.
2024-10-29 01:47:22,567 INFO: Shutdown complete.
