2024-10-30 13:46:25,229 INFO: Initializing PS4Controller
2024-10-30 13:46:25,526 INFO: Configuration loaded successfully
2024-10-30 13:46:25,528 INFO: Port /dev/ttyACM0 opened successfully
2024-10-30 13:46:25,538 INFO: Baudrate set to 1000000
2024-10-30 13:46:25,539 INFO: Control table loaded successfully.
2024-10-30 13:46:25,539 INFO: Motor group 'Pivot_Group' created with motors: [7, 8]
2024-10-30 13:46:25,540 INFO: Motor group 'Wheg_Group' created with motors: [1, 2, 3, 4, 5, 6]
2024-10-30 13:46:25,540 INFO: Motor group 'All_Motors' created with motors: [1, 2, 3, 4, 5, 6, 7, 8]
2024-10-30 13:46:25,541 INFO: Motor group 'Left_Whegs' created with motors: [1, 2, 3]
2024-10-30 13:46:25,541 INFO: Motor group 'Right_Whegs' created with motors: [4, 5, 6]
2024-10-30 13:46:25,541 INFO: Motor group 'Front_Whegs' created with motors: [3, 6]
2024-10-30 13:46:25,542 INFO: Motor group 'Rear_Whegs' created with motors: [1, 4]
2024-10-30 13:46:25,542 INFO: Motor group 'Middle_Whegs' created with motors: [2, 5]
2024-10-30 13:46:25,543 INFO: Motor group 'Two_Right_One_Left' created with motors: [2, 4, 6]
2024-10-30 13:46:25,543 INFO: Motor group 'Two_Left_One_Right' created with motors: [5, 1, 3]
2024-10-30 13:46:25,543 INFO: Initialised PS4 controller, Dynamixel, and Robot State
2024-10-30 13:46:25,698 INFO: Disabling torque for group Right_Whegs
2024-10-30 13:46:25,700 INFO: Drive mode set for group Right_Whegs with reverse_direction=True
2024-10-30 13:46:25,701 INFO: Enabling torque for group Right_Whegs
2024-10-30 13:46:25,703 INFO: Setting the profile velocity for group Right_Whegs from config.yaml: None
2024-10-30 13:46:25,705 ERROR: Profile velocity for group Right_Whegs not found in config.yaml and no value was provided.
2024-10-30 13:46:25,707 INFO: Profile velocities set for group Right_Whegs: {4: 21.85, 5: 21.85, 6: 21.85}
2024-10-30 13:46:25,710 INFO: Disabling torque for group Left_Whegs
2024-10-30 13:46:25,711 INFO: Drive mode set for group Left_Whegs with reverse_direction=False
2024-10-30 13:46:25,712 INFO: Enabling torque for group Left_Whegs
2024-10-30 13:46:25,713 INFO: Setting the profile velocity for group Left_Whegs from config.yaml: None
2024-10-30 13:46:25,713 ERROR: Profile velocity for group Left_Whegs not found in config.yaml and no value was provided.
2024-10-30 13:46:25,714 INFO: Profile velocities set for group Left_Whegs: {1: 21.85, 2: 21.85, 3: 21.85}
2024-10-30 13:46:25,715 INFO: Set the right side whegs to reverse direction
2024-10-30 13:46:25,715 INFO: Disabling torque for group Pivot_Group
2024-10-30 13:46:25,716 INFO: Drive mode set for group Pivot_Group with reverse_direction=False
2024-10-30 13:46:25,716 INFO: Enabling torque for group Pivot_Group
2024-10-30 13:46:25,717 INFO: Setting the profile velocity for group Pivot_Group from config.yaml: 4
2024-10-30 13:46:25,718 INFO: Profile velocities set for group Pivot_Group: {7: 17.48, 8: 17.48}
2024-10-30 13:46:25,719 INFO: Position limits set for group Pivot_Group: min=45° (ticks=511), max=315° (ticks=3583)
2024-10-30 13:46:25,720 INFO: Set position limits for the pivot motors
2024-10-30 13:46:25,729 INFO: Initialising Gait 1
2024-10-30 13:46:25,729 INFO: Running set_position_group for group 'Wheg_Group' with positions: 180
2024-10-30 13:46:25,735 INFO: Running set_position_group for group 'Pivot_Group' with positions: 180
2024-10-30 13:46:25,739 INFO: Initialised Gait 1, waiting for 3 seconds
2024-10-30 13:46:25,739 ERROR: Error controlling pivots: 'dpad_down'
2024-10-30 13:46:28,320 INFO: R3 pressed. Turning mode requested
2024-10-30 13:46:28,740 INFO: Setting operating mode 'multi_turn' for group 'Wheg_Group'
2024-10-30 13:46:28,741 INFO: Disabling torque for group Wheg_Group
2024-10-30 13:46:28,742 INFO: Enabling torque for group Wheg_Group
2024-10-30 13:46:28,743 INFO: Setting the profile velocity for group Wheg_Group from config.yaml: 10
2024-10-30 13:46:28,744 INFO: Profile velocities set for group Wheg_Group: {1: 43.7, 2: 43.7, 3: 43.7, 4: 43.7, 5: 43.7, 6: 43.7}
2024-10-30 13:46:28,744 INFO: Setting the profile velocity for group Wheg_Group from config.yaml: 10
2024-10-30 13:46:28,746 INFO: Profile velocities set for group Wheg_Group: {1: 43.7, 2: 43.7, 3: 43.7, 4: 43.7, 5: 43.7, 6: 43.7}
2024-10-30 13:46:28,746 INFO: New gait 1 is now active.
2024-10-30 13:46:28,747 INFO: Initialising Turn Mode
2024-10-30 13:46:28,747 INFO: Running set_position_group for group 'Wheg_Group' with positions: {1: 160, 2: 200, 3: 160, 4: 160, 5: 200, 6: 160}
2024-10-30 13:46:28,753 WARNING: Motor 1 is not in Position Control Mode. Setting mode now.
2024-10-30 13:46:28,753 INFO: Setting operating mode 'position' for group 'Wheg_Group'
2024-10-30 13:46:28,754 INFO: Disabling torque for group Wheg_Group
2024-10-30 13:46:28,755 INFO: Enabling torque for group Wheg_Group
2024-10-30 13:46:28,756 INFO: Setting the profile velocity for group Wheg_Group from config.yaml: 10
2024-10-30 13:46:28,757 INFO: Profile velocities set for group Wheg_Group: {1: 43.7, 2: 43.7, 3: 43.7, 4: 43.7, 5: 43.7, 6: 43.7}
2024-10-30 13:46:28,757 INFO: Setting the profile velocity for group Wheg_Group from config.yaml: 10
2024-10-30 13:46:28,759 INFO: Profile velocities set for group Wheg_Group: {1: 43.7, 2: 43.7, 3: 43.7, 4: 43.7, 5: 43.7, 6: 43.7}
2024-10-30 13:46:28,759 INFO: Running set_position_group for group 'Pivot_Group' with positions: 180
2024-10-30 13:46:28,763 INFO: Initialised turn mode, waiting for 3 seconds
2024-10-30 13:46:31,764 INFO: Setting operating mode 'multi_turn' for group 'Wheg_Group'
2024-10-30 13:46:31,765 INFO: Disabling torque for group Wheg_Group
2024-10-30 13:46:31,766 INFO: Enabling torque for group Wheg_Group
2024-10-30 13:46:31,767 INFO: Setting the profile velocity for group Wheg_Group from config.yaml: 10
2024-10-30 13:46:31,768 INFO: Profile velocities set for group Wheg_Group: {1: 43.7, 2: 43.7, 3: 43.7, 4: 43.7, 5: 43.7, 6: 43.7}
2024-10-30 13:46:31,769 INFO: Setting the profile velocity for group Wheg_Group from config.yaml: 10
2024-10-30 13:46:31,771 INFO: Profile velocities set for group Wheg_Group: {1: 43.7, 2: 43.7, 3: 43.7, 4: 43.7, 5: 43.7, 6: 43.7}
2024-10-30 13:46:31,771 INFO: Turn mode activated.
2024-10-30 13:46:32,338 INFO: Profile velocities set for group Wheg_Group: {1: 8.74, 2: 69.92, 3: 8.74, 4: 69.92, 5: 8.74, 6: 69.92}
2024-10-30 13:46:32,339 INFO: Incrementing motor positions by {1: 40, 2: 320, 3: 40, 4: -320, 5: -40, 6: -320} degrees for group 'Wheg_Group'
2024-10-30 13:46:32,350 INFO: Gait 4 step executed at 2.00RPM, wait for 3.36 seconds
2024-10-30 13:46:36,227 INFO: Profile velocities set for group Wheg_Group: {1: 104.87893310546875, 2: 13.109866638183593, 3: 104.87893310546875, 4: 13.109866638183593, 5: 104.87893310546875, 6: 13.109866638183593}
2024-10-30 13:46:36,227 INFO: Incrementing motor positions by {1: 320, 2: 40, 3: 320, 4: -40, 5: -320, 6: -40} degrees for group 'Wheg_Group'
2024-10-30 13:46:36,238 INFO: Gait 4 step executed at 3.00RPM, wait for 2.25 seconds
2024-10-30 13:46:39,000 WARNING: Motors are not in the correct positions for Gait 4. Positions: {1: 158.32421875, 2: 186.888671875, 3: 162.279296875, 4: 102.11328125, 5: 141.927734375, 6: 98.94921875}
2024-10-30 13:46:39,000 WARNING: Waiting for 1 second before checking for movement
2024-10-30 13:46:39,150 CRITICAL: Motors are not moving, reseting positions, and waiting for 3 seconds.
2024-10-30 13:46:39,151 INFO: Running set_position_group for group 'Wheg_Group' with positions: {1: 160, 2: 200, 3: 160, 4: 160, 5: 200, 6: 160}
2024-10-30 13:46:39,157 WARNING: Motor 1 is not in Position Control Mode. Setting mode now.
2024-10-30 13:46:39,159 INFO: Setting operating mode 'position' for group 'Wheg_Group'
2024-10-30 13:46:39,160 INFO: Disabling torque for group Wheg_Group
2024-10-30 13:46:39,163 INFO: Enabling torque for group Wheg_Group
2024-10-30 13:46:39,164 INFO: Setting the profile velocity for group Wheg_Group from config.yaml: 10
2024-10-30 13:46:39,165 INFO: Profile velocities set for group Wheg_Group: {1: 43.7, 2: 43.7, 3: 43.7, 4: 43.7, 5: 43.7, 6: 43.7}
2024-10-30 13:46:39,166 INFO: Setting the profile velocity for group Wheg_Group from config.yaml: 10
2024-10-30 13:46:39,167 INFO: Profile velocities set for group Wheg_Group: {1: 43.7, 2: 43.7, 3: 43.7, 4: 43.7, 5: 43.7, 6: 43.7}
2024-10-30 13:46:42,201 INFO: Setting operating mode 'multi_turn' for group 'Wheg_Group'
2024-10-30 13:46:42,202 INFO: Disabling torque for group Wheg_Group
2024-10-30 13:46:42,204 INFO: Enabling torque for group Wheg_Group
2024-10-30 13:46:42,206 INFO: Setting the profile velocity for group Wheg_Group from config.yaml: 10
2024-10-30 13:46:42,208 INFO: Profile velocities set for group Wheg_Group: {1: 43.7, 2: 43.7, 3: 43.7, 4: 43.7, 5: 43.7, 6: 43.7}
2024-10-30 13:46:42,209 INFO: Setting the profile velocity for group Wheg_Group from config.yaml: 10
2024-10-30 13:46:42,210 INFO: Profile velocities set for group Wheg_Group: {1: 43.7, 2: 43.7, 3: 43.7, 4: 43.7, 5: 43.7, 6: 43.7}
2024-10-30 13:46:42,210 INFO: Profile velocities set for group Wheg_Group: {1: 13.109866638183593, 2: 104.87893310546875, 3: 13.109866638183593, 4: 104.87893310546875, 5: 13.109866638183593, 6: 104.87893310546875}
2024-10-30 13:46:42,211 INFO: Incrementing motor positions by {1: 40, 2: 320, 3: 40, 4: -320, 5: -40, 6: -320} degrees for group 'Wheg_Group'
2024-10-30 13:46:42,221 INFO: Gait 4 step executed at 3.00RPM, wait for 2.25 seconds
2024-10-30 13:46:44,984 INFO: Profile velocities set for group Wheg_Group: {1: 104.87893310546875, 2: 13.109866638183593, 3: 104.87893310546875, 4: 13.109866638183593, 5: 104.87893310546875, 6: 13.109866638183593}
2024-10-30 13:46:44,985 INFO: Incrementing motor positions by {1: 320, 2: 40, 3: 320, 4: -40, 5: -320, 6: -40} degrees for group 'Wheg_Group'
2024-10-30 13:46:44,998 INFO: Gait 4 step executed at 3.00RPM, wait for 2.25 seconds
2024-10-30 13:46:47,760 WARNING: Motors are not in the correct positions for Gait 4. Positions: {1: 159.642578125, 2: 189.26171875, 3: 161.6640625, 4: 101.849609375, 5: 145.00390625, 6: 97.630859375}
2024-10-30 13:46:47,761 WARNING: Waiting for 1 second before checking for movement
2024-10-30 13:46:47,868 CRITICAL: Motors are not moving, reseting positions, and waiting for 3 seconds.
2024-10-30 13:46:47,868 INFO: Running set_position_group for group 'Wheg_Group' with positions: {1: 160, 2: 200, 3: 160, 4: 160, 5: 200, 6: 160}
2024-10-30 13:46:47,874 WARNING: Motor 1 is not in Position Control Mode. Setting mode now.
2024-10-30 13:46:47,874 INFO: Setting operating mode 'position' for group 'Wheg_Group'
2024-10-30 13:46:47,875 INFO: Disabling torque for group Wheg_Group
2024-10-30 13:46:47,876 INFO: Enabling torque for group Wheg_Group
2024-10-30 13:46:47,877 INFO: Setting the profile velocity for group Wheg_Group from config.yaml: 10
2024-10-30 13:46:47,878 INFO: Profile velocities set for group Wheg_Group: {1: 43.7, 2: 43.7, 3: 43.7, 4: 43.7, 5: 43.7, 6: 43.7}
2024-10-30 13:46:47,878 INFO: Setting the profile velocity for group Wheg_Group from config.yaml: 10
2024-10-30 13:46:47,879 INFO: Profile velocities set for group Wheg_Group: {1: 43.7, 2: 43.7, 3: 43.7, 4: 43.7, 5: 43.7, 6: 43.7}
2024-10-30 13:46:50,902 INFO: Setting operating mode 'multi_turn' for group 'Wheg_Group'
2024-10-30 13:46:50,903 INFO: Disabling torque for group Wheg_Group
2024-10-30 13:46:50,905 INFO: Enabling torque for group Wheg_Group
2024-10-30 13:46:50,906 INFO: Setting the profile velocity for group Wheg_Group from config.yaml: 10
2024-10-30 13:46:50,908 INFO: Profile velocities set for group Wheg_Group: {1: 43.7, 2: 43.7, 3: 43.7, 4: 43.7, 5: 43.7, 6: 43.7}
2024-10-30 13:46:50,908 INFO: Setting the profile velocity for group Wheg_Group from config.yaml: 10
2024-10-30 13:46:50,909 INFO: Profile velocities set for group Wheg_Group: {1: 43.7, 2: 43.7, 3: 43.7, 4: 43.7, 5: 43.7, 6: 43.7}
2024-10-30 13:46:50,910 INFO: Profile velocities set for group Wheg_Group: {1: 13.109866638183593, 2: 104.87893310546875, 3: 13.109866638183593, 4: 104.87893310546875, 5: 13.109866638183593, 6: 104.87893310546875}
2024-10-30 13:46:50,910 INFO: Incrementing motor positions by {1: 40, 2: 320, 3: 40, 4: -320, 5: -40, 6: -320} degrees for group 'Wheg_Group'
2024-10-30 13:46:50,921 INFO: Gait 4 step executed at 3.00RPM, wait for 2.25 seconds
2024-10-30 13:46:53,697 INFO: Profile velocities set for group Wheg_Group: {1: 104.87893310546875, 2: 13.109866638183593, 3: 104.87893310546875, 4: 13.109866638183593, 5: 104.87893310546875, 6: 13.109866638183593}
2024-10-30 13:46:53,698 INFO: Incrementing motor positions by {1: 320, 2: 40, 3: 320, 4: -40, 5: -320, 6: -40} degrees for group 'Wheg_Group'
2024-10-30 13:46:53,710 INFO: Gait 4 step executed at 3.00RPM, wait for 2.25 seconds
2024-10-30 13:46:53,945 INFO: share pressed. Turning mode deactivating
2024-10-30 13:46:55,959 WARNING: No motors found for group 'All_Whegs'
2024-10-30 13:46:55,959 WARNING: Set direction of whegs to forward
2024-10-30 13:46:55,960 INFO: Turn mode deactivating
2024-10-30 13:46:58,435 INFO: Profile velocities set for group Wheg_Group: {1: 5.432493591308594, 2: 5.432493591308594, 3: 5.432493591308594, 4: 5.432493591308594, 5: 5.432493591308594, 6: 5.432493591308594}
2024-10-30 13:46:58,435 INFO: Incrementing motor positions by 360 degrees for group 'Wheg_Group'
2024-10-30 13:46:58,446 INFO: Gait 1 step executed at 1.24RPM, wait for 48.27 seconds
2024-10-30 13:47:03,969 INFO: Initiating safe shutdown...
2024-10-30 13:47:03,970 INFO: Setting operating mode 'velocity' for group 'All_Motors'
2024-10-30 13:47:03,970 INFO: Disabling torque for group All_Motors
2024-10-30 13:47:03,971 INFO: Enabling torque for group All_Motors
2024-10-30 13:47:03,972 INFO: Setting the profile velocity for group All_Motors from config.yaml: 8
2024-10-30 13:47:03,973 INFO: Profile velocities set for group All_Motors: {1: 34.96, 2: 34.96, 3: 34.96, 4: 34.96, 5: 34.96, 6: 34.96, 7: 34.96, 8: 34.96}
2024-10-30 13:47:03,973 WARNING: Velocity limit 200 exceeds hard limit 100. Limiting to 100.
2024-10-30 13:47:03,974 INFO: Velocity limit set to 100 for group All_Motors
2024-10-30 13:47:03,974 INFO: Enabling torque for group All_Motors
2024-10-30 13:47:03,975 INFO: Setting the profile velocity for group All_Motors from config.yaml: 8
2024-10-30 13:47:03,976 INFO: Profile velocities set for group All_Motors: {1: 34.96, 2: 34.96, 3: 34.96, 4: 34.96, 5: 34.96, 6: 34.96, 7: 34.96, 8: 34.96}
2024-10-30 13:47:03,977 INFO: Target velocities set for group All_Motors: {1: 0, 2: 0, 3: 0, 4: 0, 5: 0, 6: 0, 7: 0, 8: 0}
2024-10-30 13:47:03,977 INFO: Running set_position_group for group 'All_Motors' with positions: 180
2024-10-30 13:47:03,985 WARNING: Motor 1 is not in Position Control Mode. Setting mode now.
2024-10-30 13:47:03,985 INFO: Setting operating mode 'position' for group 'All_Motors'
2024-10-30 13:47:03,986 INFO: Disabling torque for group All_Motors
2024-10-30 13:47:03,987 INFO: Enabling torque for group All_Motors
2024-10-30 13:47:03,987 INFO: Setting the profile velocity for group All_Motors from config.yaml: 8
2024-10-30 13:47:03,988 INFO: Profile velocities set for group All_Motors: {1: 34.96, 2: 34.96, 3: 34.96, 4: 34.96, 5: 34.96, 6: 34.96, 7: 34.96, 8: 34.96}
2024-10-30 13:47:03,988 INFO: Setting the profile velocity for group All_Motors from config.yaml: 8
2024-10-30 13:47:03,989 INFO: Profile velocities set for group All_Motors: {1: 34.96, 2: 34.96, 3: 34.96, 4: 34.96, 5: 34.96, 6: 34.96, 7: 34.96, 8: 34.96}
2024-10-30 13:47:03,990 INFO: Closing PS4Controller and quitting pygame
2024-10-30 13:47:04,092 INFO: Port closed successfully.
2024-10-30 13:47:04,092 INFO: Shutdown complete.
