2025-04-17 16:47:22,316 INFO: Initializing PS4Controller
2025-04-17 16:47:22,909 INFO: Configuration loaded successfully
2025-04-17 16:47:22,913 INFO: Port /dev/ttyACM0 opened successfully
2025-04-17 16:47:22,923 INFO: Baudrate set to 1000000
2025-04-17 16:47:22,924 INFO: Control table loaded successfully.
2025-04-17 16:47:22,924 INFO: Motor group 'Pivot_Group' created with motors: [7, 8]
2025-04-17 16:47:22,925 INFO: Motor group 'Wheg_Group' created with motors: [1, 2, 3, 4, 5, 6]
2025-04-17 16:47:22,925 INFO: Motor group 'All_Motors' created with motors: [1, 2, 3, 4, 5, 6, 7, 8]
2025-04-17 16:47:22,926 INFO: Motor group 'Left_Whegs' created with motors: [1, 2, 3]
2025-04-17 16:47:22,926 INFO: Motor group 'Right_Whegs' created with motors: [4, 5, 6]
2025-04-17 16:47:22,926 INFO: Motor group 'Front_Whegs' created with motors: [3, 6]
2025-04-17 16:47:22,927 INFO: Motor group 'Rear_Whegs' created with motors: [1, 4]
2025-04-17 16:47:22,927 INFO: Motor group 'Middle_Whegs' created with motors: [2, 5]
2025-04-17 16:47:22,927 INFO: Motor group 'Two_Right_One_Left' created with motors: [2, 4, 6]
2025-04-17 16:47:22,928 INFO: Motor group 'Two_Left_One_Right' created with motors: [5, 1, 3]
2025-04-17 16:47:22,928 INFO: Initialised PS4 controller, Dynamixel, and Robot State
2025-04-17 16:47:22,928 INFO: Disabling torque for group Right_Whegs
2025-04-17 16:47:22,930 INFO: Drive mode set for group Right_Whegs with reverse_direction=True
2025-04-17 16:47:22,930 INFO: Enabling torque for group Right_Whegs
2025-04-17 16:47:22,931 INFO: Setting the profile velocity for group Right_Whegs from config.yaml: None
2025-04-17 16:47:22,931 ERROR: Profile velocity for group Right_Whegs not found in config.yaml and no value was provided.
2025-04-17 16:47:22,931 INFO: Disabling torque for group Left_Whegs
2025-04-17 16:47:22,932 INFO: Drive mode set for group Left_Whegs with reverse_direction=False
2025-04-17 16:47:22,933 INFO: Enabling torque for group Left_Whegs
2025-04-17 16:47:22,933 INFO: Setting the profile velocity for group Left_Whegs from config.yaml: None
2025-04-17 16:47:22,934 ERROR: Profile velocity for group Left_Whegs not found in config.yaml and no value was provided.
2025-04-17 16:47:22,934 INFO: Set the right side whegs to reverse direction
2025-04-17 16:47:22,934 INFO: Disabling torque for group Pivot_Group
2025-04-17 16:47:22,935 INFO: Drive mode set for group Pivot_Group with reverse_direction=False
2025-04-17 16:47:22,936 INFO: Enabling torque for group Pivot_Group
2025-04-17 16:47:22,936 INFO: Setting the profile velocity for group Pivot_Group from config.yaml: 4
2025-04-17 16:47:22,937 INFO: Profile velocities set for group Pivot_Group: {7: 17.48, 8: 17.48}
2025-04-17 16:47:22,938 INFO: Position limits set for group Pivot_Group: min=45° (ticks=511), max=315° (ticks=3583)
2025-04-17 16:47:22,938 INFO: Set position limits for the pivot motors
2025-04-17 16:47:23,067 INFO: Initialising Gait 1
2025-04-17 16:47:23,069 INFO: Disabling torque for group Wheg_Group
2025-04-17 16:47:23,074 INFO: Drive mode set for group Wheg_Group with reverse_direction={1: 0, 2: 0, 3: 0, 4: 1, 5: 1, 6: 1}
2025-04-17 16:47:23,077 INFO: Enabling torque for group Wheg_Group
2025-04-17 16:47:23,083 INFO: Setting the profile velocity for group Wheg_Group from config.yaml: 10
2025-04-17 16:47:23,089 INFO: Profile velocities set for group Wheg_Group: {1: 43.7, 2: 43.7, 3: 43.7, 4: 43.7, 5: 43.7, 6: 43.7}
2025-04-17 16:47:23,091 WARNING: Set direction of whegs to forward
2025-04-17 16:47:23,095 WARNING: Direction set for all whegs
2025-04-17 16:47:23,096 INFO: Running set_position_group for group 'Wheg_Group' with positions: 180
2025-04-17 16:47:23,104 INFO: Running set_position_group for group 'Pivot_Group' with positions: 180
2025-04-17 16:47:23,112 INFO: Initialised Gait 1, waiting for 1 seconds
2025-04-17 16:47:23,113 ERROR: Error controlling pivots: 'dpad_down'
2025-04-17 16:47:24,148 INFO: Setting operating mode 'multi_turn' for group 'Wheg_Group'
2025-04-17 16:47:24,149 INFO: Disabling torque for group Wheg_Group
2025-04-17 16:47:24,156 INFO: Enabling torque for group Wheg_Group
2025-04-17 16:47:24,175 INFO: Setting the profile velocity for group Wheg_Group from config.yaml: 10
2025-04-17 16:47:24,177 INFO: Profile velocities set for group Wheg_Group: {1: 43.7, 2: 43.7, 3: 43.7, 4: 43.7, 5: 43.7, 6: 43.7}
2025-04-17 16:47:24,180 INFO: Setting the profile velocity for group Wheg_Group from config.yaml: 10
2025-04-17 16:47:24,193 INFO: Profile velocities set for group Wheg_Group: {1: 43.7, 2: 43.7, 3: 43.7, 4: 43.7, 5: 43.7, 6: 43.7}
2025-04-17 16:47:24,194 INFO: New gait 1 is now active.
2025-04-17 16:47:39,833 INFO: Profile velocities set for group Wheg_Group: {1: 87.4, 2: 87.4, 3: 87.4, 4: 87.4, 5: 87.4, 6: 87.4}
2025-04-17 16:47:39,835 INFO: Incrementing motor positions by 360 degrees for group 'Wheg_Group'
2025-04-17 16:47:39,847 INFO: Gait 1 step executed at 20.00RPM, wait for 3.00 seconds
2025-04-17 16:47:46,162 INFO: Square pressed. Preparing to change to previous gait: 4
2025-04-17 16:47:46,174 INFO: Initialising Gait 4
2025-04-17 16:47:46,179 INFO: Direction data: {1: {'drive_mode': 0}, 2: {'drive_mode': 0}, 3: {'drive_mode': 0}}
2025-04-17 16:47:46,180 INFO: Disabling torque for group Left_Whegs
2025-04-17 16:47:46,182 INFO: Drive mode set for group Left_Whegs with reverse_direction={1: 1, 2: 1, 3: 1}
2025-04-17 16:47:46,183 INFO: Enabling torque for group Left_Whegs
2025-04-17 16:47:46,184 INFO: Setting the profile velocity for group Left_Whegs from config.yaml: None
2025-04-17 16:47:46,185 ERROR: Profile velocity for group Left_Whegs not found in config.yaml and no value was provided.
2025-04-17 16:47:46,185 WARNING: Reversed the direction of the left whegs
2025-04-17 16:47:46,186 INFO: Running set_position_group for group 'Wheg_Group' with positions: {1: 160, 2: 200, 3: 160, 4: 200, 5: 160, 6: 200}
2025-04-17 16:47:46,195 WARNING: Motor 1 is not in Position Control Mode. Setting mode now.
2025-04-17 16:47:46,196 INFO: Setting operating mode 'position' for group 'Wheg_Group'
2025-04-17 16:47:46,197 INFO: Disabling torque for group Wheg_Group
2025-04-17 16:47:46,199 INFO: Enabling torque for group Wheg_Group
2025-04-17 16:47:46,200 INFO: Setting the profile velocity for group Wheg_Group from config.yaml: 10
2025-04-17 16:47:46,202 INFO: Profile velocities set for group Wheg_Group: {1: 43.7, 2: 43.7, 3: 43.7, 4: 43.7, 5: 43.7, 6: 43.7}
2025-04-17 16:47:46,203 INFO: Setting the profile velocity for group Wheg_Group from config.yaml: 10
2025-04-17 16:47:46,204 INFO: Profile velocities set for group Wheg_Group: {1: 43.7, 2: 43.7, 3: 43.7, 4: 43.7, 5: 43.7, 6: 43.7}
2025-04-17 16:47:46,206 INFO: Running set_position_group for group 'Pivot_Group' with positions: 180
2025-04-17 16:47:46,211 INFO: Initialised Gait 4, waiting for 1 seconds
2025-04-17 16:47:46,264 INFO: Square pressed. Preparing to change to previous gait: 4
2025-04-17 16:47:47,213 INFO: Setting operating mode 'multi_turn' for group 'Wheg_Group'
2025-04-17 16:47:47,214 INFO: Disabling torque for group Wheg_Group
2025-04-17 16:47:47,219 INFO: Enabling torque for group Wheg_Group
2025-04-17 16:47:47,222 INFO: Setting the profile velocity for group Wheg_Group from config.yaml: 10
2025-04-17 16:47:47,224 INFO: Profile velocities set for group Wheg_Group: {1: 43.7, 2: 43.7, 3: 43.7, 4: 43.7, 5: 43.7, 6: 43.7}
2025-04-17 16:47:47,227 INFO: Setting the profile velocity for group Wheg_Group from config.yaml: 10
2025-04-17 16:47:47,228 INFO: Profile velocities set for group Wheg_Group: {1: 43.7, 2: 43.7, 3: 43.7, 4: 43.7, 5: 43.7, 6: 43.7}
2025-04-17 16:47:47,229 INFO: New gait 4 is now active.
2025-04-17 16:47:47,384 INFO: Square pressed. Preparing to change to previous gait: 3
2025-04-17 16:47:47,402 INFO: Initialsing Gait 3
2025-04-17 16:47:47,403 INFO: Disabling torque for group Wheg_Group
2025-04-17 16:47:47,405 INFO: Drive mode set for group Wheg_Group with reverse_direction={1: 0, 2: 0, 3: 0, 4: 1, 5: 1, 6: 1}
2025-04-17 16:47:47,406 INFO: Enabling torque for group Wheg_Group
2025-04-17 16:47:47,407 INFO: Setting the profile velocity for group Wheg_Group from config.yaml: 10
2025-04-17 16:47:47,408 INFO: Profile velocities set for group Wheg_Group: {1: 43.7, 2: 43.7, 3: 43.7, 4: 43.7, 5: 43.7, 6: 43.7}
2025-04-17 16:47:47,409 WARNING: Set direction of whegs to forward
2025-04-17 16:47:47,410 WARNING: Direction set for all whegs
2025-04-17 16:47:47,410 INFO: Running set_position_group for group 'Wheg_Group' with positions: {1: 200, 2: 160, 3: 160, 4: 200, 5: 160, 6: 160}
2025-04-17 16:47:47,416 WARNING: Motor 1 is not in Position Control Mode. Setting mode now.
2025-04-17 16:47:47,417 INFO: Setting operating mode 'position' for group 'Wheg_Group'
2025-04-17 16:47:47,418 INFO: Disabling torque for group Wheg_Group
2025-04-17 16:47:47,421 INFO: Enabling torque for group Wheg_Group
2025-04-17 16:47:47,422 INFO: Setting the profile velocity for group Wheg_Group from config.yaml: 10
2025-04-17 16:47:47,424 INFO: Profile velocities set for group Wheg_Group: {1: 43.7, 2: 43.7, 3: 43.7, 4: 43.7, 5: 43.7, 6: 43.7}
2025-04-17 16:47:47,425 INFO: Setting the profile velocity for group Wheg_Group from config.yaml: 10
2025-04-17 16:47:47,428 INFO: Profile velocities set for group Wheg_Group: {1: 43.7, 2: 43.7, 3: 43.7, 4: 43.7, 5: 43.7, 6: 43.7}
2025-04-17 16:47:47,429 INFO: Running set_position_group for group 'Pivot_Group' with positions: 180
2025-04-17 16:47:47,434 INFO: Initialised Gait 3, waiting for 1 seconds
2025-04-17 16:47:47,488 INFO: Square pressed. Preparing to change to previous gait: 3
2025-04-17 16:47:47,591 INFO: Square pressed. Preparing to change to previous gait: 3
2025-04-17 16:47:47,691 INFO: Square pressed. Preparing to change to previous gait: 3
2025-04-17 16:47:48,435 INFO: Setting operating mode 'multi_turn' for group 'Wheg_Group'
2025-04-17 16:47:48,436 INFO: Disabling torque for group Wheg_Group
2025-04-17 16:47:48,438 INFO: Enabling torque for group Wheg_Group
2025-04-17 16:47:48,440 INFO: Setting the profile velocity for group Wheg_Group from config.yaml: 10
2025-04-17 16:47:48,441 INFO: Profile velocities set for group Wheg_Group: {1: 43.7, 2: 43.7, 3: 43.7, 4: 43.7, 5: 43.7, 6: 43.7}
2025-04-17 16:47:48,444 INFO: Setting the profile velocity for group Wheg_Group from config.yaml: 10
2025-04-17 16:47:48,447 INFO: Profile velocities set for group Wheg_Group: {1: 43.7, 2: 43.7, 3: 43.7, 4: 43.7, 5: 43.7, 6: 43.7}
2025-04-17 16:47:48,447 INFO: New gait 3 is now active.
2025-04-17 16:47:48,504 INFO: Square pressed. Preparing to change to previous gait: 2
2025-04-17 16:47:48,520 INFO: Initialising Gait 2
2025-04-17 16:47:48,521 INFO: Running set_position_group for group 'Wheg_Group' with positions: {1: 160, 2: 200, 3: 160, 4: 200, 5: 160, 6: 200}
2025-04-17 16:47:48,529 WARNING: Motor 1 is not in Position Control Mode. Setting mode now.
2025-04-17 16:47:48,531 INFO: Setting operating mode 'position' for group 'Wheg_Group'
2025-04-17 16:47:48,531 INFO: Disabling torque for group Wheg_Group
2025-04-17 16:47:48,537 INFO: Enabling torque for group Wheg_Group
2025-04-17 16:47:48,538 INFO: Setting the profile velocity for group Wheg_Group from config.yaml: 10
2025-04-17 16:47:48,539 INFO: Profile velocities set for group Wheg_Group: {1: 43.7, 2: 43.7, 3: 43.7, 4: 43.7, 5: 43.7, 6: 43.7}
2025-04-17 16:47:48,540 INFO: Setting the profile velocity for group Wheg_Group from config.yaml: 10
2025-04-17 16:47:48,542 INFO: Profile velocities set for group Wheg_Group: {1: 43.7, 2: 43.7, 3: 43.7, 4: 43.7, 5: 43.7, 6: 43.7}
2025-04-17 16:47:48,544 INFO: Running set_position_group for group 'Pivot_Group' with positions: 180
2025-04-17 16:47:48,548 INFO: Initialised Gait 2, waiting for 1 seconds
2025-04-17 16:47:48,624 INFO: Square pressed. Preparing to change to previous gait: 2
2025-04-17 16:47:49,550 INFO: Setting operating mode 'multi_turn' for group 'Wheg_Group'
2025-04-17 16:47:49,552 INFO: Disabling torque for group Wheg_Group
2025-04-17 16:47:49,558 INFO: Enabling torque for group Wheg_Group
2025-04-17 16:47:49,560 INFO: Setting the profile velocity for group Wheg_Group from config.yaml: 10
2025-04-17 16:47:49,561 INFO: Profile velocities set for group Wheg_Group: {1: 43.7, 2: 43.7, 3: 43.7, 4: 43.7, 5: 43.7, 6: 43.7}
2025-04-17 16:47:49,563 INFO: Setting the profile velocity for group Wheg_Group from config.yaml: 10
2025-04-17 16:47:49,566 INFO: Profile velocities set for group Wheg_Group: {1: 43.7, 2: 43.7, 3: 43.7, 4: 43.7, 5: 43.7, 6: 43.7}
2025-04-17 16:47:49,568 INFO: New gait 2 is now active.
2025-04-17 16:47:49,939 INFO: Square pressed. Preparing to change to previous gait: 1
2025-04-17 16:47:49,954 INFO: Initialising Gait 1
2025-04-17 16:47:49,955 INFO: Disabling torque for group Wheg_Group
2025-04-17 16:47:49,961 INFO: Drive mode set for group Wheg_Group with reverse_direction={1: 0, 2: 0, 3: 0, 4: 1, 5: 1, 6: 1}
2025-04-17 16:47:49,962 INFO: Enabling torque for group Wheg_Group
2025-04-17 16:47:49,964 INFO: Setting the profile velocity for group Wheg_Group from config.yaml: 10
2025-04-17 16:47:49,965 INFO: Profile velocities set for group Wheg_Group: {1: 43.7, 2: 43.7, 3: 43.7, 4: 43.7, 5: 43.7, 6: 43.7}
2025-04-17 16:47:49,966 WARNING: Set direction of whegs to forward
2025-04-17 16:47:49,967 WARNING: Direction set for all whegs
2025-04-17 16:47:49,968 INFO: Running set_position_group for group 'Wheg_Group' with positions: 180
2025-04-17 16:47:49,973 WARNING: Motor 1 is not in Position Control Mode. Setting mode now.
2025-04-17 16:47:49,974 INFO: Setting operating mode 'position' for group 'Wheg_Group'
2025-04-17 16:47:49,977 INFO: Disabling torque for group Wheg_Group
2025-04-17 16:47:49,979 INFO: Enabling torque for group Wheg_Group
2025-04-17 16:47:49,980 INFO: Setting the profile velocity for group Wheg_Group from config.yaml: 10
2025-04-17 16:47:49,986 INFO: Profile velocities set for group Wheg_Group: {1: 43.7, 2: 43.7, 3: 43.7, 4: 43.7, 5: 43.7, 6: 43.7}
2025-04-17 16:47:49,987 INFO: Setting the profile velocity for group Wheg_Group from config.yaml: 10
2025-04-17 16:47:49,989 INFO: Profile velocities set for group Wheg_Group: {1: 43.7, 2: 43.7, 3: 43.7, 4: 43.7, 5: 43.7, 6: 43.7}
2025-04-17 16:47:49,992 INFO: Running set_position_group for group 'Pivot_Group' with positions: 180
2025-04-17 16:47:50,001 INFO: Initialised Gait 1, waiting for 1 seconds
2025-04-17 16:47:51,004 INFO: Setting operating mode 'multi_turn' for group 'Wheg_Group'
2025-04-17 16:47:51,005 INFO: Disabling torque for group Wheg_Group
2025-04-17 16:47:51,008 INFO: Enabling torque for group Wheg_Group
2025-04-17 16:47:51,010 INFO: Setting the profile velocity for group Wheg_Group from config.yaml: 10
2025-04-17 16:47:51,012 INFO: Profile velocities set for group Wheg_Group: {1: 43.7, 2: 43.7, 3: 43.7, 4: 43.7, 5: 43.7, 6: 43.7}
2025-04-17 16:47:51,013 INFO: Setting the profile velocity for group Wheg_Group from config.yaml: 10
2025-04-17 16:47:51,014 INFO: Profile velocities set for group Wheg_Group: {1: 43.7, 2: 43.7, 3: 43.7, 4: 43.7, 5: 43.7, 6: 43.7}
2025-04-17 16:47:51,015 INFO: New gait 1 is now active.
2025-04-17 16:47:51,491 INFO: Square pressed. Preparing to change to previous gait: 4
2025-04-17 16:47:51,507 INFO: Initialising Gait 4
2025-04-17 16:47:51,512 INFO: Direction data: {1: {'drive_mode': 0}, 2: {'drive_mode': 0}, 3: {'drive_mode': 0}}
2025-04-17 16:47:51,513 INFO: Disabling torque for group Left_Whegs
2025-04-17 16:47:51,515 INFO: Drive mode set for group Left_Whegs with reverse_direction={1: 1, 2: 1, 3: 1}
2025-04-17 16:47:51,515 INFO: Enabling torque for group Left_Whegs
2025-04-17 16:47:51,516 INFO: Setting the profile velocity for group Left_Whegs from config.yaml: None
2025-04-17 16:47:51,517 ERROR: Profile velocity for group Left_Whegs not found in config.yaml and no value was provided.
2025-04-17 16:47:51,518 WARNING: Reversed the direction of the left whegs
2025-04-17 16:47:51,518 INFO: Running set_position_group for group 'Wheg_Group' with positions: {1: 160, 2: 200, 3: 160, 4: 200, 5: 160, 6: 200}
2025-04-17 16:47:51,523 WARNING: Motor 1 is not in Position Control Mode. Setting mode now.
2025-04-17 16:47:51,525 INFO: Setting operating mode 'position' for group 'Wheg_Group'
2025-04-17 16:47:51,525 INFO: Disabling torque for group Wheg_Group
2025-04-17 16:47:51,528 INFO: Enabling torque for group Wheg_Group
2025-04-17 16:47:51,529 INFO: Setting the profile velocity for group Wheg_Group from config.yaml: 10
2025-04-17 16:47:51,531 INFO: Profile velocities set for group Wheg_Group: {1: 43.7, 2: 43.7, 3: 43.7, 4: 43.7, 5: 43.7, 6: 43.7}
2025-04-17 16:47:51,533 INFO: Setting the profile velocity for group Wheg_Group from config.yaml: 10
2025-04-17 16:47:51,534 INFO: Profile velocities set for group Wheg_Group: {1: 43.7, 2: 43.7, 3: 43.7, 4: 43.7, 5: 43.7, 6: 43.7}
2025-04-17 16:47:51,536 INFO: Running set_position_group for group 'Pivot_Group' with positions: 180
2025-04-17 16:47:51,541 INFO: Initialised Gait 4, waiting for 1 seconds
2025-04-17 16:47:52,599 INFO: Setting operating mode 'multi_turn' for group 'Wheg_Group'
2025-04-17 16:47:52,600 INFO: Disabling torque for group Wheg_Group
2025-04-17 16:47:52,603 INFO: Enabling torque for group Wheg_Group
2025-04-17 16:47:52,608 INFO: Setting the profile velocity for group Wheg_Group from config.yaml: 10
2025-04-17 16:47:52,613 INFO: Profile velocities set for group Wheg_Group: {1: 43.7, 2: 43.7, 3: 43.7, 4: 43.7, 5: 43.7, 6: 43.7}
2025-04-17 16:47:52,615 INFO: Setting the profile velocity for group Wheg_Group from config.yaml: 10
2025-04-17 16:47:52,621 INFO: Profile velocities set for group Wheg_Group: {1: 43.7, 2: 43.7, 3: 43.7, 4: 43.7, 5: 43.7, 6: 43.7}
2025-04-17 16:47:52,622 INFO: New gait 4 is now active.
2025-04-17 16:47:52,650 WARNING: Profile velocity 160.0 for motor 2 exceeds hard limit 100. Limiting to 100.
2025-04-17 16:47:52,653 WARNING: Profile velocity 160.0 for motor 4 exceeds hard limit 100. Limiting to 100.
2025-04-17 16:47:52,654 WARNING: Profile velocity 160.0 for motor 6 exceeds hard limit 100. Limiting to 100.
2025-04-17 16:47:52,658 INFO: Profile velocities set for group Wheg_Group: {1: 87.4, 2: 437.0, 3: 87.4, 4: 437.0, 5: 87.4, 6: 437.0}
2025-04-17 16:47:52,662 INFO: Incrementing motor positions by {1: 40, 2: 320, 3: 40, 4: 320, 5: 40, 6: 320} degrees for group 'Wheg_Group'
2025-04-17 16:47:52,683 INFO: Gait 4 step executed at 20.00RPM, wait for 0.36 seconds
2025-04-17 16:48:03,418 WARNING: Profile velocity 160.0 for motor 1 exceeds hard limit 100. Limiting to 100.
2025-04-17 16:48:03,418 WARNING: Profile velocity 160.0 for motor 3 exceeds hard limit 100. Limiting to 100.
2025-04-17 16:48:03,419 WARNING: Profile velocity 160.0 for motor 5 exceeds hard limit 100. Limiting to 100.
2025-04-17 16:48:03,420 INFO: Profile velocities set for group Wheg_Group: {1: 437.0, 2: 87.4, 3: 437.0, 4: 87.4, 5: 437.0, 6: 87.4}
2025-04-17 16:48:03,421 INFO: Incrementing motor positions by {1: 320, 2: 40, 3: 320, 4: 40, 5: 320, 6: 40} degrees for group 'Wheg_Group'
2025-04-17 16:48:03,433 INFO: Gait 4 step executed at 20.00RPM, wait for 0.36 seconds
2025-04-17 16:48:08,153 INFO: Square pressed. Preparing to change to previous gait: 3
2025-04-17 16:48:08,168 INFO: Initialsing Gait 3
2025-04-17 16:48:08,168 INFO: Disabling torque for group Wheg_Group
2025-04-17 16:48:08,170 INFO: Drive mode set for group Wheg_Group with reverse_direction={1: 0, 2: 0, 3: 0, 4: 1, 5: 1, 6: 1}
2025-04-17 16:48:08,170 INFO: Enabling torque for group Wheg_Group
2025-04-17 16:48:08,171 INFO: Setting the profile velocity for group Wheg_Group from config.yaml: 10
2025-04-17 16:48:08,173 INFO: Profile velocities set for group Wheg_Group: {1: 43.7, 2: 43.7, 3: 43.7, 4: 43.7, 5: 43.7, 6: 43.7}
2025-04-17 16:48:08,174 WARNING: Set direction of whegs to forward
2025-04-17 16:48:08,174 WARNING: Direction set for all whegs
2025-04-17 16:48:08,175 INFO: Running set_position_group for group 'Wheg_Group' with positions: {1: 200, 2: 160, 3: 160, 4: 200, 5: 160, 6: 160}
2025-04-17 16:48:08,181 WARNING: Motor 1 is not in Position Control Mode. Setting mode now.
2025-04-17 16:48:08,181 INFO: Setting operating mode 'position' for group 'Wheg_Group'
2025-04-17 16:48:08,182 INFO: Disabling torque for group Wheg_Group
2025-04-17 16:48:08,184 INFO: Enabling torque for group Wheg_Group
2025-04-17 16:48:08,185 INFO: Setting the profile velocity for group Wheg_Group from config.yaml: 10
2025-04-17 16:48:08,186 INFO: Profile velocities set for group Wheg_Group: {1: 43.7, 2: 43.7, 3: 43.7, 4: 43.7, 5: 43.7, 6: 43.7}
2025-04-17 16:48:08,187 INFO: Setting the profile velocity for group Wheg_Group from config.yaml: 10
2025-04-17 16:48:08,189 INFO: Profile velocities set for group Wheg_Group: {1: 43.7, 2: 43.7, 3: 43.7, 4: 43.7, 5: 43.7, 6: 43.7}
2025-04-17 16:48:08,191 INFO: Running set_position_group for group 'Pivot_Group' with positions: 180
2025-04-17 16:48:08,195 INFO: Initialised Gait 3, waiting for 1 seconds
2025-04-17 16:48:09,197 INFO: Setting operating mode 'multi_turn' for group 'Wheg_Group'
2025-04-17 16:48:09,197 INFO: Disabling torque for group Wheg_Group
2025-04-17 16:48:09,199 INFO: Enabling torque for group Wheg_Group
2025-04-17 16:48:09,200 INFO: Setting the profile velocity for group Wheg_Group from config.yaml: 10
2025-04-17 16:48:09,201 INFO: Profile velocities set for group Wheg_Group: {1: 43.7, 2: 43.7, 3: 43.7, 4: 43.7, 5: 43.7, 6: 43.7}
2025-04-17 16:48:09,201 INFO: Setting the profile velocity for group Wheg_Group from config.yaml: 10
2025-04-17 16:48:09,202 INFO: Profile velocities set for group Wheg_Group: {1: 43.7, 2: 43.7, 3: 43.7, 4: 43.7, 5: 43.7, 6: 43.7}
2025-04-17 16:48:09,203 INFO: New gait 3 is now active.
2025-04-17 16:48:09,250 ERROR: Bulk read failed with error: [TxRxResult] There is no status packet!
2025-04-17 16:48:10,080 INFO: Square pressed. Preparing to change to previous gait: 2
2025-04-17 16:48:10,095 INFO: Initialising Gait 2
2025-04-17 16:48:10,097 INFO: Running set_position_group for group 'Wheg_Group' with positions: {1: 160, 2: 200, 3: 160, 4: 200, 5: 160, 6: 200}
2025-04-17 16:48:10,104 WARNING: Motor 1 is not in Position Control Mode. Setting mode now.
2025-04-17 16:48:10,108 INFO: Setting operating mode 'position' for group 'Wheg_Group'
2025-04-17 16:48:10,109 INFO: Disabling torque for group Wheg_Group
2025-04-17 16:48:10,110 INFO: Enabling torque for group Wheg_Group
2025-04-17 16:48:10,112 INFO: Setting the profile velocity for group Wheg_Group from config.yaml: 10
2025-04-17 16:48:10,114 INFO: Profile velocities set for group Wheg_Group: {1: 43.7, 2: 43.7, 3: 43.7, 4: 43.7, 5: 43.7, 6: 43.7}
2025-04-17 16:48:10,114 INFO: Setting the profile velocity for group Wheg_Group from config.yaml: 10
2025-04-17 16:48:10,115 INFO: Profile velocities set for group Wheg_Group: {1: 43.7, 2: 43.7, 3: 43.7, 4: 43.7, 5: 43.7, 6: 43.7}
2025-04-17 16:48:10,117 INFO: Running set_position_group for group 'Pivot_Group' with positions: 180
2025-04-17 16:48:10,121 INFO: Initialised Gait 2, waiting for 1 seconds
2025-04-17 16:48:11,165 INFO: Setting operating mode 'multi_turn' for group 'Wheg_Group'
2025-04-17 16:48:11,165 INFO: Disabling torque for group Wheg_Group
2025-04-17 16:48:11,170 INFO: Enabling torque for group Wheg_Group
2025-04-17 16:48:11,174 INFO: Setting the profile velocity for group Wheg_Group from config.yaml: 10
2025-04-17 16:48:11,176 INFO: Profile velocities set for group Wheg_Group: {1: 43.7, 2: 43.7, 3: 43.7, 4: 43.7, 5: 43.7, 6: 43.7}
2025-04-17 16:48:11,183 INFO: Setting the profile velocity for group Wheg_Group from config.yaml: 10
2025-04-17 16:48:11,184 INFO: Profile velocities set for group Wheg_Group: {1: 43.7, 2: 43.7, 3: 43.7, 4: 43.7, 5: 43.7, 6: 43.7}
2025-04-17 16:48:11,185 INFO: New gait 2 is now active.
2025-04-17 16:48:22,586 INFO: Running set_position_group for group 'Pivot_Group' with positions: {7: 180, 8: 175}
2025-04-17 16:48:22,591 INFO: Front pivot angle set to 180 degrees (ticks: 180)
2025-04-17 16:48:22,593 INFO: Rear pivot angle set to 175 degrees (ticks: 175)
2025-04-17 16:48:22,895 INFO: Running set_position_group for group 'Pivot_Group' with positions: {7: 180, 8: 170}
2025-04-17 16:48:22,914 INFO: Front pivot angle set to 180 degrees (ticks: 180)
2025-04-17 16:48:22,914 INFO: Rear pivot angle set to 170 degrees (ticks: 170)
2025-04-17 16:48:23,166 INFO: Running set_position_group for group 'Pivot_Group' with positions: {7: 180, 8: 165}
2025-04-17 16:48:23,173 INFO: Front pivot angle set to 180 degrees (ticks: 180)
2025-04-17 16:48:23,174 INFO: Rear pivot angle set to 165 degrees (ticks: 165)
2025-04-17 16:48:23,472 INFO: Running set_position_group for group 'Pivot_Group' with positions: {7: 180, 8: 160}
2025-04-17 16:48:23,477 INFO: Front pivot angle set to 180 degrees (ticks: 180)
2025-04-17 16:48:23,478 INFO: Rear pivot angle set to 160 degrees (ticks: 160)
2025-04-17 16:48:24,277 INFO: Running set_position_group for group 'Pivot_Group' with positions: {7: 180, 8: 165}
2025-04-17 16:48:24,283 INFO: Front pivot angle set to 180 degrees (ticks: 180)
2025-04-17 16:48:24,284 INFO: Rear pivot angle set to 165 degrees (ticks: 165)
2025-04-17 16:48:24,576 INFO: Running set_position_group for group 'Pivot_Group' with positions: {7: 180, 8: 170}
2025-04-17 16:48:24,589 INFO: Front pivot angle set to 180 degrees (ticks: 180)
2025-04-17 16:48:24,593 INFO: Rear pivot angle set to 170 degrees (ticks: 170)
2025-04-17 16:48:25,393 INFO: Running set_position_group for group 'Pivot_Group' with positions: {7: 180, 8: 175}
2025-04-17 16:48:25,397 INFO: Front pivot angle set to 180 degrees (ticks: 180)
2025-04-17 16:48:25,398 INFO: Rear pivot angle set to 175 degrees (ticks: 175)
2025-04-17 16:48:27,909 INFO: Running set_position_group for group 'Pivot_Group' with positions: {7: 175, 8: 175}
2025-04-17 16:48:27,913 INFO: Front pivot angle set to 175 degrees (ticks: 175)
2025-04-17 16:48:27,914 INFO: Rear pivot angle set to 175 degrees (ticks: 175)
2025-04-17 16:48:28,456 INFO: Running set_position_group for group 'Pivot_Group' with positions: {7: 170, 8: 175}
2025-04-17 16:48:28,461 INFO: Front pivot angle set to 170 degrees (ticks: 170)
2025-04-17 16:48:28,462 INFO: Rear pivot angle set to 175 degrees (ticks: 175)
2025-04-17 16:48:28,769 INFO: Running set_position_group for group 'Pivot_Group' with positions: {7: 165, 8: 175}
2025-04-17 16:48:28,775 INFO: Front pivot angle set to 165 degrees (ticks: 165)
2025-04-17 16:48:28,776 INFO: Rear pivot angle set to 175 degrees (ticks: 175)
2025-04-17 16:48:29,029 INFO: Running set_position_group for group 'Pivot_Group' with positions: {7: 160, 8: 175}
2025-04-17 16:48:29,034 INFO: Front pivot angle set to 160 degrees (ticks: 160)
2025-04-17 16:48:29,035 INFO: Rear pivot angle set to 175 degrees (ticks: 175)
2025-04-17 16:48:29,896 INFO: Running set_position_group for group 'Pivot_Group' with positions: {7: 165, 8: 175}
2025-04-17 16:48:29,901 INFO: Front pivot angle set to 165 degrees (ticks: 165)
2025-04-17 16:48:29,902 INFO: Rear pivot angle set to 175 degrees (ticks: 175)
2025-04-17 16:48:30,153 INFO: Running set_position_group for group 'Pivot_Group' with positions: {7: 170, 8: 175}
2025-04-17 16:48:30,158 INFO: Front pivot angle set to 170 degrees (ticks: 170)
2025-04-17 16:48:30,158 INFO: Rear pivot angle set to 175 degrees (ticks: 175)
2025-04-17 16:48:37,985 INFO: Triangle pressed. Preparing to change to next gait: 3
2025-04-17 16:48:38,002 INFO: Initialsing Gait 3
2025-04-17 16:48:38,004 INFO: Disabling torque for group Wheg_Group
2025-04-17 16:48:38,006 INFO: Drive mode set for group Wheg_Group with reverse_direction={1: 0, 2: 0, 3: 0, 4: 1, 5: 1, 6: 1}
2025-04-17 16:48:38,010 INFO: Enabling torque for group Wheg_Group
2025-04-17 16:48:38,013 INFO: Setting the profile velocity for group Wheg_Group from config.yaml: 10
2025-04-17 16:48:38,015 INFO: Profile velocities set for group Wheg_Group: {1: 43.7, 2: 43.7, 3: 43.7, 4: 43.7, 5: 43.7, 6: 43.7}
2025-04-17 16:48:38,015 WARNING: Set direction of whegs to forward
2025-04-17 16:48:38,016 WARNING: Direction set for all whegs
2025-04-17 16:48:38,016 INFO: Running set_position_group for group 'Wheg_Group' with positions: {1: 200, 2: 160, 3: 160, 4: 200, 5: 160, 6: 160}
2025-04-17 16:48:38,023 WARNING: Motor 1 is not in Position Control Mode. Setting mode now.
2025-04-17 16:48:38,025 INFO: Setting operating mode 'position' for group 'Wheg_Group'
2025-04-17 16:48:38,027 INFO: Disabling torque for group Wheg_Group
2025-04-17 16:48:38,030 INFO: Enabling torque for group Wheg_Group
2025-04-17 16:48:38,035 INFO: Setting the profile velocity for group Wheg_Group from config.yaml: 10
2025-04-17 16:48:38,039 INFO: Profile velocities set for group Wheg_Group: {1: 43.7, 2: 43.7, 3: 43.7, 4: 43.7, 5: 43.7, 6: 43.7}
2025-04-17 16:48:38,041 INFO: Setting the profile velocity for group Wheg_Group from config.yaml: 10
2025-04-17 16:48:38,043 INFO: Profile velocities set for group Wheg_Group: {1: 43.7, 2: 43.7, 3: 43.7, 4: 43.7, 5: 43.7, 6: 43.7}
2025-04-17 16:48:38,046 INFO: Running set_position_group for group 'Pivot_Group' with positions: 180
2025-04-17 16:48:38,050 INFO: Initialised Gait 3, waiting for 1 seconds
2025-04-17 16:48:38,105 INFO: Triangle pressed. Preparing to change to next gait: 3
2025-04-17 16:48:39,052 INFO: Setting operating mode 'multi_turn' for group 'Wheg_Group'
2025-04-17 16:48:39,054 INFO: Disabling torque for group Wheg_Group
2025-04-17 16:48:39,058 INFO: Enabling torque for group Wheg_Group
2025-04-17 16:48:39,060 INFO: Setting the profile velocity for group Wheg_Group from config.yaml: 10
2025-04-17 16:48:39,062 INFO: Profile velocities set for group Wheg_Group: {1: 43.7, 2: 43.7, 3: 43.7, 4: 43.7, 5: 43.7, 6: 43.7}
2025-04-17 16:48:39,063 INFO: Setting the profile velocity for group Wheg_Group from config.yaml: 10
2025-04-17 16:48:39,065 INFO: Profile velocities set for group Wheg_Group: {1: 43.7, 2: 43.7, 3: 43.7, 4: 43.7, 5: 43.7, 6: 43.7}
2025-04-17 16:48:39,067 INFO: New gait 3 is now active.
2025-04-17 16:48:45,078 INFO: Profile velocities set for group Wheg_Group: {1: 87.4, 2: 87.4, 3: 87.4, 4: 87.4, 5: 87.4, 6: 87.4}
2025-04-17 16:48:45,080 INFO: Incrementing motor positions by {1: 320, 2: 40, 3: 0, 4: 320, 5: 40, 6: 0} degrees for group 'Wheg_Group'
2025-04-17 16:48:45,094 INFO: Gait 3 step executed at 20.00 RPM, wait for 2.69 seconds
2025-04-17 16:48:51,418 INFO: Square pressed. Preparing to change to previous gait: 2
2025-04-17 16:48:51,437 INFO: Initialising Gait 2
2025-04-17 16:48:51,442 INFO: Running set_position_group for group 'Wheg_Group' with positions: {1: 160, 2: 200, 3: 160, 4: 200, 5: 160, 6: 200}
2025-04-17 16:48:51,450 WARNING: Motor 1 is not in Position Control Mode. Setting mode now.
2025-04-17 16:48:51,452 INFO: Setting operating mode 'position' for group 'Wheg_Group'
2025-04-17 16:48:51,452 INFO: Disabling torque for group Wheg_Group
2025-04-17 16:48:51,454 INFO: Enabling torque for group Wheg_Group
2025-04-17 16:48:51,458 INFO: Setting the profile velocity for group Wheg_Group from config.yaml: 10
2025-04-17 16:48:51,461 INFO: Profile velocities set for group Wheg_Group: {1: 43.7, 2: 43.7, 3: 43.7, 4: 43.7, 5: 43.7, 6: 43.7}
2025-04-17 16:48:51,462 INFO: Setting the profile velocity for group Wheg_Group from config.yaml: 10
2025-04-17 16:48:51,466 INFO: Profile velocities set for group Wheg_Group: {1: 43.7, 2: 43.7, 3: 43.7, 4: 43.7, 5: 43.7, 6: 43.7}
2025-04-17 16:48:51,468 INFO: Running set_position_group for group 'Pivot_Group' with positions: 180
2025-04-17 16:48:51,473 INFO: Initialised Gait 2, waiting for 1 seconds
2025-04-17 16:48:52,539 INFO: Setting operating mode 'multi_turn' for group 'Wheg_Group'
2025-04-17 16:48:52,541 INFO: Disabling torque for group Wheg_Group
2025-04-17 16:48:52,544 INFO: Enabling torque for group Wheg_Group
2025-04-17 16:48:52,550 INFO: Setting the profile velocity for group Wheg_Group from config.yaml: 10
2025-04-17 16:48:52,554 INFO: Profile velocities set for group Wheg_Group: {1: 43.7, 2: 43.7, 3: 43.7, 4: 43.7, 5: 43.7, 6: 43.7}
2025-04-17 16:48:52,554 INFO: Setting the profile velocity for group Wheg_Group from config.yaml: 10
2025-04-17 16:48:52,555 INFO: Profile velocities set for group Wheg_Group: {1: 43.7, 2: 43.7, 3: 43.7, 4: 43.7, 5: 43.7, 6: 43.7}
2025-04-17 16:48:52,556 INFO: New gait 2 is now active.
2025-04-17 16:49:38,491 WARNING: Profile velocity 160.0 for motor 2 exceeds hard limit 100. Limiting to 100.
2025-04-17 16:49:38,492 WARNING: Profile velocity 160.0 for motor 4 exceeds hard limit 100. Limiting to 100.
2025-04-17 16:49:38,497 WARNING: Profile velocity 160.0 for motor 6 exceeds hard limit 100. Limiting to 100.
2025-04-17 16:49:38,505 INFO: Profile velocities set for group Wheg_Group: {1: 87.4, 2: 437.0, 3: 87.4, 4: 437.0, 5: 87.4, 6: 437.0}
2025-04-17 16:49:38,510 INFO: Incrementing motor positions by {1: 40, 2: 320, 3: 40, 4: 320, 5: 40, 6: 320} degrees for group 'Wheg_Group'
2025-04-17 16:49:38,527 INFO: Gait 2 step executed at 20.00RPM, wait for 0.36 seconds
2025-04-17 16:49:41,319 INFO: Square pressed. Preparing to change to previous gait: 1
2025-04-17 16:49:41,348 INFO: Initialising Gait 1
2025-04-17 16:49:41,349 INFO: Disabling torque for group Wheg_Group
2025-04-17 16:49:41,351 INFO: Drive mode set for group Wheg_Group with reverse_direction={1: 0, 2: 0, 3: 0, 4: 1, 5: 1, 6: 1}
2025-04-17 16:49:41,353 INFO: Enabling torque for group Wheg_Group
2025-04-17 16:49:41,354 INFO: Setting the profile velocity for group Wheg_Group from config.yaml: 10
2025-04-17 16:49:41,355 INFO: Profile velocities set for group Wheg_Group: {1: 43.7, 2: 43.7, 3: 43.7, 4: 43.7, 5: 43.7, 6: 43.7}
2025-04-17 16:49:41,356 WARNING: Set direction of whegs to forward
2025-04-17 16:49:41,358 WARNING: Direction set for all whegs
2025-04-17 16:49:41,361 INFO: Running set_position_group for group 'Wheg_Group' with positions: 180
2025-04-17 16:49:41,368 WARNING: Motor 1 is not in Position Control Mode. Setting mode now.
2025-04-17 16:49:41,369 INFO: Setting operating mode 'position' for group 'Wheg_Group'
2025-04-17 16:49:41,371 INFO: Disabling torque for group Wheg_Group
2025-04-17 16:49:41,374 INFO: Enabling torque for group Wheg_Group
2025-04-17 16:49:41,375 INFO: Setting the profile velocity for group Wheg_Group from config.yaml: 10
2025-04-17 16:49:41,376 INFO: Profile velocities set for group Wheg_Group: {1: 43.7, 2: 43.7, 3: 43.7, 4: 43.7, 5: 43.7, 6: 43.7}
2025-04-17 16:49:41,377 INFO: Setting the profile velocity for group Wheg_Group from config.yaml: 10
2025-04-17 16:49:41,378 INFO: Profile velocities set for group Wheg_Group: {1: 43.7, 2: 43.7, 3: 43.7, 4: 43.7, 5: 43.7, 6: 43.7}
2025-04-17 16:49:41,379 INFO: Running set_position_group for group 'Pivot_Group' with positions: 180
2025-04-17 16:49:41,385 INFO: Initialised Gait 1, waiting for 1 seconds
2025-04-17 16:49:41,422 ERROR: Bulk read failed with error: [TxRxResult] There is no status packet!
2025-04-17 16:49:41,446 ERROR: Error retrieving motor data: 'NoneType' object has no attribute 'keys'
2025-04-17 16:49:42,473 INFO: Setting operating mode 'multi_turn' for group 'Wheg_Group'
2025-04-17 16:49:42,474 INFO: Disabling torque for group Wheg_Group
2025-04-17 16:49:42,477 INFO: Enabling torque for group Wheg_Group
2025-04-17 16:49:42,478 INFO: Setting the profile velocity for group Wheg_Group from config.yaml: 10
2025-04-17 16:49:42,481 INFO: Profile velocities set for group Wheg_Group: {1: 43.7, 2: 43.7, 3: 43.7, 4: 43.7, 5: 43.7, 6: 43.7}
2025-04-17 16:49:42,482 INFO: Setting the profile velocity for group Wheg_Group from config.yaml: 10
2025-04-17 16:49:42,486 INFO: Profile velocities set for group Wheg_Group: {1: 43.7, 2: 43.7, 3: 43.7, 4: 43.7, 5: 43.7, 6: 43.7}
2025-04-17 16:49:42,487 INFO: New gait 1 is now active.
2025-04-17 16:50:51,857 INFO: Profile velocities set for group Wheg_Group: {1: 87.4, 2: 87.4, 3: 87.4, 4: 87.4, 5: 87.4, 6: 87.4}
2025-04-17 16:50:51,859 INFO: Incrementing motor positions by 360 degrees for group 'Wheg_Group'
2025-04-17 16:50:51,871 INFO: Gait 1 step executed at 20.00RPM, wait for 3.00 seconds
2025-04-17 16:51:04,134 INFO: Profile velocities set for group Wheg_Group: {1: 87.4, 2: 87.4, 3: 87.4, 4: 87.4, 5: 87.4, 6: 87.4}
2025-04-17 16:51:04,136 INFO: Incrementing motor positions by 360 degrees for group 'Wheg_Group'
2025-04-17 16:51:04,147 INFO: Gait 1 step executed at 20.00RPM, wait for 3.00 seconds
2025-04-17 16:51:10,241 INFO: Profile velocities set for group Wheg_Group: {1: 87.4, 2: 87.4, 3: 87.4, 4: 87.4, 5: 87.4, 6: 87.4}
2025-04-17 16:51:10,241 INFO: Incrementing motor positions by 360 degrees for group 'Wheg_Group'
2025-04-17 16:51:10,256 INFO: Gait 1 step executed at 20.00RPM, wait for 3.00 seconds
2025-04-17 16:51:20,021 INFO: Square pressed. Preparing to change to previous gait: 4
2025-04-17 16:51:20,034 INFO: Initialising Gait 4
2025-04-17 16:51:20,038 INFO: Direction data: {1: {'drive_mode': 0}, 2: {'drive_mode': 0}, 3: {'drive_mode': 0}}
2025-04-17 16:51:20,039 INFO: Disabling torque for group Left_Whegs
2025-04-17 16:51:20,040 INFO: Drive mode set for group Left_Whegs with reverse_direction={1: 1, 2: 1, 3: 1}
2025-04-17 16:51:20,041 INFO: Enabling torque for group Left_Whegs
2025-04-17 16:51:20,042 INFO: Setting the profile velocity for group Left_Whegs from config.yaml: None
2025-04-17 16:51:20,042 ERROR: Profile velocity for group Left_Whegs not found in config.yaml and no value was provided.
2025-04-17 16:51:20,043 WARNING: Reversed the direction of the left whegs
2025-04-17 16:51:20,043 INFO: Running set_position_group for group 'Wheg_Group' with positions: {1: 160, 2: 200, 3: 160, 4: 200, 5: 160, 6: 200}
2025-04-17 16:51:20,049 WARNING: Motor 1 is not in Position Control Mode. Setting mode now.
2025-04-17 16:51:20,049 INFO: Setting operating mode 'position' for group 'Wheg_Group'
2025-04-17 16:51:20,050 INFO: Disabling torque for group Wheg_Group
2025-04-17 16:51:20,052 INFO: Enabling torque for group Wheg_Group
2025-04-17 16:51:20,053 INFO: Setting the profile velocity for group Wheg_Group from config.yaml: 10
2025-04-17 16:51:20,054 INFO: Profile velocities set for group Wheg_Group: {1: 43.7, 2: 43.7, 3: 43.7, 4: 43.7, 5: 43.7, 6: 43.7}
2025-04-17 16:51:20,055 INFO: Setting the profile velocity for group Wheg_Group from config.yaml: 10
2025-04-17 16:51:20,056 INFO: Profile velocities set for group Wheg_Group: {1: 43.7, 2: 43.7, 3: 43.7, 4: 43.7, 5: 43.7, 6: 43.7}
2025-04-17 16:51:20,058 INFO: Running set_position_group for group 'Pivot_Group' with positions: 180
2025-04-17 16:51:20,062 INFO: Initialised Gait 4, waiting for 1 seconds
2025-04-17 16:51:20,174 INFO: Square pressed. Preparing to change to previous gait: 4
2025-04-17 16:51:21,068 INFO: Setting operating mode 'multi_turn' for group 'Wheg_Group'
2025-04-17 16:51:21,072 INFO: Disabling torque for group Wheg_Group
2025-04-17 16:51:21,081 INFO: Enabling torque for group Wheg_Group
2025-04-17 16:51:21,084 INFO: Setting the profile velocity for group Wheg_Group from config.yaml: 10
2025-04-17 16:51:21,086 INFO: Profile velocities set for group Wheg_Group: {1: 43.7, 2: 43.7, 3: 43.7, 4: 43.7, 5: 43.7, 6: 43.7}
2025-04-17 16:51:21,087 INFO: Setting the profile velocity for group Wheg_Group from config.yaml: 10
2025-04-17 16:51:21,090 INFO: Profile velocities set for group Wheg_Group: {1: 43.7, 2: 43.7, 3: 43.7, 4: 43.7, 5: 43.7, 6: 43.7}
2025-04-17 16:51:21,091 INFO: New gait 4 is now active.
2025-04-17 16:51:22,287 WARNING: Profile velocity 160.0 for motor 2 exceeds hard limit 100. Limiting to 100.
2025-04-17 16:51:22,287 WARNING: Profile velocity 160.0 for motor 4 exceeds hard limit 100. Limiting to 100.
2025-04-17 16:51:22,288 WARNING: Profile velocity 160.0 for motor 6 exceeds hard limit 100. Limiting to 100.
2025-04-17 16:51:22,288 INFO: Profile velocities set for group Wheg_Group: {1: 87.4, 2: 437.0, 3: 87.4, 4: 437.0, 5: 87.4, 6: 437.0}
2025-04-17 16:51:22,289 INFO: Incrementing motor positions by {1: 40, 2: 320, 3: 40, 4: 320, 5: 40, 6: 320} degrees for group 'Wheg_Group'
2025-04-17 16:51:22,300 INFO: Gait 4 step executed at 20.00RPM, wait for 0.36 seconds
2025-04-17 16:51:28,209 WARNING: Profile velocity 160.0 for motor 1 exceeds hard limit 100. Limiting to 100.
2025-04-17 16:51:28,210 WARNING: Profile velocity 160.0 for motor 3 exceeds hard limit 100. Limiting to 100.
2025-04-17 16:51:28,211 WARNING: Profile velocity 160.0 for motor 5 exceeds hard limit 100. Limiting to 100.
2025-04-17 16:51:28,213 INFO: Profile velocities set for group Wheg_Group: {1: 437.0, 2: 87.4, 3: 437.0, 4: 87.4, 5: 437.0, 6: 87.4}
2025-04-17 16:51:28,214 INFO: Incrementing motor positions by {1: 320, 2: 40, 3: 320, 4: 40, 5: 320, 6: 40} degrees for group 'Wheg_Group'
2025-04-17 16:51:28,225 INFO: Gait 4 step executed at 20.00RPM, wait for 0.36 seconds
2025-04-17 16:51:38,943 INFO: Square pressed. Preparing to change to previous gait: 3
2025-04-17 16:51:38,959 INFO: Initialsing Gait 3
2025-04-17 16:51:38,960 INFO: Disabling torque for group Wheg_Group
2025-04-17 16:51:38,961 INFO: Drive mode set for group Wheg_Group with reverse_direction={1: 0, 2: 0, 3: 0, 4: 1, 5: 1, 6: 1}
2025-04-17 16:51:38,962 INFO: Enabling torque for group Wheg_Group
2025-04-17 16:51:38,963 INFO: Setting the profile velocity for group Wheg_Group from config.yaml: 10
2025-04-17 16:51:38,964 INFO: Profile velocities set for group Wheg_Group: {1: 43.7, 2: 43.7, 3: 43.7, 4: 43.7, 5: 43.7, 6: 43.7}
2025-04-17 16:51:38,965 WARNING: Set direction of whegs to forward
2025-04-17 16:51:38,965 WARNING: Direction set for all whegs
2025-04-17 16:51:38,966 INFO: Running set_position_group for group 'Wheg_Group' with positions: {1: 200, 2: 160, 3: 160, 4: 200, 5: 160, 6: 160}
2025-04-17 16:51:38,972 WARNING: Motor 1 is not in Position Control Mode. Setting mode now.
2025-04-17 16:51:38,973 INFO: Setting operating mode 'position' for group 'Wheg_Group'
2025-04-17 16:51:38,974 INFO: Disabling torque for group Wheg_Group
2025-04-17 16:51:38,975 INFO: Enabling torque for group Wheg_Group
2025-04-17 16:51:38,977 INFO: Setting the profile velocity for group Wheg_Group from config.yaml: 10
2025-04-17 16:51:38,978 INFO: Profile velocities set for group Wheg_Group: {1: 43.7, 2: 43.7, 3: 43.7, 4: 43.7, 5: 43.7, 6: 43.7}
2025-04-17 16:51:38,981 INFO: Setting the profile velocity for group Wheg_Group from config.yaml: 10
2025-04-17 16:51:38,984 INFO: Profile velocities set for group Wheg_Group: {1: 43.7, 2: 43.7, 3: 43.7, 4: 43.7, 5: 43.7, 6: 43.7}
2025-04-17 16:51:38,987 INFO: Running set_position_group for group 'Pivot_Group' with positions: 180
2025-04-17 16:51:38,991 INFO: Initialised Gait 3, waiting for 1 seconds
2025-04-17 16:51:39,079 INFO: Square pressed. Preparing to change to previous gait: 3
2025-04-17 16:51:39,994 INFO: Setting operating mode 'multi_turn' for group 'Wheg_Group'
2025-04-17 16:51:39,995 INFO: Disabling torque for group Wheg_Group
2025-04-17 16:51:40,002 INFO: Enabling torque for group Wheg_Group
2025-04-17 16:51:40,010 INFO: Setting the profile velocity for group Wheg_Group from config.yaml: 10
2025-04-17 16:51:40,015 INFO: Profile velocities set for group Wheg_Group: {1: 43.7, 2: 43.7, 3: 43.7, 4: 43.7, 5: 43.7, 6: 43.7}
2025-04-17 16:51:40,017 INFO: Setting the profile velocity for group Wheg_Group from config.yaml: 10
2025-04-17 16:51:40,021 INFO: Profile velocities set for group Wheg_Group: {1: 43.7, 2: 43.7, 3: 43.7, 4: 43.7, 5: 43.7, 6: 43.7}
2025-04-17 16:51:40,023 INFO: New gait 3 is now active.
2025-04-17 16:52:00,902 INFO: Profile velocities set for group Wheg_Group: {1: 87.4, 2: 87.4, 3: 87.4, 4: 87.4, 5: 87.4, 6: 87.4}
2025-04-17 16:52:00,903 INFO: Incrementing motor positions by {1: 320, 2: 40, 3: 0, 4: 320, 5: 40, 6: 0} degrees for group 'Wheg_Group'
2025-04-17 16:52:00,915 INFO: Gait 3 step executed at 20.00 RPM, wait for 2.69 seconds
2025-04-17 16:52:04,838 INFO: Square pressed. Preparing to change to previous gait: 2
2025-04-17 16:52:04,851 INFO: Initialising Gait 2
2025-04-17 16:52:04,854 INFO: Running set_position_group for group 'Wheg_Group' with positions: {1: 160, 2: 200, 3: 160, 4: 200, 5: 160, 6: 200}
2025-04-17 16:52:04,866 WARNING: Motor 1 is not in Position Control Mode. Setting mode now.
2025-04-17 16:52:04,876 INFO: Setting operating mode 'position' for group 'Wheg_Group'
2025-04-17 16:52:04,883 INFO: Disabling torque for group Wheg_Group
2025-04-17 16:52:04,889 INFO: Enabling torque for group Wheg_Group
2025-04-17 16:52:04,891 INFO: Setting the profile velocity for group Wheg_Group from config.yaml: 10
2025-04-17 16:52:04,892 INFO: Profile velocities set for group Wheg_Group: {1: 43.7, 2: 43.7, 3: 43.7, 4: 43.7, 5: 43.7, 6: 43.7}
2025-04-17 16:52:04,893 INFO: Setting the profile velocity for group Wheg_Group from config.yaml: 10
2025-04-17 16:52:04,894 INFO: Profile velocities set for group Wheg_Group: {1: 43.7, 2: 43.7, 3: 43.7, 4: 43.7, 5: 43.7, 6: 43.7}
2025-04-17 16:52:04,895 INFO: Running set_position_group for group 'Pivot_Group' with positions: 180
2025-04-17 16:52:04,899 INFO: Initialised Gait 2, waiting for 1 seconds
2025-04-17 16:52:05,950 INFO: Setting operating mode 'multi_turn' for group 'Wheg_Group'
2025-04-17 16:52:05,960 INFO: Disabling torque for group Wheg_Group
2025-04-17 16:52:05,965 INFO: Enabling torque for group Wheg_Group
2025-04-17 16:52:05,969 INFO: Setting the profile velocity for group Wheg_Group from config.yaml: 10
2025-04-17 16:52:05,973 INFO: Profile velocities set for group Wheg_Group: {1: 43.7, 2: 43.7, 3: 43.7, 4: 43.7, 5: 43.7, 6: 43.7}
2025-04-17 16:52:05,977 INFO: Setting the profile velocity for group Wheg_Group from config.yaml: 10
2025-04-17 16:52:05,980 INFO: Profile velocities set for group Wheg_Group: {1: 43.7, 2: 43.7, 3: 43.7, 4: 43.7, 5: 43.7, 6: 43.7}
2025-04-17 16:52:05,982 INFO: New gait 2 is now active.
2025-04-17 16:52:06,371 INFO: Square pressed. Preparing to change to previous gait: 1
2025-04-17 16:52:06,390 INFO: Initialising Gait 1
2025-04-17 16:52:06,391 INFO: Disabling torque for group Wheg_Group
2025-04-17 16:52:06,393 INFO: Drive mode set for group Wheg_Group with reverse_direction={1: 0, 2: 0, 3: 0, 4: 1, 5: 1, 6: 1}
2025-04-17 16:52:06,393 INFO: Enabling torque for group Wheg_Group
2025-04-17 16:52:06,394 INFO: Setting the profile velocity for group Wheg_Group from config.yaml: 10
2025-04-17 16:52:06,395 INFO: Profile velocities set for group Wheg_Group: {1: 43.7, 2: 43.7, 3: 43.7, 4: 43.7, 5: 43.7, 6: 43.7}
2025-04-17 16:52:06,396 WARNING: Set direction of whegs to forward
2025-04-17 16:52:06,396 WARNING: Direction set for all whegs
2025-04-17 16:52:06,397 INFO: Running set_position_group for group 'Wheg_Group' with positions: 180
2025-04-17 16:52:06,403 WARNING: Motor 1 is not in Position Control Mode. Setting mode now.
2025-04-17 16:52:06,404 INFO: Setting operating mode 'position' for group 'Wheg_Group'
2025-04-17 16:52:06,404 INFO: Disabling torque for group Wheg_Group
2025-04-17 16:52:06,407 INFO: Enabling torque for group Wheg_Group
2025-04-17 16:52:06,410 INFO: Setting the profile velocity for group Wheg_Group from config.yaml: 10
2025-04-17 16:52:06,411 INFO: Profile velocities set for group Wheg_Group: {1: 43.7, 2: 43.7, 3: 43.7, 4: 43.7, 5: 43.7, 6: 43.7}
2025-04-17 16:52:06,413 INFO: Setting the profile velocity for group Wheg_Group from config.yaml: 10
2025-04-17 16:52:06,415 INFO: Profile velocities set for group Wheg_Group: {1: 43.7, 2: 43.7, 3: 43.7, 4: 43.7, 5: 43.7, 6: 43.7}
2025-04-17 16:52:06,418 INFO: Running set_position_group for group 'Pivot_Group' with positions: 180
2025-04-17 16:52:06,423 INFO: Initialised Gait 1, waiting for 1 seconds
2025-04-17 16:52:07,467 INFO: Setting operating mode 'multi_turn' for group 'Wheg_Group'
2025-04-17 16:52:07,467 INFO: Disabling torque for group Wheg_Group
2025-04-17 16:52:07,472 INFO: Enabling torque for group Wheg_Group
2025-04-17 16:52:07,476 INFO: Setting the profile velocity for group Wheg_Group from config.yaml: 10
2025-04-17 16:52:07,477 INFO: Profile velocities set for group Wheg_Group: {1: 43.7, 2: 43.7, 3: 43.7, 4: 43.7, 5: 43.7, 6: 43.7}
2025-04-17 16:52:07,479 INFO: Setting the profile velocity for group Wheg_Group from config.yaml: 10
2025-04-17 16:52:07,483 INFO: Profile velocities set for group Wheg_Group: {1: 43.7, 2: 43.7, 3: 43.7, 4: 43.7, 5: 43.7, 6: 43.7}
2025-04-17 16:52:07,484 INFO: New gait 1 is now active.
2025-04-17 16:52:10,865 INFO: Profile velocities set for group Wheg_Group: {1: 87.4, 2: 87.4, 3: 87.4, 4: 87.4, 5: 87.4, 6: 87.4}
2025-04-17 16:52:10,867 INFO: Incrementing motor positions by 360 degrees for group 'Wheg_Group'
2025-04-17 16:52:10,882 INFO: Gait 1 step executed at 20.00RPM, wait for 3.00 seconds
2025-04-17 16:52:32,870 INFO: Profile velocities set for group Wheg_Group: {1: 87.4, 2: 87.4, 3: 87.4, 4: 87.4, 5: 87.4, 6: 87.4}
2025-04-17 16:52:32,871 INFO: Incrementing motor positions by 360 degrees for group 'Wheg_Group'
2025-04-17 16:52:32,884 INFO: Gait 1 step executed at 20.00RPM, wait for 3.00 seconds
2025-04-17 16:53:00,164 INFO: Square pressed. Preparing to change to previous gait: 4
2025-04-17 16:53:00,177 INFO: Initialising Gait 4
2025-04-17 16:53:00,181 INFO: Direction data: {1: {'drive_mode': 0}, 2: {'drive_mode': 0}, 3: {'drive_mode': 0}}
2025-04-17 16:53:00,182 INFO: Disabling torque for group Left_Whegs
2025-04-17 16:53:00,183 INFO: Drive mode set for group Left_Whegs with reverse_direction={1: 1, 2: 1, 3: 1}
2025-04-17 16:53:00,184 INFO: Enabling torque for group Left_Whegs
2025-04-17 16:53:00,185 INFO: Setting the profile velocity for group Left_Whegs from config.yaml: None
2025-04-17 16:53:00,186 ERROR: Profile velocity for group Left_Whegs not found in config.yaml and no value was provided.
2025-04-17 16:53:00,186 WARNING: Reversed the direction of the left whegs
2025-04-17 16:53:00,187 INFO: Running set_position_group for group 'Wheg_Group' with positions: {1: 160, 2: 200, 3: 160, 4: 200, 5: 160, 6: 200}
2025-04-17 16:53:00,194 WARNING: Motor 1 is not in Position Control Mode. Setting mode now.
2025-04-17 16:53:00,196 INFO: Setting operating mode 'position' for group 'Wheg_Group'
2025-04-17 16:53:00,199 INFO: Disabling torque for group Wheg_Group
2025-04-17 16:53:00,208 INFO: Enabling torque for group Wheg_Group
2025-04-17 16:53:00,211 INFO: Setting the profile velocity for group Wheg_Group from config.yaml: 10
2025-04-17 16:53:00,214 INFO: Profile velocities set for group Wheg_Group: {1: 43.7, 2: 43.7, 3: 43.7, 4: 43.7, 5: 43.7, 6: 43.7}
2025-04-17 16:53:00,218 INFO: Setting the profile velocity for group Wheg_Group from config.yaml: 10
2025-04-17 16:53:00,222 INFO: Profile velocities set for group Wheg_Group: {1: 43.7, 2: 43.7, 3: 43.7, 4: 43.7, 5: 43.7, 6: 43.7}
2025-04-17 16:53:00,224 INFO: Running set_position_group for group 'Pivot_Group' with positions: 180
2025-04-17 16:53:00,228 INFO: Initialised Gait 4, waiting for 1 seconds
2025-04-17 16:53:01,243 INFO: Setting operating mode 'multi_turn' for group 'Wheg_Group'
2025-04-17 16:53:01,244 INFO: Disabling torque for group Wheg_Group
2025-04-17 16:53:01,247 INFO: Enabling torque for group Wheg_Group
2025-04-17 16:53:01,250 INFO: Setting the profile velocity for group Wheg_Group from config.yaml: 10
2025-04-17 16:53:01,256 INFO: Profile velocities set for group Wheg_Group: {1: 43.7, 2: 43.7, 3: 43.7, 4: 43.7, 5: 43.7, 6: 43.7}
2025-04-17 16:53:01,258 INFO: Setting the profile velocity for group Wheg_Group from config.yaml: 10
2025-04-17 16:53:01,261 INFO: Profile velocities set for group Wheg_Group: {1: 43.7, 2: 43.7, 3: 43.7, 4: 43.7, 5: 43.7, 6: 43.7}
2025-04-17 16:53:01,262 INFO: New gait 4 is now active.
2025-04-17 16:53:03,456 INFO: Square pressed. Preparing to change to previous gait: 3
2025-04-17 16:53:03,469 INFO: Initialsing Gait 3
2025-04-17 16:53:03,471 INFO: Disabling torque for group Wheg_Group
2025-04-17 16:53:03,475 INFO: Drive mode set for group Wheg_Group with reverse_direction={1: 0, 2: 0, 3: 0, 4: 1, 5: 1, 6: 1}
2025-04-17 16:53:03,476 INFO: Enabling torque for group Wheg_Group
2025-04-17 16:53:03,477 INFO: Setting the profile velocity for group Wheg_Group from config.yaml: 10
2025-04-17 16:53:03,479 INFO: Profile velocities set for group Wheg_Group: {1: 43.7, 2: 43.7, 3: 43.7, 4: 43.7, 5: 43.7, 6: 43.7}
2025-04-17 16:53:03,479 WARNING: Set direction of whegs to forward
2025-04-17 16:53:03,480 WARNING: Direction set for all whegs
2025-04-17 16:53:03,480 INFO: Running set_position_group for group 'Wheg_Group' with positions: {1: 200, 2: 160, 3: 160, 4: 200, 5: 160, 6: 160}
2025-04-17 16:53:03,486 WARNING: Motor 1 is not in Position Control Mode. Setting mode now.
2025-04-17 16:53:03,487 INFO: Setting operating mode 'position' for group 'Wheg_Group'
2025-04-17 16:53:03,488 INFO: Disabling torque for group Wheg_Group
2025-04-17 16:53:03,489 INFO: Enabling torque for group Wheg_Group
2025-04-17 16:53:03,491 INFO: Setting the profile velocity for group Wheg_Group from config.yaml: 10
2025-04-17 16:53:03,492 INFO: Profile velocities set for group Wheg_Group: {1: 43.7, 2: 43.7, 3: 43.7, 4: 43.7, 5: 43.7, 6: 43.7}
2025-04-17 16:53:03,492 INFO: Setting the profile velocity for group Wheg_Group from config.yaml: 10
2025-04-17 16:53:03,494 INFO: Profile velocities set for group Wheg_Group: {1: 43.7, 2: 43.7, 3: 43.7, 4: 43.7, 5: 43.7, 6: 43.7}
2025-04-17 16:53:03,497 INFO: Running set_position_group for group 'Pivot_Group' with positions: 180
2025-04-17 16:53:03,501 INFO: Initialised Gait 3, waiting for 1 seconds
2025-04-17 16:53:04,503 INFO: Setting operating mode 'multi_turn' for group 'Wheg_Group'
2025-04-17 16:53:04,505 INFO: Disabling torque for group Wheg_Group
2025-04-17 16:53:04,507 INFO: Enabling torque for group Wheg_Group
2025-04-17 16:53:04,508 INFO: Setting the profile velocity for group Wheg_Group from config.yaml: 10
2025-04-17 16:53:04,509 INFO: Profile velocities set for group Wheg_Group: {1: 43.7, 2: 43.7, 3: 43.7, 4: 43.7, 5: 43.7, 6: 43.7}
2025-04-17 16:53:04,510 INFO: Setting the profile velocity for group Wheg_Group from config.yaml: 10
2025-04-17 16:53:04,511 INFO: Profile velocities set for group Wheg_Group: {1: 43.7, 2: 43.7, 3: 43.7, 4: 43.7, 5: 43.7, 6: 43.7}
2025-04-17 16:53:04,512 INFO: New gait 3 is now active.
2025-04-17 16:53:06,642 INFO: Square pressed. Preparing to change to previous gait: 2
2025-04-17 16:53:06,655 INFO: Initialising Gait 2
2025-04-17 16:53:06,655 INFO: Running set_position_group for group 'Wheg_Group' with positions: {1: 160, 2: 200, 3: 160, 4: 200, 5: 160, 6: 200}
2025-04-17 16:53:06,661 WARNING: Motor 1 is not in Position Control Mode. Setting mode now.
2025-04-17 16:53:06,662 INFO: Setting operating mode 'position' for group 'Wheg_Group'
2025-04-17 16:53:06,662 INFO: Disabling torque for group Wheg_Group
2025-04-17 16:53:06,665 INFO: Enabling torque for group Wheg_Group
2025-04-17 16:53:06,670 INFO: Setting the profile velocity for group Wheg_Group from config.yaml: 10
2025-04-17 16:53:06,674 INFO: Profile velocities set for group Wheg_Group: {1: 43.7, 2: 43.7, 3: 43.7, 4: 43.7, 5: 43.7, 6: 43.7}
2025-04-17 16:53:06,674 INFO: Setting the profile velocity for group Wheg_Group from config.yaml: 10
2025-04-17 16:53:06,676 INFO: Profile velocities set for group Wheg_Group: {1: 43.7, 2: 43.7, 3: 43.7, 4: 43.7, 5: 43.7, 6: 43.7}
2025-04-17 16:53:06,678 INFO: Running set_position_group for group 'Pivot_Group' with positions: 180
2025-04-17 16:53:06,682 INFO: Initialised Gait 2, waiting for 1 seconds
2025-04-17 16:53:07,768 INFO: Setting operating mode 'multi_turn' for group 'Wheg_Group'
2025-04-17 16:53:07,769 INFO: Disabling torque for group Wheg_Group
2025-04-17 16:53:07,773 INFO: Enabling torque for group Wheg_Group
2025-04-17 16:53:07,775 INFO: Setting the profile velocity for group Wheg_Group from config.yaml: 10
2025-04-17 16:53:07,777 INFO: Profile velocities set for group Wheg_Group: {1: 43.7, 2: 43.7, 3: 43.7, 4: 43.7, 5: 43.7, 6: 43.7}
2025-04-17 16:53:07,779 INFO: Setting the profile velocity for group Wheg_Group from config.yaml: 10
2025-04-17 16:53:07,781 INFO: Profile velocities set for group Wheg_Group: {1: 43.7, 2: 43.7, 3: 43.7, 4: 43.7, 5: 43.7, 6: 43.7}
2025-04-17 16:53:07,783 INFO: New gait 2 is now active.
2025-04-17 16:53:09,556 WARNING: Profile velocity 160.0 for motor 2 exceeds hard limit 100. Limiting to 100.
2025-04-17 16:53:09,556 WARNING: Profile velocity 160.0 for motor 4 exceeds hard limit 100. Limiting to 100.
2025-04-17 16:53:09,557 WARNING: Profile velocity 160.0 for motor 6 exceeds hard limit 100. Limiting to 100.
2025-04-17 16:53:09,558 INFO: Profile velocities set for group Wheg_Group: {1: 87.4, 2: 437.0, 3: 87.4, 4: 437.0, 5: 87.4, 6: 437.0}
2025-04-17 16:53:09,559 INFO: Incrementing motor positions by {1: 40, 2: 320, 3: 40, 4: 320, 5: 40, 6: 320} degrees for group 'Wheg_Group'
2025-04-17 16:53:09,570 INFO: Gait 2 step executed at 20.00RPM, wait for 0.36 seconds
2025-04-17 16:53:13,102 WARNING: Profile velocity 160.0 for motor 1 exceeds hard limit 100. Limiting to 100.
2025-04-17 16:53:13,102 WARNING: Profile velocity 160.0 for motor 3 exceeds hard limit 100. Limiting to 100.
2025-04-17 16:53:13,103 WARNING: Profile velocity 160.0 for motor 5 exceeds hard limit 100. Limiting to 100.
2025-04-17 16:53:13,105 INFO: Profile velocities set for group Wheg_Group: {1: 437.0, 2: 87.4, 3: 437.0, 4: 87.4, 5: 437.0, 6: 87.4}
2025-04-17 16:53:13,107 INFO: Incrementing motor positions by {1: 320, 2: 40, 3: 320, 4: 40, 5: 320, 6: 40} degrees for group 'Wheg_Group'
2025-04-17 16:53:13,118 INFO: Gait 2 step executed at 20.00RPM, wait for 0.36 seconds
2025-04-17 16:53:15,717 WARNING: Profile velocity 160.0 for motor 2 exceeds hard limit 100. Limiting to 100.
2025-04-17 16:53:15,718 WARNING: Profile velocity 160.0 for motor 4 exceeds hard limit 100. Limiting to 100.
2025-04-17 16:53:15,720 WARNING: Profile velocity 160.0 for motor 6 exceeds hard limit 100. Limiting to 100.
2025-04-17 16:53:15,723 INFO: Profile velocities set for group Wheg_Group: {1: 87.4, 2: 437.0, 3: 87.4, 4: 437.0, 5: 87.4, 6: 437.0}
2025-04-17 16:53:15,724 INFO: Incrementing motor positions by {1: 40, 2: 320, 3: 40, 4: 320, 5: 40, 6: 320} degrees for group 'Wheg_Group'
2025-04-17 16:53:15,736 INFO: Gait 2 step executed at 20.00RPM, wait for 0.36 seconds
2025-04-17 16:53:18,216 INFO: Square pressed. Preparing to change to previous gait: 1
2025-04-17 16:53:18,236 INFO: Initialising Gait 1
2025-04-17 16:53:18,237 INFO: Disabling torque for group Wheg_Group
2025-04-17 16:53:18,242 INFO: Drive mode set for group Wheg_Group with reverse_direction={1: 0, 2: 0, 3: 0, 4: 1, 5: 1, 6: 1}
2025-04-17 16:53:18,243 INFO: Enabling torque for group Wheg_Group
2025-04-17 16:53:18,244 INFO: Setting the profile velocity for group Wheg_Group from config.yaml: 10
2025-04-17 16:53:18,245 INFO: Profile velocities set for group Wheg_Group: {1: 43.7, 2: 43.7, 3: 43.7, 4: 43.7, 5: 43.7, 6: 43.7}
2025-04-17 16:53:18,246 WARNING: Set direction of whegs to forward
2025-04-17 16:53:18,246 WARNING: Direction set for all whegs
2025-04-17 16:53:18,247 INFO: Running set_position_group for group 'Wheg_Group' with positions: 180
2025-04-17 16:53:18,252 WARNING: Motor 1 is not in Position Control Mode. Setting mode now.
2025-04-17 16:53:18,253 INFO: Setting operating mode 'position' for group 'Wheg_Group'
2025-04-17 16:53:18,254 INFO: Disabling torque for group Wheg_Group
2025-04-17 16:53:18,259 INFO: Enabling torque for group Wheg_Group
2025-04-17 16:53:18,260 INFO: Setting the profile velocity for group Wheg_Group from config.yaml: 10
2025-04-17 16:53:18,261 INFO: Profile velocities set for group Wheg_Group: {1: 43.7, 2: 43.7, 3: 43.7, 4: 43.7, 5: 43.7, 6: 43.7}
2025-04-17 16:53:18,262 INFO: Setting the profile velocity for group Wheg_Group from config.yaml: 10
2025-04-17 16:53:18,262 INFO: Profile velocities set for group Wheg_Group: {1: 43.7, 2: 43.7, 3: 43.7, 4: 43.7, 5: 43.7, 6: 43.7}
2025-04-17 16:53:18,263 INFO: Running set_position_group for group 'Pivot_Group' with positions: 180
2025-04-17 16:53:18,267 INFO: Initialised Gait 1, waiting for 1 seconds
2025-04-17 16:53:18,356 INFO: Square pressed. Preparing to change to previous gait: 1
2025-04-17 16:53:19,269 INFO: Setting operating mode 'multi_turn' for group 'Wheg_Group'
2025-04-17 16:53:19,271 INFO: Disabling torque for group Wheg_Group
2025-04-17 16:53:19,272 INFO: Enabling torque for group Wheg_Group
2025-04-17 16:53:19,274 INFO: Setting the profile velocity for group Wheg_Group from config.yaml: 10
2025-04-17 16:53:19,275 INFO: Profile velocities set for group Wheg_Group: {1: 43.7, 2: 43.7, 3: 43.7, 4: 43.7, 5: 43.7, 6: 43.7}
2025-04-17 16:53:19,276 INFO: Setting the profile velocity for group Wheg_Group from config.yaml: 10
2025-04-17 16:53:19,277 INFO: Profile velocities set for group Wheg_Group: {1: 43.7, 2: 43.7, 3: 43.7, 4: 43.7, 5: 43.7, 6: 43.7}
2025-04-17 16:53:19,277 INFO: New gait 1 is now active.
2025-04-17 16:53:34,602 INFO: Square pressed. Preparing to change to previous gait: 4
2025-04-17 16:53:34,615 INFO: Initialising Gait 4
2025-04-17 16:53:34,619 INFO: Direction data: {1: {'drive_mode': 0}, 2: {'drive_mode': 0}, 3: {'drive_mode': 0}}
2025-04-17 16:53:34,620 INFO: Disabling torque for group Left_Whegs
2025-04-17 16:53:34,622 INFO: Drive mode set for group Left_Whegs with reverse_direction={1: 1, 2: 1, 3: 1}
2025-04-17 16:53:34,622 INFO: Enabling torque for group Left_Whegs
2025-04-17 16:53:34,623 INFO: Setting the profile velocity for group Left_Whegs from config.yaml: None
2025-04-17 16:53:34,624 ERROR: Profile velocity for group Left_Whegs not found in config.yaml and no value was provided.
2025-04-17 16:53:34,626 WARNING: Reversed the direction of the left whegs
2025-04-17 16:53:34,628 INFO: Running set_position_group for group 'Wheg_Group' with positions: {1: 160, 2: 200, 3: 160, 4: 200, 5: 160, 6: 200}
2025-04-17 16:53:34,634 WARNING: Motor 1 is not in Position Control Mode. Setting mode now.
2025-04-17 16:53:34,635 INFO: Setting operating mode 'position' for group 'Wheg_Group'
2025-04-17 16:53:34,636 INFO: Disabling torque for group Wheg_Group
2025-04-17 16:53:34,638 INFO: Enabling torque for group Wheg_Group
2025-04-17 16:53:34,639 INFO: Setting the profile velocity for group Wheg_Group from config.yaml: 10
2025-04-17 16:53:34,641 INFO: Profile velocities set for group Wheg_Group: {1: 43.7, 2: 43.7, 3: 43.7, 4: 43.7, 5: 43.7, 6: 43.7}
2025-04-17 16:53:34,642 INFO: Setting the profile velocity for group Wheg_Group from config.yaml: 10
2025-04-17 16:53:34,643 INFO: Profile velocities set for group Wheg_Group: {1: 43.7, 2: 43.7, 3: 43.7, 4: 43.7, 5: 43.7, 6: 43.7}
2025-04-17 16:53:34,644 INFO: Running set_position_group for group 'Pivot_Group' with positions: 180
2025-04-17 16:53:34,649 INFO: Initialised Gait 4, waiting for 1 seconds
2025-04-17 16:53:35,812 INFO: Setting operating mode 'multi_turn' for group 'Wheg_Group'
2025-04-17 16:53:35,813 INFO: Disabling torque for group Wheg_Group
2025-04-17 16:53:35,821 INFO: Enabling torque for group Wheg_Group
2025-04-17 16:53:35,826 INFO: Setting the profile velocity for group Wheg_Group from config.yaml: 10
2025-04-17 16:53:35,827 INFO: Profile velocities set for group Wheg_Group: {1: 43.7, 2: 43.7, 3: 43.7, 4: 43.7, 5: 43.7, 6: 43.7}
2025-04-17 16:53:35,828 INFO: Setting the profile velocity for group Wheg_Group from config.yaml: 10
2025-04-17 16:53:35,829 INFO: Profile velocities set for group Wheg_Group: {1: 43.7, 2: 43.7, 3: 43.7, 4: 43.7, 5: 43.7, 6: 43.7}
2025-04-17 16:53:35,830 INFO: New gait 4 is now active.
2025-04-17 16:53:45,267 WARNING: Profile velocity 160.0 for motor 2 exceeds hard limit 100. Limiting to 100.
2025-04-17 16:53:45,267 WARNING: Profile velocity 160.0 for motor 4 exceeds hard limit 100. Limiting to 100.
2025-04-17 16:53:45,268 WARNING: Profile velocity 160.0 for motor 6 exceeds hard limit 100. Limiting to 100.
2025-04-17 16:53:45,270 INFO: Profile velocities set for group Wheg_Group: {1: 87.4, 2: 437.0, 3: 87.4, 4: 437.0, 5: 87.4, 6: 437.0}
2025-04-17 16:53:45,270 INFO: Incrementing motor positions by {1: 40, 2: 320, 3: 40, 4: 320, 5: 40, 6: 320} degrees for group 'Wheg_Group'
2025-04-17 16:53:45,283 INFO: Gait 4 step executed at 20.00RPM, wait for 0.36 seconds
2025-04-17 16:53:46,079 WARNING: Profile velocity 160.0 for motor 1 exceeds hard limit 100. Limiting to 100.
2025-04-17 16:53:46,080 WARNING: Profile velocity 160.0 for motor 3 exceeds hard limit 100. Limiting to 100.
2025-04-17 16:53:46,082 WARNING: Profile velocity 160.0 for motor 5 exceeds hard limit 100. Limiting to 100.
2025-04-17 16:53:46,086 INFO: Profile velocities set for group Wheg_Group: {1: 437.0, 2: 87.4, 3: 437.0, 4: 87.4, 5: 437.0, 6: 87.4}
2025-04-17 16:53:46,088 INFO: Incrementing motor positions by {1: 320, 2: 40, 3: 320, 4: 40, 5: 320, 6: 40} degrees for group 'Wheg_Group'
2025-04-17 16:53:46,101 INFO: Gait 4 step executed at 20.00RPM, wait for 0.36 seconds
2025-04-17 16:53:46,894 WARNING: Profile velocity 160.0 for motor 2 exceeds hard limit 100. Limiting to 100.
2025-04-17 16:53:46,895 WARNING: Profile velocity 160.0 for motor 4 exceeds hard limit 100. Limiting to 100.
2025-04-17 16:53:46,896 WARNING: Profile velocity 160.0 for motor 6 exceeds hard limit 100. Limiting to 100.
2025-04-17 16:53:46,897 INFO: Profile velocities set for group Wheg_Group: {1: 87.4, 2: 437.0, 3: 87.4, 4: 437.0, 5: 87.4, 6: 437.0}
2025-04-17 16:53:46,898 INFO: Incrementing motor positions by {1: 40, 2: 320, 3: 40, 4: 320, 5: 40, 6: 320} degrees for group 'Wheg_Group'
2025-04-17 16:53:46,914 INFO: Gait 4 step executed at 20.00RPM, wait for 0.36 seconds
2025-04-17 16:53:47,602 WARNING: Profile velocity 160.0 for motor 1 exceeds hard limit 100. Limiting to 100.
2025-04-17 16:53:47,603 WARNING: Profile velocity 160.0 for motor 3 exceeds hard limit 100. Limiting to 100.
2025-04-17 16:53:47,604 WARNING: Profile velocity 160.0 for motor 5 exceeds hard limit 100. Limiting to 100.
2025-04-17 16:53:47,606 INFO: Profile velocities set for group Wheg_Group: {1: 437.0, 2: 87.4, 3: 437.0, 4: 87.4, 5: 437.0, 6: 87.4}
2025-04-17 16:53:47,607 INFO: Incrementing motor positions by {1: 320, 2: 40, 3: 320, 4: 40, 5: 320, 6: 40} degrees for group 'Wheg_Group'
2025-04-17 16:53:47,620 INFO: Gait 4 step executed at 20.00RPM, wait for 0.36 seconds
2025-04-17 16:53:51,263 INFO: Square pressed. Preparing to change to previous gait: 3
2025-04-17 16:53:51,276 INFO: Initialsing Gait 3
2025-04-17 16:53:51,277 INFO: Disabling torque for group Wheg_Group
2025-04-17 16:53:51,280 INFO: Drive mode set for group Wheg_Group with reverse_direction={1: 0, 2: 0, 3: 0, 4: 1, 5: 1, 6: 1}
2025-04-17 16:53:51,281 INFO: Enabling torque for group Wheg_Group
2025-04-17 16:53:51,282 INFO: Setting the profile velocity for group Wheg_Group from config.yaml: 10
2025-04-17 16:53:51,283 INFO: Profile velocities set for group Wheg_Group: {1: 43.7, 2: 43.7, 3: 43.7, 4: 43.7, 5: 43.7, 6: 43.7}
2025-04-17 16:53:51,284 WARNING: Set direction of whegs to forward
2025-04-17 16:53:51,284 WARNING: Direction set for all whegs
2025-04-17 16:53:51,286 INFO: Running set_position_group for group 'Wheg_Group' with positions: {1: 200, 2: 160, 3: 160, 4: 200, 5: 160, 6: 160}
2025-04-17 16:53:51,292 WARNING: Motor 1 is not in Position Control Mode. Setting mode now.
2025-04-17 16:53:51,294 INFO: Setting operating mode 'position' for group 'Wheg_Group'
2025-04-17 16:53:51,294 INFO: Disabling torque for group Wheg_Group
2025-04-17 16:53:51,297 INFO: Enabling torque for group Wheg_Group
2025-04-17 16:53:51,298 INFO: Setting the profile velocity for group Wheg_Group from config.yaml: 10
2025-04-17 16:53:51,299 INFO: Profile velocities set for group Wheg_Group: {1: 43.7, 2: 43.7, 3: 43.7, 4: 43.7, 5: 43.7, 6: 43.7}
2025-04-17 16:53:51,300 INFO: Setting the profile velocity for group Wheg_Group from config.yaml: 10
2025-04-17 16:53:51,302 INFO: Profile velocities set for group Wheg_Group: {1: 43.7, 2: 43.7, 3: 43.7, 4: 43.7, 5: 43.7, 6: 43.7}
2025-04-17 16:53:51,303 INFO: Running set_position_group for group 'Pivot_Group' with positions: 180
2025-04-17 16:53:51,309 INFO: Initialised Gait 3, waiting for 1 seconds
2025-04-17 16:53:52,310 INFO: Setting operating mode 'multi_turn' for group 'Wheg_Group'
2025-04-17 16:53:52,310 INFO: Disabling torque for group Wheg_Group
2025-04-17 16:53:52,312 INFO: Enabling torque for group Wheg_Group
2025-04-17 16:53:52,313 INFO: Setting the profile velocity for group Wheg_Group from config.yaml: 10
2025-04-17 16:53:52,314 INFO: Profile velocities set for group Wheg_Group: {1: 43.7, 2: 43.7, 3: 43.7, 4: 43.7, 5: 43.7, 6: 43.7}
2025-04-17 16:53:52,314 INFO: Setting the profile velocity for group Wheg_Group from config.yaml: 10
2025-04-17 16:53:52,315 INFO: Profile velocities set for group Wheg_Group: {1: 43.7, 2: 43.7, 3: 43.7, 4: 43.7, 5: 43.7, 6: 43.7}
2025-04-17 16:53:52,316 INFO: New gait 3 is now active.
2025-04-17 16:53:57,273 INFO: Square pressed. Preparing to change to previous gait: 2
2025-04-17 16:53:57,285 INFO: Initialising Gait 2
2025-04-17 16:53:57,286 INFO: Running set_position_group for group 'Wheg_Group' with positions: {1: 160, 2: 200, 3: 160, 4: 200, 5: 160, 6: 200}
2025-04-17 16:53:57,292 WARNING: Motor 1 is not in Position Control Mode. Setting mode now.
2025-04-17 16:53:57,293 INFO: Setting operating mode 'position' for group 'Wheg_Group'
2025-04-17 16:53:57,293 INFO: Disabling torque for group Wheg_Group
2025-04-17 16:53:57,294 INFO: Enabling torque for group Wheg_Group
2025-04-17 16:53:57,296 INFO: Setting the profile velocity for group Wheg_Group from config.yaml: 10
2025-04-17 16:53:57,297 INFO: Profile velocities set for group Wheg_Group: {1: 43.7, 2: 43.7, 3: 43.7, 4: 43.7, 5: 43.7, 6: 43.7}
2025-04-17 16:53:57,298 INFO: Setting the profile velocity for group Wheg_Group from config.yaml: 10
2025-04-17 16:53:57,299 INFO: Profile velocities set for group Wheg_Group: {1: 43.7, 2: 43.7, 3: 43.7, 4: 43.7, 5: 43.7, 6: 43.7}
2025-04-17 16:53:57,300 INFO: Running set_position_group for group 'Pivot_Group' with positions: 180
2025-04-17 16:53:57,304 INFO: Initialised Gait 2, waiting for 1 seconds
2025-04-17 16:53:58,311 INFO: Setting operating mode 'multi_turn' for group 'Wheg_Group'
2025-04-17 16:53:58,312 INFO: Disabling torque for group Wheg_Group
2025-04-17 16:53:58,314 INFO: Enabling torque for group Wheg_Group
2025-04-17 16:53:58,316 INFO: Setting the profile velocity for group Wheg_Group from config.yaml: 10
2025-04-17 16:53:58,317 INFO: Profile velocities set for group Wheg_Group: {1: 43.7, 2: 43.7, 3: 43.7, 4: 43.7, 5: 43.7, 6: 43.7}
2025-04-17 16:53:58,318 INFO: Setting the profile velocity for group Wheg_Group from config.yaml: 10
2025-04-17 16:53:58,320 INFO: Profile velocities set for group Wheg_Group: {1: 43.7, 2: 43.7, 3: 43.7, 4: 43.7, 5: 43.7, 6: 43.7}
2025-04-17 16:53:58,323 INFO: New gait 2 is now active.
2025-04-17 16:53:59,524 INFO: Square pressed. Preparing to change to previous gait: 1
2025-04-17 16:53:59,536 INFO: Initialising Gait 1
2025-04-17 16:53:59,538 INFO: Disabling torque for group Wheg_Group
2025-04-17 16:53:59,540 INFO: Drive mode set for group Wheg_Group with reverse_direction={1: 0, 2: 0, 3: 0, 4: 1, 5: 1, 6: 1}
2025-04-17 16:53:59,540 INFO: Enabling torque for group Wheg_Group
2025-04-17 16:53:59,542 INFO: Setting the profile velocity for group Wheg_Group from config.yaml: 10
2025-04-17 16:53:59,543 INFO: Profile velocities set for group Wheg_Group: {1: 43.7, 2: 43.7, 3: 43.7, 4: 43.7, 5: 43.7, 6: 43.7}
2025-04-17 16:53:59,544 WARNING: Set direction of whegs to forward
2025-04-17 16:53:59,544 WARNING: Direction set for all whegs
2025-04-17 16:53:59,545 INFO: Running set_position_group for group 'Wheg_Group' with positions: 180
2025-04-17 16:53:59,551 WARNING: Motor 1 is not in Position Control Mode. Setting mode now.
2025-04-17 16:53:59,551 INFO: Setting operating mode 'position' for group 'Wheg_Group'
2025-04-17 16:53:59,552 INFO: Disabling torque for group Wheg_Group
2025-04-17 16:53:59,555 INFO: Enabling torque for group Wheg_Group
2025-04-17 16:53:59,556 INFO: Setting the profile velocity for group Wheg_Group from config.yaml: 10
2025-04-17 16:53:59,558 INFO: Profile velocities set for group Wheg_Group: {1: 43.7, 2: 43.7, 3: 43.7, 4: 43.7, 5: 43.7, 6: 43.7}
2025-04-17 16:53:59,559 INFO: Setting the profile velocity for group Wheg_Group from config.yaml: 10
2025-04-17 16:53:59,567 INFO: Profile velocities set for group Wheg_Group: {1: 43.7, 2: 43.7, 3: 43.7, 4: 43.7, 5: 43.7, 6: 43.7}
2025-04-17 16:53:59,570 INFO: Running set_position_group for group 'Pivot_Group' with positions: 180
2025-04-17 16:53:59,580 INFO: Initialised Gait 1, waiting for 1 seconds
2025-04-17 16:54:00,607 INFO: Setting operating mode 'multi_turn' for group 'Wheg_Group'
2025-04-17 16:54:00,608 INFO: Disabling torque for group Wheg_Group
2025-04-17 16:54:00,612 INFO: Enabling torque for group Wheg_Group
2025-04-17 16:54:00,616 INFO: Setting the profile velocity for group Wheg_Group from config.yaml: 10
2025-04-17 16:54:00,617 INFO: Profile velocities set for group Wheg_Group: {1: 43.7, 2: 43.7, 3: 43.7, 4: 43.7, 5: 43.7, 6: 43.7}
2025-04-17 16:54:00,618 INFO: Setting the profile velocity for group Wheg_Group from config.yaml: 10
2025-04-17 16:54:00,620 INFO: Profile velocities set for group Wheg_Group: {1: 43.7, 2: 43.7, 3: 43.7, 4: 43.7, 5: 43.7, 6: 43.7}
2025-04-17 16:54:00,622 INFO: New gait 1 is now active.
2025-04-17 16:54:02,733 INFO: Profile velocities set for group Wheg_Group: {1: 87.4, 2: 87.4, 3: 87.4, 4: 87.4, 5: 87.4, 6: 87.4}
2025-04-17 16:54:02,734 INFO: Incrementing motor positions by 360 degrees for group 'Wheg_Group'
2025-04-17 16:54:02,748 INFO: Gait 1 step executed at 20.00RPM, wait for 3.00 seconds
2025-04-17 16:54:07,045 INFO: Profile velocities set for group Wheg_Group: {1: 87.4, 2: 87.4, 3: 87.4, 4: 87.4, 5: 87.4, 6: 87.4}
2025-04-17 16:54:07,047 INFO: Incrementing motor positions by 360 degrees for group 'Wheg_Group'
2025-04-17 16:54:07,062 INFO: Gait 1 step executed at 20.00RPM, wait for 3.00 seconds
2025-04-17 16:54:10,087 INFO: Profile velocities set for group Wheg_Group: {1: 91.77, 2: 91.77, 3: 91.77, 4: 91.77, 5: 91.77, 6: 91.77}
2025-04-17 16:54:10,089 INFO: Incrementing motor positions by 360 degrees for group 'Wheg_Group'
2025-04-17 16:54:10,107 INFO: Gait 1 step executed at 21.00RPM, wait for 2.86 seconds
2025-04-17 16:54:13,459 INFO: Profile velocities set for group Wheg_Group: {1: 87.4, 2: 87.4, 3: 87.4, 4: 87.4, 5: 87.4, 6: 87.4}
2025-04-17 16:54:13,460 INFO: Incrementing motor positions by 360 degrees for group 'Wheg_Group'
2025-04-17 16:54:13,472 INFO: Gait 1 step executed at 20.00RPM, wait for 3.00 seconds
2025-04-17 16:54:17,533 INFO: Profile velocities set for group Wheg_Group: {1: 87.4, 2: 87.4, 3: 87.4, 4: 87.4, 5: 87.4, 6: 87.4}
2025-04-17 16:54:17,534 INFO: Incrementing motor positions by 360 degrees for group 'Wheg_Group'
2025-04-17 16:54:17,546 INFO: Gait 1 step executed at 20.00RPM, wait for 3.00 seconds
2025-04-17 16:54:20,654 INFO: Profile velocities set for group Wheg_Group: {1: 91.77, 2: 91.77, 3: 91.77, 4: 91.77, 5: 91.77, 6: 91.77}
2025-04-17 16:54:20,655 INFO: Incrementing motor positions by 360 degrees for group 'Wheg_Group'
2025-04-17 16:54:20,673 INFO: Gait 1 step executed at 21.00RPM, wait for 2.86 seconds
2025-04-17 16:54:23,656 INFO: Profile velocities set for group Wheg_Group: {1: 96.14, 2: 96.14, 3: 96.14, 4: 96.14, 5: 96.14, 6: 96.14}
2025-04-17 16:54:23,656 INFO: Incrementing motor positions by 360 degrees for group 'Wheg_Group'
2025-04-17 16:54:23,669 INFO: Gait 1 step executed at 22.00RPM, wait for 2.73 seconds
2025-04-17 16:54:26,478 INFO: Profile velocities set for group Wheg_Group: {1: 100.51, 2: 100.51, 3: 100.51, 4: 100.51, 5: 100.51, 6: 100.51}
2025-04-17 16:54:26,484 INFO: Incrementing motor positions by 360 degrees for group 'Wheg_Group'
2025-04-17 16:54:26,496 INFO: Gait 1 step executed at 23.00RPM, wait for 2.61 seconds
2025-04-17 16:54:29,126 INFO: Profile velocities set for group Wheg_Group: {1: 104.88, 2: 104.88, 3: 104.88, 4: 104.88, 5: 104.88, 6: 104.88}
2025-04-17 16:54:29,127 INFO: Incrementing motor positions by 360 degrees for group 'Wheg_Group'
2025-04-17 16:54:29,141 INFO: Gait 1 step executed at 24.00RPM, wait for 2.50 seconds
2025-04-17 16:54:31,688 INFO: Profile velocities set for group Wheg_Group: {1: 109.25, 2: 109.25, 3: 109.25, 4: 109.25, 5: 109.25, 6: 109.25}
2025-04-17 16:54:31,689 INFO: Incrementing motor positions by 360 degrees for group 'Wheg_Group'
2025-04-17 16:54:31,701 INFO: Gait 1 step executed at 25.00RPM, wait for 2.40 seconds
2025-04-17 16:54:34,206 INFO: Profile velocities set for group Wheg_Group: {1: 113.62, 2: 113.62, 3: 113.62, 4: 113.62, 5: 113.62, 6: 113.62}
2025-04-17 16:54:34,207 INFO: Incrementing motor positions by 360 degrees for group 'Wheg_Group'
2025-04-17 16:54:34,219 INFO: Gait 1 step executed at 26.00RPM, wait for 2.31 seconds
2025-04-17 16:54:36,608 INFO: Profile velocities set for group Wheg_Group: {1: 117.99000000000001, 2: 117.99000000000001, 3: 117.99000000000001, 4: 117.99000000000001, 5: 117.99000000000001, 6: 117.99000000000001}
2025-04-17 16:54:36,609 INFO: Incrementing motor positions by 360 degrees for group 'Wheg_Group'
2025-04-17 16:54:36,621 INFO: Gait 1 step executed at 27.00RPM, wait for 2.22 seconds
2025-04-17 16:54:38,867 INFO: Profile velocities set for group Wheg_Group: {1: 122.36, 2: 122.36, 3: 122.36, 4: 122.36, 5: 122.36, 6: 122.36}
2025-04-17 16:54:38,868 INFO: Incrementing motor positions by 360 degrees for group 'Wheg_Group'
2025-04-17 16:54:38,880 INFO: Gait 1 step executed at 28.00RPM, wait for 2.14 seconds
2025-04-17 16:54:41,131 INFO: Profile velocities set for group Wheg_Group: {1: 126.73, 2: 126.73, 3: 126.73, 4: 126.73, 5: 126.73, 6: 126.73}
2025-04-17 16:54:41,132 INFO: Incrementing motor positions by 360 degrees for group 'Wheg_Group'
2025-04-17 16:54:41,146 INFO: Gait 1 step executed at 29.00RPM, wait for 2.07 seconds
2025-04-17 16:54:43,251 INFO: Profile velocities set for group Wheg_Group: {1: 131.1, 2: 131.1, 3: 131.1, 4: 131.1, 5: 131.1, 6: 131.1}
2025-04-17 16:54:43,252 INFO: Incrementing motor positions by 360 degrees for group 'Wheg_Group'
2025-04-17 16:54:43,265 INFO: Gait 1 step executed at 30.00RPM, wait for 2.00 seconds
2025-04-17 16:54:45,390 INFO: Profile velocities set for group Wheg_Group: {1: 135.47, 2: 135.47, 3: 135.47, 4: 135.47, 5: 135.47, 6: 135.47}
2025-04-17 16:54:45,390 INFO: Incrementing motor positions by 360 degrees for group 'Wheg_Group'
2025-04-17 16:54:45,403 INFO: Gait 1 step executed at 31.00RPM, wait for 1.94 seconds
2025-04-17 16:54:47,152 INFO: Initiating safe shutdown...
2025-04-17 16:54:47,152 INFO: Setting operating mode 'velocity' for group 'All_Motors'
2025-04-17 16:54:47,153 INFO: Disabling torque for group All_Motors
2025-04-17 16:54:47,155 INFO: Enabling torque for group All_Motors
2025-04-17 16:54:47,156 INFO: Setting the profile velocity for group All_Motors from config.yaml: 8
2025-04-17 16:54:47,157 INFO: Profile velocities set for group All_Motors: {1: 34.96, 2: 34.96, 3: 34.96, 4: 34.96, 5: 34.96, 6: 34.96, 7: 34.96, 8: 34.96}
2025-04-17 16:54:47,157 WARNING: Velocity limit 200 exceeds hard limit 100. Limiting to 100.
2025-04-17 16:54:47,159 INFO: Velocity limit set to 100 for group All_Motors
2025-04-17 16:54:47,159 INFO: Enabling torque for group All_Motors
2025-04-17 16:54:47,161 INFO: Setting the profile velocity for group All_Motors from config.yaml: 8
2025-04-17 16:54:47,163 INFO: Profile velocities set for group All_Motors: {1: 34.96, 2: 34.96, 3: 34.96, 4: 34.96, 5: 34.96, 6: 34.96, 7: 34.96, 8: 34.96}
2025-04-17 16:54:47,165 INFO: Target velocities set for group All_Motors: {1: 0, 2: 0, 3: 0, 4: 0, 5: 0, 6: 0, 7: 0, 8: 0}
2025-04-17 16:54:47,166 INFO: Running set_position_group for group 'All_Motors' with positions: 180
2025-04-17 16:54:47,174 WARNING: Motor 1 is not in Position Control Mode. Setting mode now.
2025-04-17 16:54:47,176 INFO: Setting operating mode 'position' for group 'All_Motors'
2025-04-17 16:54:47,177 INFO: Disabling torque for group All_Motors
2025-04-17 16:54:47,180 INFO: Enabling torque for group All_Motors
2025-04-17 16:54:47,181 INFO: Setting the profile velocity for group All_Motors from config.yaml: 8
2025-04-17 16:54:47,183 INFO: Profile velocities set for group All_Motors: {1: 34.96, 2: 34.96, 3: 34.96, 4: 34.96, 5: 34.96, 6: 34.96, 7: 34.96, 8: 34.96}
2025-04-17 16:54:47,184 INFO: Setting the profile velocity for group All_Motors from config.yaml: 8
2025-04-17 16:54:47,184 INFO: Profile velocities set for group All_Motors: {1: 34.96, 2: 34.96, 3: 34.96, 4: 34.96, 5: 34.96, 6: 34.96, 7: 34.96, 8: 34.96}
2025-04-17 16:54:47,186 INFO: Closing PS4Controller and quitting pygame
2025-04-17 16:54:47,277 INFO: Port closed successfully.
2025-04-17 16:54:47,277 INFO: Shutdown complete.
