2024-10-28 19:55:17,441 INFO: Initializing PS4Controller
2024-10-28 19:55:17,717 INFO: Configuration loaded successfully
2024-10-28 19:55:17,722 INFO: Port /dev/ttyACM0 opened successfully
2024-10-28 19:55:17,732 INFO: Baudrate set to 1000000
2024-10-28 19:55:17,732 INFO: Control table loaded successfully.
2024-10-28 19:55:17,733 INFO: Motor group 'Pivot_Group' created with motors: [7, 8]
2024-10-28 19:55:17,733 INFO: Motor group 'Wheg_Group' created with motors: [1, 2, 3, 4, 5, 6]
2024-10-28 19:55:17,734 INFO: Motor group 'All_Motors' created with motors: [1, 2, 3, 4, 5, 6, 7, 8]
2024-10-28 19:55:17,735 INFO: Motor group 'Left_Whegs' created with motors: [1, 2, 3]
2024-10-28 19:55:17,735 INFO: Motor group 'Right_Whegs' created with motors: [4, 5, 6]
2024-10-28 19:55:17,736 INFO: Motor group 'Front_Whegs' created with motors: [3, 6]
2024-10-28 19:55:17,736 INFO: Motor group 'Rear_Whegs' created with motors: [1, 4]
2024-10-28 19:55:17,736 INFO: Motor group 'Middle_Whegs' created with motors: [2, 5]
2024-10-28 19:55:17,737 INFO: Motor group 'Two_Right_One_Left' created with motors: [2, 4, 6]
2024-10-28 19:55:17,737 INFO: Motor group 'Two_Left_One_Right' created with motors: [5, 1, 3]
2024-10-28 19:55:17,738 INFO: Initialised PS4 controller, Dynamixel, and Robot State
2024-10-28 19:55:17,903 INFO: Initialised Streamlit dashboard
2024-10-28 19:55:17,904 INFO: Disabling torque for group Right_Whegs
2024-10-28 19:55:17,909 INFO: Drive mode set for group Right_Whegs with reverse_direction=True
2024-10-28 19:55:17,910 INFO: Enabling torque for group Right_Whegs
2024-10-28 19:55:17,914 INFO: Motor 4 drive mode correctly set to reverse
2024-10-28 19:55:17,915 INFO: Motor 5 drive mode correctly set to reverse
2024-10-28 19:55:17,916 INFO: Motor 6 drive mode correctly set to reverse
2024-10-28 19:55:17,916 INFO: Disabling torque for group Left_Whegs
2024-10-28 19:55:17,917 INFO: Drive mode set for group Left_Whegs with reverse_direction=False
2024-10-28 19:55:17,918 INFO: Enabling torque for group Left_Whegs
2024-10-28 19:55:17,922 INFO: Motor 1 drive mode correctly set to normal
2024-10-28 19:55:17,923 INFO: Motor 2 drive mode correctly set to normal
2024-10-28 19:55:17,923 INFO: Motor 3 drive mode correctly set to normal
2024-10-28 19:55:17,924 INFO: Set the right side whegs to reverse direction
2024-10-28 19:55:17,924 INFO: Disabling torque for group Pivot_Group
2024-10-28 19:55:17,925 INFO: Drive mode set for group Pivot_Group with reverse_direction=False
2024-10-28 19:55:17,926 INFO: Enabling torque for group Pivot_Group
2024-10-28 19:55:17,929 INFO: Motor 7 drive mode correctly set to normal
2024-10-28 19:55:17,930 INFO: Motor 8 drive mode correctly set to normal
2024-10-28 19:55:17,931 INFO: Position limits set for group Pivot_Group: min=90° (ticks=1023), max=270° (ticks=3071)
2024-10-28 19:55:17,932 INFO: Set position limits for the pivot motors
2024-10-28 19:55:17,934 INFO: Initialising Gait 1
2024-10-28 19:55:17,934 INFO: Running set_position_group for group 'Wheg_Group' with positions: 180
2024-10-28 19:55:17,940 INFO: Running set_position_group for group 'Pivot_Group' with positions: 180
2024-10-28 19:55:17,944 INFO: Initialised Gait 1, waiting for 3 seconds
2024-10-28 19:55:18,004 INFO: Motor     Position (degrees)       Velocity (RPM)      Load (%)  
2024-10-28 19:55:18,005 INFO: 1         158.99                   53.59               5.0       
2024-10-28 19:55:18,006 INFO: 2         167.17                   45.34               3.9       
2024-10-28 19:55:18,006 INFO: 3         162.77                   51.30               4.6       
2024-10-28 19:55:18,007 INFO: 4         168.13                   41.68               3.8       
2024-10-28 19:55:18,007 INFO: 5         161.37                   55.19               4.8       
2024-10-28 19:55:18,007 INFO: 6         179.30                   1.37                1.1       
2024-10-28 19:55:18,008 INFO: 7         179.91                   0.00                0.0       
2024-10-28 19:55:18,009 INFO: 8         180.44                   0.00                -1.6      
2024-10-28 19:55:20,974 INFO: Setting operating mode 'multi_turn' for group 'Wheg_Group'
2024-10-28 19:55:20,975 INFO: Disabling torque for group Wheg_Group
2024-10-28 19:55:20,976 INFO: Enabling torque for group Wheg_Group
2024-10-28 19:55:20,976 INFO: Setting the profile velocity for group Wheg_Group from config.yaml: 10
2024-10-28 19:55:20,977 INFO: Profile velocities set for group Wheg_Group: {1: 43.7, 2: 43.7, 3: 43.7, 4: 43.7, 5: 43.7, 6: 43.7}
2024-10-28 19:55:20,977 INFO: New gait 1 is now active.
2024-10-28 19:55:23,041 INFO: Motor     Position (degrees)       Velocity (RPM)      Load (%)  
2024-10-28 19:55:23,042 INFO: 1         179.91                   0.00                0.6       
2024-10-28 19:55:23,043 INFO: 2         179.91                   0.23                1.2       
2024-10-28 19:55:23,044 INFO: 3         179.82                   0.00                0.2       
2024-10-28 19:55:23,044 INFO: 4         179.74                   0.23                0.6       
2024-10-28 19:55:23,045 INFO: 5         179.74                   0.00                0.2       
2024-10-28 19:55:23,046 INFO: 6         179.91                   0.23                0.1       
2024-10-28 19:55:23,047 INFO: 7         179.91                   0.00                0.0       
2024-10-28 19:55:23,049 INFO: 8         180.44                   0.00                -3.4      
2024-10-28 19:55:23,051 INFO: Profile velocities set for group Wheg_Group: {1: 21.85, 2: 21.85, 3: 21.85, 4: 21.85, 5: 21.85, 6: 21.85}
2024-10-28 19:55:23,052 INFO: Incrementing motor positions by 360 degrees for group 'Wheg_Group'
2024-10-28 19:55:23,064 INFO: Gait 1 step executed at 5.00RPM, wait for 12.00 seconds
2024-10-28 19:55:28,079 INFO: Motor     Position (degrees)       Velocity (RPM)      Load (%)  
2024-10-28 19:55:28,079 INFO: 1         323.35                   5.04                1.3       
2024-10-28 19:55:28,079 INFO: 2         322.03                   4.81                1.4       
2024-10-28 19:55:28,080 INFO: 3         322.73                   5.04                1.4       
2024-10-28 19:55:28,080 INFO: 4         322.65                   5.04                1.4       
2024-10-28 19:55:28,081 INFO: 5         321.94                   5.04                1.3       
2024-10-28 19:55:28,081 INFO: 6         321.24                   4.81                1.6       
2024-10-28 19:55:28,081 INFO: 7         179.91                   0.00                0.0       
2024-10-28 19:55:28,082 INFO: 8         180.44                   0.00                -3.4      
2024-10-28 19:55:33,112 INFO: Motor     Position (degrees)       Velocity (RPM)      Load (%)  
2024-10-28 19:55:33,112 INFO: 1         109.63                   4.81                1.2       
2024-10-28 19:55:33,112 INFO: 2         108.58                   5.04                1.2       
2024-10-28 19:55:33,113 INFO: 3         109.02                   4.81                1.2       
2024-10-28 19:55:33,113 INFO: 4         109.81                   5.04                1.2       
2024-10-28 19:55:33,114 INFO: 5         108.84                   4.81                1.2       
2024-10-28 19:55:33,114 INFO: 6         108.49                   5.04                1.4       
2024-10-28 19:55:33,114 INFO: 7         179.91                   0.00                0.0       
2024-10-28 19:55:33,115 INFO: 8         180.44                   0.00                -3.4      
2024-10-28 19:55:35,077 INFO: Profile velocities set for group Wheg_Group: {1: 43.7, 2: 43.7, 3: 43.7, 4: 43.7, 5: 43.7, 6: 43.7}
2024-10-28 19:55:35,078 INFO: Incrementing motor positions by 360 degrees for group 'Wheg_Group'
2024-10-28 19:55:35,088 INFO: Gait 1 step executed at 10.00RPM, wait for 6.00 seconds
2024-10-28 19:55:38,159 INFO: Motor     Position (degrees)       Velocity (RPM)      Load (%)  
2024-10-28 19:55:38,159 INFO: 1         346.15                   10.08               1.8       
2024-10-28 19:55:38,160 INFO: 2         344.48                   9.85                1.9       
2024-10-28 19:55:38,161 INFO: 3         345.62                   9.85                1.9       
2024-10-28 19:55:38,161 INFO: 4         345.97                   10.08               2.0       
2024-10-28 19:55:38,161 INFO: 5         344.83                   9.85                1.8       
2024-10-28 19:55:38,162 INFO: 6         343.69                   9.85                2.6       
2024-10-28 19:55:38,162 INFO: 7         179.91                   0.00                0.0       
2024-10-28 19:55:38,162 INFO: 8         180.44                   0.00                -3.4      
2024-10-28 19:55:41,100 INFO: Profile velocities set for group Wheg_Group: {1: 55.267137145996095, 2: 55.267137145996095, 3: 55.267137145996095, 4: 55.267137145996095, 5: 55.267137145996095, 6: 55.267137145996095}
2024-10-28 19:55:41,101 INFO: Incrementing motor positions by 360 degrees for group 'Wheg_Group'
2024-10-28 19:55:41,111 INFO: Gait 1 step executed at 12.65RPM, wait for 4.74 seconds
2024-10-28 19:55:43,192 INFO: Motor     Position (degrees)       Velocity (RPM)      Load (%)  
2024-10-28 19:55:43,193 INFO: 1         317.62                   12.82               2.5       
2024-10-28 19:55:43,193 INFO: 2         316.21                   12.82               2.6       
2024-10-28 19:55:43,193 INFO: 3         317.18                   13.05               2.7       
2024-10-28 19:55:43,194 INFO: 4         317.88                   12.82               2.7       
2024-10-28 19:55:43,194 INFO: 5         316.82                   12.60               2.4       
2024-10-28 19:55:43,194 INFO: 6         315.24                   13.05               3.4       
2024-10-28 19:55:43,195 INFO: 7         179.91                   0.00                0.0       
2024-10-28 19:55:43,195 INFO: 8         180.44                   0.00                -3.4      
2024-10-28 19:55:48,226 INFO: Motor     Position (degrees)       Velocity (RPM)      Load (%)  
2024-10-28 19:55:48,227 INFO: 1         163.14                   0.23                0.0       
2024-10-28 19:55:48,227 INFO: 2         162.70                   0.23                0.0       
2024-10-28 19:55:48,227 INFO: 3         163.05                   983547510.56        0.0       
2024-10-28 19:55:48,228 INFO: 4         163.66                   0.00                0.0       
2024-10-28 19:55:48,228 INFO: 5         163.31                   0.23                0.0       
2024-10-28 19:55:48,228 INFO: 6         162.52                   0.23                0.0       
2024-10-28 19:55:48,229 INFO: 7         179.91                   0.00                0.0       
2024-10-28 19:55:48,230 INFO: 8         180.44                   0.00                -3.4      
2024-10-28 19:55:53,260 INFO: Motor     Position (degrees)       Velocity (RPM)      Load (%)  
2024-10-28 19:55:53,261 INFO: 1         163.14                   0.00                0.0       
2024-10-28 19:55:53,261 INFO: 2         162.70                   0.23                0.0       
2024-10-28 19:55:53,262 INFO: 3         163.05                   0.00                0.3       
2024-10-28 19:55:53,262 INFO: 4         163.75                   0.00                0.0       
2024-10-28 19:55:53,263 INFO: 5         163.31                   0.23                0.0       
2024-10-28 19:55:53,264 INFO: 6         162.52                   0.23                0.0       
2024-10-28 19:55:53,265 INFO: 7         179.91                   0.00                0.0       
2024-10-28 19:55:53,265 INFO: 8         180.44                   0.00                -3.4      
2024-10-28 19:55:56,716 INFO: Initiating safe shutdown...
2024-10-28 19:55:56,716 INFO: Setting operating mode 'velocity' for group 'All_Motors'
2024-10-28 19:55:56,716 INFO: Disabling torque for group All_Motors
2024-10-28 19:55:56,718 INFO: Enabling torque for group All_Motors
2024-10-28 19:55:56,718 WARNING: Velocity limit 200 exceeds hard limit 100. Limiting to 100.
2024-10-28 19:55:56,719 INFO: Velocity limit set to 100 for group All_Motors
2024-10-28 19:55:56,720 INFO: Enabling torque for group All_Motors
2024-10-28 19:55:56,721 INFO: Target velocities set for group All_Motors: {1: 0, 2: 0, 3: 0, 4: 0, 5: 0, 6: 0, 7: 0, 8: 0}
2024-10-28 19:55:56,722 INFO: Running set_position_group for group 'All_Motors' with positions: 180
2024-10-28 19:55:56,729 WARNING: Motor 1 is not in Position Control Mode. Setting mode now.
2024-10-28 19:55:56,730 INFO: Setting operating mode 'position' for group 'All_Motors'
2024-10-28 19:55:56,730 INFO: Disabling torque for group All_Motors
2024-10-28 19:55:56,731 INFO: Enabling torque for group All_Motors
2024-10-28 19:55:56,732 INFO: Setting the profile velocity for group All_Motors from config.yaml: 5
2024-10-28 19:55:56,732 INFO: Profile velocities set for group All_Motors: {1: 21.85, 2: 21.85, 3: 21.85, 4: 21.85, 5: 21.85, 6: 21.85, 7: 21.85, 8: 21.85}
2024-10-28 19:55:56,733 INFO: Closing PS4Controller and quitting pygame
2024-10-28 19:55:56,817 INFO: Port closed successfully.
2024-10-28 19:55:56,817 INFO: Shutdown complete.
2024-10-28 19:55:56,818 ERROR: Controller connection lost!
2024-10-28 19:55:56,818 ERROR: Controller is disconnected.
2024-10-28 19:55:56,819 ERROR: Controller connection lost!
2024-10-28 19:55:56,819 ERROR: Controller is disconnected.
2024-10-28 19:55:56,819 ERROR: Controller connection lost!
2024-10-28 19:55:56,820 ERROR: Controller is disconnected.
2024-10-28 19:55:56,820 ERROR: Error controlling pivots: 'NoneType' object is not subscriptable
