2025-05-08 17:17:42,796 INFO: Initializing PS4Controller
2025-05-08 17:17:43,251 INFO: Configuration loaded successfully
2025-05-08 17:17:43,255 INFO: Port /dev/ttyACM0 opened successfully
2025-05-08 17:17:43,265 INFO: Baudrate set to 1000000
2025-05-08 17:17:43,265 INFO: Control table loaded successfully.
2025-05-08 17:17:43,266 INFO: Motor group 'Pivot_Group' created with motors: [7, 8]
2025-05-08 17:17:43,266 INFO: Motor group 'Wheg_Group' created with motors: [1, 2, 3, 4, 5, 6]
2025-05-08 17:17:43,267 INFO: Motor group 'All_Motors' created with motors: [1, 2, 3, 4, 5, 6, 7, 8]
2025-05-08 17:17:43,267 INFO: Motor group 'Left_Whegs' created with motors: [1, 2, 3]
2025-05-08 17:17:43,268 INFO: Motor group 'Right_Whegs' created with motors: [4, 5, 6]
2025-05-08 17:17:43,268 INFO: Motor group 'Front_Whegs' created with motors: [3, 6]
2025-05-08 17:17:43,269 INFO: Motor group 'Rear_Whegs' created with motors: [1, 4]
2025-05-08 17:17:43,269 INFO: Motor group 'Middle_Whegs' created with motors: [2, 5]
2025-05-08 17:17:43,270 INFO: Motor group 'Two_Right_One_Left' created with motors: [2, 4, 6]
2025-05-08 17:17:43,270 INFO: Motor group 'Two_Left_One_Right' created with motors: [5, 1, 3]
2025-05-08 17:17:43,270 INFO: Initialised PS4 controller, Dynamixel, and Robot State
2025-05-08 17:17:43,271 INFO: Disabling torque for group Right_Whegs
2025-05-08 17:17:43,272 INFO: Drive mode set for group Right_Whegs with reverse_direction=True
2025-05-08 17:17:43,272 INFO: Enabling torque for group Right_Whegs
2025-05-08 17:17:43,273 INFO: Setting the profile velocity for group Right_Whegs from config.yaml: None
2025-05-08 17:17:43,273 ERROR: Profile velocity for group Right_Whegs not found in config.yaml and no value was provided.
2025-05-08 17:17:43,274 INFO: Disabling torque for group Left_Whegs
2025-05-08 17:17:43,275 INFO: Drive mode set for group Left_Whegs with reverse_direction=False
2025-05-08 17:17:43,275 INFO: Enabling torque for group Left_Whegs
2025-05-08 17:17:43,276 INFO: Setting the profile velocity for group Left_Whegs from config.yaml: None
2025-05-08 17:17:43,277 ERROR: Profile velocity for group Left_Whegs not found in config.yaml and no value was provided.
2025-05-08 17:17:43,277 INFO: Set the right side whegs to reverse direction
2025-05-08 17:17:43,277 INFO: Disabling torque for group Pivot_Group
2025-05-08 17:17:43,278 INFO: Drive mode set for group Pivot_Group with reverse_direction=False
2025-05-08 17:17:43,279 INFO: Enabling torque for group Pivot_Group
2025-05-08 17:17:43,279 INFO: Setting the profile velocity for group Pivot_Group from config.yaml: 4
2025-05-08 17:17:43,280 INFO: Profile velocities set for group Pivot_Group: {7: 17.48, 8: 17.48}
2025-05-08 17:17:43,281 INFO: Position limits set for group Pivot_Group: min=45° (ticks=511), max=315° (ticks=3583)
2025-05-08 17:17:43,282 INFO: Set position limits for the pivot motors
2025-05-08 17:17:43,452 ERROR: Bulk read failed with error: [TxRxResult] There is no status packet!
2025-05-08 17:17:43,453 INFO: Initialising Gait 1
2025-05-08 17:17:43,453 INFO: Disabling torque for group Wheg_Group
2025-05-08 17:17:43,454 INFO: Drive mode set for group Wheg_Group with reverse_direction={1: 0, 2: 0, 3: 0, 4: 1, 5: 1, 6: 1}
2025-05-08 17:17:43,455 INFO: Enabling torque for group Wheg_Group
2025-05-08 17:17:43,456 INFO: Setting the profile velocity for group Wheg_Group from config.yaml: 10
2025-05-08 17:17:43,456 INFO: Profile velocities set for group Wheg_Group: {1: 43.7, 2: 43.7, 3: 43.7, 4: 43.7, 5: 43.7, 6: 43.7}
2025-05-08 17:17:43,457 WARNING: Set direction of whegs to forward
2025-05-08 17:17:43,457 WARNING: Direction set for all whegs
2025-05-08 17:17:43,458 INFO: Running set_position_group for group 'Wheg_Group' with positions: 180
2025-05-08 17:17:43,493 ERROR: Bulk read failed with error: [TxRxResult] There is no status packet!
2025-05-08 17:17:43,494 ERROR: Error controlling pivots: 'dpad_down'
2025-05-08 17:17:43,530 ERROR: Bulk read failed with error: [TxRxResult] There is no status packet!
2025-05-08 17:17:43,566 ERROR: Bulk read failed with error: [TxRxResult] There is no status packet!
2025-05-08 17:17:43,602 ERROR: Bulk read failed with error: [TxRxResult] There is no status packet!
2025-05-08 17:17:43,637 ERROR: Bulk read failed with error: [TxRxResult] There is no status packet!
2025-05-08 17:17:43,638 ERROR: Error retrieving motor data: 'NoneType' object has no attribute 'keys'
2025-05-08 17:17:43,643 INFO: Initiating safe shutdown...
2025-05-08 17:17:43,645 INFO: Setting operating mode 'velocity' for group 'All_Motors'
2025-05-08 17:17:43,646 INFO: Disabling torque for group All_Motors
2025-05-08 17:17:43,647 INFO: Enabling torque for group All_Motors
2025-05-08 17:17:43,648 INFO: Setting the profile velocity for group All_Motors from config.yaml: 8
2025-05-08 17:17:43,649 INFO: Profile velocities set for group All_Motors: {1: 34.96, 2: 34.96, 3: 34.96, 4: 34.96, 5: 34.96, 6: 34.96, 7: 34.96, 8: 34.96}
2025-05-08 17:17:43,649 WARNING: Velocity limit 200 exceeds hard limit 100. Limiting to 100.
2025-05-08 17:17:43,650 INFO: Velocity limit set to 100 for group All_Motors
2025-05-08 17:17:43,651 INFO: Enabling torque for group All_Motors
2025-05-08 17:17:43,652 INFO: Setting the profile velocity for group All_Motors from config.yaml: 8
2025-05-08 17:17:43,652 INFO: Profile velocities set for group All_Motors: {1: 34.96, 2: 34.96, 3: 34.96, 4: 34.96, 5: 34.96, 6: 34.96, 7: 34.96, 8: 34.96}
2025-05-08 17:17:43,653 INFO: Target velocities set for group All_Motors: {1: 0, 2: 0, 3: 0, 4: 0, 5: 0, 6: 0, 7: 0, 8: 0}
2025-05-08 17:17:43,654 INFO: Running set_position_group for group 'All_Motors' with positions: 180
2025-05-08 17:17:43,690 ERROR: Bulk read failed with error: [TxRxResult] There is no status packet!
