2025-04-02 12:03:10,214 INFO: Initializing PS4Controller
2025-04-02 12:03:10,821 INFO: Configuration loaded successfully
2025-04-02 12:03:10,825 INFO: Port /dev/ttyACM0 opened successfully
2025-04-02 12:03:10,835 INFO: Baudrate set to 1000000
2025-04-02 12:03:10,835 INFO: Control table loaded successfully.
2025-04-02 12:03:10,836 INFO: Motor group 'Pivot_Group' created with motors: [7, 8]
2025-04-02 12:03:10,836 INFO: Motor group 'Wheg_Group' created with motors: [1, 2, 3, 4, 5, 6]
2025-04-02 12:03:10,837 INFO: Motor group 'All_Motors' created with motors: [1, 2, 3, 4, 5, 6, 7, 8]
2025-04-02 12:03:10,837 INFO: Motor group 'Left_Whegs' created with motors: [1, 2, 3]
2025-04-02 12:03:10,838 INFO: Motor group 'Right_Whegs' created with motors: [4, 5, 6]
2025-04-02 12:03:10,839 INFO: Motor group 'Front_Whegs' created with motors: [3, 6]
2025-04-02 12:03:10,840 INFO: Motor group 'Rear_Whegs' created with motors: [1, 4]
2025-04-02 12:03:10,840 INFO: Motor group 'Middle_Whegs' created with motors: [2, 5]
2025-04-02 12:03:10,840 INFO: Motor group 'Two_Right_One_Left' created with motors: [2, 4, 6]
2025-04-02 12:03:10,841 INFO: Motor group 'Two_Left_One_Right' created with motors: [5, 1, 3]
2025-04-02 12:03:10,841 INFO: Initialised PS4 controller, Dynamixel, and Robot State
2025-04-02 12:03:10,841 INFO: Disabling torque for group Right_Whegs
2025-04-02 12:03:10,843 INFO: Drive mode set for group Right_Whegs with reverse_direction=True
2025-04-02 12:03:10,843 INFO: Enabling torque for group Right_Whegs
2025-04-02 12:03:10,844 INFO: Setting the profile velocity for group Right_Whegs from config.yaml: None
2025-04-02 12:03:10,844 ERROR: Profile velocity for group Right_Whegs not found in config.yaml and no value was provided.
2025-04-02 12:03:10,845 INFO: Disabling torque for group Left_Whegs
2025-04-02 12:03:10,845 INFO: Drive mode set for group Left_Whegs with reverse_direction=False
2025-04-02 12:03:10,846 INFO: Enabling torque for group Left_Whegs
2025-04-02 12:03:10,847 INFO: Setting the profile velocity for group Left_Whegs from config.yaml: None
2025-04-02 12:03:10,847 ERROR: Profile velocity for group Left_Whegs not found in config.yaml and no value was provided.
2025-04-02 12:03:10,847 INFO: Set the right side whegs to reverse direction
2025-04-02 12:03:10,848 INFO: Disabling torque for group Pivot_Group
2025-04-02 12:03:10,849 INFO: Drive mode set for group Pivot_Group with reverse_direction=False
2025-04-02 12:03:10,849 INFO: Enabling torque for group Pivot_Group
2025-04-02 12:03:10,850 INFO: Setting the profile velocity for group Pivot_Group from config.yaml: 4
2025-04-02 12:03:10,851 INFO: Profile velocities set for group Pivot_Group: {7: 17.48, 8: 17.48}
2025-04-02 12:03:10,852 INFO: Position limits set for group Pivot_Group: min=45° (ticks=511), max=315° (ticks=3583)
2025-04-02 12:03:10,853 INFO: Set position limits for the pivot motors
2025-04-02 12:03:10,997 INFO: Initialising Gait 1
2025-04-02 12:03:10,997 WARNING: No motors found for group 'All_Whegs'
2025-04-02 12:03:10,998 WARNING: Set direction of whegs to forward
2025-04-02 12:03:10,999 WARNING: Direction set for all whegs
2025-04-02 12:03:11,000 INFO: Running set_position_group for group 'Wheg_Group' with positions: {1: 200, 2: 200, 3: 200, 4: 200, 5: 200, 6: 200}
2025-04-02 12:03:11,008 INFO: Running set_position_group for group 'Pivot_Group' with positions: 180
2025-04-02 12:03:11,015 INFO: Initialised Gait 1, waiting for 3 seconds
2025-04-02 12:03:11,016 INFO: Running set_position_group for group 'Wheg_Group' with positions: 180
2025-04-02 12:03:11,022 INFO: Running set_position_group for group 'Pivot_Group' with positions: 180
2025-04-02 12:03:11,026 INFO: Initialised Gait 1, waiting for 3 seconds
2025-04-02 12:03:11,027 ERROR: Error controlling pivots: 'dpad_down'
2025-04-02 12:03:14,028 INFO: Setting operating mode 'multi_turn' for group 'Wheg_Group'
2025-04-02 12:03:14,028 INFO: Disabling torque for group Wheg_Group
2025-04-02 12:03:14,030 INFO: Enabling torque for group Wheg_Group
2025-04-02 12:03:14,031 INFO: Setting the profile velocity for group Wheg_Group from config.yaml: 10
2025-04-02 12:03:14,032 INFO: Profile velocities set for group Wheg_Group: {1: 43.7, 2: 43.7, 3: 43.7, 4: 43.7, 5: 43.7, 6: 43.7}
2025-04-02 12:03:14,033 INFO: Setting the profile velocity for group Wheg_Group from config.yaml: 10
2025-04-02 12:03:14,034 INFO: Profile velocities set for group Wheg_Group: {1: 43.7, 2: 43.7, 3: 43.7, 4: 43.7, 5: 43.7, 6: 43.7}
2025-04-02 12:03:14,035 INFO: New gait 1 is now active.
2025-04-02 12:03:14,716 INFO: Profile velocities set for group Wheg_Group: {1: 87.4, 2: 87.4, 3: 87.4, 4: 87.4, 5: 87.4, 6: 87.4}
2025-04-02 12:03:14,717 INFO: Incrementing motor positions by 360 degrees for group 'Wheg_Group'
2025-04-02 12:03:14,730 INFO: Gait 1 step executed at 20.00RPM, wait for 3.00 seconds
2025-04-02 12:03:19,716 INFO: Triangle pressed. Preparing to change to next gait: 2
2025-04-02 12:03:19,730 INFO: Initialising Gait 2
2025-04-02 12:03:19,731 INFO: Running set_position_group for group 'Wheg_Group' with positions: {1: 160, 2: 200, 3: 160, 4: 200, 5: 160, 6: 200}
2025-04-02 12:03:19,737 WARNING: Motor 1 is not in Position Control Mode. Setting mode now.
2025-04-02 12:03:19,738 INFO: Setting operating mode 'position' for group 'Wheg_Group'
2025-04-02 12:03:19,740 INFO: Disabling torque for group Wheg_Group
2025-04-02 12:03:19,745 INFO: Enabling torque for group Wheg_Group
2025-04-02 12:03:19,748 INFO: Setting the profile velocity for group Wheg_Group from config.yaml: 10
2025-04-02 12:03:19,753 INFO: Profile velocities set for group Wheg_Group: {1: 43.7, 2: 43.7, 3: 43.7, 4: 43.7, 5: 43.7, 6: 43.7}
2025-04-02 12:03:19,754 INFO: Setting the profile velocity for group Wheg_Group from config.yaml: 10
2025-04-02 12:03:19,759 INFO: Profile velocities set for group Wheg_Group: {1: 43.7, 2: 43.7, 3: 43.7, 4: 43.7, 5: 43.7, 6: 43.7}
2025-04-02 12:03:19,763 INFO: Running set_position_group for group 'Pivot_Group' with positions: 180
2025-04-02 12:03:19,769 INFO: Initialised Gait 2, waiting for 3 seconds
2025-04-02 12:03:19,817 INFO: Triangle pressed. Preparing to change to next gait: 2
2025-04-02 12:03:22,772 INFO: Setting operating mode 'multi_turn' for group 'Wheg_Group'
2025-04-02 12:03:22,775 INFO: Disabling torque for group Wheg_Group
2025-04-02 12:03:22,780 INFO: Enabling torque for group Wheg_Group
2025-04-02 12:03:22,782 INFO: Setting the profile velocity for group Wheg_Group from config.yaml: 10
2025-04-02 12:03:22,785 INFO: Profile velocities set for group Wheg_Group: {1: 43.7, 2: 43.7, 3: 43.7, 4: 43.7, 5: 43.7, 6: 43.7}
2025-04-02 12:03:22,786 INFO: Setting the profile velocity for group Wheg_Group from config.yaml: 10
2025-04-02 12:03:22,791 INFO: Profile velocities set for group Wheg_Group: {1: 43.7, 2: 43.7, 3: 43.7, 4: 43.7, 5: 43.7, 6: 43.7}
2025-04-02 12:03:22,793 INFO: New gait 2 is now active.
2025-04-02 12:03:23,682 WARNING: Profile velocity 160.0 for motor 2 exceeds hard limit 100. Limiting to 100.
2025-04-02 12:03:23,683 WARNING: Profile velocity 160.0 for motor 4 exceeds hard limit 100. Limiting to 100.
2025-04-02 12:03:23,684 WARNING: Profile velocity 160.0 for motor 6 exceeds hard limit 100. Limiting to 100.
2025-04-02 12:03:23,685 INFO: Profile velocities set for group Wheg_Group: {1: 87.4, 2: 437.0, 3: 87.4, 4: 437.0, 5: 87.4, 6: 437.0}
2025-04-02 12:03:23,686 INFO: Incrementing motor positions by {1: 40, 2: 320, 3: 40, 4: 320, 5: 40, 6: 320} degrees for group 'Wheg_Group'
2025-04-02 12:03:23,697 INFO: Gait 2 step executed at 20.00RPM, wait for 0.36 seconds
2025-04-02 12:03:25,307 INFO: Triangle pressed. Preparing to change to next gait: 3
2025-04-02 12:03:25,328 INFO: Initialsing Gait 3
2025-04-02 12:03:25,329 INFO: Running set_position_group for group 'Wheg_Group' with positions: {1: 200, 2: 160, 3: 160, 4: 200, 5: 160, 6: 160}
2025-04-02 12:03:25,335 WARNING: Motor 1 is not in Position Control Mode. Setting mode now.
2025-04-02 12:03:25,336 INFO: Setting operating mode 'position' for group 'Wheg_Group'
2025-04-02 12:03:25,337 INFO: Disabling torque for group Wheg_Group
2025-04-02 12:03:25,341 INFO: Enabling torque for group Wheg_Group
2025-04-02 12:03:25,344 INFO: Setting the profile velocity for group Wheg_Group from config.yaml: 10
2025-04-02 12:03:25,345 INFO: Profile velocities set for group Wheg_Group: {1: 43.7, 2: 43.7, 3: 43.7, 4: 43.7, 5: 43.7, 6: 43.7}
2025-04-02 12:03:25,346 INFO: Setting the profile velocity for group Wheg_Group from config.yaml: 10
2025-04-02 12:03:25,347 INFO: Profile velocities set for group Wheg_Group: {1: 43.7, 2: 43.7, 3: 43.7, 4: 43.7, 5: 43.7, 6: 43.7}
2025-04-02 12:03:25,348 INFO: Running set_position_group for group 'Pivot_Group' with positions: 180
2025-04-02 12:03:25,353 INFO: Initialised Gait 3, waiting for 3 seconds
2025-04-02 12:03:25,417 INFO: Triangle pressed. Preparing to change to next gait: 3
2025-04-02 12:03:28,400 INFO: Setting operating mode 'multi_turn' for group 'Wheg_Group'
2025-04-02 12:03:28,401 INFO: Disabling torque for group Wheg_Group
2025-04-02 12:03:28,403 INFO: Enabling torque for group Wheg_Group
2025-04-02 12:03:28,405 INFO: Setting the profile velocity for group Wheg_Group from config.yaml: 10
2025-04-02 12:03:28,407 INFO: Profile velocities set for group Wheg_Group: {1: 43.7, 2: 43.7, 3: 43.7, 4: 43.7, 5: 43.7, 6: 43.7}
2025-04-02 12:03:28,407 INFO: Setting the profile velocity for group Wheg_Group from config.yaml: 10
2025-04-02 12:03:28,409 INFO: Profile velocities set for group Wheg_Group: {1: 43.7, 2: 43.7, 3: 43.7, 4: 43.7, 5: 43.7, 6: 43.7}
2025-04-02 12:03:28,410 INFO: New gait 3 is now active.
2025-04-02 12:03:29,764 INFO: Profile velocities set for group Wheg_Group: {1: 87.4, 2: 87.4, 3: 87.4, 4: 87.4, 5: 87.4, 6: 87.4}
2025-04-02 12:03:29,765 INFO: Incrementing motor positions by {1: 320, 2: 40, 3: 0, 4: 320, 5: 40, 6: 0} degrees for group 'Wheg_Group'
2025-04-02 12:03:29,782 INFO: Gait 3 step executed at 20.00 RPM, wait for 2.69 seconds
2025-04-02 12:03:32,807 INFO: Triangle pressed. Preparing to change to next gait: 4
2025-04-02 12:03:32,822 INFO: Initialising Gait 4
2025-04-02 12:03:32,826 INFO: Direction data: {1: {'drive_mode': 0}, 2: {'drive_mode': 0}, 3: {'drive_mode': 0}}
2025-04-02 12:03:32,827 INFO: Disabling torque for group Left_Whegs
2025-04-02 12:03:32,829 INFO: Drive mode set for group Left_Whegs with reverse_direction={1: 1, 2: 1, 3: 1}
2025-04-02 12:03:32,829 INFO: Enabling torque for group Left_Whegs
2025-04-02 12:03:32,830 INFO: Setting the profile velocity for group Left_Whegs from config.yaml: None
2025-04-02 12:03:32,831 ERROR: Profile velocity for group Left_Whegs not found in config.yaml and no value was provided.
2025-04-02 12:03:32,832 WARNING: Reversed the direction of the left whegs
2025-04-02 12:03:32,833 INFO: Running set_position_group for group 'Wheg_Group' with positions: {1: 160, 2: 200, 3: 160, 4: 200, 5: 160, 6: 200}
2025-04-02 12:03:32,846 WARNING: Motor 1 is not in Position Control Mode. Setting mode now.
2025-04-02 12:03:32,847 INFO: Setting operating mode 'position' for group 'Wheg_Group'
2025-04-02 12:03:32,852 INFO: Disabling torque for group Wheg_Group
2025-04-02 12:03:32,856 INFO: Enabling torque for group Wheg_Group
2025-04-02 12:03:32,858 INFO: Setting the profile velocity for group Wheg_Group from config.yaml: 10
2025-04-02 12:03:32,862 INFO: Profile velocities set for group Wheg_Group: {1: 43.7, 2: 43.7, 3: 43.7, 4: 43.7, 5: 43.7, 6: 43.7}
2025-04-02 12:03:32,865 INFO: Setting the profile velocity for group Wheg_Group from config.yaml: 10
2025-04-02 12:03:32,868 INFO: Profile velocities set for group Wheg_Group: {1: 43.7, 2: 43.7, 3: 43.7, 4: 43.7, 5: 43.7, 6: 43.7}
2025-04-02 12:03:32,870 INFO: Running set_position_group for group 'Pivot_Group' with positions: 180
2025-04-02 12:03:32,877 INFO: Initialised Gait 4, waiting for 3 seconds
2025-04-02 12:03:32,923 INFO: Triangle pressed. Preparing to change to next gait: 4
2025-04-02 12:03:35,880 INFO: Setting operating mode 'multi_turn' for group 'Wheg_Group'
2025-04-02 12:03:35,885 INFO: Disabling torque for group Wheg_Group
2025-04-02 12:03:35,892 INFO: Enabling torque for group Wheg_Group
2025-04-02 12:03:35,895 INFO: Setting the profile velocity for group Wheg_Group from config.yaml: 10
2025-04-02 12:03:35,896 INFO: Profile velocities set for group Wheg_Group: {1: 43.7, 2: 43.7, 3: 43.7, 4: 43.7, 5: 43.7, 6: 43.7}
2025-04-02 12:03:35,904 INFO: Setting the profile velocity for group Wheg_Group from config.yaml: 10
2025-04-02 12:03:35,907 INFO: Profile velocities set for group Wheg_Group: {1: 43.7, 2: 43.7, 3: 43.7, 4: 43.7, 5: 43.7, 6: 43.7}
2025-04-02 12:03:35,909 INFO: New gait 4 is now active.
2025-04-02 12:03:36,737 WARNING: Profile velocity 160.0 for motor 2 exceeds hard limit 100. Limiting to 100.
2025-04-02 12:03:36,740 WARNING: Profile velocity 160.0 for motor 4 exceeds hard limit 100. Limiting to 100.
2025-04-02 12:03:36,742 WARNING: Profile velocity 160.0 for motor 6 exceeds hard limit 100. Limiting to 100.
2025-04-02 12:03:36,744 INFO: Profile velocities set for group Wheg_Group: {1: 87.4, 2: 437.0, 3: 87.4, 4: 437.0, 5: 87.4, 6: 437.0}
2025-04-02 12:03:36,747 INFO: Incrementing motor positions by {1: 40, 2: 320, 3: 40, 4: 320, 5: 40, 6: 320} degrees for group 'Wheg_Group'
2025-04-02 12:03:36,761 INFO: Gait 4 step executed at 20.00RPM, wait for 0.36 seconds
2025-04-02 12:03:38,915 INFO: Triangle pressed. Preparing to change to next gait: 1
2025-04-02 12:03:38,931 INFO: Initialising Gait 1
2025-04-02 12:03:38,938 WARNING: No motors found for group 'All_Whegs'
2025-04-02 12:03:38,947 WARNING: Set direction of whegs to forward
2025-04-02 12:03:38,951 WARNING: Direction set for all whegs
2025-04-02 12:03:38,961 INFO: Running set_position_group for group 'Wheg_Group' with positions: {1: 200, 2: 200, 3: 200, 4: 200, 5: 200, 6: 200}
2025-04-02 12:03:38,972 WARNING: Motor 1 is not in Position Control Mode. Setting mode now.
2025-04-02 12:03:38,974 INFO: Setting operating mode 'position' for group 'Wheg_Group'
2025-04-02 12:03:38,977 INFO: Disabling torque for group Wheg_Group
2025-04-02 12:03:38,979 INFO: Enabling torque for group Wheg_Group
2025-04-02 12:03:38,980 INFO: Setting the profile velocity for group Wheg_Group from config.yaml: 10
2025-04-02 12:03:38,983 INFO: Profile velocities set for group Wheg_Group: {1: 43.7, 2: 43.7, 3: 43.7, 4: 43.7, 5: 43.7, 6: 43.7}
2025-04-02 12:03:38,984 INFO: Setting the profile velocity for group Wheg_Group from config.yaml: 10
2025-04-02 12:03:38,986 INFO: Profile velocities set for group Wheg_Group: {1: 43.7, 2: 43.7, 3: 43.7, 4: 43.7, 5: 43.7, 6: 43.7}
2025-04-02 12:03:38,988 INFO: Running set_position_group for group 'Pivot_Group' with positions: 180
2025-04-02 12:03:38,993 INFO: Initialised Gait 1, waiting for 3 seconds
2025-04-02 12:03:38,993 INFO: Running set_position_group for group 'Wheg_Group' with positions: 180
2025-04-02 12:03:39,000 INFO: Running set_position_group for group 'Pivot_Group' with positions: 180
2025-04-02 12:03:39,003 INFO: Initialised Gait 1, waiting for 3 seconds
2025-04-02 12:03:42,013 INFO: Setting operating mode 'multi_turn' for group 'Wheg_Group'
2025-04-02 12:03:42,014 INFO: Disabling torque for group Wheg_Group
2025-04-02 12:03:42,016 INFO: Enabling torque for group Wheg_Group
2025-04-02 12:03:42,019 INFO: Setting the profile velocity for group Wheg_Group from config.yaml: 10
2025-04-02 12:03:42,024 INFO: Profile velocities set for group Wheg_Group: {1: 43.7, 2: 43.7, 3: 43.7, 4: 43.7, 5: 43.7, 6: 43.7}
2025-04-02 12:03:42,025 INFO: Setting the profile velocity for group Wheg_Group from config.yaml: 10
2025-04-02 12:03:42,027 INFO: Profile velocities set for group Wheg_Group: {1: 43.7, 2: 43.7, 3: 43.7, 4: 43.7, 5: 43.7, 6: 43.7}
2025-04-02 12:03:42,029 INFO: New gait 1 is now active.
2025-04-02 12:03:43,118 INFO: Profile velocities set for group Wheg_Group: {1: 87.4, 2: 87.4, 3: 87.4, 4: 87.4, 5: 87.4, 6: 87.4}
2025-04-02 12:03:43,120 INFO: Incrementing motor positions by 360 degrees for group 'Wheg_Group'
2025-04-02 12:03:43,133 INFO: Gait 1 step executed at 20.00RPM, wait for 3.00 seconds
2025-04-02 12:06:53,694 INFO: Initiating safe shutdown...
2025-04-02 12:06:53,694 INFO: Setting operating mode 'velocity' for group 'All_Motors'
2025-04-02 12:06:53,695 INFO: Disabling torque for group All_Motors
2025-04-02 12:06:53,696 INFO: Enabling torque for group All_Motors
2025-04-02 12:06:53,697 INFO: Setting the profile velocity for group All_Motors from config.yaml: 8
2025-04-02 12:06:53,698 INFO: Profile velocities set for group All_Motors: {1: 34.96, 2: 34.96, 3: 34.96, 4: 34.96, 5: 34.96, 6: 34.96, 7: 34.96, 8: 34.96}
2025-04-02 12:06:53,699 WARNING: Velocity limit 200 exceeds hard limit 100. Limiting to 100.
2025-04-02 12:06:53,700 INFO: Velocity limit set to 100 for group All_Motors
2025-04-02 12:06:53,701 INFO: Enabling torque for group All_Motors
2025-04-02 12:06:53,702 INFO: Setting the profile velocity for group All_Motors from config.yaml: 8
2025-04-02 12:06:53,703 INFO: Profile velocities set for group All_Motors: {1: 34.96, 2: 34.96, 3: 34.96, 4: 34.96, 5: 34.96, 6: 34.96, 7: 34.96, 8: 34.96}
2025-04-02 12:06:53,704 INFO: Target velocities set for group All_Motors: {1: 0, 2: 0, 3: 0, 4: 0, 5: 0, 6: 0, 7: 0, 8: 0}
2025-04-02 12:06:53,705 INFO: Running set_position_group for group 'All_Motors' with positions: 180
2025-04-02 12:06:53,713 WARNING: Motor 1 is not in Position Control Mode. Setting mode now.
2025-04-02 12:06:53,714 INFO: Setting operating mode 'position' for group 'All_Motors'
2025-04-02 12:06:53,714 INFO: Disabling torque for group All_Motors
2025-04-02 12:06:53,716 INFO: Enabling torque for group All_Motors
2025-04-02 12:06:53,718 INFO: Setting the profile velocity for group All_Motors from config.yaml: 8
2025-04-02 12:06:53,720 INFO: Profile velocities set for group All_Motors: {1: 34.96, 2: 34.96, 3: 34.96, 4: 34.96, 5: 34.96, 6: 34.96, 7: 34.96, 8: 34.96}
2025-04-02 12:06:53,720 INFO: Setting the profile velocity for group All_Motors from config.yaml: 8
2025-04-02 12:06:53,724 INFO: Profile velocities set for group All_Motors: {1: 34.96, 2: 34.96, 3: 34.96, 4: 34.96, 5: 34.96, 6: 34.96, 7: 34.96, 8: 34.96}
2025-04-02 12:06:53,727 INFO: Closing PS4Controller and quitting pygame
2025-04-02 12:06:53,841 INFO: Port closed successfully.
2025-04-02 12:06:53,842 INFO: Shutdown complete.
2025-04-02 12:06:53,843 ERROR: Error checking hardware errors: Attempting to use a port that is not open
