2024-09-25 22:24:49,384 INFO: Initializing PS4Controller
2024-09-25 22:24:49,596 DEBUG: Pygame initialized
2024-09-25 22:24:49,597 DEBUG: Joystick initialized
2024-09-25 22:24:49,597 DEBUG: Number of buttons on the controller: 13
2024-09-25 22:24:49,636 INFO: Configuration loaded successfully
2024-09-25 22:24:49,639 INFO: Port /dev/ttyACM0 opened successfully
2024-09-25 22:24:49,649 INFO: Baudrate set to 1000000
2024-09-25 22:24:49,650 INFO: Control table loaded successfully.
2024-09-25 22:24:49,650 INFO: Motor group 'Pivot_Group' created with motors: [7, 8]
2024-09-25 22:24:49,650 INFO: Motor group 'Wheg_Group' created with motors: [1, 2, 3, 4, 5, 6]
2024-09-25 22:24:49,650 INFO: Motor group 'All_Motors' created with motors: [1, 2, 3, 4, 5, 6, 7, 8]
2024-09-25 22:24:49,650 INFO: Motor group 'Left_Whegs' created with motors: [1, 2, 3]
2024-09-25 22:24:49,651 INFO: Motor group 'Right_Whegs' created with motors: [4, 5, 6]
2024-09-25 22:24:49,651 INFO: Motor group 'Front_Whegs' created with motors: [3, 6]
2024-09-25 22:24:49,651 INFO: Motor group 'Rear_Whegs' created with motors: [1, 4]
2024-09-25 22:24:49,651 INFO: Motor group 'Middle_Whegs' created with motors: [2, 5]
2024-09-25 22:24:49,651 INFO: Motor group 'Two_Right_One_Left' created with motors: [2, 4, 6]
2024-09-25 22:24:49,651 INFO: Motor group 'Two_Left_One_Right' created with motors: [5, 1, 3]
2024-09-25 22:24:49,651 INFO: Initialized PS4 controller, Dynamixel, and Robot State
2024-09-25 22:24:49,652 INFO: Torque disabled for group Right_Whegs
2024-09-25 22:24:49,653 INFO: Drive mode set for group Right_Whegs with reverse_direction=True
2024-09-25 22:24:49,653 INFO: Torque enabled for group Right_Whegs
2024-09-25 22:24:49,653 DEBUG: Preparing bulk read for motors: [4, 5, 6], Parameters: ['drive_mode']
2024-09-25 22:24:49,653 DEBUG: Adding motor 4, Address: 10, Length: 1 to bulk read
2024-09-25 22:24:49,653 DEBUG: Adding motor 5, Address: 10, Length: 1 to bulk read
2024-09-25 22:24:49,654 DEBUG: Adding motor 6, Address: 10, Length: 1 to bulk read
2024-09-25 22:24:49,656 DEBUG: Bulk read successful for group 'Right_Whegs'
2024-09-25 22:24:49,656 DEBUG: Motor 4 current drive mode read from bulk read: 1
2024-09-25 22:24:49,656 INFO: Motor 4 drive mode correctly set to reverse
2024-09-25 22:24:49,656 DEBUG: Motor 5 current drive mode read from bulk read: 1
2024-09-25 22:24:49,657 INFO: Motor 5 drive mode correctly set to reverse
2024-09-25 22:24:49,657 DEBUG: Motor 6 current drive mode read from bulk read: 1
2024-09-25 22:24:49,657 INFO: Motor 6 drive mode correctly set to reverse
2024-09-25 22:24:49,657 DEBUG: Preparing bulk read for motors: [1, 2, 3, 4, 5, 6, 7, 8], Parameters: ['present_position']
2024-09-25 22:24:49,657 DEBUG: Adding motor 1, Address: 132, Length: 4 to bulk read
2024-09-25 22:24:49,657 DEBUG: Adding motor 2, Address: 132, Length: 4 to bulk read
2024-09-25 22:24:49,657 DEBUG: Adding motor 3, Address: 132, Length: 4 to bulk read
2024-09-25 22:24:49,657 DEBUG: Adding motor 4, Address: 132, Length: 4 to bulk read
2024-09-25 22:24:49,657 DEBUG: Adding motor 5, Address: 132, Length: 4 to bulk read
2024-09-25 22:24:49,658 DEBUG: Adding motor 6, Address: 132, Length: 4 to bulk read
2024-09-25 22:24:49,658 DEBUG: Adding motor 7, Address: 132, Length: 4 to bulk read
2024-09-25 22:24:49,658 DEBUG: Adding motor 8, Address: 132, Length: 4 to bulk read
2024-09-25 22:24:49,665 DEBUG: Bulk read successful for group 'All_Motors'
2024-09-25 22:24:49,665 DEBUG: Trigger inputs: L2=-1.0, R2=-1.0
2024-09-25 22:24:49,665 DEBUG: D-Pad input: {'dpad_up': False, 'dpad_down': False, 'dpad_left': False, 'dpad_right': False}
2024-09-25 22:24:49,666 DEBUG: Adjusting wheg speed: trigger_value=-1.0, current_rpm=0
2024-09-25 22:24:49,666 DEBUG: Adjusted wheg speed: target_rpm=0.0, current_rpm=0.0
2024-09-25 22:24:49,666 INFO: Switching to new gait: 0
2024-09-25 22:24:49,666 INFO: Initializing Gait 1
2024-09-25 22:24:49,666 INFO: Torque disabled for group Wheg_Group
2024-09-25 22:24:49,667 INFO: Operating mode set to 'position' for group Wheg_Group
2024-09-25 22:24:49,667 INFO: Torque enabled for group Wheg_Group
2024-09-25 22:24:49,667 DEBUG: Setting profile velocity for motors in group Wheg_Group
2024-09-25 22:24:49,668 INFO: Profile velocity set to 50 for group Wheg_Group
2024-09-25 22:24:49,668 ERROR: Sync write failed with error: [TxRxResult] Protocol does not support this function!
2024-09-25 22:24:49,668 ERROR: Sync write failed with error: [TxRxResult] Protocol does not support this function!
2024-09-25 22:24:49,668 INFO: Closing PS4Controller and quitting pygame
2024-09-25 22:24:49,769 ERROR: Failed to close the port: 'PortHandler' object has no attribute 'is_port_open'
2024-09-25 22:24:49,770 INFO: Shutdown complete.
