2025-04-09 16:16:35,583 INFO: Initializing PS4Controller
2025-04-09 16:16:35,949 INFO: Configuration loaded successfully
2025-04-09 16:16:35,952 INFO: Port /dev/ttyACM0 opened successfully
2025-04-09 16:16:35,962 INFO: Baudrate set to 1000000
2025-04-09 16:16:35,963 INFO: Control table loaded successfully.
2025-04-09 16:16:35,963 INFO: Motor group 'Pivot_Group' created with motors: [7, 8]
2025-04-09 16:16:35,963 INFO: Motor group 'Wheg_Group' created with motors: [1, 2, 3, 4, 5, 6]
2025-04-09 16:16:35,964 INFO: Motor group 'All_Motors' created with motors: [1, 2, 3, 4, 5, 6, 7, 8]
2025-04-09 16:16:35,964 INFO: Motor group 'Left_Whegs' created with motors: [1, 2, 3]
2025-04-09 16:16:35,964 INFO: Motor group 'Right_Whegs' created with motors: [4, 5, 6]
2025-04-09 16:16:35,964 INFO: Motor group 'Front_Whegs' created with motors: [3, 6]
2025-04-09 16:16:35,965 INFO: Motor group 'Rear_Whegs' created with motors: [1, 4]
2025-04-09 16:16:35,965 INFO: Motor group 'Middle_Whegs' created with motors: [2, 5]
2025-04-09 16:16:35,965 INFO: Motor group 'Two_Right_One_Left' created with motors: [2, 4, 6]
2025-04-09 16:16:35,965 INFO: Motor group 'Two_Left_One_Right' created with motors: [5, 1, 3]
2025-04-09 16:16:35,965 INFO: Initialised PS4 controller, Dynamixel, and Robot State
2025-04-09 16:16:35,965 INFO: Disabling torque for group Right_Whegs
2025-04-09 16:16:35,966 INFO: Drive mode set for group Right_Whegs with reverse_direction=True
2025-04-09 16:16:35,967 INFO: Enabling torque for group Right_Whegs
2025-04-09 16:16:35,967 INFO: Setting the profile velocity for group Right_Whegs from config.yaml: None
2025-04-09 16:16:35,967 ERROR: Profile velocity for group Right_Whegs not found in config.yaml and no value was provided.
2025-04-09 16:16:35,968 INFO: Disabling torque for group Left_Whegs
2025-04-09 16:16:35,968 INFO: Drive mode set for group Left_Whegs with reverse_direction=False
2025-04-09 16:16:35,969 INFO: Enabling torque for group Left_Whegs
2025-04-09 16:16:35,969 INFO: Setting the profile velocity for group Left_Whegs from config.yaml: None
2025-04-09 16:16:35,970 ERROR: Profile velocity for group Left_Whegs not found in config.yaml and no value was provided.
2025-04-09 16:16:35,970 INFO: Set the right side whegs to reverse direction
2025-04-09 16:16:35,970 INFO: Disabling torque for group Pivot_Group
2025-04-09 16:16:35,971 INFO: Drive mode set for group Pivot_Group with reverse_direction=False
2025-04-09 16:16:35,972 INFO: Enabling torque for group Pivot_Group
2025-04-09 16:16:35,972 INFO: Setting the profile velocity for group Pivot_Group from config.yaml: 4
2025-04-09 16:16:35,973 INFO: Profile velocities set for group Pivot_Group: {7: 17.48, 8: 17.48}
2025-04-09 16:16:35,974 INFO: Position limits set for group Pivot_Group: min=45° (ticks=511), max=315° (ticks=3583)
2025-04-09 16:16:35,974 INFO: Set position limits for the pivot motors
2025-04-09 16:16:36,144 INFO: Initialising Gait 1
2025-04-09 16:16:36,144 INFO: Disabling torque for group Wheg_Group
2025-04-09 16:16:36,145 INFO: Drive mode set for group Wheg_Group with reverse_direction={1: 0, 2: 0, 3: 0, 4: 1, 5: 1, 6: 1}
2025-04-09 16:16:36,145 INFO: Enabling torque for group Wheg_Group
2025-04-09 16:16:36,146 INFO: Setting the profile velocity for group Wheg_Group from config.yaml: 10
2025-04-09 16:16:36,147 INFO: Profile velocities set for group Wheg_Group: {1: 43.7, 2: 43.7, 3: 43.7, 4: 43.7, 5: 43.7, 6: 43.7}
2025-04-09 16:16:36,147 WARNING: Set direction of whegs to forward
2025-04-09 16:16:36,147 WARNING: Direction set for all whegs
2025-04-09 16:16:36,147 INFO: Running set_position_group for group 'Wheg_Group' with positions: 180
2025-04-09 16:16:36,153 INFO: Running set_position_group for group 'Pivot_Group' with positions: 180
2025-04-09 16:16:36,156 INFO: Initialised Gait 1, waiting for 1 seconds
2025-04-09 16:16:36,157 ERROR: Error controlling pivots: 'dpad_down'
2025-04-09 16:16:37,158 INFO: Setting operating mode 'multi_turn' for group 'Wheg_Group'
2025-04-09 16:16:37,158 INFO: Disabling torque for group Wheg_Group
2025-04-09 16:16:37,159 INFO: Enabling torque for group Wheg_Group
2025-04-09 16:16:37,160 INFO: Setting the profile velocity for group Wheg_Group from config.yaml: 10
2025-04-09 16:16:37,161 INFO: Profile velocities set for group Wheg_Group: {1: 43.7, 2: 43.7, 3: 43.7, 4: 43.7, 5: 43.7, 6: 43.7}
2025-04-09 16:16:37,161 INFO: Setting the profile velocity for group Wheg_Group from config.yaml: 10
2025-04-09 16:16:37,161 INFO: Profile velocities set for group Wheg_Group: {1: 43.7, 2: 43.7, 3: 43.7, 4: 43.7, 5: 43.7, 6: 43.7}
2025-04-09 16:16:37,162 INFO: New gait 1 is now active.
2025-04-09 16:16:37,211 INFO: Profile velocities set for group Wheg_Group: {1: 87.4, 2: 87.4, 3: 87.4, 4: 87.4, 5: 87.4, 6: 87.4}
2025-04-09 16:16:37,211 INFO: Incrementing motor positions by 360 degrees for group 'Wheg_Group'
2025-04-09 16:16:37,221 INFO: Gait 1 step executed at 20.00RPM, wait for 3.00 seconds
2025-04-09 16:16:43,867 INFO: Profile velocities set for group Wheg_Group: {1: 87.4, 2: 87.4, 3: 87.4, 4: 87.4, 5: 87.4, 6: 87.4}
2025-04-09 16:16:43,868 INFO: Incrementing motor positions by 360 degrees for group 'Wheg_Group'
2025-04-09 16:16:43,878 INFO: Gait 1 step executed at 20.00RPM, wait for 3.00 seconds
2025-04-09 16:16:47,656 INFO: Profile velocities set for group Wheg_Group: {1: 87.4, 2: 87.4, 3: 87.4, 4: 87.4, 5: 87.4, 6: 87.4}
2025-04-09 16:16:47,656 INFO: Incrementing motor positions by 360 degrees for group 'Wheg_Group'
2025-04-09 16:16:47,666 INFO: Gait 1 step executed at 20.00RPM, wait for 3.00 seconds
2025-04-09 16:16:51,046 INFO: Profile velocities set for group Wheg_Group: {1: 87.4, 2: 87.4, 3: 87.4, 4: 87.4, 5: 87.4, 6: 87.4}
2025-04-09 16:16:51,046 INFO: Incrementing motor positions by 360 degrees for group 'Wheg_Group'
2025-04-09 16:16:51,056 INFO: Gait 1 step executed at 20.00RPM, wait for 3.00 seconds
2025-04-09 16:17:04,634 INFO: Profile velocities set for group Wheg_Group: {1: 87.4, 2: 87.4, 3: 87.4, 4: 87.4, 5: 87.4, 6: 87.4}
2025-04-09 16:17:04,635 INFO: Incrementing motor positions by 360 degrees for group 'Wheg_Group'
2025-04-09 16:17:04,645 INFO: Gait 1 step executed at 20.00RPM, wait for 3.00 seconds
2025-04-09 16:18:11,188 INFO: Profile velocities set for group Wheg_Group: {1: 87.4, 2: 87.4, 3: 87.4, 4: 87.4, 5: 87.4, 6: 87.4}
2025-04-09 16:18:11,188 INFO: Incrementing motor positions by 360 degrees for group 'Wheg_Group'
2025-04-09 16:18:11,199 INFO: Gait 1 step executed at 20.00RPM, wait for 3.00 seconds
2025-04-09 16:18:22,845 INFO: Profile velocities set for group Wheg_Group: {1: 87.4, 2: 87.4, 3: 87.4, 4: 87.4, 5: 87.4, 6: 87.4}
2025-04-09 16:18:22,845 INFO: Incrementing motor positions by 360 degrees for group 'Wheg_Group'
2025-04-09 16:18:22,856 INFO: Gait 1 step executed at 20.00RPM, wait for 3.00 seconds
2025-04-09 16:18:26,140 INFO: Profile velocities set for group Wheg_Group: {1: 87.4, 2: 87.4, 3: 87.4, 4: 87.4, 5: 87.4, 6: 87.4}
2025-04-09 16:18:26,141 INFO: Incrementing motor positions by 360 degrees for group 'Wheg_Group'
2025-04-09 16:18:26,151 INFO: Gait 1 step executed at 20.00RPM, wait for 3.00 seconds
2025-04-09 16:18:48,774 INFO: Tasks were cancelled due to shutdown, proceeding to cleanup...
2025-04-09 16:18:48,774 INFO: Initiating safe shutdown...
2025-04-09 16:18:48,775 INFO: Setting operating mode 'velocity' for group 'All_Motors'
2025-04-09 16:18:48,775 INFO: Disabling torque for group All_Motors
2025-04-09 16:18:48,776 INFO: Enabling torque for group All_Motors
2025-04-09 16:18:48,777 INFO: Setting the profile velocity for group All_Motors from config.yaml: 8
2025-04-09 16:18:48,778 INFO: Profile velocities set for group All_Motors: {1: 34.96, 2: 34.96, 3: 34.96, 4: 34.96, 5: 34.96, 6: 34.96, 7: 34.96, 8: 34.96}
2025-04-09 16:18:48,779 WARNING: Velocity limit 200 exceeds hard limit 100. Limiting to 100.
2025-04-09 16:18:48,780 INFO: Velocity limit set to 100 for group All_Motors
2025-04-09 16:18:48,780 INFO: Enabling torque for group All_Motors
2025-04-09 16:18:48,781 INFO: Setting the profile velocity for group All_Motors from config.yaml: 8
2025-04-09 16:18:48,782 INFO: Profile velocities set for group All_Motors: {1: 34.96, 2: 34.96, 3: 34.96, 4: 34.96, 5: 34.96, 6: 34.96, 7: 34.96, 8: 34.96}
2025-04-09 16:18:48,783 INFO: Target velocities set for group All_Motors: {1: 0, 2: 0, 3: 0, 4: 0, 5: 0, 6: 0, 7: 0, 8: 0}
2025-04-09 16:18:48,783 INFO: Running set_position_group for group 'All_Motors' with positions: 180
2025-04-09 16:18:48,791 WARNING: Motor 1 is not in Position Control Mode. Setting mode now.
2025-04-09 16:18:48,791 INFO: Setting operating mode 'position' for group 'All_Motors'
2025-04-09 16:18:48,791 INFO: Disabling torque for group All_Motors
2025-04-09 16:18:48,793 INFO: Enabling torque for group All_Motors
2025-04-09 16:18:48,794 INFO: Setting the profile velocity for group All_Motors from config.yaml: 8
2025-04-09 16:18:48,795 INFO: Profile velocities set for group All_Motors: {1: 34.96, 2: 34.96, 3: 34.96, 4: 34.96, 5: 34.96, 6: 34.96, 7: 34.96, 8: 34.96}
2025-04-09 16:18:48,796 INFO: Setting the profile velocity for group All_Motors from config.yaml: 8
2025-04-09 16:18:48,796 INFO: Profile velocities set for group All_Motors: {1: 34.96, 2: 34.96, 3: 34.96, 4: 34.96, 5: 34.96, 6: 34.96, 7: 34.96, 8: 34.96}
2025-04-09 16:18:48,797 INFO: Closing PS4Controller and quitting pygame
2025-04-09 16:18:48,873 INFO: Port closed successfully.
2025-04-09 16:18:48,873 INFO: Shutdown complete.
