2024-10-29 01:14:29,662 INFO: Initializing PS4Controller
2024-10-29 01:14:29,926 INFO: Configuration loaded successfully
2024-10-29 01:14:29,929 INFO: Port /dev/ttyACM0 opened successfully
2024-10-29 01:14:29,939 INFO: Baudrate set to 1000000
2024-10-29 01:14:29,940 INFO: Control table loaded successfully.
2024-10-29 01:14:29,941 INFO: Motor group 'Pivot_Group' created with motors: [7, 8]
2024-10-29 01:14:29,941 INFO: Motor group 'Wheg_Group' created with motors: [1, 2, 3, 4, 5, 6]
2024-10-29 01:14:29,942 INFO: Motor group 'All_Motors' created with motors: [1, 2, 3, 4, 5, 6, 7, 8]
2024-10-29 01:14:29,942 INFO: Motor group 'Left_Whegs' created with motors: [1, 2, 3]
2024-10-29 01:14:29,942 INFO: Motor group 'Right_Whegs' created with motors: [4, 5, 6]
2024-10-29 01:14:29,943 INFO: Motor group 'Front_Whegs' created with motors: [3, 6]
2024-10-29 01:14:29,943 INFO: Motor group 'Rear_Whegs' created with motors: [1, 4]
2024-10-29 01:14:29,944 INFO: Motor group 'Middle_Whegs' created with motors: [2, 5]
2024-10-29 01:14:29,944 INFO: Motor group 'Two_Right_One_Left' created with motors: [2, 4, 6]
2024-10-29 01:14:29,945 INFO: Motor group 'Two_Left_One_Right' created with motors: [5, 1, 3]
2024-10-29 01:14:29,945 INFO: Initialised PS4 controller, Dynamixel, and Robot State
2024-10-29 01:14:30,101 INFO: Initialised Streamlit dashboard
2024-10-29 01:14:30,102 INFO: Disabling torque for group Right_Whegs
2024-10-29 01:14:30,104 INFO: Drive mode set for group Right_Whegs with reverse_direction=True
2024-10-29 01:14:30,106 INFO: Enabling torque for group Right_Whegs
2024-10-29 01:14:30,112 INFO: Motor 4 drive mode correctly set to reverse
2024-10-29 01:14:30,112 INFO: Motor 5 drive mode correctly set to reverse
2024-10-29 01:14:30,113 INFO: Motor 6 drive mode correctly set to reverse
2024-10-29 01:14:30,113 INFO: Disabling torque for group Left_Whegs
2024-10-29 01:14:30,115 INFO: Drive mode set for group Left_Whegs with reverse_direction=False
2024-10-29 01:14:30,115 INFO: Enabling torque for group Left_Whegs
2024-10-29 01:14:30,119 INFO: Motor 1 drive mode correctly set to normal
2024-10-29 01:14:30,119 INFO: Motor 2 drive mode correctly set to normal
2024-10-29 01:14:30,120 INFO: Motor 3 drive mode correctly set to normal
2024-10-29 01:14:30,120 INFO: Set the right side whegs to reverse direction
2024-10-29 01:14:30,121 INFO: Disabling torque for group Pivot_Group
2024-10-29 01:14:30,122 INFO: Drive mode set for group Pivot_Group with reverse_direction=False
2024-10-29 01:14:30,122 INFO: Enabling torque for group Pivot_Group
2024-10-29 01:14:30,126 INFO: Motor 7 drive mode correctly set to normal
2024-10-29 01:14:30,126 INFO: Motor 8 drive mode correctly set to normal
2024-10-29 01:14:30,127 INFO: Position limits set for group Pivot_Group: min=90° (ticks=1023), max=270° (ticks=3071)
2024-10-29 01:14:30,128 INFO: Set position limits for the pivot motors
2024-10-29 01:14:30,129 INFO: check_inputs - Button states: {'square': False, 'x': False, 'circle': False, 'triangle': False, 'l1': False, 'r1': False, 'l2': False, 'r2': False, 'share': False, 'options': False, 'l3': False, 'r3': False, 'ps': False}
2024-10-29 01:14:30,129 INFO: check_inputs - D-pad inputs: {'dpad_up': False, 'dpad_down': False, 'dpad_left': False, 'dpad_right': False}
2024-10-29 01:14:30,130 INFO: check_inputs - L2 trigger value: -1.0
2024-10-29 01:14:30,130 INFO: Initialising Gait 1
2024-10-29 01:14:30,130 INFO: Running set_position_group for group 'Wheg_Group' with positions: 180
2024-10-29 01:14:30,136 INFO: Running set_position_group for group 'Pivot_Group' with positions: 180
2024-10-29 01:14:30,140 INFO: Initialised Gait 1, waiting for 3 seconds
2024-10-29 01:14:30,175 INFO: Button states: {'square': False, 'x': False, 'circle': False, 'triangle': False, 'l1': False, 'r1': False, 'l2': False, 'r2': False, 'share': False, 'options': False, 'l3': False, 'r3': False, 'ps': False}
2024-10-29 01:14:30,176 INFO: D-pad inputs: {'dpad_up': False, 'dpad_down': False, 'dpad_left': False, 'dpad_right': False}
2024-10-29 01:14:30,177 INFO: L2 trigger value: -1.0
2024-10-29 01:14:31,525 INFO: check_inputs - Button states: {'square': False, 'x': False, 'circle': False, 'triangle': False, 'l1': False, 'r1': False, 'l2': False, 'r2': False, 'share': False, 'options': False, 'l3': False, 'r3': False, 'ps': False}
2024-10-29 01:14:31,525 INFO: check_inputs - D-pad inputs: {'dpad_up': False, 'dpad_down': False, 'dpad_left': False, 'dpad_right': False}
2024-10-29 01:14:31,527 INFO: check_inputs - L2 trigger value: -1.0
2024-10-29 01:14:31,538 INFO: check_inputs - Button states: {'square': False, 'x': False, 'circle': False, 'triangle': False, 'l1': False, 'r1': False, 'l2': False, 'r2': False, 'share': False, 'options': False, 'l3': False, 'r3': False, 'ps': False}
2024-10-29 01:14:31,538 INFO: check_inputs - D-pad inputs: {'dpad_up': False, 'dpad_down': False, 'dpad_left': False, 'dpad_right': False}
2024-10-29 01:14:31,538 INFO: check_inputs - L2 trigger value: -1.0
2024-10-29 01:14:31,549 INFO: check_inputs - Button states: {'square': False, 'x': False, 'circle': False, 'triangle': False, 'l1': False, 'r1': False, 'l2': False, 'r2': False, 'share': False, 'options': False, 'l3': False, 'r3': False, 'ps': False}
2024-10-29 01:14:31,549 INFO: check_inputs - D-pad inputs: {'dpad_up': False, 'dpad_down': False, 'dpad_left': False, 'dpad_right': False}
2024-10-29 01:14:31,549 INFO: check_inputs - L2 trigger value: -1.0
2024-10-29 01:14:31,560 INFO: check_inputs - Button states: {'square': False, 'x': False, 'circle': False, 'triangle': False, 'l1': False, 'r1': False, 'l2': False, 'r2': False, 'share': False, 'options': False, 'l3': False, 'r3': False, 'ps': False}
2024-10-29 01:14:31,561 INFO: check_inputs - D-pad inputs: {'dpad_up': False, 'dpad_down': False, 'dpad_left': False, 'dpad_right': False}
2024-10-29 01:14:31,561 INFO: check_inputs - L2 trigger value: -1.0
2024-10-29 01:14:31,572 INFO: check_inputs - Button states: {'square': False, 'x': False, 'circle': False, 'triangle': False, 'l1': False, 'r1': False, 'l2': False, 'r2': False, 'share': False, 'options': False, 'l3': False, 'r3': False, 'ps': False}
2024-10-29 01:14:31,572 INFO: check_inputs - D-pad inputs: {'dpad_up': False, 'dpad_down': False, 'dpad_left': False, 'dpad_right': False}
2024-10-29 01:14:31,573 INFO: check_inputs - L2 trigger value: -1.0
2024-10-29 01:14:31,583 INFO: check_inputs - Button states: {'square': False, 'x': False, 'circle': False, 'triangle': False, 'l1': False, 'r1': False, 'l2': False, 'r2': False, 'share': False, 'options': False, 'l3': False, 'r3': False, 'ps': False}
2024-10-29 01:14:31,584 INFO: check_inputs - D-pad inputs: {'dpad_up': False, 'dpad_down': False, 'dpad_left': False, 'dpad_right': False}
2024-10-29 01:14:31,584 INFO: check_inputs - L2 trigger value: -1.0
2024-10-29 01:14:31,595 INFO: check_inputs - Button states: {'square': False, 'x': False, 'circle': False, 'triangle': False, 'l1': False, 'r1': False, 'l2': False, 'r2': False, 'share': False, 'options': False, 'l3': False, 'r3': False, 'ps': False}
2024-10-29 01:14:31,596 INFO: check_inputs - D-pad inputs: {'dpad_up': False, 'dpad_down': False, 'dpad_left': False, 'dpad_right': False}
2024-10-29 01:14:31,596 INFO: check_inputs - L2 trigger value: -1.0
2024-10-29 01:14:31,607 INFO: check_inputs - Button states: {'square': False, 'x': False, 'circle': False, 'triangle': False, 'l1': False, 'r1': False, 'l2': False, 'r2': False, 'share': False, 'options': False, 'l3': False, 'r3': False, 'ps': False}
2024-10-29 01:14:31,608 INFO: check_inputs - D-pad inputs: {'dpad_up': False, 'dpad_down': False, 'dpad_left': False, 'dpad_right': False}
2024-10-29 01:14:31,608 INFO: check_inputs - L2 trigger value: -1.0
2024-10-29 01:14:31,619 INFO: check_inputs - Button states: {'square': False, 'x': False, 'circle': False, 'triangle': False, 'l1': False, 'r1': False, 'l2': False, 'r2': False, 'share': False, 'options': False, 'l3': False, 'r3': False, 'ps': False}
2024-10-29 01:14:31,619 INFO: check_inputs - D-pad inputs: {'dpad_up': False, 'dpad_down': False, 'dpad_left': False, 'dpad_right': False}
2024-10-29 01:14:31,619 INFO: check_inputs - L2 trigger value: -1.0
2024-10-29 01:14:31,663 INFO: Button states: {'square': False, 'x': False, 'circle': False, 'triangle': False, 'l1': False, 'r1': False, 'l2': False, 'r2': False, 'share': False, 'options': False, 'l3': False, 'r3': False, 'ps': False}
2024-10-29 01:14:31,664 INFO: D-pad inputs: {'dpad_up': False, 'dpad_down': False, 'dpad_left': False, 'dpad_right': False}
2024-10-29 01:14:31,665 INFO: L2 trigger value: -1.0
2024-10-29 01:14:32,996 INFO: check_inputs - Button states: {'square': False, 'x': False, 'circle': False, 'triangle': False, 'l1': False, 'r1': False, 'l2': False, 'r2': True, 'share': False, 'options': False, 'l3': False, 'r3': False, 'ps': False}
2024-10-29 01:14:32,997 INFO: check_inputs - D-pad inputs: {'dpad_up': False, 'dpad_down': False, 'dpad_left': False, 'dpad_right': False}
2024-10-29 01:14:32,998 INFO: check_inputs - L2 trigger value: -1.0
2024-10-29 01:14:33,009 INFO: check_inputs - Button states: {'square': False, 'x': False, 'circle': False, 'triangle': False, 'l1': False, 'r1': False, 'l2': False, 'r2': False, 'share': False, 'options': False, 'l3': False, 'r3': False, 'ps': False}
2024-10-29 01:14:33,009 INFO: check_inputs - D-pad inputs: {'dpad_up': False, 'dpad_down': False, 'dpad_left': False, 'dpad_right': False}
2024-10-29 01:14:33,010 INFO: check_inputs - L2 trigger value: -1.0
2024-10-29 01:14:33,021 INFO: check_inputs - Button states: {'square': False, 'x': False, 'circle': False, 'triangle': False, 'l1': False, 'r1': False, 'l2': False, 'r2': False, 'share': False, 'options': False, 'l3': False, 'r3': False, 'ps': False}
2024-10-29 01:14:33,021 INFO: check_inputs - D-pad inputs: {'dpad_up': False, 'dpad_down': False, 'dpad_left': False, 'dpad_right': False}
2024-10-29 01:14:33,022 INFO: check_inputs - L2 trigger value: -1.0
2024-10-29 01:14:33,032 INFO: check_inputs - Button states: {'square': False, 'x': False, 'circle': False, 'triangle': False, 'l1': False, 'r1': False, 'l2': False, 'r2': False, 'share': False, 'options': False, 'l3': False, 'r3': False, 'ps': False}
2024-10-29 01:14:33,033 INFO: check_inputs - D-pad inputs: {'dpad_up': False, 'dpad_down': False, 'dpad_left': False, 'dpad_right': False}
2024-10-29 01:14:33,033 INFO: check_inputs - L2 trigger value: -1.0
2024-10-29 01:14:33,044 INFO: check_inputs - Button states: {'square': False, 'x': False, 'circle': False, 'triangle': False, 'l1': False, 'r1': False, 'l2': False, 'r2': False, 'share': False, 'options': False, 'l3': False, 'r3': False, 'ps': False}
2024-10-29 01:14:33,044 INFO: check_inputs - D-pad inputs: {'dpad_up': False, 'dpad_down': False, 'dpad_left': False, 'dpad_right': False}
2024-10-29 01:14:33,045 INFO: check_inputs - L2 trigger value: -1.0
2024-10-29 01:14:33,056 INFO: check_inputs - Button states: {'square': False, 'x': False, 'circle': False, 'triangle': False, 'l1': False, 'r1': False, 'l2': False, 'r2': False, 'share': False, 'options': False, 'l3': False, 'r3': False, 'ps': False}
2024-10-29 01:14:33,056 INFO: check_inputs - D-pad inputs: {'dpad_up': False, 'dpad_down': False, 'dpad_left': False, 'dpad_right': False}
2024-10-29 01:14:33,057 INFO: check_inputs - L2 trigger value: -1.0
2024-10-29 01:14:33,068 INFO: check_inputs - Button states: {'square': False, 'x': False, 'circle': False, 'triangle': False, 'l1': False, 'r1': False, 'l2': False, 'r2': False, 'share': False, 'options': False, 'l3': False, 'r3': False, 'ps': False}
2024-10-29 01:14:33,068 INFO: check_inputs - D-pad inputs: {'dpad_up': False, 'dpad_down': False, 'dpad_left': False, 'dpad_right': False}
2024-10-29 01:14:33,069 INFO: check_inputs - L2 trigger value: -1.0
2024-10-29 01:14:33,079 INFO: check_inputs - Button states: {'square': False, 'x': False, 'circle': False, 'triangle': False, 'l1': False, 'r1': False, 'l2': False, 'r2': False, 'share': False, 'options': False, 'l3': False, 'r3': False, 'ps': False}
2024-10-29 01:14:33,080 INFO: check_inputs - D-pad inputs: {'dpad_up': False, 'dpad_down': False, 'dpad_left': False, 'dpad_right': False}
2024-10-29 01:14:33,080 INFO: check_inputs - L2 trigger value: -1.0
2024-10-29 01:14:33,091 INFO: check_inputs - Button states: {'square': False, 'x': False, 'circle': False, 'triangle': False, 'l1': False, 'r1': False, 'l2': False, 'r2': False, 'share': False, 'options': False, 'l3': False, 'r3': False, 'ps': False}
2024-10-29 01:14:33,092 INFO: check_inputs - D-pad inputs: {'dpad_up': False, 'dpad_down': False, 'dpad_left': False, 'dpad_right': False}
2024-10-29 01:14:33,092 INFO: check_inputs - L2 trigger value: -1.0
2024-10-29 01:14:33,131 INFO: Button states: {'square': False, 'x': False, 'circle': False, 'triangle': False, 'l1': False, 'r1': False, 'l2': False, 'r2': False, 'share': False, 'options': False, 'l3': False, 'r3': False, 'ps': False}
2024-10-29 01:14:33,132 INFO: D-pad inputs: {'dpad_up': False, 'dpad_down': False, 'dpad_left': False, 'dpad_right': False}
2024-10-29 01:14:33,133 INFO: L2 trigger value: -1.0
2024-10-29 01:14:34,413 INFO: check_inputs - Button states: {'square': False, 'x': False, 'circle': False, 'triangle': False, 'l1': False, 'r1': False, 'l2': False, 'r2': True, 'share': False, 'options': False, 'l3': False, 'r3': False, 'ps': False}
2024-10-29 01:14:34,414 INFO: check_inputs - D-pad inputs: {'dpad_up': False, 'dpad_down': False, 'dpad_left': False, 'dpad_right': False}
2024-10-29 01:14:34,415 INFO: check_inputs - L2 trigger value: -1.0
2024-10-29 01:14:34,415 INFO: Setting operating mode 'multi_turn' for group 'Wheg_Group'
2024-10-29 01:14:34,416 INFO: Disabling torque for group Wheg_Group
2024-10-29 01:14:34,416 INFO: Enabling torque for group Wheg_Group
2024-10-29 01:14:34,417 INFO: Setting the profile velocity for group Wheg_Group from config.yaml: 10
2024-10-29 01:14:34,418 INFO: Profile velocities set for group Wheg_Group: {1: 43.7, 2: 43.7, 3: 43.7, 4: 43.7, 5: 43.7, 6: 43.7}
2024-10-29 01:14:34,418 INFO: New gait 1 is now active.
2024-10-29 01:14:34,426 INFO: check_inputs - Button states: {'square': False, 'x': False, 'circle': False, 'triangle': False, 'l1': False, 'r1': False, 'l2': False, 'r2': False, 'share': False, 'options': False, 'l3': False, 'r3': False, 'ps': False}
2024-10-29 01:14:34,427 INFO: check_inputs - D-pad inputs: {'dpad_up': False, 'dpad_down': False, 'dpad_left': False, 'dpad_right': False}
2024-10-29 01:14:34,427 INFO: check_inputs - L2 trigger value: -1.0
2024-10-29 01:14:34,430 INFO: Profile velocities set for group Wheg_Group: {1: 21.85, 2: 21.85, 3: 21.85, 4: 21.85, 5: 21.85, 6: 21.85}
2024-10-29 01:14:34,431 INFO: Incrementing motor positions by 360 degrees for group 'Wheg_Group'
2024-10-29 01:14:34,441 INFO: Gait 1 step executed at 5.00RPM, wait for 12.00 seconds
2024-10-29 01:14:34,442 INFO: check_inputs - Button states: {'square': False, 'x': False, 'circle': False, 'triangle': False, 'l1': False, 'r1': False, 'l2': False, 'r2': False, 'share': False, 'options': False, 'l3': False, 'r3': False, 'ps': False}
2024-10-29 01:14:34,442 INFO: check_inputs - D-pad inputs: {'dpad_up': False, 'dpad_down': False, 'dpad_left': False, 'dpad_right': False}
2024-10-29 01:14:34,443 INFO: check_inputs - L2 trigger value: -1.0
2024-10-29 01:14:34,453 INFO: check_inputs - Button states: {'square': False, 'x': False, 'circle': False, 'triangle': False, 'l1': False, 'r1': False, 'l2': False, 'r2': False, 'share': False, 'options': False, 'l3': False, 'r3': False, 'ps': False}
2024-10-29 01:14:34,454 INFO: check_inputs - D-pad inputs: {'dpad_up': False, 'dpad_down': False, 'dpad_left': False, 'dpad_right': False}
2024-10-29 01:14:34,454 INFO: check_inputs - L2 trigger value: -1.0
2024-10-29 01:14:34,465 INFO: check_inputs - Button states: {'square': False, 'x': False, 'circle': False, 'triangle': False, 'l1': False, 'r1': False, 'l2': False, 'r2': False, 'share': False, 'options': False, 'l3': False, 'r3': False, 'ps': False}
2024-10-29 01:14:34,465 INFO: check_inputs - D-pad inputs: {'dpad_up': False, 'dpad_down': False, 'dpad_left': False, 'dpad_right': False}
2024-10-29 01:14:34,466 INFO: check_inputs - L2 trigger value: -1.0
2024-10-29 01:14:34,477 INFO: check_inputs - Button states: {'square': False, 'x': False, 'circle': False, 'triangle': False, 'l1': False, 'r1': False, 'l2': False, 'r2': False, 'share': False, 'options': False, 'l3': False, 'r3': False, 'ps': False}
2024-10-29 01:14:34,477 INFO: check_inputs - D-pad inputs: {'dpad_up': False, 'dpad_down': False, 'dpad_left': False, 'dpad_right': False}
2024-10-29 01:14:34,478 INFO: check_inputs - L2 trigger value: -1.0
2024-10-29 01:14:34,488 INFO: check_inputs - Button states: {'square': False, 'x': False, 'circle': False, 'triangle': False, 'l1': False, 'r1': False, 'l2': False, 'r2': False, 'share': False, 'options': False, 'l3': False, 'r3': False, 'ps': False}
2024-10-29 01:14:34,489 INFO: check_inputs - D-pad inputs: {'dpad_up': False, 'dpad_down': False, 'dpad_left': False, 'dpad_right': False}
2024-10-29 01:14:34,489 INFO: check_inputs - L2 trigger value: -1.0
2024-10-29 01:14:34,500 INFO: check_inputs - Button states: {'square': False, 'x': False, 'circle': False, 'triangle': False, 'l1': False, 'r1': False, 'l2': False, 'r2': False, 'share': False, 'options': False, 'l3': False, 'r3': False, 'ps': False}
2024-10-29 01:14:34,500 INFO: check_inputs - D-pad inputs: {'dpad_up': False, 'dpad_down': False, 'dpad_left': False, 'dpad_right': False}
2024-10-29 01:14:34,501 INFO: check_inputs - L2 trigger value: -1.0
2024-10-29 01:14:34,512 INFO: check_inputs - Button states: {'square': False, 'x': False, 'circle': False, 'triangle': False, 'l1': False, 'r1': False, 'l2': False, 'r2': False, 'share': False, 'options': False, 'l3': False, 'r3': False, 'ps': False}
2024-10-29 01:14:34,512 INFO: check_inputs - D-pad inputs: {'dpad_up': False, 'dpad_down': False, 'dpad_left': False, 'dpad_right': False}
2024-10-29 01:14:34,512 INFO: check_inputs - L2 trigger value: -1.0
2024-10-29 01:14:34,548 INFO: Button states: {'square': False, 'x': False, 'circle': False, 'triangle': False, 'l1': False, 'r1': False, 'l2': False, 'r2': False, 'share': False, 'options': False, 'l3': False, 'r3': False, 'ps': False}
2024-10-29 01:14:34,549 INFO: D-pad inputs: {'dpad_up': False, 'dpad_down': False, 'dpad_left': False, 'dpad_right': False}
2024-10-29 01:14:34,549 INFO: L2 trigger value: -1.0
2024-10-29 01:14:35,820 INFO: check_inputs - Button states: {'square': False, 'x': False, 'circle': False, 'triangle': False, 'l1': False, 'r1': False, 'l2': False, 'r2': True, 'share': False, 'options': False, 'l3': False, 'r3': False, 'ps': False}
2024-10-29 01:14:35,821 INFO: check_inputs - D-pad inputs: {'dpad_up': False, 'dpad_down': False, 'dpad_left': False, 'dpad_right': False}
2024-10-29 01:14:35,822 INFO: check_inputs - L2 trigger value: -1.0
2024-10-29 01:14:35,833 INFO: check_inputs - Button states: {'square': False, 'x': False, 'circle': False, 'triangle': False, 'l1': False, 'r1': False, 'l2': False, 'r2': False, 'share': False, 'options': False, 'l3': False, 'r3': False, 'ps': False}
2024-10-29 01:14:35,833 INFO: check_inputs - D-pad inputs: {'dpad_up': False, 'dpad_down': False, 'dpad_left': False, 'dpad_right': False}
2024-10-29 01:14:35,834 INFO: check_inputs - L2 trigger value: -1.0
2024-10-29 01:14:35,845 INFO: check_inputs - Button states: {'square': False, 'x': False, 'circle': False, 'triangle': False, 'l1': False, 'r1': False, 'l2': False, 'r2': False, 'share': False, 'options': False, 'l3': False, 'r3': False, 'ps': False}
2024-10-29 01:14:35,845 INFO: check_inputs - D-pad inputs: {'dpad_up': False, 'dpad_down': False, 'dpad_left': False, 'dpad_right': False}
2024-10-29 01:14:35,846 INFO: check_inputs - L2 trigger value: -1.0
2024-10-29 01:14:35,856 INFO: check_inputs - Button states: {'square': False, 'x': False, 'circle': False, 'triangle': False, 'l1': False, 'r1': False, 'l2': False, 'r2': False, 'share': False, 'options': False, 'l3': False, 'r3': False, 'ps': False}
2024-10-29 01:14:35,857 INFO: check_inputs - D-pad inputs: {'dpad_up': False, 'dpad_down': False, 'dpad_left': False, 'dpad_right': False}
2024-10-29 01:14:35,858 INFO: check_inputs - L2 trigger value: -1.0
2024-10-29 01:14:35,868 INFO: check_inputs - Button states: {'square': False, 'x': False, 'circle': False, 'triangle': False, 'l1': False, 'r1': False, 'l2': False, 'r2': False, 'share': False, 'options': False, 'l3': False, 'r3': False, 'ps': False}
2024-10-29 01:14:35,869 INFO: check_inputs - D-pad inputs: {'dpad_up': False, 'dpad_down': False, 'dpad_left': False, 'dpad_right': False}
2024-10-29 01:14:35,869 INFO: check_inputs - L2 trigger value: -1.0
2024-10-29 01:14:35,880 INFO: check_inputs - Button states: {'square': False, 'x': False, 'circle': False, 'triangle': False, 'l1': False, 'r1': False, 'l2': False, 'r2': False, 'share': False, 'options': False, 'l3': False, 'r3': False, 'ps': False}
2024-10-29 01:14:35,881 INFO: check_inputs - D-pad inputs: {'dpad_up': False, 'dpad_down': False, 'dpad_left': False, 'dpad_right': False}
2024-10-29 01:14:35,881 INFO: check_inputs - L2 trigger value: -1.0
2024-10-29 01:14:35,892 INFO: check_inputs - Button states: {'square': False, 'x': False, 'circle': False, 'triangle': False, 'l1': False, 'r1': False, 'l2': False, 'r2': False, 'share': False, 'options': False, 'l3': False, 'r3': False, 'ps': False}
2024-10-29 01:14:35,892 INFO: check_inputs - D-pad inputs: {'dpad_up': False, 'dpad_down': False, 'dpad_left': False, 'dpad_right': False}
2024-10-29 01:14:35,893 INFO: check_inputs - L2 trigger value: -1.0
2024-10-29 01:14:35,904 INFO: check_inputs - Button states: {'square': False, 'x': False, 'circle': False, 'triangle': False, 'l1': False, 'r1': False, 'l2': False, 'r2': False, 'share': False, 'options': False, 'l3': False, 'r3': False, 'ps': False}
2024-10-29 01:14:35,904 INFO: check_inputs - D-pad inputs: {'dpad_up': False, 'dpad_down': False, 'dpad_left': False, 'dpad_right': False}
2024-10-29 01:14:35,904 INFO: check_inputs - L2 trigger value: -1.0
2024-10-29 01:14:35,915 INFO: check_inputs - Button states: {'square': False, 'x': False, 'circle': False, 'triangle': False, 'l1': False, 'r1': False, 'l2': False, 'r2': False, 'share': False, 'options': False, 'l3': False, 'r3': False, 'ps': False}
2024-10-29 01:14:35,916 INFO: check_inputs - D-pad inputs: {'dpad_up': False, 'dpad_down': False, 'dpad_left': False, 'dpad_right': False}
2024-10-29 01:14:35,916 INFO: check_inputs - L2 trigger value: -1.0
2024-10-29 01:14:35,955 INFO: Button states: {'square': False, 'x': False, 'circle': False, 'triangle': False, 'l1': False, 'r1': False, 'l2': False, 'r2': False, 'share': False, 'options': False, 'l3': False, 'r3': False, 'ps': False}
2024-10-29 01:14:35,956 INFO: D-pad inputs: {'dpad_up': False, 'dpad_down': False, 'dpad_left': False, 'dpad_right': False}
2024-10-29 01:14:35,957 INFO: L2 trigger value: -1.0
2024-10-29 01:14:37,224 INFO: check_inputs - Button states: {'square': False, 'x': False, 'circle': False, 'triangle': False, 'l1': False, 'r1': False, 'l2': False, 'r2': True, 'share': False, 'options': False, 'l3': False, 'r3': False, 'ps': False}
2024-10-29 01:14:37,225 INFO: check_inputs - D-pad inputs: {'dpad_up': False, 'dpad_down': False, 'dpad_left': False, 'dpad_right': False}
2024-10-29 01:14:37,225 INFO: check_inputs - L2 trigger value: -1.0
2024-10-29 01:14:37,236 INFO: check_inputs - Button states: {'square': False, 'x': False, 'circle': False, 'triangle': False, 'l1': False, 'r1': False, 'l2': False, 'r2': False, 'share': False, 'options': False, 'l3': False, 'r3': False, 'ps': False}
2024-10-29 01:14:37,237 INFO: check_inputs - D-pad inputs: {'dpad_up': False, 'dpad_down': False, 'dpad_left': False, 'dpad_right': False}
2024-10-29 01:14:37,237 INFO: check_inputs - L2 trigger value: -1.0
2024-10-29 01:14:37,248 INFO: check_inputs - Button states: {'square': False, 'x': False, 'circle': False, 'triangle': False, 'l1': False, 'r1': False, 'l2': False, 'r2': False, 'share': False, 'options': False, 'l3': False, 'r3': False, 'ps': False}
2024-10-29 01:14:37,248 INFO: check_inputs - D-pad inputs: {'dpad_up': False, 'dpad_down': False, 'dpad_left': False, 'dpad_right': False}
2024-10-29 01:14:37,249 INFO: check_inputs - L2 trigger value: -1.0
2024-10-29 01:14:37,260 INFO: check_inputs - Button states: {'square': False, 'x': False, 'circle': False, 'triangle': False, 'l1': False, 'r1': False, 'l2': False, 'r2': False, 'share': False, 'options': False, 'l3': False, 'r3': False, 'ps': False}
2024-10-29 01:14:37,260 INFO: check_inputs - D-pad inputs: {'dpad_up': False, 'dpad_down': False, 'dpad_left': False, 'dpad_right': False}
2024-10-29 01:14:37,261 INFO: check_inputs - L2 trigger value: -1.0
2024-10-29 01:14:37,272 INFO: check_inputs - Button states: {'square': False, 'x': False, 'circle': False, 'triangle': False, 'l1': False, 'r1': False, 'l2': False, 'r2': False, 'share': False, 'options': False, 'l3': False, 'r3': False, 'ps': False}
2024-10-29 01:14:37,272 INFO: check_inputs - D-pad inputs: {'dpad_up': False, 'dpad_down': False, 'dpad_left': False, 'dpad_right': False}
2024-10-29 01:14:37,273 INFO: check_inputs - L2 trigger value: -1.0
2024-10-29 01:14:37,284 INFO: check_inputs - Button states: {'square': False, 'x': False, 'circle': False, 'triangle': False, 'l1': False, 'r1': False, 'l2': False, 'r2': False, 'share': False, 'options': False, 'l3': False, 'r3': False, 'ps': False}
2024-10-29 01:14:37,284 INFO: check_inputs - D-pad inputs: {'dpad_up': False, 'dpad_down': False, 'dpad_left': False, 'dpad_right': False}
2024-10-29 01:14:37,285 INFO: check_inputs - L2 trigger value: -1.0
2024-10-29 01:14:37,296 INFO: check_inputs - Button states: {'square': False, 'x': False, 'circle': False, 'triangle': False, 'l1': False, 'r1': False, 'l2': False, 'r2': False, 'share': False, 'options': False, 'l3': False, 'r3': False, 'ps': False}
2024-10-29 01:14:37,296 INFO: check_inputs - D-pad inputs: {'dpad_up': False, 'dpad_down': False, 'dpad_left': False, 'dpad_right': False}
2024-10-29 01:14:37,297 INFO: check_inputs - L2 trigger value: -1.0
2024-10-29 01:14:37,307 INFO: check_inputs - Button states: {'square': False, 'x': False, 'circle': False, 'triangle': False, 'l1': False, 'r1': False, 'l2': False, 'r2': False, 'share': False, 'options': False, 'l3': False, 'r3': False, 'ps': False}
2024-10-29 01:14:37,308 INFO: check_inputs - D-pad inputs: {'dpad_up': False, 'dpad_down': False, 'dpad_left': False, 'dpad_right': False}
2024-10-29 01:14:37,308 INFO: check_inputs - L2 trigger value: -1.0
2024-10-29 01:14:37,319 INFO: check_inputs - Button states: {'square': False, 'x': False, 'circle': False, 'triangle': False, 'l1': False, 'r1': False, 'l2': False, 'r2': False, 'share': False, 'options': False, 'l3': False, 'r3': False, 'ps': False}
2024-10-29 01:14:37,320 INFO: check_inputs - D-pad inputs: {'dpad_up': False, 'dpad_down': False, 'dpad_left': False, 'dpad_right': False}
2024-10-29 01:14:37,320 INFO: check_inputs - L2 trigger value: -1.0
2024-10-29 01:14:37,359 INFO: Button states: {'square': False, 'x': False, 'circle': False, 'triangle': False, 'l1': False, 'r1': False, 'l2': False, 'r2': False, 'share': False, 'options': False, 'l3': False, 'r3': False, 'ps': False}
2024-10-29 01:14:37,360 INFO: D-pad inputs: {'dpad_up': False, 'dpad_down': False, 'dpad_left': False, 'dpad_right': False}
2024-10-29 01:14:37,361 INFO: L2 trigger value: -1.0
2024-10-29 01:14:38,631 INFO: check_inputs - Button states: {'square': False, 'x': False, 'circle': False, 'triangle': False, 'l1': False, 'r1': False, 'l2': False, 'r2': True, 'share': False, 'options': False, 'l3': False, 'r3': False, 'ps': False}
2024-10-29 01:14:38,632 INFO: check_inputs - D-pad inputs: {'dpad_up': False, 'dpad_down': False, 'dpad_left': False, 'dpad_right': False}
2024-10-29 01:14:38,633 INFO: check_inputs - L2 trigger value: -1.0
2024-10-29 01:14:38,644 INFO: check_inputs - Button states: {'square': False, 'x': False, 'circle': False, 'triangle': False, 'l1': False, 'r1': False, 'l2': False, 'r2': False, 'share': False, 'options': False, 'l3': False, 'r3': False, 'ps': False}
2024-10-29 01:14:38,645 INFO: check_inputs - D-pad inputs: {'dpad_up': False, 'dpad_down': False, 'dpad_left': False, 'dpad_right': False}
2024-10-29 01:14:38,645 INFO: check_inputs - L2 trigger value: -1.0
2024-10-29 01:14:38,656 INFO: check_inputs - Button states: {'square': False, 'x': False, 'circle': False, 'triangle': False, 'l1': False, 'r1': False, 'l2': False, 'r2': False, 'share': False, 'options': False, 'l3': False, 'r3': False, 'ps': False}
2024-10-29 01:14:38,656 INFO: check_inputs - D-pad inputs: {'dpad_up': False, 'dpad_down': False, 'dpad_left': False, 'dpad_right': False}
2024-10-29 01:14:38,657 INFO: check_inputs - L2 trigger value: -1.0
2024-10-29 01:14:38,668 INFO: check_inputs - Button states: {'square': False, 'x': False, 'circle': False, 'triangle': False, 'l1': False, 'r1': False, 'l2': False, 'r2': False, 'share': False, 'options': False, 'l3': False, 'r3': False, 'ps': False}
2024-10-29 01:14:38,668 INFO: check_inputs - D-pad inputs: {'dpad_up': False, 'dpad_down': False, 'dpad_left': False, 'dpad_right': False}
2024-10-29 01:14:38,669 INFO: check_inputs - L2 trigger value: -1.0
2024-10-29 01:14:38,679 INFO: check_inputs - Button states: {'square': False, 'x': False, 'circle': False, 'triangle': False, 'l1': False, 'r1': False, 'l2': False, 'r2': False, 'share': False, 'options': False, 'l3': False, 'r3': False, 'ps': False}
2024-10-29 01:14:38,680 INFO: check_inputs - D-pad inputs: {'dpad_up': False, 'dpad_down': False, 'dpad_left': False, 'dpad_right': False}
2024-10-29 01:14:38,681 INFO: check_inputs - L2 trigger value: -1.0
2024-10-29 01:14:38,692 INFO: check_inputs - Button states: {'square': False, 'x': False, 'circle': False, 'triangle': False, 'l1': False, 'r1': False, 'l2': False, 'r2': False, 'share': False, 'options': False, 'l3': False, 'r3': False, 'ps': False}
2024-10-29 01:14:38,692 INFO: check_inputs - D-pad inputs: {'dpad_up': False, 'dpad_down': False, 'dpad_left': False, 'dpad_right': False}
2024-10-29 01:14:38,693 INFO: check_inputs - L2 trigger value: -1.0
2024-10-29 01:14:38,704 INFO: check_inputs - Button states: {'square': False, 'x': False, 'circle': False, 'triangle': False, 'l1': False, 'r1': False, 'l2': False, 'r2': False, 'share': False, 'options': False, 'l3': False, 'r3': False, 'ps': False}
2024-10-29 01:14:38,704 INFO: check_inputs - D-pad inputs: {'dpad_up': False, 'dpad_down': False, 'dpad_left': False, 'dpad_right': False}
2024-10-29 01:14:38,704 INFO: check_inputs - L2 trigger value: -1.0
2024-10-29 01:14:38,715 INFO: check_inputs - Button states: {'square': False, 'x': False, 'circle': False, 'triangle': False, 'l1': False, 'r1': False, 'l2': False, 'r2': False, 'share': False, 'options': False, 'l3': False, 'r3': False, 'ps': False}
2024-10-29 01:14:38,715 INFO: check_inputs - D-pad inputs: {'dpad_up': False, 'dpad_down': False, 'dpad_left': False, 'dpad_right': False}
2024-10-29 01:14:38,716 INFO: check_inputs - L2 trigger value: -1.0
2024-10-29 01:14:38,727 INFO: check_inputs - Button states: {'square': False, 'x': False, 'circle': False, 'triangle': False, 'l1': False, 'r1': False, 'l2': False, 'r2': False, 'share': False, 'options': False, 'l3': False, 'r3': False, 'ps': False}
2024-10-29 01:14:38,727 INFO: check_inputs - D-pad inputs: {'dpad_up': False, 'dpad_down': False, 'dpad_left': False, 'dpad_right': False}
2024-10-29 01:14:38,728 INFO: check_inputs - L2 trigger value: -1.0
2024-10-29 01:14:38,766 INFO: Button states: {'square': False, 'x': False, 'circle': False, 'triangle': False, 'l1': False, 'r1': False, 'l2': False, 'r2': False, 'share': False, 'options': False, 'l3': False, 'r3': False, 'ps': False}
2024-10-29 01:14:38,767 INFO: D-pad inputs: {'dpad_up': False, 'dpad_down': False, 'dpad_left': False, 'dpad_right': False}
2024-10-29 01:14:38,769 INFO: L2 trigger value: -1.0
2024-10-29 01:14:40,036 INFO: check_inputs - Button states: {'square': False, 'x': False, 'circle': False, 'triangle': False, 'l1': False, 'r1': False, 'l2': False, 'r2': False, 'share': False, 'options': False, 'l3': False, 'r3': False, 'ps': False}
2024-10-29 01:14:40,038 INFO: check_inputs - D-pad inputs: {'dpad_up': False, 'dpad_down': False, 'dpad_left': False, 'dpad_right': False}
2024-10-29 01:14:40,038 INFO: check_inputs - L2 trigger value: -1.0
2024-10-29 01:14:40,049 INFO: check_inputs - Button states: {'square': False, 'x': False, 'circle': False, 'triangle': False, 'l1': False, 'r1': False, 'l2': False, 'r2': False, 'share': False, 'options': False, 'l3': False, 'r3': False, 'ps': False}
2024-10-29 01:14:40,049 INFO: check_inputs - D-pad inputs: {'dpad_up': False, 'dpad_down': False, 'dpad_left': False, 'dpad_right': False}
2024-10-29 01:14:40,050 INFO: check_inputs - L2 trigger value: -1.0
2024-10-29 01:14:40,061 INFO: check_inputs - Button states: {'square': False, 'x': False, 'circle': False, 'triangle': False, 'l1': False, 'r1': False, 'l2': False, 'r2': False, 'share': False, 'options': False, 'l3': False, 'r3': False, 'ps': False}
2024-10-29 01:14:40,061 INFO: check_inputs - D-pad inputs: {'dpad_up': False, 'dpad_down': False, 'dpad_left': False, 'dpad_right': False}
2024-10-29 01:14:40,062 INFO: check_inputs - L2 trigger value: -1.0
2024-10-29 01:14:40,072 INFO: check_inputs - Button states: {'square': False, 'x': False, 'circle': False, 'triangle': False, 'l1': False, 'r1': False, 'l2': False, 'r2': False, 'share': False, 'options': False, 'l3': False, 'r3': False, 'ps': False}
2024-10-29 01:14:40,073 INFO: check_inputs - D-pad inputs: {'dpad_up': False, 'dpad_down': False, 'dpad_left': False, 'dpad_right': False}
2024-10-29 01:14:40,073 INFO: check_inputs - L2 trigger value: -1.0
2024-10-29 01:14:40,084 INFO: check_inputs - Button states: {'square': False, 'x': False, 'circle': False, 'triangle': False, 'l1': False, 'r1': False, 'l2': False, 'r2': False, 'share': False, 'options': False, 'l3': False, 'r3': False, 'ps': False}
2024-10-29 01:14:40,084 INFO: check_inputs - D-pad inputs: {'dpad_up': False, 'dpad_down': False, 'dpad_left': False, 'dpad_right': False}
2024-10-29 01:14:40,085 INFO: check_inputs - L2 trigger value: -1.0
2024-10-29 01:14:40,096 INFO: check_inputs - Button states: {'square': False, 'x': False, 'circle': False, 'triangle': False, 'l1': False, 'r1': False, 'l2': False, 'r2': False, 'share': False, 'options': False, 'l3': False, 'r3': False, 'ps': False}
2024-10-29 01:14:40,096 INFO: check_inputs - D-pad inputs: {'dpad_up': False, 'dpad_down': False, 'dpad_left': False, 'dpad_right': False}
2024-10-29 01:14:40,096 INFO: check_inputs - L2 trigger value: -1.0
2024-10-29 01:14:40,107 INFO: check_inputs - Button states: {'square': False, 'x': False, 'circle': False, 'triangle': False, 'l1': False, 'r1': False, 'l2': False, 'r2': False, 'share': False, 'options': False, 'l3': False, 'r3': False, 'ps': False}
2024-10-29 01:14:40,107 INFO: check_inputs - D-pad inputs: {'dpad_up': False, 'dpad_down': False, 'dpad_left': False, 'dpad_right': False}
2024-10-29 01:14:40,108 INFO: check_inputs - L2 trigger value: -1.0
2024-10-29 01:14:40,119 INFO: check_inputs - Button states: {'square': False, 'x': False, 'circle': False, 'triangle': False, 'l1': False, 'r1': False, 'l2': False, 'r2': False, 'share': False, 'options': False, 'l3': False, 'r3': False, 'ps': False}
2024-10-29 01:14:40,119 INFO: check_inputs - D-pad inputs: {'dpad_up': False, 'dpad_down': False, 'dpad_left': False, 'dpad_right': False}
2024-10-29 01:14:40,120 INFO: check_inputs - L2 trigger value: -1.0
2024-10-29 01:14:40,131 INFO: check_inputs - Button states: {'square': False, 'x': False, 'circle': False, 'triangle': False, 'l1': False, 'r1': False, 'l2': False, 'r2': False, 'share': False, 'options': False, 'l3': False, 'r3': False, 'ps': False}
2024-10-29 01:14:40,131 INFO: check_inputs - D-pad inputs: {'dpad_up': False, 'dpad_down': False, 'dpad_left': False, 'dpad_right': False}
2024-10-29 01:14:40,131 INFO: check_inputs - L2 trigger value: -1.0
2024-10-29 01:14:40,172 INFO: Button states: {'square': False, 'x': False, 'circle': False, 'triangle': False, 'l1': False, 'r1': False, 'l2': False, 'r2': False, 'share': False, 'options': False, 'l3': False, 'r3': False, 'ps': False}
2024-10-29 01:14:40,173 INFO: D-pad inputs: {'dpad_up': False, 'dpad_down': False, 'dpad_left': False, 'dpad_right': False}
2024-10-29 01:14:40,173 INFO: L2 trigger value: -1.0
2024-10-29 01:14:41,444 INFO: check_inputs - Button states: {'square': False, 'x': False, 'circle': False, 'triangle': False, 'l1': False, 'r1': False, 'l2': False, 'r2': False, 'share': False, 'options': False, 'l3': False, 'r3': False, 'ps': False}
2024-10-29 01:14:41,446 INFO: check_inputs - D-pad inputs: {'dpad_up': False, 'dpad_down': False, 'dpad_left': False, 'dpad_right': False}
2024-10-29 01:14:41,447 INFO: check_inputs - L2 trigger value: -1.0
2024-10-29 01:14:41,457 INFO: check_inputs - Button states: {'square': False, 'x': False, 'circle': False, 'triangle': False, 'l1': False, 'r1': False, 'l2': False, 'r2': False, 'share': False, 'options': False, 'l3': False, 'r3': False, 'ps': False}
2024-10-29 01:14:41,458 INFO: check_inputs - D-pad inputs: {'dpad_up': False, 'dpad_down': False, 'dpad_left': False, 'dpad_right': False}
2024-10-29 01:14:41,458 INFO: check_inputs - L2 trigger value: -1.0
2024-10-29 01:14:41,469 INFO: check_inputs - Button states: {'square': False, 'x': False, 'circle': False, 'triangle': False, 'l1': False, 'r1': False, 'l2': False, 'r2': False, 'share': False, 'options': False, 'l3': False, 'r3': False, 'ps': False}
2024-10-29 01:14:41,469 INFO: check_inputs - D-pad inputs: {'dpad_up': False, 'dpad_down': False, 'dpad_left': False, 'dpad_right': False}
2024-10-29 01:14:41,470 INFO: check_inputs - L2 trigger value: -1.0
2024-10-29 01:14:41,481 INFO: check_inputs - Button states: {'square': False, 'x': False, 'circle': False, 'triangle': False, 'l1': False, 'r1': False, 'l2': False, 'r2': False, 'share': False, 'options': False, 'l3': False, 'r3': False, 'ps': False}
2024-10-29 01:14:41,481 INFO: check_inputs - D-pad inputs: {'dpad_up': False, 'dpad_down': False, 'dpad_left': False, 'dpad_right': False}
2024-10-29 01:14:41,482 INFO: check_inputs - L2 trigger value: -1.0
2024-10-29 01:14:41,492 INFO: check_inputs - Button states: {'square': False, 'x': False, 'circle': False, 'triangle': False, 'l1': False, 'r1': False, 'l2': False, 'r2': False, 'share': False, 'options': False, 'l3': False, 'r3': False, 'ps': False}
2024-10-29 01:14:41,493 INFO: check_inputs - D-pad inputs: {'dpad_up': False, 'dpad_down': False, 'dpad_left': False, 'dpad_right': False}
2024-10-29 01:14:41,493 INFO: check_inputs - L2 trigger value: -1.0
2024-10-29 01:14:41,504 INFO: check_inputs - Button states: {'square': False, 'x': False, 'circle': False, 'triangle': False, 'l1': False, 'r1': False, 'l2': False, 'r2': False, 'share': False, 'options': False, 'l3': False, 'r3': False, 'ps': False}
2024-10-29 01:14:41,505 INFO: check_inputs - D-pad inputs: {'dpad_up': False, 'dpad_down': False, 'dpad_left': False, 'dpad_right': False}
2024-10-29 01:14:41,505 INFO: check_inputs - L2 trigger value: -1.0
2024-10-29 01:14:41,516 INFO: check_inputs - Button states: {'square': False, 'x': False, 'circle': False, 'triangle': False, 'l1': False, 'r1': False, 'l2': False, 'r2': False, 'share': False, 'options': False, 'l3': False, 'r3': False, 'ps': False}
2024-10-29 01:14:41,516 INFO: check_inputs - D-pad inputs: {'dpad_up': False, 'dpad_down': False, 'dpad_left': False, 'dpad_right': False}
2024-10-29 01:14:41,516 INFO: check_inputs - L2 trigger value: -1.0
2024-10-29 01:14:41,527 INFO: check_inputs - Button states: {'square': False, 'x': False, 'circle': False, 'triangle': False, 'l1': False, 'r1': False, 'l2': False, 'r2': False, 'share': False, 'options': False, 'l3': False, 'r3': False, 'ps': False}
2024-10-29 01:14:41,528 INFO: check_inputs - D-pad inputs: {'dpad_up': False, 'dpad_down': False, 'dpad_left': False, 'dpad_right': False}
2024-10-29 01:14:41,528 INFO: check_inputs - L2 trigger value: -1.0
2024-10-29 01:14:41,539 INFO: check_inputs - Button states: {'square': False, 'x': False, 'circle': False, 'triangle': False, 'l1': False, 'r1': False, 'l2': False, 'r2': False, 'share': False, 'options': False, 'l3': False, 'r3': False, 'ps': False}
2024-10-29 01:14:41,539 INFO: check_inputs - D-pad inputs: {'dpad_up': False, 'dpad_down': False, 'dpad_left': False, 'dpad_right': False}
2024-10-29 01:14:41,539 INFO: check_inputs - L2 trigger value: -1.0
2024-10-29 01:14:41,580 INFO: Button states: {'square': False, 'x': False, 'circle': False, 'triangle': False, 'l1': False, 'r1': False, 'l2': False, 'r2': False, 'share': False, 'options': False, 'l3': False, 'r3': False, 'ps': False}
2024-10-29 01:14:41,581 INFO: D-pad inputs: {'dpad_up': False, 'dpad_down': False, 'dpad_left': False, 'dpad_right': False}
2024-10-29 01:14:41,582 INFO: L2 trigger value: -1.0
2024-10-29 01:14:42,850 INFO: check_inputs - Button states: {'square': False, 'x': False, 'circle': False, 'triangle': False, 'l1': False, 'r1': False, 'l2': False, 'r2': True, 'share': False, 'options': False, 'l3': False, 'r3': False, 'ps': False}
2024-10-29 01:14:42,851 INFO: check_inputs - D-pad inputs: {'dpad_up': False, 'dpad_down': False, 'dpad_left': False, 'dpad_right': False}
2024-10-29 01:14:42,852 INFO: check_inputs - L2 trigger value: -1.0
2024-10-29 01:14:42,863 INFO: check_inputs - Button states: {'square': False, 'x': False, 'circle': False, 'triangle': False, 'l1': False, 'r1': False, 'l2': False, 'r2': False, 'share': False, 'options': False, 'l3': False, 'r3': False, 'ps': False}
2024-10-29 01:14:42,863 INFO: check_inputs - D-pad inputs: {'dpad_up': False, 'dpad_down': False, 'dpad_left': False, 'dpad_right': False}
2024-10-29 01:14:42,864 INFO: check_inputs - L2 trigger value: -1.0
2024-10-29 01:14:42,875 INFO: check_inputs - Button states: {'square': False, 'x': False, 'circle': False, 'triangle': False, 'l1': False, 'r1': False, 'l2': False, 'r2': False, 'share': False, 'options': False, 'l3': False, 'r3': False, 'ps': False}
2024-10-29 01:14:42,876 INFO: check_inputs - D-pad inputs: {'dpad_up': False, 'dpad_down': False, 'dpad_left': False, 'dpad_right': False}
2024-10-29 01:14:42,876 INFO: check_inputs - L2 trigger value: -1.0
2024-10-29 01:14:42,887 INFO: check_inputs - Button states: {'square': False, 'x': False, 'circle': False, 'triangle': False, 'l1': False, 'r1': False, 'l2': False, 'r2': False, 'share': False, 'options': False, 'l3': False, 'r3': False, 'ps': False}
2024-10-29 01:14:42,887 INFO: check_inputs - D-pad inputs: {'dpad_up': False, 'dpad_down': False, 'dpad_left': False, 'dpad_right': False}
2024-10-29 01:14:42,888 INFO: check_inputs - L2 trigger value: -1.0
2024-10-29 01:14:42,899 INFO: check_inputs - Button states: {'square': False, 'x': False, 'circle': False, 'triangle': False, 'l1': False, 'r1': False, 'l2': False, 'r2': False, 'share': False, 'options': False, 'l3': False, 'r3': False, 'ps': False}
2024-10-29 01:14:42,899 INFO: check_inputs - D-pad inputs: {'dpad_up': False, 'dpad_down': False, 'dpad_left': False, 'dpad_right': False}
2024-10-29 01:14:42,900 INFO: check_inputs - L2 trigger value: -1.0
2024-10-29 01:14:42,911 INFO: check_inputs - Button states: {'square': False, 'x': False, 'circle': False, 'triangle': False, 'l1': False, 'r1': False, 'l2': False, 'r2': False, 'share': False, 'options': False, 'l3': False, 'r3': False, 'ps': False}
2024-10-29 01:14:42,911 INFO: check_inputs - D-pad inputs: {'dpad_up': False, 'dpad_down': False, 'dpad_left': False, 'dpad_right': False}
2024-10-29 01:14:42,912 INFO: check_inputs - L2 trigger value: -1.0
2024-10-29 01:14:42,923 INFO: check_inputs - Button states: {'square': False, 'x': False, 'circle': False, 'triangle': False, 'l1': False, 'r1': False, 'l2': False, 'r2': False, 'share': False, 'options': False, 'l3': False, 'r3': False, 'ps': False}
2024-10-29 01:14:42,923 INFO: check_inputs - D-pad inputs: {'dpad_up': False, 'dpad_down': False, 'dpad_left': False, 'dpad_right': False}
2024-10-29 01:14:42,924 INFO: check_inputs - L2 trigger value: -1.0
2024-10-29 01:14:42,934 INFO: check_inputs - Button states: {'square': False, 'x': False, 'circle': False, 'triangle': False, 'l1': False, 'r1': False, 'l2': False, 'r2': False, 'share': False, 'options': False, 'l3': False, 'r3': False, 'ps': False}
2024-10-29 01:14:42,935 INFO: check_inputs - D-pad inputs: {'dpad_up': False, 'dpad_down': False, 'dpad_left': False, 'dpad_right': False}
2024-10-29 01:14:42,935 INFO: check_inputs - L2 trigger value: -1.0
2024-10-29 01:14:42,946 INFO: check_inputs - Button states: {'square': False, 'x': False, 'circle': False, 'triangle': False, 'l1': False, 'r1': False, 'l2': False, 'r2': False, 'share': False, 'options': False, 'l3': False, 'r3': False, 'ps': False}
2024-10-29 01:14:42,947 INFO: check_inputs - D-pad inputs: {'dpad_up': False, 'dpad_down': False, 'dpad_left': False, 'dpad_right': False}
2024-10-29 01:14:42,947 INFO: check_inputs - L2 trigger value: -1.0
2024-10-29 01:14:42,986 INFO: Button states: {'square': False, 'x': False, 'circle': False, 'triangle': False, 'l1': False, 'r1': False, 'l2': False, 'r2': False, 'share': False, 'options': False, 'l3': False, 'r3': False, 'ps': False}
2024-10-29 01:14:42,987 INFO: D-pad inputs: {'dpad_up': False, 'dpad_down': False, 'dpad_left': False, 'dpad_right': False}
2024-10-29 01:14:42,988 INFO: L2 trigger value: -1.0
2024-10-29 01:14:44,258 INFO: check_inputs - Button states: {'square': False, 'x': False, 'circle': False, 'triangle': False, 'l1': False, 'r1': False, 'l2': False, 'r2': True, 'share': False, 'options': False, 'l3': False, 'r3': False, 'ps': False}
2024-10-29 01:14:44,259 INFO: check_inputs - D-pad inputs: {'dpad_up': False, 'dpad_down': False, 'dpad_left': False, 'dpad_right': False}
2024-10-29 01:14:44,260 INFO: check_inputs - L2 trigger value: -1.0
2024-10-29 01:14:44,271 INFO: check_inputs - Button states: {'square': False, 'x': False, 'circle': False, 'triangle': False, 'l1': False, 'r1': False, 'l2': False, 'r2': False, 'share': False, 'options': False, 'l3': False, 'r3': False, 'ps': False}
2024-10-29 01:14:44,271 INFO: check_inputs - D-pad inputs: {'dpad_up': False, 'dpad_down': False, 'dpad_left': False, 'dpad_right': False}
2024-10-29 01:14:44,272 INFO: check_inputs - L2 trigger value: -1.0
2024-10-29 01:14:44,283 INFO: check_inputs - Button states: {'square': False, 'x': False, 'circle': False, 'triangle': False, 'l1': False, 'r1': False, 'l2': False, 'r2': False, 'share': False, 'options': False, 'l3': False, 'r3': False, 'ps': False}
2024-10-29 01:14:44,283 INFO: check_inputs - D-pad inputs: {'dpad_up': False, 'dpad_down': False, 'dpad_left': False, 'dpad_right': False}
2024-10-29 01:14:44,284 INFO: check_inputs - L2 trigger value: -1.0
2024-10-29 01:14:44,295 INFO: check_inputs - Button states: {'square': False, 'x': False, 'circle': False, 'triangle': False, 'l1': False, 'r1': False, 'l2': False, 'r2': False, 'share': False, 'options': False, 'l3': False, 'r3': False, 'ps': False}
2024-10-29 01:14:44,295 INFO: check_inputs - D-pad inputs: {'dpad_up': False, 'dpad_down': False, 'dpad_left': False, 'dpad_right': False}
2024-10-29 01:14:44,296 INFO: check_inputs - L2 trigger value: -1.0
2024-10-29 01:14:44,306 INFO: check_inputs - Button states: {'square': False, 'x': False, 'circle': False, 'triangle': False, 'l1': False, 'r1': False, 'l2': False, 'r2': False, 'share': False, 'options': False, 'l3': False, 'r3': False, 'ps': False}
2024-10-29 01:14:44,307 INFO: check_inputs - D-pad inputs: {'dpad_up': False, 'dpad_down': False, 'dpad_left': False, 'dpad_right': False}
2024-10-29 01:14:44,307 INFO: check_inputs - L2 trigger value: -1.0
2024-10-29 01:14:44,317 INFO: check_inputs - Button states: {'square': False, 'x': False, 'circle': False, 'triangle': False, 'l1': False, 'r1': False, 'l2': False, 'r2': False, 'share': False, 'options': False, 'l3': False, 'r3': False, 'ps': False}
2024-10-29 01:14:44,318 INFO: check_inputs - D-pad inputs: {'dpad_up': False, 'dpad_down': False, 'dpad_left': False, 'dpad_right': False}
2024-10-29 01:14:44,318 INFO: check_inputs - L2 trigger value: -1.0
2024-10-29 01:14:44,329 INFO: check_inputs - Button states: {'square': False, 'x': False, 'circle': False, 'triangle': False, 'l1': False, 'r1': False, 'l2': False, 'r2': False, 'share': False, 'options': False, 'l3': False, 'r3': False, 'ps': False}
2024-10-29 01:14:44,330 INFO: check_inputs - D-pad inputs: {'dpad_up': False, 'dpad_down': False, 'dpad_left': False, 'dpad_right': False}
2024-10-29 01:14:44,330 INFO: check_inputs - L2 trigger value: -1.0
2024-10-29 01:14:44,341 INFO: check_inputs - Button states: {'square': False, 'x': False, 'circle': False, 'triangle': False, 'l1': False, 'r1': False, 'l2': False, 'r2': False, 'share': False, 'options': False, 'l3': False, 'r3': False, 'ps': False}
2024-10-29 01:14:44,342 INFO: check_inputs - D-pad inputs: {'dpad_up': False, 'dpad_down': False, 'dpad_left': False, 'dpad_right': False}
2024-10-29 01:14:44,342 INFO: check_inputs - L2 trigger value: -1.0
2024-10-29 01:14:44,353 INFO: check_inputs - Button states: {'square': False, 'x': False, 'circle': False, 'triangle': False, 'l1': False, 'r1': False, 'l2': False, 'r2': False, 'share': False, 'options': False, 'l3': False, 'r3': False, 'ps': False}
2024-10-29 01:14:44,353 INFO: check_inputs - D-pad inputs: {'dpad_up': False, 'dpad_down': False, 'dpad_left': False, 'dpad_right': False}
2024-10-29 01:14:44,354 INFO: check_inputs - L2 trigger value: -1.0
2024-10-29 01:14:44,393 INFO: Button states: {'square': False, 'x': False, 'circle': False, 'triangle': False, 'l1': False, 'r1': False, 'l2': False, 'r2': False, 'share': False, 'options': False, 'l3': False, 'r3': False, 'ps': False}
2024-10-29 01:14:44,393 INFO: D-pad inputs: {'dpad_up': False, 'dpad_down': False, 'dpad_left': False, 'dpad_right': False}
2024-10-29 01:14:44,394 INFO: L2 trigger value: -1.0
2024-10-29 01:14:45,661 INFO: check_inputs - Button states: {'square': False, 'x': True, 'circle': False, 'triangle': False, 'l1': False, 'r1': False, 'l2': False, 'r2': True, 'share': False, 'options': False, 'l3': False, 'r3': False, 'ps': False}
2024-10-29 01:14:45,661 INFO: check_inputs - D-pad inputs: {'dpad_up': False, 'dpad_down': False, 'dpad_left': False, 'dpad_right': False}
2024-10-29 01:14:45,662 INFO: check_inputs - L2 trigger value: -1.0
2024-10-29 01:14:45,674 INFO: check_inputs - Button states: {'square': False, 'x': False, 'circle': False, 'triangle': False, 'l1': False, 'r1': False, 'l2': False, 'r2': False, 'share': False, 'options': False, 'l3': False, 'r3': False, 'ps': False}
2024-10-29 01:14:45,674 INFO: check_inputs - D-pad inputs: {'dpad_up': False, 'dpad_down': False, 'dpad_left': False, 'dpad_right': False}
2024-10-29 01:14:45,674 INFO: check_inputs - L2 trigger value: -1.0
2024-10-29 01:14:45,685 INFO: check_inputs - Button states: {'square': False, 'x': False, 'circle': False, 'triangle': False, 'l1': False, 'r1': False, 'l2': False, 'r2': False, 'share': False, 'options': False, 'l3': False, 'r3': False, 'ps': False}
2024-10-29 01:14:45,686 INFO: check_inputs - D-pad inputs: {'dpad_up': False, 'dpad_down': False, 'dpad_left': False, 'dpad_right': False}
2024-10-29 01:14:45,686 INFO: check_inputs - L2 trigger value: -1.0
2024-10-29 01:14:45,697 INFO: check_inputs - Button states: {'square': False, 'x': False, 'circle': False, 'triangle': False, 'l1': False, 'r1': False, 'l2': False, 'r2': False, 'share': False, 'options': False, 'l3': False, 'r3': False, 'ps': False}
2024-10-29 01:14:45,697 INFO: check_inputs - D-pad inputs: {'dpad_up': False, 'dpad_down': False, 'dpad_left': False, 'dpad_right': False}
2024-10-29 01:14:45,698 INFO: check_inputs - L2 trigger value: -1.0
2024-10-29 01:14:45,709 INFO: check_inputs - Button states: {'square': False, 'x': False, 'circle': False, 'triangle': False, 'l1': False, 'r1': False, 'l2': False, 'r2': False, 'share': False, 'options': False, 'l3': False, 'r3': False, 'ps': False}
2024-10-29 01:14:45,709 INFO: check_inputs - D-pad inputs: {'dpad_up': False, 'dpad_down': False, 'dpad_left': False, 'dpad_right': False}
2024-10-29 01:14:45,709 INFO: check_inputs - L2 trigger value: -1.0
2024-10-29 01:14:45,720 INFO: check_inputs - Button states: {'square': False, 'x': False, 'circle': False, 'triangle': False, 'l1': False, 'r1': False, 'l2': False, 'r2': False, 'share': False, 'options': False, 'l3': False, 'r3': False, 'ps': False}
2024-10-29 01:14:45,721 INFO: check_inputs - D-pad inputs: {'dpad_up': False, 'dpad_down': False, 'dpad_left': False, 'dpad_right': False}
2024-10-29 01:14:45,721 INFO: check_inputs - L2 trigger value: -1.0
2024-10-29 01:14:45,732 INFO: check_inputs - Button states: {'square': False, 'x': False, 'circle': False, 'triangle': False, 'l1': False, 'r1': False, 'l2': False, 'r2': False, 'share': False, 'options': False, 'l3': False, 'r3': False, 'ps': False}
2024-10-29 01:14:45,733 INFO: check_inputs - D-pad inputs: {'dpad_up': False, 'dpad_down': False, 'dpad_left': False, 'dpad_right': False}
2024-10-29 01:14:45,733 INFO: check_inputs - L2 trigger value: -1.0
2024-10-29 01:14:45,744 INFO: check_inputs - Button states: {'square': False, 'x': False, 'circle': False, 'triangle': False, 'l1': False, 'r1': False, 'l2': False, 'r2': False, 'share': False, 'options': False, 'l3': False, 'r3': False, 'ps': False}
2024-10-29 01:14:45,745 INFO: check_inputs - D-pad inputs: {'dpad_up': False, 'dpad_down': False, 'dpad_left': False, 'dpad_right': False}
2024-10-29 01:14:45,745 INFO: check_inputs - L2 trigger value: -1.0
2024-10-29 01:14:45,756 INFO: check_inputs - Button states: {'square': False, 'x': False, 'circle': False, 'triangle': False, 'l1': False, 'r1': False, 'l2': False, 'r2': False, 'share': False, 'options': False, 'l3': False, 'r3': False, 'ps': False}
2024-10-29 01:14:45,756 INFO: check_inputs - D-pad inputs: {'dpad_up': False, 'dpad_down': False, 'dpad_left': False, 'dpad_right': False}
2024-10-29 01:14:45,757 INFO: check_inputs - L2 trigger value: -1.0
2024-10-29 01:14:45,796 INFO: Button states: {'square': False, 'x': False, 'circle': False, 'triangle': False, 'l1': False, 'r1': False, 'l2': False, 'r2': False, 'share': False, 'options': False, 'l3': False, 'r3': False, 'ps': False}
2024-10-29 01:14:45,797 INFO: D-pad inputs: {'dpad_up': False, 'dpad_down': False, 'dpad_left': False, 'dpad_right': False}
2024-10-29 01:14:45,799 INFO: L2 trigger value: -1.0
2024-10-29 01:14:47,068 INFO: check_inputs - Button states: {'square': False, 'x': False, 'circle': False, 'triangle': False, 'l1': False, 'r1': False, 'l2': False, 'r2': True, 'share': False, 'options': False, 'l3': False, 'r3': False, 'ps': False}
2024-10-29 01:14:47,068 INFO: check_inputs - D-pad inputs: {'dpad_up': False, 'dpad_down': False, 'dpad_left': False, 'dpad_right': False}
2024-10-29 01:14:47,069 INFO: check_inputs - L2 trigger value: -1.0
2024-10-29 01:14:47,080 INFO: check_inputs - Button states: {'square': False, 'x': False, 'circle': False, 'triangle': False, 'l1': False, 'r1': False, 'l2': False, 'r2': False, 'share': False, 'options': False, 'l3': False, 'r3': False, 'ps': False}
2024-10-29 01:14:47,081 INFO: check_inputs - D-pad inputs: {'dpad_up': False, 'dpad_down': False, 'dpad_left': False, 'dpad_right': False}
2024-10-29 01:14:47,081 INFO: check_inputs - L2 trigger value: -1.0
2024-10-29 01:14:47,082 INFO: Profile velocities set for group Wheg_Group: {1: 43.7, 2: 43.7, 3: 43.7, 4: 43.7, 5: 43.7, 6: 43.7}
2024-10-29 01:14:47,083 INFO: Incrementing motor positions by 360 degrees for group 'Wheg_Group'
2024-10-29 01:14:47,093 INFO: Gait 1 step executed at 10.00RPM, wait for 6.00 seconds
2024-10-29 01:14:47,094 INFO: check_inputs - Button states: {'square': False, 'x': False, 'circle': False, 'triangle': False, 'l1': False, 'r1': False, 'l2': False, 'r2': False, 'share': False, 'options': False, 'l3': False, 'r3': False, 'ps': False}
2024-10-29 01:14:47,095 INFO: check_inputs - D-pad inputs: {'dpad_up': False, 'dpad_down': False, 'dpad_left': False, 'dpad_right': False}
2024-10-29 01:14:47,095 INFO: check_inputs - L2 trigger value: -1.0
2024-10-29 01:14:47,106 INFO: check_inputs - Button states: {'square': False, 'x': False, 'circle': False, 'triangle': False, 'l1': False, 'r1': False, 'l2': False, 'r2': False, 'share': False, 'options': False, 'l3': False, 'r3': False, 'ps': False}
2024-10-29 01:14:47,106 INFO: check_inputs - D-pad inputs: {'dpad_up': False, 'dpad_down': False, 'dpad_left': False, 'dpad_right': False}
2024-10-29 01:14:47,107 INFO: check_inputs - L2 trigger value: -1.0
2024-10-29 01:14:47,118 INFO: check_inputs - Button states: {'square': False, 'x': False, 'circle': False, 'triangle': False, 'l1': False, 'r1': False, 'l2': False, 'r2': False, 'share': False, 'options': False, 'l3': False, 'r3': False, 'ps': False}
2024-10-29 01:14:47,118 INFO: check_inputs - D-pad inputs: {'dpad_up': False, 'dpad_down': False, 'dpad_left': False, 'dpad_right': False}
2024-10-29 01:14:47,119 INFO: check_inputs - L2 trigger value: -1.0
2024-10-29 01:14:47,130 INFO: check_inputs - Button states: {'square': False, 'x': False, 'circle': False, 'triangle': False, 'l1': False, 'r1': False, 'l2': False, 'r2': False, 'share': False, 'options': False, 'l3': False, 'r3': False, 'ps': False}
2024-10-29 01:14:47,130 INFO: check_inputs - D-pad inputs: {'dpad_up': False, 'dpad_down': False, 'dpad_left': False, 'dpad_right': False}
2024-10-29 01:14:47,131 INFO: check_inputs - L2 trigger value: -1.0
2024-10-29 01:14:47,141 INFO: check_inputs - Button states: {'square': False, 'x': False, 'circle': False, 'triangle': False, 'l1': False, 'r1': False, 'l2': False, 'r2': False, 'share': False, 'options': False, 'l3': False, 'r3': False, 'ps': False}
2024-10-29 01:14:47,142 INFO: check_inputs - D-pad inputs: {'dpad_up': False, 'dpad_down': False, 'dpad_left': False, 'dpad_right': False}
2024-10-29 01:14:47,142 INFO: check_inputs - L2 trigger value: -1.0
2024-10-29 01:14:47,153 INFO: check_inputs - Button states: {'square': False, 'x': False, 'circle': False, 'triangle': False, 'l1': False, 'r1': False, 'l2': False, 'r2': False, 'share': False, 'options': False, 'l3': False, 'r3': False, 'ps': False}
2024-10-29 01:14:47,154 INFO: check_inputs - D-pad inputs: {'dpad_up': False, 'dpad_down': False, 'dpad_left': False, 'dpad_right': False}
2024-10-29 01:14:47,154 INFO: check_inputs - L2 trigger value: -1.0
2024-10-29 01:14:47,165 INFO: check_inputs - Button states: {'square': False, 'x': False, 'circle': False, 'triangle': False, 'l1': False, 'r1': False, 'l2': False, 'r2': False, 'share': False, 'options': False, 'l3': False, 'r3': False, 'ps': False}
2024-10-29 01:14:47,165 INFO: check_inputs - D-pad inputs: {'dpad_up': False, 'dpad_down': False, 'dpad_left': False, 'dpad_right': False}
2024-10-29 01:14:47,166 INFO: check_inputs - L2 trigger value: -1.0
2024-10-29 01:14:47,203 INFO: Button states: {'square': False, 'x': False, 'circle': False, 'triangle': False, 'l1': False, 'r1': False, 'l2': False, 'r2': False, 'share': False, 'options': False, 'l3': False, 'r3': False, 'ps': False}
2024-10-29 01:14:47,204 INFO: D-pad inputs: {'dpad_up': False, 'dpad_down': False, 'dpad_left': False, 'dpad_right': False}
2024-10-29 01:14:47,205 INFO: L2 trigger value: -1.0
2024-10-29 01:14:48,474 INFO: check_inputs - Button states: {'square': False, 'x': False, 'circle': False, 'triangle': False, 'l1': False, 'r1': False, 'l2': False, 'r2': True, 'share': False, 'options': False, 'l3': False, 'r3': False, 'ps': False}
2024-10-29 01:14:48,474 INFO: check_inputs - D-pad inputs: {'dpad_up': False, 'dpad_down': False, 'dpad_left': False, 'dpad_right': False}
2024-10-29 01:14:48,475 INFO: check_inputs - L2 trigger value: -1.0
2024-10-29 01:14:48,486 INFO: check_inputs - Button states: {'square': False, 'x': False, 'circle': False, 'triangle': False, 'l1': False, 'r1': False, 'l2': False, 'r2': False, 'share': False, 'options': False, 'l3': False, 'r3': False, 'ps': False}
2024-10-29 01:14:48,487 INFO: check_inputs - D-pad inputs: {'dpad_up': False, 'dpad_down': False, 'dpad_left': False, 'dpad_right': False}
2024-10-29 01:14:48,487 INFO: check_inputs - L2 trigger value: -1.0
2024-10-29 01:14:48,498 INFO: check_inputs - Button states: {'square': False, 'x': False, 'circle': False, 'triangle': False, 'l1': False, 'r1': False, 'l2': False, 'r2': False, 'share': False, 'options': False, 'l3': False, 'r3': False, 'ps': False}
2024-10-29 01:14:48,498 INFO: check_inputs - D-pad inputs: {'dpad_up': False, 'dpad_down': False, 'dpad_left': False, 'dpad_right': False}
2024-10-29 01:14:48,499 INFO: check_inputs - L2 trigger value: -1.0
2024-10-29 01:14:48,510 INFO: check_inputs - Button states: {'square': False, 'x': True, 'circle': False, 'triangle': False, 'l1': False, 'r1': False, 'l2': False, 'r2': False, 'share': False, 'options': False, 'l3': False, 'r3': False, 'ps': False}
2024-10-29 01:14:48,510 INFO: check_inputs - D-pad inputs: {'dpad_up': False, 'dpad_down': False, 'dpad_left': False, 'dpad_right': False}
2024-10-29 01:14:48,510 INFO: check_inputs - L2 trigger value: -1.0
2024-10-29 01:14:48,521 INFO: check_inputs - Button states: {'square': False, 'x': False, 'circle': False, 'triangle': False, 'l1': False, 'r1': False, 'l2': False, 'r2': False, 'share': False, 'options': False, 'l3': False, 'r3': False, 'ps': False}
2024-10-29 01:14:48,522 INFO: check_inputs - D-pad inputs: {'dpad_up': False, 'dpad_down': False, 'dpad_left': False, 'dpad_right': False}
2024-10-29 01:14:48,522 INFO: check_inputs - L2 trigger value: -1.0
2024-10-29 01:14:48,533 INFO: check_inputs - Button states: {'square': False, 'x': False, 'circle': False, 'triangle': False, 'l1': False, 'r1': False, 'l2': False, 'r2': False, 'share': False, 'options': False, 'l3': False, 'r3': False, 'ps': False}
2024-10-29 01:14:48,533 INFO: check_inputs - D-pad inputs: {'dpad_up': False, 'dpad_down': False, 'dpad_left': False, 'dpad_right': False}
2024-10-29 01:14:48,534 INFO: check_inputs - L2 trigger value: -1.0
2024-10-29 01:14:48,545 INFO: check_inputs - Button states: {'square': False, 'x': False, 'circle': False, 'triangle': False, 'l1': False, 'r1': False, 'l2': False, 'r2': False, 'share': False, 'options': False, 'l3': False, 'r3': False, 'ps': False}
2024-10-29 01:14:48,545 INFO: check_inputs - D-pad inputs: {'dpad_up': False, 'dpad_down': False, 'dpad_left': False, 'dpad_right': False}
2024-10-29 01:14:48,546 INFO: check_inputs - L2 trigger value: -1.0
2024-10-29 01:14:48,556 INFO: check_inputs - Button states: {'square': False, 'x': False, 'circle': False, 'triangle': False, 'l1': False, 'r1': False, 'l2': False, 'r2': False, 'share': False, 'options': False, 'l3': False, 'r3': False, 'ps': False}
2024-10-29 01:14:48,557 INFO: check_inputs - D-pad inputs: {'dpad_up': False, 'dpad_down': False, 'dpad_left': False, 'dpad_right': False}
2024-10-29 01:14:48,557 INFO: check_inputs - L2 trigger value: -1.0
2024-10-29 01:14:48,568 INFO: check_inputs - Button states: {'square': False, 'x': False, 'circle': False, 'triangle': False, 'l1': False, 'r1': False, 'l2': False, 'r2': False, 'share': False, 'options': False, 'l3': False, 'r3': False, 'ps': False}
2024-10-29 01:14:48,568 INFO: check_inputs - D-pad inputs: {'dpad_up': False, 'dpad_down': False, 'dpad_left': False, 'dpad_right': False}
2024-10-29 01:14:48,569 INFO: check_inputs - L2 trigger value: -1.0
2024-10-29 01:14:48,610 INFO: Button states: {'square': False, 'x': False, 'circle': False, 'triangle': False, 'l1': False, 'r1': False, 'l2': False, 'r2': False, 'share': False, 'options': False, 'l3': False, 'r3': False, 'ps': False}
2024-10-29 01:14:48,611 INFO: D-pad inputs: {'dpad_up': False, 'dpad_down': False, 'dpad_left': False, 'dpad_right': False}
2024-10-29 01:14:48,611 INFO: L2 trigger value: -1.0
2024-10-29 01:14:49,881 INFO: check_inputs - Button states: {'square': False, 'x': True, 'circle': False, 'triangle': False, 'l1': False, 'r1': False, 'l2': False, 'r2': True, 'share': False, 'options': False, 'l3': False, 'r3': False, 'ps': False}
2024-10-29 01:14:49,882 INFO: check_inputs - D-pad inputs: {'dpad_up': False, 'dpad_down': False, 'dpad_left': False, 'dpad_right': False}
2024-10-29 01:14:49,883 INFO: check_inputs - L2 trigger value: -1.0
2024-10-29 01:14:49,894 INFO: check_inputs - Button states: {'square': False, 'x': False, 'circle': False, 'triangle': False, 'l1': False, 'r1': False, 'l2': False, 'r2': False, 'share': False, 'options': False, 'l3': False, 'r3': False, 'ps': False}
2024-10-29 01:14:49,894 INFO: check_inputs - D-pad inputs: {'dpad_up': False, 'dpad_down': False, 'dpad_left': False, 'dpad_right': False}
2024-10-29 01:14:49,895 INFO: check_inputs - L2 trigger value: -1.0
2024-10-29 01:14:49,906 INFO: check_inputs - Button states: {'square': False, 'x': False, 'circle': False, 'triangle': False, 'l1': False, 'r1': False, 'l2': False, 'r2': False, 'share': False, 'options': False, 'l3': False, 'r3': False, 'ps': False}
2024-10-29 01:14:49,906 INFO: check_inputs - D-pad inputs: {'dpad_up': False, 'dpad_down': False, 'dpad_left': False, 'dpad_right': False}
2024-10-29 01:14:49,906 INFO: check_inputs - L2 trigger value: -1.0
2024-10-29 01:14:49,917 INFO: check_inputs - Button states: {'square': False, 'x': False, 'circle': False, 'triangle': False, 'l1': False, 'r1': False, 'l2': False, 'r2': False, 'share': False, 'options': False, 'l3': False, 'r3': False, 'ps': False}
2024-10-29 01:14:49,918 INFO: check_inputs - D-pad inputs: {'dpad_up': False, 'dpad_down': False, 'dpad_left': False, 'dpad_right': False}
2024-10-29 01:14:49,918 INFO: check_inputs - L2 trigger value: -1.0
2024-10-29 01:14:49,929 INFO: check_inputs - Button states: {'square': False, 'x': False, 'circle': False, 'triangle': False, 'l1': False, 'r1': False, 'l2': False, 'r2': False, 'share': False, 'options': False, 'l3': False, 'r3': False, 'ps': False}
2024-10-29 01:14:49,930 INFO: check_inputs - D-pad inputs: {'dpad_up': False, 'dpad_down': False, 'dpad_left': False, 'dpad_right': False}
2024-10-29 01:14:49,930 INFO: check_inputs - L2 trigger value: -1.0
2024-10-29 01:14:49,941 INFO: check_inputs - Button states: {'square': False, 'x': False, 'circle': False, 'triangle': False, 'l1': False, 'r1': False, 'l2': False, 'r2': False, 'share': False, 'options': False, 'l3': False, 'r3': False, 'ps': False}
2024-10-29 01:14:49,941 INFO: check_inputs - D-pad inputs: {'dpad_up': False, 'dpad_down': False, 'dpad_left': False, 'dpad_right': False}
2024-10-29 01:14:49,942 INFO: check_inputs - L2 trigger value: -1.0
2024-10-29 01:14:49,952 INFO: check_inputs - Button states: {'square': False, 'x': False, 'circle': False, 'triangle': False, 'l1': False, 'r1': False, 'l2': False, 'r2': False, 'share': False, 'options': False, 'l3': False, 'r3': False, 'ps': False}
2024-10-29 01:14:49,953 INFO: check_inputs - D-pad inputs: {'dpad_up': False, 'dpad_down': False, 'dpad_left': False, 'dpad_right': False}
2024-10-29 01:14:49,953 INFO: check_inputs - L2 trigger value: -1.0
2024-10-29 01:14:49,964 INFO: check_inputs - Button states: {'square': False, 'x': False, 'circle': False, 'triangle': False, 'l1': False, 'r1': False, 'l2': False, 'r2': False, 'share': False, 'options': False, 'l3': False, 'r3': False, 'ps': False}
2024-10-29 01:14:49,964 INFO: check_inputs - D-pad inputs: {'dpad_up': False, 'dpad_down': False, 'dpad_left': False, 'dpad_right': False}
2024-10-29 01:14:49,965 INFO: check_inputs - L2 trigger value: -1.0
2024-10-29 01:14:49,976 INFO: check_inputs - Button states: {'square': False, 'x': False, 'circle': False, 'triangle': False, 'l1': False, 'r1': False, 'l2': False, 'r2': False, 'share': False, 'options': False, 'l3': False, 'r3': False, 'ps': False}
2024-10-29 01:14:49,976 INFO: check_inputs - D-pad inputs: {'dpad_up': False, 'dpad_down': False, 'dpad_left': False, 'dpad_right': False}
2024-10-29 01:14:49,976 INFO: check_inputs - L2 trigger value: -1.0
2024-10-29 01:14:50,016 INFO: Button states: {'square': False, 'x': False, 'circle': False, 'triangle': False, 'l1': False, 'r1': False, 'l2': False, 'r2': False, 'share': False, 'options': False, 'l3': False, 'r3': False, 'ps': False}
2024-10-29 01:14:50,017 INFO: D-pad inputs: {'dpad_up': False, 'dpad_down': False, 'dpad_left': False, 'dpad_right': False}
2024-10-29 01:14:50,018 INFO: L2 trigger value: -1.0
2024-10-29 01:14:51,283 INFO: check_inputs - Button states: {'square': False, 'x': True, 'circle': False, 'triangle': False, 'l1': False, 'r1': False, 'l2': False, 'r2': False, 'share': False, 'options': False, 'l3': False, 'r3': False, 'ps': False}
2024-10-29 01:14:51,283 INFO: check_inputs - D-pad inputs: {'dpad_up': False, 'dpad_down': False, 'dpad_left': False, 'dpad_right': False}
2024-10-29 01:14:51,284 INFO: check_inputs - L2 trigger value: -1.0
2024-10-29 01:14:51,295 INFO: check_inputs - Button states: {'square': False, 'x': False, 'circle': False, 'triangle': False, 'l1': False, 'r1': False, 'l2': False, 'r2': False, 'share': False, 'options': False, 'l3': False, 'r3': False, 'ps': False}
2024-10-29 01:14:51,296 INFO: check_inputs - D-pad inputs: {'dpad_up': False, 'dpad_down': False, 'dpad_left': False, 'dpad_right': False}
2024-10-29 01:14:51,296 INFO: check_inputs - L2 trigger value: -1.0
2024-10-29 01:14:51,307 INFO: check_inputs - Button states: {'square': False, 'x': False, 'circle': False, 'triangle': False, 'l1': False, 'r1': False, 'l2': False, 'r2': False, 'share': False, 'options': False, 'l3': False, 'r3': False, 'ps': False}
2024-10-29 01:14:51,307 INFO: check_inputs - D-pad inputs: {'dpad_up': False, 'dpad_down': False, 'dpad_left': False, 'dpad_right': False}
2024-10-29 01:14:51,308 INFO: check_inputs - L2 trigger value: -1.0
2024-10-29 01:14:51,319 INFO: check_inputs - Button states: {'square': False, 'x': False, 'circle': False, 'triangle': False, 'l1': False, 'r1': False, 'l2': False, 'r2': False, 'share': False, 'options': False, 'l3': False, 'r3': False, 'ps': False}
2024-10-29 01:14:51,320 INFO: check_inputs - D-pad inputs: {'dpad_up': False, 'dpad_down': False, 'dpad_left': False, 'dpad_right': False}
2024-10-29 01:14:51,320 INFO: check_inputs - L2 trigger value: -1.0
2024-10-29 01:14:51,331 INFO: check_inputs - Button states: {'square': False, 'x': False, 'circle': False, 'triangle': False, 'l1': False, 'r1': False, 'l2': False, 'r2': False, 'share': False, 'options': False, 'l3': False, 'r3': False, 'ps': False}
2024-10-29 01:14:51,332 INFO: check_inputs - D-pad inputs: {'dpad_up': False, 'dpad_down': False, 'dpad_left': False, 'dpad_right': False}
2024-10-29 01:14:51,332 INFO: check_inputs - L2 trigger value: -1.0
2024-10-29 01:14:51,343 INFO: check_inputs - Button states: {'square': False, 'x': False, 'circle': False, 'triangle': False, 'l1': False, 'r1': False, 'l2': False, 'r2': False, 'share': False, 'options': False, 'l3': False, 'r3': False, 'ps': False}
2024-10-29 01:14:51,343 INFO: check_inputs - D-pad inputs: {'dpad_up': False, 'dpad_down': False, 'dpad_left': False, 'dpad_right': False}
2024-10-29 01:14:51,344 INFO: check_inputs - L2 trigger value: -1.0
2024-10-29 01:14:51,355 INFO: check_inputs - Button states: {'square': False, 'x': False, 'circle': False, 'triangle': False, 'l1': False, 'r1': False, 'l2': False, 'r2': False, 'share': False, 'options': False, 'l3': False, 'r3': False, 'ps': False}
2024-10-29 01:14:51,356 INFO: check_inputs - D-pad inputs: {'dpad_up': False, 'dpad_down': False, 'dpad_left': False, 'dpad_right': False}
2024-10-29 01:14:51,356 INFO: check_inputs - L2 trigger value: -1.0
2024-10-29 01:14:51,367 INFO: check_inputs - Button states: {'square': False, 'x': False, 'circle': False, 'triangle': False, 'l1': False, 'r1': False, 'l2': False, 'r2': False, 'share': False, 'options': False, 'l3': False, 'r3': False, 'ps': False}
2024-10-29 01:14:51,367 INFO: check_inputs - D-pad inputs: {'dpad_up': False, 'dpad_down': False, 'dpad_left': False, 'dpad_right': False}
2024-10-29 01:14:51,368 INFO: check_inputs - L2 trigger value: -1.0
2024-10-29 01:14:51,378 INFO: check_inputs - Button states: {'square': False, 'x': False, 'circle': False, 'triangle': False, 'l1': False, 'r1': False, 'l2': False, 'r2': False, 'share': False, 'options': False, 'l3': False, 'r3': False, 'ps': False}
2024-10-29 01:14:51,379 INFO: check_inputs - D-pad inputs: {'dpad_up': False, 'dpad_down': False, 'dpad_left': False, 'dpad_right': False}
2024-10-29 01:14:51,379 INFO: check_inputs - L2 trigger value: -1.0
2024-10-29 01:14:51,418 INFO: Button states: {'square': False, 'x': False, 'circle': False, 'triangle': False, 'l1': False, 'r1': False, 'l2': False, 'r2': False, 'share': False, 'options': False, 'l3': False, 'r3': False, 'ps': False}
2024-10-29 01:14:51,420 INFO: D-pad inputs: {'dpad_up': False, 'dpad_down': False, 'dpad_left': False, 'dpad_right': False}
2024-10-29 01:14:51,421 INFO: L2 trigger value: -1.0
2024-10-29 01:14:52,691 INFO: check_inputs - Button states: {'square': False, 'x': True, 'circle': False, 'triangle': False, 'l1': False, 'r1': False, 'l2': False, 'r2': False, 'share': False, 'options': False, 'l3': False, 'r3': False, 'ps': False}
2024-10-29 01:14:52,691 INFO: check_inputs - D-pad inputs: {'dpad_up': False, 'dpad_down': False, 'dpad_left': False, 'dpad_right': False}
2024-10-29 01:14:52,692 INFO: check_inputs - L2 trigger value: -1.0
2024-10-29 01:14:52,703 INFO: check_inputs - Button states: {'square': False, 'x': False, 'circle': False, 'triangle': False, 'l1': False, 'r1': False, 'l2': False, 'r2': False, 'share': False, 'options': False, 'l3': False, 'r3': False, 'ps': False}
2024-10-29 01:14:52,703 INFO: check_inputs - D-pad inputs: {'dpad_up': False, 'dpad_down': False, 'dpad_left': False, 'dpad_right': False}
2024-10-29 01:14:52,704 INFO: check_inputs - L2 trigger value: -1.0
2024-10-29 01:14:52,715 INFO: check_inputs - Button states: {'square': False, 'x': False, 'circle': False, 'triangle': False, 'l1': False, 'r1': False, 'l2': False, 'r2': False, 'share': False, 'options': False, 'l3': False, 'r3': False, 'ps': False}
2024-10-29 01:14:52,715 INFO: check_inputs - D-pad inputs: {'dpad_up': False, 'dpad_down': False, 'dpad_left': False, 'dpad_right': False}
2024-10-29 01:14:52,715 INFO: check_inputs - L2 trigger value: -1.0
2024-10-29 01:14:52,727 INFO: check_inputs - Button states: {'square': False, 'x': False, 'circle': False, 'triangle': False, 'l1': False, 'r1': False, 'l2': False, 'r2': False, 'share': False, 'options': False, 'l3': False, 'r3': False, 'ps': False}
2024-10-29 01:14:52,727 INFO: check_inputs - D-pad inputs: {'dpad_up': False, 'dpad_down': False, 'dpad_left': False, 'dpad_right': False}
2024-10-29 01:14:52,727 INFO: check_inputs - L2 trigger value: -1.0
2024-10-29 01:14:52,738 INFO: check_inputs - Button states: {'square': False, 'x': False, 'circle': False, 'triangle': False, 'l1': False, 'r1': False, 'l2': False, 'r2': False, 'share': False, 'options': False, 'l3': False, 'r3': False, 'ps': False}
2024-10-29 01:14:52,738 INFO: check_inputs - D-pad inputs: {'dpad_up': False, 'dpad_down': False, 'dpad_left': False, 'dpad_right': False}
2024-10-29 01:14:52,738 INFO: check_inputs - L2 trigger value: -1.0
2024-10-29 01:14:52,749 INFO: check_inputs - Button states: {'square': False, 'x': False, 'circle': False, 'triangle': False, 'l1': False, 'r1': False, 'l2': False, 'r2': False, 'share': False, 'options': False, 'l3': False, 'r3': False, 'ps': False}
2024-10-29 01:14:52,749 INFO: check_inputs - D-pad inputs: {'dpad_up': False, 'dpad_down': False, 'dpad_left': False, 'dpad_right': False}
2024-10-29 01:14:52,750 INFO: check_inputs - L2 trigger value: -1.0
2024-10-29 01:14:52,761 INFO: check_inputs - Button states: {'square': False, 'x': False, 'circle': False, 'triangle': False, 'l1': False, 'r1': False, 'l2': False, 'r2': False, 'share': False, 'options': False, 'l3': False, 'r3': False, 'ps': False}
2024-10-29 01:14:52,761 INFO: check_inputs - D-pad inputs: {'dpad_up': False, 'dpad_down': False, 'dpad_left': False, 'dpad_right': False}
2024-10-29 01:14:52,761 INFO: check_inputs - L2 trigger value: -1.0
2024-10-29 01:14:52,772 INFO: check_inputs - Button states: {'square': False, 'x': False, 'circle': False, 'triangle': False, 'l1': False, 'r1': False, 'l2': False, 'r2': False, 'share': False, 'options': False, 'l3': False, 'r3': False, 'ps': False}
2024-10-29 01:14:52,772 INFO: check_inputs - D-pad inputs: {'dpad_up': False, 'dpad_down': False, 'dpad_left': False, 'dpad_right': False}
2024-10-29 01:14:52,773 INFO: check_inputs - L2 trigger value: -1.0
2024-10-29 01:14:52,784 INFO: check_inputs - Button states: {'square': False, 'x': False, 'circle': False, 'triangle': False, 'l1': False, 'r1': False, 'l2': False, 'r2': False, 'share': False, 'options': False, 'l3': False, 'r3': False, 'ps': False}
2024-10-29 01:14:52,784 INFO: check_inputs - D-pad inputs: {'dpad_up': False, 'dpad_down': False, 'dpad_left': False, 'dpad_right': False}
2024-10-29 01:14:52,785 INFO: check_inputs - L2 trigger value: -1.0
2024-10-29 01:14:52,825 INFO: Button states: {'square': False, 'x': False, 'circle': False, 'triangle': False, 'l1': False, 'r1': False, 'l2': False, 'r2': False, 'share': False, 'options': False, 'l3': False, 'r3': False, 'ps': False}
2024-10-29 01:14:52,826 INFO: D-pad inputs: {'dpad_up': False, 'dpad_down': False, 'dpad_left': False, 'dpad_right': False}
2024-10-29 01:14:52,828 INFO: L2 trigger value: -1.0
2024-10-29 01:14:54,095 INFO: check_inputs - Button states: {'square': False, 'x': True, 'circle': False, 'triangle': False, 'l1': False, 'r1': False, 'l2': False, 'r2': False, 'share': False, 'options': False, 'l3': False, 'r3': False, 'ps': False}
2024-10-29 01:14:54,096 INFO: check_inputs - D-pad inputs: {'dpad_up': False, 'dpad_down': False, 'dpad_left': False, 'dpad_right': False}
2024-10-29 01:14:54,097 INFO: check_inputs - L2 trigger value: -1.0
2024-10-29 01:14:54,108 INFO: check_inputs - Button states: {'square': False, 'x': False, 'circle': False, 'triangle': False, 'l1': False, 'r1': False, 'l2': False, 'r2': False, 'share': False, 'options': False, 'l3': False, 'r3': False, 'ps': False}
2024-10-29 01:14:54,108 INFO: check_inputs - D-pad inputs: {'dpad_up': False, 'dpad_down': False, 'dpad_left': False, 'dpad_right': False}
2024-10-29 01:14:54,108 INFO: check_inputs - L2 trigger value: -1.0
2024-10-29 01:14:54,119 INFO: check_inputs - Button states: {'square': False, 'x': False, 'circle': False, 'triangle': False, 'l1': False, 'r1': False, 'l2': False, 'r2': False, 'share': False, 'options': False, 'l3': False, 'r3': False, 'ps': False}
2024-10-29 01:14:54,120 INFO: check_inputs - D-pad inputs: {'dpad_up': False, 'dpad_down': False, 'dpad_left': False, 'dpad_right': False}
2024-10-29 01:14:54,120 INFO: check_inputs - L2 trigger value: -1.0
2024-10-29 01:14:54,131 INFO: check_inputs - Button states: {'square': False, 'x': False, 'circle': False, 'triangle': False, 'l1': False, 'r1': False, 'l2': False, 'r2': False, 'share': False, 'options': False, 'l3': False, 'r3': False, 'ps': False}
2024-10-29 01:14:54,132 INFO: check_inputs - D-pad inputs: {'dpad_up': False, 'dpad_down': False, 'dpad_left': False, 'dpad_right': False}
2024-10-29 01:14:54,132 INFO: check_inputs - L2 trigger value: -1.0
2024-10-29 01:14:54,143 INFO: check_inputs - Button states: {'square': False, 'x': False, 'circle': False, 'triangle': False, 'l1': False, 'r1': False, 'l2': False, 'r2': False, 'share': False, 'options': False, 'l3': False, 'r3': False, 'ps': False}
2024-10-29 01:14:54,143 INFO: check_inputs - D-pad inputs: {'dpad_up': False, 'dpad_down': False, 'dpad_left': False, 'dpad_right': False}
2024-10-29 01:14:54,144 INFO: check_inputs - L2 trigger value: -1.0
2024-10-29 01:14:54,155 INFO: check_inputs - Button states: {'square': False, 'x': False, 'circle': False, 'triangle': False, 'l1': False, 'r1': False, 'l2': False, 'r2': False, 'share': False, 'options': False, 'l3': False, 'r3': False, 'ps': False}
2024-10-29 01:14:54,155 INFO: check_inputs - D-pad inputs: {'dpad_up': False, 'dpad_down': False, 'dpad_left': False, 'dpad_right': False}
2024-10-29 01:14:54,156 INFO: check_inputs - L2 trigger value: -1.0
2024-10-29 01:14:54,166 INFO: check_inputs - Button states: {'square': False, 'x': False, 'circle': False, 'triangle': False, 'l1': False, 'r1': False, 'l2': False, 'r2': False, 'share': False, 'options': False, 'l3': False, 'r3': False, 'ps': False}
2024-10-29 01:14:54,167 INFO: check_inputs - D-pad inputs: {'dpad_up': False, 'dpad_down': False, 'dpad_left': False, 'dpad_right': False}
2024-10-29 01:14:54,167 INFO: check_inputs - L2 trigger value: -1.0
2024-10-29 01:14:54,178 INFO: check_inputs - Button states: {'square': False, 'x': False, 'circle': False, 'triangle': False, 'l1': False, 'r1': False, 'l2': False, 'r2': False, 'share': False, 'options': False, 'l3': False, 'r3': False, 'ps': False}
2024-10-29 01:14:54,178 INFO: check_inputs - D-pad inputs: {'dpad_up': False, 'dpad_down': False, 'dpad_left': False, 'dpad_right': False}
2024-10-29 01:14:54,179 INFO: check_inputs - L2 trigger value: -1.0
2024-10-29 01:14:54,190 INFO: check_inputs - Button states: {'square': False, 'x': False, 'circle': False, 'triangle': False, 'l1': False, 'r1': False, 'l2': False, 'r2': False, 'share': False, 'options': False, 'l3': False, 'r3': False, 'ps': False}
2024-10-29 01:14:54,190 INFO: check_inputs - D-pad inputs: {'dpad_up': False, 'dpad_down': False, 'dpad_left': False, 'dpad_right': False}
2024-10-29 01:14:54,190 INFO: check_inputs - L2 trigger value: -1.0
2024-10-29 01:14:54,230 INFO: Button states: {'square': False, 'x': False, 'circle': False, 'triangle': False, 'l1': False, 'r1': False, 'l2': False, 'r2': False, 'share': False, 'options': False, 'l3': False, 'r3': False, 'ps': False}
2024-10-29 01:14:54,231 INFO: D-pad inputs: {'dpad_up': False, 'dpad_down': False, 'dpad_left': False, 'dpad_right': False}
2024-10-29 01:14:54,232 INFO: L2 trigger value: -1.0
2024-10-29 01:14:55,498 INFO: check_inputs - Button states: {'square': False, 'x': False, 'circle': False, 'triangle': False, 'l1': False, 'r1': False, 'l2': False, 'r2': False, 'share': False, 'options': False, 'l3': False, 'r3': False, 'ps': False}
2024-10-29 01:14:55,499 INFO: check_inputs - D-pad inputs: {'dpad_up': False, 'dpad_down': False, 'dpad_left': False, 'dpad_right': False}
2024-10-29 01:14:55,499 INFO: check_inputs - L2 trigger value: -1.0
2024-10-29 01:14:55,510 INFO: check_inputs - Button states: {'square': False, 'x': False, 'circle': False, 'triangle': False, 'l1': False, 'r1': False, 'l2': False, 'r2': False, 'share': False, 'options': False, 'l3': False, 'r3': False, 'ps': False}
2024-10-29 01:14:55,511 INFO: check_inputs - D-pad inputs: {'dpad_up': False, 'dpad_down': False, 'dpad_left': False, 'dpad_right': False}
2024-10-29 01:14:55,511 INFO: check_inputs - L2 trigger value: -1.0
2024-10-29 01:14:55,522 INFO: check_inputs - Button states: {'square': False, 'x': False, 'circle': False, 'triangle': False, 'l1': False, 'r1': False, 'l2': False, 'r2': False, 'share': False, 'options': False, 'l3': False, 'r3': False, 'ps': False}
2024-10-29 01:14:55,522 INFO: check_inputs - D-pad inputs: {'dpad_up': False, 'dpad_down': False, 'dpad_left': False, 'dpad_right': False}
2024-10-29 01:14:55,523 INFO: check_inputs - L2 trigger value: -1.0
2024-10-29 01:14:55,534 INFO: check_inputs - Button states: {'square': False, 'x': False, 'circle': False, 'triangle': False, 'l1': False, 'r1': False, 'l2': False, 'r2': False, 'share': False, 'options': False, 'l3': False, 'r3': False, 'ps': False}
2024-10-29 01:14:55,534 INFO: check_inputs - D-pad inputs: {'dpad_up': False, 'dpad_down': False, 'dpad_left': False, 'dpad_right': False}
2024-10-29 01:14:55,535 INFO: check_inputs - L2 trigger value: -1.0
2024-10-29 01:14:55,545 INFO: check_inputs - Button states: {'square': False, 'x': False, 'circle': False, 'triangle': False, 'l1': False, 'r1': False, 'l2': False, 'r2': False, 'share': False, 'options': False, 'l3': False, 'r3': False, 'ps': False}
2024-10-29 01:14:55,546 INFO: check_inputs - D-pad inputs: {'dpad_up': False, 'dpad_down': False, 'dpad_left': False, 'dpad_right': False}
2024-10-29 01:14:55,546 INFO: check_inputs - L2 trigger value: -1.0
2024-10-29 01:14:55,557 INFO: check_inputs - Button states: {'square': False, 'x': False, 'circle': False, 'triangle': False, 'l1': False, 'r1': False, 'l2': False, 'r2': False, 'share': False, 'options': False, 'l3': False, 'r3': False, 'ps': False}
2024-10-29 01:14:55,558 INFO: check_inputs - D-pad inputs: {'dpad_up': False, 'dpad_down': False, 'dpad_left': False, 'dpad_right': False}
2024-10-29 01:14:55,558 INFO: check_inputs - L2 trigger value: -1.0
2024-10-29 01:14:55,569 INFO: check_inputs - Button states: {'square': False, 'x': False, 'circle': False, 'triangle': False, 'l1': False, 'r1': False, 'l2': False, 'r2': False, 'share': False, 'options': False, 'l3': False, 'r3': False, 'ps': False}
2024-10-29 01:14:55,569 INFO: check_inputs - D-pad inputs: {'dpad_up': False, 'dpad_down': False, 'dpad_left': False, 'dpad_right': False}
2024-10-29 01:14:55,570 INFO: check_inputs - L2 trigger value: -1.0
2024-10-29 01:14:55,581 INFO: check_inputs - Button states: {'square': False, 'x': False, 'circle': False, 'triangle': False, 'l1': False, 'r1': False, 'l2': False, 'r2': False, 'share': False, 'options': False, 'l3': False, 'r3': False, 'ps': False}
2024-10-29 01:14:55,581 INFO: check_inputs - D-pad inputs: {'dpad_up': False, 'dpad_down': False, 'dpad_left': False, 'dpad_right': False}
2024-10-29 01:14:55,581 INFO: check_inputs - L2 trigger value: -1.0
2024-10-29 01:14:55,592 INFO: check_inputs - Button states: {'square': False, 'x': False, 'circle': False, 'triangle': False, 'l1': False, 'r1': False, 'l2': False, 'r2': False, 'share': False, 'options': False, 'l3': False, 'r3': False, 'ps': False}
2024-10-29 01:14:55,593 INFO: check_inputs - D-pad inputs: {'dpad_up': False, 'dpad_down': False, 'dpad_left': False, 'dpad_right': False}
2024-10-29 01:14:55,593 INFO: check_inputs - L2 trigger value: -1.0
2024-10-29 01:14:55,633 INFO: Button states: {'square': False, 'x': False, 'circle': False, 'triangle': False, 'l1': False, 'r1': False, 'l2': False, 'r2': False, 'share': False, 'options': False, 'l3': False, 'r3': False, 'ps': False}
2024-10-29 01:14:55,633 INFO: D-pad inputs: {'dpad_up': False, 'dpad_down': False, 'dpad_left': False, 'dpad_right': False}
2024-10-29 01:14:55,633 INFO: L2 trigger value: -1.0
2024-10-29 01:14:56,874 INFO: check_inputs - Button states: {'square': False, 'x': False, 'circle': False, 'triangle': False, 'l1': False, 'r1': False, 'l2': False, 'r2': False, 'share': False, 'options': False, 'l3': False, 'r3': False, 'ps': False}
2024-10-29 01:14:56,875 INFO: check_inputs - D-pad inputs: {'dpad_up': False, 'dpad_down': False, 'dpad_left': False, 'dpad_right': False}
2024-10-29 01:14:56,876 INFO: check_inputs - L2 trigger value: -1.0
2024-10-29 01:14:56,887 INFO: check_inputs - Button states: {'square': False, 'x': False, 'circle': False, 'triangle': False, 'l1': False, 'r1': False, 'l2': False, 'r2': False, 'share': False, 'options': False, 'l3': False, 'r3': False, 'ps': False}
2024-10-29 01:14:56,888 INFO: check_inputs - D-pad inputs: {'dpad_up': False, 'dpad_down': False, 'dpad_left': False, 'dpad_right': False}
2024-10-29 01:14:56,889 INFO: check_inputs - L2 trigger value: -1.0
2024-10-29 01:14:56,901 INFO: check_inputs - Button states: {'square': False, 'x': False, 'circle': False, 'triangle': False, 'l1': False, 'r1': False, 'l2': False, 'r2': False, 'share': False, 'options': False, 'l3': False, 'r3': False, 'ps': False}
2024-10-29 01:14:56,902 INFO: check_inputs - D-pad inputs: {'dpad_up': False, 'dpad_down': False, 'dpad_left': False, 'dpad_right': False}
2024-10-29 01:14:56,902 INFO: check_inputs - L2 trigger value: -1.0
2024-10-29 01:14:56,913 INFO: check_inputs - Button states: {'square': False, 'x': False, 'circle': False, 'triangle': False, 'l1': False, 'r1': False, 'l2': False, 'r2': False, 'share': False, 'options': False, 'l3': False, 'r3': False, 'ps': False}
2024-10-29 01:14:56,914 INFO: check_inputs - D-pad inputs: {'dpad_up': False, 'dpad_down': False, 'dpad_left': False, 'dpad_right': False}
2024-10-29 01:14:56,914 INFO: check_inputs - L2 trigger value: -1.0
2024-10-29 01:14:56,925 INFO: check_inputs - Button states: {'square': False, 'x': False, 'circle': False, 'triangle': False, 'l1': False, 'r1': False, 'l2': False, 'r2': False, 'share': False, 'options': False, 'l3': False, 'r3': False, 'ps': False}
2024-10-29 01:14:56,925 INFO: check_inputs - D-pad inputs: {'dpad_up': False, 'dpad_down': False, 'dpad_left': False, 'dpad_right': False}
2024-10-29 01:14:56,926 INFO: check_inputs - L2 trigger value: -1.0
2024-10-29 01:14:56,937 INFO: check_inputs - Button states: {'square': False, 'x': False, 'circle': False, 'triangle': False, 'l1': False, 'r1': False, 'l2': False, 'r2': False, 'share': False, 'options': False, 'l3': False, 'r3': False, 'ps': False}
2024-10-29 01:14:56,937 INFO: check_inputs - D-pad inputs: {'dpad_up': False, 'dpad_down': False, 'dpad_left': False, 'dpad_right': False}
2024-10-29 01:14:56,938 INFO: check_inputs - L2 trigger value: -1.0
2024-10-29 01:14:56,949 INFO: check_inputs - Button states: {'square': False, 'x': False, 'circle': False, 'triangle': False, 'l1': False, 'r1': False, 'l2': False, 'r2': False, 'share': False, 'options': False, 'l3': False, 'r3': False, 'ps': False}
2024-10-29 01:14:56,949 INFO: check_inputs - D-pad inputs: {'dpad_up': False, 'dpad_down': False, 'dpad_left': False, 'dpad_right': False}
2024-10-29 01:14:56,950 INFO: check_inputs - L2 trigger value: -1.0
2024-10-29 01:14:56,961 INFO: check_inputs - Button states: {'square': False, 'x': False, 'circle': False, 'triangle': False, 'l1': False, 'r1': False, 'l2': False, 'r2': False, 'share': False, 'options': False, 'l3': False, 'r3': False, 'ps': False}
2024-10-29 01:14:56,961 INFO: check_inputs - D-pad inputs: {'dpad_up': False, 'dpad_down': False, 'dpad_left': False, 'dpad_right': False}
2024-10-29 01:14:56,962 INFO: check_inputs - L2 trigger value: -1.0
2024-10-29 01:14:56,972 INFO: check_inputs - Button states: {'square': False, 'x': False, 'circle': False, 'triangle': False, 'l1': False, 'r1': False, 'l2': False, 'r2': False, 'share': False, 'options': False, 'l3': False, 'r3': False, 'ps': False}
2024-10-29 01:14:56,972 INFO: check_inputs - D-pad inputs: {'dpad_up': False, 'dpad_down': False, 'dpad_left': False, 'dpad_right': False}
2024-10-29 01:14:56,973 INFO: check_inputs - L2 trigger value: -1.0
2024-10-29 01:14:57,004 INFO: Initiating safe shutdown...
2024-10-29 01:14:57,005 INFO: Setting operating mode 'velocity' for group 'All_Motors'
2024-10-29 01:14:57,005 INFO: Disabling torque for group All_Motors
2024-10-29 01:14:57,006 INFO: Enabling torque for group All_Motors
2024-10-29 01:14:57,007 WARNING: Velocity limit 200 exceeds hard limit 100. Limiting to 100.
2024-10-29 01:14:57,008 INFO: Velocity limit set to 100 for group All_Motors
2024-10-29 01:14:57,008 INFO: Enabling torque for group All_Motors
2024-10-29 01:14:57,009 INFO: Target velocities set for group All_Motors: {1: 0, 2: 0, 3: 0, 4: 0, 5: 0, 6: 0, 7: 0, 8: 0}
2024-10-29 01:14:57,009 INFO: Running set_position_group for group 'All_Motors' with positions: 180
2024-10-29 01:14:57,017 WARNING: Motor 1 is not in Position Control Mode. Setting mode now.
2024-10-29 01:14:57,017 INFO: Setting operating mode 'position' for group 'All_Motors'
2024-10-29 01:14:57,018 INFO: Disabling torque for group All_Motors
2024-10-29 01:14:57,019 INFO: Enabling torque for group All_Motors
2024-10-29 01:14:57,019 INFO: Setting the profile velocity for group All_Motors from config.yaml: 5
2024-10-29 01:14:57,020 INFO: Profile velocities set for group All_Motors: {1: 21.85, 2: 21.85, 3: 21.85, 4: 21.85, 5: 21.85, 6: 21.85, 7: 21.85, 8: 21.85}
2024-10-29 01:14:57,021 INFO: Closing PS4Controller and quitting pygame
2024-10-29 01:14:57,107 INFO: Port closed successfully.
2024-10-29 01:14:57,108 INFO: Shutdown complete.
2024-10-29 01:14:57,109 ERROR: Controller connection lost!
2024-10-29 01:14:57,109 ERROR: Controller is disconnected.
