2024-10-29 11:24:54,636 INFO: Initializing PS4Controller
2024-10-29 11:24:54,920 INFO: Configuration loaded successfully
2024-10-29 11:24:54,924 INFO: Port /dev/ttyACM0 opened successfully
2024-10-29 11:24:54,934 INFO: Baudrate set to 1000000
2024-10-29 11:24:54,934 INFO: Control table loaded successfully.
2024-10-29 11:24:54,934 INFO: Motor group 'Pivot_Group' created with motors: [7, 8]
2024-10-29 11:24:54,934 INFO: Motor group 'Wheg_Group' created with motors: [1, 2, 3, 4, 5, 6]
2024-10-29 11:24:54,935 INFO: Motor group 'All_Motors' created with motors: [1, 2, 3, 4, 5, 6, 7, 8]
2024-10-29 11:24:54,935 INFO: Motor group 'Left_Whegs' created with motors: [1, 2, 3]
2024-10-29 11:24:54,936 INFO: Motor group 'Right_Whegs' created with motors: [4, 5, 6]
2024-10-29 11:24:54,936 INFO: Motor group 'Front_Whegs' created with motors: [3, 6]
2024-10-29 11:24:54,937 INFO: Motor group 'Rear_Whegs' created with motors: [1, 4]
2024-10-29 11:24:54,938 INFO: Motor group 'Middle_Whegs' created with motors: [2, 5]
2024-10-29 11:24:54,938 INFO: Motor group 'Two_Right_One_Left' created with motors: [2, 4, 6]
2024-10-29 11:24:54,939 INFO: Motor group 'Two_Left_One_Right' created with motors: [5, 1, 3]
2024-10-29 11:24:54,939 INFO: Initialised PS4 controller, Dynamixel, and Robot State
2024-10-29 11:24:55,095 INFO: Disabling torque for group Right_Whegs
2024-10-29 11:24:55,098 INFO: Drive mode set for group Right_Whegs with reverse_direction=True
2024-10-29 11:24:55,098 INFO: Enabling torque for group Right_Whegs
2024-10-29 11:24:55,101 INFO: Setting the profile velocity for group Right_Whegs from config.yaml: None
2024-10-29 11:24:55,103 ERROR: Profile velocity for group Right_Whegs not found in config.yaml and no value was provided.
2024-10-29 11:24:55,105 INFO: Profile velocities set for group Right_Whegs: {4: 21.85, 5: 21.85, 6: 21.85}
2024-10-29 11:24:55,110 INFO: Motor 4 drive mode correctly set to reverse
2024-10-29 11:24:55,110 INFO: Motor 5 drive mode correctly set to reverse
2024-10-29 11:24:55,111 INFO: Motor 6 drive mode correctly set to reverse
2024-10-29 11:24:55,111 INFO: Disabling torque for group Left_Whegs
2024-10-29 11:24:55,112 INFO: Drive mode set for group Left_Whegs with reverse_direction=False
2024-10-29 11:24:55,113 INFO: Enabling torque for group Left_Whegs
2024-10-29 11:24:55,113 INFO: Setting the profile velocity for group Left_Whegs from config.yaml: None
2024-10-29 11:24:55,114 ERROR: Profile velocity for group Left_Whegs not found in config.yaml and no value was provided.
2024-10-29 11:24:55,115 INFO: Profile velocities set for group Left_Whegs: {1: 21.85, 2: 21.85, 3: 21.85}
2024-10-29 11:24:55,118 INFO: Motor 1 drive mode correctly set to normal
2024-10-29 11:24:55,118 INFO: Motor 2 drive mode correctly set to normal
2024-10-29 11:24:55,119 INFO: Motor 3 drive mode correctly set to normal
2024-10-29 11:24:55,120 INFO: Set the right side whegs to reverse direction
2024-10-29 11:24:55,120 INFO: Disabling torque for group Pivot_Group
2024-10-29 11:24:55,121 INFO: Drive mode set for group Pivot_Group with reverse_direction=False
2024-10-29 11:24:55,122 INFO: Enabling torque for group Pivot_Group
2024-10-29 11:24:55,122 INFO: Setting the profile velocity for group Pivot_Group from config.yaml: 4
2024-10-29 11:24:55,123 INFO: Profile velocities set for group Pivot_Group: {7: 17.48, 8: 17.48}
2024-10-29 11:24:55,126 INFO: Motor 7 drive mode correctly set to normal
2024-10-29 11:24:55,127 INFO: Motor 8 drive mode correctly set to normal
2024-10-29 11:24:55,128 INFO: Position limits set for group Pivot_Group: min=45° (ticks=511), max=315° (ticks=3583)
2024-10-29 11:24:55,128 INFO: Set position limits for the pivot motors
2024-10-29 11:24:55,137 INFO: Initialising Gait 1
2024-10-29 11:24:55,137 INFO: Running set_position_group for group 'Wheg_Group' with positions: 180
2024-10-29 11:24:55,143 INFO: Running set_position_group for group 'Pivot_Group' with positions: 180
2024-10-29 11:24:55,147 INFO: Initialised Gait 1, waiting for 3 seconds
2024-10-29 11:24:55,147 ERROR: Error controlling pivots: 'dpad_down'
2024-10-29 11:24:58,148 INFO: Setting operating mode 'multi_turn' for group 'Wheg_Group'
2024-10-29 11:24:58,149 INFO: Disabling torque for group Wheg_Group
2024-10-29 11:24:58,150 INFO: Enabling torque for group Wheg_Group
2024-10-29 11:24:58,151 INFO: Setting the profile velocity for group Wheg_Group from config.yaml: 10
2024-10-29 11:24:58,151 INFO: Profile velocities set for group Wheg_Group: {1: 43.7, 2: 43.7, 3: 43.7, 4: 43.7, 5: 43.7, 6: 43.7}
2024-10-29 11:24:58,152 INFO: Setting the profile velocity for group Wheg_Group from config.yaml: 10
2024-10-29 11:24:58,153 INFO: Profile velocities set for group Wheg_Group: {1: 43.7, 2: 43.7, 3: 43.7, 4: 43.7, 5: 43.7, 6: 43.7}
2024-10-29 11:24:58,153 INFO: New gait 1 is now active.
2024-10-29 11:24:58,193 ERROR: Bulk read failed with error: [TxRxResult] There is no status packet!
2024-10-29 11:24:58,216 ERROR: Error retrieving motor data: 'NoneType' object has no attribute 'keys'
2024-10-29 11:25:01,368 INFO: R3 pressed. Turning mode requested
2024-10-29 11:25:01,378 INFO: Initiating safe shutdown...
2024-10-29 11:25:01,379 INFO: Setting operating mode 'velocity' for group 'All_Motors'
2024-10-29 11:25:01,379 INFO: Disabling torque for group All_Motors
2024-10-29 11:25:01,380 INFO: Enabling torque for group All_Motors
2024-10-29 11:25:01,381 INFO: Setting the profile velocity for group All_Motors from config.yaml: 8
2024-10-29 11:25:01,382 INFO: Profile velocities set for group All_Motors: {1: 34.96, 2: 34.96, 3: 34.96, 4: 34.96, 5: 34.96, 6: 34.96, 7: 34.96, 8: 34.96}
2024-10-29 11:25:01,382 WARNING: Velocity limit 200 exceeds hard limit 100. Limiting to 100.
2024-10-29 11:25:01,383 INFO: Velocity limit set to 100 for group All_Motors
2024-10-29 11:25:01,384 INFO: Enabling torque for group All_Motors
2024-10-29 11:25:01,384 INFO: Setting the profile velocity for group All_Motors from config.yaml: 8
2024-10-29 11:25:01,386 INFO: Profile velocities set for group All_Motors: {1: 34.96, 2: 34.96, 3: 34.96, 4: 34.96, 5: 34.96, 6: 34.96, 7: 34.96, 8: 34.96}
2024-10-29 11:25:01,387 INFO: Target velocities set for group All_Motors: {1: 0, 2: 0, 3: 0, 4: 0, 5: 0, 6: 0, 7: 0, 8: 0}
2024-10-29 11:25:01,387 INFO: Running set_position_group for group 'All_Motors' with positions: 180
2024-10-29 11:25:01,395 WARNING: Motor 1 is not in Position Control Mode. Setting mode now.
2024-10-29 11:25:01,395 INFO: Setting operating mode 'position' for group 'All_Motors'
2024-10-29 11:25:01,396 INFO: Disabling torque for group All_Motors
2024-10-29 11:25:01,397 INFO: Enabling torque for group All_Motors
2024-10-29 11:25:01,398 INFO: Setting the profile velocity for group All_Motors from config.yaml: 8
2024-10-29 11:25:01,399 INFO: Profile velocities set for group All_Motors: {1: 34.96, 2: 34.96, 3: 34.96, 4: 34.96, 5: 34.96, 6: 34.96, 7: 34.96, 8: 34.96}
2024-10-29 11:25:01,400 INFO: Setting the profile velocity for group All_Motors from config.yaml: 8
2024-10-29 11:25:01,401 INFO: Profile velocities set for group All_Motors: {1: 34.96, 2: 34.96, 3: 34.96, 4: 34.96, 5: 34.96, 6: 34.96, 7: 34.96, 8: 34.96}
2024-10-29 11:25:01,401 INFO: Closing PS4Controller and quitting pygame
2024-10-29 11:25:01,482 INFO: Port closed successfully.
2024-10-29 11:25:01,483 INFO: Shutdown complete.
