2025-04-09 16:03:53,141 INFO: Initializing PS4Controller
2025-04-09 16:03:53,525 INFO: Configuration loaded successfully
2025-04-09 16:03:53,527 INFO: Port /dev/ttyACM0 opened successfully
2025-04-09 16:03:53,537 INFO: Baudrate set to 1000000
2025-04-09 16:03:53,537 INFO: Control table loaded successfully.
2025-04-09 16:03:53,537 INFO: Motor group 'Pivot_Group' created with motors: [7, 8]
2025-04-09 16:03:53,537 INFO: Motor group 'Wheg_Group' created with motors: [1, 2, 3, 4, 5, 6]
2025-04-09 16:03:53,538 INFO: Motor group 'All_Motors' created with motors: [1, 2, 3, 4, 5, 6, 7, 8]
2025-04-09 16:03:53,538 INFO: Motor group 'Left_Whegs' created with motors: [1, 2, 3]
2025-04-09 16:03:53,538 INFO: Motor group 'Right_Whegs' created with motors: [4, 5, 6]
2025-04-09 16:03:53,538 INFO: Motor group 'Front_Whegs' created with motors: [3, 6]
2025-04-09 16:03:53,538 INFO: Motor group 'Rear_Whegs' created with motors: [1, 4]
2025-04-09 16:03:53,538 INFO: Motor group 'Middle_Whegs' created with motors: [2, 5]
2025-04-09 16:03:53,539 INFO: Motor group 'Two_Right_One_Left' created with motors: [2, 4, 6]
2025-04-09 16:03:53,539 INFO: Motor group 'Two_Left_One_Right' created with motors: [5, 1, 3]
2025-04-09 16:03:53,539 INFO: Initialised PS4 controller, Dynamixel, and Robot State
2025-04-09 16:03:53,539 INFO: Disabling torque for group Right_Whegs
2025-04-09 16:03:53,540 INFO: Drive mode set for group Right_Whegs with reverse_direction=True
2025-04-09 16:03:53,540 INFO: Enabling torque for group Right_Whegs
2025-04-09 16:03:53,541 INFO: Setting the profile velocity for group Right_Whegs from config.yaml: None
2025-04-09 16:03:53,541 ERROR: Profile velocity for group Right_Whegs not found in config.yaml and no value was provided.
2025-04-09 16:03:53,541 INFO: Disabling torque for group Left_Whegs
2025-04-09 16:03:53,542 INFO: Drive mode set for group Left_Whegs with reverse_direction=False
2025-04-09 16:03:53,542 INFO: Enabling torque for group Left_Whegs
2025-04-09 16:03:53,543 INFO: Setting the profile velocity for group Left_Whegs from config.yaml: None
2025-04-09 16:03:53,543 ERROR: Profile velocity for group Left_Whegs not found in config.yaml and no value was provided.
2025-04-09 16:03:53,543 INFO: Set the right side whegs to reverse direction
2025-04-09 16:03:53,543 INFO: Disabling torque for group Pivot_Group
2025-04-09 16:03:53,544 INFO: Drive mode set for group Pivot_Group with reverse_direction=False
2025-04-09 16:03:53,545 INFO: Enabling torque for group Pivot_Group
2025-04-09 16:03:53,545 INFO: Setting the profile velocity for group Pivot_Group from config.yaml: 4
2025-04-09 16:03:53,546 INFO: Profile velocities set for group Pivot_Group: {7: 17.48, 8: 17.48}
2025-04-09 16:03:53,546 INFO: Position limits set for group Pivot_Group: min=45° (ticks=511), max=315° (ticks=3583)
2025-04-09 16:03:53,546 INFO: Set position limits for the pivot motors
2025-04-09 16:03:53,726 INFO: Initialising Gait 1
2025-04-09 16:03:53,726 INFO: Disabling torque for group Wheg_Group
2025-04-09 16:03:53,727 INFO: Drive mode set for group Wheg_Group with reverse_direction={1: 0, 2: 0, 3: 0, 4: 1, 5: 1, 6: 1}
2025-04-09 16:03:53,728 INFO: Enabling torque for group Wheg_Group
2025-04-09 16:03:53,729 INFO: Setting the profile velocity for group Wheg_Group from config.yaml: 10
2025-04-09 16:03:53,730 INFO: Profile velocities set for group Wheg_Group: {1: 43.7, 2: 43.7, 3: 43.7, 4: 43.7, 5: 43.7, 6: 43.7}
2025-04-09 16:03:53,730 WARNING: Set direction of whegs to forward
2025-04-09 16:03:53,730 WARNING: Direction set for all whegs
2025-04-09 16:03:53,730 INFO: Running set_position_group for group 'Wheg_Group' with positions: 180
2025-04-09 16:03:53,736 INFO: Running set_position_group for group 'Pivot_Group' with positions: 180
2025-04-09 16:03:53,739 INFO: Initialised Gait 1, waiting for 1 seconds
2025-04-09 16:03:53,740 ERROR: Error controlling pivots: 'dpad_down'
2025-04-09 16:03:54,740 INFO: Setting operating mode 'multi_turn' for group 'Wheg_Group'
2025-04-09 16:03:54,740 INFO: Disabling torque for group Wheg_Group
2025-04-09 16:03:54,741 INFO: Enabling torque for group Wheg_Group
2025-04-09 16:03:54,742 INFO: Setting the profile velocity for group Wheg_Group from config.yaml: 10
2025-04-09 16:03:54,742 INFO: Profile velocities set for group Wheg_Group: {1: 43.7, 2: 43.7, 3: 43.7, 4: 43.7, 5: 43.7, 6: 43.7}
2025-04-09 16:03:54,743 INFO: Setting the profile velocity for group Wheg_Group from config.yaml: 10
2025-04-09 16:03:54,743 INFO: Profile velocities set for group Wheg_Group: {1: 43.7, 2: 43.7, 3: 43.7, 4: 43.7, 5: 43.7, 6: 43.7}
2025-04-09 16:03:54,743 INFO: New gait 1 is now active.
2025-04-09 16:03:55,669 INFO: Profile velocities set for group Wheg_Group: {1: 87.4, 2: 87.4, 3: 87.4, 4: 87.4, 5: 87.4, 6: 87.4}
2025-04-09 16:03:55,670 INFO: Incrementing motor positions by 360 degrees for group 'Wheg_Group'
2025-04-09 16:03:55,681 INFO: Gait 1 step executed at 20.00RPM, wait for 3.00 seconds
2025-04-09 16:04:00,999 INFO: Profile velocities set for group Wheg_Group: {1: 87.4, 2: 87.4, 3: 87.4, 4: 87.4, 5: 87.4, 6: 87.4}
2025-04-09 16:04:00,999 INFO: Incrementing motor positions by 360 degrees for group 'Wheg_Group'
2025-04-09 16:04:01,009 INFO: Gait 1 step executed at 20.00RPM, wait for 3.00 seconds
2025-04-09 16:04:09,640 INFO: Profile velocities set for group Wheg_Group: {1: 87.4, 2: 87.4, 3: 87.4, 4: 87.4, 5: 87.4, 6: 87.4}
2025-04-09 16:04:09,640 INFO: Incrementing motor positions by 360 degrees for group 'Wheg_Group'
2025-04-09 16:04:09,651 INFO: Gait 1 step executed at 20.00RPM, wait for 3.00 seconds
2025-04-09 16:04:12,680 INFO: Profile velocities set for group Wheg_Group: {1: 109.25, 2: 109.25, 3: 109.25, 4: 109.25, 5: 109.25, 6: 109.25}
2025-04-09 16:04:12,681 INFO: Incrementing motor positions by 360 degrees for group 'Wheg_Group'
2025-04-09 16:04:12,692 INFO: Gait 1 step executed at 25.00RPM, wait for 2.40 seconds
2025-04-09 16:04:15,139 INFO: Profile velocities set for group Wheg_Group: {1: 131.1, 2: 131.1, 3: 131.1, 4: 131.1, 5: 131.1, 6: 131.1}
2025-04-09 16:04:15,139 INFO: Incrementing motor positions by 360 degrees for group 'Wheg_Group'
2025-04-09 16:04:15,150 INFO: Gait 1 step executed at 30.00RPM, wait for 2.00 seconds
2025-04-09 16:04:20,673 INFO: Running set_position_group for group 'Pivot_Group' with positions: {7: 175, 8: 180}
2025-04-09 16:04:20,677 INFO: Front pivot angle set to 175 degrees (ticks: 175)
2025-04-09 16:04:20,677 INFO: Rear pivot angle set to 180 degrees (ticks: 180)
2025-04-09 16:04:20,933 INFO: Running set_position_group for group 'Pivot_Group' with positions: {7: 170, 8: 180}
2025-04-09 16:04:20,937 INFO: Front pivot angle set to 170 degrees (ticks: 170)
2025-04-09 16:04:20,938 INFO: Rear pivot angle set to 180 degrees (ticks: 180)
2025-04-09 16:04:21,216 INFO: Running set_position_group for group 'Pivot_Group' with positions: {7: 165, 8: 180}
2025-04-09 16:04:21,220 INFO: Front pivot angle set to 165 degrees (ticks: 165)
2025-04-09 16:04:21,220 INFO: Rear pivot angle set to 180 degrees (ticks: 180)
2025-04-09 16:04:21,481 INFO: Running set_position_group for group 'Pivot_Group' with positions: {7: 160, 8: 180}
2025-04-09 16:04:21,484 INFO: Front pivot angle set to 160 degrees (ticks: 160)
2025-04-09 16:04:21,485 INFO: Rear pivot angle set to 180 degrees (ticks: 180)
2025-04-09 16:04:21,742 INFO: Running set_position_group for group 'Pivot_Group' with positions: {7: 155, 8: 180}
2025-04-09 16:04:21,745 INFO: Front pivot angle set to 155 degrees (ticks: 155)
2025-04-09 16:04:21,746 INFO: Rear pivot angle set to 180 degrees (ticks: 180)
2025-04-09 16:04:22,005 INFO: Running set_position_group for group 'Pivot_Group' with positions: {7: 150, 8: 180}
2025-04-09 16:04:22,009 INFO: Front pivot angle set to 150 degrees (ticks: 150)
2025-04-09 16:04:22,009 INFO: Rear pivot angle set to 180 degrees (ticks: 180)
2025-04-09 16:04:22,261 INFO: Running set_position_group for group 'Pivot_Group' with positions: {7: 145, 8: 180}
2025-04-09 16:04:22,265 INFO: Front pivot angle set to 145 degrees (ticks: 145)
2025-04-09 16:04:22,265 INFO: Rear pivot angle set to 180 degrees (ticks: 180)
2025-04-09 16:04:23,023 INFO: Running set_position_group for group 'Pivot_Group' with positions: {7: 145, 8: 185}
2025-04-09 16:04:23,027 INFO: Front pivot angle set to 145 degrees (ticks: 145)
2025-04-09 16:04:23,027 INFO: Rear pivot angle set to 185 degrees (ticks: 185)
2025-04-09 16:04:23,277 INFO: Running set_position_group for group 'Pivot_Group' with positions: {7: 145, 8: 190}
2025-04-09 16:04:23,281 INFO: Front pivot angle set to 145 degrees (ticks: 145)
2025-04-09 16:04:23,281 INFO: Rear pivot angle set to 190 degrees (ticks: 190)
2025-04-09 16:04:23,532 INFO: Running set_position_group for group 'Pivot_Group' with positions: {7: 145, 8: 195}
2025-04-09 16:04:23,536 INFO: Front pivot angle set to 145 degrees (ticks: 145)
2025-04-09 16:04:23,536 INFO: Rear pivot angle set to 195 degrees (ticks: 195)
2025-04-09 16:04:24,299 INFO: Running set_position_group for group 'Pivot_Group' with positions: {7: 150, 8: 195}
2025-04-09 16:04:24,303 INFO: Front pivot angle set to 150 degrees (ticks: 150)
2025-04-09 16:04:24,303 INFO: Rear pivot angle set to 195 degrees (ticks: 195)
2025-04-09 16:04:24,556 INFO: Running set_position_group for group 'Pivot_Group' with positions: {7: 155, 8: 195}
2025-04-09 16:04:24,559 INFO: Front pivot angle set to 155 degrees (ticks: 155)
2025-04-09 16:04:24,559 INFO: Rear pivot angle set to 195 degrees (ticks: 195)
2025-04-09 16:04:24,814 INFO: Running set_position_group for group 'Pivot_Group' with positions: {7: 160, 8: 195}
2025-04-09 16:04:24,818 INFO: Front pivot angle set to 160 degrees (ticks: 160)
2025-04-09 16:04:24,818 INFO: Rear pivot angle set to 195 degrees (ticks: 195)
2025-04-09 16:04:25,070 INFO: Running set_position_group for group 'Pivot_Group' with positions: {7: 165, 8: 195}
2025-04-09 16:04:25,074 INFO: Front pivot angle set to 165 degrees (ticks: 165)
2025-04-09 16:04:25,074 INFO: Rear pivot angle set to 195 degrees (ticks: 195)
2025-04-09 16:04:25,326 INFO: Running set_position_group for group 'Pivot_Group' with positions: {7: 170, 8: 195}
2025-04-09 16:04:25,330 INFO: Front pivot angle set to 170 degrees (ticks: 170)
2025-04-09 16:04:25,330 INFO: Rear pivot angle set to 195 degrees (ticks: 195)
2025-04-09 16:04:25,584 INFO: Running set_position_group for group 'Pivot_Group' with positions: {7: 175, 8: 195}
2025-04-09 16:04:25,588 INFO: Front pivot angle set to 175 degrees (ticks: 175)
2025-04-09 16:04:25,588 INFO: Rear pivot angle set to 195 degrees (ticks: 195)
2025-04-09 16:04:25,839 INFO: Running set_position_group for group 'Pivot_Group' with positions: {7: 180, 8: 195}
2025-04-09 16:04:25,843 INFO: Front pivot angle set to 180 degrees (ticks: 180)
2025-04-09 16:04:25,843 INFO: Rear pivot angle set to 195 degrees (ticks: 195)
2025-04-09 16:04:26,349 INFO: Running set_position_group for group 'Pivot_Group' with positions: {7: 175, 8: 195}
2025-04-09 16:04:26,352 INFO: Front pivot angle set to 175 degrees (ticks: 175)
2025-04-09 16:04:26,353 INFO: Rear pivot angle set to 195 degrees (ticks: 195)
2025-04-09 16:04:26,604 INFO: Running set_position_group for group 'Pivot_Group' with positions: {7: 170, 8: 195}
2025-04-09 16:04:26,608 INFO: Front pivot angle set to 170 degrees (ticks: 170)
2025-04-09 16:04:26,608 INFO: Rear pivot angle set to 195 degrees (ticks: 195)
2025-04-09 16:04:27,118 INFO: Running set_position_group for group 'Pivot_Group' with positions: {7: 170, 8: 200}
2025-04-09 16:04:27,121 INFO: Front pivot angle set to 170 degrees (ticks: 170)
2025-04-09 16:04:27,121 INFO: Rear pivot angle set to 200 degrees (ticks: 200)
2025-04-09 16:04:27,372 INFO: Running set_position_group for group 'Pivot_Group' with positions: {7: 170, 8: 205}
2025-04-09 16:04:27,376 INFO: Front pivot angle set to 170 degrees (ticks: 170)
2025-04-09 16:04:27,376 INFO: Rear pivot angle set to 205 degrees (ticks: 205)
2025-04-09 16:04:27,879 INFO: Running set_position_group for group 'Pivot_Group' with positions: {7: 170, 8: 200}
2025-04-09 16:04:27,882 INFO: Front pivot angle set to 170 degrees (ticks: 170)
2025-04-09 16:04:27,882 INFO: Rear pivot angle set to 200 degrees (ticks: 200)
2025-04-09 16:04:28,138 INFO: Running set_position_group for group 'Pivot_Group' with positions: {7: 170, 8: 195}
2025-04-09 16:04:28,142 INFO: Front pivot angle set to 170 degrees (ticks: 170)
2025-04-09 16:04:28,143 INFO: Rear pivot angle set to 195 degrees (ticks: 195)
2025-04-09 16:04:28,395 INFO: Running set_position_group for group 'Pivot_Group' with positions: {7: 170, 8: 190}
2025-04-09 16:04:28,398 INFO: Front pivot angle set to 170 degrees (ticks: 170)
2025-04-09 16:04:28,399 INFO: Rear pivot angle set to 190 degrees (ticks: 190)
2025-04-09 16:04:28,652 INFO: Running set_position_group for group 'Pivot_Group' with positions: {7: 170, 8: 185}
2025-04-09 16:04:28,655 INFO: Front pivot angle set to 170 degrees (ticks: 170)
2025-04-09 16:04:28,656 INFO: Rear pivot angle set to 185 degrees (ticks: 185)
2025-04-09 16:04:28,906 INFO: Running set_position_group for group 'Pivot_Group' with positions: {7: 170, 8: 180}
2025-04-09 16:04:28,909 INFO: Front pivot angle set to 170 degrees (ticks: 170)
2025-04-09 16:04:28,910 INFO: Rear pivot angle set to 180 degrees (ticks: 180)
2025-04-09 16:04:29,413 INFO: Running set_position_group for group 'Pivot_Group' with positions: {7: 165, 8: 180}
2025-04-09 16:04:29,416 INFO: Front pivot angle set to 165 degrees (ticks: 165)
2025-04-09 16:04:29,416 INFO: Rear pivot angle set to 180 degrees (ticks: 180)
2025-04-09 16:04:29,668 INFO: Running set_position_group for group 'Pivot_Group' with positions: {7: 160, 8: 180}
2025-04-09 16:04:29,671 INFO: Front pivot angle set to 160 degrees (ticks: 160)
2025-04-09 16:04:29,671 INFO: Rear pivot angle set to 180 degrees (ticks: 180)
2025-04-09 16:04:30,177 INFO: Running set_position_group for group 'Pivot_Group' with positions: {7: 155, 8: 180}
2025-04-09 16:04:30,181 INFO: Front pivot angle set to 155 degrees (ticks: 155)
2025-04-09 16:04:30,181 INFO: Rear pivot angle set to 180 degrees (ticks: 180)
2025-04-09 16:04:30,433 INFO: Running set_position_group for group 'Pivot_Group' with positions: {7: 150, 8: 180}
2025-04-09 16:04:30,436 INFO: Front pivot angle set to 150 degrees (ticks: 150)
2025-04-09 16:04:30,436 INFO: Rear pivot angle set to 180 degrees (ticks: 180)
2025-04-09 16:04:30,687 INFO: Running set_position_group for group 'Pivot_Group' with positions: {7: 145, 8: 180}
2025-04-09 16:04:30,691 INFO: Front pivot angle set to 145 degrees (ticks: 145)
2025-04-09 16:04:30,691 INFO: Rear pivot angle set to 180 degrees (ticks: 180)
2025-04-09 16:04:30,945 INFO: Running set_position_group for group 'Pivot_Group' with positions: {7: 140, 8: 180}
2025-04-09 16:04:30,948 INFO: Front pivot angle set to 140 degrees (ticks: 140)
2025-04-09 16:04:30,948 INFO: Rear pivot angle set to 180 degrees (ticks: 180)
2025-04-09 16:04:31,200 INFO: Running set_position_group for group 'Pivot_Group' with positions: {7: 135, 8: 180}
2025-04-09 16:04:31,203 INFO: Front pivot angle set to 135 degrees (ticks: 135)
2025-04-09 16:04:31,203 INFO: Rear pivot angle set to 180 degrees (ticks: 180)
2025-04-09 16:04:31,454 INFO: Running set_position_group for group 'Pivot_Group' with positions: {7: 135, 8: 175}
2025-04-09 16:04:31,458 INFO: Front pivot angle set to 135 degrees (ticks: 135)
2025-04-09 16:04:31,458 INFO: Rear pivot angle set to 175 degrees (ticks: 175)
2025-04-09 16:04:31,709 INFO: Running set_position_group for group 'Pivot_Group' with positions: {7: 135, 8: 170}
2025-04-09 16:04:31,713 INFO: Front pivot angle set to 135 degrees (ticks: 135)
2025-04-09 16:04:31,713 INFO: Rear pivot angle set to 170 degrees (ticks: 170)
2025-04-09 16:04:31,966 INFO: Running set_position_group for group 'Pivot_Group' with positions: {7: 135, 8: 165}
2025-04-09 16:04:31,970 INFO: Front pivot angle set to 135 degrees (ticks: 135)
2025-04-09 16:04:31,971 INFO: Rear pivot angle set to 165 degrees (ticks: 165)
2025-04-09 16:04:32,223 INFO: Running set_position_group for group 'Pivot_Group' with positions: {7: 135, 8: 160}
2025-04-09 16:04:32,226 INFO: Front pivot angle set to 135 degrees (ticks: 135)
2025-04-09 16:04:32,226 INFO: Rear pivot angle set to 160 degrees (ticks: 160)
2025-04-09 16:04:32,477 INFO: Running set_position_group for group 'Pivot_Group' with positions: {7: 135, 8: 155}
2025-04-09 16:04:32,481 INFO: Front pivot angle set to 135 degrees (ticks: 135)
2025-04-09 16:04:32,481 INFO: Rear pivot angle set to 155 degrees (ticks: 155)
2025-04-09 16:04:32,732 INFO: Running set_position_group for group 'Pivot_Group' with positions: {7: 135, 8: 150}
2025-04-09 16:04:32,735 INFO: Front pivot angle set to 135 degrees (ticks: 135)
2025-04-09 16:04:32,736 INFO: Rear pivot angle set to 150 degrees (ticks: 150)
2025-04-09 16:04:33,242 INFO: Running set_position_group for group 'Pivot_Group' with positions: {7: 130, 8: 150}
2025-04-09 16:04:33,246 INFO: Front pivot angle set to 130 degrees (ticks: 130)
2025-04-09 16:04:33,246 INFO: Rear pivot angle set to 150 degrees (ticks: 150)
2025-04-09 16:04:33,499 INFO: Running set_position_group for group 'Pivot_Group' with positions: {7: 125, 8: 150}
2025-04-09 16:04:33,502 INFO: Front pivot angle set to 125 degrees (ticks: 125)
2025-04-09 16:04:33,503 INFO: Rear pivot angle set to 150 degrees (ticks: 150)
2025-04-09 16:04:33,838 INFO: Profile velocities set for group Wheg_Group: {1: 87.4, 2: 87.4, 3: 87.4, 4: 87.4, 5: 87.4, 6: 87.4}
2025-04-09 16:04:33,838 INFO: Incrementing motor positions by 360 degrees for group 'Wheg_Group'
2025-04-09 16:04:33,849 INFO: Gait 1 step executed at 20.00RPM, wait for 3.00 seconds
2025-04-09 16:04:38,911 INFO: Running set_position_group for group 'Pivot_Group' with positions: {7: 130, 8: 150}
2025-04-09 16:04:38,915 INFO: Front pivot angle set to 130 degrees (ticks: 130)
2025-04-09 16:04:38,915 INFO: Rear pivot angle set to 150 degrees (ticks: 150)
2025-04-09 16:04:39,170 INFO: Running set_position_group for group 'Pivot_Group' with positions: {7: 135, 8: 150}
2025-04-09 16:04:39,173 INFO: Front pivot angle set to 135 degrees (ticks: 135)
2025-04-09 16:04:39,174 INFO: Rear pivot angle set to 150 degrees (ticks: 150)
2025-04-09 16:04:39,429 INFO: Running set_position_group for group 'Pivot_Group' with positions: {7: 140, 8: 150}
2025-04-09 16:04:39,432 INFO: Front pivot angle set to 140 degrees (ticks: 140)
2025-04-09 16:04:39,432 INFO: Rear pivot angle set to 150 degrees (ticks: 150)
2025-04-09 16:04:39,683 INFO: Running set_position_group for group 'Pivot_Group' with positions: {7: 145, 8: 150}
2025-04-09 16:04:39,687 INFO: Front pivot angle set to 145 degrees (ticks: 145)
2025-04-09 16:04:39,687 INFO: Rear pivot angle set to 150 degrees (ticks: 150)
2025-04-09 16:04:39,939 INFO: Running set_position_group for group 'Pivot_Group' with positions: {7: 150, 8: 150}
2025-04-09 16:04:39,942 INFO: Front pivot angle set to 150 degrees (ticks: 150)
2025-04-09 16:04:39,942 INFO: Rear pivot angle set to 150 degrees (ticks: 150)
2025-04-09 16:04:40,198 INFO: Running set_position_group for group 'Pivot_Group' with positions: {7: 155, 8: 150}
2025-04-09 16:04:40,201 INFO: Front pivot angle set to 155 degrees (ticks: 155)
2025-04-09 16:04:40,201 INFO: Rear pivot angle set to 150 degrees (ticks: 150)
2025-04-09 16:04:40,455 INFO: Running set_position_group for group 'Pivot_Group' with positions: {7: 160, 8: 150}
2025-04-09 16:04:40,459 INFO: Front pivot angle set to 160 degrees (ticks: 160)
2025-04-09 16:04:40,459 INFO: Rear pivot angle set to 150 degrees (ticks: 150)
2025-04-09 16:04:40,709 INFO: Running set_position_group for group 'Pivot_Group' with positions: {7: 165, 8: 150}
2025-04-09 16:04:40,713 INFO: Front pivot angle set to 165 degrees (ticks: 165)
2025-04-09 16:04:40,713 INFO: Rear pivot angle set to 150 degrees (ticks: 150)
2025-04-09 16:04:40,965 INFO: Running set_position_group for group 'Pivot_Group' with positions: {7: 170, 8: 150}
2025-04-09 16:04:40,968 INFO: Front pivot angle set to 170 degrees (ticks: 170)
2025-04-09 16:04:40,969 INFO: Rear pivot angle set to 150 degrees (ticks: 150)
2025-04-09 16:04:41,223 INFO: Running set_position_group for group 'Pivot_Group' with positions: {7: 175, 8: 150}
2025-04-09 16:04:41,227 INFO: Front pivot angle set to 175 degrees (ticks: 175)
2025-04-09 16:04:41,227 INFO: Rear pivot angle set to 150 degrees (ticks: 150)
2025-04-09 16:04:41,396 INFO: Profile velocities set for group Wheg_Group: {1: 87.4, 2: 87.4, 3: 87.4, 4: 87.4, 5: 87.4, 6: 87.4}
2025-04-09 16:04:41,397 INFO: Incrementing motor positions by 360 degrees for group 'Wheg_Group'
2025-04-09 16:04:41,407 INFO: Gait 1 step executed at 20.00RPM, wait for 3.00 seconds
2025-04-09 16:04:44,429 INFO: Profile velocities set for group Wheg_Group: {1: 90.48465881347657, 2: 90.48465881347657, 3: 90.48465881347657, 4: 90.48465881347657, 5: 90.48465881347657, 6: 90.48465881347657}
2025-04-09 16:04:44,430 INFO: Incrementing motor positions by 360 degrees for group 'Wheg_Group'
2025-04-09 16:04:44,440 INFO: Gait 1 step executed at 20.71RPM, wait for 2.90 seconds
2025-04-09 16:04:47,140 INFO: Running set_position_group for group 'Pivot_Group' with positions: {7: 175, 8: 155}
2025-04-09 16:04:47,144 INFO: Front pivot angle set to 175 degrees (ticks: 175)
2025-04-09 16:04:47,145 INFO: Rear pivot angle set to 155 degrees (ticks: 155)
2025-04-09 16:04:47,357 INFO: Profile velocities set for group Wheg_Group: {1: 112.33465881347657, 2: 112.33465881347657, 3: 112.33465881347657, 4: 112.33465881347657, 5: 112.33465881347657, 6: 112.33465881347657}
2025-04-09 16:04:47,358 INFO: Incrementing motor positions by 360 degrees for group 'Wheg_Group'
2025-04-09 16:04:47,368 INFO: Gait 1 step executed at 25.71RPM, wait for 2.33 seconds
2025-04-09 16:04:47,405 INFO: Running set_position_group for group 'Pivot_Group' with positions: {7: 175, 8: 160}
2025-04-09 16:04:47,409 INFO: Front pivot angle set to 175 degrees (ticks: 175)
2025-04-09 16:04:47,410 INFO: Rear pivot angle set to 160 degrees (ticks: 160)
2025-04-09 16:04:47,669 INFO: Running set_position_group for group 'Pivot_Group' with positions: {7: 175, 8: 165}
2025-04-09 16:04:47,674 INFO: Front pivot angle set to 175 degrees (ticks: 175)
2025-04-09 16:04:47,675 INFO: Rear pivot angle set to 165 degrees (ticks: 165)
2025-04-09 16:04:47,935 INFO: Running set_position_group for group 'Pivot_Group' with positions: {7: 175, 8: 170}
2025-04-09 16:04:47,940 INFO: Front pivot angle set to 175 degrees (ticks: 175)
2025-04-09 16:04:47,940 INFO: Rear pivot angle set to 170 degrees (ticks: 170)
2025-04-09 16:04:49,754 INFO: Profile velocities set for group Wheg_Group: {1: 134.18465881347657, 2: 134.18465881347657, 3: 134.18465881347657, 4: 134.18465881347657, 5: 134.18465881347657, 6: 134.18465881347657}
2025-04-09 16:04:49,755 INFO: Incrementing motor positions by 360 degrees for group 'Wheg_Group'
2025-04-09 16:04:49,766 INFO: Gait 1 step executed at 30.71RPM, wait for 1.95 seconds
2025-04-09 16:04:51,276 INFO: Running set_position_group for group 'Pivot_Group' with positions: {7: 175, 8: 165}
2025-04-09 16:04:51,280 INFO: Front pivot angle set to 175 degrees (ticks: 175)
2025-04-09 16:04:51,280 INFO: Rear pivot angle set to 165 degrees (ticks: 165)
2025-04-09 16:04:51,533 INFO: Running set_position_group for group 'Pivot_Group' with positions: {7: 175, 8: 160}
2025-04-09 16:04:51,537 INFO: Front pivot angle set to 175 degrees (ticks: 175)
2025-04-09 16:04:51,537 INFO: Rear pivot angle set to 160 degrees (ticks: 160)
2025-04-09 16:04:51,739 INFO: Profile velocities set for group Wheg_Group: {1: 156.03465881347657, 2: 156.03465881347657, 3: 156.03465881347657, 4: 156.03465881347657, 5: 156.03465881347657, 6: 156.03465881347657}
2025-04-09 16:04:51,740 INFO: Incrementing motor positions by 360 degrees for group 'Wheg_Group'
2025-04-09 16:04:51,750 INFO: Gait 1 step executed at 35.71RPM, wait for 1.68 seconds
2025-04-09 16:04:51,791 INFO: Running set_position_group for group 'Pivot_Group' with positions: {7: 175, 8: 155}
2025-04-09 16:04:51,795 INFO: Front pivot angle set to 175 degrees (ticks: 175)
2025-04-09 16:04:51,795 INFO: Rear pivot angle set to 155 degrees (ticks: 155)
2025-04-09 16:04:52,052 INFO: Running set_position_group for group 'Pivot_Group' with positions: {7: 175, 8: 150}
2025-04-09 16:04:52,056 INFO: Front pivot angle set to 175 degrees (ticks: 175)
2025-04-09 16:04:52,056 INFO: Rear pivot angle set to 150 degrees (ticks: 150)
2025-04-09 16:04:52,307 INFO: Running set_position_group for group 'Pivot_Group' with positions: {7: 175, 8: 145}
2025-04-09 16:04:52,311 INFO: Front pivot angle set to 175 degrees (ticks: 175)
2025-04-09 16:04:52,311 INFO: Rear pivot angle set to 145 degrees (ticks: 145)
2025-04-09 16:04:52,570 INFO: Running set_position_group for group 'Pivot_Group' with positions: {7: 175, 8: 140}
2025-04-09 16:04:52,574 INFO: Front pivot angle set to 175 degrees (ticks: 175)
2025-04-09 16:04:52,574 INFO: Rear pivot angle set to 140 degrees (ticks: 140)
2025-04-09 16:04:53,117 INFO: Running set_position_group for group 'Pivot_Group' with positions: {7: 175, 8: 145}
2025-04-09 16:04:53,121 INFO: Front pivot angle set to 175 degrees (ticks: 175)
2025-04-09 16:04:53,121 INFO: Rear pivot angle set to 145 degrees (ticks: 145)
2025-04-09 16:04:53,373 INFO: Running set_position_group for group 'Pivot_Group' with positions: {7: 175, 8: 150}
2025-04-09 16:04:53,377 INFO: Front pivot angle set to 175 degrees (ticks: 175)
2025-04-09 16:04:53,377 INFO: Rear pivot angle set to 150 degrees (ticks: 150)
2025-04-09 16:04:53,450 INFO: Profile velocities set for group Wheg_Group: {1: 174.79866638183594, 2: 174.79866638183594, 3: 174.79866638183594, 4: 174.79866638183594, 5: 174.79866638183594, 6: 174.79866638183594}
2025-04-09 16:04:53,450 INFO: Incrementing motor positions by 360 degrees for group 'Wheg_Group'
2025-04-09 16:04:53,460 INFO: Gait 1 step executed at 40.00RPM, wait for 1.50 seconds
2025-04-09 16:04:53,628 INFO: Running set_position_group for group 'Pivot_Group' with positions: {7: 175, 8: 155}
2025-04-09 16:04:53,632 INFO: Front pivot angle set to 175 degrees (ticks: 175)
2025-04-09 16:04:53,633 INFO: Rear pivot angle set to 155 degrees (ticks: 155)
2025-04-09 16:04:53,884 INFO: Running set_position_group for group 'Pivot_Group' with positions: {7: 175, 8: 160}
2025-04-09 16:04:53,887 INFO: Front pivot angle set to 175 degrees (ticks: 175)
2025-04-09 16:04:53,888 INFO: Rear pivot angle set to 160 degrees (ticks: 160)
2025-04-09 16:04:54,139 INFO: Running set_position_group for group 'Pivot_Group' with positions: {7: 175, 8: 165}
2025-04-09 16:04:54,143 INFO: Front pivot angle set to 175 degrees (ticks: 175)
2025-04-09 16:04:54,143 INFO: Rear pivot angle set to 165 degrees (ticks: 165)
2025-04-09 16:04:54,395 INFO: Running set_position_group for group 'Pivot_Group' with positions: {7: 175, 8: 170}
2025-04-09 16:04:54,398 INFO: Front pivot angle set to 175 degrees (ticks: 175)
2025-04-09 16:04:54,398 INFO: Rear pivot angle set to 170 degrees (ticks: 170)
2025-04-09 16:04:54,651 INFO: Running set_position_group for group 'Pivot_Group' with positions: {7: 175, 8: 175}
2025-04-09 16:04:54,654 INFO: Front pivot angle set to 175 degrees (ticks: 175)
2025-04-09 16:04:54,654 INFO: Rear pivot angle set to 175 degrees (ticks: 175)
2025-04-09 16:04:54,905 INFO: Running set_position_group for group 'Pivot_Group' with positions: {7: 175, 8: 180}
2025-04-09 16:04:54,908 INFO: Front pivot angle set to 175 degrees (ticks: 175)
2025-04-09 16:04:54,909 INFO: Rear pivot angle set to 180 degrees (ticks: 180)
2025-04-09 16:04:55,000 INFO: Profile velocities set for group Wheg_Group: {1: 174.79866638183594, 2: 174.79866638183594, 3: 174.79866638183594, 4: 174.79866638183594, 5: 174.79866638183594, 6: 174.79866638183594}
2025-04-09 16:04:55,000 INFO: Incrementing motor positions by 360 degrees for group 'Wheg_Group'
2025-04-09 16:04:55,010 INFO: Gait 1 step executed at 40.00RPM, wait for 1.50 seconds
2025-04-09 16:04:55,160 INFO: Running set_position_group for group 'Pivot_Group' with positions: {7: 175, 8: 185}
2025-04-09 16:04:55,163 INFO: Front pivot angle set to 175 degrees (ticks: 175)
2025-04-09 16:04:55,164 INFO: Rear pivot angle set to 185 degrees (ticks: 185)
2025-04-09 16:04:56,534 INFO: Profile velocities set for group Wheg_Group: {1: 174.79866638183594, 2: 174.79866638183594, 3: 174.79866638183594, 4: 174.79866638183594, 5: 174.79866638183594, 6: 174.79866638183594}
2025-04-09 16:04:56,535 INFO: Incrementing motor positions by 360 degrees for group 'Wheg_Group'
2025-04-09 16:04:56,545 INFO: Gait 1 step executed at 40.00RPM, wait for 1.50 seconds
2025-04-09 16:05:01,852 INFO: Running set_position_group for group 'Pivot_Group' with positions: {7: 175, 8: 180}
2025-04-09 16:05:01,856 INFO: Front pivot angle set to 175 degrees (ticks: 175)
2025-04-09 16:05:01,856 INFO: Rear pivot angle set to 180 degrees (ticks: 180)
2025-04-09 16:05:02,367 INFO: Running set_position_group for group 'Pivot_Group' with positions: {7: 175, 8: 185}
2025-04-09 16:05:02,371 INFO: Front pivot angle set to 175 degrees (ticks: 175)
2025-04-09 16:05:02,371 INFO: Rear pivot angle set to 185 degrees (ticks: 185)
2025-04-09 16:05:03,141 INFO: Running set_position_group for group 'Pivot_Group' with positions: {7: 170, 8: 185}
2025-04-09 16:05:03,145 INFO: Front pivot angle set to 170 degrees (ticks: 170)
2025-04-09 16:05:03,145 INFO: Rear pivot angle set to 185 degrees (ticks: 185)
2025-04-09 16:05:03,655 INFO: Running set_position_group for group 'Pivot_Group' with positions: {7: 175, 8: 185}
2025-04-09 16:05:03,659 INFO: Front pivot angle set to 175 degrees (ticks: 175)
2025-04-09 16:05:03,659 INFO: Rear pivot angle set to 185 degrees (ticks: 185)
2025-04-09 16:05:03,914 INFO: Running set_position_group for group 'Pivot_Group' with positions: {7: 180, 8: 185}
2025-04-09 16:05:03,918 INFO: Front pivot angle set to 180 degrees (ticks: 180)
2025-04-09 16:05:03,918 INFO: Rear pivot angle set to 185 degrees (ticks: 185)
2025-04-09 16:05:04,170 INFO: Running set_position_group for group 'Pivot_Group' with positions: {7: 185, 8: 185}
2025-04-09 16:05:04,173 INFO: Front pivot angle set to 185 degrees (ticks: 185)
2025-04-09 16:05:04,173 INFO: Rear pivot angle set to 185 degrees (ticks: 185)
2025-04-09 16:05:04,427 INFO: Running set_position_group for group 'Pivot_Group' with positions: {7: 190, 8: 185}
2025-04-09 16:05:04,430 INFO: Front pivot angle set to 190 degrees (ticks: 190)
2025-04-09 16:05:04,431 INFO: Rear pivot angle set to 185 degrees (ticks: 185)
2025-04-09 16:05:04,685 INFO: Running set_position_group for group 'Pivot_Group' with positions: {7: 195, 8: 185}
2025-04-09 16:05:04,688 INFO: Front pivot angle set to 195 degrees (ticks: 195)
2025-04-09 16:05:04,688 INFO: Rear pivot angle set to 185 degrees (ticks: 185)
2025-04-09 16:05:04,941 INFO: Running set_position_group for group 'Pivot_Group' with positions: {7: 200, 8: 185}
2025-04-09 16:05:04,944 INFO: Front pivot angle set to 200 degrees (ticks: 200)
2025-04-09 16:05:04,945 INFO: Rear pivot angle set to 185 degrees (ticks: 185)
2025-04-09 16:05:05,196 INFO: Running set_position_group for group 'Pivot_Group' with positions: {7: 205, 8: 185}
2025-04-09 16:05:05,199 INFO: Front pivot angle set to 205 degrees (ticks: 205)
2025-04-09 16:05:05,199 INFO: Rear pivot angle set to 185 degrees (ticks: 185)
2025-04-09 16:05:08,059 INFO: Running set_position_group for group 'Pivot_Group' with positions: {7: 200, 8: 185}
2025-04-09 16:05:08,063 INFO: Front pivot angle set to 200 degrees (ticks: 200)
2025-04-09 16:05:08,064 INFO: Rear pivot angle set to 185 degrees (ticks: 185)
2025-04-09 16:05:08,318 INFO: Running set_position_group for group 'Pivot_Group' with positions: {7: 195, 8: 185}
2025-04-09 16:05:08,321 INFO: Front pivot angle set to 195 degrees (ticks: 195)
2025-04-09 16:05:08,322 INFO: Rear pivot angle set to 185 degrees (ticks: 185)
2025-04-09 16:05:08,574 INFO: Running set_position_group for group 'Pivot_Group' with positions: {7: 190, 8: 185}
2025-04-09 16:05:08,578 INFO: Front pivot angle set to 190 degrees (ticks: 190)
2025-04-09 16:05:08,578 INFO: Rear pivot angle set to 185 degrees (ticks: 185)
2025-04-09 16:05:08,831 INFO: Running set_position_group for group 'Pivot_Group' with positions: {7: 185, 8: 185}
2025-04-09 16:05:08,834 INFO: Front pivot angle set to 185 degrees (ticks: 185)
2025-04-09 16:05:08,835 INFO: Rear pivot angle set to 185 degrees (ticks: 185)
2025-04-09 16:05:09,086 INFO: Running set_position_group for group 'Pivot_Group' with positions: {7: 180, 8: 185}
2025-04-09 16:05:09,090 INFO: Front pivot angle set to 180 degrees (ticks: 180)
2025-04-09 16:05:09,090 INFO: Rear pivot angle set to 185 degrees (ticks: 185)
2025-04-09 16:05:09,341 INFO: Running set_position_group for group 'Pivot_Group' with positions: {7: 175, 8: 185}
2025-04-09 16:05:09,344 INFO: Front pivot angle set to 175 degrees (ticks: 175)
2025-04-09 16:05:09,344 INFO: Rear pivot angle set to 185 degrees (ticks: 185)
2025-04-09 16:05:09,596 INFO: Running set_position_group for group 'Pivot_Group' with positions: {7: 170, 8: 185}
2025-04-09 16:05:09,599 INFO: Front pivot angle set to 170 degrees (ticks: 170)
2025-04-09 16:05:09,599 INFO: Rear pivot angle set to 185 degrees (ticks: 185)
2025-04-09 16:05:09,852 INFO: Running set_position_group for group 'Pivot_Group' with positions: {7: 165, 8: 185}
2025-04-09 16:05:09,856 INFO: Front pivot angle set to 165 degrees (ticks: 165)
2025-04-09 16:05:09,856 INFO: Rear pivot angle set to 185 degrees (ticks: 185)
2025-04-09 16:05:10,110 INFO: Running set_position_group for group 'Pivot_Group' with positions: {7: 160, 8: 185}
2025-04-09 16:05:10,114 INFO: Front pivot angle set to 160 degrees (ticks: 160)
2025-04-09 16:05:10,114 INFO: Rear pivot angle set to 185 degrees (ticks: 185)
2025-04-09 16:05:10,367 INFO: Running set_position_group for group 'Pivot_Group' with positions: {7: 155, 8: 185}
2025-04-09 16:05:10,371 INFO: Front pivot angle set to 155 degrees (ticks: 155)
2025-04-09 16:05:10,371 INFO: Rear pivot angle set to 185 degrees (ticks: 185)
2025-04-09 16:05:10,623 INFO: Running set_position_group for group 'Pivot_Group' with positions: {7: 150, 8: 185}
2025-04-09 16:05:10,627 INFO: Front pivot angle set to 150 degrees (ticks: 150)
2025-04-09 16:05:10,627 INFO: Rear pivot angle set to 185 degrees (ticks: 185)
2025-04-09 16:05:12,200 INFO: Running set_position_group for group 'Pivot_Group' with positions: {7: 150, 8: 180}
2025-04-09 16:05:12,204 INFO: Front pivot angle set to 150 degrees (ticks: 150)
2025-04-09 16:05:12,205 INFO: Rear pivot angle set to 180 degrees (ticks: 180)
2025-04-09 16:05:12,466 INFO: Running set_position_group for group 'Pivot_Group' with positions: {7: 150, 8: 175}
2025-04-09 16:05:12,469 INFO: Front pivot angle set to 150 degrees (ticks: 150)
2025-04-09 16:05:12,469 INFO: Rear pivot angle set to 175 degrees (ticks: 175)
2025-04-09 16:05:12,720 INFO: Running set_position_group for group 'Pivot_Group' with positions: {7: 150, 8: 170}
2025-04-09 16:05:12,724 INFO: Front pivot angle set to 150 degrees (ticks: 150)
2025-04-09 16:05:12,724 INFO: Rear pivot angle set to 170 degrees (ticks: 170)
2025-04-09 16:05:12,977 INFO: Running set_position_group for group 'Pivot_Group' with positions: {7: 150, 8: 165}
2025-04-09 16:05:12,980 INFO: Front pivot angle set to 150 degrees (ticks: 150)
2025-04-09 16:05:12,981 INFO: Rear pivot angle set to 165 degrees (ticks: 165)
2025-04-09 16:05:13,408 INFO: Profile velocities set for group Wheg_Group: {1: 87.4, 2: 87.4, 3: 87.4, 4: 87.4, 5: 87.4, 6: 87.4}
2025-04-09 16:05:13,408 INFO: Incrementing motor positions by 360 degrees for group 'Wheg_Group'
2025-04-09 16:05:13,419 INFO: Gait 1 step executed at 20.00RPM, wait for 3.00 seconds
2025-04-09 16:05:16,033 INFO: Running set_position_group for group 'Pivot_Group' with positions: {7: 150, 8: 170}
2025-04-09 16:05:16,036 INFO: Front pivot angle set to 150 degrees (ticks: 150)
2025-04-09 16:05:16,037 INFO: Rear pivot angle set to 170 degrees (ticks: 170)
2025-04-09 16:05:16,298 INFO: Running set_position_group for group 'Pivot_Group' with positions: {7: 150, 8: 175}
2025-04-09 16:05:16,302 INFO: Front pivot angle set to 150 degrees (ticks: 150)
2025-04-09 16:05:16,302 INFO: Rear pivot angle set to 175 degrees (ticks: 175)
2025-04-09 16:05:16,566 INFO: Running set_position_group for group 'Pivot_Group' with positions: {7: 150, 8: 180}
2025-04-09 16:05:16,570 INFO: Front pivot angle set to 150 degrees (ticks: 150)
2025-04-09 16:05:16,570 INFO: Rear pivot angle set to 180 degrees (ticks: 180)
2025-04-09 16:05:16,821 INFO: Running set_position_group for group 'Pivot_Group' with positions: {7: 150, 8: 185}
2025-04-09 16:05:16,825 INFO: Front pivot angle set to 150 degrees (ticks: 150)
2025-04-09 16:05:16,825 INFO: Rear pivot angle set to 185 degrees (ticks: 185)
2025-04-09 16:05:17,896 INFO: Running set_position_group for group 'Pivot_Group' with positions: {7: 150, 8: 180}
2025-04-09 16:05:17,900 INFO: Front pivot angle set to 150 degrees (ticks: 150)
2025-04-09 16:05:17,900 INFO: Rear pivot angle set to 180 degrees (ticks: 180)
2025-04-09 16:05:18,161 INFO: Running set_position_group for group 'Pivot_Group' with positions: {7: 150, 8: 175}
2025-04-09 16:05:18,165 INFO: Front pivot angle set to 150 degrees (ticks: 150)
2025-04-09 16:05:18,165 INFO: Rear pivot angle set to 175 degrees (ticks: 175)
2025-04-09 16:05:18,421 INFO: Running set_position_group for group 'Pivot_Group' with positions: {7: 150, 8: 170}
2025-04-09 16:05:18,424 INFO: Front pivot angle set to 150 degrees (ticks: 150)
2025-04-09 16:05:18,424 INFO: Rear pivot angle set to 170 degrees (ticks: 170)
2025-04-09 16:05:18,678 INFO: Running set_position_group for group 'Pivot_Group' with positions: {7: 150, 8: 165}
2025-04-09 16:05:18,682 INFO: Front pivot angle set to 150 degrees (ticks: 150)
2025-04-09 16:05:18,682 INFO: Rear pivot angle set to 165 degrees (ticks: 165)
2025-04-09 16:05:19,194 INFO: Running set_position_group for group 'Pivot_Group' with positions: {7: 150, 8: 160}
2025-04-09 16:05:19,197 INFO: Front pivot angle set to 150 degrees (ticks: 150)
2025-04-09 16:05:19,198 INFO: Rear pivot angle set to 160 degrees (ticks: 160)
2025-04-09 16:05:19,366 INFO: Profile velocities set for group Wheg_Group: {1: 87.4, 2: 87.4, 3: 87.4, 4: 87.4, 5: 87.4, 6: 87.4}
2025-04-09 16:05:19,366 INFO: Incrementing motor positions by 360 degrees for group 'Wheg_Group'
2025-04-09 16:05:19,378 INFO: Gait 1 step executed at 20.00RPM, wait for 3.00 seconds
2025-04-09 16:05:22,997 INFO: Profile velocities set for group Wheg_Group: {1: 87.4, 2: 87.4, 3: 87.4, 4: 87.4, 5: 87.4, 6: 87.4}
2025-04-09 16:05:22,997 INFO: Incrementing motor positions by 360 degrees for group 'Wheg_Group'
2025-04-09 16:05:23,008 INFO: Gait 1 step executed at 20.00RPM, wait for 3.00 seconds
2025-04-09 16:05:23,874 INFO: Running set_position_group for group 'Pivot_Group' with positions: {7: 150, 8: 165}
2025-04-09 16:05:23,878 INFO: Front pivot angle set to 150 degrees (ticks: 150)
2025-04-09 16:05:23,879 INFO: Rear pivot angle set to 165 degrees (ticks: 165)
2025-04-09 16:05:24,137 INFO: Running set_position_group for group 'Pivot_Group' with positions: {7: 150, 8: 170}
2025-04-09 16:05:24,141 INFO: Front pivot angle set to 150 degrees (ticks: 150)
2025-04-09 16:05:24,141 INFO: Rear pivot angle set to 170 degrees (ticks: 170)
2025-04-09 16:05:24,392 INFO: Running set_position_group for group 'Pivot_Group' with positions: {7: 150, 8: 175}
2025-04-09 16:05:24,395 INFO: Front pivot angle set to 150 degrees (ticks: 150)
2025-04-09 16:05:24,395 INFO: Rear pivot angle set to 175 degrees (ticks: 175)
2025-04-09 16:05:24,647 INFO: Running set_position_group for group 'Pivot_Group' with positions: {7: 150, 8: 180}
2025-04-09 16:05:24,651 INFO: Front pivot angle set to 150 degrees (ticks: 150)
2025-04-09 16:05:24,651 INFO: Rear pivot angle set to 180 degrees (ticks: 180)
2025-04-09 16:05:24,902 INFO: Running set_position_group for group 'Pivot_Group' with positions: {7: 150, 8: 185}
2025-04-09 16:05:24,905 INFO: Front pivot angle set to 150 degrees (ticks: 150)
2025-04-09 16:05:24,906 INFO: Rear pivot angle set to 185 degrees (ticks: 185)
2025-04-09 16:05:25,157 INFO: Running set_position_group for group 'Pivot_Group' with positions: {7: 150, 8: 190}
2025-04-09 16:05:25,160 INFO: Front pivot angle set to 150 degrees (ticks: 150)
2025-04-09 16:05:25,161 INFO: Rear pivot angle set to 190 degrees (ticks: 190)
2025-04-09 16:05:26,699 INFO: Running set_position_group for group 'Pivot_Group' with positions: {7: 150, 8: 195}
2025-04-09 16:05:26,703 INFO: Front pivot angle set to 150 degrees (ticks: 150)
2025-04-09 16:05:26,703 INFO: Rear pivot angle set to 195 degrees (ticks: 195)
2025-04-09 16:05:26,954 INFO: Running set_position_group for group 'Pivot_Group' with positions: {7: 150, 8: 200}
2025-04-09 16:05:26,958 INFO: Front pivot angle set to 150 degrees (ticks: 150)
2025-04-09 16:05:26,958 INFO: Rear pivot angle set to 200 degrees (ticks: 200)
2025-04-09 16:05:27,486 INFO: Running set_position_group for group 'Pivot_Group' with positions: {7: 150, 8: 195}
2025-04-09 16:05:27,491 INFO: Front pivot angle set to 150 degrees (ticks: 150)
2025-04-09 16:05:27,491 INFO: Rear pivot angle set to 195 degrees (ticks: 195)
2025-04-09 16:05:27,743 INFO: Running set_position_group for group 'Pivot_Group' with positions: {7: 150, 8: 190}
2025-04-09 16:05:27,746 INFO: Front pivot angle set to 150 degrees (ticks: 150)
2025-04-09 16:05:27,746 INFO: Rear pivot angle set to 190 degrees (ticks: 190)
2025-04-09 16:05:27,997 INFO: Running set_position_group for group 'Pivot_Group' with positions: {7: 150, 8: 185}
2025-04-09 16:05:28,000 INFO: Front pivot angle set to 150 degrees (ticks: 150)
2025-04-09 16:05:28,001 INFO: Rear pivot angle set to 185 degrees (ticks: 185)
2025-04-09 16:05:28,260 INFO: Running set_position_group for group 'Pivot_Group' with positions: {7: 150, 8: 180}
2025-04-09 16:05:28,264 INFO: Front pivot angle set to 150 degrees (ticks: 150)
2025-04-09 16:05:28,264 INFO: Rear pivot angle set to 180 degrees (ticks: 180)
2025-04-09 16:05:28,521 INFO: Running set_position_group for group 'Pivot_Group' with positions: {7: 150, 8: 175}
2025-04-09 16:05:28,524 INFO: Front pivot angle set to 150 degrees (ticks: 150)
2025-04-09 16:05:28,525 INFO: Rear pivot angle set to 175 degrees (ticks: 175)
2025-04-09 16:05:28,782 INFO: Running set_position_group for group 'Pivot_Group' with positions: {7: 150, 8: 170}
2025-04-09 16:05:28,786 INFO: Front pivot angle set to 150 degrees (ticks: 150)
2025-04-09 16:05:28,786 INFO: Rear pivot angle set to 170 degrees (ticks: 170)
2025-04-09 16:05:29,042 INFO: Running set_position_group for group 'Pivot_Group' with positions: {7: 150, 8: 165}
2025-04-09 16:05:29,046 INFO: Front pivot angle set to 150 degrees (ticks: 150)
2025-04-09 16:05:29,046 INFO: Rear pivot angle set to 165 degrees (ticks: 165)
2025-04-09 16:05:29,310 INFO: Running set_position_group for group 'Pivot_Group' with positions: {7: 150, 8: 160}
2025-04-09 16:05:29,313 INFO: Front pivot angle set to 150 degrees (ticks: 150)
2025-04-09 16:05:29,313 INFO: Rear pivot angle set to 160 degrees (ticks: 160)
2025-04-09 16:05:29,832 INFO: Running set_position_group for group 'Pivot_Group' with positions: {7: 150, 8: 165}
2025-04-09 16:05:29,836 INFO: Front pivot angle set to 150 degrees (ticks: 150)
2025-04-09 16:05:29,836 INFO: Rear pivot angle set to 165 degrees (ticks: 165)
2025-04-09 16:05:30,091 INFO: Running set_position_group for group 'Pivot_Group' with positions: {7: 150, 8: 170}
2025-04-09 16:05:30,094 INFO: Front pivot angle set to 150 degrees (ticks: 150)
2025-04-09 16:05:30,095 INFO: Rear pivot angle set to 170 degrees (ticks: 170)
2025-04-09 16:05:30,349 INFO: Running set_position_group for group 'Pivot_Group' with positions: {7: 150, 8: 175}
2025-04-09 16:05:30,352 INFO: Front pivot angle set to 150 degrees (ticks: 150)
2025-04-09 16:05:30,352 INFO: Rear pivot angle set to 175 degrees (ticks: 175)
2025-04-09 16:05:30,605 INFO: Running set_position_group for group 'Pivot_Group' with positions: {7: 150, 8: 180}
2025-04-09 16:05:30,609 INFO: Front pivot angle set to 150 degrees (ticks: 150)
2025-04-09 16:05:30,609 INFO: Rear pivot angle set to 180 degrees (ticks: 180)
2025-04-09 16:05:30,866 INFO: Running set_position_group for group 'Pivot_Group' with positions: {7: 150, 8: 185}
2025-04-09 16:05:30,869 INFO: Front pivot angle set to 150 degrees (ticks: 150)
2025-04-09 16:05:30,869 INFO: Rear pivot angle set to 185 degrees (ticks: 185)
2025-04-09 16:05:40,185 INFO: share pressed. Turning mode deactivating
2025-04-09 16:05:41,849 INFO: Profile velocities set for group Wheg_Group: {1: 87.4, 2: 87.4, 3: 87.4, 4: 87.4, 5: 87.4, 6: 87.4}
2025-04-09 16:05:41,850 INFO: Incrementing motor positions by 360 degrees for group 'Wheg_Group'
2025-04-09 16:05:41,860 INFO: Gait 1 step executed at 20.00RPM, wait for 3.00 seconds
2025-04-09 16:05:57,478 INFO: Running set_position_group for group 'Pivot_Group' with positions: {7: 155, 8: 185}
2025-04-09 16:05:57,482 INFO: Front pivot angle set to 155 degrees (ticks: 155)
2025-04-09 16:05:57,482 INFO: Rear pivot angle set to 185 degrees (ticks: 185)
2025-04-09 16:05:57,739 INFO: Running set_position_group for group 'Pivot_Group' with positions: {7: 160, 8: 185}
2025-04-09 16:05:57,742 INFO: Front pivot angle set to 160 degrees (ticks: 160)
2025-04-09 16:05:57,742 INFO: Rear pivot angle set to 185 degrees (ticks: 185)
2025-04-09 16:05:57,998 INFO: Running set_position_group for group 'Pivot_Group' with positions: {7: 165, 8: 185}
2025-04-09 16:05:58,002 INFO: Front pivot angle set to 165 degrees (ticks: 165)
2025-04-09 16:05:58,002 INFO: Rear pivot angle set to 185 degrees (ticks: 185)
2025-04-09 16:05:58,257 INFO: Running set_position_group for group 'Pivot_Group' with positions: {7: 170, 8: 185}
2025-04-09 16:05:58,260 INFO: Front pivot angle set to 170 degrees (ticks: 170)
2025-04-09 16:05:58,260 INFO: Rear pivot angle set to 185 degrees (ticks: 185)
2025-04-09 16:05:58,521 INFO: Running set_position_group for group 'Pivot_Group' with positions: {7: 175, 8: 185}
2025-04-09 16:05:58,524 INFO: Front pivot angle set to 175 degrees (ticks: 175)
2025-04-09 16:05:58,525 INFO: Rear pivot angle set to 185 degrees (ticks: 185)
2025-04-09 16:05:58,872 INFO: Profile velocities set for group Wheg_Group: {1: 87.4, 2: 87.4, 3: 87.4, 4: 87.4, 5: 87.4, 6: 87.4}
2025-04-09 16:05:58,872 INFO: Incrementing motor positions by 360 degrees for group 'Wheg_Group'
2025-04-09 16:05:58,883 INFO: Gait 1 step executed at 20.00RPM, wait for 3.00 seconds
2025-04-09 16:06:04,991 INFO: Profile velocities set for group Wheg_Group: {1: 87.4, 2: 87.4, 3: 87.4, 4: 87.4, 5: 87.4, 6: 87.4}
2025-04-09 16:06:04,991 INFO: Incrementing motor positions by 360 degrees for group 'Wheg_Group'
2025-04-09 16:06:05,001 INFO: Gait 1 step executed at 20.00RPM, wait for 3.00 seconds
2025-04-09 16:06:07,857 INFO: Running set_position_group for group 'Pivot_Group' with positions: {7: 170, 8: 185}
2025-04-09 16:06:07,861 INFO: Front pivot angle set to 170 degrees (ticks: 170)
2025-04-09 16:06:07,861 INFO: Rear pivot angle set to 185 degrees (ticks: 185)
2025-04-09 16:06:08,128 INFO: Running set_position_group for group 'Pivot_Group' with positions: {7: 165, 8: 185}
2025-04-09 16:06:08,131 INFO: Front pivot angle set to 165 degrees (ticks: 165)
2025-04-09 16:06:08,132 INFO: Rear pivot angle set to 185 degrees (ticks: 185)
2025-04-09 16:06:08,387 INFO: Running set_position_group for group 'Pivot_Group' with positions: {7: 160, 8: 185}
2025-04-09 16:06:08,391 INFO: Front pivot angle set to 160 degrees (ticks: 160)
2025-04-09 16:06:08,391 INFO: Rear pivot angle set to 185 degrees (ticks: 185)
2025-04-09 16:06:08,646 INFO: Running set_position_group for group 'Pivot_Group' with positions: {7: 155, 8: 185}
2025-04-09 16:06:08,650 INFO: Front pivot angle set to 155 degrees (ticks: 155)
2025-04-09 16:06:08,650 INFO: Rear pivot angle set to 185 degrees (ticks: 185)
2025-04-09 16:06:08,906 INFO: Running set_position_group for group 'Pivot_Group' with positions: {7: 150, 8: 185}
2025-04-09 16:06:08,909 INFO: Front pivot angle set to 150 degrees (ticks: 150)
2025-04-09 16:06:08,909 INFO: Rear pivot angle set to 185 degrees (ticks: 185)
2025-04-09 16:06:09,160 INFO: Running set_position_group for group 'Pivot_Group' with positions: {7: 145, 8: 185}
2025-04-09 16:06:09,164 INFO: Front pivot angle set to 145 degrees (ticks: 145)
2025-04-09 16:06:09,164 INFO: Rear pivot angle set to 185 degrees (ticks: 185)
2025-04-09 16:06:09,417 INFO: Running set_position_group for group 'Pivot_Group' with positions: {7: 140, 8: 185}
2025-04-09 16:06:09,420 INFO: Front pivot angle set to 140 degrees (ticks: 140)
2025-04-09 16:06:09,420 INFO: Rear pivot angle set to 185 degrees (ticks: 185)
2025-04-09 16:06:09,682 INFO: Running set_position_group for group 'Pivot_Group' with positions: {7: 135, 8: 185}
2025-04-09 16:06:09,686 INFO: Front pivot angle set to 135 degrees (ticks: 135)
2025-04-09 16:06:09,686 INFO: Rear pivot angle set to 185 degrees (ticks: 185)
2025-04-09 16:06:09,939 INFO: Running set_position_group for group 'Pivot_Group' with positions: {7: 130, 8: 185}
2025-04-09 16:06:09,942 INFO: Front pivot angle set to 130 degrees (ticks: 130)
2025-04-09 16:06:09,943 INFO: Rear pivot angle set to 185 degrees (ticks: 185)
2025-04-09 16:06:10,196 INFO: Running set_position_group for group 'Pivot_Group' with positions: {7: 125, 8: 185}
2025-04-09 16:06:10,200 INFO: Front pivot angle set to 125 degrees (ticks: 125)
2025-04-09 16:06:10,200 INFO: Rear pivot angle set to 185 degrees (ticks: 185)
2025-04-09 16:06:11,143 INFO: Profile velocities set for group Wheg_Group: {1: 87.4, 2: 87.4, 3: 87.4, 4: 87.4, 5: 87.4, 6: 87.4}
2025-04-09 16:06:11,144 INFO: Incrementing motor positions by 360 degrees for group 'Wheg_Group'
2025-04-09 16:06:11,154 INFO: Gait 1 step executed at 20.00RPM, wait for 3.00 seconds
2025-04-09 16:06:13,308 INFO: Running set_position_group for group 'Pivot_Group' with positions: {7: 125, 8: 180}
2025-04-09 16:06:13,311 INFO: Front pivot angle set to 125 degrees (ticks: 125)
2025-04-09 16:06:13,312 INFO: Rear pivot angle set to 180 degrees (ticks: 180)
2025-04-09 16:06:13,566 INFO: Running set_position_group for group 'Pivot_Group' with positions: {7: 125, 8: 175}
2025-04-09 16:06:13,569 INFO: Front pivot angle set to 125 degrees (ticks: 125)
2025-04-09 16:06:13,570 INFO: Rear pivot angle set to 175 degrees (ticks: 175)
2025-04-09 16:06:13,823 INFO: Running set_position_group for group 'Pivot_Group' with positions: {7: 125, 8: 170}
2025-04-09 16:06:13,826 INFO: Front pivot angle set to 125 degrees (ticks: 125)
2025-04-09 16:06:13,826 INFO: Rear pivot angle set to 170 degrees (ticks: 170)
2025-04-09 16:06:14,079 INFO: Running set_position_group for group 'Pivot_Group' with positions: {7: 125, 8: 165}
2025-04-09 16:06:14,083 INFO: Front pivot angle set to 125 degrees (ticks: 125)
2025-04-09 16:06:14,083 INFO: Rear pivot angle set to 165 degrees (ticks: 165)
2025-04-09 16:06:14,344 INFO: Running set_position_group for group 'Pivot_Group' with positions: {7: 125, 8: 160}
2025-04-09 16:06:14,348 INFO: Front pivot angle set to 125 degrees (ticks: 125)
2025-04-09 16:06:14,349 INFO: Rear pivot angle set to 160 degrees (ticks: 160)
2025-04-09 16:06:14,612 INFO: Running set_position_group for group 'Pivot_Group' with positions: {7: 125, 8: 155}
2025-04-09 16:06:14,617 INFO: Front pivot angle set to 125 degrees (ticks: 125)
2025-04-09 16:06:14,618 INFO: Rear pivot angle set to 155 degrees (ticks: 155)
2025-04-09 16:06:14,871 INFO: Running set_position_group for group 'Pivot_Group' with positions: {7: 125, 8: 150}
2025-04-09 16:06:14,875 INFO: Front pivot angle set to 125 degrees (ticks: 125)
2025-04-09 16:06:14,875 INFO: Rear pivot angle set to 150 degrees (ticks: 150)
2025-04-09 16:06:15,131 INFO: Running set_position_group for group 'Pivot_Group' with positions: {7: 125, 8: 145}
2025-04-09 16:06:15,135 INFO: Front pivot angle set to 125 degrees (ticks: 125)
2025-04-09 16:06:15,135 INFO: Rear pivot angle set to 145 degrees (ticks: 145)
2025-04-09 16:06:15,392 INFO: Running set_position_group for group 'Pivot_Group' with positions: {7: 125, 8: 140}
2025-04-09 16:06:15,395 INFO: Front pivot angle set to 125 degrees (ticks: 125)
2025-04-09 16:06:15,396 INFO: Rear pivot angle set to 140 degrees (ticks: 140)
2025-04-09 16:06:16,179 INFO: Running set_position_group for group 'Pivot_Group' with positions: {7: 130, 8: 140}
2025-04-09 16:06:16,182 INFO: Front pivot angle set to 130 degrees (ticks: 130)
2025-04-09 16:06:16,183 INFO: Rear pivot angle set to 140 degrees (ticks: 140)
2025-04-09 16:06:16,444 INFO: Running set_position_group for group 'Pivot_Group' with positions: {7: 135, 8: 140}
2025-04-09 16:06:16,448 INFO: Front pivot angle set to 135 degrees (ticks: 135)
2025-04-09 16:06:16,448 INFO: Rear pivot angle set to 140 degrees (ticks: 140)
2025-04-09 16:06:16,707 INFO: Running set_position_group for group 'Pivot_Group' with positions: {7: 140, 8: 140}
2025-04-09 16:06:16,710 INFO: Front pivot angle set to 140 degrees (ticks: 140)
2025-04-09 16:06:16,710 INFO: Rear pivot angle set to 140 degrees (ticks: 140)
2025-04-09 16:06:16,972 INFO: Running set_position_group for group 'Pivot_Group' with positions: {7: 145, 8: 140}
2025-04-09 16:06:16,976 INFO: Front pivot angle set to 145 degrees (ticks: 145)
2025-04-09 16:06:16,976 INFO: Rear pivot angle set to 140 degrees (ticks: 140)
2025-04-09 16:06:17,231 INFO: Running set_position_group for group 'Pivot_Group' with positions: {7: 150, 8: 140}
2025-04-09 16:06:17,235 INFO: Front pivot angle set to 150 degrees (ticks: 150)
2025-04-09 16:06:17,235 INFO: Rear pivot angle set to 140 degrees (ticks: 140)
2025-04-09 16:06:17,490 INFO: Running set_position_group for group 'Pivot_Group' with positions: {7: 155, 8: 140}
2025-04-09 16:06:17,493 INFO: Front pivot angle set to 155 degrees (ticks: 155)
2025-04-09 16:06:17,494 INFO: Rear pivot angle set to 140 degrees (ticks: 140)
2025-04-09 16:06:17,749 INFO: Running set_position_group for group 'Pivot_Group' with positions: {7: 160, 8: 140}
2025-04-09 16:06:17,752 INFO: Front pivot angle set to 160 degrees (ticks: 160)
2025-04-09 16:06:17,752 INFO: Rear pivot angle set to 140 degrees (ticks: 140)
2025-04-09 16:06:18,265 INFO: Running set_position_group for group 'Pivot_Group' with positions: {7: 155, 8: 140}
2025-04-09 16:06:18,268 INFO: Front pivot angle set to 155 degrees (ticks: 155)
2025-04-09 16:06:18,269 INFO: Rear pivot angle set to 140 degrees (ticks: 140)
2025-04-09 16:06:18,522 INFO: Running set_position_group for group 'Pivot_Group' with positions: {7: 150, 8: 140}
2025-04-09 16:06:18,526 INFO: Front pivot angle set to 150 degrees (ticks: 150)
2025-04-09 16:06:18,526 INFO: Rear pivot angle set to 140 degrees (ticks: 140)
2025-04-09 16:06:18,780 INFO: Running set_position_group for group 'Pivot_Group' with positions: {7: 150, 8: 135}
2025-04-09 16:06:18,784 INFO: Front pivot angle set to 150 degrees (ticks: 150)
2025-04-09 16:06:18,784 INFO: Rear pivot angle set to 135 degrees (ticks: 135)
2025-04-09 16:06:19,038 INFO: Running set_position_group for group 'Pivot_Group' with positions: {7: 150, 8: 130}
2025-04-09 16:06:19,041 INFO: Front pivot angle set to 150 degrees (ticks: 150)
2025-04-09 16:06:19,041 INFO: Rear pivot angle set to 130 degrees (ticks: 130)
2025-04-09 16:06:19,556 INFO: Running set_position_group for group 'Pivot_Group' with positions: {7: 150, 8: 135}
2025-04-09 16:06:19,560 INFO: Front pivot angle set to 150 degrees (ticks: 150)
2025-04-09 16:06:19,560 INFO: Rear pivot angle set to 135 degrees (ticks: 135)
2025-04-09 16:06:19,821 INFO: Running set_position_group for group 'Pivot_Group' with positions: {7: 150, 8: 140}
2025-04-09 16:06:19,824 INFO: Front pivot angle set to 150 degrees (ticks: 150)
2025-04-09 16:06:19,824 INFO: Rear pivot angle set to 140 degrees (ticks: 140)
2025-04-09 16:06:20,081 INFO: Running set_position_group for group 'Pivot_Group' with positions: {7: 150, 8: 145}
2025-04-09 16:06:20,084 INFO: Front pivot angle set to 150 degrees (ticks: 150)
2025-04-09 16:06:20,085 INFO: Rear pivot angle set to 145 degrees (ticks: 145)
2025-04-09 16:06:20,338 INFO: Running set_position_group for group 'Pivot_Group' with positions: {7: 150, 8: 150}
2025-04-09 16:06:20,341 INFO: Front pivot angle set to 150 degrees (ticks: 150)
2025-04-09 16:06:20,342 INFO: Rear pivot angle set to 150 degrees (ticks: 150)
2025-04-09 16:06:20,510 INFO: Profile velocities set for group Wheg_Group: {1: 87.4, 2: 87.4, 3: 87.4, 4: 87.4, 5: 87.4, 6: 87.4}
2025-04-09 16:06:20,510 INFO: Incrementing motor positions by 360 degrees for group 'Wheg_Group'
2025-04-09 16:06:20,521 INFO: Gait 1 step executed at 20.00RPM, wait for 3.00 seconds
2025-04-09 16:06:20,593 INFO: Running set_position_group for group 'Pivot_Group' with positions: {7: 150, 8: 155}
2025-04-09 16:06:20,597 INFO: Front pivot angle set to 150 degrees (ticks: 150)
2025-04-09 16:06:20,598 INFO: Rear pivot angle set to 155 degrees (ticks: 155)
2025-04-09 16:06:20,849 INFO: Running set_position_group for group 'Pivot_Group' with positions: {7: 150, 8: 160}
2025-04-09 16:06:20,853 INFO: Front pivot angle set to 150 degrees (ticks: 150)
2025-04-09 16:06:20,853 INFO: Rear pivot angle set to 160 degrees (ticks: 160)
2025-04-09 16:06:21,106 INFO: Running set_position_group for group 'Pivot_Group' with positions: {7: 150, 8: 165}
2025-04-09 16:06:21,110 INFO: Front pivot angle set to 150 degrees (ticks: 150)
2025-04-09 16:06:21,110 INFO: Rear pivot angle set to 165 degrees (ticks: 165)
2025-04-09 16:06:21,367 INFO: Running set_position_group for group 'Pivot_Group' with positions: {7: 150, 8: 170}
2025-04-09 16:06:21,370 INFO: Front pivot angle set to 150 degrees (ticks: 150)
2025-04-09 16:06:21,371 INFO: Rear pivot angle set to 170 degrees (ticks: 170)
2025-04-09 16:06:21,625 INFO: Running set_position_group for group 'Pivot_Group' with positions: {7: 150, 8: 175}
2025-04-09 16:06:21,628 INFO: Front pivot angle set to 150 degrees (ticks: 150)
2025-04-09 16:06:21,629 INFO: Rear pivot angle set to 175 degrees (ticks: 175)
2025-04-09 16:06:21,883 INFO: Running set_position_group for group 'Pivot_Group' with positions: {7: 150, 8: 180}
2025-04-09 16:06:21,886 INFO: Front pivot angle set to 150 degrees (ticks: 150)
2025-04-09 16:06:21,887 INFO: Rear pivot angle set to 180 degrees (ticks: 180)
2025-04-09 16:06:23,204 INFO: Running set_position_group for group 'Pivot_Group' with positions: {7: 155, 8: 180}
2025-04-09 16:06:23,210 INFO: Front pivot angle set to 155 degrees (ticks: 155)
2025-04-09 16:06:23,211 INFO: Rear pivot angle set to 180 degrees (ticks: 180)
2025-04-09 16:06:23,474 INFO: Running set_position_group for group 'Pivot_Group' with positions: {7: 160, 8: 180}
2025-04-09 16:06:23,478 INFO: Front pivot angle set to 160 degrees (ticks: 160)
2025-04-09 16:06:23,478 INFO: Rear pivot angle set to 180 degrees (ticks: 180)
2025-04-09 16:06:23,744 INFO: Running set_position_group for group 'Pivot_Group' with positions: {7: 165, 8: 180}
2025-04-09 16:06:23,747 INFO: Front pivot angle set to 165 degrees (ticks: 165)
2025-04-09 16:06:23,748 INFO: Rear pivot angle set to 180 degrees (ticks: 180)
2025-04-09 16:06:24,285 INFO: Running set_position_group for group 'Pivot_Group' with positions: {7: 170, 8: 180}
2025-04-09 16:06:24,288 INFO: Front pivot angle set to 170 degrees (ticks: 170)
2025-04-09 16:06:24,288 INFO: Rear pivot angle set to 180 degrees (ticks: 180)
2025-04-09 16:06:24,540 INFO: Profile velocities set for group Wheg_Group: {1: 87.4, 2: 87.4, 3: 87.4, 4: 87.4, 5: 87.4, 6: 87.4}
2025-04-09 16:06:24,540 INFO: Incrementing motor positions by 360 degrees for group 'Wheg_Group'
2025-04-09 16:06:24,550 INFO: Gait 1 step executed at 20.00RPM, wait for 3.00 seconds
2025-04-09 16:06:24,551 INFO: Running set_position_group for group 'Pivot_Group' with positions: {7: 175, 8: 180}
2025-04-09 16:06:24,554 INFO: Front pivot angle set to 175 degrees (ticks: 175)
2025-04-09 16:06:24,555 INFO: Rear pivot angle set to 180 degrees (ticks: 180)
2025-04-09 16:06:24,806 INFO: Running set_position_group for group 'Pivot_Group' with positions: {7: 180, 8: 180}
2025-04-09 16:06:24,810 INFO: Front pivot angle set to 180 degrees (ticks: 180)
2025-04-09 16:06:24,810 INFO: Rear pivot angle set to 180 degrees (ticks: 180)
2025-04-09 16:06:25,062 INFO: Running set_position_group for group 'Pivot_Group' with positions: {7: 185, 8: 180}
2025-04-09 16:06:25,065 INFO: Front pivot angle set to 185 degrees (ticks: 185)
2025-04-09 16:06:25,066 INFO: Rear pivot angle set to 180 degrees (ticks: 180)
2025-04-09 16:06:25,318 INFO: Running set_position_group for group 'Pivot_Group' with positions: {7: 190, 8: 180}
2025-04-09 16:06:25,321 INFO: Front pivot angle set to 190 degrees (ticks: 190)
2025-04-09 16:06:25,322 INFO: Rear pivot angle set to 180 degrees (ticks: 180)
2025-04-09 16:06:27,570 INFO: Profile velocities set for group Wheg_Group: {1: 109.25, 2: 109.25, 3: 109.25, 4: 109.25, 5: 109.25, 6: 109.25}
2025-04-09 16:06:27,571 INFO: Incrementing motor positions by 360 degrees for group 'Wheg_Group'
2025-04-09 16:06:27,582 INFO: Gait 1 step executed at 25.00RPM, wait for 2.40 seconds
2025-04-09 16:06:30,003 INFO: Profile velocities set for group Wheg_Group: {1: 131.1, 2: 131.1, 3: 131.1, 4: 131.1, 5: 131.1, 6: 131.1}
2025-04-09 16:06:30,003 INFO: Incrementing motor positions by 360 degrees for group 'Wheg_Group'
2025-04-09 16:06:30,014 INFO: Gait 1 step executed at 30.00RPM, wait for 2.00 seconds
2025-04-09 16:06:31,321 INFO: Running set_position_group for group 'Pivot_Group' with positions: {7: 195, 8: 180}
2025-04-09 16:06:31,325 INFO: Front pivot angle set to 195 degrees (ticks: 195)
2025-04-09 16:06:31,326 INFO: Rear pivot angle set to 180 degrees (ticks: 180)
2025-04-09 16:06:31,592 INFO: Running set_position_group for group 'Pivot_Group' with positions: {7: 200, 8: 180}
2025-04-09 16:06:31,596 INFO: Front pivot angle set to 200 degrees (ticks: 200)
2025-04-09 16:06:31,596 INFO: Rear pivot angle set to 180 degrees (ticks: 180)
2025-04-09 16:06:31,849 INFO: Running set_position_group for group 'Pivot_Group' with positions: {7: 205, 8: 180}
2025-04-09 16:06:31,852 INFO: Front pivot angle set to 205 degrees (ticks: 205)
2025-04-09 16:06:31,853 INFO: Rear pivot angle set to 180 degrees (ticks: 180)
2025-04-09 16:06:32,047 INFO: Profile velocities set for group Wheg_Group: {1: 152.95000000000002, 2: 152.95000000000002, 3: 152.95000000000002, 4: 152.95000000000002, 5: 152.95000000000002, 6: 152.95000000000002}
2025-04-09 16:06:32,047 INFO: Incrementing motor positions by 360 degrees for group 'Wheg_Group'
2025-04-09 16:06:32,057 INFO: Gait 1 step executed at 35.00RPM, wait for 1.71 seconds
2025-04-09 16:06:32,115 INFO: Running set_position_group for group 'Pivot_Group' with positions: {7: 210, 8: 180}
2025-04-09 16:06:32,119 INFO: Front pivot angle set to 210 degrees (ticks: 210)
2025-04-09 16:06:32,119 INFO: Rear pivot angle set to 180 degrees (ticks: 180)
2025-04-09 16:06:32,373 INFO: Running set_position_group for group 'Pivot_Group' with positions: {7: 215, 8: 180}
2025-04-09 16:06:32,376 INFO: Front pivot angle set to 215 degrees (ticks: 215)
2025-04-09 16:06:32,377 INFO: Rear pivot angle set to 180 degrees (ticks: 180)
2025-04-09 16:06:33,406 INFO: Running set_position_group for group 'Pivot_Group' with positions: {7: 210, 8: 180}
2025-04-09 16:06:33,410 INFO: Front pivot angle set to 210 degrees (ticks: 210)
2025-04-09 16:06:33,410 INFO: Rear pivot angle set to 180 degrees (ticks: 180)
2025-04-09 16:06:33,687 INFO: Running set_position_group for group 'Pivot_Group' with positions: {7: 205, 8: 180}
2025-04-09 16:06:33,691 INFO: Front pivot angle set to 205 degrees (ticks: 205)
2025-04-09 16:06:33,691 INFO: Rear pivot angle set to 180 degrees (ticks: 180)
2025-04-09 16:06:33,794 INFO: Profile velocities set for group Wheg_Group: {1: 174.79866638183594, 2: 174.79866638183594, 3: 174.79866638183594, 4: 174.79866638183594, 5: 174.79866638183594, 6: 174.79866638183594}
2025-04-09 16:06:33,795 INFO: Incrementing motor positions by 360 degrees for group 'Wheg_Group'
2025-04-09 16:06:33,806 INFO: Gait 1 step executed at 40.00RPM, wait for 1.50 seconds
2025-04-09 16:06:33,951 INFO: Running set_position_group for group 'Pivot_Group' with positions: {7: 200, 8: 180}
2025-04-09 16:06:33,954 INFO: Front pivot angle set to 200 degrees (ticks: 200)
2025-04-09 16:06:33,954 INFO: Rear pivot angle set to 180 degrees (ticks: 180)
2025-04-09 16:06:36,007 INFO: Running set_position_group for group 'Pivot_Group' with positions: {7: 195, 8: 180}
2025-04-09 16:06:36,010 INFO: Front pivot angle set to 195 degrees (ticks: 195)
2025-04-09 16:06:36,010 INFO: Rear pivot angle set to 180 degrees (ticks: 180)
2025-04-09 16:06:36,262 INFO: Running set_position_group for group 'Pivot_Group' with positions: {7: 190, 8: 180}
2025-04-09 16:06:36,266 INFO: Front pivot angle set to 190 degrees (ticks: 190)
2025-04-09 16:06:36,266 INFO: Rear pivot angle set to 180 degrees (ticks: 180)
2025-04-09 16:06:36,520 INFO: Running set_position_group for group 'Pivot_Group' with positions: {7: 185, 8: 180}
2025-04-09 16:06:36,523 INFO: Front pivot angle set to 185 degrees (ticks: 185)
2025-04-09 16:06:36,523 INFO: Rear pivot angle set to 180 degrees (ticks: 180)
2025-04-09 16:06:36,780 INFO: Running set_position_group for group 'Pivot_Group' with positions: {7: 180, 8: 180}
2025-04-09 16:06:36,783 INFO: Front pivot angle set to 180 degrees (ticks: 180)
2025-04-09 16:06:36,784 INFO: Rear pivot angle set to 180 degrees (ticks: 180)
2025-04-09 16:06:37,301 INFO: Profile velocities set for group Wheg_Group: {1: 87.4, 2: 87.4, 3: 87.4, 4: 87.4, 5: 87.4, 6: 87.4}
2025-04-09 16:06:37,301 INFO: Incrementing motor positions by 360 degrees for group 'Wheg_Group'
2025-04-09 16:06:37,311 INFO: Gait 1 step executed at 20.00RPM, wait for 3.00 seconds
2025-04-09 16:06:41,179 INFO: Running set_position_group for group 'Pivot_Group' with positions: {7: 175, 8: 180}
2025-04-09 16:06:41,182 INFO: Front pivot angle set to 175 degrees (ticks: 175)
2025-04-09 16:06:41,182 INFO: Rear pivot angle set to 180 degrees (ticks: 180)
2025-04-09 16:06:41,437 INFO: Running set_position_group for group 'Pivot_Group' with positions: {7: 170, 8: 180}
2025-04-09 16:06:41,440 INFO: Front pivot angle set to 170 degrees (ticks: 170)
2025-04-09 16:06:41,441 INFO: Rear pivot angle set to 180 degrees (ticks: 180)
2025-04-09 16:06:41,696 INFO: Running set_position_group for group 'Pivot_Group' with positions: {7: 165, 8: 180}
2025-04-09 16:06:41,700 INFO: Front pivot angle set to 165 degrees (ticks: 165)
2025-04-09 16:06:41,700 INFO: Rear pivot angle set to 180 degrees (ticks: 180)
2025-04-09 16:06:41,956 INFO: Running set_position_group for group 'Pivot_Group' with positions: {7: 160, 8: 180}
2025-04-09 16:06:41,960 INFO: Front pivot angle set to 160 degrees (ticks: 160)
2025-04-09 16:06:41,961 INFO: Rear pivot angle set to 180 degrees (ticks: 180)
2025-04-09 16:06:42,216 INFO: Running set_position_group for group 'Pivot_Group' with positions: {7: 155, 8: 180}
2025-04-09 16:06:42,219 INFO: Front pivot angle set to 155 degrees (ticks: 155)
2025-04-09 16:06:42,220 INFO: Rear pivot angle set to 180 degrees (ticks: 180)
2025-04-09 16:06:42,303 INFO: Profile velocities set for group Wheg_Group: {1: 87.4, 2: 87.4, 3: 87.4, 4: 87.4, 5: 87.4, 6: 87.4}
2025-04-09 16:06:42,303 INFO: Incrementing motor positions by 360 degrees for group 'Wheg_Group'
2025-04-09 16:06:42,314 INFO: Gait 1 step executed at 20.00RPM, wait for 3.00 seconds
2025-04-09 16:06:42,470 INFO: Running set_position_group for group 'Pivot_Group' with positions: {7: 150, 8: 180}
2025-04-09 16:06:42,474 INFO: Front pivot angle set to 150 degrees (ticks: 150)
2025-04-09 16:06:42,474 INFO: Rear pivot angle set to 180 degrees (ticks: 180)
2025-04-09 16:06:44,566 INFO: Running set_position_group for group 'Pivot_Group' with positions: {7: 145, 8: 180}
2025-04-09 16:06:44,569 INFO: Front pivot angle set to 145 degrees (ticks: 145)
2025-04-09 16:06:44,570 INFO: Rear pivot angle set to 180 degrees (ticks: 180)
2025-04-09 16:06:45,080 INFO: Running set_position_group for group 'Pivot_Group' with positions: {7: 145, 8: 175}
2025-04-09 16:06:45,084 INFO: Front pivot angle set to 145 degrees (ticks: 145)
2025-04-09 16:06:45,084 INFO: Rear pivot angle set to 175 degrees (ticks: 175)
2025-04-09 16:06:45,338 INFO: Running set_position_group for group 'Pivot_Group' with positions: {7: 145, 8: 170}
2025-04-09 16:06:45,342 INFO: Front pivot angle set to 145 degrees (ticks: 145)
2025-04-09 16:06:45,342 INFO: Rear pivot angle set to 170 degrees (ticks: 170)
2025-04-09 16:06:45,358 INFO: Profile velocities set for group Wheg_Group: {1: 109.25, 2: 109.25, 3: 109.25, 4: 109.25, 5: 109.25, 6: 109.25}
2025-04-09 16:06:45,358 INFO: Incrementing motor positions by 360 degrees for group 'Wheg_Group'
2025-04-09 16:06:45,368 INFO: Gait 1 step executed at 25.00RPM, wait for 2.40 seconds
2025-04-09 16:06:45,596 INFO: Running set_position_group for group 'Pivot_Group' with positions: {7: 145, 8: 165}
2025-04-09 16:06:45,600 INFO: Front pivot angle set to 145 degrees (ticks: 145)
2025-04-09 16:06:45,600 INFO: Rear pivot angle set to 165 degrees (ticks: 165)
2025-04-09 16:08:18,410 INFO: Tasks were cancelled due to shutdown, proceeding to cleanup...
2025-04-09 16:08:18,410 INFO: Initiating safe shutdown...
2025-04-09 16:08:18,411 INFO: Setting operating mode 'velocity' for group 'All_Motors'
2025-04-09 16:08:18,411 INFO: Disabling torque for group All_Motors
2025-04-09 16:08:18,412 INFO: Enabling torque for group All_Motors
2025-04-09 16:08:18,412 INFO: Setting the profile velocity for group All_Motors from config.yaml: 8
2025-04-09 16:08:18,413 INFO: Profile velocities set for group All_Motors: {1: 34.96, 2: 34.96, 3: 34.96, 4: 34.96, 5: 34.96, 6: 34.96, 7: 34.96, 8: 34.96}
2025-04-09 16:08:18,413 WARNING: Velocity limit 200 exceeds hard limit 100. Limiting to 100.
2025-04-09 16:08:18,414 INFO: Velocity limit set to 100 for group All_Motors
2025-04-09 16:08:18,414 INFO: Enabling torque for group All_Motors
2025-04-09 16:08:18,414 INFO: Setting the profile velocity for group All_Motors from config.yaml: 8
2025-04-09 16:08:18,415 INFO: Profile velocities set for group All_Motors: {1: 34.96, 2: 34.96, 3: 34.96, 4: 34.96, 5: 34.96, 6: 34.96, 7: 34.96, 8: 34.96}
2025-04-09 16:08:18,416 INFO: Target velocities set for group All_Motors: {1: 0, 2: 0, 3: 0, 4: 0, 5: 0, 6: 0, 7: 0, 8: 0}
2025-04-09 16:08:18,416 INFO: Running set_position_group for group 'All_Motors' with positions: 180
2025-04-09 16:08:18,423 WARNING: Motor 1 is not in Position Control Mode. Setting mode now.
2025-04-09 16:08:18,424 INFO: Setting operating mode 'position' for group 'All_Motors'
2025-04-09 16:08:18,424 INFO: Disabling torque for group All_Motors
2025-04-09 16:08:18,424 INFO: Enabling torque for group All_Motors
2025-04-09 16:08:18,425 INFO: Setting the profile velocity for group All_Motors from config.yaml: 8
2025-04-09 16:08:18,425 INFO: Profile velocities set for group All_Motors: {1: 34.96, 2: 34.96, 3: 34.96, 4: 34.96, 5: 34.96, 6: 34.96, 7: 34.96, 8: 34.96}
2025-04-09 16:08:18,425 INFO: Setting the profile velocity for group All_Motors from config.yaml: 8
2025-04-09 16:08:18,426 INFO: Profile velocities set for group All_Motors: {1: 34.96, 2: 34.96, 3: 34.96, 4: 34.96, 5: 34.96, 6: 34.96, 7: 34.96, 8: 34.96}
2025-04-09 16:08:18,426 INFO: Closing PS4Controller and quitting pygame
2025-04-09 16:08:18,498 INFO: Port closed successfully.
2025-04-09 16:08:18,498 INFO: Shutdown complete.
