2024-10-29 17:54:15,551 INFO: Initializing PS4Controller
2024-10-29 17:54:15,822 INFO: Configuration loaded successfully
2024-10-29 17:54:15,826 INFO: Port /dev/ttyACM0 opened successfully
2024-10-29 17:54:15,836 INFO: Baudrate set to 1000000
2024-10-29 17:54:15,837 INFO: Control table loaded successfully.
2024-10-29 17:54:15,838 INFO: Motor group 'Pivot_Group' created with motors: [7, 8]
2024-10-29 17:54:15,838 INFO: Motor group 'Wheg_Group' created with motors: [1, 2, 3, 4, 5, 6]
2024-10-29 17:54:15,839 INFO: Motor group 'All_Motors' created with motors: [1, 2, 3, 4, 5, 6, 7, 8]
2024-10-29 17:54:15,839 INFO: Motor group 'Left_Whegs' created with motors: [1, 2, 3]
2024-10-29 17:54:15,840 INFO: Motor group 'Right_Whegs' created with motors: [4, 5, 6]
2024-10-29 17:54:15,840 INFO: Motor group 'Front_Whegs' created with motors: [3, 6]
2024-10-29 17:54:15,841 INFO: Motor group 'Rear_Whegs' created with motors: [1, 4]
2024-10-29 17:54:15,841 INFO: Motor group 'Middle_Whegs' created with motors: [2, 5]
2024-10-29 17:54:15,841 INFO: Motor group 'Two_Right_One_Left' created with motors: [2, 4, 6]
2024-10-29 17:54:15,842 INFO: Motor group 'Two_Left_One_Right' created with motors: [5, 1, 3]
2024-10-29 17:54:15,842 INFO: Initialised PS4 controller, Dynamixel, and Robot State
2024-10-29 17:54:16,005 INFO: Disabling torque for group Right_Whegs
2024-10-29 17:54:16,008 INFO: Drive mode set for group Right_Whegs with reverse_direction=True
2024-10-29 17:54:16,011 INFO: Enabling torque for group Right_Whegs
2024-10-29 17:54:16,013 INFO: Setting the profile velocity for group Right_Whegs from config.yaml: None
2024-10-29 17:54:16,015 ERROR: Profile velocity for group Right_Whegs not found in config.yaml and no value was provided.
2024-10-29 17:54:16,015 INFO: Profile velocities set for group Right_Whegs: {4: 21.85, 5: 21.85, 6: 21.85}
2024-10-29 17:54:16,016 INFO: Disabling torque for group Left_Whegs
2024-10-29 17:54:16,017 INFO: Drive mode set for group Left_Whegs with reverse_direction=False
2024-10-29 17:54:16,017 INFO: Enabling torque for group Left_Whegs
2024-10-29 17:54:16,018 INFO: Setting the profile velocity for group Left_Whegs from config.yaml: None
2024-10-29 17:54:16,019 ERROR: Profile velocity for group Left_Whegs not found in config.yaml and no value was provided.
2024-10-29 17:54:16,020 INFO: Profile velocities set for group Left_Whegs: {1: 21.85, 2: 21.85, 3: 21.85}
2024-10-29 17:54:16,020 INFO: Set the right side whegs to reverse direction
2024-10-29 17:54:16,021 INFO: Disabling torque for group Pivot_Group
2024-10-29 17:54:16,022 INFO: Drive mode set for group Pivot_Group with reverse_direction=False
2024-10-29 17:54:16,022 INFO: Enabling torque for group Pivot_Group
2024-10-29 17:54:16,023 INFO: Setting the profile velocity for group Pivot_Group from config.yaml: 4
2024-10-29 17:54:16,024 INFO: Profile velocities set for group Pivot_Group: {7: 17.48, 8: 17.48}
2024-10-29 17:54:16,026 INFO: Position limits set for group Pivot_Group: min=45° (ticks=511), max=315° (ticks=3583)
2024-10-29 17:54:16,026 INFO: Set position limits for the pivot motors
2024-10-29 17:54:16,035 INFO: Initialising Gait 1
2024-10-29 17:54:16,035 INFO: Running set_position_group for group 'Wheg_Group' with positions: 180
2024-10-29 17:54:16,041 INFO: Running set_position_group for group 'Pivot_Group' with positions: 180
2024-10-29 17:54:16,045 INFO: Initialised Gait 1, waiting for 3 seconds
2024-10-29 17:54:16,045 ERROR: Error controlling pivots: 'dpad_down'
2024-10-29 17:54:18,756 INFO: Triangle pressed. Preparing to change to next gait: 2
2024-10-29 17:54:19,046 INFO: Setting operating mode 'multi_turn' for group 'Wheg_Group'
2024-10-29 17:54:19,047 INFO: Disabling torque for group Wheg_Group
2024-10-29 17:54:19,049 INFO: Enabling torque for group Wheg_Group
2024-10-29 17:54:19,049 INFO: Setting the profile velocity for group Wheg_Group from config.yaml: 10
2024-10-29 17:54:19,051 INFO: Profile velocities set for group Wheg_Group: {1: 43.7, 2: 43.7, 3: 43.7, 4: 43.7, 5: 43.7, 6: 43.7}
2024-10-29 17:54:19,051 INFO: Setting the profile velocity for group Wheg_Group from config.yaml: 10
2024-10-29 17:54:19,053 INFO: Profile velocities set for group Wheg_Group: {1: 43.7, 2: 43.7, 3: 43.7, 4: 43.7, 5: 43.7, 6: 43.7}
2024-10-29 17:54:19,053 INFO: New gait 2 is now active.
2024-10-29 17:54:20,299 INFO: Initiating safe shutdown...
2024-10-29 17:54:20,300 INFO: Setting operating mode 'velocity' for group 'All_Motors'
2024-10-29 17:54:20,300 INFO: Disabling torque for group All_Motors
2024-10-29 17:54:20,301 INFO: Enabling torque for group All_Motors
2024-10-29 17:54:20,302 INFO: Setting the profile velocity for group All_Motors from config.yaml: 8
2024-10-29 17:54:20,303 INFO: Profile velocities set for group All_Motors: {1: 34.96, 2: 34.96, 3: 34.96, 4: 34.96, 5: 34.96, 6: 34.96, 7: 34.96, 8: 34.96}
2024-10-29 17:54:20,303 WARNING: Velocity limit 200 exceeds hard limit 100. Limiting to 100.
2024-10-29 17:54:20,304 INFO: Velocity limit set to 100 for group All_Motors
2024-10-29 17:54:20,305 INFO: Enabling torque for group All_Motors
2024-10-29 17:54:20,306 INFO: Setting the profile velocity for group All_Motors from config.yaml: 8
2024-10-29 17:54:20,306 INFO: Profile velocities set for group All_Motors: {1: 34.96, 2: 34.96, 3: 34.96, 4: 34.96, 5: 34.96, 6: 34.96, 7: 34.96, 8: 34.96}
2024-10-29 17:54:20,307 INFO: Target velocities set for group All_Motors: {1: 0, 2: 0, 3: 0, 4: 0, 5: 0, 6: 0, 7: 0, 8: 0}
2024-10-29 17:54:20,307 INFO: Running set_position_group for group 'All_Motors' with positions: 180
2024-10-29 17:54:20,315 WARNING: Motor 1 is not in Position Control Mode. Setting mode now.
2024-10-29 17:54:20,315 INFO: Setting operating mode 'position' for group 'All_Motors'
2024-10-29 17:54:20,316 INFO: Disabling torque for group All_Motors
2024-10-29 17:54:20,317 INFO: Enabling torque for group All_Motors
2024-10-29 17:54:20,317 INFO: Setting the profile velocity for group All_Motors from config.yaml: 8
2024-10-29 17:54:20,318 INFO: Profile velocities set for group All_Motors: {1: 34.96, 2: 34.96, 3: 34.96, 4: 34.96, 5: 34.96, 6: 34.96, 7: 34.96, 8: 34.96}
2024-10-29 17:54:20,318 INFO: Setting the profile velocity for group All_Motors from config.yaml: 8
2024-10-29 17:54:20,319 INFO: Profile velocities set for group All_Motors: {1: 34.96, 2: 34.96, 3: 34.96, 4: 34.96, 5: 34.96, 6: 34.96, 7: 34.96, 8: 34.96}
2024-10-29 17:54:20,320 INFO: Closing PS4Controller and quitting pygame
2024-10-29 17:54:20,383 INFO: Port closed successfully.
2024-10-29 17:54:20,384 INFO: Shutdown complete.
2024-10-29 17:54:26,592 INFO: Initializing PS4Controller
2024-10-29 17:54:26,849 INFO: Configuration loaded successfully
2024-10-29 17:54:26,851 INFO: Port /dev/ttyACM0 opened successfully
2024-10-29 17:54:26,861 INFO: Baudrate set to 1000000
2024-10-29 17:54:26,862 INFO: Control table loaded successfully.
2024-10-29 17:54:26,863 INFO: Motor group 'Pivot_Group' created with motors: [7, 8]
2024-10-29 17:54:26,864 INFO: Motor group 'Wheg_Group' created with motors: [1, 2, 3, 4, 5, 6]
2024-10-29 17:54:26,864 INFO: Motor group 'All_Motors' created with motors: [1, 2, 3, 4, 5, 6, 7, 8]
2024-10-29 17:54:26,865 INFO: Motor group 'Left_Whegs' created with motors: [1, 2, 3]
2024-10-29 17:54:26,865 INFO: Motor group 'Right_Whegs' created with motors: [4, 5, 6]
2024-10-29 17:54:26,866 INFO: Motor group 'Front_Whegs' created with motors: [3, 6]
2024-10-29 17:54:26,866 INFO: Motor group 'Rear_Whegs' created with motors: [1, 4]
2024-10-29 17:54:26,866 INFO: Motor group 'Middle_Whegs' created with motors: [2, 5]
2024-10-29 17:54:26,867 INFO: Motor group 'Two_Right_One_Left' created with motors: [2, 4, 6]
2024-10-29 17:54:26,867 INFO: Motor group 'Two_Left_One_Right' created with motors: [5, 1, 3]
2024-10-29 17:54:26,868 INFO: Initialised PS4 controller, Dynamixel, and Robot State
2024-10-29 17:54:26,881 INFO: Disabling torque for group Right_Whegs
2024-10-29 17:54:26,883 INFO: Drive mode set for group Right_Whegs with reverse_direction=True
2024-10-29 17:54:26,887 INFO: Enabling torque for group Right_Whegs
2024-10-29 17:54:26,889 INFO: Setting the profile velocity for group Right_Whegs from config.yaml: None
2024-10-29 17:54:26,890 ERROR: Profile velocity for group Right_Whegs not found in config.yaml and no value was provided.
2024-10-29 17:54:26,891 INFO: Profile velocities set for group Right_Whegs: {4: 21.85, 5: 21.85, 6: 21.85}
2024-10-29 17:54:26,892 INFO: Disabling torque for group Left_Whegs
2024-10-29 17:54:26,893 INFO: Drive mode set for group Left_Whegs with reverse_direction=False
2024-10-29 17:54:26,893 INFO: Enabling torque for group Left_Whegs
2024-10-29 17:54:26,894 INFO: Setting the profile velocity for group Left_Whegs from config.yaml: None
2024-10-29 17:54:26,895 ERROR: Profile velocity for group Left_Whegs not found in config.yaml and no value was provided.
2024-10-29 17:54:26,896 INFO: Profile velocities set for group Left_Whegs: {1: 21.85, 2: 21.85, 3: 21.85}
2024-10-29 17:54:26,897 INFO: Set the right side whegs to reverse direction
2024-10-29 17:54:26,897 INFO: Disabling torque for group Pivot_Group
2024-10-29 17:54:26,898 INFO: Drive mode set for group Pivot_Group with reverse_direction=False
2024-10-29 17:54:26,899 INFO: Enabling torque for group Pivot_Group
2024-10-29 17:54:26,900 INFO: Setting the profile velocity for group Pivot_Group from config.yaml: 4
2024-10-29 17:54:26,901 INFO: Profile velocities set for group Pivot_Group: {7: 17.48, 8: 17.48}
2024-10-29 17:54:26,902 INFO: Position limits set for group Pivot_Group: min=45° (ticks=511), max=315° (ticks=3583)
2024-10-29 17:54:26,902 INFO: Set position limits for the pivot motors
2024-10-29 17:54:26,911 INFO: Initialising Gait 1
2024-10-29 17:54:26,912 INFO: Running set_position_group for group 'Wheg_Group' with positions: 180
2024-10-29 17:54:26,917 INFO: Running set_position_group for group 'Pivot_Group' with positions: 180
2024-10-29 17:54:26,921 INFO: Initialised Gait 1, waiting for 3 seconds
2024-10-29 17:54:26,922 ERROR: Error controlling pivots: 'dpad_down'
2024-10-29 17:54:28,918 INFO: Triangle pressed. Preparing to change to next gait: 2
2024-10-29 17:54:29,922 INFO: Setting operating mode 'multi_turn' for group 'Wheg_Group'
2024-10-29 17:54:29,923 INFO: Disabling torque for group Wheg_Group
2024-10-29 17:54:29,924 INFO: Enabling torque for group Wheg_Group
2024-10-29 17:54:29,925 INFO: Setting the profile velocity for group Wheg_Group from config.yaml: 10
2024-10-29 17:54:29,926 INFO: Profile velocities set for group Wheg_Group: {1: 43.7, 2: 43.7, 3: 43.7, 4: 43.7, 5: 43.7, 6: 43.7}
2024-10-29 17:54:29,927 INFO: Setting the profile velocity for group Wheg_Group from config.yaml: 10
2024-10-29 17:54:29,928 INFO: Profile velocities set for group Wheg_Group: {1: 43.7, 2: 43.7, 3: 43.7, 4: 43.7, 5: 43.7, 6: 43.7}
2024-10-29 17:54:29,929 INFO: New gait 2 is now active.
2024-10-29 17:54:31,534 INFO: Initiating safe shutdown...
2024-10-29 17:54:31,535 INFO: Setting operating mode 'velocity' for group 'All_Motors'
2024-10-29 17:54:31,536 INFO: Disabling torque for group All_Motors
2024-10-29 17:54:31,537 INFO: Enabling torque for group All_Motors
2024-10-29 17:54:31,537 INFO: Setting the profile velocity for group All_Motors from config.yaml: 8
2024-10-29 17:54:31,539 INFO: Profile velocities set for group All_Motors: {1: 34.96, 2: 34.96, 3: 34.96, 4: 34.96, 5: 34.96, 6: 34.96, 7: 34.96, 8: 34.96}
2024-10-29 17:54:31,539 WARNING: Velocity limit 200 exceeds hard limit 100. Limiting to 100.
2024-10-29 17:54:31,540 INFO: Velocity limit set to 100 for group All_Motors
2024-10-29 17:54:31,540 INFO: Enabling torque for group All_Motors
2024-10-29 17:54:31,541 INFO: Setting the profile velocity for group All_Motors from config.yaml: 8
2024-10-29 17:54:31,542 INFO: Profile velocities set for group All_Motors: {1: 34.96, 2: 34.96, 3: 34.96, 4: 34.96, 5: 34.96, 6: 34.96, 7: 34.96, 8: 34.96}
2024-10-29 17:54:31,544 INFO: Target velocities set for group All_Motors: {1: 0, 2: 0, 3: 0, 4: 0, 5: 0, 6: 0, 7: 0, 8: 0}
2024-10-29 17:54:31,544 INFO: Running set_position_group for group 'All_Motors' with positions: 180
2024-10-29 17:54:31,552 WARNING: Motor 1 is not in Position Control Mode. Setting mode now.
2024-10-29 17:54:31,552 INFO: Setting operating mode 'position' for group 'All_Motors'
2024-10-29 17:54:31,553 INFO: Disabling torque for group All_Motors
2024-10-29 17:54:31,554 INFO: Enabling torque for group All_Motors
2024-10-29 17:54:31,555 INFO: Setting the profile velocity for group All_Motors from config.yaml: 8
2024-10-29 17:54:31,556 INFO: Profile velocities set for group All_Motors: {1: 34.96, 2: 34.96, 3: 34.96, 4: 34.96, 5: 34.96, 6: 34.96, 7: 34.96, 8: 34.96}
2024-10-29 17:54:31,557 INFO: Setting the profile velocity for group All_Motors from config.yaml: 8
2024-10-29 17:54:31,558 INFO: Profile velocities set for group All_Motors: {1: 34.96, 2: 34.96, 3: 34.96, 4: 34.96, 5: 34.96, 6: 34.96, 7: 34.96, 8: 34.96}
2024-10-29 17:54:31,559 INFO: Closing PS4Controller and quitting pygame
2024-10-29 17:54:31,642 INFO: Port closed successfully.
2024-10-29 17:54:31,643 INFO: Shutdown complete.
2024-10-29 17:54:32,286 INFO: Initializing PS4Controller
2024-10-29 17:54:32,583 INFO: Configuration loaded successfully
2024-10-29 17:54:32,586 INFO: Port /dev/ttyACM0 opened successfully
2024-10-29 17:54:32,596 INFO: Baudrate set to 1000000
2024-10-29 17:54:32,597 INFO: Control table loaded successfully.
2024-10-29 17:54:32,597 INFO: Motor group 'Pivot_Group' created with motors: [7, 8]
2024-10-29 17:54:32,598 INFO: Motor group 'Wheg_Group' created with motors: [1, 2, 3, 4, 5, 6]
2024-10-29 17:54:32,598 INFO: Motor group 'All_Motors' created with motors: [1, 2, 3, 4, 5, 6, 7, 8]
2024-10-29 17:54:32,599 INFO: Motor group 'Left_Whegs' created with motors: [1, 2, 3]
2024-10-29 17:54:32,599 INFO: Motor group 'Right_Whegs' created with motors: [4, 5, 6]
2024-10-29 17:54:32,600 INFO: Motor group 'Front_Whegs' created with motors: [3, 6]
2024-10-29 17:54:32,601 INFO: Motor group 'Rear_Whegs' created with motors: [1, 4]
2024-10-29 17:54:32,601 INFO: Motor group 'Middle_Whegs' created with motors: [2, 5]
2024-10-29 17:54:32,602 INFO: Motor group 'Two_Right_One_Left' created with motors: [2, 4, 6]
2024-10-29 17:54:32,602 INFO: Motor group 'Two_Left_One_Right' created with motors: [5, 1, 3]
2024-10-29 17:54:32,602 INFO: Initialised PS4 controller, Dynamixel, and Robot State
2024-10-29 17:54:32,615 INFO: Disabling torque for group Right_Whegs
2024-10-29 17:54:32,618 INFO: Drive mode set for group Right_Whegs with reverse_direction=True
2024-10-29 17:54:32,621 INFO: Enabling torque for group Right_Whegs
2024-10-29 17:54:32,624 INFO: Setting the profile velocity for group Right_Whegs from config.yaml: None
2024-10-29 17:54:32,625 ERROR: Profile velocity for group Right_Whegs not found in config.yaml and no value was provided.
2024-10-29 17:54:32,626 INFO: Profile velocities set for group Right_Whegs: {4: 21.85, 5: 21.85, 6: 21.85}
2024-10-29 17:54:32,627 INFO: Disabling torque for group Left_Whegs
2024-10-29 17:54:32,628 INFO: Drive mode set for group Left_Whegs with reverse_direction=False
2024-10-29 17:54:32,628 INFO: Enabling torque for group Left_Whegs
2024-10-29 17:54:32,629 INFO: Setting the profile velocity for group Left_Whegs from config.yaml: None
2024-10-29 17:54:32,630 ERROR: Profile velocity for group Left_Whegs not found in config.yaml and no value was provided.
2024-10-29 17:54:32,631 INFO: Profile velocities set for group Left_Whegs: {1: 21.85, 2: 21.85, 3: 21.85}
2024-10-29 17:54:32,631 INFO: Set the right side whegs to reverse direction
2024-10-29 17:54:32,632 INFO: Disabling torque for group Pivot_Group
2024-10-29 17:54:32,633 INFO: Drive mode set for group Pivot_Group with reverse_direction=False
2024-10-29 17:54:32,633 INFO: Enabling torque for group Pivot_Group
2024-10-29 17:54:32,634 INFO: Setting the profile velocity for group Pivot_Group from config.yaml: 4
2024-10-29 17:54:32,635 INFO: Profile velocities set for group Pivot_Group: {7: 17.48, 8: 17.48}
2024-10-29 17:54:32,636 INFO: Position limits set for group Pivot_Group: min=45° (ticks=511), max=315° (ticks=3583)
2024-10-29 17:54:32,637 INFO: Set position limits for the pivot motors
2024-10-29 17:54:32,645 INFO: Initialising Gait 1
2024-10-29 17:54:32,646 INFO: Running set_position_group for group 'Wheg_Group' with positions: 180
2024-10-29 17:54:32,652 INFO: Running set_position_group for group 'Pivot_Group' with positions: 180
2024-10-29 17:54:32,656 INFO: Initialised Gait 1, waiting for 3 seconds
2024-10-29 17:54:32,657 ERROR: Error controlling pivots: 'dpad_down'
2024-10-29 17:54:35,686 INFO: Setting operating mode 'multi_turn' for group 'Wheg_Group'
2024-10-29 17:54:35,689 INFO: Disabling torque for group Wheg_Group
2024-10-29 17:54:35,692 INFO: Enabling torque for group Wheg_Group
2024-10-29 17:54:35,693 INFO: Setting the profile velocity for group Wheg_Group from config.yaml: 10
2024-10-29 17:54:35,694 INFO: Profile velocities set for group Wheg_Group: {1: 43.7, 2: 43.7, 3: 43.7, 4: 43.7, 5: 43.7, 6: 43.7}
2024-10-29 17:54:35,695 INFO: Setting the profile velocity for group Wheg_Group from config.yaml: 10
2024-10-29 17:54:35,696 INFO: Profile velocities set for group Wheg_Group: {1: 43.7, 2: 43.7, 3: 43.7, 4: 43.7, 5: 43.7, 6: 43.7}
2024-10-29 17:54:35,696 INFO: New gait 1 is now active.
2024-10-29 17:54:36,491 INFO: Profile velocities set for group Wheg_Group: {1: 21.85, 2: 21.85, 3: 21.85, 4: 21.85, 5: 21.85, 6: 21.85}
2024-10-29 17:54:36,492 INFO: Incrementing motor positions by 360 degrees for group 'Wheg_Group'
2024-10-29 17:54:36,503 INFO: Gait 1 step executed at 5.00RPM, wait for 12.00 seconds
2024-10-29 17:54:48,429 INFO: Triangle pressed. Preparing to change to next gait: 2
2024-10-29 17:54:48,541 INFO: Initialising Gait 2
2024-10-29 17:54:48,542 INFO: Running set_position_group for group 'Wheg_Group' with positions: {1: 160, 2: 200, 3: 160, 4: 200, 5: 160, 6: 200}
2024-10-29 17:54:48,548 WARNING: Motor 1 is not in Position Control Mode. Setting mode now.
2024-10-29 17:54:48,548 INFO: Setting operating mode 'position' for group 'Wheg_Group'
2024-10-29 17:54:48,549 INFO: Disabling torque for group Wheg_Group
2024-10-29 17:54:48,550 INFO: Enabling torque for group Wheg_Group
2024-10-29 17:54:48,551 INFO: Setting the profile velocity for group Wheg_Group from config.yaml: 10
2024-10-29 17:54:48,552 INFO: Profile velocities set for group Wheg_Group: {1: 43.7, 2: 43.7, 3: 43.7, 4: 43.7, 5: 43.7, 6: 43.7}
2024-10-29 17:54:48,553 INFO: Setting the profile velocity for group Wheg_Group from config.yaml: 10
2024-10-29 17:54:48,554 INFO: Profile velocities set for group Wheg_Group: {1: 43.7, 2: 43.7, 3: 43.7, 4: 43.7, 5: 43.7, 6: 43.7}
2024-10-29 17:54:48,556 INFO: Running set_position_group for group 'Pivot_Group' with positions: 180
2024-10-29 17:54:48,560 INFO: Initialised Gait 2, waiting for 3 seconds
2024-10-29 17:54:51,562 INFO: Setting operating mode 'multi_turn' for group 'Wheg_Group'
2024-10-29 17:54:51,563 INFO: Disabling torque for group Wheg_Group
2024-10-29 17:54:51,564 INFO: Enabling torque for group Wheg_Group
2024-10-29 17:54:51,565 INFO: Setting the profile velocity for group Wheg_Group from config.yaml: 10
2024-10-29 17:54:51,566 INFO: Profile velocities set for group Wheg_Group: {1: 43.7, 2: 43.7, 3: 43.7, 4: 43.7, 5: 43.7, 6: 43.7}
2024-10-29 17:54:51,567 INFO: Setting the profile velocity for group Wheg_Group from config.yaml: 10
2024-10-29 17:54:51,568 INFO: Profile velocities set for group Wheg_Group: {1: 43.7, 2: 43.7, 3: 43.7, 4: 43.7, 5: 43.7, 6: 43.7}
2024-10-29 17:54:51,568 INFO: New gait 2 is now active.
2024-10-29 17:54:51,592 INFO: Profile velocities set for group Wheg_Group: {1: 8.74, 2: 69.92, 3: 8.74, 4: 69.92, 5: 8.74, 6: 69.92}
2024-10-29 17:54:51,593 INFO: Incrementing motor positions by {1: 40, 2: 320, 3: 40, 4: 320, 5: 40, 6: 320} degrees for group 'Wheg_Group'
2024-10-29 17:54:51,603 INFO: Gait 2 step executed at 2.00RPM, wait for 3.36 seconds
2024-10-29 17:54:55,024 INFO: Profile velocities set for group Wheg_Group: {1: 101.1778759765625, 2: 12.647234497070313, 3: 101.1778759765625, 4: 12.647234497070313, 5: 101.1778759765625, 6: 12.647234497070313}
2024-10-29 17:54:55,025 INFO: Incrementing motor positions by {1: 320, 2: 40, 3: 320, 4: 40, 5: 320, 6: 40} degrees for group 'Wheg_Group'
2024-10-29 17:54:55,037 INFO: Gait 2 step executed at 2.89RPM, wait for 2.33 seconds
2024-10-29 17:54:57,668 INFO: Share pressed. Reversing the direction of the whegs
2024-10-29 17:54:57,684 INFO: Disabling torque for group Wheg_Group
2024-10-29 17:54:57,686 INFO: Drive mode set for group Wheg_Group with reverse_direction={1: 1, 2: 1, 3: 1, 4: 0, 5: 0, 6: 0}
2024-10-29 17:54:57,688 INFO: Enabling torque for group Wheg_Group
2024-10-29 17:54:57,689 INFO: Setting the profile velocity for group Wheg_Group from config.yaml: 10
2024-10-29 17:54:57,690 INFO: Profile velocities set for group Wheg_Group: {1: 43.7, 2: 43.7, 3: 43.7, 4: 43.7, 5: 43.7, 6: 43.7}
2024-10-29 17:54:57,690 INFO: Reversed the direction of all whegs, waiting for 3 seconds
2024-10-29 17:55:00,691 INFO: Direction of whegs reversed.
2024-10-29 17:55:00,750 INFO: Initialising Gait 2
2024-10-29 17:55:00,751 INFO: Running set_position_group for group 'Wheg_Group' with positions: {1: 160, 2: 200, 3: 160, 4: 200, 5: 160, 6: 200}
2024-10-29 17:55:00,757 WARNING: Motor 1 is not in Position Control Mode. Setting mode now.
2024-10-29 17:55:00,759 INFO: Setting operating mode 'position' for group 'Wheg_Group'
2024-10-29 17:55:00,760 INFO: Disabling torque for group Wheg_Group
2024-10-29 17:55:00,762 INFO: Enabling torque for group Wheg_Group
2024-10-29 17:55:00,763 INFO: Setting the profile velocity for group Wheg_Group from config.yaml: 10
2024-10-29 17:55:00,764 INFO: Profile velocities set for group Wheg_Group: {1: 43.7, 2: 43.7, 3: 43.7, 4: 43.7, 5: 43.7, 6: 43.7}
2024-10-29 17:55:00,765 INFO: Setting the profile velocity for group Wheg_Group from config.yaml: 10
2024-10-29 17:55:00,766 INFO: Profile velocities set for group Wheg_Group: {1: 43.7, 2: 43.7, 3: 43.7, 4: 43.7, 5: 43.7, 6: 43.7}
2024-10-29 17:55:00,768 INFO: Running set_position_group for group 'Pivot_Group' with positions: 180
2024-10-29 17:55:00,772 INFO: Initialised Gait 2, waiting for 3 seconds
2024-10-29 17:55:03,775 INFO: Setting operating mode 'multi_turn' for group 'Wheg_Group'
2024-10-29 17:55:03,777 INFO: Disabling torque for group Wheg_Group
2024-10-29 17:55:03,780 INFO: Enabling torque for group Wheg_Group
2024-10-29 17:55:03,782 INFO: Setting the profile velocity for group Wheg_Group from config.yaml: 10
2024-10-29 17:55:03,783 INFO: Profile velocities set for group Wheg_Group: {1: 43.7, 2: 43.7, 3: 43.7, 4: 43.7, 5: 43.7, 6: 43.7}
2024-10-29 17:55:03,784 INFO: Setting the profile velocity for group Wheg_Group from config.yaml: 10
2024-10-29 17:55:03,785 INFO: Profile velocities set for group Wheg_Group: {1: 43.7, 2: 43.7, 3: 43.7, 4: 43.7, 5: 43.7, 6: 43.7}
2024-10-29 17:55:03,785 INFO: New gait 2 is now active.
2024-10-29 17:55:03,809 INFO: Profile velocities set for group Wheg_Group: {1: 8.74, 2: 69.92, 3: 8.74, 4: 69.92, 5: 8.74, 6: 69.92}
2024-10-29 17:55:03,810 INFO: Incrementing motor positions by {1: 40, 2: 320, 3: 40, 4: 320, 5: 40, 6: 320} degrees for group 'Wheg_Group'
2024-10-29 17:55:03,821 INFO: Gait 2 step executed at 2.00RPM, wait for 3.36 seconds
2024-10-29 17:55:07,204 INFO: Profile velocities set for group Wheg_Group: {1: 104.88, 2: 13.11, 3: 104.88, 4: 13.11, 5: 104.88, 6: 13.11}
2024-10-29 17:55:07,205 INFO: Incrementing motor positions by {1: 320, 2: 40, 3: 320, 4: 40, 5: 320, 6: 40} degrees for group 'Wheg_Group'
2024-10-29 17:55:07,216 INFO: Gait 2 step executed at 3.00RPM, wait for 2.25 seconds
2024-10-29 17:55:09,515 INFO: Profile velocities set for group Wheg_Group: {1: 16.14318115234375, 2: 129.14544921875, 3: 16.14318115234375, 4: 129.14544921875, 5: 16.14318115234375, 6: 129.14544921875}
2024-10-29 17:55:09,516 INFO: Incrementing motor positions by {1: 40, 2: 320, 3: 40, 4: 320, 5: 40, 6: 320} degrees for group 'Wheg_Group'
2024-10-29 17:55:09,527 INFO: Gait 2 step executed at 3.69RPM, wait for 1.83 seconds
2024-10-29 17:55:11,398 INFO: Profile velocities set for group Wheg_Group: {1: 127.77448974609375, 2: 15.971811218261719, 3: 127.77448974609375, 4: 15.971811218261719, 5: 127.77448974609375, 6: 15.971811218261719}
2024-10-29 17:55:11,398 INFO: Incrementing motor positions by {1: 320, 2: 40, 3: 320, 4: 40, 5: 320, 6: 40} degrees for group 'Wheg_Group'
2024-10-29 17:55:11,410 INFO: Gait 2 step executed at 3.65RPM, wait for 1.85 seconds
2024-10-29 17:55:13,322 INFO: Profile velocities set for group Wheg_Group: {1: 12.201672668457032, 2: 97.61338134765626, 3: 12.201672668457032, 4: 97.61338134765626, 5: 12.201672668457032, 6: 97.61338134765626}
2024-10-29 17:55:13,323 INFO: Incrementing motor positions by {1: 40, 2: 320, 3: 40, 4: 320, 5: 40, 6: 320} degrees for group 'Wheg_Group'
2024-10-29 17:55:13,334 INFO: Gait 2 step executed at 2.79RPM, wait for 2.41 seconds
2024-10-29 17:55:15,772 INFO: Profile velocities set for group Wheg_Group: {1: 100.90368408203125, 2: 12.612960510253906, 3: 100.90368408203125, 4: 12.612960510253906, 5: 100.90368408203125, 6: 12.612960510253906}
2024-10-29 17:55:15,772 INFO: Incrementing motor positions by {1: 320, 2: 40, 3: 320, 4: 40, 5: 320, 6: 40} degrees for group 'Wheg_Group'
2024-10-29 17:55:15,783 INFO: Gait 2 step executed at 2.89RPM, wait for 2.33 seconds
2024-10-29 17:55:18,141 INFO: Profile velocities set for group Wheg_Group: {1: 12.441590576171876, 2: 99.53272460937501, 3: 12.441590576171876, 4: 99.53272460937501, 5: 12.441590576171876, 6: 99.53272460937501}
2024-10-29 17:55:18,142 INFO: Incrementing motor positions by {1: 40, 2: 320, 3: 40, 4: 320, 5: 40, 6: 320} degrees for group 'Wheg_Group'
2024-10-29 17:55:18,153 INFO: Gait 2 step executed at 2.85RPM, wait for 2.37 seconds
2024-10-29 17:55:20,845 INFO: Triangle pressed. Preparing to change to next gait: 3
2024-10-29 17:55:20,856 INFO: Initialsing Gait 3
2024-10-29 17:55:20,857 INFO: Running set_position_group for group 'Wheg_Group' with positions: {1: 200, 2: 160, 3: 160, 4: 200, 5: 160, 6: 160}
2024-10-29 17:55:20,863 WARNING: Motor 1 is not in Position Control Mode. Setting mode now.
2024-10-29 17:55:20,865 INFO: Setting operating mode 'position' for group 'Wheg_Group'
2024-10-29 17:55:20,865 INFO: Disabling torque for group Wheg_Group
2024-10-29 17:55:20,866 INFO: Enabling torque for group Wheg_Group
2024-10-29 17:55:20,867 INFO: Setting the profile velocity for group Wheg_Group from config.yaml: 10
2024-10-29 17:55:20,868 INFO: Profile velocities set for group Wheg_Group: {1: 43.7, 2: 43.7, 3: 43.7, 4: 43.7, 5: 43.7, 6: 43.7}
2024-10-29 17:55:20,869 INFO: Setting the profile velocity for group Wheg_Group from config.yaml: 10
2024-10-29 17:55:20,870 INFO: Profile velocities set for group Wheg_Group: {1: 43.7, 2: 43.7, 3: 43.7, 4: 43.7, 5: 43.7, 6: 43.7}
2024-10-29 17:55:20,871 INFO: Running set_position_group for group 'Pivot_Group' with positions: 180
2024-10-29 17:55:20,874 INFO: Initialised Gait 3, waiting for 3 seconds
2024-10-29 17:55:22,847 INFO: Triangle pressed. Preparing to change to next gait: 3
2024-10-29 17:55:23,876 INFO: Setting operating mode 'multi_turn' for group 'Wheg_Group'
2024-10-29 17:55:23,877 INFO: Disabling torque for group Wheg_Group
2024-10-29 17:55:23,878 INFO: Enabling torque for group Wheg_Group
2024-10-29 17:55:23,879 INFO: Setting the profile velocity for group Wheg_Group from config.yaml: 10
2024-10-29 17:55:23,880 INFO: Profile velocities set for group Wheg_Group: {1: 43.7, 2: 43.7, 3: 43.7, 4: 43.7, 5: 43.7, 6: 43.7}
2024-10-29 17:55:23,881 INFO: Setting the profile velocity for group Wheg_Group from config.yaml: 10
2024-10-29 17:55:23,882 INFO: Profile velocities set for group Wheg_Group: {1: 43.7, 2: 43.7, 3: 43.7, 4: 43.7, 5: 43.7, 6: 43.7}
2024-10-29 17:55:23,882 INFO: New gait 3 is now active.
2024-10-29 17:55:26,680 INFO: Triangle pressed. Preparing to change to next gait: 1
2024-10-29 17:55:26,692 INFO: Initialising Gait 1
2024-10-29 17:55:26,692 INFO: Running set_position_group for group 'Wheg_Group' with positions: 180
2024-10-29 17:55:26,698 WARNING: Motor 1 is not in Position Control Mode. Setting mode now.
2024-10-29 17:55:26,700 INFO: Setting operating mode 'position' for group 'Wheg_Group'
2024-10-29 17:55:26,701 INFO: Disabling torque for group Wheg_Group
2024-10-29 17:55:26,702 INFO: Enabling torque for group Wheg_Group
2024-10-29 17:55:26,703 INFO: Setting the profile velocity for group Wheg_Group from config.yaml: 10
2024-10-29 17:55:26,705 INFO: Profile velocities set for group Wheg_Group: {1: 43.7, 2: 43.7, 3: 43.7, 4: 43.7, 5: 43.7, 6: 43.7}
2024-10-29 17:55:26,706 INFO: Setting the profile velocity for group Wheg_Group from config.yaml: 10
2024-10-29 17:55:26,706 INFO: Profile velocities set for group Wheg_Group: {1: 43.7, 2: 43.7, 3: 43.7, 4: 43.7, 5: 43.7, 6: 43.7}
2024-10-29 17:55:26,707 INFO: Running set_position_group for group 'Pivot_Group' with positions: 180
2024-10-29 17:55:26,712 INFO: Initialised Gait 1, waiting for 3 seconds
2024-10-29 17:55:29,713 INFO: Setting operating mode 'multi_turn' for group 'Wheg_Group'
2024-10-29 17:55:29,714 INFO: Disabling torque for group Wheg_Group
2024-10-29 17:55:29,715 INFO: Enabling torque for group Wheg_Group
2024-10-29 17:55:29,716 INFO: Setting the profile velocity for group Wheg_Group from config.yaml: 10
2024-10-29 17:55:29,717 INFO: Profile velocities set for group Wheg_Group: {1: 43.7, 2: 43.7, 3: 43.7, 4: 43.7, 5: 43.7, 6: 43.7}
2024-10-29 17:55:29,718 INFO: Setting the profile velocity for group Wheg_Group from config.yaml: 10
2024-10-29 17:55:29,719 INFO: Profile velocities set for group Wheg_Group: {1: 43.7, 2: 43.7, 3: 43.7, 4: 43.7, 5: 43.7, 6: 43.7}
2024-10-29 17:55:29,720 INFO: New gait 1 is now active.
2024-10-29 17:55:30,355 INFO: Running set_position_group for group 'Pivot_Group' with positions: {7: 175, 8: 180}
2024-10-29 17:55:30,359 INFO: Front pivot angle set to 175 degrees (ticks: 175)
2024-10-29 17:55:30,360 INFO: Rear pivot angle set to 180 degrees (ticks: 180)
2024-10-29 17:55:30,630 INFO: Running set_position_group for group 'Pivot_Group' with positions: {7: 170, 8: 180}
2024-10-29 17:55:30,634 INFO: Front pivot angle set to 170 degrees (ticks: 170)
2024-10-29 17:55:30,636 INFO: Rear pivot angle set to 180 degrees (ticks: 180)
2024-10-29 17:55:30,904 INFO: Running set_position_group for group 'Pivot_Group' with positions: {7: 165, 8: 180}
2024-10-29 17:55:30,908 INFO: Front pivot angle set to 165 degrees (ticks: 165)
2024-10-29 17:55:30,909 INFO: Rear pivot angle set to 180 degrees (ticks: 180)
2024-10-29 17:55:31,178 INFO: Running set_position_group for group 'Pivot_Group' with positions: {7: 160, 8: 180}
2024-10-29 17:55:31,182 INFO: Front pivot angle set to 160 degrees (ticks: 160)
2024-10-29 17:55:31,183 INFO: Rear pivot angle set to 180 degrees (ticks: 180)
2024-10-29 17:55:31,455 INFO: Running set_position_group for group 'Pivot_Group' with positions: {7: 155, 8: 180}
2024-10-29 17:55:31,459 INFO: Front pivot angle set to 155 degrees (ticks: 155)
2024-10-29 17:55:31,460 INFO: Rear pivot angle set to 180 degrees (ticks: 180)
2024-10-29 17:55:31,621 INFO: Initiating safe shutdown...
2024-10-29 17:55:31,622 INFO: Setting operating mode 'velocity' for group 'All_Motors'
2024-10-29 17:55:31,622 INFO: Disabling torque for group All_Motors
2024-10-29 17:55:31,624 INFO: Enabling torque for group All_Motors
2024-10-29 17:55:31,625 INFO: Setting the profile velocity for group All_Motors from config.yaml: 8
2024-10-29 17:55:31,625 INFO: Profile velocities set for group All_Motors: {1: 34.96, 2: 34.96, 3: 34.96, 4: 34.96, 5: 34.96, 6: 34.96, 7: 34.96, 8: 34.96}
2024-10-29 17:55:31,626 WARNING: Velocity limit 200 exceeds hard limit 100. Limiting to 100.
2024-10-29 17:55:31,627 INFO: Velocity limit set to 100 for group All_Motors
2024-10-29 17:55:31,628 INFO: Enabling torque for group All_Motors
2024-10-29 17:55:31,629 INFO: Setting the profile velocity for group All_Motors from config.yaml: 8
2024-10-29 17:55:31,630 INFO: Profile velocities set for group All_Motors: {1: 34.96, 2: 34.96, 3: 34.96, 4: 34.96, 5: 34.96, 6: 34.96, 7: 34.96, 8: 34.96}
2024-10-29 17:55:31,631 INFO: Target velocities set for group All_Motors: {1: 0, 2: 0, 3: 0, 4: 0, 5: 0, 6: 0, 7: 0, 8: 0}
2024-10-29 17:55:31,631 INFO: Running set_position_group for group 'All_Motors' with positions: 180
2024-10-29 17:55:31,639 WARNING: Motor 1 is not in Position Control Mode. Setting mode now.
2024-10-29 17:55:31,640 INFO: Setting operating mode 'position' for group 'All_Motors'
2024-10-29 17:55:31,641 INFO: Disabling torque for group All_Motors
2024-10-29 17:55:31,642 INFO: Enabling torque for group All_Motors
2024-10-29 17:55:31,643 INFO: Setting the profile velocity for group All_Motors from config.yaml: 8
2024-10-29 17:55:31,644 INFO: Profile velocities set for group All_Motors: {1: 34.96, 2: 34.96, 3: 34.96, 4: 34.96, 5: 34.96, 6: 34.96, 7: 34.96, 8: 34.96}
2024-10-29 17:55:31,645 INFO: Setting the profile velocity for group All_Motors from config.yaml: 8
2024-10-29 17:55:31,646 INFO: Profile velocities set for group All_Motors: {1: 34.96, 2: 34.96, 3: 34.96, 4: 34.96, 5: 34.96, 6: 34.96, 7: 34.96, 8: 34.96}
2024-10-29 17:55:31,647 INFO: Closing PS4Controller and quitting pygame
2024-10-29 17:55:31,733 INFO: Port closed successfully.
2024-10-29 17:55:31,734 INFO: Shutdown complete.
2024-10-29 17:55:31,735 ERROR: Error checking hardware errors: Attempting to use a port that is not open
