2025-05-07 11:19:18,487 INFO: Initializing PS4Controller
2025-05-07 11:19:18,838 INFO: Configuration loaded successfully
2025-05-07 11:19:18,843 INFO: Port /dev/ttyACM0 opened successfully
2025-05-07 11:19:18,853 INFO: Baudrate set to 1000000
2025-05-07 11:19:18,854 INFO: Control table loaded successfully.
2025-05-07 11:19:18,854 INFO: Motor group 'Pivot_Group' created with motors: [7, 8]
2025-05-07 11:19:18,855 INFO: Motor group 'Wheg_Group' created with motors: [1, 2, 3, 4, 5, 6]
2025-05-07 11:19:18,855 INFO: Motor group 'All_Motors' created with motors: [1, 2, 3, 4, 5, 6, 7, 8]
2025-05-07 11:19:18,856 INFO: Motor group 'Left_Whegs' created with motors: [1, 2, 3]
2025-05-07 11:19:18,856 INFO: Motor group 'Right_Whegs' created with motors: [4, 5, 6]
2025-05-07 11:19:18,857 INFO: Motor group 'Front_Whegs' created with motors: [3, 6]
2025-05-07 11:19:18,857 INFO: Motor group 'Rear_Whegs' created with motors: [1, 4]
2025-05-07 11:19:18,858 INFO: Motor group 'Middle_Whegs' created with motors: [2, 5]
2025-05-07 11:19:18,858 INFO: Motor group 'Two_Right_One_Left' created with motors: [2, 4, 6]
2025-05-07 11:19:18,859 INFO: Motor group 'Two_Left_One_Right' created with motors: [5, 1, 3]
2025-05-07 11:19:18,859 INFO: Initialised PS4 controller, Dynamixel, and Robot State
2025-05-07 11:19:18,860 INFO: Disabling torque for group Right_Whegs
2025-05-07 11:19:18,862 INFO: Drive mode set for group Right_Whegs with reverse_direction=True
2025-05-07 11:19:18,863 INFO: Enabling torque for group Right_Whegs
2025-05-07 11:19:18,865 INFO: Setting the profile velocity for group Right_Whegs from config.yaml: None
2025-05-07 11:19:18,866 ERROR: Profile velocity for group Right_Whegs not found in config.yaml and no value was provided.
2025-05-07 11:19:18,866 INFO: Disabling torque for group Left_Whegs
2025-05-07 11:19:18,868 INFO: Drive mode set for group Left_Whegs with reverse_direction=False
2025-05-07 11:19:18,869 INFO: Enabling torque for group Left_Whegs
2025-05-07 11:19:18,870 INFO: Setting the profile velocity for group Left_Whegs from config.yaml: None
2025-05-07 11:19:18,871 ERROR: Profile velocity for group Left_Whegs not found in config.yaml and no value was provided.
2025-05-07 11:19:18,871 INFO: Set the right side whegs to reverse direction
2025-05-07 11:19:18,872 INFO: Disabling torque for group Pivot_Group
2025-05-07 11:19:18,874 INFO: Drive mode set for group Pivot_Group with reverse_direction=False
2025-05-07 11:19:18,874 INFO: Enabling torque for group Pivot_Group
2025-05-07 11:19:18,876 INFO: Setting the profile velocity for group Pivot_Group from config.yaml: 4
2025-05-07 11:19:18,876 INFO: Profile velocities set for group Pivot_Group: {7: 17.48, 8: 17.48}
2025-05-07 11:19:18,879 INFO: Position limits set for group Pivot_Group: min=45° (ticks=511), max=315° (ticks=3583)
2025-05-07 11:19:18,879 INFO: Set position limits for the pivot motors
2025-05-07 11:19:19,028 INFO: Initialising Gait 1
2025-05-07 11:19:19,029 INFO: Disabling torque for group Wheg_Group
2025-05-07 11:19:19,030 INFO: Drive mode set for group Wheg_Group with reverse_direction={1: 0, 2: 0, 3: 0, 4: 1, 5: 1, 6: 1}
2025-05-07 11:19:19,030 INFO: Enabling torque for group Wheg_Group
2025-05-07 11:19:19,031 INFO: Setting the profile velocity for group Wheg_Group from config.yaml: 10
2025-05-07 11:19:19,032 INFO: Profile velocities set for group Wheg_Group: {1: 43.7, 2: 43.7, 3: 43.7, 4: 43.7, 5: 43.7, 6: 43.7}
2025-05-07 11:19:19,032 WARNING: Set direction of whegs to forward
2025-05-07 11:19:19,033 WARNING: Direction set for all whegs
2025-05-07 11:19:19,034 INFO: Running set_position_group for group 'Wheg_Group' with positions: 180
2025-05-07 11:19:19,040 INFO: Running set_position_group for group 'Pivot_Group' with positions: 180
2025-05-07 11:19:19,044 INFO: Initialised Gait 1, waiting for 1 seconds
2025-05-07 11:19:19,045 ERROR: Error controlling pivots: 'dpad_down'
2025-05-07 11:19:20,064 INFO: Setting operating mode 'multi_turn' for group 'Wheg_Group'
2025-05-07 11:19:20,065 INFO: Disabling torque for group Wheg_Group
2025-05-07 11:19:20,068 INFO: Enabling torque for group Wheg_Group
2025-05-07 11:19:20,070 INFO: Setting the profile velocity for group Wheg_Group from config.yaml: 10
2025-05-07 11:19:20,075 INFO: Profile velocities set for group Wheg_Group: {1: 43.7, 2: 43.7, 3: 43.7, 4: 43.7, 5: 43.7, 6: 43.7}
2025-05-07 11:19:20,075 INFO: Setting the profile velocity for group Wheg_Group from config.yaml: 10
2025-05-07 11:19:20,076 INFO: Profile velocities set for group Wheg_Group: {1: 43.7, 2: 43.7, 3: 43.7, 4: 43.7, 5: 43.7, 6: 43.7}
2025-05-07 11:19:20,077 INFO: New gait 1 is now active.
2025-05-07 11:19:45,485 WARNING: Emergency stop activated! Stopping all motors asynchronously.
2025-05-07 11:19:45,486 INFO: Setting operating mode 'velocity' for group 'All_Motors'
2025-05-07 11:19:45,487 INFO: Disabling torque for group All_Motors
2025-05-07 11:19:45,491 INFO: Enabling torque for group All_Motors
2025-05-07 11:19:45,493 INFO: Setting the profile velocity for group All_Motors from config.yaml: 8
2025-05-07 11:19:45,494 INFO: Profile velocities set for group All_Motors: {1: 34.96, 2: 34.96, 3: 34.96, 4: 34.96, 5: 34.96, 6: 34.96, 7: 34.96, 8: 34.96}
2025-05-07 11:19:45,494 WARNING: Velocity limit 200 exceeds hard limit 100. Limiting to 100.
2025-05-07 11:19:45,495 INFO: Velocity limit set to 100 for group All_Motors
2025-05-07 11:19:45,495 INFO: Enabling torque for group All_Motors
2025-05-07 11:19:45,497 INFO: Setting the profile velocity for group All_Motors from config.yaml: 8
2025-05-07 11:19:45,498 INFO: Profile velocities set for group All_Motors: {1: 34.96, 2: 34.96, 3: 34.96, 4: 34.96, 5: 34.96, 6: 34.96, 7: 34.96, 8: 34.96}
2025-05-07 11:19:45,499 INFO: Target velocities set for group All_Motors: {1: 0, 2: 0, 3: 0, 4: 0, 5: 0, 6: 0, 7: 0, 8: 0}
2025-05-07 11:19:46,924 INFO: Emergency Stop Deactivated. Resuming control...
2025-05-07 11:19:46,935 INFO: Initialising Gait 1
2025-05-07 11:19:46,936 INFO: Disabling torque for group Wheg_Group
2025-05-07 11:19:46,938 INFO: Drive mode set for group Wheg_Group with reverse_direction={1: 0, 2: 0, 3: 0, 4: 1, 5: 1, 6: 1}
2025-05-07 11:19:46,939 INFO: Enabling torque for group Wheg_Group
2025-05-07 11:19:46,939 INFO: Setting the profile velocity for group Wheg_Group from config.yaml: 10
2025-05-07 11:19:46,942 INFO: Profile velocities set for group Wheg_Group: {1: 43.7, 2: 43.7, 3: 43.7, 4: 43.7, 5: 43.7, 6: 43.7}
2025-05-07 11:19:46,942 WARNING: Set direction of whegs to forward
2025-05-07 11:19:46,942 WARNING: Direction set for all whegs
2025-05-07 11:19:46,942 INFO: Running set_position_group for group 'Wheg_Group' with positions: 180
2025-05-07 11:19:46,949 WARNING: Motor 1 is not in Position Control Mode. Setting mode now.
2025-05-07 11:19:46,950 INFO: Setting operating mode 'position' for group 'Wheg_Group'
2025-05-07 11:19:46,950 INFO: Disabling torque for group Wheg_Group
2025-05-07 11:19:46,952 INFO: Enabling torque for group Wheg_Group
2025-05-07 11:19:46,953 INFO: Setting the profile velocity for group Wheg_Group from config.yaml: 10
2025-05-07 11:19:46,954 INFO: Profile velocities set for group Wheg_Group: {1: 43.7, 2: 43.7, 3: 43.7, 4: 43.7, 5: 43.7, 6: 43.7}
2025-05-07 11:19:46,955 INFO: Setting the profile velocity for group Wheg_Group from config.yaml: 10
2025-05-07 11:19:46,956 INFO: Profile velocities set for group Wheg_Group: {1: 43.7, 2: 43.7, 3: 43.7, 4: 43.7, 5: 43.7, 6: 43.7}
2025-05-07 11:19:46,957 INFO: Running set_position_group for group 'Pivot_Group' with positions: 180
2025-05-07 11:19:46,961 WARNING: Motor 7 is not in Position Control Mode. Setting mode now.
2025-05-07 11:19:46,962 INFO: Setting operating mode 'position' for group 'Pivot_Group'
2025-05-07 11:19:46,962 INFO: Disabling torque for group Pivot_Group
2025-05-07 11:19:46,963 INFO: Enabling torque for group Pivot_Group
2025-05-07 11:19:46,964 INFO: Setting the profile velocity for group Pivot_Group from config.yaml: 4
2025-05-07 11:19:46,966 INFO: Profile velocities set for group Pivot_Group: {7: 17.48, 8: 17.48}
2025-05-07 11:19:46,966 INFO: Setting the profile velocity for group Pivot_Group from config.yaml: 4
2025-05-07 11:19:46,967 INFO: Profile velocities set for group Pivot_Group: {7: 17.48, 8: 17.48}
2025-05-07 11:19:46,968 INFO: Initialised Gait 1, waiting for 1 seconds
2025-05-07 11:19:47,973 INFO: Setting operating mode 'multi_turn' for group 'Wheg_Group'
2025-05-07 11:19:47,974 INFO: Disabling torque for group Wheg_Group
2025-05-07 11:19:47,977 INFO: Enabling torque for group Wheg_Group
2025-05-07 11:19:47,978 INFO: Setting the profile velocity for group Wheg_Group from config.yaml: 10
2025-05-07 11:19:47,982 INFO: Profile velocities set for group Wheg_Group: {1: 43.7, 2: 43.7, 3: 43.7, 4: 43.7, 5: 43.7, 6: 43.7}
2025-05-07 11:19:47,982 INFO: Setting the profile velocity for group Wheg_Group from config.yaml: 10
2025-05-07 11:19:47,986 INFO: Profile velocities set for group Wheg_Group: {1: 43.7, 2: 43.7, 3: 43.7, 4: 43.7, 5: 43.7, 6: 43.7}
2025-05-07 11:19:47,986 INFO: New gait 1 is now active.
2025-05-07 11:20:49,207 ERROR: Bulk read failed with error: [TxRxResult] There is no status packet!
2025-05-07 11:20:49,255 ERROR: Bulk read failed with error: [TxRxResult] There is no status packet!
2025-05-07 11:20:49,297 ERROR: Bulk read failed with error: [TxRxResult] There is no status packet!
2025-05-07 11:20:49,336 ERROR: Bulk read failed with error: [TxRxResult] There is no status packet!
2025-05-07 11:20:49,341 ERROR: Error retrieving motor data: device reports readiness to read but returned no data (device disconnected or multiple access on port?)
2025-05-07 11:20:49,366 ERROR: Bulk read failed with error: [TxRxResult] Port is in use!
2025-05-07 11:20:49,377 ERROR: Bulk read failed with error: [TxRxResult] Port is in use!
2025-05-07 11:20:49,390 ERROR: Bulk read failed with error: [TxRxResult] Port is in use!
2025-05-07 11:20:49,403 ERROR: Bulk read failed with error: [TxRxResult] Port is in use!
2025-05-07 11:20:49,414 ERROR: Bulk read failed with error: [TxRxResult] Port is in use!
2025-05-07 11:20:49,417 ERROR: Bulk read failed with error: [TxRxResult] Port is in use!
2025-05-07 11:20:49,417 ERROR: Bulk read failed with error: [TxRxResult] Port is in use!
2025-05-07 11:20:49,418 ERROR: Bulk read failed with error: [TxRxResult] Port is in use!
2025-05-07 11:20:49,418 ERROR: Bulk read failed with error: [TxRxResult] Port is in use!
2025-05-07 11:20:49,419 ERROR: Error retrieving motor data: 'NoneType' object has no attribute 'keys'
2025-05-07 11:20:49,444 ERROR: Bulk read failed with error: [TxRxResult] Port is in use!
2025-05-07 11:20:49,456 ERROR: Bulk read failed with error: [TxRxResult] Port is in use!
2025-05-07 11:20:49,467 ERROR: Bulk read failed with error: [TxRxResult] Port is in use!
2025-05-07 11:20:49,478 ERROR: Bulk read failed with error: [TxRxResult] Port is in use!
2025-05-07 11:20:49,488 ERROR: Bulk read failed with error: [TxRxResult] Port is in use!
2025-05-07 11:20:49,494 ERROR: Bulk read failed with error: [TxRxResult] Port is in use!
2025-05-07 11:20:49,495 ERROR: Bulk read failed with error: [TxRxResult] Port is in use!
2025-05-07 11:20:49,496 ERROR: Bulk read failed with error: [TxRxResult] Port is in use!
2025-05-07 11:20:49,496 ERROR: Bulk read failed with error: [TxRxResult] Port is in use!
2025-05-07 11:20:49,497 ERROR: Error retrieving motor data: 'NoneType' object has no attribute 'keys'
2025-05-07 11:20:49,518 ERROR: Bulk read failed with error: [TxRxResult] Port is in use!
2025-05-07 11:20:49,530 ERROR: Bulk read failed with error: [TxRxResult] Port is in use!
2025-05-07 11:20:49,542 ERROR: Bulk read failed with error: [TxRxResult] Port is in use!
2025-05-07 11:20:49,553 ERROR: Bulk read failed with error: [TxRxResult] Port is in use!
2025-05-07 11:20:49,565 ERROR: Bulk read failed with error: [TxRxResult] Port is in use!
2025-05-07 11:20:49,568 ERROR: Bulk read failed with error: [TxRxResult] Port is in use!
2025-05-07 11:20:49,568 ERROR: Bulk read failed with error: [TxRxResult] Port is in use!
2025-05-07 11:20:49,569 ERROR: Bulk read failed with error: [TxRxResult] Port is in use!
2025-05-07 11:20:49,570 ERROR: Bulk read failed with error: [TxRxResult] Port is in use!
2025-05-07 11:20:49,571 ERROR: Error retrieving motor data: 'NoneType' object has no attribute 'keys'
2025-05-07 11:20:49,592 ERROR: Bulk read failed with error: [TxRxResult] Port is in use!
2025-05-07 11:20:49,604 ERROR: Bulk read failed with error: [TxRxResult] Port is in use!
2025-05-07 11:20:49,614 ERROR: Bulk read failed with error: [TxRxResult] Port is in use!
2025-05-07 11:20:49,626 ERROR: Bulk read failed with error: [TxRxResult] Port is in use!
2025-05-07 11:20:49,637 ERROR: Bulk read failed with error: [TxRxResult] Port is in use!
2025-05-07 11:20:49,643 ERROR: Bulk read failed with error: [TxRxResult] Port is in use!
2025-05-07 11:20:49,644 ERROR: Bulk read failed with error: [TxRxResult] Port is in use!
2025-05-07 11:20:49,645 ERROR: Bulk read failed with error: [TxRxResult] Port is in use!
2025-05-07 11:20:49,645 ERROR: Bulk read failed with error: [TxRxResult] Port is in use!
2025-05-07 11:20:49,646 ERROR: Error retrieving motor data: 'NoneType' object has no attribute 'keys'
2025-05-07 11:20:49,668 ERROR: Bulk read failed with error: [TxRxResult] Port is in use!
2025-05-07 11:20:49,679 ERROR: Bulk read failed with error: [TxRxResult] Port is in use!
2025-05-07 11:20:49,690 ERROR: Bulk read failed with error: [TxRxResult] Port is in use!
2025-05-07 11:20:49,701 ERROR: Bulk read failed with error: [TxRxResult] Port is in use!
2025-05-07 11:20:49,712 ERROR: Bulk read failed with error: [TxRxResult] Port is in use!
2025-05-07 11:20:49,719 ERROR: Bulk read failed with error: [TxRxResult] Port is in use!
2025-05-07 11:20:49,720 ERROR: Bulk read failed with error: [TxRxResult] Port is in use!
2025-05-07 11:20:49,720 ERROR: Bulk read failed with error: [TxRxResult] Port is in use!
2025-05-07 11:20:49,721 ERROR: Bulk read failed with error: [TxRxResult] Port is in use!
2025-05-07 11:20:49,722 ERROR: Error retrieving motor data: 'NoneType' object has no attribute 'keys'
2025-05-07 11:20:49,744 ERROR: Bulk read failed with error: [TxRxResult] Port is in use!
2025-05-07 11:20:49,755 ERROR: Bulk read failed with error: [TxRxResult] Port is in use!
2025-05-07 11:20:49,766 ERROR: Bulk read failed with error: [TxRxResult] Port is in use!
2025-05-07 11:20:49,777 ERROR: Bulk read failed with error: [TxRxResult] Port is in use!
2025-05-07 11:20:49,788 ERROR: Bulk read failed with error: [TxRxResult] Port is in use!
2025-05-07 11:20:49,795 ERROR: Bulk read failed with error: [TxRxResult] Port is in use!
2025-05-07 11:20:49,796 ERROR: Bulk read failed with error: [TxRxResult] Port is in use!
2025-05-07 11:20:49,797 ERROR: Bulk read failed with error: [TxRxResult] Port is in use!
2025-05-07 11:20:49,797 ERROR: Bulk read failed with error: [TxRxResult] Port is in use!
2025-05-07 11:20:49,798 ERROR: Error retrieving motor data: 'NoneType' object has no attribute 'keys'
2025-05-07 11:20:49,819 ERROR: Bulk read failed with error: [TxRxResult] Port is in use!
2025-05-07 11:20:49,831 ERROR: Bulk read failed with error: [TxRxResult] Port is in use!
2025-05-07 11:20:49,842 ERROR: Bulk read failed with error: [TxRxResult] Port is in use!
2025-05-07 11:20:49,854 ERROR: Bulk read failed with error: [TxRxResult] Port is in use!
2025-05-07 11:20:49,865 ERROR: Bulk read failed with error: [TxRxResult] Port is in use!
2025-05-07 11:20:49,870 ERROR: Bulk read failed with error: [TxRxResult] Port is in use!
2025-05-07 11:20:49,870 ERROR: Bulk read failed with error: [TxRxResult] Port is in use!
2025-05-07 11:20:49,871 ERROR: Bulk read failed with error: [TxRxResult] Port is in use!
2025-05-07 11:20:49,872 ERROR: Bulk read failed with error: [TxRxResult] Port is in use!
2025-05-07 11:20:49,873 ERROR: Error retrieving motor data: 'NoneType' object has no attribute 'keys'
2025-05-07 11:20:49,895 ERROR: Bulk read failed with error: [TxRxResult] Port is in use!
2025-05-07 11:20:49,906 ERROR: Bulk read failed with error: [TxRxResult] Port is in use!
2025-05-07 11:20:49,919 ERROR: Bulk read failed with error: [TxRxResult] Port is in use!
2025-05-07 11:20:49,930 ERROR: Bulk read failed with error: [TxRxResult] Port is in use!
2025-05-07 11:20:49,941 ERROR: Bulk read failed with error: [TxRxResult] Port is in use!
2025-05-07 11:20:49,945 ERROR: Bulk read failed with error: [TxRxResult] Port is in use!
2025-05-07 11:20:49,946 ERROR: Bulk read failed with error: [TxRxResult] Port is in use!
2025-05-07 11:20:49,947 ERROR: Bulk read failed with error: [TxRxResult] Port is in use!
2025-05-07 11:20:49,948 ERROR: Bulk read failed with error: [TxRxResult] Port is in use!
2025-05-07 11:20:49,948 ERROR: Error retrieving motor data: 'NoneType' object has no attribute 'keys'
2025-05-07 11:20:49,970 ERROR: Bulk read failed with error: [TxRxResult] Port is in use!
2025-05-07 11:20:49,981 ERROR: Bulk read failed with error: [TxRxResult] Port is in use!
2025-05-07 11:20:49,991 ERROR: Bulk read failed with error: [TxRxResult] Port is in use!
2025-05-07 11:20:50,003 ERROR: Bulk read failed with error: [TxRxResult] Port is in use!
2025-05-07 11:20:50,014 ERROR: Bulk read failed with error: [TxRxResult] Port is in use!
2025-05-07 11:20:50,021 ERROR: Bulk read failed with error: [TxRxResult] Port is in use!
2025-05-07 11:20:50,021 ERROR: Bulk read failed with error: [TxRxResult] Port is in use!
2025-05-07 11:20:50,022 ERROR: Bulk read failed with error: [TxRxResult] Port is in use!
2025-05-07 11:20:50,023 ERROR: Bulk read failed with error: [TxRxResult] Port is in use!
2025-05-07 11:20:50,024 ERROR: Error retrieving motor data: 'NoneType' object has no attribute 'keys'
2025-05-07 11:20:50,046 ERROR: Bulk read failed with error: [TxRxResult] Port is in use!
2025-05-07 11:20:50,058 ERROR: Bulk read failed with error: [TxRxResult] Port is in use!
2025-05-07 11:20:50,070 ERROR: Bulk read failed with error: [TxRxResult] Port is in use!
2025-05-07 11:20:50,080 ERROR: Bulk read failed with error: [TxRxResult] Port is in use!
2025-05-07 11:20:50,091 ERROR: Bulk read failed with error: [TxRxResult] Port is in use!
2025-05-07 11:20:50,096 ERROR: Bulk read failed with error: [TxRxResult] Port is in use!
2025-05-07 11:20:50,096 ERROR: Bulk read failed with error: [TxRxResult] Port is in use!
2025-05-07 11:20:50,097 ERROR: Bulk read failed with error: [TxRxResult] Port is in use!
2025-05-07 11:20:50,098 ERROR: Bulk read failed with error: [TxRxResult] Port is in use!
2025-05-07 11:20:50,099 ERROR: Error retrieving motor data: 'NoneType' object has no attribute 'keys'
2025-05-07 11:20:50,100 INFO: Initiating safe shutdown...
2025-05-07 11:20:50,101 INFO: Setting operating mode 'velocity' for group 'All_Motors'
2025-05-07 11:20:50,101 INFO: Disabling torque for group All_Motors
2025-05-07 11:20:50,102 ERROR: Sync write failed with error: [TxRxResult] Port is in use!
2025-05-07 11:20:50,103 ERROR: Sync write failed with error: [TxRxResult] Port is in use!
2025-05-07 11:20:50,103 INFO: Enabling torque for group All_Motors
2025-05-07 11:20:50,104 ERROR: Sync write failed with error: [TxRxResult] Port is in use!
2025-05-07 11:20:50,105 INFO: Setting the profile velocity for group All_Motors from config.yaml: 8
2025-05-07 11:20:50,106 ERROR: Sync write failed with error: [TxRxResult] Port is in use!
2025-05-07 11:20:50,107 INFO: Profile velocities set for group All_Motors: {1: 34.96, 2: 34.96, 3: 34.96, 4: 34.96, 5: 34.96, 6: 34.96, 7: 34.96, 8: 34.96}
2025-05-07 11:20:50,107 WARNING: Velocity limit 200 exceeds hard limit 100. Limiting to 100.
2025-05-07 11:20:50,108 ERROR: Sync write failed with error: [TxRxResult] Port is in use!
2025-05-07 11:20:50,109 INFO: Velocity limit set to 100 for group All_Motors
2025-05-07 11:20:50,110 INFO: Enabling torque for group All_Motors
2025-05-07 11:20:50,111 ERROR: Sync write failed with error: [TxRxResult] Port is in use!
2025-05-07 11:20:50,111 INFO: Setting the profile velocity for group All_Motors from config.yaml: 8
2025-05-07 11:20:50,112 ERROR: Sync write failed with error: [TxRxResult] Port is in use!
2025-05-07 11:20:50,113 INFO: Profile velocities set for group All_Motors: {1: 34.96, 2: 34.96, 3: 34.96, 4: 34.96, 5: 34.96, 6: 34.96, 7: 34.96, 8: 34.96}
2025-05-07 11:20:50,113 ERROR: Sync write failed with error: [TxRxResult] Port is in use!
2025-05-07 11:20:50,114 INFO: Target velocities set for group All_Motors: {1: 0, 2: 0, 3: 0, 4: 0, 5: 0, 6: 0, 7: 0, 8: 0}
2025-05-07 11:20:50,114 INFO: Running set_position_group for group 'All_Motors' with positions: 180
2025-05-07 11:20:50,114 ERROR: Bulk read failed with error: [TxRxResult] Port is in use!
