2024-10-29 00:06:29,014 INFO: Initializing PS4Controller
2024-10-29 00:06:29,291 INFO: Configuration loaded successfully
2024-10-29 00:06:29,295 INFO: Port /dev/ttyACM0 opened successfully
2024-10-29 00:06:29,305 INFO: Baudrate set to 1000000
2024-10-29 00:06:29,306 INFO: Control table loaded successfully.
2024-10-29 00:06:29,306 INFO: Motor group 'Pivot_Group' created with motors: [7, 8]
2024-10-29 00:06:29,306 INFO: Motor group 'Wheg_Group' created with motors: [1, 2, 3, 4, 5, 6]
2024-10-29 00:06:29,306 INFO: Motor group 'All_Motors' created with motors: [1, 2, 3, 4, 5, 6, 7, 8]
2024-10-29 00:06:29,306 INFO: Motor group 'Left_Whegs' created with motors: [1, 2, 3]
2024-10-29 00:06:29,306 INFO: Motor group 'Right_Whegs' created with motors: [4, 5, 6]
2024-10-29 00:06:29,307 INFO: Motor group 'Front_Whegs' created with motors: [3, 6]
2024-10-29 00:06:29,307 INFO: Motor group 'Rear_Whegs' created with motors: [1, 4]
2024-10-29 00:06:29,307 INFO: Motor group 'Middle_Whegs' created with motors: [2, 5]
2024-10-29 00:06:29,307 INFO: Motor group 'Two_Right_One_Left' created with motors: [2, 4, 6]
2024-10-29 00:06:29,307 INFO: Motor group 'Two_Left_One_Right' created with motors: [5, 1, 3]
2024-10-29 00:06:29,307 INFO: Initialised PS4 controller, Dynamixel, and Robot State
2024-10-29 00:06:29,445 INFO: Initialised Streamlit dashboard
2024-10-29 00:06:29,445 INFO: Disabling torque for group Right_Whegs
2024-10-29 00:06:29,446 INFO: Drive mode set for group Right_Whegs with reverse_direction=True
2024-10-29 00:06:29,446 INFO: Enabling torque for group Right_Whegs
2024-10-29 00:06:29,449 INFO: Motor 4 drive mode correctly set to reverse
2024-10-29 00:06:29,449 INFO: Motor 5 drive mode correctly set to reverse
2024-10-29 00:06:29,449 INFO: Motor 6 drive mode correctly set to reverse
2024-10-29 00:06:29,450 INFO: Disabling torque for group Left_Whegs
2024-10-29 00:06:29,450 INFO: Drive mode set for group Left_Whegs with reverse_direction=False
2024-10-29 00:06:29,450 INFO: Enabling torque for group Left_Whegs
2024-10-29 00:06:29,453 INFO: Motor 1 drive mode correctly set to normal
2024-10-29 00:06:29,453 INFO: Motor 2 drive mode correctly set to normal
2024-10-29 00:06:29,454 INFO: Motor 3 drive mode correctly set to normal
2024-10-29 00:06:29,454 INFO: Set the right side whegs to reverse direction
2024-10-29 00:06:29,454 INFO: Disabling torque for group Pivot_Group
2024-10-29 00:06:29,454 INFO: Drive mode set for group Pivot_Group with reverse_direction=False
2024-10-29 00:06:29,455 INFO: Enabling torque for group Pivot_Group
2024-10-29 00:06:29,458 INFO: Motor 7 drive mode correctly set to normal
2024-10-29 00:06:29,458 INFO: Motor 8 drive mode correctly set to normal
2024-10-29 00:06:29,459 INFO: Position limits set for group Pivot_Group: min=90° (ticks=1023), max=270° (ticks=3071)
2024-10-29 00:06:29,459 INFO: Set position limits for the pivot motors
2024-10-29 00:06:29,460 INFO: Initialising Gait 1
2024-10-29 00:06:29,460 INFO: Running set_position_group for group 'Wheg_Group' with positions: 180
2024-10-29 00:06:29,466 INFO: Running set_position_group for group 'Pivot_Group' with positions: 180
2024-10-29 00:06:29,469 INFO: Initialised Gait 1, waiting for 3 seconds
2024-10-29 00:06:29,528 INFO: Motor     Position (degrees)       Velocity (RPM)      Load (%)  
2024-10-29 00:06:29,529 INFO: 1         179.91                   0.00                0.7       
2024-10-29 00:06:29,529 INFO: 2         179.82                   0.23                1.2       
2024-10-29 00:06:29,529 INFO: 3         179.38                   0.23                1.3       
2024-10-29 00:06:29,529 INFO: 4         179.74                   0.23                0.0       
2024-10-29 00:06:29,529 INFO: 5         179.74                   0.23                0.0       
2024-10-29 00:06:29,529 INFO: 6         179.91                   0.23                0.0       
2024-10-29 00:06:29,530 INFO: 7         179.65                   0.00                1.8       
2024-10-29 00:06:29,530 INFO: 8         180.00                   0.00                -0.5      
2024-10-29 00:06:32,501 INFO: Setting operating mode 'multi_turn' for group 'Wheg_Group'
2024-10-29 00:06:32,501 INFO: Disabling torque for group Wheg_Group
2024-10-29 00:06:32,502 INFO: Enabling torque for group Wheg_Group
2024-10-29 00:06:32,502 INFO: Setting the profile velocity for group Wheg_Group from config.yaml: 10
2024-10-29 00:06:32,503 INFO: Profile velocities set for group Wheg_Group: {1: 43.7, 2: 43.7, 3: 43.7, 4: 43.7, 5: 43.7, 6: 43.7}
2024-10-29 00:06:32,503 INFO: New gait 1 is now active.
2024-10-29 00:06:32,611 INFO: Tasks were cancelled due to shutdown, proceeding to cleanup...
2024-10-29 00:06:32,611 INFO: Initiating safe shutdown...
2024-10-29 00:06:32,612 INFO: Setting operating mode 'velocity' for group 'All_Motors'
2024-10-29 00:06:32,612 INFO: Disabling torque for group All_Motors
2024-10-29 00:06:32,612 INFO: Enabling torque for group All_Motors
2024-10-29 00:06:32,613 WARNING: Velocity limit 200 exceeds hard limit 100. Limiting to 100.
2024-10-29 00:06:32,613 INFO: Velocity limit set to 100 for group All_Motors
2024-10-29 00:06:32,613 INFO: Enabling torque for group All_Motors
2024-10-29 00:06:32,614 INFO: Target velocities set for group All_Motors: {1: 0, 2: 0, 3: 0, 4: 0, 5: 0, 6: 0, 7: 0, 8: 0}
2024-10-29 00:06:32,614 INFO: Running set_position_group for group 'All_Motors' with positions: 180
2024-10-29 00:06:32,622 WARNING: Motor 1 is not in Position Control Mode. Setting mode now.
2024-10-29 00:06:32,622 INFO: Setting operating mode 'position' for group 'All_Motors'
2024-10-29 00:06:32,622 INFO: Disabling torque for group All_Motors
2024-10-29 00:06:32,623 INFO: Enabling torque for group All_Motors
2024-10-29 00:06:32,623 INFO: Setting the profile velocity for group All_Motors from config.yaml: 5
2024-10-29 00:06:32,624 INFO: Profile velocities set for group All_Motors: {1: 21.85, 2: 21.85, 3: 21.85, 4: 21.85, 5: 21.85, 6: 21.85, 7: 21.85, 8: 21.85}
2024-10-29 00:06:32,624 INFO: Closing PS4Controller and quitting pygame
2024-10-29 00:06:32,701 INFO: Port closed successfully.
2024-10-29 00:06:32,702 INFO: Shutdown complete.
