2024-09-28 11:23:49,330 INFO: Initializing PS4Controller
2024-09-28 11:23:49,607 DEBUG: Pygame initialized
2024-09-28 11:23:49,608 DEBUG: Joystick initialized
2024-09-28 11:23:49,608 DEBUG: Number of buttons on the controller: 13
2024-09-28 11:23:49,652 INFO: Configuration loaded successfully
2024-09-28 11:23:49,655 INFO: Port /dev/ttyACM0 opened successfully
2024-09-28 11:23:49,665 INFO: Baudrate set to 1000000
2024-09-28 11:23:49,665 INFO: Control table loaded successfully.
2024-09-28 11:23:49,665 INFO: Motor group 'Pivot_Group' created with motors: [7, 8]
2024-09-28 11:23:49,665 INFO: Motor group 'Wheg_Group' created with motors: [1, 2, 3, 4, 5, 6]
2024-09-28 11:23:49,666 INFO: Motor group 'All_Motors' created with motors: [1, 2, 3, 4, 5, 6, 7, 8]
2024-09-28 11:23:49,666 INFO: Motor group 'Left_Whegs' created with motors: [1, 2, 3]
2024-09-28 11:23:49,666 INFO: Motor group 'Right_Whegs' created with motors: [4, 5, 6]
2024-09-28 11:23:49,666 INFO: Motor group 'Front_Whegs' created with motors: [3, 6]
2024-09-28 11:23:49,666 INFO: Motor group 'Rear_Whegs' created with motors: [1, 4]
2024-09-28 11:23:49,666 INFO: Motor group 'Middle_Whegs' created with motors: [2, 5]
2024-09-28 11:23:49,666 INFO: Motor group 'Two_Right_One_Left' created with motors: [2, 4, 6]
2024-09-28 11:23:49,666 INFO: Motor group 'Two_Left_One_Right' created with motors: [5, 1, 3]
2024-09-28 11:23:49,667 INFO: Initialised PS4 controller, Dynamixel, and Robot State
2024-09-28 11:23:49,667 DEBUG: Setting drive mode for group 'Right_Whegs', reverse_direction=True, drive_mode_value=1
2024-09-28 11:23:49,667 INFO: Disabling torque for group Right_Whegs
2024-09-28 11:23:49,667 DEBUG: Torque disabled for group Right_Whegs
2024-09-28 11:23:49,667 DEBUG: Sync writing drive mode values: {4: 1, 5: 1, 6: 1}
2024-09-28 11:23:49,668 INFO: Drive mode set for group Right_Whegs with reverse_direction=True
2024-09-28 11:23:49,668 INFO: Enabling torque for group Right_Whegs
2024-09-28 11:23:49,668 DEBUG: Torque enabled for group Right_Whegs
2024-09-28 11:23:49,668 DEBUG: Reading back drive mode for verification...
2024-09-28 11:23:49,668 DEBUG: Preparing bulk read for motors: [4, 5, 6], Parameters: ['drive_mode']
2024-09-28 11:23:49,669 DEBUG: Adding motor 4, Address: 10, Length: 1 to bulk read
2024-09-28 11:23:49,669 DEBUG: Adding motor 5, Address: 10, Length: 1 to bulk read
2024-09-28 11:23:49,669 DEBUG: Adding motor 6, Address: 10, Length: 1 to bulk read
2024-09-28 11:23:49,672 DEBUG: Bulk read successful for group 'Right_Whegs'
2024-09-28 11:23:49,672 DEBUG: Motor 4 current drive mode read from bulk read: 1
2024-09-28 11:23:49,672 INFO: Motor 4 drive mode correctly set to reverse
2024-09-28 11:23:49,672 DEBUG: Motor 5 current drive mode read from bulk read: 1
2024-09-28 11:23:49,672 INFO: Motor 5 drive mode correctly set to reverse
2024-09-28 11:23:49,672 DEBUG: Motor 6 current drive mode read from bulk read: 1
2024-09-28 11:23:49,672 INFO: Motor 6 drive mode correctly set to reverse
2024-09-28 11:23:49,672 DEBUG: Setting drive mode for group 'Left_Whegs', reverse_direction=False, drive_mode_value=0
2024-09-28 11:23:49,672 INFO: Disabling torque for group Left_Whegs
2024-09-28 11:23:49,673 DEBUG: Torque disabled for group Left_Whegs
2024-09-28 11:23:49,673 DEBUG: Sync writing drive mode values: {1: 0, 2: 0, 3: 0}
2024-09-28 11:23:49,673 INFO: Drive mode set for group Left_Whegs with reverse_direction=False
2024-09-28 11:23:49,673 INFO: Enabling torque for group Left_Whegs
2024-09-28 11:23:49,674 DEBUG: Torque enabled for group Left_Whegs
2024-09-28 11:23:49,674 DEBUG: Reading back drive mode for verification...
2024-09-28 11:23:49,674 DEBUG: Preparing bulk read for motors: [1, 2, 3], Parameters: ['drive_mode']
2024-09-28 11:23:49,674 DEBUG: Adding motor 1, Address: 10, Length: 1 to bulk read
2024-09-28 11:23:49,674 DEBUG: Adding motor 2, Address: 10, Length: 1 to bulk read
2024-09-28 11:23:49,674 DEBUG: Adding motor 3, Address: 10, Length: 1 to bulk read
2024-09-28 11:23:49,677 DEBUG: Bulk read successful for group 'Left_Whegs'
2024-09-28 11:23:49,677 DEBUG: Motor 1 current drive mode read from bulk read: 0
2024-09-28 11:23:49,677 INFO: Motor 1 drive mode correctly set to normal
2024-09-28 11:23:49,677 DEBUG: Motor 2 current drive mode read from bulk read: 0
2024-09-28 11:23:49,677 INFO: Motor 2 drive mode correctly set to normal
2024-09-28 11:23:49,678 DEBUG: Motor 3 current drive mode read from bulk read: 0
2024-09-28 11:23:49,678 INFO: Motor 3 drive mode correctly set to normal
2024-09-28 11:23:49,678 INFO: Set the right side whegs to reverse direction
2024-09-28 11:23:49,678 INFO: Position limits set for group Pivot_Group: min=90° (ticks=1023), max=270° (ticks=3071)
2024-09-28 11:23:49,678 INFO: Set position limits for the pivot motors
