2024-10-30 14:29:02,456 INFO: Initializing PS4Controller
2024-10-30 14:29:02,769 INFO: Configuration loaded successfully
2024-10-30 14:29:02,773 INFO: Port /dev/ttyACM0 opened successfully
2024-10-30 14:29:02,783 INFO: Baudrate set to 1000000
2024-10-30 14:29:02,783 INFO: Control table loaded successfully.
2024-10-30 14:29:02,783 INFO: Motor group 'Pivot_Group' created with motors: [7, 8]
2024-10-30 14:29:02,785 INFO: Motor group 'Wheg_Group' created with motors: [1, 2, 3, 4, 5, 6]
2024-10-30 14:29:02,785 INFO: Motor group 'All_Motors' created with motors: [1, 2, 3, 4, 5, 6, 7, 8]
2024-10-30 14:29:02,786 INFO: Motor group 'Left_Whegs' created with motors: [1, 2, 3]
2024-10-30 14:29:02,787 INFO: Motor group 'Right_Whegs' created with motors: [4, 5, 6]
2024-10-30 14:29:02,787 INFO: Motor group 'Front_Whegs' created with motors: [3, 6]
2024-10-30 14:29:02,788 INFO: Motor group 'Rear_Whegs' created with motors: [1, 4]
2024-10-30 14:29:02,788 INFO: Motor group 'Middle_Whegs' created with motors: [2, 5]
2024-10-30 14:29:02,788 INFO: Motor group 'Two_Right_One_Left' created with motors: [2, 4, 6]
2024-10-30 14:29:02,789 INFO: Motor group 'Two_Left_One_Right' created with motors: [5, 1, 3]
2024-10-30 14:29:02,789 INFO: Initialised PS4 controller, Dynamixel, and Robot State
2024-10-30 14:29:02,949 INFO: Disabling torque for group Right_Whegs
2024-10-30 14:29:02,952 INFO: Drive mode set for group Right_Whegs with reverse_direction=True
2024-10-30 14:29:02,953 INFO: Enabling torque for group Right_Whegs
2024-10-30 14:29:02,955 INFO: Setting the profile velocity for group Right_Whegs from config.yaml: None
2024-10-30 14:29:02,956 ERROR: Profile velocity for group Right_Whegs not found in config.yaml and no value was provided.
2024-10-30 14:29:02,958 INFO: Profile velocities set for group Right_Whegs: {4: 21.85, 5: 21.85, 6: 21.85}
2024-10-30 14:29:02,959 INFO: Disabling torque for group Left_Whegs
2024-10-30 14:29:02,960 INFO: Drive mode set for group Left_Whegs with reverse_direction=False
2024-10-30 14:29:02,961 INFO: Enabling torque for group Left_Whegs
2024-10-30 14:29:02,961 INFO: Setting the profile velocity for group Left_Whegs from config.yaml: None
2024-10-30 14:29:02,962 ERROR: Profile velocity for group Left_Whegs not found in config.yaml and no value was provided.
2024-10-30 14:29:02,963 INFO: Profile velocities set for group Left_Whegs: {1: 21.85, 2: 21.85, 3: 21.85}
2024-10-30 14:29:02,963 INFO: Set the right side whegs to reverse direction
2024-10-30 14:29:02,963 INFO: Disabling torque for group Pivot_Group
2024-10-30 14:29:02,964 INFO: Drive mode set for group Pivot_Group with reverse_direction=False
2024-10-30 14:29:02,965 INFO: Enabling torque for group Pivot_Group
2024-10-30 14:29:02,966 INFO: Setting the profile velocity for group Pivot_Group from config.yaml: 4
2024-10-30 14:29:02,966 INFO: Profile velocities set for group Pivot_Group: {7: 17.48, 8: 17.48}
2024-10-30 14:29:02,967 INFO: Position limits set for group Pivot_Group: min=45° (ticks=511), max=315° (ticks=3583)
2024-10-30 14:29:02,968 INFO: Set position limits for the pivot motors
2024-10-30 14:29:02,979 INFO: Initialising Gait 1
2024-10-30 14:29:02,979 INFO: Running set_position_group for group 'Wheg_Group' with positions: 180
2024-10-30 14:29:02,984 INFO: Running set_position_group for group 'Pivot_Group' with positions: 180
2024-10-30 14:29:02,988 INFO: Initialised Gait 1, waiting for 3 seconds
2024-10-30 14:29:02,989 ERROR: Error controlling pivots: 'dpad_down'
2024-10-30 14:29:05,502 INFO: Triangle pressed. Preparing to change to next gait: 2
2024-10-30 14:29:05,990 INFO: Setting operating mode 'multi_turn' for group 'Wheg_Group'
2024-10-30 14:29:05,990 INFO: Disabling torque for group Wheg_Group
2024-10-30 14:29:05,991 INFO: Enabling torque for group Wheg_Group
2024-10-30 14:29:05,992 INFO: Setting the profile velocity for group Wheg_Group from config.yaml: 10
2024-10-30 14:29:05,993 INFO: Profile velocities set for group Wheg_Group: {1: 43.7, 2: 43.7, 3: 43.7, 4: 43.7, 5: 43.7, 6: 43.7}
2024-10-30 14:29:05,993 INFO: Setting the profile velocity for group Wheg_Group from config.yaml: 10
2024-10-30 14:29:05,994 INFO: Profile velocities set for group Wheg_Group: {1: 43.7, 2: 43.7, 3: 43.7, 4: 43.7, 5: 43.7, 6: 43.7}
2024-10-30 14:29:05,994 INFO: New gait 2 is now active.
2024-10-30 14:29:07,202 INFO: Initiating safe shutdown...
2024-10-30 14:29:07,203 INFO: Setting operating mode 'velocity' for group 'All_Motors'
2024-10-30 14:29:07,203 INFO: Disabling torque for group All_Motors
2024-10-30 14:29:07,205 INFO: Enabling torque for group All_Motors
2024-10-30 14:29:07,207 INFO: Setting the profile velocity for group All_Motors from config.yaml: 8
2024-10-30 14:29:07,208 INFO: Profile velocities set for group All_Motors: {1: 34.96, 2: 34.96, 3: 34.96, 4: 34.96, 5: 34.96, 6: 34.96, 7: 34.96, 8: 34.96}
2024-10-30 14:29:07,208 WARNING: Velocity limit 200 exceeds hard limit 100. Limiting to 100.
2024-10-30 14:29:07,209 INFO: Velocity limit set to 100 for group All_Motors
2024-10-30 14:29:07,210 INFO: Enabling torque for group All_Motors
2024-10-30 14:29:07,211 INFO: Setting the profile velocity for group All_Motors from config.yaml: 8
2024-10-30 14:29:07,212 INFO: Profile velocities set for group All_Motors: {1: 34.96, 2: 34.96, 3: 34.96, 4: 34.96, 5: 34.96, 6: 34.96, 7: 34.96, 8: 34.96}
2024-10-30 14:29:07,212 INFO: Target velocities set for group All_Motors: {1: 0, 2: 0, 3: 0, 4: 0, 5: 0, 6: 0, 7: 0, 8: 0}
2024-10-30 14:29:07,213 INFO: Running set_position_group for group 'All_Motors' with positions: 180
2024-10-30 14:29:07,220 WARNING: Motor 1 is not in Position Control Mode. Setting mode now.
2024-10-30 14:29:07,220 INFO: Setting operating mode 'position' for group 'All_Motors'
2024-10-30 14:29:07,220 INFO: Disabling torque for group All_Motors
2024-10-30 14:29:07,221 INFO: Enabling torque for group All_Motors
2024-10-30 14:29:07,222 INFO: Setting the profile velocity for group All_Motors from config.yaml: 8
2024-10-30 14:29:07,223 INFO: Profile velocities set for group All_Motors: {1: 34.96, 2: 34.96, 3: 34.96, 4: 34.96, 5: 34.96, 6: 34.96, 7: 34.96, 8: 34.96}
2024-10-30 14:29:07,223 INFO: Setting the profile velocity for group All_Motors from config.yaml: 8
2024-10-30 14:29:07,224 INFO: Profile velocities set for group All_Motors: {1: 34.96, 2: 34.96, 3: 34.96, 4: 34.96, 5: 34.96, 6: 34.96, 7: 34.96, 8: 34.96}
2024-10-30 14:29:07,225 INFO: Closing PS4Controller and quitting pygame
2024-10-30 14:29:07,308 INFO: Port closed successfully.
2024-10-30 14:29:07,309 INFO: Shutdown complete.
