2024-10-30 10:43:59,056 INFO: Initializing PS4Controller
2024-10-30 10:43:59,361 INFO: Configuration loaded successfully
2024-10-30 10:43:59,366 INFO: Port /dev/ttyACM0 opened successfully
2024-10-30 10:43:59,376 INFO: Baudrate set to 1000000
2024-10-30 10:43:59,377 INFO: Control table loaded successfully.
2024-10-30 10:43:59,377 INFO: Motor group 'Pivot_Group' created with motors: [7, 8]
2024-10-30 10:43:59,378 INFO: Motor group 'Wheg_Group' created with motors: [1, 2, 3, 4, 5, 6]
2024-10-30 10:43:59,378 INFO: Motor group 'All_Motors' created with motors: [1, 2, 3, 4, 5, 6, 7, 8]
2024-10-30 10:43:59,378 INFO: Motor group 'Left_Whegs' created with motors: [1, 2, 3]
2024-10-30 10:43:59,379 INFO: Motor group 'Right_Whegs' created with motors: [4, 5, 6]
2024-10-30 10:43:59,379 INFO: Motor group 'Front_Whegs' created with motors: [3, 6]
2024-10-30 10:43:59,380 INFO: Motor group 'Rear_Whegs' created with motors: [1, 4]
2024-10-30 10:43:59,380 INFO: Motor group 'Middle_Whegs' created with motors: [2, 5]
2024-10-30 10:43:59,380 INFO: Motor group 'Two_Right_One_Left' created with motors: [2, 4, 6]
2024-10-30 10:43:59,381 INFO: Motor group 'Two_Left_One_Right' created with motors: [5, 1, 3]
2024-10-30 10:43:59,381 INFO: Initialised PS4 controller, Dynamixel, and Robot State
2024-10-30 10:43:59,537 INFO: Disabling torque for group Right_Whegs
2024-10-30 10:43:59,540 INFO: Drive mode set for group Right_Whegs with reverse_direction=True
2024-10-30 10:43:59,540 INFO: Enabling torque for group Right_Whegs
2024-10-30 10:43:59,542 INFO: Setting the profile velocity for group Right_Whegs from config.yaml: None
2024-10-30 10:43:59,544 ERROR: Profile velocity for group Right_Whegs not found in config.yaml and no value was provided.
2024-10-30 10:43:59,546 INFO: Profile velocities set for group Right_Whegs: {4: 21.85, 5: 21.85, 6: 21.85}
2024-10-30 10:43:59,547 INFO: Disabling torque for group Left_Whegs
2024-10-30 10:43:59,549 INFO: Drive mode set for group Left_Whegs with reverse_direction=False
2024-10-30 10:43:59,549 INFO: Enabling torque for group Left_Whegs
2024-10-30 10:43:59,550 INFO: Setting the profile velocity for group Left_Whegs from config.yaml: None
2024-10-30 10:43:59,550 ERROR: Profile velocity for group Left_Whegs not found in config.yaml and no value was provided.
2024-10-30 10:43:59,551 INFO: Profile velocities set for group Left_Whegs: {1: 21.85, 2: 21.85, 3: 21.85}
2024-10-30 10:43:59,552 INFO: Set the right side whegs to reverse direction
2024-10-30 10:43:59,552 INFO: Disabling torque for group Pivot_Group
2024-10-30 10:43:59,554 INFO: Drive mode set for group Pivot_Group with reverse_direction=False
2024-10-30 10:43:59,554 INFO: Enabling torque for group Pivot_Group
2024-10-30 10:43:59,555 INFO: Setting the profile velocity for group Pivot_Group from config.yaml: 4
2024-10-30 10:43:59,556 INFO: Profile velocities set for group Pivot_Group: {7: 17.48, 8: 17.48}
2024-10-30 10:43:59,556 INFO: Position limits set for group Pivot_Group: min=45째 (ticks=511), max=315째 (ticks=3583)
2024-10-30 10:43:59,558 INFO: Set position limits for the pivot motors
2024-10-30 10:43:59,596 ERROR: Bulk read failed with error: [TxRxResult] There is no status packet!
2024-10-30 10:43:59,596 INFO: Initialising Gait 1
2024-10-30 10:43:59,597 INFO: Running set_position_group for group 'Wheg_Group' with positions: 180
2024-10-30 10:43:59,633 ERROR: Bulk read failed with error: [TxRxResult] There is no status packet!
2024-10-30 10:43:59,633 ERROR: Error controlling pivots: 'dpad_down'
2024-10-30 10:43:59,669 ERROR: Bulk read failed with error: [TxRxResult] There is no status packet!
2024-10-30 10:43:59,706 ERROR: Bulk read failed with error: [TxRxResult] There is no status packet!
2024-10-30 10:43:59,742 ERROR: Bulk read failed with error: [TxRxResult] There is no status packet!
2024-10-30 10:43:59,777 ERROR: Bulk read failed with error: [TxRxResult] There is no status packet!
2024-10-30 10:43:59,778 ERROR: Error retrieving motor data: 'NoneType' object has no attribute 'keys'
2024-10-30 10:43:59,784 INFO: Initiating safe shutdown...
2024-10-30 10:43:59,784 INFO: Setting operating mode 'velocity' for group 'All_Motors'
2024-10-30 10:43:59,785 INFO: Disabling torque for group All_Motors
2024-10-30 10:43:59,786 INFO: Enabling torque for group All_Motors
2024-10-30 10:43:59,787 INFO: Setting the profile velocity for group All_Motors from config.yaml: 8
2024-10-30 10:43:59,787 INFO: Profile velocities set for group All_Motors: {1: 34.96, 2: 34.96, 3: 34.96, 4: 34.96, 5: 34.96, 6: 34.96, 7: 34.96, 8: 34.96}
2024-10-30 10:43:59,788 WARNING: Velocity limit 200 exceeds hard limit 100. Limiting to 100.
2024-10-30 10:43:59,789 INFO: Velocity limit set to 100 for group All_Motors
2024-10-30 10:43:59,789 INFO: Enabling torque for group All_Motors
2024-10-30 10:43:59,790 INFO: Setting the profile velocity for group All_Motors from config.yaml: 8
2024-10-30 10:43:59,790 INFO: Profile velocities set for group All_Motors: {1: 34.96, 2: 34.96, 3: 34.96, 4: 34.96, 5: 34.96, 6: 34.96, 7: 34.96, 8: 34.96}
2024-10-30 10:43:59,792 INFO: Target velocities set for group All_Motors: {1: 0, 2: 0, 3: 0, 4: 0, 5: 0, 6: 0, 7: 0, 8: 0}
2024-10-30 10:43:59,794 INFO: Running set_position_group for group 'All_Motors' with positions: 180
2024-10-30 10:43:59,830 ERROR: Bulk read failed with error: [TxRxResult] There is no status packet!
2024-10-30 10:44:08,892 INFO: Initializing PS4Controller
2024-10-30 10:44:08,939 INFO: Configuration loaded successfully
2024-10-30 10:44:08,942 INFO: Port /dev/ttyACM0 opened successfully
2024-10-30 10:44:08,945 INFO: Baudrate set to 1000000
2024-10-30 10:44:08,946 INFO: Control table loaded successfully.
2024-10-30 10:44:08,946 INFO: Motor group 'Pivot_Group' created with motors: [7, 8]
2024-10-30 10:44:08,947 INFO: Motor group 'Wheg_Group' created with motors: [1, 2, 3, 4, 5, 6]
2024-10-30 10:44:08,947 INFO: Motor group 'All_Motors' created with motors: [1, 2, 3, 4, 5, 6, 7, 8]
2024-10-30 10:44:08,948 INFO: Motor group 'Left_Whegs' created with motors: [1, 2, 3]
2024-10-30 10:44:08,948 INFO: Motor group 'Right_Whegs' created with motors: [4, 5, 6]
2024-10-30 10:44:08,949 INFO: Motor group 'Front_Whegs' created with motors: [3, 6]
2024-10-30 10:44:08,949 INFO: Motor group 'Rear_Whegs' created with motors: [1, 4]
2024-10-30 10:44:08,950 INFO: Motor group 'Middle_Whegs' created with motors: [2, 5]
2024-10-30 10:44:08,950 INFO: Motor group 'Two_Right_One_Left' created with motors: [2, 4, 6]
2024-10-30 10:44:08,951 INFO: Motor group 'Two_Left_One_Right' created with motors: [5, 1, 3]
2024-10-30 10:44:08,951 INFO: Initialised PS4 controller, Dynamixel, and Robot State
2024-10-30 10:44:08,965 INFO: Disabling torque for group Right_Whegs
2024-10-30 10:44:08,967 INFO: Drive mode set for group Right_Whegs with reverse_direction=True
2024-10-30 10:44:08,968 INFO: Enabling torque for group Right_Whegs
2024-10-30 10:44:08,970 INFO: Setting the profile velocity for group Right_Whegs from config.yaml: None
2024-10-30 10:44:08,972 ERROR: Profile velocity for group Right_Whegs not found in config.yaml and no value was provided.
2024-10-30 10:44:08,975 INFO: Profile velocities set for group Right_Whegs: {4: 21.85, 5: 21.85, 6: 21.85}
2024-10-30 10:44:08,976 INFO: Disabling torque for group Left_Whegs
2024-10-30 10:44:08,978 INFO: Drive mode set for group Left_Whegs with reverse_direction=False
2024-10-30 10:44:08,978 INFO: Enabling torque for group Left_Whegs
2024-10-30 10:44:08,979 INFO: Setting the profile velocity for group Left_Whegs from config.yaml: None
2024-10-30 10:44:08,979 ERROR: Profile velocity for group Left_Whegs not found in config.yaml and no value was provided.
2024-10-30 10:44:08,980 INFO: Profile velocities set for group Left_Whegs: {1: 21.85, 2: 21.85, 3: 21.85}
2024-10-30 10:44:08,980 INFO: Set the right side whegs to reverse direction
2024-10-30 10:44:08,981 INFO: Disabling torque for group Pivot_Group
2024-10-30 10:44:08,982 INFO: Drive mode set for group Pivot_Group with reverse_direction=False
2024-10-30 10:44:08,982 INFO: Enabling torque for group Pivot_Group
2024-10-30 10:44:08,983 INFO: Setting the profile velocity for group Pivot_Group from config.yaml: 4
2024-10-30 10:44:08,984 INFO: Profile velocities set for group Pivot_Group: {7: 17.48, 8: 17.48}
2024-10-30 10:44:08,985 INFO: Position limits set for group Pivot_Group: min=45째 (ticks=511), max=315째 (ticks=3583)
2024-10-30 10:44:08,985 INFO: Set position limits for the pivot motors
2024-10-30 10:44:09,023 ERROR: Bulk read failed with error: [TxRxResult] There is no status packet!
2024-10-30 10:44:09,024 INFO: Initialising Gait 1
2024-10-30 10:44:09,025 INFO: Running set_position_group for group 'Wheg_Group' with positions: 180
2024-10-30 10:44:09,061 ERROR: Bulk read failed with error: [TxRxResult] There is no status packet!
2024-10-30 10:44:09,061 ERROR: Error controlling pivots: 'dpad_down'
2024-10-30 10:44:09,098 ERROR: Bulk read failed with error: [TxRxResult] There is no status packet!
2024-10-30 10:44:09,134 ERROR: Bulk read failed with error: [TxRxResult] There is no status packet!
2024-10-30 10:44:09,170 ERROR: Bulk read failed with error: [TxRxResult] There is no status packet!
2024-10-30 10:44:09,206 ERROR: Bulk read failed with error: [TxRxResult] There is no status packet!
2024-10-30 10:44:09,207 ERROR: Error retrieving motor data: 'NoneType' object has no attribute 'keys'
2024-10-30 10:44:09,211 INFO: Initiating safe shutdown...
2024-10-30 10:44:09,213 INFO: Setting operating mode 'velocity' for group 'All_Motors'
2024-10-30 10:44:09,215 INFO: Disabling torque for group All_Motors
2024-10-30 10:44:09,217 INFO: Enabling torque for group All_Motors
2024-10-30 10:44:09,218 INFO: Setting the profile velocity for group All_Motors from config.yaml: 8
2024-10-30 10:44:09,219 INFO: Profile velocities set for group All_Motors: {1: 34.96, 2: 34.96, 3: 34.96, 4: 34.96, 5: 34.96, 6: 34.96, 7: 34.96, 8: 34.96}
2024-10-30 10:44:09,219 WARNING: Velocity limit 200 exceeds hard limit 100. Limiting to 100.
2024-10-30 10:44:09,220 INFO: Velocity limit set to 100 for group All_Motors
2024-10-30 10:44:09,221 INFO: Enabling torque for group All_Motors
2024-10-30 10:44:09,222 INFO: Setting the profile velocity for group All_Motors from config.yaml: 8
2024-10-30 10:44:09,223 INFO: Profile velocities set for group All_Motors: {1: 34.96, 2: 34.96, 3: 34.96, 4: 34.96, 5: 34.96, 6: 34.96, 7: 34.96, 8: 34.96}
2024-10-30 10:44:09,223 INFO: Target velocities set for group All_Motors: {1: 0, 2: 0, 3: 0, 4: 0, 5: 0, 6: 0, 7: 0, 8: 0}
2024-10-30 10:44:09,224 INFO: Running set_position_group for group 'All_Motors' with positions: 180
2024-10-30 10:44:09,259 ERROR: Bulk read failed with error: [TxRxResult] There is no status packet!
