2024-10-29 01:35:39,662 INFO: Initializing PS4Controller
2024-10-29 01:35:39,915 INFO: Configuration loaded successfully
2024-10-29 01:35:39,918 INFO: Port /dev/ttyACM0 opened successfully
2024-10-29 01:35:39,928 INFO: Baudrate set to 1000000
2024-10-29 01:35:39,928 INFO: Control table loaded successfully.
2024-10-29 01:35:39,929 INFO: Motor group 'Pivot_Group' created with motors: [7, 8]
2024-10-29 01:35:39,930 INFO: Motor group 'Wheg_Group' created with motors: [1, 2, 3, 4, 5, 6]
2024-10-29 01:35:39,930 INFO: Motor group 'All_Motors' created with motors: [1, 2, 3, 4, 5, 6, 7, 8]
2024-10-29 01:35:39,931 INFO: Motor group 'Left_Whegs' created with motors: [1, 2, 3]
2024-10-29 01:35:39,931 INFO: Motor group 'Right_Whegs' created with motors: [4, 5, 6]
2024-10-29 01:35:39,931 INFO: Motor group 'Front_Whegs' created with motors: [3, 6]
2024-10-29 01:35:39,932 INFO: Motor group 'Rear_Whegs' created with motors: [1, 4]
2024-10-29 01:35:39,932 INFO: Motor group 'Middle_Whegs' created with motors: [2, 5]
2024-10-29 01:35:39,932 INFO: Motor group 'Two_Right_One_Left' created with motors: [2, 4, 6]
2024-10-29 01:35:39,933 INFO: Motor group 'Two_Left_One_Right' created with motors: [5, 1, 3]
2024-10-29 01:35:39,933 INFO: Initialised PS4 controller, Dynamixel, and Robot State
2024-10-29 01:35:40,086 INFO: Initialised Streamlit dashboard
2024-10-29 01:35:40,087 INFO: Disabling torque for group Right_Whegs
2024-10-29 01:35:40,091 INFO: Drive mode set for group Right_Whegs with reverse_direction=True
2024-10-29 01:35:40,091 INFO: Enabling torque for group Right_Whegs
2024-10-29 01:35:40,095 INFO: Motor 4 drive mode correctly set to reverse
2024-10-29 01:35:40,095 INFO: Motor 5 drive mode correctly set to reverse
2024-10-29 01:35:40,096 INFO: Motor 6 drive mode correctly set to reverse
2024-10-29 01:35:40,097 INFO: Disabling torque for group Left_Whegs
2024-10-29 01:35:40,098 INFO: Drive mode set for group Left_Whegs with reverse_direction=False
2024-10-29 01:35:40,098 INFO: Enabling torque for group Left_Whegs
2024-10-29 01:35:40,102 INFO: Motor 1 drive mode correctly set to normal
2024-10-29 01:35:40,102 INFO: Motor 2 drive mode correctly set to normal
2024-10-29 01:35:40,103 INFO: Motor 3 drive mode correctly set to normal
2024-10-29 01:35:40,103 INFO: Set the right side whegs to reverse direction
2024-10-29 01:35:40,104 INFO: Disabling torque for group Pivot_Group
2024-10-29 01:35:40,105 INFO: Drive mode set for group Pivot_Group with reverse_direction=False
2024-10-29 01:35:40,105 INFO: Enabling torque for group Pivot_Group
2024-10-29 01:35:40,108 INFO: Motor 7 drive mode correctly set to normal
2024-10-29 01:35:40,109 INFO: Motor 8 drive mode correctly set to normal
2024-10-29 01:35:40,110 INFO: Position limits set for group Pivot_Group: min=90° (ticks=1023), max=270° (ticks=3071)
2024-10-29 01:35:40,110 INFO: Set position limits for the pivot motors
2024-10-29 01:35:40,111 INFO: Initialising Gait 1
2024-10-29 01:35:40,112 INFO: Running set_position_group for group 'Wheg_Group' with positions: 180
2024-10-29 01:35:40,118 INFO: Running set_position_group for group 'Pivot_Group' with positions: 180
2024-10-29 01:35:40,121 INFO: Initialised Gait 1, waiting for 3 seconds
2024-10-29 01:35:40,122 ERROR: Error controlling pivots: 'dpad_down'
2024-10-29 01:35:43,123 INFO: Setting operating mode 'multi_turn' for group 'Wheg_Group'
2024-10-29 01:35:43,123 INFO: Disabling torque for group Wheg_Group
2024-10-29 01:35:43,125 INFO: Enabling torque for group Wheg_Group
2024-10-29 01:35:43,126 INFO: Setting the profile velocity for group Wheg_Group from config.yaml: 10
2024-10-29 01:35:43,127 INFO: Profile velocities set for group Wheg_Group: {1: 43.7, 2: 43.7, 3: 43.7, 4: 43.7, 5: 43.7, 6: 43.7}
2024-10-29 01:35:43,128 INFO: New gait 1 is now active.
2024-10-29 01:35:43,176 INFO: Profile velocities set for group Wheg_Group: {1: 21.85, 2: 21.85, 3: 21.85, 4: 21.85, 5: 21.85, 6: 21.85}
2024-10-29 01:35:43,177 INFO: Incrementing motor positions by 360 degrees for group 'Wheg_Group'
2024-10-29 01:35:43,188 INFO: Gait 1 step executed at 5.00RPM, wait for 12.00 seconds
2024-10-29 01:35:44,039 WARNING: Emergency stop activated! Stopping all motors asynchronously.
2024-10-29 01:35:44,040 INFO: Setting operating mode 'velocity' for group 'All_Motors'
2024-10-29 01:35:44,041 INFO: Disabling torque for group All_Motors
2024-10-29 01:35:44,042 INFO: Enabling torque for group All_Motors
2024-10-29 01:35:44,045 WARNING: Velocity limit 200 exceeds hard limit 100. Limiting to 100.
2024-10-29 01:35:44,046 INFO: Velocity limit set to 100 for group All_Motors
2024-10-29 01:35:44,047 INFO: Enabling torque for group All_Motors
2024-10-29 01:35:44,048 INFO: Target velocities set for group All_Motors: {1: 0, 2: 0, 3: 0, 4: 0, 5: 0, 6: 0, 7: 0, 8: 0}
2024-10-29 01:35:45,264 INFO: Triangle pressed. Preparing to change to next gait: 2
2024-10-29 01:35:50,891 INFO: Emergency Stop Deactivated. Resuming control...
2024-10-29 01:35:55,216 INFO: Initialising Gait 1
2024-10-29 01:35:55,217 INFO: Running set_position_group for group 'Wheg_Group' with positions: 180
2024-10-29 01:35:55,223 WARNING: Motor 1 is not in Position Control Mode. Setting mode now.
2024-10-29 01:35:55,224 INFO: Setting operating mode 'position' for group 'Wheg_Group'
2024-10-29 01:35:55,224 INFO: Disabling torque for group Wheg_Group
2024-10-29 01:35:55,226 INFO: Enabling torque for group Wheg_Group
2024-10-29 01:35:55,227 INFO: Setting the profile velocity for group Wheg_Group from config.yaml: 10
2024-10-29 01:35:55,228 INFO: Profile velocities set for group Wheg_Group: {1: 43.7, 2: 43.7, 3: 43.7, 4: 43.7, 5: 43.7, 6: 43.7}
2024-10-29 01:35:55,229 INFO: Running set_position_group for group 'Pivot_Group' with positions: 180
2024-10-29 01:35:55,233 WARNING: Motor 7 is not in Position Control Mode. Setting mode now.
2024-10-29 01:35:55,234 INFO: Setting operating mode 'position' for group 'Pivot_Group'
2024-10-29 01:35:55,234 INFO: Disabling torque for group Pivot_Group
2024-10-29 01:35:55,235 INFO: Enabling torque for group Pivot_Group
2024-10-29 01:35:55,237 INFO: Setting the profile velocity for group Pivot_Group from config.yaml: 4
2024-10-29 01:35:55,238 INFO: Profile velocities set for group Pivot_Group: {7: 17.48, 8: 17.48}
2024-10-29 01:35:55,238 INFO: Initialised Gait 1, waiting for 3 seconds
2024-10-29 01:35:58,240 INFO: Setting operating mode 'multi_turn' for group 'Wheg_Group'
2024-10-29 01:35:58,241 INFO: Disabling torque for group Wheg_Group
2024-10-29 01:35:58,242 INFO: Enabling torque for group Wheg_Group
2024-10-29 01:35:58,242 INFO: Setting the profile velocity for group Wheg_Group from config.yaml: 10
2024-10-29 01:35:58,243 INFO: Profile velocities set for group Wheg_Group: {1: 43.7, 2: 43.7, 3: 43.7, 4: 43.7, 5: 43.7, 6: 43.7}
2024-10-29 01:35:58,244 INFO: New gait 1 is now active.
2024-10-29 01:35:58,255 INFO: Profile velocities set for group Wheg_Group: {1: 21.85, 2: 21.85, 3: 21.85, 4: 21.85, 5: 21.85, 6: 21.85}
2024-10-29 01:35:58,256 INFO: Incrementing motor positions by 360 degrees for group 'Wheg_Group'
2024-10-29 01:35:58,267 INFO: Gait 1 step executed at 5.00RPM, wait for 12.00 seconds
2024-10-29 01:36:04,315 INFO: Triangle pressed. Preparing to change to next gait: 2
2024-10-29 01:36:06,514 WARNING: Emergency stop activated! Stopping all motors asynchronously.
2024-10-29 01:36:06,515 INFO: Setting operating mode 'velocity' for group 'All_Motors'
2024-10-29 01:36:06,516 INFO: Disabling torque for group All_Motors
2024-10-29 01:36:06,519 INFO: Enabling torque for group All_Motors
2024-10-29 01:36:06,522 WARNING: Velocity limit 200 exceeds hard limit 100. Limiting to 100.
2024-10-29 01:36:06,524 INFO: Velocity limit set to 100 for group All_Motors
2024-10-29 01:36:06,524 INFO: Enabling torque for group All_Motors
2024-10-29 01:36:06,525 INFO: Target velocities set for group All_Motors: {1: 0, 2: 0, 3: 0, 4: 0, 5: 0, 6: 0, 7: 0, 8: 0}
2024-10-29 01:36:07,446 INFO: Emergency Stop Deactivated. Resuming control...
2024-10-29 01:36:10,278 INFO: Initialising Gait 1
2024-10-29 01:36:10,278 INFO: Running set_position_group for group 'Wheg_Group' with positions: 180
2024-10-29 01:36:10,284 WARNING: Motor 1 is not in Position Control Mode. Setting mode now.
2024-10-29 01:36:10,284 INFO: Setting operating mode 'position' for group 'Wheg_Group'
2024-10-29 01:36:10,285 INFO: Disabling torque for group Wheg_Group
2024-10-29 01:36:10,286 INFO: Enabling torque for group Wheg_Group
2024-10-29 01:36:10,287 INFO: Setting the profile velocity for group Wheg_Group from config.yaml: 10
2024-10-29 01:36:10,288 INFO: Profile velocities set for group Wheg_Group: {1: 43.7, 2: 43.7, 3: 43.7, 4: 43.7, 5: 43.7, 6: 43.7}
2024-10-29 01:36:10,289 INFO: Running set_position_group for group 'Pivot_Group' with positions: 180
2024-10-29 01:36:10,292 WARNING: Motor 7 is not in Position Control Mode. Setting mode now.
2024-10-29 01:36:10,293 INFO: Setting operating mode 'position' for group 'Pivot_Group'
2024-10-29 01:36:10,293 INFO: Disabling torque for group Pivot_Group
2024-10-29 01:36:10,294 INFO: Enabling torque for group Pivot_Group
2024-10-29 01:36:10,295 INFO: Setting the profile velocity for group Pivot_Group from config.yaml: 4
2024-10-29 01:36:10,296 INFO: Profile velocities set for group Pivot_Group: {7: 17.48, 8: 17.48}
2024-10-29 01:36:10,296 INFO: Initialised Gait 1, waiting for 3 seconds
2024-10-29 01:36:10,354 INFO: Running set_position_group for group 'Pivot_Group' with positions: {7: 180, 8: 185}
2024-10-29 01:36:10,359 INFO: Front pivot angle set to 180 degrees (ticks: 180)
2024-10-29 01:36:10,360 INFO: Rear pivot angle set to 185 degrees (ticks: 185)
2024-10-29 01:36:10,614 INFO: Running set_position_group for group 'Pivot_Group' with positions: {7: 180, 8: 190}
2024-10-29 01:36:10,619 INFO: Front pivot angle set to 180 degrees (ticks: 180)
2024-10-29 01:36:10,620 INFO: Rear pivot angle set to 190 degrees (ticks: 190)
2024-10-29 01:36:10,876 INFO: Running set_position_group for group 'Pivot_Group' with positions: {7: 180, 8: 195}
2024-10-29 01:36:10,880 INFO: Front pivot angle set to 180 degrees (ticks: 180)
2024-10-29 01:36:10,882 INFO: Rear pivot angle set to 195 degrees (ticks: 195)
2024-10-29 01:36:11,662 INFO: Running set_position_group for group 'Pivot_Group' with positions: {7: 180, 8: 190}
2024-10-29 01:36:11,667 INFO: Front pivot angle set to 180 degrees (ticks: 180)
2024-10-29 01:36:11,668 INFO: Rear pivot angle set to 190 degrees (ticks: 190)
2024-10-29 01:36:11,926 INFO: Running set_position_group for group 'Pivot_Group' with positions: {7: 180, 8: 185}
2024-10-29 01:36:11,931 INFO: Front pivot angle set to 180 degrees (ticks: 180)
2024-10-29 01:36:11,931 INFO: Rear pivot angle set to 185 degrees (ticks: 185)
2024-10-29 01:36:12,449 INFO: Running set_position_group for group 'Pivot_Group' with positions: {7: 175, 8: 185}
2024-10-29 01:36:12,455 INFO: Front pivot angle set to 175 degrees (ticks: 175)
2024-10-29 01:36:12,455 INFO: Rear pivot angle set to 185 degrees (ticks: 185)
2024-10-29 01:36:12,712 INFO: Running set_position_group for group 'Pivot_Group' with positions: {7: 170, 8: 185}
2024-10-29 01:36:12,718 INFO: Front pivot angle set to 170 degrees (ticks: 170)
2024-10-29 01:36:12,718 INFO: Rear pivot angle set to 185 degrees (ticks: 185)
2024-10-29 01:36:12,979 INFO: Running set_position_group for group 'Pivot_Group' with positions: {7: 165, 8: 185}
2024-10-29 01:36:12,985 INFO: Front pivot angle set to 165 degrees (ticks: 165)
2024-10-29 01:36:12,985 INFO: Rear pivot angle set to 185 degrees (ticks: 185)
2024-10-29 01:36:13,328 INFO: Setting operating mode 'multi_turn' for group 'Wheg_Group'
2024-10-29 01:36:13,329 INFO: Disabling torque for group Wheg_Group
2024-10-29 01:36:13,331 INFO: Enabling torque for group Wheg_Group
2024-10-29 01:36:13,333 INFO: Setting the profile velocity for group Wheg_Group from config.yaml: 10
2024-10-29 01:36:13,334 INFO: Profile velocities set for group Wheg_Group: {1: 43.7, 2: 43.7, 3: 43.7, 4: 43.7, 5: 43.7, 6: 43.7}
2024-10-29 01:36:13,334 INFO: New gait 1 is now active.
2024-10-29 01:36:13,345 INFO: Profile velocities set for group Wheg_Group: {1: 21.85, 2: 21.85, 3: 21.85, 4: 21.85, 5: 21.85, 6: 21.85}
2024-10-29 01:36:13,346 INFO: Incrementing motor positions by 360 degrees for group 'Wheg_Group'
2024-10-29 01:36:13,357 INFO: Gait 1 step executed at 5.00RPM, wait for 12.00 seconds
2024-10-29 01:36:13,506 INFO: Running set_position_group for group 'Pivot_Group' with positions: {7: 170, 8: 185}
2024-10-29 01:36:13,510 INFO: Front pivot angle set to 170 degrees (ticks: 170)
2024-10-29 01:36:13,511 INFO: Rear pivot angle set to 185 degrees (ticks: 185)
2024-10-29 01:36:13,768 INFO: Running set_position_group for group 'Pivot_Group' with positions: {7: 175, 8: 185}
2024-10-29 01:36:13,773 INFO: Front pivot angle set to 175 degrees (ticks: 175)
2024-10-29 01:36:13,774 INFO: Rear pivot angle set to 185 degrees (ticks: 185)
2024-10-29 01:36:14,030 INFO: Running set_position_group for group 'Pivot_Group' with positions: {7: 180, 8: 185}
2024-10-29 01:36:14,035 INFO: Front pivot angle set to 180 degrees (ticks: 180)
2024-10-29 01:36:14,036 INFO: Rear pivot angle set to 185 degrees (ticks: 185)
2024-10-29 01:36:17,162 INFO: Initiating safe shutdown...
2024-10-29 01:36:17,164 INFO: Setting operating mode 'velocity' for group 'All_Motors'
2024-10-29 01:36:17,165 INFO: Disabling torque for group All_Motors
2024-10-29 01:36:17,166 INFO: Enabling torque for group All_Motors
2024-10-29 01:36:17,168 WARNING: Velocity limit 200 exceeds hard limit 100. Limiting to 100.
2024-10-29 01:36:17,168 INFO: Velocity limit set to 100 for group All_Motors
2024-10-29 01:36:17,169 INFO: Enabling torque for group All_Motors
2024-10-29 01:36:17,170 INFO: Target velocities set for group All_Motors: {1: 0, 2: 0, 3: 0, 4: 0, 5: 0, 6: 0, 7: 0, 8: 0}
2024-10-29 01:36:17,170 INFO: Running set_position_group for group 'All_Motors' with positions: 180
2024-10-29 01:36:17,178 WARNING: Motor 1 is not in Position Control Mode. Setting mode now.
2024-10-29 01:36:17,178 INFO: Setting operating mode 'position' for group 'All_Motors'
2024-10-29 01:36:17,179 INFO: Disabling torque for group All_Motors
2024-10-29 01:36:17,180 INFO: Enabling torque for group All_Motors
2024-10-29 01:36:17,180 INFO: Setting the profile velocity for group All_Motors from config.yaml: 5
2024-10-29 01:36:17,181 INFO: Profile velocities set for group All_Motors: {1: 21.85, 2: 21.85, 3: 21.85, 4: 21.85, 5: 21.85, 6: 21.85, 7: 21.85, 8: 21.85}
2024-10-29 01:36:17,182 INFO: Closing PS4Controller and quitting pygame
2024-10-29 01:36:17,292 INFO: Port closed successfully.
2024-10-29 01:36:17,292 INFO: Shutdown complete.
