2025-05-07 14:29:43,590 INFO: Initializing PS4Controller
2025-05-07 14:29:43,992 INFO: Configuration loaded successfully
2025-05-07 14:29:43,994 INFO: Port /dev/ttyACM0 opened successfully
2025-05-07 14:29:44,004 INFO: Baudrate set to 1000000
2025-05-07 14:29:44,005 INFO: Control table loaded successfully.
2025-05-07 14:29:44,005 INFO: Motor group 'Pivot_Group' created with motors: [7, 8]
2025-05-07 14:29:44,005 INFO: Motor group 'Wheg_Group' created with motors: [1, 2, 3, 4, 5, 6]
2025-05-07 14:29:44,006 INFO: Motor group 'All_Motors' created with motors: [1, 2, 3, 4, 5, 6, 7, 8]
2025-05-07 14:29:44,007 INFO: Motor group 'Left_Whegs' created with motors: [1, 2, 3]
2025-05-07 14:29:44,007 INFO: Motor group 'Right_Whegs' created with motors: [4, 5, 6]
2025-05-07 14:29:44,008 INFO: Motor group 'Front_Whegs' created with motors: [3, 6]
2025-05-07 14:29:44,008 INFO: Motor group 'Rear_Whegs' created with motors: [1, 4]
2025-05-07 14:29:44,008 INFO: Motor group 'Middle_Whegs' created with motors: [2, 5]
2025-05-07 14:29:44,009 INFO: Motor group 'Two_Right_One_Left' created with motors: [2, 4, 6]
2025-05-07 14:29:44,009 INFO: Motor group 'Two_Left_One_Right' created with motors: [5, 1, 3]
2025-05-07 14:29:44,009 INFO: Initialised PS4 controller, Dynamixel, and Robot State
2025-05-07 14:29:44,009 INFO: Disabling torque for group Right_Whegs
2025-05-07 14:29:44,011 INFO: Drive mode set for group Right_Whegs with reverse_direction=True
2025-05-07 14:29:44,012 INFO: Enabling torque for group Right_Whegs
2025-05-07 14:29:44,013 INFO: Setting the profile velocity for group Right_Whegs from config.yaml: None
2025-05-07 14:29:44,014 ERROR: Profile velocity for group Right_Whegs not found in config.yaml and no value was provided.
2025-05-07 14:29:44,015 INFO: Disabling torque for group Left_Whegs
2025-05-07 14:29:44,017 INFO: Drive mode set for group Left_Whegs with reverse_direction=False
2025-05-07 14:29:44,017 INFO: Enabling torque for group Left_Whegs
2025-05-07 14:29:44,019 INFO: Setting the profile velocity for group Left_Whegs from config.yaml: None
2025-05-07 14:29:44,019 ERROR: Profile velocity for group Left_Whegs not found in config.yaml and no value was provided.
2025-05-07 14:29:44,020 INFO: Set the right side whegs to reverse direction
2025-05-07 14:29:44,021 INFO: Disabling torque for group Pivot_Group
2025-05-07 14:29:44,022 INFO: Drive mode set for group Pivot_Group with reverse_direction=False
2025-05-07 14:29:44,023 INFO: Enabling torque for group Pivot_Group
2025-05-07 14:29:44,024 INFO: Setting the profile velocity for group Pivot_Group from config.yaml: 4
2025-05-07 14:29:44,025 INFO: Profile velocities set for group Pivot_Group: {7: 17.48, 8: 17.48}
2025-05-07 14:29:44,026 INFO: Position limits set for group Pivot_Group: min=45째 (ticks=511), max=315째 (ticks=3583)
2025-05-07 14:29:44,027 INFO: Set position limits for the pivot motors
2025-05-07 14:29:44,180 INFO: Initialising Gait 1
2025-05-07 14:29:44,181 INFO: Disabling torque for group Wheg_Group
2025-05-07 14:29:44,182 INFO: Drive mode set for group Wheg_Group with reverse_direction={1: 0, 2: 0, 3: 0, 4: 1, 5: 1, 6: 1}
2025-05-07 14:29:44,182 INFO: Enabling torque for group Wheg_Group
2025-05-07 14:29:44,183 INFO: Setting the profile velocity for group Wheg_Group from config.yaml: 10
2025-05-07 14:29:44,184 INFO: Profile velocities set for group Wheg_Group: {1: 43.7, 2: 43.7, 3: 43.7, 4: 43.7, 5: 43.7, 6: 43.7}
2025-05-07 14:29:44,184 WARNING: Set direction of whegs to forward
2025-05-07 14:29:44,185 WARNING: Direction set for all whegs
2025-05-07 14:29:44,185 INFO: Running set_position_group for group 'Wheg_Group' with positions: 180
2025-05-07 14:29:44,191 INFO: Running set_position_group for group 'Pivot_Group' with positions: 180
2025-05-07 14:29:44,195 INFO: Initialised Gait 1, waiting for 1 seconds
2025-05-07 14:29:44,195 ERROR: Error controlling pivots: 'dpad_down'
2025-05-07 14:29:45,222 INFO: Setting operating mode 'multi_turn' for group 'Wheg_Group'
2025-05-07 14:29:45,223 INFO: Disabling torque for group Wheg_Group
2025-05-07 14:29:45,225 INFO: Enabling torque for group Wheg_Group
2025-05-07 14:29:45,227 INFO: Setting the profile velocity for group Wheg_Group from config.yaml: 10
2025-05-07 14:29:45,231 INFO: Profile velocities set for group Wheg_Group: {1: 43.7, 2: 43.7, 3: 43.7, 4: 43.7, 5: 43.7, 6: 43.7}
2025-05-07 14:29:45,232 INFO: Setting the profile velocity for group Wheg_Group from config.yaml: 10
2025-05-07 14:29:45,234 INFO: Profile velocities set for group Wheg_Group: {1: 43.7, 2: 43.7, 3: 43.7, 4: 43.7, 5: 43.7, 6: 43.7}
2025-05-07 14:29:45,234 INFO: New gait 1 is now active.
2025-05-07 14:29:47,112 INFO: Initiating safe shutdown...
2025-05-07 14:29:47,113 INFO: Setting operating mode 'velocity' for group 'All_Motors'
2025-05-07 14:29:47,113 INFO: Disabling torque for group All_Motors
2025-05-07 14:29:47,113 INFO: Enabling torque for group All_Motors
2025-05-07 14:29:47,114 INFO: Setting the profile velocity for group All_Motors from config.yaml: 8
2025-05-07 14:29:47,115 INFO: Profile velocities set for group All_Motors: {1: 34.96, 2: 34.96, 3: 34.96, 4: 34.96, 5: 34.96, 6: 34.96, 7: 34.96, 8: 34.96}
2025-05-07 14:29:47,115 WARNING: Velocity limit 200 exceeds hard limit 100. Limiting to 100.
2025-05-07 14:29:47,116 INFO: Velocity limit set to 100 for group All_Motors
2025-05-07 14:29:47,116 INFO: Enabling torque for group All_Motors
2025-05-07 14:29:47,117 INFO: Setting the profile velocity for group All_Motors from config.yaml: 8
2025-05-07 14:29:47,117 INFO: Profile velocities set for group All_Motors: {1: 34.96, 2: 34.96, 3: 34.96, 4: 34.96, 5: 34.96, 6: 34.96, 7: 34.96, 8: 34.96}
2025-05-07 14:29:47,118 INFO: Target velocities set for group All_Motors: {1: 0, 2: 0, 3: 0, 4: 0, 5: 0, 6: 0, 7: 0, 8: 0}
2025-05-07 14:29:47,118 INFO: Running set_position_group for group 'All_Motors' with positions: 180
2025-05-07 14:29:47,125 WARNING: Motor 1 is not in Position Control Mode. Setting mode now.
2025-05-07 14:29:47,126 INFO: Setting operating mode 'position' for group 'All_Motors'
2025-05-07 14:29:47,126 INFO: Disabling torque for group All_Motors
2025-05-07 14:29:47,126 INFO: Enabling torque for group All_Motors
2025-05-07 14:29:47,127 INFO: Setting the profile velocity for group All_Motors from config.yaml: 8
2025-05-07 14:29:47,128 INFO: Profile velocities set for group All_Motors: {1: 34.96, 2: 34.96, 3: 34.96, 4: 34.96, 5: 34.96, 6: 34.96, 7: 34.96, 8: 34.96}
2025-05-07 14:29:47,128 INFO: Setting the profile velocity for group All_Motors from config.yaml: 8
2025-05-07 14:29:47,128 INFO: Profile velocities set for group All_Motors: {1: 34.96, 2: 34.96, 3: 34.96, 4: 34.96, 5: 34.96, 6: 34.96, 7: 34.96, 8: 34.96}
2025-05-07 14:29:47,129 INFO: Closing PS4Controller and quitting pygame
2025-05-07 14:29:47,199 INFO: Port closed successfully.
2025-05-07 14:29:47,199 INFO: Shutdown complete.
2025-05-07 14:29:47,200 ERROR: Error checking hardware errors: Attempting to use a port that is not open
2025-05-07 14:29:47,460 INFO: Initializing PS4Controller
2025-05-07 14:29:47,819 INFO: Configuration loaded successfully
2025-05-07 14:29:47,823 INFO: Port /dev/ttyACM0 opened successfully
2025-05-07 14:29:47,833 INFO: Baudrate set to 1000000
2025-05-07 14:29:47,834 INFO: Control table loaded successfully.
2025-05-07 14:29:47,834 INFO: Motor group 'Pivot_Group' created with motors: [7, 8]
2025-05-07 14:29:47,835 INFO: Motor group 'Wheg_Group' created with motors: [1, 2, 3, 4, 5, 6]
2025-05-07 14:29:47,836 INFO: Motor group 'All_Motors' created with motors: [1, 2, 3, 4, 5, 6, 7, 8]
2025-05-07 14:29:47,836 INFO: Motor group 'Left_Whegs' created with motors: [1, 2, 3]
2025-05-07 14:29:47,837 INFO: Motor group 'Right_Whegs' created with motors: [4, 5, 6]
2025-05-07 14:29:47,838 INFO: Motor group 'Front_Whegs' created with motors: [3, 6]
2025-05-07 14:29:47,839 INFO: Motor group 'Rear_Whegs' created with motors: [1, 4]
2025-05-07 14:29:47,839 INFO: Motor group 'Middle_Whegs' created with motors: [2, 5]
2025-05-07 14:29:47,840 INFO: Motor group 'Two_Right_One_Left' created with motors: [2, 4, 6]
2025-05-07 14:29:47,840 INFO: Motor group 'Two_Left_One_Right' created with motors: [5, 1, 3]
2025-05-07 14:29:47,841 INFO: Initialised PS4 controller, Dynamixel, and Robot State
2025-05-07 14:29:47,841 INFO: Disabling torque for group Right_Whegs
2025-05-07 14:29:47,842 INFO: Drive mode set for group Right_Whegs with reverse_direction=True
2025-05-07 14:29:47,843 INFO: Enabling torque for group Right_Whegs
2025-05-07 14:29:47,844 INFO: Setting the profile velocity for group Right_Whegs from config.yaml: None
2025-05-07 14:29:47,845 ERROR: Profile velocity for group Right_Whegs not found in config.yaml and no value was provided.
2025-05-07 14:29:47,846 INFO: Disabling torque for group Left_Whegs
2025-05-07 14:29:47,848 INFO: Drive mode set for group Left_Whegs with reverse_direction=False
2025-05-07 14:29:47,848 INFO: Enabling torque for group Left_Whegs
2025-05-07 14:29:47,850 INFO: Setting the profile velocity for group Left_Whegs from config.yaml: None
2025-05-07 14:29:47,850 ERROR: Profile velocity for group Left_Whegs not found in config.yaml and no value was provided.
2025-05-07 14:29:47,851 INFO: Set the right side whegs to reverse direction
2025-05-07 14:29:47,852 INFO: Disabling torque for group Pivot_Group
2025-05-07 14:29:47,853 INFO: Drive mode set for group Pivot_Group with reverse_direction=False
2025-05-07 14:29:47,853 INFO: Enabling torque for group Pivot_Group
2025-05-07 14:29:47,855 INFO: Setting the profile velocity for group Pivot_Group from config.yaml: 4
2025-05-07 14:29:47,856 INFO: Profile velocities set for group Pivot_Group: {7: 17.48, 8: 17.48}
2025-05-07 14:29:47,857 INFO: Position limits set for group Pivot_Group: min=45째 (ticks=511), max=315째 (ticks=3583)
2025-05-07 14:29:47,858 INFO: Set position limits for the pivot motors
2025-05-07 14:29:47,883 INFO: Initialising Gait 1
2025-05-07 14:29:47,884 INFO: Disabling torque for group Wheg_Group
2025-05-07 14:29:47,885 INFO: Drive mode set for group Wheg_Group with reverse_direction={1: 0, 2: 0, 3: 0, 4: 1, 5: 1, 6: 1}
2025-05-07 14:29:47,885 INFO: Enabling torque for group Wheg_Group
2025-05-07 14:29:47,886 INFO: Setting the profile velocity for group Wheg_Group from config.yaml: 10
2025-05-07 14:29:47,887 INFO: Profile velocities set for group Wheg_Group: {1: 43.7, 2: 43.7, 3: 43.7, 4: 43.7, 5: 43.7, 6: 43.7}
2025-05-07 14:29:47,887 WARNING: Set direction of whegs to forward
2025-05-07 14:29:47,888 WARNING: Direction set for all whegs
2025-05-07 14:29:47,888 INFO: Running set_position_group for group 'Wheg_Group' with positions: 180
2025-05-07 14:29:47,894 INFO: Running set_position_group for group 'Pivot_Group' with positions: 180
2025-05-07 14:29:47,897 INFO: Initialised Gait 1, waiting for 1 seconds
2025-05-07 14:29:47,898 ERROR: Error controlling pivots: 'dpad_down'
2025-05-07 14:29:48,920 INFO: Setting operating mode 'multi_turn' for group 'Wheg_Group'
2025-05-07 14:29:48,921 INFO: Disabling torque for group Wheg_Group
2025-05-07 14:29:48,923 INFO: Enabling torque for group Wheg_Group
2025-05-07 14:29:48,925 INFO: Setting the profile velocity for group Wheg_Group from config.yaml: 10
2025-05-07 14:29:48,929 INFO: Profile velocities set for group Wheg_Group: {1: 43.7, 2: 43.7, 3: 43.7, 4: 43.7, 5: 43.7, 6: 43.7}
2025-05-07 14:29:48,929 INFO: Setting the profile velocity for group Wheg_Group from config.yaml: 10
2025-05-07 14:29:48,930 INFO: Profile velocities set for group Wheg_Group: {1: 43.7, 2: 43.7, 3: 43.7, 4: 43.7, 5: 43.7, 6: 43.7}
2025-05-07 14:29:48,930 INFO: New gait 1 is now active.
2025-05-07 14:32:59,331 ERROR: Bulk read failed with error: [TxRxResult] There is no status packet!
2025-05-07 14:32:59,368 ERROR: Error retrieving motor data: device reports readiness to read but returned no data (device disconnected or multiple access on port?)
2025-05-07 14:32:59,408 ERROR: Bulk read failed with error: [TxRxResult] Port is in use!
2025-05-07 14:32:59,424 ERROR: Bulk read failed with error: [TxRxResult] Port is in use!
2025-05-07 14:32:59,435 ERROR: Bulk read failed with error: [TxRxResult] Port is in use!
2025-05-07 14:32:59,446 ERROR: Bulk read failed with error: [TxRxResult] Port is in use!
2025-05-07 14:32:59,457 ERROR: Bulk read failed with error: [TxRxResult] Port is in use!
2025-05-07 14:32:59,459 ERROR: Bulk read failed with error: [TxRxResult] Port is in use!
2025-05-07 14:32:59,459 ERROR: Bulk read failed with error: [TxRxResult] Port is in use!
2025-05-07 14:32:59,460 ERROR: Bulk read failed with error: [TxRxResult] Port is in use!
2025-05-07 14:32:59,461 ERROR: Bulk read failed with error: [TxRxResult] Port is in use!
2025-05-07 14:32:59,461 ERROR: Error retrieving motor data: 'NoneType' object has no attribute 'keys'
2025-05-07 14:32:59,499 ERROR: Bulk read failed with error: [TxRxResult] Port is in use!
2025-05-07 14:32:59,511 ERROR: Bulk read failed with error: [TxRxResult] Port is in use!
2025-05-07 14:32:59,523 ERROR: Bulk read failed with error: [TxRxResult] Port is in use!
2025-05-07 14:32:59,534 ERROR: Bulk read failed with error: [TxRxResult] Port is in use!
2025-05-07 14:32:59,545 ERROR: Bulk read failed with error: [TxRxResult] Port is in use!
2025-05-07 14:32:59,550 ERROR: Bulk read failed with error: [TxRxResult] Port is in use!
2025-05-07 14:32:59,551 ERROR: Bulk read failed with error: [TxRxResult] Port is in use!
2025-05-07 14:32:59,552 ERROR: Bulk read failed with error: [TxRxResult] Port is in use!
2025-05-07 14:32:59,552 ERROR: Bulk read failed with error: [TxRxResult] Port is in use!
2025-05-07 14:32:59,553 ERROR: Error retrieving motor data: 'NoneType' object has no attribute 'keys'
2025-05-07 14:32:59,587 ERROR: Bulk read failed with error: [TxRxResult] Port is in use!
2025-05-07 14:32:59,600 ERROR: Bulk read failed with error: [TxRxResult] Port is in use!
2025-05-07 14:32:59,611 ERROR: Bulk read failed with error: [TxRxResult] Port is in use!
2025-05-07 14:32:59,622 ERROR: Bulk read failed with error: [TxRxResult] Port is in use!
2025-05-07 14:32:59,634 ERROR: Bulk read failed with error: [TxRxResult] Port is in use!
2025-05-07 14:32:59,638 ERROR: Bulk read failed with error: [TxRxResult] Port is in use!
2025-05-07 14:32:59,640 ERROR: Bulk read failed with error: [TxRxResult] Port is in use!
2025-05-07 14:32:59,640 ERROR: Bulk read failed with error: [TxRxResult] Port is in use!
2025-05-07 14:32:59,641 ERROR: Bulk read failed with error: [TxRxResult] Port is in use!
2025-05-07 14:32:59,642 ERROR: Error retrieving motor data: 'NoneType' object has no attribute 'keys'
2025-05-07 14:32:59,678 ERROR: Bulk read failed with error: [TxRxResult] Port is in use!
2025-05-07 14:32:59,690 ERROR: Bulk read failed with error: [TxRxResult] Port is in use!
2025-05-07 14:32:59,702 ERROR: Bulk read failed with error: [TxRxResult] Port is in use!
2025-05-07 14:32:59,713 ERROR: Bulk read failed with error: [TxRxResult] Port is in use!
2025-05-07 14:32:59,724 ERROR: Bulk read failed with error: [TxRxResult] Port is in use!
2025-05-07 14:32:59,728 ERROR: Bulk read failed with error: [TxRxResult] Port is in use!
2025-05-07 14:32:59,729 ERROR: Bulk read failed with error: [TxRxResult] Port is in use!
2025-05-07 14:32:59,730 ERROR: Bulk read failed with error: [TxRxResult] Port is in use!
2025-05-07 14:32:59,730 ERROR: Bulk read failed with error: [TxRxResult] Port is in use!
2025-05-07 14:32:59,731 ERROR: Error retrieving motor data: 'NoneType' object has no attribute 'keys'
2025-05-07 14:32:59,766 ERROR: Bulk read failed with error: [TxRxResult] Port is in use!
2025-05-07 14:32:59,778 ERROR: Bulk read failed with error: [TxRxResult] Port is in use!
2025-05-07 14:32:59,789 ERROR: Bulk read failed with error: [TxRxResult] Port is in use!
2025-05-07 14:32:59,800 ERROR: Bulk read failed with error: [TxRxResult] Port is in use!
2025-05-07 14:32:59,811 ERROR: Bulk read failed with error: [TxRxResult] Port is in use!
2025-05-07 14:32:59,816 ERROR: Bulk read failed with error: [TxRxResult] Port is in use!
2025-05-07 14:32:59,817 ERROR: Bulk read failed with error: [TxRxResult] Port is in use!
2025-05-07 14:32:59,818 ERROR: Bulk read failed with error: [TxRxResult] Port is in use!
2025-05-07 14:32:59,818 ERROR: Bulk read failed with error: [TxRxResult] Port is in use!
2025-05-07 14:32:59,819 ERROR: Error retrieving motor data: 'NoneType' object has no attribute 'keys'
2025-05-07 14:32:59,853 ERROR: Bulk read failed with error: [TxRxResult] Port is in use!
2025-05-07 14:32:59,865 ERROR: Bulk read failed with error: [TxRxResult] Port is in use!
2025-05-07 14:32:59,876 ERROR: Bulk read failed with error: [TxRxResult] Port is in use!
2025-05-07 14:32:59,888 ERROR: Bulk read failed with error: [TxRxResult] Port is in use!
2025-05-07 14:32:59,899 ERROR: Bulk read failed with error: [TxRxResult] Port is in use!
2025-05-07 14:32:59,904 ERROR: Bulk read failed with error: [TxRxResult] Port is in use!
2025-05-07 14:32:59,904 ERROR: Bulk read failed with error: [TxRxResult] Port is in use!
2025-05-07 14:32:59,905 ERROR: Bulk read failed with error: [TxRxResult] Port is in use!
2025-05-07 14:32:59,906 ERROR: Bulk read failed with error: [TxRxResult] Port is in use!
2025-05-07 14:32:59,907 ERROR: Error retrieving motor data: 'NoneType' object has no attribute 'keys'
2025-05-07 14:32:59,941 ERROR: Bulk read failed with error: [TxRxResult] Port is in use!
2025-05-07 14:32:59,954 ERROR: Bulk read failed with error: [TxRxResult] Port is in use!
2025-05-07 14:32:59,965 ERROR: Bulk read failed with error: [TxRxResult] Port is in use!
2025-05-07 14:32:59,976 ERROR: Bulk read failed with error: [TxRxResult] Port is in use!
2025-05-07 14:32:59,987 ERROR: Bulk read failed with error: [TxRxResult] Port is in use!
2025-05-07 14:32:59,992 ERROR: Bulk read failed with error: [TxRxResult] Port is in use!
2025-05-07 14:32:59,993 ERROR: Bulk read failed with error: [TxRxResult] Port is in use!
2025-05-07 14:32:59,994 ERROR: Bulk read failed with error: [TxRxResult] Port is in use!
2025-05-07 14:32:59,995 ERROR: Bulk read failed with error: [TxRxResult] Port is in use!
2025-05-07 14:32:59,996 ERROR: Error retrieving motor data: 'NoneType' object has no attribute 'keys'
2025-05-07 14:33:00,029 ERROR: Bulk read failed with error: [TxRxResult] Port is in use!
2025-05-07 14:33:00,042 ERROR: Bulk read failed with error: [TxRxResult] Port is in use!
2025-05-07 14:33:00,052 ERROR: Bulk read failed with error: [TxRxResult] Port is in use!
2025-05-07 14:33:00,064 ERROR: Bulk read failed with error: [TxRxResult] Port is in use!
2025-05-07 14:33:00,075 ERROR: Bulk read failed with error: [TxRxResult] Port is in use!
2025-05-07 14:33:00,080 ERROR: Bulk read failed with error: [TxRxResult] Port is in use!
2025-05-07 14:33:00,080 ERROR: Bulk read failed with error: [TxRxResult] Port is in use!
2025-05-07 14:33:00,081 ERROR: Bulk read failed with error: [TxRxResult] Port is in use!
2025-05-07 14:33:00,081 ERROR: Bulk read failed with error: [TxRxResult] Port is in use!
2025-05-07 14:33:00,082 ERROR: Error retrieving motor data: 'NoneType' object has no attribute 'keys'
2025-05-07 14:33:00,119 ERROR: Bulk read failed with error: [TxRxResult] Port is in use!
2025-05-07 14:33:00,130 ERROR: Bulk read failed with error: [TxRxResult] Port is in use!
2025-05-07 14:33:00,143 ERROR: Bulk read failed with error: [TxRxResult] Port is in use!
2025-05-07 14:33:00,155 ERROR: Bulk read failed with error: [TxRxResult] Port is in use!
2025-05-07 14:33:00,165 ERROR: Bulk read failed with error: [TxRxResult] Port is in use!
2025-05-07 14:33:00,170 ERROR: Bulk read failed with error: [TxRxResult] Port is in use!
2025-05-07 14:33:00,171 ERROR: Bulk read failed with error: [TxRxResult] Port is in use!
2025-05-07 14:33:00,172 ERROR: Bulk read failed with error: [TxRxResult] Port is in use!
2025-05-07 14:33:00,173 ERROR: Bulk read failed with error: [TxRxResult] Port is in use!
2025-05-07 14:33:00,173 ERROR: Error retrieving motor data: 'NoneType' object has no attribute 'keys'
2025-05-07 14:33:00,209 ERROR: Bulk read failed with error: [TxRxResult] Port is in use!
2025-05-07 14:33:00,221 ERROR: Bulk read failed with error: [TxRxResult] Port is in use!
2025-05-07 14:33:00,233 ERROR: Bulk read failed with error: [TxRxResult] Port is in use!
2025-05-07 14:33:00,244 ERROR: Bulk read failed with error: [TxRxResult] Port is in use!
2025-05-07 14:33:00,255 ERROR: Bulk read failed with error: [TxRxResult] Port is in use!
2025-05-07 14:33:00,259 ERROR: Bulk read failed with error: [TxRxResult] Port is in use!
2025-05-07 14:33:00,260 ERROR: Bulk read failed with error: [TxRxResult] Port is in use!
2025-05-07 14:33:00,261 ERROR: Bulk read failed with error: [TxRxResult] Port is in use!
2025-05-07 14:33:00,261 ERROR: Bulk read failed with error: [TxRxResult] Port is in use!
2025-05-07 14:33:00,262 ERROR: Error retrieving motor data: 'NoneType' object has no attribute 'keys'
2025-05-07 14:33:00,296 ERROR: Bulk read failed with error: [TxRxResult] Port is in use!
2025-05-07 14:33:00,308 ERROR: Bulk read failed with error: [TxRxResult] Port is in use!
2025-05-07 14:33:00,320 ERROR: Bulk read failed with error: [TxRxResult] Port is in use!
2025-05-07 14:33:00,331 ERROR: Bulk read failed with error: [TxRxResult] Port is in use!
2025-05-07 14:33:00,342 ERROR: Bulk read failed with error: [TxRxResult] Port is in use!
2025-05-07 14:33:00,347 ERROR: Bulk read failed with error: [TxRxResult] Port is in use!
2025-05-07 14:33:00,348 ERROR: Bulk read failed with error: [TxRxResult] Port is in use!
2025-05-07 14:33:00,349 ERROR: Bulk read failed with error: [TxRxResult] Port is in use!
2025-05-07 14:33:00,351 ERROR: Bulk read failed with error: [TxRxResult] Port is in use!
2025-05-07 14:33:00,352 ERROR: Error retrieving motor data: 'NoneType' object has no attribute 'keys'
2025-05-07 14:33:00,394 ERROR: Bulk read failed with error: [TxRxResult] Port is in use!
2025-05-07 14:33:00,409 ERROR: Bulk read failed with error: [TxRxResult] Port is in use!
2025-05-07 14:33:00,420 ERROR: Bulk read failed with error: [TxRxResult] Port is in use!
2025-05-07 14:33:00,431 ERROR: Bulk read failed with error: [TxRxResult] Port is in use!
2025-05-07 14:33:00,442 ERROR: Bulk read failed with error: [TxRxResult] Port is in use!
2025-05-07 14:33:00,444 ERROR: Bulk read failed with error: [TxRxResult] Port is in use!
2025-05-07 14:33:00,445 ERROR: Bulk read failed with error: [TxRxResult] Port is in use!
2025-05-07 14:33:00,446 ERROR: Bulk read failed with error: [TxRxResult] Port is in use!
2025-05-07 14:33:00,447 ERROR: Bulk read failed with error: [TxRxResult] Port is in use!
2025-05-07 14:33:00,447 ERROR: Error retrieving motor data: 'NoneType' object has no attribute 'keys'
2025-05-07 14:33:00,482 ERROR: Bulk read failed with error: [TxRxResult] Port is in use!
2025-05-07 14:33:00,495 ERROR: Bulk read failed with error: [TxRxResult] Port is in use!
2025-05-07 14:33:00,507 ERROR: Bulk read failed with error: [TxRxResult] Port is in use!
2025-05-07 14:33:00,518 ERROR: Bulk read failed with error: [TxRxResult] Port is in use!
2025-05-07 14:33:00,529 ERROR: Bulk read failed with error: [TxRxResult] Port is in use!
2025-05-07 14:33:00,533 ERROR: Bulk read failed with error: [TxRxResult] Port is in use!
2025-05-07 14:33:00,533 ERROR: Bulk read failed with error: [TxRxResult] Port is in use!
2025-05-07 14:33:00,534 ERROR: Bulk read failed with error: [TxRxResult] Port is in use!
2025-05-07 14:33:00,535 ERROR: Bulk read failed with error: [TxRxResult] Port is in use!
2025-05-07 14:33:00,536 ERROR: Error retrieving motor data: 'NoneType' object has no attribute 'keys'
2025-05-07 14:33:00,570 ERROR: Bulk read failed with error: [TxRxResult] Port is in use!
2025-05-07 14:33:00,583 ERROR: Bulk read failed with error: [TxRxResult] Port is in use!
2025-05-07 14:33:00,593 ERROR: Bulk read failed with error: [TxRxResult] Port is in use!
2025-05-07 14:33:00,605 ERROR: Bulk read failed with error: [TxRxResult] Port is in use!
2025-05-07 14:33:00,615 ERROR: Bulk read failed with error: [TxRxResult] Port is in use!
2025-05-07 14:33:00,620 ERROR: Bulk read failed with error: [TxRxResult] Port is in use!
2025-05-07 14:33:00,622 ERROR: Bulk read failed with error: [TxRxResult] Port is in use!
2025-05-07 14:33:00,623 ERROR: Bulk read failed with error: [TxRxResult] Port is in use!
2025-05-07 14:33:00,624 ERROR: Bulk read failed with error: [TxRxResult] Port is in use!
2025-05-07 14:33:00,625 ERROR: Error retrieving motor data: 'NoneType' object has no attribute 'keys'
2025-05-07 14:33:00,659 ERROR: Bulk read failed with error: [TxRxResult] Port is in use!
2025-05-07 14:33:00,670 ERROR: Bulk read failed with error: [TxRxResult] Port is in use!
2025-05-07 14:33:00,682 ERROR: Bulk read failed with error: [TxRxResult] Port is in use!
2025-05-07 14:33:00,693 ERROR: Bulk read failed with error: [TxRxResult] Port is in use!
2025-05-07 14:33:00,705 ERROR: Bulk read failed with error: [TxRxResult] Port is in use!
2025-05-07 14:33:00,709 ERROR: Bulk read failed with error: [TxRxResult] Port is in use!
2025-05-07 14:33:00,710 ERROR: Bulk read failed with error: [TxRxResult] Port is in use!
2025-05-07 14:33:00,711 ERROR: Bulk read failed with error: [TxRxResult] Port is in use!
2025-05-07 14:33:00,712 ERROR: Bulk read failed with error: [TxRxResult] Port is in use!
2025-05-07 14:33:00,713 ERROR: Error retrieving motor data: 'NoneType' object has no attribute 'keys'
2025-05-07 14:33:00,750 ERROR: Bulk read failed with error: [TxRxResult] Port is in use!
2025-05-07 14:33:00,761 ERROR: Bulk read failed with error: [TxRxResult] Port is in use!
2025-05-07 14:33:00,772 ERROR: Bulk read failed with error: [TxRxResult] Port is in use!
2025-05-07 14:33:00,784 ERROR: Bulk read failed with error: [TxRxResult] Port is in use!
2025-05-07 14:33:00,795 ERROR: Bulk read failed with error: [TxRxResult] Port is in use!
2025-05-07 14:33:00,800 ERROR: Bulk read failed with error: [TxRxResult] Port is in use!
2025-05-07 14:33:00,801 ERROR: Bulk read failed with error: [TxRxResult] Port is in use!
2025-05-07 14:33:00,802 ERROR: Bulk read failed with error: [TxRxResult] Port is in use!
2025-05-07 14:33:00,802 ERROR: Bulk read failed with error: [TxRxResult] Port is in use!
2025-05-07 14:33:00,803 ERROR: Error retrieving motor data: 'NoneType' object has no attribute 'keys'
2025-05-07 14:33:00,840 ERROR: Bulk read failed with error: [TxRxResult] Port is in use!
2025-05-07 14:33:00,851 ERROR: Bulk read failed with error: [TxRxResult] Port is in use!
2025-05-07 14:33:00,863 ERROR: Bulk read failed with error: [TxRxResult] Port is in use!
2025-05-07 14:33:00,874 ERROR: Bulk read failed with error: [TxRxResult] Port is in use!
2025-05-07 14:33:00,886 ERROR: Bulk read failed with error: [TxRxResult] Port is in use!
2025-05-07 14:33:00,890 ERROR: Bulk read failed with error: [TxRxResult] Port is in use!
2025-05-07 14:33:00,892 ERROR: Bulk read failed with error: [TxRxResult] Port is in use!
2025-05-07 14:33:00,892 ERROR: Bulk read failed with error: [TxRxResult] Port is in use!
2025-05-07 14:33:00,893 ERROR: Bulk read failed with error: [TxRxResult] Port is in use!
2025-05-07 14:33:00,894 ERROR: Error retrieving motor data: 'NoneType' object has no attribute 'keys'
2025-05-07 14:33:00,930 ERROR: Bulk read failed with error: [TxRxResult] Port is in use!
2025-05-07 14:33:00,941 ERROR: Bulk read failed with error: [TxRxResult] Port is in use!
2025-05-07 14:33:00,953 ERROR: Bulk read failed with error: [TxRxResult] Port is in use!
2025-05-07 14:33:00,965 ERROR: Bulk read failed with error: [TxRxResult] Port is in use!
2025-05-07 14:33:00,977 ERROR: Bulk read failed with error: [TxRxResult] Port is in use!
2025-05-07 14:33:00,981 ERROR: Bulk read failed with error: [TxRxResult] Port is in use!
2025-05-07 14:33:00,983 ERROR: Bulk read failed with error: [TxRxResult] Port is in use!
2025-05-07 14:33:00,983 ERROR: Bulk read failed with error: [TxRxResult] Port is in use!
2025-05-07 14:33:00,984 ERROR: Bulk read failed with error: [TxRxResult] Port is in use!
2025-05-07 14:33:00,985 ERROR: Error retrieving motor data: 'NoneType' object has no attribute 'keys'
2025-05-07 14:33:01,022 ERROR: Bulk read failed with error: [TxRxResult] Port is in use!
2025-05-07 14:33:01,035 ERROR: Bulk read failed with error: [TxRxResult] Port is in use!
2025-05-07 14:33:01,047 ERROR: Bulk read failed with error: [TxRxResult] Port is in use!
2025-05-07 14:33:01,059 ERROR: Bulk read failed with error: [TxRxResult] Port is in use!
2025-05-07 14:33:01,070 ERROR: Bulk read failed with error: [TxRxResult] Port is in use!
2025-05-07 14:33:01,072 ERROR: Bulk read failed with error: [TxRxResult] Port is in use!
2025-05-07 14:33:01,073 ERROR: Bulk read failed with error: [TxRxResult] Port is in use!
2025-05-07 14:33:01,074 ERROR: Bulk read failed with error: [TxRxResult] Port is in use!
2025-05-07 14:33:01,075 ERROR: Bulk read failed with error: [TxRxResult] Port is in use!
2025-05-07 14:33:01,075 ERROR: Error retrieving motor data: 'NoneType' object has no attribute 'keys'
2025-05-07 14:33:01,112 ERROR: Bulk read failed with error: [TxRxResult] Port is in use!
2025-05-07 14:33:01,124 ERROR: Bulk read failed with error: [TxRxResult] Port is in use!
2025-05-07 14:33:01,134 ERROR: Bulk read failed with error: [TxRxResult] Port is in use!
2025-05-07 14:33:01,146 ERROR: Bulk read failed with error: [TxRxResult] Port is in use!
2025-05-07 14:33:01,158 ERROR: Bulk read failed with error: [TxRxResult] Port is in use!
2025-05-07 14:33:01,162 ERROR: Bulk read failed with error: [TxRxResult] Port is in use!
2025-05-07 14:33:01,163 ERROR: Bulk read failed with error: [TxRxResult] Port is in use!
2025-05-07 14:33:01,165 ERROR: Bulk read failed with error: [TxRxResult] Port is in use!
2025-05-07 14:33:01,166 ERROR: Bulk read failed with error: [TxRxResult] Port is in use!
2025-05-07 14:33:01,167 ERROR: Error retrieving motor data: 'NoneType' object has no attribute 'keys'
2025-05-07 14:33:01,205 ERROR: Bulk read failed with error: [TxRxResult] Port is in use!
2025-05-07 14:33:01,216 ERROR: Bulk read failed with error: [TxRxResult] Port is in use!
2025-05-07 14:33:01,227 ERROR: Bulk read failed with error: [TxRxResult] Port is in use!
2025-05-07 14:33:01,239 ERROR: Bulk read failed with error: [TxRxResult] Port is in use!
2025-05-07 14:33:01,250 ERROR: Bulk read failed with error: [TxRxResult] Port is in use!
2025-05-07 14:33:01,256 ERROR: Bulk read failed with error: [TxRxResult] Port is in use!
2025-05-07 14:33:01,256 ERROR: Bulk read failed with error: [TxRxResult] Port is in use!
2025-05-07 14:33:01,257 ERROR: Bulk read failed with error: [TxRxResult] Port is in use!
2025-05-07 14:33:01,257 ERROR: Bulk read failed with error: [TxRxResult] Port is in use!
2025-05-07 14:33:01,259 ERROR: Error retrieving motor data: 'NoneType' object has no attribute 'keys'
2025-05-07 14:33:01,295 ERROR: Bulk read failed with error: [TxRxResult] Port is in use!
2025-05-07 14:33:01,307 ERROR: Bulk read failed with error: [TxRxResult] Port is in use!
2025-05-07 14:33:01,318 ERROR: Bulk read failed with error: [TxRxResult] Port is in use!
2025-05-07 14:33:01,329 ERROR: Bulk read failed with error: [TxRxResult] Port is in use!
2025-05-07 14:33:01,340 ERROR: Bulk read failed with error: [TxRxResult] Port is in use!
2025-05-07 14:33:01,345 ERROR: Bulk read failed with error: [TxRxResult] Port is in use!
2025-05-07 14:33:01,345 ERROR: Bulk read failed with error: [TxRxResult] Port is in use!
2025-05-07 14:33:01,347 ERROR: Bulk read failed with error: [TxRxResult] Port is in use!
2025-05-07 14:33:01,347 ERROR: Bulk read failed with error: [TxRxResult] Port is in use!
2025-05-07 14:33:01,348 ERROR: Error retrieving motor data: 'NoneType' object has no attribute 'keys'
2025-05-07 14:33:01,384 ERROR: Bulk read failed with error: [TxRxResult] Port is in use!
2025-05-07 14:33:01,396 ERROR: Bulk read failed with error: [TxRxResult] Port is in use!
2025-05-07 14:33:01,407 ERROR: Bulk read failed with error: [TxRxResult] Port is in use!
2025-05-07 14:33:01,419 ERROR: Bulk read failed with error: [TxRxResult] Port is in use!
2025-05-07 14:33:01,430 ERROR: Bulk read failed with error: [TxRxResult] Port is in use!
2025-05-07 14:33:01,435 ERROR: Bulk read failed with error: [TxRxResult] Port is in use!
2025-05-07 14:33:01,437 ERROR: Bulk read failed with error: [TxRxResult] Port is in use!
2025-05-07 14:33:01,438 ERROR: Bulk read failed with error: [TxRxResult] Port is in use!
2025-05-07 14:33:01,439 ERROR: Bulk read failed with error: [TxRxResult] Port is in use!
2025-05-07 14:33:01,439 ERROR: Error retrieving motor data: 'NoneType' object has no attribute 'keys'
2025-05-07 14:33:01,476 ERROR: Bulk read failed with error: [TxRxResult] Port is in use!
2025-05-07 14:33:01,487 ERROR: Bulk read failed with error: [TxRxResult] Port is in use!
2025-05-07 14:33:01,499 ERROR: Bulk read failed with error: [TxRxResult] Port is in use!
2025-05-07 14:33:01,510 ERROR: Bulk read failed with error: [TxRxResult] Port is in use!
2025-05-07 14:33:01,521 ERROR: Bulk read failed with error: [TxRxResult] Port is in use!
2025-05-07 14:33:01,526 ERROR: Bulk read failed with error: [TxRxResult] Port is in use!
2025-05-07 14:33:01,528 ERROR: Bulk read failed with error: [TxRxResult] Port is in use!
2025-05-07 14:33:01,528 ERROR: Bulk read failed with error: [TxRxResult] Port is in use!
2025-05-07 14:33:01,529 ERROR: Bulk read failed with error: [TxRxResult] Port is in use!
2025-05-07 14:33:01,530 ERROR: Error retrieving motor data: 'NoneType' object has no attribute 'keys'
2025-05-07 14:33:01,573 ERROR: Bulk read failed with error: [TxRxResult] Port is in use!
2025-05-07 14:33:01,586 ERROR: Bulk read failed with error: [TxRxResult] Port is in use!
2025-05-07 14:33:01,598 ERROR: Bulk read failed with error: [TxRxResult] Port is in use!
2025-05-07 14:33:01,609 ERROR: Bulk read failed with error: [TxRxResult] Port is in use!
2025-05-07 14:33:01,621 ERROR: Bulk read failed with error: [TxRxResult] Port is in use!
2025-05-07 14:33:01,624 ERROR: Bulk read failed with error: [TxRxResult] Port is in use!
2025-05-07 14:33:01,624 ERROR: Bulk read failed with error: [TxRxResult] Port is in use!
2025-05-07 14:33:01,626 ERROR: Bulk read failed with error: [TxRxResult] Port is in use!
2025-05-07 14:33:01,626 ERROR: Bulk read failed with error: [TxRxResult] Port is in use!
2025-05-07 14:33:01,626 ERROR: Error retrieving motor data: 'NoneType' object has no attribute 'keys'
2025-05-07 14:33:01,663 ERROR: Bulk read failed with error: [TxRxResult] Port is in use!
2025-05-07 14:33:01,676 ERROR: Bulk read failed with error: [TxRxResult] Port is in use!
2025-05-07 14:33:01,687 ERROR: Bulk read failed with error: [TxRxResult] Port is in use!
2025-05-07 14:33:01,698 ERROR: Bulk read failed with error: [TxRxResult] Port is in use!
2025-05-07 14:33:01,710 ERROR: Bulk read failed with error: [TxRxResult] Port is in use!
2025-05-07 14:33:01,714 ERROR: Bulk read failed with error: [TxRxResult] Port is in use!
2025-05-07 14:33:01,714 ERROR: Bulk read failed with error: [TxRxResult] Port is in use!
2025-05-07 14:33:01,715 ERROR: Bulk read failed with error: [TxRxResult] Port is in use!
2025-05-07 14:33:01,716 ERROR: Bulk read failed with error: [TxRxResult] Port is in use!
2025-05-07 14:33:01,717 ERROR: Error retrieving motor data: 'NoneType' object has no attribute 'keys'
2025-05-07 14:33:01,754 ERROR: Bulk read failed with error: [TxRxResult] Port is in use!
2025-05-07 14:33:01,765 ERROR: Bulk read failed with error: [TxRxResult] Port is in use!
2025-05-07 14:33:01,776 ERROR: Bulk read failed with error: [TxRxResult] Port is in use!
2025-05-07 14:33:01,787 ERROR: Bulk read failed with error: [TxRxResult] Port is in use!
2025-05-07 14:33:01,799 ERROR: Bulk read failed with error: [TxRxResult] Port is in use!
2025-05-07 14:33:01,805 ERROR: Bulk read failed with error: [TxRxResult] Port is in use!
2025-05-07 14:33:01,805 ERROR: Bulk read failed with error: [TxRxResult] Port is in use!
2025-05-07 14:33:01,806 ERROR: Bulk read failed with error: [TxRxResult] Port is in use!
2025-05-07 14:33:01,807 ERROR: Bulk read failed with error: [TxRxResult] Port is in use!
2025-05-07 14:33:01,808 ERROR: Error retrieving motor data: 'NoneType' object has no attribute 'keys'
2025-05-07 14:33:01,846 ERROR: Bulk read failed with error: [TxRxResult] Port is in use!
2025-05-07 14:33:01,857 ERROR: Bulk read failed with error: [TxRxResult] Port is in use!
2025-05-07 14:33:01,869 ERROR: Bulk read failed with error: [TxRxResult] Port is in use!
2025-05-07 14:33:01,880 ERROR: Bulk read failed with error: [TxRxResult] Port is in use!
2025-05-07 14:33:01,891 ERROR: Bulk read failed with error: [TxRxResult] Port is in use!
2025-05-07 14:33:01,897 ERROR: Bulk read failed with error: [TxRxResult] Port is in use!
2025-05-07 14:33:01,898 ERROR: Bulk read failed with error: [TxRxResult] Port is in use!
2025-05-07 14:33:01,899 ERROR: Bulk read failed with error: [TxRxResult] Port is in use!
2025-05-07 14:33:01,900 ERROR: Bulk read failed with error: [TxRxResult] Port is in use!
2025-05-07 14:33:01,901 ERROR: Error retrieving motor data: 'NoneType' object has no attribute 'keys'
2025-05-07 14:33:01,936 ERROR: Bulk read failed with error: [TxRxResult] Port is in use!
2025-05-07 14:33:01,948 ERROR: Bulk read failed with error: [TxRxResult] Port is in use!
2025-05-07 14:33:01,959 ERROR: Bulk read failed with error: [TxRxResult] Port is in use!
2025-05-07 14:33:01,970 ERROR: Bulk read failed with error: [TxRxResult] Port is in use!
2025-05-07 14:33:01,982 ERROR: Bulk read failed with error: [TxRxResult] Port is in use!
2025-05-07 14:33:01,986 ERROR: Bulk read failed with error: [TxRxResult] Port is in use!
2025-05-07 14:33:01,987 ERROR: Bulk read failed with error: [TxRxResult] Port is in use!
2025-05-07 14:33:01,988 ERROR: Bulk read failed with error: [TxRxResult] Port is in use!
2025-05-07 14:33:01,988 ERROR: Bulk read failed with error: [TxRxResult] Port is in use!
2025-05-07 14:33:01,989 ERROR: Error retrieving motor data: 'NoneType' object has no attribute 'keys'
2025-05-07 14:33:02,030 ERROR: Bulk read failed with error: [TxRxResult] Port is in use!
2025-05-07 14:33:02,042 ERROR: Bulk read failed with error: [TxRxResult] Port is in use!
2025-05-07 14:33:02,055 ERROR: Bulk read failed with error: [TxRxResult] Port is in use!
2025-05-07 14:33:02,067 ERROR: Bulk read failed with error: [TxRxResult] Port is in use!
2025-05-07 14:33:02,078 ERROR: Bulk read failed with error: [TxRxResult] Port is in use!
2025-05-07 14:33:02,081 ERROR: Bulk read failed with error: [TxRxResult] Port is in use!
2025-05-07 14:33:02,081 ERROR: Bulk read failed with error: [TxRxResult] Port is in use!
2025-05-07 14:33:02,082 ERROR: Bulk read failed with error: [TxRxResult] Port is in use!
2025-05-07 14:33:02,082 ERROR: Bulk read failed with error: [TxRxResult] Port is in use!
2025-05-07 14:33:02,083 ERROR: Error retrieving motor data: 'NoneType' object has no attribute 'keys'
2025-05-07 14:33:02,120 ERROR: Bulk read failed with error: [TxRxResult] Port is in use!
2025-05-07 14:33:02,132 ERROR: Bulk read failed with error: [TxRxResult] Port is in use!
2025-05-07 14:33:02,143 ERROR: Bulk read failed with error: [TxRxResult] Port is in use!
2025-05-07 14:33:02,154 ERROR: Bulk read failed with error: [TxRxResult] Port is in use!
2025-05-07 14:33:02,166 ERROR: Bulk read failed with error: [TxRxResult] Port is in use!
2025-05-07 14:33:02,171 ERROR: Bulk read failed with error: [TxRxResult] Port is in use!
2025-05-07 14:33:02,172 ERROR: Bulk read failed with error: [TxRxResult] Port is in use!
2025-05-07 14:33:02,172 ERROR: Bulk read failed with error: [TxRxResult] Port is in use!
2025-05-07 14:33:02,173 ERROR: Bulk read failed with error: [TxRxResult] Port is in use!
2025-05-07 14:33:02,174 ERROR: Error retrieving motor data: 'NoneType' object has no attribute 'keys'
2025-05-07 14:33:02,214 ERROR: Bulk read failed with error: [TxRxResult] Port is in use!
2025-05-07 14:33:02,226 ERROR: Bulk read failed with error: [TxRxResult] Port is in use!
2025-05-07 14:33:02,238 ERROR: Bulk read failed with error: [TxRxResult] Port is in use!
2025-05-07 14:33:02,250 ERROR: Bulk read failed with error: [TxRxResult] Port is in use!
2025-05-07 14:33:02,261 ERROR: Bulk read failed with error: [TxRxResult] Port is in use!
2025-05-07 14:33:02,264 ERROR: Bulk read failed with error: [TxRxResult] Port is in use!
2025-05-07 14:33:02,265 ERROR: Bulk read failed with error: [TxRxResult] Port is in use!
2025-05-07 14:33:02,267 ERROR: Bulk read failed with error: [TxRxResult] Port is in use!
2025-05-07 14:33:02,268 ERROR: Bulk read failed with error: [TxRxResult] Port is in use!
2025-05-07 14:33:02,269 ERROR: Error retrieving motor data: 'NoneType' object has no attribute 'keys'
2025-05-07 14:33:02,308 ERROR: Bulk read failed with error: [TxRxResult] Port is in use!
2025-05-07 14:33:02,320 ERROR: Bulk read failed with error: [TxRxResult] Port is in use!
2025-05-07 14:33:02,331 ERROR: Bulk read failed with error: [TxRxResult] Port is in use!
2025-05-07 14:33:02,342 ERROR: Bulk read failed with error: [TxRxResult] Port is in use!
2025-05-07 14:33:02,353 ERROR: Bulk read failed with error: [TxRxResult] Port is in use!
2025-05-07 14:33:02,359 ERROR: Bulk read failed with error: [TxRxResult] Port is in use!
2025-05-07 14:33:02,361 ERROR: Bulk read failed with error: [TxRxResult] Port is in use!
2025-05-07 14:33:02,362 ERROR: Bulk read failed with error: [TxRxResult] Port is in use!
2025-05-07 14:33:02,362 ERROR: Bulk read failed with error: [TxRxResult] Port is in use!
2025-05-07 14:33:02,363 ERROR: Error retrieving motor data: 'NoneType' object has no attribute 'keys'
2025-05-07 14:33:02,402 ERROR: Bulk read failed with error: [TxRxResult] Port is in use!
2025-05-07 14:33:02,413 ERROR: Bulk read failed with error: [TxRxResult] Port is in use!
2025-05-07 14:33:02,424 ERROR: Bulk read failed with error: [TxRxResult] Port is in use!
2025-05-07 14:33:02,435 ERROR: Bulk read failed with error: [TxRxResult] Port is in use!
2025-05-07 14:33:02,446 ERROR: Bulk read failed with error: [TxRxResult] Port is in use!
2025-05-07 14:33:02,452 ERROR: Bulk read failed with error: [TxRxResult] Port is in use!
2025-05-07 14:33:02,452 ERROR: Bulk read failed with error: [TxRxResult] Port is in use!
2025-05-07 14:33:02,453 ERROR: Bulk read failed with error: [TxRxResult] Port is in use!
2025-05-07 14:33:02,454 ERROR: Bulk read failed with error: [TxRxResult] Port is in use!
2025-05-07 14:33:02,455 ERROR: Error retrieving motor data: 'NoneType' object has no attribute 'keys'
2025-05-07 14:33:02,492 ERROR: Bulk read failed with error: [TxRxResult] Port is in use!
2025-05-07 14:33:02,504 ERROR: Bulk read failed with error: [TxRxResult] Port is in use!
2025-05-07 14:33:02,515 ERROR: Bulk read failed with error: [TxRxResult] Port is in use!
2025-05-07 14:33:02,526 ERROR: Bulk read failed with error: [TxRxResult] Port is in use!
2025-05-07 14:33:02,537 ERROR: Bulk read failed with error: [TxRxResult] Port is in use!
2025-05-07 14:33:02,542 ERROR: Bulk read failed with error: [TxRxResult] Port is in use!
2025-05-07 14:33:02,543 ERROR: Bulk read failed with error: [TxRxResult] Port is in use!
2025-05-07 14:33:02,544 ERROR: Bulk read failed with error: [TxRxResult] Port is in use!
2025-05-07 14:33:02,545 ERROR: Bulk read failed with error: [TxRxResult] Port is in use!
2025-05-07 14:33:02,546 ERROR: Error retrieving motor data: 'NoneType' object has no attribute 'keys'
2025-05-07 14:33:02,583 ERROR: Bulk read failed with error: [TxRxResult] Port is in use!
2025-05-07 14:33:02,594 ERROR: Bulk read failed with error: [TxRxResult] Port is in use!
2025-05-07 14:33:02,605 ERROR: Bulk read failed with error: [TxRxResult] Port is in use!
2025-05-07 14:33:02,616 ERROR: Bulk read failed with error: [TxRxResult] Port is in use!
2025-05-07 14:33:02,627 ERROR: Bulk read failed with error: [TxRxResult] Port is in use!
2025-05-07 14:33:02,634 ERROR: Bulk read failed with error: [TxRxResult] Port is in use!
2025-05-07 14:33:02,635 ERROR: Bulk read failed with error: [TxRxResult] Port is in use!
2025-05-07 14:33:02,635 ERROR: Bulk read failed with error: [TxRxResult] Port is in use!
2025-05-07 14:33:02,636 ERROR: Bulk read failed with error: [TxRxResult] Port is in use!
2025-05-07 14:33:02,637 ERROR: Error retrieving motor data: 'NoneType' object has no attribute 'keys'
2025-05-07 14:33:02,675 ERROR: Bulk read failed with error: [TxRxResult] Port is in use!
2025-05-07 14:33:02,687 ERROR: Bulk read failed with error: [TxRxResult] Port is in use!
2025-05-07 14:33:02,699 ERROR: Bulk read failed with error: [TxRxResult] Port is in use!
2025-05-07 14:33:02,711 ERROR: Bulk read failed with error: [TxRxResult] Port is in use!
2025-05-07 14:33:02,722 ERROR: Bulk read failed with error: [TxRxResult] Port is in use!
2025-05-07 14:33:02,725 ERROR: Bulk read failed with error: [TxRxResult] Port is in use!
2025-05-07 14:33:02,726 ERROR: Bulk read failed with error: [TxRxResult] Port is in use!
2025-05-07 14:33:02,727 ERROR: Bulk read failed with error: [TxRxResult] Port is in use!
2025-05-07 14:33:02,727 ERROR: Bulk read failed with error: [TxRxResult] Port is in use!
2025-05-07 14:33:02,729 ERROR: Error retrieving motor data: 'NoneType' object has no attribute 'keys'
2025-05-07 14:33:02,773 ERROR: Bulk read failed with error: [TxRxResult] Port is in use!
2025-05-07 14:33:02,787 ERROR: Bulk read failed with error: [TxRxResult] Port is in use!
2025-05-07 14:33:02,800 ERROR: Bulk read failed with error: [TxRxResult] Port is in use!
2025-05-07 14:33:02,812 ERROR: Bulk read failed with error: [TxRxResult] Port is in use!
2025-05-07 14:33:02,824 ERROR: Bulk read failed with error: [TxRxResult] Port is in use!
2025-05-07 14:33:02,825 ERROR: Bulk read failed with error: [TxRxResult] Port is in use!
2025-05-07 14:33:02,826 ERROR: Bulk read failed with error: [TxRxResult] Port is in use!
2025-05-07 14:33:02,828 ERROR: Bulk read failed with error: [TxRxResult] Port is in use!
2025-05-07 14:33:02,828 ERROR: Error retrieving motor data: 'NoneType' object has no attribute 'keys'
2025-05-07 14:33:02,875 ERROR: Bulk read failed with error: [TxRxResult] Port is in use!
2025-05-07 14:33:02,888 ERROR: Bulk read failed with error: [TxRxResult] Port is in use!
2025-05-07 14:33:02,899 ERROR: Bulk read failed with error: [TxRxResult] Port is in use!
2025-05-07 14:33:02,910 ERROR: Bulk read failed with error: [TxRxResult] Port is in use!
2025-05-07 14:33:02,922 ERROR: Bulk read failed with error: [TxRxResult] Port is in use!
2025-05-07 14:33:02,927 ERROR: Bulk read failed with error: [TxRxResult] Port is in use!
2025-05-07 14:33:02,928 ERROR: Bulk read failed with error: [TxRxResult] Port is in use!
2025-05-07 14:33:02,929 ERROR: Bulk read failed with error: [TxRxResult] Port is in use!
2025-05-07 14:33:02,929 ERROR: Bulk read failed with error: [TxRxResult] Port is in use!
2025-05-07 14:33:02,930 ERROR: Error retrieving motor data: 'NoneType' object has no attribute 'keys'
2025-05-07 14:33:02,965 ERROR: Bulk read failed with error: [TxRxResult] Port is in use!
2025-05-07 14:33:02,977 ERROR: Bulk read failed with error: [TxRxResult] Port is in use!
2025-05-07 14:33:02,988 ERROR: Bulk read failed with error: [TxRxResult] Port is in use!
2025-05-07 14:33:03,007 ERROR: Bulk read failed with error: [TxRxResult] Port is in use!
2025-05-07 14:33:03,016 ERROR: Bulk read failed with error: [TxRxResult] Port is in use!
2025-05-07 14:33:03,019 ERROR: Bulk read failed with error: [TxRxResult] Port is in use!
2025-05-07 14:33:03,020 ERROR: Bulk read failed with error: [TxRxResult] Port is in use!
2025-05-07 14:33:03,023 ERROR: Bulk read failed with error: [TxRxResult] Port is in use!
2025-05-07 14:33:03,025 ERROR: Error retrieving motor data: 'NoneType' object has no attribute 'keys'
2025-05-07 14:33:03,065 ERROR: Bulk read failed with error: [TxRxResult] Port is in use!
2025-05-07 14:33:03,079 ERROR: Bulk read failed with error: [TxRxResult] Port is in use!
2025-05-07 14:33:03,089 ERROR: Bulk read failed with error: [TxRxResult] Port is in use!
2025-05-07 14:33:03,101 ERROR: Bulk read failed with error: [TxRxResult] Port is in use!
2025-05-07 14:33:03,112 ERROR: Bulk read failed with error: [TxRxResult] Port is in use!
2025-05-07 14:33:03,115 ERROR: Bulk read failed with error: [TxRxResult] Port is in use!
2025-05-07 14:33:03,115 ERROR: Bulk read failed with error: [TxRxResult] Port is in use!
2025-05-07 14:33:03,116 ERROR: Bulk read failed with error: [TxRxResult] Port is in use!
2025-05-07 14:33:03,116 ERROR: Bulk read failed with error: [TxRxResult] Port is in use!
2025-05-07 14:33:03,117 ERROR: Error retrieving motor data: 'NoneType' object has no attribute 'keys'
2025-05-07 14:33:03,151 ERROR: Bulk read failed with error: [TxRxResult] Port is in use!
2025-05-07 14:33:03,163 ERROR: Bulk read failed with error: [TxRxResult] Port is in use!
2025-05-07 14:33:03,174 ERROR: Bulk read failed with error: [TxRxResult] Port is in use!
2025-05-07 14:33:03,185 ERROR: Bulk read failed with error: [TxRxResult] Port is in use!
2025-05-07 14:33:03,197 ERROR: Bulk read failed with error: [TxRxResult] Port is in use!
2025-05-07 14:33:03,202 ERROR: Bulk read failed with error: [TxRxResult] Port is in use!
2025-05-07 14:33:03,202 ERROR: Bulk read failed with error: [TxRxResult] Port is in use!
2025-05-07 14:33:03,202 ERROR: Bulk read failed with error: [TxRxResult] Port is in use!
2025-05-07 14:33:03,203 ERROR: Bulk read failed with error: [TxRxResult] Port is in use!
2025-05-07 14:33:03,205 ERROR: Error retrieving motor data: 'NoneType' object has no attribute 'keys'
2025-05-07 14:33:03,244 ERROR: Bulk read failed with error: [TxRxResult] Port is in use!
2025-05-07 14:33:03,257 ERROR: Bulk read failed with error: [TxRxResult] Port is in use!
2025-05-07 14:33:03,268 ERROR: Bulk read failed with error: [TxRxResult] Port is in use!
2025-05-07 14:33:03,279 ERROR: Bulk read failed with error: [TxRxResult] Port is in use!
2025-05-07 14:33:03,290 ERROR: Bulk read failed with error: [TxRxResult] Port is in use!
2025-05-07 14:33:03,295 ERROR: Bulk read failed with error: [TxRxResult] Port is in use!
2025-05-07 14:33:03,296 ERROR: Bulk read failed with error: [TxRxResult] Port is in use!
2025-05-07 14:33:03,297 ERROR: Bulk read failed with error: [TxRxResult] Port is in use!
2025-05-07 14:33:03,299 ERROR: Bulk read failed with error: [TxRxResult] Port is in use!
2025-05-07 14:33:03,300 ERROR: Error retrieving motor data: 'NoneType' object has no attribute 'keys'
2025-05-07 14:33:03,336 ERROR: Bulk read failed with error: [TxRxResult] Port is in use!
2025-05-07 14:33:03,348 ERROR: Bulk read failed with error: [TxRxResult] Port is in use!
2025-05-07 14:33:03,359 ERROR: Bulk read failed with error: [TxRxResult] Port is in use!
2025-05-07 14:33:03,370 ERROR: Bulk read failed with error: [TxRxResult] Port is in use!
2025-05-07 14:33:03,381 ERROR: Bulk read failed with error: [TxRxResult] Port is in use!
2025-05-07 14:33:03,387 ERROR: Bulk read failed with error: [TxRxResult] Port is in use!
2025-05-07 14:33:03,388 ERROR: Bulk read failed with error: [TxRxResult] Port is in use!
2025-05-07 14:33:03,388 ERROR: Bulk read failed with error: [TxRxResult] Port is in use!
2025-05-07 14:33:03,390 ERROR: Bulk read failed with error: [TxRxResult] Port is in use!
2025-05-07 14:33:03,390 ERROR: Error retrieving motor data: 'NoneType' object has no attribute 'keys'
2025-05-07 14:33:03,426 ERROR: Bulk read failed with error: [TxRxResult] Port is in use!
2025-05-07 14:33:03,438 ERROR: Bulk read failed with error: [TxRxResult] Port is in use!
2025-05-07 14:33:03,451 ERROR: Bulk read failed with error: [TxRxResult] Port is in use!
2025-05-07 14:33:03,462 ERROR: Bulk read failed with error: [TxRxResult] Port is in use!
2025-05-07 14:33:03,473 ERROR: Bulk read failed with error: [TxRxResult] Port is in use!
2025-05-07 14:33:03,476 ERROR: Bulk read failed with error: [TxRxResult] Port is in use!
2025-05-07 14:33:03,477 ERROR: Bulk read failed with error: [TxRxResult] Port is in use!
2025-05-07 14:33:03,478 ERROR: Bulk read failed with error: [TxRxResult] Port is in use!
2025-05-07 14:33:03,478 ERROR: Bulk read failed with error: [TxRxResult] Port is in use!
2025-05-07 14:33:03,479 ERROR: Error retrieving motor data: 'NoneType' object has no attribute 'keys'
2025-05-07 14:33:03,516 ERROR: Bulk read failed with error: [TxRxResult] Port is in use!
2025-05-07 14:33:03,527 ERROR: Bulk read failed with error: [TxRxResult] Port is in use!
2025-05-07 14:33:03,540 ERROR: Bulk read failed with error: [TxRxResult] Port is in use!
2025-05-07 14:33:03,551 ERROR: Bulk read failed with error: [TxRxResult] Port is in use!
2025-05-07 14:33:03,562 ERROR: Bulk read failed with error: [TxRxResult] Port is in use!
2025-05-07 14:33:03,566 ERROR: Bulk read failed with error: [TxRxResult] Port is in use!
2025-05-07 14:33:03,567 ERROR: Bulk read failed with error: [TxRxResult] Port is in use!
2025-05-07 14:33:03,568 ERROR: Bulk read failed with error: [TxRxResult] Port is in use!
2025-05-07 14:33:03,569 ERROR: Bulk read failed with error: [TxRxResult] Port is in use!
2025-05-07 14:33:03,570 ERROR: Error retrieving motor data: 'NoneType' object has no attribute 'keys'
2025-05-07 14:33:03,608 ERROR: Bulk read failed with error: [TxRxResult] Port is in use!
2025-05-07 14:33:03,620 ERROR: Bulk read failed with error: [TxRxResult] Port is in use!
2025-05-07 14:33:03,631 ERROR: Bulk read failed with error: [TxRxResult] Port is in use!
2025-05-07 14:33:03,643 ERROR: Bulk read failed with error: [TxRxResult] Port is in use!
2025-05-07 14:33:03,654 ERROR: Bulk read failed with error: [TxRxResult] Port is in use!
2025-05-07 14:33:03,659 ERROR: Bulk read failed with error: [TxRxResult] Port is in use!
2025-05-07 14:33:03,659 ERROR: Bulk read failed with error: [TxRxResult] Port is in use!
2025-05-07 14:33:03,660 ERROR: Bulk read failed with error: [TxRxResult] Port is in use!
2025-05-07 14:33:03,661 ERROR: Bulk read failed with error: [TxRxResult] Port is in use!
2025-05-07 14:33:03,662 ERROR: Error retrieving motor data: 'NoneType' object has no attribute 'keys'
2025-05-07 14:33:03,702 ERROR: Bulk read failed with error: [TxRxResult] Port is in use!
2025-05-07 14:33:03,712 ERROR: Bulk read failed with error: [TxRxResult] Port is in use!
2025-05-07 14:33:03,723 ERROR: Bulk read failed with error: [TxRxResult] Port is in use!
2025-05-07 14:33:03,734 ERROR: Bulk read failed with error: [TxRxResult] Port is in use!
2025-05-07 14:33:03,745 ERROR: Bulk read failed with error: [TxRxResult] Port is in use!
2025-05-07 14:33:03,753 ERROR: Bulk read failed with error: [TxRxResult] Port is in use!
2025-05-07 14:33:03,753 ERROR: Bulk read failed with error: [TxRxResult] Port is in use!
2025-05-07 14:33:03,754 ERROR: Bulk read failed with error: [TxRxResult] Port is in use!
2025-05-07 14:33:03,755 ERROR: Bulk read failed with error: [TxRxResult] Port is in use!
2025-05-07 14:33:03,755 ERROR: Error retrieving motor data: 'NoneType' object has no attribute 'keys'
2025-05-07 14:33:03,794 ERROR: Bulk read failed with error: [TxRxResult] Port is in use!
2025-05-07 14:33:03,805 ERROR: Bulk read failed with error: [TxRxResult] Port is in use!
2025-05-07 14:33:03,817 ERROR: Bulk read failed with error: [TxRxResult] Port is in use!
2025-05-07 14:33:03,828 ERROR: Bulk read failed with error: [TxRxResult] Port is in use!
2025-05-07 14:33:03,840 ERROR: Bulk read failed with error: [TxRxResult] Port is in use!
2025-05-07 14:33:03,844 ERROR: Bulk read failed with error: [TxRxResult] Port is in use!
2025-05-07 14:33:03,845 ERROR: Bulk read failed with error: [TxRxResult] Port is in use!
2025-05-07 14:33:03,845 ERROR: Bulk read failed with error: [TxRxResult] Port is in use!
2025-05-07 14:33:03,846 ERROR: Bulk read failed with error: [TxRxResult] Port is in use!
2025-05-07 14:33:03,846 ERROR: Error retrieving motor data: 'NoneType' object has no attribute 'keys'
2025-05-07 14:33:03,887 ERROR: Bulk read failed with error: [TxRxResult] Port is in use!
2025-05-07 14:33:03,899 ERROR: Bulk read failed with error: [TxRxResult] Port is in use!
2025-05-07 14:33:03,912 ERROR: Bulk read failed with error: [TxRxResult] Port is in use!
2025-05-07 14:33:03,923 ERROR: Bulk read failed with error: [TxRxResult] Port is in use!
2025-05-07 14:33:03,935 ERROR: Bulk read failed with error: [TxRxResult] Port is in use!
2025-05-07 14:33:03,938 ERROR: Bulk read failed with error: [TxRxResult] Port is in use!
2025-05-07 14:33:03,938 ERROR: Bulk read failed with error: [TxRxResult] Port is in use!
2025-05-07 14:33:03,939 ERROR: Bulk read failed with error: [TxRxResult] Port is in use!
2025-05-07 14:33:03,940 ERROR: Bulk read failed with error: [TxRxResult] Port is in use!
2025-05-07 14:33:03,941 ERROR: Error retrieving motor data: 'NoneType' object has no attribute 'keys'
2025-05-07 14:33:03,980 ERROR: Bulk read failed with error: [TxRxResult] Port is in use!
2025-05-07 14:33:03,992 ERROR: Bulk read failed with error: [TxRxResult] Port is in use!
2025-05-07 14:33:04,005 ERROR: Bulk read failed with error: [TxRxResult] Port is in use!
2025-05-07 14:33:04,017 ERROR: Bulk read failed with error: [TxRxResult] Port is in use!
2025-05-07 14:33:04,028 ERROR: Bulk read failed with error: [TxRxResult] Port is in use!
2025-05-07 14:33:04,030 ERROR: Bulk read failed with error: [TxRxResult] Port is in use!
2025-05-07 14:33:04,031 ERROR: Bulk read failed with error: [TxRxResult] Port is in use!
2025-05-07 14:33:04,032 ERROR: Bulk read failed with error: [TxRxResult] Port is in use!
2025-05-07 14:33:04,034 ERROR: Bulk read failed with error: [TxRxResult] Port is in use!
2025-05-07 14:33:04,034 ERROR: Error retrieving motor data: 'NoneType' object has no attribute 'keys'
2025-05-07 14:33:04,074 ERROR: Bulk read failed with error: [TxRxResult] Port is in use!
2025-05-07 14:33:04,086 ERROR: Bulk read failed with error: [TxRxResult] Port is in use!
2025-05-07 14:33:04,097 ERROR: Bulk read failed with error: [TxRxResult] Port is in use!
2025-05-07 14:33:04,108 ERROR: Bulk read failed with error: [TxRxResult] Port is in use!
2025-05-07 14:33:04,120 ERROR: Bulk read failed with error: [TxRxResult] Port is in use!
2025-05-07 14:33:04,124 ERROR: Bulk read failed with error: [TxRxResult] Port is in use!
2025-05-07 14:33:04,125 ERROR: Bulk read failed with error: [TxRxResult] Port is in use!
2025-05-07 14:33:04,126 ERROR: Bulk read failed with error: [TxRxResult] Port is in use!
2025-05-07 14:33:04,127 ERROR: Bulk read failed with error: [TxRxResult] Port is in use!
2025-05-07 14:33:04,128 ERROR: Error retrieving motor data: 'NoneType' object has no attribute 'keys'
2025-05-07 14:33:04,166 ERROR: Bulk read failed with error: [TxRxResult] Port is in use!
2025-05-07 14:33:04,177 ERROR: Bulk read failed with error: [TxRxResult] Port is in use!
2025-05-07 14:33:04,188 ERROR: Bulk read failed with error: [TxRxResult] Port is in use!
2025-05-07 14:33:04,200 ERROR: Bulk read failed with error: [TxRxResult] Port is in use!
2025-05-07 14:33:04,211 ERROR: Bulk read failed with error: [TxRxResult] Port is in use!
2025-05-07 14:33:04,216 ERROR: Bulk read failed with error: [TxRxResult] Port is in use!
2025-05-07 14:33:04,217 ERROR: Bulk read failed with error: [TxRxResult] Port is in use!
2025-05-07 14:33:04,218 ERROR: Bulk read failed with error: [TxRxResult] Port is in use!
2025-05-07 14:33:04,219 ERROR: Bulk read failed with error: [TxRxResult] Port is in use!
2025-05-07 14:33:04,220 ERROR: Error retrieving motor data: 'NoneType' object has no attribute 'keys'
2025-05-07 14:33:04,258 ERROR: Bulk read failed with error: [TxRxResult] Port is in use!
2025-05-07 14:33:04,270 ERROR: Bulk read failed with error: [TxRxResult] Port is in use!
2025-05-07 14:33:04,280 ERROR: Bulk read failed with error: [TxRxResult] Port is in use!
2025-05-07 14:33:04,292 ERROR: Bulk read failed with error: [TxRxResult] Port is in use!
2025-05-07 14:33:04,302 ERROR: Bulk read failed with error: [TxRxResult] Port is in use!
2025-05-07 14:33:04,309 ERROR: Bulk read failed with error: [TxRxResult] Port is in use!
2025-05-07 14:33:04,310 ERROR: Bulk read failed with error: [TxRxResult] Port is in use!
2025-05-07 14:33:04,310 ERROR: Bulk read failed with error: [TxRxResult] Port is in use!
2025-05-07 14:33:04,311 ERROR: Bulk read failed with error: [TxRxResult] Port is in use!
2025-05-07 14:33:04,312 ERROR: Error retrieving motor data: 'NoneType' object has no attribute 'keys'
2025-05-07 14:33:04,347 ERROR: Bulk read failed with error: [TxRxResult] Port is in use!
2025-05-07 14:33:04,359 ERROR: Bulk read failed with error: [TxRxResult] Port is in use!
2025-05-07 14:33:04,369 ERROR: Bulk read failed with error: [TxRxResult] Port is in use!
2025-05-07 14:33:04,381 ERROR: Bulk read failed with error: [TxRxResult] Port is in use!
2025-05-07 14:33:04,392 ERROR: Bulk read failed with error: [TxRxResult] Port is in use!
2025-05-07 14:33:04,398 ERROR: Bulk read failed with error: [TxRxResult] Port is in use!
2025-05-07 14:33:04,399 ERROR: Bulk read failed with error: [TxRxResult] Port is in use!
2025-05-07 14:33:04,399 ERROR: Bulk read failed with error: [TxRxResult] Port is in use!
2025-05-07 14:33:04,400 ERROR: Bulk read failed with error: [TxRxResult] Port is in use!
2025-05-07 14:33:04,400 ERROR: Error retrieving motor data: 'NoneType' object has no attribute 'keys'
2025-05-07 14:33:04,437 ERROR: Bulk read failed with error: [TxRxResult] Port is in use!
2025-05-07 14:33:04,449 ERROR: Bulk read failed with error: [TxRxResult] Port is in use!
2025-05-07 14:33:04,460 ERROR: Bulk read failed with error: [TxRxResult] Port is in use!
2025-05-07 14:33:04,471 ERROR: Bulk read failed with error: [TxRxResult] Port is in use!
2025-05-07 14:33:04,482 ERROR: Bulk read failed with error: [TxRxResult] Port is in use!
2025-05-07 14:33:04,488 ERROR: Bulk read failed with error: [TxRxResult] Port is in use!
2025-05-07 14:33:04,488 ERROR: Bulk read failed with error: [TxRxResult] Port is in use!
2025-05-07 14:33:04,489 ERROR: Bulk read failed with error: [TxRxResult] Port is in use!
2025-05-07 14:33:04,490 ERROR: Bulk read failed with error: [TxRxResult] Port is in use!
2025-05-07 14:33:04,490 ERROR: Error retrieving motor data: 'NoneType' object has no attribute 'keys'
2025-05-07 14:33:04,529 ERROR: Bulk read failed with error: [TxRxResult] Port is in use!
2025-05-07 14:33:04,540 ERROR: Bulk read failed with error: [TxRxResult] Port is in use!
2025-05-07 14:33:04,552 ERROR: Bulk read failed with error: [TxRxResult] Port is in use!
2025-05-07 14:33:04,564 ERROR: Bulk read failed with error: [TxRxResult] Port is in use!
2025-05-07 14:33:04,574 ERROR: Bulk read failed with error: [TxRxResult] Port is in use!
2025-05-07 14:33:04,579 ERROR: Bulk read failed with error: [TxRxResult] Port is in use!
2025-05-07 14:33:04,580 ERROR: Bulk read failed with error: [TxRxResult] Port is in use!
2025-05-07 14:33:04,581 ERROR: Bulk read failed with error: [TxRxResult] Port is in use!
2025-05-07 14:33:04,581 ERROR: Bulk read failed with error: [TxRxResult] Port is in use!
2025-05-07 14:33:04,582 ERROR: Error retrieving motor data: 'NoneType' object has no attribute 'keys'
2025-05-07 14:33:04,618 ERROR: Bulk read failed with error: [TxRxResult] Port is in use!
2025-05-07 14:33:04,629 ERROR: Bulk read failed with error: [TxRxResult] Port is in use!
2025-05-07 14:33:04,640 ERROR: Bulk read failed with error: [TxRxResult] Port is in use!
2025-05-07 14:33:04,651 ERROR: Bulk read failed with error: [TxRxResult] Port is in use!
2025-05-07 14:33:04,662 ERROR: Bulk read failed with error: [TxRxResult] Port is in use!
2025-05-07 14:33:04,668 ERROR: Bulk read failed with error: [TxRxResult] Port is in use!
2025-05-07 14:33:04,669 ERROR: Bulk read failed with error: [TxRxResult] Port is in use!
2025-05-07 14:33:04,670 ERROR: Bulk read failed with error: [TxRxResult] Port is in use!
2025-05-07 14:33:04,670 ERROR: Bulk read failed with error: [TxRxResult] Port is in use!
2025-05-07 14:33:04,671 ERROR: Error retrieving motor data: 'NoneType' object has no attribute 'keys'
2025-05-07 14:33:04,709 ERROR: Bulk read failed with error: [TxRxResult] Port is in use!
2025-05-07 14:33:04,721 ERROR: Bulk read failed with error: [TxRxResult] Port is in use!
2025-05-07 14:33:04,733 ERROR: Bulk read failed with error: [TxRxResult] Port is in use!
2025-05-07 14:33:04,745 ERROR: Bulk read failed with error: [TxRxResult] Port is in use!
2025-05-07 14:33:04,756 ERROR: Bulk read failed with error: [TxRxResult] Port is in use!
2025-05-07 14:33:04,760 ERROR: Bulk read failed with error: [TxRxResult] Port is in use!
2025-05-07 14:33:04,760 ERROR: Bulk read failed with error: [TxRxResult] Port is in use!
2025-05-07 14:33:04,761 ERROR: Bulk read failed with error: [TxRxResult] Port is in use!
2025-05-07 14:33:04,761 ERROR: Bulk read failed with error: [TxRxResult] Port is in use!
2025-05-07 14:33:04,762 ERROR: Error retrieving motor data: 'NoneType' object has no attribute 'keys'
2025-05-07 14:33:04,798 ERROR: Bulk read failed with error: [TxRxResult] Port is in use!
2025-05-07 14:33:04,810 ERROR: Bulk read failed with error: [TxRxResult] Port is in use!
2025-05-07 14:33:04,821 ERROR: Bulk read failed with error: [TxRxResult] Port is in use!
2025-05-07 14:33:04,832 ERROR: Bulk read failed with error: [TxRxResult] Port is in use!
2025-05-07 14:33:04,843 ERROR: Bulk read failed with error: [TxRxResult] Port is in use!
2025-05-07 14:33:04,848 ERROR: Bulk read failed with error: [TxRxResult] Port is in use!
2025-05-07 14:33:04,848 ERROR: Bulk read failed with error: [TxRxResult] Port is in use!
2025-05-07 14:33:04,849 ERROR: Bulk read failed with error: [TxRxResult] Port is in use!
2025-05-07 14:33:04,849 ERROR: Bulk read failed with error: [TxRxResult] Port is in use!
2025-05-07 14:33:04,850 ERROR: Error retrieving motor data: 'NoneType' object has no attribute 'keys'
2025-05-07 14:33:04,887 ERROR: Bulk read failed with error: [TxRxResult] Port is in use!
2025-05-07 14:33:04,899 ERROR: Bulk read failed with error: [TxRxResult] Port is in use!
2025-05-07 14:33:04,910 ERROR: Bulk read failed with error: [TxRxResult] Port is in use!
2025-05-07 14:33:04,922 ERROR: Bulk read failed with error: [TxRxResult] Port is in use!
2025-05-07 14:33:04,933 ERROR: Bulk read failed with error: [TxRxResult] Port is in use!
2025-05-07 14:33:04,938 ERROR: Bulk read failed with error: [TxRxResult] Port is in use!
2025-05-07 14:33:04,939 ERROR: Bulk read failed with error: [TxRxResult] Port is in use!
2025-05-07 14:33:04,939 ERROR: Bulk read failed with error: [TxRxResult] Port is in use!
2025-05-07 14:33:04,940 ERROR: Bulk read failed with error: [TxRxResult] Port is in use!
2025-05-07 14:33:04,940 ERROR: Error retrieving motor data: 'NoneType' object has no attribute 'keys'
2025-05-07 14:33:04,977 ERROR: Bulk read failed with error: [TxRxResult] Port is in use!
2025-05-07 14:33:04,988 ERROR: Bulk read failed with error: [TxRxResult] Port is in use!
2025-05-07 14:33:05,001 ERROR: Bulk read failed with error: [TxRxResult] Port is in use!
2025-05-07 14:33:05,012 ERROR: Bulk read failed with error: [TxRxResult] Port is in use!
2025-05-07 14:33:05,023 ERROR: Bulk read failed with error: [TxRxResult] Port is in use!
2025-05-07 14:33:05,027 ERROR: Bulk read failed with error: [TxRxResult] Port is in use!
2025-05-07 14:33:05,028 ERROR: Bulk read failed with error: [TxRxResult] Port is in use!
2025-05-07 14:33:05,028 ERROR: Bulk read failed with error: [TxRxResult] Port is in use!
2025-05-07 14:33:05,029 ERROR: Bulk read failed with error: [TxRxResult] Port is in use!
2025-05-07 14:33:05,030 ERROR: Error retrieving motor data: 'NoneType' object has no attribute 'keys'
2025-05-07 14:33:05,066 ERROR: Bulk read failed with error: [TxRxResult] Port is in use!
2025-05-07 14:33:05,078 ERROR: Bulk read failed with error: [TxRxResult] Port is in use!
2025-05-07 14:33:05,090 ERROR: Bulk read failed with error: [TxRxResult] Port is in use!
2025-05-07 14:33:05,101 ERROR: Bulk read failed with error: [TxRxResult] Port is in use!
2025-05-07 14:33:05,112 ERROR: Bulk read failed with error: [TxRxResult] Port is in use!
2025-05-07 14:33:05,116 ERROR: Bulk read failed with error: [TxRxResult] Port is in use!
2025-05-07 14:33:05,117 ERROR: Bulk read failed with error: [TxRxResult] Port is in use!
2025-05-07 14:33:05,117 ERROR: Bulk read failed with error: [TxRxResult] Port is in use!
2025-05-07 14:33:05,118 ERROR: Bulk read failed with error: [TxRxResult] Port is in use!
2025-05-07 14:33:05,119 ERROR: Error retrieving motor data: 'NoneType' object has no attribute 'keys'
2025-05-07 14:33:05,153 ERROR: Bulk read failed with error: [TxRxResult] Port is in use!
2025-05-07 14:33:05,166 ERROR: Bulk read failed with error: [TxRxResult] Port is in use!
2025-05-07 14:33:05,176 ERROR: Bulk read failed with error: [TxRxResult] Port is in use!
2025-05-07 14:33:05,188 ERROR: Bulk read failed with error: [TxRxResult] Port is in use!
