2024-10-28 23:28:41,244 INFO: Initializing PS4Controller
2024-10-28 23:28:41,586 INFO: Configuration loaded successfully
2024-10-28 23:28:41,591 INFO: Port /dev/ttyACM0 opened successfully
2024-10-28 23:28:41,600 INFO: Baudrate set to 1000000
2024-10-28 23:28:41,600 INFO: Control table loaded successfully.
2024-10-28 23:28:41,601 INFO: Motor group 'Pivot_Group' created with motors: [7, 8]
2024-10-28 23:28:41,601 INFO: Motor group 'Wheg_Group' created with motors: [1, 2, 3, 4, 5, 6]
2024-10-28 23:28:41,601 INFO: Motor group 'All_Motors' created with motors: [1, 2, 3, 4, 5, 6, 7, 8]
2024-10-28 23:28:41,602 INFO: Motor group 'Left_Whegs' created with motors: [1, 2, 3]
2024-10-28 23:28:41,602 INFO: Motor group 'Right_Whegs' created with motors: [4, 5, 6]
2024-10-28 23:28:41,602 INFO: Motor group 'Front_Whegs' created with motors: [3, 6]
2024-10-28 23:28:41,602 INFO: Motor group 'Rear_Whegs' created with motors: [1, 4]
2024-10-28 23:28:41,602 INFO: Motor group 'Middle_Whegs' created with motors: [2, 5]
2024-10-28 23:28:41,602 INFO: Motor group 'Two_Right_One_Left' created with motors: [2, 4, 6]
2024-10-28 23:28:41,603 INFO: Motor group 'Two_Left_One_Right' created with motors: [5, 1, 3]
2024-10-28 23:28:41,603 INFO: Initialised PS4 controller, Dynamixel, and Robot State
2024-10-28 23:28:41,603 INFO: Disabling torque for group Right_Whegs
2024-10-28 23:28:41,604 INFO: Drive mode set for group Right_Whegs with reverse_direction=True
2024-10-28 23:28:41,605 INFO: Enabling torque for group Right_Whegs
2024-10-28 23:28:41,608 INFO: Motor 4 drive mode correctly set to reverse
2024-10-28 23:28:41,609 INFO: Motor 5 drive mode correctly set to reverse
2024-10-28 23:28:41,609 INFO: Motor 6 drive mode correctly set to reverse
2024-10-28 23:28:41,609 INFO: Disabling torque for group Left_Whegs
2024-10-28 23:28:41,610 INFO: Drive mode set for group Left_Whegs with reverse_direction=False
2024-10-28 23:28:41,610 INFO: Enabling torque for group Left_Whegs
2024-10-28 23:28:41,613 INFO: Motor 1 drive mode correctly set to normal
2024-10-28 23:28:41,614 INFO: Motor 2 drive mode correctly set to normal
2024-10-28 23:28:41,614 INFO: Motor 3 drive mode correctly set to normal
2024-10-28 23:28:41,614 INFO: Set the right side whegs to reverse direction
2024-10-28 23:28:41,614 INFO: Disabling torque for group Pivot_Group
2024-10-28 23:28:41,615 INFO: Drive mode set for group Pivot_Group with reverse_direction=False
2024-10-28 23:28:41,616 INFO: Enabling torque for group Pivot_Group
2024-10-28 23:28:41,619 INFO: Motor 7 drive mode correctly set to normal
2024-10-28 23:28:41,619 INFO: Motor 8 drive mode correctly set to normal
2024-10-28 23:28:41,620 INFO: Position limits set for group Pivot_Group: min=90° (ticks=1023), max=270° (ticks=3071)
2024-10-28 23:28:41,620 INFO: Set position limits for the pivot motors
2024-10-28 23:28:41,623 INFO: Initialising Gait 1
2024-10-28 23:28:41,624 INFO: Running set_position_group for group 'Wheg_Group' with positions: 180
2024-10-28 23:28:41,631 INFO: Running set_position_group for group 'Pivot_Group' with positions: 180
2024-10-28 23:28:41,636 INFO: Initialised Gait 1, waiting for 3 seconds
2024-10-28 23:28:44,638 INFO: Setting operating mode 'multi_turn' for group 'Wheg_Group'
2024-10-28 23:28:44,638 INFO: Disabling torque for group Wheg_Group
2024-10-28 23:28:44,639 INFO: Enabling torque for group Wheg_Group
2024-10-28 23:28:44,640 INFO: Setting the profile velocity for group Wheg_Group from config.yaml: 10
2024-10-28 23:28:44,641 INFO: Profile velocities set for group Wheg_Group: {1: 43.7, 2: 43.7, 3: 43.7, 4: 43.7, 5: 43.7, 6: 43.7}
2024-10-28 23:28:44,641 INFO: New gait 1 is now active.
2024-10-28 23:29:08,759 INFO: Profile velocities set for group Wheg_Group: {1: 21.85, 2: 21.85, 3: 21.85, 4: 21.85, 5: 21.85, 6: 21.85}
2024-10-28 23:29:08,760 INFO: Incrementing motor positions by 360 degrees for group 'Wheg_Group'
2024-10-28 23:29:08,771 INFO: Gait 1 step executed at 5.00RPM, wait for 12.00 seconds
2024-10-28 23:29:20,821 INFO: Profile velocities set for group Wheg_Group: {1: 43.7, 2: 43.7, 3: 43.7, 4: 43.7, 5: 43.7, 6: 43.7}
2024-10-28 23:29:20,821 INFO: Incrementing motor positions by 360 degrees for group 'Wheg_Group'
2024-10-28 23:29:20,832 INFO: Gait 1 step executed at 10.00RPM, wait for 6.00 seconds
2024-10-28 23:29:22,713 INFO: Triangle pressed. Preparing to change to next gait: 2
2024-10-28 23:29:26,878 INFO: Initialising Gait 2
2024-10-28 23:29:26,878 INFO: Running set_position_group for group 'Wheg_Group' with positions: {1: 160, 2: 200, 3: 160, 4: 200, 5: 160, 6: 200}
2024-10-28 23:29:26,883 WARNING: Motor 1 is not in Position Control Mode. Setting mode now.
2024-10-28 23:29:26,884 INFO: Setting operating mode 'position' for group 'Wheg_Group'
2024-10-28 23:29:26,884 INFO: Disabling torque for group Wheg_Group
2024-10-28 23:29:26,885 INFO: Enabling torque for group Wheg_Group
2024-10-28 23:29:26,885 INFO: Setting the profile velocity for group Wheg_Group from config.yaml: 10
2024-10-28 23:29:26,886 INFO: Profile velocities set for group Wheg_Group: {1: 43.7, 2: 43.7, 3: 43.7, 4: 43.7, 5: 43.7, 6: 43.7}
2024-10-28 23:29:26,887 INFO: Running set_position_group for group 'Pivot_Group' with positions: 180
2024-10-28 23:29:26,890 INFO: Initialised Gait 2, waiting for 3 seconds
2024-10-28 23:29:29,892 INFO: Setting operating mode 'multi_turn' for group 'Wheg_Group'
2024-10-28 23:29:29,893 INFO: Disabling torque for group Wheg_Group
2024-10-28 23:29:29,894 INFO: Enabling torque for group Wheg_Group
2024-10-28 23:29:29,894 INFO: Setting the profile velocity for group Wheg_Group from config.yaml: 10
2024-10-28 23:29:29,895 INFO: Profile velocities set for group Wheg_Group: {1: 43.7, 2: 43.7, 3: 43.7, 4: 43.7, 5: 43.7, 6: 43.7}
2024-10-28 23:29:29,896 INFO: New gait 2 is now active.
2024-10-28 23:32:07,324 INFO: Tasks were cancelled due to shutdown, proceeding to cleanup...
2024-10-28 23:32:07,325 INFO: Initiating safe shutdown...
2024-10-28 23:32:07,326 INFO: Setting operating mode 'velocity' for group 'All_Motors'
2024-10-28 23:32:07,326 INFO: Disabling torque for group All_Motors
2024-10-28 23:32:07,327 INFO: Enabling torque for group All_Motors
2024-10-28 23:32:07,329 WARNING: Velocity limit 200 exceeds hard limit 100. Limiting to 100.
2024-10-28 23:32:07,330 INFO: Velocity limit set to 100 for group All_Motors
2024-10-28 23:32:07,330 INFO: Enabling torque for group All_Motors
2024-10-28 23:32:07,332 INFO: Target velocities set for group All_Motors: {1: 0, 2: 0, 3: 0, 4: 0, 5: 0, 6: 0, 7: 0, 8: 0}
2024-10-28 23:32:07,333 INFO: Running set_position_group for group 'All_Motors' with positions: 180
2024-10-28 23:32:07,341 WARNING: Motor 1 is not in Position Control Mode. Setting mode now.
2024-10-28 23:32:07,342 INFO: Setting operating mode 'position' for group 'All_Motors'
2024-10-28 23:32:07,342 INFO: Disabling torque for group All_Motors
2024-10-28 23:32:07,344 INFO: Enabling torque for group All_Motors
2024-10-28 23:32:07,345 INFO: Setting the profile velocity for group All_Motors from config.yaml: 5
2024-10-28 23:32:07,346 INFO: Profile velocities set for group All_Motors: {1: 21.85, 2: 21.85, 3: 21.85, 4: 21.85, 5: 21.85, 6: 21.85, 7: 21.85, 8: 21.85}
2024-10-28 23:32:07,348 INFO: Closing PS4Controller and quitting pygame
2024-10-28 23:32:07,448 INFO: Port closed successfully.
2024-10-28 23:32:07,449 INFO: Shutdown complete.
2024-10-28 23:32:07,451 INFO: Terminating processes.
2024-10-28 23:32:07,459 INFO: Dashboard process terminated.
2024-10-28 23:32:07,470 INFO: Robot process terminated.
