2025-04-01 14:27:15,380 INFO: Initializing PS4Controller
2025-04-01 14:27:15,960 INFO: Configuration loaded successfully
2025-04-01 14:27:15,962 INFO: Port /dev/ttyACM0 opened successfully
2025-04-01 14:27:15,973 INFO: Baudrate set to 1000000
2025-04-01 14:27:15,973 INFO: Control table loaded successfully.
2025-04-01 14:27:15,974 INFO: Motor group 'Pivot_Group' created with motors: [7, 8]
2025-04-01 14:27:15,974 INFO: Motor group 'Wheg_Group' created with motors: [1, 2, 3, 4, 5, 6]
2025-04-01 14:27:15,974 INFO: Motor group 'All_Motors' created with motors: [1, 2, 3, 4, 5, 6, 7, 8]
2025-04-01 14:27:15,974 INFO: Motor group 'Left_Whegs' created with motors: [1, 2, 3]
2025-04-01 14:27:15,974 INFO: Motor group 'Right_Whegs' created with motors: [4, 5, 6]
2025-04-01 14:27:15,974 INFO: Motor group 'Front_Whegs' created with motors: [3, 6]
2025-04-01 14:27:15,974 INFO: Motor group 'Rear_Whegs' created with motors: [1, 4]
2025-04-01 14:27:15,974 INFO: Motor group 'Middle_Whegs' created with motors: [2, 5]
2025-04-01 14:27:15,975 INFO: Motor group 'Two_Right_One_Left' created with motors: [2, 4, 6]
2025-04-01 14:27:15,975 INFO: Motor group 'Two_Left_One_Right' created with motors: [5, 1, 3]
2025-04-01 14:27:15,975 INFO: Initialised PS4 controller, Dynamixel, and Robot State
2025-04-01 14:27:15,975 INFO: Disabling torque for group Right_Whegs
2025-04-01 14:27:15,976 INFO: Drive mode set for group Right_Whegs with reverse_direction=True
2025-04-01 14:27:15,976 INFO: Enabling torque for group Right_Whegs
2025-04-01 14:27:15,976 INFO: Setting the profile velocity for group Right_Whegs from config.yaml: None
2025-04-01 14:27:15,977 ERROR: Profile velocity for group Right_Whegs not found in config.yaml and no value was provided.
2025-04-01 14:27:15,977 INFO: Disabling torque for group Left_Whegs
2025-04-01 14:27:15,977 INFO: Drive mode set for group Left_Whegs with reverse_direction=False
2025-04-01 14:27:15,978 INFO: Enabling torque for group Left_Whegs
2025-04-01 14:27:15,978 INFO: Setting the profile velocity for group Left_Whegs from config.yaml: None
2025-04-01 14:27:15,978 ERROR: Profile velocity for group Left_Whegs not found in config.yaml and no value was provided.
2025-04-01 14:27:15,978 INFO: Set the right side whegs to reverse direction
2025-04-01 14:27:15,978 INFO: Disabling torque for group Pivot_Group
2025-04-01 14:27:15,979 INFO: Drive mode set for group Pivot_Group with reverse_direction=False
2025-04-01 14:27:15,979 INFO: Enabling torque for group Pivot_Group
2025-04-01 14:27:15,980 INFO: Setting the profile velocity for group Pivot_Group from config.yaml: 4
2025-04-01 14:27:15,980 INFO: Profile velocities set for group Pivot_Group: {7: 17.48, 8: 17.48}
2025-04-01 14:27:15,981 INFO: Position limits set for group Pivot_Group: min=45° (ticks=511), max=315° (ticks=3583)
2025-04-01 14:27:15,981 INFO: Set position limits for the pivot motors
2025-04-01 14:27:16,181 ERROR: Hardware error detected on motor 1: Error code 1
2025-04-01 14:27:16,181 ERROR: Motor 1: Input Voltage Error detected.
2025-04-01 14:27:16,181 ERROR: Hardware error detected on motor 2: Error code 1
2025-04-01 14:27:16,182 ERROR: Motor 2: Input Voltage Error detected.
2025-04-01 14:27:16,182 ERROR: Hardware error detected on motor 3: Error code 33
2025-04-01 14:27:16,182 ERROR: Motor 3: Input Voltage Error detected.
2025-04-01 14:27:16,182 ERROR: Motor 3: Overload Error detected.
2025-04-01 14:27:16,182 ERROR: Hardware error detected on motor 4: Error code 1
2025-04-01 14:27:16,182 ERROR: Motor 4: Input Voltage Error detected.
2025-04-01 14:27:16,182 ERROR: Hardware error detected on motor 5: Error code 1
2025-04-01 14:27:16,182 ERROR: Motor 5: Input Voltage Error detected.
2025-04-01 14:27:16,182 ERROR: Hardware error detected on motor 6: Error code 1
2025-04-01 14:27:16,183 ERROR: Motor 6: Input Voltage Error detected.
2025-04-01 14:27:16,183 ERROR: Hardware error detected on motor 7: Error code 17
2025-04-01 14:27:16,183 ERROR: Motor 7: Input Voltage Error detected.
2025-04-01 14:27:16,183 ERROR: Motor 7: Electrical Shock Error detected.
2025-04-01 14:27:16,183 ERROR: Hardware error detected on motor 8: Error code 17
2025-04-01 14:27:16,183 ERROR: Motor 8: Input Voltage Error detected.
2025-04-01 14:27:16,183 ERROR: Motor 8: Electrical Shock Error detected.
2025-04-01 14:27:16,183 WARNING: Hardware error detected on motor 8. Rebooting motor and resetting gait...
2025-04-01 14:27:16,185 INFO: Motor 8 successfully rebooted.
2025-04-01 14:27:16,185 INFO: Motor 8 rebooted successfully.
2025-04-01 14:27:16,185 INFO: Initialising Gait 1
2025-04-01 14:27:16,186 INFO: Reboot requested, resetting torque all motors
2025-04-01 14:27:16,186 ERROR: Error controlling pivots: 'dpad_down'
2025-04-01 14:27:16,222 ERROR: Bulk read failed with error: [TxRxResult] There is no status packet!
2025-04-01 14:27:16,259 ERROR: Bulk read failed with error: [TxRxResult] There is no status packet!
2025-04-01 14:27:16,296 ERROR: Bulk read failed with error: [TxRxResult] There is no status packet!
2025-04-01 14:27:16,306 ERROR: Error retrieving motor data: 'NoneType' object has no attribute 'keys'
2025-04-01 14:27:16,686 INFO: Enabling torque for group All_Motors
2025-04-01 14:27:16,687 INFO: Setting the profile velocity for group All_Motors from config.yaml: 8
2025-04-01 14:27:16,688 INFO: Profile velocities set for group All_Motors: {1: 34.96, 2: 34.96, 3: 34.96, 4: 34.96, 5: 34.96, 6: 34.96, 7: 34.96, 8: 34.96}
2025-04-01 14:27:16,688 INFO: Running set_position_group for group 'Wheg_Group' with positions: 180
2025-04-01 14:27:16,694 WARNING: Motor 1 is not in Position Control Mode. Setting mode now.
2025-04-01 14:27:16,696 INFO: Setting operating mode 'position' for group 'Wheg_Group'
2025-04-01 14:27:16,696 INFO: Disabling torque for group Wheg_Group
2025-04-01 14:27:16,697 INFO: Enabling torque for group Wheg_Group
2025-04-01 14:27:16,698 INFO: Setting the profile velocity for group Wheg_Group from config.yaml: 10
2025-04-01 14:27:16,699 INFO: Profile velocities set for group Wheg_Group: {1: 43.7, 2: 43.7, 3: 43.7, 4: 43.7, 5: 43.7, 6: 43.7}
2025-04-01 14:27:16,699 INFO: Setting the profile velocity for group Wheg_Group from config.yaml: 10
2025-04-01 14:27:16,699 INFO: Profile velocities set for group Wheg_Group: {1: 43.7, 2: 43.7, 3: 43.7, 4: 43.7, 5: 43.7, 6: 43.7}
2025-04-01 14:27:16,700 INFO: Running set_position_group for group 'Pivot_Group' with positions: 180
2025-04-01 14:27:16,703 WARNING: Motor 7 is not in Position Control Mode. Setting mode now.
2025-04-01 14:27:16,703 INFO: Setting operating mode 'position' for group 'Pivot_Group'
2025-04-01 14:27:16,703 INFO: Disabling torque for group Pivot_Group
2025-04-01 14:27:16,704 INFO: Enabling torque for group Pivot_Group
2025-04-01 14:27:16,704 INFO: Setting the profile velocity for group Pivot_Group from config.yaml: 4
2025-04-01 14:27:16,705 INFO: Profile velocities set for group Pivot_Group: {7: 17.48, 8: 17.48}
2025-04-01 14:27:16,705 INFO: Setting the profile velocity for group Pivot_Group from config.yaml: 4
2025-04-01 14:27:16,706 INFO: Profile velocities set for group Pivot_Group: {7: 17.48, 8: 17.48}
2025-04-01 14:27:16,706 INFO: Initialised Gait 1, waiting for 3 seconds
2025-04-01 14:27:19,708 INFO: Setting operating mode 'multi_turn' for group 'Wheg_Group'
2025-04-01 14:27:19,708 INFO: Disabling torque for group Wheg_Group
2025-04-01 14:27:19,709 INFO: Enabling torque for group Wheg_Group
2025-04-01 14:27:19,709 INFO: Setting the profile velocity for group Wheg_Group from config.yaml: 10
2025-04-01 14:27:19,710 INFO: Profile velocities set for group Wheg_Group: {1: 43.7, 2: 43.7, 3: 43.7, 4: 43.7, 5: 43.7, 6: 43.7}
2025-04-01 14:27:19,710 INFO: Setting the profile velocity for group Wheg_Group from config.yaml: 10
2025-04-01 14:27:19,711 INFO: Profile velocities set for group Wheg_Group: {1: 43.7, 2: 43.7, 3: 43.7, 4: 43.7, 5: 43.7, 6: 43.7}
2025-04-01 14:27:19,711 INFO: New gait 1 is now active.
2025-04-01 14:27:19,729 ERROR: Hardware error detected on motor 1: Error code 1
2025-04-01 14:27:19,729 ERROR: Motor 1: Input Voltage Error detected.
2025-04-01 14:27:19,730 ERROR: Hardware error detected on motor 2: Error code 1
2025-04-01 14:27:19,730 ERROR: Motor 2: Input Voltage Error detected.
2025-04-01 14:27:19,730 ERROR: Hardware error detected on motor 3: Error code 33
2025-04-01 14:27:19,730 ERROR: Motor 3: Input Voltage Error detected.
2025-04-01 14:27:19,730 ERROR: Motor 3: Overload Error detected.
2025-04-01 14:27:19,730 ERROR: Hardware error detected on motor 4: Error code 1
2025-04-01 14:27:19,730 ERROR: Motor 4: Input Voltage Error detected.
2025-04-01 14:27:19,730 ERROR: Hardware error detected on motor 5: Error code 1
2025-04-01 14:27:19,730 ERROR: Motor 5: Input Voltage Error detected.
2025-04-01 14:27:19,731 ERROR: Hardware error detected on motor 6: Error code 1
2025-04-01 14:27:19,731 ERROR: Motor 6: Input Voltage Error detected.
2025-04-01 14:27:19,731 ERROR: Hardware error detected on motor 7: Error code 17
2025-04-01 14:27:19,731 ERROR: Motor 7: Input Voltage Error detected.
2025-04-01 14:27:19,731 ERROR: Motor 7: Electrical Shock Error detected.
2025-04-01 14:27:19,731 ERROR: Hardware error detected on motor 8: Error code 17
2025-04-01 14:27:19,731 ERROR: Motor 8: Input Voltage Error detected.
2025-04-01 14:27:19,731 ERROR: Motor 8: Electrical Shock Error detected.
2025-04-01 14:27:19,731 WARNING: Hardware error detected on motor 8. Rebooting motor and resetting gait...
2025-04-01 14:27:19,733 INFO: Motor 8 successfully rebooted.
2025-04-01 14:27:19,734 INFO: Motor 8 rebooted successfully.
2025-04-01 14:27:19,734 INFO: Initialising Gait 1
2025-04-01 14:27:19,734 INFO: Reboot requested, resetting torque all motors
2025-04-01 14:27:19,786 ERROR: Bulk read failed with error: [TxRxResult] There is no status packet!
2025-04-01 14:27:19,822 ERROR: Bulk read failed with error: [TxRxResult] There is no status packet!
2025-04-01 14:27:19,858 ERROR: Bulk read failed with error: [TxRxResult] There is no status packet!
2025-04-01 14:27:19,866 ERROR: Error retrieving motor data: 'NoneType' object has no attribute 'keys'
2025-04-01 14:27:20,235 INFO: Enabling torque for group All_Motors
2025-04-01 14:27:20,235 INFO: Setting the profile velocity for group All_Motors from config.yaml: 8
2025-04-01 14:27:20,236 INFO: Profile velocities set for group All_Motors: {1: 34.96, 2: 34.96, 3: 34.96, 4: 34.96, 5: 34.96, 6: 34.96, 7: 34.96, 8: 34.96}
2025-04-01 14:27:20,236 INFO: Running set_position_group for group 'Wheg_Group' with positions: 180
2025-04-01 14:27:20,241 WARNING: Motor 1 is not in Position Control Mode. Setting mode now.
2025-04-01 14:27:20,242 INFO: Setting operating mode 'position' for group 'Wheg_Group'
2025-04-01 14:27:20,242 INFO: Disabling torque for group Wheg_Group
2025-04-01 14:27:20,242 INFO: Enabling torque for group Wheg_Group
2025-04-01 14:27:20,243 INFO: Setting the profile velocity for group Wheg_Group from config.yaml: 10
2025-04-01 14:27:20,244 INFO: Profile velocities set for group Wheg_Group: {1: 43.7, 2: 43.7, 3: 43.7, 4: 43.7, 5: 43.7, 6: 43.7}
2025-04-01 14:27:20,244 INFO: Setting the profile velocity for group Wheg_Group from config.yaml: 10
2025-04-01 14:27:20,245 INFO: Profile velocities set for group Wheg_Group: {1: 43.7, 2: 43.7, 3: 43.7, 4: 43.7, 5: 43.7, 6: 43.7}
2025-04-01 14:27:20,245 INFO: Running set_position_group for group 'Pivot_Group' with positions: 180
2025-04-01 14:27:20,251 INFO: Initialised Gait 1, waiting for 3 seconds
2025-04-01 14:27:22,928 INFO: Tasks were cancelled due to shutdown, proceeding to cleanup...
2025-04-01 14:27:22,929 INFO: Initiating safe shutdown...
2025-04-01 14:27:22,929 INFO: Setting operating mode 'velocity' for group 'All_Motors'
2025-04-01 14:27:22,929 INFO: Disabling torque for group All_Motors
2025-04-01 14:27:22,930 INFO: Enabling torque for group All_Motors
2025-04-01 14:27:22,930 INFO: Setting the profile velocity for group All_Motors from config.yaml: 8
2025-04-01 14:27:22,930 INFO: Profile velocities set for group All_Motors: {1: 34.96, 2: 34.96, 3: 34.96, 4: 34.96, 5: 34.96, 6: 34.96, 7: 34.96, 8: 34.96}
2025-04-01 14:27:22,931 WARNING: Velocity limit 200 exceeds hard limit 100. Limiting to 100.
2025-04-01 14:27:22,931 INFO: Velocity limit set to 100 for group All_Motors
2025-04-01 14:27:22,931 INFO: Enabling torque for group All_Motors
2025-04-01 14:27:22,931 INFO: Setting the profile velocity for group All_Motors from config.yaml: 8
2025-04-01 14:27:22,932 INFO: Profile velocities set for group All_Motors: {1: 34.96, 2: 34.96, 3: 34.96, 4: 34.96, 5: 34.96, 6: 34.96, 7: 34.96, 8: 34.96}
2025-04-01 14:27:22,933 INFO: Target velocities set for group All_Motors: {1: 0, 2: 0, 3: 0, 4: 0, 5: 0, 6: 0, 7: 0, 8: 0}
2025-04-01 14:27:22,933 INFO: Running set_position_group for group 'All_Motors' with positions: 180
2025-04-01 14:27:22,941 WARNING: Motor 1 is not in Position Control Mode. Setting mode now.
2025-04-01 14:27:22,941 INFO: Setting operating mode 'position' for group 'All_Motors'
2025-04-01 14:27:22,941 INFO: Disabling torque for group All_Motors
2025-04-01 14:27:22,942 INFO: Enabling torque for group All_Motors
2025-04-01 14:27:22,942 INFO: Setting the profile velocity for group All_Motors from config.yaml: 8
2025-04-01 14:27:22,943 INFO: Profile velocities set for group All_Motors: {1: 34.96, 2: 34.96, 3: 34.96, 4: 34.96, 5: 34.96, 6: 34.96, 7: 34.96, 8: 34.96}
2025-04-01 14:27:22,943 INFO: Setting the profile velocity for group All_Motors from config.yaml: 8
2025-04-01 14:27:22,944 INFO: Profile velocities set for group All_Motors: {1: 34.96, 2: 34.96, 3: 34.96, 4: 34.96, 5: 34.96, 6: 34.96, 7: 34.96, 8: 34.96}
2025-04-01 14:27:22,944 INFO: Closing PS4Controller and quitting pygame
2025-04-01 14:27:23,031 INFO: Port closed successfully.
2025-04-01 14:27:23,031 INFO: Shutdown complete.
