2025-04-02 11:36:43,505 INFO: Initializing PS4Controller
2025-04-02 11:36:44,112 INFO: Configuration loaded successfully
2025-04-02 11:36:44,116 INFO: Port /dev/ttyACM0 opened successfully
2025-04-02 11:36:44,126 INFO: Baudrate set to 1000000
2025-04-02 11:36:44,127 INFO: Control table loaded successfully.
2025-04-02 11:36:44,127 INFO: Motor group 'Pivot_Group' created with motors: [7, 8]
2025-04-02 11:36:44,128 INFO: Motor group 'Wheg_Group' created with motors: [1, 2, 3, 4, 5, 6]
2025-04-02 11:36:44,128 INFO: Motor group 'All_Motors' created with motors: [1, 2, 3, 4, 5, 6, 7, 8]
2025-04-02 11:36:44,128 INFO: Motor group 'Left_Whegs' created with motors: [1, 2, 3]
2025-04-02 11:36:44,129 INFO: Motor group 'Right_Whegs' created with motors: [4, 5, 6]
2025-04-02 11:36:44,129 INFO: Motor group 'Front_Whegs' created with motors: [3, 6]
2025-04-02 11:36:44,130 INFO: Motor group 'Rear_Whegs' created with motors: [1, 4]
2025-04-02 11:36:44,130 INFO: Motor group 'Middle_Whegs' created with motors: [2, 5]
2025-04-02 11:36:44,131 INFO: Motor group 'Two_Right_One_Left' created with motors: [2, 4, 6]
2025-04-02 11:36:44,131 INFO: Motor group 'Two_Left_One_Right' created with motors: [5, 1, 3]
2025-04-02 11:36:44,131 INFO: Initialised PS4 controller, Dynamixel, and Robot State
2025-04-02 11:36:44,132 INFO: Disabling torque for group Right_Whegs
2025-04-02 11:36:44,133 INFO: Drive mode set for group Right_Whegs with reverse_direction=True
2025-04-02 11:36:44,133 INFO: Enabling torque for group Right_Whegs
2025-04-02 11:36:44,134 INFO: Setting the profile velocity for group Right_Whegs from config.yaml: None
2025-04-02 11:36:44,134 ERROR: Profile velocity for group Right_Whegs not found in config.yaml and no value was provided.
2025-04-02 11:36:44,134 INFO: Disabling torque for group Left_Whegs
2025-04-02 11:36:44,137 INFO: Drive mode set for group Left_Whegs with reverse_direction=False
2025-04-02 11:36:44,137 INFO: Enabling torque for group Left_Whegs
2025-04-02 11:36:44,138 INFO: Setting the profile velocity for group Left_Whegs from config.yaml: None
2025-04-02 11:36:44,138 ERROR: Profile velocity for group Left_Whegs not found in config.yaml and no value was provided.
2025-04-02 11:36:44,139 INFO: Set the right side whegs to reverse direction
2025-04-02 11:36:44,139 INFO: Disabling torque for group Pivot_Group
2025-04-02 11:36:44,140 INFO: Drive mode set for group Pivot_Group with reverse_direction=False
2025-04-02 11:36:44,141 INFO: Enabling torque for group Pivot_Group
2025-04-02 11:36:44,142 INFO: Setting the profile velocity for group Pivot_Group from config.yaml: 4
2025-04-02 11:36:44,144 INFO: Profile velocities set for group Pivot_Group: {7: 17.48, 8: 17.48}
2025-04-02 11:36:44,146 INFO: Position limits set for group Pivot_Group: min=45° (ticks=511), max=315° (ticks=3583)
2025-04-02 11:36:44,146 INFO: Set position limits for the pivot motors
2025-04-02 11:36:44,296 INFO: Initialising Gait 1
2025-04-02 11:36:44,297 INFO: Running set_position_group for group 'Wheg_Group' with positions: 180
2025-04-02 11:36:44,309 INFO: Running set_position_group for group 'Pivot_Group' with positions: 180
2025-04-02 11:36:44,315 INFO: Initialised Gait 1, waiting for 3 seconds
2025-04-02 11:36:44,316 ERROR: Error controlling pivots: 'dpad_down'
2025-04-02 11:36:47,317 INFO: Setting operating mode 'multi_turn' for group 'Wheg_Group'
2025-04-02 11:36:47,318 INFO: Disabling torque for group Wheg_Group
2025-04-02 11:36:47,320 INFO: Enabling torque for group Wheg_Group
2025-04-02 11:36:47,321 INFO: Setting the profile velocity for group Wheg_Group from config.yaml: 10
2025-04-02 11:36:47,322 INFO: Profile velocities set for group Wheg_Group: {1: 43.7, 2: 43.7, 3: 43.7, 4: 43.7, 5: 43.7, 6: 43.7}
2025-04-02 11:36:47,323 INFO: Setting the profile velocity for group Wheg_Group from config.yaml: 10
2025-04-02 11:36:47,324 INFO: Profile velocities set for group Wheg_Group: {1: 43.7, 2: 43.7, 3: 43.7, 4: 43.7, 5: 43.7, 6: 43.7}
2025-04-02 11:36:47,325 INFO: New gait 1 is now active.
2025-04-02 11:36:47,407 INFO: Triangle pressed. Preparing to change to next gait: 2
2025-04-02 11:36:47,420 INFO: Initialising Gait 2
2025-04-02 11:36:47,423 INFO: Running set_position_group for group 'Wheg_Group' with positions: {1: 160, 2: 200, 3: 160, 4: 200, 5: 160, 6: 200}
2025-04-02 11:36:47,430 WARNING: Motor 1 is not in Position Control Mode. Setting mode now.
2025-04-02 11:36:47,432 INFO: Setting operating mode 'position' for group 'Wheg_Group'
2025-04-02 11:36:47,433 INFO: Disabling torque for group Wheg_Group
2025-04-02 11:36:47,435 INFO: Enabling torque for group Wheg_Group
2025-04-02 11:36:47,436 INFO: Setting the profile velocity for group Wheg_Group from config.yaml: 10
2025-04-02 11:36:47,447 INFO: Profile velocities set for group Wheg_Group: {1: 43.7, 2: 43.7, 3: 43.7, 4: 43.7, 5: 43.7, 6: 43.7}
2025-04-02 11:36:47,448 INFO: Setting the profile velocity for group Wheg_Group from config.yaml: 10
2025-04-02 11:36:47,451 INFO: Profile velocities set for group Wheg_Group: {1: 43.7, 2: 43.7, 3: 43.7, 4: 43.7, 5: 43.7, 6: 43.7}
2025-04-02 11:36:47,453 INFO: Running set_position_group for group 'Pivot_Group' with positions: 180
2025-04-02 11:36:47,459 INFO: Initialised Gait 2, waiting for 3 seconds
2025-04-02 11:36:50,461 INFO: Setting operating mode 'multi_turn' for group 'Wheg_Group'
2025-04-02 11:36:50,462 INFO: Disabling torque for group Wheg_Group
2025-04-02 11:36:50,463 INFO: Enabling torque for group Wheg_Group
2025-04-02 11:36:50,465 INFO: Setting the profile velocity for group Wheg_Group from config.yaml: 10
2025-04-02 11:36:50,467 INFO: Profile velocities set for group Wheg_Group: {1: 43.7, 2: 43.7, 3: 43.7, 4: 43.7, 5: 43.7, 6: 43.7}
2025-04-02 11:36:50,467 INFO: Setting the profile velocity for group Wheg_Group from config.yaml: 10
2025-04-02 11:36:50,469 INFO: Profile velocities set for group Wheg_Group: {1: 43.7, 2: 43.7, 3: 43.7, 4: 43.7, 5: 43.7, 6: 43.7}
2025-04-02 11:36:50,470 INFO: New gait 2 is now active.
2025-04-02 11:36:51,815 INFO: Triangle pressed. Preparing to change to next gait: 3
2025-04-02 11:36:51,835 INFO: Initialsing Gait 3
2025-04-02 11:36:51,837 INFO: Running set_position_group for group 'Wheg_Group' with positions: {1: 200, 2: 160, 3: 160, 4: 200, 5: 160, 6: 160}
2025-04-02 11:36:51,843 WARNING: Motor 1 is not in Position Control Mode. Setting mode now.
2025-04-02 11:36:51,843 INFO: Setting operating mode 'position' for group 'Wheg_Group'
2025-04-02 11:36:51,844 INFO: Disabling torque for group Wheg_Group
2025-04-02 11:36:51,846 INFO: Enabling torque for group Wheg_Group
2025-04-02 11:36:51,848 INFO: Setting the profile velocity for group Wheg_Group from config.yaml: 10
2025-04-02 11:36:51,850 INFO: Profile velocities set for group Wheg_Group: {1: 43.7, 2: 43.7, 3: 43.7, 4: 43.7, 5: 43.7, 6: 43.7}
2025-04-02 11:36:51,851 INFO: Setting the profile velocity for group Wheg_Group from config.yaml: 10
2025-04-02 11:36:51,855 INFO: Profile velocities set for group Wheg_Group: {1: 43.7, 2: 43.7, 3: 43.7, 4: 43.7, 5: 43.7, 6: 43.7}
2025-04-02 11:36:51,857 INFO: Running set_position_group for group 'Pivot_Group' with positions: 180
2025-04-02 11:36:51,864 INFO: Initialised Gait 3, waiting for 3 seconds
2025-04-02 11:36:54,868 INFO: Setting operating mode 'multi_turn' for group 'Wheg_Group'
2025-04-02 11:36:54,871 INFO: Disabling torque for group Wheg_Group
2025-04-02 11:36:54,872 INFO: Enabling torque for group Wheg_Group
2025-04-02 11:36:54,873 INFO: Setting the profile velocity for group Wheg_Group from config.yaml: 10
2025-04-02 11:36:54,874 INFO: Profile velocities set for group Wheg_Group: {1: 43.7, 2: 43.7, 3: 43.7, 4: 43.7, 5: 43.7, 6: 43.7}
2025-04-02 11:36:54,875 INFO: Setting the profile velocity for group Wheg_Group from config.yaml: 10
2025-04-02 11:36:54,877 INFO: Profile velocities set for group Wheg_Group: {1: 43.7, 2: 43.7, 3: 43.7, 4: 43.7, 5: 43.7, 6: 43.7}
2025-04-02 11:36:54,878 INFO: New gait 3 is now active.
2025-04-02 11:36:55,957 INFO: Triangle pressed. Preparing to change to next gait: 1
2025-04-02 11:36:55,969 INFO: Initialising Gait 1
2025-04-02 11:36:55,972 INFO: Running set_position_group for group 'Wheg_Group' with positions: 180
2025-04-02 11:36:55,982 WARNING: Motor 1 is not in Position Control Mode. Setting mode now.
2025-04-02 11:36:55,982 INFO: Setting operating mode 'position' for group 'Wheg_Group'
2025-04-02 11:36:55,983 INFO: Disabling torque for group Wheg_Group
2025-04-02 11:36:55,985 INFO: Enabling torque for group Wheg_Group
2025-04-02 11:36:55,986 INFO: Setting the profile velocity for group Wheg_Group from config.yaml: 10
2025-04-02 11:36:55,988 INFO: Profile velocities set for group Wheg_Group: {1: 43.7, 2: 43.7, 3: 43.7, 4: 43.7, 5: 43.7, 6: 43.7}
2025-04-02 11:36:55,989 INFO: Setting the profile velocity for group Wheg_Group from config.yaml: 10
2025-04-02 11:36:55,991 INFO: Profile velocities set for group Wheg_Group: {1: 43.7, 2: 43.7, 3: 43.7, 4: 43.7, 5: 43.7, 6: 43.7}
2025-04-02 11:36:55,992 INFO: Running set_position_group for group 'Pivot_Group' with positions: 180
2025-04-02 11:36:55,997 INFO: Initialised Gait 1, waiting for 3 seconds
2025-04-02 11:36:59,036 INFO: Setting operating mode 'multi_turn' for group 'Wheg_Group'
2025-04-02 11:36:59,038 INFO: Disabling torque for group Wheg_Group
2025-04-02 11:36:59,047 INFO: Enabling torque for group Wheg_Group
2025-04-02 11:36:59,051 INFO: Setting the profile velocity for group Wheg_Group from config.yaml: 10
2025-04-02 11:36:59,054 INFO: Profile velocities set for group Wheg_Group: {1: 43.7, 2: 43.7, 3: 43.7, 4: 43.7, 5: 43.7, 6: 43.7}
2025-04-02 11:36:59,055 INFO: Setting the profile velocity for group Wheg_Group from config.yaml: 10
2025-04-02 11:36:59,056 INFO: Profile velocities set for group Wheg_Group: {1: 43.7, 2: 43.7, 3: 43.7, 4: 43.7, 5: 43.7, 6: 43.7}
2025-04-02 11:36:59,058 INFO: New gait 1 is now active.
2025-04-02 11:36:59,784 INFO: Profile velocities set for group Wheg_Group: {1: 87.4, 2: 87.4, 3: 87.4, 4: 87.4, 5: 87.4, 6: 87.4}
2025-04-02 11:36:59,784 INFO: Incrementing motor positions by 360 degrees for group 'Wheg_Group'
2025-04-02 11:36:59,797 INFO: Gait 1 step executed at 20.00RPM, wait for 3.00 seconds
2025-04-02 11:37:03,455 INFO: Triangle pressed. Preparing to change to next gait: 2
2025-04-02 11:37:03,469 INFO: Initialising Gait 2
2025-04-02 11:37:03,470 INFO: Running set_position_group for group 'Wheg_Group' with positions: {1: 160, 2: 200, 3: 160, 4: 200, 5: 160, 6: 200}
2025-04-02 11:37:03,478 WARNING: Motor 1 is not in Position Control Mode. Setting mode now.
2025-04-02 11:37:03,478 INFO: Setting operating mode 'position' for group 'Wheg_Group'
2025-04-02 11:37:03,479 INFO: Disabling torque for group Wheg_Group
2025-04-02 11:37:03,481 INFO: Enabling torque for group Wheg_Group
2025-04-02 11:37:03,482 INFO: Setting the profile velocity for group Wheg_Group from config.yaml: 10
2025-04-02 11:37:03,484 INFO: Profile velocities set for group Wheg_Group: {1: 43.7, 2: 43.7, 3: 43.7, 4: 43.7, 5: 43.7, 6: 43.7}
2025-04-02 11:37:03,484 INFO: Setting the profile velocity for group Wheg_Group from config.yaml: 10
2025-04-02 11:37:03,485 INFO: Profile velocities set for group Wheg_Group: {1: 43.7, 2: 43.7, 3: 43.7, 4: 43.7, 5: 43.7, 6: 43.7}
2025-04-02 11:37:03,490 INFO: Running set_position_group for group 'Pivot_Group' with positions: 180
2025-04-02 11:37:03,497 INFO: Initialised Gait 2, waiting for 3 seconds
2025-04-02 11:37:03,557 INFO: Triangle pressed. Preparing to change to next gait: 2
2025-04-02 11:37:06,499 INFO: Setting operating mode 'multi_turn' for group 'Wheg_Group'
2025-04-02 11:37:06,500 INFO: Disabling torque for group Wheg_Group
2025-04-02 11:37:06,502 INFO: Enabling torque for group Wheg_Group
2025-04-02 11:37:06,503 INFO: Setting the profile velocity for group Wheg_Group from config.yaml: 10
2025-04-02 11:37:06,505 INFO: Profile velocities set for group Wheg_Group: {1: 43.7, 2: 43.7, 3: 43.7, 4: 43.7, 5: 43.7, 6: 43.7}
2025-04-02 11:37:06,506 INFO: Setting the profile velocity for group Wheg_Group from config.yaml: 10
2025-04-02 11:37:06,508 INFO: Profile velocities set for group Wheg_Group: {1: 43.7, 2: 43.7, 3: 43.7, 4: 43.7, 5: 43.7, 6: 43.7}
2025-04-02 11:37:06,510 INFO: New gait 2 is now active.
2025-04-02 11:37:07,996 WARNING: Profile velocity 160.0 for motor 2 exceeds hard limit 100. Limiting to 100.
2025-04-02 11:37:07,997 WARNING: Profile velocity 160.0 for motor 4 exceeds hard limit 100. Limiting to 100.
2025-04-02 11:37:07,998 WARNING: Profile velocity 160.0 for motor 6 exceeds hard limit 100. Limiting to 100.
2025-04-02 11:37:07,999 INFO: Profile velocities set for group Wheg_Group: {1: 87.4, 2: 437.0, 3: 87.4, 4: 437.0, 5: 87.4, 6: 437.0}
2025-04-02 11:37:08,001 INFO: Incrementing motor positions by {1: 40, 2: 320, 3: 40, 4: 320, 5: 40, 6: 320} degrees for group 'Wheg_Group'
2025-04-02 11:37:08,012 INFO: Gait 2 step executed at 20.00RPM, wait for 0.36 seconds
2025-04-02 11:37:09,173 INFO: Triangle pressed. Preparing to change to next gait: 3
2025-04-02 11:37:09,187 INFO: Initialsing Gait 3
2025-04-02 11:37:09,191 INFO: Running set_position_group for group 'Wheg_Group' with positions: {1: 200, 2: 160, 3: 160, 4: 200, 5: 160, 6: 160}
2025-04-02 11:37:09,198 WARNING: Motor 1 is not in Position Control Mode. Setting mode now.
2025-04-02 11:37:09,199 INFO: Setting operating mode 'position' for group 'Wheg_Group'
2025-04-02 11:37:09,199 INFO: Disabling torque for group Wheg_Group
2025-04-02 11:37:09,203 INFO: Enabling torque for group Wheg_Group
2025-04-02 11:37:09,210 INFO: Setting the profile velocity for group Wheg_Group from config.yaml: 10
2025-04-02 11:37:09,215 INFO: Profile velocities set for group Wheg_Group: {1: 43.7, 2: 43.7, 3: 43.7, 4: 43.7, 5: 43.7, 6: 43.7}
2025-04-02 11:37:09,219 INFO: Setting the profile velocity for group Wheg_Group from config.yaml: 10
2025-04-02 11:37:09,224 INFO: Profile velocities set for group Wheg_Group: {1: 43.7, 2: 43.7, 3: 43.7, 4: 43.7, 5: 43.7, 6: 43.7}
2025-04-02 11:37:09,227 INFO: Running set_position_group for group 'Pivot_Group' with positions: 180
2025-04-02 11:37:09,233 INFO: Initialised Gait 3, waiting for 3 seconds
2025-04-02 11:37:09,284 INFO: Triangle pressed. Preparing to change to next gait: 3
2025-04-02 11:37:12,235 INFO: Setting operating mode 'multi_turn' for group 'Wheg_Group'
2025-04-02 11:37:12,236 INFO: Disabling torque for group Wheg_Group
2025-04-02 11:37:12,238 INFO: Enabling torque for group Wheg_Group
2025-04-02 11:37:12,239 INFO: Setting the profile velocity for group Wheg_Group from config.yaml: 10
2025-04-02 11:37:12,240 INFO: Profile velocities set for group Wheg_Group: {1: 43.7, 2: 43.7, 3: 43.7, 4: 43.7, 5: 43.7, 6: 43.7}
2025-04-02 11:37:12,242 INFO: Setting the profile velocity for group Wheg_Group from config.yaml: 10
2025-04-02 11:37:12,243 INFO: Profile velocities set for group Wheg_Group: {1: 43.7, 2: 43.7, 3: 43.7, 4: 43.7, 5: 43.7, 6: 43.7}
2025-04-02 11:37:12,244 INFO: New gait 3 is now active.
2025-04-02 11:37:12,932 INFO: Profile velocities set for group Wheg_Group: {1: 87.4, 2: 87.4, 3: 87.4, 4: 87.4, 5: 87.4, 6: 87.4}
2025-04-02 11:37:12,935 INFO: Incrementing motor positions by {1: 320, 2: 40, 3: 0, 4: 320, 5: 40, 6: 0} degrees for group 'Wheg_Group'
2025-04-02 11:37:12,952 INFO: Gait 3 step executed at 20.00 RPM, wait for 2.69 seconds
2025-04-02 11:37:16,672 INFO: Triangle pressed. Preparing to change to next gait: 1
2025-04-02 11:37:16,683 INFO: Initialising Gait 1
2025-04-02 11:37:16,685 INFO: Running set_position_group for group 'Wheg_Group' with positions: 180
2025-04-02 11:37:16,694 WARNING: Motor 1 is not in Position Control Mode. Setting mode now.
2025-04-02 11:37:16,695 INFO: Setting operating mode 'position' for group 'Wheg_Group'
2025-04-02 11:37:16,695 INFO: Disabling torque for group Wheg_Group
2025-04-02 11:37:16,697 INFO: Enabling torque for group Wheg_Group
2025-04-02 11:37:16,698 INFO: Setting the profile velocity for group Wheg_Group from config.yaml: 10
2025-04-02 11:37:16,699 INFO: Profile velocities set for group Wheg_Group: {1: 43.7, 2: 43.7, 3: 43.7, 4: 43.7, 5: 43.7, 6: 43.7}
2025-04-02 11:37:16,700 INFO: Setting the profile velocity for group Wheg_Group from config.yaml: 10
2025-04-02 11:37:16,705 INFO: Profile velocities set for group Wheg_Group: {1: 43.7, 2: 43.7, 3: 43.7, 4: 43.7, 5: 43.7, 6: 43.7}
2025-04-02 11:37:16,706 INFO: Running set_position_group for group 'Pivot_Group' with positions: 180
2025-04-02 11:37:16,711 INFO: Initialised Gait 1, waiting for 3 seconds
2025-04-02 11:37:16,780 INFO: Triangle pressed. Preparing to change to next gait: 1
2025-04-02 11:37:19,778 INFO: Setting operating mode 'multi_turn' for group 'Wheg_Group'
2025-04-02 11:37:19,780 INFO: Disabling torque for group Wheg_Group
2025-04-02 11:37:19,797 INFO: Enabling torque for group Wheg_Group
2025-04-02 11:37:19,813 INFO: Setting the profile velocity for group Wheg_Group from config.yaml: 10
2025-04-02 11:37:19,827 INFO: Profile velocities set for group Wheg_Group: {1: 43.7, 2: 43.7, 3: 43.7, 4: 43.7, 5: 43.7, 6: 43.7}
2025-04-02 11:37:19,830 INFO: Setting the profile velocity for group Wheg_Group from config.yaml: 10
2025-04-02 11:37:19,835 INFO: Profile velocities set for group Wheg_Group: {1: 43.7, 2: 43.7, 3: 43.7, 4: 43.7, 5: 43.7, 6: 43.7}
2025-04-02 11:37:19,837 INFO: New gait 1 is now active.
2025-04-02 11:37:21,033 INFO: Profile velocities set for group Wheg_Group: {1: 87.4, 2: 87.4, 3: 87.4, 4: 87.4, 5: 87.4, 6: 87.4}
2025-04-02 11:37:21,035 INFO: Incrementing motor positions by 360 degrees for group 'Wheg_Group'
2025-04-02 11:37:21,051 INFO: Gait 1 step executed at 20.00RPM, wait for 3.00 seconds
2025-04-02 11:53:13,157 INFO: Initiating safe shutdown...
2025-04-02 11:53:13,158 INFO: Setting operating mode 'velocity' for group 'All_Motors'
2025-04-02 11:53:13,158 INFO: Disabling torque for group All_Motors
2025-04-02 11:53:13,160 INFO: Enabling torque for group All_Motors
2025-04-02 11:53:13,161 INFO: Setting the profile velocity for group All_Motors from config.yaml: 8
2025-04-02 11:53:13,162 INFO: Profile velocities set for group All_Motors: {1: 34.96, 2: 34.96, 3: 34.96, 4: 34.96, 5: 34.96, 6: 34.96, 7: 34.96, 8: 34.96}
2025-04-02 11:53:13,163 WARNING: Velocity limit 200 exceeds hard limit 100. Limiting to 100.
2025-04-02 11:53:13,164 INFO: Velocity limit set to 100 for group All_Motors
2025-04-02 11:53:13,165 INFO: Enabling torque for group All_Motors
2025-04-02 11:53:13,165 INFO: Setting the profile velocity for group All_Motors from config.yaml: 8
2025-04-02 11:53:13,166 INFO: Profile velocities set for group All_Motors: {1: 34.96, 2: 34.96, 3: 34.96, 4: 34.96, 5: 34.96, 6: 34.96, 7: 34.96, 8: 34.96}
2025-04-02 11:53:13,168 INFO: Target velocities set for group All_Motors: {1: 0, 2: 0, 3: 0, 4: 0, 5: 0, 6: 0, 7: 0, 8: 0}
2025-04-02 11:53:13,168 INFO: Running set_position_group for group 'All_Motors' with positions: 180
2025-04-02 11:53:13,178 WARNING: Motor 1 is not in Position Control Mode. Setting mode now.
2025-04-02 11:53:13,183 INFO: Setting operating mode 'position' for group 'All_Motors'
2025-04-02 11:53:13,193 INFO: Disabling torque for group All_Motors
2025-04-02 11:53:13,203 INFO: Enabling torque for group All_Motors
2025-04-02 11:53:13,207 INFO: Setting the profile velocity for group All_Motors from config.yaml: 8
2025-04-02 11:53:13,209 INFO: Profile velocities set for group All_Motors: {1: 34.96, 2: 34.96, 3: 34.96, 4: 34.96, 5: 34.96, 6: 34.96, 7: 34.96, 8: 34.96}
2025-04-02 11:53:13,215 INFO: Setting the profile velocity for group All_Motors from config.yaml: 8
2025-04-02 11:53:13,216 INFO: Profile velocities set for group All_Motors: {1: 34.96, 2: 34.96, 3: 34.96, 4: 34.96, 5: 34.96, 6: 34.96, 7: 34.96, 8: 34.96}
2025-04-02 11:53:13,218 INFO: Closing PS4Controller and quitting pygame
2025-04-02 11:53:13,334 INFO: Port closed successfully.
2025-04-02 11:53:13,334 INFO: Shutdown complete.
2025-04-02 11:53:13,335 ERROR: Error checking hardware errors: Attempting to use a port that is not open
