2024-10-29 11:31:57,111 INFO: Initializing PS4Controller
2024-10-29 11:31:57,373 INFO: Configuration loaded successfully
2024-10-29 11:31:57,377 INFO: Port /dev/ttyACM0 opened successfully
2024-10-29 11:31:57,387 INFO: Baudrate set to 1000000
2024-10-29 11:31:57,388 INFO: Control table loaded successfully.
2024-10-29 11:31:57,388 INFO: Motor group 'Pivot_Group' created with motors: [7, 8]
2024-10-29 11:31:57,389 INFO: Motor group 'Wheg_Group' created with motors: [1, 2, 3, 4, 5, 6]
2024-10-29 11:31:57,389 INFO: Motor group 'All_Motors' created with motors: [1, 2, 3, 4, 5, 6, 7, 8]
2024-10-29 11:31:57,389 INFO: Motor group 'Left_Whegs' created with motors: [1, 2, 3]
2024-10-29 11:31:57,390 INFO: Motor group 'Right_Whegs' created with motors: [4, 5, 6]
2024-10-29 11:31:57,390 INFO: Motor group 'Front_Whegs' created with motors: [3, 6]
2024-10-29 11:31:57,391 INFO: Motor group 'Rear_Whegs' created with motors: [1, 4]
2024-10-29 11:31:57,391 INFO: Motor group 'Middle_Whegs' created with motors: [2, 5]
2024-10-29 11:31:57,391 INFO: Motor group 'Two_Right_One_Left' created with motors: [2, 4, 6]
2024-10-29 11:31:57,392 INFO: Motor group 'Two_Left_One_Right' created with motors: [5, 1, 3]
2024-10-29 11:31:57,393 INFO: Initialised PS4 controller, Dynamixel, and Robot State
2024-10-29 11:31:57,547 INFO: Disabling torque for group Right_Whegs
2024-10-29 11:31:57,549 INFO: Drive mode set for group Right_Whegs with reverse_direction=True
2024-10-29 11:31:57,550 INFO: Enabling torque for group Right_Whegs
2024-10-29 11:31:57,554 INFO: Setting the profile velocity for group Right_Whegs from config.yaml: None
2024-10-29 11:31:57,556 ERROR: Profile velocity for group Right_Whegs not found in config.yaml and no value was provided.
2024-10-29 11:31:57,558 INFO: Profile velocities set for group Right_Whegs: {4: 21.85, 5: 21.85, 6: 21.85}
2024-10-29 11:31:57,561 INFO: Motor 4 drive mode correctly set to reverse
2024-10-29 11:31:57,561 INFO: Motor 5 drive mode correctly set to reverse
2024-10-29 11:31:57,562 INFO: Motor 6 drive mode correctly set to reverse
2024-10-29 11:31:57,562 INFO: Disabling torque for group Left_Whegs
2024-10-29 11:31:57,563 INFO: Drive mode set for group Left_Whegs with reverse_direction=False
2024-10-29 11:31:57,564 INFO: Enabling torque for group Left_Whegs
2024-10-29 11:31:57,565 INFO: Setting the profile velocity for group Left_Whegs from config.yaml: None
2024-10-29 11:31:57,565 ERROR: Profile velocity for group Left_Whegs not found in config.yaml and no value was provided.
2024-10-29 11:31:57,566 INFO: Profile velocities set for group Left_Whegs: {1: 21.85, 2: 21.85, 3: 21.85}
2024-10-29 11:31:57,569 INFO: Motor 1 drive mode correctly set to normal
2024-10-29 11:31:57,569 INFO: Motor 2 drive mode correctly set to normal
2024-10-29 11:31:57,570 INFO: Motor 3 drive mode correctly set to normal
2024-10-29 11:31:57,570 INFO: Set the right side whegs to reverse direction
2024-10-29 11:31:57,571 INFO: Disabling torque for group Pivot_Group
2024-10-29 11:31:57,572 INFO: Drive mode set for group Pivot_Group with reverse_direction=False
2024-10-29 11:31:57,572 INFO: Enabling torque for group Pivot_Group
2024-10-29 11:31:57,573 INFO: Setting the profile velocity for group Pivot_Group from config.yaml: 4
2024-10-29 11:31:57,574 INFO: Profile velocities set for group Pivot_Group: {7: 17.48, 8: 17.48}
2024-10-29 11:31:57,577 INFO: Motor 7 drive mode correctly set to normal
2024-10-29 11:31:57,578 INFO: Motor 8 drive mode correctly set to normal
2024-10-29 11:31:57,579 INFO: Position limits set for group Pivot_Group: min=45° (ticks=511), max=315° (ticks=3583)
2024-10-29 11:31:57,579 INFO: Set position limits for the pivot motors
2024-10-29 11:31:57,587 INFO: Initialising Gait 1
2024-10-29 11:31:57,588 INFO: Running set_position_group for group 'Wheg_Group' with positions: 180
2024-10-29 11:31:57,594 INFO: Running set_position_group for group 'Pivot_Group' with positions: 180
2024-10-29 11:31:57,598 INFO: Initialised Gait 1, waiting for 3 seconds
2024-10-29 11:31:57,598 ERROR: Error controlling pivots: 'dpad_down'
2024-10-29 11:32:00,270 INFO: R3 pressed. Turning mode requested
2024-10-29 11:32:00,625 INFO: Setting operating mode 'multi_turn' for group 'Wheg_Group'
2024-10-29 11:32:00,627 INFO: Disabling torque for group Wheg_Group
2024-10-29 11:32:00,629 INFO: Enabling torque for group Wheg_Group
2024-10-29 11:32:00,632 INFO: Setting the profile velocity for group Wheg_Group from config.yaml: 10
2024-10-29 11:32:00,633 INFO: Profile velocities set for group Wheg_Group: {1: 43.7, 2: 43.7, 3: 43.7, 4: 43.7, 5: 43.7, 6: 43.7}
2024-10-29 11:32:00,633 INFO: Setting the profile velocity for group Wheg_Group from config.yaml: 10
2024-10-29 11:32:00,634 INFO: Profile velocities set for group Wheg_Group: {1: 43.7, 2: 43.7, 3: 43.7, 4: 43.7, 5: 43.7, 6: 43.7}
2024-10-29 11:32:00,635 INFO: New gait 1 is now active.
2024-10-29 11:32:00,635 INFO: Initialising Turn Mode
2024-10-29 11:32:00,636 INFO: Running set_position_group for group 'Wheg_Group' with positions: {1: 165, 2: 195, 3: 165, 4: 195, 5: 165, 6: 195}
2024-10-29 11:32:00,671 ERROR: Bulk read failed with error: [TxRxResult] There is no status packet!
2024-10-29 11:32:00,672 INFO: Initiating safe shutdown...
2024-10-29 11:32:00,672 INFO: Setting operating mode 'velocity' for group 'All_Motors'
2024-10-29 11:32:00,673 INFO: Disabling torque for group All_Motors
2024-10-29 11:32:00,674 INFO: Enabling torque for group All_Motors
2024-10-29 11:32:00,675 INFO: Setting the profile velocity for group All_Motors from config.yaml: 8
2024-10-29 11:32:00,675 INFO: Profile velocities set for group All_Motors: {1: 34.96, 2: 34.96, 3: 34.96, 4: 34.96, 5: 34.96, 6: 34.96, 7: 34.96, 8: 34.96}
2024-10-29 11:32:00,676 WARNING: Velocity limit 200 exceeds hard limit 100. Limiting to 100.
2024-10-29 11:32:00,676 INFO: Velocity limit set to 100 for group All_Motors
2024-10-29 11:32:00,677 INFO: Enabling torque for group All_Motors
2024-10-29 11:32:00,677 INFO: Setting the profile velocity for group All_Motors from config.yaml: 8
2024-10-29 11:32:00,678 INFO: Profile velocities set for group All_Motors: {1: 34.96, 2: 34.96, 3: 34.96, 4: 34.96, 5: 34.96, 6: 34.96, 7: 34.96, 8: 34.96}
2024-10-29 11:32:00,679 INFO: Target velocities set for group All_Motors: {1: 0, 2: 0, 3: 0, 4: 0, 5: 0, 6: 0, 7: 0, 8: 0}
2024-10-29 11:32:00,680 INFO: Running set_position_group for group 'All_Motors' with positions: 180
2024-10-29 11:32:00,687 WARNING: Motor 1 is not in Position Control Mode. Setting mode now.
2024-10-29 11:32:00,687 INFO: Setting operating mode 'position' for group 'All_Motors'
2024-10-29 11:32:00,688 INFO: Disabling torque for group All_Motors
2024-10-29 11:32:00,689 INFO: Enabling torque for group All_Motors
2024-10-29 11:32:00,690 INFO: Setting the profile velocity for group All_Motors from config.yaml: 8
2024-10-29 11:32:00,691 INFO: Profile velocities set for group All_Motors: {1: 34.96, 2: 34.96, 3: 34.96, 4: 34.96, 5: 34.96, 6: 34.96, 7: 34.96, 8: 34.96}
2024-10-29 11:32:00,691 INFO: Setting the profile velocity for group All_Motors from config.yaml: 8
2024-10-29 11:32:00,692 INFO: Profile velocities set for group All_Motors: {1: 34.96, 2: 34.96, 3: 34.96, 4: 34.96, 5: 34.96, 6: 34.96, 7: 34.96, 8: 34.96}
2024-10-29 11:32:00,692 INFO: Closing PS4Controller and quitting pygame
2024-10-29 11:32:00,799 INFO: Port closed successfully.
2024-10-29 11:32:00,800 INFO: Shutdown complete.
