2025-05-08 17:56:34,336 INFO: Initializing PS4Controller
2025-05-08 17:56:34,716 INFO: Configuration loaded successfully
2025-05-08 17:56:34,720 INFO: Port /dev/ttyACM0 opened successfully
2025-05-08 17:56:34,730 INFO: Baudrate set to 1000000
2025-05-08 17:56:34,731 INFO: Control table loaded successfully.
2025-05-08 17:56:34,731 INFO: Motor group 'Pivot_Group' created with motors: [7, 8]
2025-05-08 17:56:34,732 INFO: Motor group 'Wheg_Group' created with motors: [1, 2, 3, 4, 5, 6]
2025-05-08 17:56:34,732 INFO: Motor group 'All_Motors' created with motors: [1, 2, 3, 4, 5, 6, 7, 8]
2025-05-08 17:56:34,733 INFO: Motor group 'Left_Whegs' created with motors: [1, 2, 3]
2025-05-08 17:56:34,734 INFO: Motor group 'Right_Whegs' created with motors: [4, 5, 6]
2025-05-08 17:56:34,735 INFO: Motor group 'Front_Whegs' created with motors: [3, 6]
2025-05-08 17:56:34,736 INFO: Motor group 'Rear_Whegs' created with motors: [1, 4]
2025-05-08 17:56:34,737 INFO: Motor group 'Middle_Whegs' created with motors: [2, 5]
2025-05-08 17:56:34,737 INFO: Motor group 'Two_Right_One_Left' created with motors: [2, 4, 6]
2025-05-08 17:56:34,738 INFO: Motor group 'Two_Left_One_Right' created with motors: [5, 1, 3]
2025-05-08 17:56:34,740 INFO: Initialised PS4 controller, Dynamixel, and Robot State
2025-05-08 17:56:34,742 INFO: Disabling torque for group Right_Whegs
2025-05-08 17:56:34,744 INFO: Drive mode set for group Right_Whegs with reverse_direction=True
2025-05-08 17:56:34,745 INFO: Enabling torque for group Right_Whegs
2025-05-08 17:56:34,747 INFO: Setting the profile velocity for group Right_Whegs from config.yaml: None
2025-05-08 17:56:34,748 ERROR: Profile velocity for group Right_Whegs not found in config.yaml and no value was provided.
2025-05-08 17:56:34,749 INFO: Disabling torque for group Left_Whegs
2025-05-08 17:56:34,752 INFO: Drive mode set for group Left_Whegs with reverse_direction=False
2025-05-08 17:56:34,753 INFO: Enabling torque for group Left_Whegs
2025-05-08 17:56:34,755 INFO: Setting the profile velocity for group Left_Whegs from config.yaml: None
2025-05-08 17:56:34,755 ERROR: Profile velocity for group Left_Whegs not found in config.yaml and no value was provided.
2025-05-08 17:56:34,756 INFO: Set the right side whegs to reverse direction
2025-05-08 17:56:34,757 INFO: Disabling torque for group Pivot_Group
2025-05-08 17:56:34,759 INFO: Drive mode set for group Pivot_Group with reverse_direction=False
2025-05-08 17:56:34,760 INFO: Enabling torque for group Pivot_Group
2025-05-08 17:56:34,761 INFO: Setting the profile velocity for group Pivot_Group from config.yaml: 4
2025-05-08 17:56:34,762 INFO: Profile velocities set for group Pivot_Group: {7: 17.48, 8: 17.48}
2025-05-08 17:56:34,765 INFO: Position limits set for group Pivot_Group: min=45° (ticks=511), max=315° (ticks=3583)
2025-05-08 17:56:34,766 INFO: Set position limits for the pivot motors
2025-05-08 17:56:34,960 ERROR: Bulk read failed with error: [TxRxResult] There is no status packet!
2025-05-08 17:56:34,962 INFO: Initialising Gait 1
2025-05-08 17:56:34,963 INFO: Disabling torque for group Wheg_Group
2025-05-08 17:56:34,964 INFO: Drive mode set for group Wheg_Group with reverse_direction={1: 0, 2: 0, 3: 0, 4: 1, 5: 1, 6: 1}
2025-05-08 17:56:34,964 INFO: Enabling torque for group Wheg_Group
2025-05-08 17:56:34,965 INFO: Setting the profile velocity for group Wheg_Group from config.yaml: 10
2025-05-08 17:56:34,966 INFO: Profile velocities set for group Wheg_Group: {1: 43.7, 2: 43.7, 3: 43.7, 4: 43.7, 5: 43.7, 6: 43.7}
2025-05-08 17:56:34,967 WARNING: Set direction of whegs to forward
2025-05-08 17:56:34,968 WARNING: Direction set for all whegs
2025-05-08 17:56:34,968 INFO: Running set_position_group for group 'Wheg_Group' with positions: 180
2025-05-08 17:56:35,004 ERROR: Bulk read failed with error: [TxRxResult] There is no status packet!
2025-05-08 17:56:35,005 ERROR: Error controlling pivots: 'dpad_down'
2025-05-08 17:56:35,042 ERROR: Bulk read failed with error: [TxRxResult] There is no status packet!
2025-05-08 17:56:35,079 ERROR: Bulk read failed with error: [TxRxResult] There is no status packet!
2025-05-08 17:56:35,115 ERROR: Bulk read failed with error: [TxRxResult] There is no status packet!
2025-05-08 17:56:35,152 ERROR: Bulk read failed with error: [TxRxResult] There is no status packet!
2025-05-08 17:56:35,152 ERROR: Error retrieving motor data: 'NoneType' object has no attribute 'keys'
2025-05-08 17:56:35,166 INFO: Initiating safe shutdown...
2025-05-08 17:56:35,168 INFO: Setting operating mode 'velocity' for group 'All_Motors'
2025-05-08 17:56:35,171 INFO: Disabling torque for group All_Motors
2025-05-08 17:56:35,179 INFO: Enabling torque for group All_Motors
2025-05-08 17:56:35,182 INFO: Setting the profile velocity for group All_Motors from config.yaml: 8
2025-05-08 17:56:35,185 INFO: Profile velocities set for group All_Motors: {1: 34.96, 2: 34.96, 3: 34.96, 4: 34.96, 5: 34.96, 6: 34.96, 7: 34.96, 8: 34.96}
2025-05-08 17:56:35,189 WARNING: Velocity limit 200 exceeds hard limit 100. Limiting to 100.
2025-05-08 17:56:35,194 INFO: Velocity limit set to 100 for group All_Motors
2025-05-08 17:56:35,195 INFO: Enabling torque for group All_Motors
2025-05-08 17:56:35,198 INFO: Setting the profile velocity for group All_Motors from config.yaml: 8
2025-05-08 17:56:35,201 INFO: Profile velocities set for group All_Motors: {1: 34.96, 2: 34.96, 3: 34.96, 4: 34.96, 5: 34.96, 6: 34.96, 7: 34.96, 8: 34.96}
2025-05-08 17:56:35,205 INFO: Target velocities set for group All_Motors: {1: 0, 2: 0, 3: 0, 4: 0, 5: 0, 6: 0, 7: 0, 8: 0}
2025-05-08 17:56:35,206 INFO: Running set_position_group for group 'All_Motors' with positions: 180
2025-05-08 17:56:35,244 ERROR: Bulk read failed with error: [TxRxResult] There is no status packet!
