2024-10-29 00:31:58,517 INFO: Initializing PS4Controller
2024-10-29 00:31:58,791 INFO: Configuration loaded successfully
2024-10-29 00:31:58,794 INFO: Port /dev/ttyACM0 opened successfully
2024-10-29 00:31:58,804 INFO: Baudrate set to 1000000
2024-10-29 00:31:58,804 INFO: Control table loaded successfully.
2024-10-29 00:31:58,805 INFO: Motor group 'Pivot_Group' created with motors: [7, 8]
2024-10-29 00:31:58,805 INFO: Motor group 'Wheg_Group' created with motors: [1, 2, 3, 4, 5, 6]
2024-10-29 00:31:58,806 INFO: Motor group 'All_Motors' created with motors: [1, 2, 3, 4, 5, 6, 7, 8]
2024-10-29 00:31:58,806 INFO: Motor group 'Left_Whegs' created with motors: [1, 2, 3]
2024-10-29 00:31:58,807 INFO: Motor group 'Right_Whegs' created with motors: [4, 5, 6]
2024-10-29 00:31:58,807 INFO: Motor group 'Front_Whegs' created with motors: [3, 6]
2024-10-29 00:31:58,807 INFO: Motor group 'Rear_Whegs' created with motors: [1, 4]
2024-10-29 00:31:58,808 INFO: Motor group 'Middle_Whegs' created with motors: [2, 5]
2024-10-29 00:31:58,808 INFO: Motor group 'Two_Right_One_Left' created with motors: [2, 4, 6]
2024-10-29 00:31:58,808 INFO: Motor group 'Two_Left_One_Right' created with motors: [5, 1, 3]
2024-10-29 00:31:58,809 INFO: Initialised PS4 controller, Dynamixel, and Robot State
2024-10-29 00:31:58,959 INFO: Initialised Streamlit dashboard
2024-10-29 00:31:58,959 INFO: Disabling torque for group Right_Whegs
2024-10-29 00:31:58,962 INFO: Drive mode set for group Right_Whegs with reverse_direction=True
2024-10-29 00:31:58,965 INFO: Enabling torque for group Right_Whegs
2024-10-29 00:31:58,969 INFO: Motor 4 drive mode correctly set to reverse
2024-10-29 00:31:58,970 INFO: Motor 5 drive mode correctly set to reverse
2024-10-29 00:31:58,970 INFO: Motor 6 drive mode correctly set to reverse
2024-10-29 00:31:58,971 INFO: Disabling torque for group Left_Whegs
2024-10-29 00:31:58,972 INFO: Drive mode set for group Left_Whegs with reverse_direction=False
2024-10-29 00:31:58,972 INFO: Enabling torque for group Left_Whegs
2024-10-29 00:31:58,976 INFO: Motor 1 drive mode correctly set to normal
2024-10-29 00:31:58,976 INFO: Motor 2 drive mode correctly set to normal
2024-10-29 00:31:58,977 INFO: Motor 3 drive mode correctly set to normal
2024-10-29 00:31:58,977 INFO: Set the right side whegs to reverse direction
2024-10-29 00:31:58,978 INFO: Disabling torque for group Pivot_Group
2024-10-29 00:31:58,979 INFO: Drive mode set for group Pivot_Group with reverse_direction=False
2024-10-29 00:31:58,979 INFO: Enabling torque for group Pivot_Group
2024-10-29 00:31:58,983 INFO: Motor 7 drive mode correctly set to normal
2024-10-29 00:31:58,984 INFO: Motor 8 drive mode correctly set to normal
2024-10-29 00:31:58,985 INFO: Position limits set for group Pivot_Group: min=90° (ticks=1023), max=270° (ticks=3071)
2024-10-29 00:31:58,985 INFO: Set position limits for the pivot motors
2024-10-29 00:31:58,987 INFO: Initialising Gait 1
2024-10-29 00:31:58,987 INFO: Running set_position_group for group 'Wheg_Group' with positions: 180
2024-10-29 00:31:58,993 INFO: Running set_position_group for group 'Pivot_Group' with positions: 180
2024-10-29 00:31:58,996 INFO: Initialised Gait 1, waiting for 3 seconds
2024-10-29 00:32:00,353 INFO: Triangle pressed. Preparing to change to next gait: 2
2024-10-29 00:32:00,456 INFO: Triangle pressed. Preparing to change to next gait: 2
2024-10-29 00:32:00,559 INFO: Triangle pressed. Preparing to change to next gait: 2
2024-10-29 00:32:00,662 INFO: Triangle pressed. Preparing to change to next gait: 2
2024-10-29 00:32:00,766 INFO: Triangle pressed. Preparing to change to next gait: 2
2024-10-29 00:32:02,178 INFO: Triangle pressed. Preparing to change to next gait: 2
2024-10-29 00:32:02,179 INFO: Setting operating mode 'multi_turn' for group 'Wheg_Group'
2024-10-29 00:32:02,181 INFO: Disabling torque for group Wheg_Group
2024-10-29 00:32:02,181 INFO: Enabling torque for group Wheg_Group
2024-10-29 00:32:02,182 INFO: Setting the profile velocity for group Wheg_Group from config.yaml: 10
2024-10-29 00:32:02,183 INFO: Profile velocities set for group Wheg_Group: {1: 43.7, 2: 43.7, 3: 43.7, 4: 43.7, 5: 43.7, 6: 43.7}
2024-10-29 00:32:02,183 INFO: New gait 2 is now active.
2024-10-29 00:32:02,195 INFO: Initialising Gait 2
2024-10-29 00:32:02,195 INFO: Running set_position_group for group 'Wheg_Group' with positions: {1: 160, 2: 200, 3: 160, 4: 200, 5: 160, 6: 200}
2024-10-29 00:32:02,201 WARNING: Motor 1 is not in Position Control Mode. Setting mode now.
2024-10-29 00:32:02,201 INFO: Setting operating mode 'position' for group 'Wheg_Group'
2024-10-29 00:32:02,202 INFO: Disabling torque for group Wheg_Group
2024-10-29 00:32:02,202 INFO: Enabling torque for group Wheg_Group
2024-10-29 00:32:02,203 INFO: Setting the profile velocity for group Wheg_Group from config.yaml: 10
2024-10-29 00:32:02,204 INFO: Profile velocities set for group Wheg_Group: {1: 43.7, 2: 43.7, 3: 43.7, 4: 43.7, 5: 43.7, 6: 43.7}
2024-10-29 00:32:02,205 INFO: Running set_position_group for group 'Pivot_Group' with positions: 180
2024-10-29 00:32:02,208 INFO: Initialised Gait 2, waiting for 3 seconds
2024-10-29 00:32:02,281 INFO: Triangle pressed. Preparing to change to next gait: 3
2024-10-29 00:32:02,384 INFO: Triangle pressed. Preparing to change to next gait: 3
2024-10-29 00:32:02,487 INFO: Triangle pressed. Preparing to change to next gait: 3
2024-10-29 00:32:02,590 INFO: Triangle pressed. Preparing to change to next gait: 3
2024-10-29 00:32:05,901 WARNING: Emergency stop activated! Stopping all motors asynchronously.
2024-10-29 00:32:05,903 INFO: Setting operating mode 'velocity' for group 'All_Motors'
2024-10-29 00:32:05,903 INFO: Disabling torque for group All_Motors
2024-10-29 00:32:05,904 INFO: Enabling torque for group All_Motors
2024-10-29 00:32:05,905 WARNING: Velocity limit 200 exceeds hard limit 100. Limiting to 100.
2024-10-29 00:32:05,906 INFO: Velocity limit set to 100 for group All_Motors
2024-10-29 00:32:05,907 INFO: Enabling torque for group All_Motors
2024-10-29 00:32:05,908 INFO: Target velocities set for group All_Motors: {1: 0, 2: 0, 3: 0, 4: 0, 5: 0, 6: 0, 7: 0, 8: 0}
2024-10-29 00:32:05,909 INFO: Setting operating mode 'multi_turn' for group 'Wheg_Group'
2024-10-29 00:32:05,909 INFO: Disabling torque for group Wheg_Group
2024-10-29 00:32:05,910 INFO: Enabling torque for group Wheg_Group
2024-10-29 00:32:05,911 INFO: Setting the profile velocity for group Wheg_Group from config.yaml: 10
2024-10-29 00:32:05,912 INFO: Profile velocities set for group Wheg_Group: {1: 43.7, 2: 43.7, 3: 43.7, 4: 43.7, 5: 43.7, 6: 43.7}
2024-10-29 00:32:05,912 INFO: New gait 3 is now active.
2024-10-29 00:32:06,002 WARNING: Emergency stop activated! Stopping all motors asynchronously.
2024-10-29 00:32:06,003 INFO: Setting operating mode 'velocity' for group 'All_Motors'
2024-10-29 00:32:06,003 INFO: Disabling torque for group All_Motors
2024-10-29 00:32:06,004 INFO: Enabling torque for group All_Motors
2024-10-29 00:32:06,005 WARNING: Velocity limit 200 exceeds hard limit 100. Limiting to 100.
2024-10-29 00:32:06,006 INFO: Velocity limit set to 100 for group All_Motors
2024-10-29 00:32:06,007 INFO: Enabling torque for group All_Motors
2024-10-29 00:32:06,008 INFO: Target velocities set for group All_Motors: {1: 0, 2: 0, 3: 0, 4: 0, 5: 0, 6: 0, 7: 0, 8: 0}
2024-10-29 00:32:06,111 WARNING: Emergency stop activated! Stopping all motors asynchronously.
2024-10-29 00:32:06,112 INFO: Setting operating mode 'velocity' for group 'All_Motors'
2024-10-29 00:32:06,112 INFO: Disabling torque for group All_Motors
2024-10-29 00:32:06,113 INFO: Enabling torque for group All_Motors
2024-10-29 00:32:06,114 WARNING: Velocity limit 200 exceeds hard limit 100. Limiting to 100.
2024-10-29 00:32:06,115 INFO: Velocity limit set to 100 for group All_Motors
2024-10-29 00:32:06,115 INFO: Enabling torque for group All_Motors
2024-10-29 00:32:06,117 INFO: Target velocities set for group All_Motors: {1: 0, 2: 0, 3: 0, 4: 0, 5: 0, 6: 0, 7: 0, 8: 0}
2024-10-29 00:32:06,221 WARNING: Emergency stop activated! Stopping all motors asynchronously.
2024-10-29 00:32:06,221 INFO: Setting operating mode 'velocity' for group 'All_Motors'
2024-10-29 00:32:06,222 INFO: Disabling torque for group All_Motors
2024-10-29 00:32:06,223 INFO: Enabling torque for group All_Motors
2024-10-29 00:32:06,224 WARNING: Velocity limit 200 exceeds hard limit 100. Limiting to 100.
2024-10-29 00:32:06,225 INFO: Velocity limit set to 100 for group All_Motors
2024-10-29 00:32:06,225 INFO: Enabling torque for group All_Motors
2024-10-29 00:32:06,226 INFO: Target velocities set for group All_Motors: {1: 0, 2: 0, 3: 0, 4: 0, 5: 0, 6: 0, 7: 0, 8: 0}
2024-10-29 00:32:06,330 WARNING: Emergency stop activated! Stopping all motors asynchronously.
2024-10-29 00:32:06,330 INFO: Setting operating mode 'velocity' for group 'All_Motors'
2024-10-29 00:32:06,331 INFO: Disabling torque for group All_Motors
2024-10-29 00:32:06,332 INFO: Enabling torque for group All_Motors
2024-10-29 00:32:06,333 WARNING: Velocity limit 200 exceeds hard limit 100. Limiting to 100.
2024-10-29 00:32:06,333 INFO: Velocity limit set to 100 for group All_Motors
2024-10-29 00:32:06,334 INFO: Enabling torque for group All_Motors
2024-10-29 00:32:06,336 INFO: Target velocities set for group All_Motors: {1: 0, 2: 0, 3: 0, 4: 0, 5: 0, 6: 0, 7: 0, 8: 0}
2024-10-29 00:32:07,941 INFO: Emergency Stop Deactivated. Resuming control...
2024-10-29 00:32:07,941 INFO: Initialising Gait 1
2024-10-29 00:32:07,942 INFO: Running set_position_group for group 'Wheg_Group' with positions: 180
2024-10-29 00:32:07,947 WARNING: Motor 1 is not in Position Control Mode. Setting mode now.
2024-10-29 00:32:07,947 INFO: Setting operating mode 'position' for group 'Wheg_Group'
2024-10-29 00:32:07,948 INFO: Disabling torque for group Wheg_Group
2024-10-29 00:32:07,949 INFO: Enabling torque for group Wheg_Group
2024-10-29 00:32:07,950 INFO: Setting the profile velocity for group Wheg_Group from config.yaml: 10
2024-10-29 00:32:07,951 INFO: Profile velocities set for group Wheg_Group: {1: 43.7, 2: 43.7, 3: 43.7, 4: 43.7, 5: 43.7, 6: 43.7}
2024-10-29 00:32:07,952 INFO: Running set_position_group for group 'Pivot_Group' with positions: 180
2024-10-29 00:32:07,956 WARNING: Motor 7 is not in Position Control Mode. Setting mode now.
2024-10-29 00:32:07,956 INFO: Setting operating mode 'position' for group 'Pivot_Group'
2024-10-29 00:32:07,957 INFO: Disabling torque for group Pivot_Group
2024-10-29 00:32:07,958 INFO: Enabling torque for group Pivot_Group
2024-10-29 00:32:07,958 INFO: Setting the profile velocity for group Pivot_Group from config.yaml: 4
2024-10-29 00:32:07,959 INFO: Profile velocities set for group Pivot_Group: {7: 17.48, 8: 17.48}
2024-10-29 00:32:07,960 INFO: Initialised Gait 1, waiting for 3 seconds
2024-10-29 00:32:11,403 INFO: Setting operating mode 'multi_turn' for group 'Wheg_Group'
2024-10-29 00:32:11,405 INFO: Disabling torque for group Wheg_Group
2024-10-29 00:32:11,405 INFO: Enabling torque for group Wheg_Group
2024-10-29 00:32:11,406 INFO: Setting the profile velocity for group Wheg_Group from config.yaml: 10
2024-10-29 00:32:11,407 INFO: Profile velocities set for group Wheg_Group: {1: 43.7, 2: 43.7, 3: 43.7, 4: 43.7, 5: 43.7, 6: 43.7}
2024-10-29 00:32:11,407 INFO: New gait 1 is now active.
2024-10-29 00:32:16,784 INFO: Profile velocities set for group Wheg_Group: {1: 8.74, 2: 8.74, 3: 8.74, 4: 8.74, 5: 8.74, 6: 8.74}
2024-10-29 00:32:16,785 INFO: Incrementing motor positions by 360 degrees for group 'Wheg_Group'
2024-10-29 00:32:16,796 INFO: Gait 1 step executed at 2.00RPM, wait for 30.00 seconds
2024-10-29 00:32:25,920 INFO: Running set_position_group for group 'Pivot_Group' with positions: {7: 180, 8: 185}
2024-10-29 00:32:25,923 INFO: Front pivot angle set to 180 degrees (ticks: 180)
2024-10-29 00:32:25,924 INFO: Rear pivot angle set to 185 degrees (ticks: 185)
2024-10-29 00:32:29,228 INFO: Running set_position_group for group 'Pivot_Group' with positions: {7: 180, 8: 190}
2024-10-29 00:32:29,231 INFO: Front pivot angle set to 180 degrees (ticks: 180)
2024-10-29 00:32:29,232 INFO: Rear pivot angle set to 190 degrees (ticks: 190)
2024-10-29 00:32:29,483 INFO: Running set_position_group for group 'Pivot_Group' with positions: {7: 180, 8: 195}
2024-10-29 00:32:29,486 INFO: Front pivot angle set to 180 degrees (ticks: 180)
2024-10-29 00:32:29,487 INFO: Rear pivot angle set to 195 degrees (ticks: 195)
2024-10-29 00:32:31,008 INFO: Running set_position_group for group 'Pivot_Group' with positions: {7: 180, 8: 200}
2024-10-29 00:32:31,013 INFO: Front pivot angle set to 180 degrees (ticks: 180)
2024-10-29 00:32:31,014 INFO: Rear pivot angle set to 200 degrees (ticks: 200)
2024-10-29 00:32:31,266 INFO: Running set_position_group for group 'Pivot_Group' with positions: {7: 180, 8: 205}
2024-10-29 00:32:31,270 INFO: Front pivot angle set to 180 degrees (ticks: 180)
2024-10-29 00:32:31,270 INFO: Rear pivot angle set to 205 degrees (ticks: 205)
2024-10-29 00:32:32,784 INFO: Running set_position_group for group 'Pivot_Group' with positions: {7: 180, 8: 200}
2024-10-29 00:32:32,789 INFO: Front pivot angle set to 180 degrees (ticks: 180)
2024-10-29 00:32:32,789 INFO: Rear pivot angle set to 200 degrees (ticks: 200)
2024-10-29 00:32:33,040 INFO: Running set_position_group for group 'Pivot_Group' with positions: {7: 180, 8: 195}
2024-10-29 00:32:33,043 INFO: Front pivot angle set to 180 degrees (ticks: 180)
2024-10-29 00:32:33,044 INFO: Rear pivot angle set to 195 degrees (ticks: 195)
2024-10-29 00:32:36,868 INFO: Initiating safe shutdown...
2024-10-29 00:32:36,868 INFO: Setting operating mode 'velocity' for group 'All_Motors'
2024-10-29 00:32:36,869 INFO: Disabling torque for group All_Motors
2024-10-29 00:32:36,870 INFO: Enabling torque for group All_Motors
2024-10-29 00:32:36,871 WARNING: Velocity limit 200 exceeds hard limit 100. Limiting to 100.
2024-10-29 00:32:36,871 INFO: Velocity limit set to 100 for group All_Motors
2024-10-29 00:32:36,872 INFO: Enabling torque for group All_Motors
2024-10-29 00:32:36,873 INFO: Target velocities set for group All_Motors: {1: 0, 2: 0, 3: 0, 4: 0, 5: 0, 6: 0, 7: 0, 8: 0}
2024-10-29 00:32:36,873 INFO: Running set_position_group for group 'All_Motors' with positions: 180
2024-10-29 00:32:36,881 WARNING: Motor 1 is not in Position Control Mode. Setting mode now.
2024-10-29 00:32:36,882 INFO: Setting operating mode 'position' for group 'All_Motors'
2024-10-29 00:32:36,882 INFO: Disabling torque for group All_Motors
2024-10-29 00:32:36,883 INFO: Enabling torque for group All_Motors
2024-10-29 00:32:36,884 INFO: Setting the profile velocity for group All_Motors from config.yaml: 5
2024-10-29 00:32:36,885 INFO: Profile velocities set for group All_Motors: {1: 21.85, 2: 21.85, 3: 21.85, 4: 21.85, 5: 21.85, 6: 21.85, 7: 21.85, 8: 21.85}
2024-10-29 00:32:36,885 INFO: Closing PS4Controller and quitting pygame
2024-10-29 00:32:36,985 INFO: Port closed successfully.
2024-10-29 00:32:36,986 INFO: Shutdown complete.
2024-10-29 00:32:36,987 ERROR: Controller connection lost!
2024-10-29 00:32:36,987 ERROR: Controller is disconnected.
2024-10-29 00:32:36,987 ERROR: Controller connection lost!
2024-10-29 00:32:36,988 ERROR: Controller is disconnected.
2024-10-29 00:32:36,988 ERROR: Controller connection lost!
2024-10-29 00:32:36,988 ERROR: Controller is disconnected.
