2024-10-29 11:19:12,482 INFO: Initializing PS4Controller
2024-10-29 11:19:12,748 INFO: Configuration loaded successfully
2024-10-29 11:19:12,752 INFO: Port /dev/ttyACM0 opened successfully
2024-10-29 11:19:12,762 INFO: Baudrate set to 1000000
2024-10-29 11:19:12,763 INFO: Control table loaded successfully.
2024-10-29 11:19:12,763 INFO: Motor group 'Pivot_Group' created with motors: [7, 8]
2024-10-29 11:19:12,764 INFO: Motor group 'Wheg_Group' created with motors: [1, 2, 3, 4, 5, 6]
2024-10-29 11:19:12,764 INFO: Motor group 'All_Motors' created with motors: [1, 2, 3, 4, 5, 6, 7, 8]
2024-10-29 11:19:12,764 INFO: Motor group 'Left_Whegs' created with motors: [1, 2, 3]
2024-10-29 11:19:12,765 INFO: Motor group 'Right_Whegs' created with motors: [4, 5, 6]
2024-10-29 11:19:12,766 INFO: Motor group 'Front_Whegs' created with motors: [3, 6]
2024-10-29 11:19:12,766 INFO: Motor group 'Rear_Whegs' created with motors: [1, 4]
2024-10-29 11:19:12,767 INFO: Motor group 'Middle_Whegs' created with motors: [2, 5]
2024-10-29 11:19:12,767 INFO: Motor group 'Two_Right_One_Left' created with motors: [2, 4, 6]
2024-10-29 11:19:12,768 INFO: Motor group 'Two_Left_One_Right' created with motors: [5, 1, 3]
2024-10-29 11:19:12,768 INFO: Initialised PS4 controller, Dynamixel, and Robot State
2024-10-29 11:19:12,932 INFO: Disabling torque for group Right_Whegs
2024-10-29 11:19:12,935 INFO: Drive mode set for group Right_Whegs with reverse_direction=True
2024-10-29 11:19:12,936 INFO: Enabling torque for group Right_Whegs
2024-10-29 11:19:12,939 INFO: Setting the profile velocity for group Right_Whegs from config.yaml: None
2024-10-29 11:19:12,940 ERROR: Profile velocity for group Right_Whegs not found in config.yaml and no value was provided.
2024-10-29 11:19:12,943 INFO: Profile velocities set for group Right_Whegs: {4: 21.85, 5: 21.85, 6: 21.85}
2024-10-29 11:19:12,946 INFO: Motor 4 drive mode correctly set to reverse
2024-10-29 11:19:12,947 INFO: Motor 5 drive mode correctly set to reverse
2024-10-29 11:19:12,947 INFO: Motor 6 drive mode correctly set to reverse
2024-10-29 11:19:12,948 INFO: Disabling torque for group Left_Whegs
2024-10-29 11:19:12,949 INFO: Drive mode set for group Left_Whegs with reverse_direction=False
2024-10-29 11:19:12,949 INFO: Enabling torque for group Left_Whegs
2024-10-29 11:19:12,950 INFO: Setting the profile velocity for group Left_Whegs from config.yaml: None
2024-10-29 11:19:12,950 ERROR: Profile velocity for group Left_Whegs not found in config.yaml and no value was provided.
2024-10-29 11:19:12,951 INFO: Profile velocities set for group Left_Whegs: {1: 21.85, 2: 21.85, 3: 21.85}
2024-10-29 11:19:12,955 INFO: Motor 1 drive mode correctly set to normal
2024-10-29 11:19:12,955 INFO: Motor 2 drive mode correctly set to normal
2024-10-29 11:19:12,955 INFO: Motor 3 drive mode correctly set to normal
2024-10-29 11:19:12,956 INFO: Set the right side whegs to reverse direction
2024-10-29 11:19:12,956 INFO: Disabling torque for group Pivot_Group
2024-10-29 11:19:12,957 INFO: Drive mode set for group Pivot_Group with reverse_direction=False
2024-10-29 11:19:12,957 INFO: Enabling torque for group Pivot_Group
2024-10-29 11:19:12,958 INFO: Setting the profile velocity for group Pivot_Group from config.yaml: 4
2024-10-29 11:19:12,959 INFO: Profile velocities set for group Pivot_Group: {7: 17.48, 8: 17.48}
2024-10-29 11:19:12,962 INFO: Motor 7 drive mode correctly set to normal
2024-10-29 11:19:12,963 INFO: Motor 8 drive mode correctly set to normal
2024-10-29 11:19:12,964 INFO: Position limits set for group Pivot_Group: min=45° (ticks=511), max=315° (ticks=3583)
2024-10-29 11:19:12,964 INFO: Set position limits for the pivot motors
2024-10-29 11:19:12,973 INFO: Initialising Gait 1
2024-10-29 11:19:12,973 INFO: Running set_position_group for group 'Wheg_Group' with positions: 180
2024-10-29 11:19:12,979 INFO: Running set_position_group for group 'Pivot_Group' with positions: 180
2024-10-29 11:19:12,983 INFO: Initialised Gait 1, waiting for 3 seconds
2024-10-29 11:19:12,983 ERROR: Error controlling pivots: 'dpad_down'
2024-10-29 11:19:16,016 INFO: Setting operating mode 'multi_turn' for group 'Wheg_Group'
2024-10-29 11:19:16,017 INFO: Disabling torque for group Wheg_Group
2024-10-29 11:19:16,020 INFO: Enabling torque for group Wheg_Group
2024-10-29 11:19:16,023 INFO: Setting the profile velocity for group Wheg_Group from config.yaml: 10
2024-10-29 11:19:16,027 INFO: Profile velocities set for group Wheg_Group: {1: 43.7, 2: 43.7, 3: 43.7, 4: 43.7, 5: 43.7, 6: 43.7}
2024-10-29 11:19:16,027 INFO: Setting the profile velocity for group Wheg_Group from config.yaml: 10
2024-10-29 11:19:16,029 INFO: Profile velocities set for group Wheg_Group: {1: 43.7, 2: 43.7, 3: 43.7, 4: 43.7, 5: 43.7, 6: 43.7}
2024-10-29 11:19:16,029 INFO: New gait 1 is now active.
2024-10-29 11:19:16,049 INFO: Profile velocities set for group Wheg_Group: {1: 21.85, 2: 21.85, 3: 21.85, 4: 21.85, 5: 21.85, 6: 21.85}
2024-10-29 11:19:16,049 INFO: Incrementing motor positions by 360 degrees for group 'Wheg_Group'
2024-10-29 11:19:16,060 INFO: Gait 1 step executed at 5.00RPM, wait for 12.00 seconds
2024-10-29 11:19:25,141 INFO: Share pressed. Reversing the direction of the whegs
2024-10-29 11:19:28,113 INFO: Profile velocities set for group Wheg_Group: {1: 43.7, 2: 43.7, 3: 43.7, 4: 43.7, 5: 43.7, 6: 43.7}
2024-10-29 11:19:28,113 INFO: Incrementing motor positions by 360 degrees for group 'Wheg_Group'
2024-10-29 11:19:28,124 INFO: Gait 1 step executed at 10.00RPM, wait for 6.00 seconds
2024-10-29 11:19:28,129 INFO: Disabling torque for group Wheg_Group
2024-10-29 11:19:28,131 INFO: Drive mode set for group Wheg_Group with reverse_direction={1: 1, 2: 1, 3: 1, 4: 0, 5: 0, 6: 0}
2024-10-29 11:19:28,131 INFO: Enabling torque for group Wheg_Group
2024-10-29 11:19:28,132 INFO: Setting the profile velocity for group Wheg_Group from config.yaml: 10
2024-10-29 11:19:28,133 INFO: Profile velocities set for group Wheg_Group: {1: 43.7, 2: 43.7, 3: 43.7, 4: 43.7, 5: 43.7, 6: 43.7}
2024-10-29 11:19:28,139 INFO: Motor 1 drive mode correctly set to reverse
2024-10-29 11:19:28,140 INFO: Motor 2 drive mode correctly set to reverse
2024-10-29 11:19:28,140 INFO: Motor 3 drive mode correctly set to reverse
2024-10-29 11:19:28,141 INFO: Motor 4 drive mode correctly set to normal
2024-10-29 11:19:28,141 INFO: Motor 5 drive mode correctly set to normal
2024-10-29 11:19:28,142 INFO: Motor 6 drive mode correctly set to normal
2024-10-29 11:19:28,142 INFO: Reversed the direction of all whegs, waiting for 3 seconds
2024-10-29 11:19:31,143 INFO: Direction of whegs reversed.
2024-10-29 11:19:37,193 INFO: Initialising Gait 1
2024-10-29 11:19:37,194 INFO: Running set_position_group for group 'Wheg_Group' with positions: 180
2024-10-29 11:19:37,199 WARNING: Motor 1 is not in Position Control Mode. Setting mode now.
2024-10-29 11:19:37,200 INFO: Setting operating mode 'position' for group 'Wheg_Group'
2024-10-29 11:19:37,200 INFO: Disabling torque for group Wheg_Group
2024-10-29 11:19:37,201 INFO: Enabling torque for group Wheg_Group
2024-10-29 11:19:37,202 INFO: Setting the profile velocity for group Wheg_Group from config.yaml: 10
2024-10-29 11:19:37,203 INFO: Profile velocities set for group Wheg_Group: {1: 43.7, 2: 43.7, 3: 43.7, 4: 43.7, 5: 43.7, 6: 43.7}
2024-10-29 11:19:37,203 INFO: Setting the profile velocity for group Wheg_Group from config.yaml: 10
2024-10-29 11:19:37,204 INFO: Profile velocities set for group Wheg_Group: {1: 43.7, 2: 43.7, 3: 43.7, 4: 43.7, 5: 43.7, 6: 43.7}
2024-10-29 11:19:37,205 INFO: Running set_position_group for group 'Pivot_Group' with positions: 180
2024-10-29 11:19:37,208 INFO: Initialised Gait 1, waiting for 3 seconds
2024-10-29 11:19:40,209 INFO: Setting operating mode 'multi_turn' for group 'Wheg_Group'
2024-10-29 11:19:40,209 INFO: Disabling torque for group Wheg_Group
2024-10-29 11:19:40,211 INFO: Enabling torque for group Wheg_Group
2024-10-29 11:19:40,211 INFO: Setting the profile velocity for group Wheg_Group from config.yaml: 10
2024-10-29 11:19:40,212 INFO: Profile velocities set for group Wheg_Group: {1: 43.7, 2: 43.7, 3: 43.7, 4: 43.7, 5: 43.7, 6: 43.7}
2024-10-29 11:19:40,213 INFO: Setting the profile velocity for group Wheg_Group from config.yaml: 10
2024-10-29 11:19:40,213 INFO: Profile velocities set for group Wheg_Group: {1: 43.7, 2: 43.7, 3: 43.7, 4: 43.7, 5: 43.7, 6: 43.7}
2024-10-29 11:19:40,214 INFO: New gait 1 is now active.
2024-10-29 11:19:40,250 ERROR: Bulk read failed with error: [TxRxResult] There is no status packet!
2024-10-29 11:19:40,272 ERROR: Error retrieving motor data: 'NoneType' object has no attribute 'keys'
2024-10-29 11:19:40,286 INFO: Profile velocities set for group Wheg_Group: {1: 21.85, 2: 21.85, 3: 21.85, 4: 21.85, 5: 21.85, 6: 21.85}
2024-10-29 11:19:40,286 INFO: Incrementing motor positions by 360 degrees for group 'Wheg_Group'
2024-10-29 11:19:40,297 INFO: Gait 1 step executed at 5.00RPM, wait for 12.00 seconds
2024-10-29 11:19:52,353 INFO: Profile velocities set for group Wheg_Group: {1: 43.7, 2: 43.7, 3: 43.7, 4: 43.7, 5: 43.7, 6: 43.7}
2024-10-29 11:19:52,353 INFO: Incrementing motor positions by 360 degrees for group 'Wheg_Group'
2024-10-29 11:19:52,364 INFO: Gait 1 step executed at 10.00RPM, wait for 6.00 seconds
2024-10-29 11:19:53,996 INFO: Share pressed. Reversing the direction of the whegs
2024-10-29 11:19:58,416 INFO: Profile velocities set for group Wheg_Group: {1: 65.55, 2: 65.55, 3: 65.55, 4: 65.55, 5: 65.55, 6: 65.55}
2024-10-29 11:19:58,417 INFO: Incrementing motor positions by 360 degrees for group 'Wheg_Group'
2024-10-29 11:19:58,428 INFO: Gait 1 step executed at 15.00RPM, wait for 4.00 seconds
2024-10-29 11:19:58,434 INFO: Disabling torque for group Wheg_Group
2024-10-29 11:19:58,435 INFO: Drive mode set for group Wheg_Group with reverse_direction={1: 0, 2: 0, 3: 0, 4: 1, 5: 1, 6: 1}
2024-10-29 11:19:58,435 INFO: Enabling torque for group Wheg_Group
2024-10-29 11:19:58,436 INFO: Setting the profile velocity for group Wheg_Group from config.yaml: 10
2024-10-29 11:19:58,437 INFO: Profile velocities set for group Wheg_Group: {1: 43.7, 2: 43.7, 3: 43.7, 4: 43.7, 5: 43.7, 6: 43.7}
2024-10-29 11:19:58,443 INFO: Motor 1 drive mode correctly set to normal
2024-10-29 11:19:58,444 INFO: Motor 2 drive mode correctly set to normal
2024-10-29 11:19:58,445 INFO: Motor 3 drive mode correctly set to normal
2024-10-29 11:19:58,445 INFO: Motor 4 drive mode correctly set to reverse
2024-10-29 11:19:58,446 INFO: Motor 5 drive mode correctly set to reverse
2024-10-29 11:19:58,446 INFO: Motor 6 drive mode correctly set to reverse
2024-10-29 11:19:58,447 INFO: Reversed the direction of all whegs, waiting for 3 seconds
2024-10-29 11:20:01,447 INFO: Direction of whegs reversed.
2024-10-29 11:20:05,467 INFO: Initialising Gait 1
2024-10-29 11:20:05,468 INFO: Running set_position_group for group 'Wheg_Group' with positions: 180
2024-10-29 11:20:05,473 WARNING: Motor 1 is not in Position Control Mode. Setting mode now.
2024-10-29 11:20:05,474 INFO: Setting operating mode 'position' for group 'Wheg_Group'
2024-10-29 11:20:05,474 INFO: Disabling torque for group Wheg_Group
2024-10-29 11:20:05,475 INFO: Enabling torque for group Wheg_Group
2024-10-29 11:20:05,475 INFO: Setting the profile velocity for group Wheg_Group from config.yaml: 10
2024-10-29 11:20:05,476 INFO: Profile velocities set for group Wheg_Group: {1: 43.7, 2: 43.7, 3: 43.7, 4: 43.7, 5: 43.7, 6: 43.7}
2024-10-29 11:20:05,477 INFO: Setting the profile velocity for group Wheg_Group from config.yaml: 10
2024-10-29 11:20:05,478 INFO: Profile velocities set for group Wheg_Group: {1: 43.7, 2: 43.7, 3: 43.7, 4: 43.7, 5: 43.7, 6: 43.7}
2024-10-29 11:20:05,479 INFO: Running set_position_group for group 'Pivot_Group' with positions: 180
2024-10-29 11:20:05,482 INFO: Initialised Gait 1, waiting for 3 seconds
2024-10-29 11:20:08,483 INFO: Setting operating mode 'multi_turn' for group 'Wheg_Group'
2024-10-29 11:20:08,484 INFO: Disabling torque for group Wheg_Group
2024-10-29 11:20:08,486 INFO: Enabling torque for group Wheg_Group
2024-10-29 11:20:08,487 INFO: Setting the profile velocity for group Wheg_Group from config.yaml: 10
2024-10-29 11:20:08,489 INFO: Profile velocities set for group Wheg_Group: {1: 43.7, 2: 43.7, 3: 43.7, 4: 43.7, 5: 43.7, 6: 43.7}
2024-10-29 11:20:08,490 INFO: Setting the profile velocity for group Wheg_Group from config.yaml: 10
2024-10-29 11:20:08,491 INFO: Profile velocities set for group Wheg_Group: {1: 43.7, 2: 43.7, 3: 43.7, 4: 43.7, 5: 43.7, 6: 43.7}
2024-10-29 11:20:08,491 INFO: New gait 1 is now active.
2024-10-29 11:20:08,553 INFO: Profile velocities set for group Wheg_Group: {1: 21.85, 2: 21.85, 3: 21.85, 4: 21.85, 5: 21.85, 6: 21.85}
2024-10-29 11:20:08,553 INFO: Incrementing motor positions by 360 degrees for group 'Wheg_Group'
2024-10-29 11:20:08,564 INFO: Gait 1 step executed at 5.00RPM, wait for 12.00 seconds
2024-10-29 11:20:11,190 INFO: Triangle pressed. Preparing to change to next gait: 2
2024-10-29 11:20:20,583 INFO: Initialising Gait 2
2024-10-29 11:20:20,583 INFO: Running set_position_group for group 'Wheg_Group' with positions: {1: 160, 2: 200, 3: 160, 4: 200, 5: 160, 6: 200}
2024-10-29 11:20:20,589 WARNING: Motor 1 is not in Position Control Mode. Setting mode now.
2024-10-29 11:20:20,590 INFO: Setting operating mode 'position' for group 'Wheg_Group'
2024-10-29 11:20:20,590 INFO: Disabling torque for group Wheg_Group
2024-10-29 11:20:20,591 INFO: Enabling torque for group Wheg_Group
2024-10-29 11:20:20,592 INFO: Setting the profile velocity for group Wheg_Group from config.yaml: 10
2024-10-29 11:20:20,592 INFO: Profile velocities set for group Wheg_Group: {1: 43.7, 2: 43.7, 3: 43.7, 4: 43.7, 5: 43.7, 6: 43.7}
2024-10-29 11:20:20,593 INFO: Setting the profile velocity for group Wheg_Group from config.yaml: 10
2024-10-29 11:20:20,594 INFO: Profile velocities set for group Wheg_Group: {1: 43.7, 2: 43.7, 3: 43.7, 4: 43.7, 5: 43.7, 6: 43.7}
2024-10-29 11:20:20,595 INFO: Running set_position_group for group 'Pivot_Group' with positions: 180
2024-10-29 11:20:20,598 INFO: Initialised Gait 2, waiting for 3 seconds
2024-10-29 11:20:23,636 INFO: Setting operating mode 'multi_turn' for group 'Wheg_Group'
2024-10-29 11:20:23,637 INFO: Disabling torque for group Wheg_Group
2024-10-29 11:20:23,639 INFO: Enabling torque for group Wheg_Group
2024-10-29 11:20:23,641 INFO: Setting the profile velocity for group Wheg_Group from config.yaml: 10
2024-10-29 11:20:23,641 INFO: Profile velocities set for group Wheg_Group: {1: 43.7, 2: 43.7, 3: 43.7, 4: 43.7, 5: 43.7, 6: 43.7}
2024-10-29 11:20:23,642 INFO: Setting the profile velocity for group Wheg_Group from config.yaml: 10
2024-10-29 11:20:23,643 INFO: Profile velocities set for group Wheg_Group: {1: 43.7, 2: 43.7, 3: 43.7, 4: 43.7, 5: 43.7, 6: 43.7}
2024-10-29 11:20:23,643 INFO: New gait 2 is now active.
2024-10-29 11:20:23,666 INFO: Profile velocities set for group Wheg_Group: {1: 8.74, 2: 69.92, 3: 8.74, 4: 69.92, 5: 8.74, 6: 69.92}
2024-10-29 11:20:23,667 INFO: Incrementing motor positions by {1: 40, 2: 320, 3: 40, 4: 320, 5: 40, 6: 320} degrees for group 'Wheg_Group'
2024-10-29 11:20:23,677 INFO: Gait 2 step executed at 2.00RPM, wait for 3.36 seconds
2024-10-29 11:20:27,060 INFO: Profile velocities set for group Wheg_Group: {1: 104.88, 2: 13.11, 3: 104.88, 4: 13.11, 5: 104.88, 6: 13.11}
2024-10-29 11:20:27,061 INFO: Incrementing motor positions by {1: 320, 2: 40, 3: 320, 4: 40, 5: 320, 6: 40} degrees for group 'Wheg_Group'
2024-10-29 11:20:27,071 INFO: Gait 2 step executed at 3.00RPM, wait for 2.25 seconds
2024-10-29 11:20:29,390 INFO: Profile velocities set for group Wheg_Group: {1: 17.479866638183594, 2: 139.83893310546875, 3: 17.479866638183594, 4: 139.83893310546875, 5: 17.479866638183594, 6: 139.83893310546875}
2024-10-29 11:20:29,391 INFO: Incrementing motor positions by {1: 40, 2: 320, 3: 40, 4: 320, 5: 40, 6: 320} degrees for group 'Wheg_Group'
2024-10-29 11:20:29,401 INFO: Gait 2 step executed at 4.00RPM, wait for 1.69 seconds
2024-10-29 11:20:31,153 INFO: Profile velocities set for group Wheg_Group: {1: 139.83893310546875, 2: 17.479866638183594, 3: 139.83893310546875, 4: 17.479866638183594, 5: 139.83893310546875, 6: 17.479866638183594}
2024-10-29 11:20:31,153 INFO: Incrementing motor positions by {1: 320, 2: 40, 3: 320, 4: 40, 5: 320, 6: 40} degrees for group 'Wheg_Group'
2024-10-29 11:20:31,164 INFO: Gait 2 step executed at 4.00RPM, wait for 1.69 seconds
2024-10-29 11:20:32,781 INFO: Triangle pressed. Preparing to change to next gait: 3
2024-10-29 11:20:32,899 INFO: Initialsing Gait 3
2024-10-29 11:20:32,900 INFO: Running set_position_group for group 'Wheg_Group' with positions: {1: 200, 2: 160, 3: 160, 4: 200, 5: 160, 6: 160}
2024-10-29 11:20:32,905 WARNING: Motor 1 is not in Position Control Mode. Setting mode now.
2024-10-29 11:20:32,905 INFO: Setting operating mode 'position' for group 'Wheg_Group'
2024-10-29 11:20:32,906 INFO: Disabling torque for group Wheg_Group
2024-10-29 11:20:32,907 INFO: Enabling torque for group Wheg_Group
2024-10-29 11:20:32,908 INFO: Setting the profile velocity for group Wheg_Group from config.yaml: 10
2024-10-29 11:20:32,909 INFO: Profile velocities set for group Wheg_Group: {1: 43.7, 2: 43.7, 3: 43.7, 4: 43.7, 5: 43.7, 6: 43.7}
2024-10-29 11:20:32,909 INFO: Setting the profile velocity for group Wheg_Group from config.yaml: 10
2024-10-29 11:20:32,910 INFO: Profile velocities set for group Wheg_Group: {1: 43.7, 2: 43.7, 3: 43.7, 4: 43.7, 5: 43.7, 6: 43.7}
2024-10-29 11:20:32,911 INFO: Running set_position_group for group 'Pivot_Group' with positions: 180
2024-10-29 11:20:32,914 INFO: Initialised Gait 3, waiting for 3 seconds
2024-10-29 11:20:35,915 INFO: Setting operating mode 'multi_turn' for group 'Wheg_Group'
2024-10-29 11:20:35,916 INFO: Disabling torque for group Wheg_Group
2024-10-29 11:20:35,917 INFO: Enabling torque for group Wheg_Group
2024-10-29 11:20:35,918 INFO: Setting the profile velocity for group Wheg_Group from config.yaml: 10
2024-10-29 11:20:35,918 INFO: Profile velocities set for group Wheg_Group: {1: 43.7, 2: 43.7, 3: 43.7, 4: 43.7, 5: 43.7, 6: 43.7}
2024-10-29 11:20:35,919 INFO: Setting the profile velocity for group Wheg_Group from config.yaml: 10
2024-10-29 11:20:35,919 INFO: Profile velocities set for group Wheg_Group: {1: 43.7, 2: 43.7, 3: 43.7, 4: 43.7, 5: 43.7, 6: 43.7}
2024-10-29 11:20:35,920 INFO: New gait 3 is now active.
2024-10-29 11:20:35,943 INFO: Profile velocities set for group Wheg_Group: {1: 43.7, 2: 43.7, 3: 43.7, 4: 43.7, 5: 43.7, 6: 43.7}
2024-10-29 11:20:35,943 INFO: Incrementing motor positions by {1: 320, 2: 40, 3: 0, 4: 320, 5: 40, 6: 0} degrees for group 'Wheg_Group'
2024-10-29 11:20:35,954 INFO: Gait 3 step executed at 10.00 RPM, wait for 5.36 seconds
2024-10-29 11:20:41,383 INFO: Profile velocities set for group Wheg_Group: {1: 61.18, 2: 61.18, 3: 61.18, 4: 61.18, 5: 61.18, 6: 61.18}
2024-10-29 11:20:41,384 INFO: Incrementing motor positions by {1: 0, 2: 320, 3: 40, 4: 0, 5: 320, 6: 40} degrees for group 'Wheg_Group'
2024-10-29 11:20:41,395 INFO: Gait 3 step executed at 14.00 RPM, wait for 3.83 seconds
2024-10-29 11:20:45,253 INFO: Profile velocities set for group Wheg_Group: {1: 78.66, 2: 78.66, 3: 78.66, 4: 78.66, 5: 78.66, 6: 78.66}
2024-10-29 11:20:45,253 INFO: Incrementing motor positions by {1: 40, 2: 0, 3: 320, 4: 40, 5: 0, 6: 320} degrees for group 'Wheg_Group'
2024-10-29 11:20:45,264 INFO: Gait 3 step executed at 18.00 RPM, wait for 2.99 seconds
2024-10-29 11:20:48,276 INFO: Profile velocities set for group Wheg_Group: {1: 96.14, 2: 96.14, 3: 96.14, 4: 96.14, 5: 96.14, 6: 96.14}
2024-10-29 11:20:48,277 INFO: Incrementing motor positions by {1: 320, 2: 40, 3: 0, 4: 320, 5: 40, 6: 0} degrees for group 'Wheg_Group'
2024-10-29 11:20:48,287 INFO: Gait 3 step executed at 22.00 RPM, wait for 2.45 seconds
2024-10-29 11:20:50,761 INFO: Profile velocities set for group Wheg_Group: {1: 113.62, 2: 113.62, 3: 113.62, 4: 113.62, 5: 113.62, 6: 113.62}
2024-10-29 11:20:50,762 INFO: Incrementing motor positions by {1: 0, 2: 320, 3: 40, 4: 0, 5: 320, 6: 40} degrees for group 'Wheg_Group'
2024-10-29 11:20:50,772 INFO: Gait 3 step executed at 26.00 RPM, wait for 2.08 seconds
2024-10-29 11:20:52,902 INFO: Profile velocities set for group Wheg_Group: {1: 131.1, 2: 131.1, 3: 131.1, 4: 131.1, 5: 131.1, 6: 131.1}
2024-10-29 11:20:52,903 INFO: Incrementing motor positions by {1: 40, 2: 0, 3: 320, 4: 40, 5: 0, 6: 320} degrees for group 'Wheg_Group'
2024-10-29 11:20:52,914 INFO: Gait 3 step executed at 30.00 RPM, wait for 1.80 seconds
2024-10-29 11:20:54,776 INFO: Profile velocities set for group Wheg_Group: {1: 148.58, 2: 148.58, 3: 148.58, 4: 148.58, 5: 148.58, 6: 148.58}
2024-10-29 11:20:54,777 INFO: Incrementing motor positions by {1: 320, 2: 40, 3: 0, 4: 320, 5: 40, 6: 0} degrees for group 'Wheg_Group'
2024-10-29 11:20:54,788 INFO: Gait 3 step executed at 34.00 RPM, wait for 1.59 seconds
2024-10-29 11:20:56,406 INFO: Profile velocities set for group Wheg_Group: {1: 166.06, 2: 166.06, 3: 166.06, 4: 166.06, 5: 166.06, 6: 166.06}
2024-10-29 11:20:56,406 INFO: Incrementing motor positions by {1: 0, 2: 320, 3: 40, 4: 0, 5: 320, 6: 40} degrees for group 'Wheg_Group'
2024-10-29 11:20:56,417 INFO: Gait 3 step executed at 38.00 RPM, wait for 1.43 seconds
2024-10-29 11:20:57,887 INFO: Profile velocities set for group Wheg_Group: {1: 174.79799957275392, 2: 174.79799957275392, 3: 174.79799957275392, 4: 174.79799957275392, 5: 174.79799957275392, 6: 174.79799957275392}
2024-10-29 11:20:57,887 INFO: Incrementing motor positions by {1: 40, 2: 0, 3: 320, 4: 40, 5: 0, 6: 320} degrees for group 'Wheg_Group'
2024-10-29 11:20:57,898 INFO: Gait 3 step executed at 40.00 RPM, wait for 1.36 seconds
2024-10-29 11:20:59,281 INFO: Profile velocities set for group Wheg_Group: {1: 174.79799957275392, 2: 174.79799957275392, 3: 174.79799957275392, 4: 174.79799957275392, 5: 174.79799957275392, 6: 174.79799957275392}
2024-10-29 11:20:59,281 INFO: Incrementing motor positions by {1: 320, 2: 40, 3: 0, 4: 320, 5: 40, 6: 0} degrees for group 'Wheg_Group'
2024-10-29 11:20:59,292 INFO: Gait 3 step executed at 40.00 RPM, wait for 1.36 seconds
2024-10-29 11:21:00,049 INFO: Triangle pressed. Preparing to change to next gait: 1
2024-10-29 11:21:00,149 INFO: Triangle pressed. Preparing to change to next gait: 1
2024-10-29 11:21:00,674 INFO: Initialising Gait 1
2024-10-29 11:21:00,674 INFO: Running set_position_group for group 'Wheg_Group' with positions: 180
2024-10-29 11:21:00,680 WARNING: Motor 1 is not in Position Control Mode. Setting mode now.
2024-10-29 11:21:00,681 INFO: Setting operating mode 'position' for group 'Wheg_Group'
2024-10-29 11:21:00,681 INFO: Disabling torque for group Wheg_Group
2024-10-29 11:21:00,683 INFO: Enabling torque for group Wheg_Group
2024-10-29 11:21:00,683 INFO: Setting the profile velocity for group Wheg_Group from config.yaml: 10
2024-10-29 11:21:00,684 INFO: Profile velocities set for group Wheg_Group: {1: 43.7, 2: 43.7, 3: 43.7, 4: 43.7, 5: 43.7, 6: 43.7}
2024-10-29 11:21:00,685 INFO: Setting the profile velocity for group Wheg_Group from config.yaml: 10
2024-10-29 11:21:00,686 INFO: Profile velocities set for group Wheg_Group: {1: 43.7, 2: 43.7, 3: 43.7, 4: 43.7, 5: 43.7, 6: 43.7}
2024-10-29 11:21:00,687 INFO: Running set_position_group for group 'Pivot_Group' with positions: 180
2024-10-29 11:21:00,691 INFO: Initialised Gait 1, waiting for 3 seconds
2024-10-29 11:21:02,941 INFO: R3 pressed. Turning mode deactivating
2024-10-29 11:21:03,042 INFO: R3 pressed. Turning mode deactivating
2024-10-29 11:21:03,741 INFO: Setting operating mode 'multi_turn' for group 'Wheg_Group'
2024-10-29 11:21:03,742 INFO: Disabling torque for group Wheg_Group
2024-10-29 11:21:03,744 INFO: Enabling torque for group Wheg_Group
2024-10-29 11:21:03,747 INFO: Setting the profile velocity for group Wheg_Group from config.yaml: 10
2024-10-29 11:21:03,748 INFO: Profile velocities set for group Wheg_Group: {1: 43.7, 2: 43.7, 3: 43.7, 4: 43.7, 5: 43.7, 6: 43.7}
2024-10-29 11:21:03,749 INFO: Setting the profile velocity for group Wheg_Group from config.yaml: 10
2024-10-29 11:21:03,750 INFO: Profile velocities set for group Wheg_Group: {1: 43.7, 2: 43.7, 3: 43.7, 4: 43.7, 5: 43.7, 6: 43.7}
2024-10-29 11:21:03,750 INFO: New gait 1 is now active.
2024-10-29 11:21:08,909 INFO: R3 pressed. Turning mode deactivating
2024-10-29 11:21:19,617 INFO: Profile velocities set for group Wheg_Group: {1: 43.7, 2: 43.7, 3: 43.7, 4: 43.7, 5: 43.7, 6: 43.7}
2024-10-29 11:21:19,618 INFO: Incrementing motor positions by 360 degrees for group 'Wheg_Group'
2024-10-29 11:21:19,628 INFO: Gait 1 step executed at 10.00RPM, wait for 6.00 seconds
2024-10-29 11:21:24,532 INFO: R3 pressed. Turning mode deactivating
2024-10-29 11:21:24,634 INFO: R3 pressed. Turning mode deactivating
2024-10-29 11:21:36,615 INFO: Initiating safe shutdown...
2024-10-29 11:21:36,616 INFO: Setting operating mode 'velocity' for group 'All_Motors'
2024-10-29 11:21:36,616 INFO: Disabling torque for group All_Motors
2024-10-29 11:21:36,618 INFO: Enabling torque for group All_Motors
2024-10-29 11:21:36,618 INFO: Setting the profile velocity for group All_Motors from config.yaml: 8
2024-10-29 11:21:36,619 INFO: Profile velocities set for group All_Motors: {1: 34.96, 2: 34.96, 3: 34.96, 4: 34.96, 5: 34.96, 6: 34.96, 7: 34.96, 8: 34.96}
2024-10-29 11:21:36,619 WARNING: Velocity limit 200 exceeds hard limit 100. Limiting to 100.
2024-10-29 11:21:36,620 INFO: Velocity limit set to 100 for group All_Motors
2024-10-29 11:21:36,620 INFO: Enabling torque for group All_Motors
2024-10-29 11:21:36,621 INFO: Setting the profile velocity for group All_Motors from config.yaml: 8
2024-10-29 11:21:36,622 INFO: Profile velocities set for group All_Motors: {1: 34.96, 2: 34.96, 3: 34.96, 4: 34.96, 5: 34.96, 6: 34.96, 7: 34.96, 8: 34.96}
2024-10-29 11:21:36,623 INFO: Target velocities set for group All_Motors: {1: 0, 2: 0, 3: 0, 4: 0, 5: 0, 6: 0, 7: 0, 8: 0}
2024-10-29 11:21:36,623 INFO: Running set_position_group for group 'All_Motors' with positions: 180
2024-10-29 11:21:36,631 WARNING: Motor 1 is not in Position Control Mode. Setting mode now.
2024-10-29 11:21:36,631 INFO: Setting operating mode 'position' for group 'All_Motors'
2024-10-29 11:21:36,632 INFO: Disabling torque for group All_Motors
2024-10-29 11:21:36,632 INFO: Enabling torque for group All_Motors
2024-10-29 11:21:36,633 INFO: Setting the profile velocity for group All_Motors from config.yaml: 8
2024-10-29 11:21:36,634 INFO: Profile velocities set for group All_Motors: {1: 34.96, 2: 34.96, 3: 34.96, 4: 34.96, 5: 34.96, 6: 34.96, 7: 34.96, 8: 34.96}
2024-10-29 11:21:36,634 INFO: Setting the profile velocity for group All_Motors from config.yaml: 8
2024-10-29 11:21:36,635 INFO: Profile velocities set for group All_Motors: {1: 34.96, 2: 34.96, 3: 34.96, 4: 34.96, 5: 34.96, 6: 34.96, 7: 34.96, 8: 34.96}
2024-10-29 11:21:36,636 INFO: Closing PS4Controller and quitting pygame
2024-10-29 11:21:36,724 INFO: Port closed successfully.
2024-10-29 11:21:36,724 INFO: Shutdown complete.
2024-10-29 11:21:36,725 ERROR: Error checking hardware errors: Attempting to use a port that is not open
