2025-04-02 11:33:38,356 INFO: Initializing PS4Controller
2025-04-02 11:33:38,948 INFO: Configuration loaded successfully
2025-04-02 11:33:38,951 INFO: Port /dev/ttyACM0 opened successfully
2025-04-02 11:33:38,961 INFO: Baudrate set to 1000000
2025-04-02 11:33:38,962 INFO: Control table loaded successfully.
2025-04-02 11:33:38,962 INFO: Motor group 'Pivot_Group' created with motors: [7, 8]
2025-04-02 11:33:38,963 INFO: Motor group 'Wheg_Group' created with motors: [1, 2, 3, 4, 5, 6]
2025-04-02 11:33:38,963 INFO: Motor group 'All_Motors' created with motors: [1, 2, 3, 4, 5, 6, 7, 8]
2025-04-02 11:33:38,964 INFO: Motor group 'Left_Whegs' created with motors: [1, 2, 3]
2025-04-02 11:33:38,964 INFO: Motor group 'Right_Whegs' created with motors: [4, 5, 6]
2025-04-02 11:33:38,964 INFO: Motor group 'Front_Whegs' created with motors: [3, 6]
2025-04-02 11:33:38,965 INFO: Motor group 'Rear_Whegs' created with motors: [1, 4]
2025-04-02 11:33:38,965 INFO: Motor group 'Middle_Whegs' created with motors: [2, 5]
2025-04-02 11:33:38,966 INFO: Motor group 'Two_Right_One_Left' created with motors: [2, 4, 6]
2025-04-02 11:33:38,966 INFO: Motor group 'Two_Left_One_Right' created with motors: [5, 1, 3]
2025-04-02 11:33:38,966 INFO: Initialised PS4 controller, Dynamixel, and Robot State
2025-04-02 11:33:38,967 INFO: Disabling torque for group Right_Whegs
2025-04-02 11:33:38,968 INFO: Drive mode set for group Right_Whegs with reverse_direction=True
2025-04-02 11:33:38,969 INFO: Enabling torque for group Right_Whegs
2025-04-02 11:33:38,970 INFO: Setting the profile velocity for group Right_Whegs from config.yaml: None
2025-04-02 11:33:38,970 ERROR: Profile velocity for group Right_Whegs not found in config.yaml and no value was provided.
2025-04-02 11:33:38,971 INFO: Disabling torque for group Left_Whegs
2025-04-02 11:33:38,972 INFO: Drive mode set for group Left_Whegs with reverse_direction=False
2025-04-02 11:33:38,972 INFO: Enabling torque for group Left_Whegs
2025-04-02 11:33:38,973 INFO: Setting the profile velocity for group Left_Whegs from config.yaml: None
2025-04-02 11:33:38,974 ERROR: Profile velocity for group Left_Whegs not found in config.yaml and no value was provided.
2025-04-02 11:33:38,974 INFO: Set the right side whegs to reverse direction
2025-04-02 11:33:38,974 INFO: Disabling torque for group Pivot_Group
2025-04-02 11:33:38,975 INFO: Drive mode set for group Pivot_Group with reverse_direction=False
2025-04-02 11:33:38,976 INFO: Enabling torque for group Pivot_Group
2025-04-02 11:33:38,977 INFO: Setting the profile velocity for group Pivot_Group from config.yaml: 4
2025-04-02 11:33:38,978 INFO: Profile velocities set for group Pivot_Group: {7: 17.48, 8: 17.48}
2025-04-02 11:33:38,979 INFO: Position limits set for group Pivot_Group: min=45° (ticks=511), max=315° (ticks=3583)
2025-04-02 11:33:38,981 INFO: Set position limits for the pivot motors
2025-04-02 11:33:39,130 INFO: Initialising Gait 1
2025-04-02 11:33:39,130 INFO: Running set_position_group for group 'Wheg_Group' with positions: 180
2025-04-02 11:33:39,136 INFO: Running set_position_group for group 'Pivot_Group' with positions: 180
2025-04-02 11:33:39,141 INFO: Initialised Gait 1, waiting for 3 seconds
2025-04-02 11:33:39,142 ERROR: Error controlling pivots: 'dpad_down'
2025-04-02 11:33:42,148 INFO: Setting operating mode 'multi_turn' for group 'Wheg_Group'
2025-04-02 11:33:42,149 INFO: Disabling torque for group Wheg_Group
2025-04-02 11:33:42,154 INFO: Enabling torque for group Wheg_Group
2025-04-02 11:33:42,156 INFO: Setting the profile velocity for group Wheg_Group from config.yaml: 10
2025-04-02 11:33:42,160 INFO: Profile velocities set for group Wheg_Group: {1: 43.7, 2: 43.7, 3: 43.7, 4: 43.7, 5: 43.7, 6: 43.7}
2025-04-02 11:33:42,163 INFO: Setting the profile velocity for group Wheg_Group from config.yaml: 10
2025-04-02 11:33:42,166 INFO: Profile velocities set for group Wheg_Group: {1: 43.7, 2: 43.7, 3: 43.7, 4: 43.7, 5: 43.7, 6: 43.7}
2025-04-02 11:33:42,167 INFO: New gait 1 is now active.
2025-04-02 11:36:14,627 INFO: Initiating safe shutdown...
2025-04-02 11:36:14,629 INFO: Setting operating mode 'velocity' for group 'All_Motors'
2025-04-02 11:36:14,630 INFO: Disabling torque for group All_Motors
2025-04-02 11:36:14,633 INFO: Enabling torque for group All_Motors
2025-04-02 11:36:14,638 INFO: Setting the profile velocity for group All_Motors from config.yaml: 8
2025-04-02 11:36:14,649 INFO: Profile velocities set for group All_Motors: {1: 34.96, 2: 34.96, 3: 34.96, 4: 34.96, 5: 34.96, 6: 34.96, 7: 34.96, 8: 34.96}
2025-04-02 11:36:14,652 WARNING: Velocity limit 200 exceeds hard limit 100. Limiting to 100.
2025-04-02 11:36:14,661 INFO: Velocity limit set to 100 for group All_Motors
2025-04-02 11:36:14,662 INFO: Enabling torque for group All_Motors
2025-04-02 11:36:14,669 INFO: Setting the profile velocity for group All_Motors from config.yaml: 8
2025-04-02 11:36:14,673 INFO: Profile velocities set for group All_Motors: {1: 34.96, 2: 34.96, 3: 34.96, 4: 34.96, 5: 34.96, 6: 34.96, 7: 34.96, 8: 34.96}
2025-04-02 11:36:14,686 INFO: Target velocities set for group All_Motors: {1: 0, 2: 0, 3: 0, 4: 0, 5: 0, 6: 0, 7: 0, 8: 0}
2025-04-02 11:36:14,688 INFO: Running set_position_group for group 'All_Motors' with positions: 180
2025-04-02 11:36:14,707 WARNING: Motor 1 is not in Position Control Mode. Setting mode now.
2025-04-02 11:36:14,708 INFO: Setting operating mode 'position' for group 'All_Motors'
2025-04-02 11:36:14,713 INFO: Disabling torque for group All_Motors
2025-04-02 11:36:14,721 INFO: Enabling torque for group All_Motors
2025-04-02 11:36:14,728 INFO: Setting the profile velocity for group All_Motors from config.yaml: 8
2025-04-02 11:36:14,735 INFO: Profile velocities set for group All_Motors: {1: 34.96, 2: 34.96, 3: 34.96, 4: 34.96, 5: 34.96, 6: 34.96, 7: 34.96, 8: 34.96}
2025-04-02 11:36:14,736 INFO: Setting the profile velocity for group All_Motors from config.yaml: 8
2025-04-02 11:36:14,744 INFO: Profile velocities set for group All_Motors: {1: 34.96, 2: 34.96, 3: 34.96, 4: 34.96, 5: 34.96, 6: 34.96, 7: 34.96, 8: 34.96}
2025-04-02 11:36:14,747 INFO: Closing PS4Controller and quitting pygame
2025-04-02 11:36:14,844 INFO: Port closed successfully.
2025-04-02 11:36:14,845 INFO: Shutdown complete.
2025-04-02 11:36:14,846 ERROR: Error checking hardware errors: Attempting to use a port that is not open
