2024-10-30 12:28:51,134 INFO: Initializing PS4Controller
2024-10-30 12:28:51,410 INFO: Configuration loaded successfully
2024-10-30 12:28:51,414 INFO: Port /dev/ttyACM0 opened successfully
2024-10-30 12:28:51,424 INFO: Baudrate set to 1000000
2024-10-30 12:28:51,424 INFO: Control table loaded successfully.
2024-10-30 12:28:51,425 INFO: Motor group 'Pivot_Group' created with motors: [7, 8]
2024-10-30 12:28:51,426 INFO: Motor group 'Wheg_Group' created with motors: [1, 2, 3, 4, 5, 6]
2024-10-30 12:28:51,426 INFO: Motor group 'All_Motors' created with motors: [1, 2, 3, 4, 5, 6, 7, 8]
2024-10-30 12:28:51,427 INFO: Motor group 'Left_Whegs' created with motors: [1, 2, 3]
2024-10-30 12:28:51,427 INFO: Motor group 'Right_Whegs' created with motors: [4, 5, 6]
2024-10-30 12:28:51,428 INFO: Motor group 'Front_Whegs' created with motors: [3, 6]
2024-10-30 12:28:51,428 INFO: Motor group 'Rear_Whegs' created with motors: [1, 4]
2024-10-30 12:28:51,429 INFO: Motor group 'Middle_Whegs' created with motors: [2, 5]
2024-10-30 12:28:51,429 INFO: Motor group 'Two_Right_One_Left' created with motors: [2, 4, 6]
2024-10-30 12:28:51,429 INFO: Motor group 'Two_Left_One_Right' created with motors: [5, 1, 3]
2024-10-30 12:28:51,430 INFO: Initialised PS4 controller, Dynamixel, and Robot State
2024-10-30 12:28:51,588 INFO: Disabling torque for group Right_Whegs
2024-10-30 12:28:51,591 INFO: Drive mode set for group Right_Whegs with reverse_direction=True
2024-10-30 12:28:51,591 INFO: Enabling torque for group Right_Whegs
2024-10-30 12:28:51,594 INFO: Setting the profile velocity for group Right_Whegs from config.yaml: None
2024-10-30 12:28:51,595 ERROR: Profile velocity for group Right_Whegs not found in config.yaml and no value was provided.
2024-10-30 12:28:51,596 INFO: Profile velocities set for group Right_Whegs: {4: 21.85, 5: 21.85, 6: 21.85}
2024-10-30 12:28:51,597 INFO: Disabling torque for group Left_Whegs
2024-10-30 12:28:51,598 INFO: Drive mode set for group Left_Whegs with reverse_direction=False
2024-10-30 12:28:51,598 INFO: Enabling torque for group Left_Whegs
2024-10-30 12:28:51,599 INFO: Setting the profile velocity for group Left_Whegs from config.yaml: None
2024-10-30 12:28:51,599 ERROR: Profile velocity for group Left_Whegs not found in config.yaml and no value was provided.
2024-10-30 12:28:51,600 INFO: Profile velocities set for group Left_Whegs: {1: 21.85, 2: 21.85, 3: 21.85}
2024-10-30 12:28:51,601 INFO: Set the right side whegs to reverse direction
2024-10-30 12:28:51,601 INFO: Disabling torque for group Pivot_Group
2024-10-30 12:28:51,602 INFO: Drive mode set for group Pivot_Group with reverse_direction=False
2024-10-30 12:28:51,602 INFO: Enabling torque for group Pivot_Group
2024-10-30 12:28:51,603 INFO: Setting the profile velocity for group Pivot_Group from config.yaml: 4
2024-10-30 12:28:51,604 INFO: Profile velocities set for group Pivot_Group: {7: 17.48, 8: 17.48}
2024-10-30 12:28:51,604 INFO: Position limits set for group Pivot_Group: min=45° (ticks=511), max=315° (ticks=3583)
2024-10-30 12:28:51,605 INFO: Set position limits for the pivot motors
2024-10-30 12:28:51,615 INFO: Initialising Gait 1
2024-10-30 12:28:51,616 INFO: Running set_position_group for group 'Wheg_Group' with positions: 180
2024-10-30 12:28:51,621 INFO: Running set_position_group for group 'Pivot_Group' with positions: 180
2024-10-30 12:28:51,625 INFO: Initialised Gait 1, waiting for 3 seconds
2024-10-30 12:28:51,625 ERROR: Error controlling pivots: 'dpad_down'
2024-10-30 12:28:54,626 INFO: Setting operating mode 'multi_turn' for group 'Wheg_Group'
2024-10-30 12:28:54,626 INFO: Disabling torque for group Wheg_Group
2024-10-30 12:28:54,627 INFO: Enabling torque for group Wheg_Group
2024-10-30 12:28:54,628 INFO: Setting the profile velocity for group Wheg_Group from config.yaml: 10
2024-10-30 12:28:54,629 INFO: Profile velocities set for group Wheg_Group: {1: 43.7, 2: 43.7, 3: 43.7, 4: 43.7, 5: 43.7, 6: 43.7}
2024-10-30 12:28:54,629 INFO: Setting the profile velocity for group Wheg_Group from config.yaml: 10
2024-10-30 12:28:54,630 INFO: Profile velocities set for group Wheg_Group: {1: 43.7, 2: 43.7, 3: 43.7, 4: 43.7, 5: 43.7, 6: 43.7}
2024-10-30 12:28:54,630 INFO: New gait 1 is now active.
2024-10-30 12:29:05,402 INFO: Triangle pressed. Preparing to change to next gait: 2
2024-10-30 12:29:05,412 INFO: Initialising Gait 2
2024-10-30 12:29:05,413 INFO: Running set_position_group for group 'Wheg_Group' with positions: {1: 160, 2: 200, 3: 160, 4: 200, 5: 160, 6: 200}
2024-10-30 12:29:05,418 WARNING: Motor 1 is not in Position Control Mode. Setting mode now.
2024-10-30 12:29:05,419 INFO: Setting operating mode 'position' for group 'Wheg_Group'
2024-10-30 12:29:05,419 INFO: Disabling torque for group Wheg_Group
2024-10-30 12:29:05,420 INFO: Enabling torque for group Wheg_Group
2024-10-30 12:29:05,422 INFO: Setting the profile velocity for group Wheg_Group from config.yaml: 10
2024-10-30 12:29:05,422 INFO: Profile velocities set for group Wheg_Group: {1: 43.7, 2: 43.7, 3: 43.7, 4: 43.7, 5: 43.7, 6: 43.7}
2024-10-30 12:29:05,423 INFO: Setting the profile velocity for group Wheg_Group from config.yaml: 10
2024-10-30 12:29:05,424 INFO: Profile velocities set for group Wheg_Group: {1: 43.7, 2: 43.7, 3: 43.7, 4: 43.7, 5: 43.7, 6: 43.7}
2024-10-30 12:29:05,424 INFO: Running set_position_group for group 'Pivot_Group' with positions: 180
2024-10-30 12:29:05,428 INFO: Initialised Gait 2, waiting for 3 seconds
2024-10-30 12:29:05,580 INFO: Triangle pressed. Preparing to change to next gait: 2
2024-10-30 12:29:07,706 INFO: Share pressed. Reversing the direction of the whegs
2024-10-30 12:29:07,886 INFO: Share pressed. Reversing the direction of the whegs
2024-10-30 12:29:08,430 INFO: Setting operating mode 'multi_turn' for group 'Wheg_Group'
2024-10-30 12:29:08,430 INFO: Disabling torque for group Wheg_Group
2024-10-30 12:29:08,432 INFO: Enabling torque for group Wheg_Group
2024-10-30 12:29:08,432 INFO: Setting the profile velocity for group Wheg_Group from config.yaml: 10
2024-10-30 12:29:08,433 INFO: Profile velocities set for group Wheg_Group: {1: 43.7, 2: 43.7, 3: 43.7, 4: 43.7, 5: 43.7, 6: 43.7}
2024-10-30 12:29:08,434 INFO: Setting the profile velocity for group Wheg_Group from config.yaml: 10
2024-10-30 12:29:08,435 INFO: Profile velocities set for group Wheg_Group: {1: 43.7, 2: 43.7, 3: 43.7, 4: 43.7, 5: 43.7, 6: 43.7}
2024-10-30 12:29:08,435 INFO: New gait 2 is now active.
2024-10-30 12:29:08,441 INFO: Disabling torque for group Wheg_Group
2024-10-30 12:29:08,442 INFO: Drive mode set for group Wheg_Group with reverse_direction={1: 1, 2: 1, 3: 1, 4: 0, 5: 0, 6: 0}
2024-10-30 12:29:08,442 INFO: Enabling torque for group Wheg_Group
2024-10-30 12:29:08,443 INFO: Setting the profile velocity for group Wheg_Group from config.yaml: 10
2024-10-30 12:29:08,443 INFO: Profile velocities set for group Wheg_Group: {1: 43.7, 2: 43.7, 3: 43.7, 4: 43.7, 5: 43.7, 6: 43.7}
2024-10-30 12:29:08,444 INFO: Reversed the direction of all whegs, waiting for 3 seconds
2024-10-30 12:29:11,444 INFO: Direction of whegs reversed.
2024-10-30 12:29:11,507 INFO: Initialising Gait 2
2024-10-30 12:29:11,508 INFO: Running set_position_group for group 'Wheg_Group' with positions: {1: 160, 2: 200, 3: 160, 4: 200, 5: 160, 6: 200}
2024-10-30 12:29:11,514 WARNING: Motor 1 is not in Position Control Mode. Setting mode now.
2024-10-30 12:29:11,515 INFO: Setting operating mode 'position' for group 'Wheg_Group'
2024-10-30 12:29:11,516 INFO: Disabling torque for group Wheg_Group
2024-10-30 12:29:11,518 INFO: Enabling torque for group Wheg_Group
2024-10-30 12:29:11,519 INFO: Setting the profile velocity for group Wheg_Group from config.yaml: 10
2024-10-30 12:29:11,520 INFO: Profile velocities set for group Wheg_Group: {1: 43.7, 2: 43.7, 3: 43.7, 4: 43.7, 5: 43.7, 6: 43.7}
2024-10-30 12:29:11,520 INFO: Setting the profile velocity for group Wheg_Group from config.yaml: 10
2024-10-30 12:29:11,521 INFO: Profile velocities set for group Wheg_Group: {1: 43.7, 2: 43.7, 3: 43.7, 4: 43.7, 5: 43.7, 6: 43.7}
2024-10-30 12:29:11,522 INFO: Running set_position_group for group 'Pivot_Group' with positions: 180
2024-10-30 12:29:11,525 INFO: Initialised Gait 2, waiting for 3 seconds
2024-10-30 12:29:14,526 INFO: Setting operating mode 'multi_turn' for group 'Wheg_Group'
2024-10-30 12:29:14,527 INFO: Disabling torque for group Wheg_Group
2024-10-30 12:29:14,528 INFO: Enabling torque for group Wheg_Group
2024-10-30 12:29:14,529 INFO: Setting the profile velocity for group Wheg_Group from config.yaml: 10
2024-10-30 12:29:14,530 INFO: Profile velocities set for group Wheg_Group: {1: 43.7, 2: 43.7, 3: 43.7, 4: 43.7, 5: 43.7, 6: 43.7}
2024-10-30 12:29:14,530 INFO: Setting the profile velocity for group Wheg_Group from config.yaml: 10
2024-10-30 12:29:14,531 INFO: Profile velocities set for group Wheg_Group: {1: 43.7, 2: 43.7, 3: 43.7, 4: 43.7, 5: 43.7, 6: 43.7}
2024-10-30 12:29:14,531 INFO: New gait 2 is now active.
2024-10-30 12:29:15,932 INFO: Profile velocities set for group Wheg_Group: {1: 8.74, 2: 69.92, 3: 8.74, 4: 69.92, 5: 8.74, 6: 69.92}
2024-10-30 12:29:15,933 INFO: Incrementing motor positions by {1: 40, 2: 320, 3: 40, 4: 320, 5: 40, 6: 320} degrees for group 'Wheg_Group'
2024-10-30 12:29:15,943 INFO: Gait 2 step executed at 2.00RPM, wait for 3.36 seconds
2024-10-30 12:29:19,362 INFO: Profile velocities set for group Wheg_Group: {1: 104.88, 2: 13.11, 3: 104.88, 4: 13.11, 5: 104.88, 6: 13.11}
2024-10-30 12:29:19,363 INFO: Incrementing motor positions by {1: 320, 2: 40, 3: 320, 4: 40, 5: 320, 6: 40} degrees for group 'Wheg_Group'
2024-10-30 12:29:19,374 INFO: Gait 2 step executed at 3.00RPM, wait for 2.25 seconds
2024-10-30 12:29:21,678 INFO: Profile velocities set for group Wheg_Group: {1: 17.000030822753907, 2: 136.00024658203125, 3: 17.000030822753907, 4: 136.00024658203125, 5: 17.000030822753907, 6: 136.00024658203125}
2024-10-30 12:29:21,678 INFO: Incrementing motor positions by {1: 40, 2: 320, 3: 40, 4: 320, 5: 40, 6: 320} degrees for group 'Wheg_Group'
2024-10-30 12:29:21,689 INFO: Gait 2 step executed at 3.89RPM, wait for 1.74 seconds
2024-10-30 12:29:23,456 INFO: Profile velocities set for group Wheg_Group: {1: 135.45186279296874, 2: 16.931482849121092, 3: 135.45186279296874, 4: 16.931482849121092, 5: 135.45186279296874, 6: 16.931482849121092}
2024-10-30 12:29:23,456 INFO: Incrementing motor positions by {1: 320, 2: 40, 3: 320, 4: 40, 5: 320, 6: 40} degrees for group 'Wheg_Group'
2024-10-30 12:29:23,467 INFO: Gait 2 step executed at 3.87RPM, wait for 1.75 seconds
2024-10-30 12:29:26,872 INFO: Profile velocities set for group Wheg_Group: {1: 8.74, 2: 69.92, 3: 8.74, 4: 69.92, 5: 8.74, 6: 69.92}
2024-10-30 12:29:26,873 INFO: Incrementing motor positions by {1: 40, 2: 320, 3: 40, 4: 320, 5: 40, 6: 320} degrees for group 'Wheg_Group'
2024-10-30 12:29:26,884 INFO: Gait 2 step executed at 2.00RPM, wait for 3.36 seconds
2024-10-30 12:29:30,361 INFO: Profile velocities set for group Wheg_Group: {1: 69.92, 2: 8.74, 3: 69.92, 4: 8.74, 5: 69.92, 6: 8.74}
2024-10-30 12:29:30,362 INFO: Incrementing motor positions by {1: 320, 2: 40, 3: 320, 4: 40, 5: 320, 6: 40} degrees for group 'Wheg_Group'
2024-10-30 12:29:30,373 INFO: Gait 2 step executed at 2.00RPM, wait for 3.36 seconds
2024-10-30 12:29:34,024 INFO: Share pressed. Reversing the direction of the whegs
2024-10-30 12:29:34,040 INFO: Disabling torque for group Wheg_Group
2024-10-30 12:29:34,041 INFO: Drive mode set for group Wheg_Group with reverse_direction={1: 0, 2: 0, 3: 0, 4: 1, 5: 1, 6: 1}
2024-10-30 12:29:34,042 INFO: Enabling torque for group Wheg_Group
2024-10-30 12:29:34,044 INFO: Setting the profile velocity for group Wheg_Group from config.yaml: 10
2024-10-30 12:29:34,045 INFO: Profile velocities set for group Wheg_Group: {1: 43.7, 2: 43.7, 3: 43.7, 4: 43.7, 5: 43.7, 6: 43.7}
2024-10-30 12:29:34,045 INFO: Reversed the direction of all whegs, waiting for 3 seconds
2024-10-30 12:29:37,046 INFO: Direction of whegs reversed.
2024-10-30 12:29:37,108 INFO: Initialising Gait 2
2024-10-30 12:29:37,109 INFO: Running set_position_group for group 'Wheg_Group' with positions: {1: 160, 2: 200, 3: 160, 4: 200, 5: 160, 6: 200}
2024-10-30 12:29:37,116 WARNING: Motor 1 is not in Position Control Mode. Setting mode now.
2024-10-30 12:29:37,116 INFO: Setting operating mode 'position' for group 'Wheg_Group'
2024-10-30 12:29:37,117 INFO: Disabling torque for group Wheg_Group
2024-10-30 12:29:37,120 INFO: Enabling torque for group Wheg_Group
2024-10-30 12:29:37,122 INFO: Setting the profile velocity for group Wheg_Group from config.yaml: 10
2024-10-30 12:29:37,123 INFO: Profile velocities set for group Wheg_Group: {1: 43.7, 2: 43.7, 3: 43.7, 4: 43.7, 5: 43.7, 6: 43.7}
2024-10-30 12:29:37,124 INFO: Setting the profile velocity for group Wheg_Group from config.yaml: 10
2024-10-30 12:29:37,126 INFO: Profile velocities set for group Wheg_Group: {1: 43.7, 2: 43.7, 3: 43.7, 4: 43.7, 5: 43.7, 6: 43.7}
2024-10-30 12:29:37,127 INFO: Running set_position_group for group 'Pivot_Group' with positions: 180
2024-10-30 12:29:37,132 INFO: Initialised Gait 2, waiting for 3 seconds
2024-10-30 12:29:40,133 INFO: Setting operating mode 'multi_turn' for group 'Wheg_Group'
2024-10-30 12:29:40,134 INFO: Disabling torque for group Wheg_Group
2024-10-30 12:29:40,137 INFO: Enabling torque for group Wheg_Group
2024-10-30 12:29:40,140 INFO: Setting the profile velocity for group Wheg_Group from config.yaml: 10
2024-10-30 12:29:40,140 INFO: Profile velocities set for group Wheg_Group: {1: 43.7, 2: 43.7, 3: 43.7, 4: 43.7, 5: 43.7, 6: 43.7}
2024-10-30 12:29:40,141 INFO: Setting the profile velocity for group Wheg_Group from config.yaml: 10
2024-10-30 12:29:40,142 INFO: Profile velocities set for group Wheg_Group: {1: 43.7, 2: 43.7, 3: 43.7, 4: 43.7, 5: 43.7, 6: 43.7}
2024-10-30 12:29:40,143 INFO: New gait 2 is now active.
2024-10-30 12:29:41,044 INFO: Profile velocities set for group Wheg_Group: {1: 8.74, 2: 69.92, 3: 8.74, 4: 69.92, 5: 8.74, 6: 69.92}
2024-10-30 12:29:41,044 INFO: Incrementing motor positions by {1: 40, 2: 320, 3: 40, 4: 320, 5: 40, 6: 320} degrees for group 'Wheg_Group'
2024-10-30 12:29:41,055 INFO: Gait 2 step executed at 2.00RPM, wait for 3.36 seconds
2024-10-30 12:29:45,375 INFO: Profile velocities set for group Wheg_Group: {1: 69.92, 2: 8.74, 3: 69.92, 4: 8.74, 5: 69.92, 6: 8.74}
2024-10-30 12:29:45,375 INFO: Incrementing motor positions by {1: 320, 2: 40, 3: 320, 4: 40, 5: 320, 6: 40} degrees for group 'Wheg_Group'
2024-10-30 12:29:45,386 INFO: Gait 2 step executed at 2.00RPM, wait for 3.36 seconds
2024-10-30 12:29:51,050 INFO: Profile velocities set for group Wheg_Group: {1: 8.74, 2: 69.92, 3: 8.74, 4: 69.92, 5: 8.74, 6: 69.92}
2024-10-30 12:29:51,052 INFO: Incrementing motor positions by {1: 40, 2: 320, 3: 40, 4: 320, 5: 40, 6: 320} degrees for group 'Wheg_Group'
2024-10-30 12:29:51,062 INFO: Gait 2 step executed at 2.00RPM, wait for 3.36 seconds
2024-10-30 12:29:54,481 INFO: Profile velocities set for group Wheg_Group: {1: 85.27474609375, 2: 10.65934326171875, 3: 85.27474609375, 4: 10.65934326171875, 5: 85.27474609375, 6: 10.65934326171875}
2024-10-30 12:29:54,482 INFO: Incrementing motor positions by {1: 320, 2: 40, 3: 320, 4: 40, 5: 320, 6: 40} degrees for group 'Wheg_Group'
2024-10-30 12:29:54,492 INFO: Gait 2 step executed at 2.44RPM, wait for 2.76 seconds
2024-10-30 12:29:58,083 INFO: Profile velocities set for group Wheg_Group: {1: 8.74, 2: 69.92, 3: 8.74, 4: 69.92, 5: 8.74, 6: 69.92}
2024-10-30 12:29:58,083 INFO: Incrementing motor positions by {1: 40, 2: 320, 3: 40, 4: 320, 5: 40, 6: 320} degrees for group 'Wheg_Group'
2024-10-30 12:29:58,094 INFO: Gait 2 step executed at 2.00RPM, wait for 3.36 seconds
2024-10-30 12:30:01,489 INFO: Profile velocities set for group Wheg_Group: {1: 80.3392919921875, 2: 10.042411499023437, 3: 80.3392919921875, 4: 10.042411499023437, 5: 80.3392919921875, 6: 10.042411499023437}
2024-10-30 12:30:01,489 INFO: Incrementing motor positions by {1: 320, 2: 40, 3: 320, 4: 40, 5: 320, 6: 40} degrees for group 'Wheg_Group'
2024-10-30 12:30:01,500 INFO: Gait 2 step executed at 2.30RPM, wait for 2.93 seconds
2024-10-30 12:30:08,824 INFO: Share pressed. Reversing the direction of the whegs
2024-10-30 12:30:08,840 INFO: Disabling torque for group Wheg_Group
2024-10-30 12:30:08,841 INFO: Drive mode set for group Wheg_Group with reverse_direction={1: 1, 2: 1, 3: 1, 4: 0, 5: 0, 6: 0}
2024-10-30 12:30:08,842 INFO: Enabling torque for group Wheg_Group
2024-10-30 12:30:08,843 INFO: Setting the profile velocity for group Wheg_Group from config.yaml: 10
2024-10-30 12:30:08,845 INFO: Profile velocities set for group Wheg_Group: {1: 43.7, 2: 43.7, 3: 43.7, 4: 43.7, 5: 43.7, 6: 43.7}
2024-10-30 12:30:08,845 INFO: Reversed the direction of all whegs, waiting for 3 seconds
2024-10-30 12:30:11,846 INFO: Direction of whegs reversed.
2024-10-30 12:30:11,910 INFO: Initialising Gait 2
2024-10-30 12:30:11,910 INFO: Running set_position_group for group 'Wheg_Group' with positions: {1: 160, 2: 200, 3: 160, 4: 200, 5: 160, 6: 200}
2024-10-30 12:30:11,920 WARNING: Motor 1 is not in Position Control Mode. Setting mode now.
2024-10-30 12:30:11,920 INFO: Setting operating mode 'position' for group 'Wheg_Group'
2024-10-30 12:30:11,920 INFO: Disabling torque for group Wheg_Group
2024-10-30 12:30:11,922 INFO: Enabling torque for group Wheg_Group
2024-10-30 12:30:11,923 INFO: Setting the profile velocity for group Wheg_Group from config.yaml: 10
2024-10-30 12:30:11,925 INFO: Profile velocities set for group Wheg_Group: {1: 43.7, 2: 43.7, 3: 43.7, 4: 43.7, 5: 43.7, 6: 43.7}
2024-10-30 12:30:11,925 INFO: Setting the profile velocity for group Wheg_Group from config.yaml: 10
2024-10-30 12:30:11,926 INFO: Profile velocities set for group Wheg_Group: {1: 43.7, 2: 43.7, 3: 43.7, 4: 43.7, 5: 43.7, 6: 43.7}
2024-10-30 12:30:11,928 INFO: Running set_position_group for group 'Pivot_Group' with positions: 180
2024-10-30 12:30:11,932 INFO: Initialised Gait 2, waiting for 3 seconds
2024-10-30 12:30:14,933 INFO: Setting operating mode 'multi_turn' for group 'Wheg_Group'
2024-10-30 12:30:14,934 INFO: Disabling torque for group Wheg_Group
2024-10-30 12:30:14,935 INFO: Enabling torque for group Wheg_Group
2024-10-30 12:30:14,936 INFO: Setting the profile velocity for group Wheg_Group from config.yaml: 10
2024-10-30 12:30:14,937 INFO: Profile velocities set for group Wheg_Group: {1: 43.7, 2: 43.7, 3: 43.7, 4: 43.7, 5: 43.7, 6: 43.7}
2024-10-30 12:30:14,937 INFO: Setting the profile velocity for group Wheg_Group from config.yaml: 10
2024-10-30 12:30:14,938 INFO: Profile velocities set for group Wheg_Group: {1: 43.7, 2: 43.7, 3: 43.7, 4: 43.7, 5: 43.7, 6: 43.7}
2024-10-30 12:30:14,938 INFO: New gait 2 is now active.
2024-10-30 12:30:15,291 INFO: Profile velocities set for group Wheg_Group: {1: 8.74, 2: 69.92, 3: 8.74, 4: 69.92, 5: 8.74, 6: 69.92}
2024-10-30 12:30:15,291 INFO: Incrementing motor positions by {1: 40, 2: 320, 3: 40, 4: 320, 5: 40, 6: 320} degrees for group 'Wheg_Group'
2024-10-30 12:30:15,302 INFO: Gait 2 step executed at 2.00RPM, wait for 3.36 seconds
2024-10-30 12:30:22,231 INFO: Profile velocities set for group Wheg_Group: {1: 69.92, 2: 8.74, 3: 69.92, 4: 8.74, 5: 69.92, 6: 8.74}
2024-10-30 12:30:22,232 INFO: Incrementing motor positions by {1: 320, 2: 40, 3: 320, 4: 40, 5: 320, 6: 40} degrees for group 'Wheg_Group'
2024-10-30 12:30:22,243 INFO: Gait 2 step executed at 2.00RPM, wait for 3.36 seconds
2024-10-30 12:30:25,664 INFO: Profile velocities set for group Wheg_Group: {1: 9.254109802246093, 2: 74.03287841796875, 3: 9.254109802246093, 4: 74.03287841796875, 5: 9.254109802246093, 6: 74.03287841796875}
2024-10-30 12:30:25,665 INFO: Incrementing motor positions by {1: 40, 2: 320, 3: 40, 4: 320, 5: 40, 6: 320} degrees for group 'Wheg_Group'
2024-10-30 12:30:25,676 INFO: Gait 2 step executed at 2.12RPM, wait for 3.17 seconds
2024-10-30 12:30:28,874 INFO: Profile velocities set for group Wheg_Group: {1: 91.8553515625, 2: 11.4819189453125, 3: 91.8553515625, 4: 11.4819189453125, 5: 91.8553515625, 6: 11.4819189453125}
2024-10-30 12:30:28,874 INFO: Incrementing motor positions by {1: 320, 2: 40, 3: 320, 4: 40, 5: 320, 6: 40} degrees for group 'Wheg_Group'
2024-10-30 12:30:28,885 INFO: Gait 2 step executed at 2.63RPM, wait for 2.56 seconds
2024-10-30 12:30:45,360 INFO: R3 pressed. Turning mode requested
2024-10-30 12:30:45,370 INFO: Initialising Turn Mode
2024-10-30 12:30:45,370 INFO: Running set_position_group for group 'Wheg_Group' with positions: {1: 160, 2: 200, 3: 160, 4: 160, 5: 200, 6: 160}
2024-10-30 12:30:45,376 WARNING: Motor 1 is not in Position Control Mode. Setting mode now.
2024-10-30 12:30:45,376 INFO: Setting operating mode 'position' for group 'Wheg_Group'
2024-10-30 12:30:45,376 INFO: Disabling torque for group Wheg_Group
2024-10-30 12:30:45,379 INFO: Enabling torque for group Wheg_Group
2024-10-30 12:30:45,380 INFO: Setting the profile velocity for group Wheg_Group from config.yaml: 10
2024-10-30 12:30:45,380 INFO: Profile velocities set for group Wheg_Group: {1: 43.7, 2: 43.7, 3: 43.7, 4: 43.7, 5: 43.7, 6: 43.7}
2024-10-30 12:30:45,381 INFO: Setting the profile velocity for group Wheg_Group from config.yaml: 10
2024-10-30 12:30:45,382 INFO: Profile velocities set for group Wheg_Group: {1: 43.7, 2: 43.7, 3: 43.7, 4: 43.7, 5: 43.7, 6: 43.7}
2024-10-30 12:30:45,383 INFO: Running set_position_group for group 'Pivot_Group' with positions: 180
2024-10-30 12:30:45,386 INFO: Initialised turn mode, waiting for 3 seconds
2024-10-30 12:30:48,387 INFO: Setting operating mode 'multi_turn' for group 'Wheg_Group'
2024-10-30 12:30:48,387 INFO: Disabling torque for group Wheg_Group
2024-10-30 12:30:48,388 INFO: Enabling torque for group Wheg_Group
2024-10-30 12:30:48,389 INFO: Setting the profile velocity for group Wheg_Group from config.yaml: 10
2024-10-30 12:30:48,390 INFO: Profile velocities set for group Wheg_Group: {1: 43.7, 2: 43.7, 3: 43.7, 4: 43.7, 5: 43.7, 6: 43.7}
2024-10-30 12:30:48,390 INFO: Setting the profile velocity for group Wheg_Group from config.yaml: 10
2024-10-30 12:30:48,391 INFO: Profile velocities set for group Wheg_Group: {1: 43.7, 2: 43.7, 3: 43.7, 4: 43.7, 5: 43.7, 6: 43.7}
2024-10-30 12:30:48,391 INFO: Turn mode activated.
2024-10-30 12:30:48,921 WARNING: Motors are not in the correct positions for Gait 4. Positions: {1: 159.78515625, 2: 201.708984375, 3: 159.9609375, 4: 160.13671875, 5: 191.162109375, 6: 160.048828125}
2024-10-30 12:30:48,922 WARNING: Waiting for 1 second before checking for movement
2024-10-30 12:30:49,072 CRITICAL: Motors are not moving, reseting positions, and waiting for 3 seconds.
2024-10-30 12:30:49,072 INFO: Running set_position_group for group 'Wheg_Group' with positions: {1: 160, 2: 200, 3: 160, 4: 160, 5: 200, 6: 160}
2024-10-30 12:30:49,077 WARNING: Motor 1 is not in Position Control Mode. Setting mode now.
2024-10-30 12:30:49,078 INFO: Setting operating mode 'position' for group 'Wheg_Group'
2024-10-30 12:30:49,078 INFO: Disabling torque for group Wheg_Group
2024-10-30 12:30:49,079 INFO: Enabling torque for group Wheg_Group
2024-10-30 12:30:49,080 INFO: Setting the profile velocity for group Wheg_Group from config.yaml: 10
2024-10-30 12:30:49,081 INFO: Profile velocities set for group Wheg_Group: {1: 43.7, 2: 43.7, 3: 43.7, 4: 43.7, 5: 43.7, 6: 43.7}
2024-10-30 12:30:49,081 INFO: Setting the profile velocity for group Wheg_Group from config.yaml: 10
2024-10-30 12:30:49,083 INFO: Profile velocities set for group Wheg_Group: {1: 43.7, 2: 43.7, 3: 43.7, 4: 43.7, 5: 43.7, 6: 43.7}
2024-10-30 12:30:52,085 INFO: Setting operating mode 'multi_turn' for group 'Wheg_Group'
2024-10-30 12:30:52,085 INFO: Disabling torque for group Wheg_Group
2024-10-30 12:30:52,086 INFO: Enabling torque for group Wheg_Group
2024-10-30 12:30:52,087 INFO: Setting the profile velocity for group Wheg_Group from config.yaml: 10
2024-10-30 12:30:52,088 INFO: Profile velocities set for group Wheg_Group: {1: 43.7, 2: 43.7, 3: 43.7, 4: 43.7, 5: 43.7, 6: 43.7}
2024-10-30 12:30:52,088 INFO: Setting the profile velocity for group Wheg_Group from config.yaml: 10
2024-10-30 12:30:52,089 INFO: Profile velocities set for group Wheg_Group: {1: 43.7, 2: 43.7, 3: 43.7, 4: 43.7, 5: 43.7, 6: 43.7}
2024-10-30 12:30:52,090 INFO: Profile velocities set for group Wheg_Group: {1: 8.74, 2: 69.92, 3: 8.74, 4: 69.92, 5: 8.74, 6: 69.92}
2024-10-30 12:30:52,090 INFO: Incrementing motor positions by {1: 40, 2: 320, 3: 40, 4: -320, 5: -40, 6: -320} degrees for group 'Wheg_Group'
2024-10-30 12:30:52,101 INFO: Gait 4 step executed at 2.00RPM, wait for 3.36 seconds
2024-10-30 12:30:55,973 INFO: Profile velocities set for group Wheg_Group: {1: 104.87893310546875, 2: 13.109866638183593, 3: 104.87893310546875, 4: 13.109866638183593, 5: 104.87893310546875, 6: 13.109866638183593}
2024-10-30 12:30:55,974 INFO: Incrementing motor positions by {1: 320, 2: 40, 3: 320, 4: -40, 5: -320, 6: -40} degrees for group 'Wheg_Group'
2024-10-30 12:30:55,984 INFO: Gait 4 step executed at 3.00RPM, wait for 2.25 seconds
2024-10-30 12:30:58,755 WARNING: Motors are not in the correct positions for Gait 4. Positions: {1: 157.4453125, 2: 167.46484375, 3: 155.951171875, 4: 97.3671875, 5: 135.248046875, 6: 96.224609375}
2024-10-30 12:30:58,756 WARNING: Waiting for 1 second before checking for movement
2024-10-30 12:30:58,907 CRITICAL: Motors are not moving, reseting positions, and waiting for 3 seconds.
2024-10-30 12:30:58,908 INFO: Running set_position_group for group 'Wheg_Group' with positions: {1: 160, 2: 200, 3: 160, 4: 160, 5: 200, 6: 160}
2024-10-30 12:30:58,914 WARNING: Motor 1 is not in Position Control Mode. Setting mode now.
2024-10-30 12:30:58,914 INFO: Setting operating mode 'position' for group 'Wheg_Group'
2024-10-30 12:30:58,914 INFO: Disabling torque for group Wheg_Group
2024-10-30 12:30:58,915 INFO: Enabling torque for group Wheg_Group
2024-10-30 12:30:58,916 INFO: Setting the profile velocity for group Wheg_Group from config.yaml: 10
2024-10-30 12:30:58,917 INFO: Profile velocities set for group Wheg_Group: {1: 43.7, 2: 43.7, 3: 43.7, 4: 43.7, 5: 43.7, 6: 43.7}
2024-10-30 12:30:58,917 INFO: Setting the profile velocity for group Wheg_Group from config.yaml: 10
2024-10-30 12:30:58,918 INFO: Profile velocities set for group Wheg_Group: {1: 43.7, 2: 43.7, 3: 43.7, 4: 43.7, 5: 43.7, 6: 43.7}
2024-10-30 12:31:01,920 INFO: Setting operating mode 'multi_turn' for group 'Wheg_Group'
2024-10-30 12:31:01,921 INFO: Disabling torque for group Wheg_Group
2024-10-30 12:31:01,922 INFO: Enabling torque for group Wheg_Group
2024-10-30 12:31:01,923 INFO: Setting the profile velocity for group Wheg_Group from config.yaml: 10
2024-10-30 12:31:01,923 INFO: Profile velocities set for group Wheg_Group: {1: 43.7, 2: 43.7, 3: 43.7, 4: 43.7, 5: 43.7, 6: 43.7}
2024-10-30 12:31:01,924 INFO: Setting the profile velocity for group Wheg_Group from config.yaml: 10
2024-10-30 12:31:01,925 INFO: Profile velocities set for group Wheg_Group: {1: 43.7, 2: 43.7, 3: 43.7, 4: 43.7, 5: 43.7, 6: 43.7}
2024-10-30 12:31:01,926 INFO: Profile velocities set for group Wheg_Group: {1: 13.109866638183593, 2: 104.87893310546875, 3: 13.109866638183593, 4: 104.87893310546875, 5: 13.109866638183593, 6: 104.87893310546875}
2024-10-30 12:31:01,926 INFO: Incrementing motor positions by {1: 40, 2: 320, 3: 40, 4: -320, 5: -40, 6: -320} degrees for group 'Wheg_Group'
2024-10-30 12:31:01,937 INFO: Gait 4 step executed at 3.00RPM, wait for 2.25 seconds
2024-10-30 12:31:04,699 INFO: Profile velocities set for group Wheg_Group: {1: 104.87893310546875, 2: 13.109866638183593, 3: 104.87893310546875, 4: 13.109866638183593, 5: 104.87893310546875, 6: 13.109866638183593}
2024-10-30 12:31:04,700 INFO: Incrementing motor positions by {1: 320, 2: 40, 3: 320, 4: -40, 5: -320, 6: -40} degrees for group 'Wheg_Group'
2024-10-30 12:31:04,711 INFO: Gait 4 step executed at 3.00RPM, wait for 2.25 seconds
2024-10-30 12:31:07,472 WARNING: Motors are not in the correct positions for Gait 4. Positions: {1: 156.7421875, 2: 154.984375, 3: 154.193359375, 4: 96.751953125, 5: 147.9921875, 6: 96.48828125}
2024-10-30 12:31:07,472 WARNING: Waiting for 1 second before checking for movement
2024-10-30 12:31:07,624 CRITICAL: Motors are not moving, reseting positions, and waiting for 3 seconds.
2024-10-30 12:31:07,625 INFO: Running set_position_group for group 'Wheg_Group' with positions: {1: 160, 2: 200, 3: 160, 4: 160, 5: 200, 6: 160}
2024-10-30 12:31:07,630 WARNING: Motor 1 is not in Position Control Mode. Setting mode now.
2024-10-30 12:31:07,631 INFO: Setting operating mode 'position' for group 'Wheg_Group'
2024-10-30 12:31:07,631 INFO: Disabling torque for group Wheg_Group
2024-10-30 12:31:07,632 INFO: Enabling torque for group Wheg_Group
2024-10-30 12:31:07,633 INFO: Setting the profile velocity for group Wheg_Group from config.yaml: 10
2024-10-30 12:31:07,634 INFO: Profile velocities set for group Wheg_Group: {1: 43.7, 2: 43.7, 3: 43.7, 4: 43.7, 5: 43.7, 6: 43.7}
2024-10-30 12:31:07,635 INFO: Setting the profile velocity for group Wheg_Group from config.yaml: 10
2024-10-30 12:31:07,636 INFO: Profile velocities set for group Wheg_Group: {1: 43.7, 2: 43.7, 3: 43.7, 4: 43.7, 5: 43.7, 6: 43.7}
2024-10-30 12:31:09,393 INFO: share pressed. Turning mode deactivating
2024-10-30 12:31:10,671 INFO: Setting operating mode 'multi_turn' for group 'Wheg_Group'
2024-10-30 12:31:10,672 INFO: Disabling torque for group Wheg_Group
2024-10-30 12:31:10,674 INFO: Enabling torque for group Wheg_Group
2024-10-30 12:31:10,675 INFO: Setting the profile velocity for group Wheg_Group from config.yaml: 10
2024-10-30 12:31:10,677 INFO: Profile velocities set for group Wheg_Group: {1: 43.7, 2: 43.7, 3: 43.7, 4: 43.7, 5: 43.7, 6: 43.7}
2024-10-30 12:31:10,678 INFO: Setting the profile velocity for group Wheg_Group from config.yaml: 10
2024-10-30 12:31:10,679 INFO: Profile velocities set for group Wheg_Group: {1: 43.7, 2: 43.7, 3: 43.7, 4: 43.7, 5: 43.7, 6: 43.7}
2024-10-30 12:31:10,680 INFO: Profile velocities set for group Wheg_Group: {1: 13.109866638183593, 2: 104.87893310546875, 3: 13.109866638183593, 4: 104.87893310546875, 5: 13.109866638183593, 6: 104.87893310546875}
2024-10-30 12:31:10,681 INFO: Incrementing motor positions by {1: 40, 2: 320, 3: 40, 4: -320, 5: -40, 6: -320} degrees for group 'Wheg_Group'
2024-10-30 12:31:10,691 INFO: Gait 4 step executed at 3.00RPM, wait for 2.25 seconds
2024-10-30 12:31:12,942 WARNING: No motors found for group 'All_Whegs'
2024-10-30 12:31:12,942 WARNING: Set direction of whegs to forward
2024-10-30 12:31:12,942 INFO: Turn mode deactivating
2024-10-30 12:31:16,388 INFO: Square pressed. Preparing to change to previous gait: 1
2024-10-30 12:31:16,399 INFO: Initialising Gait 1
2024-10-30 12:31:16,399 INFO: Running set_position_group for group 'Wheg_Group' with positions: 180
2024-10-30 12:31:16,406 WARNING: Motor 1 is not in Position Control Mode. Setting mode now.
2024-10-30 12:31:16,406 INFO: Setting operating mode 'position' for group 'Wheg_Group'
2024-10-30 12:31:16,407 INFO: Disabling torque for group Wheg_Group
2024-10-30 12:31:16,408 INFO: Enabling torque for group Wheg_Group
2024-10-30 12:31:16,409 INFO: Setting the profile velocity for group Wheg_Group from config.yaml: 10
2024-10-30 12:31:16,410 INFO: Profile velocities set for group Wheg_Group: {1: 43.7, 2: 43.7, 3: 43.7, 4: 43.7, 5: 43.7, 6: 43.7}
2024-10-30 12:31:16,410 INFO: Setting the profile velocity for group Wheg_Group from config.yaml: 10
2024-10-30 12:31:16,411 INFO: Profile velocities set for group Wheg_Group: {1: 43.7, 2: 43.7, 3: 43.7, 4: 43.7, 5: 43.7, 6: 43.7}
2024-10-30 12:31:16,412 INFO: Running set_position_group for group 'Pivot_Group' with positions: 180
2024-10-30 12:31:16,415 INFO: Initialised Gait 1, waiting for 3 seconds
2024-10-30 12:31:16,489 INFO: Square pressed. Preparing to change to previous gait: 1
2024-10-30 12:31:19,430 INFO: Setting operating mode 'multi_turn' for group 'Wheg_Group'
2024-10-30 12:31:19,431 INFO: Disabling torque for group Wheg_Group
2024-10-30 12:31:19,433 INFO: Enabling torque for group Wheg_Group
2024-10-30 12:31:19,435 INFO: Setting the profile velocity for group Wheg_Group from config.yaml: 10
2024-10-30 12:31:19,437 INFO: Profile velocities set for group Wheg_Group: {1: 43.7, 2: 43.7, 3: 43.7, 4: 43.7, 5: 43.7, 6: 43.7}
2024-10-30 12:31:19,439 INFO: Setting the profile velocity for group Wheg_Group from config.yaml: 10
2024-10-30 12:31:19,440 INFO: Profile velocities set for group Wheg_Group: {1: 43.7, 2: 43.7, 3: 43.7, 4: 43.7, 5: 43.7, 6: 43.7}
2024-10-30 12:31:19,440 INFO: New gait 1 is now active.
2024-10-30 12:31:20,630 INFO: Profile velocities set for group Wheg_Group: {1: 4.507095947265625, 2: 4.507095947265625, 3: 4.507095947265625, 4: 4.507095947265625, 5: 4.507095947265625, 6: 4.507095947265625}
2024-10-30 12:31:20,631 INFO: Incrementing motor positions by 360 degrees for group 'Wheg_Group'
2024-10-30 12:31:20,642 INFO: Gait 1 step executed at 1.03RPM, wait for 58.17 seconds
2024-10-30 12:31:29,137 INFO: Initiating safe shutdown...
2024-10-30 12:31:29,138 INFO: Setting operating mode 'velocity' for group 'All_Motors'
2024-10-30 12:31:29,138 INFO: Disabling torque for group All_Motors
2024-10-30 12:31:29,139 INFO: Enabling torque for group All_Motors
2024-10-30 12:31:29,140 INFO: Setting the profile velocity for group All_Motors from config.yaml: 8
2024-10-30 12:31:29,140 INFO: Profile velocities set for group All_Motors: {1: 34.96, 2: 34.96, 3: 34.96, 4: 34.96, 5: 34.96, 6: 34.96, 7: 34.96, 8: 34.96}
2024-10-30 12:31:29,141 WARNING: Velocity limit 200 exceeds hard limit 100. Limiting to 100.
2024-10-30 12:31:29,142 INFO: Velocity limit set to 100 for group All_Motors
2024-10-30 12:31:29,143 INFO: Enabling torque for group All_Motors
2024-10-30 12:31:29,143 INFO: Setting the profile velocity for group All_Motors from config.yaml: 8
2024-10-30 12:31:29,144 INFO: Profile velocities set for group All_Motors: {1: 34.96, 2: 34.96, 3: 34.96, 4: 34.96, 5: 34.96, 6: 34.96, 7: 34.96, 8: 34.96}
2024-10-30 12:31:29,145 INFO: Target velocities set for group All_Motors: {1: 0, 2: 0, 3: 0, 4: 0, 5: 0, 6: 0, 7: 0, 8: 0}
2024-10-30 12:31:29,145 INFO: Running set_position_group for group 'All_Motors' with positions: 180
2024-10-30 12:31:29,153 WARNING: Motor 1 is not in Position Control Mode. Setting mode now.
2024-10-30 12:31:29,154 INFO: Setting operating mode 'position' for group 'All_Motors'
2024-10-30 12:31:29,154 INFO: Disabling torque for group All_Motors
2024-10-30 12:31:29,155 INFO: Enabling torque for group All_Motors
2024-10-30 12:31:29,156 INFO: Setting the profile velocity for group All_Motors from config.yaml: 8
2024-10-30 12:31:29,157 INFO: Profile velocities set for group All_Motors: {1: 34.96, 2: 34.96, 3: 34.96, 4: 34.96, 5: 34.96, 6: 34.96, 7: 34.96, 8: 34.96}
2024-10-30 12:31:29,157 INFO: Setting the profile velocity for group All_Motors from config.yaml: 8
2024-10-30 12:31:29,158 INFO: Profile velocities set for group All_Motors: {1: 34.96, 2: 34.96, 3: 34.96, 4: 34.96, 5: 34.96, 6: 34.96, 7: 34.96, 8: 34.96}
2024-10-30 12:31:29,159 INFO: Closing PS4Controller and quitting pygame
2024-10-30 12:31:29,252 INFO: Port closed successfully.
2024-10-30 12:31:29,252 INFO: Shutdown complete.
