2024-10-29 01:07:04,204 INFO: Initializing PS4Controller
2024-10-29 01:07:04,467 INFO: Configuration loaded successfully
2024-10-29 01:07:04,470 INFO: Port /dev/ttyACM0 opened successfully
2024-10-29 01:07:04,480 INFO: Baudrate set to 1000000
2024-10-29 01:07:04,480 INFO: Control table loaded successfully.
2024-10-29 01:07:04,481 INFO: Motor group 'Pivot_Group' created with motors: [7, 8]
2024-10-29 01:07:04,481 INFO: Motor group 'Wheg_Group' created with motors: [1, 2, 3, 4, 5, 6]
2024-10-29 01:07:04,482 INFO: Motor group 'All_Motors' created with motors: [1, 2, 3, 4, 5, 6, 7, 8]
2024-10-29 01:07:04,482 INFO: Motor group 'Left_Whegs' created with motors: [1, 2, 3]
2024-10-29 01:07:04,483 INFO: Motor group 'Right_Whegs' created with motors: [4, 5, 6]
2024-10-29 01:07:04,483 INFO: Motor group 'Front_Whegs' created with motors: [3, 6]
2024-10-29 01:07:04,483 INFO: Motor group 'Rear_Whegs' created with motors: [1, 4]
2024-10-29 01:07:04,484 INFO: Motor group 'Middle_Whegs' created with motors: [2, 5]
2024-10-29 01:07:04,484 INFO: Motor group 'Two_Right_One_Left' created with motors: [2, 4, 6]
2024-10-29 01:07:04,484 INFO: Motor group 'Two_Left_One_Right' created with motors: [5, 1, 3]
2024-10-29 01:07:04,485 INFO: Initialised PS4 controller, Dynamixel, and Robot State
2024-10-29 01:07:04,642 INFO: Initialised Streamlit dashboard
2024-10-29 01:07:04,643 INFO: Disabling torque for group Right_Whegs
2024-10-29 01:07:04,646 INFO: Drive mode set for group Right_Whegs with reverse_direction=True
2024-10-29 01:07:04,647 INFO: Enabling torque for group Right_Whegs
2024-10-29 01:07:04,653 INFO: Motor 4 drive mode correctly set to reverse
2024-10-29 01:07:04,653 INFO: Motor 5 drive mode correctly set to reverse
2024-10-29 01:07:04,654 INFO: Motor 6 drive mode correctly set to reverse
2024-10-29 01:07:04,654 INFO: Disabling torque for group Left_Whegs
2024-10-29 01:07:04,655 INFO: Drive mode set for group Left_Whegs with reverse_direction=False
2024-10-29 01:07:04,655 INFO: Enabling torque for group Left_Whegs
2024-10-29 01:07:04,659 INFO: Motor 1 drive mode correctly set to normal
2024-10-29 01:07:04,660 INFO: Motor 2 drive mode correctly set to normal
2024-10-29 01:07:04,660 INFO: Motor 3 drive mode correctly set to normal
2024-10-29 01:07:04,661 INFO: Set the right side whegs to reverse direction
2024-10-29 01:07:04,662 INFO: Disabling torque for group Pivot_Group
2024-10-29 01:07:04,663 INFO: Drive mode set for group Pivot_Group with reverse_direction=False
2024-10-29 01:07:04,663 INFO: Enabling torque for group Pivot_Group
2024-10-29 01:07:04,667 INFO: Motor 7 drive mode correctly set to normal
2024-10-29 01:07:04,667 INFO: Motor 8 drive mode correctly set to normal
2024-10-29 01:07:04,668 INFO: Position limits set for group Pivot_Group: min=90° (ticks=1023), max=270° (ticks=3071)
2024-10-29 01:07:04,668 INFO: Set position limits for the pivot motors
2024-10-29 01:07:04,670 INFO: Initialising Gait 1
2024-10-29 01:07:04,670 INFO: Running set_position_group for group 'Wheg_Group' with positions: 180
2024-10-29 01:07:04,676 INFO: Running set_position_group for group 'Pivot_Group' with positions: 180
2024-10-29 01:07:04,679 INFO: Initialised Gait 1, waiting for 3 seconds
2024-10-29 01:07:04,720 INFO: Button states: {'square': False, 'x': False, 'circle': False, 'triangle': False, 'l1': False, 'r1': False, 'l2': False, 'r2': False, 'share': False, 'options': False, 'l3': False, 'r3': False, 'ps': False}
2024-10-29 01:07:04,722 INFO: D-pad inputs: {'dpad_up': False, 'dpad_down': False, 'dpad_left': False, 'dpad_right': False}
2024-10-29 01:07:04,723 INFO: L2 trigger value: -1.0
2024-10-29 01:07:06,236 INFO: Button states: {'square': False, 'x': False, 'circle': False, 'triangle': False, 'l1': False, 'r1': False, 'l2': False, 'r2': False, 'share': False, 'options': False, 'l3': False, 'r3': False, 'ps': False}
2024-10-29 01:07:06,236 INFO: D-pad inputs: {'dpad_up': False, 'dpad_down': False, 'dpad_left': False, 'dpad_right': False}
2024-10-29 01:07:06,237 INFO: L2 trigger value: -1.0
2024-10-29 01:07:07,693 INFO: Button states: {'square': False, 'x': False, 'circle': False, 'triangle': False, 'l1': False, 'r1': False, 'l2': False, 'r2': False, 'share': False, 'options': False, 'l3': False, 'r3': False, 'ps': False}
2024-10-29 01:07:07,694 INFO: D-pad inputs: {'dpad_up': False, 'dpad_down': False, 'dpad_left': False, 'dpad_right': False}
2024-10-29 01:07:07,695 INFO: L2 trigger value: -1.0
2024-10-29 01:07:08,978 INFO: Setting operating mode 'multi_turn' for group 'Wheg_Group'
2024-10-29 01:07:08,979 INFO: Disabling torque for group Wheg_Group
2024-10-29 01:07:08,980 INFO: Enabling torque for group Wheg_Group
2024-10-29 01:07:08,981 INFO: Setting the profile velocity for group Wheg_Group from config.yaml: 10
2024-10-29 01:07:08,982 INFO: Profile velocities set for group Wheg_Group: {1: 43.7, 2: 43.7, 3: 43.7, 4: 43.7, 5: 43.7, 6: 43.7}
2024-10-29 01:07:08,982 INFO: New gait 1 is now active.
2024-10-29 01:07:08,994 INFO: Profile velocities set for group Wheg_Group: {1: 21.85, 2: 21.85, 3: 21.85, 4: 21.85, 5: 21.85, 6: 21.85}
2024-10-29 01:07:08,994 INFO: Incrementing motor positions by 360 degrees for group 'Wheg_Group'
2024-10-29 01:07:09,005 INFO: Gait 1 step executed at 5.00RPM, wait for 12.00 seconds
2024-10-29 01:07:09,112 INFO: Button states: {'square': False, 'x': False, 'circle': False, 'triangle': False, 'l1': False, 'r1': False, 'l2': False, 'r2': False, 'share': False, 'options': False, 'l3': False, 'r3': False, 'ps': False}
2024-10-29 01:07:09,113 INFO: D-pad inputs: {'dpad_up': False, 'dpad_down': False, 'dpad_left': False, 'dpad_right': False}
2024-10-29 01:07:09,114 INFO: L2 trigger value: -1.0
2024-10-29 01:07:10,537 INFO: Button states: {'square': False, 'x': False, 'circle': False, 'triangle': False, 'l1': False, 'r1': False, 'l2': False, 'r2': False, 'share': False, 'options': False, 'l3': False, 'r3': False, 'ps': False}
2024-10-29 01:07:10,537 INFO: D-pad inputs: {'dpad_up': False, 'dpad_down': False, 'dpad_left': False, 'dpad_right': False}
2024-10-29 01:07:10,538 INFO: L2 trigger value: -1.0
2024-10-29 01:07:11,950 INFO: Button states: {'square': False, 'x': False, 'circle': False, 'triangle': False, 'l1': False, 'r1': False, 'l2': False, 'r2': False, 'share': False, 'options': False, 'l3': False, 'r3': False, 'ps': False}
2024-10-29 01:07:11,951 INFO: D-pad inputs: {'dpad_up': False, 'dpad_down': False, 'dpad_left': False, 'dpad_right': False}
2024-10-29 01:07:11,952 INFO: L2 trigger value: -1.0
2024-10-29 01:07:13,349 INFO: Button states: {'square': False, 'x': False, 'circle': False, 'triangle': False, 'l1': False, 'r1': False, 'l2': False, 'r2': False, 'share': False, 'options': False, 'l3': False, 'r3': False, 'ps': False}
2024-10-29 01:07:13,350 INFO: D-pad inputs: {'dpad_up': False, 'dpad_down': False, 'dpad_left': False, 'dpad_right': False}
2024-10-29 01:07:13,351 INFO: L2 trigger value: -1.0
2024-10-29 01:07:14,740 INFO: Button states: {'square': False, 'x': False, 'circle': False, 'triangle': False, 'l1': False, 'r1': False, 'l2': False, 'r2': False, 'share': False, 'options': False, 'l3': False, 'r3': False, 'ps': False}
2024-10-29 01:07:14,742 INFO: D-pad inputs: {'dpad_up': False, 'dpad_down': False, 'dpad_left': False, 'dpad_right': False}
2024-10-29 01:07:14,743 INFO: L2 trigger value: -1.0
2024-10-29 01:07:16,141 INFO: Button states: {'square': False, 'x': False, 'circle': False, 'triangle': False, 'l1': False, 'r1': False, 'l2': False, 'r2': False, 'share': False, 'options': False, 'l3': False, 'r3': False, 'ps': False}
2024-10-29 01:07:16,142 INFO: D-pad inputs: {'dpad_up': False, 'dpad_down': False, 'dpad_left': False, 'dpad_right': False}
2024-10-29 01:07:16,143 INFO: L2 trigger value: -1.0
2024-10-29 01:07:17,529 INFO: Button states: {'square': False, 'x': False, 'circle': False, 'triangle': False, 'l1': False, 'r1': False, 'l2': False, 'r2': False, 'share': False, 'options': False, 'l3': False, 'r3': False, 'ps': False}
2024-10-29 01:07:17,530 INFO: D-pad inputs: {'dpad_up': False, 'dpad_down': False, 'dpad_left': False, 'dpad_right': False}
2024-10-29 01:07:17,531 INFO: L2 trigger value: -1.0
2024-10-29 01:07:18,928 INFO: Button states: {'square': False, 'x': False, 'circle': False, 'triangle': False, 'l1': False, 'r1': False, 'l2': False, 'r2': False, 'share': False, 'options': False, 'l3': False, 'r3': False, 'ps': False}
2024-10-29 01:07:18,929 INFO: D-pad inputs: {'dpad_up': False, 'dpad_down': False, 'dpad_left': False, 'dpad_right': False}
2024-10-29 01:07:18,930 INFO: L2 trigger value: -1.0
2024-10-29 01:07:20,321 INFO: Button states: {'square': False, 'x': False, 'circle': False, 'triangle': False, 'l1': False, 'r1': False, 'l2': False, 'r2': False, 'share': False, 'options': False, 'l3': False, 'r3': False, 'ps': False}
2024-10-29 01:07:20,322 INFO: D-pad inputs: {'dpad_up': False, 'dpad_down': False, 'dpad_left': False, 'dpad_right': False}
2024-10-29 01:07:20,324 INFO: L2 trigger value: -1.0
2024-10-29 01:07:21,595 INFO: Profile velocities set for group Wheg_Group: {1: 43.7, 2: 43.7, 3: 43.7, 4: 43.7, 5: 43.7, 6: 43.7}
2024-10-29 01:07:21,596 INFO: Incrementing motor positions by 360 degrees for group 'Wheg_Group'
2024-10-29 01:07:21,607 INFO: Gait 1 step executed at 10.00RPM, wait for 6.00 seconds
2024-10-29 01:07:21,719 INFO: Button states: {'square': False, 'x': False, 'circle': False, 'triangle': False, 'l1': False, 'r1': False, 'l2': False, 'r2': False, 'share': False, 'options': False, 'l3': False, 'r3': False, 'ps': False}
2024-10-29 01:07:21,721 INFO: D-pad inputs: {'dpad_up': False, 'dpad_down': False, 'dpad_left': False, 'dpad_right': False}
2024-10-29 01:07:21,722 INFO: L2 trigger value: -1.0
2024-10-29 01:07:23,109 INFO: Button states: {'square': False, 'x': False, 'circle': False, 'triangle': False, 'l1': False, 'r1': False, 'l2': False, 'r2': False, 'share': False, 'options': False, 'l3': False, 'r3': False, 'ps': False}
2024-10-29 01:07:23,109 INFO: D-pad inputs: {'dpad_up': False, 'dpad_down': False, 'dpad_left': False, 'dpad_right': False}
2024-10-29 01:07:23,111 INFO: L2 trigger value: -1.0
2024-10-29 01:07:24,503 INFO: Button states: {'square': False, 'x': False, 'circle': False, 'triangle': False, 'l1': False, 'r1': False, 'l2': False, 'r2': False, 'share': False, 'options': False, 'l3': False, 'r3': False, 'ps': False}
2024-10-29 01:07:24,504 INFO: D-pad inputs: {'dpad_up': False, 'dpad_down': False, 'dpad_left': False, 'dpad_right': False}
2024-10-29 01:07:24,505 INFO: L2 trigger value: -1.0
2024-10-29 01:07:25,892 INFO: Button states: {'square': False, 'x': False, 'circle': False, 'triangle': False, 'l1': False, 'r1': False, 'l2': False, 'r2': False, 'share': False, 'options': False, 'l3': False, 'r3': False, 'ps': False}
2024-10-29 01:07:25,893 INFO: D-pad inputs: {'dpad_up': False, 'dpad_down': False, 'dpad_left': False, 'dpad_right': False}
2024-10-29 01:07:25,894 INFO: L2 trigger value: -1.0
2024-10-29 01:07:27,288 INFO: Button states: {'square': False, 'x': False, 'circle': False, 'triangle': False, 'l1': False, 'r1': False, 'l2': False, 'r2': False, 'share': False, 'options': False, 'l3': False, 'r3': False, 'ps': False}
2024-10-29 01:07:27,289 INFO: D-pad inputs: {'dpad_up': False, 'dpad_down': False, 'dpad_left': False, 'dpad_right': False}
2024-10-29 01:07:27,290 INFO: L2 trigger value: -1.0
2024-10-29 01:07:28,543 WARNING: Emergency stop activated! Stopping all motors asynchronously.
2024-10-29 01:07:28,543 INFO: Setting operating mode 'velocity' for group 'All_Motors'
2024-10-29 01:07:28,544 INFO: Disabling torque for group All_Motors
2024-10-29 01:07:28,546 INFO: Enabling torque for group All_Motors
2024-10-29 01:07:28,547 WARNING: Velocity limit 200 exceeds hard limit 100. Limiting to 100.
2024-10-29 01:07:28,547 INFO: Velocity limit set to 100 for group All_Motors
2024-10-29 01:07:28,548 INFO: Enabling torque for group All_Motors
2024-10-29 01:07:28,548 INFO: Target velocities set for group All_Motors: {1: 0, 2: 0, 3: 0, 4: 0, 5: 0, 6: 0, 7: 0, 8: 0}
2024-10-29 01:07:28,678 INFO: Button states: {'square': False, 'x': False, 'circle': False, 'triangle': False, 'l1': False, 'r1': False, 'l2': False, 'r2': False, 'share': False, 'options': False, 'l3': False, 'r3': False, 'ps': False}
2024-10-29 01:07:28,679 INFO: D-pad inputs: {'dpad_up': False, 'dpad_down': False, 'dpad_left': False, 'dpad_right': False}
2024-10-29 01:07:28,680 INFO: L2 trigger value: -1.0
2024-10-29 01:07:30,073 INFO: Button states: {'square': False, 'x': False, 'circle': False, 'triangle': False, 'l1': False, 'r1': False, 'l2': False, 'r2': False, 'share': False, 'options': False, 'l3': False, 'r3': False, 'ps': False}
2024-10-29 01:07:30,074 INFO: D-pad inputs: {'dpad_up': False, 'dpad_down': False, 'dpad_left': False, 'dpad_right': False}
2024-10-29 01:07:30,076 INFO: L2 trigger value: -1.0
2024-10-29 01:07:31,465 INFO: Button states: {'square': False, 'x': False, 'circle': False, 'triangle': False, 'l1': False, 'r1': False, 'l2': False, 'r2': False, 'share': False, 'options': False, 'l3': False, 'r3': False, 'ps': False}
2024-10-29 01:07:31,466 INFO: D-pad inputs: {'dpad_up': False, 'dpad_down': False, 'dpad_left': False, 'dpad_right': False}
2024-10-29 01:07:31,466 INFO: L2 trigger value: -1.0
2024-10-29 01:07:32,724 INFO: Initiating safe shutdown...
2024-10-29 01:07:32,724 INFO: Setting operating mode 'velocity' for group 'All_Motors'
2024-10-29 01:07:32,725 INFO: Disabling torque for group All_Motors
2024-10-29 01:07:32,726 INFO: Enabling torque for group All_Motors
2024-10-29 01:07:32,727 WARNING: Velocity limit 200 exceeds hard limit 100. Limiting to 100.
2024-10-29 01:07:32,727 INFO: Velocity limit set to 100 for group All_Motors
2024-10-29 01:07:32,727 INFO: Enabling torque for group All_Motors
2024-10-29 01:07:32,728 INFO: Target velocities set for group All_Motors: {1: 0, 2: 0, 3: 0, 4: 0, 5: 0, 6: 0, 7: 0, 8: 0}
2024-10-29 01:07:32,729 INFO: Running set_position_group for group 'All_Motors' with positions: 180
2024-10-29 01:07:32,737 WARNING: Motor 1 is not in Position Control Mode. Setting mode now.
2024-10-29 01:07:32,737 INFO: Setting operating mode 'position' for group 'All_Motors'
2024-10-29 01:07:32,737 INFO: Disabling torque for group All_Motors
2024-10-29 01:07:32,738 INFO: Enabling torque for group All_Motors
2024-10-29 01:07:32,739 INFO: Setting the profile velocity for group All_Motors from config.yaml: 5
2024-10-29 01:07:32,740 INFO: Profile velocities set for group All_Motors: {1: 21.85, 2: 21.85, 3: 21.85, 4: 21.85, 5: 21.85, 6: 21.85, 7: 21.85, 8: 21.85}
2024-10-29 01:07:32,740 INFO: Closing PS4Controller and quitting pygame
2024-10-29 01:07:32,822 INFO: Port closed successfully.
2024-10-29 01:07:32,823 INFO: Shutdown complete.
2024-10-29 01:07:32,823 ERROR: Controller connection lost!
2024-10-29 01:07:32,824 ERROR: Controller is disconnected.
2024-10-29 01:07:32,824 ERROR: Controller connection lost!
2024-10-29 01:07:32,824 ERROR: Controller is disconnected.
2024-10-29 01:07:32,825 ERROR: Controller connection lost!
2024-10-29 01:07:32,825 ERROR: Controller is disconnected.
2024-10-29 01:07:32,826 ERROR: Error controlling pivots: 'NoneType' object is not subscriptable
