2024-09-25 22:21:04,877 INFO: Initializing PS4Controller
2024-09-25 22:21:05,102 DEBUG: Pygame initialized
2024-09-25 22:21:05,102 DEBUG: Joystick initialized
2024-09-25 22:21:05,103 DEBUG: Number of buttons on the controller: 13
2024-09-25 22:21:05,147 INFO: Configuration loaded successfully
2024-09-25 22:21:05,151 INFO: Port /dev/ttyACM0 opened successfully
2024-09-25 22:21:05,161 INFO: Baudrate set to 1000000
2024-09-25 22:21:05,161 INFO: Control table loaded successfully.
2024-09-25 22:21:05,161 INFO: Motor group 'Pivot_Group' created with motors: [7, 8]
2024-09-25 22:21:05,162 INFO: Motor group 'Wheg_Group' created with motors: [1, 2, 3, 4, 5, 6]
2024-09-25 22:21:05,162 INFO: Motor group 'All_Motors' created with motors: [1, 2, 3, 4, 5, 6, 7, 8]
2024-09-25 22:21:05,162 INFO: Motor group 'Left_Whegs' created with motors: [1, 2, 3]
2024-09-25 22:21:05,162 INFO: Motor group 'Right_Whegs' created with motors: [4, 5, 6]
2024-09-25 22:21:05,162 INFO: Motor group 'Front_Whegs' created with motors: [3, 6]
2024-09-25 22:21:05,162 INFO: Motor group 'Rear_Whegs' created with motors: [1, 4]
2024-09-25 22:21:05,162 INFO: Motor group 'Middle_Whegs' created with motors: [2, 5]
2024-09-25 22:21:05,162 INFO: Motor group 'Two_Right_One_Left' created with motors: [2, 4, 6]
2024-09-25 22:21:05,162 INFO: Motor group 'Two_Left_One_Right' created with motors: [5, 1, 3]
2024-09-25 22:21:05,163 INFO: Initialized PS4 controller, Dynamixel, and Robot State
2024-09-25 22:21:05,163 INFO: Torque disabled for group Right_Whegs
2024-09-25 22:21:05,164 INFO: Drive mode set for group Right_Whegs with reverse_direction=True
2024-09-25 22:21:05,164 INFO: Torque enabled for group Right_Whegs
2024-09-25 22:21:05,164 DEBUG: Preparing bulk read for motors: [4, 5, 6], Parameters: ['drive_mode']
2024-09-25 22:21:05,164 DEBUG: Adding motor 4, Address: 10, Length: 1 to bulk read
2024-09-25 22:21:05,164 DEBUG: Adding motor 5, Address: 10, Length: 1 to bulk read
2024-09-25 22:21:05,164 DEBUG: Adding motor 6, Address: 10, Length: 1 to bulk read
2024-09-25 22:21:05,167 DEBUG: Bulk read successful for group 'Right_Whegs'
2024-09-25 22:21:05,167 DEBUG: Motor 4 current drive mode read from bulk read: 1
2024-09-25 22:21:05,168 INFO: Motor 4 drive mode correctly set to reverse
2024-09-25 22:21:05,168 DEBUG: Motor 5 current drive mode read from bulk read: 1
2024-09-25 22:21:05,168 INFO: Motor 5 drive mode correctly set to reverse
2024-09-25 22:21:05,168 DEBUG: Motor 6 current drive mode read from bulk read: 1
2024-09-25 22:21:05,168 INFO: Motor 6 drive mode correctly set to reverse
2024-09-25 22:21:05,168 DEBUG: Preparing bulk read for motors: [1, 2, 3, 4, 5, 6, 7, 8], Parameters: present_position
2024-09-25 22:21:05,168 ERROR: Control table entry 'p' not found.
2024-09-25 22:21:05,169 ERROR: Sync write failed with error: [TxRxResult] Protocol does not support this function!
2024-09-25 22:21:05,169 ERROR: Sync write failed with error: [TxRxResult] Protocol does not support this function!
2024-09-25 22:21:05,169 INFO: Closing PS4Controller and quitting pygame
2024-09-25 22:21:05,246 ERROR: Failed to close the port: 'PortHandler' object has no attribute 'is_port_open'
2024-09-25 22:21:05,247 INFO: Shutdown complete.
