2025-04-30 16:29:52,878 INFO: Initializing PS4Controller
2025-04-30 16:29:53,270 INFO: Configuration loaded successfully
2025-04-30 16:29:53,273 INFO: Port /dev/ttyACM0 opened successfully
2025-04-30 16:29:53,283 INFO: Baudrate set to 1000000
2025-04-30 16:29:53,284 INFO: Control table loaded successfully.
2025-04-30 16:29:53,284 INFO: Motor group 'Pivot_Group' created with motors: [7, 8]
2025-04-30 16:29:53,285 INFO: Motor group 'Wheg_Group' created with motors: [1, 2, 3, 4, 5, 6]
2025-04-30 16:29:53,286 INFO: Motor group 'All_Motors' created with motors: [1, 2, 3, 4, 5, 6, 7, 8]
2025-04-30 16:29:53,286 INFO: Motor group 'Left_Whegs' created with motors: [1, 2, 3]
2025-04-30 16:29:53,287 INFO: Motor group 'Right_Whegs' created with motors: [4, 5, 6]
2025-04-30 16:29:53,287 INFO: Motor group 'Front_Whegs' created with motors: [3, 6]
2025-04-30 16:29:53,287 INFO: Motor group 'Rear_Whegs' created with motors: [1, 4]
2025-04-30 16:29:53,288 INFO: Motor group 'Middle_Whegs' created with motors: [2, 5]
2025-04-30 16:29:53,289 INFO: Motor group 'Two_Right_One_Left' created with motors: [2, 4, 6]
2025-04-30 16:29:53,289 INFO: Motor group 'Two_Left_One_Right' created with motors: [5, 1, 3]
2025-04-30 16:29:53,290 INFO: Initialised PS4 controller, Dynamixel, and Robot State
2025-04-30 16:29:53,290 INFO: Disabling torque for group Right_Whegs
2025-04-30 16:29:53,291 INFO: Drive mode set for group Right_Whegs with reverse_direction=True
2025-04-30 16:29:53,291 INFO: Enabling torque for group Right_Whegs
2025-04-30 16:29:53,292 INFO: Setting the profile velocity for group Right_Whegs from config.yaml: None
2025-04-30 16:29:53,293 ERROR: Profile velocity for group Right_Whegs not found in config.yaml and no value was provided.
2025-04-30 16:29:53,293 INFO: Disabling torque for group Left_Whegs
2025-04-30 16:29:53,294 INFO: Drive mode set for group Left_Whegs with reverse_direction=False
2025-04-30 16:29:53,294 INFO: Enabling torque for group Left_Whegs
2025-04-30 16:29:53,295 INFO: Setting the profile velocity for group Left_Whegs from config.yaml: None
2025-04-30 16:29:53,295 ERROR: Profile velocity for group Left_Whegs not found in config.yaml and no value was provided.
2025-04-30 16:29:53,296 INFO: Set the right side whegs to reverse direction
2025-04-30 16:29:53,296 INFO: Disabling torque for group Pivot_Group
2025-04-30 16:29:53,297 INFO: Drive mode set for group Pivot_Group with reverse_direction=False
2025-04-30 16:29:53,297 INFO: Enabling torque for group Pivot_Group
2025-04-30 16:29:53,298 INFO: Setting the profile velocity for group Pivot_Group from config.yaml: 4
2025-04-30 16:29:53,299 INFO: Profile velocities set for group Pivot_Group: {7: 17.48, 8: 17.48}
2025-04-30 16:29:53,300 INFO: Position limits set for group Pivot_Group: min=45° (ticks=511), max=315° (ticks=3583)
2025-04-30 16:29:53,300 INFO: Set position limits for the pivot motors
2025-04-30 16:29:53,440 INFO: Initialising Gait 1
2025-04-30 16:29:53,440 INFO: Disabling torque for group Wheg_Group
2025-04-30 16:29:53,441 INFO: Drive mode set for group Wheg_Group with reverse_direction={1: 0, 2: 0, 3: 0, 4: 1, 5: 1, 6: 1}
2025-04-30 16:29:53,442 INFO: Enabling torque for group Wheg_Group
2025-04-30 16:29:53,443 INFO: Setting the profile velocity for group Wheg_Group from config.yaml: 10
2025-04-30 16:29:53,443 INFO: Profile velocities set for group Wheg_Group: {1: 43.7, 2: 43.7, 3: 43.7, 4: 43.7, 5: 43.7, 6: 43.7}
2025-04-30 16:29:53,444 WARNING: Set direction of whegs to forward
2025-04-30 16:29:53,444 WARNING: Direction set for all whegs
2025-04-30 16:29:53,445 INFO: Running set_position_group for group 'Wheg_Group' with positions: 180
2025-04-30 16:29:53,450 INFO: Running set_position_group for group 'Pivot_Group' with positions: 180
2025-04-30 16:29:53,454 INFO: Initialised Gait 1, waiting for 1 seconds
2025-04-30 16:29:53,454 ERROR: Error controlling pivots: 'dpad_down'
2025-04-30 16:29:54,471 INFO: Setting operating mode 'multi_turn' for group 'Wheg_Group'
2025-04-30 16:29:54,472 INFO: Disabling torque for group Wheg_Group
2025-04-30 16:29:54,473 INFO: Enabling torque for group Wheg_Group
2025-04-30 16:29:54,474 INFO: Setting the profile velocity for group Wheg_Group from config.yaml: 10
2025-04-30 16:29:54,475 INFO: Profile velocities set for group Wheg_Group: {1: 43.7, 2: 43.7, 3: 43.7, 4: 43.7, 5: 43.7, 6: 43.7}
2025-04-30 16:29:54,475 INFO: Setting the profile velocity for group Wheg_Group from config.yaml: 10
2025-04-30 16:29:54,476 INFO: Profile velocities set for group Wheg_Group: {1: 43.7, 2: 43.7, 3: 43.7, 4: 43.7, 5: 43.7, 6: 43.7}
2025-04-30 16:29:54,477 INFO: New gait 1 is now active.
2025-04-30 16:30:33,429 INFO: Initiating safe shutdown...
2025-04-30 16:30:33,429 INFO: Setting operating mode 'velocity' for group 'All_Motors'
2025-04-30 16:30:33,429 INFO: Disabling torque for group All_Motors
2025-04-30 16:30:33,430 INFO: Enabling torque for group All_Motors
2025-04-30 16:30:33,430 INFO: Setting the profile velocity for group All_Motors from config.yaml: 8
2025-04-30 16:30:33,431 INFO: Profile velocities set for group All_Motors: {1: 34.96, 2: 34.96, 3: 34.96, 4: 34.96, 5: 34.96, 6: 34.96, 7: 34.96, 8: 34.96}
2025-04-30 16:30:33,431 WARNING: Velocity limit 200 exceeds hard limit 100. Limiting to 100.
2025-04-30 16:30:33,431 INFO: Velocity limit set to 100 for group All_Motors
2025-04-30 16:30:33,431 INFO: Enabling torque for group All_Motors
2025-04-30 16:30:33,432 INFO: Setting the profile velocity for group All_Motors from config.yaml: 8
2025-04-30 16:30:33,432 INFO: Profile velocities set for group All_Motors: {1: 34.96, 2: 34.96, 3: 34.96, 4: 34.96, 5: 34.96, 6: 34.96, 7: 34.96, 8: 34.96}
2025-04-30 16:30:33,433 INFO: Target velocities set for group All_Motors: {1: 0, 2: 0, 3: 0, 4: 0, 5: 0, 6: 0, 7: 0, 8: 0}
2025-04-30 16:30:33,433 INFO: Running set_position_group for group 'All_Motors' with positions: 180
2025-04-30 16:30:33,441 WARNING: Motor 1 is not in Position Control Mode. Setting mode now.
2025-04-30 16:30:33,442 INFO: Setting operating mode 'position' for group 'All_Motors'
2025-04-30 16:30:33,442 INFO: Disabling torque for group All_Motors
2025-04-30 16:30:33,443 INFO: Enabling torque for group All_Motors
2025-04-30 16:30:33,444 INFO: Setting the profile velocity for group All_Motors from config.yaml: 8
2025-04-30 16:30:33,444 INFO: Profile velocities set for group All_Motors: {1: 34.96, 2: 34.96, 3: 34.96, 4: 34.96, 5: 34.96, 6: 34.96, 7: 34.96, 8: 34.96}
2025-04-30 16:30:33,445 INFO: Setting the profile velocity for group All_Motors from config.yaml: 8
2025-04-30 16:30:33,445 INFO: Profile velocities set for group All_Motors: {1: 34.96, 2: 34.96, 3: 34.96, 4: 34.96, 5: 34.96, 6: 34.96, 7: 34.96, 8: 34.96}
2025-04-30 16:30:33,445 INFO: Closing PS4Controller and quitting pygame
2025-04-30 16:30:33,490 INFO: Port closed successfully.
2025-04-30 16:30:33,491 INFO: Shutdown complete.
2025-04-30 16:30:33,491 ERROR: Error checking hardware errors: Attempting to use a port that is not open
