2024-10-29 19:16:45,862 INFO: Initializing PS4Controller
2024-10-29 19:16:46,195 INFO: Configuration loaded successfully
2024-10-29 19:16:46,199 INFO: Port /dev/ttyACM0 opened successfully
2024-10-29 19:16:46,209 INFO: Baudrate set to 1000000
2024-10-29 19:16:46,209 INFO: Control table loaded successfully.
2024-10-29 19:16:46,210 INFO: Motor group 'Pivot_Group' created with motors: [7, 8]
2024-10-29 19:16:46,211 INFO: Motor group 'Wheg_Group' created with motors: [1, 2, 3, 4, 5, 6]
2024-10-29 19:16:46,211 INFO: Motor group 'All_Motors' created with motors: [1, 2, 3, 4, 5, 6, 7, 8]
2024-10-29 19:16:46,212 INFO: Motor group 'Left_Whegs' created with motors: [1, 2, 3]
2024-10-29 19:16:46,212 INFO: Motor group 'Right_Whegs' created with motors: [4, 5, 6]
2024-10-29 19:16:46,213 INFO: Motor group 'Front_Whegs' created with motors: [3, 6]
2024-10-29 19:16:46,213 INFO: Motor group 'Rear_Whegs' created with motors: [1, 4]
2024-10-29 19:16:46,214 INFO: Motor group 'Middle_Whegs' created with motors: [2, 5]
2024-10-29 19:16:46,214 INFO: Motor group 'Two_Right_One_Left' created with motors: [2, 4, 6]
2024-10-29 19:16:46,215 INFO: Motor group 'Two_Left_One_Right' created with motors: [5, 1, 3]
2024-10-29 19:16:46,216 INFO: Initialised PS4 controller, Dynamixel, and Robot State
2024-10-29 19:16:46,398 INFO: Disabling torque for group Right_Whegs
2024-10-29 19:16:46,401 INFO: Drive mode set for group Right_Whegs with reverse_direction=True
2024-10-29 19:16:46,402 INFO: Enabling torque for group Right_Whegs
2024-10-29 19:16:46,404 INFO: Setting the profile velocity for group Right_Whegs from config.yaml: None
2024-10-29 19:16:46,405 ERROR: Profile velocity for group Right_Whegs not found in config.yaml and no value was provided.
2024-10-29 19:16:46,408 INFO: Profile velocities set for group Right_Whegs: {4: 21.85, 5: 21.85, 6: 21.85}
2024-10-29 19:16:46,409 INFO: Disabling torque for group Left_Whegs
2024-10-29 19:16:46,410 INFO: Drive mode set for group Left_Whegs with reverse_direction=False
2024-10-29 19:16:46,411 INFO: Enabling torque for group Left_Whegs
2024-10-29 19:16:46,412 INFO: Setting the profile velocity for group Left_Whegs from config.yaml: None
2024-10-29 19:16:46,412 ERROR: Profile velocity for group Left_Whegs not found in config.yaml and no value was provided.
2024-10-29 19:16:46,413 INFO: Profile velocities set for group Left_Whegs: {1: 21.85, 2: 21.85, 3: 21.85}
2024-10-29 19:16:46,414 INFO: Set the right side whegs to reverse direction
2024-10-29 19:16:46,414 INFO: Disabling torque for group Pivot_Group
2024-10-29 19:16:46,415 INFO: Drive mode set for group Pivot_Group with reverse_direction=False
2024-10-29 19:16:46,416 INFO: Enabling torque for group Pivot_Group
2024-10-29 19:16:46,416 INFO: Setting the profile velocity for group Pivot_Group from config.yaml: 4
2024-10-29 19:16:46,418 INFO: Profile velocities set for group Pivot_Group: {7: 17.48, 8: 17.48}
2024-10-29 19:16:46,420 INFO: Position limits set for group Pivot_Group: min=45° (ticks=511), max=315° (ticks=3583)
2024-10-29 19:16:46,420 INFO: Set position limits for the pivot motors
2024-10-29 19:16:46,429 INFO: Initialising Gait 1
2024-10-29 19:16:46,430 INFO: Running set_position_group for group 'Wheg_Group' with positions: 180
2024-10-29 19:16:46,435 INFO: Running set_position_group for group 'Pivot_Group' with positions: 180
2024-10-29 19:16:46,439 INFO: Initialised Gait 1, waiting for 3 seconds
2024-10-29 19:16:46,440 ERROR: Error controlling pivots: 'dpad_down'
2024-10-29 19:16:49,466 INFO: Setting operating mode 'multi_turn' for group 'Wheg_Group'
2024-10-29 19:16:49,467 INFO: Disabling torque for group Wheg_Group
2024-10-29 19:16:49,470 INFO: Enabling torque for group Wheg_Group
2024-10-29 19:16:49,473 INFO: Setting the profile velocity for group Wheg_Group from config.yaml: 10
2024-10-29 19:16:49,474 INFO: Profile velocities set for group Wheg_Group: {1: 43.7, 2: 43.7, 3: 43.7, 4: 43.7, 5: 43.7, 6: 43.7}
2024-10-29 19:16:49,475 INFO: Setting the profile velocity for group Wheg_Group from config.yaml: 10
2024-10-29 19:16:49,476 INFO: Profile velocities set for group Wheg_Group: {1: 43.7, 2: 43.7, 3: 43.7, 4: 43.7, 5: 43.7, 6: 43.7}
2024-10-29 19:16:49,476 INFO: New gait 1 is now active.
2024-10-29 19:16:53,834 INFO: Triangle pressed. Preparing to change to next gait: 2
2024-10-29 19:16:53,844 INFO: Initialising Gait 2
2024-10-29 19:16:53,845 INFO: Running set_position_group for group 'Wheg_Group' with positions: {1: 160, 2: 200, 3: 160, 4: 200, 5: 160, 6: 200}
2024-10-29 19:16:53,850 WARNING: Motor 1 is not in Position Control Mode. Setting mode now.
2024-10-29 19:16:53,850 INFO: Setting operating mode 'position' for group 'Wheg_Group'
2024-10-29 19:16:53,851 INFO: Disabling torque for group Wheg_Group
2024-10-29 19:16:53,852 INFO: Enabling torque for group Wheg_Group
2024-10-29 19:16:53,853 INFO: Setting the profile velocity for group Wheg_Group from config.yaml: 10
2024-10-29 19:16:53,854 INFO: Profile velocities set for group Wheg_Group: {1: 43.7, 2: 43.7, 3: 43.7, 4: 43.7, 5: 43.7, 6: 43.7}
2024-10-29 19:16:53,854 INFO: Setting the profile velocity for group Wheg_Group from config.yaml: 10
2024-10-29 19:16:53,855 INFO: Profile velocities set for group Wheg_Group: {1: 43.7, 2: 43.7, 3: 43.7, 4: 43.7, 5: 43.7, 6: 43.7}
2024-10-29 19:16:53,856 INFO: Running set_position_group for group 'Pivot_Group' with positions: 180
2024-10-29 19:16:53,860 INFO: Initialised Gait 2, waiting for 3 seconds
2024-10-29 19:16:56,898 INFO: Setting operating mode 'multi_turn' for group 'Wheg_Group'
2024-10-29 19:16:56,898 INFO: Disabling torque for group Wheg_Group
2024-10-29 19:16:56,901 INFO: Enabling torque for group Wheg_Group
2024-10-29 19:16:56,904 INFO: Setting the profile velocity for group Wheg_Group from config.yaml: 10
2024-10-29 19:16:56,906 INFO: Profile velocities set for group Wheg_Group: {1: 43.7, 2: 43.7, 3: 43.7, 4: 43.7, 5: 43.7, 6: 43.7}
2024-10-29 19:16:56,906 INFO: Setting the profile velocity for group Wheg_Group from config.yaml: 10
2024-10-29 19:16:56,907 INFO: Profile velocities set for group Wheg_Group: {1: 43.7, 2: 43.7, 3: 43.7, 4: 43.7, 5: 43.7, 6: 43.7}
2024-10-29 19:16:56,908 INFO: New gait 2 is now active.
2024-10-29 19:16:56,931 INFO: Profile velocities set for group Wheg_Group: {1: 8.74, 2: 69.92, 3: 8.74, 4: 69.92, 5: 8.74, 6: 69.92}
2024-10-29 19:16:56,931 INFO: Incrementing motor positions by {1: 40, 2: 320, 3: 40, 4: 320, 5: 40, 6: 320} degrees for group 'Wheg_Group'
2024-10-29 19:16:56,942 INFO: Gait 2 step executed at 2.00RPM, wait for 3.36 seconds
2024-10-29 19:17:00,342 INFO: Profile velocities set for group Wheg_Group: {1: 104.88, 2: 13.11, 3: 104.88, 4: 13.11, 5: 104.88, 6: 13.11}
2024-10-29 19:17:00,343 INFO: Incrementing motor positions by {1: 320, 2: 40, 3: 320, 4: 40, 5: 320, 6: 40} degrees for group 'Wheg_Group'
2024-10-29 19:17:00,354 INFO: Gait 2 step executed at 3.00RPM, wait for 2.25 seconds
2024-10-29 19:17:02,643 INFO: Profile velocities set for group Wheg_Group: {1: 13.709728088378906, 2: 109.67782470703125, 3: 13.709728088378906, 4: 109.67782470703125, 5: 13.709728088378906, 6: 109.67782470703125}
2024-10-29 19:17:02,644 INFO: Incrementing motor positions by {1: 40, 2: 320, 3: 40, 4: 320, 5: 40, 6: 320} degrees for group 'Wheg_Group'
2024-10-29 19:17:02,655 INFO: Gait 2 step executed at 3.14RPM, wait for 2.15 seconds
2024-10-29 19:17:04,830 INFO: Profile velocities set for group Wheg_Group: {1: 110.77459228515626, 2: 13.846824035644532, 3: 110.77459228515626, 4: 13.846824035644532, 5: 110.77459228515626, 6: 13.846824035644532}
2024-10-29 19:17:04,830 INFO: Incrementing motor positions by {1: 320, 2: 40, 3: 320, 4: 40, 5: 320, 6: 40} degrees for group 'Wheg_Group'
2024-10-29 19:17:04,840 INFO: Gait 2 step executed at 3.17RPM, wait for 2.13 seconds
2024-10-29 19:17:06,872 INFO: Triangle pressed. Preparing to change to next gait: 3
2024-10-29 19:17:06,988 INFO: Initialsing Gait 3
2024-10-29 19:17:06,989 INFO: Running set_position_group for group 'Wheg_Group' with positions: {1: 200, 2: 160, 3: 160, 4: 200, 5: 160, 6: 160}
2024-10-29 19:17:06,994 WARNING: Motor 1 is not in Position Control Mode. Setting mode now.
2024-10-29 19:17:06,995 INFO: Setting operating mode 'position' for group 'Wheg_Group'
2024-10-29 19:17:06,995 INFO: Disabling torque for group Wheg_Group
2024-10-29 19:17:06,996 INFO: Enabling torque for group Wheg_Group
2024-10-29 19:17:06,997 INFO: Setting the profile velocity for group Wheg_Group from config.yaml: 10
2024-10-29 19:17:06,998 INFO: Profile velocities set for group Wheg_Group: {1: 43.7, 2: 43.7, 3: 43.7, 4: 43.7, 5: 43.7, 6: 43.7}
2024-10-29 19:17:06,998 INFO: Setting the profile velocity for group Wheg_Group from config.yaml: 10
2024-10-29 19:17:06,999 INFO: Profile velocities set for group Wheg_Group: {1: 43.7, 2: 43.7, 3: 43.7, 4: 43.7, 5: 43.7, 6: 43.7}
2024-10-29 19:17:07,000 INFO: Running set_position_group for group 'Pivot_Group' with positions: 180
2024-10-29 19:17:07,003 INFO: Initialised Gait 3, waiting for 3 seconds
2024-10-29 19:17:07,060 INFO: Triangle pressed. Preparing to change to next gait: 3
2024-10-29 19:17:09,379 INFO: Triangle pressed. Preparing to change to next gait: 3
2024-10-29 19:17:09,566 INFO: Triangle pressed. Preparing to change to next gait: 3
2024-10-29 19:17:10,034 INFO: Setting operating mode 'multi_turn' for group 'Wheg_Group'
2024-10-29 19:17:10,035 INFO: Disabling torque for group Wheg_Group
2024-10-29 19:17:10,037 INFO: Enabling torque for group Wheg_Group
2024-10-29 19:17:10,040 INFO: Setting the profile velocity for group Wheg_Group from config.yaml: 10
2024-10-29 19:17:10,041 INFO: Profile velocities set for group Wheg_Group: {1: 43.7, 2: 43.7, 3: 43.7, 4: 43.7, 5: 43.7, 6: 43.7}
2024-10-29 19:17:10,042 INFO: Setting the profile velocity for group Wheg_Group from config.yaml: 10
2024-10-29 19:17:10,042 INFO: Profile velocities set for group Wheg_Group: {1: 43.7, 2: 43.7, 3: 43.7, 4: 43.7, 5: 43.7, 6: 43.7}
2024-10-29 19:17:10,043 INFO: New gait 3 is now active.
2024-10-29 19:17:11,909 INFO: Triangle pressed. Preparing to change to next gait: 1
2024-10-29 19:17:11,920 INFO: Initialising Gait 1
2024-10-29 19:17:11,921 INFO: Running set_position_group for group 'Wheg_Group' with positions: 180
2024-10-29 19:17:11,927 WARNING: Motor 1 is not in Position Control Mode. Setting mode now.
2024-10-29 19:17:11,928 INFO: Setting operating mode 'position' for group 'Wheg_Group'
2024-10-29 19:17:11,929 INFO: Disabling torque for group Wheg_Group
2024-10-29 19:17:11,931 INFO: Enabling torque for group Wheg_Group
2024-10-29 19:17:11,932 INFO: Setting the profile velocity for group Wheg_Group from config.yaml: 10
2024-10-29 19:17:11,933 INFO: Profile velocities set for group Wheg_Group: {1: 43.7, 2: 43.7, 3: 43.7, 4: 43.7, 5: 43.7, 6: 43.7}
2024-10-29 19:17:11,933 INFO: Setting the profile velocity for group Wheg_Group from config.yaml: 10
2024-10-29 19:17:11,934 INFO: Profile velocities set for group Wheg_Group: {1: 43.7, 2: 43.7, 3: 43.7, 4: 43.7, 5: 43.7, 6: 43.7}
2024-10-29 19:17:11,935 INFO: Running set_position_group for group 'Pivot_Group' with positions: 180
2024-10-29 19:17:11,938 INFO: Initialised Gait 1, waiting for 3 seconds
2024-10-29 19:17:14,524 INFO: Share pressed. Reversing the direction of the whegs
2024-10-29 19:17:14,713 INFO: Share pressed. Reversing the direction of the whegs
2024-10-29 19:17:14,901 INFO: Share pressed. Reversing the direction of the whegs
2024-10-29 19:17:14,940 INFO: Setting operating mode 'multi_turn' for group 'Wheg_Group'
2024-10-29 19:17:14,940 INFO: Disabling torque for group Wheg_Group
2024-10-29 19:17:14,941 INFO: Enabling torque for group Wheg_Group
2024-10-29 19:17:14,942 INFO: Setting the profile velocity for group Wheg_Group from config.yaml: 10
2024-10-29 19:17:14,943 INFO: Profile velocities set for group Wheg_Group: {1: 43.7, 2: 43.7, 3: 43.7, 4: 43.7, 5: 43.7, 6: 43.7}
2024-10-29 19:17:14,943 INFO: Setting the profile velocity for group Wheg_Group from config.yaml: 10
2024-10-29 19:17:14,944 INFO: Profile velocities set for group Wheg_Group: {1: 43.7, 2: 43.7, 3: 43.7, 4: 43.7, 5: 43.7, 6: 43.7}
2024-10-29 19:17:14,944 INFO: New gait 1 is now active.
2024-10-29 19:17:14,950 INFO: Disabling torque for group Wheg_Group
2024-10-29 19:17:14,951 INFO: Drive mode set for group Wheg_Group with reverse_direction={1: 1, 2: 1, 3: 1, 4: 0, 5: 0, 6: 0}
2024-10-29 19:17:14,951 INFO: Enabling torque for group Wheg_Group
2024-10-29 19:17:14,952 INFO: Setting the profile velocity for group Wheg_Group from config.yaml: 10
2024-10-29 19:17:14,953 INFO: Profile velocities set for group Wheg_Group: {1: 43.7, 2: 43.7, 3: 43.7, 4: 43.7, 5: 43.7, 6: 43.7}
2024-10-29 19:17:14,953 INFO: Reversed the direction of all whegs, waiting for 3 seconds
2024-10-29 19:17:17,954 INFO: Direction of whegs reversed.
2024-10-29 19:17:18,019 INFO: Initialising Gait 1
2024-10-29 19:17:18,020 INFO: Running set_position_group for group 'Wheg_Group' with positions: 180
2024-10-29 19:17:18,027 WARNING: Motor 1 is not in Position Control Mode. Setting mode now.
2024-10-29 19:17:18,027 INFO: Setting operating mode 'position' for group 'Wheg_Group'
2024-10-29 19:17:18,028 INFO: Disabling torque for group Wheg_Group
2024-10-29 19:17:18,029 INFO: Enabling torque for group Wheg_Group
2024-10-29 19:17:18,030 INFO: Setting the profile velocity for group Wheg_Group from config.yaml: 10
2024-10-29 19:17:18,031 INFO: Profile velocities set for group Wheg_Group: {1: 43.7, 2: 43.7, 3: 43.7, 4: 43.7, 5: 43.7, 6: 43.7}
2024-10-29 19:17:18,032 INFO: Setting the profile velocity for group Wheg_Group from config.yaml: 10
2024-10-29 19:17:18,034 INFO: Profile velocities set for group Wheg_Group: {1: 43.7, 2: 43.7, 3: 43.7, 4: 43.7, 5: 43.7, 6: 43.7}
2024-10-29 19:17:18,035 INFO: Running set_position_group for group 'Pivot_Group' with positions: 180
2024-10-29 19:17:18,039 INFO: Initialised Gait 1, waiting for 3 seconds
2024-10-29 19:17:18,858 INFO: Running set_position_group for group 'Pivot_Group' with positions: {7: 175, 8: 180}
2024-10-29 19:17:18,862 INFO: Front pivot angle set to 175 degrees (ticks: 175)
2024-10-29 19:17:18,863 INFO: Rear pivot angle set to 180 degrees (ticks: 180)
2024-10-29 19:17:19,141 INFO: Running set_position_group for group 'Pivot_Group' with positions: {7: 170, 8: 180}
2024-10-29 19:17:19,145 INFO: Front pivot angle set to 170 degrees (ticks: 170)
2024-10-29 19:17:19,147 INFO: Rear pivot angle set to 180 degrees (ticks: 180)
2024-10-29 19:17:19,422 INFO: Running set_position_group for group 'Pivot_Group' with positions: {7: 165, 8: 180}
2024-10-29 19:17:19,427 INFO: Front pivot angle set to 165 degrees (ticks: 165)
2024-10-29 19:17:19,428 INFO: Rear pivot angle set to 180 degrees (ticks: 180)
2024-10-29 19:17:19,703 INFO: Running set_position_group for group 'Pivot_Group' with positions: {7: 160, 8: 180}
2024-10-29 19:17:19,708 INFO: Front pivot angle set to 160 degrees (ticks: 160)
2024-10-29 19:17:19,708 INFO: Rear pivot angle set to 180 degrees (ticks: 180)
2024-10-29 19:17:19,984 INFO: Running set_position_group for group 'Pivot_Group' with positions: {7: 155, 8: 180}
2024-10-29 19:17:19,989 INFO: Front pivot angle set to 155 degrees (ticks: 155)
2024-10-29 19:17:19,990 INFO: Rear pivot angle set to 180 degrees (ticks: 180)
2024-10-29 19:17:20,267 INFO: Running set_position_group for group 'Pivot_Group' with positions: {7: 150, 8: 180}
2024-10-29 19:17:20,272 INFO: Front pivot angle set to 150 degrees (ticks: 150)
2024-10-29 19:17:20,272 INFO: Rear pivot angle set to 180 degrees (ticks: 180)
2024-10-29 19:17:20,550 INFO: Running set_position_group for group 'Pivot_Group' with positions: {7: 145, 8: 180}
2024-10-29 19:17:20,556 INFO: Front pivot angle set to 145 degrees (ticks: 145)
2024-10-29 19:17:20,556 INFO: Rear pivot angle set to 180 degrees (ticks: 180)
2024-10-29 19:17:20,831 INFO: Running set_position_group for group 'Pivot_Group' with positions: {7: 140, 8: 180}
2024-10-29 19:17:20,837 INFO: Front pivot angle set to 140 degrees (ticks: 140)
2024-10-29 19:17:20,837 INFO: Rear pivot angle set to 180 degrees (ticks: 180)
2024-10-29 19:17:21,040 INFO: Setting operating mode 'multi_turn' for group 'Wheg_Group'
2024-10-29 19:17:21,040 INFO: Disabling torque for group Wheg_Group
2024-10-29 19:17:21,041 INFO: Enabling torque for group Wheg_Group
2024-10-29 19:17:21,042 INFO: Setting the profile velocity for group Wheg_Group from config.yaml: 10
2024-10-29 19:17:21,043 INFO: Profile velocities set for group Wheg_Group: {1: 43.7, 2: 43.7, 3: 43.7, 4: 43.7, 5: 43.7, 6: 43.7}
2024-10-29 19:17:21,043 INFO: Setting the profile velocity for group Wheg_Group from config.yaml: 10
2024-10-29 19:17:21,044 INFO: Profile velocities set for group Wheg_Group: {1: 43.7, 2: 43.7, 3: 43.7, 4: 43.7, 5: 43.7, 6: 43.7}
2024-10-29 19:17:21,045 INFO: New gait 1 is now active.
2024-10-29 19:17:21,122 INFO: Running set_position_group for group 'Pivot_Group' with positions: {7: 135, 8: 180}
2024-10-29 19:17:21,125 INFO: Front pivot angle set to 135 degrees (ticks: 135)
2024-10-29 19:17:21,126 INFO: Rear pivot angle set to 180 degrees (ticks: 180)
2024-10-29 19:17:21,405 INFO: Running set_position_group for group 'Pivot_Group' with positions: {7: 130, 8: 180}
2024-10-29 19:17:21,408 INFO: Front pivot angle set to 130 degrees (ticks: 130)
2024-10-29 19:17:21,408 INFO: Rear pivot angle set to 180 degrees (ticks: 180)
2024-10-29 19:17:21,685 INFO: Running set_position_group for group 'Pivot_Group' with positions: {7: 125, 8: 180}
2024-10-29 19:17:21,688 INFO: Front pivot angle set to 125 degrees (ticks: 125)
2024-10-29 19:17:21,689 INFO: Rear pivot angle set to 180 degrees (ticks: 180)
2024-10-29 19:17:21,967 INFO: Running set_position_group for group 'Pivot_Group' with positions: {7: 120, 8: 180}
2024-10-29 19:17:21,971 INFO: Front pivot angle set to 120 degrees (ticks: 120)
2024-10-29 19:17:21,971 INFO: Rear pivot angle set to 180 degrees (ticks: 180)
2024-10-29 19:17:22,249 INFO: Running set_position_group for group 'Pivot_Group' with positions: {7: 115, 8: 180}
2024-10-29 19:17:22,253 INFO: Front pivot angle set to 115 degrees (ticks: 115)
2024-10-29 19:17:22,253 INFO: Rear pivot angle set to 180 degrees (ticks: 180)
2024-10-29 19:17:22,532 INFO: Running set_position_group for group 'Pivot_Group' with positions: {7: 110, 8: 180}
2024-10-29 19:17:22,536 INFO: Front pivot angle set to 110 degrees (ticks: 110)
2024-10-29 19:17:22,536 INFO: Rear pivot angle set to 180 degrees (ticks: 180)
2024-10-29 19:17:22,815 INFO: Running set_position_group for group 'Pivot_Group' with positions: {7: 105, 8: 180}
2024-10-29 19:17:22,818 INFO: Front pivot angle set to 105 degrees (ticks: 105)
2024-10-29 19:17:22,819 INFO: Rear pivot angle set to 180 degrees (ticks: 180)
2024-10-29 19:17:23,097 INFO: Running set_position_group for group 'Pivot_Group' with positions: {7: 100, 8: 180}
2024-10-29 19:17:23,101 INFO: Front pivot angle set to 100 degrees (ticks: 100)
2024-10-29 19:17:23,101 INFO: Rear pivot angle set to 180 degrees (ticks: 180)
2024-10-29 19:17:23,381 INFO: Running set_position_group for group 'Pivot_Group' with positions: {7: 95, 8: 180}
2024-10-29 19:17:23,385 INFO: Front pivot angle set to 95 degrees (ticks: 95)
2024-10-29 19:17:23,385 INFO: Rear pivot angle set to 180 degrees (ticks: 180)
2024-10-29 19:17:23,665 INFO: Running set_position_group for group 'Pivot_Group' with positions: {7: 90, 8: 180}
2024-10-29 19:17:23,669 INFO: Front pivot angle set to 90 degrees (ticks: 90)
2024-10-29 19:17:23,670 INFO: Rear pivot angle set to 180 degrees (ticks: 180)
2024-10-29 19:17:23,951 INFO: Running set_position_group for group 'Pivot_Group' with positions: {7: 85, 8: 180}
2024-10-29 19:17:23,955 INFO: Front pivot angle set to 85 degrees (ticks: 85)
2024-10-29 19:17:23,958 INFO: Rear pivot angle set to 180 degrees (ticks: 180)
2024-10-29 19:17:24,234 INFO: Running set_position_group for group 'Pivot_Group' with positions: {7: 80, 8: 180}
2024-10-29 19:17:24,238 INFO: Front pivot angle set to 80 degrees (ticks: 80)
2024-10-29 19:17:24,238 INFO: Rear pivot angle set to 180 degrees (ticks: 180)
2024-10-29 19:17:25,377 INFO: Running set_position_group for group 'Pivot_Group' with positions: {7: 85, 8: 180}
2024-10-29 19:17:25,380 INFO: Front pivot angle set to 85 degrees (ticks: 85)
2024-10-29 19:17:25,381 INFO: Rear pivot angle set to 180 degrees (ticks: 180)
2024-10-29 19:17:25,661 INFO: Running set_position_group for group 'Pivot_Group' with positions: {7: 90, 8: 180}
2024-10-29 19:17:25,664 INFO: Front pivot angle set to 90 degrees (ticks: 90)
2024-10-29 19:17:25,665 INFO: Rear pivot angle set to 180 degrees (ticks: 180)
2024-10-29 19:17:25,945 INFO: Running set_position_group for group 'Pivot_Group' with positions: {7: 95, 8: 180}
2024-10-29 19:17:25,949 INFO: Front pivot angle set to 95 degrees (ticks: 95)
2024-10-29 19:17:25,949 INFO: Rear pivot angle set to 180 degrees (ticks: 180)
2024-10-29 19:17:29,933 INFO: Running set_position_group for group 'Pivot_Group' with positions: {7: 100, 8: 180}
2024-10-29 19:17:29,937 INFO: Front pivot angle set to 100 degrees (ticks: 100)
2024-10-29 19:17:29,937 INFO: Rear pivot angle set to 180 degrees (ticks: 180)
2024-10-29 19:17:30,219 INFO: Running set_position_group for group 'Pivot_Group' with positions: {7: 105, 8: 180}
2024-10-29 19:17:30,222 INFO: Front pivot angle set to 105 degrees (ticks: 105)
2024-10-29 19:17:30,223 INFO: Rear pivot angle set to 180 degrees (ticks: 180)
2024-10-29 19:17:30,505 INFO: Running set_position_group for group 'Pivot_Group' with positions: {7: 110, 8: 180}
2024-10-29 19:17:30,509 INFO: Front pivot angle set to 110 degrees (ticks: 110)
2024-10-29 19:17:30,509 INFO: Rear pivot angle set to 180 degrees (ticks: 180)
2024-10-29 19:17:30,789 INFO: Running set_position_group for group 'Pivot_Group' with positions: {7: 115, 8: 180}
2024-10-29 19:17:30,793 INFO: Front pivot angle set to 115 degrees (ticks: 115)
2024-10-29 19:17:30,793 INFO: Rear pivot angle set to 180 degrees (ticks: 180)
2024-10-29 19:17:31,075 INFO: Running set_position_group for group 'Pivot_Group' with positions: {7: 120, 8: 180}
2024-10-29 19:17:31,079 INFO: Front pivot angle set to 120 degrees (ticks: 120)
2024-10-29 19:17:31,079 INFO: Rear pivot angle set to 180 degrees (ticks: 180)
2024-10-29 19:17:31,362 INFO: Running set_position_group for group 'Pivot_Group' with positions: {7: 125, 8: 180}
2024-10-29 19:17:31,365 INFO: Front pivot angle set to 125 degrees (ticks: 125)
2024-10-29 19:17:31,365 INFO: Rear pivot angle set to 180 degrees (ticks: 180)
2024-10-29 19:17:31,648 INFO: Running set_position_group for group 'Pivot_Group' with positions: {7: 130, 8: 180}
2024-10-29 19:17:31,652 INFO: Front pivot angle set to 130 degrees (ticks: 130)
2024-10-29 19:17:31,653 INFO: Rear pivot angle set to 180 degrees (ticks: 180)
2024-10-29 19:17:31,936 INFO: Running set_position_group for group 'Pivot_Group' with positions: {7: 135, 8: 180}
2024-10-29 19:17:31,939 INFO: Front pivot angle set to 135 degrees (ticks: 135)
2024-10-29 19:17:31,939 INFO: Rear pivot angle set to 180 degrees (ticks: 180)
2024-10-29 19:17:32,226 INFO: Running set_position_group for group 'Pivot_Group' with positions: {7: 140, 8: 180}
2024-10-29 19:17:32,229 INFO: Front pivot angle set to 140 degrees (ticks: 140)
2024-10-29 19:17:32,230 INFO: Rear pivot angle set to 180 degrees (ticks: 180)
2024-10-29 19:17:32,513 INFO: Running set_position_group for group 'Pivot_Group' with positions: {7: 145, 8: 180}
2024-10-29 19:17:32,516 INFO: Front pivot angle set to 145 degrees (ticks: 145)
2024-10-29 19:17:32,517 INFO: Rear pivot angle set to 180 degrees (ticks: 180)
2024-10-29 19:17:32,799 INFO: Running set_position_group for group 'Pivot_Group' with positions: {7: 150, 8: 180}
2024-10-29 19:17:32,803 INFO: Front pivot angle set to 150 degrees (ticks: 150)
2024-10-29 19:17:32,803 INFO: Rear pivot angle set to 180 degrees (ticks: 180)
2024-10-29 19:17:33,085 INFO: Running set_position_group for group 'Pivot_Group' with positions: {7: 155, 8: 180}
2024-10-29 19:17:33,089 INFO: Front pivot angle set to 155 degrees (ticks: 155)
2024-10-29 19:17:33,089 INFO: Rear pivot angle set to 180 degrees (ticks: 180)
2024-10-29 19:17:33,372 INFO: Running set_position_group for group 'Pivot_Group' with positions: {7: 160, 8: 180}
2024-10-29 19:17:33,376 INFO: Front pivot angle set to 160 degrees (ticks: 160)
2024-10-29 19:17:33,376 INFO: Rear pivot angle set to 180 degrees (ticks: 180)
2024-10-29 19:17:33,657 INFO: Running set_position_group for group 'Pivot_Group' with positions: {7: 165, 8: 180}
2024-10-29 19:17:33,660 INFO: Front pivot angle set to 165 degrees (ticks: 165)
2024-10-29 19:17:33,660 INFO: Rear pivot angle set to 180 degrees (ticks: 180)
2024-10-29 19:17:33,942 INFO: Running set_position_group for group 'Pivot_Group' with positions: {7: 170, 8: 180}
2024-10-29 19:17:33,946 INFO: Front pivot angle set to 170 degrees (ticks: 170)
2024-10-29 19:17:33,946 INFO: Rear pivot angle set to 180 degrees (ticks: 180)
2024-10-29 19:17:34,229 INFO: Running set_position_group for group 'Pivot_Group' with positions: {7: 175, 8: 180}
2024-10-29 19:17:34,233 INFO: Front pivot angle set to 175 degrees (ticks: 175)
2024-10-29 19:17:34,233 INFO: Rear pivot angle set to 180 degrees (ticks: 180)
2024-10-29 19:17:34,803 INFO: Running set_position_group for group 'Pivot_Group' with positions: {7: 180, 8: 180}
2024-10-29 19:17:34,807 INFO: Front pivot angle set to 180 degrees (ticks: 180)
2024-10-29 19:17:34,807 INFO: Rear pivot angle set to 180 degrees (ticks: 180)
2024-10-29 19:17:35,750 INFO: Triangle pressed. Preparing to change to next gait: 2
2024-10-29 19:17:35,760 INFO: Initialising Gait 2
2024-10-29 19:17:35,761 INFO: Running set_position_group for group 'Wheg_Group' with positions: {1: 160, 2: 200, 3: 160, 4: 200, 5: 160, 6: 200}
2024-10-29 19:17:35,766 WARNING: Motor 1 is not in Position Control Mode. Setting mode now.
2024-10-29 19:17:35,767 INFO: Setting operating mode 'position' for group 'Wheg_Group'
2024-10-29 19:17:35,767 INFO: Disabling torque for group Wheg_Group
2024-10-29 19:17:35,768 INFO: Enabling torque for group Wheg_Group
2024-10-29 19:17:35,769 INFO: Setting the profile velocity for group Wheg_Group from config.yaml: 10
2024-10-29 19:17:35,770 INFO: Profile velocities set for group Wheg_Group: {1: 43.7, 2: 43.7, 3: 43.7, 4: 43.7, 5: 43.7, 6: 43.7}
2024-10-29 19:17:35,770 INFO: Setting the profile velocity for group Wheg_Group from config.yaml: 10
2024-10-29 19:17:35,771 INFO: Profile velocities set for group Wheg_Group: {1: 43.7, 2: 43.7, 3: 43.7, 4: 43.7, 5: 43.7, 6: 43.7}
2024-10-29 19:17:35,772 INFO: Running set_position_group for group 'Pivot_Group' with positions: 180
2024-10-29 19:17:35,775 INFO: Initialised Gait 2, waiting for 3 seconds
2024-10-29 19:17:38,809 INFO: Setting operating mode 'multi_turn' for group 'Wheg_Group'
2024-10-29 19:17:38,810 INFO: Disabling torque for group Wheg_Group
2024-10-29 19:17:38,811 INFO: Enabling torque for group Wheg_Group
2024-10-29 19:17:38,812 INFO: Setting the profile velocity for group Wheg_Group from config.yaml: 10
2024-10-29 19:17:38,815 INFO: Profile velocities set for group Wheg_Group: {1: 43.7, 2: 43.7, 3: 43.7, 4: 43.7, 5: 43.7, 6: 43.7}
2024-10-29 19:17:38,816 INFO: Setting the profile velocity for group Wheg_Group from config.yaml: 10
2024-10-29 19:17:38,818 INFO: Profile velocities set for group Wheg_Group: {1: 43.7, 2: 43.7, 3: 43.7, 4: 43.7, 5: 43.7, 6: 43.7}
2024-10-29 19:17:38,819 INFO: New gait 2 is now active.
2024-10-29 19:17:38,842 INFO: Profile velocities set for group Wheg_Group: {1: 8.74, 2: 69.92, 3: 8.74, 4: 69.92, 5: 8.74, 6: 69.92}
2024-10-29 19:17:38,842 INFO: Incrementing motor positions by {1: 40, 2: 320, 3: 40, 4: 320, 5: 40, 6: 320} degrees for group 'Wheg_Group'
2024-10-29 19:17:38,853 INFO: Gait 2 step executed at 2.00RPM, wait for 3.36 seconds
2024-10-29 19:17:42,279 INFO: Profile velocities set for group Wheg_Group: {1: 104.88, 2: 13.11, 3: 104.88, 4: 13.11, 5: 104.88, 6: 13.11}
2024-10-29 19:17:42,280 INFO: Incrementing motor positions by {1: 320, 2: 40, 3: 320, 4: 40, 5: 320, 6: 40} degrees for group 'Wheg_Group'
2024-10-29 19:17:42,290 INFO: Gait 2 step executed at 3.00RPM, wait for 2.25 seconds
2024-10-29 19:17:44,578 INFO: Profile velocities set for group Wheg_Group: {1: 17.479866638183594, 2: 139.83893310546875, 3: 17.479866638183594, 4: 139.83893310546875, 5: 17.479866638183594, 6: 139.83893310546875}
2024-10-29 19:17:44,578 INFO: Incrementing motor positions by {1: 40, 2: 320, 3: 40, 4: 320, 5: 40, 6: 320} degrees for group 'Wheg_Group'
2024-10-29 19:17:44,589 INFO: Gait 2 step executed at 4.00RPM, wait for 1.69 seconds
2024-10-29 19:17:48,169 INFO: Profile velocities set for group Wheg_Group: {1: 69.92, 2: 8.74, 3: 69.92, 4: 8.74, 5: 69.92, 6: 8.74}
2024-10-29 19:17:48,170 INFO: Incrementing motor positions by {1: 320, 2: 40, 3: 320, 4: 40, 5: 320, 6: 40} degrees for group 'Wheg_Group'
2024-10-29 19:17:48,180 INFO: Gait 2 step executed at 2.00RPM, wait for 3.36 seconds
2024-10-29 19:17:54,033 INFO: Share pressed. Reversing the direction of the whegs
2024-10-29 19:17:54,049 INFO: Disabling torque for group Wheg_Group
2024-10-29 19:17:54,050 INFO: Drive mode set for group Wheg_Group with reverse_direction={1: 0, 2: 0, 3: 0, 4: 1, 5: 1, 6: 1}
2024-10-29 19:17:54,050 INFO: Enabling torque for group Wheg_Group
2024-10-29 19:17:54,052 INFO: Setting the profile velocity for group Wheg_Group from config.yaml: 10
2024-10-29 19:17:54,053 INFO: Profile velocities set for group Wheg_Group: {1: 43.7, 2: 43.7, 3: 43.7, 4: 43.7, 5: 43.7, 6: 43.7}
2024-10-29 19:17:54,054 INFO: Reversed the direction of all whegs, waiting for 3 seconds
2024-10-29 19:17:57,055 INFO: Direction of whegs reversed.
2024-10-29 19:17:57,124 INFO: Initialising Gait 2
2024-10-29 19:17:57,124 INFO: Running set_position_group for group 'Wheg_Group' with positions: {1: 160, 2: 200, 3: 160, 4: 200, 5: 160, 6: 200}
2024-10-29 19:17:57,130 WARNING: Motor 1 is not in Position Control Mode. Setting mode now.
2024-10-29 19:17:57,130 INFO: Setting operating mode 'position' for group 'Wheg_Group'
2024-10-29 19:17:57,131 INFO: Disabling torque for group Wheg_Group
2024-10-29 19:17:57,132 INFO: Enabling torque for group Wheg_Group
2024-10-29 19:17:57,135 INFO: Setting the profile velocity for group Wheg_Group from config.yaml: 10
2024-10-29 19:17:57,136 INFO: Profile velocities set for group Wheg_Group: {1: 43.7, 2: 43.7, 3: 43.7, 4: 43.7, 5: 43.7, 6: 43.7}
2024-10-29 19:17:57,136 INFO: Setting the profile velocity for group Wheg_Group from config.yaml: 10
2024-10-29 19:17:57,137 INFO: Profile velocities set for group Wheg_Group: {1: 43.7, 2: 43.7, 3: 43.7, 4: 43.7, 5: 43.7, 6: 43.7}
2024-10-29 19:17:57,138 INFO: Running set_position_group for group 'Pivot_Group' with positions: 180
2024-10-29 19:17:57,143 INFO: Initialised Gait 2, waiting for 3 seconds
2024-10-29 19:18:00,165 INFO: Setting operating mode 'multi_turn' for group 'Wheg_Group'
2024-10-29 19:18:00,166 INFO: Disabling torque for group Wheg_Group
2024-10-29 19:18:00,170 INFO: Enabling torque for group Wheg_Group
2024-10-29 19:18:00,172 INFO: Setting the profile velocity for group Wheg_Group from config.yaml: 10
2024-10-29 19:18:00,173 INFO: Profile velocities set for group Wheg_Group: {1: 43.7, 2: 43.7, 3: 43.7, 4: 43.7, 5: 43.7, 6: 43.7}
2024-10-29 19:18:00,174 INFO: Setting the profile velocity for group Wheg_Group from config.yaml: 10
2024-10-29 19:18:00,174 INFO: Profile velocities set for group Wheg_Group: {1: 43.7, 2: 43.7, 3: 43.7, 4: 43.7, 5: 43.7, 6: 43.7}
2024-10-29 19:18:00,175 INFO: New gait 2 is now active.
2024-10-29 19:18:01,843 INFO: Triangle pressed. Preparing to change to next gait: 3
2024-10-29 19:18:01,852 INFO: Initialsing Gait 3
2024-10-29 19:18:01,853 INFO: Running set_position_group for group 'Wheg_Group' with positions: {1: 200, 2: 160, 3: 160, 4: 200, 5: 160, 6: 160}
2024-10-29 19:18:01,858 WARNING: Motor 1 is not in Position Control Mode. Setting mode now.
2024-10-29 19:18:01,859 INFO: Setting operating mode 'position' for group 'Wheg_Group'
2024-10-29 19:18:01,859 INFO: Disabling torque for group Wheg_Group
2024-10-29 19:18:01,861 INFO: Enabling torque for group Wheg_Group
2024-10-29 19:18:01,861 INFO: Setting the profile velocity for group Wheg_Group from config.yaml: 10
2024-10-29 19:18:01,862 INFO: Profile velocities set for group Wheg_Group: {1: 43.7, 2: 43.7, 3: 43.7, 4: 43.7, 5: 43.7, 6: 43.7}
2024-10-29 19:18:01,863 INFO: Setting the profile velocity for group Wheg_Group from config.yaml: 10
2024-10-29 19:18:01,864 INFO: Profile velocities set for group Wheg_Group: {1: 43.7, 2: 43.7, 3: 43.7, 4: 43.7, 5: 43.7, 6: 43.7}
2024-10-29 19:18:01,865 INFO: Running set_position_group for group 'Pivot_Group' with positions: 180
2024-10-29 19:18:01,868 INFO: Initialised Gait 3, waiting for 3 seconds
2024-10-29 19:18:04,906 INFO: Setting operating mode 'multi_turn' for group 'Wheg_Group'
2024-10-29 19:18:04,907 INFO: Disabling torque for group Wheg_Group
2024-10-29 19:18:04,909 INFO: Enabling torque for group Wheg_Group
2024-10-29 19:18:04,910 INFO: Setting the profile velocity for group Wheg_Group from config.yaml: 10
2024-10-29 19:18:04,911 INFO: Profile velocities set for group Wheg_Group: {1: 43.7, 2: 43.7, 3: 43.7, 4: 43.7, 5: 43.7, 6: 43.7}
2024-10-29 19:18:04,911 INFO: Setting the profile velocity for group Wheg_Group from config.yaml: 10
2024-10-29 19:18:04,912 INFO: Profile velocities set for group Wheg_Group: {1: 43.7, 2: 43.7, 3: 43.7, 4: 43.7, 5: 43.7, 6: 43.7}
2024-10-29 19:18:04,912 INFO: New gait 3 is now active.
2024-10-29 19:18:05,600 INFO: Triangle pressed. Preparing to change to next gait: 1
2024-10-29 19:18:05,611 INFO: Initialising Gait 1
2024-10-29 19:18:05,612 INFO: Running set_position_group for group 'Wheg_Group' with positions: 180
2024-10-29 19:18:05,617 WARNING: Motor 1 is not in Position Control Mode. Setting mode now.
2024-10-29 19:18:05,618 INFO: Setting operating mode 'position' for group 'Wheg_Group'
2024-10-29 19:18:05,618 INFO: Disabling torque for group Wheg_Group
2024-10-29 19:18:05,620 INFO: Enabling torque for group Wheg_Group
2024-10-29 19:18:05,621 INFO: Setting the profile velocity for group Wheg_Group from config.yaml: 10
2024-10-29 19:18:05,622 INFO: Profile velocities set for group Wheg_Group: {1: 43.7, 2: 43.7, 3: 43.7, 4: 43.7, 5: 43.7, 6: 43.7}
2024-10-29 19:18:05,622 INFO: Setting the profile velocity for group Wheg_Group from config.yaml: 10
2024-10-29 19:18:05,623 INFO: Profile velocities set for group Wheg_Group: {1: 43.7, 2: 43.7, 3: 43.7, 4: 43.7, 5: 43.7, 6: 43.7}
2024-10-29 19:18:05,624 INFO: Running set_position_group for group 'Pivot_Group' with positions: 180
2024-10-29 19:18:05,628 INFO: Initialised Gait 1, waiting for 3 seconds
2024-10-29 19:18:05,703 INFO: Triangle pressed. Preparing to change to next gait: 1
2024-10-29 19:18:08,674 INFO: Setting operating mode 'multi_turn' for group 'Wheg_Group'
2024-10-29 19:18:08,674 INFO: Disabling torque for group Wheg_Group
2024-10-29 19:18:08,677 INFO: Enabling torque for group Wheg_Group
2024-10-29 19:18:08,679 INFO: Setting the profile velocity for group Wheg_Group from config.yaml: 10
2024-10-29 19:18:08,680 INFO: Profile velocities set for group Wheg_Group: {1: 43.7, 2: 43.7, 3: 43.7, 4: 43.7, 5: 43.7, 6: 43.7}
2024-10-29 19:18:08,681 INFO: Setting the profile velocity for group Wheg_Group from config.yaml: 10
2024-10-29 19:18:08,681 INFO: Profile velocities set for group Wheg_Group: {1: 43.7, 2: 43.7, 3: 43.7, 4: 43.7, 5: 43.7, 6: 43.7}
2024-10-29 19:18:08,682 INFO: New gait 1 is now active.
2024-10-29 19:18:08,700 INFO: Profile velocities set for group Wheg_Group: {1: 43.7, 2: 43.7, 3: 43.7, 4: 43.7, 5: 43.7, 6: 43.7}
2024-10-29 19:18:08,701 INFO: Incrementing motor positions by 360 degrees for group 'Wheg_Group'
2024-10-29 19:18:08,712 INFO: Gait 1 step executed at 10.00RPM, wait for 6.00 seconds
2024-10-29 19:18:14,773 INFO: Profile velocities set for group Wheg_Group: {1: 61.18, 2: 61.18, 3: 61.18, 4: 61.18, 5: 61.18, 6: 61.18}
2024-10-29 19:18:14,774 INFO: Incrementing motor positions by 360 degrees for group 'Wheg_Group'
2024-10-29 19:18:14,786 INFO: Gait 1 step executed at 14.00RPM, wait for 4.29 seconds
2024-10-29 19:18:19,115 INFO: Profile velocities set for group Wheg_Group: {1: 78.66, 2: 78.66, 3: 78.66, 4: 78.66, 5: 78.66, 6: 78.66}
2024-10-29 19:18:19,116 INFO: Incrementing motor positions by 360 degrees for group 'Wheg_Group'
2024-10-29 19:18:19,127 INFO: Gait 1 step executed at 18.00RPM, wait for 3.33 seconds
2024-10-29 19:18:22,479 INFO: Profile velocities set for group Wheg_Group: {1: 61.18, 2: 61.18, 3: 61.18, 4: 61.18, 5: 61.18, 6: 61.18}
2024-10-29 19:18:22,479 INFO: Incrementing motor positions by 360 degrees for group 'Wheg_Group'
2024-10-29 19:18:22,490 INFO: Gait 1 step executed at 14.00RPM, wait for 4.29 seconds
2024-10-29 19:18:23,475 INFO: Share pressed. Reversing the direction of the whegs
2024-10-29 19:18:23,578 INFO: Share pressed. Reversing the direction of the whegs
2024-10-29 19:18:26,799 INFO: Disabling torque for group Wheg_Group
2024-10-29 19:18:26,800 INFO: Drive mode set for group Wheg_Group with reverse_direction={1: 1, 2: 1, 3: 1, 4: 0, 5: 0, 6: 0}
2024-10-29 19:18:26,801 INFO: Enabling torque for group Wheg_Group
2024-10-29 19:18:26,801 INFO: Setting the profile velocity for group Wheg_Group from config.yaml: 10
2024-10-29 19:18:26,802 INFO: Profile velocities set for group Wheg_Group: {1: 43.7, 2: 43.7, 3: 43.7, 4: 43.7, 5: 43.7, 6: 43.7}
2024-10-29 19:18:26,803 INFO: Reversed the direction of all whegs, waiting for 3 seconds
2024-10-29 19:18:29,803 INFO: Direction of whegs reversed.
2024-10-29 19:18:29,837 INFO: Initiating safe shutdown...
2024-10-29 19:18:29,838 INFO: Setting operating mode 'velocity' for group 'All_Motors'
2024-10-29 19:18:29,839 INFO: Disabling torque for group All_Motors
2024-10-29 19:18:29,841 INFO: Enabling torque for group All_Motors
2024-10-29 19:18:29,842 INFO: Setting the profile velocity for group All_Motors from config.yaml: 8
2024-10-29 19:18:29,843 INFO: Profile velocities set for group All_Motors: {1: 34.96, 2: 34.96, 3: 34.96, 4: 34.96, 5: 34.96, 6: 34.96, 7: 34.96, 8: 34.96}
2024-10-29 19:18:29,844 WARNING: Velocity limit 200 exceeds hard limit 100. Limiting to 100.
2024-10-29 19:18:29,845 INFO: Velocity limit set to 100 for group All_Motors
2024-10-29 19:18:29,846 INFO: Enabling torque for group All_Motors
2024-10-29 19:18:29,848 INFO: Setting the profile velocity for group All_Motors from config.yaml: 8
2024-10-29 19:18:29,849 INFO: Profile velocities set for group All_Motors: {1: 34.96, 2: 34.96, 3: 34.96, 4: 34.96, 5: 34.96, 6: 34.96, 7: 34.96, 8: 34.96}
2024-10-29 19:18:29,851 INFO: Target velocities set for group All_Motors: {1: 0, 2: 0, 3: 0, 4: 0, 5: 0, 6: 0, 7: 0, 8: 0}
2024-10-29 19:18:29,852 INFO: Running set_position_group for group 'All_Motors' with positions: 180
2024-10-29 19:18:29,859 WARNING: Motor 1 is not in Position Control Mode. Setting mode now.
2024-10-29 19:18:29,861 INFO: Setting operating mode 'position' for group 'All_Motors'
2024-10-29 19:18:29,862 INFO: Disabling torque for group All_Motors
2024-10-29 19:18:29,864 INFO: Enabling torque for group All_Motors
2024-10-29 19:18:29,865 INFO: Setting the profile velocity for group All_Motors from config.yaml: 8
2024-10-29 19:18:29,866 INFO: Profile velocities set for group All_Motors: {1: 34.96, 2: 34.96, 3: 34.96, 4: 34.96, 5: 34.96, 6: 34.96, 7: 34.96, 8: 34.96}
2024-10-29 19:18:29,867 INFO: Setting the profile velocity for group All_Motors from config.yaml: 8
2024-10-29 19:18:29,869 INFO: Profile velocities set for group All_Motors: {1: 34.96, 2: 34.96, 3: 34.96, 4: 34.96, 5: 34.96, 6: 34.96, 7: 34.96, 8: 34.96}
2024-10-29 19:18:29,870 INFO: Closing PS4Controller and quitting pygame
2024-10-29 19:18:29,965 INFO: Port closed successfully.
2024-10-29 19:18:29,966 INFO: Shutdown complete.
2024-10-29 19:18:29,966 ERROR: Error checking hardware errors: Attempting to use a port that is not open
2024-10-29 19:18:29,967 INFO: Initialising Gait 1
2024-10-29 19:18:29,967 INFO: Running set_position_group for group 'Wheg_Group' with positions: 180
2024-10-29 19:18:29,968 ERROR: Bulk read failed with error: [TxRxResult] Port is in use!
