2025-04-17 16:57:09,958 INFO: Initializing PS4Controller
2025-04-17 16:57:10,543 INFO: Configuration loaded successfully
2025-04-17 16:57:10,547 INFO: Port /dev/ttyACM0 opened successfully
2025-04-17 16:57:10,557 INFO: Baudrate set to 1000000
2025-04-17 16:57:10,558 INFO: Control table loaded successfully.
2025-04-17 16:57:10,558 INFO: Motor group 'Pivot_Group' created with motors: [7, 8]
2025-04-17 16:57:10,559 INFO: Motor group 'Wheg_Group' created with motors: [1, 2, 3, 4, 5, 6]
2025-04-17 16:57:10,559 INFO: Motor group 'All_Motors' created with motors: [1, 2, 3, 4, 5, 6, 7, 8]
2025-04-17 16:57:10,560 INFO: Motor group 'Left_Whegs' created with motors: [1, 2, 3]
2025-04-17 16:57:10,560 INFO: Motor group 'Right_Whegs' created with motors: [4, 5, 6]
2025-04-17 16:57:10,561 INFO: Motor group 'Front_Whegs' created with motors: [3, 6]
2025-04-17 16:57:10,561 INFO: Motor group 'Rear_Whegs' created with motors: [1, 4]
2025-04-17 16:57:10,561 INFO: Motor group 'Middle_Whegs' created with motors: [2, 5]
2025-04-17 16:57:10,562 INFO: Motor group 'Two_Right_One_Left' created with motors: [2, 4, 6]
2025-04-17 16:57:10,562 INFO: Motor group 'Two_Left_One_Right' created with motors: [5, 1, 3]
2025-04-17 16:57:10,562 INFO: Initialised PS4 controller, Dynamixel, and Robot State
2025-04-17 16:57:10,563 INFO: Disabling torque for group Right_Whegs
2025-04-17 16:57:10,564 INFO: Drive mode set for group Right_Whegs with reverse_direction=True
2025-04-17 16:57:10,564 INFO: Enabling torque for group Right_Whegs
2025-04-17 16:57:10,565 INFO: Setting the profile velocity for group Right_Whegs from config.yaml: None
2025-04-17 16:57:10,566 ERROR: Profile velocity for group Right_Whegs not found in config.yaml and no value was provided.
2025-04-17 16:57:10,566 INFO: Disabling torque for group Left_Whegs
2025-04-17 16:57:10,567 INFO: Drive mode set for group Left_Whegs with reverse_direction=False
2025-04-17 16:57:10,568 INFO: Enabling torque for group Left_Whegs
2025-04-17 16:57:10,568 INFO: Setting the profile velocity for group Left_Whegs from config.yaml: None
2025-04-17 16:57:10,569 ERROR: Profile velocity for group Left_Whegs not found in config.yaml and no value was provided.
2025-04-17 16:57:10,569 INFO: Set the right side whegs to reverse direction
2025-04-17 16:57:10,569 INFO: Disabling torque for group Pivot_Group
2025-04-17 16:57:10,571 INFO: Drive mode set for group Pivot_Group with reverse_direction=False
2025-04-17 16:57:10,571 INFO: Enabling torque for group Pivot_Group
2025-04-17 16:57:10,573 INFO: Setting the profile velocity for group Pivot_Group from config.yaml: 4
2025-04-17 16:57:10,574 INFO: Profile velocities set for group Pivot_Group: {7: 17.48, 8: 17.48}
2025-04-17 16:57:10,576 INFO: Position limits set for group Pivot_Group: min=45° (ticks=511), max=315° (ticks=3583)
2025-04-17 16:57:10,576 INFO: Set position limits for the pivot motors
2025-04-17 16:57:10,727 INFO: Initialising Gait 1
2025-04-17 16:57:10,727 INFO: Disabling torque for group Wheg_Group
2025-04-17 16:57:10,729 INFO: Drive mode set for group Wheg_Group with reverse_direction={1: 0, 2: 0, 3: 0, 4: 1, 5: 1, 6: 1}
2025-04-17 16:57:10,729 INFO: Enabling torque for group Wheg_Group
2025-04-17 16:57:10,731 INFO: Setting the profile velocity for group Wheg_Group from config.yaml: 10
2025-04-17 16:57:10,732 INFO: Profile velocities set for group Wheg_Group: {1: 43.7, 2: 43.7, 3: 43.7, 4: 43.7, 5: 43.7, 6: 43.7}
2025-04-17 16:57:10,733 WARNING: Set direction of whegs to forward
2025-04-17 16:57:10,733 WARNING: Direction set for all whegs
2025-04-17 16:57:10,734 INFO: Running set_position_group for group 'Wheg_Group' with positions: 180
2025-04-17 16:57:10,740 INFO: Running set_position_group for group 'Pivot_Group' with positions: 180
2025-04-17 16:57:10,745 INFO: Initialised Gait 1, waiting for 1 seconds
2025-04-17 16:57:10,745 ERROR: Error controlling pivots: 'dpad_down'
2025-04-17 16:57:11,783 INFO: Setting operating mode 'multi_turn' for group 'Wheg_Group'
2025-04-17 16:57:11,784 INFO: Disabling torque for group Wheg_Group
2025-04-17 16:57:11,787 INFO: Enabling torque for group Wheg_Group
2025-04-17 16:57:11,788 INFO: Setting the profile velocity for group Wheg_Group from config.yaml: 10
2025-04-17 16:57:11,789 INFO: Profile velocities set for group Wheg_Group: {1: 43.7, 2: 43.7, 3: 43.7, 4: 43.7, 5: 43.7, 6: 43.7}
2025-04-17 16:57:11,789 INFO: Setting the profile velocity for group Wheg_Group from config.yaml: 10
2025-04-17 16:57:11,792 INFO: Profile velocities set for group Wheg_Group: {1: 43.7, 2: 43.7, 3: 43.7, 4: 43.7, 5: 43.7, 6: 43.7}
2025-04-17 16:57:11,794 INFO: New gait 1 is now active.
2025-04-17 16:57:23,422 INFO: Running set_position_group for group 'Pivot_Group' with positions: {7: 180, 8: 175}
2025-04-17 16:57:23,434 INFO: Front pivot angle set to 180 degrees (ticks: 180)
2025-04-17 16:57:23,436 INFO: Rear pivot angle set to 175 degrees (ticks: 175)
2025-04-17 16:57:23,728 INFO: Running set_position_group for group 'Pivot_Group' with positions: {7: 180, 8: 170}
2025-04-17 16:57:23,734 INFO: Front pivot angle set to 180 degrees (ticks: 180)
2025-04-17 16:57:23,734 INFO: Rear pivot angle set to 170 degrees (ticks: 170)
2025-04-17 16:57:24,641 INFO: Running set_position_group for group 'Pivot_Group' with positions: {7: 180, 8: 175}
2025-04-17 16:57:24,649 INFO: Front pivot angle set to 180 degrees (ticks: 180)
2025-04-17 16:57:24,650 INFO: Rear pivot angle set to 175 degrees (ticks: 175)
2025-04-17 16:57:24,903 INFO: Running set_position_group for group 'Pivot_Group' with positions: {7: 180, 8: 180}
2025-04-17 16:57:24,907 INFO: Front pivot angle set to 180 degrees (ticks: 180)
2025-04-17 16:57:24,908 INFO: Rear pivot angle set to 180 degrees (ticks: 180)
2025-04-17 16:57:25,189 INFO: Running set_position_group for group 'Pivot_Group' with positions: {7: 180, 8: 185}
2025-04-17 16:57:25,195 INFO: Front pivot angle set to 180 degrees (ticks: 180)
2025-04-17 16:57:25,196 INFO: Rear pivot angle set to 185 degrees (ticks: 185)
2025-04-17 16:57:25,500 INFO: Running set_position_group for group 'Pivot_Group' with positions: {7: 180, 8: 190}
2025-04-17 16:57:25,511 INFO: Front pivot angle set to 180 degrees (ticks: 180)
2025-04-17 16:57:25,511 INFO: Rear pivot angle set to 190 degrees (ticks: 190)
2025-04-17 16:57:25,803 INFO: Running set_position_group for group 'Pivot_Group' with positions: {7: 180, 8: 195}
2025-04-17 16:57:25,810 INFO: Front pivot angle set to 180 degrees (ticks: 180)
2025-04-17 16:57:25,811 INFO: Rear pivot angle set to 195 degrees (ticks: 195)
2025-04-17 16:57:26,111 INFO: Running set_position_group for group 'Pivot_Group' with positions: {7: 180, 8: 200}
2025-04-17 16:57:26,118 INFO: Front pivot angle set to 180 degrees (ticks: 180)
2025-04-17 16:57:26,120 INFO: Rear pivot angle set to 200 degrees (ticks: 200)
2025-04-17 16:57:26,413 INFO: Running set_position_group for group 'Pivot_Group' with positions: {7: 180, 8: 205}
2025-04-17 16:57:26,419 INFO: Front pivot angle set to 180 degrees (ticks: 180)
2025-04-17 16:57:26,420 INFO: Rear pivot angle set to 205 degrees (ticks: 205)
2025-04-17 16:57:26,718 INFO: Running set_position_group for group 'Pivot_Group' with positions: {7: 180, 8: 210}
2025-04-17 16:57:26,726 INFO: Front pivot angle set to 180 degrees (ticks: 180)
2025-04-17 16:57:26,727 INFO: Rear pivot angle set to 210 degrees (ticks: 210)
2025-04-17 16:57:27,022 INFO: Running set_position_group for group 'Pivot_Group' with positions: {7: 180, 8: 205}
2025-04-17 16:57:27,026 INFO: Front pivot angle set to 180 degrees (ticks: 180)
2025-04-17 16:57:27,027 INFO: Rear pivot angle set to 205 degrees (ticks: 205)
2025-04-17 16:57:27,324 INFO: Running set_position_group for group 'Pivot_Group' with positions: {7: 180, 8: 200}
2025-04-17 16:57:27,328 INFO: Front pivot angle set to 180 degrees (ticks: 180)
2025-04-17 16:57:27,328 INFO: Rear pivot angle set to 200 degrees (ticks: 200)
2025-04-17 16:57:27,633 INFO: Running set_position_group for group 'Pivot_Group' with positions: {7: 180, 8: 195}
2025-04-17 16:57:27,641 INFO: Front pivot angle set to 180 degrees (ticks: 180)
2025-04-17 16:57:27,642 INFO: Rear pivot angle set to 195 degrees (ticks: 195)
2025-04-17 16:57:27,926 INFO: Running set_position_group for group 'Pivot_Group' with positions: {7: 180, 8: 190}
2025-04-17 16:57:27,933 INFO: Front pivot angle set to 180 degrees (ticks: 180)
2025-04-17 16:57:27,934 INFO: Rear pivot angle set to 190 degrees (ticks: 190)
2025-04-17 16:57:28,220 INFO: Running set_position_group for group 'Pivot_Group' with positions: {7: 180, 8: 185}
2025-04-17 16:57:28,226 INFO: Front pivot angle set to 180 degrees (ticks: 180)
2025-04-17 16:57:28,228 INFO: Rear pivot angle set to 185 degrees (ticks: 185)
2025-04-17 16:57:28,518 INFO: Running set_position_group for group 'Pivot_Group' with positions: {7: 180, 8: 180}
2025-04-17 16:57:28,524 INFO: Front pivot angle set to 180 degrees (ticks: 180)
2025-04-17 16:57:28,524 INFO: Rear pivot angle set to 180 degrees (ticks: 180)
2025-04-17 16:57:28,815 INFO: Running set_position_group for group 'Pivot_Group' with positions: {7: 180, 8: 175}
2025-04-17 16:57:28,822 INFO: Front pivot angle set to 180 degrees (ticks: 180)
2025-04-17 16:57:28,823 INFO: Rear pivot angle set to 175 degrees (ticks: 175)
2025-04-17 16:57:29,113 INFO: Running set_position_group for group 'Pivot_Group' with positions: {7: 180, 8: 170}
2025-04-17 16:57:29,119 INFO: Front pivot angle set to 180 degrees (ticks: 180)
2025-04-17 16:57:29,119 INFO: Rear pivot angle set to 170 degrees (ticks: 170)
2025-04-17 16:57:29,406 INFO: Running set_position_group for group 'Pivot_Group' with positions: {7: 180, 8: 165}
2025-04-17 16:57:29,413 INFO: Front pivot angle set to 180 degrees (ticks: 180)
2025-04-17 16:57:29,414 INFO: Rear pivot angle set to 165 degrees (ticks: 165)
2025-04-17 16:59:01,253 INFO: Running set_position_group for group 'Pivot_Group' with positions: {7: 180, 8: 170}
2025-04-17 16:59:01,259 INFO: Front pivot angle set to 180 degrees (ticks: 180)
2025-04-17 16:59:01,259 INFO: Rear pivot angle set to 170 degrees (ticks: 170)
2025-04-17 16:59:01,518 INFO: Running set_position_group for group 'Pivot_Group' with positions: {7: 180, 8: 175}
2025-04-17 16:59:01,522 INFO: Front pivot angle set to 180 degrees (ticks: 180)
2025-04-17 16:59:01,523 INFO: Rear pivot angle set to 175 degrees (ticks: 175)
2025-04-17 16:59:01,831 INFO: Running set_position_group for group 'Pivot_Group' with positions: {7: 180, 8: 180}
2025-04-17 16:59:01,837 INFO: Front pivot angle set to 180 degrees (ticks: 180)
2025-04-17 16:59:01,840 INFO: Rear pivot angle set to 180 degrees (ticks: 180)
2025-04-17 16:59:03,367 INFO: Running set_position_group for group 'Pivot_Group' with positions: {7: 180, 8: 175}
2025-04-17 16:59:03,372 INFO: Front pivot angle set to 180 degrees (ticks: 180)
2025-04-17 16:59:03,373 INFO: Rear pivot angle set to 175 degrees (ticks: 175)
2025-04-17 16:59:04,127 INFO: Running set_position_group for group 'Pivot_Group' with positions: {7: 180, 8: 180}
2025-04-17 16:59:04,136 INFO: Front pivot angle set to 180 degrees (ticks: 180)
2025-04-17 16:59:04,138 INFO: Rear pivot angle set to 180 degrees (ticks: 180)
2025-04-17 16:59:05,475 INFO: Running set_position_group for group 'Pivot_Group' with positions: {7: 180, 8: 175}
2025-04-17 16:59:05,479 INFO: Front pivot angle set to 180 degrees (ticks: 180)
2025-04-17 16:59:05,479 INFO: Rear pivot angle set to 175 degrees (ticks: 175)
2025-04-17 16:59:06,003 INFO: Running set_position_group for group 'Pivot_Group' with positions: {7: 180, 8: 180}
2025-04-17 16:59:06,009 INFO: Front pivot angle set to 180 degrees (ticks: 180)
2025-04-17 16:59:06,010 INFO: Rear pivot angle set to 180 degrees (ticks: 180)
2025-04-17 16:59:06,264 INFO: Running set_position_group for group 'Pivot_Group' with positions: {7: 180, 8: 185}
2025-04-17 16:59:06,273 INFO: Front pivot angle set to 180 degrees (ticks: 180)
2025-04-17 16:59:06,274 INFO: Rear pivot angle set to 185 degrees (ticks: 185)
2025-04-17 16:59:07,029 INFO: Running set_position_group for group 'Pivot_Group' with positions: {7: 180, 8: 190}
2025-04-17 16:59:07,033 INFO: Front pivot angle set to 180 degrees (ticks: 180)
2025-04-17 16:59:07,033 INFO: Rear pivot angle set to 190 degrees (ticks: 190)
2025-04-17 16:59:07,791 INFO: Running set_position_group for group 'Pivot_Group' with positions: {7: 180, 8: 185}
2025-04-17 16:59:07,795 INFO: Front pivot angle set to 180 degrees (ticks: 180)
2025-04-17 16:59:07,796 INFO: Rear pivot angle set to 185 degrees (ticks: 185)
2025-04-17 16:59:08,048 INFO: Running set_position_group for group 'Pivot_Group' with positions: {7: 180, 8: 180}
2025-04-17 16:59:08,052 INFO: Front pivot angle set to 180 degrees (ticks: 180)
2025-04-17 16:59:08,053 INFO: Rear pivot angle set to 180 degrees (ticks: 180)
2025-04-17 16:59:08,812 INFO: Running set_position_group for group 'Pivot_Group' with positions: {7: 180, 8: 175}
2025-04-17 16:59:08,817 INFO: Front pivot angle set to 180 degrees (ticks: 180)
2025-04-17 16:59:08,818 INFO: Rear pivot angle set to 175 degrees (ticks: 175)
2025-04-17 16:59:09,391 INFO: Running set_position_group for group 'Pivot_Group' with positions: {7: 180, 8: 180}
2025-04-17 16:59:09,397 INFO: Front pivot angle set to 180 degrees (ticks: 180)
2025-04-17 16:59:09,398 INFO: Rear pivot angle set to 180 degrees (ticks: 180)
2025-04-17 16:59:09,653 INFO: Running set_position_group for group 'Pivot_Group' with positions: {7: 180, 8: 185}
2025-04-17 16:59:09,657 INFO: Front pivot angle set to 180 degrees (ticks: 180)
2025-04-17 16:59:09,657 INFO: Rear pivot angle set to 185 degrees (ticks: 185)
2025-04-17 16:59:11,296 INFO: Running set_position_group for group 'Pivot_Group' with positions: {7: 180, 8: 180}
2025-04-17 16:59:11,303 INFO: Front pivot angle set to 180 degrees (ticks: 180)
2025-04-17 16:59:11,306 INFO: Rear pivot angle set to 180 degrees (ticks: 180)
2025-04-17 16:59:11,812 INFO: Running set_position_group for group 'Pivot_Group' with positions: {7: 180, 8: 175}
2025-04-17 16:59:11,816 INFO: Front pivot angle set to 180 degrees (ticks: 180)
2025-04-17 16:59:11,817 INFO: Rear pivot angle set to 175 degrees (ticks: 175)
2025-04-17 16:59:12,885 INFO: Running set_position_group for group 'Pivot_Group' with positions: {7: 180, 8: 180}
2025-04-17 16:59:12,892 INFO: Front pivot angle set to 180 degrees (ticks: 180)
2025-04-17 16:59:12,894 INFO: Rear pivot angle set to 180 degrees (ticks: 180)
2025-04-17 16:59:15,167 INFO: Running set_position_group for group 'Pivot_Group' with positions: {7: 180, 8: 175}
2025-04-17 16:59:15,177 INFO: Front pivot angle set to 180 degrees (ticks: 180)
2025-04-17 16:59:15,179 INFO: Rear pivot angle set to 175 degrees (ticks: 175)
2025-04-17 16:59:15,440 INFO: Running set_position_group for group 'Pivot_Group' with positions: {7: 180, 8: 170}
2025-04-17 16:59:15,444 INFO: Front pivot angle set to 180 degrees (ticks: 180)
2025-04-17 16:59:15,445 INFO: Rear pivot angle set to 170 degrees (ticks: 170)
2025-04-17 16:59:16,257 INFO: Running set_position_group for group 'Pivot_Group' with positions: {7: 180, 8: 175}
2025-04-17 16:59:16,266 INFO: Front pivot angle set to 180 degrees (ticks: 180)
2025-04-17 16:59:16,266 INFO: Rear pivot angle set to 175 degrees (ticks: 175)
2025-04-17 16:59:16,532 INFO: Running set_position_group for group 'Pivot_Group' with positions: {7: 180, 8: 180}
2025-04-17 16:59:16,539 INFO: Front pivot angle set to 180 degrees (ticks: 180)
2025-04-17 16:59:16,541 INFO: Rear pivot angle set to 180 degrees (ticks: 180)
2025-04-17 16:59:16,793 INFO: Running set_position_group for group 'Pivot_Group' with positions: {7: 180, 8: 185}
2025-04-17 16:59:16,796 INFO: Front pivot angle set to 180 degrees (ticks: 180)
2025-04-17 16:59:16,798 INFO: Rear pivot angle set to 185 degrees (ticks: 185)
2025-04-17 16:59:17,050 INFO: Running set_position_group for group 'Pivot_Group' with positions: {7: 180, 8: 190}
2025-04-17 16:59:17,056 INFO: Front pivot angle set to 180 degrees (ticks: 180)
2025-04-17 16:59:17,058 INFO: Rear pivot angle set to 190 degrees (ticks: 190)
2025-04-17 16:59:17,844 INFO: Running set_position_group for group 'Pivot_Group' with positions: {7: 180, 8: 185}
2025-04-17 16:59:17,851 INFO: Front pivot angle set to 180 degrees (ticks: 180)
2025-04-17 16:59:17,851 INFO: Rear pivot angle set to 185 degrees (ticks: 185)
2025-04-17 16:59:18,111 INFO: Running set_position_group for group 'Pivot_Group' with positions: {7: 180, 8: 180}
2025-04-17 16:59:18,116 INFO: Front pivot angle set to 180 degrees (ticks: 180)
2025-04-17 16:59:18,116 INFO: Rear pivot angle set to 180 degrees (ticks: 180)
2025-04-17 16:59:18,373 INFO: Running set_position_group for group 'Pivot_Group' with positions: {7: 180, 8: 175}
2025-04-17 16:59:18,377 INFO: Front pivot angle set to 180 degrees (ticks: 180)
2025-04-17 16:59:18,378 INFO: Rear pivot angle set to 175 degrees (ticks: 175)
2025-04-17 16:59:20,753 INFO: Running set_position_group for group 'Pivot_Group' with positions: {7: 180, 8: 180}
2025-04-17 16:59:20,758 INFO: Front pivot angle set to 180 degrees (ticks: 180)
2025-04-17 16:59:20,759 INFO: Rear pivot angle set to 180 degrees (ticks: 180)
2025-04-17 16:59:21,018 INFO: Running set_position_group for group 'Pivot_Group' with positions: {7: 180, 8: 185}
2025-04-17 16:59:21,022 INFO: Front pivot angle set to 180 degrees (ticks: 180)
2025-04-17 16:59:21,023 INFO: Rear pivot angle set to 185 degrees (ticks: 185)
2025-04-17 16:59:22,548 INFO: Running set_position_group for group 'Pivot_Group' with positions: {7: 180, 8: 180}
2025-04-17 16:59:22,555 INFO: Front pivot angle set to 180 degrees (ticks: 180)
2025-04-17 16:59:22,556 INFO: Rear pivot angle set to 180 degrees (ticks: 180)
2025-04-17 16:59:22,809 INFO: Running set_position_group for group 'Pivot_Group' with positions: {7: 180, 8: 175}
2025-04-17 16:59:22,815 INFO: Front pivot angle set to 180 degrees (ticks: 180)
2025-04-17 16:59:22,815 INFO: Rear pivot angle set to 175 degrees (ticks: 175)
2025-04-17 16:59:23,077 INFO: Running set_position_group for group 'Pivot_Group' with positions: {7: 180, 8: 170}
2025-04-17 16:59:23,083 INFO: Front pivot angle set to 180 degrees (ticks: 180)
2025-04-17 16:59:23,084 INFO: Rear pivot angle set to 170 degrees (ticks: 170)
2025-04-17 16:59:23,340 INFO: Running set_position_group for group 'Pivot_Group' with positions: {7: 180, 8: 165}
2025-04-17 16:59:23,346 INFO: Front pivot angle set to 180 degrees (ticks: 180)
2025-04-17 16:59:23,348 INFO: Rear pivot angle set to 165 degrees (ticks: 165)
2025-04-17 16:59:23,851 INFO: Running set_position_group for group 'Pivot_Group' with positions: {7: 180, 8: 170}
2025-04-17 16:59:23,855 INFO: Front pivot angle set to 180 degrees (ticks: 180)
2025-04-17 16:59:23,856 INFO: Rear pivot angle set to 170 degrees (ticks: 170)
2025-04-17 16:59:24,109 INFO: Running set_position_group for group 'Pivot_Group' with positions: {7: 180, 8: 175}
2025-04-17 16:59:24,117 INFO: Front pivot angle set to 180 degrees (ticks: 180)
2025-04-17 16:59:24,118 INFO: Rear pivot angle set to 175 degrees (ticks: 175)
2025-04-17 16:59:26,579 INFO: Running set_position_group for group 'Pivot_Group' with positions: {7: 180, 8: 180}
2025-04-17 16:59:26,590 INFO: Front pivot angle set to 180 degrees (ticks: 180)
2025-04-17 16:59:26,591 INFO: Rear pivot angle set to 180 degrees (ticks: 180)
2025-04-17 16:59:26,842 INFO: Running set_position_group for group 'Pivot_Group' with positions: {7: 180, 8: 185}
2025-04-17 16:59:26,849 INFO: Front pivot angle set to 180 degrees (ticks: 180)
2025-04-17 16:59:26,851 INFO: Rear pivot angle set to 185 degrees (ticks: 185)
2025-04-17 16:59:27,103 INFO: Running set_position_group for group 'Pivot_Group' with positions: {7: 180, 8: 190}
2025-04-17 16:59:27,107 INFO: Front pivot angle set to 180 degrees (ticks: 180)
2025-04-17 16:59:27,108 INFO: Rear pivot angle set to 190 degrees (ticks: 190)
2025-04-17 16:59:27,359 INFO: Running set_position_group for group 'Pivot_Group' with positions: {7: 180, 8: 195}
2025-04-17 16:59:27,363 INFO: Front pivot angle set to 180 degrees (ticks: 180)
2025-04-17 16:59:27,363 INFO: Rear pivot angle set to 195 degrees (ticks: 195)
2025-04-17 16:59:27,614 INFO: Running set_position_group for group 'Pivot_Group' with positions: {7: 180, 8: 200}
2025-04-17 16:59:27,620 INFO: Front pivot angle set to 180 degrees (ticks: 180)
2025-04-17 16:59:27,621 INFO: Rear pivot angle set to 200 degrees (ticks: 200)
2025-04-17 16:59:27,876 INFO: Running set_position_group for group 'Pivot_Group' with positions: {7: 180, 8: 205}
2025-04-17 16:59:27,884 INFO: Front pivot angle set to 180 degrees (ticks: 180)
2025-04-17 16:59:27,884 INFO: Rear pivot angle set to 205 degrees (ticks: 205)
2025-04-17 16:59:28,143 INFO: Running set_position_group for group 'Pivot_Group' with positions: {7: 180, 8: 210}
2025-04-17 16:59:28,152 INFO: Front pivot angle set to 180 degrees (ticks: 180)
2025-04-17 16:59:28,154 INFO: Rear pivot angle set to 210 degrees (ticks: 210)
2025-04-17 16:59:28,478 INFO: Running set_position_group for group 'Pivot_Group' with positions: {7: 180, 8: 215}
2025-04-17 16:59:28,487 INFO: Front pivot angle set to 180 degrees (ticks: 180)
2025-04-17 16:59:28,490 INFO: Rear pivot angle set to 215 degrees (ticks: 215)
2025-04-17 16:59:28,746 INFO: Running set_position_group for group 'Pivot_Group' with positions: {7: 180, 8: 220}
2025-04-17 16:59:28,750 INFO: Front pivot angle set to 180 degrees (ticks: 180)
2025-04-17 16:59:28,750 INFO: Rear pivot angle set to 220 degrees (ticks: 220)
2025-04-17 16:59:29,002 INFO: Running set_position_group for group 'Pivot_Group' with positions: {7: 180, 8: 225}
2025-04-17 16:59:29,016 INFO: Front pivot angle set to 180 degrees (ticks: 180)
2025-04-17 16:59:29,017 INFO: Rear pivot angle set to 225 degrees (ticks: 225)
2025-04-17 16:59:29,270 INFO: Running set_position_group for group 'Pivot_Group' with positions: {7: 180, 8: 230}
2025-04-17 16:59:29,279 INFO: Front pivot angle set to 180 degrees (ticks: 180)
2025-04-17 16:59:29,280 INFO: Rear pivot angle set to 230 degrees (ticks: 230)
2025-04-17 16:59:29,536 INFO: Running set_position_group for group 'Pivot_Group' with positions: {7: 180, 8: 235}
2025-04-17 16:59:29,541 INFO: Front pivot angle set to 180 degrees (ticks: 180)
2025-04-17 16:59:29,542 INFO: Rear pivot angle set to 235 degrees (ticks: 235)
2025-04-17 16:59:29,793 INFO: Running set_position_group for group 'Pivot_Group' with positions: {7: 180, 8: 240}
2025-04-17 16:59:29,798 INFO: Front pivot angle set to 180 degrees (ticks: 180)
2025-04-17 16:59:29,798 INFO: Rear pivot angle set to 240 degrees (ticks: 240)
2025-04-17 16:59:30,127 INFO: Running set_position_group for group 'Pivot_Group' with positions: {7: 180, 8: 245}
2025-04-17 16:59:30,132 INFO: Front pivot angle set to 180 degrees (ticks: 180)
2025-04-17 16:59:30,133 INFO: Rear pivot angle set to 245 degrees (ticks: 245)
2025-04-17 16:59:30,384 INFO: Running set_position_group for group 'Pivot_Group' with positions: {7: 180, 8: 250}
2025-04-17 16:59:30,396 INFO: Front pivot angle set to 180 degrees (ticks: 180)
2025-04-17 16:59:30,397 INFO: Rear pivot angle set to 250 degrees (ticks: 250)
2025-04-17 16:59:30,655 INFO: Running set_position_group for group 'Pivot_Group' with positions: {7: 180, 8: 255}
2025-04-17 16:59:30,659 INFO: Front pivot angle set to 180 degrees (ticks: 180)
2025-04-17 16:59:30,659 INFO: Rear pivot angle set to 255 degrees (ticks: 255)
2025-04-17 16:59:30,917 INFO: Running set_position_group for group 'Pivot_Group' with positions: {7: 180, 8: 260}
2025-04-17 16:59:30,922 INFO: Front pivot angle set to 180 degrees (ticks: 180)
2025-04-17 16:59:30,923 INFO: Rear pivot angle set to 260 degrees (ticks: 260)
2025-04-17 16:59:31,181 INFO: Running set_position_group for group 'Pivot_Group' with positions: {7: 180, 8: 265}
2025-04-17 16:59:31,185 INFO: Front pivot angle set to 180 degrees (ticks: 180)
2025-04-17 16:59:31,186 INFO: Rear pivot angle set to 265 degrees (ticks: 265)
2025-04-17 16:59:31,436 INFO: Running set_position_group for group 'Pivot_Group' with positions: {7: 180, 8: 270}
2025-04-17 16:59:31,440 INFO: Front pivot angle set to 180 degrees (ticks: 180)
2025-04-17 16:59:31,441 INFO: Rear pivot angle set to 270 degrees (ticks: 270)
2025-04-17 16:59:32,448 INFO: Running set_position_group for group 'Pivot_Group' with positions: {7: 180, 8: 265}
2025-04-17 16:59:32,453 INFO: Front pivot angle set to 180 degrees (ticks: 180)
2025-04-17 16:59:32,454 INFO: Rear pivot angle set to 265 degrees (ticks: 265)
2025-04-17 16:59:32,799 INFO: Running set_position_group for group 'Pivot_Group' with positions: {7: 180, 8: 260}
2025-04-17 16:59:32,808 INFO: Front pivot angle set to 180 degrees (ticks: 180)
2025-04-17 16:59:32,808 INFO: Rear pivot angle set to 260 degrees (ticks: 260)
2025-04-17 16:59:33,090 INFO: Running set_position_group for group 'Pivot_Group' with positions: {7: 180, 8: 255}
2025-04-17 16:59:33,099 INFO: Front pivot angle set to 180 degrees (ticks: 180)
2025-04-17 16:59:33,099 INFO: Rear pivot angle set to 255 degrees (ticks: 255)
2025-04-17 16:59:33,350 INFO: Running set_position_group for group 'Pivot_Group' with positions: {7: 180, 8: 250}
2025-04-17 16:59:33,358 INFO: Front pivot angle set to 180 degrees (ticks: 180)
2025-04-17 16:59:33,360 INFO: Rear pivot angle set to 250 degrees (ticks: 250)
2025-04-17 16:59:33,629 INFO: Running set_position_group for group 'Pivot_Group' with positions: {7: 180, 8: 245}
2025-04-17 16:59:33,635 INFO: Front pivot angle set to 180 degrees (ticks: 180)
2025-04-17 16:59:33,636 INFO: Rear pivot angle set to 245 degrees (ticks: 245)
2025-04-17 16:59:33,916 INFO: Running set_position_group for group 'Pivot_Group' with positions: {7: 180, 8: 240}
2025-04-17 16:59:33,921 INFO: Front pivot angle set to 180 degrees (ticks: 180)
2025-04-17 16:59:33,921 INFO: Rear pivot angle set to 240 degrees (ticks: 240)
2025-04-17 16:59:34,187 INFO: Running set_position_group for group 'Pivot_Group' with positions: {7: 180, 8: 235}
2025-04-17 16:59:34,192 INFO: Front pivot angle set to 180 degrees (ticks: 180)
2025-04-17 16:59:34,193 INFO: Rear pivot angle set to 235 degrees (ticks: 235)
2025-04-17 16:59:34,454 INFO: Running set_position_group for group 'Pivot_Group' with positions: {7: 180, 8: 230}
2025-04-17 16:59:34,462 INFO: Front pivot angle set to 180 degrees (ticks: 180)
2025-04-17 16:59:34,463 INFO: Rear pivot angle set to 230 degrees (ticks: 230)
2025-04-17 16:59:34,761 INFO: Running set_position_group for group 'Pivot_Group' with positions: {7: 180, 8: 225}
2025-04-17 16:59:34,768 INFO: Front pivot angle set to 180 degrees (ticks: 180)
2025-04-17 16:59:34,769 INFO: Rear pivot angle set to 225 degrees (ticks: 225)
2025-04-17 16:59:35,059 INFO: Running set_position_group for group 'Pivot_Group' with positions: {7: 180, 8: 220}
2025-04-17 16:59:35,070 INFO: Front pivot angle set to 180 degrees (ticks: 180)
2025-04-17 16:59:35,076 INFO: Rear pivot angle set to 220 degrees (ticks: 220)
2025-04-17 16:59:35,349 INFO: Running set_position_group for group 'Pivot_Group' with positions: {7: 180, 8: 215}
2025-04-17 16:59:35,357 INFO: Front pivot angle set to 180 degrees (ticks: 180)
2025-04-17 16:59:35,358 INFO: Rear pivot angle set to 215 degrees (ticks: 215)
2025-04-17 16:59:35,635 INFO: Running set_position_group for group 'Pivot_Group' with positions: {7: 180, 8: 210}
2025-04-17 16:59:35,641 INFO: Front pivot angle set to 180 degrees (ticks: 180)
2025-04-17 16:59:35,642 INFO: Rear pivot angle set to 210 degrees (ticks: 210)
2025-04-17 16:59:35,905 INFO: Running set_position_group for group 'Pivot_Group' with positions: {7: 180, 8: 205}
2025-04-17 16:59:35,912 INFO: Front pivot angle set to 180 degrees (ticks: 180)
2025-04-17 16:59:35,914 INFO: Rear pivot angle set to 205 degrees (ticks: 205)
2025-04-17 16:59:36,166 INFO: Running set_position_group for group 'Pivot_Group' with positions: {7: 180, 8: 200}
2025-04-17 16:59:36,171 INFO: Front pivot angle set to 180 degrees (ticks: 180)
2025-04-17 16:59:36,172 INFO: Rear pivot angle set to 200 degrees (ticks: 200)
2025-04-17 16:59:36,427 INFO: Running set_position_group for group 'Pivot_Group' with positions: {7: 180, 8: 195}
2025-04-17 16:59:36,431 INFO: Front pivot angle set to 180 degrees (ticks: 180)
2025-04-17 16:59:36,431 INFO: Rear pivot angle set to 195 degrees (ticks: 195)
2025-04-17 16:59:36,691 INFO: Running set_position_group for group 'Pivot_Group' with positions: {7: 180, 8: 190}
2025-04-17 16:59:36,697 INFO: Front pivot angle set to 180 degrees (ticks: 180)
2025-04-17 16:59:36,698 INFO: Rear pivot angle set to 190 degrees (ticks: 190)
2025-04-17 16:59:36,965 INFO: Running set_position_group for group 'Pivot_Group' with positions: {7: 180, 8: 185}
2025-04-17 16:59:36,971 INFO: Front pivot angle set to 180 degrees (ticks: 180)
2025-04-17 16:59:36,973 INFO: Rear pivot angle set to 185 degrees (ticks: 185)
2025-04-17 16:59:37,237 INFO: Running set_position_group for group 'Pivot_Group' with positions: {7: 180, 8: 180}
2025-04-17 16:59:37,241 INFO: Front pivot angle set to 180 degrees (ticks: 180)
2025-04-17 16:59:37,242 INFO: Rear pivot angle set to 180 degrees (ticks: 180)
2025-04-17 16:59:38,007 INFO: Running set_position_group for group 'Pivot_Group' with positions: {7: 180, 8: 185}
2025-04-17 16:59:38,013 INFO: Front pivot angle set to 180 degrees (ticks: 180)
2025-04-17 16:59:38,013 INFO: Rear pivot angle set to 185 degrees (ticks: 185)
2025-04-17 16:59:38,778 INFO: Running set_position_group for group 'Pivot_Group' with positions: {7: 180, 8: 190}
2025-04-17 16:59:38,783 INFO: Front pivot angle set to 180 degrees (ticks: 180)
2025-04-17 16:59:38,785 INFO: Rear pivot angle set to 190 degrees (ticks: 190)
2025-04-17 16:59:39,574 INFO: Running set_position_group for group 'Pivot_Group' with positions: {7: 180, 8: 185}
2025-04-17 16:59:39,578 INFO: Front pivot angle set to 180 degrees (ticks: 180)
2025-04-17 16:59:39,579 INFO: Rear pivot angle set to 185 degrees (ticks: 185)
2025-04-17 17:01:27,125 INFO: Profile velocities set for group Wheg_Group: {1: 87.4, 2: 87.4, 3: 87.4, 4: 87.4, 5: 87.4, 6: 87.4}
2025-04-17 17:01:27,126 INFO: Incrementing motor positions by 360 degrees for group 'Wheg_Group'
2025-04-17 17:01:27,139 INFO: Gait 1 step executed at 20.00RPM, wait for 3.00 seconds
2025-04-17 17:01:30,980 INFO: Share pressed. Reversing the direction of the whegs
2025-04-17 17:01:31,012 INFO: Disabling torque for group Wheg_Group
2025-04-17 17:01:31,017 INFO: Drive mode set for group Wheg_Group with reverse_direction={1: 1, 2: 1, 3: 1, 4: 0, 5: 0, 6: 0}
2025-04-17 17:01:31,024 INFO: Enabling torque for group Wheg_Group
2025-04-17 17:01:31,028 INFO: Setting the profile velocity for group Wheg_Group from config.yaml: 10
2025-04-17 17:01:31,030 INFO: Profile velocities set for group Wheg_Group: {1: 43.7, 2: 43.7, 3: 43.7, 4: 43.7, 5: 43.7, 6: 43.7}
2025-04-17 17:01:31,030 INFO: Reversed the direction of all whegs, waiting for 3 seconds
2025-04-17 17:01:34,032 INFO: Direction of whegs reversed.
2025-04-17 17:01:34,194 INFO: Initialising Gait 1
2025-04-17 17:01:34,195 INFO: Disabling torque for group Wheg_Group
2025-04-17 17:01:34,198 INFO: Drive mode set for group Wheg_Group with reverse_direction={1: 1, 2: 1, 3: 1, 4: 0, 5: 0, 6: 0}
2025-04-17 17:01:34,199 INFO: Enabling torque for group Wheg_Group
2025-04-17 17:01:34,217 INFO: Setting the profile velocity for group Wheg_Group from config.yaml: 10
2025-04-17 17:01:34,239 INFO: Profile velocities set for group Wheg_Group: {1: 43.7, 2: 43.7, 3: 43.7, 4: 43.7, 5: 43.7, 6: 43.7}
2025-04-17 17:01:34,240 WARNING: Set direction of whegs to reverse
2025-04-17 17:01:34,242 WARNING: Direction set for all whegs
2025-04-17 17:01:34,248 INFO: Running set_position_group for group 'Wheg_Group' with positions: 180
2025-04-17 17:01:34,258 WARNING: Motor 1 is not in Position Control Mode. Setting mode now.
2025-04-17 17:01:34,261 INFO: Setting operating mode 'position' for group 'Wheg_Group'
2025-04-17 17:01:34,263 INFO: Disabling torque for group Wheg_Group
2025-04-17 17:01:34,270 INFO: Enabling torque for group Wheg_Group
2025-04-17 17:01:34,273 INFO: Setting the profile velocity for group Wheg_Group from config.yaml: 10
2025-04-17 17:01:34,279 INFO: Profile velocities set for group Wheg_Group: {1: 43.7, 2: 43.7, 3: 43.7, 4: 43.7, 5: 43.7, 6: 43.7}
2025-04-17 17:01:34,280 INFO: Setting the profile velocity for group Wheg_Group from config.yaml: 10
2025-04-17 17:01:34,286 INFO: Profile velocities set for group Wheg_Group: {1: 43.7, 2: 43.7, 3: 43.7, 4: 43.7, 5: 43.7, 6: 43.7}
2025-04-17 17:01:34,289 INFO: Running set_position_group for group 'Pivot_Group' with positions: 180
2025-04-17 17:01:34,296 INFO: Initialised Gait 1, waiting for 1 seconds
2025-04-17 17:01:35,299 INFO: Setting operating mode 'multi_turn' for group 'Wheg_Group'
2025-04-17 17:01:35,301 INFO: Disabling torque for group Wheg_Group
2025-04-17 17:01:35,304 INFO: Enabling torque for group Wheg_Group
2025-04-17 17:01:35,306 INFO: Setting the profile velocity for group Wheg_Group from config.yaml: 10
2025-04-17 17:01:35,310 INFO: Profile velocities set for group Wheg_Group: {1: 43.7, 2: 43.7, 3: 43.7, 4: 43.7, 5: 43.7, 6: 43.7}
2025-04-17 17:01:35,314 INFO: Setting the profile velocity for group Wheg_Group from config.yaml: 10
2025-04-17 17:01:35,316 INFO: Profile velocities set for group Wheg_Group: {1: 43.7, 2: 43.7, 3: 43.7, 4: 43.7, 5: 43.7, 6: 43.7}
2025-04-17 17:01:35,317 INFO: New gait 1 is now active.
2025-04-17 17:01:35,336 INFO: Profile velocities set for group Wheg_Group: {1: 87.4, 2: 87.4, 3: 87.4, 4: 87.4, 5: 87.4, 6: 87.4}
2025-04-17 17:01:35,337 INFO: Incrementing motor positions by 360 degrees for group 'Wheg_Group'
2025-04-17 17:01:35,352 INFO: Gait 1 step executed at 20.00RPM, wait for 3.00 seconds
2025-04-17 17:01:43,901 INFO: Profile velocities set for group Wheg_Group: {1: 87.4, 2: 87.4, 3: 87.4, 4: 87.4, 5: 87.4, 6: 87.4}
2025-04-17 17:01:43,903 INFO: Incrementing motor positions by 360 degrees for group 'Wheg_Group'
2025-04-17 17:01:43,916 INFO: Gait 1 step executed at 20.00RPM, wait for 3.00 seconds
2025-04-17 17:02:49,220 INFO: Profile velocities set for group Wheg_Group: {1: 87.4, 2: 87.4, 3: 87.4, 4: 87.4, 5: 87.4, 6: 87.4}
2025-04-17 17:02:49,225 INFO: Incrementing motor positions by 360 degrees for group 'Wheg_Group'
2025-04-17 17:02:49,240 INFO: Gait 1 step executed at 20.00RPM, wait for 3.00 seconds
2025-04-17 17:02:52,963 INFO: Triangle pressed. Preparing to change to next gait: 2
2025-04-17 17:02:52,978 INFO: Initialising Gait 2
2025-04-17 17:02:52,980 INFO: Running set_position_group for group 'Wheg_Group' with positions: {1: 160, 2: 200, 3: 160, 4: 200, 5: 160, 6: 200}
2025-04-17 17:02:52,989 WARNING: Motor 1 is not in Position Control Mode. Setting mode now.
2025-04-17 17:02:52,990 INFO: Setting operating mode 'position' for group 'Wheg_Group'
2025-04-17 17:02:52,991 INFO: Disabling torque for group Wheg_Group
2025-04-17 17:02:52,994 INFO: Enabling torque for group Wheg_Group
2025-04-17 17:02:52,996 INFO: Setting the profile velocity for group Wheg_Group from config.yaml: 10
2025-04-17 17:02:52,998 INFO: Profile velocities set for group Wheg_Group: {1: 43.7, 2: 43.7, 3: 43.7, 4: 43.7, 5: 43.7, 6: 43.7}
2025-04-17 17:02:52,999 INFO: Setting the profile velocity for group Wheg_Group from config.yaml: 10
2025-04-17 17:02:53,002 INFO: Profile velocities set for group Wheg_Group: {1: 43.7, 2: 43.7, 3: 43.7, 4: 43.7, 5: 43.7, 6: 43.7}
2025-04-17 17:02:53,006 INFO: Running set_position_group for group 'Pivot_Group' with positions: 180
2025-04-17 17:02:53,014 INFO: Initialised Gait 2, waiting for 1 seconds
2025-04-17 17:02:53,123 INFO: Triangle pressed. Preparing to change to next gait: 2
2025-04-17 17:02:54,024 INFO: Setting operating mode 'multi_turn' for group 'Wheg_Group'
2025-04-17 17:02:54,026 INFO: Disabling torque for group Wheg_Group
2025-04-17 17:02:54,035 INFO: Enabling torque for group Wheg_Group
2025-04-17 17:02:54,040 INFO: Setting the profile velocity for group Wheg_Group from config.yaml: 10
2025-04-17 17:02:54,045 INFO: Profile velocities set for group Wheg_Group: {1: 43.7, 2: 43.7, 3: 43.7, 4: 43.7, 5: 43.7, 6: 43.7}
2025-04-17 17:02:54,046 INFO: Setting the profile velocity for group Wheg_Group from config.yaml: 10
2025-04-17 17:02:54,048 INFO: Profile velocities set for group Wheg_Group: {1: 43.7, 2: 43.7, 3: 43.7, 4: 43.7, 5: 43.7, 6: 43.7}
2025-04-17 17:02:54,049 INFO: New gait 2 is now active.
2025-04-17 17:02:54,075 WARNING: Profile velocity 160.0 for motor 2 exceeds hard limit 100. Limiting to 100.
2025-04-17 17:02:54,077 WARNING: Profile velocity 160.0 for motor 4 exceeds hard limit 100. Limiting to 100.
2025-04-17 17:02:54,081 WARNING: Profile velocity 160.0 for motor 6 exceeds hard limit 100. Limiting to 100.
2025-04-17 17:02:54,083 INFO: Profile velocities set for group Wheg_Group: {1: 87.4, 2: 437.0, 3: 87.4, 4: 437.0, 5: 87.4, 6: 437.0}
2025-04-17 17:02:54,084 INFO: Incrementing motor positions by {1: 40, 2: 320, 3: 40, 4: 320, 5: 40, 6: 320} degrees for group 'Wheg_Group'
2025-04-17 17:02:54,101 INFO: Gait 2 step executed at 20.00RPM, wait for 0.36 seconds
2025-04-17 17:02:55,251 WARNING: Profile velocity 160.0 for motor 1 exceeds hard limit 100. Limiting to 100.
2025-04-17 17:02:55,253 WARNING: Profile velocity 160.0 for motor 3 exceeds hard limit 100. Limiting to 100.
2025-04-17 17:02:55,254 WARNING: Profile velocity 160.0 for motor 5 exceeds hard limit 100. Limiting to 100.
2025-04-17 17:02:55,257 INFO: Profile velocities set for group Wheg_Group: {1: 437.0, 2: 87.4, 3: 437.0, 4: 87.4, 5: 437.0, 6: 87.4}
2025-04-17 17:02:55,258 INFO: Incrementing motor positions by {1: 320, 2: 40, 3: 320, 4: 40, 5: 320, 6: 40} degrees for group 'Wheg_Group'
2025-04-17 17:02:55,269 INFO: Gait 2 step executed at 20.00RPM, wait for 0.36 seconds
2025-04-17 17:02:56,136 WARNING: Profile velocity 160.0 for motor 2 exceeds hard limit 100. Limiting to 100.
2025-04-17 17:02:56,136 WARNING: Profile velocity 160.0 for motor 4 exceeds hard limit 100. Limiting to 100.
2025-04-17 17:02:56,137 WARNING: Profile velocity 160.0 for motor 6 exceeds hard limit 100. Limiting to 100.
2025-04-17 17:02:56,138 INFO: Profile velocities set for group Wheg_Group: {1: 87.4, 2: 437.0, 3: 87.4, 4: 437.0, 5: 87.4, 6: 437.0}
2025-04-17 17:02:56,139 INFO: Incrementing motor positions by {1: 40, 2: 320, 3: 40, 4: 320, 5: 40, 6: 320} degrees for group 'Wheg_Group'
2025-04-17 17:02:56,151 INFO: Gait 2 step executed at 20.00RPM, wait for 0.36 seconds
2025-04-17 17:02:57,014 WARNING: Profile velocity 160.0 for motor 1 exceeds hard limit 100. Limiting to 100.
2025-04-17 17:02:57,015 WARNING: Profile velocity 160.0 for motor 3 exceeds hard limit 100. Limiting to 100.
2025-04-17 17:02:57,015 WARNING: Profile velocity 160.0 for motor 5 exceeds hard limit 100. Limiting to 100.
2025-04-17 17:02:57,018 INFO: Profile velocities set for group Wheg_Group: {1: 437.0, 2: 87.4, 3: 437.0, 4: 87.4, 5: 437.0, 6: 87.4}
2025-04-17 17:02:57,018 INFO: Incrementing motor positions by {1: 320, 2: 40, 3: 320, 4: 40, 5: 320, 6: 40} degrees for group 'Wheg_Group'
2025-04-17 17:02:57,032 INFO: Gait 2 step executed at 20.00RPM, wait for 0.36 seconds
2025-04-17 17:02:57,920 WARNING: Profile velocity 160.0 for motor 2 exceeds hard limit 100. Limiting to 100.
2025-04-17 17:02:57,926 WARNING: Profile velocity 160.0 for motor 4 exceeds hard limit 100. Limiting to 100.
2025-04-17 17:02:57,927 WARNING: Profile velocity 160.0 for motor 6 exceeds hard limit 100. Limiting to 100.
2025-04-17 17:02:57,928 INFO: Profile velocities set for group Wheg_Group: {1: 87.4, 2: 437.0, 3: 87.4, 4: 437.0, 5: 87.4, 6: 437.0}
2025-04-17 17:02:57,929 INFO: Incrementing motor positions by {1: 40, 2: 320, 3: 40, 4: 320, 5: 40, 6: 320} degrees for group 'Wheg_Group'
2025-04-17 17:02:57,942 INFO: Gait 2 step executed at 20.00RPM, wait for 0.36 seconds
2025-04-17 17:02:58,441 WARNING: Profile velocity 168.0 for motor 1 exceeds hard limit 100. Limiting to 100.
2025-04-17 17:02:58,442 WARNING: Profile velocity 168.0 for motor 3 exceeds hard limit 100. Limiting to 100.
2025-04-17 17:02:58,443 WARNING: Profile velocity 168.0 for motor 5 exceeds hard limit 100. Limiting to 100.
2025-04-17 17:02:58,445 INFO: Profile velocities set for group Wheg_Group: {1: 437.0, 2: 91.77, 3: 437.0, 4: 91.77, 5: 437.0, 6: 91.77}
2025-04-17 17:02:58,446 INFO: Incrementing motor positions by {1: 320, 2: 40, 3: 320, 4: 40, 5: 320, 6: 40} degrees for group 'Wheg_Group'
2025-04-17 17:02:58,458 INFO: Gait 2 step executed at 21.00RPM, wait for 0.34 seconds
2025-04-17 17:02:58,898 WARNING: Motors are not in the correct positions for Gait 2. Positions: {1: 80.607421875, 2: 170.255859375, 3: 82.189453125, 4: 169.81640625, 5: 82.8046875, 6: 105.041015625}
2025-04-17 17:02:58,898 WARNING: Waiting for 1 second before checking for movement
2025-04-17 17:02:59,096 INFO: Motors are moving. Continuing with the gait.
2025-04-17 17:02:59,661 WARNING: Motors are not in the correct positions for Gait 2. Positions: {1: 161.90625, 2: 170.255859375, 3: 162.697265625, 4: 169.81640625, 5: 162.78515625, 6: 103.8984375}
2025-04-17 17:02:59,664 WARNING: Waiting for 1 second before checking for movement
2025-04-17 17:02:59,812 CRITICAL: Motors are not moving, reseting positions, and waiting for 3 seconds.
2025-04-17 17:02:59,814 INFO: Running set_position_group for group 'Wheg_Group' with positions: {1: 160, 2: 200, 3: 160, 4: 200, 5: 160, 6: 200}
2025-04-17 17:02:59,824 WARNING: Motor 1 is not in Position Control Mode. Setting mode now.
2025-04-17 17:02:59,824 INFO: Setting operating mode 'position' for group 'Wheg_Group'
2025-04-17 17:02:59,826 INFO: Disabling torque for group Wheg_Group
2025-04-17 17:02:59,828 INFO: Enabling torque for group Wheg_Group
2025-04-17 17:02:59,832 INFO: Setting the profile velocity for group Wheg_Group from config.yaml: 10
2025-04-17 17:02:59,838 INFO: Profile velocities set for group Wheg_Group: {1: 43.7, 2: 43.7, 3: 43.7, 4: 43.7, 5: 43.7, 6: 43.7}
2025-04-17 17:02:59,840 INFO: Setting the profile velocity for group Wheg_Group from config.yaml: 10
2025-04-17 17:02:59,843 INFO: Profile velocities set for group Wheg_Group: {1: 43.7, 2: 43.7, 3: 43.7, 4: 43.7, 5: 43.7, 6: 43.7}
2025-04-17 17:03:00,347 INFO: Setting operating mode 'multi_turn' for group 'Wheg_Group'
2025-04-17 17:03:00,351 INFO: Disabling torque for group Wheg_Group
2025-04-17 17:03:00,352 INFO: Enabling torque for group Wheg_Group
2025-04-17 17:03:00,355 INFO: Setting the profile velocity for group Wheg_Group from config.yaml: 10
2025-04-17 17:03:00,358 INFO: Profile velocities set for group Wheg_Group: {1: 43.7, 2: 43.7, 3: 43.7, 4: 43.7, 5: 43.7, 6: 43.7}
2025-04-17 17:03:00,360 INFO: Setting the profile velocity for group Wheg_Group from config.yaml: 10
2025-04-17 17:03:00,367 INFO: Profile velocities set for group Wheg_Group: {1: 43.7, 2: 43.7, 3: 43.7, 4: 43.7, 5: 43.7, 6: 43.7}
2025-04-17 17:03:00,369 WARNING: Profile velocity 184.0 for motor 2 exceeds hard limit 100. Limiting to 100.
2025-04-17 17:03:00,371 WARNING: Profile velocity 184.0 for motor 4 exceeds hard limit 100. Limiting to 100.
2025-04-17 17:03:00,371 WARNING: Profile velocity 184.0 for motor 6 exceeds hard limit 100. Limiting to 100.
2025-04-17 17:03:00,373 INFO: Profile velocities set for group Wheg_Group: {1: 100.51, 2: 437.0, 3: 100.51, 4: 437.0, 5: 100.51, 6: 437.0}
2025-04-17 17:03:00,374 INFO: Incrementing motor positions by {1: 40, 2: 320, 3: 40, 4: 320, 5: 40, 6: 320} degrees for group 'Wheg_Group'
2025-04-17 17:03:00,387 INFO: Gait 2 step executed at 23.00RPM, wait for 0.31 seconds
2025-04-17 17:03:00,965 WARNING: Profile velocity 160.0 for motor 1 exceeds hard limit 100. Limiting to 100.
2025-04-17 17:03:00,967 WARNING: Profile velocity 160.0 for motor 3 exceeds hard limit 100. Limiting to 100.
2025-04-17 17:03:00,968 WARNING: Profile velocity 160.0 for motor 5 exceeds hard limit 100. Limiting to 100.
2025-04-17 17:03:00,971 INFO: Profile velocities set for group Wheg_Group: {1: 437.0, 2: 87.4, 3: 437.0, 4: 87.4, 5: 437.0, 6: 87.4}
2025-04-17 17:03:00,971 INFO: Incrementing motor positions by {1: 320, 2: 40, 3: 320, 4: 40, 5: 320, 6: 40} degrees for group 'Wheg_Group'
2025-04-17 17:03:00,984 INFO: Gait 2 step executed at 20.00RPM, wait for 0.36 seconds
2025-04-17 17:03:01,369 WARNING: Motors are not in the correct positions for Gait 2. Positions: {1: 48.4609375, 2: 196.64453125, 3: 49.251953125, 4: 195.853515625, 5: 50.482421875, 6: 67.62109375}
2025-04-17 17:03:01,370 WARNING: Waiting for 1 second before checking for movement
2025-04-17 17:03:01,636 INFO: Motors are moving. Continuing with the gait.
2025-04-17 17:03:02,253 WARNING: Motors are not in the correct positions for Gait 2. Positions: {1: 160.609375, 2: 196.99609375, 3: 160.873046875, 4: 196.380859375, 5: 160.873046875, 6: 67.62109375}
2025-04-17 17:03:02,254 WARNING: Waiting for 1 second before checking for movement
2025-04-17 17:03:02,403 CRITICAL: Motors are not moving, reseting positions, and waiting for 3 seconds.
2025-04-17 17:03:02,405 INFO: Running set_position_group for group 'Wheg_Group' with positions: {1: 160, 2: 200, 3: 160, 4: 200, 5: 160, 6: 200}
2025-04-17 17:03:02,422 WARNING: Motor 1 is not in Position Control Mode. Setting mode now.
2025-04-17 17:03:02,426 INFO: Setting operating mode 'position' for group 'Wheg_Group'
2025-04-17 17:03:02,427 INFO: Disabling torque for group Wheg_Group
2025-04-17 17:03:02,429 INFO: Enabling torque for group Wheg_Group
2025-04-17 17:03:02,434 INFO: Setting the profile velocity for group Wheg_Group from config.yaml: 10
2025-04-17 17:03:02,439 INFO: Profile velocities set for group Wheg_Group: {1: 43.7, 2: 43.7, 3: 43.7, 4: 43.7, 5: 43.7, 6: 43.7}
2025-04-17 17:03:02,442 INFO: Setting the profile velocity for group Wheg_Group from config.yaml: 10
2025-04-17 17:03:02,445 INFO: Profile velocities set for group Wheg_Group: {1: 43.7, 2: 43.7, 3: 43.7, 4: 43.7, 5: 43.7, 6: 43.7}
2025-04-17 17:03:02,951 INFO: Setting operating mode 'multi_turn' for group 'Wheg_Group'
2025-04-17 17:03:02,953 INFO: Disabling torque for group Wheg_Group
2025-04-17 17:03:02,955 INFO: Enabling torque for group Wheg_Group
2025-04-17 17:03:02,957 INFO: Setting the profile velocity for group Wheg_Group from config.yaml: 10
2025-04-17 17:03:02,959 INFO: Profile velocities set for group Wheg_Group: {1: 43.7, 2: 43.7, 3: 43.7, 4: 43.7, 5: 43.7, 6: 43.7}
2025-04-17 17:03:02,960 INFO: Setting the profile velocity for group Wheg_Group from config.yaml: 10
2025-04-17 17:03:02,962 INFO: Profile velocities set for group Wheg_Group: {1: 43.7, 2: 43.7, 3: 43.7, 4: 43.7, 5: 43.7, 6: 43.7}
2025-04-17 17:03:02,964 WARNING: Profile velocity 176.0 for motor 2 exceeds hard limit 100. Limiting to 100.
2025-04-17 17:03:02,964 WARNING: Profile velocity 176.0 for motor 4 exceeds hard limit 100. Limiting to 100.
2025-04-17 17:03:02,964 WARNING: Profile velocity 176.0 for motor 6 exceeds hard limit 100. Limiting to 100.
2025-04-17 17:03:02,968 INFO: Profile velocities set for group Wheg_Group: {1: 96.14, 2: 437.0, 3: 96.14, 4: 437.0, 5: 96.14, 6: 437.0}
2025-04-17 17:03:02,970 INFO: Incrementing motor positions by {1: 40, 2: 320, 3: 40, 4: 320, 5: 40, 6: 320} degrees for group 'Wheg_Group'
2025-04-17 17:03:02,988 INFO: Gait 2 step executed at 22.00RPM, wait for 0.33 seconds
2025-04-17 17:03:06,951 WARNING: Profile velocity 160.0 for motor 1 exceeds hard limit 100. Limiting to 100.
2025-04-17 17:03:06,951 WARNING: Profile velocity 160.0 for motor 3 exceeds hard limit 100. Limiting to 100.
2025-04-17 17:03:06,951 WARNING: Profile velocity 160.0 for motor 5 exceeds hard limit 100. Limiting to 100.
2025-04-17 17:03:06,953 INFO: Profile velocities set for group Wheg_Group: {1: 437.0, 2: 87.4, 3: 437.0, 4: 87.4, 5: 437.0, 6: 87.4}
2025-04-17 17:03:06,954 INFO: Incrementing motor positions by {1: 320, 2: 40, 3: 320, 4: 40, 5: 320, 6: 40} degrees for group 'Wheg_Group'
2025-04-17 17:03:06,965 INFO: Gait 2 step executed at 20.00RPM, wait for 0.36 seconds
2025-04-17 17:03:09,066 WARNING: Motors are not in the correct positions for Gait 2. Positions: {1: 160.697265625, 2: 200.951171875, 3: 160.9609375, 4: 200.86328125, 5: 160.873046875, 6: 95.658203125}
2025-04-17 17:03:09,066 WARNING: Waiting for 1 second before checking for movement
2025-04-17 17:03:09,197 CRITICAL: Motors are not moving, reseting positions, and waiting for 3 seconds.
2025-04-17 17:03:09,199 INFO: Running set_position_group for group 'Wheg_Group' with positions: {1: 160, 2: 200, 3: 160, 4: 200, 5: 160, 6: 200}
2025-04-17 17:03:09,207 WARNING: Motor 1 is not in Position Control Mode. Setting mode now.
2025-04-17 17:03:09,207 INFO: Setting operating mode 'position' for group 'Wheg_Group'
2025-04-17 17:03:09,208 INFO: Disabling torque for group Wheg_Group
2025-04-17 17:03:09,210 INFO: Enabling torque for group Wheg_Group
2025-04-17 17:03:09,211 INFO: Setting the profile velocity for group Wheg_Group from config.yaml: 10
2025-04-17 17:03:09,214 INFO: Profile velocities set for group Wheg_Group: {1: 43.7, 2: 43.7, 3: 43.7, 4: 43.7, 5: 43.7, 6: 43.7}
2025-04-17 17:03:09,215 INFO: Setting the profile velocity for group Wheg_Group from config.yaml: 10
2025-04-17 17:03:09,216 INFO: Profile velocities set for group Wheg_Group: {1: 43.7, 2: 43.7, 3: 43.7, 4: 43.7, 5: 43.7, 6: 43.7}
2025-04-17 17:03:09,729 INFO: Setting operating mode 'multi_turn' for group 'Wheg_Group'
2025-04-17 17:03:09,731 INFO: Disabling torque for group Wheg_Group
2025-04-17 17:03:09,735 INFO: Enabling torque for group Wheg_Group
2025-04-17 17:03:09,739 INFO: Setting the profile velocity for group Wheg_Group from config.yaml: 10
2025-04-17 17:03:09,743 INFO: Profile velocities set for group Wheg_Group: {1: 43.7, 2: 43.7, 3: 43.7, 4: 43.7, 5: 43.7, 6: 43.7}
2025-04-17 17:03:09,744 INFO: Setting the profile velocity for group Wheg_Group from config.yaml: 10
2025-04-17 17:03:09,746 INFO: Profile velocities set for group Wheg_Group: {1: 43.7, 2: 43.7, 3: 43.7, 4: 43.7, 5: 43.7, 6: 43.7}
2025-04-17 17:03:09,748 WARNING: Profile velocity 160.0 for motor 2 exceeds hard limit 100. Limiting to 100.
2025-04-17 17:03:09,749 WARNING: Profile velocity 160.0 for motor 4 exceeds hard limit 100. Limiting to 100.
2025-04-17 17:03:09,751 WARNING: Profile velocity 160.0 for motor 6 exceeds hard limit 100. Limiting to 100.
2025-04-17 17:03:09,753 INFO: Profile velocities set for group Wheg_Group: {1: 87.4, 2: 437.0, 3: 87.4, 4: 437.0, 5: 87.4, 6: 437.0}
2025-04-17 17:03:09,753 INFO: Incrementing motor positions by {1: 40, 2: 320, 3: 40, 4: 320, 5: 40, 6: 320} degrees for group 'Wheg_Group'
2025-04-17 17:03:09,765 INFO: Gait 2 step executed at 20.00RPM, wait for 0.36 seconds
2025-04-17 17:03:13,102 WARNING: Profile velocity 160.0 for motor 1 exceeds hard limit 100. Limiting to 100.
2025-04-17 17:03:13,106 WARNING: Profile velocity 160.0 for motor 3 exceeds hard limit 100. Limiting to 100.
2025-04-17 17:03:13,106 WARNING: Profile velocity 160.0 for motor 5 exceeds hard limit 100. Limiting to 100.
2025-04-17 17:03:13,108 INFO: Profile velocities set for group Wheg_Group: {1: 437.0, 2: 87.4, 3: 437.0, 4: 87.4, 5: 437.0, 6: 87.4}
2025-04-17 17:03:13,110 INFO: Incrementing motor positions by {1: 320, 2: 40, 3: 320, 4: 40, 5: 320, 6: 40} degrees for group 'Wheg_Group'
2025-04-17 17:03:13,127 INFO: Gait 2 step executed at 20.00RPM, wait for 0.36 seconds
2025-04-17 17:03:15,229 INFO: Square pressed. Preparing to change to previous gait: 1
2025-04-17 17:03:15,243 INFO: Initialising Gait 1
2025-04-17 17:03:15,244 INFO: Disabling torque for group Wheg_Group
2025-04-17 17:03:15,246 INFO: Drive mode set for group Wheg_Group with reverse_direction={1: 1, 2: 1, 3: 1, 4: 0, 5: 0, 6: 0}
2025-04-17 17:03:15,247 INFO: Enabling torque for group Wheg_Group
2025-04-17 17:03:15,248 INFO: Setting the profile velocity for group Wheg_Group from config.yaml: 10
2025-04-17 17:03:15,250 INFO: Profile velocities set for group Wheg_Group: {1: 43.7, 2: 43.7, 3: 43.7, 4: 43.7, 5: 43.7, 6: 43.7}
2025-04-17 17:03:15,251 WARNING: Set direction of whegs to reverse
2025-04-17 17:03:15,252 WARNING: Direction set for all whegs
2025-04-17 17:03:15,253 INFO: Running set_position_group for group 'Wheg_Group' with positions: 180
2025-04-17 17:03:15,259 WARNING: Motor 1 is not in Position Control Mode. Setting mode now.
2025-04-17 17:03:15,259 INFO: Setting operating mode 'position' for group 'Wheg_Group'
2025-04-17 17:03:15,261 INFO: Disabling torque for group Wheg_Group
2025-04-17 17:03:15,262 INFO: Enabling torque for group Wheg_Group
2025-04-17 17:03:15,263 INFO: Setting the profile velocity for group Wheg_Group from config.yaml: 10
2025-04-17 17:03:15,264 INFO: Profile velocities set for group Wheg_Group: {1: 43.7, 2: 43.7, 3: 43.7, 4: 43.7, 5: 43.7, 6: 43.7}
2025-04-17 17:03:15,266 INFO: Setting the profile velocity for group Wheg_Group from config.yaml: 10
2025-04-17 17:03:15,267 INFO: Profile velocities set for group Wheg_Group: {1: 43.7, 2: 43.7, 3: 43.7, 4: 43.7, 5: 43.7, 6: 43.7}
2025-04-17 17:03:15,270 INFO: Running set_position_group for group 'Pivot_Group' with positions: 180
2025-04-17 17:03:15,274 INFO: Initialised Gait 1, waiting for 1 seconds
2025-04-17 17:03:15,380 INFO: Square pressed. Preparing to change to previous gait: 1
2025-04-17 17:03:16,276 INFO: Setting operating mode 'multi_turn' for group 'Wheg_Group'
2025-04-17 17:03:16,277 INFO: Disabling torque for group Wheg_Group
2025-04-17 17:03:16,279 INFO: Enabling torque for group Wheg_Group
2025-04-17 17:03:16,280 INFO: Setting the profile velocity for group Wheg_Group from config.yaml: 10
2025-04-17 17:03:16,281 INFO: Profile velocities set for group Wheg_Group: {1: 43.7, 2: 43.7, 3: 43.7, 4: 43.7, 5: 43.7, 6: 43.7}
2025-04-17 17:03:16,282 INFO: Setting the profile velocity for group Wheg_Group from config.yaml: 10
2025-04-17 17:03:16,283 INFO: Profile velocities set for group Wheg_Group: {1: 43.7, 2: 43.7, 3: 43.7, 4: 43.7, 5: 43.7, 6: 43.7}
2025-04-17 17:03:16,283 INFO: New gait 1 is now active.
2025-04-17 17:03:16,668 INFO: Profile velocities set for group Wheg_Group: {1: 87.4, 2: 87.4, 3: 87.4, 4: 87.4, 5: 87.4, 6: 87.4}
2025-04-17 17:03:16,669 INFO: Incrementing motor positions by 360 degrees for group 'Wheg_Group'
2025-04-17 17:03:16,688 INFO: Gait 1 step executed at 20.00RPM, wait for 3.00 seconds
2025-04-17 17:03:20,113 INFO: Profile velocities set for group Wheg_Group: {1: 87.4, 2: 87.4, 3: 87.4, 4: 87.4, 5: 87.4, 6: 87.4}
2025-04-17 17:03:20,114 INFO: Incrementing motor positions by 360 degrees for group 'Wheg_Group'
2025-04-17 17:03:20,125 INFO: Gait 1 step executed at 20.00RPM, wait for 3.00 seconds
2025-04-17 17:03:23,464 INFO: Square pressed. Preparing to change to previous gait: 4
2025-04-17 17:03:23,476 INFO: Initialising Gait 4
2025-04-17 17:03:23,480 INFO: Direction data: {1: {'drive_mode': 1}, 2: {'drive_mode': 1}, 3: {'drive_mode': 1}}
2025-04-17 17:03:23,481 INFO: Disabling torque for group Left_Whegs
2025-04-17 17:03:23,485 INFO: Drive mode set for group Left_Whegs with reverse_direction={1: 0, 2: 0, 3: 0}
2025-04-17 17:03:23,486 INFO: Enabling torque for group Left_Whegs
2025-04-17 17:03:23,488 INFO: Setting the profile velocity for group Left_Whegs from config.yaml: None
2025-04-17 17:03:23,489 ERROR: Profile velocity for group Left_Whegs not found in config.yaml and no value was provided.
2025-04-17 17:03:23,490 WARNING: Reversed the direction of the left whegs
2025-04-17 17:03:23,492 INFO: Running set_position_group for group 'Wheg_Group' with positions: {1: 160, 2: 200, 3: 160, 4: 200, 5: 160, 6: 200}
2025-04-17 17:03:23,498 WARNING: Motor 1 is not in Position Control Mode. Setting mode now.
2025-04-17 17:03:23,498 INFO: Setting operating mode 'position' for group 'Wheg_Group'
2025-04-17 17:03:23,501 INFO: Disabling torque for group Wheg_Group
2025-04-17 17:03:23,502 INFO: Enabling torque for group Wheg_Group
2025-04-17 17:03:23,504 INFO: Setting the profile velocity for group Wheg_Group from config.yaml: 10
2025-04-17 17:03:23,506 INFO: Profile velocities set for group Wheg_Group: {1: 43.7, 2: 43.7, 3: 43.7, 4: 43.7, 5: 43.7, 6: 43.7}
2025-04-17 17:03:23,507 INFO: Setting the profile velocity for group Wheg_Group from config.yaml: 10
2025-04-17 17:03:23,509 INFO: Profile velocities set for group Wheg_Group: {1: 43.7, 2: 43.7, 3: 43.7, 4: 43.7, 5: 43.7, 6: 43.7}
2025-04-17 17:03:23,510 INFO: Running set_position_group for group 'Pivot_Group' with positions: 180
2025-04-17 17:03:23,514 INFO: Initialised Gait 4, waiting for 1 seconds
2025-04-17 17:03:23,612 INFO: Square pressed. Preparing to change to previous gait: 4
2025-04-17 17:03:24,563 INFO: Setting operating mode 'multi_turn' for group 'Wheg_Group'
2025-04-17 17:03:24,565 INFO: Disabling torque for group Wheg_Group
2025-04-17 17:03:24,568 INFO: Enabling torque for group Wheg_Group
2025-04-17 17:03:24,570 INFO: Setting the profile velocity for group Wheg_Group from config.yaml: 10
2025-04-17 17:03:24,574 INFO: Profile velocities set for group Wheg_Group: {1: 43.7, 2: 43.7, 3: 43.7, 4: 43.7, 5: 43.7, 6: 43.7}
2025-04-17 17:03:24,576 INFO: Setting the profile velocity for group Wheg_Group from config.yaml: 10
2025-04-17 17:03:24,580 INFO: Profile velocities set for group Wheg_Group: {1: 43.7, 2: 43.7, 3: 43.7, 4: 43.7, 5: 43.7, 6: 43.7}
2025-04-17 17:03:24,581 INFO: New gait 4 is now active.
2025-04-17 17:03:28,042 WARNING: Profile velocity 160.0 for motor 2 exceeds hard limit 100. Limiting to 100.
2025-04-17 17:03:28,043 WARNING: Profile velocity 160.0 for motor 4 exceeds hard limit 100. Limiting to 100.
2025-04-17 17:03:28,044 WARNING: Profile velocity 160.0 for motor 6 exceeds hard limit 100. Limiting to 100.
2025-04-17 17:03:28,046 INFO: Profile velocities set for group Wheg_Group: {1: 87.4, 2: 437.0, 3: 87.4, 4: 437.0, 5: 87.4, 6: 437.0}
2025-04-17 17:03:28,046 INFO: Incrementing motor positions by {1: 40, 2: 320, 3: 40, 4: 320, 5: 40, 6: 320} degrees for group 'Wheg_Group'
2025-04-17 17:03:28,057 INFO: Gait 4 step executed at 20.00RPM, wait for 0.36 seconds
2025-04-17 17:03:30,889 WARNING: Profile velocity 160.0 for motor 1 exceeds hard limit 100. Limiting to 100.
2025-04-17 17:03:30,890 WARNING: Profile velocity 160.0 for motor 3 exceeds hard limit 100. Limiting to 100.
2025-04-17 17:03:30,890 WARNING: Profile velocity 160.0 for motor 5 exceeds hard limit 100. Limiting to 100.
2025-04-17 17:03:30,891 INFO: Profile velocities set for group Wheg_Group: {1: 437.0, 2: 87.4, 3: 437.0, 4: 87.4, 5: 437.0, 6: 87.4}
2025-04-17 17:03:30,892 INFO: Incrementing motor positions by {1: 320, 2: 40, 3: 320, 4: 40, 5: 320, 6: 40} degrees for group 'Wheg_Group'
2025-04-17 17:03:30,906 INFO: Gait 4 step executed at 20.00RPM, wait for 0.36 seconds
2025-04-17 17:03:32,078 WARNING: Profile velocity 160.0 for motor 2 exceeds hard limit 100. Limiting to 100.
2025-04-17 17:03:32,079 WARNING: Profile velocity 160.0 for motor 4 exceeds hard limit 100. Limiting to 100.
2025-04-17 17:03:32,080 WARNING: Profile velocity 160.0 for motor 6 exceeds hard limit 100. Limiting to 100.
2025-04-17 17:03:32,084 INFO: Profile velocities set for group Wheg_Group: {1: 87.4, 2: 437.0, 3: 87.4, 4: 437.0, 5: 87.4, 6: 437.0}
2025-04-17 17:03:32,085 INFO: Incrementing motor positions by {1: 40, 2: 320, 3: 40, 4: 320, 5: 40, 6: 320} degrees for group 'Wheg_Group'
2025-04-17 17:03:32,100 INFO: Gait 4 step executed at 20.00RPM, wait for 0.36 seconds
2025-04-17 17:03:37,520 WARNING: Profile velocity 160.0 for motor 1 exceeds hard limit 100. Limiting to 100.
2025-04-17 17:03:37,522 WARNING: Profile velocity 160.0 for motor 3 exceeds hard limit 100. Limiting to 100.
2025-04-17 17:03:37,523 WARNING: Profile velocity 160.0 for motor 5 exceeds hard limit 100. Limiting to 100.
2025-04-17 17:03:37,526 INFO: Profile velocities set for group Wheg_Group: {1: 437.0, 2: 87.4, 3: 437.0, 4: 87.4, 5: 437.0, 6: 87.4}
2025-04-17 17:03:37,527 INFO: Incrementing motor positions by {1: 320, 2: 40, 3: 320, 4: 40, 5: 320, 6: 40} degrees for group 'Wheg_Group'
2025-04-17 17:03:37,539 INFO: Gait 4 step executed at 20.00RPM, wait for 0.36 seconds
2025-04-17 17:03:40,423 WARNING: Profile velocity 160.0 for motor 2 exceeds hard limit 100. Limiting to 100.
2025-04-17 17:03:40,424 WARNING: Profile velocity 160.0 for motor 4 exceeds hard limit 100. Limiting to 100.
2025-04-17 17:03:40,425 WARNING: Profile velocity 160.0 for motor 6 exceeds hard limit 100. Limiting to 100.
2025-04-17 17:03:40,431 INFO: Profile velocities set for group Wheg_Group: {1: 87.4, 2: 437.0, 3: 87.4, 4: 437.0, 5: 87.4, 6: 437.0}
2025-04-17 17:03:40,432 INFO: Incrementing motor positions by {1: 40, 2: 320, 3: 40, 4: 320, 5: 40, 6: 320} degrees for group 'Wheg_Group'
2025-04-17 17:03:40,446 INFO: Gait 4 step executed at 20.00RPM, wait for 0.36 seconds
2025-04-17 17:03:42,597 WARNING: Profile velocity 160.0 for motor 1 exceeds hard limit 100. Limiting to 100.
2025-04-17 17:03:42,598 WARNING: Profile velocity 160.0 for motor 3 exceeds hard limit 100. Limiting to 100.
2025-04-17 17:03:42,599 WARNING: Profile velocity 160.0 for motor 5 exceeds hard limit 100. Limiting to 100.
2025-04-17 17:03:42,602 INFO: Profile velocities set for group Wheg_Group: {1: 437.0, 2: 87.4, 3: 437.0, 4: 87.4, 5: 437.0, 6: 87.4}
2025-04-17 17:03:42,603 INFO: Incrementing motor positions by {1: 320, 2: 40, 3: 320, 4: 40, 5: 320, 6: 40} degrees for group 'Wheg_Group'
2025-04-17 17:03:42,616 INFO: Gait 4 step executed at 20.00RPM, wait for 0.36 seconds
2025-04-17 17:03:45,666 WARNING: Profile velocity 160.0 for motor 2 exceeds hard limit 100. Limiting to 100.
2025-04-17 17:03:45,667 WARNING: Profile velocity 160.0 for motor 4 exceeds hard limit 100. Limiting to 100.
2025-04-17 17:03:45,667 WARNING: Profile velocity 160.0 for motor 6 exceeds hard limit 100. Limiting to 100.
2025-04-17 17:03:45,669 INFO: Profile velocities set for group Wheg_Group: {1: 87.4, 2: 437.0, 3: 87.4, 4: 437.0, 5: 87.4, 6: 437.0}
2025-04-17 17:03:45,672 INFO: Incrementing motor positions by {1: 40, 2: 320, 3: 40, 4: 320, 5: 40, 6: 320} degrees for group 'Wheg_Group'
2025-04-17 17:03:45,686 INFO: Gait 4 step executed at 20.00RPM, wait for 0.36 seconds
2025-04-17 17:03:46,621 WARNING: Profile velocity 160.0 for motor 1 exceeds hard limit 100. Limiting to 100.
2025-04-17 17:03:46,622 WARNING: Profile velocity 160.0 for motor 3 exceeds hard limit 100. Limiting to 100.
2025-04-17 17:03:46,622 WARNING: Profile velocity 160.0 for motor 5 exceeds hard limit 100. Limiting to 100.
2025-04-17 17:03:46,623 INFO: Profile velocities set for group Wheg_Group: {1: 437.0, 2: 87.4, 3: 437.0, 4: 87.4, 5: 437.0, 6: 87.4}
2025-04-17 17:03:46,624 INFO: Incrementing motor positions by {1: 320, 2: 40, 3: 320, 4: 40, 5: 320, 6: 40} degrees for group 'Wheg_Group'
2025-04-17 17:03:46,636 INFO: Gait 4 step executed at 20.00RPM, wait for 0.36 seconds
2025-04-17 17:03:56,175 WARNING: Profile velocity 160.0 for motor 2 exceeds hard limit 100. Limiting to 100.
2025-04-17 17:03:56,176 WARNING: Profile velocity 160.0 for motor 4 exceeds hard limit 100. Limiting to 100.
2025-04-17 17:03:56,178 WARNING: Profile velocity 160.0 for motor 6 exceeds hard limit 100. Limiting to 100.
2025-04-17 17:03:56,181 INFO: Profile velocities set for group Wheg_Group: {1: 87.4, 2: 437.0, 3: 87.4, 4: 437.0, 5: 87.4, 6: 437.0}
2025-04-17 17:03:56,184 INFO: Incrementing motor positions by {1: 40, 2: 320, 3: 40, 4: 320, 5: 40, 6: 320} degrees for group 'Wheg_Group'
2025-04-17 17:03:56,201 INFO: Gait 4 step executed at 20.00RPM, wait for 0.36 seconds
2025-04-17 17:03:58,041 INFO: Share pressed. Reversing the direction of the whegs
2025-04-17 17:03:58,067 INFO: Disabling torque for group Wheg_Group
2025-04-17 17:03:58,069 INFO: Drive mode set for group Wheg_Group with reverse_direction={1: 1, 2: 1, 3: 1, 4: 1, 5: 1, 6: 1}
2025-04-17 17:03:58,070 INFO: Enabling torque for group Wheg_Group
2025-04-17 17:03:58,079 INFO: Setting the profile velocity for group Wheg_Group from config.yaml: 10
2025-04-17 17:03:58,081 INFO: Profile velocities set for group Wheg_Group: {1: 43.7, 2: 43.7, 3: 43.7, 4: 43.7, 5: 43.7, 6: 43.7}
2025-04-17 17:03:58,081 INFO: Reversed the direction of all whegs, waiting for 3 seconds
2025-04-17 17:04:01,082 INFO: Direction of whegs reversed.
2025-04-17 17:04:01,171 INFO: Initialising Gait 4
2025-04-17 17:04:01,174 INFO: Direction data: {1: {'drive_mode': 1}, 2: {'drive_mode': 1}, 3: {'drive_mode': 1}}
2025-04-17 17:04:01,175 INFO: Disabling torque for group Left_Whegs
2025-04-17 17:04:01,177 INFO: Drive mode set for group Left_Whegs with reverse_direction={1: 0, 2: 0, 3: 0}
2025-04-17 17:04:01,177 INFO: Enabling torque for group Left_Whegs
2025-04-17 17:04:01,178 INFO: Setting the profile velocity for group Left_Whegs from config.yaml: None
2025-04-17 17:04:01,179 ERROR: Profile velocity for group Left_Whegs not found in config.yaml and no value was provided.
2025-04-17 17:04:01,180 WARNING: Reversed the direction of the left whegs
2025-04-17 17:04:01,183 INFO: Running set_position_group for group 'Wheg_Group' with positions: {1: 160, 2: 200, 3: 160, 4: 200, 5: 160, 6: 200}
2025-04-17 17:04:01,190 WARNING: Motor 1 is not in Position Control Mode. Setting mode now.
2025-04-17 17:04:01,191 INFO: Setting operating mode 'position' for group 'Wheg_Group'
2025-04-17 17:04:01,191 INFO: Disabling torque for group Wheg_Group
2025-04-17 17:04:01,193 INFO: Enabling torque for group Wheg_Group
2025-04-17 17:04:01,194 INFO: Setting the profile velocity for group Wheg_Group from config.yaml: 10
2025-04-17 17:04:01,196 INFO: Profile velocities set for group Wheg_Group: {1: 43.7, 2: 43.7, 3: 43.7, 4: 43.7, 5: 43.7, 6: 43.7}
2025-04-17 17:04:01,197 INFO: Setting the profile velocity for group Wheg_Group from config.yaml: 10
2025-04-17 17:04:01,199 INFO: Profile velocities set for group Wheg_Group: {1: 43.7, 2: 43.7, 3: 43.7, 4: 43.7, 5: 43.7, 6: 43.7}
2025-04-17 17:04:01,201 INFO: Running set_position_group for group 'Pivot_Group' with positions: 180
2025-04-17 17:04:01,206 INFO: Initialised Gait 4, waiting for 1 seconds
2025-04-17 17:04:02,233 INFO: Setting operating mode 'multi_turn' for group 'Wheg_Group'
2025-04-17 17:04:02,239 INFO: Disabling torque for group Wheg_Group
2025-04-17 17:04:02,247 INFO: Enabling torque for group Wheg_Group
2025-04-17 17:04:02,254 INFO: Setting the profile velocity for group Wheg_Group from config.yaml: 10
2025-04-17 17:04:02,255 INFO: Profile velocities set for group Wheg_Group: {1: 43.7, 2: 43.7, 3: 43.7, 4: 43.7, 5: 43.7, 6: 43.7}
2025-04-17 17:04:02,256 INFO: Setting the profile velocity for group Wheg_Group from config.yaml: 10
2025-04-17 17:04:02,257 INFO: Profile velocities set for group Wheg_Group: {1: 43.7, 2: 43.7, 3: 43.7, 4: 43.7, 5: 43.7, 6: 43.7}
2025-04-17 17:04:02,258 INFO: New gait 4 is now active.
2025-04-17 17:04:03,529 WARNING: Profile velocity 160.0 for motor 2 exceeds hard limit 100. Limiting to 100.
2025-04-17 17:04:03,536 WARNING: Profile velocity 160.0 for motor 4 exceeds hard limit 100. Limiting to 100.
2025-04-17 17:04:03,540 WARNING: Profile velocity 160.0 for motor 6 exceeds hard limit 100. Limiting to 100.
2025-04-17 17:04:03,548 INFO: Profile velocities set for group Wheg_Group: {1: 87.4, 2: 437.0, 3: 87.4, 4: 437.0, 5: 87.4, 6: 437.0}
2025-04-17 17:04:03,550 INFO: Incrementing motor positions by {1: 40, 2: 320, 3: 40, 4: 320, 5: 40, 6: 320} degrees for group 'Wheg_Group'
2025-04-17 17:04:03,566 INFO: Gait 4 step executed at 20.00RPM, wait for 0.36 seconds
2025-04-17 17:04:04,566 WARNING: Profile velocity 160.0 for motor 1 exceeds hard limit 100. Limiting to 100.
2025-04-17 17:04:04,569 WARNING: Profile velocity 160.0 for motor 3 exceeds hard limit 100. Limiting to 100.
2025-04-17 17:04:04,570 WARNING: Profile velocity 160.0 for motor 5 exceeds hard limit 100. Limiting to 100.
2025-04-17 17:04:04,573 INFO: Profile velocities set for group Wheg_Group: {1: 437.0, 2: 87.4, 3: 437.0, 4: 87.4, 5: 437.0, 6: 87.4}
2025-04-17 17:04:04,573 INFO: Incrementing motor positions by {1: 320, 2: 40, 3: 320, 4: 40, 5: 320, 6: 40} degrees for group 'Wheg_Group'
2025-04-17 17:04:04,591 INFO: Gait 4 step executed at 20.00RPM, wait for 0.36 seconds
2025-04-17 17:04:05,581 WARNING: Profile velocity 160.0 for motor 2 exceeds hard limit 100. Limiting to 100.
2025-04-17 17:04:05,581 WARNING: Profile velocity 160.0 for motor 4 exceeds hard limit 100. Limiting to 100.
2025-04-17 17:04:05,582 WARNING: Profile velocity 160.0 for motor 6 exceeds hard limit 100. Limiting to 100.
2025-04-17 17:04:05,584 INFO: Profile velocities set for group Wheg_Group: {1: 87.4, 2: 437.0, 3: 87.4, 4: 437.0, 5: 87.4, 6: 437.0}
2025-04-17 17:04:05,586 INFO: Incrementing motor positions by {1: 40, 2: 320, 3: 40, 4: 320, 5: 40, 6: 320} degrees for group 'Wheg_Group'
2025-04-17 17:04:05,598 INFO: Gait 4 step executed at 20.00RPM, wait for 0.36 seconds
2025-04-17 17:04:06,728 WARNING: Profile velocity 160.0 for motor 1 exceeds hard limit 100. Limiting to 100.
2025-04-17 17:04:06,728 WARNING: Profile velocity 160.0 for motor 3 exceeds hard limit 100. Limiting to 100.
2025-04-17 17:04:06,730 WARNING: Profile velocity 160.0 for motor 5 exceeds hard limit 100. Limiting to 100.
2025-04-17 17:04:06,736 INFO: Profile velocities set for group Wheg_Group: {1: 437.0, 2: 87.4, 3: 437.0, 4: 87.4, 5: 437.0, 6: 87.4}
2025-04-17 17:04:06,738 INFO: Incrementing motor positions by {1: 320, 2: 40, 3: 320, 4: 40, 5: 320, 6: 40} degrees for group 'Wheg_Group'
2025-04-17 17:04:06,759 INFO: Gait 4 step executed at 20.00RPM, wait for 0.36 seconds
2025-04-17 17:04:08,301 WARNING: Profile velocity 160.0 for motor 2 exceeds hard limit 100. Limiting to 100.
2025-04-17 17:04:08,302 WARNING: Profile velocity 160.0 for motor 4 exceeds hard limit 100. Limiting to 100.
2025-04-17 17:04:08,303 WARNING: Profile velocity 160.0 for motor 6 exceeds hard limit 100. Limiting to 100.
2025-04-17 17:04:08,304 INFO: Profile velocities set for group Wheg_Group: {1: 87.4, 2: 437.0, 3: 87.4, 4: 437.0, 5: 87.4, 6: 437.0}
2025-04-17 17:04:08,305 INFO: Incrementing motor positions by {1: 40, 2: 320, 3: 40, 4: 320, 5: 40, 6: 320} degrees for group 'Wheg_Group'
2025-04-17 17:04:08,318 INFO: Gait 4 step executed at 20.00RPM, wait for 0.36 seconds
2025-04-17 17:04:09,576 WARNING: Profile velocity 160.0 for motor 1 exceeds hard limit 100. Limiting to 100.
2025-04-17 17:04:09,577 WARNING: Profile velocity 160.0 for motor 3 exceeds hard limit 100. Limiting to 100.
2025-04-17 17:04:09,577 WARNING: Profile velocity 160.0 for motor 5 exceeds hard limit 100. Limiting to 100.
2025-04-17 17:04:09,578 INFO: Profile velocities set for group Wheg_Group: {1: 437.0, 2: 87.4, 3: 437.0, 4: 87.4, 5: 437.0, 6: 87.4}
2025-04-17 17:04:09,579 INFO: Incrementing motor positions by {1: 320, 2: 40, 3: 320, 4: 40, 5: 320, 6: 40} degrees for group 'Wheg_Group'
2025-04-17 17:04:09,591 INFO: Gait 4 step executed at 20.00RPM, wait for 0.36 seconds
2025-04-17 17:04:10,757 WARNING: Profile velocity 160.0 for motor 2 exceeds hard limit 100. Limiting to 100.
2025-04-17 17:04:10,758 WARNING: Profile velocity 160.0 for motor 4 exceeds hard limit 100. Limiting to 100.
2025-04-17 17:04:10,759 WARNING: Profile velocity 160.0 for motor 6 exceeds hard limit 100. Limiting to 100.
2025-04-17 17:04:10,760 INFO: Profile velocities set for group Wheg_Group: {1: 87.4, 2: 437.0, 3: 87.4, 4: 437.0, 5: 87.4, 6: 437.0}
2025-04-17 17:04:10,761 INFO: Incrementing motor positions by {1: 40, 2: 320, 3: 40, 4: 320, 5: 40, 6: 320} degrees for group 'Wheg_Group'
2025-04-17 17:04:10,774 INFO: Gait 4 step executed at 20.00RPM, wait for 0.36 seconds
2025-04-17 17:04:12,353 WARNING: Profile velocity 160.0 for motor 1 exceeds hard limit 100. Limiting to 100.
2025-04-17 17:04:12,354 WARNING: Profile velocity 160.0 for motor 3 exceeds hard limit 100. Limiting to 100.
2025-04-17 17:04:12,355 WARNING: Profile velocity 160.0 for motor 5 exceeds hard limit 100. Limiting to 100.
2025-04-17 17:04:12,357 INFO: Profile velocities set for group Wheg_Group: {1: 437.0, 2: 87.4, 3: 437.0, 4: 87.4, 5: 437.0, 6: 87.4}
2025-04-17 17:04:12,359 INFO: Incrementing motor positions by {1: 320, 2: 40, 3: 320, 4: 40, 5: 320, 6: 40} degrees for group 'Wheg_Group'
2025-04-17 17:04:12,372 INFO: Gait 4 step executed at 20.00RPM, wait for 0.36 seconds
2025-04-17 17:04:13,694 INFO: Share pressed. Reversing the direction of the whegs
2025-04-17 17:04:13,715 INFO: Disabling torque for group Wheg_Group
2025-04-17 17:04:13,716 INFO: Drive mode set for group Wheg_Group with reverse_direction={1: 1, 2: 1, 3: 1, 4: 0, 5: 0, 6: 0}
2025-04-17 17:04:13,717 INFO: Enabling torque for group Wheg_Group
2025-04-17 17:04:13,719 INFO: Setting the profile velocity for group Wheg_Group from config.yaml: 10
2025-04-17 17:04:13,720 INFO: Profile velocities set for group Wheg_Group: {1: 43.7, 2: 43.7, 3: 43.7, 4: 43.7, 5: 43.7, 6: 43.7}
2025-04-17 17:04:13,721 INFO: Reversed the direction of all whegs, waiting for 3 seconds
2025-04-17 17:04:16,722 INFO: Direction of whegs reversed.
2025-04-17 17:04:16,834 INFO: Initialising Gait 4
2025-04-17 17:04:16,837 INFO: Direction data: {1: {'drive_mode': 1}, 2: {'drive_mode': 1}, 3: {'drive_mode': 1}}
2025-04-17 17:04:16,838 INFO: Disabling torque for group Left_Whegs
2025-04-17 17:04:16,840 INFO: Drive mode set for group Left_Whegs with reverse_direction={1: 0, 2: 0, 3: 0}
2025-04-17 17:04:16,840 INFO: Enabling torque for group Left_Whegs
2025-04-17 17:04:16,848 INFO: Setting the profile velocity for group Left_Whegs from config.yaml: None
2025-04-17 17:04:16,848 ERROR: Profile velocity for group Left_Whegs not found in config.yaml and no value was provided.
2025-04-17 17:04:16,849 WARNING: Reversed the direction of the left whegs
2025-04-17 17:04:16,851 INFO: Running set_position_group for group 'Wheg_Group' with positions: {1: 160, 2: 200, 3: 160, 4: 200, 5: 160, 6: 200}
2025-04-17 17:04:16,856 WARNING: Motor 1 is not in Position Control Mode. Setting mode now.
2025-04-17 17:04:16,857 INFO: Setting operating mode 'position' for group 'Wheg_Group'
2025-04-17 17:04:16,858 INFO: Disabling torque for group Wheg_Group
2025-04-17 17:04:16,860 INFO: Enabling torque for group Wheg_Group
2025-04-17 17:04:16,866 INFO: Setting the profile velocity for group Wheg_Group from config.yaml: 10
2025-04-17 17:04:16,867 INFO: Profile velocities set for group Wheg_Group: {1: 43.7, 2: 43.7, 3: 43.7, 4: 43.7, 5: 43.7, 6: 43.7}
2025-04-17 17:04:16,868 INFO: Setting the profile velocity for group Wheg_Group from config.yaml: 10
2025-04-17 17:04:16,869 INFO: Profile velocities set for group Wheg_Group: {1: 43.7, 2: 43.7, 3: 43.7, 4: 43.7, 5: 43.7, 6: 43.7}
2025-04-17 17:04:16,871 INFO: Running set_position_group for group 'Pivot_Group' with positions: 180
2025-04-17 17:04:16,874 INFO: Initialised Gait 4, waiting for 1 seconds
2025-04-17 17:04:17,876 INFO: Setting operating mode 'multi_turn' for group 'Wheg_Group'
2025-04-17 17:04:17,879 INFO: Disabling torque for group Wheg_Group
2025-04-17 17:04:17,881 INFO: Enabling torque for group Wheg_Group
2025-04-17 17:04:17,884 INFO: Setting the profile velocity for group Wheg_Group from config.yaml: 10
2025-04-17 17:04:17,886 INFO: Profile velocities set for group Wheg_Group: {1: 43.7, 2: 43.7, 3: 43.7, 4: 43.7, 5: 43.7, 6: 43.7}
2025-04-17 17:04:17,887 INFO: Setting the profile velocity for group Wheg_Group from config.yaml: 10
2025-04-17 17:04:17,890 INFO: Profile velocities set for group Wheg_Group: {1: 43.7, 2: 43.7, 3: 43.7, 4: 43.7, 5: 43.7, 6: 43.7}
2025-04-17 17:04:17,891 INFO: New gait 4 is now active.
2025-04-17 17:04:17,981 INFO: Triangle pressed. Preparing to change to next gait: 1
2025-04-17 17:04:17,994 INFO: Initialising Gait 1
2025-04-17 17:04:17,995 INFO: Disabling torque for group Wheg_Group
2025-04-17 17:04:18,000 INFO: Drive mode set for group Wheg_Group with reverse_direction={1: 1, 2: 1, 3: 1, 4: 0, 5: 0, 6: 0}
2025-04-17 17:04:18,008 INFO: Enabling torque for group Wheg_Group
2025-04-17 17:04:18,029 INFO: Setting the profile velocity for group Wheg_Group from config.yaml: 10
2025-04-17 17:04:18,030 INFO: Profile velocities set for group Wheg_Group: {1: 43.7, 2: 43.7, 3: 43.7, 4: 43.7, 5: 43.7, 6: 43.7}
2025-04-17 17:04:18,031 WARNING: Set direction of whegs to reverse
2025-04-17 17:04:18,031 WARNING: Direction set for all whegs
2025-04-17 17:04:18,032 INFO: Running set_position_group for group 'Wheg_Group' with positions: 180
2025-04-17 17:04:18,039 WARNING: Motor 1 is not in Position Control Mode. Setting mode now.
2025-04-17 17:04:18,041 INFO: Setting operating mode 'position' for group 'Wheg_Group'
2025-04-17 17:04:18,042 INFO: Disabling torque for group Wheg_Group
2025-04-17 17:04:18,046 INFO: Enabling torque for group Wheg_Group
2025-04-17 17:04:18,047 INFO: Setting the profile velocity for group Wheg_Group from config.yaml: 10
2025-04-17 17:04:18,051 INFO: Profile velocities set for group Wheg_Group: {1: 43.7, 2: 43.7, 3: 43.7, 4: 43.7, 5: 43.7, 6: 43.7}
2025-04-17 17:04:18,052 INFO: Setting the profile velocity for group Wheg_Group from config.yaml: 10
2025-04-17 17:04:18,054 INFO: Profile velocities set for group Wheg_Group: {1: 43.7, 2: 43.7, 3: 43.7, 4: 43.7, 5: 43.7, 6: 43.7}
2025-04-17 17:04:18,055 INFO: Running set_position_group for group 'Pivot_Group' with positions: 180
2025-04-17 17:04:18,059 INFO: Initialised Gait 1, waiting for 1 seconds
2025-04-17 17:04:18,154 INFO: Triangle pressed. Preparing to change to next gait: 1
2025-04-17 17:04:19,061 INFO: Setting operating mode 'multi_turn' for group 'Wheg_Group'
2025-04-17 17:04:19,061 INFO: Disabling torque for group Wheg_Group
2025-04-17 17:04:19,063 INFO: Enabling torque for group Wheg_Group
2025-04-17 17:04:19,064 INFO: Setting the profile velocity for group Wheg_Group from config.yaml: 10
2025-04-17 17:04:19,065 INFO: Profile velocities set for group Wheg_Group: {1: 43.7, 2: 43.7, 3: 43.7, 4: 43.7, 5: 43.7, 6: 43.7}
2025-04-17 17:04:19,066 INFO: Setting the profile velocity for group Wheg_Group from config.yaml: 10
2025-04-17 17:04:19,067 INFO: Profile velocities set for group Wheg_Group: {1: 43.7, 2: 43.7, 3: 43.7, 4: 43.7, 5: 43.7, 6: 43.7}
2025-04-17 17:04:19,068 INFO: New gait 1 is now active.
2025-04-17 17:04:20,509 INFO: Profile velocities set for group Wheg_Group: {1: 87.4, 2: 87.4, 3: 87.4, 4: 87.4, 5: 87.4, 6: 87.4}
2025-04-17 17:04:20,511 INFO: Incrementing motor positions by 360 degrees for group 'Wheg_Group'
2025-04-17 17:04:20,523 INFO: Gait 1 step executed at 20.00RPM, wait for 3.00 seconds
2025-04-17 17:04:39,681 INFO: Profile velocities set for group Wheg_Group: {1: 87.4, 2: 87.4, 3: 87.4, 4: 87.4, 5: 87.4, 6: 87.4}
2025-04-17 17:04:39,682 INFO: Incrementing motor positions by 360 degrees for group 'Wheg_Group'
2025-04-17 17:04:39,696 INFO: Gait 1 step executed at 20.00RPM, wait for 3.00 seconds
2025-04-17 17:04:44,390 INFO: Share pressed. Reversing the direction of the whegs
2025-04-17 17:04:44,412 INFO: Disabling torque for group Wheg_Group
2025-04-17 17:04:44,420 INFO: Drive mode set for group Wheg_Group with reverse_direction={1: 0, 2: 0, 3: 0, 4: 1, 5: 1, 6: 1}
2025-04-17 17:04:44,421 INFO: Enabling torque for group Wheg_Group
2025-04-17 17:04:44,426 INFO: Setting the profile velocity for group Wheg_Group from config.yaml: 10
2025-04-17 17:04:44,427 INFO: Profile velocities set for group Wheg_Group: {1: 43.7, 2: 43.7, 3: 43.7, 4: 43.7, 5: 43.7, 6: 43.7}
2025-04-17 17:04:44,428 INFO: Reversed the direction of all whegs, waiting for 3 seconds
2025-04-17 17:04:47,435 INFO: Direction of whegs reversed.
2025-04-17 17:04:47,541 INFO: Initialising Gait 1
2025-04-17 17:04:47,546 INFO: Disabling torque for group Wheg_Group
2025-04-17 17:04:47,549 INFO: Drive mode set for group Wheg_Group with reverse_direction={1: 0, 2: 0, 3: 0, 4: 1, 5: 1, 6: 1}
2025-04-17 17:04:47,550 INFO: Enabling torque for group Wheg_Group
2025-04-17 17:04:47,551 INFO: Setting the profile velocity for group Wheg_Group from config.yaml: 10
2025-04-17 17:04:47,553 INFO: Profile velocities set for group Wheg_Group: {1: 43.7, 2: 43.7, 3: 43.7, 4: 43.7, 5: 43.7, 6: 43.7}
2025-04-17 17:04:47,554 WARNING: Set direction of whegs to forward
2025-04-17 17:04:47,555 WARNING: Direction set for all whegs
2025-04-17 17:04:47,555 INFO: Running set_position_group for group 'Wheg_Group' with positions: 180
2025-04-17 17:04:47,561 WARNING: Motor 1 is not in Position Control Mode. Setting mode now.
2025-04-17 17:04:47,561 INFO: Setting operating mode 'position' for group 'Wheg_Group'
2025-04-17 17:04:47,562 INFO: Disabling torque for group Wheg_Group
2025-04-17 17:04:47,563 INFO: Enabling torque for group Wheg_Group
2025-04-17 17:04:47,564 INFO: Setting the profile velocity for group Wheg_Group from config.yaml: 10
2025-04-17 17:04:47,565 INFO: Profile velocities set for group Wheg_Group: {1: 43.7, 2: 43.7, 3: 43.7, 4: 43.7, 5: 43.7, 6: 43.7}
2025-04-17 17:04:47,566 INFO: Setting the profile velocity for group Wheg_Group from config.yaml: 10
2025-04-17 17:04:47,567 INFO: Profile velocities set for group Wheg_Group: {1: 43.7, 2: 43.7, 3: 43.7, 4: 43.7, 5: 43.7, 6: 43.7}
2025-04-17 17:04:47,570 INFO: Running set_position_group for group 'Pivot_Group' with positions: 180
2025-04-17 17:04:47,575 INFO: Initialised Gait 1, waiting for 1 seconds
2025-04-17 17:04:48,632 INFO: Setting operating mode 'multi_turn' for group 'Wheg_Group'
2025-04-17 17:04:48,633 INFO: Disabling torque for group Wheg_Group
2025-04-17 17:04:48,635 INFO: Enabling torque for group Wheg_Group
2025-04-17 17:04:48,637 INFO: Setting the profile velocity for group Wheg_Group from config.yaml: 10
2025-04-17 17:04:48,638 INFO: Profile velocities set for group Wheg_Group: {1: 43.7, 2: 43.7, 3: 43.7, 4: 43.7, 5: 43.7, 6: 43.7}
2025-04-17 17:04:48,640 INFO: Setting the profile velocity for group Wheg_Group from config.yaml: 10
2025-04-17 17:04:48,643 INFO: Profile velocities set for group Wheg_Group: {1: 43.7, 2: 43.7, 3: 43.7, 4: 43.7, 5: 43.7, 6: 43.7}
2025-04-17 17:04:48,645 INFO: New gait 1 is now active.
2025-04-17 17:04:51,156 INFO: Profile velocities set for group Wheg_Group: {1: 87.4, 2: 87.4, 3: 87.4, 4: 87.4, 5: 87.4, 6: 87.4}
2025-04-17 17:04:51,157 INFO: Incrementing motor positions by 360 degrees for group 'Wheg_Group'
2025-04-17 17:04:51,169 INFO: Gait 1 step executed at 20.00RPM, wait for 3.00 seconds
2025-04-17 17:07:46,213 INFO: Initiating safe shutdown...
2025-04-17 17:07:46,214 INFO: Setting operating mode 'velocity' for group 'All_Motors'
2025-04-17 17:07:46,215 INFO: Disabling torque for group All_Motors
2025-04-17 17:07:46,223 INFO: Enabling torque for group All_Motors
2025-04-17 17:07:46,225 INFO: Setting the profile velocity for group All_Motors from config.yaml: 8
2025-04-17 17:07:46,229 INFO: Profile velocities set for group All_Motors: {1: 34.96, 2: 34.96, 3: 34.96, 4: 34.96, 5: 34.96, 6: 34.96, 7: 34.96, 8: 34.96}
2025-04-17 17:07:46,231 WARNING: Velocity limit 200 exceeds hard limit 100. Limiting to 100.
2025-04-17 17:07:46,233 INFO: Velocity limit set to 100 for group All_Motors
2025-04-17 17:07:46,241 INFO: Enabling torque for group All_Motors
2025-04-17 17:07:46,242 INFO: Setting the profile velocity for group All_Motors from config.yaml: 8
2025-04-17 17:07:46,253 INFO: Profile velocities set for group All_Motors: {1: 34.96, 2: 34.96, 3: 34.96, 4: 34.96, 5: 34.96, 6: 34.96, 7: 34.96, 8: 34.96}
2025-04-17 17:07:46,255 INFO: Target velocities set for group All_Motors: {1: 0, 2: 0, 3: 0, 4: 0, 5: 0, 6: 0, 7: 0, 8: 0}
2025-04-17 17:07:46,256 INFO: Running set_position_group for group 'All_Motors' with positions: 180
2025-04-17 17:07:46,267 WARNING: Motor 1 is not in Position Control Mode. Setting mode now.
2025-04-17 17:07:46,269 INFO: Setting operating mode 'position' for group 'All_Motors'
2025-04-17 17:07:46,270 INFO: Disabling torque for group All_Motors
2025-04-17 17:07:46,280 INFO: Enabling torque for group All_Motors
2025-04-17 17:07:46,281 INFO: Setting the profile velocity for group All_Motors from config.yaml: 8
2025-04-17 17:07:46,282 INFO: Profile velocities set for group All_Motors: {1: 34.96, 2: 34.96, 3: 34.96, 4: 34.96, 5: 34.96, 6: 34.96, 7: 34.96, 8: 34.96}
2025-04-17 17:07:46,286 INFO: Setting the profile velocity for group All_Motors from config.yaml: 8
2025-04-17 17:07:46,289 INFO: Profile velocities set for group All_Motors: {1: 34.96, 2: 34.96, 3: 34.96, 4: 34.96, 5: 34.96, 6: 34.96, 7: 34.96, 8: 34.96}
2025-04-17 17:07:46,291 INFO: Closing PS4Controller and quitting pygame
2025-04-17 17:07:46,414 INFO: Port closed successfully.
2025-04-17 17:07:46,415 INFO: Shutdown complete.
2025-04-17 17:07:46,416 ERROR: Error checking hardware errors: Attempting to use a port that is not open
