2024-09-27 17:15:52,196 INFO: Initializing PS4Controller
2024-09-27 17:15:52,439 DEBUG: Pygame initialized
2024-09-27 17:15:52,441 DEBUG: Joystick initialized
2024-09-27 17:15:52,442 DEBUG: Number of buttons on the controller: 13
2024-09-27 17:15:52,483 INFO: Configuration loaded successfully
2024-09-27 17:15:52,486 INFO: Port /dev/ttyACM0 opened successfully
2024-09-27 17:15:52,496 INFO: Baudrate set to 1000000
2024-09-27 17:15:52,496 INFO: Control table loaded successfully.
2024-09-27 17:15:52,496 INFO: Motor group 'Pivot_Group' created with motors: [7, 8]
2024-09-27 17:15:52,496 INFO: Motor group 'Wheg_Group' created with motors: [1, 2, 3, 4, 5, 6]
2024-09-27 17:15:52,496 INFO: Motor group 'All_Motors' created with motors: [1, 2, 3, 4, 5, 6, 7, 8]
2024-09-27 17:15:52,497 INFO: Motor group 'Left_Whegs' created with motors: [1, 2, 3]
2024-09-27 17:15:52,497 INFO: Motor group 'Right_Whegs' created with motors: [4, 5, 6]
2024-09-27 17:15:52,497 INFO: Motor group 'Front_Whegs' created with motors: [3, 6]
2024-09-27 17:15:52,497 INFO: Motor group 'Rear_Whegs' created with motors: [1, 4]
2024-09-27 17:15:52,497 INFO: Motor group 'Middle_Whegs' created with motors: [2, 5]
2024-09-27 17:15:52,497 INFO: Motor group 'Two_Right_One_Left' created with motors: [2, 4, 6]
2024-09-27 17:15:52,497 INFO: Motor group 'Two_Left_One_Right' created with motors: [5, 1, 3]
2024-09-27 17:15:52,497 INFO: Initialized PS4 controller, Dynamixel, and Robot State
2024-09-27 17:15:52,498 DEBUG: Setting drive mode for group 'Right_Whegs', reverse_direction=True, drive_mode_value=1
2024-09-27 17:15:52,498 INFO: Disabling torque for group Right_Whegs
2024-09-27 17:15:52,498 DEBUG: Torque disabled for group Right_Whegs
2024-09-27 17:15:52,498 DEBUG: Sync writing drive mode values: {4: 1, 5: 1, 6: 1}
2024-09-27 17:15:52,499 INFO: Drive mode set for group Right_Whegs with reverse_direction=True
2024-09-27 17:15:52,499 INFO: Enabling torque for group Right_Whegs
2024-09-27 17:15:52,499 DEBUG: Torque enabled for group Right_Whegs
2024-09-27 17:15:52,499 DEBUG: Reading back drive mode for verification...
2024-09-27 17:15:52,499 DEBUG: Preparing bulk read for motors: [4, 5, 6], Parameters: ['drive_mode']
2024-09-27 17:15:52,499 DEBUG: Adding motor 4, Address: 10, Length: 1 to bulk read
2024-09-27 17:15:52,499 DEBUG: Adding motor 5, Address: 10, Length: 1 to bulk read
2024-09-27 17:15:52,500 DEBUG: Adding motor 6, Address: 10, Length: 1 to bulk read
2024-09-27 17:15:52,502 DEBUG: Bulk read successful for group 'Right_Whegs'
2024-09-27 17:15:52,502 DEBUG: Motor 4 current drive mode read from bulk read: 1
2024-09-27 17:15:52,502 INFO: Motor 4 drive mode correctly set to reverse
2024-09-27 17:15:52,503 DEBUG: Motor 5 current drive mode read from bulk read: 1
2024-09-27 17:15:52,503 INFO: Motor 5 drive mode correctly set to reverse
2024-09-27 17:15:52,503 DEBUG: Motor 6 current drive mode read from bulk read: 1
2024-09-27 17:15:52,503 INFO: Motor 6 drive mode correctly set to reverse
2024-09-27 17:15:52,503 DEBUG: Setting drive mode for group 'Left_Whegs', reverse_direction=False, drive_mode_value=0
2024-09-27 17:15:52,503 INFO: Disabling torque for group Left_Whegs
2024-09-27 17:15:52,504 DEBUG: Torque disabled for group Left_Whegs
2024-09-27 17:15:52,504 DEBUG: Sync writing drive mode values: {1: 0, 2: 0, 3: 0}
2024-09-27 17:15:52,504 INFO: Drive mode set for group Left_Whegs with reverse_direction=False
2024-09-27 17:15:52,504 INFO: Enabling torque for group Left_Whegs
2024-09-27 17:15:52,505 DEBUG: Torque enabled for group Left_Whegs
2024-09-27 17:15:52,505 DEBUG: Reading back drive mode for verification...
2024-09-27 17:15:52,505 DEBUG: Preparing bulk read for motors: [1, 2, 3], Parameters: ['drive_mode']
2024-09-27 17:15:52,505 DEBUG: Adding motor 1, Address: 10, Length: 1 to bulk read
2024-09-27 17:15:52,505 DEBUG: Adding motor 2, Address: 10, Length: 1 to bulk read
2024-09-27 17:15:52,505 DEBUG: Adding motor 3, Address: 10, Length: 1 to bulk read
2024-09-27 17:15:52,508 DEBUG: Bulk read successful for group 'Left_Whegs'
2024-09-27 17:15:52,508 DEBUG: Motor 1 current drive mode read from bulk read: 0
2024-09-27 17:15:52,508 INFO: Motor 1 drive mode correctly set to normal
2024-09-27 17:15:52,508 DEBUG: Motor 2 current drive mode read from bulk read: 0
2024-09-27 17:15:52,508 INFO: Motor 2 drive mode correctly set to normal
2024-09-27 17:15:52,508 DEBUG: Motor 3 current drive mode read from bulk read: 0
2024-09-27 17:15:52,508 INFO: Motor 3 drive mode correctly set to normal
2024-09-27 17:15:52,509 DEBUG: Preparing bulk read for motors: [1, 2, 3, 4, 5, 6, 7, 8], Parameters: ['present_position']
2024-09-27 17:15:52,509 DEBUG: Adding motor 1, Address: 132, Length: 4 to bulk read
2024-09-27 17:15:52,509 DEBUG: Adding motor 2, Address: 132, Length: 4 to bulk read
2024-09-27 17:15:52,509 DEBUG: Adding motor 3, Address: 132, Length: 4 to bulk read
2024-09-27 17:15:52,509 DEBUG: Adding motor 4, Address: 132, Length: 4 to bulk read
2024-09-27 17:15:52,509 DEBUG: Adding motor 5, Address: 132, Length: 4 to bulk read
2024-09-27 17:15:52,509 DEBUG: Adding motor 6, Address: 132, Length: 4 to bulk read
2024-09-27 17:15:52,509 DEBUG: Adding motor 7, Address: 132, Length: 4 to bulk read
2024-09-27 17:15:52,509 DEBUG: Adding motor 8, Address: 132, Length: 4 to bulk read
2024-09-27 17:15:52,517 DEBUG: Bulk read successful for group 'All_Motors'
2024-09-27 17:15:52,517 DEBUG: Trigger inputs: L2=-1.0, R2=-1.0
2024-09-27 17:15:52,517 DEBUG: D-Pad input: {'dpad_up': False, 'dpad_down': False, 'dpad_left': False, 'dpad_right': False}
2024-09-27 17:15:52,517 DEBUG: Adjusting wheg speed: trigger_value=-1.0, current_rpm=0
2024-09-27 17:15:52,517 DEBUG: Adjusted wheg speed: target_rpm=0.0, current_rpm=0.0
2024-09-27 17:15:52,517 INFO: Switching to new gait: 0
2024-09-27 17:15:52,517 INFO: Initialising Gait 1
2024-09-27 17:15:52,517 INFO: Running set_position_group for group 'Wheg_Group' with positions: 180
2024-09-27 17:15:52,518 DEBUG: Preparing bulk read for motors: [1, 2, 3, 4, 5, 6], Parameters: ['operating_mode']
2024-09-27 17:15:52,518 DEBUG: Adding motor 1, Address: 11, Length: 1 to bulk read
2024-09-27 17:15:52,518 DEBUG: Adding motor 2, Address: 11, Length: 1 to bulk read
2024-09-27 17:15:52,518 DEBUG: Adding motor 3, Address: 11, Length: 1 to bulk read
2024-09-27 17:15:52,518 DEBUG: Adding motor 4, Address: 11, Length: 1 to bulk read
2024-09-27 17:15:52,518 DEBUG: Adding motor 5, Address: 11, Length: 1 to bulk read
2024-09-27 17:15:52,518 DEBUG: Adding motor 6, Address: 11, Length: 1 to bulk read
2024-09-27 17:15:52,523 DEBUG: Bulk read successful for group 'Wheg_Group'
2024-09-27 17:15:52,523 WARNING: Motor 1 is not in Position Control Mode. Setting mode now.
2024-09-27 17:15:52,523 INFO: Setting operating mode 'position' for group 'Wheg_Group'
2024-09-27 17:15:52,523 INFO: Disabling torque for group Wheg_Group
2024-09-27 17:15:52,524 DEBUG: Torque disabled for group Wheg_Group
2024-09-27 17:15:52,524 DEBUG: Operating mode set to 'position' for group Wheg_Group
2024-09-27 17:15:52,524 INFO: Enabling torque for group Wheg_Group
2024-09-27 17:15:52,525 DEBUG: Torque enabled for group Wheg_Group
2024-09-27 17:15:52,525 DEBUG: Setting profile velocity for motors in group Wheg_Group
2024-09-27 17:15:52,525 INFO: Setting profile velocity for group Wheg_Group
2024-09-27 17:15:52,525 DEBUG: Hard profile velocity limit: 200
2024-09-27 17:15:52,525 WARNING: Profile velocity 400 exceeds hard limit 200. Limiting to 200.
2024-09-27 17:15:52,525 INFO: Profile velocities set for group Wheg_Group: {1: 200, 2: 200, 3: 200, 4: 200, 5: 200, 6: 200}
2024-09-27 17:15:52,526 DEBUG: Setting position 180° for all motors in group 'Wheg_Group'
2024-09-27 17:15:52,526 DEBUG: Target positions set for group 'Wheg_Group': 180
2024-09-27 17:15:52,526 INFO: Running set_position_group for group 'Pivot_Group' with positions: 180
2024-09-27 17:15:52,526 DEBUG: Preparing bulk read for motors: [7, 8], Parameters: ['operating_mode']
2024-09-27 17:15:52,526 DEBUG: Adding motor 7, Address: 11, Length: 1 to bulk read
2024-09-27 17:15:52,526 DEBUG: Adding motor 8, Address: 11, Length: 1 to bulk read
2024-09-27 17:15:52,529 DEBUG: Bulk read successful for group 'Pivot_Group'
2024-09-27 17:15:52,529 WARNING: Motor 7 is not in Position Control Mode. Setting mode now.
2024-09-27 17:15:52,530 INFO: Setting operating mode 'position' for group 'Pivot_Group'
2024-09-27 17:15:52,530 INFO: Disabling torque for group Pivot_Group
2024-09-27 17:15:52,530 DEBUG: Torque disabled for group Pivot_Group
2024-09-27 17:15:52,530 DEBUG: Operating mode set to 'position' for group Pivot_Group
2024-09-27 17:15:52,530 INFO: Enabling torque for group Pivot_Group
2024-09-27 17:15:52,531 DEBUG: Torque enabled for group Pivot_Group
2024-09-27 17:15:52,531 DEBUG: Setting profile velocity for motors in group Pivot_Group
2024-09-27 17:15:52,531 INFO: Setting profile velocity for group Pivot_Group
2024-09-27 17:15:52,531 DEBUG: Hard profile velocity limit: 200
2024-09-27 17:15:52,531 INFO: Profile velocities set for group Pivot_Group: {7: 50, 8: 50}
2024-09-27 17:15:52,531 DEBUG: Setting position 180° for all motors in group 'Pivot_Group'
2024-09-27 17:15:52,532 DEBUG: Target positions set for group 'Pivot_Group': 180
2024-09-27 17:15:52,532 DEBUG: Executing Gait 1
2024-09-27 17:15:52,532 INFO: Running set_position_group for group 'Pivot_Group' with positions: {7: 180, 8: 180}
2024-09-27 17:15:52,532 DEBUG: Preparing bulk read for motors: [7, 8], Parameters: ['operating_mode']
2024-09-27 17:15:52,532 DEBUG: Adding motor 7, Address: 11, Length: 1 to bulk read
2024-09-27 17:15:52,532 DEBUG: Adding motor 8, Address: 11, Length: 1 to bulk read
2024-09-27 17:15:52,535 DEBUG: Bulk read successful for group 'Pivot_Group'
2024-09-27 17:15:52,535 INFO: Setting operating mode 'velocity' for group 'All_Motors'
2024-09-27 17:15:52,535 INFO: Disabling torque for group All_Motors
2024-09-27 17:15:52,536 DEBUG: Torque disabled for group All_Motors
2024-09-27 17:15:52,536 DEBUG: Operating mode set to 'velocity' for group All_Motors
2024-09-27 17:15:52,536 INFO: Enabling torque for group All_Motors
2024-09-27 17:15:52,536 DEBUG: Torque enabled for group All_Motors
2024-09-27 17:15:52,536 DEBUG: Setting velocity limit for motors in group All_Motors
2024-09-27 17:15:52,536 ERROR: Velocity limit for group All_Motors not found in config.yaml
2024-09-27 17:15:52,537 INFO: Enabling torque for group All_Motors
2024-09-27 17:15:52,537 DEBUG: Torque enabled for group All_Motors
