2024-09-28 11:25:05,395 INFO: Initializing PS4Controller
2024-09-28 11:25:05,612 DEBUG: Pygame initialized
2024-09-28 11:25:05,612 DEBUG: Joystick initialized
2024-09-28 11:25:05,613 DEBUG: Number of buttons on the controller: 13
2024-09-28 11:25:05,654 INFO: Configuration loaded successfully
2024-09-28 11:25:05,656 INFO: Port /dev/ttyACM0 opened successfully
2024-09-28 11:25:05,666 INFO: Baudrate set to 1000000
2024-09-28 11:25:05,666 INFO: Control table loaded successfully.
2024-09-28 11:25:05,666 INFO: Motor group 'Pivot_Group' created with motors: [7, 8]
2024-09-28 11:25:05,666 INFO: Motor group 'Wheg_Group' created with motors: [1, 2, 3, 4, 5, 6]
2024-09-28 11:25:05,667 INFO: Motor group 'All_Motors' created with motors: [1, 2, 3, 4, 5, 6, 7, 8]
2024-09-28 11:25:05,667 INFO: Motor group 'Left_Whegs' created with motors: [1, 2, 3]
2024-09-28 11:25:05,667 INFO: Motor group 'Right_Whegs' created with motors: [4, 5, 6]
2024-09-28 11:25:05,667 INFO: Motor group 'Front_Whegs' created with motors: [3, 6]
2024-09-28 11:25:05,667 INFO: Motor group 'Rear_Whegs' created with motors: [1, 4]
2024-09-28 11:25:05,667 INFO: Motor group 'Middle_Whegs' created with motors: [2, 5]
2024-09-28 11:25:05,667 INFO: Motor group 'Two_Right_One_Left' created with motors: [2, 4, 6]
2024-09-28 11:25:05,667 INFO: Motor group 'Two_Left_One_Right' created with motors: [5, 1, 3]
2024-09-28 11:25:05,668 INFO: Initialised PS4 controller, Dynamixel, and Robot State
2024-09-28 11:25:05,668 DEBUG: Setting drive mode for group 'Right_Whegs', reverse_direction=True, drive_mode_value=1
2024-09-28 11:25:05,668 INFO: Disabling torque for group Right_Whegs
2024-09-28 11:25:05,669 DEBUG: Torque disabled for group Right_Whegs
2024-09-28 11:25:05,669 DEBUG: Sync writing drive mode values: {4: 1, 5: 1, 6: 1}
2024-09-28 11:25:05,669 INFO: Drive mode set for group Right_Whegs with reverse_direction=True
2024-09-28 11:25:05,669 INFO: Enabling torque for group Right_Whegs
2024-09-28 11:25:05,670 DEBUG: Torque enabled for group Right_Whegs
2024-09-28 11:25:05,670 DEBUG: Reading back drive mode for verification...
2024-09-28 11:25:05,670 DEBUG: Preparing bulk read for motors: [4, 5, 6], Parameters: ['drive_mode']
2024-09-28 11:25:05,670 DEBUG: Adding motor 4, Address: 10, Length: 1 to bulk read
2024-09-28 11:25:05,670 DEBUG: Adding motor 5, Address: 10, Length: 1 to bulk read
2024-09-28 11:25:05,670 DEBUG: Adding motor 6, Address: 10, Length: 1 to bulk read
2024-09-28 11:25:05,673 DEBUG: Bulk read successful for group 'Right_Whegs'
2024-09-28 11:25:05,673 DEBUG: Motor 4 current drive mode read from bulk read: 1
2024-09-28 11:25:05,673 INFO: Motor 4 drive mode correctly set to reverse
2024-09-28 11:25:05,673 DEBUG: Motor 5 current drive mode read from bulk read: 1
2024-09-28 11:25:05,673 INFO: Motor 5 drive mode correctly set to reverse
2024-09-28 11:25:05,673 DEBUG: Motor 6 current drive mode read from bulk read: 1
2024-09-28 11:25:05,673 INFO: Motor 6 drive mode correctly set to reverse
2024-09-28 11:25:05,673 DEBUG: Setting drive mode for group 'Left_Whegs', reverse_direction=False, drive_mode_value=0
2024-09-28 11:25:05,674 INFO: Disabling torque for group Left_Whegs
2024-09-28 11:25:05,674 DEBUG: Torque disabled for group Left_Whegs
2024-09-28 11:25:05,674 DEBUG: Sync writing drive mode values: {1: 0, 2: 0, 3: 0}
2024-09-28 11:25:05,674 INFO: Drive mode set for group Left_Whegs with reverse_direction=False
2024-09-28 11:25:05,674 INFO: Enabling torque for group Left_Whegs
2024-09-28 11:25:05,675 DEBUG: Torque enabled for group Left_Whegs
2024-09-28 11:25:05,675 DEBUG: Reading back drive mode for verification...
2024-09-28 11:25:05,675 DEBUG: Preparing bulk read for motors: [1, 2, 3], Parameters: ['drive_mode']
2024-09-28 11:25:05,675 DEBUG: Adding motor 1, Address: 10, Length: 1 to bulk read
2024-09-28 11:25:05,675 DEBUG: Adding motor 2, Address: 10, Length: 1 to bulk read
2024-09-28 11:25:05,675 DEBUG: Adding motor 3, Address: 10, Length: 1 to bulk read
2024-09-28 11:25:05,678 DEBUG: Bulk read successful for group 'Left_Whegs'
2024-09-28 11:25:05,678 DEBUG: Motor 1 current drive mode read from bulk read: 0
2024-09-28 11:25:05,678 INFO: Motor 1 drive mode correctly set to normal
2024-09-28 11:25:05,678 DEBUG: Motor 2 current drive mode read from bulk read: 0
2024-09-28 11:25:05,678 INFO: Motor 2 drive mode correctly set to normal
2024-09-28 11:25:05,678 DEBUG: Motor 3 current drive mode read from bulk read: 0
2024-09-28 11:25:05,678 INFO: Motor 3 drive mode correctly set to normal
2024-09-28 11:25:05,679 INFO: Set the right side whegs to reverse direction
2024-09-28 11:25:05,679 INFO: Position limits set for group Pivot_Group: min=90° (ticks=1023), max=270° (ticks=3071)
2024-09-28 11:25:05,679 INFO: Set position limits for the pivot motors
2024-09-28 11:25:05,680 DEBUG: Using selector: EpollSelector
2024-09-28 11:25:05,681 DEBUG: Executing Gait 1
2024-09-28 11:25:05,681 DEBUG: Adjusting wheg speed: trigger_value=-1.0, current_rpm=0
2024-09-28 11:25:05,681 DEBUG: Preparing bulk read for motors: [1, 2, 3, 4, 5, 6, 7, 8], Parameters: ['present_position']
2024-09-28 11:25:05,681 DEBUG: Adding motor 1, Address: 132, Length: 4 to bulk read
2024-09-28 11:25:05,681 DEBUG: Adding motor 2, Address: 132, Length: 4 to bulk read
2024-09-28 11:25:05,681 DEBUG: Adding motor 3, Address: 132, Length: 4 to bulk read
2024-09-28 11:25:05,681 DEBUG: Adding motor 4, Address: 132, Length: 4 to bulk read
2024-09-28 11:25:05,681 DEBUG: Adding motor 5, Address: 132, Length: 4 to bulk read
2024-09-28 11:25:05,681 DEBUG: Adding motor 6, Address: 132, Length: 4 to bulk read
2024-09-28 11:25:05,682 DEBUG: Adding motor 7, Address: 132, Length: 4 to bulk read
2024-09-28 11:25:05,682 DEBUG: Adding motor 8, Address: 132, Length: 4 to bulk read
2024-09-28 11:25:05,689 DEBUG: Bulk read successful for group 'All_Motors'
2024-09-28 11:25:05,689 DEBUG: Preparing bulk read for motors: [1, 2, 3, 4, 5, 6, 7, 8], Parameters: ['present_velocity']
2024-09-28 11:25:05,689 DEBUG: Adding motor 1, Address: 128, Length: 4 to bulk read
2024-09-28 11:25:05,689 DEBUG: Adding motor 2, Address: 128, Length: 4 to bulk read
2024-09-28 11:25:05,689 DEBUG: Adding motor 3, Address: 128, Length: 4 to bulk read
2024-09-28 11:25:05,689 DEBUG: Adding motor 4, Address: 128, Length: 4 to bulk read
2024-09-28 11:25:05,689 DEBUG: Adding motor 5, Address: 128, Length: 4 to bulk read
2024-09-28 11:25:05,690 DEBUG: Adding motor 6, Address: 128, Length: 4 to bulk read
2024-09-28 11:25:05,690 DEBUG: Adding motor 7, Address: 128, Length: 4 to bulk read
2024-09-28 11:25:05,690 DEBUG: Adding motor 8, Address: 128, Length: 4 to bulk read
2024-09-28 11:25:05,697 DEBUG: Bulk read successful for group 'All_Motors'
2024-09-28 11:25:05,697 DEBUG: Preparing bulk read for motors: [1, 2, 3, 4, 5, 6, 7, 8], Parameters: ['present_load']
2024-09-28 11:25:05,698 ERROR: Control table entry 'present_load' not found.
2024-09-28 11:25:05,698 ERROR: Error while reporting robot states: Control table entry 'present_load' not found.
2024-09-28 11:25:05,698 INFO: Initiating safe shutdown...
2024-09-28 11:25:05,698 INFO: Setting operating mode 'velocity' for group 'All_Motors'
2024-09-28 11:25:05,698 INFO: Disabling torque for group All_Motors
2024-09-28 11:25:05,699 DEBUG: Torque disabled for group All_Motors
2024-09-28 11:25:05,699 DEBUG: Operating mode set to 'velocity' for group All_Motors
2024-09-28 11:25:05,699 INFO: Enabling torque for group All_Motors
2024-09-28 11:25:05,699 DEBUG: Torque enabled for group All_Motors
2024-09-28 11:25:05,700 DEBUG: Setting velocity limit for motors in group All_Motors
2024-09-28 11:25:05,700 WARNING: Velocity limit 400 exceeds hard limit 200. Limiting to 200.
2024-09-28 11:25:05,700 INFO: Velocity limit set to 200 for group All_Motors
2024-09-28 11:25:05,700 INFO: Enabling torque for group All_Motors
2024-09-28 11:25:05,701 DEBUG: Torque enabled for group All_Motors
2024-09-28 11:25:05,701 INFO: Target velocities set for group All_Motors: {1: 0, 2: 0, 3: 0, 4: 0, 5: 0, 6: 0, 7: 0, 8: 0}
2024-09-28 11:25:05,701 INFO: Running set_position_group for group 'All_Motors' with positions: 180
2024-09-28 11:25:05,701 DEBUG: Preparing bulk read for motors: [1, 2, 3, 4, 5, 6, 7, 8], Parameters: ['operating_mode']
2024-09-28 11:25:05,701 DEBUG: Adding motor 1, Address: 11, Length: 1 to bulk read
2024-09-28 11:25:05,701 DEBUG: Adding motor 2, Address: 11, Length: 1 to bulk read
2024-09-28 11:25:05,701 DEBUG: Adding motor 3, Address: 11, Length: 1 to bulk read
2024-09-28 11:25:05,702 DEBUG: Adding motor 4, Address: 11, Length: 1 to bulk read
2024-09-28 11:25:05,702 DEBUG: Adding motor 5, Address: 11, Length: 1 to bulk read
2024-09-28 11:25:05,702 DEBUG: Adding motor 6, Address: 11, Length: 1 to bulk read
2024-09-28 11:25:05,702 DEBUG: Adding motor 7, Address: 11, Length: 1 to bulk read
2024-09-28 11:25:05,702 DEBUG: Adding motor 8, Address: 11, Length: 1 to bulk read
2024-09-28 11:25:05,709 DEBUG: Bulk read successful for group 'All_Motors'
2024-09-28 11:25:05,709 WARNING: Motor 1 is not in Position Control Mode. Setting mode now.
2024-09-28 11:25:05,709 INFO: Setting operating mode 'position' for group 'All_Motors'
2024-09-28 11:25:05,710 INFO: Disabling torque for group All_Motors
2024-09-28 11:25:05,710 DEBUG: Torque disabled for group All_Motors
2024-09-28 11:25:05,710 DEBUG: Operating mode set to 'position' for group All_Motors
2024-09-28 11:25:05,710 INFO: Enabling torque for group All_Motors
2024-09-28 11:25:05,711 DEBUG: Torque enabled for group All_Motors
2024-09-28 11:25:05,711 DEBUG: Setting profile velocity for motors in group All_Motors
2024-09-28 11:25:05,711 INFO: Setting profile velocity for group All_Motors
2024-09-28 11:25:05,711 DEBUG: Hard profile velocity limit: 200
2024-09-28 11:25:05,711 INFO: Profile velocities set for group All_Motors: {1: 2275, 2: 2275, 3: 2275, 4: 2275, 5: 2275, 6: 2275, 7: 2275, 8: 2275}
2024-09-28 11:25:05,711 DEBUG: Setting position 180° for all motors in group 'All_Motors'
2024-09-28 11:25:05,712 DEBUG: Target positions set for group 'All_Motors': 180
2024-09-28 11:25:05,712 INFO: Closing PS4Controller and quitting pygame
2024-09-28 11:25:05,792 ERROR: Failed to close the port: 'PortHandler' object has no attribute 'is_port_open'
2024-09-28 11:25:05,792 INFO: Shutdown complete.
2024-09-28 11:25:05,793 ERROR: Controller connection lost!
2024-09-28 11:25:05,793 ERROR: Controller is disconnected.
2024-09-28 11:25:05,793 ERROR: Controller connection lost!
2024-09-28 11:25:05,793 ERROR: Controller is disconnected.
2024-09-28 11:25:05,794 ERROR: Controller connection lost!
2024-09-28 11:25:05,794 ERROR: Controller is disconnected.
