2024-10-29 17:52:36,106 INFO: Initializing PS4Controller
2024-10-29 17:52:36,406 INFO: Configuration loaded successfully
2024-10-29 17:52:36,409 INFO: Port /dev/ttyACM0 opened successfully
2024-10-29 17:52:36,419 INFO: Baudrate set to 1000000
2024-10-29 17:52:36,420 INFO: Control table loaded successfully.
2024-10-29 17:52:36,420 INFO: Motor group 'Pivot_Group' created with motors: [7, 8]
2024-10-29 17:52:36,421 INFO: Motor group 'Wheg_Group' created with motors: [1, 2, 3, 4, 5, 6]
2024-10-29 17:52:36,421 INFO: Motor group 'All_Motors' created with motors: [1, 2, 3, 4, 5, 6, 7, 8]
2024-10-29 17:52:36,422 INFO: Motor group 'Left_Whegs' created with motors: [1, 2, 3]
2024-10-29 17:52:36,422 INFO: Motor group 'Right_Whegs' created with motors: [4, 5, 6]
2024-10-29 17:52:36,423 INFO: Motor group 'Front_Whegs' created with motors: [3, 6]
2024-10-29 17:52:36,423 INFO: Motor group 'Rear_Whegs' created with motors: [1, 4]
2024-10-29 17:52:36,423 INFO: Motor group 'Middle_Whegs' created with motors: [2, 5]
2024-10-29 17:52:36,424 INFO: Motor group 'Two_Right_One_Left' created with motors: [2, 4, 6]
2024-10-29 17:52:36,424 INFO: Motor group 'Two_Left_One_Right' created with motors: [5, 1, 3]
2024-10-29 17:52:36,425 INFO: Initialised PS4 controller, Dynamixel, and Robot State
2024-10-29 17:52:36,580 INFO: Disabling torque for group Right_Whegs
2024-10-29 17:52:36,583 INFO: Drive mode set for group Right_Whegs with reverse_direction=True
2024-10-29 17:52:36,583 INFO: Enabling torque for group Right_Whegs
2024-10-29 17:52:36,585 INFO: Setting the profile velocity for group Right_Whegs from config.yaml: None
2024-10-29 17:52:36,587 ERROR: Profile velocity for group Right_Whegs not found in config.yaml and no value was provided.
2024-10-29 17:52:36,591 INFO: Profile velocities set for group Right_Whegs: {4: 21.85, 5: 21.85, 6: 21.85}
2024-10-29 17:52:36,593 INFO: Disabling torque for group Left_Whegs
2024-10-29 17:52:36,594 INFO: Drive mode set for group Left_Whegs with reverse_direction=False
2024-10-29 17:52:36,594 INFO: Enabling torque for group Left_Whegs
2024-10-29 17:52:36,595 INFO: Setting the profile velocity for group Left_Whegs from config.yaml: None
2024-10-29 17:52:36,595 ERROR: Profile velocity for group Left_Whegs not found in config.yaml and no value was provided.
2024-10-29 17:52:36,597 INFO: Profile velocities set for group Left_Whegs: {1: 21.85, 2: 21.85, 3: 21.85}
2024-10-29 17:52:36,597 INFO: Set the right side whegs to reverse direction
2024-10-29 17:52:36,598 INFO: Disabling torque for group Pivot_Group
2024-10-29 17:52:36,598 INFO: Drive mode set for group Pivot_Group with reverse_direction=False
2024-10-29 17:52:36,599 INFO: Enabling torque for group Pivot_Group
2024-10-29 17:52:36,600 INFO: Setting the profile velocity for group Pivot_Group from config.yaml: 4
2024-10-29 17:52:36,600 INFO: Profile velocities set for group Pivot_Group: {7: 17.48, 8: 17.48}
2024-10-29 17:52:36,601 INFO: Position limits set for group Pivot_Group: min=45째 (ticks=511), max=315째 (ticks=3583)
2024-10-29 17:52:36,602 INFO: Set position limits for the pivot motors
2024-10-29 17:52:36,611 INFO: Initialising Gait 1
2024-10-29 17:52:36,612 INFO: Running set_position_group for group 'Wheg_Group' with positions: 180
2024-10-29 17:52:36,617 INFO: Running set_position_group for group 'Pivot_Group' with positions: 180
2024-10-29 17:52:36,621 INFO: Initialised Gait 1, waiting for 3 seconds
2024-10-29 17:52:36,622 ERROR: Error controlling pivots: 'dpad_down'
2024-10-29 17:52:39,623 INFO: Setting operating mode 'multi_turn' for group 'Wheg_Group'
2024-10-29 17:52:39,624 INFO: Disabling torque for group Wheg_Group
2024-10-29 17:52:39,626 INFO: Enabling torque for group Wheg_Group
2024-10-29 17:52:39,627 INFO: Setting the profile velocity for group Wheg_Group from config.yaml: 10
2024-10-29 17:52:39,628 INFO: Profile velocities set for group Wheg_Group: {1: 43.7, 2: 43.7, 3: 43.7, 4: 43.7, 5: 43.7, 6: 43.7}
2024-10-29 17:52:39,629 INFO: Setting the profile velocity for group Wheg_Group from config.yaml: 10
2024-10-29 17:52:39,630 INFO: Profile velocities set for group Wheg_Group: {1: 43.7, 2: 43.7, 3: 43.7, 4: 43.7, 5: 43.7, 6: 43.7}
2024-10-29 17:52:39,631 INFO: New gait 1 is now active.
2024-10-29 17:52:52,550 INFO: Initializing PS4Controller
2024-10-29 17:52:52,603 INFO: Configuration loaded successfully
2024-10-29 17:52:52,608 INFO: Port /dev/ttyACM0 opened successfully
2024-10-29 17:52:52,608 ERROR: Bulk read failed with error: [TxRxResult] Incorrect status packet!
2024-10-29 17:52:52,614 INFO: Baudrate set to 1000000
2024-10-29 17:52:52,620 INFO: Control table loaded successfully.
2024-10-29 17:52:52,644 INFO: Motor group 'Pivot_Group' created with motors: [7, 8]
2024-10-29 17:52:52,645 INFO: Motor group 'Wheg_Group' created with motors: [1, 2, 3, 4, 5, 6]
2024-10-29 17:52:52,645 ERROR: Bulk read failed with error: [TxRxResult] Incorrect status packet!
2024-10-29 17:52:52,646 INFO: Motor group 'All_Motors' created with motors: [1, 2, 3, 4, 5, 6, 7, 8]
2024-10-29 17:52:52,647 INFO: Motor group 'Left_Whegs' created with motors: [1, 2, 3]
2024-10-29 17:52:52,649 INFO: Motor group 'Right_Whegs' created with motors: [4, 5, 6]
2024-10-29 17:52:52,650 INFO: Motor group 'Front_Whegs' created with motors: [3, 6]
2024-10-29 17:52:52,651 INFO: Motor group 'Rear_Whegs' created with motors: [1, 4]
2024-10-29 17:52:52,653 INFO: Motor group 'Middle_Whegs' created with motors: [2, 5]
2024-10-29 17:52:52,654 INFO: Motor group 'Two_Right_One_Left' created with motors: [2, 4, 6]
2024-10-29 17:52:52,655 INFO: Motor group 'Two_Left_One_Right' created with motors: [5, 1, 3]
2024-10-29 17:52:52,657 INFO: Initialised PS4 controller, Dynamixel, and Robot State
2024-10-29 17:52:52,671 INFO: Disabling torque for group Right_Whegs
2024-10-29 17:52:52,673 ERROR: Error retrieving motor data: 'NoneType' object has no attribute 'keys'
2024-10-29 17:52:52,674 INFO: Drive mode set for group Right_Whegs with reverse_direction=True
2024-10-29 17:52:52,680 INFO: Enabling torque for group Right_Whegs
2024-10-29 17:52:52,685 INFO: Setting the profile velocity for group Right_Whegs from config.yaml: None
2024-10-29 17:52:52,687 ERROR: Profile velocity for group Right_Whegs not found in config.yaml and no value was provided.
2024-10-29 17:52:52,688 INFO: Profile velocities set for group Right_Whegs: {4: 21.85, 5: 21.85, 6: 21.85}
2024-10-29 17:52:52,689 INFO: Disabling torque for group Left_Whegs
2024-10-29 17:52:52,693 INFO: Drive mode set for group Left_Whegs with reverse_direction=False
2024-10-29 17:52:52,693 INFO: Enabling torque for group Left_Whegs
2024-10-29 17:52:52,694 INFO: Setting the profile velocity for group Left_Whegs from config.yaml: None
2024-10-29 17:52:52,694 ERROR: Profile velocity for group Left_Whegs not found in config.yaml and no value was provided.
2024-10-29 17:52:52,695 INFO: Profile velocities set for group Left_Whegs: {1: 21.85, 2: 21.85, 3: 21.85}
2024-10-29 17:52:52,696 INFO: Set the right side whegs to reverse direction
2024-10-29 17:52:52,696 INFO: Disabling torque for group Pivot_Group
2024-10-29 17:52:52,698 INFO: Drive mode set for group Pivot_Group with reverse_direction=False
2024-10-29 17:52:52,698 INFO: Enabling torque for group Pivot_Group
2024-10-29 17:52:52,699 INFO: Setting the profile velocity for group Pivot_Group from config.yaml: 4
2024-10-29 17:52:52,699 INFO: Profile velocities set for group Pivot_Group: {7: 17.48, 8: 17.48}
2024-10-29 17:52:52,701 INFO: Position limits set for group Pivot_Group: min=45째 (ticks=511), max=315째 (ticks=3583)
2024-10-29 17:52:52,701 INFO: Set position limits for the pivot motors
2024-10-29 17:52:52,705 ERROR: Error checking hardware errors: device reports readiness to read but returned no data (device disconnected or multiple access on port?)
2024-10-29 17:52:52,716 ERROR: Bulk read failed with error: [TxRxResult] Port is in use!
2024-10-29 17:52:52,734 ERROR: Bulk read failed with error: [TxRxResult] Port is in use!
2024-10-29 17:52:52,739 ERROR: Bulk read failed with error: [TxRxResult] Incorrect status packet!
2024-10-29 17:52:52,740 ERROR: Bulk read failed with error: [TxRxResult] Port is in use!
2024-10-29 17:52:52,741 INFO: Initialising Gait 1
2024-10-29 17:52:52,742 ERROR: Bulk read failed with error: [TxRxResult] Port is in use!
2024-10-29 17:52:52,742 INFO: Running set_position_group for group 'Wheg_Group' with positions: 180
2024-10-29 17:52:52,743 ERROR: Bulk read failed with error: [TxRxResult] Port is in use!
2024-10-29 17:52:52,745 ERROR: Error retrieving motor data: 'NoneType' object has no attribute 'keys'
2024-10-29 17:52:52,751 ERROR: Bulk read failed with error: [TxRxResult] Port is in use!
2024-10-29 17:52:52,754 WARNING: Motor 1 is not in Position Control Mode. Setting mode now.
2024-10-29 17:52:52,755 INFO: Setting operating mode 'position' for group 'Wheg_Group'
2024-10-29 17:52:52,755 INFO: Disabling torque for group Wheg_Group
2024-10-29 17:52:52,756 INFO: Enabling torque for group Wheg_Group
2024-10-29 17:52:52,757 INFO: Setting the profile velocity for group Wheg_Group from config.yaml: 10
2024-10-29 17:52:52,758 INFO: Profile velocities set for group Wheg_Group: {1: 43.7, 2: 43.7, 3: 43.7, 4: 43.7, 5: 43.7, 6: 43.7}
2024-10-29 17:52:52,759 INFO: Setting the profile velocity for group Wheg_Group from config.yaml: 10
2024-10-29 17:52:52,760 INFO: Profile velocities set for group Wheg_Group: {1: 43.7, 2: 43.7, 3: 43.7, 4: 43.7, 5: 43.7, 6: 43.7}
2024-10-29 17:52:52,761 INFO: Running set_position_group for group 'Pivot_Group' with positions: 180
2024-10-29 17:52:52,763 ERROR: Bulk read failed with error: [TxRxResult] Port is in use!
2024-10-29 17:52:52,764 INFO: Initialised Gait 1, waiting for 3 seconds
2024-10-29 17:52:52,765 ERROR: Error controlling pivots: 'dpad_down'
2024-10-29 17:52:52,774 ERROR: Bulk read failed with error: [TxRxResult] Port is in use!
2024-10-29 17:52:52,786 ERROR: Bulk read failed with error: [TxRxResult] Port is in use!
2024-10-29 17:52:52,798 ERROR: Bulk read failed with error: [TxRxResult] Port is in use!
2024-10-29 17:52:52,802 ERROR: Bulk read failed with error: [TxRxResult] Port is in use!
2024-10-29 17:52:52,807 ERROR: Bulk read failed with error: [TxRxResult] Port is in use!
2024-10-29 17:52:52,809 ERROR: Bulk read failed with error: [TxRxResult] Port is in use!
2024-10-29 17:52:52,811 ERROR: Bulk read failed with error: [TxRxResult] Port is in use!
2024-10-29 17:52:52,814 ERROR: Error retrieving motor data: 'NoneType' object has no attribute 'keys'
2024-10-29 17:52:52,818 ERROR: Bulk read failed with error: [TxRxResult] Port is in use!
2024-10-29 17:52:52,829 ERROR: Bulk read failed with error: [TxRxResult] Port is in use!
2024-10-29 17:52:52,841 ERROR: Bulk read failed with error: [TxRxResult] Port is in use!
2024-10-29 17:52:52,852 ERROR: Bulk read failed with error: [TxRxResult] Port is in use!
2024-10-29 17:52:52,864 ERROR: Bulk read failed with error: [TxRxResult] Port is in use!
2024-10-29 17:52:52,869 ERROR: Bulk read failed with error: [TxRxResult] Port is in use!
2024-10-29 17:52:52,870 ERROR: Bulk read failed with error: [TxRxResult] Port is in use!
2024-10-29 17:52:52,872 ERROR: Bulk read failed with error: [TxRxResult] Port is in use!
2024-10-29 17:52:52,872 ERROR: Bulk read failed with error: [TxRxResult] Port is in use!
2024-10-29 17:52:52,873 ERROR: Error retrieving motor data: 'NoneType' object has no attribute 'keys'
2024-10-29 17:52:52,878 ERROR: Bulk read failed with error: [TxRxResult] Port is in use!
2024-10-29 17:52:52,893 ERROR: Bulk read failed with error: [TxRxResult] Port is in use!
2024-10-29 17:52:52,908 ERROR: Bulk read failed with error: [TxRxResult] Port is in use!
2024-10-29 17:52:52,920 ERROR: Bulk read failed with error: [TxRxResult] Port is in use!
2024-10-29 17:52:52,929 ERROR: Bulk read failed with error: [TxRxResult] Port is in use!
2024-10-29 17:52:52,930 ERROR: Bulk read failed with error: [TxRxResult] Port is in use!
2024-10-29 17:52:52,931 ERROR: Bulk read failed with error: [TxRxResult] Port is in use!
2024-10-29 17:52:52,931 ERROR: Bulk read failed with error: [TxRxResult] Port is in use!
2024-10-29 17:52:52,931 ERROR: Error retrieving motor data: 'NoneType' object has no attribute 'keys'
2024-10-29 17:52:52,936 ERROR: Bulk read failed with error: [TxRxResult] Port is in use!
2024-10-29 17:52:52,948 ERROR: Bulk read failed with error: [TxRxResult] Port is in use!
2024-10-29 17:52:52,960 ERROR: Bulk read failed with error: [TxRxResult] Port is in use!
2024-10-29 17:52:52,972 ERROR: Bulk read failed with error: [TxRxResult] Port is in use!
2024-10-29 17:52:52,987 ERROR: Bulk read failed with error: [TxRxResult] Port is in use!
2024-10-29 17:52:52,990 ERROR: Bulk read failed with error: [TxRxResult] Port is in use!
2024-10-29 17:52:52,992 ERROR: Bulk read failed with error: [TxRxResult] Port is in use!
2024-10-29 17:52:52,993 ERROR: Bulk read failed with error: [TxRxResult] Port is in use!
2024-10-29 17:52:52,994 ERROR: Bulk read failed with error: [TxRxResult] Port is in use!
2024-10-29 17:52:52,994 ERROR: Error retrieving motor data: 'NoneType' object has no attribute 'keys'
2024-10-29 17:52:53,001 ERROR: Bulk read failed with error: [TxRxResult] Port is in use!
2024-10-29 17:52:53,012 ERROR: Bulk read failed with error: [TxRxResult] Port is in use!
2024-10-29 17:52:53,023 ERROR: Bulk read failed with error: [TxRxResult] Port is in use!
2024-10-29 17:52:53,035 ERROR: Bulk read failed with error: [TxRxResult] Port is in use!
2024-10-29 17:52:53,045 ERROR: Bulk read failed with error: [TxRxResult] Port is in use!
2024-10-29 17:52:53,049 ERROR: Bulk read failed with error: [TxRxResult] Port is in use!
2024-10-29 17:52:53,050 ERROR: Bulk read failed with error: [TxRxResult] Port is in use!
2024-10-29 17:52:53,052 ERROR: Bulk read failed with error: [TxRxResult] Port is in use!
2024-10-29 17:52:53,053 ERROR: Bulk read failed with error: [TxRxResult] Port is in use!
2024-10-29 17:52:53,055 ERROR: Error retrieving motor data: 'NoneType' object has no attribute 'keys'
2024-10-29 17:52:53,061 ERROR: Bulk read failed with error: [TxRxResult] Port is in use!
2024-10-29 17:52:53,073 ERROR: Bulk read failed with error: [TxRxResult] Port is in use!
2024-10-29 17:52:53,085 ERROR: Bulk read failed with error: [TxRxResult] Port is in use!
2024-10-29 17:52:53,096 ERROR: Bulk read failed with error: [TxRxResult] Port is in use!
2024-10-29 17:52:53,107 ERROR: Bulk read failed with error: [TxRxResult] Port is in use!
2024-10-29 17:52:53,111 ERROR: Bulk read failed with error: [TxRxResult] Port is in use!
2024-10-29 17:52:53,112 ERROR: Bulk read failed with error: [TxRxResult] Port is in use!
2024-10-29 17:52:53,112 ERROR: Bulk read failed with error: [TxRxResult] Port is in use!
2024-10-29 17:52:53,113 ERROR: Bulk read failed with error: [TxRxResult] Port is in use!
2024-10-29 17:52:53,113 ERROR: Error retrieving motor data: 'NoneType' object has no attribute 'keys'
2024-10-29 17:52:53,118 ERROR: Bulk read failed with error: [TxRxResult] Port is in use!
2024-10-29 17:52:53,130 ERROR: Bulk read failed with error: [TxRxResult] Port is in use!
2024-10-29 17:52:53,141 ERROR: Bulk read failed with error: [TxRxResult] Port is in use!
2024-10-29 17:52:53,153 ERROR: Bulk read failed with error: [TxRxResult] Port is in use!
2024-10-29 17:52:53,167 ERROR: Bulk read failed with error: [TxRxResult] Port is in use!
2024-10-29 17:52:53,172 ERROR: Bulk read failed with error: [TxRxResult] Port is in use!
2024-10-29 17:52:53,175 ERROR: Bulk read failed with error: [TxRxResult] Port is in use!
2024-10-29 17:52:53,177 ERROR: Bulk read failed with error: [TxRxResult] Port is in use!
2024-10-29 17:52:53,178 ERROR: Bulk read failed with error: [TxRxResult] Port is in use!
2024-10-29 17:52:53,178 ERROR: Error retrieving motor data: 'NoneType' object has no attribute 'keys'
2024-10-29 17:52:53,183 ERROR: Bulk read failed with error: [TxRxResult] Port is in use!
2024-10-29 17:52:53,194 ERROR: Bulk read failed with error: [TxRxResult] Port is in use!
2024-10-29 17:52:53,205 ERROR: Bulk read failed with error: [TxRxResult] Port is in use!
2024-10-29 17:52:53,216 ERROR: Bulk read failed with error: [TxRxResult] Port is in use!
2024-10-29 17:52:53,227 ERROR: Bulk read failed with error: [TxRxResult] Port is in use!
2024-10-29 17:52:53,233 ERROR: Bulk read failed with error: [TxRxResult] Port is in use!
2024-10-29 17:52:53,236 ERROR: Bulk read failed with error: [TxRxResult] Port is in use!
2024-10-29 17:52:53,239 ERROR: Bulk read failed with error: [TxRxResult] Port is in use!
2024-10-29 17:52:53,241 ERROR: Bulk read failed with error: [TxRxResult] Port is in use!
2024-10-29 17:52:53,243 ERROR: Error retrieving motor data: 'NoneType' object has no attribute 'keys'
2024-10-29 17:52:53,249 ERROR: Bulk read failed with error: [TxRxResult] Port is in use!
2024-10-29 17:52:53,261 ERROR: Bulk read failed with error: [TxRxResult] Port is in use!
2024-10-29 17:52:53,276 ERROR: Bulk read failed with error: [TxRxResult] Port is in use!
2024-10-29 17:52:53,287 ERROR: Bulk read failed with error: [TxRxResult] Port is in use!
2024-10-29 17:52:53,298 ERROR: Bulk read failed with error: [TxRxResult] Port is in use!
2024-10-29 17:52:53,299 ERROR: Bulk read failed with error: [TxRxResult] Port is in use!
2024-10-29 17:52:53,300 ERROR: Bulk read failed with error: [TxRxResult] Port is in use!
2024-10-29 17:52:53,301 ERROR: Bulk read failed with error: [TxRxResult] Port is in use!
2024-10-29 17:52:53,301 ERROR: Bulk read failed with error: [TxRxResult] Port is in use!
2024-10-29 17:52:53,302 ERROR: Error retrieving motor data: 'NoneType' object has no attribute 'keys'
2024-10-29 17:52:53,309 ERROR: Bulk read failed with error: [TxRxResult] Port is in use!
2024-10-29 17:52:53,321 ERROR: Bulk read failed with error: [TxRxResult] Port is in use!
2024-10-29 17:52:53,333 ERROR: Bulk read failed with error: [TxRxResult] Port is in use!
2024-10-29 17:52:53,345 ERROR: Bulk read failed with error: [TxRxResult] Port is in use!
2024-10-29 17:52:53,358 ERROR: Bulk read failed with error: [TxRxResult] Port is in use!
2024-10-29 17:52:53,360 ERROR: Bulk read failed with error: [TxRxResult] Port is in use!
2024-10-29 17:52:53,361 ERROR: Bulk read failed with error: [TxRxResult] Port is in use!
2024-10-29 17:52:53,364 ERROR: Bulk read failed with error: [TxRxResult] Port is in use!
2024-10-29 17:52:53,365 ERROR: Error retrieving motor data: 'NoneType' object has no attribute 'keys'
2024-10-29 17:52:53,370 ERROR: Bulk read failed with error: [TxRxResult] Port is in use!
2024-10-29 17:52:53,382 ERROR: Bulk read failed with error: [TxRxResult] Port is in use!
2024-10-29 17:52:53,392 ERROR: Bulk read failed with error: [TxRxResult] Port is in use!
2024-10-29 17:52:53,404 ERROR: Bulk read failed with error: [TxRxResult] Port is in use!
2024-10-29 17:52:53,415 ERROR: Bulk read failed with error: [TxRxResult] Port is in use!
2024-10-29 17:52:53,421 ERROR: Bulk read failed with error: [TxRxResult] Port is in use!
2024-10-29 17:52:53,421 ERROR: Bulk read failed with error: [TxRxResult] Port is in use!
2024-10-29 17:52:53,422 ERROR: Bulk read failed with error: [TxRxResult] Port is in use!
2024-10-29 17:52:53,423 ERROR: Bulk read failed with error: [TxRxResult] Port is in use!
2024-10-29 17:52:53,424 ERROR: Error retrieving motor data: 'NoneType' object has no attribute 'keys'
2024-10-29 17:52:53,430 ERROR: Bulk read failed with error: [TxRxResult] Port is in use!
2024-10-29 17:52:53,443 ERROR: Bulk read failed with error: [TxRxResult] Port is in use!
2024-10-29 17:52:53,458 ERROR: Bulk read failed with error: [TxRxResult] Port is in use!
2024-10-29 17:52:53,469 ERROR: Bulk read failed with error: [TxRxResult] Port is in use!
2024-10-29 17:52:53,480 ERROR: Bulk read failed with error: [TxRxResult] Port is in use!
2024-10-29 17:52:53,481 ERROR: Bulk read failed with error: [TxRxResult] Port is in use!
2024-10-29 17:52:53,481 ERROR: Bulk read failed with error: [TxRxResult] Port is in use!
2024-10-29 17:52:53,482 ERROR: Bulk read failed with error: [TxRxResult] Port is in use!
2024-10-29 17:52:53,482 ERROR: Error retrieving motor data: 'NoneType' object has no attribute 'keys'
2024-10-29 17:52:53,488 ERROR: Bulk read failed with error: [TxRxResult] Port is in use!
2024-10-29 17:52:53,501 ERROR: Bulk read failed with error: [TxRxResult] Port is in use!
2024-10-29 17:52:53,513 ERROR: Bulk read failed with error: [TxRxResult] Port is in use!
2024-10-29 17:52:53,525 ERROR: Bulk read failed with error: [TxRxResult] Port is in use!
2024-10-29 17:52:53,539 ERROR: Bulk read failed with error: [TxRxResult] Port is in use!
2024-10-29 17:52:53,541 ERROR: Bulk read failed with error: [TxRxResult] Port is in use!
2024-10-29 17:52:53,542 ERROR: Bulk read failed with error: [TxRxResult] Port is in use!
2024-10-29 17:52:53,544 ERROR: Bulk read failed with error: [TxRxResult] Port is in use!
2024-10-29 17:52:53,546 ERROR: Bulk read failed with error: [TxRxResult] Port is in use!
2024-10-29 17:52:53,547 ERROR: Error retrieving motor data: 'NoneType' object has no attribute 'keys'
2024-10-29 17:52:53,552 ERROR: Bulk read failed with error: [TxRxResult] Port is in use!
2024-10-29 17:52:53,563 ERROR: Bulk read failed with error: [TxRxResult] Port is in use!
2024-10-29 17:52:53,574 ERROR: Bulk read failed with error: [TxRxResult] Port is in use!
2024-10-29 17:52:53,585 ERROR: Bulk read failed with error: [TxRxResult] Port is in use!
2024-10-29 17:52:53,596 ERROR: Bulk read failed with error: [TxRxResult] Port is in use!
2024-10-29 17:52:53,601 ERROR: Bulk read failed with error: [TxRxResult] Port is in use!
2024-10-29 17:52:53,602 ERROR: Bulk read failed with error: [TxRxResult] Port is in use!
2024-10-29 17:52:53,603 ERROR: Bulk read failed with error: [TxRxResult] Port is in use!
2024-10-29 17:52:53,605 ERROR: Bulk read failed with error: [TxRxResult] Port is in use!
2024-10-29 17:52:53,605 ERROR: Error retrieving motor data: 'NoneType' object has no attribute 'keys'
2024-10-29 17:52:53,611 ERROR: Bulk read failed with error: [TxRxResult] Port is in use!
2024-10-29 17:52:53,626 ERROR: Bulk read failed with error: [TxRxResult] Port is in use!
2024-10-29 17:52:53,637 ERROR: Bulk read failed with error: [TxRxResult] Port is in use!
2024-10-29 17:52:53,648 ERROR: Bulk read failed with error: [TxRxResult] Port is in use!
2024-10-29 17:52:53,660 ERROR: Bulk read failed with error: [TxRxResult] Port is in use!
2024-10-29 17:52:53,662 ERROR: Bulk read failed with error: [TxRxResult] Port is in use!
2024-10-29 17:52:53,662 ERROR: Bulk read failed with error: [TxRxResult] Port is in use!
2024-10-29 17:52:53,663 ERROR: Bulk read failed with error: [TxRxResult] Port is in use!
2024-10-29 17:52:53,663 ERROR: Bulk read failed with error: [TxRxResult] Port is in use!
2024-10-29 17:52:53,664 ERROR: Error retrieving motor data: 'NoneType' object has no attribute 'keys'
2024-10-29 17:52:53,671 ERROR: Bulk read failed with error: [TxRxResult] Port is in use!
2024-10-29 17:52:53,682 ERROR: Bulk read failed with error: [TxRxResult] Port is in use!
2024-10-29 17:52:53,694 ERROR: Bulk read failed with error: [TxRxResult] Port is in use!
2024-10-29 17:52:53,707 ERROR: Bulk read failed with error: [TxRxResult] Port is in use!
2024-10-29 17:52:53,719 ERROR: Bulk read failed with error: [TxRxResult] Port is in use!
2024-10-29 17:52:53,722 ERROR: Bulk read failed with error: [TxRxResult] Port is in use!
2024-10-29 17:52:53,724 ERROR: Bulk read failed with error: [TxRxResult] Port is in use!
2024-10-29 17:52:53,726 ERROR: Bulk read failed with error: [TxRxResult] Port is in use!
2024-10-29 17:52:53,727 ERROR: Error retrieving motor data: 'NoneType' object has no attribute 'keys'
2024-10-29 17:52:53,731 ERROR: Bulk read failed with error: [TxRxResult] Port is in use!
2024-10-29 17:52:53,743 ERROR: Bulk read failed with error: [TxRxResult] Port is in use!
2024-10-29 17:52:53,753 ERROR: Bulk read failed with error: [TxRxResult] Port is in use!
2024-10-29 17:52:53,764 ERROR: Bulk read failed with error: [TxRxResult] Port is in use!
2024-10-29 17:52:53,776 ERROR: Bulk read failed with error: [TxRxResult] Port is in use!
2024-10-29 17:52:53,782 ERROR: Bulk read failed with error: [TxRxResult] Port is in use!
2024-10-29 17:52:53,783 ERROR: Bulk read failed with error: [TxRxResult] Port is in use!
2024-10-29 17:52:53,784 ERROR: Bulk read failed with error: [TxRxResult] Port is in use!
2024-10-29 17:52:53,787 ERROR: Bulk read failed with error: [TxRxResult] Port is in use!
2024-10-29 17:52:53,788 ERROR: Error retrieving motor data: 'NoneType' object has no attribute 'keys'
2024-10-29 17:52:53,793 ERROR: Bulk read failed with error: [TxRxResult] Port is in use!
2024-10-29 17:52:53,806 ERROR: Bulk read failed with error: [TxRxResult] Port is in use!
2024-10-29 17:52:53,823 ERROR: Bulk read failed with error: [TxRxResult] Port is in use!
2024-10-29 17:52:53,834 ERROR: Bulk read failed with error: [TxRxResult] Port is in use!
2024-10-29 17:52:53,845 ERROR: Bulk read failed with error: [TxRxResult] Port is in use!
2024-10-29 17:52:53,846 ERROR: Bulk read failed with error: [TxRxResult] Port is in use!
2024-10-29 17:52:53,846 ERROR: Bulk read failed with error: [TxRxResult] Port is in use!
2024-10-29 17:52:53,847 ERROR: Bulk read failed with error: [TxRxResult] Port is in use!
2024-10-29 17:52:53,847 ERROR: Error retrieving motor data: 'NoneType' object has no attribute 'keys'
2024-10-29 17:52:53,851 ERROR: Bulk read failed with error: [TxRxResult] Port is in use!
2024-10-29 17:52:53,863 ERROR: Bulk read failed with error: [TxRxResult] Port is in use!
2024-10-29 17:52:53,874 ERROR: Bulk read failed with error: [TxRxResult] Port is in use!
2024-10-29 17:52:53,887 ERROR: Bulk read failed with error: [TxRxResult] Port is in use!
2024-10-29 17:52:53,899 ERROR: Bulk read failed with error: [TxRxResult] Port is in use!
2024-10-29 17:52:53,902 ERROR: Bulk read failed with error: [TxRxResult] Port is in use!
2024-10-29 17:52:53,904 ERROR: Bulk read failed with error: [TxRxResult] Port is in use!
2024-10-29 17:52:53,907 ERROR: Bulk read failed with error: [TxRxResult] Port is in use!
2024-10-29 17:52:53,907 ERROR: Bulk read failed with error: [TxRxResult] Port is in use!
2024-10-29 17:52:53,908 ERROR: Error retrieving motor data: 'NoneType' object has no attribute 'keys'
2024-10-29 17:52:53,912 ERROR: Bulk read failed with error: [TxRxResult] Port is in use!
2024-10-29 17:52:53,923 ERROR: Bulk read failed with error: [TxRxResult] Port is in use!
2024-10-29 17:52:53,935 ERROR: Bulk read failed with error: [TxRxResult] Port is in use!
2024-10-29 17:52:53,946 ERROR: Bulk read failed with error: [TxRxResult] Port is in use!
2024-10-29 17:52:53,956 ERROR: Bulk read failed with error: [TxRxResult] Port is in use!
2024-10-29 17:52:53,963 ERROR: Bulk read failed with error: [TxRxResult] Port is in use!
2024-10-29 17:52:53,964 ERROR: Bulk read failed with error: [TxRxResult] Port is in use!
2024-10-29 17:52:53,966 ERROR: Bulk read failed with error: [TxRxResult] Port is in use!
2024-10-29 17:52:53,967 ERROR: Bulk read failed with error: [TxRxResult] Port is in use!
2024-10-29 17:52:53,968 ERROR: Error retrieving motor data: 'NoneType' object has no attribute 'keys'
2024-10-29 17:52:53,974 ERROR: Bulk read failed with error: [TxRxResult] Port is in use!
2024-10-29 17:52:53,987 ERROR: Bulk read failed with error: [TxRxResult] Port is in use!
2024-10-29 17:52:53,999 ERROR: Bulk read failed with error: [TxRxResult] Port is in use!
2024-10-29 17:52:54,010 ERROR: Bulk read failed with error: [TxRxResult] Port is in use!
2024-10-29 17:52:54,021 ERROR: Bulk read failed with error: [TxRxResult] Port is in use!
2024-10-29 17:52:54,024 ERROR: Bulk read failed with error: [TxRxResult] Port is in use!
2024-10-29 17:52:54,025 ERROR: Bulk read failed with error: [TxRxResult] Port is in use!
2024-10-29 17:52:54,025 ERROR: Bulk read failed with error: [TxRxResult] Port is in use!
2024-10-29 17:52:54,026 ERROR: Bulk read failed with error: [TxRxResult] Port is in use!
2024-10-29 17:52:54,027 ERROR: Error retrieving motor data: 'NoneType' object has no attribute 'keys'
2024-10-29 17:52:54,032 ERROR: Bulk read failed with error: [TxRxResult] Port is in use!
2024-10-29 17:52:54,043 ERROR: Bulk read failed with error: [TxRxResult] Port is in use!
2024-10-29 17:52:54,056 ERROR: Bulk read failed with error: [TxRxResult] Port is in use!
2024-10-29 17:52:54,068 ERROR: Bulk read failed with error: [TxRxResult] Port is in use!
2024-10-29 17:52:54,080 ERROR: Bulk read failed with error: [TxRxResult] Port is in use!
2024-10-29 17:52:54,083 ERROR: Bulk read failed with error: [TxRxResult] Port is in use!
2024-10-29 17:52:54,085 ERROR: Bulk read failed with error: [TxRxResult] Port is in use!
2024-10-29 17:52:54,086 ERROR: Bulk read failed with error: [TxRxResult] Port is in use!
2024-10-29 17:52:54,087 ERROR: Bulk read failed with error: [TxRxResult] Port is in use!
2024-10-29 17:52:54,089 ERROR: Error retrieving motor data: 'NoneType' object has no attribute 'keys'
2024-10-29 17:52:54,094 ERROR: Bulk read failed with error: [TxRxResult] Port is in use!
2024-10-29 17:52:54,105 ERROR: Bulk read failed with error: [TxRxResult] Port is in use!
2024-10-29 17:52:54,116 ERROR: Bulk read failed with error: [TxRxResult] Port is in use!
2024-10-29 17:52:54,128 ERROR: Bulk read failed with error: [TxRxResult] Port is in use!
2024-10-29 17:52:54,139 ERROR: Bulk read failed with error: [TxRxResult] Port is in use!
2024-10-29 17:52:54,144 ERROR: Bulk read failed with error: [TxRxResult] Port is in use!
2024-10-29 17:52:54,147 ERROR: Bulk read failed with error: [TxRxResult] Port is in use!
2024-10-29 17:52:54,148 ERROR: Bulk read failed with error: [TxRxResult] Port is in use!
2024-10-29 17:52:54,150 ERROR: Bulk read failed with error: [TxRxResult] Port is in use!
2024-10-29 17:52:54,151 ERROR: Error retrieving motor data: 'NoneType' object has no attribute 'keys'
2024-10-29 17:52:54,155 ERROR: Bulk read failed with error: [TxRxResult] Port is in use!
2024-10-29 17:52:54,167 ERROR: Bulk read failed with error: [TxRxResult] Port is in use!
2024-10-29 17:52:54,184 ERROR: Bulk read failed with error: [TxRxResult] Port is in use!
2024-10-29 17:52:54,195 ERROR: Bulk read failed with error: [TxRxResult] Port is in use!
2024-10-29 17:52:54,206 ERROR: Bulk read failed with error: [TxRxResult] Port is in use!
2024-10-29 17:52:54,207 ERROR: Bulk read failed with error: [TxRxResult] Port is in use!
2024-10-29 17:52:54,208 ERROR: Bulk read failed with error: [TxRxResult] Port is in use!
2024-10-29 17:52:54,208 ERROR: Bulk read failed with error: [TxRxResult] Port is in use!
2024-10-29 17:52:54,209 ERROR: Error retrieving motor data: 'NoneType' object has no attribute 'keys'
2024-10-29 17:52:54,212 ERROR: Bulk read failed with error: [TxRxResult] Port is in use!
2024-10-29 17:52:54,224 ERROR: Bulk read failed with error: [TxRxResult] Port is in use!
2024-10-29 17:52:54,235 ERROR: Bulk read failed with error: [TxRxResult] Port is in use!
2024-10-29 17:52:54,247 ERROR: Bulk read failed with error: [TxRxResult] Port is in use!
2024-10-29 17:52:54,260 ERROR: Bulk read failed with error: [TxRxResult] Port is in use!
2024-10-29 17:52:54,263 ERROR: Bulk read failed with error: [TxRxResult] Port is in use!
2024-10-29 17:52:54,265 ERROR: Bulk read failed with error: [TxRxResult] Port is in use!
2024-10-29 17:52:54,268 ERROR: Bulk read failed with error: [TxRxResult] Port is in use!
2024-10-29 17:52:54,271 ERROR: Bulk read failed with error: [TxRxResult] Port is in use!
2024-10-29 17:52:54,273 ERROR: Error retrieving motor data: 'NoneType' object has no attribute 'keys'
2024-10-29 17:52:54,278 ERROR: Bulk read failed with error: [TxRxResult] Port is in use!
2024-10-29 17:52:54,290 ERROR: Bulk read failed with error: [TxRxResult] Port is in use!
2024-10-29 17:52:54,301 ERROR: Bulk read failed with error: [TxRxResult] Port is in use!
2024-10-29 17:52:54,312 ERROR: Bulk read failed with error: [TxRxResult] Port is in use!
2024-10-29 17:52:54,323 ERROR: Bulk read failed with error: [TxRxResult] Port is in use!
2024-10-29 17:52:54,329 ERROR: Bulk read failed with error: [TxRxResult] Port is in use!
2024-10-29 17:52:54,330 ERROR: Bulk read failed with error: [TxRxResult] Port is in use!
2024-10-29 17:52:54,331 ERROR: Bulk read failed with error: [TxRxResult] Port is in use!
2024-10-29 17:52:54,332 ERROR: Bulk read failed with error: [TxRxResult] Port is in use!
2024-10-29 17:52:54,335 ERROR: Error retrieving motor data: 'NoneType' object has no attribute 'keys'
2024-10-29 17:52:54,341 ERROR: Bulk read failed with error: [TxRxResult] Port is in use!
2024-10-29 17:52:54,354 ERROR: Bulk read failed with error: [TxRxResult] Port is in use!
2024-10-29 17:52:54,371 ERROR: Bulk read failed with error: [TxRxResult] Port is in use!
2024-10-29 17:52:54,382 ERROR: Bulk read failed with error: [TxRxResult] Port is in use!
2024-10-29 17:52:54,393 ERROR: Bulk read failed with error: [TxRxResult] Port is in use!
2024-10-29 17:52:54,394 ERROR: Bulk read failed with error: [TxRxResult] Port is in use!
2024-10-29 17:52:54,394 ERROR: Bulk read failed with error: [TxRxResult] Port is in use!
2024-10-29 17:52:54,395 ERROR: Bulk read failed with error: [TxRxResult] Port is in use!
2024-10-29 17:52:54,396 ERROR: Error retrieving motor data: 'NoneType' object has no attribute 'keys'
2024-10-29 17:52:54,399 ERROR: Bulk read failed with error: [TxRxResult] Port is in use!
2024-10-29 17:52:54,411 ERROR: Bulk read failed with error: [TxRxResult] Port is in use!
2024-10-29 17:52:54,422 ERROR: Bulk read failed with error: [TxRxResult] Port is in use!
2024-10-29 17:52:54,433 ERROR: Bulk read failed with error: [TxRxResult] Port is in use!
2024-10-29 17:52:54,447 ERROR: Bulk read failed with error: [TxRxResult] Port is in use!
2024-10-29 17:52:54,454 ERROR: Bulk read failed with error: [TxRxResult] Port is in use!
2024-10-29 17:52:54,457 ERROR: Bulk read failed with error: [TxRxResult] Port is in use!
2024-10-29 17:52:54,459 ERROR: Bulk read failed with error: [TxRxResult] Port is in use!
2024-10-29 17:52:54,460 ERROR: Bulk read failed with error: [TxRxResult] Port is in use!
2024-10-29 17:52:54,462 ERROR: Error retrieving motor data: 'NoneType' object has no attribute 'keys'
2024-10-29 17:52:54,468 ERROR: Bulk read failed with error: [TxRxResult] Port is in use!
2024-10-29 17:52:54,479 ERROR: Bulk read failed with error: [TxRxResult] Port is in use!
2024-10-29 17:52:54,491 ERROR: Bulk read failed with error: [TxRxResult] Port is in use!
2024-10-29 17:52:54,502 ERROR: Bulk read failed with error: [TxRxResult] Port is in use!
2024-10-29 17:52:54,514 ERROR: Bulk read failed with error: [TxRxResult] Port is in use!
2024-10-29 17:52:54,519 ERROR: Bulk read failed with error: [TxRxResult] Port is in use!
2024-10-29 17:52:54,520 ERROR: Bulk read failed with error: [TxRxResult] Port is in use!
2024-10-29 17:52:54,521 ERROR: Bulk read failed with error: [TxRxResult] Port is in use!
2024-10-29 17:52:54,522 ERROR: Bulk read failed with error: [TxRxResult] Port is in use!
2024-10-29 17:52:54,523 ERROR: Error retrieving motor data: 'NoneType' object has no attribute 'keys'
2024-10-29 17:52:54,530 ERROR: Bulk read failed with error: [TxRxResult] Port is in use!
2024-10-29 17:52:54,545 ERROR: Bulk read failed with error: [TxRxResult] Port is in use!
2024-10-29 17:52:54,559 ERROR: Bulk read failed with error: [TxRxResult] Port is in use!
2024-10-29 17:52:54,570 ERROR: Bulk read failed with error: [TxRxResult] Port is in use!
2024-10-29 17:52:54,581 ERROR: Bulk read failed with error: [TxRxResult] Port is in use!
2024-10-29 17:52:54,582 ERROR: Bulk read failed with error: [TxRxResult] Port is in use!
2024-10-29 17:52:54,582 ERROR: Bulk read failed with error: [TxRxResult] Port is in use!
2024-10-29 17:52:54,583 ERROR: Bulk read failed with error: [TxRxResult] Port is in use!
2024-10-29 17:52:54,583 ERROR: Error retrieving motor data: 'NoneType' object has no attribute 'keys'
2024-10-29 17:52:54,588 ERROR: Bulk read failed with error: [TxRxResult] Port is in use!
2024-10-29 17:52:54,601 ERROR: Bulk read failed with error: [TxRxResult] Port is in use!
2024-10-29 17:52:54,613 ERROR: Bulk read failed with error: [TxRxResult] Port is in use!
2024-10-29 17:52:54,625 ERROR: Bulk read failed with error: [TxRxResult] Port is in use!
2024-10-29 17:52:54,638 ERROR: Bulk read failed with error: [TxRxResult] Port is in use!
2024-10-29 17:52:54,641 ERROR: Bulk read failed with error: [TxRxResult] Port is in use!
2024-10-29 17:52:54,643 ERROR: Bulk read failed with error: [TxRxResult] Port is in use!
2024-10-29 17:52:54,644 ERROR: Bulk read failed with error: [TxRxResult] Port is in use!
2024-10-29 17:52:54,645 ERROR: Bulk read failed with error: [TxRxResult] Port is in use!
2024-10-29 17:52:54,646 ERROR: Error retrieving motor data: 'NoneType' object has no attribute 'keys'
2024-10-29 17:52:54,652 ERROR: Bulk read failed with error: [TxRxResult] Port is in use!
2024-10-29 17:52:54,663 ERROR: Bulk read failed with error: [TxRxResult] Port is in use!
2024-10-29 17:52:54,675 ERROR: Bulk read failed with error: [TxRxResult] Port is in use!
2024-10-29 17:52:54,686 ERROR: Bulk read failed with error: [TxRxResult] Port is in use!
2024-10-29 17:52:54,698 ERROR: Bulk read failed with error: [TxRxResult] Port is in use!
2024-10-29 17:52:54,701 ERROR: Bulk read failed with error: [TxRxResult] Port is in use!
2024-10-29 17:52:54,703 ERROR: Bulk read failed with error: [TxRxResult] Port is in use!
2024-10-29 17:52:54,705 ERROR: Bulk read failed with error: [TxRxResult] Port is in use!
2024-10-29 17:52:54,708 ERROR: Bulk read failed with error: [TxRxResult] Port is in use!
2024-10-29 17:52:54,709 ERROR: Error retrieving motor data: 'NoneType' object has no attribute 'keys'
2024-10-29 17:52:54,716 ERROR: Bulk read failed with error: [TxRxResult] Port is in use!
2024-10-29 17:52:54,735 ERROR: Bulk read failed with error: [TxRxResult] Port is in use!
2024-10-29 17:52:54,750 ERROR: Bulk read failed with error: [TxRxResult] Port is in use!
2024-10-29 17:52:54,761 ERROR: Bulk read failed with error: [TxRxResult] Port is in use!
2024-10-29 17:52:54,767 ERROR: Bulk read failed with error: [TxRxResult] Port is in use!
2024-10-29 17:52:54,768 ERROR: Bulk read failed with error: [TxRxResult] Port is in use!
2024-10-29 17:52:54,769 ERROR: Bulk read failed with error: [TxRxResult] Port is in use!
2024-10-29 17:52:54,769 ERROR: Bulk read failed with error: [TxRxResult] Port is in use!
2024-10-29 17:52:54,769 ERROR: Error retrieving motor data: 'NoneType' object has no attribute 'keys'
2024-10-29 17:52:54,776 ERROR: Bulk read failed with error: [TxRxResult] Port is in use!
2024-10-29 17:52:54,790 ERROR: Bulk read failed with error: [TxRxResult] Port is in use!
2024-10-29 17:52:54,803 ERROR: Bulk read failed with error: [TxRxResult] Port is in use!
2024-10-29 17:52:54,816 ERROR: Bulk read failed with error: [TxRxResult] Port is in use!
2024-10-29 17:52:54,828 ERROR: Bulk read failed with error: [TxRxResult] Port is in use!
2024-10-29 17:52:54,835 ERROR: Bulk read failed with error: [TxRxResult] Port is in use!
2024-10-29 17:52:54,836 ERROR: Bulk read failed with error: [TxRxResult] Port is in use!
2024-10-29 17:52:54,837 ERROR: Bulk read failed with error: [TxRxResult] Port is in use!
2024-10-29 17:52:54,839 ERROR: Error retrieving motor data: 'NoneType' object has no attribute 'keys'
2024-10-29 17:52:54,848 ERROR: Bulk read failed with error: [TxRxResult] Port is in use!
2024-10-29 17:52:54,860 ERROR: Bulk read failed with error: [TxRxResult] Port is in use!
2024-10-29 17:52:54,872 ERROR: Bulk read failed with error: [TxRxResult] Port is in use!
2024-10-29 17:52:54,883 ERROR: Bulk read failed with error: [TxRxResult] Port is in use!
2024-10-29 17:52:54,895 ERROR: Bulk read failed with error: [TxRxResult] Port is in use!
2024-10-29 17:52:54,898 ERROR: Bulk read failed with error: [TxRxResult] Port is in use!
2024-10-29 17:52:54,900 ERROR: Bulk read failed with error: [TxRxResult] Port is in use!
2024-10-29 17:52:54,902 ERROR: Bulk read failed with error: [TxRxResult] Port is in use!
2024-10-29 17:52:54,904 ERROR: Bulk read failed with error: [TxRxResult] Port is in use!
2024-10-29 17:52:54,906 ERROR: Error retrieving motor data: 'NoneType' object has no attribute 'keys'
2024-10-29 17:52:54,913 ERROR: Bulk read failed with error: [TxRxResult] Port is in use!
2024-10-29 17:52:54,930 ERROR: Bulk read failed with error: [TxRxResult] Port is in use!
2024-10-29 17:52:54,942 ERROR: Bulk read failed with error: [TxRxResult] Port is in use!
2024-10-29 17:52:54,953 ERROR: Bulk read failed with error: [TxRxResult] Port is in use!
2024-10-29 17:52:54,964 ERROR: Bulk read failed with error: [TxRxResult] Port is in use!
2024-10-29 17:52:54,965 ERROR: Bulk read failed with error: [TxRxResult] Port is in use!
2024-10-29 17:52:54,966 ERROR: Bulk read failed with error: [TxRxResult] Port is in use!
2024-10-29 17:52:54,967 ERROR: Bulk read failed with error: [TxRxResult] Port is in use!
2024-10-29 17:52:54,967 ERROR: Error retrieving motor data: 'NoneType' object has no attribute 'keys'
2024-10-29 17:52:54,974 ERROR: Bulk read failed with error: [TxRxResult] Port is in use!
2024-10-29 17:52:54,988 ERROR: Bulk read failed with error: [TxRxResult] Port is in use!
2024-10-29 17:52:55,000 ERROR: Bulk read failed with error: [TxRxResult] Port is in use!
2024-10-29 17:52:55,026 ERROR: Bulk read failed with error: [TxRxResult] Port is in use!
2024-10-29 17:52:55,029 ERROR: Bulk read failed with error: [TxRxResult] Port is in use!
2024-10-29 17:52:55,031 ERROR: Bulk read failed with error: [TxRxResult] Port is in use!
2024-10-29 17:52:55,034 ERROR: Bulk read failed with error: [TxRxResult] Port is in use!
2024-10-29 17:52:55,036 ERROR: Bulk read failed with error: [TxRxResult] Port is in use!
2024-10-29 17:52:55,036 ERROR: Error retrieving motor data: 'NoneType' object has no attribute 'keys'
2024-10-29 17:52:55,043 ERROR: Bulk read failed with error: [TxRxResult] Port is in use!
2024-10-29 17:52:55,056 ERROR: Bulk read failed with error: [TxRxResult] Port is in use!
2024-10-29 17:52:55,067 ERROR: Bulk read failed with error: [TxRxResult] Port is in use!
2024-10-29 17:52:55,079 ERROR: Bulk read failed with error: [TxRxResult] Port is in use!
2024-10-29 17:52:55,093 ERROR: Bulk read failed with error: [TxRxResult] Port is in use!
2024-10-29 17:52:55,096 ERROR: Bulk read failed with error: [TxRxResult] Port is in use!
2024-10-29 17:52:55,097 ERROR: Bulk read failed with error: [TxRxResult] Port is in use!
2024-10-29 17:52:55,099 ERROR: Bulk read failed with error: [TxRxResult] Port is in use!
2024-10-29 17:52:55,101 ERROR: Bulk read failed with error: [TxRxResult] Port is in use!
2024-10-29 17:52:55,102 ERROR: Error retrieving motor data: 'NoneType' object has no attribute 'keys'
2024-10-29 17:52:55,109 ERROR: Bulk read failed with error: [TxRxResult] Port is in use!
2024-10-29 17:52:55,122 ERROR: Bulk read failed with error: [TxRxResult] Port is in use!
2024-10-29 17:52:55,137 ERROR: Bulk read failed with error: [TxRxResult] Port is in use!
2024-10-29 17:52:55,148 ERROR: Bulk read failed with error: [TxRxResult] Port is in use!
2024-10-29 17:52:55,159 ERROR: Bulk read failed with error: [TxRxResult] Port is in use!
2024-10-29 17:52:55,160 ERROR: Bulk read failed with error: [TxRxResult] Port is in use!
2024-10-29 17:52:55,162 ERROR: Bulk read failed with error: [TxRxResult] Port is in use!
2024-10-29 17:52:55,163 ERROR: Bulk read failed with error: [TxRxResult] Port is in use!
2024-10-29 17:52:55,163 ERROR: Error retrieving motor data: 'NoneType' object has no attribute 'keys'
2024-10-29 17:52:55,170 ERROR: Bulk read failed with error: [TxRxResult] Port is in use!
2024-10-29 17:52:55,183 ERROR: Bulk read failed with error: [TxRxResult] Port is in use!
2024-10-29 17:52:55,196 ERROR: Bulk read failed with error: [TxRxResult] Port is in use!
2024-10-29 17:52:55,219 ERROR: Bulk read failed with error: [TxRxResult] Port is in use!
2024-10-29 17:52:55,221 ERROR: Bulk read failed with error: [TxRxResult] Port is in use!
2024-10-29 17:52:55,225 ERROR: Bulk read failed with error: [TxRxResult] Port is in use!
2024-10-29 17:52:55,228 ERROR: Bulk read failed with error: [TxRxResult] Port is in use!
2024-10-29 17:52:55,229 ERROR: Bulk read failed with error: [TxRxResult] Port is in use!
2024-10-29 17:52:55,230 ERROR: Error retrieving motor data: 'NoneType' object has no attribute 'keys'
2024-10-29 17:52:55,236 ERROR: Bulk read failed with error: [TxRxResult] Port is in use!
2024-10-29 17:52:55,248 ERROR: Bulk read failed with error: [TxRxResult] Port is in use!
2024-10-29 17:52:55,260 ERROR: Bulk read failed with error: [TxRxResult] Port is in use!
2024-10-29 17:52:55,271 ERROR: Bulk read failed with error: [TxRxResult] Port is in use!
2024-10-29 17:52:55,285 ERROR: Bulk read failed with error: [TxRxResult] Port is in use!
2024-10-29 17:52:55,287 ERROR: Bulk read failed with error: [TxRxResult] Port is in use!
2024-10-29 17:52:55,289 ERROR: Bulk read failed with error: [TxRxResult] Port is in use!
2024-10-29 17:52:55,291 ERROR: Bulk read failed with error: [TxRxResult] Port is in use!
2024-10-29 17:52:55,292 ERROR: Bulk read failed with error: [TxRxResult] Port is in use!
2024-10-29 17:52:55,295 ERROR: Error retrieving motor data: 'NoneType' object has no attribute 'keys'
2024-10-29 17:52:55,310 ERROR: Bulk read failed with error: [TxRxResult] Port is in use!
2024-10-29 17:52:55,328 ERROR: Bulk read failed with error: [TxRxResult] Port is in use!
2024-10-29 17:52:55,339 ERROR: Bulk read failed with error: [TxRxResult] Port is in use!
2024-10-29 17:52:55,351 ERROR: Bulk read failed with error: [TxRxResult] Port is in use!
2024-10-29 17:52:55,360 ERROR: Bulk read failed with error: [TxRxResult] Port is in use!
2024-10-29 17:52:55,361 ERROR: Bulk read failed with error: [TxRxResult] Port is in use!
2024-10-29 17:52:55,362 ERROR: Bulk read failed with error: [TxRxResult] Port is in use!
2024-10-29 17:52:55,363 ERROR: Bulk read failed with error: [TxRxResult] Port is in use!
2024-10-29 17:52:55,364 ERROR: Error retrieving motor data: 'NoneType' object has no attribute 'keys'
2024-10-29 17:52:55,370 ERROR: Bulk read failed with error: [TxRxResult] Port is in use!
2024-10-29 17:52:55,384 ERROR: Bulk read failed with error: [TxRxResult] Port is in use!
2024-10-29 17:52:55,396 ERROR: Bulk read failed with error: [TxRxResult] Port is in use!
2024-10-29 17:52:55,412 ERROR: Bulk read failed with error: [TxRxResult] Port is in use!
2024-10-29 17:52:55,421 ERROR: Bulk read failed with error: [TxRxResult] Port is in use!
2024-10-29 17:52:55,423 ERROR: Bulk read failed with error: [TxRxResult] Port is in use!
2024-10-29 17:52:55,423 ERROR: Bulk read failed with error: [TxRxResult] Port is in use!
2024-10-29 17:52:55,424 ERROR: Bulk read failed with error: [TxRxResult] Port is in use!
2024-10-29 17:52:55,425 ERROR: Error retrieving motor data: 'NoneType' object has no attribute 'keys'
2024-10-29 17:52:55,432 ERROR: Bulk read failed with error: [TxRxResult] Port is in use!
2024-10-29 17:52:55,444 ERROR: Bulk read failed with error: [TxRxResult] Port is in use!
2024-10-29 17:52:55,455 ERROR: Bulk read failed with error: [TxRxResult] Port is in use!
2024-10-29 17:52:55,468 ERROR: Bulk read failed with error: [TxRxResult] Port is in use!
2024-10-29 17:52:55,479 ERROR: Bulk read failed with error: [TxRxResult] Port is in use!
2024-10-29 17:52:55,482 ERROR: Bulk read failed with error: [TxRxResult] Port is in use!
2024-10-29 17:52:55,483 ERROR: Bulk read failed with error: [TxRxResult] Port is in use!
2024-10-29 17:52:55,484 ERROR: Bulk read failed with error: [TxRxResult] Port is in use!
2024-10-29 17:52:55,487 ERROR: Bulk read failed with error: [TxRxResult] Port is in use!
2024-10-29 17:52:55,490 ERROR: Error retrieving motor data: 'NoneType' object has no attribute 'keys'
2024-10-29 17:52:55,495 ERROR: Bulk read failed with error: [TxRxResult] Port is in use!
2024-10-29 17:52:55,507 ERROR: Bulk read failed with error: [TxRxResult] Port is in use!
2024-10-29 17:52:55,520 ERROR: Bulk read failed with error: [TxRxResult] Port is in use!
2024-10-29 17:52:55,531 ERROR: Bulk read failed with error: [TxRxResult] Port is in use!
2024-10-29 17:52:55,542 ERROR: Bulk read failed with error: [TxRxResult] Port is in use!
2024-10-29 17:52:55,545 ERROR: Bulk read failed with error: [TxRxResult] Port is in use!
2024-10-29 17:52:55,546 ERROR: Bulk read failed with error: [TxRxResult] Port is in use!
2024-10-29 17:52:55,547 ERROR: Bulk read failed with error: [TxRxResult] Port is in use!
2024-10-29 17:52:55,547 ERROR: Bulk read failed with error: [TxRxResult] Port is in use!
2024-10-29 17:52:55,548 ERROR: Error retrieving motor data: 'NoneType' object has no attribute 'keys'
2024-10-29 17:52:55,554 ERROR: Bulk read failed with error: [TxRxResult] Port is in use!
2024-10-29 17:52:55,565 ERROR: Bulk read failed with error: [TxRxResult] Port is in use!
2024-10-29 17:52:55,577 ERROR: Bulk read failed with error: [TxRxResult] Port is in use!
2024-10-29 17:52:55,588 ERROR: Bulk read failed with error: [TxRxResult] Port is in use!
2024-10-29 17:52:55,599 ERROR: Bulk read failed with error: [TxRxResult] Port is in use!
2024-10-29 17:52:55,602 ERROR: Bulk read failed with error: [TxRxResult] Port is in use!
2024-10-29 17:52:55,604 ERROR: Bulk read failed with error: [TxRxResult] Port is in use!
2024-10-29 17:52:55,604 ERROR: Bulk read failed with error: [TxRxResult] Port is in use!
2024-10-29 17:52:55,605 ERROR: Bulk read failed with error: [TxRxResult] Port is in use!
2024-10-29 17:52:55,605 ERROR: Error retrieving motor data: 'NoneType' object has no attribute 'keys'
2024-10-29 17:52:55,611 ERROR: Bulk read failed with error: [TxRxResult] Port is in use!
2024-10-29 17:52:55,623 ERROR: Bulk read failed with error: [TxRxResult] Port is in use!
2024-10-29 17:52:55,634 ERROR: Bulk read failed with error: [TxRxResult] Port is in use!
2024-10-29 17:52:55,645 ERROR: Bulk read failed with error: [TxRxResult] Port is in use!
2024-10-29 17:52:55,656 ERROR: Bulk read failed with error: [TxRxResult] Port is in use!
2024-10-29 17:52:55,661 ERROR: Bulk read failed with error: [TxRxResult] Port is in use!
2024-10-29 17:52:55,662 ERROR: Bulk read failed with error: [TxRxResult] Port is in use!
2024-10-29 17:52:55,663 ERROR: Bulk read failed with error: [TxRxResult] Port is in use!
2024-10-29 17:52:55,665 ERROR: Bulk read failed with error: [TxRxResult] Port is in use!
2024-10-29 17:52:55,666 ERROR: Error retrieving motor data: 'NoneType' object has no attribute 'keys'
2024-10-29 17:52:55,671 ERROR: Bulk read failed with error: [TxRxResult] Port is in use!
2024-10-29 17:52:55,684 ERROR: Bulk read failed with error: [TxRxResult] Port is in use!
2024-10-29 17:52:55,698 ERROR: Bulk read failed with error: [TxRxResult] Port is in use!
2024-10-29 17:52:55,709 ERROR: Bulk read failed with error: [TxRxResult] Port is in use!
2024-10-29 17:52:55,720 ERROR: Bulk read failed with error: [TxRxResult] Port is in use!
2024-10-29 17:52:55,722 ERROR: Bulk read failed with error: [TxRxResult] Port is in use!
2024-10-29 17:52:55,723 ERROR: Bulk read failed with error: [TxRxResult] Port is in use!
2024-10-29 17:52:55,723 ERROR: Bulk read failed with error: [TxRxResult] Port is in use!
2024-10-29 17:52:55,724 ERROR: Bulk read failed with error: [TxRxResult] Port is in use!
2024-10-29 17:52:55,725 ERROR: Error retrieving motor data: 'NoneType' object has no attribute 'keys'
2024-10-29 17:52:55,732 ERROR: Bulk read failed with error: [TxRxResult] Port is in use!
2024-10-29 17:52:55,743 ERROR: Bulk read failed with error: [TxRxResult] Port is in use!
2024-10-29 17:52:55,754 ERROR: Bulk read failed with error: [TxRxResult] Port is in use!
2024-10-29 17:52:55,766 ERROR: Bulk read failed with error: [TxRxResult] Port is in use!
2024-10-29 17:52:55,780 INFO: Setting operating mode 'multi_turn' for group 'Wheg_Group'
2024-10-29 17:52:55,781 ERROR: Bulk read failed with error: [TxRxResult] Port is in use!
2024-10-29 17:52:55,783 INFO: Disabling torque for group Wheg_Group
2024-10-29 17:52:55,784 ERROR: Bulk read failed with error: [TxRxResult] Port is in use!
2024-10-29 17:52:55,788 ERROR: Bulk read failed with error: [TxRxResult] Port is in use!
2024-10-29 17:52:55,789 INFO: Enabling torque for group Wheg_Group
2024-10-29 17:52:55,789 ERROR: Bulk read failed with error: [TxRxResult] Port is in use!
2024-10-29 17:52:55,790 ERROR: Bulk read failed with error: [TxRxResult] Port is in use!
2024-10-29 17:52:55,790 INFO: Setting the profile velocity for group Wheg_Group from config.yaml: 10
2024-10-29 17:52:55,791 ERROR: Error retrieving motor data: 'NoneType' object has no attribute 'keys'
2024-10-29 17:52:55,792 INFO: Profile velocities set for group Wheg_Group: {1: 43.7, 2: 43.7, 3: 43.7, 4: 43.7, 5: 43.7, 6: 43.7}
2024-10-29 17:52:55,797 ERROR: Bulk read failed with error: [TxRxResult] Port is in use!
2024-10-29 17:52:55,799 INFO: Setting the profile velocity for group Wheg_Group from config.yaml: 10
2024-10-29 17:52:55,802 INFO: Profile velocities set for group Wheg_Group: {1: 43.7, 2: 43.7, 3: 43.7, 4: 43.7, 5: 43.7, 6: 43.7}
2024-10-29 17:52:55,802 INFO: New gait 1 is now active.
2024-10-29 17:52:55,811 ERROR: Bulk read failed with error: [TxRxResult] Port is in use!
2024-10-29 17:52:55,823 ERROR: Bulk read failed with error: [TxRxResult] Port is in use!
2024-10-29 17:52:55,848 ERROR: Bulk read failed with error: [TxRxResult] Port is in use!
2024-10-29 17:52:55,848 ERROR: Bulk read failed with error: [TxRxResult] There is no status packet!
2024-10-29 17:52:55,849 ERROR: Bulk read failed with error: [TxRxResult] Port is in use!
2024-10-29 17:52:55,850 ERROR: Bulk read failed with error: [TxRxResult] Port is in use!
2024-10-29 17:52:55,852 ERROR: Bulk read failed with error: [TxRxResult] Port is in use!
2024-10-29 17:52:55,853 ERROR: Bulk read failed with error: [TxRxResult] Port is in use!
2024-10-29 17:52:55,854 ERROR: Error retrieving motor data: 'NoneType' object has no attribute 'keys'
2024-10-29 17:52:55,859 ERROR: Bulk read failed with error: [TxRxResult] Port is in use!
2024-10-29 17:52:55,871 ERROR: Bulk read failed with error: [TxRxResult] Port is in use!
2024-10-29 17:52:55,882 ERROR: Bulk read failed with error: [TxRxResult] Port is in use!
2024-10-29 17:52:55,899 ERROR: Bulk read failed with error: [TxRxResult] Port is in use!
2024-10-29 17:52:55,911 ERROR: Bulk read failed with error: [TxRxResult] Port is in use!
2024-10-29 17:52:55,912 ERROR: Bulk read failed with error: [TxRxResult] Port is in use!
2024-10-29 17:52:55,914 ERROR: Bulk read failed with error: [TxRxResult] Port is in use!
2024-10-29 17:52:55,915 ERROR: Bulk read failed with error: [TxRxResult] Port is in use!
2024-10-29 17:52:55,916 ERROR: Error retrieving motor data: 'NoneType' object has no attribute 'keys'
2024-10-29 17:52:55,920 ERROR: Bulk read failed with error: [TxRxResult] Port is in use!
2024-10-29 17:52:55,931 ERROR: Bulk read failed with error: [TxRxResult] Port is in use!
2024-10-29 17:52:55,943 ERROR: Bulk read failed with error: [TxRxResult] Port is in use!
2024-10-29 17:52:55,954 ERROR: Bulk read failed with error: [TxRxResult] Port is in use!
2024-10-29 17:52:55,965 ERROR: Bulk read failed with error: [TxRxResult] Port is in use!
2024-10-29 17:52:55,970 ERROR: Bulk read failed with error: [TxRxResult] Port is in use!
2024-10-29 17:52:55,971 ERROR: Bulk read failed with error: [TxRxResult] Port is in use!
2024-10-29 17:52:55,972 ERROR: Bulk read failed with error: [TxRxResult] Port is in use!
2024-10-29 17:52:55,974 ERROR: Bulk read failed with error: [TxRxResult] Port is in use!
2024-10-29 17:52:55,976 ERROR: Error retrieving motor data: 'NoneType' object has no attribute 'keys'
2024-10-29 17:52:55,989 ERROR: Bulk read failed with error: [TxRxResult] Port is in use!
2024-10-29 17:52:56,000 ERROR: Bulk read failed with error: [TxRxResult] Port is in use!
2024-10-29 17:52:56,011 ERROR: Bulk read failed with error: [TxRxResult] Port is in use!
2024-10-29 17:52:56,022 ERROR: Bulk read failed with error: [TxRxResult] Port is in use!
2024-10-29 17:52:56,034 ERROR: Bulk read failed with error: [TxRxResult] Port is in use!
2024-10-29 17:52:56,039 ERROR: Bulk read failed with error: [TxRxResult] Port is in use!
2024-10-29 17:52:56,040 ERROR: Bulk read failed with error: [TxRxResult] Port is in use!
2024-10-29 17:52:56,041 ERROR: Bulk read failed with error: [TxRxResult] Port is in use!
2024-10-29 17:52:56,043 ERROR: Bulk read failed with error: [TxRxResult] Port is in use!
2024-10-29 17:52:56,045 ERROR: Error retrieving motor data: 'NoneType' object has no attribute 'keys'
2024-10-29 17:52:56,051 ERROR: Bulk read failed with error: [TxRxResult] Port is in use!
2024-10-29 17:52:56,063 ERROR: Bulk read failed with error: [TxRxResult] Port is in use!
2024-10-29 17:52:56,075 ERROR: Bulk read failed with error: [TxRxResult] Port is in use!
2024-10-29 17:52:56,089 ERROR: Bulk read failed with error: [TxRxResult] Port is in use!
2024-10-29 17:52:56,100 ERROR: Bulk read failed with error: [TxRxResult] Port is in use!
2024-10-29 17:52:56,102 ERROR: Bulk read failed with error: [TxRxResult] Port is in use!
2024-10-29 17:52:56,103 ERROR: Bulk read failed with error: [TxRxResult] Port is in use!
2024-10-29 17:52:56,104 ERROR: Bulk read failed with error: [TxRxResult] Port is in use!
2024-10-29 17:52:56,105 ERROR: Bulk read failed with error: [TxRxResult] Port is in use!
2024-10-29 17:52:56,106 ERROR: Error retrieving motor data: 'NoneType' object has no attribute 'keys'
2024-10-29 17:52:56,112 ERROR: Bulk read failed with error: [TxRxResult] Port is in use!
2024-10-29 17:52:56,123 ERROR: Bulk read failed with error: [TxRxResult] Port is in use!
2024-10-29 17:52:56,134 ERROR: Bulk read failed with error: [TxRxResult] Port is in use!
2024-10-29 17:52:56,146 ERROR: Bulk read failed with error: [TxRxResult] Port is in use!
2024-10-29 17:52:56,157 ERROR: Bulk read failed with error: [TxRxResult] Port is in use!
2024-10-29 17:52:56,161 ERROR: Bulk read failed with error: [TxRxResult] Port is in use!
2024-10-29 17:52:56,167 ERROR: Bulk read failed with error: [TxRxResult] Port is in use!
2024-10-29 17:52:56,171 ERROR: Bulk read failed with error: [TxRxResult] Port is in use!
2024-10-29 17:52:56,173 ERROR: Bulk read failed with error: [TxRxResult] Port is in use!
2024-10-29 17:52:56,177 ERROR: Error retrieving motor data: 'NoneType' object has no attribute 'keys'
2024-10-29 17:52:56,182 ERROR: Bulk read failed with error: [TxRxResult] Port is in use!
2024-10-29 17:52:56,193 ERROR: Bulk read failed with error: [TxRxResult] Port is in use!
2024-10-29 17:52:56,204 ERROR: Bulk read failed with error: [TxRxResult] Port is in use!
2024-10-29 17:52:56,215 ERROR: Bulk read failed with error: [TxRxResult] Port is in use!
2024-10-29 17:52:56,227 ERROR: Bulk read failed with error: [TxRxResult] Port is in use!
2024-10-29 17:52:56,232 ERROR: Bulk read failed with error: [TxRxResult] Port is in use!
2024-10-29 17:52:56,234 ERROR: Bulk read failed with error: [TxRxResult] Port is in use!
2024-10-29 17:52:56,236 ERROR: Bulk read failed with error: [TxRxResult] Port is in use!
2024-10-29 17:52:56,237 ERROR: Bulk read failed with error: [TxRxResult] Port is in use!
2024-10-29 17:52:56,238 ERROR: Error retrieving motor data: 'NoneType' object has no attribute 'keys'
2024-10-29 17:52:56,243 ERROR: Bulk read failed with error: [TxRxResult] Port is in use!
2024-10-29 17:52:56,255 ERROR: Bulk read failed with error: [TxRxResult] Port is in use!
2024-10-29 17:52:56,273 ERROR: Bulk read failed with error: [TxRxResult] Port is in use!
2024-10-29 17:52:56,284 ERROR: Bulk read failed with error: [TxRxResult] Port is in use!
2024-10-29 17:52:56,293 ERROR: Bulk read failed with error: [TxRxResult] Port is in use!
2024-10-29 17:52:56,294 ERROR: Bulk read failed with error: [TxRxResult] Port is in use!
2024-10-29 17:52:56,295 ERROR: Bulk read failed with error: [TxRxResult] Port is in use!
2024-10-29 17:52:56,296 ERROR: Bulk read failed with error: [TxRxResult] Port is in use!
2024-10-29 17:52:56,296 ERROR: Error retrieving motor data: 'NoneType' object has no attribute 'keys'
2024-10-29 17:52:56,302 ERROR: Bulk read failed with error: [TxRxResult] Port is in use!
2024-10-29 17:52:56,315 ERROR: Bulk read failed with error: [TxRxResult] Port is in use!
2024-10-29 17:52:56,328 ERROR: Bulk read failed with error: [TxRxResult] Port is in use!
2024-10-29 17:52:56,340 ERROR: Bulk read failed with error: [TxRxResult] Port is in use!
2024-10-29 17:52:56,352 ERROR: Bulk read failed with error: [TxRxResult] Port is in use!
2024-10-29 17:52:56,356 ERROR: Bulk read failed with error: [TxRxResult] Port is in use!
2024-10-29 17:52:56,358 ERROR: Bulk read failed with error: [TxRxResult] Port is in use!
2024-10-29 17:52:56,360 ERROR: Bulk read failed with error: [TxRxResult] Port is in use!
2024-10-29 17:52:56,362 ERROR: Bulk read failed with error: [TxRxResult] Port is in use!
2024-10-29 17:52:56,363 ERROR: Error retrieving motor data: 'NoneType' object has no attribute 'keys'
2024-10-29 17:52:56,368 ERROR: Bulk read failed with error: [TxRxResult] Port is in use!
2024-10-29 17:52:56,381 ERROR: Bulk read failed with error: [TxRxResult] Port is in use!
2024-10-29 17:52:56,392 ERROR: Bulk read failed with error: [TxRxResult] Port is in use!
2024-10-29 17:52:56,405 ERROR: Bulk read failed with error: [TxRxResult] Port is in use!
2024-10-29 17:52:56,416 ERROR: Bulk read failed with error: [TxRxResult] Port is in use!
2024-10-29 17:52:56,419 ERROR: Bulk read failed with error: [TxRxResult] Port is in use!
2024-10-29 17:52:56,420 ERROR: Bulk read failed with error: [TxRxResult] Port is in use!
2024-10-29 17:52:56,421 ERROR: Bulk read failed with error: [TxRxResult] Port is in use!
2024-10-29 17:52:56,422 ERROR: Bulk read failed with error: [TxRxResult] Port is in use!
2024-10-29 17:52:56,423 ERROR: Error retrieving motor data: 'NoneType' object has no attribute 'keys'
2024-10-29 17:52:56,428 ERROR: Bulk read failed with error: [TxRxResult] Port is in use!
2024-10-29 17:52:56,441 ERROR: Bulk read failed with error: [TxRxResult] Port is in use!
2024-10-29 17:52:56,460 ERROR: Bulk read failed with error: [TxRxResult] Port is in use!
2024-10-29 17:52:56,471 ERROR: Bulk read failed with error: [TxRxResult] Port is in use!
2024-10-29 17:52:56,478 ERROR: Bulk read failed with error: [TxRxResult] Port is in use!
2024-10-29 17:52:56,480 ERROR: Bulk read failed with error: [TxRxResult] Port is in use!
2024-10-29 17:52:56,480 ERROR: Bulk read failed with error: [TxRxResult] Port is in use!
2024-10-29 17:52:56,481 ERROR: Bulk read failed with error: [TxRxResult] Port is in use!
2024-10-29 17:52:56,482 ERROR: Error retrieving motor data: 'NoneType' object has no attribute 'keys'
2024-10-29 17:52:56,488 ERROR: Bulk read failed with error: [TxRxResult] Port is in use!
2024-10-29 17:52:56,500 ERROR: Bulk read failed with error: [TxRxResult] Port is in use!
2024-10-29 17:52:56,511 ERROR: Bulk read failed with error: [TxRxResult] Port is in use!
2024-10-29 17:52:56,523 ERROR: Bulk read failed with error: [TxRxResult] Port is in use!
2024-10-29 17:52:56,535 ERROR: Bulk read failed with error: [TxRxResult] Port is in use!
2024-10-29 17:52:56,538 ERROR: Bulk read failed with error: [TxRxResult] Port is in use!
2024-10-29 17:52:56,541 ERROR: Bulk read failed with error: [TxRxResult] Port is in use!
2024-10-29 17:52:56,544 ERROR: Bulk read failed with error: [TxRxResult] Port is in use!
2024-10-29 17:52:56,546 ERROR: Bulk read failed with error: [TxRxResult] Port is in use!
2024-10-29 17:52:56,547 ERROR: Error retrieving motor data: 'NoneType' object has no attribute 'keys'
2024-10-29 17:52:56,552 ERROR: Bulk read failed with error: [TxRxResult] Port is in use!
2024-10-29 17:52:56,563 ERROR: Bulk read failed with error: [TxRxResult] Port is in use!
2024-10-29 17:52:56,575 ERROR: Bulk read failed with error: [TxRxResult] Port is in use!
2024-10-29 17:52:56,586 ERROR: Bulk read failed with error: [TxRxResult] Port is in use!
2024-10-29 17:52:56,597 ERROR: Bulk read failed with error: [TxRxResult] Port is in use!
2024-10-29 17:52:56,602 ERROR: Bulk read failed with error: [TxRxResult] Port is in use!
2024-10-29 17:52:56,603 ERROR: Bulk read failed with error: [TxRxResult] Port is in use!
2024-10-29 17:52:56,605 ERROR: Bulk read failed with error: [TxRxResult] Port is in use!
2024-10-29 17:52:56,606 ERROR: Bulk read failed with error: [TxRxResult] Port is in use!
2024-10-29 17:52:56,607 ERROR: Error retrieving motor data: 'NoneType' object has no attribute 'keys'
2024-10-29 17:52:56,612 ERROR: Bulk read failed with error: [TxRxResult] Port is in use!
2024-10-29 17:52:56,626 ERROR: Bulk read failed with error: [TxRxResult] Port is in use!
2024-10-29 17:52:56,644 ERROR: Bulk read failed with error: [TxRxResult] Port is in use!
2024-10-29 17:52:56,655 ERROR: Bulk read failed with error: [TxRxResult] Port is in use!
2024-10-29 17:52:56,663 ERROR: Bulk read failed with error: [TxRxResult] Port is in use!
2024-10-29 17:52:56,664 ERROR: Bulk read failed with error: [TxRxResult] Port is in use!
2024-10-29 17:52:56,664 ERROR: Bulk read failed with error: [TxRxResult] Port is in use!
2024-10-29 17:52:56,665 ERROR: Bulk read failed with error: [TxRxResult] Port is in use!
2024-10-29 17:52:56,665 ERROR: Error retrieving motor data: 'NoneType' object has no attribute 'keys'
2024-10-29 17:52:56,668 INFO: Triangle pressed. Preparing to change to next gait: 2
2024-10-29 17:52:56,672 ERROR: Bulk read failed with error: [TxRxResult] Port is in use!
2024-10-29 17:52:56,674 INFO: Initialising Gait 2
2024-10-29 17:52:56,675 INFO: Running set_position_group for group 'Wheg_Group' with positions: {1: 160, 2: 200, 3: 160, 4: 200, 5: 160, 6: 200}
2024-10-29 17:52:56,676 ERROR: Bulk read failed with error: [TxRxResult] Port is in use!
2024-10-29 17:52:56,677 INFO: Initiating safe shutdown...
2024-10-29 17:52:56,678 INFO: Setting operating mode 'velocity' for group 'All_Motors'
2024-10-29 17:52:56,679 INFO: Disabling torque for group All_Motors
2024-10-29 17:52:56,680 ERROR: Sync write failed with error: [TxRxResult] Port is in use!
2024-10-29 17:52:56,680 ERROR: Sync write failed with error: [TxRxResult] Port is in use!
2024-10-29 17:52:56,681 INFO: Enabling torque for group All_Motors
2024-10-29 17:52:56,681 ERROR: Sync write failed with error: [TxRxResult] Port is in use!
2024-10-29 17:52:56,682 INFO: Setting the profile velocity for group All_Motors from config.yaml: 8
2024-10-29 17:52:56,682 ERROR: Sync write failed with error: [TxRxResult] Port is in use!
2024-10-29 17:52:56,683 INFO: Profile velocities set for group All_Motors: {1: 34.96, 2: 34.96, 3: 34.96, 4: 34.96, 5: 34.96, 6: 34.96, 7: 34.96, 8: 34.96}
2024-10-29 17:52:56,684 WARNING: Velocity limit 200 exceeds hard limit 100. Limiting to 100.
2024-10-29 17:52:56,684 ERROR: Sync write failed with error: [TxRxResult] Port is in use!
2024-10-29 17:52:56,685 INFO: Velocity limit set to 100 for group All_Motors
2024-10-29 17:52:56,689 INFO: Enabling torque for group All_Motors
2024-10-29 17:52:56,690 ERROR: Sync write failed with error: [TxRxResult] Port is in use!
2024-10-29 17:52:56,691 INFO: Setting the profile velocity for group All_Motors from config.yaml: 8
2024-10-29 17:52:56,692 ERROR: Sync write failed with error: [TxRxResult] Port is in use!
2024-10-29 17:52:56,693 INFO: Profile velocities set for group All_Motors: {1: 34.96, 2: 34.96, 3: 34.96, 4: 34.96, 5: 34.96, 6: 34.96, 7: 34.96, 8: 34.96}
2024-10-29 17:52:56,694 ERROR: Sync write failed with error: [TxRxResult] Port is in use!
2024-10-29 17:52:56,694 INFO: Target velocities set for group All_Motors: {1: 0, 2: 0, 3: 0, 4: 0, 5: 0, 6: 0, 7: 0, 8: 0}
2024-10-29 17:52:56,696 INFO: Running set_position_group for group 'All_Motors' with positions: 180
2024-10-29 17:52:56,696 ERROR: Bulk read failed with error: [TxRxResult] Port is in use!
2024-10-29 17:53:12,450 INFO: Initiating safe shutdown...
2024-10-29 17:53:12,451 INFO: Setting operating mode 'velocity' for group 'All_Motors'
2024-10-29 17:53:12,452 INFO: Disabling torque for group All_Motors
2024-10-29 17:53:12,453 INFO: Enabling torque for group All_Motors
2024-10-29 17:53:12,454 INFO: Setting the profile velocity for group All_Motors from config.yaml: 8
2024-10-29 17:53:12,455 INFO: Profile velocities set for group All_Motors: {1: 34.96, 2: 34.96, 3: 34.96, 4: 34.96, 5: 34.96, 6: 34.96, 7: 34.96, 8: 34.96}
2024-10-29 17:53:12,455 WARNING: Velocity limit 200 exceeds hard limit 100. Limiting to 100.
2024-10-29 17:53:12,456 INFO: Velocity limit set to 100 for group All_Motors
2024-10-29 17:53:12,457 INFO: Enabling torque for group All_Motors
2024-10-29 17:53:12,458 INFO: Setting the profile velocity for group All_Motors from config.yaml: 8
2024-10-29 17:53:12,458 INFO: Profile velocities set for group All_Motors: {1: 34.96, 2: 34.96, 3: 34.96, 4: 34.96, 5: 34.96, 6: 34.96, 7: 34.96, 8: 34.96}
2024-10-29 17:53:12,459 INFO: Target velocities set for group All_Motors: {1: 0, 2: 0, 3: 0, 4: 0, 5: 0, 6: 0, 7: 0, 8: 0}
2024-10-29 17:53:12,460 INFO: Running set_position_group for group 'All_Motors' with positions: 180
2024-10-29 17:53:12,467 WARNING: Motor 1 is not in Position Control Mode. Setting mode now.
2024-10-29 17:53:12,468 INFO: Setting operating mode 'position' for group 'All_Motors'
2024-10-29 17:53:12,468 INFO: Disabling torque for group All_Motors
2024-10-29 17:53:12,469 INFO: Enabling torque for group All_Motors
2024-10-29 17:53:12,470 INFO: Setting the profile velocity for group All_Motors from config.yaml: 8
2024-10-29 17:53:12,471 INFO: Profile velocities set for group All_Motors: {1: 34.96, 2: 34.96, 3: 34.96, 4: 34.96, 5: 34.96, 6: 34.96, 7: 34.96, 8: 34.96}
2024-10-29 17:53:12,471 INFO: Setting the profile velocity for group All_Motors from config.yaml: 8
2024-10-29 17:53:12,472 INFO: Profile velocities set for group All_Motors: {1: 34.96, 2: 34.96, 3: 34.96, 4: 34.96, 5: 34.96, 6: 34.96, 7: 34.96, 8: 34.96}
2024-10-29 17:53:12,473 INFO: Closing PS4Controller and quitting pygame
2024-10-29 17:53:12,553 INFO: Port closed successfully.
2024-10-29 17:53:12,554 INFO: Shutdown complete.
2024-10-29 17:53:12,555 ERROR: Error checking hardware errors: Attempting to use a port that is not open
