2024-10-28 21:40:22,174 INFO: Initializing PS4Controller
2024-10-28 21:40:22,438 INFO: Configuration loaded successfully
2024-10-28 21:40:22,441 INFO: Port /dev/ttyACM0 opened successfully
2024-10-28 21:40:22,451 INFO: Baudrate set to 1000000
2024-10-28 21:40:22,452 INFO: Control table loaded successfully.
2024-10-28 21:40:22,452 INFO: Motor group 'Pivot_Group' created with motors: [7, 8]
2024-10-28 21:40:22,453 INFO: Motor group 'Wheg_Group' created with motors: [1, 2, 3, 4, 5, 6]
2024-10-28 21:40:22,453 INFO: Motor group 'All_Motors' created with motors: [1, 2, 3, 4, 5, 6, 7, 8]
2024-10-28 21:40:22,454 INFO: Motor group 'Left_Whegs' created with motors: [1, 2, 3]
2024-10-28 21:40:22,454 INFO: Motor group 'Right_Whegs' created with motors: [4, 5, 6]
2024-10-28 21:40:22,455 INFO: Motor group 'Front_Whegs' created with motors: [3, 6]
2024-10-28 21:40:22,455 INFO: Motor group 'Rear_Whegs' created with motors: [1, 4]
2024-10-28 21:40:22,456 INFO: Motor group 'Middle_Whegs' created with motors: [2, 5]
2024-10-28 21:40:22,456 INFO: Motor group 'Two_Right_One_Left' created with motors: [2, 4, 6]
2024-10-28 21:40:22,456 INFO: Motor group 'Two_Left_One_Right' created with motors: [5, 1, 3]
2024-10-28 21:40:22,457 INFO: Initialised PS4 controller, Dynamixel, and Robot State
2024-10-28 21:40:22,608 INFO: Initialised Streamlit dashboard
2024-10-28 21:40:22,609 INFO: Disabling torque for group Right_Whegs
2024-10-28 21:40:22,613 INFO: Drive mode set for group Right_Whegs with reverse_direction=True
2024-10-28 21:40:22,614 INFO: Enabling torque for group Right_Whegs
2024-10-28 21:40:22,618 INFO: Motor 4 drive mode correctly set to reverse
2024-10-28 21:40:22,619 INFO: Motor 5 drive mode correctly set to reverse
2024-10-28 21:40:22,619 INFO: Motor 6 drive mode correctly set to reverse
2024-10-28 21:40:22,620 INFO: Disabling torque for group Left_Whegs
2024-10-28 21:40:22,621 INFO: Drive mode set for group Left_Whegs with reverse_direction=False
2024-10-28 21:40:22,621 INFO: Enabling torque for group Left_Whegs
2024-10-28 21:40:22,625 INFO: Motor 1 drive mode correctly set to normal
2024-10-28 21:40:22,626 INFO: Motor 2 drive mode correctly set to normal
2024-10-28 21:40:22,626 INFO: Motor 3 drive mode correctly set to normal
2024-10-28 21:40:22,626 INFO: Set the right side whegs to reverse direction
2024-10-28 21:40:22,627 INFO: Disabling torque for group Pivot_Group
2024-10-28 21:40:22,628 INFO: Drive mode set for group Pivot_Group with reverse_direction=False
2024-10-28 21:40:22,628 INFO: Enabling torque for group Pivot_Group
2024-10-28 21:40:22,632 INFO: Motor 7 drive mode correctly set to normal
2024-10-28 21:40:22,632 INFO: Motor 8 drive mode correctly set to normal
2024-10-28 21:40:22,633 INFO: Position limits set for group Pivot_Group: min=90° (ticks=1023), max=270° (ticks=3071)
2024-10-28 21:40:22,634 INFO: Set position limits for the pivot motors
2024-10-28 21:40:22,635 INFO: Initialising Gait 1
2024-10-28 21:40:22,636 INFO: Running set_position_group for group 'Wheg_Group' with positions: 180
2024-10-28 21:40:22,641 INFO: Running set_position_group for group 'Pivot_Group' with positions: 180
2024-10-28 21:40:22,645 INFO: Initialised Gait 1, waiting for 3 seconds
2024-10-28 21:40:22,705 INFO: Motor     Position (degrees)       Velocity (RPM)      Load (%)  
2024-10-28 21:40:22,706 INFO: 1         179.82                   0.23                1.1       
2024-10-28 21:40:22,706 INFO: 2         179.82                   0.23                1.1       
2024-10-28 21:40:22,707 INFO: 3         179.56                   0.23                1.2       
2024-10-28 21:40:22,707 INFO: 4         179.82                   0.46                1.2       
2024-10-28 21:40:22,708 INFO: 5         179.74                   0.23                0.5       
2024-10-28 21:40:22,708 INFO: 6         179.91                   0.23                0.0       
2024-10-28 21:40:22,708 INFO: 7         179.30                   0.00                4.5       
2024-10-28 21:40:22,709 INFO: 8         180.53                   0.00                -3.4      
2024-10-28 21:40:25,678 INFO: Setting operating mode 'multi_turn' for group 'Wheg_Group'
2024-10-28 21:40:25,679 INFO: Disabling torque for group Wheg_Group
2024-10-28 21:40:25,680 INFO: Enabling torque for group Wheg_Group
2024-10-28 21:40:25,680 INFO: Setting the profile velocity for group Wheg_Group from config.yaml: 10
2024-10-28 21:40:25,681 INFO: Profile velocities set for group Wheg_Group: {1: 43.7, 2: 43.7, 3: 43.7, 4: 43.7, 5: 43.7, 6: 43.7}
2024-10-28 21:40:25,681 INFO: New gait 1 is now active.
2024-10-28 21:40:25,693 INFO: Profile velocities set for group Wheg_Group: {1: 21.85, 2: 21.85, 3: 21.85, 4: 21.85, 5: 21.85, 6: 21.85}
2024-10-28 21:40:25,694 INFO: Incrementing motor positions by 360 degrees for group 'Wheg_Group'
2024-10-28 21:40:25,704 INFO: Gait 1 step executed at 5.00RPM, wait for 12.00 seconds
2024-10-28 21:40:28,802 INFO: Motor     Position (degrees)       Velocity (RPM)      Load (%)  
2024-10-28 21:40:28,802 INFO: 1         266.84                   5.04                1.8       
2024-10-28 21:40:28,803 INFO: 2         266.13                   4.81                1.9       
2024-10-28 21:40:28,803 INFO: 3         266.57                   5.04                1.9       
2024-10-28 21:40:28,804 INFO: 4         266.75                   5.04                1.9       
2024-10-28 21:40:28,804 INFO: 5         266.57                   5.04                1.8       
2024-10-28 21:40:28,804 INFO: 6         266.40                   5.04                1.9       
2024-10-28 21:40:28,805 INFO: 7         179.38                   0.00                3.3       
2024-10-28 21:40:28,805 INFO: 8         180.53                   0.00                -4.0      
2024-10-28 21:40:34,913 INFO: Motor     Position (degrees)       Velocity (RPM)      Load (%)  
2024-10-28 21:40:34,913 INFO: 1         85.55                    4.81                1.1       
2024-10-28 21:40:34,914 INFO: 2         84.14                    5.04                1.1       
2024-10-28 21:40:34,914 INFO: 3         84.85                    5.04                1.1       
2024-10-28 21:40:34,915 INFO: 4         85.81                    4.81                1.2       
2024-10-28 21:40:34,915 INFO: 5         85.02                    5.27                1.1       
2024-10-28 21:40:34,916 INFO: 6         84.06                    4.81                1.3       
2024-10-28 21:40:34,916 INFO: 7         179.38                   0.00                3.3       
2024-10-28 21:40:34,916 INFO: 8         180.53                   0.00                -4.0      
2024-10-28 21:40:36,409 INFO: Triangle pressed. Preparing to change to next gait: 2
2024-10-28 21:40:36,670 INFO: Triangle pressed. Preparing to change to next gait: 2
2024-10-28 21:40:37,987 INFO: Initialising Gait 2
2024-10-28 21:40:37,988 INFO: Running set_position_group for group 'Wheg_Group' with positions: {1: 160, 2: 200, 3: 160, 4: 200, 5: 160, 6: 200}
2024-10-28 21:40:37,993 WARNING: Motor 1 is not in Position Control Mode. Setting mode now.
2024-10-28 21:40:37,994 INFO: Setting operating mode 'position' for group 'Wheg_Group'
2024-10-28 21:40:37,994 INFO: Disabling torque for group Wheg_Group
2024-10-28 21:40:37,995 INFO: Enabling torque for group Wheg_Group
2024-10-28 21:40:37,996 INFO: Setting the profile velocity for group Wheg_Group from config.yaml: 10
2024-10-28 21:40:37,996 INFO: Profile velocities set for group Wheg_Group: {1: 43.7, 2: 43.7, 3: 43.7, 4: 43.7, 5: 43.7, 6: 43.7}
2024-10-28 21:40:37,997 INFO: Running set_position_group for group 'Pivot_Group' with positions: 180
2024-10-28 21:40:38,001 INFO: Initialised Gait 2, waiting for 3 seconds
2024-10-28 21:40:41,043 INFO: Motor     Position (degrees)       Velocity (RPM)      Load (%)  
2024-10-28 21:40:41,043 INFO: 1         160.05                   0.00                0.0       
2024-10-28 21:40:41,043 INFO: 2         199.25                   0.00                1.1       
2024-10-28 21:40:41,044 INFO: 3         159.96                   0.23                0.0       
2024-10-28 21:40:41,044 INFO: 4         199.25                   0.23                1.2       
2024-10-28 21:40:41,045 INFO: 5         159.96                   0.23                0.0       
2024-10-28 21:40:41,045 INFO: 6         199.78                   0.23                1.0       
2024-10-28 21:40:41,046 INFO: 7         179.38                   0.00                3.3       
2024-10-28 21:40:41,046 INFO: 8         180.53                   0.00                -4.0      
2024-10-28 21:40:41,077 INFO: Setting operating mode 'multi_turn' for group 'Wheg_Group'
2024-10-28 21:40:41,078 INFO: Disabling torque for group Wheg_Group
2024-10-28 21:40:41,079 INFO: Enabling torque for group Wheg_Group
2024-10-28 21:40:41,079 INFO: Setting the profile velocity for group Wheg_Group from config.yaml: 10
2024-10-28 21:40:41,080 INFO: Profile velocities set for group Wheg_Group: {1: 43.7, 2: 43.7, 3: 43.7, 4: 43.7, 5: 43.7, 6: 43.7}
2024-10-28 21:40:41,081 INFO: New gait 2 is now active.
2024-10-28 21:40:41,097 INFO: Profile velocities set for group Wheg_Group: {1: 8.74, 2: 69.92, 3: 8.74, 4: 69.92, 5: 8.74, 6: 69.92}
2024-10-28 21:40:41,097 INFO: Incrementing motor positions by {1: 40, 2: 320, 3: 40, 4: 320, 5: 40, 6: 320} degrees for group 'Wheg_Group'
2024-10-28 21:40:41,108 INFO: Gait 2 step executed at 2.00RPM, wait for 3.36 seconds
2024-10-28 21:40:45,658 INFO: Profile velocities set for group Wheg_Group: {1: 104.88, 2: 13.11, 3: 104.88, 4: 13.11, 5: 104.88, 6: 13.11}
2024-10-28 21:40:45,659 INFO: Incrementing motor positions by {1: 320, 2: 40, 3: 320, 4: 40, 5: 320, 6: 40} degrees for group 'Wheg_Group'
2024-10-28 21:40:45,669 INFO: Gait 2 step executed at 3.00RPM, wait for 2.25 seconds
2024-10-28 21:40:47,163 INFO: Triangle pressed. Preparing to change to next gait: 3
2024-10-28 21:40:47,193 INFO: Motor     Position (degrees)       Velocity (RPM)      Load (%)  
2024-10-28 21:40:47,193 INFO: 1         50.92                    24.27               3.3       
2024-10-28 21:40:47,194 INFO: 2         185.48                   2.98                1.4       
2024-10-28 21:40:47,194 INFO: 3         49.60                    24.05               3.5       
2024-10-28 21:40:47,195 INFO: 4         185.57                   3.21                1.4       
2024-10-28 21:40:47,195 INFO: 5         49.43                    23.82               3.2       
2024-10-28 21:40:47,196 INFO: 6         186.27                   3.21                1.4       
2024-10-28 21:40:47,196 INFO: 7         179.38                   0.00                3.3       
2024-10-28 21:40:47,197 INFO: 8         180.53                   0.00                -4.0      
2024-10-28 21:40:48,726 INFO: Initialsing Gait 3
2024-10-28 21:40:48,726 INFO: Running set_position_group for group 'Wheg_Group' with positions: {1: 200, 2: 160, 3: 160, 4: 200, 5: 160, 6: 160}
2024-10-28 21:40:48,731 WARNING: Motor 1 is not in Position Control Mode. Setting mode now.
2024-10-28 21:40:48,732 INFO: Setting operating mode 'position' for group 'Wheg_Group'
2024-10-28 21:40:48,733 INFO: Disabling torque for group Wheg_Group
2024-10-28 21:40:48,734 INFO: Enabling torque for group Wheg_Group
2024-10-28 21:40:48,735 INFO: Setting the profile velocity for group Wheg_Group from config.yaml: 10
2024-10-28 21:40:48,735 INFO: Profile velocities set for group Wheg_Group: {1: 43.7, 2: 43.7, 3: 43.7, 4: 43.7, 5: 43.7, 6: 43.7}
2024-10-28 21:40:48,736 INFO: Running set_position_group for group 'Pivot_Group' with positions: 180
2024-10-28 21:40:48,739 INFO: Initialised Gait 3, waiting for 3 seconds
2024-10-28 21:40:51,792 INFO: Setting operating mode 'multi_turn' for group 'Wheg_Group'
2024-10-28 21:40:51,793 INFO: Disabling torque for group Wheg_Group
2024-10-28 21:40:51,794 INFO: Enabling torque for group Wheg_Group
2024-10-28 21:40:51,795 INFO: Setting the profile velocity for group Wheg_Group from config.yaml: 10
2024-10-28 21:40:51,795 INFO: Profile velocities set for group Wheg_Group: {1: 43.7, 2: 43.7, 3: 43.7, 4: 43.7, 5: 43.7, 6: 43.7}
2024-10-28 21:40:51,796 INFO: New gait 3 is now active.
2024-10-28 21:40:53,325 INFO: Motor     Position (degrees)       Velocity (RPM)      Load (%)  
2024-10-28 21:40:53,326 INFO: 1         199.25                   0.00                1.1       
2024-10-28 21:40:53,326 INFO: 2         159.96                   0.23                0.0       
2024-10-28 21:40:53,327 INFO: 3         159.87                   0.00                0.6       
2024-10-28 21:40:53,327 INFO: 4         199.07                   0.00                1.2       
2024-10-28 21:40:53,328 INFO: 5         159.96                   0.23                0.0       
2024-10-28 21:40:53,328 INFO: 6         159.96                   0.00                0.0       
2024-10-28 21:40:53,328 INFO: 7         179.38                   0.00                3.3       
2024-10-28 21:40:53,329 INFO: 8         180.53                   0.00                -4.0      
2024-10-28 21:40:53,396 INFO: Profile velocities set for group Wheg_Group: {1: 17.48, 2: 17.48, 3: 17.48, 4: 17.48, 5: 17.48, 6: 17.48}
2024-10-28 21:40:53,397 INFO: Incrementing motor positions by {1: 320, 2: 40, 3: 0, 4: 320, 5: 40, 6: 0} degrees for group 'Wheg_Group'
2024-10-28 21:40:53,407 INFO: Gait 3 step executed at 4.00 RPM, wait for 13.36 seconds
2024-10-28 21:40:59,453 INFO: Motor     Position (degrees)       Velocity (RPM)      Load (%)  
2024-10-28 21:40:59,453 INFO: 1         339.70                   3.89                1.2       
2024-10-28 21:40:59,454 INFO: 2         199.07                   0.00                1.2       
2024-10-28 21:40:59,454 INFO: 3         159.87                   0.23                0.0       
2024-10-28 21:40:59,454 INFO: 4         338.91                   3.89                1.2       
2024-10-28 21:40:59,455 INFO: 5         199.16                   0.23                1.1       
2024-10-28 21:40:59,455 INFO: 6         159.96                   0.00                0.0       
2024-10-28 21:40:59,456 INFO: 7         179.38                   0.00                3.3       
2024-10-28 21:40:59,456 INFO: 8         180.53                   0.00                -4.0      
2024-10-28 21:41:05,559 WARNING: Emergency stop activated! Stopping all motors asynchronously.
2024-10-28 21:41:05,560 INFO: Setting operating mode 'velocity' for group 'All_Motors'
2024-10-28 21:41:05,560 INFO: Disabling torque for group All_Motors
2024-10-28 21:41:05,562 INFO: Enabling torque for group All_Motors
2024-10-28 21:41:05,563 WARNING: Velocity limit 200 exceeds hard limit 100. Limiting to 100.
2024-10-28 21:41:05,564 INFO: Velocity limit set to 100 for group All_Motors
2024-10-28 21:41:05,564 INFO: Enabling torque for group All_Motors
2024-10-28 21:41:05,565 INFO: Target velocities set for group All_Motors: {1: 0, 2: 0, 3: 0, 4: 0, 5: 0, 6: 0, 7: 0, 8: 0}
2024-10-28 21:41:05,595 INFO: Motor     Position (degrees)       Velocity (RPM)      Load (%)  
2024-10-28 21:41:05,596 INFO: 1         123.87                   3.89                -1.2      
2024-10-28 21:41:05,597 INFO: 2         199.07                   0.00                0.0       
2024-10-28 21:41:05,597 INFO: 3         159.96                   0.23                -0.8      
2024-10-28 21:41:05,597 INFO: 4         123.96                   3.89                -1.2      
2024-10-28 21:41:05,598 INFO: 5         199.16                   0.23                0.0       
2024-10-28 21:41:05,598 INFO: 6         159.96                   0.00                0.0       
2024-10-28 21:41:05,599 INFO: 7         179.38                   0.00                2.8       
2024-10-28 21:41:05,599 INFO: 8         180.53                   0.00                -3.3      
2024-10-28 21:41:07,308 INFO: Emergency Stop Deactivated. Resuming control...
2024-10-28 21:41:07,339 INFO: Initialising Gait 1
2024-10-28 21:41:07,340 INFO: Running set_position_group for group 'Wheg_Group' with positions: 180
2024-10-28 21:41:07,345 WARNING: Motor 1 is not in Position Control Mode. Setting mode now.
2024-10-28 21:41:07,346 INFO: Setting operating mode 'position' for group 'Wheg_Group'
2024-10-28 21:41:07,346 INFO: Disabling torque for group Wheg_Group
2024-10-28 21:41:07,347 INFO: Enabling torque for group Wheg_Group
2024-10-28 21:41:07,348 INFO: Setting the profile velocity for group Wheg_Group from config.yaml: 10
2024-10-28 21:41:07,349 INFO: Profile velocities set for group Wheg_Group: {1: 43.7, 2: 43.7, 3: 43.7, 4: 43.7, 5: 43.7, 6: 43.7}
2024-10-28 21:41:07,349 INFO: Running set_position_group for group 'Pivot_Group' with positions: 180
2024-10-28 21:41:07,353 WARNING: Motor 7 is not in Position Control Mode. Setting mode now.
2024-10-28 21:41:07,353 INFO: Setting operating mode 'position' for group 'Pivot_Group'
2024-10-28 21:41:07,354 INFO: Disabling torque for group Pivot_Group
2024-10-28 21:41:07,354 INFO: Enabling torque for group Pivot_Group
2024-10-28 21:41:07,355 INFO: Setting the profile velocity for group Pivot_Group from config.yaml: 4
2024-10-28 21:41:07,356 INFO: Profile velocities set for group Pivot_Group: {7: 17.48, 8: 17.48}
2024-10-28 21:41:07,356 INFO: Initialised Gait 1, waiting for 3 seconds
2024-10-28 21:41:10,357 INFO: Setting operating mode 'multi_turn' for group 'Wheg_Group'
2024-10-28 21:41:10,358 INFO: Disabling torque for group Wheg_Group
2024-10-28 21:41:10,359 INFO: Enabling torque for group Wheg_Group
2024-10-28 21:41:10,359 INFO: Setting the profile velocity for group Wheg_Group from config.yaml: 10
2024-10-28 21:41:10,360 INFO: Profile velocities set for group Wheg_Group: {1: 43.7, 2: 43.7, 3: 43.7, 4: 43.7, 5: 43.7, 6: 43.7}
2024-10-28 21:41:10,360 INFO: New gait 1 is now active.
2024-10-28 21:41:10,372 INFO: Profile velocities set for group Wheg_Group: {1: 17.48, 2: 17.48, 3: 17.48, 4: 17.48, 5: 17.48, 6: 17.48}
2024-10-28 21:41:10,372 INFO: Incrementing motor positions by 360 degrees for group 'Wheg_Group'
2024-10-28 21:41:10,383 INFO: Gait 1 step executed at 4.00RPM, wait for 15.00 seconds
2024-10-28 21:41:11,735 INFO: Motor     Position (degrees)       Velocity (RPM)      Load (%)  
2024-10-28 21:41:11,736 INFO: 1         209.18                   4.12                1.7       
2024-10-28 21:41:11,736 INFO: 2         209.18                   4.12                1.7       
2024-10-28 21:41:11,737 INFO: 3         209.27                   3.89                1.8       
2024-10-28 21:41:11,737 INFO: 4         209.09                   3.89                1.8       
2024-10-28 21:41:11,738 INFO: 5         209.27                   3.89                1.6       
2024-10-28 21:41:11,738 INFO: 6         209.18                   4.12                1.7       
2024-10-28 21:41:11,738 INFO: 7         179.38                   0.00                3.3       
2024-10-28 21:41:11,739 INFO: 8         180.53                   0.00                -4.0      
2024-10-28 21:41:14,803 INFO: Triangle pressed. Preparing to change to next gait: 2
2024-10-28 21:41:17,866 INFO: Motor     Position (degrees)       Velocity (RPM)      Load (%)  
2024-10-28 21:41:17,867 INFO: 1         354.02                   3.89                1.1       
2024-10-28 21:41:17,867 INFO: 2         352.27                   3.89                1.1       
2024-10-28 21:41:17,867 INFO: 3         353.50                   3.89                1.2       
2024-10-28 21:41:17,868 INFO: 4         353.58                   4.12                1.2       
2024-10-28 21:41:17,868 INFO: 5         352.88                   4.12                1.0       
2024-10-28 21:41:17,869 INFO: 6         351.83                   3.89                1.2       
2024-10-28 21:41:17,869 INFO: 7         179.38                   0.00                3.3       
2024-10-28 21:41:17,870 INFO: 8         180.53                   0.00                -4.0      
2024-10-28 21:41:24,010 INFO: Motor     Position (degrees)       Velocity (RPM)      Load (%)  
2024-10-28 21:41:24,011 INFO: 1         137.85                   3.66                1.2       
2024-10-28 21:41:24,012 INFO: 2         137.14                   4.12                1.2       
2024-10-28 21:41:24,012 INFO: 3         137.49                   3.89                1.2       
2024-10-28 21:41:24,013 INFO: 4         138.11                   4.12                1.2       
2024-10-28 21:41:24,013 INFO: 5         138.02                   3.89                1.1       
2024-10-28 21:41:24,013 INFO: 6         137.23                   4.12                1.2       
2024-10-28 21:41:24,014 INFO: 7         179.38                   0.00                3.3       
2024-10-28 21:41:24,014 INFO: 8         180.53                   0.00                -4.0      
2024-10-28 21:41:25,545 INFO: Initialising Gait 2
2024-10-28 21:41:25,546 INFO: Running set_position_group for group 'Wheg_Group' with positions: {1: 160, 2: 200, 3: 160, 4: 200, 5: 160, 6: 200}
2024-10-28 21:41:25,551 WARNING: Motor 1 is not in Position Control Mode. Setting mode now.
2024-10-28 21:41:25,552 INFO: Setting operating mode 'position' for group 'Wheg_Group'
2024-10-28 21:41:25,552 INFO: Disabling torque for group Wheg_Group
2024-10-28 21:41:25,553 INFO: Enabling torque for group Wheg_Group
2024-10-28 21:41:25,554 INFO: Setting the profile velocity for group Wheg_Group from config.yaml: 10
2024-10-28 21:41:25,554 INFO: Profile velocities set for group Wheg_Group: {1: 43.7, 2: 43.7, 3: 43.7, 4: 43.7, 5: 43.7, 6: 43.7}
2024-10-28 21:41:25,555 INFO: Running set_position_group for group 'Pivot_Group' with positions: 180
2024-10-28 21:41:25,559 INFO: Initialised Gait 2, waiting for 3 seconds
2024-10-28 21:41:28,623 INFO: Setting operating mode 'multi_turn' for group 'Wheg_Group'
2024-10-28 21:41:28,624 INFO: Disabling torque for group Wheg_Group
2024-10-28 21:41:28,625 INFO: Enabling torque for group Wheg_Group
2024-10-28 21:41:28,626 INFO: Setting the profile velocity for group Wheg_Group from config.yaml: 10
2024-10-28 21:41:28,626 INFO: Profile velocities set for group Wheg_Group: {1: 43.7, 2: 43.7, 3: 43.7, 4: 43.7, 5: 43.7, 6: 43.7}
2024-10-28 21:41:28,627 INFO: New gait 2 is now active.
2024-10-28 21:41:28,643 INFO: Profile velocities set for group Wheg_Group: {1: 8.74, 2: 69.92, 3: 8.74, 4: 69.92, 5: 8.74, 6: 69.92}
2024-10-28 21:41:28,644 INFO: Incrementing motor positions by {1: 40, 2: 320, 3: 40, 4: 320, 5: 40, 6: 320} degrees for group 'Wheg_Group'
2024-10-28 21:41:28,654 INFO: Gait 2 step executed at 2.00RPM, wait for 3.36 seconds
2024-10-28 21:41:30,163 INFO: Motor     Position (degrees)       Velocity (RPM)      Load (%)  
2024-10-28 21:41:30,163 INFO: 1         175.17                   1.83                1.2       
2024-10-28 21:41:30,164 INFO: 2         335.30                   15.80               2.7       
2024-10-28 21:41:30,164 INFO: 3         175.17                   1.60                1.3       
2024-10-28 21:41:30,165 INFO: 4         336.36                   16.26               2.7       
2024-10-28 21:41:30,166 INFO: 5         175.34                   1.83                1.2       
2024-10-28 21:41:30,166 INFO: 6         335.13                   15.57               4.0       
2024-10-28 21:41:30,167 INFO: 7         179.38                   0.00                3.3       
2024-10-28 21:41:30,167 INFO: 8         180.53                   0.00                -4.0      
2024-10-28 21:41:33,239 INFO: Profile velocities set for group Wheg_Group: {1: 104.88, 2: 13.11, 3: 104.88, 4: 13.11, 5: 104.88, 6: 13.11}
2024-10-28 21:41:33,240 INFO: Incrementing motor positions by {1: 320, 2: 40, 3: 320, 4: 40, 5: 320, 6: 40} degrees for group 'Wheg_Group'
2024-10-28 21:41:33,250 INFO: Gait 2 step executed at 3.00RPM, wait for 2.25 seconds
2024-10-28 21:41:36,297 INFO: Motor     Position (degrees)       Velocity (RPM)      Load (%)  
2024-10-28 21:41:36,297 INFO: 1         160.35                   0.23                0.0       
2024-10-28 21:41:36,297 INFO: 2         199.28                   0.23                1.1       
2024-10-28 21:41:36,298 INFO: 3         159.91                   0.00                0.0       
2024-10-28 21:41:36,299 INFO: 4         199.19                   0.23                1.2       
2024-10-28 21:41:36,299 INFO: 5         160.08                   0.23                0.0       
2024-10-28 21:41:36,299 INFO: 6         200.69                   0.23                0.4       
2024-10-28 21:41:36,299 INFO: 7         179.38                   0.00                3.3       
2024-10-28 21:41:36,300 INFO: 8         180.53                   0.00                -4.0      
2024-10-28 21:41:36,347 INFO: Profile velocities set for group Wheg_Group: {1: 17.479866638183594, 2: 139.83893310546875, 3: 17.479866638183594, 4: 139.83893310546875, 5: 17.479866638183594, 6: 139.83893310546875}
2024-10-28 21:41:36,348 INFO: Incrementing motor positions by {1: 40, 2: 320, 3: 40, 4: 320, 5: 40, 6: 320} degrees for group 'Wheg_Group'
2024-10-28 21:41:36,358 INFO: Gait 2 step executed at 4.00RPM, wait for 1.69 seconds
2024-10-28 21:41:39,374 INFO: Profile velocities set for group Wheg_Group: {1: 104.87893310546875, 2: 13.109866638183593, 3: 104.87893310546875, 4: 13.109866638183593, 5: 104.87893310546875, 6: 13.109866638183593}
2024-10-28 21:41:39,374 INFO: Incrementing motor positions by {1: 320, 2: 40, 3: 320, 4: 40, 5: 320, 6: 40} degrees for group 'Wheg_Group'
2024-10-28 21:41:39,385 INFO: Gait 2 step executed at 3.00RPM, wait for 2.25 seconds
2024-10-28 21:41:42,445 INFO: Motor     Position (degrees)       Velocity (RPM)      Load (%)  
2024-10-28 21:41:42,445 INFO: 1         160.47                   0.23                0.0       
2024-10-28 21:41:42,446 INFO: 2         199.40                   0.23                1.1       
2024-10-28 21:41:42,446 INFO: 3         160.03                   0.00                0.0       
2024-10-28 21:41:42,447 INFO: 4         199.31                   0.23                1.2       
2024-10-28 21:41:42,447 INFO: 5         160.29                   0.23                0.0       
2024-10-28 21:41:42,448 INFO: 6         201.60                   0.23                0.0       
2024-10-28 21:41:42,448 INFO: 7         179.38                   0.00                3.3       
2024-10-28 21:41:42,449 INFO: 8         180.53                   0.00                -4.0      
2024-10-28 21:41:42,496 INFO: Profile velocities set for group Wheg_Group: {1: 10.213781433105469, 2: 81.71025146484375, 3: 10.213781433105469, 4: 81.71025146484375, 5: 10.213781433105469, 6: 81.71025146484375}
2024-10-28 21:41:42,496 INFO: Incrementing motor positions by {1: 40, 2: 320, 3: 40, 4: 320, 5: 40, 6: 320} degrees for group 'Wheg_Group'
2024-10-28 21:41:42,507 INFO: Gait 2 step executed at 2.34RPM, wait for 2.88 seconds
2024-10-28 21:41:44,197 WARNING: Emergency stop activated! Stopping all motors asynchronously.
2024-10-28 21:41:44,198 INFO: Setting operating mode 'velocity' for group 'All_Motors'
2024-10-28 21:41:44,198 INFO: Disabling torque for group All_Motors
2024-10-28 21:41:44,199 INFO: Enabling torque for group All_Motors
2024-10-28 21:41:44,200 WARNING: Velocity limit 200 exceeds hard limit 100. Limiting to 100.
2024-10-28 21:41:44,200 INFO: Velocity limit set to 100 for group All_Motors
2024-10-28 21:41:44,201 INFO: Enabling torque for group All_Motors
2024-10-28 21:41:44,202 INFO: Target velocities set for group All_Motors: {1: 0, 2: 0, 3: 0, 4: 0, 5: 0, 6: 0, 7: 0, 8: 0}
2024-10-28 21:41:45,505 INFO: Emergency Stop Deactivated. Resuming control...
2024-10-28 21:41:45,516 INFO: Initialising Gait 1
2024-10-28 21:41:45,517 INFO: Running set_position_group for group 'Wheg_Group' with positions: 180
2024-10-28 21:41:45,522 WARNING: Motor 1 is not in Position Control Mode. Setting mode now.
2024-10-28 21:41:45,523 INFO: Setting operating mode 'position' for group 'Wheg_Group'
2024-10-28 21:41:45,523 INFO: Disabling torque for group Wheg_Group
2024-10-28 21:41:45,524 INFO: Enabling torque for group Wheg_Group
2024-10-28 21:41:45,525 INFO: Setting the profile velocity for group Wheg_Group from config.yaml: 10
2024-10-28 21:41:45,526 INFO: Profile velocities set for group Wheg_Group: {1: 43.7, 2: 43.7, 3: 43.7, 4: 43.7, 5: 43.7, 6: 43.7}
2024-10-28 21:41:45,527 INFO: Running set_position_group for group 'Pivot_Group' with positions: 180
2024-10-28 21:41:45,530 WARNING: Motor 7 is not in Position Control Mode. Setting mode now.
2024-10-28 21:41:45,531 INFO: Setting operating mode 'position' for group 'Pivot_Group'
2024-10-28 21:41:45,531 INFO: Disabling torque for group Pivot_Group
2024-10-28 21:41:45,532 INFO: Enabling torque for group Pivot_Group
2024-10-28 21:41:45,533 INFO: Setting the profile velocity for group Pivot_Group from config.yaml: 4
2024-10-28 21:41:45,534 INFO: Profile velocities set for group Pivot_Group: {7: 17.48, 8: 17.48}
2024-10-28 21:41:45,535 INFO: Initialised Gait 1, waiting for 3 seconds
2024-10-28 21:41:48,583 INFO: Motor     Position (degrees)       Velocity (RPM)      Load (%)  
2024-10-28 21:41:48,584 INFO: 1         179.82                   0.23                0.8       
2024-10-28 21:41:48,585 INFO: 2         179.74                   0.00                1.1       
2024-10-28 21:41:48,585 INFO: 3         179.82                   0.23                1.2       
2024-10-28 21:41:48,586 INFO: 4         179.74                   0.46                1.1       
2024-10-28 21:41:48,586 INFO: 5         179.74                   0.00                0.3       
2024-10-28 21:41:48,587 INFO: 6         179.91                   0.23                0.4       
2024-10-28 21:41:48,587 INFO: 7         179.47                   0.00                2.7       
2024-10-28 21:41:48,587 INFO: 8         180.53                   0.00                -4.0      
2024-10-28 21:41:48,618 INFO: Setting operating mode 'multi_turn' for group 'Wheg_Group'
2024-10-28 21:41:48,619 INFO: Disabling torque for group Wheg_Group
2024-10-28 21:41:48,620 INFO: Enabling torque for group Wheg_Group
2024-10-28 21:41:48,620 INFO: Setting the profile velocity for group Wheg_Group from config.yaml: 10
2024-10-28 21:41:48,621 INFO: Profile velocities set for group Wheg_Group: {1: 43.7, 2: 43.7, 3: 43.7, 4: 43.7, 5: 43.7, 6: 43.7}
2024-10-28 21:41:48,622 INFO: New gait 1 is now active.
2024-10-28 21:41:54,703 INFO: Motor     Position (degrees)       Velocity (RPM)      Load (%)  
2024-10-28 21:41:54,704 INFO: 1         179.82                   0.23                0.8       
2024-10-28 21:41:54,704 INFO: 2         179.65                   0.23                0.2       
2024-10-28 21:41:54,705 INFO: 3         179.82                   0.23                0.7       
2024-10-28 21:41:54,706 INFO: 4         179.74                   0.23                1.1       
2024-10-28 21:41:54,706 INFO: 5         179.74                   0.23                0.1       
2024-10-28 21:41:54,707 INFO: 6         179.91                   0.00                0.0       
2024-10-28 21:41:54,708 INFO: 7         179.47                   0.00                2.7       
2024-10-28 21:41:54,708 INFO: 8         180.53                   0.00                -4.0      
2024-10-28 21:41:56,212 WARNING: Emergency stop activated! Stopping all motors asynchronously.
2024-10-28 21:41:56,212 INFO: Setting operating mode 'velocity' for group 'All_Motors'
2024-10-28 21:41:56,213 INFO: Disabling torque for group All_Motors
2024-10-28 21:41:56,215 INFO: Enabling torque for group All_Motors
2024-10-28 21:41:56,215 WARNING: Velocity limit 200 exceeds hard limit 100. Limiting to 100.
2024-10-28 21:41:56,216 INFO: Velocity limit set to 100 for group All_Motors
2024-10-28 21:41:56,217 INFO: Enabling torque for group All_Motors
2024-10-28 21:41:56,218 INFO: Target velocities set for group All_Motors: {1: 0, 2: 0, 3: 0, 4: 0, 5: 0, 6: 0, 7: 0, 8: 0}
2024-10-28 21:41:59,364 INFO: Emergency Stop Deactivated. Resuming control...
2024-10-28 21:41:59,375 INFO: Initialising Gait 1
2024-10-28 21:41:59,376 INFO: Running set_position_group for group 'Wheg_Group' with positions: 180
2024-10-28 21:41:59,381 WARNING: Motor 1 is not in Position Control Mode. Setting mode now.
2024-10-28 21:41:59,382 INFO: Setting operating mode 'position' for group 'Wheg_Group'
2024-10-28 21:41:59,382 INFO: Disabling torque for group Wheg_Group
2024-10-28 21:41:59,383 INFO: Enabling torque for group Wheg_Group
2024-10-28 21:41:59,384 INFO: Setting the profile velocity for group Wheg_Group from config.yaml: 10
2024-10-28 21:41:59,385 INFO: Profile velocities set for group Wheg_Group: {1: 43.7, 2: 43.7, 3: 43.7, 4: 43.7, 5: 43.7, 6: 43.7}
2024-10-28 21:41:59,386 INFO: Running set_position_group for group 'Pivot_Group' with positions: 180
2024-10-28 21:41:59,389 WARNING: Motor 7 is not in Position Control Mode. Setting mode now.
2024-10-28 21:41:59,390 INFO: Setting operating mode 'position' for group 'Pivot_Group'
2024-10-28 21:41:59,390 INFO: Disabling torque for group Pivot_Group
2024-10-28 21:41:59,391 INFO: Enabling torque for group Pivot_Group
2024-10-28 21:41:59,391 INFO: Setting the profile velocity for group Pivot_Group from config.yaml: 4
2024-10-28 21:41:59,392 INFO: Profile velocities set for group Pivot_Group: {7: 17.48, 8: 17.48}
2024-10-28 21:41:59,393 INFO: Initialised Gait 1, waiting for 3 seconds
2024-10-28 21:42:00,854 INFO: Motor     Position (degrees)       Velocity (RPM)      Load (%)  
2024-10-28 21:42:00,854 INFO: 1         179.82                   0.23                1.1       
2024-10-28 21:42:00,855 INFO: 2         179.47                   0.23                1.1       
2024-10-28 21:42:00,855 INFO: 3         179.74                   0.23                1.2       
2024-10-28 21:42:00,856 INFO: 4         179.74                   0.23                0.2       
2024-10-28 21:42:00,856 INFO: 5         179.82                   0.23                0.1       
2024-10-28 21:42:00,857 INFO: 6         179.91                   0.00                0.0       
2024-10-28 21:42:00,857 INFO: 7         179.47                   0.00                2.7       
2024-10-28 21:42:00,858 INFO: 8         180.53                   0.00                -3.9      
2024-10-28 21:42:02,394 INFO: Setting operating mode 'multi_turn' for group 'Wheg_Group'
2024-10-28 21:42:02,394 INFO: Disabling torque for group Wheg_Group
2024-10-28 21:42:02,395 INFO: Enabling torque for group Wheg_Group
2024-10-28 21:42:02,396 INFO: Setting the profile velocity for group Wheg_Group from config.yaml: 10
2024-10-28 21:42:02,397 INFO: Profile velocities set for group Wheg_Group: {1: 43.7, 2: 43.7, 3: 43.7, 4: 43.7, 5: 43.7, 6: 43.7}
2024-10-28 21:42:02,397 INFO: New gait 1 is now active.
2024-10-28 21:42:03,906 INFO: Initiating safe shutdown...
2024-10-28 21:42:03,906 INFO: Setting operating mode 'velocity' for group 'All_Motors'
2024-10-28 21:42:03,906 INFO: Disabling torque for group All_Motors
2024-10-28 21:42:03,908 INFO: Enabling torque for group All_Motors
2024-10-28 21:42:03,908 WARNING: Velocity limit 200 exceeds hard limit 100. Limiting to 100.
2024-10-28 21:42:03,909 INFO: Velocity limit set to 100 for group All_Motors
2024-10-28 21:42:03,909 INFO: Enabling torque for group All_Motors
2024-10-28 21:42:03,910 INFO: Target velocities set for group All_Motors: {1: 0, 2: 0, 3: 0, 4: 0, 5: 0, 6: 0, 7: 0, 8: 0}
2024-10-28 21:42:03,910 INFO: Running set_position_group for group 'All_Motors' with positions: 180
2024-10-28 21:42:03,918 WARNING: Motor 1 is not in Position Control Mode. Setting mode now.
2024-10-28 21:42:03,918 INFO: Setting operating mode 'position' for group 'All_Motors'
2024-10-28 21:42:03,919 INFO: Disabling torque for group All_Motors
2024-10-28 21:42:03,920 INFO: Enabling torque for group All_Motors
2024-10-28 21:42:03,920 INFO: Setting the profile velocity for group All_Motors from config.yaml: 5
2024-10-28 21:42:03,921 INFO: Profile velocities set for group All_Motors: {1: 21.85, 2: 21.85, 3: 21.85, 4: 21.85, 5: 21.85, 6: 21.85, 7: 21.85, 8: 21.85}
2024-10-28 21:42:03,922 INFO: Closing PS4Controller and quitting pygame
2024-10-28 21:42:03,993 INFO: Port closed successfully.
2024-10-28 21:42:03,993 INFO: Shutdown complete.
2024-10-28 21:42:03,994 ERROR: Controller connection lost!
2024-10-28 21:42:03,994 ERROR: Controller is disconnected.
2024-10-28 21:42:03,995 ERROR: Controller connection lost!
2024-10-28 21:42:03,995 ERROR: Controller is disconnected.
2024-10-28 21:42:03,995 ERROR: Controller connection lost!
2024-10-28 21:42:03,996 ERROR: Controller is disconnected.
2024-10-28 21:42:03,997 ERROR: Error while logging robot states: Attempting to use a port that is not open
