2024-10-28 20:16:14,925 INFO: Initializing PS4Controller
2024-10-28 20:16:15,186 INFO: Configuration loaded successfully
2024-10-28 20:16:15,187 ERROR: Error initialising components: [Errno 2] could not open port /dev/ttyACM0: [Errno 2] No such file or directory: '/dev/ttyACM0'
2024-10-28 20:16:15,348 INFO: Initialised Streamlit dashboard
2024-10-28 20:16:20,367 INFO: Initializing PS4Controller
2024-10-28 20:16:20,433 INFO: Configuration loaded successfully
2024-10-28 20:16:20,435 ERROR: Error initialising components: [Errno 2] could not open port /dev/ttyACM0: [Errno 2] No such file or directory: '/dev/ttyACM0'
2024-10-28 20:16:20,446 INFO: Initialised Streamlit dashboard
2024-10-28 20:16:37,258 INFO: Initializing PS4Controller
2024-10-28 20:16:37,304 INFO: Configuration loaded successfully
2024-10-28 20:16:37,309 INFO: Port /dev/ttyACM0 opened successfully
2024-10-28 20:16:37,318 INFO: Baudrate set to 1000000
2024-10-28 20:16:37,319 INFO: Control table loaded successfully.
2024-10-28 20:16:37,320 INFO: Motor group 'Pivot_Group' created with motors: [7, 8]
2024-10-28 20:16:37,320 INFO: Motor group 'Wheg_Group' created with motors: [1, 2, 3, 4, 5, 6]
2024-10-28 20:16:37,321 INFO: Motor group 'All_Motors' created with motors: [1, 2, 3, 4, 5, 6, 7, 8]
2024-10-28 20:16:37,322 INFO: Motor group 'Left_Whegs' created with motors: [1, 2, 3]
2024-10-28 20:16:37,322 INFO: Motor group 'Right_Whegs' created with motors: [4, 5, 6]
2024-10-28 20:16:37,323 INFO: Motor group 'Front_Whegs' created with motors: [3, 6]
2024-10-28 20:16:37,323 INFO: Motor group 'Rear_Whegs' created with motors: [1, 4]
2024-10-28 20:16:37,324 INFO: Motor group 'Middle_Whegs' created with motors: [2, 5]
2024-10-28 20:16:37,324 INFO: Motor group 'Two_Right_One_Left' created with motors: [2, 4, 6]
2024-10-28 20:16:37,325 INFO: Motor group 'Two_Left_One_Right' created with motors: [5, 1, 3]
2024-10-28 20:16:37,325 INFO: Initialised PS4 controller, Dynamixel, and Robot State
2024-10-28 20:16:37,337 INFO: Initialised Streamlit dashboard
2024-10-28 20:16:37,342 INFO: Disabling torque for group Right_Whegs
2024-10-28 20:16:37,343 INFO: Drive mode set for group Right_Whegs with reverse_direction=True
2024-10-28 20:16:37,344 INFO: Enabling torque for group Right_Whegs
2024-10-28 20:16:37,347 INFO: Motor 4 drive mode correctly set to reverse
2024-10-28 20:16:37,348 INFO: Motor 5 drive mode correctly set to reverse
2024-10-28 20:16:37,349 INFO: Motor 6 drive mode correctly set to reverse
2024-10-28 20:16:37,350 INFO: Disabling torque for group Left_Whegs
2024-10-28 20:16:37,351 INFO: Drive mode set for group Left_Whegs with reverse_direction=False
2024-10-28 20:16:37,352 INFO: Enabling torque for group Left_Whegs
2024-10-28 20:16:37,357 INFO: Motor 1 drive mode correctly set to normal
2024-10-28 20:16:37,357 INFO: Motor 2 drive mode correctly set to normal
2024-10-28 20:16:37,358 INFO: Motor 3 drive mode correctly set to normal
2024-10-28 20:16:37,358 INFO: Set the right side whegs to reverse direction
2024-10-28 20:16:37,359 INFO: Disabling torque for group Pivot_Group
2024-10-28 20:16:37,360 INFO: Drive mode set for group Pivot_Group with reverse_direction=False
2024-10-28 20:16:37,361 INFO: Enabling torque for group Pivot_Group
2024-10-28 20:16:37,364 INFO: Motor 7 drive mode correctly set to normal
2024-10-28 20:16:37,365 INFO: Motor 8 drive mode correctly set to normal
2024-10-28 20:16:37,366 INFO: Position limits set for group Pivot_Group: min=90째 (ticks=1023), max=270째 (ticks=3071)
2024-10-28 20:16:37,367 INFO: Set position limits for the pivot motors
2024-10-28 20:16:37,369 INFO: Initialising Gait 1
2024-10-28 20:16:37,370 INFO: Running set_position_group for group 'Wheg_Group' with positions: 180
2024-10-28 20:16:37,375 WARNING: Motor 1 is not in Position Control Mode. Setting mode now.
2024-10-28 20:16:37,376 INFO: Setting operating mode 'position' for group 'Wheg_Group'
2024-10-28 20:16:37,377 INFO: Disabling torque for group Wheg_Group
2024-10-28 20:16:37,378 INFO: Enabling torque for group Wheg_Group
2024-10-28 20:16:37,379 INFO: Setting the profile velocity for group Wheg_Group from config.yaml: 10
2024-10-28 20:16:37,380 INFO: Profile velocities set for group Wheg_Group: {1: 43.7, 2: 43.7, 3: 43.7, 4: 43.7, 5: 43.7, 6: 43.7}
2024-10-28 20:16:37,381 INFO: Running set_position_group for group 'Pivot_Group' with positions: 180
2024-10-28 20:16:37,385 WARNING: Motor 7 is not in Position Control Mode. Setting mode now.
2024-10-28 20:16:37,386 INFO: Setting operating mode 'position' for group 'Pivot_Group'
2024-10-28 20:16:37,386 INFO: Disabling torque for group Pivot_Group
2024-10-28 20:16:37,387 INFO: Enabling torque for group Pivot_Group
2024-10-28 20:16:37,388 INFO: Setting the profile velocity for group Pivot_Group from config.yaml: 4
2024-10-28 20:16:37,389 INFO: Profile velocities set for group Pivot_Group: {7: 17.48, 8: 17.48}
2024-10-28 20:16:37,391 INFO: Initialised Gait 1, waiting for 3 seconds
2024-10-28 20:16:37,452 INFO: Motor     Position (degrees)       Velocity (RPM)      Load (%)  
2024-10-28 20:16:37,452 INFO: 1         135.35                   2.98                1.9       
2024-10-28 20:16:37,453 INFO: 2         152.31                   2.52                2.3       
2024-10-28 20:16:37,454 INFO: 3         143.00                   2.52                2.2       
2024-10-28 20:16:37,454 INFO: 4         154.69                   2.98                2.1       
2024-10-28 20:16:37,455 INFO: 5         138.52                   3.21                1.8       
2024-10-28 20:16:37,456 INFO: 6         152.05                   2.98                2.6       
2024-10-28 20:16:37,456 INFO: 7         179.91                   0.00                0.0       
2024-10-28 20:16:37,457 INFO: 8         180.44                   0.00                -1.1      
2024-10-28 20:16:40,392 INFO: Setting operating mode 'multi_turn' for group 'Wheg_Group'
2024-10-28 20:16:40,393 INFO: Disabling torque for group Wheg_Group
2024-10-28 20:16:40,395 INFO: Enabling torque for group Wheg_Group
2024-10-28 20:16:40,397 INFO: Setting the profile velocity for group Wheg_Group from config.yaml: 10
2024-10-28 20:16:40,400 INFO: Profile velocities set for group Wheg_Group: {1: 43.7, 2: 43.7, 3: 43.7, 4: 43.7, 5: 43.7, 6: 43.7}
2024-10-28 20:16:40,401 INFO: New gait 1 is now active.
2024-10-28 20:16:42,490 INFO: Motor     Position (degrees)       Velocity (RPM)      Load (%)  
2024-10-28 20:16:42,492 INFO: 1         179.74                   0.00                0.6       
2024-10-28 20:16:42,493 INFO: 2         179.74                   0.00                0.7       
2024-10-28 20:16:42,494 INFO: 3         179.82                   0.23                1.1       
2024-10-28 20:16:42,495 INFO: 4         179.65                   0.23                0.2       
2024-10-28 20:16:42,497 INFO: 5         179.74                   0.00                1.0       
2024-10-28 20:16:42,498 INFO: 6         179.82                   0.00                0.0       
2024-10-28 20:16:42,498 INFO: 7         179.82                   0.00                0.1       
2024-10-28 20:16:42,499 INFO: 8         180.44                   0.00                -3.4      
2024-10-28 20:16:42,704 INFO: Profile velocities set for group Wheg_Group: {1: 21.85, 2: 21.85, 3: 21.85, 4: 21.85, 5: 21.85, 6: 21.85}
2024-10-28 20:16:42,705 INFO: Incrementing motor positions by 360 degrees for group 'Wheg_Group'
2024-10-28 20:16:42,716 INFO: Gait 1 step executed at 5.00RPM, wait for 12.00 seconds
2024-10-28 20:16:47,530 INFO: Motor     Position (degrees)       Velocity (RPM)      Load (%)  
2024-10-28 20:16:47,531 INFO: 1         317.37                   5.04                1.3       
2024-10-28 20:16:47,531 INFO: 2         316.14                   5.04                1.5       
2024-10-28 20:16:47,532 INFO: 3         316.85                   5.04                1.5       
2024-10-28 20:16:47,533 INFO: 4         316.76                   4.81                1.5       
2024-10-28 20:16:47,533 INFO: 5         316.05                   5.04                1.4       
2024-10-28 20:16:47,534 INFO: 6         315.35                   4.81                1.6       
2024-10-28 20:16:47,535 INFO: 7         179.82                   0.00                0.1       
2024-10-28 20:16:47,536 INFO: 8         180.44                   0.00                -3.4      
2024-10-28 20:16:50,756 INFO: Initiating safe shutdown...
2024-10-28 20:16:50,757 INFO: Setting operating mode 'velocity' for group 'All_Motors'
2024-10-28 20:16:50,758 INFO: Disabling torque for group All_Motors
2024-10-28 20:16:50,759 INFO: Enabling torque for group All_Motors
2024-10-28 20:16:50,760 WARNING: Velocity limit 200 exceeds hard limit 100. Limiting to 100.
2024-10-28 20:16:50,761 INFO: Velocity limit set to 100 for group All_Motors
2024-10-28 20:16:50,761 INFO: Enabling torque for group All_Motors
2024-10-28 20:16:50,762 INFO: Target velocities set for group All_Motors: {1: 0, 2: 0, 3: 0, 4: 0, 5: 0, 6: 0, 7: 0, 8: 0}
2024-10-28 20:16:50,763 INFO: Running set_position_group for group 'All_Motors' with positions: 180
2024-10-28 20:16:50,771 WARNING: Motor 1 is not in Position Control Mode. Setting mode now.
2024-10-28 20:16:50,772 INFO: Setting operating mode 'position' for group 'All_Motors'
2024-10-28 20:16:50,772 INFO: Disabling torque for group All_Motors
2024-10-28 20:16:50,774 INFO: Enabling torque for group All_Motors
2024-10-28 20:16:50,775 INFO: Setting the profile velocity for group All_Motors from config.yaml: 5
2024-10-28 20:16:50,776 INFO: Profile velocities set for group All_Motors: {1: 21.85, 2: 21.85, 3: 21.85, 4: 21.85, 5: 21.85, 6: 21.85, 7: 21.85, 8: 21.85}
2024-10-28 20:16:50,777 INFO: Closing PS4Controller and quitting pygame
2024-10-28 20:16:50,889 INFO: Port closed successfully.
2024-10-28 20:16:50,903 INFO: Shutdown complete.
2024-10-28 20:16:50,904 INFO: Initializing PS4Controller
2024-10-28 20:16:50,906 ERROR: Controller connection lost!
2024-10-28 20:16:51,114 ERROR: Controller is disconnected.
2024-10-28 20:16:51,122 WARNING: Controller disconnected!
2024-10-28 20:16:51,145 ERROR: Controller is disconnected.
2024-10-28 20:16:51,174 WARNING: Controller disconnected!
2024-10-28 20:16:51,174 INFO: Configuration loaded successfully
2024-10-28 20:16:51,176 ERROR: Controller is disconnected.
2024-10-28 20:16:51,241 INFO: Port /dev/ttyACM0 opened successfully
2024-10-28 20:16:51,253 INFO: Baudrate set to 1000000
2024-10-28 20:16:51,254 INFO: Control table loaded successfully.
2024-10-28 20:16:51,254 INFO: Motor group 'Pivot_Group' created with motors: [7, 8]
2024-10-28 20:16:51,255 INFO: Motor group 'Wheg_Group' created with motors: [1, 2, 3, 4, 5, 6]
2024-10-28 20:16:51,256 INFO: Motor group 'All_Motors' created with motors: [1, 2, 3, 4, 5, 6, 7, 8]
2024-10-28 20:16:51,256 INFO: Motor group 'Left_Whegs' created with motors: [1, 2, 3]
2024-10-28 20:16:51,257 INFO: Motor group 'Right_Whegs' created with motors: [4, 5, 6]
2024-10-28 20:16:51,257 INFO: Motor group 'Front_Whegs' created with motors: [3, 6]
2024-10-28 20:16:51,258 INFO: Motor group 'Rear_Whegs' created with motors: [1, 4]
2024-10-28 20:16:51,258 INFO: Motor group 'Middle_Whegs' created with motors: [2, 5]
2024-10-28 20:16:51,259 INFO: Motor group 'Two_Right_One_Left' created with motors: [2, 4, 6]
2024-10-28 20:16:51,259 INFO: Motor group 'Two_Left_One_Right' created with motors: [5, 1, 3]
2024-10-28 20:16:51,260 INFO: Initialised PS4 controller, Dynamixel, and Robot State
2024-10-28 20:16:51,272 INFO: Initialised Streamlit dashboard
2024-10-28 20:16:51,274 INFO: Disabling torque for group Right_Whegs
2024-10-28 20:16:51,278 INFO: Drive mode set for group Right_Whegs with reverse_direction=True
2024-10-28 20:16:51,278 INFO: Enabling torque for group Right_Whegs
2024-10-28 20:16:51,282 INFO: Motor 4 drive mode correctly set to reverse
2024-10-28 20:16:51,283 INFO: Motor 5 drive mode correctly set to reverse
2024-10-28 20:16:51,283 INFO: Motor 6 drive mode correctly set to reverse
2024-10-28 20:16:51,284 INFO: Disabling torque for group Left_Whegs
2024-10-28 20:16:51,286 INFO: Drive mode set for group Left_Whegs with reverse_direction=False
2024-10-28 20:16:51,286 INFO: Enabling torque for group Left_Whegs
2024-10-28 20:16:51,291 INFO: Motor 1 drive mode correctly set to normal
2024-10-28 20:16:51,292 INFO: Motor 2 drive mode correctly set to normal
2024-10-28 20:16:51,293 INFO: Motor 3 drive mode correctly set to normal
2024-10-28 20:16:51,293 INFO: Set the right side whegs to reverse direction
2024-10-28 20:16:51,294 INFO: Disabling torque for group Pivot_Group
2024-10-28 20:16:51,295 INFO: Drive mode set for group Pivot_Group with reverse_direction=False
2024-10-28 20:16:51,296 INFO: Enabling torque for group Pivot_Group
2024-10-28 20:16:51,300 INFO: Motor 7 drive mode correctly set to normal
2024-10-28 20:16:51,301 INFO: Motor 8 drive mode correctly set to normal
2024-10-28 20:16:51,303 INFO: Position limits set for group Pivot_Group: min=90째 (ticks=1023), max=270째 (ticks=3071)
2024-10-28 20:16:51,303 INFO: Set position limits for the pivot motors
2024-10-28 20:16:51,305 INFO: Initialising Gait 1
2024-10-28 20:16:51,305 INFO: Running set_position_group for group 'Wheg_Group' with positions: 180
2024-10-28 20:16:51,311 INFO: Running set_position_group for group 'Pivot_Group' with positions: 180
2024-10-28 20:16:51,315 INFO: Initialised Gait 1, waiting for 3 seconds
2024-10-28 20:16:51,377 INFO: Motor     Position (degrees)       Velocity (RPM)      Load (%)  
2024-10-28 20:16:51,378 INFO: 1         67.06                    1.83                1.0       
2024-10-28 20:16:51,378 INFO: 2         65.30                    2.29                1.2       
2024-10-28 20:16:51,379 INFO: 3         66.36                    2.06                1.2       
2024-10-28 20:16:51,379 INFO: 4         66.62                    2.52                1.1       
2024-10-28 20:16:51,381 INFO: 5         65.39                    2.52                1.1       
2024-10-28 20:16:51,381 INFO: 6         64.07                    1.60                1.1       
2024-10-28 20:16:51,382 INFO: 7         179.91                   0.00                0.0       
2024-10-28 20:16:51,383 INFO: 8         180.44                   0.00                -2.6      
2024-10-28 20:16:54,317 INFO: Setting operating mode 'multi_turn' for group 'Wheg_Group'
2024-10-28 20:16:54,318 INFO: Disabling torque for group Wheg_Group
2024-10-28 20:16:54,319 INFO: Enabling torque for group Wheg_Group
2024-10-28 20:16:54,320 INFO: Setting the profile velocity for group Wheg_Group from config.yaml: 10
2024-10-28 20:16:54,321 INFO: Profile velocities set for group Wheg_Group: {1: 43.7, 2: 43.7, 3: 43.7, 4: 43.7, 5: 43.7, 6: 43.7}
2024-10-28 20:16:54,322 INFO: New gait 1 is now active.
2024-10-28 20:16:56,415 INFO: Motor     Position (degrees)       Velocity (RPM)      Load (%)  
2024-10-28 20:16:56,416 INFO: 1         151.00                   983547509.18        1.1       
2024-10-28 20:16:56,418 INFO: 2         150.64                   0.92                -1.2      
2024-10-28 20:16:56,419 INFO: 3         151.00                   1.60                -1.1      
2024-10-28 20:16:56,420 INFO: 4         151.35                   983547509.64        1.2       
2024-10-28 20:16:56,421 INFO: 5         150.64                   983547509.41        1.1       
2024-10-28 20:16:56,422 INFO: 6         149.94                   0.23                -1.0      
2024-10-28 20:16:56,423 INFO: 7         179.82                   0.00                0.0       
2024-10-28 20:16:56,425 INFO: 8         180.35                   0.00                -3.2      
2024-10-28 20:16:56,489 INFO: Initiating safe shutdown...
2024-10-28 20:16:56,490 INFO: Setting operating mode 'velocity' for group 'All_Motors'
2024-10-28 20:16:56,491 INFO: Disabling torque for group All_Motors
2024-10-28 20:16:56,492 INFO: Enabling torque for group All_Motors
2024-10-28 20:16:56,493 WARNING: Velocity limit 200 exceeds hard limit 100. Limiting to 100.
2024-10-28 20:16:56,494 INFO: Velocity limit set to 100 for group All_Motors
2024-10-28 20:16:56,494 INFO: Enabling torque for group All_Motors
2024-10-28 20:16:56,495 INFO: Target velocities set for group All_Motors: {1: 0, 2: 0, 3: 0, 4: 0, 5: 0, 6: 0, 7: 0, 8: 0}
2024-10-28 20:16:56,496 INFO: Running set_position_group for group 'All_Motors' with positions: 180
2024-10-28 20:16:56,503 WARNING: Motor 1 is not in Position Control Mode. Setting mode now.
2024-10-28 20:16:56,504 INFO: Setting operating mode 'position' for group 'All_Motors'
2024-10-28 20:16:56,505 INFO: Disabling torque for group All_Motors
2024-10-28 20:16:56,506 INFO: Enabling torque for group All_Motors
2024-10-28 20:16:56,507 INFO: Setting the profile velocity for group All_Motors from config.yaml: 5
2024-10-28 20:16:56,508 INFO: Profile velocities set for group All_Motors: {1: 21.85, 2: 21.85, 3: 21.85, 4: 21.85, 5: 21.85, 6: 21.85, 7: 21.85, 8: 21.85}
2024-10-28 20:16:56,509 INFO: Closing PS4Controller and quitting pygame
2024-10-28 20:16:56,588 INFO: Port closed successfully.
2024-10-28 20:16:56,589 INFO: Shutdown complete.
2024-10-28 20:16:56,590 ERROR: Controller connection lost!
2024-10-28 20:16:56,590 ERROR: Controller is disconnected.
2024-10-28 20:16:56,591 ERROR: Controller connection lost!
2024-10-28 20:16:56,592 ERROR: Controller is disconnected.
2024-10-28 20:16:56,592 ERROR: Controller connection lost!
2024-10-28 20:16:56,593 ERROR: Controller is disconnected.
