2024-10-28 21:26:52,280 INFO: Initializing PS4Controller
2024-10-28 21:26:52,571 INFO: Configuration loaded successfully
2024-10-28 21:26:52,574 INFO: Port /dev/ttyACM0 opened successfully
2024-10-28 21:26:52,629 INFO: Initializing PS4Controller
2024-10-28 21:26:52,630 INFO: Baudrate set to 1000000
2024-10-28 21:26:52,646 INFO: Control table loaded successfully.
2024-10-28 21:26:52,658 INFO: Motor group 'Pivot_Group' created with motors: [7, 8]
2024-10-28 21:26:52,674 INFO: Motor group 'Wheg_Group' created with motors: [1, 2, 3, 4, 5, 6]
2024-10-28 21:26:52,678 INFO: Configuration loaded successfully
2024-10-28 21:26:52,679 INFO: Motor group 'All_Motors' created with motors: [1, 2, 3, 4, 5, 6, 7, 8]
2024-10-28 21:26:52,680 INFO: Motor group 'Left_Whegs' created with motors: [1, 2, 3]
2024-10-28 21:26:52,681 INFO: Motor group 'Right_Whegs' created with motors: [4, 5, 6]
2024-10-28 21:26:52,681 INFO: Motor group 'Front_Whegs' created with motors: [3, 6]
2024-10-28 21:26:52,681 INFO: Motor group 'Rear_Whegs' created with motors: [1, 4]
2024-10-28 21:26:52,682 INFO: Motor group 'Middle_Whegs' created with motors: [2, 5]
2024-10-28 21:26:52,682 INFO: Motor group 'Two_Right_One_Left' created with motors: [2, 4, 6]
2024-10-28 21:26:52,683 INFO: Motor group 'Two_Left_One_Right' created with motors: [5, 1, 3]
2024-10-28 21:26:52,684 INFO: Port /dev/ttyACM0 opened successfully
2024-10-28 21:26:52,684 INFO: Initialised PS4 controller, Dynamixel, and Robot State
2024-10-28 21:26:52,688 INFO: Baudrate set to 1000000
2024-10-28 21:26:52,689 INFO: Control table loaded successfully.
2024-10-28 21:26:52,690 INFO: Motor group 'Pivot_Group' created with motors: [7, 8]
2024-10-28 21:26:52,691 INFO: Motor group 'Wheg_Group' created with motors: [1, 2, 3, 4, 5, 6]
2024-10-28 21:26:52,692 INFO: Motor group 'All_Motors' created with motors: [1, 2, 3, 4, 5, 6, 7, 8]
2024-10-28 21:26:52,694 INFO: Motor group 'Left_Whegs' created with motors: [1, 2, 3]
2024-10-28 21:26:52,695 INFO: Motor group 'Right_Whegs' created with motors: [4, 5, 6]
2024-10-28 21:26:52,695 INFO: Motor group 'Front_Whegs' created with motors: [3, 6]
2024-10-28 21:26:52,696 INFO: Motor group 'Rear_Whegs' created with motors: [1, 4]
2024-10-28 21:26:52,697 INFO: Motor group 'Middle_Whegs' created with motors: [2, 5]
2024-10-28 21:26:52,697 INFO: Motor group 'Two_Right_One_Left' created with motors: [2, 4, 6]
2024-10-28 21:26:52,698 INFO: Motor group 'Two_Left_One_Right' created with motors: [5, 1, 3]
2024-10-28 21:26:52,699 INFO: Initialised PS4 controller, Dynamixel, and Robot State
2024-10-28 21:26:52,711 INFO: Initialised Streamlit dashboard
2024-10-28 21:26:52,713 INFO: Disabling torque for group Right_Whegs
2024-10-28 21:26:52,719 INFO: Drive mode set for group Right_Whegs with reverse_direction=True
2024-10-28 21:26:52,720 INFO: Enabling torque for group Right_Whegs
2024-10-28 21:26:52,724 INFO: Motor 4 drive mode correctly set to reverse
2024-10-28 21:26:52,725 INFO: Motor 5 drive mode correctly set to reverse
2024-10-28 21:26:52,726 INFO: Motor 6 drive mode correctly set to reverse
2024-10-28 21:26:52,727 INFO: Disabling torque for group Left_Whegs
2024-10-28 21:26:52,729 INFO: Drive mode set for group Left_Whegs with reverse_direction=False
2024-10-28 21:26:52,730 INFO: Enabling torque for group Left_Whegs
2024-10-28 21:26:52,735 INFO: Motor 1 drive mode correctly set to normal
2024-10-28 21:26:52,736 INFO: Motor 2 drive mode correctly set to normal
2024-10-28 21:26:52,737 INFO: Motor 3 drive mode correctly set to normal
2024-10-28 21:26:52,738 INFO: Set the right side whegs to reverse direction
2024-10-28 21:26:52,739 INFO: Disabling torque for group Pivot_Group
2024-10-28 21:26:52,740 INFO: Drive mode set for group Pivot_Group with reverse_direction=False
2024-10-28 21:26:52,741 INFO: Enabling torque for group Pivot_Group
2024-10-28 21:26:52,746 INFO: Motor 7 drive mode correctly set to normal
2024-10-28 21:26:52,747 INFO: Motor 8 drive mode correctly set to normal
2024-10-28 21:26:52,749 INFO: Position limits set for group Pivot_Group: min=90° (ticks=1023), max=270° (ticks=3071)
2024-10-28 21:26:52,750 INFO: Set position limits for the pivot motors
2024-10-28 21:26:52,752 INFO: Initialising Gait 1
2024-10-28 21:26:52,753 INFO: Running set_position_group for group 'Wheg_Group' with positions: 180
2024-10-28 21:26:52,759 INFO: Running set_position_group for group 'Pivot_Group' with positions: 180
2024-10-28 21:26:52,763 INFO: Initialised Gait 1, waiting for 3 seconds
2024-10-28 21:26:52,826 INFO: Motor     Position (degrees)       Velocity (RPM)      Load (%)  
2024-10-28 21:26:52,826 INFO: 1         179.82                   0.23                1.2       
2024-10-28 21:26:52,827 INFO: 2         179.65                   0.23                1.1       
2024-10-28 21:26:52,828 INFO: 3         179.30                   0.23                1.2       
2024-10-28 21:26:52,828 INFO: 4         179.74                   0.23                1.2       
2024-10-28 21:26:52,829 INFO: 5         179.82                   0.23                1.1       
2024-10-28 21:26:52,830 INFO: 6         179.91                   0.46                0.0       
2024-10-28 21:26:52,831 INFO: 7         179.65                   0.00                1.6       
2024-10-28 21:26:52,832 INFO: 8         180.70                   0.00                -3.7      
2024-10-28 21:26:52,833 INFO: Updating dashboard
2024-10-28 21:26:52,864 INFO: Motor ID LR_WHEG (Numeric ID 1): load_percentage = 1.2 (color = #4CAF50)
2024-10-28 21:26:52,867 INFO: Motor ID LM_WHEG (Numeric ID 2): load_percentage = 1.1 (color = #4CAF50)
2024-10-28 21:26:52,868 INFO: Motor ID LF_WHEG (Numeric ID 3): load_percentage = 1.2 (color = #4CAF50)
2024-10-28 21:26:52,870 INFO: Motor ID RR_WHEG (Numeric ID 4): load_percentage = 1.2 (color = #4CAF50)
2024-10-28 21:26:52,873 INFO: Motor ID RM_WHEG (Numeric ID 5): load_percentage = 1.0 (color = #4CAF50)
2024-10-28 21:26:52,875 INFO: Motor ID RF_WHEG (Numeric ID 6): load_percentage = 0.2 (color = #4CAF50)
2024-10-28 21:26:52,877 INFO: Motor ID FRONT_PIVOT (Numeric ID 7): load_percentage = 1.7 (color = #4CAF50)
2024-10-28 21:26:52,880 INFO: Motor ID REAR_PIVOT (Numeric ID 8): load_percentage = 4.3 (color = #4CAF50)
2024-10-28 21:26:54,318 INFO: Updating dashboard
2024-10-28 21:26:54,350 INFO: Motor ID LR_WHEG (Numeric ID 1): load_percentage = 0.0 (color = #4CAF50)
2024-10-28 21:26:54,352 INFO: Motor ID LM_WHEG (Numeric ID 2): load_percentage = 1.1 (color = #4CAF50)
2024-10-28 21:26:54,354 INFO: Motor ID LF_WHEG (Numeric ID 3): load_percentage = 1.2 (color = #4CAF50)
2024-10-28 21:26:54,356 INFO: Motor ID RR_WHEG (Numeric ID 4): load_percentage = 0.9 (color = #4CAF50)
2024-10-28 21:26:54,358 INFO: Motor ID RM_WHEG (Numeric ID 5): load_percentage = 0.1 (color = #4CAF50)
2024-10-28 21:26:54,360 INFO: Motor ID RF_WHEG (Numeric ID 6): load_percentage = 0.0 (color = #4CAF50)
2024-10-28 21:26:54,362 INFO: Motor ID FRONT_PIVOT (Numeric ID 7): load_percentage = 1.6 (color = #4CAF50)
2024-10-28 21:26:54,365 INFO: Motor ID REAR_PIVOT (Numeric ID 8): load_percentage = 5.1 (color = #4CAF50)
2024-10-28 21:26:55,756 INFO: Updating dashboard
2024-10-28 21:26:55,787 INFO: Motor ID LR_WHEG (Numeric ID 1): load_percentage = 0.9 (color = #4CAF50)
2024-10-28 21:26:55,789 INFO: Motor ID LM_WHEG (Numeric ID 2): load_percentage = 1.1 (color = #4CAF50)
2024-10-28 21:26:55,791 INFO: Motor ID LF_WHEG (Numeric ID 3): load_percentage = 1.2 (color = #4CAF50)
2024-10-28 21:26:55,792 INFO: Motor ID RR_WHEG (Numeric ID 4): load_percentage = 0.8 (color = #4CAF50)
2024-10-28 21:26:55,794 INFO: Motor ID RM_WHEG (Numeric ID 5): load_percentage = 0.8 (color = #4CAF50)
2024-10-28 21:26:55,797 INFO: Motor ID RF_WHEG (Numeric ID 6): load_percentage = 0.0 (color = #4CAF50)
2024-10-28 21:26:55,799 INFO: Motor ID FRONT_PIVOT (Numeric ID 7): load_percentage = 1.6 (color = #4CAF50)
2024-10-28 21:26:55,801 INFO: Motor ID REAR_PIVOT (Numeric ID 8): load_percentage = 5.1 (color = #4CAF50)
2024-10-28 21:26:57,053 INFO: Setting operating mode 'multi_turn' for group 'Wheg_Group'
2024-10-28 21:26:57,055 INFO: Disabling torque for group Wheg_Group
2024-10-28 21:26:57,056 INFO: Enabling torque for group Wheg_Group
2024-10-28 21:26:57,057 INFO: Setting the profile velocity for group Wheg_Group from config.yaml: 10
2024-10-28 21:26:57,058 INFO: Profile velocities set for group Wheg_Group: {1: 43.7, 2: 43.7, 3: 43.7, 4: 43.7, 5: 43.7, 6: 43.7}
2024-10-28 21:26:57,059 INFO: New gait 1 is now active.
2024-10-28 21:26:57,091 INFO: Profile velocities set for group Wheg_Group: {1: 21.85, 2: 21.85, 3: 21.85, 4: 21.85, 5: 21.85, 6: 21.85}
2024-10-28 21:26:57,091 INFO: Incrementing motor positions by 360 degrees for group 'Wheg_Group'
2024-10-28 21:26:57,102 INFO: Gait 1 step executed at 5.00RPM, wait for 12.00 seconds
2024-10-28 21:26:57,154 INFO: Updating dashboard
2024-10-28 21:26:57,185 INFO: Motor ID LR_WHEG (Numeric ID 1): load_percentage = 1.8 (color = #4CAF50)
2024-10-28 21:26:57,188 INFO: Motor ID LM_WHEG (Numeric ID 2): load_percentage = 1.8 (color = #4CAF50)
2024-10-28 21:26:57,190 INFO: Motor ID LF_WHEG (Numeric ID 3): load_percentage = 1.8 (color = #4CAF50)
2024-10-28 21:26:57,191 INFO: Motor ID RR_WHEG (Numeric ID 4): load_percentage = 1.8 (color = #4CAF50)
2024-10-28 21:26:57,193 INFO: Motor ID RM_WHEG (Numeric ID 5): load_percentage = 1.6 (color = #4CAF50)
2024-10-28 21:26:57,195 INFO: Motor ID RF_WHEG (Numeric ID 6): load_percentage = 1.8 (color = #4CAF50)
2024-10-28 21:26:57,197 INFO: Motor ID FRONT_PIVOT (Numeric ID 7): load_percentage = 1.6 (color = #4CAF50)
2024-10-28 21:26:57,199 INFO: Motor ID REAR_PIVOT (Numeric ID 8): load_percentage = 5.1 (color = #4CAF50)
2024-10-28 21:26:58,494 INFO: Motor     Position (degrees)       Velocity (RPM)      Load (%)  
2024-10-28 21:26:58,494 INFO: 1         217.35                   4.81                1.9       
2024-10-28 21:26:58,495 INFO: 2         217.09                   5.04                1.9       
2024-10-28 21:26:58,495 INFO: 3         217.00                   5.04                2.0       
2024-10-28 21:26:58,496 INFO: 4         217.18                   4.81                2.0       
2024-10-28 21:26:58,497 INFO: 5         217.35                   4.81                1.8       
2024-10-28 21:26:58,497 INFO: 6         217.44                   4.81                2.0       
2024-10-28 21:26:58,498 INFO: 7         179.65                   0.00                1.6       
2024-10-28 21:26:58,498 INFO: 8         180.70                   0.00                -5.1      
2024-10-28 21:26:58,535 INFO: Updating dashboard
2024-10-28 21:26:58,566 INFO: Motor ID LR_WHEG (Numeric ID 1): load_percentage = 1.8 (color = #4CAF50)
2024-10-28 21:26:58,568 INFO: Motor ID LM_WHEG (Numeric ID 2): load_percentage = 1.9 (color = #4CAF50)
2024-10-28 21:26:58,571 INFO: Motor ID LF_WHEG (Numeric ID 3): load_percentage = 2.0 (color = #4CAF50)
2024-10-28 21:26:58,573 INFO: Motor ID RR_WHEG (Numeric ID 4): load_percentage = 1.9 (color = #4CAF50)
2024-10-28 21:26:58,575 INFO: Motor ID RM_WHEG (Numeric ID 5): load_percentage = 1.8 (color = #4CAF50)
2024-10-28 21:26:58,576 INFO: Motor ID RF_WHEG (Numeric ID 6): load_percentage = 1.9 (color = #4CAF50)
2024-10-28 21:26:58,579 INFO: Motor ID FRONT_PIVOT (Numeric ID 7): load_percentage = 1.6 (color = #4CAF50)
2024-10-28 21:26:58,581 INFO: Motor ID REAR_PIVOT (Numeric ID 8): load_percentage = 5.1 (color = #4CAF50)
2024-10-28 21:26:59,921 INFO: Updating dashboard
2024-10-28 21:26:59,952 INFO: Motor ID LR_WHEG (Numeric ID 1): load_percentage = 1.9 (color = #4CAF50)
2024-10-28 21:26:59,953 INFO: Motor ID LM_WHEG (Numeric ID 2): load_percentage = 2.0 (color = #4CAF50)
2024-10-28 21:26:59,955 INFO: Motor ID LF_WHEG (Numeric ID 3): load_percentage = 2.0 (color = #4CAF50)
2024-10-28 21:26:59,958 INFO: Motor ID RR_WHEG (Numeric ID 4): load_percentage = 2.0 (color = #4CAF50)
2024-10-28 21:26:59,961 INFO: Motor ID RM_WHEG (Numeric ID 5): load_percentage = 1.8 (color = #4CAF50)
2024-10-28 21:26:59,963 INFO: Motor ID RF_WHEG (Numeric ID 6): load_percentage = 1.9 (color = #4CAF50)
2024-10-28 21:26:59,964 INFO: Motor ID FRONT_PIVOT (Numeric ID 7): load_percentage = 1.6 (color = #4CAF50)
2024-10-28 21:26:59,966 INFO: Motor ID REAR_PIVOT (Numeric ID 8): load_percentage = 5.1 (color = #4CAF50)
2024-10-28 21:27:01,303 INFO: Updating dashboard
2024-10-28 21:27:01,334 INFO: Motor ID LR_WHEG (Numeric ID 1): load_percentage = 1.6 (color = #4CAF50)
2024-10-28 21:27:01,336 INFO: Motor ID LM_WHEG (Numeric ID 2): load_percentage = 1.6 (color = #4CAF50)
2024-10-28 21:27:01,338 INFO: Motor ID LF_WHEG (Numeric ID 3): load_percentage = 1.6 (color = #4CAF50)
2024-10-28 21:27:01,340 INFO: Motor ID RR_WHEG (Numeric ID 4): load_percentage = 1.6 (color = #4CAF50)
2024-10-28 21:27:01,342 INFO: Motor ID RM_WHEG (Numeric ID 5): load_percentage = 1.5 (color = #4CAF50)
2024-10-28 21:27:01,343 INFO: Motor ID RF_WHEG (Numeric ID 6): load_percentage = 1.6 (color = #4CAF50)
2024-10-28 21:27:01,346 INFO: Motor ID FRONT_PIVOT (Numeric ID 7): load_percentage = 1.6 (color = #4CAF50)
2024-10-28 21:27:01,347 INFO: Motor ID REAR_PIVOT (Numeric ID 8): load_percentage = 5.1 (color = #4CAF50)
2024-10-28 21:27:02,688 INFO: Updating dashboard
2024-10-28 21:27:02,718 INFO: Motor ID LR_WHEG (Numeric ID 1): load_percentage = 1.2 (color = #4CAF50)
2024-10-28 21:27:02,720 INFO: Motor ID LM_WHEG (Numeric ID 2): load_percentage = 1.2 (color = #4CAF50)
2024-10-28 21:27:02,722 INFO: Motor ID LF_WHEG (Numeric ID 3): load_percentage = 1.3 (color = #4CAF50)
2024-10-28 21:27:02,724 INFO: Motor ID RR_WHEG (Numeric ID 4): load_percentage = 1.3 (color = #4CAF50)
2024-10-28 21:27:02,726 INFO: Motor ID RM_WHEG (Numeric ID 5): load_percentage = 1.2 (color = #4CAF50)
2024-10-28 21:27:02,728 INFO: Motor ID RF_WHEG (Numeric ID 6): load_percentage = 1.4 (color = #4CAF50)
2024-10-28 21:27:02,731 INFO: Motor ID FRONT_PIVOT (Numeric ID 7): load_percentage = 1.6 (color = #4CAF50)
2024-10-28 21:27:02,732 INFO: Motor ID REAR_PIVOT (Numeric ID 8): load_percentage = 5.1 (color = #4CAF50)
2024-10-28 21:27:04,028 INFO: Motor     Position (degrees)       Velocity (RPM)      Load (%)  
2024-10-28 21:27:04,029 INFO: 1         20.60                    5.04                1.1       
2024-10-28 21:27:04,030 INFO: 2         18.49                    5.04                1.1       
2024-10-28 21:27:04,030 INFO: 3         19.19                    5.04                1.2       
2024-10-28 21:27:04,031 INFO: 4         19.72                    4.58                1.4       
2024-10-28 21:27:04,031 INFO: 5         19.02                    5.04                1.0       
2024-10-28 21:27:04,032 INFO: 6         17.52                    4.58                1.3       
2024-10-28 21:27:04,032 INFO: 7         179.65                   0.00                1.6       
2024-10-28 21:27:04,032 INFO: 8         180.70                   0.00                -5.1      
2024-10-28 21:27:04,069 INFO: Updating dashboard
2024-10-28 21:27:04,100 INFO: Motor ID LR_WHEG (Numeric ID 1): load_percentage = 1.0 (color = #4CAF50)
2024-10-28 21:27:04,102 INFO: Motor ID LM_WHEG (Numeric ID 2): load_percentage = 1.1 (color = #4CAF50)
2024-10-28 21:27:04,105 INFO: Motor ID LF_WHEG (Numeric ID 3): load_percentage = 1.2 (color = #4CAF50)
2024-10-28 21:27:04,106 INFO: Motor ID RR_WHEG (Numeric ID 4): load_percentage = 1.3 (color = #4CAF50)
2024-10-28 21:27:04,108 INFO: Motor ID RM_WHEG (Numeric ID 5): load_percentage = 1.0 (color = #4CAF50)
2024-10-28 21:27:04,110 INFO: Motor ID RF_WHEG (Numeric ID 6): load_percentage = 1.4 (color = #4CAF50)
2024-10-28 21:27:04,111 INFO: Motor ID FRONT_PIVOT (Numeric ID 7): load_percentage = 1.6 (color = #4CAF50)
2024-10-28 21:27:04,114 INFO: Motor ID REAR_PIVOT (Numeric ID 8): load_percentage = 5.1 (color = #4CAF50)
2024-10-28 21:27:05,453 INFO: Updating dashboard
2024-10-28 21:27:05,484 INFO: Motor ID LR_WHEG (Numeric ID 1): load_percentage = 1.1 (color = #4CAF50)
2024-10-28 21:27:05,486 INFO: Motor ID LM_WHEG (Numeric ID 2): load_percentage = 1.1 (color = #4CAF50)
2024-10-28 21:27:05,487 INFO: Motor ID LF_WHEG (Numeric ID 3): load_percentage = 1.1 (color = #4CAF50)
2024-10-28 21:27:05,490 INFO: Motor ID RR_WHEG (Numeric ID 4): load_percentage = 1.1 (color = #4CAF50)
2024-10-28 21:27:05,493 INFO: Motor ID RM_WHEG (Numeric ID 5): load_percentage = 1.0 (color = #4CAF50)
2024-10-28 21:27:05,495 INFO: Motor ID RF_WHEG (Numeric ID 6): load_percentage = 1.2 (color = #4CAF50)
2024-10-28 21:27:05,497 INFO: Motor ID FRONT_PIVOT (Numeric ID 7): load_percentage = 1.6 (color = #4CAF50)
2024-10-28 21:27:05,499 INFO: Motor ID REAR_PIVOT (Numeric ID 8): load_percentage = 5.1 (color = #4CAF50)
2024-10-28 21:27:06,835 INFO: Updating dashboard
2024-10-28 21:27:06,865 INFO: Motor ID LR_WHEG (Numeric ID 1): load_percentage = 1.2 (color = #4CAF50)
2024-10-28 21:27:06,867 INFO: Motor ID LM_WHEG (Numeric ID 2): load_percentage = 1.1 (color = #4CAF50)
2024-10-28 21:27:06,869 INFO: Motor ID LF_WHEG (Numeric ID 3): load_percentage = 1.2 (color = #4CAF50)
2024-10-28 21:27:06,871 INFO: Motor ID RR_WHEG (Numeric ID 4): load_percentage = 1.2 (color = #4CAF50)
2024-10-28 21:27:06,873 INFO: Motor ID RM_WHEG (Numeric ID 5): load_percentage = 1.0 (color = #4CAF50)
2024-10-28 21:27:06,875 INFO: Motor ID RF_WHEG (Numeric ID 6): load_percentage = 1.3 (color = #4CAF50)
2024-10-28 21:27:06,877 INFO: Motor ID FRONT_PIVOT (Numeric ID 7): load_percentage = 1.6 (color = #4CAF50)
2024-10-28 21:27:06,879 INFO: Motor ID REAR_PIVOT (Numeric ID 8): load_percentage = 5.1 (color = #4CAF50)
2024-10-28 21:27:08,220 INFO: Updating dashboard
2024-10-28 21:27:08,251 INFO: Motor ID LR_WHEG (Numeric ID 1): load_percentage = 1.3 (color = #4CAF50)
2024-10-28 21:27:08,254 INFO: Motor ID LM_WHEG (Numeric ID 2): load_percentage = 1.3 (color = #4CAF50)
2024-10-28 21:27:08,256 INFO: Motor ID LF_WHEG (Numeric ID 3): load_percentage = 1.3 (color = #4CAF50)
2024-10-28 21:27:08,257 INFO: Motor ID RR_WHEG (Numeric ID 4): load_percentage = 1.4 (color = #4CAF50)
2024-10-28 21:27:08,259 INFO: Motor ID RM_WHEG (Numeric ID 5): load_percentage = 1.2 (color = #4CAF50)
2024-10-28 21:27:08,261 INFO: Motor ID RF_WHEG (Numeric ID 6): load_percentage = 1.5 (color = #4CAF50)
2024-10-28 21:27:08,263 INFO: Motor ID FRONT_PIVOT (Numeric ID 7): load_percentage = 1.6 (color = #4CAF50)
2024-10-28 21:27:08,265 INFO: Motor ID REAR_PIVOT (Numeric ID 8): load_percentage = 5.1 (color = #4CAF50)
2024-10-28 21:27:09,563 INFO: Motor     Position (degrees)       Velocity (RPM)      Load (%)  
2024-10-28 21:27:09,563 INFO: 1         178.01                   4.81                1.6       
2024-10-28 21:27:09,564 INFO: 2         177.66                   4.81                1.6       
2024-10-28 21:27:09,565 INFO: 3         177.66                   5.04                1.6       
2024-10-28 21:27:09,565 INFO: 4         178.45                   5.04                1.6       
2024-10-28 21:27:09,566 INFO: 5         178.63                   4.81                1.5       
2024-10-28 21:27:09,566 INFO: 6         177.92                   4.81                1.7       
2024-10-28 21:27:09,567 INFO: 7         179.65                   0.00                1.6       
2024-10-28 21:27:09,567 INFO: 8         180.70                   0.00                -5.1      
2024-10-28 21:27:09,603 INFO: Updating dashboard
2024-10-28 21:27:09,634 INFO: Motor ID LR_WHEG (Numeric ID 1): load_percentage = 1.2 (color = #4CAF50)
2024-10-28 21:27:09,636 INFO: Motor ID LM_WHEG (Numeric ID 2): load_percentage = 1.1 (color = #4CAF50)
2024-10-28 21:27:09,638 INFO: Motor ID LF_WHEG (Numeric ID 3): load_percentage = 1.2 (color = #4CAF50)
2024-10-28 21:27:09,640 INFO: Motor ID RR_WHEG (Numeric ID 4): load_percentage = 1.2 (color = #4CAF50)
2024-10-28 21:27:09,642 INFO: Motor ID RM_WHEG (Numeric ID 5): load_percentage = 1.1 (color = #4CAF50)
2024-10-28 21:27:09,644 INFO: Motor ID RF_WHEG (Numeric ID 6): load_percentage = 1.0 (color = #4CAF50)
2024-10-28 21:27:09,646 INFO: Motor ID FRONT_PIVOT (Numeric ID 7): load_percentage = 1.6 (color = #4CAF50)
2024-10-28 21:27:09,649 INFO: Motor ID REAR_PIVOT (Numeric ID 8): load_percentage = 5.1 (color = #4CAF50)
2024-10-28 21:27:10,989 INFO: Updating dashboard
2024-10-28 21:27:11,019 INFO: Motor ID LR_WHEG (Numeric ID 1): load_percentage = 0.2 (color = #4CAF50)
2024-10-28 21:27:11,021 INFO: Motor ID LM_WHEG (Numeric ID 2): load_percentage = 1.1 (color = #4CAF50)
2024-10-28 21:27:11,024 INFO: Motor ID LF_WHEG (Numeric ID 3): load_percentage = 1.2 (color = #4CAF50)
2024-10-28 21:27:11,025 INFO: Motor ID RR_WHEG (Numeric ID 4): load_percentage = 0.8 (color = #4CAF50)
2024-10-28 21:27:11,027 INFO: Motor ID RM_WHEG (Numeric ID 5): load_percentage = 1.1 (color = #4CAF50)
2024-10-28 21:27:11,029 INFO: Motor ID RF_WHEG (Numeric ID 6): load_percentage = 0.3 (color = #4CAF50)
2024-10-28 21:27:11,031 INFO: Motor ID FRONT_PIVOT (Numeric ID 7): load_percentage = 1.6 (color = #4CAF50)
2024-10-28 21:27:11,032 INFO: Motor ID REAR_PIVOT (Numeric ID 8): load_percentage = 5.1 (color = #4CAF50)
2024-10-28 21:27:12,370 INFO: Updating dashboard
2024-10-28 21:27:12,401 INFO: Motor ID LR_WHEG (Numeric ID 1): load_percentage = 1.2 (color = #4CAF50)
2024-10-28 21:27:12,402 INFO: Motor ID LM_WHEG (Numeric ID 2): load_percentage = 0.4 (color = #4CAF50)
2024-10-28 21:27:12,405 INFO: Motor ID LF_WHEG (Numeric ID 3): load_percentage = 1.2 (color = #4CAF50)
2024-10-28 21:27:12,407 INFO: Motor ID RR_WHEG (Numeric ID 4): load_percentage = 1.1 (color = #4CAF50)
2024-10-28 21:27:12,409 INFO: Motor ID RM_WHEG (Numeric ID 5): load_percentage = 0.9 (color = #4CAF50)
2024-10-28 21:27:12,411 INFO: Motor ID RF_WHEG (Numeric ID 6): load_percentage = 0.0 (color = #4CAF50)
2024-10-28 21:27:12,412 INFO: Motor ID FRONT_PIVOT (Numeric ID 7): load_percentage = 1.6 (color = #4CAF50)
2024-10-28 21:27:12,414 INFO: Motor ID REAR_PIVOT (Numeric ID 8): load_percentage = 5.1 (color = #4CAF50)
2024-10-28 21:27:13,752 INFO: Updating dashboard
2024-10-28 21:27:13,783 INFO: Motor ID LR_WHEG (Numeric ID 1): load_percentage = 0.8 (color = #4CAF50)
2024-10-28 21:27:13,785 INFO: Motor ID LM_WHEG (Numeric ID 2): load_percentage = 0.6 (color = #4CAF50)
2024-10-28 21:27:13,788 INFO: Motor ID LF_WHEG (Numeric ID 3): load_percentage = 1.2 (color = #4CAF50)
2024-10-28 21:27:13,789 INFO: Motor ID RR_WHEG (Numeric ID 4): load_percentage = 0.0 (color = #4CAF50)
2024-10-28 21:27:13,791 INFO: Motor ID RM_WHEG (Numeric ID 5): load_percentage = 1.1 (color = #4CAF50)
2024-10-28 21:27:13,793 INFO: Motor ID RF_WHEG (Numeric ID 6): load_percentage = 0.4 (color = #4CAF50)
2024-10-28 21:27:13,795 INFO: Motor ID FRONT_PIVOT (Numeric ID 7): load_percentage = 1.6 (color = #4CAF50)
2024-10-28 21:27:13,797 INFO: Motor ID REAR_PIVOT (Numeric ID 8): load_percentage = 5.1 (color = #4CAF50)
2024-10-28 21:27:15,092 INFO: Motor     Position (degrees)       Velocity (RPM)      Load (%)  
2024-10-28 21:27:15,093 INFO: 1         180.65                   0.23                1.1       
2024-10-28 21:27:15,094 INFO: 2         180.38                   0.23                1.1       
2024-10-28 21:27:15,094 INFO: 3         179.86                   0.23                1.2       
2024-10-28 21:27:15,095 INFO: 4         180.30                   0.00                0.5       
2024-10-28 21:27:15,095 INFO: 5         180.56                   0.23                0.2       
2024-10-28 21:27:15,095 INFO: 6         180.65                   0.00                0.0       
2024-10-28 21:27:15,096 INFO: 7         179.65                   0.00                1.6       
2024-10-28 21:27:15,096 INFO: 8         180.70                   0.00                -5.1      
2024-10-28 21:27:15,133 INFO: Updating dashboard
2024-10-28 21:27:15,164 INFO: Motor ID LR_WHEG (Numeric ID 1): load_percentage = 0.2 (color = #4CAF50)
2024-10-28 21:27:15,166 INFO: Motor ID LM_WHEG (Numeric ID 2): load_percentage = 1.1 (color = #4CAF50)
2024-10-28 21:27:15,168 INFO: Motor ID LF_WHEG (Numeric ID 3): load_percentage = 1.2 (color = #4CAF50)
2024-10-28 21:27:15,171 INFO: Motor ID RR_WHEG (Numeric ID 4): load_percentage = 1.2 (color = #4CAF50)
2024-10-28 21:27:15,173 INFO: Motor ID RM_WHEG (Numeric ID 5): load_percentage = 1.1 (color = #4CAF50)
2024-10-28 21:27:15,175 INFO: Motor ID RF_WHEG (Numeric ID 6): load_percentage = 0.6 (color = #4CAF50)
2024-10-28 21:27:15,177 INFO: Motor ID FRONT_PIVOT (Numeric ID 7): load_percentage = 1.6 (color = #4CAF50)
2024-10-28 21:27:15,178 INFO: Motor ID REAR_PIVOT (Numeric ID 8): load_percentage = 5.1 (color = #4CAF50)
2024-10-28 21:27:16,517 INFO: Updating dashboard
2024-10-28 21:27:16,547 INFO: Motor ID LR_WHEG (Numeric ID 1): load_percentage = 1.1 (color = #4CAF50)
2024-10-28 21:27:16,549 INFO: Motor ID LM_WHEG (Numeric ID 2): load_percentage = 0.9 (color = #4CAF50)
2024-10-28 21:27:16,551 INFO: Motor ID LF_WHEG (Numeric ID 3): load_percentage = 1.2 (color = #4CAF50)
2024-10-28 21:27:16,553 INFO: Motor ID RR_WHEG (Numeric ID 4): load_percentage = 1.0 (color = #4CAF50)
2024-10-28 21:27:16,556 INFO: Motor ID RM_WHEG (Numeric ID 5): load_percentage = 0.9 (color = #4CAF50)
2024-10-28 21:27:16,558 INFO: Motor ID RF_WHEG (Numeric ID 6): load_percentage = 0.4 (color = #4CAF50)
2024-10-28 21:27:16,560 INFO: Motor ID FRONT_PIVOT (Numeric ID 7): load_percentage = 1.6 (color = #4CAF50)
2024-10-28 21:27:16,562 INFO: Motor ID REAR_PIVOT (Numeric ID 8): load_percentage = 5.1 (color = #4CAF50)
2024-10-28 21:27:17,896 INFO: Updating dashboard
2024-10-28 21:27:17,927 INFO: Motor ID LR_WHEG (Numeric ID 1): load_percentage = 1.2 (color = #4CAF50)
2024-10-28 21:27:17,929 INFO: Motor ID LM_WHEG (Numeric ID 2): load_percentage = 0.0 (color = #4CAF50)
2024-10-28 21:27:17,930 INFO: Motor ID LF_WHEG (Numeric ID 3): load_percentage = 1.2 (color = #4CAF50)
2024-10-28 21:27:17,933 INFO: Motor ID RR_WHEG (Numeric ID 4): load_percentage = 0.6 (color = #4CAF50)
2024-10-28 21:27:17,936 INFO: Motor ID RM_WHEG (Numeric ID 5): load_percentage = 1.1 (color = #4CAF50)
2024-10-28 21:27:17,938 INFO: Motor ID RF_WHEG (Numeric ID 6): load_percentage = 0.1 (color = #4CAF50)
2024-10-28 21:27:17,939 INFO: Motor ID FRONT_PIVOT (Numeric ID 7): load_percentage = 1.6 (color = #4CAF50)
2024-10-28 21:27:17,941 INFO: Motor ID REAR_PIVOT (Numeric ID 8): load_percentage = 5.1 (color = #4CAF50)
2024-10-28 21:27:19,279 INFO: Updating dashboard
2024-10-28 21:27:19,309 INFO: Motor ID LR_WHEG (Numeric ID 1): load_percentage = 0.7 (color = #4CAF50)
2024-10-28 21:27:19,311 INFO: Motor ID LM_WHEG (Numeric ID 2): load_percentage = 0.1 (color = #4CAF50)
2024-10-28 21:27:19,314 INFO: Motor ID LF_WHEG (Numeric ID 3): load_percentage = 1.2 (color = #4CAF50)
2024-10-28 21:27:19,316 INFO: Motor ID RR_WHEG (Numeric ID 4): load_percentage = 1.1 (color = #4CAF50)
2024-10-28 21:27:19,318 INFO: Motor ID RM_WHEG (Numeric ID 5): load_percentage = 0.7 (color = #4CAF50)
2024-10-28 21:27:19,320 INFO: Motor ID RF_WHEG (Numeric ID 6): load_percentage = 0.0 (color = #4CAF50)
2024-10-28 21:27:19,322 INFO: Motor ID FRONT_PIVOT (Numeric ID 7): load_percentage = 1.6 (color = #4CAF50)
2024-10-28 21:27:19,324 INFO: Motor ID REAR_PIVOT (Numeric ID 8): load_percentage = 5.1 (color = #4CAF50)
2024-10-28 21:27:20,620 INFO: Motor     Position (degrees)       Velocity (RPM)      Load (%)  
2024-10-28 21:27:20,620 INFO: 1         180.74                   0.23                1.1       
2024-10-28 21:27:20,621 INFO: 2         180.47                   0.00                0.1       
2024-10-28 21:27:20,622 INFO: 3         179.86                   0.23                1.2       
2024-10-28 21:27:20,622 INFO: 4         180.30                   0.00                0.9       
2024-10-28 21:27:20,622 INFO: 5         180.56                   0.23                0.1       
2024-10-28 21:27:20,623 INFO: 6         180.74                   0.46                0.2       
2024-10-28 21:27:20,623 INFO: 7         179.65                   0.00                1.6       
2024-10-28 21:27:20,624 INFO: 8         180.70                   0.00                -5.1      
2024-10-28 21:27:20,661 INFO: Updating dashboard
2024-10-28 21:27:20,692 INFO: Motor ID LR_WHEG (Numeric ID 1): load_percentage = 1.1 (color = #4CAF50)
2024-10-28 21:27:20,694 INFO: Motor ID LM_WHEG (Numeric ID 2): load_percentage = 0.7 (color = #4CAF50)
2024-10-28 21:27:20,696 INFO: Motor ID LF_WHEG (Numeric ID 3): load_percentage = 1.2 (color = #4CAF50)
2024-10-28 21:27:20,698 INFO: Motor ID RR_WHEG (Numeric ID 4): load_percentage = 0.1 (color = #4CAF50)
2024-10-28 21:27:20,699 INFO: Motor ID RM_WHEG (Numeric ID 5): load_percentage = 0.0 (color = #4CAF50)
2024-10-28 21:27:20,701 INFO: Motor ID RF_WHEG (Numeric ID 6): load_percentage = 0.0 (color = #4CAF50)
2024-10-28 21:27:20,703 INFO: Motor ID FRONT_PIVOT (Numeric ID 7): load_percentage = 1.6 (color = #4CAF50)
2024-10-28 21:27:20,706 INFO: Motor ID REAR_PIVOT (Numeric ID 8): load_percentage = 5.1 (color = #4CAF50)
2024-10-28 21:27:22,073 INFO: Updating dashboard
2024-10-28 21:27:22,104 INFO: Motor ID LR_WHEG (Numeric ID 1): load_percentage = 0.4 (color = #4CAF50)
2024-10-28 21:27:22,105 INFO: Motor ID LM_WHEG (Numeric ID 2): load_percentage = 1.1 (color = #4CAF50)
2024-10-28 21:27:22,109 INFO: Motor ID LF_WHEG (Numeric ID 3): load_percentage = 1.2 (color = #4CAF50)
2024-10-28 21:27:22,110 INFO: Motor ID RR_WHEG (Numeric ID 4): load_percentage = 0.8 (color = #4CAF50)
2024-10-28 21:27:22,113 INFO: Motor ID RM_WHEG (Numeric ID 5): load_percentage = 0.0 (color = #4CAF50)
2024-10-28 21:27:22,114 INFO: Motor ID RF_WHEG (Numeric ID 6): load_percentage = 0.0 (color = #4CAF50)
2024-10-28 21:27:22,116 INFO: Motor ID FRONT_PIVOT (Numeric ID 7): load_percentage = 1.6 (color = #4CAF50)
2024-10-28 21:27:22,118 INFO: Motor ID REAR_PIVOT (Numeric ID 8): load_percentage = 5.1 (color = #4CAF50)
2024-10-28 21:27:23,480 INFO: Updating dashboard
2024-10-28 21:27:23,512 INFO: Motor ID LR_WHEG (Numeric ID 1): load_percentage = 0.9 (color = #4CAF50)
2024-10-28 21:27:23,513 INFO: Motor ID LM_WHEG (Numeric ID 2): load_percentage = 0.4 (color = #4CAF50)
2024-10-28 21:27:23,516 INFO: Motor ID LF_WHEG (Numeric ID 3): load_percentage = 1.2 (color = #4CAF50)
2024-10-28 21:27:23,518 INFO: Motor ID RR_WHEG (Numeric ID 4): load_percentage = 0.5 (color = #4CAF50)
2024-10-28 21:27:23,521 INFO: Motor ID RM_WHEG (Numeric ID 5): load_percentage = 1.0 (color = #4CAF50)
2024-10-28 21:27:23,523 INFO: Motor ID RF_WHEG (Numeric ID 6): load_percentage = 0.3 (color = #4CAF50)
2024-10-28 21:27:23,524 INFO: Motor ID FRONT_PIVOT (Numeric ID 7): load_percentage = 1.6 (color = #4CAF50)
2024-10-28 21:27:23,527 INFO: Motor ID REAR_PIVOT (Numeric ID 8): load_percentage = 5.1 (color = #4CAF50)
2024-10-28 21:27:24,892 INFO: Updating dashboard
2024-10-28 21:27:24,923 INFO: Motor ID LR_WHEG (Numeric ID 1): load_percentage = 1.1 (color = #4CAF50)
2024-10-28 21:27:24,925 INFO: Motor ID LM_WHEG (Numeric ID 2): load_percentage = 0.6 (color = #4CAF50)
2024-10-28 21:27:24,927 INFO: Motor ID LF_WHEG (Numeric ID 3): load_percentage = 1.2 (color = #4CAF50)
2024-10-28 21:27:24,928 INFO: Motor ID RR_WHEG (Numeric ID 4): load_percentage = 0.8 (color = #4CAF50)
2024-10-28 21:27:24,931 INFO: Motor ID RM_WHEG (Numeric ID 5): load_percentage = 0.0 (color = #4CAF50)
2024-10-28 21:27:24,932 INFO: Motor ID RF_WHEG (Numeric ID 6): load_percentage = 0.0 (color = #4CAF50)
2024-10-28 21:27:24,935 INFO: Motor ID FRONT_PIVOT (Numeric ID 7): load_percentage = 1.6 (color = #4CAF50)
2024-10-28 21:27:24,936 INFO: Motor ID REAR_PIVOT (Numeric ID 8): load_percentage = 5.1 (color = #4CAF50)
2024-10-28 21:27:26,259 INFO: Motor     Position (degrees)       Velocity (RPM)      Load (%)  
2024-10-28 21:27:26,259 INFO: 1         180.74                   0.00                0.5       
2024-10-28 21:27:26,260 INFO: 2         180.38                   0.00                0.0       
2024-10-28 21:27:26,261 INFO: 3         179.86                   0.23                1.2       
2024-10-28 21:27:26,261 INFO: 4         180.38                   0.00                0.3       
2024-10-28 21:27:26,262 INFO: 5         180.56                   0.00                0.7       
2024-10-28 21:27:26,262 INFO: 6         180.74                   0.23                0.0       
2024-10-28 21:27:26,263 INFO: 7         179.65                   0.00                1.6       
2024-10-28 21:27:26,263 INFO: 8         180.70                   0.00                -5.1      
2024-10-28 21:27:26,299 INFO: Updating dashboard
2024-10-28 21:27:26,331 INFO: Motor ID LR_WHEG (Numeric ID 1): load_percentage = 0.6 (color = #4CAF50)
2024-10-28 21:27:26,332 INFO: Motor ID LM_WHEG (Numeric ID 2): load_percentage = 1.0 (color = #4CAF50)
2024-10-28 21:27:26,335 INFO: Motor ID LF_WHEG (Numeric ID 3): load_percentage = 1.2 (color = #4CAF50)
2024-10-28 21:27:26,337 INFO: Motor ID RR_WHEG (Numeric ID 4): load_percentage = 0.2 (color = #4CAF50)
2024-10-28 21:27:26,339 INFO: Motor ID RM_WHEG (Numeric ID 5): load_percentage = 1.0 (color = #4CAF50)
2024-10-28 21:27:26,341 INFO: Motor ID RF_WHEG (Numeric ID 6): load_percentage = 0.5 (color = #4CAF50)
2024-10-28 21:27:26,343 INFO: Motor ID FRONT_PIVOT (Numeric ID 7): load_percentage = 1.6 (color = #4CAF50)
2024-10-28 21:27:26,344 INFO: Motor ID REAR_PIVOT (Numeric ID 8): load_percentage = 5.1 (color = #4CAF50)
2024-10-28 21:27:27,708 INFO: Updating dashboard
2024-10-28 21:27:27,739 INFO: Motor ID LR_WHEG (Numeric ID 1): load_percentage = 0.7 (color = #4CAF50)
2024-10-28 21:27:27,741 INFO: Motor ID LM_WHEG (Numeric ID 2): load_percentage = 0.1 (color = #4CAF50)
2024-10-28 21:27:27,743 INFO: Motor ID LF_WHEG (Numeric ID 3): load_percentage = 1.2 (color = #4CAF50)
2024-10-28 21:27:27,746 INFO: Motor ID RR_WHEG (Numeric ID 4): load_percentage = 1.1 (color = #4CAF50)
2024-10-28 21:27:27,748 INFO: Motor ID RM_WHEG (Numeric ID 5): load_percentage = 0.3 (color = #4CAF50)
2024-10-28 21:27:27,751 INFO: Motor ID RF_WHEG (Numeric ID 6): load_percentage = 0.7 (color = #4CAF50)
2024-10-28 21:27:27,752 INFO: Motor ID FRONT_PIVOT (Numeric ID 7): load_percentage = 1.6 (color = #4CAF50)
2024-10-28 21:27:27,755 INFO: Motor ID REAR_PIVOT (Numeric ID 8): load_percentage = 5.1 (color = #4CAF50)
2024-10-28 21:27:29,115 INFO: Updating dashboard
2024-10-28 21:27:29,146 INFO: Motor ID LR_WHEG (Numeric ID 1): load_percentage = 1.2 (color = #4CAF50)
2024-10-28 21:27:29,148 INFO: Motor ID LM_WHEG (Numeric ID 2): load_percentage = 0.6 (color = #4CAF50)
2024-10-28 21:27:29,150 INFO: Motor ID LF_WHEG (Numeric ID 3): load_percentage = 1.2 (color = #4CAF50)
2024-10-28 21:27:29,152 INFO: Motor ID RR_WHEG (Numeric ID 4): load_percentage = 1.0 (color = #4CAF50)
2024-10-28 21:27:29,154 INFO: Motor ID RM_WHEG (Numeric ID 5): load_percentage = 0.8 (color = #4CAF50)
2024-10-28 21:27:29,156 INFO: Motor ID RF_WHEG (Numeric ID 6): load_percentage = 0.0 (color = #4CAF50)
2024-10-28 21:27:29,158 INFO: Motor ID FRONT_PIVOT (Numeric ID 7): load_percentage = 1.6 (color = #4CAF50)
2024-10-28 21:27:29,160 INFO: Motor ID REAR_PIVOT (Numeric ID 8): load_percentage = 5.1 (color = #4CAF50)
2024-10-28 21:27:30,525 INFO: Updating dashboard
2024-10-28 21:27:30,555 INFO: Motor ID LR_WHEG (Numeric ID 1): load_percentage = 1.1 (color = #4CAF50)
2024-10-28 21:27:30,558 INFO: Motor ID LM_WHEG (Numeric ID 2): load_percentage = 0.1 (color = #4CAF50)
2024-10-28 21:27:30,560 INFO: Motor ID LF_WHEG (Numeric ID 3): load_percentage = 1.2 (color = #4CAF50)
2024-10-28 21:27:30,562 INFO: Motor ID RR_WHEG (Numeric ID 4): load_percentage = 0.0 (color = #4CAF50)
2024-10-28 21:27:30,564 INFO: Motor ID RM_WHEG (Numeric ID 5): load_percentage = 0.6 (color = #4CAF50)
2024-10-28 21:27:30,566 INFO: Motor ID RF_WHEG (Numeric ID 6): load_percentage = 0.3 (color = #4CAF50)
2024-10-28 21:27:30,567 INFO: Motor ID FRONT_PIVOT (Numeric ID 7): load_percentage = 1.6 (color = #4CAF50)
2024-10-28 21:27:30,569 INFO: Motor ID REAR_PIVOT (Numeric ID 8): load_percentage = 5.1 (color = #4CAF50)
2024-10-28 21:27:31,893 INFO: Motor     Position (degrees)       Velocity (RPM)      Load (%)  
2024-10-28 21:27:31,893 INFO: 1         180.65                   0.23                0.8       
2024-10-28 21:27:31,894 INFO: 2         180.38                   0.23                1.0       
2024-10-28 21:27:31,895 INFO: 3         179.86                   0.23                1.2       
2024-10-28 21:27:31,895 INFO: 4         180.30                   0.23                0.8       
2024-10-28 21:27:31,895 INFO: 5         180.56                   0.00                0.4       
2024-10-28 21:27:31,896 INFO: 6         180.65                   0.23                0.1       
2024-10-28 21:27:31,896 INFO: 7         179.65                   0.00                1.6       
2024-10-28 21:27:31,897 INFO: 8         180.70                   0.00                -5.1      
2024-10-28 21:27:31,933 INFO: Updating dashboard
2024-10-28 21:27:31,964 INFO: Motor ID LR_WHEG (Numeric ID 1): load_percentage = 0.6 (color = #4CAF50)
2024-10-28 21:27:31,966 INFO: Motor ID LM_WHEG (Numeric ID 2): load_percentage = 0.1 (color = #4CAF50)
2024-10-28 21:27:31,968 INFO: Motor ID LF_WHEG (Numeric ID 3): load_percentage = 1.2 (color = #4CAF50)
2024-10-28 21:27:31,970 INFO: Motor ID RR_WHEG (Numeric ID 4): load_percentage = 0.2 (color = #4CAF50)
2024-10-28 21:27:31,972 INFO: Motor ID RM_WHEG (Numeric ID 5): load_percentage = 0.3 (color = #4CAF50)
2024-10-28 21:27:31,974 INFO: Motor ID RF_WHEG (Numeric ID 6): load_percentage = 0.1 (color = #4CAF50)
2024-10-28 21:27:31,976 INFO: Motor ID FRONT_PIVOT (Numeric ID 7): load_percentage = 1.6 (color = #4CAF50)
2024-10-28 21:27:31,978 INFO: Motor ID REAR_PIVOT (Numeric ID 8): load_percentage = 5.1 (color = #4CAF50)
2024-10-28 21:27:33,343 INFO: Updating dashboard
2024-10-28 21:27:33,374 INFO: Motor ID LR_WHEG (Numeric ID 1): load_percentage = 0.7 (color = #4CAF50)
2024-10-28 21:27:33,376 INFO: Motor ID LM_WHEG (Numeric ID 2): load_percentage = 0.5 (color = #4CAF50)
2024-10-28 21:27:33,378 INFO: Motor ID LF_WHEG (Numeric ID 3): load_percentage = 1.2 (color = #4CAF50)
2024-10-28 21:27:33,381 INFO: Motor ID RR_WHEG (Numeric ID 4): load_percentage = 1.2 (color = #4CAF50)
2024-10-28 21:27:33,382 INFO: Motor ID RM_WHEG (Numeric ID 5): load_percentage = 0.0 (color = #4CAF50)
2024-10-28 21:27:33,384 INFO: Motor ID RF_WHEG (Numeric ID 6): load_percentage = 0.4 (color = #4CAF50)
2024-10-28 21:27:33,386 INFO: Motor ID FRONT_PIVOT (Numeric ID 7): load_percentage = 1.6 (color = #4CAF50)
2024-10-28 21:27:33,388 INFO: Motor ID REAR_PIVOT (Numeric ID 8): load_percentage = 5.1 (color = #4CAF50)
2024-10-28 21:27:34,749 INFO: Updating dashboard
2024-10-28 21:27:34,780 INFO: Motor ID LR_WHEG (Numeric ID 1): load_percentage = 0.9 (color = #4CAF50)
2024-10-28 21:27:34,782 INFO: Motor ID LM_WHEG (Numeric ID 2): load_percentage = 0.4 (color = #4CAF50)
2024-10-28 21:27:34,784 INFO: Motor ID LF_WHEG (Numeric ID 3): load_percentage = 1.2 (color = #4CAF50)
2024-10-28 21:27:34,786 INFO: Motor ID RR_WHEG (Numeric ID 4): load_percentage = 0.8 (color = #4CAF50)
2024-10-28 21:27:34,788 INFO: Motor ID RM_WHEG (Numeric ID 5): load_percentage = 0.9 (color = #4CAF50)
2024-10-28 21:27:34,790 INFO: Motor ID RF_WHEG (Numeric ID 6): load_percentage = 0.6 (color = #4CAF50)
2024-10-28 21:27:34,792 INFO: Motor ID FRONT_PIVOT (Numeric ID 7): load_percentage = 1.6 (color = #4CAF50)
2024-10-28 21:27:34,795 INFO: Motor ID REAR_PIVOT (Numeric ID 8): load_percentage = 5.1 (color = #4CAF50)
2024-10-28 21:27:36,161 INFO: Updating dashboard
2024-10-28 21:27:36,192 INFO: Motor ID LR_WHEG (Numeric ID 1): load_percentage = 0.6 (color = #4CAF50)
2024-10-28 21:27:36,195 INFO: Motor ID LM_WHEG (Numeric ID 2): load_percentage = 0.7 (color = #4CAF50)
2024-10-28 21:27:36,197 INFO: Motor ID LF_WHEG (Numeric ID 3): load_percentage = 1.2 (color = #4CAF50)
2024-10-28 21:27:36,199 INFO: Motor ID RR_WHEG (Numeric ID 4): load_percentage = 0.5 (color = #4CAF50)
2024-10-28 21:27:36,201 INFO: Motor ID RM_WHEG (Numeric ID 5): load_percentage = 0.2 (color = #4CAF50)
2024-10-28 21:27:36,203 INFO: Motor ID RF_WHEG (Numeric ID 6): load_percentage = 0.2 (color = #4CAF50)
2024-10-28 21:27:36,205 INFO: Motor ID FRONT_PIVOT (Numeric ID 7): load_percentage = 1.6 (color = #4CAF50)
2024-10-28 21:27:36,207 INFO: Motor ID REAR_PIVOT (Numeric ID 8): load_percentage = 5.1 (color = #4CAF50)
2024-10-28 21:27:37,530 INFO: Motor     Position (degrees)       Velocity (RPM)      Load (%)  
2024-10-28 21:27:37,531 INFO: 1         180.74                   0.23                0.5       
2024-10-28 21:27:37,531 INFO: 2         180.47                   0.23                1.0       
2024-10-28 21:27:37,532 INFO: 3         179.86                   0.23                1.2       
2024-10-28 21:27:37,532 INFO: 4         180.38                   0.23                0.8       
2024-10-28 21:27:37,532 INFO: 5         180.56                   0.00                1.1       
2024-10-28 21:27:37,533 INFO: 6         180.65                   0.00                0.0       
2024-10-28 21:27:37,533 INFO: 7         179.65                   0.00                1.6       
2024-10-28 21:27:37,534 INFO: 8         180.70                   0.00                -5.1      
2024-10-28 21:27:37,571 INFO: Updating dashboard
2024-10-28 21:27:37,602 INFO: Motor ID LR_WHEG (Numeric ID 1): load_percentage = 1.1 (color = #4CAF50)
2024-10-28 21:27:37,604 INFO: Motor ID LM_WHEG (Numeric ID 2): load_percentage = 0.8 (color = #4CAF50)
2024-10-28 21:27:37,606 INFO: Motor ID LF_WHEG (Numeric ID 3): load_percentage = 1.2 (color = #4CAF50)
2024-10-28 21:27:37,608 INFO: Motor ID RR_WHEG (Numeric ID 4): load_percentage = 1.0 (color = #4CAF50)
2024-10-28 21:27:37,610 INFO: Motor ID RM_WHEG (Numeric ID 5): load_percentage = 0.7 (color = #4CAF50)
2024-10-28 21:27:37,612 INFO: Motor ID RF_WHEG (Numeric ID 6): load_percentage = 0.5 (color = #4CAF50)
2024-10-28 21:27:37,614 INFO: Motor ID FRONT_PIVOT (Numeric ID 7): load_percentage = 1.6 (color = #4CAF50)
2024-10-28 21:27:37,616 INFO: Motor ID REAR_PIVOT (Numeric ID 8): load_percentage = 5.1 (color = #4CAF50)
2024-10-28 21:27:38,980 INFO: Updating dashboard
2024-10-28 21:27:39,011 INFO: Motor ID LR_WHEG (Numeric ID 1): load_percentage = 0.7 (color = #4CAF50)
2024-10-28 21:27:39,013 INFO: Motor ID LM_WHEG (Numeric ID 2): load_percentage = 0.6 (color = #4CAF50)
2024-10-28 21:27:39,016 INFO: Motor ID LF_WHEG (Numeric ID 3): load_percentage = 1.2 (color = #4CAF50)
2024-10-28 21:27:39,018 INFO: Motor ID RR_WHEG (Numeric ID 4): load_percentage = 1.0 (color = #4CAF50)
2024-10-28 21:27:39,020 INFO: Motor ID RM_WHEG (Numeric ID 5): load_percentage = 0.6 (color = #4CAF50)
2024-10-28 21:27:39,022 INFO: Motor ID RF_WHEG (Numeric ID 6): load_percentage = 0.9 (color = #4CAF50)
2024-10-28 21:27:39,023 INFO: Motor ID FRONT_PIVOT (Numeric ID 7): load_percentage = 1.6 (color = #4CAF50)
2024-10-28 21:27:39,025 INFO: Motor ID REAR_PIVOT (Numeric ID 8): load_percentage = 5.1 (color = #4CAF50)
2024-10-28 21:27:40,288 INFO: Initiating safe shutdown...
2024-10-28 21:27:40,288 INFO: Setting operating mode 'velocity' for group 'All_Motors'
2024-10-28 21:27:40,289 INFO: Disabling torque for group All_Motors
2024-10-28 21:27:40,290 INFO: Enabling torque for group All_Motors
2024-10-28 21:27:40,291 WARNING: Velocity limit 200 exceeds hard limit 100. Limiting to 100.
2024-10-28 21:27:40,292 INFO: Velocity limit set to 100 for group All_Motors
2024-10-28 21:27:40,292 INFO: Enabling torque for group All_Motors
2024-10-28 21:27:40,294 INFO: Target velocities set for group All_Motors: {1: 0, 2: 0, 3: 0, 4: 0, 5: 0, 6: 0, 7: 0, 8: 0}
2024-10-28 21:27:40,294 INFO: Running set_position_group for group 'All_Motors' with positions: 180
2024-10-28 21:27:40,302 WARNING: Motor 1 is not in Position Control Mode. Setting mode now.
2024-10-28 21:27:40,303 INFO: Setting operating mode 'position' for group 'All_Motors'
2024-10-28 21:27:40,303 INFO: Disabling torque for group All_Motors
2024-10-28 21:27:40,305 INFO: Enabling torque for group All_Motors
2024-10-28 21:27:40,306 INFO: Setting the profile velocity for group All_Motors from config.yaml: 5
2024-10-28 21:27:40,307 INFO: Profile velocities set for group All_Motors: {1: 21.85, 2: 21.85, 3: 21.85, 4: 21.85, 5: 21.85, 6: 21.85, 7: 21.85, 8: 21.85}
2024-10-28 21:27:40,307 INFO: Closing PS4Controller and quitting pygame
2024-10-28 21:27:40,384 INFO: Port closed successfully.
2024-10-28 21:27:40,385 INFO: Shutdown complete.
2024-10-28 21:27:40,386 ERROR: Controller connection lost!
2024-10-28 21:27:40,386 ERROR: Controller is disconnected.
2024-10-28 21:27:40,386 ERROR: Controller connection lost!
2024-10-28 21:27:40,387 ERROR: Controller is disconnected.
2024-10-28 21:27:40,387 ERROR: Controller connection lost!
2024-10-28 21:27:40,388 ERROR: Controller is disconnected.
2024-10-28 21:27:40,389 ERROR: Error while logging robot states: Attempting to use a port that is not open
2024-10-28 21:27:40,390 ERROR: Error controlling pivots: 'NoneType' object is not subscriptable
