2025-04-17 16:44:38,946 INFO: Initializing PS4Controller
2025-04-17 16:44:39,562 INFO: Configuration loaded successfully
2025-04-17 16:44:39,568 INFO: Port /dev/ttyACM0 opened successfully
2025-04-17 16:44:39,578 INFO: Baudrate set to 1000000
2025-04-17 16:44:39,579 INFO: Control table loaded successfully.
2025-04-17 16:44:39,579 INFO: Motor group 'Pivot_Group' created with motors: [7, 8]
2025-04-17 16:44:39,579 INFO: Motor group 'Wheg_Group' created with motors: [1, 2, 3, 4, 5, 6]
2025-04-17 16:44:39,580 INFO: Motor group 'All_Motors' created with motors: [1, 2, 3, 4, 5, 6, 7, 8]
2025-04-17 16:44:39,580 INFO: Motor group 'Left_Whegs' created with motors: [1, 2, 3]
2025-04-17 16:44:39,580 INFO: Motor group 'Right_Whegs' created with motors: [4, 5, 6]
2025-04-17 16:44:39,581 INFO: Motor group 'Front_Whegs' created with motors: [3, 6]
2025-04-17 16:44:39,581 INFO: Motor group 'Rear_Whegs' created with motors: [1, 4]
2025-04-17 16:44:39,582 INFO: Motor group 'Middle_Whegs' created with motors: [2, 5]
2025-04-17 16:44:39,582 INFO: Motor group 'Two_Right_One_Left' created with motors: [2, 4, 6]
2025-04-17 16:44:39,582 INFO: Motor group 'Two_Left_One_Right' created with motors: [5, 1, 3]
2025-04-17 16:44:39,582 INFO: Initialised PS4 controller, Dynamixel, and Robot State
2025-04-17 16:44:39,583 INFO: Disabling torque for group Right_Whegs
2025-04-17 16:44:39,584 INFO: Drive mode set for group Right_Whegs with reverse_direction=True
2025-04-17 16:44:39,584 INFO: Enabling torque for group Right_Whegs
2025-04-17 16:44:39,585 INFO: Setting the profile velocity for group Right_Whegs from config.yaml: None
2025-04-17 16:44:39,585 ERROR: Profile velocity for group Right_Whegs not found in config.yaml and no value was provided.
2025-04-17 16:44:39,585 INFO: Disabling torque for group Left_Whegs
2025-04-17 16:44:39,586 INFO: Drive mode set for group Left_Whegs with reverse_direction=False
2025-04-17 16:44:39,587 INFO: Enabling torque for group Left_Whegs
2025-04-17 16:44:39,587 INFO: Setting the profile velocity for group Left_Whegs from config.yaml: None
2025-04-17 16:44:39,588 ERROR: Profile velocity for group Left_Whegs not found in config.yaml and no value was provided.
2025-04-17 16:44:39,588 INFO: Set the right side whegs to reverse direction
2025-04-17 16:44:39,588 INFO: Disabling torque for group Pivot_Group
2025-04-17 16:44:39,589 INFO: Drive mode set for group Pivot_Group with reverse_direction=False
2025-04-17 16:44:39,590 INFO: Enabling torque for group Pivot_Group
2025-04-17 16:44:39,590 INFO: Setting the profile velocity for group Pivot_Group from config.yaml: 4
2025-04-17 16:44:39,591 INFO: Profile velocities set for group Pivot_Group: {7: 17.48, 8: 17.48}
2025-04-17 16:44:39,593 INFO: Position limits set for group Pivot_Group: min=45° (ticks=511), max=315° (ticks=3583)
2025-04-17 16:44:39,593 INFO: Set position limits for the pivot motors
2025-04-17 16:44:39,728 INFO: Initialising Gait 1
2025-04-17 16:44:39,729 INFO: Disabling torque for group Wheg_Group
2025-04-17 16:44:39,730 INFO: Drive mode set for group Wheg_Group with reverse_direction={1: 0, 2: 0, 3: 0, 4: 1, 5: 1, 6: 1}
2025-04-17 16:44:39,731 INFO: Enabling torque for group Wheg_Group
2025-04-17 16:44:39,732 INFO: Setting the profile velocity for group Wheg_Group from config.yaml: 10
2025-04-17 16:44:39,734 INFO: Profile velocities set for group Wheg_Group: {1: 43.7, 2: 43.7, 3: 43.7, 4: 43.7, 5: 43.7, 6: 43.7}
2025-04-17 16:44:39,735 WARNING: Set direction of whegs to forward
2025-04-17 16:44:39,735 WARNING: Direction set for all whegs
2025-04-17 16:44:39,736 INFO: Running set_position_group for group 'Wheg_Group' with positions: 180
2025-04-17 16:44:39,742 WARNING: Motor 1 is not in Position Control Mode. Setting mode now.
2025-04-17 16:44:39,744 INFO: Setting operating mode 'position' for group 'Wheg_Group'
2025-04-17 16:44:39,745 INFO: Disabling torque for group Wheg_Group
2025-04-17 16:44:39,746 INFO: Enabling torque for group Wheg_Group
2025-04-17 16:44:39,748 INFO: Setting the profile velocity for group Wheg_Group from config.yaml: 10
2025-04-17 16:44:39,749 INFO: Profile velocities set for group Wheg_Group: {1: 43.7, 2: 43.7, 3: 43.7, 4: 43.7, 5: 43.7, 6: 43.7}
2025-04-17 16:44:39,750 INFO: Setting the profile velocity for group Wheg_Group from config.yaml: 10
2025-04-17 16:44:39,751 INFO: Profile velocities set for group Wheg_Group: {1: 43.7, 2: 43.7, 3: 43.7, 4: 43.7, 5: 43.7, 6: 43.7}
2025-04-17 16:44:39,752 INFO: Running set_position_group for group 'Pivot_Group' with positions: 180
2025-04-17 16:44:39,756 INFO: Initialised Gait 1, waiting for 1 seconds
2025-04-17 16:44:39,757 ERROR: Error controlling pivots: 'dpad_down'
2025-04-17 16:44:40,796 INFO: Setting operating mode 'multi_turn' for group 'Wheg_Group'
2025-04-17 16:44:40,798 INFO: Disabling torque for group Wheg_Group
2025-04-17 16:44:40,806 INFO: Enabling torque for group Wheg_Group
2025-04-17 16:44:40,808 INFO: Setting the profile velocity for group Wheg_Group from config.yaml: 10
2025-04-17 16:44:40,813 INFO: Profile velocities set for group Wheg_Group: {1: 43.7, 2: 43.7, 3: 43.7, 4: 43.7, 5: 43.7, 6: 43.7}
2025-04-17 16:44:40,813 INFO: Setting the profile velocity for group Wheg_Group from config.yaml: 10
2025-04-17 16:44:40,818 INFO: Profile velocities set for group Wheg_Group: {1: 43.7, 2: 43.7, 3: 43.7, 4: 43.7, 5: 43.7, 6: 43.7}
2025-04-17 16:44:40,821 INFO: New gait 1 is now active.
2025-04-17 16:44:46,704 INFO: Running set_position_group for group 'Pivot_Group' with positions: {7: 175, 8: 180}
2025-04-17 16:44:46,709 INFO: Front pivot angle set to 175 degrees (ticks: 175)
2025-04-17 16:44:46,710 INFO: Rear pivot angle set to 180 degrees (ticks: 180)
2025-04-17 16:44:46,997 INFO: Running set_position_group for group 'Pivot_Group' with positions: {7: 170, 8: 180}
2025-04-17 16:44:47,001 INFO: Front pivot angle set to 170 degrees (ticks: 170)
2025-04-17 16:44:47,002 INFO: Rear pivot angle set to 180 degrees (ticks: 180)
2025-04-17 16:44:47,291 INFO: Running set_position_group for group 'Pivot_Group' with positions: {7: 165, 8: 180}
2025-04-17 16:44:47,297 INFO: Front pivot angle set to 165 degrees (ticks: 165)
2025-04-17 16:44:47,298 INFO: Rear pivot angle set to 180 degrees (ticks: 180)
2025-04-17 16:44:47,582 INFO: Running set_position_group for group 'Pivot_Group' with positions: {7: 160, 8: 180}
2025-04-17 16:44:47,589 INFO: Front pivot angle set to 160 degrees (ticks: 160)
2025-04-17 16:44:47,590 INFO: Rear pivot angle set to 180 degrees (ticks: 180)
2025-04-17 16:44:47,877 INFO: Running set_position_group for group 'Pivot_Group' with positions: {7: 155, 8: 180}
2025-04-17 16:44:47,892 INFO: Front pivot angle set to 155 degrees (ticks: 155)
2025-04-17 16:44:47,899 INFO: Rear pivot angle set to 180 degrees (ticks: 180)
2025-04-17 16:44:48,176 INFO: Running set_position_group for group 'Pivot_Group' with positions: {7: 150, 8: 180}
2025-04-17 16:44:48,184 INFO: Front pivot angle set to 150 degrees (ticks: 150)
2025-04-17 16:44:48,185 INFO: Rear pivot angle set to 180 degrees (ticks: 180)
2025-04-17 16:44:48,473 INFO: Running set_position_group for group 'Pivot_Group' with positions: {7: 145, 8: 180}
2025-04-17 16:44:48,480 INFO: Front pivot angle set to 145 degrees (ticks: 145)
2025-04-17 16:44:48,480 INFO: Rear pivot angle set to 180 degrees (ticks: 180)
2025-04-17 16:44:48,771 INFO: Running set_position_group for group 'Pivot_Group' with positions: {7: 140, 8: 180}
2025-04-17 16:44:48,776 INFO: Front pivot angle set to 140 degrees (ticks: 140)
2025-04-17 16:44:48,776 INFO: Rear pivot angle set to 180 degrees (ticks: 180)
2025-04-17 16:44:49,074 INFO: Running set_position_group for group 'Pivot_Group' with positions: {7: 135, 8: 180}
2025-04-17 16:44:49,080 INFO: Front pivot angle set to 135 degrees (ticks: 135)
2025-04-17 16:44:49,081 INFO: Rear pivot angle set to 180 degrees (ticks: 180)
2025-04-17 16:44:49,376 INFO: Running set_position_group for group 'Pivot_Group' with positions: {7: 130, 8: 180}
2025-04-17 16:44:49,386 INFO: Front pivot angle set to 130 degrees (ticks: 130)
2025-04-17 16:44:49,388 INFO: Rear pivot angle set to 180 degrees (ticks: 180)
2025-04-17 16:44:51,359 INFO: Running set_position_group for group 'Pivot_Group' with positions: {7: 125, 8: 180}
2025-04-17 16:44:51,364 INFO: Front pivot angle set to 125 degrees (ticks: 125)
2025-04-17 16:44:51,365 INFO: Rear pivot angle set to 180 degrees (ticks: 180)
2025-04-17 16:44:51,617 INFO: Running set_position_group for group 'Pivot_Group' with positions: {7: 120, 8: 180}
2025-04-17 16:44:51,621 INFO: Front pivot angle set to 120 degrees (ticks: 120)
2025-04-17 16:44:51,621 INFO: Rear pivot angle set to 180 degrees (ticks: 180)
2025-04-17 16:44:52,803 INFO: Running set_position_group for group 'Pivot_Group' with positions: {7: 125, 8: 180}
2025-04-17 16:44:52,810 INFO: Front pivot angle set to 125 degrees (ticks: 125)
2025-04-17 16:44:52,811 INFO: Rear pivot angle set to 180 degrees (ticks: 180)
2025-04-17 16:44:53,065 INFO: Running set_position_group for group 'Pivot_Group' with positions: {7: 130, 8: 180}
2025-04-17 16:44:53,070 INFO: Front pivot angle set to 130 degrees (ticks: 130)
2025-04-17 16:44:53,071 INFO: Rear pivot angle set to 180 degrees (ticks: 180)
2025-04-17 16:44:53,374 INFO: Running set_position_group for group 'Pivot_Group' with positions: {7: 135, 8: 180}
2025-04-17 16:44:53,380 INFO: Front pivot angle set to 135 degrees (ticks: 135)
2025-04-17 16:44:53,380 INFO: Rear pivot angle set to 180 degrees (ticks: 180)
2025-04-17 16:44:53,633 INFO: Running set_position_group for group 'Pivot_Group' with positions: {7: 140, 8: 180}
2025-04-17 16:44:53,643 INFO: Front pivot angle set to 140 degrees (ticks: 140)
2025-04-17 16:44:53,644 INFO: Rear pivot angle set to 180 degrees (ticks: 180)
2025-04-17 16:44:53,933 INFO: Running set_position_group for group 'Pivot_Group' with positions: {7: 145, 8: 180}
2025-04-17 16:44:53,937 INFO: Front pivot angle set to 145 degrees (ticks: 145)
2025-04-17 16:44:53,938 INFO: Rear pivot angle set to 180 degrees (ticks: 180)
2025-04-17 16:44:54,190 INFO: Running set_position_group for group 'Pivot_Group' with positions: {7: 150, 8: 180}
2025-04-17 16:44:54,196 INFO: Front pivot angle set to 150 degrees (ticks: 150)
2025-04-17 16:44:54,196 INFO: Rear pivot angle set to 180 degrees (ticks: 180)
2025-04-17 16:44:54,457 INFO: Running set_position_group for group 'Pivot_Group' with positions: {7: 155, 8: 180}
2025-04-17 16:44:54,461 INFO: Front pivot angle set to 155 degrees (ticks: 155)
2025-04-17 16:44:54,462 INFO: Rear pivot angle set to 180 degrees (ticks: 180)
2025-04-17 16:44:54,761 INFO: Running set_position_group for group 'Pivot_Group' with positions: {7: 160, 8: 180}
2025-04-17 16:44:54,773 INFO: Front pivot angle set to 160 degrees (ticks: 160)
2025-04-17 16:44:54,783 INFO: Rear pivot angle set to 180 degrees (ticks: 180)
2025-04-17 16:44:55,080 INFO: Running set_position_group for group 'Pivot_Group' with positions: {7: 165, 8: 180}
2025-04-17 16:44:55,086 INFO: Front pivot angle set to 165 degrees (ticks: 165)
2025-04-17 16:44:55,086 INFO: Rear pivot angle set to 180 degrees (ticks: 180)
2025-04-17 16:44:55,386 INFO: Running set_position_group for group 'Pivot_Group' with positions: {7: 170, 8: 180}
2025-04-17 16:44:55,393 INFO: Front pivot angle set to 170 degrees (ticks: 170)
2025-04-17 16:44:55,394 INFO: Rear pivot angle set to 180 degrees (ticks: 180)
2025-04-17 16:44:56,223 INFO: Running set_position_group for group 'Pivot_Group' with positions: {7: 175, 8: 180}
2025-04-17 16:44:56,228 INFO: Front pivot angle set to 175 degrees (ticks: 175)
2025-04-17 16:44:56,229 INFO: Rear pivot angle set to 180 degrees (ticks: 180)
2025-04-17 16:44:56,528 INFO: Running set_position_group for group 'Pivot_Group' with positions: {7: 180, 8: 180}
2025-04-17 16:44:56,533 INFO: Front pivot angle set to 180 degrees (ticks: 180)
2025-04-17 16:44:56,536 INFO: Rear pivot angle set to 180 degrees (ticks: 180)
2025-04-17 16:44:56,838 INFO: Running set_position_group for group 'Pivot_Group' with positions: {7: 185, 8: 180}
2025-04-17 16:44:56,844 INFO: Front pivot angle set to 185 degrees (ticks: 185)
2025-04-17 16:44:56,845 INFO: Rear pivot angle set to 180 degrees (ticks: 180)
2025-04-17 16:45:03,265 INFO: Running set_position_group for group 'Pivot_Group' with positions: {7: 190, 8: 180}
2025-04-17 16:45:03,271 INFO: Front pivot angle set to 190 degrees (ticks: 190)
2025-04-17 16:45:03,272 INFO: Rear pivot angle set to 180 degrees (ticks: 180)
2025-04-17 16:45:04,121 INFO: Running set_position_group for group 'Pivot_Group' with positions: {7: 185, 8: 180}
2025-04-17 16:45:04,126 INFO: Front pivot angle set to 185 degrees (ticks: 185)
2025-04-17 16:45:04,128 INFO: Rear pivot angle set to 180 degrees (ticks: 180)
2025-04-17 16:45:04,380 INFO: Running set_position_group for group 'Pivot_Group' with positions: {7: 180, 8: 180}
2025-04-17 16:45:04,384 INFO: Front pivot angle set to 180 degrees (ticks: 180)
2025-04-17 16:45:04,386 INFO: Rear pivot angle set to 180 degrees (ticks: 180)
2025-04-17 16:45:04,911 INFO: Running set_position_group for group 'Pivot_Group' with positions: {7: 175, 8: 180}
2025-04-17 16:45:04,916 INFO: Front pivot angle set to 175 degrees (ticks: 175)
2025-04-17 16:45:04,918 INFO: Rear pivot angle set to 180 degrees (ticks: 180)
2025-04-17 16:45:06,649 INFO: Running set_position_group for group 'Pivot_Group' with positions: {7: 180, 8: 180}
2025-04-17 16:45:06,661 INFO: Front pivot angle set to 180 degrees (ticks: 180)
2025-04-17 16:45:06,662 INFO: Rear pivot angle set to 180 degrees (ticks: 180)
2025-04-17 16:45:07,226 INFO: Running set_position_group for group 'Pivot_Group' with positions: {7: 180, 8: 185}
2025-04-17 16:45:07,231 INFO: Front pivot angle set to 180 degrees (ticks: 180)
2025-04-17 16:45:07,232 INFO: Rear pivot angle set to 185 degrees (ticks: 185)
2025-04-17 16:45:08,611 INFO: Running set_position_group for group 'Pivot_Group' with positions: {7: 180, 8: 190}
2025-04-17 16:45:08,616 INFO: Front pivot angle set to 180 degrees (ticks: 180)
2025-04-17 16:45:08,617 INFO: Rear pivot angle set to 190 degrees (ticks: 190)
2025-04-17 16:45:10,799 INFO: Running set_position_group for group 'Pivot_Group' with positions: {7: 180, 8: 185}
2025-04-17 16:45:10,805 INFO: Front pivot angle set to 180 degrees (ticks: 180)
2025-04-17 16:45:10,808 INFO: Rear pivot angle set to 185 degrees (ticks: 185)
2025-04-17 16:45:16,673 ERROR: Bulk read failed with error: [TxRxResult] Incorrect status packet!
2025-04-17 16:45:18,697 ERROR: Bulk read failed with error: [TxRxResult] There is no status packet!
2025-04-17 16:45:19,312 ERROR: Bulk read failed with error: [TxRxResult] Incorrect status packet!
2025-04-17 16:45:19,365 ERROR: Bulk read failed with error: [TxRxResult] Incorrect status packet!
2025-04-17 16:45:19,401 ERROR: Bulk read failed with error: [TxRxResult] There is no status packet!
2025-04-17 16:45:19,402 ERROR: Error retrieving motor data: 'NoneType' object is not subscriptable
2025-04-17 16:45:19,480 ERROR: Bulk read failed with error: [TxRxResult] There is no status packet!
2025-04-17 16:45:19,517 ERROR: Bulk read failed with error: [TxRxResult] There is no status packet!
2025-04-17 16:45:19,540 ERROR: Error retrieving motor data: 'NoneType' object has no attribute 'keys'
2025-04-17 16:45:20,208 ERROR: Bulk read failed with error: [TxRxResult] There is no status packet!
2025-04-17 16:45:20,209 ERROR: Error retrieving motor data: 'NoneType' object is not subscriptable
2025-04-17 16:45:20,394 ERROR: Bulk read failed with error: [TxRxResult] There is no status packet!
2025-04-17 16:45:25,121 INFO: Profile velocities set for group Wheg_Group: {1: 87.4, 2: 87.4, 3: 87.4, 4: 87.4, 5: 87.4, 6: 87.4}
2025-04-17 16:45:25,126 INFO: Incrementing motor positions by 360 degrees for group 'Wheg_Group'
2025-04-17 16:45:25,157 INFO: Gait 1 step executed at 20.00RPM, wait for 3.00 seconds
2025-04-17 16:46:12,615 INFO: Profile velocities set for group Wheg_Group: {1: 87.4, 2: 87.4, 3: 87.4, 4: 87.4, 5: 87.4, 6: 87.4}
2025-04-17 16:46:12,616 INFO: Incrementing motor positions by 360 degrees for group 'Wheg_Group'
2025-04-17 16:46:12,628 INFO: Gait 1 step executed at 20.00RPM, wait for 3.00 seconds
2025-04-17 16:46:22,581 INFO: Square pressed. Preparing to change to previous gait: 4
2025-04-17 16:46:22,596 INFO: Initialising Gait 4
2025-04-17 16:46:22,600 INFO: Direction data: {1: {'drive_mode': 0}, 2: {'drive_mode': 0}, 3: {'drive_mode': 0}}
2025-04-17 16:46:22,605 INFO: Disabling torque for group Left_Whegs
2025-04-17 16:46:22,609 INFO: Drive mode set for group Left_Whegs with reverse_direction={1: 1, 2: 1, 3: 1}
2025-04-17 16:46:22,611 INFO: Enabling torque for group Left_Whegs
2025-04-17 16:46:22,613 INFO: Setting the profile velocity for group Left_Whegs from config.yaml: None
2025-04-17 16:46:22,616 ERROR: Profile velocity for group Left_Whegs not found in config.yaml and no value was provided.
2025-04-17 16:46:22,622 WARNING: Reversed the direction of the left whegs
2025-04-17 16:46:22,626 INFO: Running set_position_group for group 'Wheg_Group' with positions: {1: 160, 2: 200, 3: 160, 4: 200, 5: 160, 6: 200}
2025-04-17 16:46:22,638 WARNING: Motor 1 is not in Position Control Mode. Setting mode now.
2025-04-17 16:46:22,642 INFO: Setting operating mode 'position' for group 'Wheg_Group'
2025-04-17 16:46:22,644 INFO: Disabling torque for group Wheg_Group
2025-04-17 16:46:22,647 INFO: Enabling torque for group Wheg_Group
2025-04-17 16:46:22,649 INFO: Setting the profile velocity for group Wheg_Group from config.yaml: 10
2025-04-17 16:46:22,652 INFO: Profile velocities set for group Wheg_Group: {1: 43.7, 2: 43.7, 3: 43.7, 4: 43.7, 5: 43.7, 6: 43.7}
2025-04-17 16:46:22,653 INFO: Setting the profile velocity for group Wheg_Group from config.yaml: 10
2025-04-17 16:46:22,655 INFO: Profile velocities set for group Wheg_Group: {1: 43.7, 2: 43.7, 3: 43.7, 4: 43.7, 5: 43.7, 6: 43.7}
2025-04-17 16:46:22,656 INFO: Running set_position_group for group 'Pivot_Group' with positions: 180
2025-04-17 16:46:22,661 INFO: Initialised Gait 4, waiting for 1 seconds
2025-04-17 16:46:22,745 INFO: Square pressed. Preparing to change to previous gait: 4
2025-04-17 16:46:22,897 INFO: Square pressed. Preparing to change to previous gait: 4
2025-04-17 16:46:23,721 INFO: Setting operating mode 'multi_turn' for group 'Wheg_Group'
2025-04-17 16:46:23,722 INFO: Disabling torque for group Wheg_Group
2025-04-17 16:46:23,725 INFO: Enabling torque for group Wheg_Group
2025-04-17 16:46:23,727 INFO: Setting the profile velocity for group Wheg_Group from config.yaml: 10
2025-04-17 16:46:23,731 INFO: Profile velocities set for group Wheg_Group: {1: 43.7, 2: 43.7, 3: 43.7, 4: 43.7, 5: 43.7, 6: 43.7}
2025-04-17 16:46:23,737 INFO: Setting the profile velocity for group Wheg_Group from config.yaml: 10
2025-04-17 16:46:23,740 INFO: Profile velocities set for group Wheg_Group: {1: 43.7, 2: 43.7, 3: 43.7, 4: 43.7, 5: 43.7, 6: 43.7}
2025-04-17 16:46:23,741 INFO: New gait 4 is now active.
2025-04-17 16:46:44,924 INFO: Initiating safe shutdown...
2025-04-17 16:46:44,925 INFO: Setting operating mode 'velocity' for group 'All_Motors'
2025-04-17 16:46:44,926 INFO: Disabling torque for group All_Motors
2025-04-17 16:46:44,929 INFO: Enabling torque for group All_Motors
2025-04-17 16:46:44,930 INFO: Setting the profile velocity for group All_Motors from config.yaml: 8
2025-04-17 16:46:44,931 INFO: Profile velocities set for group All_Motors: {1: 34.96, 2: 34.96, 3: 34.96, 4: 34.96, 5: 34.96, 6: 34.96, 7: 34.96, 8: 34.96}
2025-04-17 16:46:44,931 WARNING: Velocity limit 200 exceeds hard limit 100. Limiting to 100.
2025-04-17 16:46:44,932 INFO: Velocity limit set to 100 for group All_Motors
2025-04-17 16:46:44,934 INFO: Enabling torque for group All_Motors
2025-04-17 16:46:44,935 INFO: Setting the profile velocity for group All_Motors from config.yaml: 8
2025-04-17 16:46:44,940 INFO: Profile velocities set for group All_Motors: {1: 34.96, 2: 34.96, 3: 34.96, 4: 34.96, 5: 34.96, 6: 34.96, 7: 34.96, 8: 34.96}
2025-04-17 16:46:44,942 INFO: Target velocities set for group All_Motors: {1: 0, 2: 0, 3: 0, 4: 0, 5: 0, 6: 0, 7: 0, 8: 0}
2025-04-17 16:46:44,943 INFO: Running set_position_group for group 'All_Motors' with positions: 180
2025-04-17 16:46:44,951 WARNING: Motor 1 is not in Position Control Mode. Setting mode now.
2025-04-17 16:46:44,952 INFO: Setting operating mode 'position' for group 'All_Motors'
2025-04-17 16:46:44,953 INFO: Disabling torque for group All_Motors
2025-04-17 16:46:44,954 INFO: Enabling torque for group All_Motors
2025-04-17 16:46:44,955 INFO: Setting the profile velocity for group All_Motors from config.yaml: 8
2025-04-17 16:46:44,956 INFO: Profile velocities set for group All_Motors: {1: 34.96, 2: 34.96, 3: 34.96, 4: 34.96, 5: 34.96, 6: 34.96, 7: 34.96, 8: 34.96}
2025-04-17 16:46:44,957 INFO: Setting the profile velocity for group All_Motors from config.yaml: 8
2025-04-17 16:46:44,958 INFO: Profile velocities set for group All_Motors: {1: 34.96, 2: 34.96, 3: 34.96, 4: 34.96, 5: 34.96, 6: 34.96, 7: 34.96, 8: 34.96}
2025-04-17 16:46:44,959 INFO: Closing PS4Controller and quitting pygame
2025-04-17 16:46:45,060 INFO: Port closed successfully.
2025-04-17 16:46:45,061 INFO: Shutdown complete.
