2025-03-26 16:25:10,839 INFO: Initializing PS4Controller
2025-03-26 16:25:11,335 INFO: Configuration loaded successfully
2025-03-26 16:25:11,337 INFO: Port /dev/ttyACM0 opened successfully
2025-03-26 16:25:11,347 INFO: Baudrate set to 1000000
2025-03-26 16:25:11,348 INFO: Control table loaded successfully.
2025-03-26 16:25:11,348 INFO: Motor group 'Pivot_Group' created with motors: [7, 8]
2025-03-26 16:25:11,349 INFO: Motor group 'Wheg_Group' created with motors: [1, 2, 3, 4, 5, 6]
2025-03-26 16:25:11,349 INFO: Motor group 'All_Motors' created with motors: [1, 2, 3, 4, 5, 6, 7, 8]
2025-03-26 16:25:11,349 INFO: Motor group 'Left_Whegs' created with motors: [1, 2, 3]
2025-03-26 16:25:11,349 INFO: Motor group 'Right_Whegs' created with motors: [4, 5, 6]
2025-03-26 16:25:11,349 INFO: Motor group 'Front_Whegs' created with motors: [3, 6]
2025-03-26 16:25:11,349 INFO: Motor group 'Rear_Whegs' created with motors: [1, 4]
2025-03-26 16:25:11,350 INFO: Motor group 'Middle_Whegs' created with motors: [2, 5]
2025-03-26 16:25:11,350 INFO: Motor group 'Two_Right_One_Left' created with motors: [2, 4, 6]
2025-03-26 16:25:11,350 INFO: Motor group 'Two_Left_One_Right' created with motors: [5, 1, 3]
2025-03-26 16:25:11,350 INFO: Initialised PS4 controller, Dynamixel, and Robot State
2025-03-26 16:25:11,350 INFO: Disabling torque for group Right_Whegs
2025-03-26 16:25:11,351 INFO: Drive mode set for group Right_Whegs with reverse_direction=True
2025-03-26 16:25:11,351 INFO: Enabling torque for group Right_Whegs
2025-03-26 16:25:11,352 INFO: Setting the profile velocity for group Right_Whegs from config.yaml: None
2025-03-26 16:25:11,352 ERROR: Profile velocity for group Right_Whegs not found in config.yaml and no value was provided.
2025-03-26 16:25:11,352 INFO: Disabling torque for group Left_Whegs
2025-03-26 16:25:11,353 INFO: Drive mode set for group Left_Whegs with reverse_direction=False
2025-03-26 16:25:11,353 INFO: Enabling torque for group Left_Whegs
2025-03-26 16:25:11,353 INFO: Setting the profile velocity for group Left_Whegs from config.yaml: None
2025-03-26 16:25:11,353 ERROR: Profile velocity for group Left_Whegs not found in config.yaml and no value was provided.
2025-03-26 16:25:11,353 INFO: Set the right side whegs to reverse direction
2025-03-26 16:25:11,353 INFO: Disabling torque for group Pivot_Group
2025-03-26 16:25:11,354 INFO: Drive mode set for group Pivot_Group with reverse_direction=False
2025-03-26 16:25:11,354 INFO: Enabling torque for group Pivot_Group
2025-03-26 16:25:11,355 INFO: Setting the profile velocity for group Pivot_Group from config.yaml: 4
2025-03-26 16:25:11,355 INFO: Profile velocities set for group Pivot_Group: {7: 17.48, 8: 17.48}
2025-03-26 16:25:11,356 INFO: Position limits set for group Pivot_Group: min=45° (ticks=511), max=315° (ticks=3583)
2025-03-26 16:25:11,356 INFO: Set position limits for the pivot motors
2025-03-26 16:25:11,527 INFO: Initialising Gait 1
2025-03-26 16:25:11,527 INFO: Running set_position_group for group 'Wheg_Group' with positions: 180
2025-03-26 16:25:11,532 INFO: Running set_position_group for group 'Pivot_Group' with positions: 180
2025-03-26 16:25:11,536 INFO: Initialised Gait 1, waiting for 3 seconds
2025-03-26 16:25:11,536 ERROR: Error controlling pivots: 'dpad_down'
2025-03-26 16:25:14,536 INFO: Setting operating mode 'multi_turn' for group 'Wheg_Group'
2025-03-26 16:25:14,537 INFO: Disabling torque for group Wheg_Group
2025-03-26 16:25:14,539 INFO: Enabling torque for group Wheg_Group
2025-03-26 16:25:14,539 INFO: Setting the profile velocity for group Wheg_Group from config.yaml: 10
2025-03-26 16:25:14,540 INFO: Profile velocities set for group Wheg_Group: {1: 43.7, 2: 43.7, 3: 43.7, 4: 43.7, 5: 43.7, 6: 43.7}
2025-03-26 16:25:14,540 INFO: Setting the profile velocity for group Wheg_Group from config.yaml: 10
2025-03-26 16:25:14,541 INFO: Profile velocities set for group Wheg_Group: {1: 43.7, 2: 43.7, 3: 43.7, 4: 43.7, 5: 43.7, 6: 43.7}
2025-03-26 16:25:14,541 INFO: New gait 1 is now active.
2025-03-26 16:25:32,651 INFO: Square pressed. Preparing to change to previous gait: 4
2025-03-26 16:25:32,659 INFO: Initialising Gait 4
2025-03-26 16:25:32,662 INFO: Direction data: {1: {'drive_mode': 0}, 2: {'drive_mode': 0}, 3: {'drive_mode': 0}}
2025-03-26 16:25:32,662 INFO: Disabling torque for group Left_Whegs
2025-03-26 16:25:32,663 INFO: Drive mode set for group Left_Whegs with reverse_direction={1: 1, 2: 1, 3: 1}
2025-03-26 16:25:32,663 INFO: Enabling torque for group Left_Whegs
2025-03-26 16:25:32,663 INFO: Setting the profile velocity for group Left_Whegs from config.yaml: None
2025-03-26 16:25:32,663 ERROR: Profile velocity for group Left_Whegs not found in config.yaml and no value was provided.
2025-03-26 16:25:32,663 WARNING: Reversed the direction of the left whegs
2025-03-26 16:25:32,664 INFO: Running set_position_group for group 'Wheg_Group' with positions: {1: 160, 2: 200, 3: 160, 4: 200, 5: 160, 6: 200}
2025-03-26 16:25:32,668 WARNING: Motor 1 is not in Position Control Mode. Setting mode now.
2025-03-26 16:25:32,669 INFO: Setting operating mode 'position' for group 'Wheg_Group'
2025-03-26 16:25:32,669 INFO: Disabling torque for group Wheg_Group
2025-03-26 16:25:32,669 INFO: Enabling torque for group Wheg_Group
2025-03-26 16:25:32,670 INFO: Setting the profile velocity for group Wheg_Group from config.yaml: 10
2025-03-26 16:25:32,670 INFO: Profile velocities set for group Wheg_Group: {1: 43.7, 2: 43.7, 3: 43.7, 4: 43.7, 5: 43.7, 6: 43.7}
2025-03-26 16:25:32,670 INFO: Setting the profile velocity for group Wheg_Group from config.yaml: 10
2025-03-26 16:25:32,671 INFO: Profile velocities set for group Wheg_Group: {1: 43.7, 2: 43.7, 3: 43.7, 4: 43.7, 5: 43.7, 6: 43.7}
2025-03-26 16:25:32,671 INFO: Running set_position_group for group 'Pivot_Group' with positions: 180
2025-03-26 16:25:32,675 INFO: Initialised Gait 4, waiting for 3 seconds
2025-03-26 16:25:32,819 INFO: Square pressed. Preparing to change to previous gait: 4
2025-03-26 16:25:33,659 INFO: Square pressed. Preparing to change to previous gait: 4
2025-03-26 16:25:33,827 INFO: Square pressed. Preparing to change to previous gait: 4
2025-03-26 16:25:35,428 INFO: Square pressed. Preparing to change to previous gait: 4
2025-03-26 16:25:35,596 INFO: Square pressed. Preparing to change to previous gait: 4
2025-03-26 16:25:35,681 INFO: Setting operating mode 'multi_turn' for group 'Wheg_Group'
2025-03-26 16:25:35,681 INFO: Disabling torque for group Wheg_Group
2025-03-26 16:25:35,682 INFO: Enabling torque for group Wheg_Group
2025-03-26 16:25:35,682 INFO: Setting the profile velocity for group Wheg_Group from config.yaml: 10
2025-03-26 16:25:35,682 INFO: Profile velocities set for group Wheg_Group: {1: 43.7, 2: 43.7, 3: 43.7, 4: 43.7, 5: 43.7, 6: 43.7}
2025-03-26 16:25:35,683 INFO: Setting the profile velocity for group Wheg_Group from config.yaml: 10
2025-03-26 16:25:35,683 INFO: Profile velocities set for group Wheg_Group: {1: 43.7, 2: 43.7, 3: 43.7, 4: 43.7, 5: 43.7, 6: 43.7}
2025-03-26 16:25:35,683 INFO: New gait 4 is now active.
2025-03-26 16:25:37,536 INFO: Square pressed. Preparing to change to previous gait: 3
2025-03-26 16:25:37,544 INFO: Initialsing Gait 3
2025-03-26 16:25:37,544 INFO: Running set_position_group for group 'Wheg_Group' with positions: {1: 200, 2: 160, 3: 160, 4: 200, 5: 160, 6: 160}
2025-03-26 16:25:37,549 WARNING: Motor 1 is not in Position Control Mode. Setting mode now.
2025-03-26 16:25:37,549 INFO: Setting operating mode 'position' for group 'Wheg_Group'
2025-03-26 16:25:37,549 INFO: Disabling torque for group Wheg_Group
2025-03-26 16:25:37,550 INFO: Enabling torque for group Wheg_Group
2025-03-26 16:25:37,550 INFO: Setting the profile velocity for group Wheg_Group from config.yaml: 10
2025-03-26 16:25:37,551 INFO: Profile velocities set for group Wheg_Group: {1: 43.7, 2: 43.7, 3: 43.7, 4: 43.7, 5: 43.7, 6: 43.7}
2025-03-26 16:25:37,551 INFO: Setting the profile velocity for group Wheg_Group from config.yaml: 10
2025-03-26 16:25:37,551 INFO: Profile velocities set for group Wheg_Group: {1: 43.7, 2: 43.7, 3: 43.7, 4: 43.7, 5: 43.7, 6: 43.7}
2025-03-26 16:25:37,552 INFO: Running set_position_group for group 'Pivot_Group' with positions: 180
2025-03-26 16:25:37,555 INFO: Initialised Gait 3, waiting for 3 seconds
2025-03-26 16:25:37,703 INFO: Square pressed. Preparing to change to previous gait: 3
2025-03-26 16:25:39,881 INFO: Square pressed. Preparing to change to previous gait: 3
2025-03-26 16:25:40,565 INFO: Setting operating mode 'multi_turn' for group 'Wheg_Group'
2025-03-26 16:25:40,566 INFO: Disabling torque for group Wheg_Group
2025-03-26 16:25:40,566 INFO: Enabling torque for group Wheg_Group
2025-03-26 16:25:40,567 INFO: Setting the profile velocity for group Wheg_Group from config.yaml: 10
2025-03-26 16:25:40,568 INFO: Profile velocities set for group Wheg_Group: {1: 43.7, 2: 43.7, 3: 43.7, 4: 43.7, 5: 43.7, 6: 43.7}
2025-03-26 16:25:40,568 INFO: Setting the profile velocity for group Wheg_Group from config.yaml: 10
2025-03-26 16:25:40,568 INFO: Profile velocities set for group Wheg_Group: {1: 43.7, 2: 43.7, 3: 43.7, 4: 43.7, 5: 43.7, 6: 43.7}
2025-03-26 16:25:40,569 INFO: New gait 3 is now active.
2025-03-26 16:25:43,426 INFO: Square pressed. Preparing to change to previous gait: 2
2025-03-26 16:25:43,435 INFO: Initialising Gait 2
2025-03-26 16:25:43,435 INFO: Running set_position_group for group 'Wheg_Group' with positions: {1: 160, 2: 200, 3: 160, 4: 200, 5: 160, 6: 200}
2025-03-26 16:25:43,440 WARNING: Motor 1 is not in Position Control Mode. Setting mode now.
2025-03-26 16:25:43,440 INFO: Setting operating mode 'position' for group 'Wheg_Group'
2025-03-26 16:25:43,440 INFO: Disabling torque for group Wheg_Group
2025-03-26 16:25:43,441 INFO: Enabling torque for group Wheg_Group
2025-03-26 16:25:43,441 INFO: Setting the profile velocity for group Wheg_Group from config.yaml: 10
2025-03-26 16:25:43,441 INFO: Profile velocities set for group Wheg_Group: {1: 43.7, 2: 43.7, 3: 43.7, 4: 43.7, 5: 43.7, 6: 43.7}
2025-03-26 16:25:43,442 INFO: Setting the profile velocity for group Wheg_Group from config.yaml: 10
2025-03-26 16:25:43,442 INFO: Profile velocities set for group Wheg_Group: {1: 43.7, 2: 43.7, 3: 43.7, 4: 43.7, 5: 43.7, 6: 43.7}
2025-03-26 16:25:43,442 INFO: Running set_position_group for group 'Pivot_Group' with positions: 180
2025-03-26 16:25:43,446 INFO: Initialised Gait 2, waiting for 3 seconds
2025-03-26 16:25:43,595 INFO: Square pressed. Preparing to change to previous gait: 2
2025-03-26 16:25:46,462 INFO: Setting operating mode 'multi_turn' for group 'Wheg_Group'
2025-03-26 16:25:46,462 INFO: Disabling torque for group Wheg_Group
2025-03-26 16:25:46,464 INFO: Enabling torque for group Wheg_Group
2025-03-26 16:25:46,465 INFO: Setting the profile velocity for group Wheg_Group from config.yaml: 10
2025-03-26 16:25:46,465 INFO: Profile velocities set for group Wheg_Group: {1: 43.7, 2: 43.7, 3: 43.7, 4: 43.7, 5: 43.7, 6: 43.7}
2025-03-26 16:25:46,466 INFO: Setting the profile velocity for group Wheg_Group from config.yaml: 10
2025-03-26 16:25:46,466 INFO: Profile velocities set for group Wheg_Group: {1: 43.7, 2: 43.7, 3: 43.7, 4: 43.7, 5: 43.7, 6: 43.7}
2025-03-26 16:25:46,466 INFO: New gait 2 is now active.
2025-03-26 16:25:49,341 INFO: Profile velocities set for group Wheg_Group: {1: 8.74, 2: 69.92, 3: 8.74, 4: 69.92, 5: 8.74, 6: 69.92}
2025-03-26 16:25:49,341 INFO: Incrementing motor positions by {1: 40, 2: 320, 3: 40, 4: 320, 5: 40, 6: 320} degrees for group 'Wheg_Group'
2025-03-26 16:25:49,351 INFO: Gait 2 step executed at 2.00RPM, wait for 3.36 seconds
2025-03-26 16:25:55,136 INFO: Share pressed. Reversing the direction of the whegs
2025-03-26 16:25:55,150 INFO: Disabling torque for group Wheg_Group
2025-03-26 16:25:55,150 INFO: Drive mode set for group Wheg_Group with reverse_direction={1: 0, 2: 0, 3: 0, 4: 0, 5: 0, 6: 0}
2025-03-26 16:25:55,151 INFO: Enabling torque for group Wheg_Group
2025-03-26 16:25:55,151 INFO: Setting the profile velocity for group Wheg_Group from config.yaml: 10
2025-03-26 16:25:55,151 INFO: Profile velocities set for group Wheg_Group: {1: 43.7, 2: 43.7, 3: 43.7, 4: 43.7, 5: 43.7, 6: 43.7}
2025-03-26 16:25:55,152 INFO: Reversed the direction of all whegs, waiting for 3 seconds
2025-03-26 16:25:58,152 INFO: Direction of whegs reversed.
2025-03-26 16:25:58,205 INFO: Initialising Gait 2
2025-03-26 16:25:58,205 INFO: Running set_position_group for group 'Wheg_Group' with positions: {1: 160, 2: 200, 3: 160, 4: 200, 5: 160, 6: 200}
2025-03-26 16:25:58,210 WARNING: Motor 1 is not in Position Control Mode. Setting mode now.
2025-03-26 16:25:58,211 INFO: Setting operating mode 'position' for group 'Wheg_Group'
2025-03-26 16:25:58,211 INFO: Disabling torque for group Wheg_Group
2025-03-26 16:25:58,212 INFO: Enabling torque for group Wheg_Group
2025-03-26 16:25:58,213 INFO: Setting the profile velocity for group Wheg_Group from config.yaml: 10
2025-03-26 16:25:58,214 INFO: Profile velocities set for group Wheg_Group: {1: 43.7, 2: 43.7, 3: 43.7, 4: 43.7, 5: 43.7, 6: 43.7}
2025-03-26 16:25:58,214 INFO: Setting the profile velocity for group Wheg_Group from config.yaml: 10
2025-03-26 16:25:58,215 INFO: Profile velocities set for group Wheg_Group: {1: 43.7, 2: 43.7, 3: 43.7, 4: 43.7, 5: 43.7, 6: 43.7}
2025-03-26 16:25:58,215 INFO: Running set_position_group for group 'Pivot_Group' with positions: 180
2025-03-26 16:25:58,220 INFO: Initialised Gait 2, waiting for 3 seconds
2025-03-26 16:26:01,222 INFO: Setting operating mode 'multi_turn' for group 'Wheg_Group'
2025-03-26 16:26:01,222 INFO: Disabling torque for group Wheg_Group
2025-03-26 16:26:01,223 INFO: Enabling torque for group Wheg_Group
2025-03-26 16:26:01,223 INFO: Setting the profile velocity for group Wheg_Group from config.yaml: 10
2025-03-26 16:26:01,224 INFO: Profile velocities set for group Wheg_Group: {1: 43.7, 2: 43.7, 3: 43.7, 4: 43.7, 5: 43.7, 6: 43.7}
2025-03-26 16:26:01,224 INFO: Setting the profile velocity for group Wheg_Group from config.yaml: 10
2025-03-26 16:26:01,224 INFO: Profile velocities set for group Wheg_Group: {1: 43.7, 2: 43.7, 3: 43.7, 4: 43.7, 5: 43.7, 6: 43.7}
2025-03-26 16:26:01,224 INFO: New gait 2 is now active.
2025-03-26 16:26:06,450 INFO: Profile velocities set for group Wheg_Group: {1: 8.74, 2: 69.92, 3: 8.74, 4: 69.92, 5: 8.74, 6: 69.92}
2025-03-26 16:26:06,450 INFO: Incrementing motor positions by {1: 40, 2: 320, 3: 40, 4: 320, 5: 40, 6: 320} degrees for group 'Wheg_Group'
2025-03-26 16:26:06,461 INFO: Gait 2 step executed at 2.00RPM, wait for 3.36 seconds
2025-03-26 16:26:22,062 INFO: Profile velocities set for group Wheg_Group: {1: 69.92, 2: 8.74, 3: 69.92, 4: 8.74, 5: 69.92, 6: 8.74}
2025-03-26 16:26:22,062 INFO: Incrementing motor positions by {1: 320, 2: 40, 3: 320, 4: 40, 5: 320, 6: 40} degrees for group 'Wheg_Group'
2025-03-26 16:26:22,073 INFO: Gait 2 step executed at 2.00RPM, wait for 3.36 seconds
2025-03-26 16:26:25,875 INFO: Profile velocities set for group Wheg_Group: {1: 8.74, 2: 69.92, 3: 8.74, 4: 69.92, 5: 8.74, 6: 69.92}
2025-03-26 16:26:25,876 INFO: Incrementing motor positions by {1: 40, 2: 320, 3: 40, 4: 320, 5: 40, 6: 320} degrees for group 'Wheg_Group'
2025-03-26 16:26:25,886 INFO: Gait 2 step executed at 2.00RPM, wait for 3.36 seconds
2025-03-26 16:26:29,527 INFO: Profile velocities set for group Wheg_Group: {1: 69.92, 2: 8.74, 3: 69.92, 4: 8.74, 5: 69.92, 6: 8.74}
2025-03-26 16:26:29,528 INFO: Incrementing motor positions by {1: 320, 2: 40, 3: 320, 4: 40, 5: 320, 6: 40} degrees for group 'Wheg_Group'
2025-03-26 16:26:29,538 INFO: Gait 2 step executed at 2.00RPM, wait for 3.36 seconds
2025-03-26 16:26:33,152 INFO: Profile velocities set for group Wheg_Group: {1: 8.74, 2: 69.92, 3: 8.74, 4: 69.92, 5: 8.74, 6: 69.92}
2025-03-26 16:26:33,153 INFO: Incrementing motor positions by {1: 40, 2: 320, 3: 40, 4: 320, 5: 40, 6: 320} degrees for group 'Wheg_Group'
2025-03-26 16:26:33,163 INFO: Gait 2 step executed at 2.00RPM, wait for 3.36 seconds
2025-03-26 16:26:36,809 INFO: Profile velocities set for group Wheg_Group: {1: 69.92, 2: 8.74, 3: 69.92, 4: 8.74, 5: 69.92, 6: 8.74}
2025-03-26 16:26:36,810 INFO: Incrementing motor positions by {1: 320, 2: 40, 3: 320, 4: 40, 5: 320, 6: 40} degrees for group 'Wheg_Group'
2025-03-26 16:26:36,823 INFO: Gait 2 step executed at 2.00RPM, wait for 3.36 seconds
2025-03-26 16:26:40,381 INFO: Profile velocities set for group Wheg_Group: {1: 8.74, 2: 69.92, 3: 8.74, 4: 69.92, 5: 8.74, 6: 69.92}
2025-03-26 16:26:40,381 INFO: Incrementing motor positions by {1: 40, 2: 320, 3: 40, 4: 320, 5: 40, 6: 320} degrees for group 'Wheg_Group'
2025-03-26 16:26:40,394 INFO: Gait 2 step executed at 2.00RPM, wait for 3.36 seconds
2025-03-26 16:26:44,033 INFO: Profile velocities set for group Wheg_Group: {1: 69.92, 2: 8.74, 3: 69.92, 4: 8.74, 5: 69.92, 6: 8.74}
2025-03-26 16:26:44,033 INFO: Incrementing motor positions by {1: 320, 2: 40, 3: 320, 4: 40, 5: 320, 6: 40} degrees for group 'Wheg_Group'
2025-03-26 16:26:44,044 INFO: Gait 2 step executed at 2.00RPM, wait for 3.36 seconds
2025-03-26 16:26:47,620 INFO: Profile velocities set for group Wheg_Group: {1: 8.74, 2: 69.92, 3: 8.74, 4: 69.92, 5: 8.74, 6: 69.92}
2025-03-26 16:26:47,620 INFO: Incrementing motor positions by {1: 40, 2: 320, 3: 40, 4: 320, 5: 40, 6: 320} degrees for group 'Wheg_Group'
2025-03-26 16:26:47,631 INFO: Gait 2 step executed at 2.00RPM, wait for 3.36 seconds
2025-03-26 16:26:51,039 INFO: Profile velocities set for group Wheg_Group: {1: 104.88, 2: 13.11, 3: 104.88, 4: 13.11, 5: 104.88, 6: 13.11}
2025-03-26 16:26:51,039 INFO: Incrementing motor positions by {1: 320, 2: 40, 3: 320, 4: 40, 5: 320, 6: 40} degrees for group 'Wheg_Group'
2025-03-26 16:26:51,049 INFO: Gait 2 step executed at 3.00RPM, wait for 2.25 seconds
2025-03-26 16:26:53,754 WARNING: Motors are not in the correct positions for Gait 2. Positions: {1: 154.94140625, 2: 185.615234375, 3: 161.09375, 4: 192.20703125, 5: 131.9140625, 6: 195.1953125}
2025-03-26 16:26:53,754 WARNING: Waiting for 1 second before checking for movement
2025-03-26 16:26:53,860 CRITICAL: Motors are not moving, reseting positions, and waiting for 3 seconds.
2025-03-26 16:26:53,860 INFO: Running set_position_group for group 'Wheg_Group' with positions: {1: 160, 2: 200, 3: 160, 4: 200, 5: 160, 6: 200}
2025-03-26 16:26:53,865 WARNING: Motor 1 is not in Position Control Mode. Setting mode now.
2025-03-26 16:26:53,866 INFO: Setting operating mode 'position' for group 'Wheg_Group'
2025-03-26 16:26:53,866 INFO: Disabling torque for group Wheg_Group
2025-03-26 16:26:53,866 INFO: Enabling torque for group Wheg_Group
2025-03-26 16:26:53,867 INFO: Setting the profile velocity for group Wheg_Group from config.yaml: 10
2025-03-26 16:26:53,867 INFO: Profile velocities set for group Wheg_Group: {1: 43.7, 2: 43.7, 3: 43.7, 4: 43.7, 5: 43.7, 6: 43.7}
2025-03-26 16:26:53,867 INFO: Setting the profile velocity for group Wheg_Group from config.yaml: 10
2025-03-26 16:26:53,868 INFO: Profile velocities set for group Wheg_Group: {1: 43.7, 2: 43.7, 3: 43.7, 4: 43.7, 5: 43.7, 6: 43.7}
2025-03-26 16:26:54,369 INFO: Setting operating mode 'multi_turn' for group 'Wheg_Group'
2025-03-26 16:26:54,369 INFO: Disabling torque for group Wheg_Group
2025-03-26 16:26:54,370 INFO: Enabling torque for group Wheg_Group
2025-03-26 16:26:54,370 INFO: Setting the profile velocity for group Wheg_Group from config.yaml: 10
2025-03-26 16:26:54,371 INFO: Profile velocities set for group Wheg_Group: {1: 43.7, 2: 43.7, 3: 43.7, 4: 43.7, 5: 43.7, 6: 43.7}
2025-03-26 16:26:54,371 INFO: Setting the profile velocity for group Wheg_Group from config.yaml: 10
2025-03-26 16:26:54,372 INFO: Profile velocities set for group Wheg_Group: {1: 43.7, 2: 43.7, 3: 43.7, 4: 43.7, 5: 43.7, 6: 43.7}
2025-03-26 16:26:54,372 INFO: Profile velocities set for group Wheg_Group: {1: 8.74, 2: 69.92, 3: 8.74, 4: 69.92, 5: 8.74, 6: 69.92}
2025-03-26 16:26:54,372 INFO: Incrementing motor positions by {1: 40, 2: 320, 3: 40, 4: 320, 5: 40, 6: 320} degrees for group 'Wheg_Group'
2025-03-26 16:26:54,383 INFO: Gait 2 step executed at 2.00RPM, wait for 3.36 seconds
2025-03-26 16:26:58,100 INFO: Profile velocities set for group Wheg_Group: {1: 69.92, 2: 8.74, 3: 69.92, 4: 8.74, 5: 69.92, 6: 8.74}
2025-03-26 16:26:58,100 INFO: Incrementing motor positions by {1: 320, 2: 40, 3: 320, 4: 40, 5: 320, 6: 40} degrees for group 'Wheg_Group'
2025-03-26 16:26:58,111 INFO: Gait 2 step executed at 2.00RPM, wait for 3.36 seconds
2025-03-26 16:27:01,858 INFO: Profile velocities set for group Wheg_Group: {1: 8.74, 2: 69.92, 3: 8.74, 4: 69.92, 5: 8.74, 6: 69.92}
2025-03-26 16:27:01,859 INFO: Incrementing motor positions by {1: 40, 2: 320, 3: 40, 4: 320, 5: 40, 6: 320} degrees for group 'Wheg_Group'
2025-03-26 16:27:01,869 INFO: Gait 2 step executed at 2.00RPM, wait for 3.36 seconds
2025-03-26 16:27:05,863 INFO: Profile velocities set for group Wheg_Group: {1: 69.92, 2: 8.74, 3: 69.92, 4: 8.74, 5: 69.92, 6: 8.74}
2025-03-26 16:27:05,863 INFO: Incrementing motor positions by {1: 320, 2: 40, 3: 320, 4: 40, 5: 320, 6: 40} degrees for group 'Wheg_Group'
2025-03-26 16:27:05,873 INFO: Gait 2 step executed at 2.00RPM, wait for 3.36 seconds
2025-03-26 16:27:09,593 INFO: Profile velocities set for group Wheg_Group: {1: 8.74, 2: 69.92, 3: 8.74, 4: 69.92, 5: 8.74, 6: 69.92}
2025-03-26 16:27:09,593 INFO: Incrementing motor positions by {1: 40, 2: 320, 3: 40, 4: 320, 5: 40, 6: 320} degrees for group 'Wheg_Group'
2025-03-26 16:27:09,604 INFO: Gait 2 step executed at 2.00RPM, wait for 3.36 seconds
2025-03-26 16:27:14,105 INFO: Share pressed. Reversing the direction of the whegs
2025-03-26 16:27:14,119 INFO: Disabling torque for group Wheg_Group
2025-03-26 16:27:14,119 INFO: Drive mode set for group Wheg_Group with reverse_direction={1: 1, 2: 1, 3: 1, 4: 1, 5: 1, 6: 1}
2025-03-26 16:27:14,120 INFO: Enabling torque for group Wheg_Group
2025-03-26 16:27:14,120 INFO: Setting the profile velocity for group Wheg_Group from config.yaml: 10
2025-03-26 16:27:14,120 INFO: Profile velocities set for group Wheg_Group: {1: 43.7, 2: 43.7, 3: 43.7, 4: 43.7, 5: 43.7, 6: 43.7}
2025-03-26 16:27:14,120 INFO: Reversed the direction of all whegs, waiting for 3 seconds
2025-03-26 16:27:17,121 INFO: Direction of whegs reversed.
2025-03-26 16:27:17,165 INFO: Initialising Gait 2
2025-03-26 16:27:17,165 INFO: Running set_position_group for group 'Wheg_Group' with positions: {1: 160, 2: 200, 3: 160, 4: 200, 5: 160, 6: 200}
2025-03-26 16:27:17,170 WARNING: Motor 1 is not in Position Control Mode. Setting mode now.
2025-03-26 16:27:17,170 INFO: Setting operating mode 'position' for group 'Wheg_Group'
2025-03-26 16:27:17,171 INFO: Disabling torque for group Wheg_Group
2025-03-26 16:27:17,171 INFO: Enabling torque for group Wheg_Group
2025-03-26 16:27:17,172 INFO: Setting the profile velocity for group Wheg_Group from config.yaml: 10
2025-03-26 16:27:17,172 INFO: Profile velocities set for group Wheg_Group: {1: 43.7, 2: 43.7, 3: 43.7, 4: 43.7, 5: 43.7, 6: 43.7}
2025-03-26 16:27:17,172 INFO: Setting the profile velocity for group Wheg_Group from config.yaml: 10
2025-03-26 16:27:17,173 INFO: Profile velocities set for group Wheg_Group: {1: 43.7, 2: 43.7, 3: 43.7, 4: 43.7, 5: 43.7, 6: 43.7}
2025-03-26 16:27:17,173 INFO: Running set_position_group for group 'Pivot_Group' with positions: 180
2025-03-26 16:27:17,177 INFO: Initialised Gait 2, waiting for 3 seconds
2025-03-26 16:27:20,209 INFO: Setting operating mode 'multi_turn' for group 'Wheg_Group'
2025-03-26 16:27:20,210 INFO: Disabling torque for group Wheg_Group
2025-03-26 16:27:20,210 INFO: Enabling torque for group Wheg_Group
2025-03-26 16:27:20,211 INFO: Setting the profile velocity for group Wheg_Group from config.yaml: 10
2025-03-26 16:27:20,211 INFO: Profile velocities set for group Wheg_Group: {1: 43.7, 2: 43.7, 3: 43.7, 4: 43.7, 5: 43.7, 6: 43.7}
2025-03-26 16:27:20,212 INFO: Setting the profile velocity for group Wheg_Group from config.yaml: 10
2025-03-26 16:27:20,212 INFO: Profile velocities set for group Wheg_Group: {1: 43.7, 2: 43.7, 3: 43.7, 4: 43.7, 5: 43.7, 6: 43.7}
2025-03-26 16:27:20,213 INFO: New gait 2 is now active.
2025-03-26 16:27:20,258 ERROR: Bulk read failed with error: [TxRxResult] There is no status packet!
2025-03-26 16:27:22,361 WARNING: Motors are not in the correct positions for Gait 2. Positions: {1: 157.763671875, 2: 201.97265625, 3: 159.9609375, 4: 47.900390625, 5: 157.8515625, 6: 181.58203125}
2025-03-26 16:27:22,361 WARNING: Waiting for 1 second before checking for movement
2025-03-26 16:27:22,467 CRITICAL: Motors are not moving, reseting positions, and waiting for 3 seconds.
2025-03-26 16:27:22,468 INFO: Running set_position_group for group 'Wheg_Group' with positions: {1: 160, 2: 200, 3: 160, 4: 200, 5: 160, 6: 200}
2025-03-26 16:27:22,473 WARNING: Motor 1 is not in Position Control Mode. Setting mode now.
2025-03-26 16:27:22,473 INFO: Setting operating mode 'position' for group 'Wheg_Group'
2025-03-26 16:27:22,473 INFO: Disabling torque for group Wheg_Group
2025-03-26 16:27:22,473 INFO: Enabling torque for group Wheg_Group
2025-03-26 16:27:22,474 INFO: Setting the profile velocity for group Wheg_Group from config.yaml: 10
2025-03-26 16:27:22,474 INFO: Profile velocities set for group Wheg_Group: {1: 43.7, 2: 43.7, 3: 43.7, 4: 43.7, 5: 43.7, 6: 43.7}
2025-03-26 16:27:22,474 INFO: Setting the profile velocity for group Wheg_Group from config.yaml: 10
2025-03-26 16:27:22,475 INFO: Profile velocities set for group Wheg_Group: {1: 43.7, 2: 43.7, 3: 43.7, 4: 43.7, 5: 43.7, 6: 43.7}
2025-03-26 16:27:22,976 INFO: Setting operating mode 'multi_turn' for group 'Wheg_Group'
2025-03-26 16:27:22,976 INFO: Disabling torque for group Wheg_Group
2025-03-26 16:27:22,977 INFO: Enabling torque for group Wheg_Group
2025-03-26 16:27:22,977 INFO: Setting the profile velocity for group Wheg_Group from config.yaml: 10
2025-03-26 16:27:22,978 INFO: Profile velocities set for group Wheg_Group: {1: 43.7, 2: 43.7, 3: 43.7, 4: 43.7, 5: 43.7, 6: 43.7}
2025-03-26 16:27:22,978 INFO: Setting the profile velocity for group Wheg_Group from config.yaml: 10
2025-03-26 16:27:22,978 INFO: Profile velocities set for group Wheg_Group: {1: 43.7, 2: 43.7, 3: 43.7, 4: 43.7, 5: 43.7, 6: 43.7}
2025-03-26 16:27:22,979 INFO: Profile velocities set for group Wheg_Group: {1: 8.74, 2: 69.92, 3: 8.74, 4: 69.92, 5: 8.74, 6: 69.92}
2025-03-26 16:27:22,979 INFO: Incrementing motor positions by {1: 40, 2: 320, 3: 40, 4: 320, 5: 40, 6: 320} degrees for group 'Wheg_Group'
2025-03-26 16:27:22,989 INFO: Gait 2 step executed at 2.00RPM, wait for 3.36 seconds
2025-03-26 16:27:25,068 WARNING: Emergency stop activated! Stopping all motors asynchronously.
2025-03-26 16:27:25,068 INFO: Setting operating mode 'velocity' for group 'All_Motors'
2025-03-26 16:27:25,069 INFO: Disabling torque for group All_Motors
2025-03-26 16:27:25,069 INFO: Enabling torque for group All_Motors
2025-03-26 16:27:25,069 INFO: Setting the profile velocity for group All_Motors from config.yaml: 8
2025-03-26 16:27:25,070 INFO: Profile velocities set for group All_Motors: {1: 34.96, 2: 34.96, 3: 34.96, 4: 34.96, 5: 34.96, 6: 34.96, 7: 34.96, 8: 34.96}
2025-03-26 16:27:25,070 WARNING: Velocity limit 200 exceeds hard limit 100. Limiting to 100.
2025-03-26 16:27:25,071 INFO: Velocity limit set to 100 for group All_Motors
2025-03-26 16:27:25,071 INFO: Enabling torque for group All_Motors
2025-03-26 16:27:25,071 INFO: Setting the profile velocity for group All_Motors from config.yaml: 8
2025-03-26 16:27:25,072 INFO: Profile velocities set for group All_Motors: {1: 34.96, 2: 34.96, 3: 34.96, 4: 34.96, 5: 34.96, 6: 34.96, 7: 34.96, 8: 34.96}
2025-03-26 16:27:25,072 INFO: Target velocities set for group All_Motors: {1: 0, 2: 0, 3: 0, 4: 0, 5: 0, 6: 0, 7: 0, 8: 0}
2025-03-26 16:27:25,508 INFO: Emergency Stop Deactivated. Resuming control...
2025-03-26 16:27:26,375 INFO: Initialising Gait 1
2025-03-26 16:27:26,376 INFO: Running set_position_group for group 'Wheg_Group' with positions: 180
2025-03-26 16:27:26,382 WARNING: Motor 1 is not in Position Control Mode. Setting mode now.
2025-03-26 16:27:26,382 INFO: Setting operating mode 'position' for group 'Wheg_Group'
2025-03-26 16:27:26,383 INFO: Disabling torque for group Wheg_Group
2025-03-26 16:27:26,385 INFO: Enabling torque for group Wheg_Group
2025-03-26 16:27:26,387 INFO: Setting the profile velocity for group Wheg_Group from config.yaml: 10
2025-03-26 16:27:26,388 INFO: Profile velocities set for group Wheg_Group: {1: 43.7, 2: 43.7, 3: 43.7, 4: 43.7, 5: 43.7, 6: 43.7}
2025-03-26 16:27:26,388 INFO: Setting the profile velocity for group Wheg_Group from config.yaml: 10
2025-03-26 16:27:26,389 INFO: Profile velocities set for group Wheg_Group: {1: 43.7, 2: 43.7, 3: 43.7, 4: 43.7, 5: 43.7, 6: 43.7}
2025-03-26 16:27:26,389 INFO: Running set_position_group for group 'Pivot_Group' with positions: 180
2025-03-26 16:27:26,392 WARNING: Motor 7 is not in Position Control Mode. Setting mode now.
2025-03-26 16:27:26,393 INFO: Setting operating mode 'position' for group 'Pivot_Group'
2025-03-26 16:27:26,393 INFO: Disabling torque for group Pivot_Group
2025-03-26 16:27:26,393 INFO: Enabling torque for group Pivot_Group
2025-03-26 16:27:26,394 INFO: Setting the profile velocity for group Pivot_Group from config.yaml: 4
2025-03-26 16:27:26,394 INFO: Profile velocities set for group Pivot_Group: {7: 17.48, 8: 17.48}
2025-03-26 16:27:26,394 INFO: Setting the profile velocity for group Pivot_Group from config.yaml: 4
2025-03-26 16:27:26,395 INFO: Profile velocities set for group Pivot_Group: {7: 17.48, 8: 17.48}
2025-03-26 16:27:26,395 INFO: Initialised Gait 1, waiting for 3 seconds
2025-03-26 16:27:26,445 ERROR: Bulk read failed with error: [TxRxResult] There is no status packet!
2025-03-26 16:27:26,467 ERROR: Error retrieving motor data: 'NoneType' object has no attribute 'keys'
2025-03-26 16:27:29,396 INFO: Setting operating mode 'multi_turn' for group 'Wheg_Group'
2025-03-26 16:27:29,396 INFO: Disabling torque for group Wheg_Group
2025-03-26 16:27:29,397 INFO: Enabling torque for group Wheg_Group
2025-03-26 16:27:29,397 INFO: Setting the profile velocity for group Wheg_Group from config.yaml: 10
2025-03-26 16:27:29,397 INFO: Profile velocities set for group Wheg_Group: {1: 43.7, 2: 43.7, 3: 43.7, 4: 43.7, 5: 43.7, 6: 43.7}
2025-03-26 16:27:29,398 INFO: Setting the profile velocity for group Wheg_Group from config.yaml: 10
2025-03-26 16:27:29,398 INFO: Profile velocities set for group Wheg_Group: {1: 43.7, 2: 43.7, 3: 43.7, 4: 43.7, 5: 43.7, 6: 43.7}
2025-03-26 16:27:29,398 INFO: New gait 1 is now active.
2025-03-26 16:27:39,230 INFO: Profile velocities set for group Wheg_Group: {1: 8.74, 2: 8.74, 3: 8.74, 4: 8.74, 5: 8.74, 6: 8.74}
2025-03-26 16:27:39,231 INFO: Incrementing motor positions by 360 degrees for group 'Wheg_Group'
2025-03-26 16:27:39,241 INFO: Gait 1 step executed at 2.00RPM, wait for 30.00 seconds
2025-03-26 16:27:46,871 INFO: Tasks were cancelled due to shutdown, proceeding to cleanup...
2025-03-26 16:27:46,872 INFO: Initiating safe shutdown...
2025-03-26 16:27:46,872 INFO: Setting operating mode 'velocity' for group 'All_Motors'
2025-03-26 16:27:46,872 INFO: Disabling torque for group All_Motors
2025-03-26 16:27:46,873 INFO: Enabling torque for group All_Motors
2025-03-26 16:27:46,873 INFO: Setting the profile velocity for group All_Motors from config.yaml: 8
2025-03-26 16:27:46,874 INFO: Profile velocities set for group All_Motors: {1: 34.96, 2: 34.96, 3: 34.96, 4: 34.96, 5: 34.96, 6: 34.96, 7: 34.96, 8: 34.96}
2025-03-26 16:27:46,874 WARNING: Velocity limit 200 exceeds hard limit 100. Limiting to 100.
2025-03-26 16:27:46,874 INFO: Velocity limit set to 100 for group All_Motors
2025-03-26 16:27:46,874 INFO: Enabling torque for group All_Motors
2025-03-26 16:27:46,875 INFO: Setting the profile velocity for group All_Motors from config.yaml: 8
2025-03-26 16:27:46,875 INFO: Profile velocities set for group All_Motors: {1: 34.96, 2: 34.96, 3: 34.96, 4: 34.96, 5: 34.96, 6: 34.96, 7: 34.96, 8: 34.96}
2025-03-26 16:27:46,876 INFO: Target velocities set for group All_Motors: {1: 0, 2: 0, 3: 0, 4: 0, 5: 0, 6: 0, 7: 0, 8: 0}
2025-03-26 16:27:46,876 INFO: Running set_position_group for group 'All_Motors' with positions: 180
2025-03-26 16:27:46,884 WARNING: Motor 1 is not in Position Control Mode. Setting mode now.
2025-03-26 16:27:46,884 INFO: Setting operating mode 'position' for group 'All_Motors'
2025-03-26 16:27:46,884 INFO: Disabling torque for group All_Motors
2025-03-26 16:27:46,885 INFO: Enabling torque for group All_Motors
2025-03-26 16:27:46,885 INFO: Setting the profile velocity for group All_Motors from config.yaml: 8
2025-03-26 16:27:46,886 INFO: Profile velocities set for group All_Motors: {1: 34.96, 2: 34.96, 3: 34.96, 4: 34.96, 5: 34.96, 6: 34.96, 7: 34.96, 8: 34.96}
2025-03-26 16:27:46,886 INFO: Setting the profile velocity for group All_Motors from config.yaml: 8
2025-03-26 16:27:46,887 INFO: Profile velocities set for group All_Motors: {1: 34.96, 2: 34.96, 3: 34.96, 4: 34.96, 5: 34.96, 6: 34.96, 7: 34.96, 8: 34.96}
2025-03-26 16:27:46,887 INFO: Closing PS4Controller and quitting pygame
2025-03-26 16:27:46,977 INFO: Port closed successfully.
2025-03-26 16:27:46,978 INFO: Shutdown complete.
