2025-04-30 16:26:05,815 INFO: Initializing PS4Controller
2025-04-30 16:26:06,168 INFO: Configuration loaded successfully
2025-04-30 16:26:06,171 INFO: Port /dev/ttyACM0 opened successfully
2025-04-30 16:26:06,181 INFO: Baudrate set to 1000000
2025-04-30 16:26:06,182 INFO: Control table loaded successfully.
2025-04-30 16:26:06,182 INFO: Motor group 'Pivot_Group' created with motors: [7, 8]
2025-04-30 16:26:06,182 INFO: Motor group 'Wheg_Group' created with motors: [1, 2, 3, 4, 5, 6]
2025-04-30 16:26:06,182 INFO: Motor group 'All_Motors' created with motors: [1, 2, 3, 4, 5, 6, 7, 8]
2025-04-30 16:26:06,182 INFO: Motor group 'Left_Whegs' created with motors: [1, 2, 3]
2025-04-30 16:26:06,182 INFO: Motor group 'Right_Whegs' created with motors: [4, 5, 6]
2025-04-30 16:26:06,183 INFO: Motor group 'Front_Whegs' created with motors: [3, 6]
2025-04-30 16:26:06,183 INFO: Motor group 'Rear_Whegs' created with motors: [1, 4]
2025-04-30 16:26:06,184 INFO: Motor group 'Middle_Whegs' created with motors: [2, 5]
2025-04-30 16:26:06,185 INFO: Motor group 'Two_Right_One_Left' created with motors: [2, 4, 6]
2025-04-30 16:26:06,185 INFO: Motor group 'Two_Left_One_Right' created with motors: [5, 1, 3]
2025-04-30 16:26:06,185 INFO: Initialised PS4 controller, Dynamixel, and Robot State
2025-04-30 16:26:06,186 INFO: Disabling torque for group Right_Whegs
2025-04-30 16:26:06,187 INFO: Drive mode set for group Right_Whegs with reverse_direction=True
2025-04-30 16:26:06,187 INFO: Enabling torque for group Right_Whegs
2025-04-30 16:26:06,188 INFO: Setting the profile velocity for group Right_Whegs from config.yaml: None
2025-04-30 16:26:06,188 ERROR: Profile velocity for group Right_Whegs not found in config.yaml and no value was provided.
2025-04-30 16:26:06,189 INFO: Disabling torque for group Left_Whegs
2025-04-30 16:26:06,190 INFO: Drive mode set for group Left_Whegs with reverse_direction=False
2025-04-30 16:26:06,191 INFO: Enabling torque for group Left_Whegs
2025-04-30 16:26:06,192 INFO: Setting the profile velocity for group Left_Whegs from config.yaml: None
2025-04-30 16:26:06,192 ERROR: Profile velocity for group Left_Whegs not found in config.yaml and no value was provided.
2025-04-30 16:26:06,192 INFO: Set the right side whegs to reverse direction
2025-04-30 16:26:06,193 INFO: Disabling torque for group Pivot_Group
2025-04-30 16:26:06,194 INFO: Drive mode set for group Pivot_Group with reverse_direction=False
2025-04-30 16:26:06,194 INFO: Enabling torque for group Pivot_Group
2025-04-30 16:26:06,194 INFO: Setting the profile velocity for group Pivot_Group from config.yaml: 4
2025-04-30 16:26:06,196 INFO: Profile velocities set for group Pivot_Group: {7: 17.48, 8: 17.48}
2025-04-30 16:26:06,197 INFO: Position limits set for group Pivot_Group: min=45째 (ticks=511), max=315째 (ticks=3583)
2025-04-30 16:26:06,197 INFO: Set position limits for the pivot motors
2025-04-30 16:26:06,339 INFO: Initialising Gait 1
2025-04-30 16:26:06,340 INFO: Disabling torque for group Wheg_Group
2025-04-30 16:26:06,341 INFO: Drive mode set for group Wheg_Group with reverse_direction={1: 0, 2: 0, 3: 0, 4: 1, 5: 1, 6: 1}
2025-04-30 16:26:06,341 INFO: Enabling torque for group Wheg_Group
2025-04-30 16:26:06,342 INFO: Setting the profile velocity for group Wheg_Group from config.yaml: 10
2025-04-30 16:26:06,343 INFO: Profile velocities set for group Wheg_Group: {1: 43.7, 2: 43.7, 3: 43.7, 4: 43.7, 5: 43.7, 6: 43.7}
2025-04-30 16:26:06,343 WARNING: Set direction of whegs to forward
2025-04-30 16:26:06,344 WARNING: Direction set for all whegs
2025-04-30 16:26:06,344 INFO: Running set_position_group for group 'Wheg_Group' with positions: 180
2025-04-30 16:26:06,350 INFO: Running set_position_group for group 'Pivot_Group' with positions: 180
2025-04-30 16:26:06,354 INFO: Initialised Gait 1, waiting for 1 seconds
2025-04-30 16:26:06,354 ERROR: Error controlling pivots: 'dpad_down'
2025-04-30 16:26:07,379 INFO: Setting operating mode 'multi_turn' for group 'Wheg_Group'
2025-04-30 16:26:07,380 INFO: Disabling torque for group Wheg_Group
2025-04-30 16:26:07,383 INFO: Enabling torque for group Wheg_Group
2025-04-30 16:26:07,385 INFO: Setting the profile velocity for group Wheg_Group from config.yaml: 10
2025-04-30 16:26:07,386 INFO: Profile velocities set for group Wheg_Group: {1: 43.7, 2: 43.7, 3: 43.7, 4: 43.7, 5: 43.7, 6: 43.7}
2025-04-30 16:26:07,386 INFO: Setting the profile velocity for group Wheg_Group from config.yaml: 10
2025-04-30 16:26:07,387 INFO: Profile velocities set for group Wheg_Group: {1: 43.7, 2: 43.7, 3: 43.7, 4: 43.7, 5: 43.7, 6: 43.7}
2025-04-30 16:26:07,388 INFO: New gait 1 is now active.
2025-04-30 16:26:11,956 INFO: Triangle pressed. Preparing to change to next gait: 2
2025-04-30 16:26:11,967 INFO: Initialising Gait 2
2025-04-30 16:26:11,967 INFO: Running set_position_group for group 'Wheg_Group' with positions: {1: 160, 2: 200, 3: 160, 4: 200, 5: 160, 6: 200}
2025-04-30 16:26:11,972 WARNING: Motor 1 is not in Position Control Mode. Setting mode now.
2025-04-30 16:26:11,973 INFO: Setting operating mode 'position' for group 'Wheg_Group'
2025-04-30 16:26:11,973 INFO: Disabling torque for group Wheg_Group
2025-04-30 16:26:11,976 INFO: Enabling torque for group Wheg_Group
2025-04-30 16:26:11,977 INFO: Setting the profile velocity for group Wheg_Group from config.yaml: 10
2025-04-30 16:26:11,978 INFO: Profile velocities set for group Wheg_Group: {1: 43.7, 2: 43.7, 3: 43.7, 4: 43.7, 5: 43.7, 6: 43.7}
2025-04-30 16:26:11,978 INFO: Setting the profile velocity for group Wheg_Group from config.yaml: 10
2025-04-30 16:26:11,979 INFO: Profile velocities set for group Wheg_Group: {1: 43.7, 2: 43.7, 3: 43.7, 4: 43.7, 5: 43.7, 6: 43.7}
2025-04-30 16:26:11,979 INFO: Running set_position_group for group 'Pivot_Group' with positions: 180
2025-04-30 16:26:11,983 INFO: Initialised Gait 2, waiting for 1 seconds
2025-04-30 16:26:12,984 INFO: Setting operating mode 'multi_turn' for group 'Wheg_Group'
2025-04-30 16:26:12,984 INFO: Disabling torque for group Wheg_Group
2025-04-30 16:26:12,985 INFO: Enabling torque for group Wheg_Group
2025-04-30 16:26:12,986 INFO: Setting the profile velocity for group Wheg_Group from config.yaml: 10
2025-04-30 16:26:12,987 INFO: Profile velocities set for group Wheg_Group: {1: 43.7, 2: 43.7, 3: 43.7, 4: 43.7, 5: 43.7, 6: 43.7}
2025-04-30 16:26:12,987 INFO: Setting the profile velocity for group Wheg_Group from config.yaml: 10
2025-04-30 16:26:12,988 INFO: Profile velocities set for group Wheg_Group: {1: 43.7, 2: 43.7, 3: 43.7, 4: 43.7, 5: 43.7, 6: 43.7}
2025-04-30 16:26:12,988 INFO: New gait 2 is now active.
2025-04-30 16:26:13,846 INFO: Triangle pressed. Preparing to change to next gait: 3
2025-04-30 16:26:13,855 INFO: Initialsing Gait 3
2025-04-30 16:26:13,856 INFO: Disabling torque for group Wheg_Group
2025-04-30 16:26:13,857 INFO: Drive mode set for group Wheg_Group with reverse_direction={1: 0, 2: 0, 3: 0, 4: 1, 5: 1, 6: 1}
2025-04-30 16:26:13,857 INFO: Enabling torque for group Wheg_Group
2025-04-30 16:26:13,858 INFO: Setting the profile velocity for group Wheg_Group from config.yaml: 10
2025-04-30 16:26:13,859 INFO: Profile velocities set for group Wheg_Group: {1: 43.7, 2: 43.7, 3: 43.7, 4: 43.7, 5: 43.7, 6: 43.7}
2025-04-30 16:26:13,859 WARNING: Set direction of whegs to forward
2025-04-30 16:26:13,860 WARNING: Direction set for all whegs
2025-04-30 16:26:13,860 INFO: Running set_position_group for group 'Wheg_Group' with positions: {1: 200, 2: 160, 3: 160, 4: 200, 5: 160, 6: 160}
2025-04-30 16:26:13,867 WARNING: Motor 1 is not in Position Control Mode. Setting mode now.
2025-04-30 16:26:13,867 INFO: Setting operating mode 'position' for group 'Wheg_Group'
2025-04-30 16:26:13,868 INFO: Disabling torque for group Wheg_Group
2025-04-30 16:26:13,869 INFO: Enabling torque for group Wheg_Group
2025-04-30 16:26:13,870 INFO: Setting the profile velocity for group Wheg_Group from config.yaml: 10
2025-04-30 16:26:13,871 INFO: Profile velocities set for group Wheg_Group: {1: 43.7, 2: 43.7, 3: 43.7, 4: 43.7, 5: 43.7, 6: 43.7}
2025-04-30 16:26:13,871 INFO: Setting the profile velocity for group Wheg_Group from config.yaml: 10
2025-04-30 16:26:13,872 INFO: Profile velocities set for group Wheg_Group: {1: 43.7, 2: 43.7, 3: 43.7, 4: 43.7, 5: 43.7, 6: 43.7}
2025-04-30 16:26:13,873 INFO: Running set_position_group for group 'Pivot_Group' with positions: 180
2025-04-30 16:26:13,876 INFO: Initialised Gait 3, waiting for 1 seconds
2025-04-30 16:26:14,877 INFO: Setting operating mode 'multi_turn' for group 'Wheg_Group'
2025-04-30 16:26:14,878 INFO: Disabling torque for group Wheg_Group
2025-04-30 16:26:14,879 INFO: Enabling torque for group Wheg_Group
2025-04-30 16:26:14,880 INFO: Setting the profile velocity for group Wheg_Group from config.yaml: 10
2025-04-30 16:26:14,880 INFO: Profile velocities set for group Wheg_Group: {1: 43.7, 2: 43.7, 3: 43.7, 4: 43.7, 5: 43.7, 6: 43.7}
2025-04-30 16:26:14,881 INFO: Setting the profile velocity for group Wheg_Group from config.yaml: 10
2025-04-30 16:26:14,882 INFO: Profile velocities set for group Wheg_Group: {1: 43.7, 2: 43.7, 3: 43.7, 4: 43.7, 5: 43.7, 6: 43.7}
2025-04-30 16:26:14,883 INFO: New gait 3 is now active.
2025-04-30 16:26:16,003 INFO: Square pressed. Preparing to change to previous gait: 2
2025-04-30 16:26:16,013 INFO: Initialising Gait 2
2025-04-30 16:26:16,014 INFO: Running set_position_group for group 'Wheg_Group' with positions: {1: 160, 2: 200, 3: 160, 4: 200, 5: 160, 6: 200}
2025-04-30 16:26:16,019 WARNING: Motor 1 is not in Position Control Mode. Setting mode now.
2025-04-30 16:26:16,019 INFO: Setting operating mode 'position' for group 'Wheg_Group'
2025-04-30 16:26:16,020 INFO: Disabling torque for group Wheg_Group
2025-04-30 16:26:16,021 INFO: Enabling torque for group Wheg_Group
2025-04-30 16:26:16,022 INFO: Setting the profile velocity for group Wheg_Group from config.yaml: 10
2025-04-30 16:26:16,023 INFO: Profile velocities set for group Wheg_Group: {1: 43.7, 2: 43.7, 3: 43.7, 4: 43.7, 5: 43.7, 6: 43.7}
2025-04-30 16:26:16,023 INFO: Setting the profile velocity for group Wheg_Group from config.yaml: 10
2025-04-30 16:26:16,024 INFO: Profile velocities set for group Wheg_Group: {1: 43.7, 2: 43.7, 3: 43.7, 4: 43.7, 5: 43.7, 6: 43.7}
2025-04-30 16:26:16,025 INFO: Running set_position_group for group 'Pivot_Group' with positions: 180
2025-04-30 16:26:16,029 INFO: Initialised Gait 2, waiting for 1 seconds
2025-04-30 16:26:17,030 INFO: Setting operating mode 'multi_turn' for group 'Wheg_Group'
2025-04-30 16:26:17,031 INFO: Disabling torque for group Wheg_Group
2025-04-30 16:26:17,032 INFO: Enabling torque for group Wheg_Group
2025-04-30 16:26:17,033 INFO: Setting the profile velocity for group Wheg_Group from config.yaml: 10
2025-04-30 16:26:17,034 INFO: Profile velocities set for group Wheg_Group: {1: 43.7, 2: 43.7, 3: 43.7, 4: 43.7, 5: 43.7, 6: 43.7}
2025-04-30 16:26:17,034 INFO: Setting the profile velocity for group Wheg_Group from config.yaml: 10
2025-04-30 16:26:17,035 INFO: Profile velocities set for group Wheg_Group: {1: 43.7, 2: 43.7, 3: 43.7, 4: 43.7, 5: 43.7, 6: 43.7}
2025-04-30 16:26:17,036 INFO: New gait 2 is now active.
2025-04-30 16:26:17,815 WARNING: Profile velocity 160.0 for motor 2 exceeds hard limit 100. Limiting to 100.
2025-04-30 16:26:17,816 WARNING: Profile velocity 160.0 for motor 4 exceeds hard limit 100. Limiting to 100.
2025-04-30 16:26:17,818 WARNING: Profile velocity 160.0 for motor 6 exceeds hard limit 100. Limiting to 100.
2025-04-30 16:26:17,819 INFO: Profile velocities set for group Wheg_Group: {1: 87.4, 2: 437.0, 3: 87.4, 4: 437.0, 5: 87.4, 6: 437.0}
2025-04-30 16:26:17,820 INFO: Incrementing motor positions by {1: 40, 2: 320, 3: 40, 4: 320, 5: 40, 6: 320} degrees for group 'Wheg_Group'
2025-04-30 16:26:17,830 INFO: Gait 2 step executed at 20.00RPM, wait for 0.36 seconds
2025-04-30 16:28:35,500 INFO: Initiating safe shutdown...
2025-04-30 16:28:35,501 INFO: Setting operating mode 'velocity' for group 'All_Motors'
2025-04-30 16:28:35,501 INFO: Disabling torque for group All_Motors
2025-04-30 16:28:35,503 INFO: Enabling torque for group All_Motors
2025-04-30 16:28:35,503 INFO: Setting the profile velocity for group All_Motors from config.yaml: 8
2025-04-30 16:28:35,504 INFO: Profile velocities set for group All_Motors: {1: 34.96, 2: 34.96, 3: 34.96, 4: 34.96, 5: 34.96, 6: 34.96, 7: 34.96, 8: 34.96}
2025-04-30 16:28:35,505 WARNING: Velocity limit 200 exceeds hard limit 100. Limiting to 100.
2025-04-30 16:28:35,506 INFO: Velocity limit set to 100 for group All_Motors
2025-04-30 16:28:35,506 INFO: Enabling torque for group All_Motors
2025-04-30 16:28:35,507 INFO: Setting the profile velocity for group All_Motors from config.yaml: 8
2025-04-30 16:28:35,507 INFO: Profile velocities set for group All_Motors: {1: 34.96, 2: 34.96, 3: 34.96, 4: 34.96, 5: 34.96, 6: 34.96, 7: 34.96, 8: 34.96}
2025-04-30 16:28:35,508 INFO: Target velocities set for group All_Motors: {1: 0, 2: 0, 3: 0, 4: 0, 5: 0, 6: 0, 7: 0, 8: 0}
2025-04-30 16:28:35,509 INFO: Running set_position_group for group 'All_Motors' with positions: 180
2025-04-30 16:28:35,516 WARNING: Motor 1 is not in Position Control Mode. Setting mode now.
2025-04-30 16:28:35,517 INFO: Setting operating mode 'position' for group 'All_Motors'
2025-04-30 16:28:35,517 INFO: Disabling torque for group All_Motors
2025-04-30 16:28:35,518 INFO: Enabling torque for group All_Motors
2025-04-30 16:28:35,519 INFO: Setting the profile velocity for group All_Motors from config.yaml: 8
2025-04-30 16:28:35,520 INFO: Profile velocities set for group All_Motors: {1: 34.96, 2: 34.96, 3: 34.96, 4: 34.96, 5: 34.96, 6: 34.96, 7: 34.96, 8: 34.96}
2025-04-30 16:28:35,520 INFO: Setting the profile velocity for group All_Motors from config.yaml: 8
2025-04-30 16:28:35,521 INFO: Profile velocities set for group All_Motors: {1: 34.96, 2: 34.96, 3: 34.96, 4: 34.96, 5: 34.96, 6: 34.96, 7: 34.96, 8: 34.96}
2025-04-30 16:28:35,522 INFO: Closing PS4Controller and quitting pygame
2025-04-30 16:28:35,579 INFO: Port closed successfully.
2025-04-30 16:28:35,580 INFO: Shutdown complete.
2025-04-30 16:28:35,581 ERROR: Error checking hardware errors: Attempting to use a port that is not open
2025-04-30 16:28:37,985 INFO: Initializing PS4Controller
2025-04-30 16:28:38,373 INFO: Configuration loaded successfully
2025-04-30 16:28:38,377 INFO: Port /dev/ttyACM0 opened successfully
2025-04-30 16:28:38,387 INFO: Baudrate set to 1000000
2025-04-30 16:28:38,388 INFO: Control table loaded successfully.
2025-04-30 16:28:38,389 INFO: Motor group 'Pivot_Group' created with motors: [7, 8]
2025-04-30 16:28:38,390 INFO: Motor group 'Wheg_Group' created with motors: [1, 2, 3, 4, 5, 6]
2025-04-30 16:28:38,390 INFO: Motor group 'All_Motors' created with motors: [1, 2, 3, 4, 5, 6, 7, 8]
2025-04-30 16:28:38,391 INFO: Motor group 'Left_Whegs' created with motors: [1, 2, 3]
2025-04-30 16:28:38,392 INFO: Motor group 'Right_Whegs' created with motors: [4, 5, 6]
2025-04-30 16:28:38,392 INFO: Motor group 'Front_Whegs' created with motors: [3, 6]
2025-04-30 16:28:38,393 INFO: Motor group 'Rear_Whegs' created with motors: [1, 4]
2025-04-30 16:28:38,394 INFO: Motor group 'Middle_Whegs' created with motors: [2, 5]
2025-04-30 16:28:38,395 INFO: Motor group 'Two_Right_One_Left' created with motors: [2, 4, 6]
2025-04-30 16:28:38,395 INFO: Motor group 'Two_Left_One_Right' created with motors: [5, 1, 3]
2025-04-30 16:28:38,396 INFO: Initialised PS4 controller, Dynamixel, and Robot State
2025-04-30 16:28:38,397 INFO: Disabling torque for group Right_Whegs
2025-04-30 16:28:38,399 INFO: Drive mode set for group Right_Whegs with reverse_direction=True
2025-04-30 16:28:38,399 INFO: Enabling torque for group Right_Whegs
2025-04-30 16:28:38,400 INFO: Setting the profile velocity for group Right_Whegs from config.yaml: None
2025-04-30 16:28:38,401 ERROR: Profile velocity for group Right_Whegs not found in config.yaml and no value was provided.
2025-04-30 16:28:38,402 INFO: Disabling torque for group Left_Whegs
2025-04-30 16:28:38,403 INFO: Drive mode set for group Left_Whegs with reverse_direction=False
2025-04-30 16:28:38,404 INFO: Enabling torque for group Left_Whegs
2025-04-30 16:28:38,404 INFO: Setting the profile velocity for group Left_Whegs from config.yaml: None
2025-04-30 16:28:38,405 ERROR: Profile velocity for group Left_Whegs not found in config.yaml and no value was provided.
2025-04-30 16:28:38,407 INFO: Set the right side whegs to reverse direction
2025-04-30 16:28:38,407 INFO: Disabling torque for group Pivot_Group
2025-04-30 16:28:38,409 INFO: Drive mode set for group Pivot_Group with reverse_direction=False
2025-04-30 16:28:38,409 INFO: Enabling torque for group Pivot_Group
2025-04-30 16:28:38,410 INFO: Setting the profile velocity for group Pivot_Group from config.yaml: 4
2025-04-30 16:28:38,412 INFO: Profile velocities set for group Pivot_Group: {7: 17.48, 8: 17.48}
2025-04-30 16:28:38,413 INFO: Position limits set for group Pivot_Group: min=45째 (ticks=511), max=315째 (ticks=3583)
2025-04-30 16:28:38,414 INFO: Set position limits for the pivot motors
2025-04-30 16:28:38,436 INFO: Initialising Gait 1
2025-04-30 16:28:38,437 INFO: Disabling torque for group Wheg_Group
2025-04-30 16:28:38,439 INFO: Drive mode set for group Wheg_Group with reverse_direction={1: 0, 2: 0, 3: 0, 4: 1, 5: 1, 6: 1}
2025-04-30 16:28:38,439 INFO: Enabling torque for group Wheg_Group
2025-04-30 16:28:38,440 INFO: Setting the profile velocity for group Wheg_Group from config.yaml: 10
2025-04-30 16:28:38,441 INFO: Profile velocities set for group Wheg_Group: {1: 43.7, 2: 43.7, 3: 43.7, 4: 43.7, 5: 43.7, 6: 43.7}
2025-04-30 16:28:38,442 WARNING: Set direction of whegs to forward
2025-04-30 16:28:38,442 WARNING: Direction set for all whegs
2025-04-30 16:28:38,443 INFO: Running set_position_group for group 'Wheg_Group' with positions: 180
2025-04-30 16:28:38,449 INFO: Running set_position_group for group 'Pivot_Group' with positions: 180
2025-04-30 16:28:38,453 INFO: Initialised Gait 1, waiting for 1 seconds
2025-04-30 16:28:38,454 ERROR: Error controlling pivots: 'dpad_down'
2025-04-30 16:28:39,475 INFO: Setting operating mode 'multi_turn' for group 'Wheg_Group'
2025-04-30 16:28:39,477 INFO: Disabling torque for group Wheg_Group
2025-04-30 16:28:39,478 INFO: Enabling torque for group Wheg_Group
2025-04-30 16:28:39,481 INFO: Setting the profile velocity for group Wheg_Group from config.yaml: 10
2025-04-30 16:28:39,484 INFO: Profile velocities set for group Wheg_Group: {1: 43.7, 2: 43.7, 3: 43.7, 4: 43.7, 5: 43.7, 6: 43.7}
2025-04-30 16:28:39,485 INFO: Setting the profile velocity for group Wheg_Group from config.yaml: 10
2025-04-30 16:28:39,485 INFO: Profile velocities set for group Wheg_Group: {1: 43.7, 2: 43.7, 3: 43.7, 4: 43.7, 5: 43.7, 6: 43.7}
2025-04-30 16:28:39,486 INFO: New gait 1 is now active.
2025-04-30 16:28:46,384 INFO: Triangle pressed. Preparing to change to next gait: 2
2025-04-30 16:28:46,397 INFO: Initialising Gait 2
2025-04-30 16:28:46,398 INFO: Running set_position_group for group 'Wheg_Group' with positions: {1: 160, 2: 200, 3: 160, 4: 200, 5: 160, 6: 200}
2025-04-30 16:28:46,404 WARNING: Motor 1 is not in Position Control Mode. Setting mode now.
2025-04-30 16:28:46,404 INFO: Setting operating mode 'position' for group 'Wheg_Group'
2025-04-30 16:28:46,407 INFO: Disabling torque for group Wheg_Group
2025-04-30 16:28:46,409 INFO: Enabling torque for group Wheg_Group
2025-04-30 16:28:46,410 INFO: Setting the profile velocity for group Wheg_Group from config.yaml: 10
2025-04-30 16:28:46,411 INFO: Profile velocities set for group Wheg_Group: {1: 43.7, 2: 43.7, 3: 43.7, 4: 43.7, 5: 43.7, 6: 43.7}
2025-04-30 16:28:46,412 INFO: Setting the profile velocity for group Wheg_Group from config.yaml: 10
2025-04-30 16:28:46,414 INFO: Profile velocities set for group Wheg_Group: {1: 43.7, 2: 43.7, 3: 43.7, 4: 43.7, 5: 43.7, 6: 43.7}
2025-04-30 16:28:46,415 INFO: Running set_position_group for group 'Pivot_Group' with positions: 180
2025-04-30 16:28:46,419 INFO: Initialised Gait 2, waiting for 1 seconds
2025-04-30 16:28:47,420 INFO: Setting operating mode 'multi_turn' for group 'Wheg_Group'
2025-04-30 16:28:47,421 INFO: Disabling torque for group Wheg_Group
2025-04-30 16:28:47,422 INFO: Enabling torque for group Wheg_Group
2025-04-30 16:28:47,423 INFO: Setting the profile velocity for group Wheg_Group from config.yaml: 10
2025-04-30 16:28:47,424 INFO: Profile velocities set for group Wheg_Group: {1: 43.7, 2: 43.7, 3: 43.7, 4: 43.7, 5: 43.7, 6: 43.7}
2025-04-30 16:28:47,424 INFO: Setting the profile velocity for group Wheg_Group from config.yaml: 10
2025-04-30 16:28:47,425 INFO: Profile velocities set for group Wheg_Group: {1: 43.7, 2: 43.7, 3: 43.7, 4: 43.7, 5: 43.7, 6: 43.7}
2025-04-30 16:28:47,425 INFO: New gait 2 is now active.
2025-04-30 16:28:57,821 INFO: Initiating safe shutdown...
2025-04-30 16:28:57,821 INFO: Setting operating mode 'velocity' for group 'All_Motors'
2025-04-30 16:28:57,821 INFO: Disabling torque for group All_Motors
2025-04-30 16:28:57,822 INFO: Enabling torque for group All_Motors
2025-04-30 16:28:57,823 INFO: Setting the profile velocity for group All_Motors from config.yaml: 8
2025-04-30 16:28:57,825 INFO: Profile velocities set for group All_Motors: {1: 34.96, 2: 34.96, 3: 34.96, 4: 34.96, 5: 34.96, 6: 34.96, 7: 34.96, 8: 34.96}
2025-04-30 16:28:57,825 WARNING: Velocity limit 200 exceeds hard limit 100. Limiting to 100.
2025-04-30 16:28:57,826 INFO: Velocity limit set to 100 for group All_Motors
2025-04-30 16:28:57,827 INFO: Enabling torque for group All_Motors
2025-04-30 16:28:57,827 INFO: Setting the profile velocity for group All_Motors from config.yaml: 8
2025-04-30 16:28:57,828 INFO: Profile velocities set for group All_Motors: {1: 34.96, 2: 34.96, 3: 34.96, 4: 34.96, 5: 34.96, 6: 34.96, 7: 34.96, 8: 34.96}
2025-04-30 16:28:57,829 INFO: Target velocities set for group All_Motors: {1: 0, 2: 0, 3: 0, 4: 0, 5: 0, 6: 0, 7: 0, 8: 0}
2025-04-30 16:28:57,830 INFO: Running set_position_group for group 'All_Motors' with positions: 180
2025-04-30 16:28:57,837 WARNING: Motor 1 is not in Position Control Mode. Setting mode now.
2025-04-30 16:28:57,838 INFO: Setting operating mode 'position' for group 'All_Motors'
2025-04-30 16:28:57,839 INFO: Disabling torque for group All_Motors
2025-04-30 16:28:57,840 INFO: Enabling torque for group All_Motors
2025-04-30 16:28:57,841 INFO: Setting the profile velocity for group All_Motors from config.yaml: 8
2025-04-30 16:28:57,842 INFO: Profile velocities set for group All_Motors: {1: 34.96, 2: 34.96, 3: 34.96, 4: 34.96, 5: 34.96, 6: 34.96, 7: 34.96, 8: 34.96}
2025-04-30 16:28:57,842 INFO: Setting the profile velocity for group All_Motors from config.yaml: 8
2025-04-30 16:28:57,843 INFO: Profile velocities set for group All_Motors: {1: 34.96, 2: 34.96, 3: 34.96, 4: 34.96, 5: 34.96, 6: 34.96, 7: 34.96, 8: 34.96}
2025-04-30 16:28:57,844 INFO: Closing PS4Controller and quitting pygame
2025-04-30 16:28:57,895 INFO: Port closed successfully.
2025-04-30 16:28:57,895 INFO: Shutdown complete.
2025-04-30 16:28:57,896 ERROR: Error checking hardware errors: Attempting to use a port that is not open
2025-04-30 16:29:00,638 INFO: Initializing PS4Controller
2025-04-30 16:29:00,774 ERROR: PS4 Controller not detected! Please connect the controller.
2025-04-30 16:29:00,775 ERROR: Error initialising components: Invalid joystick device number
2025-04-30 16:29:18,564 INFO: Initializing PS4Controller
2025-04-30 16:29:18,565 ERROR: PS4 Controller not detected! Please connect the controller.
2025-04-30 16:29:18,566 ERROR: Error initialising components: Invalid joystick device number
