2024-10-29 00:31:20,791 INFO: Initializing PS4Controller
2024-10-29 00:31:21,040 INFO: Configuration loaded successfully
2024-10-29 00:31:21,043 INFO: Port /dev/ttyACM0 opened successfully
2024-10-29 00:31:21,053 INFO: Baudrate set to 1000000
2024-10-29 00:31:21,053 INFO: Control table loaded successfully.
2024-10-29 00:31:21,054 INFO: Motor group 'Pivot_Group' created with motors: [7, 8]
2024-10-29 00:31:21,054 INFO: Motor group 'Wheg_Group' created with motors: [1, 2, 3, 4, 5, 6]
2024-10-29 00:31:21,055 INFO: Motor group 'All_Motors' created with motors: [1, 2, 3, 4, 5, 6, 7, 8]
2024-10-29 00:31:21,055 INFO: Motor group 'Left_Whegs' created with motors: [1, 2, 3]
2024-10-29 00:31:21,056 INFO: Motor group 'Right_Whegs' created with motors: [4, 5, 6]
2024-10-29 00:31:21,056 INFO: Motor group 'Front_Whegs' created with motors: [3, 6]
2024-10-29 00:31:21,057 INFO: Motor group 'Rear_Whegs' created with motors: [1, 4]
2024-10-29 00:31:21,057 INFO: Motor group 'Middle_Whegs' created with motors: [2, 5]
2024-10-29 00:31:21,057 INFO: Motor group 'Two_Right_One_Left' created with motors: [2, 4, 6]
2024-10-29 00:31:21,058 INFO: Motor group 'Two_Left_One_Right' created with motors: [5, 1, 3]
2024-10-29 00:31:21,058 INFO: Initialised PS4 controller, Dynamixel, and Robot State
2024-10-29 00:31:21,211 INFO: Initialised Streamlit dashboard
2024-10-29 00:31:21,212 INFO: Disabling torque for group Right_Whegs
2024-10-29 00:31:21,215 INFO: Drive mode set for group Right_Whegs with reverse_direction=True
2024-10-29 00:31:21,216 INFO: Enabling torque for group Right_Whegs
2024-10-29 00:31:21,221 INFO: Motor 4 drive mode correctly set to reverse
2024-10-29 00:31:21,222 INFO: Motor 5 drive mode correctly set to reverse
2024-10-29 00:31:21,222 INFO: Motor 6 drive mode correctly set to reverse
2024-10-29 00:31:21,223 INFO: Disabling torque for group Left_Whegs
2024-10-29 00:31:21,224 INFO: Drive mode set for group Left_Whegs with reverse_direction=False
2024-10-29 00:31:21,224 INFO: Enabling torque for group Left_Whegs
2024-10-29 00:31:21,228 INFO: Motor 1 drive mode correctly set to normal
2024-10-29 00:31:21,228 INFO: Motor 2 drive mode correctly set to normal
2024-10-29 00:31:21,229 INFO: Motor 3 drive mode correctly set to normal
2024-10-29 00:31:21,229 INFO: Set the right side whegs to reverse direction
2024-10-29 00:31:21,229 INFO: Disabling torque for group Pivot_Group
2024-10-29 00:31:21,230 INFO: Drive mode set for group Pivot_Group with reverse_direction=False
2024-10-29 00:31:21,231 INFO: Enabling torque for group Pivot_Group
2024-10-29 00:31:21,234 INFO: Motor 7 drive mode correctly set to normal
2024-10-29 00:31:21,235 INFO: Motor 8 drive mode correctly set to normal
2024-10-29 00:31:21,236 INFO: Position limits set for group Pivot_Group: min=90° (ticks=1023), max=270° (ticks=3071)
2024-10-29 00:31:21,236 INFO: Set position limits for the pivot motors
2024-10-29 00:31:21,238 INFO: Initialising Gait 1
2024-10-29 00:31:21,238 INFO: Running set_position_group for group 'Wheg_Group' with positions: 180
2024-10-29 00:31:21,243 INFO: Running set_position_group for group 'Pivot_Group' with positions: 180
2024-10-29 00:31:21,247 INFO: Initialised Gait 1, waiting for 3 seconds
2024-10-29 00:31:24,487 INFO: Triangle pressed. Preparing to change to next gait: 2
2024-10-29 00:31:24,488 INFO: Setting operating mode 'multi_turn' for group 'Wheg_Group'
2024-10-29 00:31:24,489 INFO: Disabling torque for group Wheg_Group
2024-10-29 00:31:24,490 INFO: Enabling torque for group Wheg_Group
2024-10-29 00:31:24,491 INFO: Setting the profile velocity for group Wheg_Group from config.yaml: 10
2024-10-29 00:31:24,492 INFO: Profile velocities set for group Wheg_Group: {1: 43.7, 2: 43.7, 3: 43.7, 4: 43.7, 5: 43.7, 6: 43.7}
2024-10-29 00:31:24,492 INFO: New gait 2 is now active.
2024-10-29 00:31:24,503 INFO: Initialising Gait 2
2024-10-29 00:31:24,504 INFO: Running set_position_group for group 'Wheg_Group' with positions: {1: 160, 2: 200, 3: 160, 4: 200, 5: 160, 6: 200}
2024-10-29 00:31:24,539 ERROR: Bulk read failed with error: [TxRxResult] There is no status packet!
2024-10-29 00:31:24,540 INFO: Initiating safe shutdown...
2024-10-29 00:31:24,541 INFO: Setting operating mode 'velocity' for group 'All_Motors'
2024-10-29 00:31:24,541 INFO: Disabling torque for group All_Motors
2024-10-29 00:31:24,542 INFO: Enabling torque for group All_Motors
2024-10-29 00:31:24,543 WARNING: Velocity limit 200 exceeds hard limit 100. Limiting to 100.
2024-10-29 00:31:24,544 INFO: Velocity limit set to 100 for group All_Motors
2024-10-29 00:31:24,544 INFO: Enabling torque for group All_Motors
2024-10-29 00:31:24,545 INFO: Target velocities set for group All_Motors: {1: 0, 2: 0, 3: 0, 4: 0, 5: 0, 6: 0, 7: 0, 8: 0}
2024-10-29 00:31:24,546 INFO: Running set_position_group for group 'All_Motors' with positions: 180
2024-10-29 00:31:24,553 WARNING: Motor 1 is not in Position Control Mode. Setting mode now.
2024-10-29 00:31:24,553 INFO: Setting operating mode 'position' for group 'All_Motors'
2024-10-29 00:31:24,553 INFO: Disabling torque for group All_Motors
2024-10-29 00:31:24,555 INFO: Enabling torque for group All_Motors
2024-10-29 00:31:24,556 INFO: Setting the profile velocity for group All_Motors from config.yaml: 5
2024-10-29 00:31:24,556 INFO: Profile velocities set for group All_Motors: {1: 21.85, 2: 21.85, 3: 21.85, 4: 21.85, 5: 21.85, 6: 21.85, 7: 21.85, 8: 21.85}
2024-10-29 00:31:24,557 INFO: Closing PS4Controller and quitting pygame
2024-10-29 00:31:24,652 INFO: Port closed successfully.
2024-10-29 00:31:24,653 INFO: Shutdown complete.
2024-10-29 00:31:24,653 ERROR: Controller connection lost!
2024-10-29 00:31:24,654 ERROR: Controller is disconnected.
2024-10-29 00:31:24,654 ERROR: Controller connection lost!
2024-10-29 00:31:24,655 ERROR: Controller is disconnected.
2024-10-29 00:31:24,655 ERROR: Controller connection lost!
2024-10-29 00:31:24,655 ERROR: Controller is disconnected.
