2024-10-29 18:21:00,327 INFO: Initializing PS4Controller
2024-10-29 18:21:00,649 INFO: Configuration loaded successfully
2024-10-29 18:21:00,652 INFO: Port /dev/ttyACM0 opened successfully
2024-10-29 18:21:00,662 INFO: Baudrate set to 1000000
2024-10-29 18:21:00,663 INFO: Control table loaded successfully.
2024-10-29 18:21:00,663 INFO: Motor group 'Pivot_Group' created with motors: [7, 8]
2024-10-29 18:21:00,664 INFO: Motor group 'Wheg_Group' created with motors: [1, 2, 3, 4, 5, 6]
2024-10-29 18:21:00,664 INFO: Motor group 'All_Motors' created with motors: [1, 2, 3, 4, 5, 6, 7, 8]
2024-10-29 18:21:00,664 INFO: Motor group 'Left_Whegs' created with motors: [1, 2, 3]
2024-10-29 18:21:00,665 INFO: Motor group 'Right_Whegs' created with motors: [4, 5, 6]
2024-10-29 18:21:00,665 INFO: Motor group 'Front_Whegs' created with motors: [3, 6]
2024-10-29 18:21:00,666 INFO: Motor group 'Rear_Whegs' created with motors: [1, 4]
2024-10-29 18:21:00,666 INFO: Motor group 'Middle_Whegs' created with motors: [2, 5]
2024-10-29 18:21:00,666 INFO: Motor group 'Two_Right_One_Left' created with motors: [2, 4, 6]
2024-10-29 18:21:00,667 INFO: Motor group 'Two_Left_One_Right' created with motors: [5, 1, 3]
2024-10-29 18:21:00,667 INFO: Initialised PS4 controller, Dynamixel, and Robot State
2024-10-29 18:21:00,825 INFO: Disabling torque for group Right_Whegs
2024-10-29 18:21:00,827 INFO: Drive mode set for group Right_Whegs with reverse_direction=True
2024-10-29 18:21:00,828 INFO: Enabling torque for group Right_Whegs
2024-10-29 18:21:00,828 INFO: Setting the profile velocity for group Right_Whegs from config.yaml: None
2024-10-29 18:21:00,829 ERROR: Profile velocity for group Right_Whegs not found in config.yaml and no value was provided.
2024-10-29 18:21:00,832 INFO: Profile velocities set for group Right_Whegs: {4: 21.85, 5: 21.85, 6: 21.85}
2024-10-29 18:21:00,833 INFO: Disabling torque for group Left_Whegs
2024-10-29 18:21:00,838 INFO: Drive mode set for group Left_Whegs with reverse_direction=False
2024-10-29 18:21:00,839 INFO: Enabling torque for group Left_Whegs
2024-10-29 18:21:00,839 INFO: Setting the profile velocity for group Left_Whegs from config.yaml: None
2024-10-29 18:21:00,840 ERROR: Profile velocity for group Left_Whegs not found in config.yaml and no value was provided.
2024-10-29 18:21:00,841 INFO: Profile velocities set for group Left_Whegs: {1: 21.85, 2: 21.85, 3: 21.85}
2024-10-29 18:21:00,841 INFO: Set the right side whegs to reverse direction
2024-10-29 18:21:00,842 INFO: Disabling torque for group Pivot_Group
2024-10-29 18:21:00,843 INFO: Drive mode set for group Pivot_Group with reverse_direction=False
2024-10-29 18:21:00,844 INFO: Enabling torque for group Pivot_Group
2024-10-29 18:21:00,844 INFO: Setting the profile velocity for group Pivot_Group from config.yaml: 4
2024-10-29 18:21:00,845 INFO: Profile velocities set for group Pivot_Group: {7: 17.48, 8: 17.48}
2024-10-29 18:21:00,846 INFO: Position limits set for group Pivot_Group: min=45° (ticks=511), max=315° (ticks=3583)
2024-10-29 18:21:00,846 INFO: Set position limits for the pivot motors
2024-10-29 18:21:00,855 INFO: Initialising Gait 1
2024-10-29 18:21:00,856 INFO: Running set_position_group for group 'Wheg_Group' with positions: 180
2024-10-29 18:21:00,861 WARNING: Motor 1 is not in Position Control Mode. Setting mode now.
2024-10-29 18:21:00,861 INFO: Setting operating mode 'position' for group 'Wheg_Group'
2024-10-29 18:21:00,861 INFO: Disabling torque for group Wheg_Group
2024-10-29 18:21:00,862 INFO: Enabling torque for group Wheg_Group
2024-10-29 18:21:00,863 INFO: Setting the profile velocity for group Wheg_Group from config.yaml: 10
2024-10-29 18:21:00,864 INFO: Profile velocities set for group Wheg_Group: {1: 43.7, 2: 43.7, 3: 43.7, 4: 43.7, 5: 43.7, 6: 43.7}
2024-10-29 18:21:00,864 INFO: Setting the profile velocity for group Wheg_Group from config.yaml: 10
2024-10-29 18:21:00,865 INFO: Profile velocities set for group Wheg_Group: {1: 43.7, 2: 43.7, 3: 43.7, 4: 43.7, 5: 43.7, 6: 43.7}
2024-10-29 18:21:00,866 INFO: Running set_position_group for group 'Pivot_Group' with positions: 180
2024-10-29 18:21:00,869 WARNING: Motor 7 is not in Position Control Mode. Setting mode now.
2024-10-29 18:21:00,869 INFO: Setting operating mode 'position' for group 'Pivot_Group'
2024-10-29 18:21:00,870 INFO: Disabling torque for group Pivot_Group
2024-10-29 18:21:00,871 INFO: Enabling torque for group Pivot_Group
2024-10-29 18:21:00,872 INFO: Setting the profile velocity for group Pivot_Group from config.yaml: 4
2024-10-29 18:21:00,872 INFO: Profile velocities set for group Pivot_Group: {7: 17.48, 8: 17.48}
2024-10-29 18:21:00,873 INFO: Setting the profile velocity for group Pivot_Group from config.yaml: 4
2024-10-29 18:21:00,874 INFO: Profile velocities set for group Pivot_Group: {7: 17.48, 8: 17.48}
2024-10-29 18:21:00,874 INFO: Initialised Gait 1, waiting for 3 seconds
2024-10-29 18:21:00,874 ERROR: Error controlling pivots: 'dpad_down'
2024-10-29 18:21:03,875 INFO: Setting operating mode 'multi_turn' for group 'Wheg_Group'
2024-10-29 18:21:03,876 INFO: Disabling torque for group Wheg_Group
2024-10-29 18:21:03,877 INFO: Enabling torque for group Wheg_Group
2024-10-29 18:21:03,878 INFO: Setting the profile velocity for group Wheg_Group from config.yaml: 10
2024-10-29 18:21:03,879 INFO: Profile velocities set for group Wheg_Group: {1: 43.7, 2: 43.7, 3: 43.7, 4: 43.7, 5: 43.7, 6: 43.7}
2024-10-29 18:21:03,879 INFO: Setting the profile velocity for group Wheg_Group from config.yaml: 10
2024-10-29 18:21:03,880 INFO: Profile velocities set for group Wheg_Group: {1: 43.7, 2: 43.7, 3: 43.7, 4: 43.7, 5: 43.7, 6: 43.7}
2024-10-29 18:21:03,881 INFO: New gait 1 is now active.
2024-10-29 18:21:06,970 INFO: R3 pressed. Turning mode requested
2024-10-29 18:21:06,981 INFO: Initialising Turn Mode
2024-10-29 18:21:06,981 INFO: Running set_position_group for group 'Wheg_Group' with positions: {1: 160, 2: 200, 3: 160, 4: 160, 5: 200, 6: 160}
2024-10-29 18:21:06,986 WARNING: Motor 1 is not in Position Control Mode. Setting mode now.
2024-10-29 18:21:06,987 INFO: Setting operating mode 'position' for group 'Wheg_Group'
2024-10-29 18:21:06,987 INFO: Disabling torque for group Wheg_Group
2024-10-29 18:21:06,990 INFO: Enabling torque for group Wheg_Group
2024-10-29 18:21:06,990 INFO: Setting the profile velocity for group Wheg_Group from config.yaml: 10
2024-10-29 18:21:06,991 INFO: Profile velocities set for group Wheg_Group: {1: 43.7, 2: 43.7, 3: 43.7, 4: 43.7, 5: 43.7, 6: 43.7}
2024-10-29 18:21:06,992 INFO: Setting the profile velocity for group Wheg_Group from config.yaml: 10
2024-10-29 18:21:06,992 INFO: Profile velocities set for group Wheg_Group: {1: 43.7, 2: 43.7, 3: 43.7, 4: 43.7, 5: 43.7, 6: 43.7}
2024-10-29 18:21:06,993 INFO: Running set_position_group for group 'Pivot_Group' with positions: 180
2024-10-29 18:21:06,996 INFO: Initialised turn mode, waiting for 3 seconds
2024-10-29 18:21:10,008 INFO: Setting operating mode 'multi_turn' for group 'Wheg_Group'
2024-10-29 18:21:10,010 INFO: Disabling torque for group Wheg_Group
2024-10-29 18:21:10,013 INFO: Enabling torque for group Wheg_Group
2024-10-29 18:21:10,015 INFO: Setting the profile velocity for group Wheg_Group from config.yaml: 10
2024-10-29 18:21:10,016 INFO: Profile velocities set for group Wheg_Group: {1: 43.7, 2: 43.7, 3: 43.7, 4: 43.7, 5: 43.7, 6: 43.7}
2024-10-29 18:21:10,016 INFO: Setting the profile velocity for group Wheg_Group from config.yaml: 10
2024-10-29 18:21:10,017 INFO: Profile velocities set for group Wheg_Group: {1: 43.7, 2: 43.7, 3: 43.7, 4: 43.7, 5: 43.7, 6: 43.7}
2024-10-29 18:21:10,017 INFO: Turn mode activated.
2024-10-29 18:21:10,042 INFO: Running set_position_group for group 'Wheg_Group' with positions: {1: 200, 2: 160, 3: 200, 4: 200, 5: 160, 6: 200}
2024-10-29 18:21:10,048 WARNING: Motor 1 is not in Position Control Mode. Setting mode now.
2024-10-29 18:21:10,048 INFO: Setting operating mode 'position' for group 'Wheg_Group'
2024-10-29 18:21:10,048 INFO: Disabling torque for group Wheg_Group
2024-10-29 18:21:10,050 INFO: Enabling torque for group Wheg_Group
2024-10-29 18:21:10,050 INFO: Setting the profile velocity for group Wheg_Group from config.yaml: 10
2024-10-29 18:21:10,051 INFO: Profile velocities set for group Wheg_Group: {1: 43.7, 2: 43.7, 3: 43.7, 4: 43.7, 5: 43.7, 6: 43.7}
2024-10-29 18:21:10,051 INFO: Setting the profile velocity for group Wheg_Group from config.yaml: 10
2024-10-29 18:21:10,052 INFO: Profile velocities set for group Wheg_Group: {1: 43.7, 2: 43.7, 3: 43.7, 4: 43.7, 5: 43.7, 6: 43.7}
2024-10-29 18:21:10,058 WARNING: Motors are not in the correct positions for Gait 4. Positions: {1: 160.6640625, 2: 199.599609375, 3: 160.400390625, 4: 161.103515625, 5: 201.26953125, 6: 159.9609375}
2024-10-29 18:21:10,058 WARNING: Waiting for 1 second before checking for movement
2024-10-29 18:21:10,191 INFO: Motors are moving. Continuing with the gait.
2024-10-29 18:21:10,739 WARNING: Motors are not in the correct positions for Gait 4. Positions: {1: 197.841796875, 2: 177.01171875, 3: 197.9296875, 4: 197.666015625, 5: 167.34375, 6: 196.611328125}
2024-10-29 18:21:10,739 WARNING: Waiting for 1 second before checking for movement
2024-10-29 18:21:10,846 INFO: Motors are moving. Continuing with the gait.
2024-10-29 18:21:11,364 INFO: Profile velocities set for group Wheg_Group: {1: 10.573591613769532, 2: 84.58873291015625, 3: 10.573591613769532, 4: 84.58873291015625, 5: 10.573591613769532, 6: 84.58873291015625}
2024-10-29 18:21:11,365 INFO: Incrementing motor positions by {1: -40, 2: -320, 3: -40, 4: 320, 5: 40, 6: 320} degrees for group 'Wheg_Group'
2024-10-29 18:21:11,370 WARNING: Motor 1 is not in Extended Position Control Mode. Setting mode now.
2024-10-29 18:21:11,370 INFO: Setting operating mode 'multi_turn' for group 'Wheg_Group'
2024-10-29 18:21:11,371 INFO: Disabling torque for group Wheg_Group
2024-10-29 18:21:11,372 INFO: Enabling torque for group Wheg_Group
2024-10-29 18:21:11,373 INFO: Setting the profile velocity for group Wheg_Group from config.yaml: 10
2024-10-29 18:21:11,374 INFO: Profile velocities set for group Wheg_Group: {1: 43.7, 2: 43.7, 3: 43.7, 4: 43.7, 5: 43.7, 6: 43.7}
2024-10-29 18:21:11,375 INFO: Setting the profile velocity for group Wheg_Group from config.yaml: 10
2024-10-29 18:21:11,375 INFO: Profile velocities set for group Wheg_Group: {1: 43.7, 2: 43.7, 3: 43.7, 4: 43.7, 5: 43.7, 6: 43.7}
2024-10-29 18:21:11,381 INFO: Gait 4 step executed at 2.42RPM, wait for -2.73 seconds
2024-10-29 18:21:11,394 INFO: Profile velocities set for group Wheg_Group: {1: 84.58873291015625, 2: 10.573591613769532, 3: 84.58873291015625, 4: 10.573591613769532, 5: 84.58873291015625, 6: 10.573591613769532}
2024-10-29 18:21:11,394 INFO: Incrementing motor positions by {1: -320, 2: -40, 3: -320, 4: 40, 5: 320, 6: 40} degrees for group 'Wheg_Group'
2024-10-29 18:21:11,405 INFO: Gait 4 step executed at 2.42RPM, wait for -2.73 seconds
2024-10-29 18:21:11,418 INFO: Profile velocities set for group Wheg_Group: {1: 10.573591613769532, 2: 84.58873291015625, 3: 10.573591613769532, 4: 84.58873291015625, 5: 10.573591613769532, 6: 84.58873291015625}
2024-10-29 18:21:11,418 INFO: Incrementing motor positions by {1: -40, 2: -320, 3: -40, 4: 320, 5: 40, 6: 320} degrees for group 'Wheg_Group'
2024-10-29 18:21:11,429 INFO: Gait 4 step executed at 2.42RPM, wait for -2.73 seconds
2024-10-29 18:21:11,442 INFO: Profile velocities set for group Wheg_Group: {1: 84.58873291015625, 2: 10.573591613769532, 3: 84.58873291015625, 4: 10.573591613769532, 5: 84.58873291015625, 6: 10.573591613769532}
2024-10-29 18:21:11,443 INFO: Incrementing motor positions by {1: -320, 2: -40, 3: -320, 4: 40, 5: 320, 6: 40} degrees for group 'Wheg_Group'
2024-10-29 18:21:11,453 INFO: Gait 4 step executed at 2.42RPM, wait for -2.73 seconds
2024-10-29 18:21:11,505 INFO: Profile velocities set for group Wheg_Group: {1: 10.676413574218751, 2: 85.41130859375001, 3: 10.676413574218751, 4: 85.41130859375001, 5: 10.676413574218751, 6: 85.41130859375001}
2024-10-29 18:21:11,505 INFO: Incrementing motor positions by {1: -40, 2: -320, 3: -40, 4: 320, 5: 40, 6: 320} degrees for group 'Wheg_Group'
2024-10-29 18:21:11,516 INFO: Gait 4 step executed at 2.44RPM, wait for -2.70 seconds
2024-10-29 18:21:11,529 INFO: Profile velocities set for group Wheg_Group: {1: 85.41130859375001, 2: 10.676413574218751, 3: 85.41130859375001, 4: 10.676413574218751, 5: 85.41130859375001, 6: 10.676413574218751}
2024-10-29 18:21:11,529 INFO: Incrementing motor positions by {1: -320, 2: -40, 3: -320, 4: 40, 5: 320, 6: 40} degrees for group 'Wheg_Group'
2024-10-29 18:21:11,540 INFO: Gait 4 step executed at 2.44RPM, wait for -2.70 seconds
2024-10-29 18:21:11,553 WARNING: Motors are not in the correct positions for Gait 4. Positions: {1: 193.447265625, 2: 161.982421875, 3: 193.447265625, 4: 205.751953125, 5: 163.212890625, 6: 205.927734375}
2024-10-29 18:21:11,553 WARNING: Waiting for 1 second before checking for movement
2024-10-29 18:21:11,689 INFO: Motors are moving. Continuing with the gait.
2024-10-29 18:21:12,235 WARNING: Motors are not in the correct positions for Gait 4. Positions: {1: 112.1484375, 2: 145.37109375, 3: 111.4453125, 4: 220.60546875, 5: 247.5, 6: 219.111328125}
2024-10-29 18:21:12,235 WARNING: Waiting for 1 second before checking for movement
2024-10-29 18:21:12,342 INFO: Motors are moving. Continuing with the gait.
2024-10-29 18:21:12,864 WARNING: Motors are not in the correct positions for Gait 4. Positions: {1: 39.814453125, 2: 136.58203125, 3: 38.759765625, 4: 230.09765625, 5: 320.712890625, 6: 227.548828125}
2024-10-29 18:21:12,864 WARNING: Waiting for 1 second before checking for movement
2024-10-29 18:21:12,970 INFO: Motors are moving. Continuing with the gait.
2024-10-29 18:21:13,489 WARNING: Motors are not in the correct positions for Gait 4. Positions: {1: 261.986328125, 2: 125.771484375, 3: 260.931640625, 4: 239.150390625, 5: 35.365234375, 6: 237.12890625}
2024-10-29 18:21:13,490 WARNING: Waiting for 1 second before checking for movement
2024-10-29 18:21:13,597 INFO: Motors are moving. Continuing with the gait.
2024-10-29 18:21:14,115 WARNING: Motors are not in the correct positions for Gait 4. Positions: {1: 187.89453125, 2: 118.828125, 3: 187.71875, 4: 246.708984375, 5: 93.548828125, 6: 242.666015625}
2024-10-29 18:21:14,116 WARNING: Waiting for 1 second before checking for movement
2024-10-29 18:21:14,222 INFO: Motors are moving. Continuing with the gait.
2024-10-29 18:21:14,745 WARNING: Motors are not in the correct positions for Gait 4. Positions: {1: 173.48046875, 2: 117.421875, 3: 171.107421875, 4: 248.466796875, 5: 110.072265625, 6: 245.0390625}
2024-10-29 18:21:14,746 WARNING: Waiting for 1 second before checking for movement
2024-10-29 18:21:14,852 CRITICAL: Motors are not moving, reseting positions, and waiting for 3 seconds.
2024-10-29 18:21:14,852 INFO: Running set_position_group for group 'Wheg_Group' with positions: {1: 200, 2: 160, 3: 200, 4: 200, 5: 160, 6: 200}
2024-10-29 18:21:14,858 WARNING: Motor 1 is not in Position Control Mode. Setting mode now.
2024-10-29 18:21:14,858 INFO: Setting operating mode 'position' for group 'Wheg_Group'
2024-10-29 18:21:14,859 INFO: Disabling torque for group Wheg_Group
2024-10-29 18:21:14,860 INFO: Enabling torque for group Wheg_Group
2024-10-29 18:21:14,860 INFO: Setting the profile velocity for group Wheg_Group from config.yaml: 10
2024-10-29 18:21:14,861 INFO: Profile velocities set for group Wheg_Group: {1: 43.7, 2: 43.7, 3: 43.7, 4: 43.7, 5: 43.7, 6: 43.7}
2024-10-29 18:21:14,861 INFO: Setting the profile velocity for group Wheg_Group from config.yaml: 10
2024-10-29 18:21:14,862 INFO: Profile velocities set for group Wheg_Group: {1: 43.7, 2: 43.7, 3: 43.7, 4: 43.7, 5: 43.7, 6: 43.7}
2024-10-29 18:21:17,865 INFO: Setting operating mode 'multi_turn' for group 'Wheg_Group'
2024-10-29 18:21:17,865 INFO: Disabling torque for group Wheg_Group
2024-10-29 18:21:17,868 INFO: Enabling torque for group Wheg_Group
2024-10-29 18:21:17,870 INFO: Setting the profile velocity for group Wheg_Group from config.yaml: 10
2024-10-29 18:21:17,872 INFO: Profile velocities set for group Wheg_Group: {1: 43.7, 2: 43.7, 3: 43.7, 4: 43.7, 5: 43.7, 6: 43.7}
2024-10-29 18:21:17,873 INFO: Setting the profile velocity for group Wheg_Group from config.yaml: 10
2024-10-29 18:21:17,873 INFO: Profile velocities set for group Wheg_Group: {1: 43.7, 2: 43.7, 3: 43.7, 4: 43.7, 5: 43.7, 6: 43.7}
2024-10-29 18:21:17,874 INFO: Profile velocities set for group Wheg_Group: {1: 11.156249389648437, 2: 89.2499951171875, 3: 11.156249389648437, 4: 89.2499951171875, 5: 11.156249389648437, 6: 89.2499951171875}
2024-10-29 18:21:17,874 INFO: Incrementing motor positions by {1: -40, 2: -320, 3: -40, 4: 320, 5: 40, 6: 320} degrees for group 'Wheg_Group'
2024-10-29 18:21:17,885 INFO: Gait 4 step executed at 2.55RPM, wait for -2.59 seconds
2024-10-29 18:21:17,898 INFO: Profile velocities set for group Wheg_Group: {1: 95.55640869140625, 2: 11.944551086425781, 3: 95.55640869140625, 4: 11.944551086425781, 5: 95.55640869140625, 6: 11.944551086425781}
2024-10-29 18:21:17,898 INFO: Incrementing motor positions by {1: -320, 2: -40, 3: -320, 4: 40, 5: 320, 6: 40} degrees for group 'Wheg_Group'
2024-10-29 18:21:17,908 INFO: Gait 4 step executed at 2.73RPM, wait for -2.41 seconds
2024-10-29 18:21:17,921 WARNING: Motors are not in the correct positions for Gait 4. Positions: {1: 205.48828125, 2: 145.1953125, 3: 201.533203125, 4: 208.740234375, 5: 149.4140625, 6: 206.103515625}
2024-10-29 18:21:17,922 WARNING: Waiting for 1 second before checking for movement
2024-10-29 18:21:18,056 INFO: Motors are moving. Continuing with the gait.
2024-10-29 18:21:18,599 WARNING: Motors are not in the correct positions for Gait 4. Positions: {1: 119.35546875, 2: 132.451171875, 3: 115.83984375, 4: 222.71484375, 5: 236.42578125, 6: 218.408203125}
2024-10-29 18:21:18,600 WARNING: Waiting for 1 second before checking for movement
2024-10-29 18:21:18,706 INFO: Motors are moving. Continuing with the gait.
2024-10-29 18:21:19,223 WARNING: Motors are not in the correct positions for Gait 4. Positions: {1: 39.111328125, 2: 122.34375, 3: 35.15625, 4: 233.4375, 5: 317.8125, 6: 227.98828125}
2024-10-29 18:21:19,223 WARNING: Waiting for 1 second before checking for movement
2024-10-29 18:21:19,330 INFO: Motors are moving. Continuing with the gait.
2024-10-29 18:21:19,848 WARNING: Motors are not in the correct positions for Gait 4. Positions: {1: 252.494140625, 2: 111.4453125, 3: 248.978515625, 4: 244.599609375, 5: 41.078125, 6: 238.095703125}
2024-10-29 18:21:19,849 WARNING: Waiting for 1 second before checking for movement
2024-10-29 18:21:19,955 INFO: Motors are moving. Continuing with the gait.
2024-10-29 18:21:20,476 WARNING: Motors are not in the correct positions for Gait 4. Positions: {1: 182.005859375, 2: 100.72265625, 3: 177.69921875, 4: 250.224609375, 5: 97.240234375, 6: 244.951171875}
2024-10-29 18:21:20,476 WARNING: Waiting for 1 second before checking for movement
2024-10-29 18:21:20,582 CRITICAL: Motors are not moving, reseting positions, and waiting for 3 seconds.
2024-10-29 18:21:20,583 INFO: Running set_position_group for group 'Wheg_Group' with positions: {1: 200, 2: 160, 3: 200, 4: 200, 5: 160, 6: 200}
2024-10-29 18:21:20,588 WARNING: Motor 1 is not in Position Control Mode. Setting mode now.
2024-10-29 18:21:20,589 INFO: Setting operating mode 'position' for group 'Wheg_Group'
2024-10-29 18:21:20,589 INFO: Disabling torque for group Wheg_Group
2024-10-29 18:21:20,590 INFO: Enabling torque for group Wheg_Group
2024-10-29 18:21:20,591 INFO: Setting the profile velocity for group Wheg_Group from config.yaml: 10
2024-10-29 18:21:20,592 INFO: Profile velocities set for group Wheg_Group: {1: 43.7, 2: 43.7, 3: 43.7, 4: 43.7, 5: 43.7, 6: 43.7}
2024-10-29 18:21:20,592 INFO: Setting the profile velocity for group Wheg_Group from config.yaml: 10
2024-10-29 18:21:20,593 INFO: Profile velocities set for group Wheg_Group: {1: 43.7, 2: 43.7, 3: 43.7, 4: 43.7, 5: 43.7, 6: 43.7}
2024-10-29 18:21:23,625 INFO: Setting operating mode 'multi_turn' for group 'Wheg_Group'
2024-10-29 18:21:23,626 INFO: Disabling torque for group Wheg_Group
2024-10-29 18:21:23,629 INFO: Enabling torque for group Wheg_Group
2024-10-29 18:21:23,632 INFO: Setting the profile velocity for group Wheg_Group from config.yaml: 10
2024-10-29 18:21:23,633 INFO: Profile velocities set for group Wheg_Group: {1: 43.7, 2: 43.7, 3: 43.7, 4: 43.7, 5: 43.7, 6: 43.7}
2024-10-29 18:21:23,633 INFO: Setting the profile velocity for group Wheg_Group from config.yaml: 10
2024-10-29 18:21:23,634 INFO: Profile velocities set for group Wheg_Group: {1: 43.7, 2: 43.7, 3: 43.7, 4: 43.7, 5: 43.7, 6: 43.7}
2024-10-29 18:21:23,635 INFO: Profile velocities set for group Wheg_Group: {1: 12.15019500732422, 2: 97.20156005859376, 3: 12.15019500732422, 4: 97.20156005859376, 5: 12.15019500732422, 6: 97.20156005859376}
2024-10-29 18:21:23,635 INFO: Incrementing motor positions by {1: -40, 2: -320, 3: -40, 4: 320, 5: 40, 6: 320} degrees for group 'Wheg_Group'
2024-10-29 18:21:23,646 INFO: Gait 4 step executed at 2.78RPM, wait for -2.37 seconds
2024-10-29 18:21:37,805 INFO: Initiating safe shutdown...
2024-10-29 18:21:37,805 INFO: Setting operating mode 'velocity' for group 'All_Motors'
2024-10-29 18:21:37,806 INFO: Disabling torque for group All_Motors
2024-10-29 18:21:37,807 INFO: Enabling torque for group All_Motors
2024-10-29 18:21:37,808 INFO: Setting the profile velocity for group All_Motors from config.yaml: 8
2024-10-29 18:21:37,809 INFO: Profile velocities set for group All_Motors: {1: 34.96, 2: 34.96, 3: 34.96, 4: 34.96, 5: 34.96, 6: 34.96, 7: 34.96, 8: 34.96}
2024-10-29 18:21:37,809 WARNING: Velocity limit 200 exceeds hard limit 100. Limiting to 100.
2024-10-29 18:21:37,810 INFO: Velocity limit set to 100 for group All_Motors
2024-10-29 18:21:37,810 INFO: Enabling torque for group All_Motors
2024-10-29 18:21:37,811 INFO: Setting the profile velocity for group All_Motors from config.yaml: 8
2024-10-29 18:21:37,811 INFO: Profile velocities set for group All_Motors: {1: 34.96, 2: 34.96, 3: 34.96, 4: 34.96, 5: 34.96, 6: 34.96, 7: 34.96, 8: 34.96}
2024-10-29 18:21:37,812 INFO: Target velocities set for group All_Motors: {1: 0, 2: 0, 3: 0, 4: 0, 5: 0, 6: 0, 7: 0, 8: 0}
2024-10-29 18:21:37,813 INFO: Running set_position_group for group 'All_Motors' with positions: 180
2024-10-29 18:21:37,820 WARNING: Motor 1 is not in Position Control Mode. Setting mode now.
2024-10-29 18:21:37,821 INFO: Setting operating mode 'position' for group 'All_Motors'
2024-10-29 18:21:37,821 INFO: Disabling torque for group All_Motors
2024-10-29 18:21:37,822 INFO: Enabling torque for group All_Motors
2024-10-29 18:21:37,823 INFO: Setting the profile velocity for group All_Motors from config.yaml: 8
2024-10-29 18:21:37,824 INFO: Profile velocities set for group All_Motors: {1: 34.96, 2: 34.96, 3: 34.96, 4: 34.96, 5: 34.96, 6: 34.96, 7: 34.96, 8: 34.96}
2024-10-29 18:21:37,824 INFO: Setting the profile velocity for group All_Motors from config.yaml: 8
2024-10-29 18:21:37,825 INFO: Profile velocities set for group All_Motors: {1: 34.96, 2: 34.96, 3: 34.96, 4: 34.96, 5: 34.96, 6: 34.96, 7: 34.96, 8: 34.96}
2024-10-29 18:21:37,825 INFO: Closing PS4Controller and quitting pygame
2024-10-29 18:21:37,873 INFO: Port closed successfully.
2024-10-29 18:21:37,874 INFO: Shutdown complete.
2024-10-29 18:21:37,875 ERROR: Error checking hardware errors: Attempting to use a port that is not open
