2024-10-28 21:36:02,492 INFO: Initializing PS4Controller
2024-10-28 21:36:02,784 INFO: Configuration loaded successfully
2024-10-28 21:36:02,787 INFO: Port /dev/ttyACM0 opened successfully
2024-10-28 21:36:02,797 INFO: Baudrate set to 1000000
2024-10-28 21:36:02,797 INFO: Control table loaded successfully.
2024-10-28 21:36:02,798 INFO: Motor group 'Pivot_Group' created with motors: [7, 8]
2024-10-28 21:36:02,798 INFO: Motor group 'Wheg_Group' created with motors: [1, 2, 3, 4, 5, 6]
2024-10-28 21:36:02,799 INFO: Motor group 'All_Motors' created with motors: [1, 2, 3, 4, 5, 6, 7, 8]
2024-10-28 21:36:02,799 INFO: Motor group 'Left_Whegs' created with motors: [1, 2, 3]
2024-10-28 21:36:02,799 INFO: Motor group 'Right_Whegs' created with motors: [4, 5, 6]
2024-10-28 21:36:02,800 INFO: Motor group 'Front_Whegs' created with motors: [3, 6]
2024-10-28 21:36:02,800 INFO: Motor group 'Rear_Whegs' created with motors: [1, 4]
2024-10-28 21:36:02,800 INFO: Motor group 'Middle_Whegs' created with motors: [2, 5]
2024-10-28 21:36:02,801 INFO: Motor group 'Two_Right_One_Left' created with motors: [2, 4, 6]
2024-10-28 21:36:02,801 INFO: Motor group 'Two_Left_One_Right' created with motors: [5, 1, 3]
2024-10-28 21:36:02,802 INFO: Initialised PS4 controller, Dynamixel, and Robot State
2024-10-28 21:36:02,957 INFO: Initialised Streamlit dashboard
2024-10-28 21:36:02,958 INFO: Disabling torque for group Right_Whegs
2024-10-28 21:36:02,960 INFO: Drive mode set for group Right_Whegs with reverse_direction=True
2024-10-28 21:36:02,962 INFO: Enabling torque for group Right_Whegs
2024-10-28 21:36:02,967 INFO: Motor 4 drive mode correctly set to reverse
2024-10-28 21:36:02,968 INFO: Motor 5 drive mode correctly set to reverse
2024-10-28 21:36:02,968 INFO: Motor 6 drive mode correctly set to reverse
2024-10-28 21:36:02,968 INFO: Disabling torque for group Left_Whegs
2024-10-28 21:36:02,970 INFO: Drive mode set for group Left_Whegs with reverse_direction=False
2024-10-28 21:36:02,970 INFO: Enabling torque for group Left_Whegs
2024-10-28 21:36:02,974 INFO: Motor 1 drive mode correctly set to normal
2024-10-28 21:36:02,974 INFO: Motor 2 drive mode correctly set to normal
2024-10-28 21:36:02,975 INFO: Motor 3 drive mode correctly set to normal
2024-10-28 21:36:02,975 INFO: Set the right side whegs to reverse direction
2024-10-28 21:36:02,976 INFO: Disabling torque for group Pivot_Group
2024-10-28 21:36:02,978 INFO: Drive mode set for group Pivot_Group with reverse_direction=False
2024-10-28 21:36:02,978 INFO: Enabling torque for group Pivot_Group
2024-10-28 21:36:02,982 INFO: Motor 7 drive mode correctly set to normal
2024-10-28 21:36:02,982 INFO: Motor 8 drive mode correctly set to normal
2024-10-28 21:36:02,983 INFO: Position limits set for group Pivot_Group: min=90° (ticks=1023), max=270° (ticks=3071)
2024-10-28 21:36:02,984 INFO: Set position limits for the pivot motors
2024-10-28 21:36:02,985 INFO: Initialising Gait 1
2024-10-28 21:36:02,986 INFO: Running set_position_group for group 'Wheg_Group' with positions: 180
2024-10-28 21:36:02,991 INFO: Running set_position_group for group 'Pivot_Group' with positions: 180
2024-10-28 21:36:02,995 INFO: Initialised Gait 1, waiting for 3 seconds
2024-10-28 21:36:03,056 INFO: Motor     Position (degrees)       Velocity (RPM)      Load (%)  
2024-10-28 21:36:03,056 INFO: 1         179.82                   0.00                1.2       
2024-10-28 21:36:03,057 INFO: 2         179.82                   0.23                1.1       
2024-10-28 21:36:03,057 INFO: 3         179.65                   0.23                1.2       
2024-10-28 21:36:03,058 INFO: 4         179.74                   0.00                1.2       
2024-10-28 21:36:03,058 INFO: 5         179.82                   0.23                0.0       
2024-10-28 21:36:03,059 INFO: 6         179.82                   0.00                0.0       
2024-10-28 21:36:03,059 INFO: 7         179.91                   0.00                0.0       
2024-10-28 21:36:03,060 INFO: 8         180.44                   0.00                -2.7      
2024-10-28 21:36:05,996 INFO: Setting operating mode 'multi_turn' for group 'Wheg_Group'
2024-10-28 21:36:05,997 INFO: Disabling torque for group Wheg_Group
2024-10-28 21:36:05,998 INFO: Enabling torque for group Wheg_Group
2024-10-28 21:36:05,999 INFO: Setting the profile velocity for group Wheg_Group from config.yaml: 10
2024-10-28 21:36:06,000 INFO: Profile velocities set for group Wheg_Group: {1: 43.7, 2: 43.7, 3: 43.7, 4: 43.7, 5: 43.7, 6: 43.7}
2024-10-28 21:36:06,000 INFO: New gait 1 is now active.
2024-10-28 21:36:08,726 INFO: Motor     Position (degrees)       Velocity (RPM)      Load (%)  
2024-10-28 21:36:08,727 INFO: 1         179.82                   0.23                0.0       
2024-10-28 21:36:08,727 INFO: 2         179.82                   0.00                0.5       
2024-10-28 21:36:08,728 INFO: 3         179.56                   0.23                0.0       
2024-10-28 21:36:08,728 INFO: 4         179.65                   0.00                0.5       
2024-10-28 21:36:08,728 INFO: 5         179.82                   0.23                0.7       
2024-10-28 21:36:08,729 INFO: 6         179.91                   0.00                0.2       
2024-10-28 21:36:08,729 INFO: 7         179.91                   0.00                0.0       
2024-10-28 21:36:08,730 INFO: 8         180.44                   0.00                -3.4      
2024-10-28 21:36:11,414 INFO: Profile velocities set for group Wheg_Group: {1: 21.85, 2: 21.85, 3: 21.85, 4: 21.85, 5: 21.85, 6: 21.85}
2024-10-28 21:36:11,415 INFO: Incrementing motor positions by 360 degrees for group 'Wheg_Group'
2024-10-28 21:36:11,426 INFO: Gait 1 step executed at 5.00RPM, wait for 12.00 seconds
2024-10-28 21:36:14,223 INFO: Motor     Position (degrees)       Velocity (RPM)      Load (%)  
2024-10-28 21:36:14,224 INFO: 1         258.05                   5.04                1.8       
2024-10-28 21:36:14,225 INFO: 2         257.52                   4.81                1.9       
2024-10-28 21:36:14,225 INFO: 3         257.96                   4.81                2.1       
2024-10-28 21:36:14,225 INFO: 4         257.87                   5.04                2.0       
2024-10-28 21:36:14,226 INFO: 5         257.96                   5.04                1.8       
2024-10-28 21:36:14,226 INFO: 6         257.78                   5.04                1.9       
2024-10-28 21:36:14,226 INFO: 7         179.91                   0.00                0.0       
2024-10-28 21:36:14,227 INFO: 8         180.44                   0.00                -3.4      
2024-10-28 21:36:19,732 INFO: Motor     Position (degrees)       Velocity (RPM)      Load (%)  
2024-10-28 21:36:19,732 INFO: 1         60.15                    5.04                1.0       
2024-10-28 21:36:19,732 INFO: 2         58.30                    5.04                1.0       
2024-10-28 21:36:19,733 INFO: 3         59.10                    4.58                1.1       
2024-10-28 21:36:19,733 INFO: 4         59.80                    5.04                1.1       
2024-10-28 21:36:19,734 INFO: 5         58.92                    4.81                1.0       
2024-10-28 21:36:19,734 INFO: 6         57.60                    5.04                1.3       
2024-10-28 21:36:19,735 INFO: 7         179.91                   0.00                0.0       
2024-10-28 21:36:19,735 INFO: 8         180.44                   0.00                -3.4      
2024-10-28 21:36:25,227 INFO: Motor     Position (degrees)       Velocity (RPM)      Load (%)  
2024-10-28 21:36:25,227 INFO: 1         180.47                   0.23                1.1       
2024-10-28 21:36:25,228 INFO: 2         180.56                   0.23                1.1       
2024-10-28 21:36:25,228 INFO: 3         180.21                   0.23                1.2       
2024-10-28 21:36:25,228 INFO: 4         180.47                   0.00                0.9       
2024-10-28 21:36:25,229 INFO: 5         180.56                   0.23                1.0       
2024-10-28 21:36:25,229 INFO: 6         180.65                   0.23                0.4       
2024-10-28 21:36:25,230 INFO: 7         179.91                   0.00                0.0       
2024-10-28 21:36:25,230 INFO: 8         180.44                   0.00                -3.4      
2024-10-28 21:36:25,231 INFO: Profile velocities set for group Wheg_Group: {1: 21.85, 2: 21.85, 3: 21.85, 4: 21.85, 5: 21.85, 6: 21.85}
2024-10-28 21:36:25,231 INFO: Incrementing motor positions by 360 degrees for group 'Wheg_Group'
2024-10-28 21:36:25,242 INFO: Gait 1 step executed at 5.00RPM, wait for 12.00 seconds
2024-10-28 21:36:30,715 INFO: Motor     Position (degrees)       Velocity (RPM)      Load (%)  
2024-10-28 21:36:30,716 INFO: 1         337.45                   5.04                1.3       
2024-10-28 21:36:30,716 INFO: 2         335.95                   5.04                1.2       
2024-10-28 21:36:30,717 INFO: 3         336.74                   4.81                1.3       
2024-10-28 21:36:30,717 INFO: 4         336.83                   4.58                1.3       
2024-10-28 21:36:30,717 INFO: 5         336.30                   5.04                1.2       
2024-10-28 21:36:30,718 INFO: 6         335.25                   5.04                1.5       
2024-10-28 21:36:30,718 INFO: 7         179.91                   0.00                0.0       
2024-10-28 21:36:30,718 INFO: 8         180.44                   0.00                -3.4      
2024-10-28 21:36:33,436 INFO: Running set_position_group for group 'Pivot_Group' with positions: {7: 180, 8: 185}
2024-10-28 21:36:33,440 INFO: Front pivot angle set to 180 degrees (ticks: 180)
2024-10-28 21:36:33,440 INFO: Rear pivot angle set to 185 degrees (ticks: 185)
2024-10-28 21:36:36,212 INFO: Motor     Position (degrees)       Velocity (RPM)      Load (%)  
2024-10-28 21:36:36,212 INFO: 1         136.65                   4.81                1.2       
2024-10-28 21:36:36,213 INFO: 2         135.86                   4.81                1.2       
2024-10-28 21:36:36,213 INFO: 3         136.03                   4.58                1.3       
2024-10-28 21:36:36,214 INFO: 4         136.65                   4.81                1.3       
2024-10-28 21:36:36,214 INFO: 5         136.74                   4.81                1.2       
2024-10-28 21:36:36,214 INFO: 6         135.86                   5.04                1.4       
2024-10-28 21:36:36,215 INFO: 7         179.91                   0.00                0.0       
2024-10-28 21:36:36,215 INFO: 8         184.04                   0.00                5.6       
2024-10-28 21:36:37,569 INFO: Profile velocities set for group Wheg_Group: {1: 43.7, 2: 43.7, 3: 43.7, 4: 43.7, 5: 43.7, 6: 43.7}
2024-10-28 21:36:37,570 INFO: Incrementing motor positions by 360 degrees for group 'Wheg_Group'
2024-10-28 21:36:37,580 INFO: Gait 1 step executed at 10.00RPM, wait for 6.00 seconds
2024-10-28 21:36:41,679 INFO: Running set_position_group for group 'Pivot_Group' with positions: {7: 180, 8: 180}
2024-10-28 21:36:41,684 INFO: Front pivot angle set to 180 degrees (ticks: 180)
2024-10-28 21:36:41,684 INFO: Rear pivot angle set to 180 degrees (ticks: 180)
2024-10-28 21:36:41,714 INFO: Motor     Position (degrees)       Velocity (RPM)      Load (%)  
2024-10-28 21:36:41,715 INFO: 1         60.39                    10.30               1.5       
2024-10-28 21:36:41,715 INFO: 2         58.72                    10.08               1.5       
2024-10-28 21:36:41,716 INFO: 3         59.69                    10.08               1.6       
2024-10-28 21:36:41,716 INFO: 4         60.66                    9.85                1.7       
2024-10-28 21:36:41,716 INFO: 5         60.04                    10.08               1.5       
2024-10-28 21:36:41,717 INFO: 6         57.76                    9.85                2.3       
2024-10-28 21:36:41,718 INFO: 7         179.91                   0.00                0.0       
2024-10-28 21:36:41,718 INFO: 8         184.04                   0.00                4.9       
2024-10-28 21:36:44,439 INFO: Profile velocities set for group Wheg_Group: {1: 65.55, 2: 65.55, 3: 65.55, 4: 65.55, 5: 65.55, 6: 65.55}
2024-10-28 21:36:44,439 INFO: Incrementing motor positions by 360 degrees for group 'Wheg_Group'
2024-10-28 21:36:44,450 INFO: Gait 1 step executed at 15.00RPM, wait for 4.00 seconds
2024-10-28 21:36:47,171 INFO: Running set_position_group for group 'Pivot_Group' with positions: {7: 175, 8: 180}
2024-10-28 21:36:47,175 INFO: Front pivot angle set to 175 degrees (ticks: 175)
2024-10-28 21:36:47,176 INFO: Rear pivot angle set to 180 degrees (ticks: 180)
2024-10-28 21:36:47,205 INFO: Motor     Position (degrees)       Velocity (RPM)      Load (%)  
2024-10-28 21:36:47,206 INFO: 1         59.46                    14.43               2.1       
2024-10-28 21:36:47,206 INFO: 2         57.79                    14.88               2.1       
2024-10-28 21:36:47,207 INFO: 3         58.67                    14.88               2.2       
2024-10-28 21:36:47,207 INFO: 4         59.72                    15.11               2.3       
2024-10-28 21:36:47,208 INFO: 5         58.93                    14.88               2.1       
2024-10-28 21:36:47,208 INFO: 6         56.73                    15.34               3.3       
2024-10-28 21:36:47,208 INFO: 7         179.91                   0.00                -0.2      
2024-10-28 21:36:47,209 INFO: 8         180.70                   0.00                -5.1      
2024-10-28 21:36:48,562 INFO: Profile velocities set for group Wheg_Group: {1: 87.4, 2: 87.4, 3: 87.4, 4: 87.4, 5: 87.4, 6: 87.4}
2024-10-28 21:36:48,562 INFO: Incrementing motor positions by 360 degrees for group 'Wheg_Group'
2024-10-28 21:36:48,573 INFO: Gait 1 step executed at 20.00RPM, wait for 3.00 seconds
2024-10-28 21:36:52,703 INFO: Motor     Position (degrees)       Velocity (RPM)      Load (%)  
2024-10-28 21:36:52,704 INFO: 1         178.76                   0.23                0.9       
2024-10-28 21:36:52,704 INFO: 2         178.32                   0.00                0.0       
2024-10-28 21:36:52,705 INFO: 3         178.14                   0.00                0.6       
2024-10-28 21:36:52,706 INFO: 4         178.85                   0.00                0.7       
2024-10-28 21:36:52,706 INFO: 5         179.02                   0.23                0.1       
2024-10-28 21:36:52,706 INFO: 6         178.50                   0.23                0.2       
2024-10-28 21:36:52,707 INFO: 7         176.92                   0.00                -13.0     
2024-10-28 21:36:52,707 INFO: 8         180.70                   0.00                -5.1      
2024-10-28 21:36:52,708 INFO: Profile velocities set for group Wheg_Group: {1: 109.25, 2: 109.25, 3: 109.25, 4: 109.25, 5: 109.25, 6: 109.25}
2024-10-28 21:36:52,709 INFO: Incrementing motor positions by 360 degrees for group 'Wheg_Group'
2024-10-28 21:36:52,720 INFO: Gait 1 step executed at 25.00RPM, wait for 2.40 seconds
2024-10-28 21:36:56,807 INFO: Profile velocities set for group Wheg_Group: {1: 21.85, 2: 21.85, 3: 21.85, 4: 21.85, 5: 21.85, 6: 21.85}
2024-10-28 21:36:56,808 INFO: Incrementing motor positions by 360 degrees for group 'Wheg_Group'
2024-10-28 21:36:56,818 INFO: Gait 1 step executed at 5.00RPM, wait for 12.00 seconds
2024-10-28 21:36:58,212 INFO: Motor     Position (degrees)       Velocity (RPM)      Load (%)  
2024-10-28 21:36:58,213 INFO: 1         217.20                   4.81                1.8       
2024-10-28 21:36:58,214 INFO: 2         216.76                   4.81                1.9       
2024-10-28 21:36:58,214 INFO: 3         216.67                   4.81                2.0       
2024-10-28 21:36:58,214 INFO: 4         217.29                   5.04                1.9       
2024-10-28 21:36:58,215 INFO: 5         217.55                   4.81                1.7       
2024-10-28 21:36:58,215 INFO: 6         216.85                   5.04                1.9       
2024-10-28 21:36:58,216 INFO: 7         176.92                   0.00                -13.0     
2024-10-28 21:36:58,216 INFO: 8         180.70                   0.00                -5.1      
2024-10-28 21:37:03,710 INFO: Motor     Position (degrees)       Velocity (RPM)      Load (%)  
2024-10-28 21:37:03,711 INFO: 1         19.22                    5.04                1.1       
2024-10-28 21:37:03,712 INFO: 2         17.02                    4.81                1.1       
2024-10-28 21:37:03,712 INFO: 3         17.81                    5.04                1.2       
2024-10-28 21:37:03,713 INFO: 4         18.51                    2.75                1.6       
2024-10-28 21:37:03,713 INFO: 5         18.07                    4.81                1.1       
2024-10-28 21:37:03,713 INFO: 6         15.96                    4.81                1.4       
2024-10-28 21:37:03,714 INFO: 7         176.92                   0.00                -13.0     
2024-10-28 21:37:03,714 INFO: 8         180.70                   0.00                -5.1      
2024-10-28 21:37:09,212 INFO: Motor     Position (degrees)       Velocity (RPM)      Load (%)  
2024-10-28 21:37:09,213 INFO: 1         175.93                   4.81                1.5       
2024-10-28 21:37:09,213 INFO: 2         175.40                   4.81                1.5       
2024-10-28 21:37:09,214 INFO: 3         175.40                   5.04                1.5       
2024-10-28 21:37:09,214 INFO: 4         176.45                   4.81                1.6       
2024-10-28 21:37:09,215 INFO: 5         176.89                   4.81                1.4       
2024-10-28 21:37:09,215 INFO: 6         175.49                   4.81                1.7       
2024-10-28 21:37:09,216 INFO: 7         176.92                   0.00                -13.0     
2024-10-28 21:37:09,216 INFO: 8         180.62                   0.00                -5.1      
2024-10-28 21:37:13,308 INFO: Profile velocities set for group Wheg_Group: {1: 21.85, 2: 21.85, 3: 21.85, 4: 21.85, 5: 21.85, 6: 21.85}
2024-10-28 21:37:13,308 INFO: Incrementing motor positions by 360 degrees for group 'Wheg_Group'
2024-10-28 21:37:13,318 INFO: Gait 1 step executed at 5.00RPM, wait for 12.00 seconds
2024-10-28 21:37:14,711 INFO: Motor     Position (degrees)       Velocity (RPM)      Load (%)  
2024-10-28 21:37:14,711 INFO: 1         218.20                   5.04                1.8       
2024-10-28 21:37:14,712 INFO: 2         217.59                   5.04                1.9       
2024-10-28 21:37:14,712 INFO: 3         217.59                   5.04                2.0       
2024-10-28 21:37:14,712 INFO: 4         218.03                   5.04                1.9       
2024-10-28 21:37:14,713 INFO: 5         218.20                   4.81                1.7       
2024-10-28 21:37:14,713 INFO: 6         217.76                   4.81                2.0       
2024-10-28 21:37:14,713 INFO: 7         176.92                   0.00                -13.0     
2024-10-28 21:37:14,714 INFO: 8         180.70                   0.00                -5.1      
2024-10-28 21:37:20,204 INFO: Motor     Position (degrees)       Velocity (RPM)      Load (%)  
2024-10-28 21:37:20,204 INFO: 1         20.13                    5.04                1.1       
2024-10-28 21:37:20,205 INFO: 2         17.67                    5.04                1.1       
2024-10-28 21:37:20,205 INFO: 3         18.55                    5.04                1.1       
2024-10-28 21:37:20,206 INFO: 4         19.51                    3.89                1.4       
2024-10-28 21:37:20,206 INFO: 5         18.63                    5.27                1.1       
2024-10-28 21:37:20,207 INFO: 6         16.79                    4.81                1.3       
2024-10-28 21:37:20,207 INFO: 7         176.92                   0.00                -13.0     
2024-10-28 21:37:20,207 INFO: 8         180.70                   0.00                -5.1      
2024-10-28 21:37:21,525 INFO: Triangle pressed. Preparing to change to next gait: 2
2024-10-28 21:37:25,711 INFO: Motor     Position (degrees)       Velocity (RPM)      Load (%)  
2024-10-28 21:37:25,711 INFO: 1         176.93                   4.81                1.5       
2024-10-28 21:37:25,712 INFO: 2         176.13                   5.04                1.5       
2024-10-28 21:37:25,712 INFO: 3         176.31                   5.04                1.6       
2024-10-28 21:37:25,713 INFO: 4         177.37                   4.81                1.6       
2024-10-28 21:37:25,713 INFO: 5         177.54                   5.04                1.4       
2024-10-28 21:37:25,714 INFO: 6         176.49                   4.81                1.6       
2024-10-28 21:37:25,714 INFO: 7         176.92                   0.00                -13.0     
2024-10-28 21:37:25,714 INFO: 8         180.70                   0.00                -5.1      
2024-10-28 21:37:25,726 INFO: Initialising Gait 2
2024-10-28 21:37:25,726 INFO: Running set_position_group for group 'Wheg_Group' with positions: {1: 160, 2: 200, 3: 160, 4: 200, 5: 160, 6: 200}
2024-10-28 21:37:25,732 WARNING: Motor 1 is not in Position Control Mode. Setting mode now.
2024-10-28 21:37:25,732 INFO: Setting operating mode 'position' for group 'Wheg_Group'
2024-10-28 21:37:25,733 INFO: Disabling torque for group Wheg_Group
2024-10-28 21:37:25,734 INFO: Enabling torque for group Wheg_Group
2024-10-28 21:37:25,735 INFO: Setting the profile velocity for group Wheg_Group from config.yaml: 10
2024-10-28 21:37:25,736 INFO: Profile velocities set for group Wheg_Group: {1: 43.7, 2: 43.7, 3: 43.7, 4: 43.7, 5: 43.7, 6: 43.7}
2024-10-28 21:37:25,737 INFO: Running set_position_group for group 'Pivot_Group' with positions: 180
2024-10-28 21:37:25,740 INFO: Initialised Gait 2, waiting for 3 seconds
2024-10-28 21:37:29,804 INFO: Setting operating mode 'multi_turn' for group 'Wheg_Group'
2024-10-28 21:37:29,805 INFO: Disabling torque for group Wheg_Group
2024-10-28 21:37:29,806 INFO: Enabling torque for group Wheg_Group
2024-10-28 21:37:29,807 INFO: Setting the profile velocity for group Wheg_Group from config.yaml: 10
2024-10-28 21:37:29,808 INFO: Profile velocities set for group Wheg_Group: {1: 43.7, 2: 43.7, 3: 43.7, 4: 43.7, 5: 43.7, 6: 43.7}
2024-10-28 21:37:29,808 INFO: New gait 2 is now active.
2024-10-28 21:37:29,825 INFO: Profile velocities set for group Wheg_Group: {1: 8.74, 2: 69.92, 3: 8.74, 4: 69.92, 5: 8.74, 6: 69.92}
2024-10-28 21:37:29,825 INFO: Incrementing motor positions by {1: 40, 2: 320, 3: 40, 4: 320, 5: 40, 6: 320} degrees for group 'Wheg_Group'
2024-10-28 21:37:29,836 INFO: Gait 2 step executed at 2.00RPM, wait for 3.36 seconds
2024-10-28 21:37:31,213 INFO: Motor     Position (degrees)       Velocity (RPM)      Load (%)  
2024-10-28 21:37:31,213 INFO: 1         173.85                   2.06                1.2       
2024-10-28 21:37:31,214 INFO: 2         323.00                   16.26               2.8       
2024-10-28 21:37:31,214 INFO: 3         173.76                   1.83                1.3       
2024-10-28 21:37:31,215 INFO: 4         323.53                   16.26               3.0       
2024-10-28 21:37:31,215 INFO: 5         173.94                   2.06                1.1       
2024-10-28 21:37:31,215 INFO: 6         322.56                   16.26               4.0       
2024-10-28 21:37:31,216 INFO: 7         179.30                   0.00                4.0       
2024-10-28 21:37:31,216 INFO: 8         180.70                   0.00                -5.1      
2024-10-28 21:37:33,982 INFO: Profile velocities set for group Wheg_Group: {1: 104.88, 2: 13.11, 3: 104.88, 4: 13.11, 5: 104.88, 6: 13.11}
2024-10-28 21:37:33,983 INFO: Incrementing motor positions by {1: 320, 2: 40, 3: 320, 4: 40, 5: 320, 6: 40} degrees for group 'Wheg_Group'
2024-10-28 21:37:33,993 INFO: Gait 2 step executed at 3.00RPM, wait for 2.25 seconds
2024-10-28 21:37:36,746 INFO: Motor     Position (degrees)       Velocity (RPM)      Load (%)  
2024-10-28 21:37:36,747 INFO: 1         160.35                   0.00                0.0       
2024-10-28 21:37:36,747 INFO: 2         199.37                   0.23                1.2       
2024-10-28 21:37:36,747 INFO: 3         160.08                   0.23                0.0       
2024-10-28 21:37:36,748 INFO: 4         199.46                   0.23                1.2       
2024-10-28 21:37:36,748 INFO: 5         160.08                   0.23                0.0       
2024-10-28 21:37:36,749 INFO: 6         200.78                   0.23                1.0       
2024-10-28 21:37:36,749 INFO: 7         179.30                   0.00                4.0       
2024-10-28 21:37:36,750 INFO: 8         180.70                   0.00                -5.1      
2024-10-28 21:37:36,766 INFO: Profile velocities set for group Wheg_Group: {1: 17.479866638183594, 2: 139.83893310546875, 3: 17.479866638183594, 4: 139.83893310546875, 5: 17.479866638183594, 6: 139.83893310546875}
2024-10-28 21:37:36,767 INFO: Incrementing motor positions by {1: 40, 2: 320, 3: 40, 4: 320, 5: 40, 6: 320} degrees for group 'Wheg_Group'
2024-10-28 21:37:36,777 INFO: Gait 2 step executed at 4.00RPM, wait for 1.69 seconds
2024-10-28 21:37:40,842 INFO: Profile velocities set for group Wheg_Group: {1: 69.92, 2: 8.74, 3: 69.92, 4: 8.74, 5: 69.92, 6: 8.74}
2024-10-28 21:37:40,843 INFO: Incrementing motor positions by {1: 320, 2: 40, 3: 320, 4: 40, 5: 320, 6: 40} degrees for group 'Wheg_Group'
2024-10-28 21:37:40,854 INFO: Gait 2 step executed at 2.00RPM, wait for 3.36 seconds
2024-10-28 21:37:42,243 INFO: Motor     Position (degrees)       Velocity (RPM)      Load (%)  
2024-10-28 21:37:42,244 INFO: 1         326.46                   16.49               2.7       
2024-10-28 21:37:42,244 INFO: 2         174.35                   1.83                1.2       
2024-10-28 21:37:42,245 INFO: 3         325.76                   16.49               2.9       
2024-10-28 21:37:42,245 INFO: 4         174.35                   2.06                1.2       
2024-10-28 21:37:42,246 INFO: 5         325.05                   16.03               2.6       
2024-10-28 21:37:42,246 INFO: 6         175.76                   2.06                1.1       
2024-10-28 21:37:42,246 INFO: 7         179.30                   0.00                3.9       
2024-10-28 21:37:42,247 INFO: 8         180.70                   0.00                -5.1      
2024-10-28 21:37:43,558 WARNING: Emergency stop activated! Stopping all motors asynchronously.
2024-10-28 21:37:43,558 INFO: Setting operating mode 'velocity' for group 'All_Motors'
2024-10-28 21:37:43,559 INFO: Disabling torque for group All_Motors
2024-10-28 21:37:43,561 INFO: Enabling torque for group All_Motors
2024-10-28 21:37:43,562 WARNING: Velocity limit 200 exceeds hard limit 100. Limiting to 100.
2024-10-28 21:37:43,562 INFO: Velocity limit set to 100 for group All_Motors
2024-10-28 21:37:43,563 INFO: Enabling torque for group All_Motors
2024-10-28 21:37:43,564 INFO: Target velocities set for group All_Motors: {1: 0, 2: 0, 3: 0, 4: 0, 5: 0, 6: 0, 7: 0, 8: 0}
2024-10-28 21:37:47,736 INFO: Motor     Position (degrees)       Velocity (RPM)      Load (%)  
2024-10-28 21:37:47,736 INFO: 1         96.31                    0.00                -1.2      
2024-10-28 21:37:47,737 INFO: 2         188.42                   0.23                1.1       
2024-10-28 21:37:47,737 INFO: 3         95.78                    0.00                -1.3      
2024-10-28 21:37:47,738 INFO: 4         188.68                   0.23                1.0       
2024-10-28 21:37:47,738 INFO: 5         95.52                    0.00                -1.2      
2024-10-28 21:37:47,738 INFO: 6         190.17                   983547510.56        0.6       
2024-10-28 21:37:47,739 INFO: 7         179.30                   0.00                -0.1      
2024-10-28 21:37:47,739 INFO: 8         180.79                   0.00                -0.4      
2024-10-28 21:37:53,239 INFO: Motor     Position (degrees)       Velocity (RPM)      Load (%)  
2024-10-28 21:37:53,239 INFO: 1         96.31                    0.00                -1.2      
2024-10-28 21:37:53,240 INFO: 2         188.42                   0.23                1.1       
2024-10-28 21:37:53,241 INFO: 3         95.78                    0.00                -1.3      
2024-10-28 21:37:53,241 INFO: 4         188.59                   0.00                1.1       
2024-10-28 21:37:53,241 INFO: 5         95.52                    0.00                -1.2      
2024-10-28 21:37:53,242 INFO: 6         190.17                   983547510.56        1.0       
2024-10-28 21:37:53,242 INFO: 7         179.30                   0.00                -0.1      
2024-10-28 21:37:53,243 INFO: 8         180.79                   0.00                -0.4      
2024-10-28 21:37:58,737 INFO: Motor     Position (degrees)       Velocity (RPM)      Load (%)  
2024-10-28 21:37:58,738 INFO: 1         96.31                    0.00                -1.2      
2024-10-28 21:37:58,738 INFO: 2         188.42                   0.23                1.1       
2024-10-28 21:37:58,739 INFO: 3         95.78                    0.00                -1.3      
2024-10-28 21:37:58,739 INFO: 4         188.59                   0.23                0.8       
2024-10-28 21:37:58,740 INFO: 5         95.52                    0.00                -1.2      
2024-10-28 21:37:58,740 INFO: 6         190.17                   0.46                0.6       
2024-10-28 21:37:58,741 INFO: 7         179.30                   0.00                -0.1      
2024-10-28 21:37:58,741 INFO: 8         180.79                   0.00                -0.4      
2024-10-28 21:38:04,228 INFO: Motor     Position (degrees)       Velocity (RPM)      Load (%)  
2024-10-28 21:38:04,229 INFO: 1         96.31                    0.00                -1.2      
2024-10-28 21:38:04,229 INFO: 2         188.42                   0.23                1.1       
2024-10-28 21:38:04,230 INFO: 3         95.78                    0.00                -1.3      
2024-10-28 21:38:04,230 INFO: 4         188.59                   0.23                1.2       
2024-10-28 21:38:04,231 INFO: 5         95.52                    0.00                -1.2      
2024-10-28 21:38:04,231 INFO: 6         190.17                   0.46                0.6       
2024-10-28 21:38:04,231 INFO: 7         179.30                   0.00                0.0       
2024-10-28 21:38:04,232 INFO: 8         180.79                   0.00                -0.4      
2024-10-28 21:38:09,733 INFO: Motor     Position (degrees)       Velocity (RPM)      Load (%)  
2024-10-28 21:38:09,734 INFO: 1         96.31                    0.00                -1.2      
2024-10-28 21:38:09,734 INFO: 2         188.42                   0.23                1.1       
2024-10-28 21:38:09,734 INFO: 3         95.78                    0.00                -1.3      
2024-10-28 21:38:09,735 INFO: 4         188.59                   0.00                1.2       
2024-10-28 21:38:09,735 INFO: 5         95.52                    0.00                -1.2      
2024-10-28 21:38:09,736 INFO: 6         190.26                   0.46                0.2       
2024-10-28 21:38:09,736 INFO: 7         179.30                   0.00                0.0       
2024-10-28 21:38:09,736 INFO: 8         180.79                   0.00                -0.4      
2024-10-28 21:38:15,233 INFO: Motor     Position (degrees)       Velocity (RPM)      Load (%)  
2024-10-28 21:38:15,233 INFO: 1         96.31                    0.00                -1.2      
2024-10-28 21:38:15,234 INFO: 2         188.42                   0.23                1.1       
2024-10-28 21:38:15,234 INFO: 3         95.78                    0.00                -1.3      
2024-10-28 21:38:15,235 INFO: 4         188.59                   0.23                1.2       
2024-10-28 21:38:15,235 INFO: 5         95.52                    0.00                -1.2      
2024-10-28 21:38:15,236 INFO: 6         190.17                   983547510.56        0.6       
2024-10-28 21:38:15,236 INFO: 7         179.30                   0.00                -0.1      
2024-10-28 21:38:15,236 INFO: 8         180.79                   0.00                -0.4      
2024-10-28 21:38:20,668 INFO: Motor     Position (degrees)       Velocity (RPM)      Load (%)  
2024-10-28 21:38:20,668 INFO: 1         96.31                    0.00                -1.2      
2024-10-28 21:38:20,668 INFO: 2         188.42                   0.23                1.2       
2024-10-28 21:38:20,669 INFO: 3         95.78                    0.00                -1.3      
2024-10-28 21:38:20,669 INFO: 4         188.59                   0.00                1.2       
2024-10-28 21:38:20,670 INFO: 5         95.52                    0.00                -1.2      
2024-10-28 21:38:20,670 INFO: 6         190.17                   0.00                0.6       
2024-10-28 21:38:20,670 INFO: 7         179.21                   0.00                -0.1      
2024-10-28 21:38:20,671 INFO: 8         180.79                   0.00                -0.4      
2024-10-28 21:38:26,076 INFO: Motor     Position (degrees)       Velocity (RPM)      Load (%)  
2024-10-28 21:38:26,077 INFO: 1         96.31                    0.00                -1.2      
2024-10-28 21:38:26,077 INFO: 2         188.42                   0.23                1.1       
2024-10-28 21:38:26,078 INFO: 3         95.78                    0.00                -1.3      
2024-10-28 21:38:26,078 INFO: 4         188.59                   0.00                1.2       
2024-10-28 21:38:26,079 INFO: 5         95.52                    0.00                -1.2      
2024-10-28 21:38:26,079 INFO: 6         190.17                   983547510.56        1.0       
2024-10-28 21:38:26,080 INFO: 7         179.30                   0.00                -0.2      
2024-10-28 21:38:26,080 INFO: 8         180.79                   0.00                -0.4      
2024-10-28 21:38:31,483 INFO: Motor     Position (degrees)       Velocity (RPM)      Load (%)  
2024-10-28 21:38:31,483 INFO: 1         96.31                    0.00                -1.2      
2024-10-28 21:38:31,484 INFO: 2         188.42                   0.23                1.2       
2024-10-28 21:38:31,484 INFO: 3         95.78                    0.00                -1.3      
2024-10-28 21:38:31,484 INFO: 4         188.59                   0.00                1.2       
2024-10-28 21:38:31,485 INFO: 5         95.52                    0.00                -1.2      
2024-10-28 21:38:31,485 INFO: 6         190.17                   0.00                0.9       
2024-10-28 21:38:31,486 INFO: 7         179.30                   0.00                -0.1      
2024-10-28 21:38:31,486 INFO: 8         180.79                   0.00                -0.4      
2024-10-28 21:38:36,891 INFO: Motor     Position (degrees)       Velocity (RPM)      Load (%)  
2024-10-28 21:38:36,891 INFO: 1         96.31                    0.00                -1.2      
2024-10-28 21:38:36,892 INFO: 2         188.42                   0.23                1.1       
2024-10-28 21:38:36,892 INFO: 3         95.78                    0.00                -1.3      
2024-10-28 21:38:36,892 INFO: 4         188.59                   0.00                1.2       
2024-10-28 21:38:36,893 INFO: 5         95.52                    0.00                -1.2      
2024-10-28 21:38:36,893 INFO: 6         190.17                   0.46                0.6       
2024-10-28 21:38:36,894 INFO: 7         179.30                   0.00                -0.1      
2024-10-28 21:38:36,894 INFO: 8         180.79                   0.00                -0.4      
2024-10-28 21:38:42,296 INFO: Motor     Position (degrees)       Velocity (RPM)      Load (%)  
2024-10-28 21:38:42,297 INFO: 1         96.31                    0.00                -1.2      
2024-10-28 21:38:42,297 INFO: 2         188.42                   0.23                1.1       
2024-10-28 21:38:42,298 INFO: 3         95.78                    0.00                -1.3      
2024-10-28 21:38:42,298 INFO: 4         188.59                   0.23                1.2       
2024-10-28 21:38:42,299 INFO: 5         95.52                    0.00                -1.2      
2024-10-28 21:38:42,299 INFO: 6         190.17                   983547510.56        1.0       
2024-10-28 21:38:42,300 INFO: 7         179.30                   0.00                -0.1      
2024-10-28 21:38:42,300 INFO: 8         180.79                   0.00                -0.4      
2024-10-28 21:38:47,700 INFO: Motor     Position (degrees)       Velocity (RPM)      Load (%)  
2024-10-28 21:38:47,701 INFO: 1         96.31                    0.00                -1.2      
2024-10-28 21:38:47,701 INFO: 2         188.42                   0.23                1.1       
2024-10-28 21:38:47,702 INFO: 3         95.78                    0.00                -1.3      
2024-10-28 21:38:47,702 INFO: 4         188.59                   0.00                0.8       
2024-10-28 21:38:47,703 INFO: 5         95.52                    0.00                -1.2      
2024-10-28 21:38:47,703 INFO: 6         190.26                   0.46                0.1       
2024-10-28 21:38:47,704 INFO: 7         179.21                   0.00                -0.1      
2024-10-28 21:38:47,704 INFO: 8         180.79                   0.00                -0.4      
2024-10-28 21:38:53,104 INFO: Motor     Position (degrees)       Velocity (RPM)      Load (%)  
2024-10-28 21:38:53,105 INFO: 1         96.31                    0.00                -1.2      
2024-10-28 21:38:53,105 INFO: 2         188.42                   0.23                1.1       
2024-10-28 21:38:53,106 INFO: 3         95.78                    0.00                -1.3      
2024-10-28 21:38:53,106 INFO: 4         188.59                   0.00                1.2       
2024-10-28 21:38:53,107 INFO: 5         95.52                    0.00                -1.2      
2024-10-28 21:38:53,107 INFO: 6         190.17                   983547510.56        1.0       
2024-10-28 21:38:53,107 INFO: 7         179.21                   0.00                -0.1      
2024-10-28 21:38:53,108 INFO: 8         180.79                   0.00                -0.4      
2024-10-28 21:38:58,509 INFO: Motor     Position (degrees)       Velocity (RPM)      Load (%)  
2024-10-28 21:38:58,509 INFO: 1         96.31                    0.00                -1.2      
2024-10-28 21:38:58,510 INFO: 2         188.42                   0.23                1.1       
2024-10-28 21:38:58,510 INFO: 3         95.78                    0.00                -1.3      
2024-10-28 21:38:58,511 INFO: 4         188.59                   0.00                1.2       
2024-10-28 21:38:58,511 INFO: 5         95.52                    0.00                -1.2      
2024-10-28 21:38:58,511 INFO: 6         190.26                   0.46                0.6       
2024-10-28 21:38:58,512 INFO: 7         179.30                   0.00                0.0       
2024-10-28 21:38:58,512 INFO: 8         180.79                   0.00                -0.4      
2024-10-28 21:39:03,939 INFO: Motor     Position (degrees)       Velocity (RPM)      Load (%)  
2024-10-28 21:39:03,939 INFO: 1         96.31                    0.00                -1.2      
2024-10-28 21:39:03,940 INFO: 2         188.42                   0.23                1.1       
2024-10-28 21:39:03,940 INFO: 3         95.78                    0.00                -1.3      
2024-10-28 21:39:03,941 INFO: 4         188.59                   0.00                1.2       
2024-10-28 21:39:03,941 INFO: 5         95.52                    0.00                -1.2      
2024-10-28 21:39:03,942 INFO: 6         190.26                   0.23                0.6       
2024-10-28 21:39:03,942 INFO: 7         179.30                   0.00                0.0       
2024-10-28 21:39:03,942 INFO: 8         180.79                   0.00                -0.4      
2024-10-28 21:39:06,589 INFO: Initiating safe shutdown...
2024-10-28 21:39:06,590 INFO: Setting operating mode 'velocity' for group 'All_Motors'
2024-10-28 21:39:06,590 INFO: Disabling torque for group All_Motors
2024-10-28 21:39:06,592 INFO: Enabling torque for group All_Motors
2024-10-28 21:39:06,592 WARNING: Velocity limit 200 exceeds hard limit 100. Limiting to 100.
2024-10-28 21:39:06,593 INFO: Velocity limit set to 100 for group All_Motors
2024-10-28 21:39:06,593 INFO: Enabling torque for group All_Motors
2024-10-28 21:39:06,594 INFO: Target velocities set for group All_Motors: {1: 0, 2: 0, 3: 0, 4: 0, 5: 0, 6: 0, 7: 0, 8: 0}
2024-10-28 21:39:06,594 INFO: Running set_position_group for group 'All_Motors' with positions: 180
2024-10-28 21:39:06,602 WARNING: Motor 1 is not in Position Control Mode. Setting mode now.
2024-10-28 21:39:06,603 INFO: Setting operating mode 'position' for group 'All_Motors'
2024-10-28 21:39:06,603 INFO: Disabling torque for group All_Motors
2024-10-28 21:39:06,604 INFO: Enabling torque for group All_Motors
2024-10-28 21:39:06,605 INFO: Setting the profile velocity for group All_Motors from config.yaml: 5
2024-10-28 21:39:06,606 INFO: Profile velocities set for group All_Motors: {1: 21.85, 2: 21.85, 3: 21.85, 4: 21.85, 5: 21.85, 6: 21.85, 7: 21.85, 8: 21.85}
2024-10-28 21:39:06,606 INFO: Closing PS4Controller and quitting pygame
2024-10-28 21:39:06,677 INFO: Port closed successfully.
2024-10-28 21:39:06,678 INFO: Shutdown complete.
2024-10-28 21:39:06,679 ERROR: Controller connection lost!
2024-10-28 21:39:06,679 ERROR: Controller is disconnected.
2024-10-28 21:39:06,680 ERROR: Controller connection lost!
2024-10-28 21:39:06,680 ERROR: Controller is disconnected.
2024-10-28 21:39:06,680 ERROR: Controller connection lost!
2024-10-28 21:39:06,681 ERROR: Controller is disconnected.
2024-10-28 21:39:06,682 ERROR: Error while logging robot states: Attempting to use a port that is not open
2024-10-28 21:39:06,682 ERROR: Error controlling pivots: 'NoneType' object is not subscriptable
