2024-09-25 23:21:42,062 INFO: Initializing PS4Controller
2024-09-25 23:21:42,272 DEBUG: Pygame initialized
2024-09-25 23:21:42,273 DEBUG: Joystick initialized
2024-09-25 23:21:42,274 DEBUG: Number of buttons on the controller: 13
2024-09-25 23:21:42,318 INFO: Configuration loaded successfully
2024-09-25 23:21:42,322 INFO: Port /dev/ttyACM0 opened successfully
2024-09-25 23:21:42,332 INFO: Baudrate set to 1000000
2024-09-25 23:21:42,332 INFO: Control table loaded successfully.
2024-09-25 23:21:42,332 INFO: Motor group 'Pivot_Group' created with motors: [7, 8]
2024-09-25 23:21:42,332 INFO: Motor group 'Wheg_Group' created with motors: [1, 2, 3, 4, 5, 6]
2024-09-25 23:21:42,332 INFO: Motor group 'All_Motors' created with motors: [1, 2, 3, 4, 5, 6, 7, 8]
2024-09-25 23:21:42,332 INFO: Motor group 'Left_Whegs' created with motors: [1, 2, 3]
2024-09-25 23:21:42,333 INFO: Motor group 'Right_Whegs' created with motors: [4, 5, 6]
2024-09-25 23:21:42,333 INFO: Motor group 'Front_Whegs' created with motors: [3, 6]
2024-09-25 23:21:42,334 INFO: Motor group 'Rear_Whegs' created with motors: [1, 4]
2024-09-25 23:21:42,334 INFO: Motor group 'Middle_Whegs' created with motors: [2, 5]
2024-09-25 23:21:42,334 INFO: Motor group 'Two_Right_One_Left' created with motors: [2, 4, 6]
2024-09-25 23:21:42,334 INFO: Motor group 'Two_Left_One_Right' created with motors: [5, 1, 3]
2024-09-25 23:21:42,334 INFO: Initialized PS4 controller, Dynamixel, and Robot State
2024-09-25 23:21:42,335 INFO: Torque disabled for group Right_Whegs
2024-09-25 23:21:42,336 INFO: Drive mode set for group Right_Whegs with reverse_direction=True
2024-09-25 23:21:42,336 INFO: Torque enabled for group Right_Whegs
2024-09-25 23:21:42,337 DEBUG: Preparing bulk read for motors: [4, 5, 6], Parameters: ['drive_mode']
2024-09-25 23:21:42,337 DEBUG: Adding motor 4, Address: 10, Length: 1 to bulk read
2024-09-25 23:21:42,337 DEBUG: Adding motor 5, Address: 10, Length: 1 to bulk read
2024-09-25 23:21:42,337 DEBUG: Adding motor 6, Address: 10, Length: 1 to bulk read
2024-09-25 23:21:42,340 DEBUG: Bulk read successful for group 'Right_Whegs'
2024-09-25 23:21:42,340 DEBUG: Motor 4 current drive mode read from bulk read: 1
2024-09-25 23:21:42,340 INFO: Motor 4 drive mode correctly set to reverse
2024-09-25 23:21:42,340 DEBUG: Motor 5 current drive mode read from bulk read: 1
2024-09-25 23:21:42,340 INFO: Motor 5 drive mode correctly set to reverse
2024-09-25 23:21:42,340 DEBUG: Motor 6 current drive mode read from bulk read: 1
2024-09-25 23:21:42,341 INFO: Motor 6 drive mode correctly set to reverse
2024-09-25 23:21:42,341 INFO: Position limits set for group Pivot_Group: min=90째 (ticks=1023), max=270째 (ticks=3071)
2024-09-25 23:21:42,342 DEBUG: Preparing bulk read for motors: [1, 2, 3, 4, 5, 6, 7, 8], Parameters: ['present_position']
2024-09-25 23:21:42,342 DEBUG: Adding motor 1, Address: 132, Length: 4 to bulk read
2024-09-25 23:21:42,342 DEBUG: Adding motor 2, Address: 132, Length: 4 to bulk read
2024-09-25 23:21:42,342 DEBUG: Adding motor 3, Address: 132, Length: 4 to bulk read
2024-09-25 23:21:42,342 DEBUG: Adding motor 4, Address: 132, Length: 4 to bulk read
2024-09-25 23:21:42,343 DEBUG: Adding motor 5, Address: 132, Length: 4 to bulk read
2024-09-25 23:21:42,343 DEBUG: Adding motor 6, Address: 132, Length: 4 to bulk read
2024-09-25 23:21:42,343 DEBUG: Adding motor 7, Address: 132, Length: 4 to bulk read
2024-09-25 23:21:42,343 DEBUG: Adding motor 8, Address: 132, Length: 4 to bulk read
2024-09-25 23:21:42,350 DEBUG: Bulk read successful for group 'All_Motors'
2024-09-25 23:21:42,351 DEBUG: Trigger inputs: L2=-1.0, R2=-1.0
2024-09-25 23:21:42,351 DEBUG: D-Pad input: {'dpad_up': False, 'dpad_down': False, 'dpad_left': False, 'dpad_right': False}
2024-09-25 23:21:42,351 DEBUG: Adjusting wheg speed: trigger_value=-1.0, current_rpm=0
2024-09-25 23:21:42,351 DEBUG: Adjusted wheg speed: target_rpm=0.0, current_rpm=0.0
2024-09-25 23:21:42,351 INFO: Switching to new gait: 0
2024-09-25 23:21:42,351 INFO: Initializing Gait 1
2024-09-25 23:21:42,352 INFO: Torque disabled for group Wheg_Group
2024-09-25 23:21:42,353 INFO: Operating mode set to 'position' for group Wheg_Group
2024-09-25 23:21:42,353 INFO: Torque enabled for group Wheg_Group
2024-09-25 23:21:42,353 DEBUG: Setting profile velocity for motors in group Wheg_Group
2024-09-25 23:21:42,354 INFO: Profile velocity set to 50 for group Wheg_Group
2024-09-25 23:21:42,354 INFO: Setting position 180째 for all motors in group 'Wheg_Group'
2024-09-25 23:21:42,354 INFO: Target positions set for group 'Wheg_Group'
2024-09-25 23:21:42,355 INFO: Torque disabled for group Pivot_Group
2024-09-25 23:21:42,355 INFO: Operating mode set to 'position' for group Pivot_Group
2024-09-25 23:21:42,356 INFO: Torque enabled for group Pivot_Group
2024-09-25 23:21:42,356 DEBUG: Setting profile velocity for motors in group Pivot_Group
2024-09-25 23:21:42,356 INFO: Profile velocity set to 20 for group Pivot_Group
2024-09-25 23:21:42,356 INFO: Setting position 180째 for all motors in group 'Pivot_Group'
2024-09-25 23:21:42,357 INFO: Target positions set for group 'Pivot_Group'
2024-09-25 23:21:42,357 DEBUG: Executing Gait 1
2024-09-25 23:21:42,358 INFO: Torque disabled for group Pivot_Group
2024-09-25 23:21:42,358 INFO: Operating mode set to 'position' for group Pivot_Group
2024-09-25 23:21:42,359 INFO: Torque enabled for group Pivot_Group
2024-09-25 23:21:42,359 DEBUG: Setting profile velocity for motors in group Pivot_Group
2024-09-25 23:21:42,359 INFO: Profile velocity set to 20 for group Pivot_Group
2024-09-25 23:21:42,359 INFO: Setting individual positions for motors in group 'Pivot_Group': {7: 2047, 8: 2047}
2024-09-25 23:21:42,360 INFO: Target positions set for group 'Pivot_Group'
2024-09-25 23:21:42,360 INFO: Front pivot angle set to 180 degrees (ticks: 2047)
2024-09-25 23:21:42,360 INFO: Rear pivot angle set to 180 degrees (ticks: 2047)
2024-09-25 23:21:42,460 DEBUG: Preparing bulk read for motors: [1, 2, 3, 4, 5, 6, 7, 8], Parameters: ['present_position']
2024-09-25 23:21:42,461 DEBUG: Adding motor 1, Address: 132, Length: 4 to bulk read
2024-09-25 23:21:42,461 DEBUG: Adding motor 2, Address: 132, Length: 4 to bulk read
2024-09-25 23:21:42,461 DEBUG: Adding motor 3, Address: 132, Length: 4 to bulk read
2024-09-25 23:21:42,461 DEBUG: Adding motor 4, Address: 132, Length: 4 to bulk read
2024-09-25 23:21:42,461 DEBUG: Adding motor 5, Address: 132, Length: 4 to bulk read
2024-09-25 23:21:42,461 DEBUG: Adding motor 6, Address: 132, Length: 4 to bulk read
2024-09-25 23:21:42,461 DEBUG: Adding motor 7, Address: 132, Length: 4 to bulk read
2024-09-25 23:21:42,461 DEBUG: Adding motor 8, Address: 132, Length: 4 to bulk read
2024-09-25 23:21:42,469 DEBUG: Bulk read successful for group 'All_Motors'
2024-09-25 23:21:42,469 DEBUG: Trigger inputs: L2=-1.0, R2=-1.0
2024-09-25 23:21:42,469 DEBUG: D-Pad input: {'dpad_up': False, 'dpad_down': False, 'dpad_left': False, 'dpad_right': False}
2024-09-25 23:21:42,469 DEBUG: Adjusting wheg speed: trigger_value=-1.0, current_rpm=0.0
2024-09-25 23:21:42,469 DEBUG: Adjusted wheg speed: target_rpm=0.0, current_rpm=0.0
2024-09-25 23:21:42,470 DEBUG: Executing Gait 1
2024-09-25 23:21:42,470 INFO: Torque disabled for group Pivot_Group
2024-09-25 23:21:42,470 INFO: Operating mode set to 'position' for group Pivot_Group
2024-09-25 23:21:42,471 INFO: Torque enabled for group Pivot_Group
2024-09-25 23:21:42,471 DEBUG: Setting profile velocity for motors in group Pivot_Group
2024-09-25 23:21:42,472 INFO: Profile velocity set to 20 for group Pivot_Group
2024-09-25 23:21:42,472 INFO: Setting individual positions for motors in group 'Pivot_Group': {7: 2047, 8: 2047}
2024-09-25 23:21:42,472 INFO: Target positions set for group 'Pivot_Group'
2024-09-25 23:21:42,472 INFO: Front pivot angle set to 180 degrees (ticks: 2047)
2024-09-25 23:21:42,473 INFO: Rear pivot angle set to 180 degrees (ticks: 2047)
2024-09-25 23:21:42,573 DEBUG: Preparing bulk read for motors: [1, 2, 3, 4, 5, 6, 7, 8], Parameters: ['present_position']
2024-09-25 23:21:42,573 DEBUG: Adding motor 1, Address: 132, Length: 4 to bulk read
2024-09-25 23:21:42,573 DEBUG: Adding motor 2, Address: 132, Length: 4 to bulk read
2024-09-25 23:21:42,573 DEBUG: Adding motor 3, Address: 132, Length: 4 to bulk read
2024-09-25 23:21:42,573 DEBUG: Adding motor 4, Address: 132, Length: 4 to bulk read
2024-09-25 23:21:42,574 DEBUG: Adding motor 5, Address: 132, Length: 4 to bulk read
2024-09-25 23:21:42,574 DEBUG: Adding motor 6, Address: 132, Length: 4 to bulk read
2024-09-25 23:21:42,574 DEBUG: Adding motor 7, Address: 132, Length: 4 to bulk read
2024-09-25 23:21:42,574 DEBUG: Adding motor 8, Address: 132, Length: 4 to bulk read
2024-09-25 23:21:42,581 DEBUG: Bulk read successful for group 'All_Motors'
2024-09-25 23:21:42,582 DEBUG: Trigger inputs: L2=-1.0, R2=-1.0
2024-09-25 23:21:42,582 DEBUG: D-Pad input: {'dpad_up': False, 'dpad_down': False, 'dpad_left': False, 'dpad_right': False}
2024-09-25 23:21:42,582 DEBUG: Adjusting wheg speed: trigger_value=-1.0, current_rpm=0.0
2024-09-25 23:21:42,582 DEBUG: Adjusted wheg speed: target_rpm=0.0, current_rpm=0.0
2024-09-25 23:21:42,582 DEBUG: Executing Gait 1
2024-09-25 23:21:42,582 INFO: Torque disabled for group Pivot_Group
2024-09-25 23:21:42,583 INFO: Operating mode set to 'position' for group Pivot_Group
2024-09-25 23:21:42,583 INFO: Torque enabled for group Pivot_Group
2024-09-25 23:21:42,584 DEBUG: Setting profile velocity for motors in group Pivot_Group
2024-09-25 23:21:42,584 INFO: Profile velocity set to 20 for group Pivot_Group
2024-09-25 23:21:42,584 INFO: Setting individual positions for motors in group 'Pivot_Group': {7: 2047, 8: 2047}
2024-09-25 23:21:42,585 INFO: Target positions set for group 'Pivot_Group'
2024-09-25 23:21:42,585 INFO: Front pivot angle set to 180 degrees (ticks: 2047)
2024-09-25 23:21:42,585 INFO: Rear pivot angle set to 180 degrees (ticks: 2047)
2024-09-25 23:21:42,685 DEBUG: Preparing bulk read for motors: [1, 2, 3, 4, 5, 6, 7, 8], Parameters: ['present_position']
2024-09-25 23:21:42,686 DEBUG: Adding motor 1, Address: 132, Length: 4 to bulk read
2024-09-25 23:21:42,686 DEBUG: Adding motor 2, Address: 132, Length: 4 to bulk read
2024-09-25 23:21:42,686 DEBUG: Adding motor 3, Address: 132, Length: 4 to bulk read
2024-09-25 23:21:42,686 DEBUG: Adding motor 4, Address: 132, Length: 4 to bulk read
2024-09-25 23:21:42,686 DEBUG: Adding motor 5, Address: 132, Length: 4 to bulk read
2024-09-25 23:21:42,686 DEBUG: Adding motor 6, Address: 132, Length: 4 to bulk read
2024-09-25 23:21:42,686 DEBUG: Adding motor 7, Address: 132, Length: 4 to bulk read
2024-09-25 23:21:42,686 DEBUG: Adding motor 8, Address: 132, Length: 4 to bulk read
2024-09-25 23:21:42,694 DEBUG: Bulk read successful for group 'All_Motors'
2024-09-25 23:21:42,694 DEBUG: Trigger inputs: L2=-1.0, R2=-1.0
2024-09-25 23:21:42,694 DEBUG: D-Pad input: {'dpad_up': False, 'dpad_down': False, 'dpad_left': False, 'dpad_right': False}
2024-09-25 23:21:42,694 DEBUG: Adjusting wheg speed: trigger_value=-1.0, current_rpm=0.0
2024-09-25 23:21:42,694 DEBUG: Adjusted wheg speed: target_rpm=0.0, current_rpm=0.0
2024-09-25 23:21:42,694 DEBUG: Executing Gait 1
2024-09-25 23:21:42,695 INFO: Torque disabled for group Pivot_Group
2024-09-25 23:21:42,695 INFO: Operating mode set to 'position' for group Pivot_Group
2024-09-25 23:21:42,696 INFO: Torque enabled for group Pivot_Group
2024-09-25 23:21:42,696 DEBUG: Setting profile velocity for motors in group Pivot_Group
2024-09-25 23:21:42,696 INFO: Profile velocity set to 20 for group Pivot_Group
2024-09-25 23:21:42,697 INFO: Setting individual positions for motors in group 'Pivot_Group': {7: 2047, 8: 2047}
2024-09-25 23:21:42,697 INFO: Target positions set for group 'Pivot_Group'
2024-09-25 23:21:42,697 INFO: Front pivot angle set to 180 degrees (ticks: 2047)
2024-09-25 23:21:42,697 INFO: Rear pivot angle set to 180 degrees (ticks: 2047)
2024-09-25 23:21:42,798 DEBUG: Preparing bulk read for motors: [1, 2, 3, 4, 5, 6, 7, 8], Parameters: ['present_position']
2024-09-25 23:21:42,798 DEBUG: Adding motor 1, Address: 132, Length: 4 to bulk read
2024-09-25 23:21:42,798 DEBUG: Adding motor 2, Address: 132, Length: 4 to bulk read
2024-09-25 23:21:42,798 DEBUG: Adding motor 3, Address: 132, Length: 4 to bulk read
2024-09-25 23:21:42,798 DEBUG: Adding motor 4, Address: 132, Length: 4 to bulk read
2024-09-25 23:21:42,798 DEBUG: Adding motor 5, Address: 132, Length: 4 to bulk read
2024-09-25 23:21:42,798 DEBUG: Adding motor 6, Address: 132, Length: 4 to bulk read
2024-09-25 23:21:42,798 DEBUG: Adding motor 7, Address: 132, Length: 4 to bulk read
2024-09-25 23:21:42,799 DEBUG: Adding motor 8, Address: 132, Length: 4 to bulk read
2024-09-25 23:21:42,806 DEBUG: Bulk read successful for group 'All_Motors'
2024-09-25 23:21:42,806 DEBUG: Trigger inputs: L2=-1.0, R2=-1.0
2024-09-25 23:21:42,806 DEBUG: D-Pad input: {'dpad_up': False, 'dpad_down': False, 'dpad_left': False, 'dpad_right': False}
2024-09-25 23:21:42,806 DEBUG: Adjusting wheg speed: trigger_value=-1.0, current_rpm=0.0
2024-09-25 23:21:42,807 DEBUG: Adjusted wheg speed: target_rpm=0.0, current_rpm=0.0
2024-09-25 23:21:42,807 DEBUG: Executing Gait 1
2024-09-25 23:21:42,807 INFO: Torque disabled for group Pivot_Group
2024-09-25 23:21:42,808 INFO: Operating mode set to 'position' for group Pivot_Group
2024-09-25 23:21:42,808 INFO: Torque enabled for group Pivot_Group
2024-09-25 23:21:42,808 DEBUG: Setting profile velocity for motors in group Pivot_Group
2024-09-25 23:21:42,809 INFO: Profile velocity set to 20 for group Pivot_Group
2024-09-25 23:21:42,809 INFO: Setting individual positions for motors in group 'Pivot_Group': {7: 2047, 8: 2047}
2024-09-25 23:21:42,809 INFO: Target positions set for group 'Pivot_Group'
2024-09-25 23:21:42,810 INFO: Front pivot angle set to 180 degrees (ticks: 2047)
2024-09-25 23:21:42,810 INFO: Rear pivot angle set to 180 degrees (ticks: 2047)
2024-09-25 23:21:42,910 DEBUG: Preparing bulk read for motors: [1, 2, 3, 4, 5, 6, 7, 8], Parameters: ['present_position']
2024-09-25 23:21:42,910 DEBUG: Adding motor 1, Address: 132, Length: 4 to bulk read
2024-09-25 23:21:42,910 DEBUG: Adding motor 2, Address: 132, Length: 4 to bulk read
2024-09-25 23:21:42,910 DEBUG: Adding motor 3, Address: 132, Length: 4 to bulk read
2024-09-25 23:21:42,910 DEBUG: Adding motor 4, Address: 132, Length: 4 to bulk read
2024-09-25 23:21:42,911 DEBUG: Adding motor 5, Address: 132, Length: 4 to bulk read
2024-09-25 23:21:42,911 DEBUG: Adding motor 6, Address: 132, Length: 4 to bulk read
2024-09-25 23:21:42,911 DEBUG: Adding motor 7, Address: 132, Length: 4 to bulk read
2024-09-25 23:21:42,911 DEBUG: Adding motor 8, Address: 132, Length: 4 to bulk read
2024-09-25 23:21:42,918 DEBUG: Bulk read successful for group 'All_Motors'
2024-09-25 23:21:42,919 DEBUG: Trigger inputs: L2=-1.0, R2=-1.0
2024-09-25 23:21:42,919 DEBUG: D-Pad input: {'dpad_up': False, 'dpad_down': False, 'dpad_left': False, 'dpad_right': False}
2024-09-25 23:21:42,919 DEBUG: Adjusting wheg speed: trigger_value=-1.0, current_rpm=0.0
2024-09-25 23:21:42,919 DEBUG: Adjusted wheg speed: target_rpm=0.0, current_rpm=0.0
2024-09-25 23:21:42,919 DEBUG: Executing Gait 1
2024-09-25 23:21:42,919 INFO: Torque disabled for group Pivot_Group
2024-09-25 23:21:42,920 INFO: Operating mode set to 'position' for group Pivot_Group
2024-09-25 23:21:42,920 INFO: Torque enabled for group Pivot_Group
2024-09-25 23:21:42,921 DEBUG: Setting profile velocity for motors in group Pivot_Group
2024-09-25 23:21:42,921 INFO: Profile velocity set to 20 for group Pivot_Group
2024-09-25 23:21:42,921 INFO: Setting individual positions for motors in group 'Pivot_Group': {7: 2047, 8: 2047}
2024-09-25 23:21:42,922 INFO: Target positions set for group 'Pivot_Group'
2024-09-25 23:21:42,922 INFO: Front pivot angle set to 180 degrees (ticks: 2047)
2024-09-25 23:21:42,922 INFO: Rear pivot angle set to 180 degrees (ticks: 2047)
2024-09-25 23:21:43,023 DEBUG: Preparing bulk read for motors: [1, 2, 3, 4, 5, 6, 7, 8], Parameters: ['present_position']
2024-09-25 23:21:43,023 DEBUG: Adding motor 1, Address: 132, Length: 4 to bulk read
2024-09-25 23:21:43,023 DEBUG: Adding motor 2, Address: 132, Length: 4 to bulk read
2024-09-25 23:21:43,023 DEBUG: Adding motor 3, Address: 132, Length: 4 to bulk read
2024-09-25 23:21:43,023 DEBUG: Adding motor 4, Address: 132, Length: 4 to bulk read
2024-09-25 23:21:43,023 DEBUG: Adding motor 5, Address: 132, Length: 4 to bulk read
2024-09-25 23:21:43,023 DEBUG: Adding motor 6, Address: 132, Length: 4 to bulk read
2024-09-25 23:21:43,023 DEBUG: Adding motor 7, Address: 132, Length: 4 to bulk read
2024-09-25 23:21:43,024 DEBUG: Adding motor 8, Address: 132, Length: 4 to bulk read
2024-09-25 23:21:43,031 DEBUG: Bulk read successful for group 'All_Motors'
2024-09-25 23:21:43,031 DEBUG: Trigger inputs: L2=-1.0, R2=-1.0
2024-09-25 23:21:43,031 DEBUG: D-Pad input: {'dpad_up': False, 'dpad_down': False, 'dpad_left': False, 'dpad_right': False}
2024-09-25 23:21:43,031 DEBUG: Adjusting wheg speed: trigger_value=-1.0, current_rpm=0.0
2024-09-25 23:21:43,031 DEBUG: Adjusted wheg speed: target_rpm=0.0, current_rpm=0.0
2024-09-25 23:21:43,032 DEBUG: Executing Gait 1
2024-09-25 23:21:43,032 INFO: Torque disabled for group Pivot_Group
2024-09-25 23:21:43,032 INFO: Operating mode set to 'position' for group Pivot_Group
2024-09-25 23:21:43,033 INFO: Torque enabled for group Pivot_Group
2024-09-25 23:21:43,033 DEBUG: Setting profile velocity for motors in group Pivot_Group
2024-09-25 23:21:43,033 INFO: Profile velocity set to 20 for group Pivot_Group
2024-09-25 23:21:43,033 INFO: Setting individual positions for motors in group 'Pivot_Group': {7: 2047, 8: 2047}
2024-09-25 23:21:43,034 INFO: Target positions set for group 'Pivot_Group'
2024-09-25 23:21:43,034 INFO: Front pivot angle set to 180 degrees (ticks: 2047)
2024-09-25 23:21:43,034 INFO: Rear pivot angle set to 180 degrees (ticks: 2047)
2024-09-25 23:21:43,104 INFO: Terminating program...
2024-09-25 23:21:43,104 ERROR: Sync write failed with error: [TxRxResult] Protocol does not support this function!
2024-09-25 23:21:43,104 ERROR: Sync write failed with error: [TxRxResult] Protocol does not support this function!
2024-09-25 23:21:43,104 INFO: Closing PS4Controller and quitting pygame
2024-09-25 23:21:43,181 ERROR: Failed to close the port: 'PortHandler' object has no attribute 'is_port_open'
2024-09-25 23:21:43,183 INFO: Shutdown complete.
