2024-10-29 02:29:53,401 INFO: Initializing PS4Controller
2024-10-29 02:29:53,679 INFO: Configuration loaded successfully
2024-10-29 02:29:53,682 INFO: Port /dev/ttyACM0 opened successfully
2024-10-29 02:29:53,692 INFO: Baudrate set to 1000000
2024-10-29 02:29:53,692 INFO: Control table loaded successfully.
2024-10-29 02:29:53,693 INFO: Motor group 'Pivot_Group' created with motors: [7, 8]
2024-10-29 02:29:53,693 INFO: Motor group 'Wheg_Group' created with motors: [1, 2, 3, 4, 5, 6]
2024-10-29 02:29:53,694 INFO: Motor group 'All_Motors' created with motors: [1, 2, 3, 4, 5, 6, 7, 8]
2024-10-29 02:29:53,694 INFO: Motor group 'Left_Whegs' created with motors: [1, 2, 3]
2024-10-29 02:29:53,695 INFO: Motor group 'Right_Whegs' created with motors: [4, 5, 6]
2024-10-29 02:29:53,695 INFO: Motor group 'Front_Whegs' created with motors: [3, 6]
2024-10-29 02:29:53,696 INFO: Motor group 'Rear_Whegs' created with motors: [1, 4]
2024-10-29 02:29:53,696 INFO: Motor group 'Middle_Whegs' created with motors: [2, 5]
2024-10-29 02:29:53,697 INFO: Motor group 'Two_Right_One_Left' created with motors: [2, 4, 6]
2024-10-29 02:29:53,697 INFO: Motor group 'Two_Left_One_Right' created with motors: [5, 1, 3]
2024-10-29 02:29:53,697 INFO: Initialised PS4 controller, Dynamixel, and Robot State
2024-10-29 02:29:53,860 INFO: Disabling torque for group Right_Whegs
2024-10-29 02:29:53,863 INFO: Drive mode set for group Right_Whegs with reverse_direction=True
2024-10-29 02:29:53,865 INFO: Enabling torque for group Right_Whegs
2024-10-29 02:29:53,869 INFO: Motor 4 drive mode correctly set to reverse
2024-10-29 02:29:53,870 INFO: Motor 5 drive mode correctly set to reverse
2024-10-29 02:29:53,870 INFO: Motor 6 drive mode correctly set to reverse
2024-10-29 02:29:53,871 INFO: Disabling torque for group Left_Whegs
2024-10-29 02:29:53,871 INFO: Drive mode set for group Left_Whegs with reverse_direction=False
2024-10-29 02:29:53,872 INFO: Enabling torque for group Left_Whegs
2024-10-29 02:29:53,876 INFO: Motor 1 drive mode correctly set to normal
2024-10-29 02:29:53,877 INFO: Motor 2 drive mode correctly set to normal
2024-10-29 02:29:53,879 INFO: Motor 3 drive mode correctly set to normal
2024-10-29 02:29:53,881 INFO: Set the right side whegs to reverse direction
2024-10-29 02:29:53,882 INFO: Disabling torque for group Pivot_Group
2024-10-29 02:29:53,883 INFO: Drive mode set for group Pivot_Group with reverse_direction=False
2024-10-29 02:29:53,883 INFO: Enabling torque for group Pivot_Group
2024-10-29 02:29:53,887 INFO: Motor 7 drive mode correctly set to normal
2024-10-29 02:29:53,888 INFO: Motor 8 drive mode correctly set to normal
2024-10-29 02:29:53,888 INFO: Position limits set for group Pivot_Group: min=90° (ticks=1023), max=270° (ticks=3071)
2024-10-29 02:29:53,889 INFO: Set position limits for the pivot motors
2024-10-29 02:29:53,898 INFO: Initialising Gait 1
2024-10-29 02:29:53,898 INFO: Running set_position_group for group 'Wheg_Group' with positions: 180
2024-10-29 02:29:53,904 INFO: Running set_position_group for group 'Pivot_Group' with positions: 180
2024-10-29 02:29:53,908 INFO: Initialised Gait 1, waiting for 3 seconds
2024-10-29 02:29:53,908 ERROR: Error controlling pivots: 'dpad_down'
2024-10-29 02:29:56,876 INFO: Triangle pressed. Preparing to change to next gait: 2
2024-10-29 02:29:56,909 INFO: Setting operating mode 'multi_turn' for group 'Wheg_Group'
2024-10-29 02:29:56,909 INFO: Disabling torque for group Wheg_Group
2024-10-29 02:29:56,910 INFO: Enabling torque for group Wheg_Group
2024-10-29 02:29:56,911 INFO: Setting the profile velocity for group Wheg_Group from config.yaml: 10
2024-10-29 02:29:56,912 INFO: Profile velocities set for group Wheg_Group: {1: 43.7, 2: 43.7, 3: 43.7, 4: 43.7, 5: 43.7, 6: 43.7}
2024-10-29 02:29:56,912 INFO: New gait 2 is now active.
2024-10-29 02:29:57,057 INFO: Triangle pressed. Preparing to change to next gait: 3
2024-10-29 02:29:57,067 INFO: Initialsing Gait 3
2024-10-29 02:29:57,067 INFO: Running set_position_group for group 'Wheg_Group' with positions: {1: 200, 2: 160, 3: 160, 4: 200, 5: 160, 6: 160}
2024-10-29 02:29:57,073 WARNING: Motor 1 is not in Position Control Mode. Setting mode now.
2024-10-29 02:29:57,073 INFO: Setting operating mode 'position' for group 'Wheg_Group'
2024-10-29 02:29:57,074 INFO: Disabling torque for group Wheg_Group
2024-10-29 02:29:57,075 INFO: Enabling torque for group Wheg_Group
2024-10-29 02:29:57,076 INFO: Setting the profile velocity for group Wheg_Group from config.yaml: 10
2024-10-29 02:29:57,078 INFO: Profile velocities set for group Wheg_Group: {1: 43.7, 2: 43.7, 3: 43.7, 4: 43.7, 5: 43.7, 6: 43.7}
2024-10-29 02:29:57,078 INFO: Running set_position_group for group 'Pivot_Group' with positions: 180
2024-10-29 02:29:57,082 INFO: Initialised Gait 3, waiting for 3 seconds
2024-10-29 02:29:59,542 INFO: Triangle pressed. Preparing to change to next gait: 3
2024-10-29 02:29:59,733 INFO: Triangle pressed. Preparing to change to next gait: 3
2024-10-29 02:30:00,112 INFO: Setting operating mode 'multi_turn' for group 'Wheg_Group'
2024-10-29 02:30:00,114 INFO: Disabling torque for group Wheg_Group
2024-10-29 02:30:00,117 INFO: Enabling torque for group Wheg_Group
2024-10-29 02:30:00,118 INFO: Setting the profile velocity for group Wheg_Group from config.yaml: 10
2024-10-29 02:30:00,119 INFO: Profile velocities set for group Wheg_Group: {1: 43.7, 2: 43.7, 3: 43.7, 4: 43.7, 5: 43.7, 6: 43.7}
2024-10-29 02:30:00,119 INFO: New gait 3 is now active.
2024-10-29 02:30:01,726 INFO: Triangle pressed. Preparing to change to next gait: 4
2024-10-29 02:30:01,736 INFO: Initialising Gait 4
2024-10-29 02:30:01,740 INFO: Direction data: {1: {'drive_mode': 0}, 2: {'drive_mode': 0}, 3: {'drive_mode': 0}}
2024-10-29 02:30:01,740 INFO: Disabling torque for group Left_Whegs
2024-10-29 02:30:01,741 INFO: Drive mode set for group Left_Whegs with reverse_direction={1: 1, 2: 1, 3: 1}
2024-10-29 02:30:01,741 INFO: Enabling torque for group Left_Whegs
2024-10-29 02:30:01,746 INFO: Motor 1 drive mode correctly set to reverse
2024-10-29 02:30:01,746 INFO: Motor 2 drive mode correctly set to reverse
2024-10-29 02:30:01,747 INFO: Motor 3 drive mode correctly set to reverse
2024-10-29 02:30:01,747 WARNING: Reversed the direction of the left whegs
2024-10-29 02:30:01,748 INFO: Running set_position_group for group 'Wheg_Group' with positions: {1: 175, 2: 185, 3: 175, 4: 185, 5: 175, 6: 185}
2024-10-29 02:30:01,753 WARNING: Motor 1 is not in Position Control Mode. Setting mode now.
2024-10-29 02:30:01,753 INFO: Setting operating mode 'position' for group 'Wheg_Group'
2024-10-29 02:30:01,754 INFO: Disabling torque for group Wheg_Group
2024-10-29 02:30:01,755 INFO: Enabling torque for group Wheg_Group
2024-10-29 02:30:01,756 INFO: Setting the profile velocity for group Wheg_Group from config.yaml: 10
2024-10-29 02:30:01,757 INFO: Profile velocities set for group Wheg_Group: {1: 43.7, 2: 43.7, 3: 43.7, 4: 43.7, 5: 43.7, 6: 43.7}
2024-10-29 02:30:01,757 INFO: Running set_position_group for group 'Pivot_Group' with positions: 180
2024-10-29 02:30:01,761 INFO: Initialised Gait 4, waiting for 3 seconds
2024-10-29 02:30:04,761 INFO: Setting operating mode 'multi_turn' for group 'Wheg_Group'
2024-10-29 02:30:04,762 INFO: Disabling torque for group Wheg_Group
2024-10-29 02:30:04,764 INFO: Enabling torque for group Wheg_Group
2024-10-29 02:30:04,767 INFO: Setting the profile velocity for group Wheg_Group from config.yaml: 10
2024-10-29 02:30:04,768 INFO: Profile velocities set for group Wheg_Group: {1: 43.7, 2: 43.7, 3: 43.7, 4: 43.7, 5: 43.7, 6: 43.7}
2024-10-29 02:30:04,769 INFO: New gait 4 is now active.
2024-10-29 02:30:05,882 INFO: Initiating safe shutdown...
2024-10-29 02:30:05,882 INFO: Setting operating mode 'velocity' for group 'All_Motors'
2024-10-29 02:30:05,883 INFO: Disabling torque for group All_Motors
2024-10-29 02:30:05,884 INFO: Enabling torque for group All_Motors
2024-10-29 02:30:05,885 WARNING: Velocity limit 200 exceeds hard limit 100. Limiting to 100.
2024-10-29 02:30:05,886 INFO: Velocity limit set to 100 for group All_Motors
2024-10-29 02:30:05,886 INFO: Enabling torque for group All_Motors
2024-10-29 02:30:05,887 INFO: Target velocities set for group All_Motors: {1: 0, 2: 0, 3: 0, 4: 0, 5: 0, 6: 0, 7: 0, 8: 0}
2024-10-29 02:30:05,888 INFO: Running set_position_group for group 'All_Motors' with positions: 180
2024-10-29 02:30:05,896 WARNING: Motor 1 is not in Position Control Mode. Setting mode now.
2024-10-29 02:30:05,896 INFO: Setting operating mode 'position' for group 'All_Motors'
2024-10-29 02:30:05,897 INFO: Disabling torque for group All_Motors
2024-10-29 02:30:05,897 INFO: Enabling torque for group All_Motors
2024-10-29 02:30:05,898 INFO: Setting the profile velocity for group All_Motors from config.yaml: 5
2024-10-29 02:30:05,899 INFO: Profile velocities set for group All_Motors: {1: 21.85, 2: 21.85, 3: 21.85, 4: 21.85, 5: 21.85, 6: 21.85, 7: 21.85, 8: 21.85}
2024-10-29 02:30:05,900 INFO: Closing PS4Controller and quitting pygame
2024-10-29 02:30:05,998 INFO: Port closed successfully.
2024-10-29 02:30:05,998 INFO: Shutdown complete.
