2024-10-29 15:21:25,333 INFO: Initializing PS4Controller
2024-10-29 15:21:25,618 INFO: Configuration loaded successfully
2024-10-29 15:21:25,619 ERROR: Error initialising components: [Errno 2] could not open port /dev/ttyACM0: [Errno 2] No such file or directory: '/dev/ttyACM0'
2024-10-29 15:21:49,136 INFO: Initializing PS4Controller
2024-10-29 15:21:49,181 INFO: Configuration loaded successfully
2024-10-29 15:21:49,186 INFO: Port /dev/ttyACM0 opened successfully
2024-10-29 15:21:49,196 INFO: Baudrate set to 1000000
2024-10-29 15:21:49,197 INFO: Control table loaded successfully.
2024-10-29 15:21:49,198 INFO: Motor group 'Pivot_Group' created with motors: [7, 8]
2024-10-29 15:21:49,198 INFO: Motor group 'Wheg_Group' created with motors: [1, 2, 3, 4, 5, 6]
2024-10-29 15:21:49,199 INFO: Motor group 'All_Motors' created with motors: [1, 2, 3, 4, 5, 6, 7, 8]
2024-10-29 15:21:49,199 INFO: Motor group 'Left_Whegs' created with motors: [1, 2, 3]
2024-10-29 15:21:49,199 INFO: Motor group 'Right_Whegs' created with motors: [4, 5, 6]
2024-10-29 15:21:49,200 INFO: Motor group 'Front_Whegs' created with motors: [3, 6]
2024-10-29 15:21:49,201 INFO: Motor group 'Rear_Whegs' created with motors: [1, 4]
2024-10-29 15:21:49,201 INFO: Motor group 'Middle_Whegs' created with motors: [2, 5]
2024-10-29 15:21:49,202 INFO: Motor group 'Two_Right_One_Left' created with motors: [2, 4, 6]
2024-10-29 15:21:49,202 INFO: Motor group 'Two_Left_One_Right' created with motors: [5, 1, 3]
2024-10-29 15:21:49,203 INFO: Initialised PS4 controller, Dynamixel, and Robot State
2024-10-29 15:21:49,217 INFO: Disabling torque for group Right_Whegs
2024-10-29 15:21:49,220 INFO: Drive mode set for group Right_Whegs with reverse_direction=True
2024-10-29 15:21:49,221 INFO: Enabling torque for group Right_Whegs
2024-10-29 15:21:49,222 INFO: Setting the profile velocity for group Right_Whegs from config.yaml: None
2024-10-29 15:21:49,223 ERROR: Profile velocity for group Right_Whegs not found in config.yaml and no value was provided.
2024-10-29 15:21:49,224 INFO: Profile velocities set for group Right_Whegs: {4: 21.85, 5: 21.85, 6: 21.85}
2024-10-29 15:21:49,224 INFO: Disabling torque for group Left_Whegs
2024-10-29 15:21:49,225 INFO: Drive mode set for group Left_Whegs with reverse_direction=False
2024-10-29 15:21:49,226 INFO: Enabling torque for group Left_Whegs
2024-10-29 15:21:49,227 INFO: Setting the profile velocity for group Left_Whegs from config.yaml: None
2024-10-29 15:21:49,227 ERROR: Profile velocity for group Left_Whegs not found in config.yaml and no value was provided.
2024-10-29 15:21:49,228 INFO: Profile velocities set for group Left_Whegs: {1: 21.85, 2: 21.85, 3: 21.85}
2024-10-29 15:21:49,228 INFO: Set the right side whegs to reverse direction
2024-10-29 15:21:49,229 INFO: Disabling torque for group Pivot_Group
2024-10-29 15:21:49,230 INFO: Drive mode set for group Pivot_Group with reverse_direction=False
2024-10-29 15:21:49,230 INFO: Enabling torque for group Pivot_Group
2024-10-29 15:21:49,232 INFO: Setting the profile velocity for group Pivot_Group from config.yaml: 4
2024-10-29 15:21:49,235 INFO: Profile velocities set for group Pivot_Group: {7: 17.48, 8: 17.48}
2024-10-29 15:21:49,236 INFO: Position limits set for group Pivot_Group: min=45° (ticks=511), max=315° (ticks=3583)
2024-10-29 15:21:49,237 INFO: Set position limits for the pivot motors
2024-10-29 15:21:49,246 INFO: Initialising Gait 1
2024-10-29 15:21:49,246 INFO: Running set_position_group for group 'Wheg_Group' with positions: 180
2024-10-29 15:21:49,252 INFO: Running set_position_group for group 'Pivot_Group' with positions: 180
2024-10-29 15:21:49,255 INFO: Initialised Gait 1, waiting for 3 seconds
2024-10-29 15:21:49,256 ERROR: Error controlling pivots: 'dpad_down'
2024-10-29 15:21:52,257 INFO: Setting operating mode 'multi_turn' for group 'Wheg_Group'
2024-10-29 15:21:52,258 INFO: Disabling torque for group Wheg_Group
2024-10-29 15:21:52,259 INFO: Enabling torque for group Wheg_Group
2024-10-29 15:21:52,259 INFO: Setting the profile velocity for group Wheg_Group from config.yaml: 10
2024-10-29 15:21:52,260 INFO: Profile velocities set for group Wheg_Group: {1: 43.7, 2: 43.7, 3: 43.7, 4: 43.7, 5: 43.7, 6: 43.7}
2024-10-29 15:21:52,261 INFO: Setting the profile velocity for group Wheg_Group from config.yaml: 10
2024-10-29 15:21:52,262 INFO: Profile velocities set for group Wheg_Group: {1: 43.7, 2: 43.7, 3: 43.7, 4: 43.7, 5: 43.7, 6: 43.7}
2024-10-29 15:21:52,262 INFO: New gait 1 is now active.
2024-10-29 15:22:10,731 INFO: R3 pressed. Turning mode requested
2024-10-29 15:22:10,741 INFO: Initialising Turn Mode
2024-10-29 15:22:10,742 INFO: Running set_position_group for group 'Wheg_Group' with positions: {1: 165, 2: 195, 3: 165, 4: 165, 5: 195, 6: 165}
2024-10-29 15:22:10,747 WARNING: Motor 1 is not in Position Control Mode. Setting mode now.
2024-10-29 15:22:10,748 INFO: Setting operating mode 'position' for group 'Wheg_Group'
2024-10-29 15:22:10,748 INFO: Disabling torque for group Wheg_Group
2024-10-29 15:22:10,749 INFO: Enabling torque for group Wheg_Group
2024-10-29 15:22:10,750 INFO: Setting the profile velocity for group Wheg_Group from config.yaml: 10
2024-10-29 15:22:10,751 INFO: Profile velocities set for group Wheg_Group: {1: 43.7, 2: 43.7, 3: 43.7, 4: 43.7, 5: 43.7, 6: 43.7}
2024-10-29 15:22:10,752 INFO: Setting the profile velocity for group Wheg_Group from config.yaml: 10
2024-10-29 15:22:10,752 INFO: Profile velocities set for group Wheg_Group: {1: 43.7, 2: 43.7, 3: 43.7, 4: 43.7, 5: 43.7, 6: 43.7}
2024-10-29 15:22:10,754 INFO: Running set_position_group for group 'Pivot_Group' with positions: 180
2024-10-29 15:22:10,757 INFO: Initialised turn mode, waiting for 3 seconds
2024-10-29 15:22:13,758 INFO: Setting operating mode 'multi_turn' for group 'Wheg_Group'
2024-10-29 15:22:13,759 INFO: Disabling torque for group Wheg_Group
2024-10-29 15:22:13,760 INFO: Enabling torque for group Wheg_Group
2024-10-29 15:22:13,761 INFO: Setting the profile velocity for group Wheg_Group from config.yaml: 10
2024-10-29 15:22:13,762 INFO: Profile velocities set for group Wheg_Group: {1: 43.7, 2: 43.7, 3: 43.7, 4: 43.7, 5: 43.7, 6: 43.7}
2024-10-29 15:22:13,762 INFO: Setting the profile velocity for group Wheg_Group from config.yaml: 10
2024-10-29 15:22:13,763 INFO: Profile velocities set for group Wheg_Group: {1: 43.7, 2: 43.7, 3: 43.7, 4: 43.7, 5: 43.7, 6: 43.7}
2024-10-29 15:22:13,764 INFO: Turn mode activated.
2024-10-29 15:22:14,164 INFO: Running set_position_group for group 'Wheg_Group' with positions: {1: 165, 2: 195, 3: 165, 4: 195, 5: 165, 6: 195}
2024-10-29 15:22:14,169 WARNING: Motor 1 is not in Position Control Mode. Setting mode now.
2024-10-29 15:22:14,170 INFO: Setting operating mode 'position' for group 'Wheg_Group'
2024-10-29 15:22:14,170 INFO: Disabling torque for group Wheg_Group
2024-10-29 15:22:14,171 INFO: Enabling torque for group Wheg_Group
2024-10-29 15:22:14,172 INFO: Setting the profile velocity for group Wheg_Group from config.yaml: 10
2024-10-29 15:22:14,173 INFO: Profile velocities set for group Wheg_Group: {1: 43.7, 2: 43.7, 3: 43.7, 4: 43.7, 5: 43.7, 6: 43.7}
2024-10-29 15:22:14,173 INFO: Setting the profile velocity for group Wheg_Group from config.yaml: 10
2024-10-29 15:22:14,174 INFO: Profile velocities set for group Wheg_Group: {1: 43.7, 2: 43.7, 3: 43.7, 4: 43.7, 5: 43.7, 6: 43.7}
2024-10-29 15:22:14,180 WARNING: Motors are not in the correct positions for Gait 4. Positions: {1: 161.630859375, 2: 194.501953125, 3: 186.50390625, 4: 161.19140625, 5: 192.919921875, 6: 165.5859375}
2024-10-29 15:22:14,181 WARNING: Waiting for 1 second before checking for movement
2024-10-29 15:22:14,287 INFO: Motors are moving. Continuing with the gait.
2024-10-29 15:22:14,801 WARNING: Motors are not in the correct positions for Gait 4. Positions: {1: 162.59765625, 2: 195.029296875, 3: 182.8125, 4: 191.07421875, 5: 169.1015625, 6: 194.23828125}
2024-10-29 15:22:14,802 WARNING: Waiting for 1 second before checking for movement
2024-10-29 15:22:14,908 CRITICAL: Motors are not moving, reseting positions, and waiting for 3 seconds.
2024-10-29 15:22:14,909 INFO: Running set_position_group for group 'Wheg_Group' with positions: {1: 165, 2: 195, 3: 165, 4: 195, 5: 165, 6: 195}
2024-10-29 15:22:17,915 INFO: Setting operating mode 'multi_turn' for group 'Wheg_Group'
2024-10-29 15:22:17,915 INFO: Disabling torque for group Wheg_Group
2024-10-29 15:22:17,916 INFO: Enabling torque for group Wheg_Group
2024-10-29 15:22:17,917 INFO: Setting the profile velocity for group Wheg_Group from config.yaml: 10
2024-10-29 15:22:17,918 INFO: Profile velocities set for group Wheg_Group: {1: 43.7, 2: 43.7, 3: 43.7, 4: 43.7, 5: 43.7, 6: 43.7}
2024-10-29 15:22:17,918 INFO: Setting the profile velocity for group Wheg_Group from config.yaml: 10
2024-10-29 15:22:17,919 INFO: Profile velocities set for group Wheg_Group: {1: 43.7, 2: 43.7, 3: 43.7, 4: 43.7, 5: 43.7, 6: 43.7}
2024-10-29 15:22:17,920 INFO: Profile velocities set for group Wheg_Group: {1: 6.220795288085938, 2: 68.42874816894532, 3: 6.220795288085938, 4: 68.42874816894532, 5: 6.220795288085938, 6: 68.42874816894532}
2024-10-29 15:22:17,921 INFO: Incrementing motor positions by {1: -30, 2: -330, 3: -30, 4: 330, 5: 30, 6: 330} degrees for group 'Wheg_Group'
2024-10-29 15:22:17,931 INFO: Gait 4 step executed at 1.42RPM, wait for -3.49 seconds
2024-10-29 15:22:17,944 INFO: Profile velocities set for group Wheg_Group: {1: 116.49874816894531, 2: 10.590795288085937, 3: 116.49874816894531, 4: 10.590795288085937, 5: 116.49874816894531, 6: 10.590795288085937}
2024-10-29 15:22:17,945 INFO: Incrementing motor positions by {1: -330, 2: -30, 3: -330, 4: 30, 5: 330, 6: 30} degrees for group 'Wheg_Group'
2024-10-29 15:22:17,955 INFO: Gait 4 step executed at 2.42RPM, wait for -2.04 seconds
2024-10-29 15:22:17,968 WARNING: Motors are not in the correct positions for Gait 4. Positions: {1: 161.630859375, 2: 195.205078125, 3: 186.240234375, 4: 191.337890625, 5: 169.716796875, 6: 195.029296875}
2024-10-29 15:22:17,969 WARNING: Waiting for 1 second before checking for movement
2024-10-29 15:22:18,103 INFO: Motors are moving. Continuing with the gait.
2024-10-29 15:22:18,644 WARNING: Motors are not in the correct positions for Gait 4. Positions: {1: 60.1171875, 2: 193.623046875, 3: 180.52734375, 4: 200.56640625, 5: 272.548828125, 6: 204.609375}
2024-10-29 15:22:18,645 WARNING: Waiting for 1 second before checking for movement
2024-10-29 15:22:18,751 INFO: Motors are moving. Continuing with the gait.
2024-10-29 15:22:19,276 WARNING: Motors are not in the correct positions for Gait 4. Positions: {1: 254.69140625, 2: 190.37109375, 3: 180.439453125, 4: 211.904296875, 5: 14.88671875, 6: 213.662109375}
2024-10-29 15:22:19,279 WARNING: Waiting for 1 second before checking for movement
2024-10-29 15:22:19,386 INFO: Motors are moving. Continuing with the gait.
2024-10-29 15:22:19,900 WARNING: Motors are not in the correct positions for Gait 4. Positions: {1: 154.408203125, 2: 179.384765625, 3: 179.912109375, 4: 221.1328125, 5: 112.708984375, 6: 222.978515625}
2024-10-29 15:22:19,901 WARNING: Waiting for 1 second before checking for movement
2024-10-29 15:22:20,007 INFO: Motors are moving. Continuing with the gait.
2024-10-29 15:22:20,525 WARNING: Motors are not in the correct positions for Gait 4. Positions: {1: 129.7109375, 2: 170.595703125, 3: 178.06640625, 4: 222.890625, 5: 126.5078125, 6: 224.208984375}
2024-10-29 15:22:20,526 WARNING: Waiting for 1 second before checking for movement
2024-10-29 15:22:20,632 CRITICAL: Motors are not moving, reseting positions, and waiting for 3 seconds.
2024-10-29 15:22:20,633 INFO: Running set_position_group for group 'Wheg_Group' with positions: {1: 165, 2: 195, 3: 165, 4: 195, 5: 165, 6: 195}
2024-10-29 15:22:20,638 WARNING: Motor 1 is not in Position Control Mode. Setting mode now.
2024-10-29 15:22:20,639 INFO: Setting operating mode 'position' for group 'Wheg_Group'
2024-10-29 15:22:20,640 INFO: Disabling torque for group Wheg_Group
2024-10-29 15:22:20,641 INFO: Enabling torque for group Wheg_Group
2024-10-29 15:22:20,641 INFO: Setting the profile velocity for group Wheg_Group from config.yaml: 10
2024-10-29 15:22:20,642 INFO: Profile velocities set for group Wheg_Group: {1: 43.7, 2: 43.7, 3: 43.7, 4: 43.7, 5: 43.7, 6: 43.7}
2024-10-29 15:22:20,643 INFO: Setting the profile velocity for group Wheg_Group from config.yaml: 10
2024-10-29 15:22:20,643 INFO: Profile velocities set for group Wheg_Group: {1: 43.7, 2: 43.7, 3: 43.7, 4: 43.7, 5: 43.7, 6: 43.7}
2024-10-29 15:22:23,645 INFO: Setting operating mode 'multi_turn' for group 'Wheg_Group'
2024-10-29 15:22:23,645 INFO: Disabling torque for group Wheg_Group
2024-10-29 15:22:23,647 INFO: Enabling torque for group Wheg_Group
2024-10-29 15:22:23,648 INFO: Setting the profile velocity for group Wheg_Group from config.yaml: 10
2024-10-29 15:22:23,648 INFO: Profile velocities set for group Wheg_Group: {1: 43.7, 2: 43.7, 3: 43.7, 4: 43.7, 5: 43.7, 6: 43.7}
2024-10-29 15:22:23,649 INFO: Setting the profile velocity for group Wheg_Group from config.yaml: 10
2024-10-29 15:22:23,650 INFO: Profile velocities set for group Wheg_Group: {1: 43.7, 2: 43.7, 3: 43.7, 4: 43.7, 5: 43.7, 6: 43.7}
2024-10-29 15:22:23,651 INFO: Profile velocities set for group Wheg_Group: {1: 10.607865600585939, 2: 116.68652160644531, 3: 10.607865600585939, 4: 116.68652160644531, 5: 10.607865600585939, 6: 116.68652160644531}
2024-10-29 15:22:23,652 INFO: Incrementing motor positions by {1: -30, 2: -330, 3: -30, 4: 330, 5: 30, 6: 330} degrees for group 'Wheg_Group'
2024-10-29 15:22:23,662 INFO: Gait 4 step executed at 2.43RPM, wait for -2.03 seconds
2024-10-29 15:22:23,675 INFO: Profile velocities set for group Wheg_Group: {1: 116.68652160644531, 2: 10.607865600585939, 3: 116.68652160644531, 4: 10.607865600585939, 5: 116.68652160644531, 6: 10.607865600585939}
2024-10-29 15:22:23,676 INFO: Incrementing motor positions by {1: -330, 2: -30, 3: -330, 4: 30, 5: 330, 6: 30} degrees for group 'Wheg_Group'
2024-10-29 15:22:23,686 INFO: Gait 4 step executed at 2.43RPM, wait for -2.03 seconds
2024-10-29 15:22:23,699 WARNING: Motors are not in the correct positions for Gait 4. Positions: {1: 172.177734375, 2: 191.42578125, 3: 178.857421875, 4: 202.1484375, 5: 153.45703125, 6: 200.478515625}
2024-10-29 15:22:23,700 WARNING: Waiting for 1 second before checking for movement
2024-10-29 15:22:23,836 INFO: Motors are moving. Continuing with the gait.
2024-10-29 15:22:24,385 WARNING: Motors are not in the correct positions for Gait 4. Positions: {1: 67.060546875, 2: 189.4921875, 3: 174.638671875, 4: 213.75, 5: 260.15625, 6: 212.255859375}
2024-10-29 15:22:24,386 WARNING: Waiting for 1 second before checking for movement
2024-10-29 15:22:24,495 INFO: Motors are moving. Continuing with the gait.
2024-10-29 15:22:25,010 WARNING: Motors are not in the correct positions for Gait 4. Positions: {1: 263.216796875, 2: 181.0546875, 3: 174.638671875, 4: 223.330078125, 5: 0.736328125, 6: 220.869140625}
2024-10-29 15:22:25,011 WARNING: Waiting for 1 second before checking for movement
2024-10-29 15:22:25,117 INFO: Motors are moving. Continuing with the gait.
2024-10-29 15:22:25,634 WARNING: Motors are not in the correct positions for Gait 4. Positions: {1: 166.185546875, 2: 166.11328125, 3: 174.638671875, 4: 231.85546875, 5: 98.998046875, 6: 229.74609375}
2024-10-29 15:22:25,635 WARNING: Waiting for 1 second before checking for movement
2024-10-29 15:22:25,740 INFO: Motors are moving. Continuing with the gait.
2024-10-29 15:22:26,260 WARNING: Motors are not in the correct positions for Gait 4. Positions: {1: 147.46484375, 2: 164.53125, 3: 174.55078125, 4: 231.943359375, 5: 109.45703125, 6: 229.921875}
2024-10-29 15:22:26,261 WARNING: Waiting for 1 second before checking for movement
2024-10-29 15:22:26,368 CRITICAL: Motors are not moving, reseting positions, and waiting for 3 seconds.
2024-10-29 15:22:26,369 INFO: Running set_position_group for group 'Wheg_Group' with positions: {1: 165, 2: 195, 3: 165, 4: 195, 5: 165, 6: 195}
2024-10-29 15:22:26,374 WARNING: Motor 1 is not in Position Control Mode. Setting mode now.
2024-10-29 15:22:26,375 INFO: Setting operating mode 'position' for group 'Wheg_Group'
2024-10-29 15:22:26,375 INFO: Disabling torque for group Wheg_Group
2024-10-29 15:22:26,376 INFO: Enabling torque for group Wheg_Group
2024-10-29 15:22:26,377 INFO: Setting the profile velocity for group Wheg_Group from config.yaml: 10
2024-10-29 15:22:26,377 INFO: Profile velocities set for group Wheg_Group: {1: 43.7, 2: 43.7, 3: 43.7, 4: 43.7, 5: 43.7, 6: 43.7}
2024-10-29 15:22:26,378 INFO: Setting the profile velocity for group Wheg_Group from config.yaml: 10
2024-10-29 15:22:26,379 INFO: Profile velocities set for group Wheg_Group: {1: 43.7, 2: 43.7, 3: 43.7, 4: 43.7, 5: 43.7, 6: 43.7}
2024-10-29 15:22:29,381 INFO: Setting operating mode 'multi_turn' for group 'Wheg_Group'
2024-10-29 15:22:29,382 INFO: Disabling torque for group Wheg_Group
2024-10-29 15:22:29,383 INFO: Enabling torque for group Wheg_Group
2024-10-29 15:22:29,384 INFO: Setting the profile velocity for group Wheg_Group from config.yaml: 10
2024-10-29 15:22:29,386 INFO: Profile velocities set for group Wheg_Group: {1: 43.7, 2: 43.7, 3: 43.7, 4: 43.7, 5: 43.7, 6: 43.7}
2024-10-29 15:22:29,388 INFO: Setting the profile velocity for group Wheg_Group from config.yaml: 10
2024-10-29 15:22:29,389 INFO: Profile velocities set for group Wheg_Group: {1: 43.7, 2: 43.7, 3: 43.7, 4: 43.7, 5: 43.7, 6: 43.7}
2024-10-29 15:22:29,390 INFO: Profile velocities set for group Wheg_Group: {1: 10.642139587402344, 2: 117.06353546142579, 3: 10.642139587402344, 4: 117.06353546142579, 5: 10.642139587402344, 6: 117.06353546142579}
2024-10-29 15:22:29,390 INFO: Incrementing motor positions by {1: -30, 2: -330, 3: -30, 4: 330, 5: 30, 6: 330} degrees for group 'Wheg_Group'
2024-10-29 15:22:29,401 INFO: Gait 4 step executed at 2.44RPM, wait for -2.03 seconds
2024-10-29 15:22:32,547 INFO: Profile velocities set for group Wheg_Group: {1: 60.51145721435547, 2: 5.501041564941406, 3: 60.51145721435547, 4: 5.501041564941406, 5: 60.51145721435547, 6: 5.501041564941406}
2024-10-29 15:22:32,548 INFO: Incrementing motor positions by {1: -330, 2: -30, 3: -330, 4: 30, 5: 330, 6: 30} degrees for group 'Wheg_Group'
2024-10-29 15:22:32,558 INFO: Gait 4 step executed at 1.26RPM, wait for -3.95 seconds
2024-10-29 15:22:32,571 WARNING: Motors are not in the correct positions for Gait 4. Positions: {1: 136.669921875, 2: 159.41796875, 3: 143.96484375, 4: 165.70703125, 5: 184.21875, 6: 169.57421875}
2024-10-29 15:22:32,572 WARNING: Waiting for 1 second before checking for movement
2024-10-29 15:22:32,713 INFO: Motors are moving. Continuing with the gait.
2024-10-29 15:22:33,263 WARNING: Motors are not in the correct positions for Gait 4. Positions: {1: 85.25390625, 2: 164.69140625, 3: 88.505859375, 4: 173.79296875, 5: 239.150390625, 6: 174.49609375}
2024-10-29 15:22:33,266 WARNING: Waiting for 1 second before checking for movement
2024-10-29 15:22:33,373 INFO: Motors are moving. Continuing with the gait.
2024-10-29 15:22:33,898 WARNING: Motors are not in the correct positions for Gait 4. Positions: {1: 33.662109375, 2: 166.185546875, 3: 37.177734375, 4: 180.208984375, 5: 291.181640625, 6: 178.626953125}
2024-10-29 15:22:33,899 WARNING: Waiting for 1 second before checking for movement
2024-10-29 15:22:34,008 INFO: Motors are moving. Continuing with the gait.
2024-10-29 15:22:34,531 WARNING: Motors are not in the correct positions for Gait 4. Positions: {1: 276.6640625, 2: 166.2734375, 3: 280.619140625, 4: 183.021484375, 5: 343.212890625, 6: 182.7578125}
2024-10-29 15:22:34,531 WARNING: Waiting for 1 second before checking for movement
2024-10-29 15:22:34,638 INFO: Motors are moving. Continuing with the gait.
2024-10-29 15:22:35,164 WARNING: Motors are not in the correct positions for Gait 4. Positions: {1: 224.193359375, 2: 166.2734375, 3: 228.32421875, 4: 188.470703125, 5: 37.03515625, 6: 186.361328125}
2024-10-29 15:22:35,165 WARNING: Waiting for 1 second before checking for movement
2024-10-29 15:22:35,273 INFO: Motors are moving. Continuing with the gait.
2024-10-29 15:22:35,799 WARNING: Motors are not in the correct positions for Gait 4. Positions: {1: 174.0078125, 2: 166.2734375, 3: 182.62109375, 4: 190.931640625, 5: 89.59375, 6: 188.998046875}
2024-10-29 15:22:35,801 WARNING: Waiting for 1 second before checking for movement
2024-10-29 15:22:35,907 INFO: Motors are moving. Continuing with the gait.
2024-10-29 15:22:36,436 WARNING: Motors are not in the correct positions for Gait 4. Positions: {1: 124.96484375, 2: 139.994140625, 3: 132.171875, 4: 192.953125, 5: 137.669921875, 6: 192.953125}
2024-10-29 15:22:36,437 WARNING: Waiting for 1 second before checking for movement
2024-10-29 15:22:36,544 INFO: Motors are moving. Continuing with the gait.
2024-10-29 15:22:37,071 WARNING: Motors are not in the correct positions for Gait 4. Positions: {1: 107.474609375, 2: 133.9296875, 3: 117.494140625, 4: 194.53515625, 5: 147.513671875, 6: 198.314453125}
2024-10-29 15:22:37,074 WARNING: Waiting for 1 second before checking for movement
2024-10-29 15:22:37,179 CRITICAL: Motors are not moving, reseting positions, and waiting for 3 seconds.
2024-10-29 15:22:37,180 INFO: Running set_position_group for group 'Wheg_Group' with positions: {1: 165, 2: 195, 3: 165, 4: 195, 5: 165, 6: 195}
2024-10-29 15:22:37,186 WARNING: Motor 1 is not in Position Control Mode. Setting mode now.
2024-10-29 15:22:37,187 INFO: Setting operating mode 'position' for group 'Wheg_Group'
2024-10-29 15:22:37,187 INFO: Disabling torque for group Wheg_Group
2024-10-29 15:22:37,188 INFO: Enabling torque for group Wheg_Group
2024-10-29 15:22:37,189 INFO: Setting the profile velocity for group Wheg_Group from config.yaml: 10
2024-10-29 15:22:37,189 INFO: Profile velocities set for group Wheg_Group: {1: 43.7, 2: 43.7, 3: 43.7, 4: 43.7, 5: 43.7, 6: 43.7}
2024-10-29 15:22:37,190 INFO: Setting the profile velocity for group Wheg_Group from config.yaml: 10
2024-10-29 15:22:37,191 INFO: Profile velocities set for group Wheg_Group: {1: 43.7, 2: 43.7, 3: 43.7, 4: 43.7, 5: 43.7, 6: 43.7}
2024-10-29 15:22:40,192 INFO: Setting operating mode 'multi_turn' for group 'Wheg_Group'
2024-10-29 15:22:40,193 INFO: Disabling torque for group Wheg_Group
2024-10-29 15:22:40,195 INFO: Enabling torque for group Wheg_Group
2024-10-29 15:22:40,197 INFO: Setting the profile velocity for group Wheg_Group from config.yaml: 10
2024-10-29 15:22:40,198 INFO: Profile velocities set for group Wheg_Group: {1: 43.7, 2: 43.7, 3: 43.7, 4: 43.7, 5: 43.7, 6: 43.7}
2024-10-29 15:22:40,199 INFO: Setting the profile velocity for group Wheg_Group from config.yaml: 10
2024-10-29 15:22:40,200 INFO: Profile velocities set for group Wheg_Group: {1: 43.7, 2: 43.7, 3: 43.7, 4: 43.7, 5: 43.7, 6: 43.7}
2024-10-29 15:22:40,201 INFO: Profile velocities set for group Wheg_Group: {1: 6.872001037597657, 2: 75.59201141357423, 3: 6.872001037597657, 4: 75.59201141357423, 5: 6.872001037597657, 6: 75.59201141357423}
2024-10-29 15:22:40,203 INFO: Incrementing motor positions by {1: -30, 2: -330, 3: -30, 4: 330, 5: 30, 6: 330} degrees for group 'Wheg_Group'
2024-10-29 15:22:40,214 INFO: Gait 4 step executed at 1.57RPM, wait for -3.15 seconds
2024-10-29 15:22:40,228 INFO: Profile velocities set for group Wheg_Group: {1: 82.37826080322266, 2: 7.488932800292969, 3: 82.37826080322266, 4: 7.488932800292969, 5: 82.37826080322266, 6: 7.488932800292969}
2024-10-29 15:22:40,229 INFO: Incrementing motor positions by {1: -330, 2: -30, 3: -330, 4: 30, 5: 330, 6: 30} degrees for group 'Wheg_Group'
2024-10-29 15:22:40,240 INFO: Gait 4 step executed at 1.71RPM, wait for -2.89 seconds
2024-10-29 15:22:40,254 WARNING: Motors are not in the correct positions for Gait 4. Positions: {1: 170.5078125, 2: 196.435546875, 3: 170.33203125, 4: 193.88671875, 5: 154.16015625, 6: 195.29296875}
2024-10-29 15:22:40,255 WARNING: Waiting for 1 second before checking for movement
2024-10-29 15:22:40,394 INFO: Motors are moving. Continuing with the gait.
2024-10-29 15:22:40,908 WARNING: Motors are not in the correct positions for Gait 4. Positions: {1: 99.140625, 2: 197.40234375, 3: 98.701171875, 4: 204.169921875, 5: 226.494140625, 6: 205.3125}
2024-10-29 15:22:40,909 WARNING: Waiting for 1 second before checking for movement
2024-10-29 15:22:41,047 INFO: Motors are moving. Continuing with the gait.
2024-10-29 15:22:41,561 WARNING: Motors are not in the correct positions for Gait 4. Positions: {1: 26.54296875, 2: 197.490234375, 3: 25.751953125, 4: 210.41015625, 5: 299.8828125, 6: 210.673828125}
2024-10-29 15:22:41,562 WARNING: Waiting for 1 second before checking for movement
2024-10-29 15:22:41,701 INFO: Motors are moving. Continuing with the gait.
2024-10-29 15:22:42,215 WARNING: Motors are not in the correct positions for Gait 4. Positions: {1: 248.01171875, 2: 197.578125, 3: 247.396484375, 4: 216.826171875, 5: 15.23828125, 6: 217.001953125}
2024-10-29 15:22:42,216 WARNING: Waiting for 1 second before checking for movement
2024-10-29 15:22:42,355 INFO: Motors are moving. Continuing with the gait.
2024-10-29 15:22:42,868 WARNING: Motors are not in the correct positions for Gait 4. Positions: {1: 173.65625, 2: 197.666015625, 3: 173.65625, 4: 223.505859375, 5: 88.71484375, 6: 223.76953125}
2024-10-29 15:22:42,869 WARNING: Waiting for 1 second before checking for movement
2024-10-29 15:22:43,009 INFO: Motors are moving. Continuing with the gait.
2024-10-29 15:22:43,523 WARNING: Motors are not in the correct positions for Gait 4. Positions: {1: 136.478515625, 2: 193.7109375, 3: 141.83984375, 4: 226.318359375, 5: 115.873046875, 6: 225.966796875}
2024-10-29 15:22:43,523 WARNING: Waiting for 1 second before checking for movement
2024-10-29 15:22:43,662 CRITICAL: Motors are not moving, reseting positions, and waiting for 3 seconds.
2024-10-29 15:22:43,663 INFO: Running set_position_group for group 'Wheg_Group' with positions: {1: 165, 2: 195, 3: 165, 4: 195, 5: 165, 6: 195}
2024-10-29 15:22:43,668 WARNING: Motor 1 is not in Position Control Mode. Setting mode now.
2024-10-29 15:22:43,668 INFO: Setting operating mode 'position' for group 'Wheg_Group'
2024-10-29 15:22:43,668 INFO: Disabling torque for group Wheg_Group
2024-10-29 15:22:43,670 INFO: Enabling torque for group Wheg_Group
2024-10-29 15:22:43,670 INFO: Setting the profile velocity for group Wheg_Group from config.yaml: 10
2024-10-29 15:22:43,672 INFO: Profile velocities set for group Wheg_Group: {1: 43.7, 2: 43.7, 3: 43.7, 4: 43.7, 5: 43.7, 6: 43.7}
2024-10-29 15:22:43,673 INFO: Setting the profile velocity for group Wheg_Group from config.yaml: 10
2024-10-29 15:22:43,674 INFO: Profile velocities set for group Wheg_Group: {1: 43.7, 2: 43.7, 3: 43.7, 4: 43.7, 5: 43.7, 6: 43.7}
2024-10-29 15:22:46,690 INFO: Setting operating mode 'multi_turn' for group 'Wheg_Group'
2024-10-29 15:22:46,693 INFO: Disabling torque for group Wheg_Group
2024-10-29 15:22:46,694 INFO: Enabling torque for group Wheg_Group
2024-10-29 15:22:46,695 INFO: Setting the profile velocity for group Wheg_Group from config.yaml: 10
2024-10-29 15:22:46,697 INFO: Profile velocities set for group Wheg_Group: {1: 43.7, 2: 43.7, 3: 43.7, 4: 43.7, 5: 43.7, 6: 43.7}
2024-10-29 15:22:46,698 INFO: Setting the profile velocity for group Wheg_Group from config.yaml: 10
2024-10-29 15:22:46,699 INFO: Profile velocities set for group Wheg_Group: {1: 43.7, 2: 43.7, 3: 43.7, 4: 43.7, 5: 43.7, 6: 43.7}
2024-10-29 15:22:46,700 INFO: Profile velocities set for group Wheg_Group: {1: 7.694576721191407, 2: 84.64034393310547, 3: 7.694576721191407, 4: 84.64034393310547, 5: 7.694576721191407, 6: 84.64034393310547}
2024-10-29 15:22:46,700 INFO: Incrementing motor positions by {1: -30, 2: -330, 3: -30, 4: 330, 5: 30, 6: 330} degrees for group 'Wheg_Group'
2024-10-29 15:22:46,713 INFO: Gait 4 step executed at 1.76RPM, wait for -2.81 seconds
2024-10-29 15:22:50,165 WARNING: Emergency stop activated! Stopping all motors asynchronously.
2024-10-29 15:22:50,168 INFO: Setting operating mode 'velocity' for group 'All_Motors'
2024-10-29 15:22:50,168 INFO: Disabling torque for group All_Motors
2024-10-29 15:22:50,170 INFO: Enabling torque for group All_Motors
2024-10-29 15:22:50,170 INFO: Setting the profile velocity for group All_Motors from config.yaml: 8
2024-10-29 15:22:50,172 INFO: Profile velocities set for group All_Motors: {1: 34.96, 2: 34.96, 3: 34.96, 4: 34.96, 5: 34.96, 6: 34.96, 7: 34.96, 8: 34.96}
2024-10-29 15:22:50,172 WARNING: Velocity limit 200 exceeds hard limit 100. Limiting to 100.
2024-10-29 15:22:50,173 INFO: Velocity limit set to 100 for group All_Motors
2024-10-29 15:22:50,174 INFO: Enabling torque for group All_Motors
2024-10-29 15:22:50,174 INFO: Setting the profile velocity for group All_Motors from config.yaml: 8
2024-10-29 15:22:50,175 INFO: Profile velocities set for group All_Motors: {1: 34.96, 2: 34.96, 3: 34.96, 4: 34.96, 5: 34.96, 6: 34.96, 7: 34.96, 8: 34.96}
2024-10-29 15:22:50,176 INFO: Target velocities set for group All_Motors: {1: 0, 2: 0, 3: 0, 4: 0, 5: 0, 6: 0, 7: 0, 8: 0}
2024-10-29 15:22:50,281 WARNING: Emergency stop activated! Stopping all motors asynchronously.
2024-10-29 15:22:50,282 INFO: Setting operating mode 'velocity' for group 'All_Motors'
2024-10-29 15:22:50,284 INFO: Disabling torque for group All_Motors
2024-10-29 15:22:50,286 INFO: Enabling torque for group All_Motors
2024-10-29 15:22:50,287 INFO: Setting the profile velocity for group All_Motors from config.yaml: 8
2024-10-29 15:22:50,288 INFO: Profile velocities set for group All_Motors: {1: 34.96, 2: 34.96, 3: 34.96, 4: 34.96, 5: 34.96, 6: 34.96, 7: 34.96, 8: 34.96}
2024-10-29 15:22:50,288 WARNING: Velocity limit 200 exceeds hard limit 100. Limiting to 100.
2024-10-29 15:22:50,289 INFO: Velocity limit set to 100 for group All_Motors
2024-10-29 15:22:50,290 INFO: Enabling torque for group All_Motors
2024-10-29 15:22:50,290 INFO: Setting the profile velocity for group All_Motors from config.yaml: 8
2024-10-29 15:22:50,291 INFO: Profile velocities set for group All_Motors: {1: 34.96, 2: 34.96, 3: 34.96, 4: 34.96, 5: 34.96, 6: 34.96, 7: 34.96, 8: 34.96}
2024-10-29 15:22:50,292 INFO: Target velocities set for group All_Motors: {1: 0, 2: 0, 3: 0, 4: 0, 5: 0, 6: 0, 7: 0, 8: 0}
2024-10-29 15:22:53,598 INFO: Initiating safe shutdown...
2024-10-29 15:22:53,599 INFO: Setting operating mode 'velocity' for group 'All_Motors'
2024-10-29 15:22:53,600 INFO: Disabling torque for group All_Motors
2024-10-29 15:22:53,602 INFO: Enabling torque for group All_Motors
2024-10-29 15:22:53,603 INFO: Setting the profile velocity for group All_Motors from config.yaml: 8
2024-10-29 15:22:53,604 INFO: Profile velocities set for group All_Motors: {1: 34.96, 2: 34.96, 3: 34.96, 4: 34.96, 5: 34.96, 6: 34.96, 7: 34.96, 8: 34.96}
2024-10-29 15:22:53,604 WARNING: Velocity limit 200 exceeds hard limit 100. Limiting to 100.
2024-10-29 15:22:53,605 INFO: Velocity limit set to 100 for group All_Motors
2024-10-29 15:22:53,606 INFO: Enabling torque for group All_Motors
2024-10-29 15:22:53,606 INFO: Setting the profile velocity for group All_Motors from config.yaml: 8
2024-10-29 15:22:53,608 INFO: Profile velocities set for group All_Motors: {1: 34.96, 2: 34.96, 3: 34.96, 4: 34.96, 5: 34.96, 6: 34.96, 7: 34.96, 8: 34.96}
2024-10-29 15:22:53,609 INFO: Target velocities set for group All_Motors: {1: 0, 2: 0, 3: 0, 4: 0, 5: 0, 6: 0, 7: 0, 8: 0}
2024-10-29 15:22:53,609 INFO: Running set_position_group for group 'All_Motors' with positions: 180
2024-10-29 15:22:53,617 WARNING: Motor 1 is not in Position Control Mode. Setting mode now.
2024-10-29 15:22:53,617 INFO: Setting operating mode 'position' for group 'All_Motors'
2024-10-29 15:22:53,618 INFO: Disabling torque for group All_Motors
2024-10-29 15:22:53,619 INFO: Enabling torque for group All_Motors
2024-10-29 15:22:53,620 INFO: Setting the profile velocity for group All_Motors from config.yaml: 8
2024-10-29 15:22:53,621 INFO: Profile velocities set for group All_Motors: {1: 34.96, 2: 34.96, 3: 34.96, 4: 34.96, 5: 34.96, 6: 34.96, 7: 34.96, 8: 34.96}
2024-10-29 15:22:53,622 INFO: Setting the profile velocity for group All_Motors from config.yaml: 8
2024-10-29 15:22:53,622 INFO: Profile velocities set for group All_Motors: {1: 34.96, 2: 34.96, 3: 34.96, 4: 34.96, 5: 34.96, 6: 34.96, 7: 34.96, 8: 34.96}
2024-10-29 15:22:53,624 INFO: Closing PS4Controller and quitting pygame
2024-10-29 15:22:53,710 INFO: Port closed successfully.
2024-10-29 15:22:53,711 INFO: Shutdown complete.
