2024-10-29 13:48:01,675 INFO: Initializing PS4Controller
2024-10-29 13:48:01,977 INFO: Configuration loaded successfully
2024-10-29 13:48:01,980 INFO: Port /dev/ttyACM0 opened successfully
2024-10-29 13:48:01,990 INFO: Baudrate set to 1000000
2024-10-29 13:48:01,991 INFO: Control table loaded successfully.
2024-10-29 13:48:01,991 INFO: Motor group 'Pivot_Group' created with motors: [7, 8]
2024-10-29 13:48:01,992 INFO: Motor group 'Wheg_Group' created with motors: [1, 2, 3, 4, 5, 6]
2024-10-29 13:48:01,992 INFO: Motor group 'All_Motors' created with motors: [1, 2, 3, 4, 5, 6, 7, 8]
2024-10-29 13:48:01,992 INFO: Motor group 'Left_Whegs' created with motors: [1, 2, 3]
2024-10-29 13:48:01,993 INFO: Motor group 'Right_Whegs' created with motors: [4, 5, 6]
2024-10-29 13:48:01,993 INFO: Motor group 'Front_Whegs' created with motors: [3, 6]
2024-10-29 13:48:01,994 INFO: Motor group 'Rear_Whegs' created with motors: [1, 4]
2024-10-29 13:48:01,994 INFO: Motor group 'Middle_Whegs' created with motors: [2, 5]
2024-10-29 13:48:01,994 INFO: Motor group 'Two_Right_One_Left' created with motors: [2, 4, 6]
2024-10-29 13:48:01,995 INFO: Motor group 'Two_Left_One_Right' created with motors: [5, 1, 3]
2024-10-29 13:48:01,995 INFO: Initialised PS4 controller, Dynamixel, and Robot State
2024-10-29 13:48:02,157 INFO: Disabling torque for group Right_Whegs
2024-10-29 13:48:02,159 INFO: Drive mode set for group Right_Whegs with reverse_direction=True
2024-10-29 13:48:02,161 INFO: Enabling torque for group Right_Whegs
2024-10-29 13:48:02,162 INFO: Setting the profile velocity for group Right_Whegs from config.yaml: None
2024-10-29 13:48:02,163 ERROR: Profile velocity for group Right_Whegs not found in config.yaml and no value was provided.
2024-10-29 13:48:02,164 INFO: Profile velocities set for group Right_Whegs: {4: 21.85, 5: 21.85, 6: 21.85}
2024-10-29 13:48:02,164 INFO: Disabling torque for group Left_Whegs
2024-10-29 13:48:02,165 INFO: Drive mode set for group Left_Whegs with reverse_direction=False
2024-10-29 13:48:02,165 INFO: Enabling torque for group Left_Whegs
2024-10-29 13:48:02,166 INFO: Setting the profile velocity for group Left_Whegs from config.yaml: None
2024-10-29 13:48:02,166 ERROR: Profile velocity for group Left_Whegs not found in config.yaml and no value was provided.
2024-10-29 13:48:02,167 INFO: Profile velocities set for group Left_Whegs: {1: 21.85, 2: 21.85, 3: 21.85}
2024-10-29 13:48:02,167 INFO: Set the right side whegs to reverse direction
2024-10-29 13:48:02,168 INFO: Disabling torque for group Pivot_Group
2024-10-29 13:48:02,169 INFO: Drive mode set for group Pivot_Group with reverse_direction=False
2024-10-29 13:48:02,169 INFO: Enabling torque for group Pivot_Group
2024-10-29 13:48:02,170 INFO: Setting the profile velocity for group Pivot_Group from config.yaml: 4
2024-10-29 13:48:02,171 INFO: Profile velocities set for group Pivot_Group: {7: 17.48, 8: 17.48}
2024-10-29 13:48:02,173 INFO: Position limits set for group Pivot_Group: min=45° (ticks=511), max=315° (ticks=3583)
2024-10-29 13:48:02,173 INFO: Set position limits for the pivot motors
2024-10-29 13:48:02,184 INFO: Initialising Gait 1
2024-10-29 13:48:02,184 INFO: Running set_position_group for group 'Wheg_Group' with positions: 180
2024-10-29 13:48:02,190 INFO: Running set_position_group for group 'Pivot_Group' with positions: 180
2024-10-29 13:48:02,193 INFO: Initialised Gait 1, waiting for 3 seconds
2024-10-29 13:48:02,194 ERROR: Error controlling pivots: 'dpad_down'
2024-10-29 13:48:05,220 INFO: Setting operating mode 'multi_turn' for group 'Wheg_Group'
2024-10-29 13:48:05,221 INFO: Disabling torque for group Wheg_Group
2024-10-29 13:48:05,224 INFO: Enabling torque for group Wheg_Group
2024-10-29 13:48:05,227 INFO: Setting the profile velocity for group Wheg_Group from config.yaml: 10
2024-10-29 13:48:05,228 INFO: Profile velocities set for group Wheg_Group: {1: 43.7, 2: 43.7, 3: 43.7, 4: 43.7, 5: 43.7, 6: 43.7}
2024-10-29 13:48:05,229 INFO: Setting the profile velocity for group Wheg_Group from config.yaml: 10
2024-10-29 13:48:05,230 INFO: Profile velocities set for group Wheg_Group: {1: 43.7, 2: 43.7, 3: 43.7, 4: 43.7, 5: 43.7, 6: 43.7}
2024-10-29 13:48:05,231 INFO: New gait 1 is now active.
2024-10-29 13:48:30,488 INFO: Triangle pressed. Preparing to change to next gait: 2
2024-10-29 13:48:30,499 INFO: Initialising Gait 2
2024-10-29 13:48:30,500 INFO: Running set_position_group for group 'Wheg_Group' with positions: {1: 160, 2: 200, 3: 160, 4: 200, 5: 160, 6: 200}
2024-10-29 13:48:30,506 WARNING: Motor 1 is not in Position Control Mode. Setting mode now.
2024-10-29 13:48:30,507 INFO: Setting operating mode 'position' for group 'Wheg_Group'
2024-10-29 13:48:30,508 INFO: Disabling torque for group Wheg_Group
2024-10-29 13:48:30,508 INFO: Enabling torque for group Wheg_Group
2024-10-29 13:48:30,509 INFO: Setting the profile velocity for group Wheg_Group from config.yaml: 10
2024-10-29 13:48:30,510 INFO: Profile velocities set for group Wheg_Group: {1: 43.7, 2: 43.7, 3: 43.7, 4: 43.7, 5: 43.7, 6: 43.7}
2024-10-29 13:48:30,511 INFO: Setting the profile velocity for group Wheg_Group from config.yaml: 10
2024-10-29 13:48:30,511 INFO: Profile velocities set for group Wheg_Group: {1: 43.7, 2: 43.7, 3: 43.7, 4: 43.7, 5: 43.7, 6: 43.7}
2024-10-29 13:48:30,512 INFO: Running set_position_group for group 'Pivot_Group' with positions: 180
2024-10-29 13:48:30,515 INFO: Initialised Gait 2, waiting for 3 seconds
2024-10-29 13:48:30,669 INFO: Triangle pressed. Preparing to change to next gait: 2
2024-10-29 13:48:33,524 INFO: Setting operating mode 'multi_turn' for group 'Wheg_Group'
2024-10-29 13:48:33,525 INFO: Disabling torque for group Wheg_Group
2024-10-29 13:48:33,528 INFO: Enabling torque for group Wheg_Group
2024-10-29 13:48:33,529 INFO: Setting the profile velocity for group Wheg_Group from config.yaml: 10
2024-10-29 13:48:33,530 INFO: Profile velocities set for group Wheg_Group: {1: 43.7, 2: 43.7, 3: 43.7, 4: 43.7, 5: 43.7, 6: 43.7}
2024-10-29 13:48:33,531 INFO: Setting the profile velocity for group Wheg_Group from config.yaml: 10
2024-10-29 13:48:33,532 INFO: Profile velocities set for group Wheg_Group: {1: 43.7, 2: 43.7, 3: 43.7, 4: 43.7, 5: 43.7, 6: 43.7}
2024-10-29 13:48:33,532 INFO: New gait 2 is now active.
2024-10-29 13:48:50,948 INFO: Triangle pressed. Preparing to change to next gait: 3
2024-10-29 13:48:50,958 INFO: Initialsing Gait 3
2024-10-29 13:48:50,959 INFO: Running set_position_group for group 'Wheg_Group' with positions: {1: 200, 2: 160, 3: 160, 4: 200, 5: 160, 6: 160}
2024-10-29 13:48:50,964 WARNING: Motor 1 is not in Position Control Mode. Setting mode now.
2024-10-29 13:48:50,964 INFO: Setting operating mode 'position' for group 'Wheg_Group'
2024-10-29 13:48:50,965 INFO: Disabling torque for group Wheg_Group
2024-10-29 13:48:50,966 INFO: Enabling torque for group Wheg_Group
2024-10-29 13:48:50,967 INFO: Setting the profile velocity for group Wheg_Group from config.yaml: 10
2024-10-29 13:48:50,968 INFO: Profile velocities set for group Wheg_Group: {1: 43.7, 2: 43.7, 3: 43.7, 4: 43.7, 5: 43.7, 6: 43.7}
2024-10-29 13:48:50,968 INFO: Setting the profile velocity for group Wheg_Group from config.yaml: 10
2024-10-29 13:48:50,969 INFO: Profile velocities set for group Wheg_Group: {1: 43.7, 2: 43.7, 3: 43.7, 4: 43.7, 5: 43.7, 6: 43.7}
2024-10-29 13:48:50,970 INFO: Running set_position_group for group 'Pivot_Group' with positions: 180
2024-10-29 13:48:50,973 INFO: Initialised Gait 3, waiting for 3 seconds
2024-10-29 13:48:53,974 INFO: Setting operating mode 'multi_turn' for group 'Wheg_Group'
2024-10-29 13:48:53,974 INFO: Disabling torque for group Wheg_Group
2024-10-29 13:48:53,975 INFO: Enabling torque for group Wheg_Group
2024-10-29 13:48:53,976 INFO: Setting the profile velocity for group Wheg_Group from config.yaml: 10
2024-10-29 13:48:53,977 INFO: Profile velocities set for group Wheg_Group: {1: 43.7, 2: 43.7, 3: 43.7, 4: 43.7, 5: 43.7, 6: 43.7}
2024-10-29 13:48:53,977 INFO: Setting the profile velocity for group Wheg_Group from config.yaml: 10
2024-10-29 13:48:53,978 INFO: Profile velocities set for group Wheg_Group: {1: 43.7, 2: 43.7, 3: 43.7, 4: 43.7, 5: 43.7, 6: 43.7}
2024-10-29 13:48:53,978 INFO: New gait 3 is now active.
2024-10-29 13:48:55,756 INFO: Profile velocities set for group Wheg_Group: {1: 43.7, 2: 43.7, 3: 43.7, 4: 43.7, 5: 43.7, 6: 43.7}
2024-10-29 13:48:55,757 INFO: Incrementing motor positions by {1: 320, 2: 40, 3: 0, 4: 320, 5: 40, 6: 0} degrees for group 'Wheg_Group'
2024-10-29 13:48:55,767 INFO: Gait 3 step executed at 10.00 RPM, wait for 5.36 seconds
2024-10-29 13:49:01,151 INFO: Profile velocities set for group Wheg_Group: {1: 61.18, 2: 61.18, 3: 61.18, 4: 61.18, 5: 61.18, 6: 61.18}
2024-10-29 13:49:01,152 INFO: Incrementing motor positions by {1: 0, 2: 320, 3: 40, 4: 0, 5: 320, 6: 40} degrees for group 'Wheg_Group'
2024-10-29 13:49:01,163 INFO: Gait 3 step executed at 14.00 RPM, wait for 3.83 seconds
2024-10-29 13:49:01,739 WARNING: Emergency stop activated! Stopping all motors asynchronously.
2024-10-29 13:49:01,740 INFO: Setting operating mode 'velocity' for group 'All_Motors'
2024-10-29 13:49:01,742 INFO: Disabling torque for group All_Motors
2024-10-29 13:49:01,745 INFO: Enabling torque for group All_Motors
2024-10-29 13:49:01,746 INFO: Setting the profile velocity for group All_Motors from config.yaml: 8
2024-10-29 13:49:01,747 INFO: Profile velocities set for group All_Motors: {1: 34.96, 2: 34.96, 3: 34.96, 4: 34.96, 5: 34.96, 6: 34.96, 7: 34.96, 8: 34.96}
2024-10-29 13:49:01,747 WARNING: Velocity limit 200 exceeds hard limit 100. Limiting to 100.
2024-10-29 13:49:01,748 INFO: Velocity limit set to 100 for group All_Motors
2024-10-29 13:49:01,749 INFO: Enabling torque for group All_Motors
2024-10-29 13:49:01,749 INFO: Setting the profile velocity for group All_Motors from config.yaml: 8
2024-10-29 13:49:01,750 INFO: Profile velocities set for group All_Motors: {1: 34.96, 2: 34.96, 3: 34.96, 4: 34.96, 5: 34.96, 6: 34.96, 7: 34.96, 8: 34.96}
2024-10-29 13:49:01,751 INFO: Target velocities set for group All_Motors: {1: 0, 2: 0, 3: 0, 4: 0, 5: 0, 6: 0, 7: 0, 8: 0}
2024-10-29 13:49:02,383 INFO: Triangle pressed. Preparing to change to next gait: 1
2024-10-29 13:49:03,630 INFO: Emergency Stop Deactivated. Resuming control...
2024-10-29 13:49:05,018 INFO: Initialising Gait 1
2024-10-29 13:49:05,018 INFO: Running set_position_group for group 'Wheg_Group' with positions: 180
2024-10-29 13:49:05,023 WARNING: Motor 1 is not in Position Control Mode. Setting mode now.
2024-10-29 13:49:05,024 INFO: Setting operating mode 'position' for group 'Wheg_Group'
2024-10-29 13:49:05,024 INFO: Disabling torque for group Wheg_Group
2024-10-29 13:49:05,025 INFO: Enabling torque for group Wheg_Group
2024-10-29 13:49:05,026 INFO: Setting the profile velocity for group Wheg_Group from config.yaml: 10
2024-10-29 13:49:05,027 INFO: Profile velocities set for group Wheg_Group: {1: 43.7, 2: 43.7, 3: 43.7, 4: 43.7, 5: 43.7, 6: 43.7}
2024-10-29 13:49:05,027 INFO: Setting the profile velocity for group Wheg_Group from config.yaml: 10
2024-10-29 13:49:05,028 INFO: Profile velocities set for group Wheg_Group: {1: 43.7, 2: 43.7, 3: 43.7, 4: 43.7, 5: 43.7, 6: 43.7}
2024-10-29 13:49:05,029 INFO: Running set_position_group for group 'Pivot_Group' with positions: 180
2024-10-29 13:49:05,032 WARNING: Motor 7 is not in Position Control Mode. Setting mode now.
2024-10-29 13:49:05,033 INFO: Setting operating mode 'position' for group 'Pivot_Group'
2024-10-29 13:49:05,033 INFO: Disabling torque for group Pivot_Group
2024-10-29 13:49:05,034 INFO: Enabling torque for group Pivot_Group
2024-10-29 13:49:05,034 INFO: Setting the profile velocity for group Pivot_Group from config.yaml: 4
2024-10-29 13:49:05,035 INFO: Profile velocities set for group Pivot_Group: {7: 17.48, 8: 17.48}
2024-10-29 13:49:05,036 INFO: Setting the profile velocity for group Pivot_Group from config.yaml: 4
2024-10-29 13:49:05,037 INFO: Profile velocities set for group Pivot_Group: {7: 17.48, 8: 17.48}
2024-10-29 13:49:05,037 INFO: Initialised Gait 1, waiting for 3 seconds
2024-10-29 13:49:08,039 INFO: Setting operating mode 'multi_turn' for group 'Wheg_Group'
2024-10-29 13:49:08,039 INFO: Disabling torque for group Wheg_Group
2024-10-29 13:49:08,041 INFO: Enabling torque for group Wheg_Group
2024-10-29 13:49:08,042 INFO: Setting the profile velocity for group Wheg_Group from config.yaml: 10
2024-10-29 13:49:08,043 INFO: Profile velocities set for group Wheg_Group: {1: 43.7, 2: 43.7, 3: 43.7, 4: 43.7, 5: 43.7, 6: 43.7}
2024-10-29 13:49:08,044 INFO: Setting the profile velocity for group Wheg_Group from config.yaml: 10
2024-10-29 13:49:08,046 INFO: Profile velocities set for group Wheg_Group: {1: 43.7, 2: 43.7, 3: 43.7, 4: 43.7, 5: 43.7, 6: 43.7}
2024-10-29 13:49:08,049 INFO: New gait 1 is now active.
2024-10-29 13:49:09,744 INFO: Share pressed. Reversing the direction of the whegs
2024-10-29 13:49:09,760 INFO: Disabling torque for group Wheg_Group
2024-10-29 13:49:09,761 INFO: Drive mode set for group Wheg_Group with reverse_direction={1: 1, 2: 1, 3: 1, 4: 0, 5: 0, 6: 0}
2024-10-29 13:49:09,761 INFO: Enabling torque for group Wheg_Group
2024-10-29 13:49:09,762 INFO: Setting the profile velocity for group Wheg_Group from config.yaml: 10
2024-10-29 13:49:09,764 INFO: Profile velocities set for group Wheg_Group: {1: 43.7, 2: 43.7, 3: 43.7, 4: 43.7, 5: 43.7, 6: 43.7}
2024-10-29 13:49:09,765 INFO: Reversed the direction of all whegs, waiting for 3 seconds
2024-10-29 13:49:12,765 INFO: Direction of whegs reversed.
2024-10-29 13:49:12,803 INFO: Share pressed. Reversing the direction of the whegs
2024-10-29 13:49:12,813 INFO: Initialising Gait 1
2024-10-29 13:49:12,813 INFO: Running set_position_group for group 'Wheg_Group' with positions: 180
2024-10-29 13:49:12,818 WARNING: Motor 1 is not in Position Control Mode. Setting mode now.
2024-10-29 13:49:12,819 INFO: Setting operating mode 'position' for group 'Wheg_Group'
2024-10-29 13:49:12,819 INFO: Disabling torque for group Wheg_Group
2024-10-29 13:49:12,820 INFO: Enabling torque for group Wheg_Group
2024-10-29 13:49:12,821 INFO: Setting the profile velocity for group Wheg_Group from config.yaml: 10
2024-10-29 13:49:12,822 INFO: Profile velocities set for group Wheg_Group: {1: 43.7, 2: 43.7, 3: 43.7, 4: 43.7, 5: 43.7, 6: 43.7}
2024-10-29 13:49:12,822 INFO: Setting the profile velocity for group Wheg_Group from config.yaml: 10
2024-10-29 13:49:12,823 INFO: Profile velocities set for group Wheg_Group: {1: 43.7, 2: 43.7, 3: 43.7, 4: 43.7, 5: 43.7, 6: 43.7}
2024-10-29 13:49:12,824 INFO: Running set_position_group for group 'Pivot_Group' with positions: 180
2024-10-29 13:49:12,828 INFO: Initialised Gait 1, waiting for 3 seconds
2024-10-29 13:49:14,573 INFO: R3 pressed. Turning mode requested
2024-10-29 13:49:15,829 INFO: Setting operating mode 'multi_turn' for group 'Wheg_Group'
2024-10-29 13:49:15,830 INFO: Disabling torque for group Wheg_Group
2024-10-29 13:49:15,831 INFO: Enabling torque for group Wheg_Group
2024-10-29 13:49:15,832 INFO: Setting the profile velocity for group Wheg_Group from config.yaml: 10
2024-10-29 13:49:15,833 INFO: Profile velocities set for group Wheg_Group: {1: 43.7, 2: 43.7, 3: 43.7, 4: 43.7, 5: 43.7, 6: 43.7}
2024-10-29 13:49:15,833 INFO: Setting the profile velocity for group Wheg_Group from config.yaml: 10
2024-10-29 13:49:15,835 INFO: Profile velocities set for group Wheg_Group: {1: 43.7, 2: 43.7, 3: 43.7, 4: 43.7, 5: 43.7, 6: 43.7}
2024-10-29 13:49:15,835 INFO: New gait 1 is now active.
2024-10-29 13:49:15,841 INFO: Disabling torque for group Wheg_Group
2024-10-29 13:49:15,842 INFO: Drive mode set for group Wheg_Group with reverse_direction={1: 0, 2: 0, 3: 0, 4: 1, 5: 1, 6: 1}
2024-10-29 13:49:15,843 INFO: Enabling torque for group Wheg_Group
2024-10-29 13:49:15,844 INFO: Setting the profile velocity for group Wheg_Group from config.yaml: 10
2024-10-29 13:49:15,845 INFO: Profile velocities set for group Wheg_Group: {1: 43.7, 2: 43.7, 3: 43.7, 4: 43.7, 5: 43.7, 6: 43.7}
2024-10-29 13:49:15,845 INFO: Reversed the direction of all whegs, waiting for 3 seconds
2024-10-29 13:49:18,846 INFO: Direction of whegs reversed.
2024-10-29 13:49:18,847 INFO: Initialising Turn Mode
2024-10-29 13:49:18,849 INFO: Running set_position_group for group 'Wheg_Group' with positions: {1: 165, 2: 195, 3: 165, 4: 165, 5: 195, 6: 165}
2024-10-29 13:49:18,855 WARNING: Motor 1 is not in Position Control Mode. Setting mode now.
2024-10-29 13:49:18,856 INFO: Setting operating mode 'position' for group 'Wheg_Group'
2024-10-29 13:49:18,857 INFO: Disabling torque for group Wheg_Group
2024-10-29 13:49:18,859 INFO: Enabling torque for group Wheg_Group
2024-10-29 13:49:18,860 INFO: Setting the profile velocity for group Wheg_Group from config.yaml: 10
2024-10-29 13:49:18,861 INFO: Profile velocities set for group Wheg_Group: {1: 43.7, 2: 43.7, 3: 43.7, 4: 43.7, 5: 43.7, 6: 43.7}
2024-10-29 13:49:18,862 INFO: Setting the profile velocity for group Wheg_Group from config.yaml: 10
2024-10-29 13:49:18,864 INFO: Profile velocities set for group Wheg_Group: {1: 43.7, 2: 43.7, 3: 43.7, 4: 43.7, 5: 43.7, 6: 43.7}
2024-10-29 13:49:18,865 INFO: Running set_position_group for group 'Pivot_Group' with positions: 180
2024-10-29 13:49:18,870 INFO: Initialised turn mode, waiting for 3 seconds
2024-10-29 13:49:21,872 INFO: Setting operating mode 'multi_turn' for group 'Wheg_Group'
2024-10-29 13:49:21,872 INFO: Disabling torque for group Wheg_Group
2024-10-29 13:49:21,873 INFO: Enabling torque for group Wheg_Group
2024-10-29 13:49:21,874 INFO: Setting the profile velocity for group Wheg_Group from config.yaml: 10
2024-10-29 13:49:21,875 INFO: Profile velocities set for group Wheg_Group: {1: 43.7, 2: 43.7, 3: 43.7, 4: 43.7, 5: 43.7, 6: 43.7}
2024-10-29 13:49:21,875 INFO: Setting the profile velocity for group Wheg_Group from config.yaml: 10
2024-10-29 13:49:21,876 INFO: Profile velocities set for group Wheg_Group: {1: 43.7, 2: 43.7, 3: 43.7, 4: 43.7, 5: 43.7, 6: 43.7}
2024-10-29 13:49:21,877 INFO: Turn mode activated.
2024-10-29 13:49:28,795 INFO: Running set_position_group for group 'Wheg_Group' with positions: {1: 195, 2: 165, 3: 195, 4: 195, 5: 165, 6: 195}
2024-10-29 13:49:28,801 WARNING: Motor 1 is not in Position Control Mode. Setting mode now.
2024-10-29 13:49:28,801 INFO: Setting operating mode 'position' for group 'Wheg_Group'
2024-10-29 13:49:28,801 INFO: Disabling torque for group Wheg_Group
2024-10-29 13:49:28,802 INFO: Enabling torque for group Wheg_Group
2024-10-29 13:49:28,803 INFO: Setting the profile velocity for group Wheg_Group from config.yaml: 10
2024-10-29 13:49:28,803 INFO: Profile velocities set for group Wheg_Group: {1: 43.7, 2: 43.7, 3: 43.7, 4: 43.7, 5: 43.7, 6: 43.7}
2024-10-29 13:49:28,804 INFO: Setting the profile velocity for group Wheg_Group from config.yaml: 10
2024-10-29 13:49:28,805 INFO: Profile velocities set for group Wheg_Group: {1: 43.7, 2: 43.7, 3: 43.7, 4: 43.7, 5: 43.7, 6: 43.7}
2024-10-29 13:49:28,811 WARNING: Motors are not in the correct positions for Gait 4. Positions: {1: 164.00390625, 2: 190.283203125, 3: 170.33203125, 4: 168.486328125, 5: 190.8984375, 6: 165.05859375}
2024-10-29 13:49:28,812 WARNING: Waiting for 1 second before checking for movement
2024-10-29 13:49:28,917 INFO: Motors are moving. Continuing with the gait.
2024-10-29 13:49:30,167 WARNING: Motors are not in the correct positions for Gait 4. Positions: {1: 193.623046875, 2: 176.66015625, 3: 194.58984375, 4: 192.744140625, 5: 167.87109375, 6: 194.0625}
2024-10-29 13:49:30,168 WARNING: Waiting for 1 second before checking for movement
2024-10-29 13:49:30,274 CRITICAL: Motors are not moving, reseting positions, and waiting for 3 seconds.
2024-10-29 13:49:30,275 INFO: Running set_position_group for group 'Wheg_Group' with positions: {1: 195, 2: 165, 3: 195, 4: 195, 5: 165, 6: 195}
2024-10-29 13:49:33,286 INFO: Setting operating mode 'multi_turn' for group 'Wheg_Group'
2024-10-29 13:49:33,287 INFO: Disabling torque for group Wheg_Group
2024-10-29 13:49:33,289 INFO: Enabling torque for group Wheg_Group
2024-10-29 13:49:33,292 INFO: Setting the profile velocity for group Wheg_Group from config.yaml: 10
2024-10-29 13:49:33,293 INFO: Profile velocities set for group Wheg_Group: {1: 43.7, 2: 43.7, 3: 43.7, 4: 43.7, 5: 43.7, 6: 43.7}
2024-10-29 13:49:33,293 INFO: Setting the profile velocity for group Wheg_Group from config.yaml: 10
2024-10-29 13:49:33,295 INFO: Profile velocities set for group Wheg_Group: {1: 43.7, 2: 43.7, 3: 43.7, 4: 43.7, 5: 43.7, 6: 43.7}
2024-10-29 13:49:33,295 INFO: Profile velocities set for group Wheg_Group: {1: 4.541369934082032, 2: 49.95506927490234, 3: 4.541369934082032, 4: 49.95506927490234, 5: 4.541369934082032, 6: 49.95506927490234}
2024-10-29 13:49:33,296 INFO: Incrementing motor positions by {1: -30, 2: -330, 3: -30, 4: 330, 5: 30, 6: 330} degrees for group 'Wheg_Group'
2024-10-29 13:49:33,306 INFO: Gait 4 step executed at 1.04RPM, wait for -4.79 seconds
2024-10-29 13:49:33,319 INFO: Profile velocities set for group Wheg_Group: {1: 66.92069274902344, 2: 6.083699340820313, 3: 66.92069274902344, 4: 6.083699340820313, 5: 66.92069274902344, 6: 6.083699340820313}
2024-10-29 13:49:33,319 INFO: Incrementing motor positions by {1: -330, 2: -30, 3: -330, 4: 30, 5: 330, 6: 30} degrees for group 'Wheg_Group'
2024-10-29 13:49:33,330 INFO: Gait 4 step executed at 1.39RPM, wait for -3.57 seconds
2024-10-29 13:49:33,343 WARNING: Motors are not in the correct positions for Gait 4. Positions: {1: 193.359375, 2: 178.76953125, 3: 194.677734375, 4: 191.953125, 5: 168.75, 6: 194.0625}
2024-10-29 13:49:33,343 WARNING: Waiting for 1 second before checking for movement
2024-10-29 13:49:33,479 INFO: Motors are moving. Continuing with the gait.
2024-10-29 13:49:34,033 WARNING: Motors are not in the correct positions for Gait 4. Positions: {1: 133.681640625, 2: 173.935546875, 3: 134.560546875, 4: 199.248046875, 5: 227.8125, 6: 201.4453125}
2024-10-29 13:49:34,034 WARNING: Waiting for 1 second before checking for movement
2024-10-29 13:49:34,140 INFO: Motors are moving. Continuing with the gait.
2024-10-29 13:49:34,662 WARNING: Motors are not in the correct positions for Gait 4. Positions: {1: 77.607421875, 2: 174.0234375, 3: 77.783203125, 4: 205.3125, 5: 284.765625, 6: 206.630859375}
2024-10-29 13:49:34,663 WARNING: Waiting for 1 second before checking for movement
2024-10-29 13:49:34,769 INFO: Motors are moving. Continuing with the gait.
2024-10-29 13:49:35,294 WARNING: Motors are not in the correct positions for Gait 4. Positions: {1: 20.91796875, 2: 174.0234375, 3: 20.830078125, 4: 211.81640625, 5: 342.421875, 6: 212.431640625}
2024-10-29 13:49:35,295 WARNING: Waiting for 1 second before checking for movement
2024-10-29 13:49:35,402 INFO: Motors are moving. Continuing with the gait.
2024-10-29 13:49:35,925 WARNING: Motors are not in the correct positions for Gait 4. Positions: {1: 258.470703125, 2: 172.880859375, 3: 258.734375, 4: 217.6171875, 5: 41.166015625, 6: 218.3203125}
2024-10-29 13:49:35,925 WARNING: Waiting for 1 second before checking for movement
2024-10-29 13:49:36,032 INFO: Motors are moving. Continuing with the gait.
2024-10-29 13:49:36,559 WARNING: Motors are not in the correct positions for Gait 4. Positions: {1: 200.111328125, 2: 163.740234375, 3: 200.814453125, 4: 222.978515625, 5: 98.734375, 6: 224.560546875}
2024-10-29 13:49:36,559 WARNING: Waiting for 1 second before checking for movement
2024-10-29 13:49:36,666 INFO: Motors are moving. Continuing with the gait.
2024-10-29 13:49:37,192 WARNING: Motors are not in the correct positions for Gait 4. Positions: {1: 159.41796875, 2: 152.9296875, 3: 160.47265625, 4: 225.263671875, 5: 119.564453125, 6: 225.87890625}
2024-10-29 13:49:37,192 WARNING: Waiting for 1 second before checking for movement
2024-10-29 13:49:37,298 CRITICAL: Motors are not moving, reseting positions, and waiting for 3 seconds.
2024-10-29 13:49:37,298 INFO: Running set_position_group for group 'Wheg_Group' with positions: {1: 195, 2: 165, 3: 195, 4: 195, 5: 165, 6: 195}
2024-10-29 13:49:37,303 WARNING: Motor 1 is not in Position Control Mode. Setting mode now.
2024-10-29 13:49:37,304 INFO: Setting operating mode 'position' for group 'Wheg_Group'
2024-10-29 13:49:37,304 INFO: Disabling torque for group Wheg_Group
2024-10-29 13:49:37,305 INFO: Enabling torque for group Wheg_Group
2024-10-29 13:49:37,306 INFO: Setting the profile velocity for group Wheg_Group from config.yaml: 10
2024-10-29 13:49:37,307 INFO: Profile velocities set for group Wheg_Group: {1: 43.7, 2: 43.7, 3: 43.7, 4: 43.7, 5: 43.7, 6: 43.7}
2024-10-29 13:49:37,307 INFO: Setting the profile velocity for group Wheg_Group from config.yaml: 10
2024-10-29 13:49:37,308 INFO: Profile velocities set for group Wheg_Group: {1: 43.7, 2: 43.7, 3: 43.7, 4: 43.7, 5: 43.7, 6: 43.7}
2024-10-29 13:49:40,310 INFO: Setting operating mode 'multi_turn' for group 'Wheg_Group'
2024-10-29 13:49:40,311 INFO: Disabling torque for group Wheg_Group
2024-10-29 13:49:40,312 INFO: Enabling torque for group Wheg_Group
2024-10-29 13:49:40,313 INFO: Setting the profile velocity for group Wheg_Group from config.yaml: 10
2024-10-29 13:49:40,313 INFO: Profile velocities set for group Wheg_Group: {1: 43.7, 2: 43.7, 3: 43.7, 4: 43.7, 5: 43.7, 6: 43.7}
2024-10-29 13:49:40,314 INFO: Setting the profile velocity for group Wheg_Group from config.yaml: 10
2024-10-29 13:49:40,315 INFO: Profile velocities set for group Wheg_Group: {1: 43.7, 2: 43.7, 3: 43.7, 4: 43.7, 5: 43.7, 6: 43.7}
2024-10-29 13:49:40,316 INFO: Profile velocities set for group Wheg_Group: {1: 5.672411499023438, 2: 62.396526489257816, 3: 5.672411499023438, 4: 62.396526489257816, 5: 5.672411499023438, 6: 62.396526489257816}
2024-10-29 13:49:40,317 INFO: Incrementing motor positions by {1: -30, 2: -330, 3: -30, 4: 330, 5: 30, 6: 330} degrees for group 'Wheg_Group'
2024-10-29 13:49:40,327 INFO: Gait 4 step executed at 1.30RPM, wait for -3.83 seconds
2024-10-29 13:49:40,340 INFO: Profile velocities set for group Wheg_Group: {1: 63.52756805419922, 2: 5.775233459472656, 3: 63.52756805419922, 4: 5.775233459472656, 5: 63.52756805419922, 6: 5.775233459472656}
2024-10-29 13:49:40,340 INFO: Incrementing motor positions by {1: -330, 2: -30, 3: -330, 4: 30, 5: 330, 6: 30} degrees for group 'Wheg_Group'
2024-10-29 13:49:40,351 INFO: Gait 4 step executed at 1.32RPM, wait for -3.76 seconds
2024-10-29 13:49:40,364 WARNING: Motors are not in the correct positions for Gait 4. Positions: {1: 197.2265625, 2: 154.599609375, 3: 200.126953125, 4: 202.587890625, 5: 153.6328125, 6: 202.939453125}
2024-10-29 13:49:40,364 WARNING: Waiting for 1 second before checking for movement
2024-10-29 13:49:40,504 INFO: Motors are moving. Continuing with the gait.
2024-10-29 13:49:41,018 WARNING: Motors are not in the correct positions for Gait 4. Positions: {1: 145.107421875, 2: 148.623046875, 3: 147.744140625, 4: 207.158203125, 5: 198.017578125, 6: 206.89453125}
2024-10-29 13:49:41,019 WARNING: Waiting for 1 second before checking for movement
2024-10-29 13:49:41,159 INFO: Motors are moving. Continuing with the gait.
2024-10-29 13:49:41,672 WARNING: Motors are not in the correct positions for Gait 4. Positions: {1: 86.748046875, 2: 145.810546875, 3: 88.41796875, 4: 213.92578125, 5: 266.044921875, 6: 212.6953125}
2024-10-29 13:49:41,673 WARNING: Waiting for 1 second before checking for movement
2024-10-29 13:49:41,812 INFO: Motors are moving. Continuing with the gait.
2024-10-29 13:49:42,366 WARNING: Motors are not in the correct positions for Gait 4. Positions: {1: 27.509765625, 2: 142.3828125, 3: 28.828125, 4: 219.375, 5: 326.337890625, 6: 217.529296875}
2024-10-29 13:49:42,366 WARNING: Waiting for 1 second before checking for movement
2024-10-29 13:49:42,472 INFO: Motors are moving. Continuing with the gait.
2024-10-29 13:49:43,006 WARNING: Motors are not in the correct positions for Gait 4. Positions: {1: 267.083984375, 2: 141.15234375, 3: 268.75390625, 4: 224.47265625, 5: 23.5, 6: 222.099609375}
2024-10-29 13:49:43,006 WARNING: Waiting for 1 second before checking for movement
2024-10-29 13:49:43,112 INFO: Motors are moving. Continuing with the gait.
2024-10-29 13:49:43,649 WARNING: Motors are not in the correct positions for Gait 4. Positions: {1: 210.5703125, 2: 133.154296875, 3: 212.6796875, 4: 229.21875, 5: 79.22265625, 6: 227.4609375}
2024-10-29 13:49:43,649 WARNING: Waiting for 1 second before checking for movement
2024-10-29 13:49:43,755 INFO: Motors are moving. Continuing with the gait.
2024-10-29 13:49:44,292 WARNING: Motors are not in the correct positions for Gait 4. Positions: {1: 163.109375, 2: 123.310546875, 3: 165.5703125, 4: 232.03125, 5: 109.45703125, 6: 230.009765625}
2024-10-29 13:49:44,292 WARNING: Waiting for 1 second before checking for movement
2024-10-29 13:49:44,398 INFO: Motors are moving. Continuing with the gait.
2024-10-29 13:49:44,955 WARNING: Motors are not in the correct positions for Gait 4. Positions: {1: 163.28515625, 2: 118.916015625, 3: 165.5703125, 4: 235.1953125, 5: 109.45703125, 6: 232.20703125}
2024-10-29 13:49:44,956 WARNING: Waiting for 1 second before checking for movement
2024-10-29 13:49:45,062 CRITICAL: Motors are not moving, reseting positions, and waiting for 3 seconds.
2024-10-29 13:49:45,063 INFO: Running set_position_group for group 'Wheg_Group' with positions: {1: 195, 2: 165, 3: 195, 4: 195, 5: 165, 6: 195}
2024-10-29 13:49:45,068 WARNING: Motor 1 is not in Position Control Mode. Setting mode now.
2024-10-29 13:49:45,068 INFO: Setting operating mode 'position' for group 'Wheg_Group'
2024-10-29 13:49:45,069 INFO: Disabling torque for group Wheg_Group
2024-10-29 13:49:45,070 INFO: Enabling torque for group Wheg_Group
2024-10-29 13:49:45,070 INFO: Setting the profile velocity for group Wheg_Group from config.yaml: 10
2024-10-29 13:49:45,071 INFO: Profile velocities set for group Wheg_Group: {1: 43.7, 2: 43.7, 3: 43.7, 4: 43.7, 5: 43.7, 6: 43.7}
2024-10-29 13:49:45,071 INFO: Setting the profile velocity for group Wheg_Group from config.yaml: 10
2024-10-29 13:49:45,072 INFO: Profile velocities set for group Wheg_Group: {1: 43.7, 2: 43.7, 3: 43.7, 4: 43.7, 5: 43.7, 6: 43.7}
2024-10-29 13:49:48,083 INFO: Setting operating mode 'multi_turn' for group 'Wheg_Group'
2024-10-29 13:49:48,084 INFO: Disabling torque for group Wheg_Group
2024-10-29 13:49:48,086 INFO: Enabling torque for group Wheg_Group
2024-10-29 13:49:48,088 INFO: Setting the profile velocity for group Wheg_Group from config.yaml: 10
2024-10-29 13:49:48,089 INFO: Profile velocities set for group Wheg_Group: {1: 43.7, 2: 43.7, 3: 43.7, 4: 43.7, 5: 43.7, 6: 43.7}
2024-10-29 13:49:48,089 INFO: Setting the profile velocity for group Wheg_Group from config.yaml: 10
2024-10-29 13:49:48,090 INFO: Profile velocities set for group Wheg_Group: {1: 43.7, 2: 43.7, 3: 43.7, 4: 43.7, 5: 43.7, 6: 43.7}
2024-10-29 13:49:48,091 INFO: Profile velocities set for group Wheg_Group: {1: 5.432493591308594, 2: 59.75742950439453, 3: 5.432493591308594, 4: 59.75742950439453, 5: 5.432493591308594, 6: 59.75742950439453}
2024-10-29 13:49:48,091 INFO: Incrementing motor positions by {1: -30, 2: -330, 3: -30, 4: 330, 5: 30, 6: 330} degrees for group 'Wheg_Group'
2024-10-29 13:49:48,102 INFO: Gait 4 step executed at 1.24RPM, wait for -4.00 seconds
2024-10-29 13:49:49,378 WARNING: Emergency stop activated! Stopping all motors asynchronously.
2024-10-29 13:49:49,379 INFO: Setting operating mode 'velocity' for group 'All_Motors'
2024-10-29 13:49:49,380 INFO: Disabling torque for group All_Motors
2024-10-29 13:49:49,383 INFO: Enabling torque for group All_Motors
2024-10-29 13:49:49,385 INFO: Setting the profile velocity for group All_Motors from config.yaml: 8
2024-10-29 13:49:49,386 INFO: Profile velocities set for group All_Motors: {1: 34.96, 2: 34.96, 3: 34.96, 4: 34.96, 5: 34.96, 6: 34.96, 7: 34.96, 8: 34.96}
2024-10-29 13:49:49,386 WARNING: Velocity limit 200 exceeds hard limit 100. Limiting to 100.
2024-10-29 13:49:49,387 INFO: Velocity limit set to 100 for group All_Motors
2024-10-29 13:49:49,387 INFO: Enabling torque for group All_Motors
2024-10-29 13:49:49,388 INFO: Setting the profile velocity for group All_Motors from config.yaml: 8
2024-10-29 13:49:49,389 INFO: Profile velocities set for group All_Motors: {1: 34.96, 2: 34.96, 3: 34.96, 4: 34.96, 5: 34.96, 6: 34.96, 7: 34.96, 8: 34.96}
2024-10-29 13:49:49,390 INFO: Target velocities set for group All_Motors: {1: 0, 2: 0, 3: 0, 4: 0, 5: 0, 6: 0, 7: 0, 8: 0}
2024-10-29 13:49:49,493 WARNING: Emergency stop activated! Stopping all motors asynchronously.
2024-10-29 13:49:49,494 INFO: Setting operating mode 'velocity' for group 'All_Motors'
2024-10-29 13:49:49,495 INFO: Disabling torque for group All_Motors
2024-10-29 13:49:49,496 INFO: Enabling torque for group All_Motors
2024-10-29 13:49:49,498 INFO: Setting the profile velocity for group All_Motors from config.yaml: 8
2024-10-29 13:49:49,499 INFO: Profile velocities set for group All_Motors: {1: 34.96, 2: 34.96, 3: 34.96, 4: 34.96, 5: 34.96, 6: 34.96, 7: 34.96, 8: 34.96}
2024-10-29 13:49:49,499 WARNING: Velocity limit 200 exceeds hard limit 100. Limiting to 100.
2024-10-29 13:49:49,501 INFO: Velocity limit set to 100 for group All_Motors
2024-10-29 13:49:49,501 INFO: Enabling torque for group All_Motors
2024-10-29 13:49:49,502 INFO: Setting the profile velocity for group All_Motors from config.yaml: 8
2024-10-29 13:49:49,502 INFO: Profile velocities set for group All_Motors: {1: 34.96, 2: 34.96, 3: 34.96, 4: 34.96, 5: 34.96, 6: 34.96, 7: 34.96, 8: 34.96}
2024-10-29 13:49:49,503 INFO: Target velocities set for group All_Motors: {1: 0, 2: 0, 3: 0, 4: 0, 5: 0, 6: 0, 7: 0, 8: 0}
2024-10-29 13:49:52,105 INFO: Initiating safe shutdown...
2024-10-29 13:49:52,105 INFO: Setting operating mode 'velocity' for group 'All_Motors'
2024-10-29 13:49:52,106 INFO: Disabling torque for group All_Motors
2024-10-29 13:49:52,107 INFO: Enabling torque for group All_Motors
2024-10-29 13:49:52,108 INFO: Setting the profile velocity for group All_Motors from config.yaml: 8
2024-10-29 13:49:52,109 INFO: Profile velocities set for group All_Motors: {1: 34.96, 2: 34.96, 3: 34.96, 4: 34.96, 5: 34.96, 6: 34.96, 7: 34.96, 8: 34.96}
2024-10-29 13:49:52,109 WARNING: Velocity limit 200 exceeds hard limit 100. Limiting to 100.
2024-10-29 13:49:52,110 INFO: Velocity limit set to 100 for group All_Motors
2024-10-29 13:49:52,110 INFO: Enabling torque for group All_Motors
2024-10-29 13:49:52,111 INFO: Setting the profile velocity for group All_Motors from config.yaml: 8
2024-10-29 13:49:52,112 INFO: Profile velocities set for group All_Motors: {1: 34.96, 2: 34.96, 3: 34.96, 4: 34.96, 5: 34.96, 6: 34.96, 7: 34.96, 8: 34.96}
2024-10-29 13:49:52,113 INFO: Target velocities set for group All_Motors: {1: 0, 2: 0, 3: 0, 4: 0, 5: 0, 6: 0, 7: 0, 8: 0}
2024-10-29 13:49:52,113 INFO: Running set_position_group for group 'All_Motors' with positions: 180
2024-10-29 13:49:52,121 WARNING: Motor 1 is not in Position Control Mode. Setting mode now.
2024-10-29 13:49:52,121 INFO: Setting operating mode 'position' for group 'All_Motors'
2024-10-29 13:49:52,121 INFO: Disabling torque for group All_Motors
2024-10-29 13:49:52,123 INFO: Enabling torque for group All_Motors
2024-10-29 13:49:52,123 INFO: Setting the profile velocity for group All_Motors from config.yaml: 8
2024-10-29 13:49:52,124 INFO: Profile velocities set for group All_Motors: {1: 34.96, 2: 34.96, 3: 34.96, 4: 34.96, 5: 34.96, 6: 34.96, 7: 34.96, 8: 34.96}
2024-10-29 13:49:52,124 INFO: Setting the profile velocity for group All_Motors from config.yaml: 8
2024-10-29 13:49:52,125 INFO: Profile velocities set for group All_Motors: {1: 34.96, 2: 34.96, 3: 34.96, 4: 34.96, 5: 34.96, 6: 34.96, 7: 34.96, 8: 34.96}
2024-10-29 13:49:52,126 INFO: Closing PS4Controller and quitting pygame
2024-10-29 13:49:52,208 INFO: Port closed successfully.
2024-10-29 13:49:52,208 INFO: Shutdown complete.
