2024-10-29 02:06:37,903 INFO: Initializing PS4Controller
2024-10-29 02:06:38,210 INFO: Configuration loaded successfully
2024-10-29 02:06:38,211 ERROR: Error initialising components: [Errno 2] could not open port /dev/ttyACM0: [Errno 2] No such file or directory: '/dev/ttyACM0'
2024-10-29 02:06:57,370 INFO: Initializing PS4Controller
2024-10-29 02:06:57,415 INFO: Configuration loaded successfully
2024-10-29 02:06:57,420 INFO: Port /dev/ttyACM0 opened successfully
2024-10-29 02:06:57,429 INFO: Baudrate set to 1000000
2024-10-29 02:06:57,430 INFO: Control table loaded successfully.
2024-10-29 02:06:57,431 INFO: Motor group 'Pivot_Group' created with motors: [7, 8]
2024-10-29 02:06:57,431 INFO: Motor group 'Wheg_Group' created with motors: [1, 2, 3, 4, 5, 6]
2024-10-29 02:06:57,432 INFO: Motor group 'All_Motors' created with motors: [1, 2, 3, 4, 5, 6, 7, 8]
2024-10-29 02:06:57,432 INFO: Motor group 'Left_Whegs' created with motors: [1, 2, 3]
2024-10-29 02:06:57,433 INFO: Motor group 'Right_Whegs' created with motors: [4, 5, 6]
2024-10-29 02:06:57,434 INFO: Motor group 'Front_Whegs' created with motors: [3, 6]
2024-10-29 02:06:57,434 INFO: Motor group 'Rear_Whegs' created with motors: [1, 4]
2024-10-29 02:06:57,434 INFO: Motor group 'Middle_Whegs' created with motors: [2, 5]
2024-10-29 02:06:57,435 INFO: Motor group 'Two_Right_One_Left' created with motors: [2, 4, 6]
2024-10-29 02:06:57,435 INFO: Motor group 'Two_Left_One_Right' created with motors: [5, 1, 3]
2024-10-29 02:06:57,435 INFO: Initialised PS4 controller, Dynamixel, and Robot State
2024-10-29 02:06:57,451 INFO: Disabling torque for group Right_Whegs
2024-10-29 02:06:57,456 INFO: Drive mode set for group Right_Whegs with reverse_direction=True
2024-10-29 02:06:57,457 INFO: Enabling torque for group Right_Whegs
2024-10-29 02:06:57,461 INFO: Motor 4 drive mode correctly set to reverse
2024-10-29 02:06:57,462 INFO: Motor 5 drive mode correctly set to reverse
2024-10-29 02:06:57,462 INFO: Motor 6 drive mode correctly set to reverse
2024-10-29 02:06:57,463 INFO: Disabling torque for group Left_Whegs
2024-10-29 02:06:57,465 INFO: Drive mode set for group Left_Whegs with reverse_direction=False
2024-10-29 02:06:57,465 INFO: Enabling torque for group Left_Whegs
2024-10-29 02:06:57,469 INFO: Motor 1 drive mode correctly set to normal
2024-10-29 02:06:57,471 INFO: Motor 2 drive mode correctly set to normal
2024-10-29 02:06:57,471 INFO: Motor 3 drive mode correctly set to normal
2024-10-29 02:06:57,472 INFO: Set the right side whegs to reverse direction
2024-10-29 02:06:57,472 INFO: Disabling torque for group Pivot_Group
2024-10-29 02:06:57,473 INFO: Drive mode set for group Pivot_Group with reverse_direction=False
2024-10-29 02:06:57,474 INFO: Enabling torque for group Pivot_Group
2024-10-29 02:06:57,478 INFO: Motor 7 drive mode correctly set to normal
2024-10-29 02:06:57,478 INFO: Motor 8 drive mode correctly set to normal
2024-10-29 02:06:57,480 INFO: Position limits set for group Pivot_Group: min=90° (ticks=1023), max=270° (ticks=3071)
2024-10-29 02:06:57,481 INFO: Set position limits for the pivot motors
2024-10-29 02:06:57,482 INFO: Initialising Gait 1
2024-10-29 02:06:57,483 INFO: Running set_position_group for group 'Wheg_Group' with positions: 180
2024-10-29 02:06:57,488 WARNING: Motor 1 is not in Position Control Mode. Setting mode now.
2024-10-29 02:06:57,489 INFO: Setting operating mode 'position' for group 'Wheg_Group'
2024-10-29 02:06:57,489 INFO: Disabling torque for group Wheg_Group
2024-10-29 02:06:57,490 INFO: Enabling torque for group Wheg_Group
2024-10-29 02:06:57,491 INFO: Setting the profile velocity for group Wheg_Group from config.yaml: 10
2024-10-29 02:06:57,492 INFO: Profile velocities set for group Wheg_Group: {1: 43.7, 2: 43.7, 3: 43.7, 4: 43.7, 5: 43.7, 6: 43.7}
2024-10-29 02:06:57,493 INFO: Running set_position_group for group 'Pivot_Group' with positions: 180
2024-10-29 02:06:57,497 INFO: Initialised Gait 1, waiting for 3 seconds
2024-10-29 02:06:57,497 ERROR: Error controlling pivots: 'dpad_down'
2024-10-29 02:07:00,498 INFO: Setting operating mode 'multi_turn' for group 'Wheg_Group'
2024-10-29 02:07:00,499 INFO: Disabling torque for group Wheg_Group
2024-10-29 02:07:00,501 INFO: Enabling torque for group Wheg_Group
2024-10-29 02:07:00,502 INFO: Setting the profile velocity for group Wheg_Group from config.yaml: 10
2024-10-29 02:07:00,503 INFO: Profile velocities set for group Wheg_Group: {1: 43.7, 2: 43.7, 3: 43.7, 4: 43.7, 5: 43.7, 6: 43.7}
2024-10-29 02:07:00,504 INFO: New gait 1 is now active.
2024-10-29 02:07:00,516 INFO: Profile velocities set for group Wheg_Group: {1: 21.85, 2: 21.85, 3: 21.85, 4: 21.85, 5: 21.85, 6: 21.85}
2024-10-29 02:07:00,516 INFO: Incrementing motor positions by 360 degrees for group 'Wheg_Group'
2024-10-29 02:07:00,527 INFO: Gait 1 step executed at 5.00RPM, wait for 12.00 seconds
2024-10-29 02:07:12,559 INFO: Profile velocities set for group Wheg_Group: {1: 43.7, 2: 43.7, 3: 43.7, 4: 43.7, 5: 43.7, 6: 43.7}
2024-10-29 02:07:12,560 INFO: Incrementing motor positions by 360 degrees for group 'Wheg_Group'
2024-10-29 02:07:12,572 INFO: Gait 1 step executed at 10.00RPM, wait for 6.00 seconds
2024-10-29 02:07:18,571 INFO: Triangle pressed. Preparing to change to next gait: 2
2024-10-29 02:07:18,584 INFO: Initialising Gait 2
2024-10-29 02:07:18,585 INFO: Running set_position_group for group 'Wheg_Group' with positions: {1: 160, 2: 200, 3: 160, 4: 200, 5: 160, 6: 200}
2024-10-29 02:07:18,590 WARNING: Motor 1 is not in Position Control Mode. Setting mode now.
2024-10-29 02:07:18,591 INFO: Setting operating mode 'position' for group 'Wheg_Group'
2024-10-29 02:07:18,591 INFO: Disabling torque for group Wheg_Group
2024-10-29 02:07:18,592 INFO: Enabling torque for group Wheg_Group
2024-10-29 02:07:18,593 INFO: Setting the profile velocity for group Wheg_Group from config.yaml: 10
2024-10-29 02:07:18,594 INFO: Profile velocities set for group Wheg_Group: {1: 43.7, 2: 43.7, 3: 43.7, 4: 43.7, 5: 43.7, 6: 43.7}
2024-10-29 02:07:18,595 INFO: Running set_position_group for group 'Pivot_Group' with positions: 180
2024-10-29 02:07:18,599 INFO: Initialised Gait 2, waiting for 3 seconds
2024-10-29 02:07:21,624 INFO: Setting operating mode 'multi_turn' for group 'Wheg_Group'
2024-10-29 02:07:21,626 INFO: Disabling torque for group Wheg_Group
2024-10-29 02:07:21,630 INFO: Enabling torque for group Wheg_Group
2024-10-29 02:07:21,631 INFO: Setting the profile velocity for group Wheg_Group from config.yaml: 10
2024-10-29 02:07:21,632 INFO: Profile velocities set for group Wheg_Group: {1: 43.7, 2: 43.7, 3: 43.7, 4: 43.7, 5: 43.7, 6: 43.7}
2024-10-29 02:07:21,633 INFO: New gait 2 is now active.
2024-10-29 02:07:28,101 INFO: Share pressed. Reversing the direction of the whegs
2024-10-29 02:07:28,112 INFO: Disabling torque for group Wheg_Group
2024-10-29 02:07:28,114 INFO: Drive mode set for group Wheg_Group with reverse_direction={1: 1, 2: 1, 3: 1, 4: 0, 5: 0, 6: 0}
2024-10-29 02:07:28,115 INFO: Enabling torque for group Wheg_Group
2024-10-29 02:07:28,121 INFO: Motor 1 drive mode correctly set to reverse
2024-10-29 02:07:28,122 INFO: Motor 2 drive mode correctly set to reverse
2024-10-29 02:07:28,123 INFO: Motor 3 drive mode correctly set to reverse
2024-10-29 02:07:28,124 INFO: Motor 4 drive mode correctly set to normal
2024-10-29 02:07:28,125 INFO: Motor 5 drive mode correctly set to normal
2024-10-29 02:07:28,126 INFO: Motor 6 drive mode correctly set to normal
2024-10-29 02:07:28,126 INFO: Reversed the direction of all whegs, waiting for 3 seconds
2024-10-29 02:07:31,127 INFO: Direction of whegs reversed.
2024-10-29 02:07:31,167 INFO: Initialising Gait 2
2024-10-29 02:07:31,169 INFO: Running set_position_group for group 'Wheg_Group' with positions: {1: 160, 2: 200, 3: 160, 4: 200, 5: 160, 6: 200}
2024-10-29 02:07:31,176 WARNING: Motor 1 is not in Position Control Mode. Setting mode now.
2024-10-29 02:07:31,176 INFO: Setting operating mode 'position' for group 'Wheg_Group'
2024-10-29 02:07:31,177 INFO: Disabling torque for group Wheg_Group
2024-10-29 02:07:31,178 INFO: Enabling torque for group Wheg_Group
2024-10-29 02:07:31,179 INFO: Setting the profile velocity for group Wheg_Group from config.yaml: 10
2024-10-29 02:07:31,180 INFO: Profile velocities set for group Wheg_Group: {1: 43.7, 2: 43.7, 3: 43.7, 4: 43.7, 5: 43.7, 6: 43.7}
2024-10-29 02:07:31,181 INFO: Running set_position_group for group 'Pivot_Group' with positions: 180
2024-10-29 02:07:31,185 INFO: Initialised Gait 2, waiting for 3 seconds
2024-10-29 02:07:34,186 INFO: Setting operating mode 'multi_turn' for group 'Wheg_Group'
2024-10-29 02:07:34,187 INFO: Disabling torque for group Wheg_Group
2024-10-29 02:07:34,189 INFO: Enabling torque for group Wheg_Group
2024-10-29 02:07:34,190 INFO: Setting the profile velocity for group Wheg_Group from config.yaml: 10
2024-10-29 02:07:34,192 INFO: Profile velocities set for group Wheg_Group: {1: 43.7, 2: 43.7, 3: 43.7, 4: 43.7, 5: 43.7, 6: 43.7}
2024-10-29 02:07:34,193 INFO: New gait 2 is now active.
2024-10-29 02:07:34,210 INFO: Profile velocities set for group Wheg_Group: {1: 8.74, 2: 69.92, 3: 8.74, 4: 69.92, 5: 8.74, 6: 69.92}
2024-10-29 02:07:34,211 INFO: Incrementing motor positions by {1: 40, 2: 320, 3: 40, 4: 320, 5: 40, 6: 320} degrees for group 'Wheg_Group'
2024-10-29 02:07:34,223 INFO: Gait 2 step executed at 2.00RPM, wait for 3.36 seconds
2024-10-29 02:07:37,598 INFO: Profile velocities set for group Wheg_Group: {1: 104.88, 2: 13.11, 3: 104.88, 4: 13.11, 5: 104.88, 6: 13.11}
2024-10-29 02:07:37,599 INFO: Incrementing motor positions by {1: 320, 2: 40, 3: 320, 4: 40, 5: 320, 6: 40} degrees for group 'Wheg_Group'
2024-10-29 02:07:37,609 INFO: Gait 2 step executed at 3.00RPM, wait for 2.25 seconds
2024-10-29 02:07:39,874 INFO: Profile velocities set for group Wheg_Group: {1: 17.479866638183594, 2: 139.83893310546875, 3: 17.479866638183594, 4: 139.83893310546875, 5: 17.479866638183594, 6: 139.83893310546875}
2024-10-29 02:07:39,875 INFO: Incrementing motor positions by {1: 40, 2: 320, 3: 40, 4: 320, 5: 40, 6: 320} degrees for group 'Wheg_Group'
2024-10-29 02:07:39,887 INFO: Gait 2 step executed at 4.00RPM, wait for 1.69 seconds
2024-10-29 02:07:41,596 INFO: Profile velocities set for group Wheg_Group: {1: 108.58105712890625, 2: 13.572632141113282, 3: 108.58105712890625, 4: 13.572632141113282, 5: 108.58105712890625, 6: 13.572632141113282}
2024-10-29 02:07:41,597 INFO: Incrementing motor positions by {1: 320, 2: 40, 3: 320, 4: 40, 5: 320, 6: 40} degrees for group 'Wheg_Group'
2024-10-29 02:07:41,607 INFO: Gait 2 step executed at 3.11RPM, wait for 2.17 seconds
2024-10-29 02:07:43,828 INFO: Profile velocities set for group Wheg_Group: {1: 13.94964599609375, 2: 111.59716796875, 3: 13.94964599609375, 4: 111.59716796875, 5: 13.94964599609375, 6: 111.59716796875}
2024-10-29 02:07:43,828 INFO: Incrementing motor positions by {1: 40, 2: 320, 3: 40, 4: 320, 5: 40, 6: 320} degrees for group 'Wheg_Group'
2024-10-29 02:07:43,839 INFO: Gait 2 step executed at 3.19RPM, wait for 2.11 seconds
2024-10-29 02:07:46,008 INFO: Profile velocities set for group Wheg_Group: {1: 118.45196533203125, 2: 14.806495666503906, 3: 118.45196533203125, 4: 14.806495666503906, 5: 118.45196533203125, 6: 14.806495666503906}
2024-10-29 02:07:46,008 INFO: Incrementing motor positions by {1: 320, 2: 40, 3: 320, 4: 40, 5: 320, 6: 40} degrees for group 'Wheg_Group'
2024-10-29 02:07:46,020 INFO: Gait 2 step executed at 3.39RPM, wait for 1.99 seconds
2024-10-29 02:07:48,030 INFO: Profile velocities set for group Wheg_Group: {1: 15.252057495117187, 2: 122.0164599609375, 3: 15.252057495117187, 4: 122.0164599609375, 5: 15.252057495117187, 6: 122.0164599609375}
2024-10-29 02:07:48,031 INFO: Incrementing motor positions by {1: 40, 2: 320, 3: 40, 4: 320, 5: 40, 6: 320} degrees for group 'Wheg_Group'
2024-10-29 02:07:48,041 INFO: Gait 2 step executed at 3.49RPM, wait for 1.94 seconds
2024-10-29 02:07:50,016 WARNING: Emergency stop activated! Stopping all motors asynchronously.
2024-10-29 02:07:50,017 INFO: Setting operating mode 'velocity' for group 'All_Motors'
2024-10-29 02:07:50,019 INFO: Disabling torque for group All_Motors
2024-10-29 02:07:50,022 INFO: Enabling torque for group All_Motors
2024-10-29 02:07:50,023 WARNING: Velocity limit 200 exceeds hard limit 100. Limiting to 100.
2024-10-29 02:07:50,024 INFO: Velocity limit set to 100 for group All_Motors
2024-10-29 02:07:50,025 INFO: Enabling torque for group All_Motors
2024-10-29 02:07:50,026 INFO: Target velocities set for group All_Motors: {1: 0, 2: 0, 3: 0, 4: 0, 5: 0, 6: 0, 7: 0, 8: 0}
2024-10-29 02:07:52,032 INFO: Emergency Stop Deactivated. Resuming control...
2024-10-29 02:07:52,037 INFO: Initialising Gait 1
2024-10-29 02:07:52,039 INFO: Running set_position_group for group 'Wheg_Group' with positions: 180
2024-10-29 02:07:52,046 WARNING: Motor 1 is not in Position Control Mode. Setting mode now.
2024-10-29 02:07:52,047 INFO: Setting operating mode 'position' for group 'Wheg_Group'
2024-10-29 02:07:52,048 INFO: Disabling torque for group Wheg_Group
2024-10-29 02:07:52,049 INFO: Enabling torque for group Wheg_Group
2024-10-29 02:07:52,051 INFO: Setting the profile velocity for group Wheg_Group from config.yaml: 10
2024-10-29 02:07:52,052 INFO: Profile velocities set for group Wheg_Group: {1: 43.7, 2: 43.7, 3: 43.7, 4: 43.7, 5: 43.7, 6: 43.7}
2024-10-29 02:07:52,054 INFO: Running set_position_group for group 'Pivot_Group' with positions: 180
2024-10-29 02:07:52,058 WARNING: Motor 7 is not in Position Control Mode. Setting mode now.
2024-10-29 02:07:52,059 INFO: Setting operating mode 'position' for group 'Pivot_Group'
2024-10-29 02:07:52,060 INFO: Disabling torque for group Pivot_Group
2024-10-29 02:07:52,061 INFO: Enabling torque for group Pivot_Group
2024-10-29 02:07:52,062 INFO: Setting the profile velocity for group Pivot_Group from config.yaml: 4
2024-10-29 02:07:52,063 INFO: Profile velocities set for group Pivot_Group: {7: 17.48, 8: 17.48}
2024-10-29 02:07:52,065 INFO: Initialised Gait 1, waiting for 3 seconds
2024-10-29 02:07:54,614 INFO: Share pressed. Reversing the direction of the whegs
2024-10-29 02:07:55,077 INFO: Setting operating mode 'multi_turn' for group 'Wheg_Group'
2024-10-29 02:07:55,079 INFO: Disabling torque for group Wheg_Group
2024-10-29 02:07:55,083 INFO: Enabling torque for group Wheg_Group
2024-10-29 02:07:55,084 INFO: Setting the profile velocity for group Wheg_Group from config.yaml: 10
2024-10-29 02:07:55,085 INFO: Profile velocities set for group Wheg_Group: {1: 43.7, 2: 43.7, 3: 43.7, 4: 43.7, 5: 43.7, 6: 43.7}
2024-10-29 02:07:55,086 INFO: New gait 1 is now active.
2024-10-29 02:07:55,091 INFO: Disabling torque for group Wheg_Group
2024-10-29 02:07:55,092 INFO: Drive mode set for group Wheg_Group with reverse_direction={1: 0, 2: 0, 3: 0, 4: 1, 5: 1, 6: 1}
2024-10-29 02:07:55,093 INFO: Enabling torque for group Wheg_Group
2024-10-29 02:07:55,099 INFO: Motor 1 drive mode correctly set to normal
2024-10-29 02:07:55,099 INFO: Motor 2 drive mode correctly set to normal
2024-10-29 02:07:55,100 INFO: Motor 3 drive mode correctly set to normal
2024-10-29 02:07:55,100 INFO: Motor 4 drive mode correctly set to reverse
2024-10-29 02:07:55,101 INFO: Motor 5 drive mode correctly set to reverse
2024-10-29 02:07:55,101 INFO: Motor 6 drive mode correctly set to reverse
2024-10-29 02:07:55,101 INFO: Reversed the direction of all whegs, waiting for 3 seconds
2024-10-29 02:07:58,102 INFO: Direction of whegs reversed.
2024-10-29 02:07:58,155 INFO: Initialising Gait 1
2024-10-29 02:07:58,157 INFO: Running set_position_group for group 'Wheg_Group' with positions: 180
2024-10-29 02:07:58,165 WARNING: Motor 1 is not in Position Control Mode. Setting mode now.
2024-10-29 02:07:58,166 INFO: Setting operating mode 'position' for group 'Wheg_Group'
2024-10-29 02:07:58,167 INFO: Disabling torque for group Wheg_Group
2024-10-29 02:07:58,169 INFO: Enabling torque for group Wheg_Group
2024-10-29 02:07:58,170 INFO: Setting the profile velocity for group Wheg_Group from config.yaml: 10
2024-10-29 02:07:58,172 INFO: Profile velocities set for group Wheg_Group: {1: 43.7, 2: 43.7, 3: 43.7, 4: 43.7, 5: 43.7, 6: 43.7}
2024-10-29 02:07:58,173 INFO: Running set_position_group for group 'Pivot_Group' with positions: 180
2024-10-29 02:07:58,179 INFO: Initialised Gait 1, waiting for 3 seconds
2024-10-29 02:08:01,195 INFO: Setting operating mode 'multi_turn' for group 'Wheg_Group'
2024-10-29 02:08:01,197 INFO: Disabling torque for group Wheg_Group
2024-10-29 02:08:01,201 INFO: Enabling torque for group Wheg_Group
2024-10-29 02:08:01,202 INFO: Setting the profile velocity for group Wheg_Group from config.yaml: 10
2024-10-29 02:08:01,202 INFO: Profile velocities set for group Wheg_Group: {1: 43.7, 2: 43.7, 3: 43.7, 4: 43.7, 5: 43.7, 6: 43.7}
2024-10-29 02:08:01,203 INFO: New gait 1 is now active.
2024-10-29 02:08:01,214 INFO: Profile velocities set for group Wheg_Group: {1: 8.74, 2: 8.74, 3: 8.74, 4: 8.74, 5: 8.74, 6: 8.74}
2024-10-29 02:08:01,215 INFO: Incrementing motor positions by 360 degrees for group 'Wheg_Group'
2024-10-29 02:08:01,226 INFO: Gait 1 step executed at 2.00RPM, wait for 30.00 seconds
2024-10-29 02:08:31,277 INFO: Profile velocities set for group Wheg_Group: {1: 13.11, 2: 13.11, 3: 13.11, 4: 13.11, 5: 13.11, 6: 13.11}
2024-10-29 02:08:31,279 INFO: Incrementing motor positions by 360 degrees for group 'Wheg_Group'
2024-10-29 02:08:31,291 INFO: Gait 1 step executed at 3.00RPM, wait for 20.00 seconds
2024-10-29 02:08:33,108 INFO: Share pressed. Reversing the direction of the whegs
2024-10-29 02:08:33,300 INFO: Share pressed. Reversing the direction of the whegs
2024-10-29 02:08:51,338 INFO: Disabling torque for group Wheg_Group
2024-10-29 02:08:51,340 INFO: Drive mode set for group Wheg_Group with reverse_direction={1: 1, 2: 1, 3: 1, 4: 0, 5: 0, 6: 0}
2024-10-29 02:08:51,340 INFO: Enabling torque for group Wheg_Group
2024-10-29 02:08:51,346 INFO: Motor 1 drive mode correctly set to reverse
2024-10-29 02:08:51,347 INFO: Motor 2 drive mode correctly set to reverse
2024-10-29 02:08:51,348 INFO: Motor 3 drive mode correctly set to reverse
2024-10-29 02:08:51,348 INFO: Motor 4 drive mode correctly set to normal
2024-10-29 02:08:51,349 INFO: Motor 5 drive mode correctly set to normal
2024-10-29 02:08:51,349 INFO: Motor 6 drive mode correctly set to normal
2024-10-29 02:08:51,350 INFO: Reversed the direction of all whegs, waiting for 3 seconds
2024-10-29 02:08:54,351 INFO: Direction of whegs reversed.
2024-10-29 02:08:54,412 INFO: Initialising Gait 1
2024-10-29 02:08:54,415 INFO: Running set_position_group for group 'Wheg_Group' with positions: 180
2024-10-29 02:08:54,423 WARNING: Motor 1 is not in Position Control Mode. Setting mode now.
2024-10-29 02:08:54,424 INFO: Setting operating mode 'position' for group 'Wheg_Group'
2024-10-29 02:08:54,425 INFO: Disabling torque for group Wheg_Group
2024-10-29 02:08:54,426 INFO: Enabling torque for group Wheg_Group
2024-10-29 02:08:54,427 INFO: Setting the profile velocity for group Wheg_Group from config.yaml: 10
2024-10-29 02:08:54,430 INFO: Profile velocities set for group Wheg_Group: {1: 43.7, 2: 43.7, 3: 43.7, 4: 43.7, 5: 43.7, 6: 43.7}
2024-10-29 02:08:54,432 INFO: Running set_position_group for group 'Pivot_Group' with positions: 180
2024-10-29 02:08:54,436 INFO: Initialised Gait 1, waiting for 3 seconds
2024-10-29 02:08:57,438 INFO: Setting operating mode 'multi_turn' for group 'Wheg_Group'
2024-10-29 02:08:57,439 INFO: Disabling torque for group Wheg_Group
2024-10-29 02:08:57,440 INFO: Enabling torque for group Wheg_Group
2024-10-29 02:08:57,441 INFO: Setting the profile velocity for group Wheg_Group from config.yaml: 10
2024-10-29 02:08:57,442 INFO: Profile velocities set for group Wheg_Group: {1: 43.7, 2: 43.7, 3: 43.7, 4: 43.7, 5: 43.7, 6: 43.7}
2024-10-29 02:08:57,442 INFO: New gait 1 is now active.
2024-10-29 02:08:58,193 INFO: Profile velocities set for group Wheg_Group: {1: 8.74, 2: 8.74, 3: 8.74, 4: 8.74, 5: 8.74, 6: 8.74}
2024-10-29 02:08:58,194 INFO: Incrementing motor positions by 360 degrees for group 'Wheg_Group'
2024-10-29 02:08:58,206 INFO: Gait 1 step executed at 2.00RPM, wait for 30.00 seconds
2024-10-29 02:09:28,259 INFO: Profile velocities set for group Wheg_Group: {1: 13.11, 2: 13.11, 3: 13.11, 4: 13.11, 5: 13.11, 6: 13.11}
2024-10-29 02:09:28,261 INFO: Incrementing motor positions by 360 degrees for group 'Wheg_Group'
2024-10-29 02:09:28,274 INFO: Gait 1 step executed at 3.00RPM, wait for 20.00 seconds
2024-10-29 02:09:48,287 INFO: Profile velocities set for group Wheg_Group: {1: 17.479866638183594, 2: 17.479866638183594, 3: 17.479866638183594, 4: 17.479866638183594, 5: 17.479866638183594, 6: 17.479866638183594}
2024-10-29 02:09:48,288 INFO: Incrementing motor positions by 360 degrees for group 'Wheg_Group'
2024-10-29 02:09:48,299 INFO: Gait 1 step executed at 4.00RPM, wait for 15.00 seconds
2024-10-29 02:09:50,700 INFO: Triangle pressed. Preparing to change to next gait: 2
2024-10-29 02:09:50,803 INFO: Triangle pressed. Preparing to change to next gait: 2
2024-10-29 02:10:03,310 INFO: Initialising Gait 2
2024-10-29 02:10:03,311 INFO: Running set_position_group for group 'Wheg_Group' with positions: {1: 160, 2: 200, 3: 160, 4: 200, 5: 160, 6: 200}
2024-10-29 02:10:03,317 WARNING: Motor 1 is not in Position Control Mode. Setting mode now.
2024-10-29 02:10:03,318 INFO: Setting operating mode 'position' for group 'Wheg_Group'
2024-10-29 02:10:03,318 INFO: Disabling torque for group Wheg_Group
2024-10-29 02:10:03,319 INFO: Enabling torque for group Wheg_Group
2024-10-29 02:10:03,320 INFO: Setting the profile velocity for group Wheg_Group from config.yaml: 10
2024-10-29 02:10:03,321 INFO: Profile velocities set for group Wheg_Group: {1: 43.7, 2: 43.7, 3: 43.7, 4: 43.7, 5: 43.7, 6: 43.7}
2024-10-29 02:10:03,323 INFO: Running set_position_group for group 'Pivot_Group' with positions: 180
2024-10-29 02:10:03,327 INFO: Initialised Gait 2, waiting for 3 seconds
2024-10-29 02:10:06,328 INFO: Setting operating mode 'multi_turn' for group 'Wheg_Group'
2024-10-29 02:10:06,329 INFO: Disabling torque for group Wheg_Group
2024-10-29 02:10:06,330 INFO: Enabling torque for group Wheg_Group
2024-10-29 02:10:06,331 INFO: Setting the profile velocity for group Wheg_Group from config.yaml: 10
2024-10-29 02:10:06,332 INFO: Profile velocities set for group Wheg_Group: {1: 43.7, 2: 43.7, 3: 43.7, 4: 43.7, 5: 43.7, 6: 43.7}
2024-10-29 02:10:06,332 INFO: New gait 2 is now active.
2024-10-29 02:10:07,755 INFO: Share pressed. Reversing the direction of the whegs
2024-10-29 02:10:07,763 INFO: Disabling torque for group Wheg_Group
2024-10-29 02:10:07,764 INFO: Drive mode set for group Wheg_Group with reverse_direction={1: 0, 2: 0, 3: 0, 4: 1, 5: 1, 6: 1}
2024-10-29 02:10:07,765 INFO: Enabling torque for group Wheg_Group
2024-10-29 02:10:07,770 INFO: Motor 1 drive mode correctly set to normal
2024-10-29 02:10:07,772 INFO: Motor 2 drive mode correctly set to normal
2024-10-29 02:10:07,775 INFO: Motor 3 drive mode correctly set to normal
2024-10-29 02:10:07,776 INFO: Motor 4 drive mode correctly set to reverse
2024-10-29 02:10:07,776 INFO: Motor 5 drive mode correctly set to reverse
2024-10-29 02:10:07,777 INFO: Motor 6 drive mode correctly set to reverse
2024-10-29 02:10:07,778 INFO: Reversed the direction of all whegs, waiting for 3 seconds
2024-10-29 02:10:10,779 INFO: Direction of whegs reversed.
2024-10-29 02:10:10,849 INFO: Initialising Gait 2
2024-10-29 02:10:10,850 INFO: Running set_position_group for group 'Wheg_Group' with positions: {1: 160, 2: 200, 3: 160, 4: 200, 5: 160, 6: 200}
2024-10-29 02:10:10,856 WARNING: Motor 1 is not in Position Control Mode. Setting mode now.
2024-10-29 02:10:10,857 INFO: Setting operating mode 'position' for group 'Wheg_Group'
2024-10-29 02:10:10,857 INFO: Disabling torque for group Wheg_Group
2024-10-29 02:10:10,858 INFO: Enabling torque for group Wheg_Group
2024-10-29 02:10:10,859 INFO: Setting the profile velocity for group Wheg_Group from config.yaml: 10
2024-10-29 02:10:10,861 INFO: Profile velocities set for group Wheg_Group: {1: 43.7, 2: 43.7, 3: 43.7, 4: 43.7, 5: 43.7, 6: 43.7}
2024-10-29 02:10:10,862 INFO: Running set_position_group for group 'Pivot_Group' with positions: 180
2024-10-29 02:10:10,866 INFO: Initialised Gait 2, waiting for 3 seconds
2024-10-29 02:10:13,902 INFO: Setting operating mode 'multi_turn' for group 'Wheg_Group'
2024-10-29 02:10:13,903 INFO: Disabling torque for group Wheg_Group
2024-10-29 02:10:13,905 INFO: Enabling torque for group Wheg_Group
2024-10-29 02:10:13,906 INFO: Setting the profile velocity for group Wheg_Group from config.yaml: 10
2024-10-29 02:10:13,907 INFO: Profile velocities set for group Wheg_Group: {1: 43.7, 2: 43.7, 3: 43.7, 4: 43.7, 5: 43.7, 6: 43.7}
2024-10-29 02:10:13,908 INFO: New gait 2 is now active.
2024-10-29 02:10:20,193 INFO: Share pressed. Reversing the direction of the whegs
2024-10-29 02:10:20,202 INFO: Disabling torque for group Wheg_Group
2024-10-29 02:10:20,204 INFO: Drive mode set for group Wheg_Group with reverse_direction={1: 1, 2: 1, 3: 1, 4: 0, 5: 0, 6: 0}
2024-10-29 02:10:20,204 INFO: Enabling torque for group Wheg_Group
2024-10-29 02:10:20,211 INFO: Motor 1 drive mode correctly set to reverse
2024-10-29 02:10:20,212 INFO: Motor 2 drive mode correctly set to reverse
2024-10-29 02:10:20,213 INFO: Motor 3 drive mode correctly set to reverse
2024-10-29 02:10:20,213 INFO: Motor 4 drive mode correctly set to normal
2024-10-29 02:10:20,214 INFO: Motor 5 drive mode correctly set to normal
2024-10-29 02:10:20,214 INFO: Motor 6 drive mode correctly set to normal
2024-10-29 02:10:20,214 INFO: Reversed the direction of all whegs, waiting for 3 seconds
2024-10-29 02:10:23,215 INFO: Direction of whegs reversed.
2024-10-29 02:10:23,283 INFO: Initialising Gait 2
2024-10-29 02:10:23,285 INFO: Running set_position_group for group 'Wheg_Group' with positions: {1: 160, 2: 200, 3: 160, 4: 200, 5: 160, 6: 200}
2024-10-29 02:10:23,293 WARNING: Motor 1 is not in Position Control Mode. Setting mode now.
2024-10-29 02:10:23,293 INFO: Setting operating mode 'position' for group 'Wheg_Group'
2024-10-29 02:10:23,294 INFO: Disabling torque for group Wheg_Group
2024-10-29 02:10:23,296 INFO: Enabling torque for group Wheg_Group
2024-10-29 02:10:23,297 INFO: Setting the profile velocity for group Wheg_Group from config.yaml: 10
2024-10-29 02:10:23,298 INFO: Profile velocities set for group Wheg_Group: {1: 43.7, 2: 43.7, 3: 43.7, 4: 43.7, 5: 43.7, 6: 43.7}
2024-10-29 02:10:23,299 INFO: Running set_position_group for group 'Pivot_Group' with positions: 180
2024-10-29 02:10:23,304 INFO: Initialised Gait 2, waiting for 3 seconds
2024-10-29 02:10:26,305 INFO: Setting operating mode 'multi_turn' for group 'Wheg_Group'
2024-10-29 02:10:26,305 INFO: Disabling torque for group Wheg_Group
2024-10-29 02:10:26,307 INFO: Enabling torque for group Wheg_Group
2024-10-29 02:10:26,307 INFO: Setting the profile velocity for group Wheg_Group from config.yaml: 10
2024-10-29 02:10:26,308 INFO: Profile velocities set for group Wheg_Group: {1: 43.7, 2: 43.7, 3: 43.7, 4: 43.7, 5: 43.7, 6: 43.7}
2024-10-29 02:10:26,309 INFO: New gait 2 is now active.
2024-10-29 02:10:26,869 INFO: Share pressed. Reversing the direction of the whegs
2024-10-29 02:10:26,877 INFO: Disabling torque for group Wheg_Group
2024-10-29 02:10:26,878 INFO: Drive mode set for group Wheg_Group with reverse_direction={1: 0, 2: 0, 3: 0, 4: 1, 5: 1, 6: 1}
2024-10-29 02:10:26,879 INFO: Enabling torque for group Wheg_Group
2024-10-29 02:10:26,885 INFO: Motor 1 drive mode correctly set to normal
2024-10-29 02:10:26,886 INFO: Motor 2 drive mode correctly set to normal
2024-10-29 02:10:26,886 INFO: Motor 3 drive mode correctly set to normal
2024-10-29 02:10:26,887 INFO: Motor 4 drive mode correctly set to reverse
2024-10-29 02:10:26,887 INFO: Motor 5 drive mode correctly set to reverse
2024-10-29 02:10:26,888 INFO: Motor 6 drive mode correctly set to reverse
2024-10-29 02:10:26,889 INFO: Reversed the direction of all whegs, waiting for 3 seconds
2024-10-29 02:10:29,889 INFO: Direction of whegs reversed.
2024-10-29 02:10:29,966 INFO: Initialising Gait 2
2024-10-29 02:10:29,969 INFO: Running set_position_group for group 'Wheg_Group' with positions: {1: 160, 2: 200, 3: 160, 4: 200, 5: 160, 6: 200}
2024-10-29 02:10:29,976 WARNING: Motor 1 is not in Position Control Mode. Setting mode now.
2024-10-29 02:10:29,977 INFO: Setting operating mode 'position' for group 'Wheg_Group'
2024-10-29 02:10:29,978 INFO: Disabling torque for group Wheg_Group
2024-10-29 02:10:29,980 INFO: Enabling torque for group Wheg_Group
2024-10-29 02:10:29,982 INFO: Setting the profile velocity for group Wheg_Group from config.yaml: 10
2024-10-29 02:10:29,983 INFO: Profile velocities set for group Wheg_Group: {1: 43.7, 2: 43.7, 3: 43.7, 4: 43.7, 5: 43.7, 6: 43.7}
2024-10-29 02:10:29,986 INFO: Running set_position_group for group 'Pivot_Group' with positions: 180
2024-10-29 02:10:29,993 INFO: Initialised Gait 2, waiting for 3 seconds
2024-10-29 02:10:32,926 INFO: Triangle pressed. Preparing to change to next gait: 3
2024-10-29 02:10:33,031 INFO: Triangle pressed. Preparing to change to next gait: 3
2024-10-29 02:10:33,035 INFO: Setting operating mode 'multi_turn' for group 'Wheg_Group'
2024-10-29 02:10:33,037 INFO: Disabling torque for group Wheg_Group
2024-10-29 02:10:33,038 INFO: Enabling torque for group Wheg_Group
2024-10-29 02:10:33,039 INFO: Setting the profile velocity for group Wheg_Group from config.yaml: 10
2024-10-29 02:10:33,040 INFO: Profile velocities set for group Wheg_Group: {1: 43.7, 2: 43.7, 3: 43.7, 4: 43.7, 5: 43.7, 6: 43.7}
2024-10-29 02:10:33,040 INFO: New gait 3 is now active.
2024-10-29 02:10:33,051 INFO: Initialsing Gait 3
2024-10-29 02:10:33,051 INFO: Running set_position_group for group 'Wheg_Group' with positions: {1: 200, 2: 160, 3: 160, 4: 200, 5: 160, 6: 160}
2024-10-29 02:10:33,057 WARNING: Motor 1 is not in Position Control Mode. Setting mode now.
2024-10-29 02:10:33,057 INFO: Setting operating mode 'position' for group 'Wheg_Group'
2024-10-29 02:10:33,058 INFO: Disabling torque for group Wheg_Group
2024-10-29 02:10:33,059 INFO: Enabling torque for group Wheg_Group
2024-10-29 02:10:33,059 INFO: Setting the profile velocity for group Wheg_Group from config.yaml: 10
2024-10-29 02:10:33,061 INFO: Profile velocities set for group Wheg_Group: {1: 43.7, 2: 43.7, 3: 43.7, 4: 43.7, 5: 43.7, 6: 43.7}
2024-10-29 02:10:33,061 INFO: Running set_position_group for group 'Pivot_Group' with positions: 180
2024-10-29 02:10:33,065 INFO: Initialised Gait 3, waiting for 3 seconds
2024-10-29 02:10:36,118 INFO: Setting operating mode 'multi_turn' for group 'Wheg_Group'
2024-10-29 02:10:36,119 INFO: Disabling torque for group Wheg_Group
2024-10-29 02:10:36,121 INFO: Enabling torque for group Wheg_Group
2024-10-29 02:10:36,124 INFO: Setting the profile velocity for group Wheg_Group from config.yaml: 10
2024-10-29 02:10:36,125 INFO: Profile velocities set for group Wheg_Group: {1: 43.7, 2: 43.7, 3: 43.7, 4: 43.7, 5: 43.7, 6: 43.7}
2024-10-29 02:10:36,126 INFO: New gait 3 is now active.
2024-10-29 02:10:36,142 INFO: Profile velocities set for group Wheg_Group: {1: 17.48, 2: 17.48, 3: 17.48, 4: 17.48, 5: 17.48, 6: 17.48}
2024-10-29 02:10:36,143 INFO: Incrementing motor positions by {1: 320, 2: 40, 3: 0, 4: 320, 5: 40, 6: 0} degrees for group 'Wheg_Group'
2024-10-29 02:10:36,154 INFO: Gait 3 step executed at 4.00 RPM, wait for 13.36 seconds
2024-10-29 02:10:49,530 INFO: Profile velocities set for group Wheg_Group: {1: 34.96, 2: 34.96, 3: 34.96, 4: 34.96, 5: 34.96, 6: 34.96}
2024-10-29 02:10:49,531 INFO: Incrementing motor positions by {1: 0, 2: 320, 3: 40, 4: 0, 5: 320, 6: 40} degrees for group 'Wheg_Group'
2024-10-29 02:10:49,541 INFO: Gait 3 step executed at 8.00 RPM, wait for 6.69 seconds
2024-10-29 02:10:56,295 INFO: Profile velocities set for group Wheg_Group: {1: 52.44, 2: 52.44, 3: 52.44, 4: 52.44, 5: 52.44, 6: 52.44}
2024-10-29 02:10:56,296 INFO: Incrementing motor positions by {1: 40, 2: 0, 3: 320, 4: 40, 5: 0, 6: 320} degrees for group 'Wheg_Group'
2024-10-29 02:10:56,306 INFO: Gait 3 step executed at 12.00 RPM, wait for 4.47 seconds
2024-10-29 02:11:00,794 INFO: Profile velocities set for group Wheg_Group: {1: 69.92, 2: 69.92, 3: 69.92, 4: 69.92, 5: 69.92, 6: 69.92}
2024-10-29 02:11:00,794 INFO: Incrementing motor positions by {1: 320, 2: 40, 3: 0, 4: 320, 5: 40, 6: 0} degrees for group 'Wheg_Group'
2024-10-29 02:11:00,805 INFO: Gait 3 step executed at 16.00 RPM, wait for 3.36 seconds
2024-10-29 02:11:04,181 INFO: Profile velocities set for group Wheg_Group: {1: 87.39893310546876, 2: 87.39893310546876, 3: 87.39893310546876, 4: 87.39893310546876, 5: 87.39893310546876, 6: 87.39893310546876}
2024-10-29 02:11:04,182 INFO: Incrementing motor positions by {1: 0, 2: 320, 3: 40, 4: 0, 5: 320, 6: 40} degrees for group 'Wheg_Group'
2024-10-29 02:11:04,193 INFO: Gait 3 step executed at 20.00 RPM, wait for 2.69 seconds
2024-10-29 02:11:06,906 INFO: Profile velocities set for group Wheg_Group: {1: 87.39893310546876, 2: 87.39893310546876, 3: 87.39893310546876, 4: 87.39893310546876, 5: 87.39893310546876, 6: 87.39893310546876}
2024-10-29 02:11:06,907 INFO: Incrementing motor positions by {1: 40, 2: 0, 3: 320, 4: 40, 5: 0, 6: 320} degrees for group 'Wheg_Group'
2024-10-29 02:11:06,917 INFO: Gait 3 step executed at 20.00 RPM, wait for 2.69 seconds
2024-10-29 02:11:09,631 INFO: Triangle pressed. Preparing to change to next gait: 4
2024-10-29 02:11:09,645 INFO: Initialising Gait 4
2024-10-29 02:11:09,649 INFO: Direction data: {1: {'drive_mode': 0}, 2: {'drive_mode': 0}, 3: {'drive_mode': 0}}
2024-10-29 02:11:09,649 INFO: Disabling torque for group Left_Whegs
2024-10-29 02:11:09,651 INFO: Drive mode set for group Left_Whegs with reverse_direction={1: 1, 2: 1, 3: 1}
2024-10-29 02:11:09,651 INFO: Enabling torque for group Left_Whegs
2024-10-29 02:11:09,655 INFO: Motor 1 drive mode correctly set to reverse
2024-10-29 02:11:09,655 INFO: Motor 2 drive mode correctly set to reverse
2024-10-29 02:11:09,656 INFO: Motor 3 drive mode correctly set to reverse
2024-10-29 02:11:09,656 WARNING: Reversed the direction of the left whegs
2024-10-29 02:11:09,657 INFO: Running set_position_group for group 'Wheg_Group' with positions: {1: 160, 2: 200, 3: 160, 4: 200, 5: 160, 6: 200}
2024-10-29 02:11:09,662 WARNING: Motor 1 is not in Position Control Mode. Setting mode now.
2024-10-29 02:11:09,663 INFO: Setting operating mode 'position' for group 'Wheg_Group'
2024-10-29 02:11:09,663 INFO: Disabling torque for group Wheg_Group
2024-10-29 02:11:09,664 INFO: Enabling torque for group Wheg_Group
2024-10-29 02:11:09,665 INFO: Setting the profile velocity for group Wheg_Group from config.yaml: 10
2024-10-29 02:11:09,666 INFO: Profile velocities set for group Wheg_Group: {1: 43.7, 2: 43.7, 3: 43.7, 4: 43.7, 5: 43.7, 6: 43.7}
2024-10-29 02:11:09,667 INFO: Running set_position_group for group 'Pivot_Group' with positions: 180
2024-10-29 02:11:09,671 INFO: Initialised Gait 4, waiting for 3 seconds
2024-10-29 02:11:09,739 INFO: Triangle pressed. Preparing to change to next gait: 4
2024-10-29 02:11:12,699 INFO: Setting operating mode 'multi_turn' for group 'Wheg_Group'
2024-10-29 02:11:12,700 INFO: Disabling torque for group Wheg_Group
2024-10-29 02:11:12,701 INFO: Enabling torque for group Wheg_Group
2024-10-29 02:11:12,702 INFO: Setting the profile velocity for group Wheg_Group from config.yaml: 10
2024-10-29 02:11:12,704 INFO: Profile velocities set for group Wheg_Group: {1: 43.7, 2: 43.7, 3: 43.7, 4: 43.7, 5: 43.7, 6: 43.7}
2024-10-29 02:11:12,704 INFO: New gait 4 is now active.
2024-10-29 02:11:12,715 INFO: Initialising Gait 4
2024-10-29 02:11:12,719 INFO: Direction data: {1: {'drive_mode': 1}, 2: {'drive_mode': 1}, 3: {'drive_mode': 1}}
2024-10-29 02:11:12,719 INFO: Disabling torque for group Left_Whegs
2024-10-29 02:11:12,720 INFO: Drive mode set for group Left_Whegs with reverse_direction={1: 0, 2: 0, 3: 0}
2024-10-29 02:11:12,721 INFO: Enabling torque for group Left_Whegs
2024-10-29 02:11:12,724 INFO: Motor 1 drive mode correctly set to normal
2024-10-29 02:11:12,725 INFO: Motor 2 drive mode correctly set to normal
2024-10-29 02:11:12,725 INFO: Motor 3 drive mode correctly set to normal
2024-10-29 02:11:12,726 WARNING: Reversed the direction of the left whegs
2024-10-29 02:11:12,726 INFO: Running set_position_group for group 'Wheg_Group' with positions: {1: 160, 2: 200, 3: 160, 4: 200, 5: 160, 6: 200}
2024-10-29 02:11:12,736 WARNING: Motor 1 is not in Position Control Mode. Setting mode now.
2024-10-29 02:11:12,737 INFO: Setting operating mode 'position' for group 'Wheg_Group'
2024-10-29 02:11:12,738 INFO: Disabling torque for group Wheg_Group
2024-10-29 02:11:12,739 INFO: Enabling torque for group Wheg_Group
2024-10-29 02:11:12,740 INFO: Setting the profile velocity for group Wheg_Group from config.yaml: 10
2024-10-29 02:11:12,740 INFO: Profile velocities set for group Wheg_Group: {1: 43.7, 2: 43.7, 3: 43.7, 4: 43.7, 5: 43.7, 6: 43.7}
2024-10-29 02:11:12,741 INFO: Running set_position_group for group 'Pivot_Group' with positions: 180
2024-10-29 02:11:12,745 INFO: Initialised Gait 4, waiting for 3 seconds
2024-10-29 02:11:15,764 INFO: Setting operating mode 'multi_turn' for group 'Wheg_Group'
2024-10-29 02:11:15,765 INFO: Disabling torque for group Wheg_Group
2024-10-29 02:11:15,768 INFO: Enabling torque for group Wheg_Group
2024-10-29 02:11:15,769 INFO: Setting the profile velocity for group Wheg_Group from config.yaml: 10
2024-10-29 02:11:15,769 INFO: Profile velocities set for group Wheg_Group: {1: 43.7, 2: 43.7, 3: 43.7, 4: 43.7, 5: 43.7, 6: 43.7}
2024-10-29 02:11:15,770 INFO: New gait 4 is now active.
2024-10-29 02:11:15,796 INFO: Profile velocities set for group Wheg_Group: {1: 8.74, 2: 69.92, 3: 8.74, 4: 69.92, 5: 8.74, 6: 69.92}
2024-10-29 02:11:15,797 INFO: Incrementing motor positions by {1: 40, 2: 320, 3: 40, 4: 320, 5: 40, 6: 320} degrees for group 'Wheg_Group'
2024-10-29 02:11:15,808 INFO: Gait 4 step executed at 2.00RPM, wait for 3.36 seconds
2024-10-29 02:11:19,183 INFO: Profile velocities set for group Wheg_Group: {1: 104.87893310546875, 2: 13.109866638183593, 3: 104.87893310546875, 4: 13.109866638183593, 5: 104.87893310546875, 6: 13.109866638183593}
2024-10-29 02:11:19,184 INFO: Incrementing motor positions by {1: 320, 2: 40, 3: 320, 4: 40, 5: 320, 6: 40} degrees for group 'Wheg_Group'
2024-10-29 02:11:19,195 INFO: Gait 4 step executed at 3.00RPM, wait for 2.25 seconds
2024-10-29 02:11:21,510 INFO: Profile velocities set for group Wheg_Group: {1: 13.109866638183593, 2: 104.87893310546875, 3: 13.109866638183593, 4: 104.87893310546875, 5: 13.109866638183593, 6: 104.87893310546875}
2024-10-29 02:11:21,510 INFO: Incrementing motor positions by {1: 40, 2: 320, 3: 40, 4: 320, 5: 40, 6: 320} degrees for group 'Wheg_Group'
2024-10-29 02:11:21,520 INFO: Gait 4 step executed at 3.00RPM, wait for 2.25 seconds
2024-10-29 02:11:23,785 INFO: Profile velocities set for group Wheg_Group: {1: 104.87893310546875, 2: 13.109866638183593, 3: 104.87893310546875, 4: 13.109866638183593, 5: 104.87893310546875, 6: 13.109866638183593}
2024-10-29 02:11:23,785 INFO: Incrementing motor positions by {1: 320, 2: 40, 3: 320, 4: 40, 5: 320, 6: 40} degrees for group 'Wheg_Group'
2024-10-29 02:11:23,796 INFO: Gait 4 step executed at 3.00RPM, wait for 2.25 seconds
2024-10-29 02:11:26,061 INFO: Profile velocities set for group Wheg_Group: {1: 13.109866638183593, 2: 104.87893310546875, 3: 13.109866638183593, 4: 104.87893310546875, 5: 13.109866638183593, 6: 104.87893310546875}
2024-10-29 02:11:26,061 INFO: Incrementing motor positions by {1: 40, 2: 320, 3: 40, 4: 320, 5: 40, 6: 320} degrees for group 'Wheg_Group'
2024-10-29 02:11:26,071 INFO: Gait 4 step executed at 3.00RPM, wait for 2.25 seconds
2024-10-29 02:11:31,133 INFO: Initiating safe shutdown...
2024-10-29 02:11:31,134 INFO: Setting operating mode 'velocity' for group 'All_Motors'
2024-10-29 02:11:31,135 INFO: Disabling torque for group All_Motors
2024-10-29 02:11:31,136 INFO: Enabling torque for group All_Motors
2024-10-29 02:11:31,137 WARNING: Velocity limit 200 exceeds hard limit 100. Limiting to 100.
2024-10-29 02:11:31,138 INFO: Velocity limit set to 100 for group All_Motors
2024-10-29 02:11:31,138 INFO: Enabling torque for group All_Motors
2024-10-29 02:11:31,139 INFO: Target velocities set for group All_Motors: {1: 0, 2: 0, 3: 0, 4: 0, 5: 0, 6: 0, 7: 0, 8: 0}
2024-10-29 02:11:31,140 INFO: Running set_position_group for group 'All_Motors' with positions: 180
2024-10-29 02:11:31,148 WARNING: Motor 1 is not in Position Control Mode. Setting mode now.
2024-10-29 02:11:31,148 INFO: Setting operating mode 'position' for group 'All_Motors'
2024-10-29 02:11:31,149 INFO: Disabling torque for group All_Motors
2024-10-29 02:11:31,150 INFO: Enabling torque for group All_Motors
2024-10-29 02:11:31,151 INFO: Setting the profile velocity for group All_Motors from config.yaml: 5
2024-10-29 02:11:31,152 INFO: Profile velocities set for group All_Motors: {1: 21.85, 2: 21.85, 3: 21.85, 4: 21.85, 5: 21.85, 6: 21.85, 7: 21.85, 8: 21.85}
2024-10-29 02:11:31,153 INFO: Closing PS4Controller and quitting pygame
2024-10-29 02:11:31,252 INFO: Port closed successfully.
2024-10-29 02:11:31,253 INFO: Shutdown complete.
