2025-04-09 16:11:04,398 INFO: Initializing PS4Controller
2025-04-09 16:11:04,808 INFO: Configuration loaded successfully
2025-04-09 16:11:04,810 INFO: Port /dev/ttyACM0 opened successfully
2025-04-09 16:11:04,820 INFO: Baudrate set to 1000000
2025-04-09 16:11:04,820 INFO: Control table loaded successfully.
2025-04-09 16:11:04,821 INFO: Motor group 'Pivot_Group' created with motors: [7, 8]
2025-04-09 16:11:04,821 INFO: Motor group 'Wheg_Group' created with motors: [1, 2, 3, 4, 5, 6]
2025-04-09 16:11:04,821 INFO: Motor group 'All_Motors' created with motors: [1, 2, 3, 4, 5, 6, 7, 8]
2025-04-09 16:11:04,821 INFO: Motor group 'Left_Whegs' created with motors: [1, 2, 3]
2025-04-09 16:11:04,821 INFO: Motor group 'Right_Whegs' created with motors: [4, 5, 6]
2025-04-09 16:11:04,821 INFO: Motor group 'Front_Whegs' created with motors: [3, 6]
2025-04-09 16:11:04,822 INFO: Motor group 'Rear_Whegs' created with motors: [1, 4]
2025-04-09 16:11:04,822 INFO: Motor group 'Middle_Whegs' created with motors: [2, 5]
2025-04-09 16:11:04,822 INFO: Motor group 'Two_Right_One_Left' created with motors: [2, 4, 6]
2025-04-09 16:11:04,822 INFO: Motor group 'Two_Left_One_Right' created with motors: [5, 1, 3]
2025-04-09 16:11:04,822 INFO: Initialised PS4 controller, Dynamixel, and Robot State
2025-04-09 16:11:04,823 INFO: Disabling torque for group Right_Whegs
2025-04-09 16:11:04,823 INFO: Drive mode set for group Right_Whegs with reverse_direction=True
2025-04-09 16:11:04,824 INFO: Enabling torque for group Right_Whegs
2025-04-09 16:11:04,824 INFO: Setting the profile velocity for group Right_Whegs from config.yaml: None
2025-04-09 16:11:04,824 ERROR: Profile velocity for group Right_Whegs not found in config.yaml and no value was provided.
2025-04-09 16:11:04,824 INFO: Disabling torque for group Left_Whegs
2025-04-09 16:11:04,825 INFO: Drive mode set for group Left_Whegs with reverse_direction=False
2025-04-09 16:11:04,825 INFO: Enabling torque for group Left_Whegs
2025-04-09 16:11:04,826 INFO: Setting the profile velocity for group Left_Whegs from config.yaml: None
2025-04-09 16:11:04,826 ERROR: Profile velocity for group Left_Whegs not found in config.yaml and no value was provided.
2025-04-09 16:11:04,826 INFO: Set the right side whegs to reverse direction
2025-04-09 16:11:04,827 INFO: Disabling torque for group Pivot_Group
2025-04-09 16:11:04,828 INFO: Drive mode set for group Pivot_Group with reverse_direction=False
2025-04-09 16:11:04,828 INFO: Enabling torque for group Pivot_Group
2025-04-09 16:11:04,829 INFO: Setting the profile velocity for group Pivot_Group from config.yaml: 4
2025-04-09 16:11:04,829 INFO: Profile velocities set for group Pivot_Group: {7: 17.48, 8: 17.48}
2025-04-09 16:11:04,830 INFO: Position limits set for group Pivot_Group: min=45° (ticks=511), max=315° (ticks=3583)
2025-04-09 16:11:04,831 INFO: Set position limits for the pivot motors
2025-04-09 16:11:05,006 INFO: Initialising Gait 1
2025-04-09 16:11:05,007 INFO: Disabling torque for group Wheg_Group
2025-04-09 16:11:05,008 INFO: Drive mode set for group Wheg_Group with reverse_direction={1: 0, 2: 0, 3: 0, 4: 1, 5: 1, 6: 1}
2025-04-09 16:11:05,008 INFO: Enabling torque for group Wheg_Group
2025-04-09 16:11:05,008 INFO: Setting the profile velocity for group Wheg_Group from config.yaml: 10
2025-04-09 16:11:05,009 INFO: Profile velocities set for group Wheg_Group: {1: 43.7, 2: 43.7, 3: 43.7, 4: 43.7, 5: 43.7, 6: 43.7}
2025-04-09 16:11:05,009 WARNING: Set direction of whegs to forward
2025-04-09 16:11:05,010 WARNING: Direction set for all whegs
2025-04-09 16:11:05,010 INFO: Running set_position_group for group 'Wheg_Group' with positions: 180
2025-04-09 16:11:05,015 INFO: Running set_position_group for group 'Pivot_Group' with positions: 180
2025-04-09 16:11:05,018 INFO: Initialised Gait 1, waiting for 1 seconds
2025-04-09 16:11:05,019 ERROR: Error controlling pivots: 'dpad_down'
2025-04-09 16:11:06,019 INFO: Setting operating mode 'multi_turn' for group 'Wheg_Group'
2025-04-09 16:11:06,020 INFO: Disabling torque for group Wheg_Group
2025-04-09 16:11:06,020 INFO: Enabling torque for group Wheg_Group
2025-04-09 16:11:06,021 INFO: Setting the profile velocity for group Wheg_Group from config.yaml: 10
2025-04-09 16:11:06,022 INFO: Profile velocities set for group Wheg_Group: {1: 43.7, 2: 43.7, 3: 43.7, 4: 43.7, 5: 43.7, 6: 43.7}
2025-04-09 16:11:06,022 INFO: Setting the profile velocity for group Wheg_Group from config.yaml: 10
2025-04-09 16:11:06,023 INFO: Profile velocities set for group Wheg_Group: {1: 43.7, 2: 43.7, 3: 43.7, 4: 43.7, 5: 43.7, 6: 43.7}
2025-04-09 16:11:06,023 INFO: New gait 1 is now active.
2025-04-09 16:11:06,949 INFO: Profile velocities set for group Wheg_Group: {1: 87.4, 2: 87.4, 3: 87.4, 4: 87.4, 5: 87.4, 6: 87.4}
2025-04-09 16:11:06,949 INFO: Incrementing motor positions by 360 degrees for group 'Wheg_Group'
2025-04-09 16:11:06,960 INFO: Gait 1 step executed at 20.00RPM, wait for 3.00 seconds
2025-04-09 16:11:10,907 INFO: Running set_position_group for group 'Pivot_Group' with positions: {7: 175, 8: 180}
2025-04-09 16:11:10,910 INFO: Front pivot angle set to 175 degrees (ticks: 175)
2025-04-09 16:11:10,911 INFO: Rear pivot angle set to 180 degrees (ticks: 180)
2025-04-09 16:11:11,162 INFO: Running set_position_group for group 'Pivot_Group' with positions: {7: 170, 8: 180}
2025-04-09 16:11:11,166 INFO: Front pivot angle set to 170 degrees (ticks: 170)
2025-04-09 16:11:11,166 INFO: Rear pivot angle set to 180 degrees (ticks: 180)
2025-04-09 16:11:11,419 INFO: Running set_position_group for group 'Pivot_Group' with positions: {7: 165, 8: 180}
2025-04-09 16:11:11,423 INFO: Front pivot angle set to 165 degrees (ticks: 165)
2025-04-09 16:11:11,423 INFO: Rear pivot angle set to 180 degrees (ticks: 180)
2025-04-09 16:11:11,678 INFO: Running set_position_group for group 'Pivot_Group' with positions: {7: 160, 8: 180}
2025-04-09 16:11:11,682 INFO: Front pivot angle set to 160 degrees (ticks: 160)
2025-04-09 16:11:11,682 INFO: Rear pivot angle set to 180 degrees (ticks: 180)
2025-04-09 16:11:11,940 INFO: Running set_position_group for group 'Pivot_Group' with positions: {7: 155, 8: 180}
2025-04-09 16:11:11,943 INFO: Front pivot angle set to 155 degrees (ticks: 155)
2025-04-09 16:11:11,943 INFO: Rear pivot angle set to 180 degrees (ticks: 180)
2025-04-09 16:11:12,241 INFO: Running set_position_group for group 'Pivot_Group' with positions: {7: 150, 8: 180}
2025-04-09 16:11:12,251 INFO: Front pivot angle set to 150 degrees (ticks: 150)
2025-04-09 16:11:12,255 INFO: Rear pivot angle set to 180 degrees (ticks: 180)
2025-04-09 16:11:12,510 INFO: Running set_position_group for group 'Pivot_Group' with positions: {7: 145, 8: 180}
2025-04-09 16:11:12,514 INFO: Front pivot angle set to 145 degrees (ticks: 145)
2025-04-09 16:11:12,514 INFO: Rear pivot angle set to 180 degrees (ticks: 180)
2025-04-09 16:11:12,765 INFO: Running set_position_group for group 'Pivot_Group' with positions: {7: 140, 8: 180}
2025-04-09 16:11:12,769 INFO: Front pivot angle set to 140 degrees (ticks: 140)
2025-04-09 16:11:12,769 INFO: Rear pivot angle set to 180 degrees (ticks: 180)
2025-04-09 16:11:13,049 INFO: Running set_position_group for group 'Pivot_Group' with positions: {7: 135, 8: 180}
2025-04-09 16:11:13,052 INFO: Front pivot angle set to 135 degrees (ticks: 135)
2025-04-09 16:11:13,053 INFO: Rear pivot angle set to 180 degrees (ticks: 180)
2025-04-09 16:11:13,306 INFO: Running set_position_group for group 'Pivot_Group' with positions: {7: 130, 8: 180}
2025-04-09 16:11:13,309 INFO: Front pivot angle set to 130 degrees (ticks: 130)
2025-04-09 16:11:13,310 INFO: Rear pivot angle set to 180 degrees (ticks: 180)
2025-04-09 16:11:13,565 INFO: Running set_position_group for group 'Pivot_Group' with positions: {7: 125, 8: 180}
2025-04-09 16:11:13,568 INFO: Front pivot angle set to 125 degrees (ticks: 125)
2025-04-09 16:11:13,569 INFO: Rear pivot angle set to 180 degrees (ticks: 180)
2025-04-09 16:11:13,851 INFO: Running set_position_group for group 'Pivot_Group' with positions: {7: 120, 8: 180}
2025-04-09 16:11:13,855 INFO: Front pivot angle set to 120 degrees (ticks: 120)
2025-04-09 16:11:13,855 INFO: Rear pivot angle set to 180 degrees (ticks: 180)
2025-04-09 16:11:14,368 INFO: Running set_position_group for group 'Pivot_Group' with positions: {7: 125, 8: 180}
2025-04-09 16:11:14,372 INFO: Front pivot angle set to 125 degrees (ticks: 125)
2025-04-09 16:11:14,373 INFO: Rear pivot angle set to 180 degrees (ticks: 180)
2025-04-09 16:11:14,625 INFO: Running set_position_group for group 'Pivot_Group' with positions: {7: 130, 8: 180}
2025-04-09 16:11:14,629 INFO: Front pivot angle set to 130 degrees (ticks: 130)
2025-04-09 16:11:14,629 INFO: Rear pivot angle set to 180 degrees (ticks: 180)
2025-04-09 16:11:15,151 INFO: Running set_position_group for group 'Pivot_Group' with positions: {7: 130, 8: 185}
2025-04-09 16:11:15,154 INFO: Front pivot angle set to 130 degrees (ticks: 130)
2025-04-09 16:11:15,155 INFO: Rear pivot angle set to 185 degrees (ticks: 185)
2025-04-09 16:11:15,411 INFO: Running set_position_group for group 'Pivot_Group' with positions: {7: 130, 8: 190}
2025-04-09 16:11:15,415 INFO: Front pivot angle set to 130 degrees (ticks: 130)
2025-04-09 16:11:15,415 INFO: Rear pivot angle set to 190 degrees (ticks: 190)
2025-04-09 16:11:15,673 INFO: Running set_position_group for group 'Pivot_Group' with positions: {7: 130, 8: 195}
2025-04-09 16:11:15,676 INFO: Front pivot angle set to 130 degrees (ticks: 130)
2025-04-09 16:11:15,677 INFO: Rear pivot angle set to 195 degrees (ticks: 195)
2025-04-09 16:11:15,934 INFO: Running set_position_group for group 'Pivot_Group' with positions: {7: 130, 8: 190}
2025-04-09 16:11:15,937 INFO: Front pivot angle set to 130 degrees (ticks: 130)
2025-04-09 16:11:15,938 INFO: Rear pivot angle set to 190 degrees (ticks: 190)
2025-04-09 16:11:16,194 INFO: Running set_position_group for group 'Pivot_Group' with positions: {7: 130, 8: 185}
2025-04-09 16:11:16,198 INFO: Front pivot angle set to 130 degrees (ticks: 130)
2025-04-09 16:11:16,198 INFO: Rear pivot angle set to 185 degrees (ticks: 185)
2025-04-09 16:11:16,451 INFO: Running set_position_group for group 'Pivot_Group' with positions: {7: 130, 8: 180}
2025-04-09 16:11:16,455 INFO: Front pivot angle set to 130 degrees (ticks: 130)
2025-04-09 16:11:16,455 INFO: Rear pivot angle set to 180 degrees (ticks: 180)
2025-04-09 16:11:16,706 INFO: Running set_position_group for group 'Pivot_Group' with positions: {7: 130, 8: 175}
2025-04-09 16:11:16,709 INFO: Front pivot angle set to 130 degrees (ticks: 130)
2025-04-09 16:11:16,710 INFO: Rear pivot angle set to 175 degrees (ticks: 175)
2025-04-09 16:11:16,960 INFO: Running set_position_group for group 'Pivot_Group' with positions: {7: 130, 8: 170}
2025-04-09 16:11:16,964 INFO: Front pivot angle set to 130 degrees (ticks: 130)
2025-04-09 16:11:16,964 INFO: Rear pivot angle set to 170 degrees (ticks: 170)
2025-04-09 16:11:17,215 INFO: Running set_position_group for group 'Pivot_Group' with positions: {7: 130, 8: 165}
2025-04-09 16:11:17,219 INFO: Front pivot angle set to 130 degrees (ticks: 130)
2025-04-09 16:11:17,219 INFO: Rear pivot angle set to 165 degrees (ticks: 165)
2025-04-09 16:11:17,470 INFO: Running set_position_group for group 'Pivot_Group' with positions: {7: 130, 8: 160}
2025-04-09 16:11:17,474 INFO: Front pivot angle set to 130 degrees (ticks: 130)
2025-04-09 16:11:17,474 INFO: Rear pivot angle set to 160 degrees (ticks: 160)
2025-04-09 16:11:17,725 INFO: Running set_position_group for group 'Pivot_Group' with positions: {7: 130, 8: 155}
2025-04-09 16:11:17,729 INFO: Front pivot angle set to 130 degrees (ticks: 130)
2025-04-09 16:11:17,729 INFO: Rear pivot angle set to 155 degrees (ticks: 155)
2025-04-09 16:11:17,980 INFO: Running set_position_group for group 'Pivot_Group' with positions: {7: 130, 8: 150}
2025-04-09 16:11:17,983 INFO: Front pivot angle set to 130 degrees (ticks: 130)
2025-04-09 16:11:17,983 INFO: Rear pivot angle set to 150 degrees (ticks: 150)
2025-04-09 16:11:18,234 INFO: Running set_position_group for group 'Pivot_Group' with positions: {7: 130, 8: 145}
2025-04-09 16:11:18,238 INFO: Front pivot angle set to 130 degrees (ticks: 130)
2025-04-09 16:11:18,238 INFO: Rear pivot angle set to 145 degrees (ticks: 145)
2025-04-09 16:11:18,489 INFO: Running set_position_group for group 'Pivot_Group' with positions: {7: 130, 8: 140}
2025-04-09 16:11:18,492 INFO: Front pivot angle set to 130 degrees (ticks: 130)
2025-04-09 16:11:18,493 INFO: Rear pivot angle set to 140 degrees (ticks: 140)
2025-04-09 16:11:18,752 INFO: Running set_position_group for group 'Pivot_Group' with positions: {7: 130, 8: 135}
2025-04-09 16:11:18,756 INFO: Front pivot angle set to 130 degrees (ticks: 130)
2025-04-09 16:11:18,756 INFO: Rear pivot angle set to 135 degrees (ticks: 135)
2025-04-09 16:11:19,007 INFO: Running set_position_group for group 'Pivot_Group' with positions: {7: 130, 8: 130}
2025-04-09 16:11:19,011 INFO: Front pivot angle set to 130 degrees (ticks: 130)
2025-04-09 16:11:19,011 INFO: Rear pivot angle set to 130 degrees (ticks: 130)
2025-04-09 16:11:34,340 INFO: Profile velocities set for group Wheg_Group: {1: 87.4, 2: 87.4, 3: 87.4, 4: 87.4, 5: 87.4, 6: 87.4}
2025-04-09 16:11:34,340 INFO: Incrementing motor positions by 360 degrees for group 'Wheg_Group'
2025-04-09 16:11:34,351 INFO: Gait 1 step executed at 20.00RPM, wait for 3.00 seconds
2025-04-09 16:11:36,013 INFO: Running set_position_group for group 'Pivot_Group' with positions: {7: 125, 8: 130}
2025-04-09 16:11:36,017 INFO: Front pivot angle set to 125 degrees (ticks: 125)
2025-04-09 16:11:36,017 INFO: Rear pivot angle set to 130 degrees (ticks: 130)
2025-04-09 16:11:36,273 INFO: Running set_position_group for group 'Pivot_Group' with positions: {7: 120, 8: 130}
2025-04-09 16:11:36,277 INFO: Front pivot angle set to 120 degrees (ticks: 120)
2025-04-09 16:11:36,277 INFO: Rear pivot angle set to 130 degrees (ticks: 130)
2025-04-09 16:11:36,533 INFO: Running set_position_group for group 'Pivot_Group' with positions: {7: 115, 8: 130}
2025-04-09 16:11:36,538 INFO: Front pivot angle set to 115 degrees (ticks: 115)
2025-04-09 16:11:36,538 INFO: Rear pivot angle set to 130 degrees (ticks: 130)
2025-04-09 16:11:37,917 INFO: Profile velocities set for group Wheg_Group: {1: 87.4, 2: 87.4, 3: 87.4, 4: 87.4, 5: 87.4, 6: 87.4}
2025-04-09 16:11:37,918 INFO: Incrementing motor positions by 360 degrees for group 'Wheg_Group'
2025-04-09 16:11:37,928 INFO: Gait 1 step executed at 20.00RPM, wait for 3.00 seconds
2025-04-09 16:11:41,738 INFO: Running set_position_group for group 'Pivot_Group' with positions: {7: 120, 8: 130}
2025-04-09 16:11:41,741 INFO: Front pivot angle set to 120 degrees (ticks: 120)
2025-04-09 16:11:41,741 INFO: Rear pivot angle set to 130 degrees (ticks: 130)
2025-04-09 16:11:42,000 INFO: Running set_position_group for group 'Pivot_Group' with positions: {7: 125, 8: 130}
2025-04-09 16:11:42,004 INFO: Front pivot angle set to 125 degrees (ticks: 125)
2025-04-09 16:11:42,004 INFO: Rear pivot angle set to 130 degrees (ticks: 130)
2025-04-09 16:11:42,261 INFO: Running set_position_group for group 'Pivot_Group' with positions: {7: 125, 8: 125}
2025-04-09 16:11:42,264 INFO: Front pivot angle set to 125 degrees (ticks: 125)
2025-04-09 16:11:42,265 INFO: Rear pivot angle set to 125 degrees (ticks: 125)
2025-04-09 16:11:42,523 INFO: Running set_position_group for group 'Pivot_Group' with positions: {7: 125, 8: 120}
2025-04-09 16:11:42,527 INFO: Front pivot angle set to 125 degrees (ticks: 125)
2025-04-09 16:11:42,527 INFO: Rear pivot angle set to 120 degrees (ticks: 120)
2025-04-09 16:11:42,788 INFO: Running set_position_group for group 'Pivot_Group' with positions: {7: 125, 8: 115}
2025-04-09 16:11:42,792 INFO: Front pivot angle set to 125 degrees (ticks: 125)
2025-04-09 16:11:42,792 INFO: Rear pivot angle set to 115 degrees (ticks: 115)
2025-04-09 16:11:43,750 INFO: Profile velocities set for group Wheg_Group: {1: 87.4, 2: 87.4, 3: 87.4, 4: 87.4, 5: 87.4, 6: 87.4}
2025-04-09 16:11:43,751 INFO: Incrementing motor positions by 360 degrees for group 'Wheg_Group'
2025-04-09 16:11:43,762 INFO: Gait 1 step executed at 20.00RPM, wait for 3.00 seconds
2025-04-09 16:11:44,359 INFO: Running set_position_group for group 'Pivot_Group' with positions: {7: 125, 8: 110}
2025-04-09 16:11:44,363 INFO: Front pivot angle set to 125 degrees (ticks: 125)
2025-04-09 16:11:44,363 INFO: Rear pivot angle set to 110 degrees (ticks: 110)
2025-04-09 16:11:46,975 INFO: Running set_position_group for group 'Pivot_Group' with positions: {7: 130, 8: 110}
2025-04-09 16:11:46,979 INFO: Front pivot angle set to 130 degrees (ticks: 130)
2025-04-09 16:11:46,979 INFO: Rear pivot angle set to 110 degrees (ticks: 110)
2025-04-09 16:11:47,241 INFO: Running set_position_group for group 'Pivot_Group' with positions: {7: 135, 8: 110}
2025-04-09 16:11:47,245 INFO: Front pivot angle set to 135 degrees (ticks: 135)
2025-04-09 16:11:47,245 INFO: Rear pivot angle set to 110 degrees (ticks: 110)
2025-04-09 16:11:47,512 INFO: Running set_position_group for group 'Pivot_Group' with positions: {7: 135, 8: 115}
2025-04-09 16:11:47,516 INFO: Front pivot angle set to 135 degrees (ticks: 135)
2025-04-09 16:11:47,516 INFO: Rear pivot angle set to 115 degrees (ticks: 115)
2025-04-09 16:11:47,782 INFO: Running set_position_group for group 'Pivot_Group' with positions: {7: 135, 8: 120}
2025-04-09 16:11:47,786 INFO: Front pivot angle set to 135 degrees (ticks: 135)
2025-04-09 16:11:47,786 INFO: Rear pivot angle set to 120 degrees (ticks: 120)
2025-04-09 16:11:48,050 INFO: Running set_position_group for group 'Pivot_Group' with positions: {7: 135, 8: 125}
2025-04-09 16:11:48,053 INFO: Front pivot angle set to 135 degrees (ticks: 135)
2025-04-09 16:11:48,054 INFO: Rear pivot angle set to 125 degrees (ticks: 125)
2025-04-09 16:11:48,314 INFO: Running set_position_group for group 'Pivot_Group' with positions: {7: 135, 8: 130}
2025-04-09 16:11:48,318 INFO: Front pivot angle set to 135 degrees (ticks: 135)
2025-04-09 16:11:48,318 INFO: Rear pivot angle set to 130 degrees (ticks: 130)
2025-04-09 16:11:49,021 INFO: Profile velocities set for group Wheg_Group: {1: 87.4, 2: 87.4, 3: 87.4, 4: 87.4, 5: 87.4, 6: 87.4}
2025-04-09 16:11:49,022 INFO: Incrementing motor positions by 360 degrees for group 'Wheg_Group'
2025-04-09 16:11:49,033 INFO: Gait 1 step executed at 20.00RPM, wait for 3.00 seconds
2025-04-09 16:11:52,598 INFO: Running set_position_group for group 'Pivot_Group' with positions: {7: 130, 8: 130}
2025-04-09 16:11:52,601 INFO: Front pivot angle set to 130 degrees (ticks: 130)
2025-04-09 16:11:52,601 INFO: Rear pivot angle set to 130 degrees (ticks: 130)
2025-04-09 16:11:52,867 INFO: Running set_position_group for group 'Pivot_Group' with positions: {7: 125, 8: 130}
2025-04-09 16:11:52,871 INFO: Front pivot angle set to 125 degrees (ticks: 125)
2025-04-09 16:11:52,871 INFO: Rear pivot angle set to 130 degrees (ticks: 130)
2025-04-09 16:11:53,134 INFO: Running set_position_group for group 'Pivot_Group' with positions: {7: 120, 8: 130}
2025-04-09 16:11:53,137 INFO: Front pivot angle set to 120 degrees (ticks: 120)
2025-04-09 16:11:53,138 INFO: Rear pivot angle set to 130 degrees (ticks: 130)
2025-04-09 16:11:53,401 INFO: Running set_position_group for group 'Pivot_Group' with positions: {7: 115, 8: 130}
2025-04-09 16:11:53,404 INFO: Front pivot angle set to 115 degrees (ticks: 115)
2025-04-09 16:11:53,404 INFO: Rear pivot angle set to 130 degrees (ticks: 130)
2025-04-09 16:11:53,675 INFO: Running set_position_group for group 'Pivot_Group' with positions: {7: 110, 8: 130}
2025-04-09 16:11:53,678 INFO: Front pivot angle set to 110 degrees (ticks: 110)
2025-04-09 16:11:53,679 INFO: Rear pivot angle set to 130 degrees (ticks: 130)
2025-04-09 16:11:54,214 INFO: Running set_position_group for group 'Pivot_Group' with positions: {7: 110, 8: 125}
2025-04-09 16:11:54,217 INFO: Front pivot angle set to 110 degrees (ticks: 110)
2025-04-09 16:11:54,217 INFO: Rear pivot angle set to 125 degrees (ticks: 125)
2025-04-09 16:11:54,481 INFO: Running set_position_group for group 'Pivot_Group' with positions: {7: 110, 8: 120}
2025-04-09 16:11:54,485 INFO: Front pivot angle set to 110 degrees (ticks: 110)
2025-04-09 16:11:54,485 INFO: Rear pivot angle set to 120 degrees (ticks: 120)
2025-04-09 16:11:55,067 INFO: Running set_position_group for group 'Pivot_Group' with positions: {7: 110, 8: 125}
2025-04-09 16:11:55,070 INFO: Front pivot angle set to 110 degrees (ticks: 110)
2025-04-09 16:11:55,071 INFO: Rear pivot angle set to 125 degrees (ticks: 125)
2025-04-09 16:11:55,322 INFO: Running set_position_group for group 'Pivot_Group' with positions: {7: 110, 8: 130}
2025-04-09 16:11:55,325 INFO: Front pivot angle set to 110 degrees (ticks: 110)
2025-04-09 16:11:55,326 INFO: Rear pivot angle set to 130 degrees (ticks: 130)
2025-04-09 16:11:55,580 INFO: Running set_position_group for group 'Pivot_Group' with positions: {7: 110, 8: 135}
2025-04-09 16:11:55,583 INFO: Front pivot angle set to 110 degrees (ticks: 110)
2025-04-09 16:11:55,584 INFO: Rear pivot angle set to 135 degrees (ticks: 135)
2025-04-09 16:11:55,835 INFO: Running set_position_group for group 'Pivot_Group' with positions: {7: 110, 8: 140}
2025-04-09 16:11:55,839 INFO: Front pivot angle set to 110 degrees (ticks: 110)
2025-04-09 16:11:55,839 INFO: Rear pivot angle set to 140 degrees (ticks: 140)
2025-04-09 16:11:56,098 INFO: Running set_position_group for group 'Pivot_Group' with positions: {7: 110, 8: 145}
2025-04-09 16:11:56,101 INFO: Front pivot angle set to 110 degrees (ticks: 110)
2025-04-09 16:11:56,102 INFO: Rear pivot angle set to 145 degrees (ticks: 145)
2025-04-09 16:11:56,367 INFO: Running set_position_group for group 'Pivot_Group' with positions: {7: 110, 8: 150}
2025-04-09 16:11:56,370 INFO: Front pivot angle set to 110 degrees (ticks: 110)
2025-04-09 16:11:56,371 INFO: Rear pivot angle set to 150 degrees (ticks: 150)
2025-04-09 16:11:56,811 INFO: Profile velocities set for group Wheg_Group: {1: 87.4, 2: 87.4, 3: 87.4, 4: 87.4, 5: 87.4, 6: 87.4}
2025-04-09 16:11:56,811 INFO: Incrementing motor positions by 360 degrees for group 'Wheg_Group'
2025-04-09 16:11:56,821 INFO: Gait 1 step executed at 20.00RPM, wait for 3.00 seconds
2025-04-09 16:12:00,457 INFO: Running set_position_group for group 'Pivot_Group' with positions: {7: 115, 8: 150}
2025-04-09 16:12:00,460 INFO: Front pivot angle set to 115 degrees (ticks: 115)
2025-04-09 16:12:00,461 INFO: Rear pivot angle set to 150 degrees (ticks: 150)
2025-04-09 16:12:00,725 INFO: Running set_position_group for group 'Pivot_Group' with positions: {7: 120, 8: 150}
2025-04-09 16:12:00,729 INFO: Front pivot angle set to 120 degrees (ticks: 120)
2025-04-09 16:12:00,729 INFO: Rear pivot angle set to 150 degrees (ticks: 150)
2025-04-09 16:12:01,000 INFO: Running set_position_group for group 'Pivot_Group' with positions: {7: 125, 8: 150}
2025-04-09 16:12:01,003 INFO: Front pivot angle set to 125 degrees (ticks: 125)
2025-04-09 16:12:01,004 INFO: Rear pivot angle set to 150 degrees (ticks: 150)
2025-04-09 16:12:01,274 INFO: Running set_position_group for group 'Pivot_Group' with positions: {7: 130, 8: 150}
2025-04-09 16:12:01,278 INFO: Front pivot angle set to 130 degrees (ticks: 130)
2025-04-09 16:12:01,279 INFO: Rear pivot angle set to 150 degrees (ticks: 150)
2025-04-09 16:12:01,543 INFO: Running set_position_group for group 'Pivot_Group' with positions: {7: 135, 8: 150}
2025-04-09 16:12:01,546 INFO: Front pivot angle set to 135 degrees (ticks: 135)
2025-04-09 16:12:01,546 INFO: Rear pivot angle set to 150 degrees (ticks: 150)
2025-04-09 16:12:01,813 INFO: Running set_position_group for group 'Pivot_Group' with positions: {7: 140, 8: 150}
2025-04-09 16:12:01,816 INFO: Front pivot angle set to 140 degrees (ticks: 140)
2025-04-09 16:12:01,816 INFO: Rear pivot angle set to 150 degrees (ticks: 150)
2025-04-09 16:12:01,992 INFO: Profile velocities set for group Wheg_Group: {1: 87.4, 2: 87.4, 3: 87.4, 4: 87.4, 5: 87.4, 6: 87.4}
2025-04-09 16:12:01,993 INFO: Incrementing motor positions by 360 degrees for group 'Wheg_Group'
2025-04-09 16:12:02,003 INFO: Gait 1 step executed at 20.00RPM, wait for 3.00 seconds
2025-04-09 16:12:05,036 INFO: Profile velocities set for group Wheg_Group: {1: 109.25, 2: 109.25, 3: 109.25, 4: 109.25, 5: 109.25, 6: 109.25}
2025-04-09 16:12:05,036 INFO: Incrementing motor positions by 360 degrees for group 'Wheg_Group'
2025-04-09 16:12:05,048 INFO: Gait 1 step executed at 25.00RPM, wait for 2.40 seconds
2025-04-09 16:12:06,484 INFO: Running set_position_group for group 'Pivot_Group' with positions: {7: 145, 8: 150}
2025-04-09 16:12:06,488 INFO: Front pivot angle set to 145 degrees (ticks: 145)
2025-04-09 16:12:06,488 INFO: Rear pivot angle set to 150 degrees (ticks: 150)
2025-04-09 16:12:06,752 INFO: Running set_position_group for group 'Pivot_Group' with positions: {7: 150, 8: 150}
2025-04-09 16:12:06,756 INFO: Front pivot angle set to 150 degrees (ticks: 150)
2025-04-09 16:12:06,756 INFO: Rear pivot angle set to 150 degrees (ticks: 150)
2025-04-09 16:12:07,025 INFO: Running set_position_group for group 'Pivot_Group' with positions: {7: 155, 8: 150}
2025-04-09 16:12:07,029 INFO: Front pivot angle set to 155 degrees (ticks: 155)
2025-04-09 16:12:07,029 INFO: Rear pivot angle set to 150 degrees (ticks: 150)
2025-04-09 16:12:07,297 INFO: Running set_position_group for group 'Pivot_Group' with positions: {7: 160, 8: 150}
2025-04-09 16:12:07,300 INFO: Front pivot angle set to 160 degrees (ticks: 160)
2025-04-09 16:12:07,300 INFO: Rear pivot angle set to 150 degrees (ticks: 150)
2025-04-09 16:12:07,494 INFO: Profile velocities set for group Wheg_Group: {1: 131.1, 2: 131.1, 3: 131.1, 4: 131.1, 5: 131.1, 6: 131.1}
2025-04-09 16:12:07,495 INFO: Incrementing motor positions by 360 degrees for group 'Wheg_Group'
2025-04-09 16:12:07,505 INFO: Gait 1 step executed at 30.00RPM, wait for 2.00 seconds
2025-04-09 16:12:07,568 INFO: Running set_position_group for group 'Pivot_Group' with positions: {7: 165, 8: 150}
2025-04-09 16:12:07,572 INFO: Front pivot angle set to 165 degrees (ticks: 165)
2025-04-09 16:12:07,572 INFO: Rear pivot angle set to 150 degrees (ticks: 150)
2025-04-09 16:12:07,841 INFO: Running set_position_group for group 'Pivot_Group' with positions: {7: 170, 8: 150}
2025-04-09 16:12:07,844 INFO: Front pivot angle set to 170 degrees (ticks: 170)
2025-04-09 16:12:07,845 INFO: Rear pivot angle set to 150 degrees (ticks: 150)
2025-04-09 16:12:08,111 INFO: Running set_position_group for group 'Pivot_Group' with positions: {7: 175, 8: 150}
2025-04-09 16:12:08,114 INFO: Front pivot angle set to 175 degrees (ticks: 175)
2025-04-09 16:12:08,115 INFO: Rear pivot angle set to 150 degrees (ticks: 150)
2025-04-09 16:12:08,393 INFO: Running set_position_group for group 'Pivot_Group' with positions: {7: 180, 8: 150}
2025-04-09 16:12:08,396 INFO: Front pivot angle set to 180 degrees (ticks: 180)
2025-04-09 16:12:08,396 INFO: Rear pivot angle set to 150 degrees (ticks: 150)
2025-04-09 16:12:08,689 INFO: Running set_position_group for group 'Pivot_Group' with positions: {7: 185, 8: 150}
2025-04-09 16:12:08,693 INFO: Front pivot angle set to 185 degrees (ticks: 185)
2025-04-09 16:12:08,694 INFO: Rear pivot angle set to 150 degrees (ticks: 150)
2025-04-09 16:12:08,945 INFO: Running set_position_group for group 'Pivot_Group' with positions: {7: 190, 8: 150}
2025-04-09 16:12:08,949 INFO: Front pivot angle set to 190 degrees (ticks: 190)
2025-04-09 16:12:08,949 INFO: Rear pivot angle set to 150 degrees (ticks: 150)
2025-04-09 16:12:09,200 INFO: Running set_position_group for group 'Pivot_Group' with positions: {7: 195, 8: 150}
2025-04-09 16:12:09,204 INFO: Front pivot angle set to 195 degrees (ticks: 195)
2025-04-09 16:12:09,205 INFO: Rear pivot angle set to 150 degrees (ticks: 150)
2025-04-09 16:12:09,456 INFO: Running set_position_group for group 'Pivot_Group' with positions: {7: 200, 8: 150}
2025-04-09 16:12:09,459 INFO: Front pivot angle set to 200 degrees (ticks: 200)
2025-04-09 16:12:09,460 INFO: Rear pivot angle set to 150 degrees (ticks: 150)
2025-04-09 16:12:09,557 INFO: Profile velocities set for group Wheg_Group: {1: 152.95000000000002, 2: 152.95000000000002, 3: 152.95000000000002, 4: 152.95000000000002, 5: 152.95000000000002, 6: 152.95000000000002}
2025-04-09 16:12:09,558 INFO: Incrementing motor positions by 360 degrees for group 'Wheg_Group'
2025-04-09 16:12:09,568 INFO: Gait 1 step executed at 35.00RPM, wait for 1.71 seconds
2025-04-09 16:12:09,722 INFO: Running set_position_group for group 'Pivot_Group' with positions: {7: 205, 8: 150}
2025-04-09 16:12:09,725 INFO: Front pivot angle set to 205 degrees (ticks: 205)
2025-04-09 16:12:09,726 INFO: Rear pivot angle set to 150 degrees (ticks: 150)
2025-04-09 16:12:09,995 INFO: Running set_position_group for group 'Pivot_Group' with positions: {7: 210, 8: 150}
2025-04-09 16:12:09,999 INFO: Front pivot angle set to 210 degrees (ticks: 210)
2025-04-09 16:12:09,999 INFO: Rear pivot angle set to 150 degrees (ticks: 150)
2025-04-09 16:12:10,273 INFO: Running set_position_group for group 'Pivot_Group' with positions: {7: 215, 8: 150}
2025-04-09 16:12:10,276 INFO: Front pivot angle set to 215 degrees (ticks: 215)
2025-04-09 16:12:10,277 INFO: Rear pivot angle set to 150 degrees (ticks: 150)
2025-04-09 16:12:10,544 INFO: Running set_position_group for group 'Pivot_Group' with positions: {7: 220, 8: 150}
2025-04-09 16:12:10,548 INFO: Front pivot angle set to 220 degrees (ticks: 220)
2025-04-09 16:12:10,548 INFO: Rear pivot angle set to 150 degrees (ticks: 150)
2025-04-09 16:12:11,302 INFO: Profile velocities set for group Wheg_Group: {1: 174.79866638183594, 2: 174.79866638183594, 3: 174.79866638183594, 4: 174.79866638183594, 5: 174.79866638183594, 6: 174.79866638183594}
2025-04-09 16:12:11,302 INFO: Incrementing motor positions by 360 degrees for group 'Wheg_Group'
2025-04-09 16:12:11,313 INFO: Gait 1 step executed at 40.00RPM, wait for 1.50 seconds
2025-04-09 16:12:11,637 INFO: Running set_position_group for group 'Pivot_Group' with positions: {7: 215, 8: 150}
2025-04-09 16:12:11,641 INFO: Front pivot angle set to 215 degrees (ticks: 215)
2025-04-09 16:12:11,641 INFO: Rear pivot angle set to 150 degrees (ticks: 150)
2025-04-09 16:12:11,912 INFO: Running set_position_group for group 'Pivot_Group' with positions: {7: 210, 8: 150}
2025-04-09 16:12:11,916 INFO: Front pivot angle set to 210 degrees (ticks: 210)
2025-04-09 16:12:11,916 INFO: Rear pivot angle set to 150 degrees (ticks: 150)
2025-04-09 16:12:12,168 INFO: Running set_position_group for group 'Pivot_Group' with positions: {7: 205, 8: 150}
2025-04-09 16:12:12,172 INFO: Front pivot angle set to 205 degrees (ticks: 205)
2025-04-09 16:12:12,172 INFO: Rear pivot angle set to 150 degrees (ticks: 150)
2025-04-09 16:12:13,555 INFO: Running set_position_group for group 'Pivot_Group' with positions: {7: 205, 8: 145}
2025-04-09 16:12:13,558 INFO: Front pivot angle set to 205 degrees (ticks: 205)
2025-04-09 16:12:13,559 INFO: Rear pivot angle set to 145 degrees (ticks: 145)
2025-04-09 16:12:13,848 INFO: Running set_position_group for group 'Pivot_Group' with positions: {7: 205, 8: 140}
2025-04-09 16:12:13,852 INFO: Front pivot angle set to 205 degrees (ticks: 205)
2025-04-09 16:12:13,852 INFO: Rear pivot angle set to 140 degrees (ticks: 140)
2025-04-09 16:12:14,124 INFO: Running set_position_group for group 'Pivot_Group' with positions: {7: 205, 8: 135}
2025-04-09 16:12:14,128 INFO: Front pivot angle set to 205 degrees (ticks: 205)
2025-04-09 16:12:14,128 INFO: Rear pivot angle set to 135 degrees (ticks: 135)
2025-04-09 16:12:14,676 INFO: Running set_position_group for group 'Pivot_Group' with positions: {7: 205, 8: 140}
2025-04-09 16:12:14,680 INFO: Front pivot angle set to 205 degrees (ticks: 205)
2025-04-09 16:12:14,680 INFO: Rear pivot angle set to 140 degrees (ticks: 140)
2025-04-09 16:12:14,953 INFO: Running set_position_group for group 'Pivot_Group' with positions: {7: 205, 8: 145}
2025-04-09 16:12:14,957 INFO: Front pivot angle set to 205 degrees (ticks: 205)
2025-04-09 16:12:14,957 INFO: Rear pivot angle set to 145 degrees (ticks: 145)
2025-04-09 16:12:15,228 INFO: Running set_position_group for group 'Pivot_Group' with positions: {7: 205, 8: 150}
2025-04-09 16:12:15,232 INFO: Front pivot angle set to 205 degrees (ticks: 205)
2025-04-09 16:12:15,232 INFO: Rear pivot angle set to 150 degrees (ticks: 150)
2025-04-09 16:12:15,502 INFO: Running set_position_group for group 'Pivot_Group' with positions: {7: 205, 8: 155}
2025-04-09 16:12:15,506 INFO: Front pivot angle set to 205 degrees (ticks: 205)
2025-04-09 16:12:15,506 INFO: Rear pivot angle set to 155 degrees (ticks: 155)
2025-04-09 16:12:15,774 INFO: Running set_position_group for group 'Pivot_Group' with positions: {7: 205, 8: 160}
2025-04-09 16:12:15,777 INFO: Front pivot angle set to 205 degrees (ticks: 205)
2025-04-09 16:12:15,778 INFO: Rear pivot angle set to 160 degrees (ticks: 160)
2025-04-09 16:12:16,048 INFO: Running set_position_group for group 'Pivot_Group' with positions: {7: 205, 8: 165}
2025-04-09 16:12:16,051 INFO: Front pivot angle set to 205 degrees (ticks: 205)
2025-04-09 16:12:16,052 INFO: Rear pivot angle set to 165 degrees (ticks: 165)
2025-04-09 16:12:16,323 INFO: Running set_position_group for group 'Pivot_Group' with positions: {7: 205, 8: 170}
2025-04-09 16:12:16,327 INFO: Front pivot angle set to 205 degrees (ticks: 205)
2025-04-09 16:12:16,327 INFO: Rear pivot angle set to 170 degrees (ticks: 170)
2025-04-09 16:12:16,506 INFO: Profile velocities set for group Wheg_Group: {1: 87.4, 2: 87.4, 3: 87.4, 4: 87.4, 5: 87.4, 6: 87.4}
2025-04-09 16:12:16,506 INFO: Incrementing motor positions by 360 degrees for group 'Wheg_Group'
2025-04-09 16:12:16,516 INFO: Gait 1 step executed at 20.00RPM, wait for 3.00 seconds
2025-04-09 16:12:16,589 INFO: Running set_position_group for group 'Pivot_Group' with positions: {7: 205, 8: 175}
2025-04-09 16:12:16,593 INFO: Front pivot angle set to 205 degrees (ticks: 205)
2025-04-09 16:12:16,593 INFO: Rear pivot angle set to 175 degrees (ticks: 175)
2025-04-09 16:12:16,866 INFO: Running set_position_group for group 'Pivot_Group' with positions: {7: 205, 8: 180}
2025-04-09 16:12:16,869 INFO: Front pivot angle set to 205 degrees (ticks: 205)
2025-04-09 16:12:16,870 INFO: Rear pivot angle set to 180 degrees (ticks: 180)
2025-04-09 16:12:17,141 INFO: Running set_position_group for group 'Pivot_Group' with positions: {7: 205, 8: 185}
2025-04-09 16:12:17,144 INFO: Front pivot angle set to 205 degrees (ticks: 205)
2025-04-09 16:12:17,144 INFO: Rear pivot angle set to 185 degrees (ticks: 185)
2025-04-09 16:12:17,416 INFO: Running set_position_group for group 'Pivot_Group' with positions: {7: 205, 8: 190}
2025-04-09 16:12:17,419 INFO: Front pivot angle set to 205 degrees (ticks: 205)
2025-04-09 16:12:17,420 INFO: Rear pivot angle set to 190 degrees (ticks: 190)
2025-04-09 16:12:17,691 INFO: Running set_position_group for group 'Pivot_Group' with positions: {7: 205, 8: 195}
2025-04-09 16:12:17,694 INFO: Front pivot angle set to 205 degrees (ticks: 205)
2025-04-09 16:12:17,694 INFO: Rear pivot angle set to 195 degrees (ticks: 195)
2025-04-09 16:12:17,964 INFO: Running set_position_group for group 'Pivot_Group' with positions: {7: 205, 8: 200}
2025-04-09 16:12:17,967 INFO: Front pivot angle set to 205 degrees (ticks: 205)
2025-04-09 16:12:17,967 INFO: Rear pivot angle set to 200 degrees (ticks: 200)
2025-04-09 16:12:20,118 INFO: Profile velocities set for group Wheg_Group: {1: 87.4, 2: 87.4, 3: 87.4, 4: 87.4, 5: 87.4, 6: 87.4}
2025-04-09 16:12:20,118 INFO: Incrementing motor positions by 360 degrees for group 'Wheg_Group'
2025-04-09 16:12:20,130 INFO: Gait 1 step executed at 20.00RPM, wait for 3.00 seconds
2025-04-09 16:13:24,103 INFO: Share pressed. Reversing the direction of the whegs
2025-04-09 16:13:24,117 INFO: Disabling torque for group Wheg_Group
2025-04-09 16:13:24,119 INFO: Drive mode set for group Wheg_Group with reverse_direction={1: 1, 2: 1, 3: 1, 4: 0, 5: 0, 6: 0}
2025-04-09 16:13:24,119 INFO: Enabling torque for group Wheg_Group
2025-04-09 16:13:24,120 INFO: Setting the profile velocity for group Wheg_Group from config.yaml: 10
2025-04-09 16:13:24,120 INFO: Profile velocities set for group Wheg_Group: {1: 43.7, 2: 43.7, 3: 43.7, 4: 43.7, 5: 43.7, 6: 43.7}
2025-04-09 16:13:24,121 INFO: Reversed the direction of all whegs, waiting for 3 seconds
2025-04-09 16:13:27,121 INFO: Direction of whegs reversed.
2025-04-09 16:13:27,177 INFO: Initialising Gait 1
2025-04-09 16:13:27,177 INFO: Disabling torque for group Wheg_Group
2025-04-09 16:13:27,178 INFO: Drive mode set for group Wheg_Group with reverse_direction={1: 1, 2: 1, 3: 1, 4: 0, 5: 0, 6: 0}
2025-04-09 16:13:27,178 INFO: Enabling torque for group Wheg_Group
2025-04-09 16:13:27,179 INFO: Setting the profile velocity for group Wheg_Group from config.yaml: 10
2025-04-09 16:13:27,179 INFO: Profile velocities set for group Wheg_Group: {1: 43.7, 2: 43.7, 3: 43.7, 4: 43.7, 5: 43.7, 6: 43.7}
2025-04-09 16:13:27,180 WARNING: Set direction of whegs to reverse
2025-04-09 16:13:27,180 WARNING: Direction set for all whegs
2025-04-09 16:13:27,180 INFO: Running set_position_group for group 'Wheg_Group' with positions: 180
2025-04-09 16:13:27,185 WARNING: Motor 1 is not in Position Control Mode. Setting mode now.
2025-04-09 16:13:27,185 INFO: Setting operating mode 'position' for group 'Wheg_Group'
2025-04-09 16:13:27,185 INFO: Disabling torque for group Wheg_Group
2025-04-09 16:13:27,186 INFO: Enabling torque for group Wheg_Group
2025-04-09 16:13:27,187 INFO: Setting the profile velocity for group Wheg_Group from config.yaml: 10
2025-04-09 16:13:27,187 INFO: Profile velocities set for group Wheg_Group: {1: 43.7, 2: 43.7, 3: 43.7, 4: 43.7, 5: 43.7, 6: 43.7}
2025-04-09 16:13:27,188 INFO: Setting the profile velocity for group Wheg_Group from config.yaml: 10
2025-04-09 16:13:27,188 INFO: Profile velocities set for group Wheg_Group: {1: 43.7, 2: 43.7, 3: 43.7, 4: 43.7, 5: 43.7, 6: 43.7}
2025-04-09 16:13:27,189 INFO: Running set_position_group for group 'Pivot_Group' with positions: 180
2025-04-09 16:13:27,192 INFO: Initialised Gait 1, waiting for 1 seconds
2025-04-09 16:13:28,193 INFO: Setting operating mode 'multi_turn' for group 'Wheg_Group'
2025-04-09 16:13:28,194 INFO: Disabling torque for group Wheg_Group
2025-04-09 16:13:28,194 INFO: Enabling torque for group Wheg_Group
2025-04-09 16:13:28,195 INFO: Setting the profile velocity for group Wheg_Group from config.yaml: 10
2025-04-09 16:13:28,196 INFO: Profile velocities set for group Wheg_Group: {1: 43.7, 2: 43.7, 3: 43.7, 4: 43.7, 5: 43.7, 6: 43.7}
2025-04-09 16:13:28,196 INFO: Setting the profile velocity for group Wheg_Group from config.yaml: 10
2025-04-09 16:13:28,196 INFO: Profile velocities set for group Wheg_Group: {1: 43.7, 2: 43.7, 3: 43.7, 4: 43.7, 5: 43.7, 6: 43.7}
2025-04-09 16:13:28,197 INFO: New gait 1 is now active.
2025-04-09 16:13:28,448 INFO: Profile velocities set for group Wheg_Group: {1: 87.4, 2: 87.4, 3: 87.4, 4: 87.4, 5: 87.4, 6: 87.4}
2025-04-09 16:13:28,449 INFO: Incrementing motor positions by 360 degrees for group 'Wheg_Group'
2025-04-09 16:13:28,459 INFO: Gait 1 step executed at 20.00RPM, wait for 3.00 seconds
2025-04-09 16:13:32,092 INFO: Profile velocities set for group Wheg_Group: {1: 87.4, 2: 87.4, 3: 87.4, 4: 87.4, 5: 87.4, 6: 87.4}
2025-04-09 16:13:32,092 INFO: Incrementing motor positions by 360 degrees for group 'Wheg_Group'
2025-04-09 16:13:32,103 INFO: Gait 1 step executed at 20.00RPM, wait for 3.00 seconds
2025-04-09 16:13:33,451 INFO: Running set_position_group for group 'Pivot_Group' with positions: {7: 210, 8: 200}
2025-04-09 16:13:33,454 INFO: Front pivot angle set to 210 degrees (ticks: 210)
2025-04-09 16:13:33,454 INFO: Rear pivot angle set to 200 degrees (ticks: 200)
2025-04-09 16:13:33,748 INFO: Running set_position_group for group 'Pivot_Group' with positions: {7: 215, 8: 200}
2025-04-09 16:13:33,752 INFO: Front pivot angle set to 215 degrees (ticks: 215)
2025-04-09 16:13:33,752 INFO: Rear pivot angle set to 200 degrees (ticks: 200)
2025-04-09 16:13:34,043 INFO: Running set_position_group for group 'Pivot_Group' with positions: {7: 220, 8: 200}
2025-04-09 16:13:34,046 INFO: Front pivot angle set to 220 degrees (ticks: 220)
2025-04-09 16:13:34,046 INFO: Rear pivot angle set to 200 degrees (ticks: 200)
2025-04-09 16:13:34,336 INFO: Running set_position_group for group 'Pivot_Group' with positions: {7: 215, 8: 200}
2025-04-09 16:13:34,339 INFO: Front pivot angle set to 215 degrees (ticks: 215)
2025-04-09 16:13:34,339 INFO: Rear pivot angle set to 200 degrees (ticks: 200)
2025-04-09 16:13:34,629 INFO: Running set_position_group for group 'Pivot_Group' with positions: {7: 210, 8: 200}
2025-04-09 16:13:34,633 INFO: Front pivot angle set to 210 degrees (ticks: 210)
2025-04-09 16:13:34,633 INFO: Rear pivot angle set to 200 degrees (ticks: 200)
2025-04-09 16:13:34,928 INFO: Running set_position_group for group 'Pivot_Group' with positions: {7: 205, 8: 200}
2025-04-09 16:13:34,932 INFO: Front pivot angle set to 205 degrees (ticks: 205)
2025-04-09 16:13:34,932 INFO: Rear pivot angle set to 200 degrees (ticks: 200)
2025-04-09 16:13:35,227 INFO: Running set_position_group for group 'Pivot_Group' with positions: {7: 200, 8: 200}
2025-04-09 16:13:35,230 INFO: Front pivot angle set to 200 degrees (ticks: 200)
2025-04-09 16:13:35,231 INFO: Rear pivot angle set to 200 degrees (ticks: 200)
2025-04-09 16:13:37,232 INFO: Running set_position_group for group 'Pivot_Group' with positions: {7: 205, 8: 200}
2025-04-09 16:13:37,236 INFO: Front pivot angle set to 205 degrees (ticks: 205)
2025-04-09 16:13:37,236 INFO: Rear pivot angle set to 200 degrees (ticks: 200)
2025-04-09 16:13:37,530 INFO: Running set_position_group for group 'Pivot_Group' with positions: {7: 210, 8: 200}
2025-04-09 16:13:37,534 INFO: Front pivot angle set to 210 degrees (ticks: 210)
2025-04-09 16:13:37,534 INFO: Rear pivot angle set to 200 degrees (ticks: 200)
2025-04-09 16:13:37,832 INFO: Running set_position_group for group 'Pivot_Group' with positions: {7: 215, 8: 200}
2025-04-09 16:13:37,836 INFO: Front pivot angle set to 215 degrees (ticks: 215)
2025-04-09 16:13:37,836 INFO: Rear pivot angle set to 200 degrees (ticks: 200)
2025-04-09 16:13:38,130 INFO: Running set_position_group for group 'Pivot_Group' with positions: {7: 220, 8: 200}
2025-04-09 16:13:38,133 INFO: Front pivot angle set to 220 degrees (ticks: 220)
2025-04-09 16:13:38,134 INFO: Rear pivot angle set to 200 degrees (ticks: 200)
2025-04-09 16:13:38,733 INFO: Running set_position_group for group 'Pivot_Group' with positions: {7: 215, 8: 200}
2025-04-09 16:13:38,736 INFO: Front pivot angle set to 215 degrees (ticks: 215)
2025-04-09 16:13:38,737 INFO: Rear pivot angle set to 200 degrees (ticks: 200)
2025-04-09 16:13:39,029 INFO: Running set_position_group for group 'Pivot_Group' with positions: {7: 210, 8: 200}
2025-04-09 16:13:39,032 INFO: Front pivot angle set to 210 degrees (ticks: 210)
2025-04-09 16:13:39,033 INFO: Rear pivot angle set to 200 degrees (ticks: 200)
2025-04-09 16:13:39,328 INFO: Running set_position_group for group 'Pivot_Group' with positions: {7: 210, 8: 205}
2025-04-09 16:13:39,331 INFO: Front pivot angle set to 210 degrees (ticks: 210)
2025-04-09 16:13:39,331 INFO: Rear pivot angle set to 205 degrees (ticks: 205)
2025-04-09 16:13:39,625 INFO: Running set_position_group for group 'Pivot_Group' with positions: {7: 210, 8: 210}
2025-04-09 16:13:39,629 INFO: Front pivot angle set to 210 degrees (ticks: 210)
2025-04-09 16:13:39,629 INFO: Rear pivot angle set to 210 degrees (ticks: 210)
2025-04-09 16:13:40,237 INFO: Running set_position_group for group 'Pivot_Group' with positions: {7: 210, 8: 205}
2025-04-09 16:13:40,241 INFO: Front pivot angle set to 210 degrees (ticks: 210)
2025-04-09 16:13:40,241 INFO: Rear pivot angle set to 205 degrees (ticks: 205)
2025-04-09 16:13:40,539 INFO: Running set_position_group for group 'Pivot_Group' with positions: {7: 210, 8: 200}
2025-04-09 16:13:40,543 INFO: Front pivot angle set to 210 degrees (ticks: 210)
2025-04-09 16:13:40,543 INFO: Rear pivot angle set to 200 degrees (ticks: 200)
2025-04-09 16:13:40,847 INFO: Running set_position_group for group 'Pivot_Group' with positions: {7: 210, 8: 195}
2025-04-09 16:13:40,851 INFO: Front pivot angle set to 210 degrees (ticks: 210)
2025-04-09 16:13:40,851 INFO: Rear pivot angle set to 195 degrees (ticks: 195)
2025-04-09 16:13:41,108 INFO: Running set_position_group for group 'Pivot_Group' with positions: {7: 210, 8: 190}
2025-04-09 16:13:41,112 INFO: Front pivot angle set to 210 degrees (ticks: 210)
2025-04-09 16:13:41,112 INFO: Rear pivot angle set to 190 degrees (ticks: 190)
2025-04-09 16:13:41,370 INFO: Running set_position_group for group 'Pivot_Group' with positions: {7: 210, 8: 185}
2025-04-09 16:13:41,374 INFO: Front pivot angle set to 210 degrees (ticks: 210)
2025-04-09 16:13:41,374 INFO: Rear pivot angle set to 185 degrees (ticks: 185)
2025-04-09 16:13:41,669 INFO: Running set_position_group for group 'Pivot_Group' with positions: {7: 210, 8: 180}
2025-04-09 16:13:41,672 INFO: Front pivot angle set to 210 degrees (ticks: 210)
2025-04-09 16:13:41,672 INFO: Rear pivot angle set to 180 degrees (ticks: 180)
2025-04-09 16:13:41,966 INFO: Running set_position_group for group 'Pivot_Group' with positions: {7: 210, 8: 175}
2025-04-09 16:13:41,970 INFO: Front pivot angle set to 210 degrees (ticks: 210)
2025-04-09 16:13:41,970 INFO: Rear pivot angle set to 175 degrees (ticks: 175)
2025-04-09 16:13:42,263 INFO: Running set_position_group for group 'Pivot_Group' with positions: {7: 210, 8: 170}
2025-04-09 16:13:42,267 INFO: Front pivot angle set to 210 degrees (ticks: 210)
2025-04-09 16:13:42,267 INFO: Rear pivot angle set to 170 degrees (ticks: 170)
2025-04-09 16:13:42,560 INFO: Running set_position_group for group 'Pivot_Group' with positions: {7: 210, 8: 165}
2025-04-09 16:13:42,564 INFO: Front pivot angle set to 210 degrees (ticks: 210)
2025-04-09 16:13:42,564 INFO: Rear pivot angle set to 165 degrees (ticks: 165)
2025-04-09 16:13:42,860 INFO: Running set_position_group for group 'Pivot_Group' with positions: {7: 210, 8: 160}
2025-04-09 16:13:42,864 INFO: Front pivot angle set to 210 degrees (ticks: 210)
2025-04-09 16:13:42,864 INFO: Rear pivot angle set to 160 degrees (ticks: 160)
2025-04-09 16:13:43,157 INFO: Running set_position_group for group 'Pivot_Group' with positions: {7: 210, 8: 155}
2025-04-09 16:13:43,160 INFO: Front pivot angle set to 210 degrees (ticks: 210)
2025-04-09 16:13:43,161 INFO: Rear pivot angle set to 155 degrees (ticks: 155)
2025-04-09 16:13:43,714 INFO: Running set_position_group for group 'Pivot_Group' with positions: {7: 210, 8: 160}
2025-04-09 16:13:43,718 INFO: Front pivot angle set to 210 degrees (ticks: 210)
2025-04-09 16:13:43,718 INFO: Rear pivot angle set to 160 degrees (ticks: 160)
2025-04-09 16:13:44,171 INFO: Profile velocities set for group Wheg_Group: {1: 87.4, 2: 87.4, 3: 87.4, 4: 87.4, 5: 87.4, 6: 87.4}
2025-04-09 16:13:44,171 INFO: Incrementing motor positions by 360 degrees for group 'Wheg_Group'
2025-04-09 16:13:44,181 INFO: Gait 1 step executed at 20.00RPM, wait for 3.00 seconds
2025-04-09 16:13:44,560 INFO: Running set_position_group for group 'Pivot_Group' with positions: {7: 210, 8: 165}
2025-04-09 16:13:44,563 INFO: Front pivot angle set to 210 degrees (ticks: 210)
2025-04-09 16:13:44,563 INFO: Rear pivot angle set to 165 degrees (ticks: 165)
2025-04-09 16:13:44,864 INFO: Running set_position_group for group 'Pivot_Group' with positions: {7: 210, 8: 170}
2025-04-09 16:13:44,867 INFO: Front pivot angle set to 210 degrees (ticks: 210)
2025-04-09 16:13:44,868 INFO: Rear pivot angle set to 170 degrees (ticks: 170)
2025-04-09 16:13:45,119 INFO: Running set_position_group for group 'Pivot_Group' with positions: {7: 210, 8: 175}
2025-04-09 16:13:45,122 INFO: Front pivot angle set to 210 degrees (ticks: 210)
2025-04-09 16:13:45,123 INFO: Rear pivot angle set to 175 degrees (ticks: 175)
2025-04-09 16:13:45,381 INFO: Running set_position_group for group 'Pivot_Group' with positions: {7: 210, 8: 180}
2025-04-09 16:13:45,385 INFO: Front pivot angle set to 210 degrees (ticks: 210)
2025-04-09 16:13:45,385 INFO: Rear pivot angle set to 180 degrees (ticks: 180)
2025-04-09 16:13:45,688 INFO: Running set_position_group for group 'Pivot_Group' with positions: {7: 210, 8: 185}
2025-04-09 16:13:45,692 INFO: Front pivot angle set to 210 degrees (ticks: 210)
2025-04-09 16:13:45,693 INFO: Rear pivot angle set to 185 degrees (ticks: 185)
2025-04-09 16:13:45,985 INFO: Running set_position_group for group 'Pivot_Group' with positions: {7: 210, 8: 190}
2025-04-09 16:13:45,988 INFO: Front pivot angle set to 210 degrees (ticks: 210)
2025-04-09 16:13:45,988 INFO: Rear pivot angle set to 190 degrees (ticks: 190)
2025-04-09 16:13:46,284 INFO: Running set_position_group for group 'Pivot_Group' with positions: {7: 210, 8: 195}
2025-04-09 16:13:46,287 INFO: Front pivot angle set to 210 degrees (ticks: 210)
2025-04-09 16:13:46,288 INFO: Rear pivot angle set to 195 degrees (ticks: 195)
2025-04-09 16:13:46,582 INFO: Running set_position_group for group 'Pivot_Group' with positions: {7: 210, 8: 200}
2025-04-09 16:13:46,586 INFO: Front pivot angle set to 210 degrees (ticks: 210)
2025-04-09 16:13:46,586 INFO: Rear pivot angle set to 200 degrees (ticks: 200)
2025-04-09 16:13:46,881 INFO: Running set_position_group for group 'Pivot_Group' with positions: {7: 210, 8: 205}
2025-04-09 16:13:46,884 INFO: Front pivot angle set to 210 degrees (ticks: 210)
2025-04-09 16:13:46,884 INFO: Rear pivot angle set to 205 degrees (ticks: 205)
2025-04-09 16:13:47,181 INFO: Running set_position_group for group 'Pivot_Group' with positions: {7: 210, 8: 210}
2025-04-09 16:13:47,184 INFO: Front pivot angle set to 210 degrees (ticks: 210)
2025-04-09 16:13:47,184 INFO: Rear pivot angle set to 210 degrees (ticks: 210)
2025-04-09 16:13:47,202 INFO: Profile velocities set for group Wheg_Group: {1: 109.25, 2: 109.25, 3: 109.25, 4: 109.25, 5: 109.25, 6: 109.25}
2025-04-09 16:13:47,203 INFO: Incrementing motor positions by 360 degrees for group 'Wheg_Group'
2025-04-09 16:13:47,213 INFO: Gait 1 step executed at 25.00RPM, wait for 2.40 seconds
2025-04-09 16:13:50,226 INFO: Running set_position_group for group 'Pivot_Group' with positions: {7: 210, 8: 215}
2025-04-09 16:13:50,230 INFO: Front pivot angle set to 210 degrees (ticks: 210)
2025-04-09 16:13:50,230 INFO: Rear pivot angle set to 215 degrees (ticks: 215)
2025-04-09 16:13:50,482 INFO: Running set_position_group for group 'Pivot_Group' with positions: {7: 210, 8: 220}
2025-04-09 16:13:50,485 INFO: Front pivot angle set to 210 degrees (ticks: 210)
2025-04-09 16:13:50,485 INFO: Rear pivot angle set to 220 degrees (ticks: 220)
2025-04-09 16:13:50,767 INFO: Running set_position_group for group 'Pivot_Group' with positions: {7: 210, 8: 225}
2025-04-09 16:13:50,771 INFO: Front pivot angle set to 210 degrees (ticks: 210)
2025-04-09 16:13:50,771 INFO: Rear pivot angle set to 225 degrees (ticks: 225)
2025-04-09 16:13:51,375 INFO: Running set_position_group for group 'Pivot_Group' with positions: {7: 210, 8: 220}
2025-04-09 16:13:51,379 INFO: Front pivot angle set to 210 degrees (ticks: 210)
2025-04-09 16:13:51,379 INFO: Rear pivot angle set to 220 degrees (ticks: 220)
2025-04-09 16:13:51,631 INFO: Running set_position_group for group 'Pivot_Group' with positions: {7: 210, 8: 215}
2025-04-09 16:13:51,635 INFO: Front pivot angle set to 210 degrees (ticks: 210)
2025-04-09 16:13:51,635 INFO: Rear pivot angle set to 215 degrees (ticks: 215)
2025-04-09 16:13:51,904 INFO: Running set_position_group for group 'Pivot_Group' with positions: {7: 210, 8: 210}
2025-04-09 16:13:51,908 INFO: Front pivot angle set to 210 degrees (ticks: 210)
2025-04-09 16:13:51,908 INFO: Rear pivot angle set to 210 degrees (ticks: 210)
2025-04-09 16:13:52,206 INFO: Running set_position_group for group 'Pivot_Group' with positions: {7: 210, 8: 205}
2025-04-09 16:13:52,209 INFO: Front pivot angle set to 210 degrees (ticks: 210)
2025-04-09 16:13:52,210 INFO: Rear pivot angle set to 205 degrees (ticks: 205)
2025-04-09 16:13:52,505 INFO: Running set_position_group for group 'Pivot_Group' with positions: {7: 210, 8: 200}
2025-04-09 16:13:52,508 INFO: Front pivot angle set to 210 degrees (ticks: 210)
2025-04-09 16:13:52,509 INFO: Rear pivot angle set to 200 degrees (ticks: 200)
2025-04-09 16:13:52,807 INFO: Running set_position_group for group 'Pivot_Group' with positions: {7: 210, 8: 195}
2025-04-09 16:13:52,810 INFO: Front pivot angle set to 210 degrees (ticks: 210)
2025-04-09 16:13:52,811 INFO: Rear pivot angle set to 195 degrees (ticks: 195)
2025-04-09 16:13:53,105 INFO: Running set_position_group for group 'Pivot_Group' with positions: {7: 210, 8: 190}
2025-04-09 16:13:53,108 INFO: Front pivot angle set to 210 degrees (ticks: 210)
2025-04-09 16:13:53,109 INFO: Rear pivot angle set to 190 degrees (ticks: 190)
2025-04-09 16:13:53,405 INFO: Running set_position_group for group 'Pivot_Group' with positions: {7: 210, 8: 185}
2025-04-09 16:13:53,408 INFO: Front pivot angle set to 210 degrees (ticks: 210)
2025-04-09 16:13:53,409 INFO: Rear pivot angle set to 185 degrees (ticks: 185)
2025-04-09 16:13:53,713 INFO: Running set_position_group for group 'Pivot_Group' with positions: {7: 210, 8: 180}
2025-04-09 16:13:53,717 INFO: Front pivot angle set to 210 degrees (ticks: 210)
2025-04-09 16:13:53,718 INFO: Rear pivot angle set to 180 degrees (ticks: 180)
2025-04-09 16:13:54,019 INFO: Running set_position_group for group 'Pivot_Group' with positions: {7: 210, 8: 175}
2025-04-09 16:13:54,023 INFO: Front pivot angle set to 210 degrees (ticks: 210)
2025-04-09 16:13:54,024 INFO: Rear pivot angle set to 175 degrees (ticks: 175)
2025-04-09 16:13:54,323 INFO: Running set_position_group for group 'Pivot_Group' with positions: {7: 210, 8: 170}
2025-04-09 16:13:54,327 INFO: Front pivot angle set to 210 degrees (ticks: 210)
2025-04-09 16:13:54,327 INFO: Rear pivot angle set to 170 degrees (ticks: 170)
2025-04-09 16:13:55,231 INFO: Running set_position_group for group 'Pivot_Group' with positions: {7: 205, 8: 170}
2025-04-09 16:13:55,235 INFO: Front pivot angle set to 205 degrees (ticks: 205)
2025-04-09 16:13:55,235 INFO: Rear pivot angle set to 170 degrees (ticks: 170)
2025-04-09 16:13:55,846 INFO: Running set_position_group for group 'Pivot_Group' with positions: {7: 200, 8: 170}
2025-04-09 16:13:55,850 INFO: Front pivot angle set to 200 degrees (ticks: 200)
2025-04-09 16:13:55,851 INFO: Rear pivot angle set to 170 degrees (ticks: 170)
2025-04-09 16:13:56,150 INFO: Running set_position_group for group 'Pivot_Group' with positions: {7: 195, 8: 170}
2025-04-09 16:13:56,154 INFO: Front pivot angle set to 195 degrees (ticks: 195)
2025-04-09 16:13:56,154 INFO: Rear pivot angle set to 170 degrees (ticks: 170)
2025-04-09 16:13:56,454 INFO: Running set_position_group for group 'Pivot_Group' with positions: {7: 190, 8: 170}
2025-04-09 16:13:56,457 INFO: Front pivot angle set to 190 degrees (ticks: 190)
2025-04-09 16:13:56,458 INFO: Rear pivot angle set to 170 degrees (ticks: 170)
2025-04-09 16:13:56,757 INFO: Running set_position_group for group 'Pivot_Group' with positions: {7: 185, 8: 170}
2025-04-09 16:13:56,760 INFO: Front pivot angle set to 185 degrees (ticks: 185)
2025-04-09 16:13:56,761 INFO: Rear pivot angle set to 170 degrees (ticks: 170)
2025-04-09 16:13:57,059 INFO: Running set_position_group for group 'Pivot_Group' with positions: {7: 180, 8: 170}
2025-04-09 16:13:57,063 INFO: Front pivot angle set to 180 degrees (ticks: 180)
2025-04-09 16:13:57,063 INFO: Rear pivot angle set to 170 degrees (ticks: 170)
2025-04-09 16:13:57,362 INFO: Running set_position_group for group 'Pivot_Group' with positions: {7: 175, 8: 170}
2025-04-09 16:13:57,365 INFO: Front pivot angle set to 175 degrees (ticks: 175)
2025-04-09 16:13:57,366 INFO: Rear pivot angle set to 170 degrees (ticks: 170)
2025-04-09 16:13:58,592 INFO: Profile velocities set for group Wheg_Group: {1: 87.4, 2: 87.4, 3: 87.4, 4: 87.4, 5: 87.4, 6: 87.4}
2025-04-09 16:13:58,592 INFO: Incrementing motor positions by 360 degrees for group 'Wheg_Group'
2025-04-09 16:13:58,603 INFO: Gait 1 step executed at 20.00RPM, wait for 3.00 seconds
2025-04-09 16:14:02,933 INFO: Running set_position_group for group 'Pivot_Group' with positions: {7: 180, 8: 170}
2025-04-09 16:14:02,937 INFO: Front pivot angle set to 180 degrees (ticks: 180)
2025-04-09 16:14:02,937 INFO: Rear pivot angle set to 170 degrees (ticks: 170)
2025-04-09 16:14:03,241 INFO: Running set_position_group for group 'Pivot_Group' with positions: {7: 185, 8: 170}
2025-04-09 16:14:03,245 INFO: Front pivot angle set to 185 degrees (ticks: 185)
2025-04-09 16:14:03,245 INFO: Rear pivot angle set to 170 degrees (ticks: 170)
2025-04-09 16:14:04,101 INFO: Running set_position_group for group 'Pivot_Group' with positions: {7: 185, 8: 175}
2025-04-09 16:14:04,105 INFO: Front pivot angle set to 185 degrees (ticks: 185)
2025-04-09 16:14:04,105 INFO: Rear pivot angle set to 175 degrees (ticks: 175)
2025-04-09 16:14:04,407 INFO: Running set_position_group for group 'Pivot_Group' with positions: {7: 185, 8: 180}
2025-04-09 16:14:04,410 INFO: Front pivot angle set to 185 degrees (ticks: 185)
2025-04-09 16:14:04,411 INFO: Rear pivot angle set to 180 degrees (ticks: 180)
2025-04-09 16:14:04,712 INFO: Running set_position_group for group 'Pivot_Group' with positions: {7: 185, 8: 185}
2025-04-09 16:14:04,715 INFO: Front pivot angle set to 185 degrees (ticks: 185)
2025-04-09 16:14:04,716 INFO: Rear pivot angle set to 185 degrees (ticks: 185)
2025-04-09 16:14:05,020 INFO: Running set_position_group for group 'Pivot_Group' with positions: {7: 185, 8: 190}
2025-04-09 16:14:05,023 INFO: Front pivot angle set to 185 degrees (ticks: 185)
2025-04-09 16:14:05,024 INFO: Rear pivot angle set to 190 degrees (ticks: 190)
2025-04-09 16:14:05,933 INFO: Running set_position_group for group 'Pivot_Group' with positions: {7: 185, 8: 185}
2025-04-09 16:14:05,936 INFO: Front pivot angle set to 185 degrees (ticks: 185)
2025-04-09 16:14:05,936 INFO: Rear pivot angle set to 185 degrees (ticks: 185)
2025-04-09 16:14:06,239 INFO: Running set_position_group for group 'Pivot_Group' with positions: {7: 185, 8: 180}
2025-04-09 16:14:06,243 INFO: Front pivot angle set to 185 degrees (ticks: 185)
2025-04-09 16:14:06,243 INFO: Rear pivot angle set to 180 degrees (ticks: 180)
2025-04-09 16:16:07,990 INFO: Tasks were cancelled due to shutdown, proceeding to cleanup...
2025-04-09 16:16:07,990 INFO: Initiating safe shutdown...
2025-04-09 16:16:07,990 INFO: Setting operating mode 'velocity' for group 'All_Motors'
2025-04-09 16:16:07,991 INFO: Disabling torque for group All_Motors
2025-04-09 16:16:07,992 INFO: Enabling torque for group All_Motors
2025-04-09 16:16:07,993 INFO: Setting the profile velocity for group All_Motors from config.yaml: 8
2025-04-09 16:16:07,993 INFO: Profile velocities set for group All_Motors: {1: 34.96, 2: 34.96, 3: 34.96, 4: 34.96, 5: 34.96, 6: 34.96, 7: 34.96, 8: 34.96}
2025-04-09 16:16:07,994 WARNING: Velocity limit 200 exceeds hard limit 100. Limiting to 100.
2025-04-09 16:16:07,995 INFO: Velocity limit set to 100 for group All_Motors
2025-04-09 16:16:07,995 INFO: Enabling torque for group All_Motors
2025-04-09 16:16:07,995 INFO: Setting the profile velocity for group All_Motors from config.yaml: 8
2025-04-09 16:16:07,996 INFO: Profile velocities set for group All_Motors: {1: 34.96, 2: 34.96, 3: 34.96, 4: 34.96, 5: 34.96, 6: 34.96, 7: 34.96, 8: 34.96}
2025-04-09 16:16:07,997 INFO: Target velocities set for group All_Motors: {1: 0, 2: 0, 3: 0, 4: 0, 5: 0, 6: 0, 7: 0, 8: 0}
2025-04-09 16:16:07,997 INFO: Running set_position_group for group 'All_Motors' with positions: 180
2025-04-09 16:16:08,005 WARNING: Motor 1 is not in Position Control Mode. Setting mode now.
2025-04-09 16:16:08,005 INFO: Setting operating mode 'position' for group 'All_Motors'
2025-04-09 16:16:08,005 INFO: Disabling torque for group All_Motors
2025-04-09 16:16:08,006 INFO: Enabling torque for group All_Motors
2025-04-09 16:16:08,007 INFO: Setting the profile velocity for group All_Motors from config.yaml: 8
2025-04-09 16:16:08,008 INFO: Profile velocities set for group All_Motors: {1: 34.96, 2: 34.96, 3: 34.96, 4: 34.96, 5: 34.96, 6: 34.96, 7: 34.96, 8: 34.96}
2025-04-09 16:16:08,008 INFO: Setting the profile velocity for group All_Motors from config.yaml: 8
2025-04-09 16:16:08,009 INFO: Profile velocities set for group All_Motors: {1: 34.96, 2: 34.96, 3: 34.96, 4: 34.96, 5: 34.96, 6: 34.96, 7: 34.96, 8: 34.96}
2025-04-09 16:16:08,010 INFO: Closing PS4Controller and quitting pygame
2025-04-09 16:16:08,097 INFO: Port closed successfully.
2025-04-09 16:16:08,098 INFO: Shutdown complete.
