2024-09-30 19:42:21,154 INFO: Initializing PS4Controller
2024-09-30 19:42:21,392 DEBUG: Pygame initialized
2024-09-30 19:42:21,394 DEBUG: Joystick initialized
2024-09-30 19:42:21,394 DEBUG: Number of buttons on the controller: 13
2024-09-30 19:42:21,436 INFO: Configuration loaded successfully
2024-09-30 19:42:21,440 INFO: Port /dev/ttyACM0 opened successfully
2024-09-30 19:42:21,450 INFO: Baudrate set to 1000000
2024-09-30 19:42:21,451 INFO: Control table loaded successfully.
2024-09-30 19:42:21,451 INFO: Motor group 'Pivot_Group' created with motors: [7, 8]
2024-09-30 19:42:21,451 INFO: Motor group 'Wheg_Group' created with motors: [1, 2, 3, 4, 5, 6]
2024-09-30 19:42:21,451 INFO: Motor group 'All_Motors' created with motors: [1, 2, 3, 4, 5, 6, 7, 8]
2024-09-30 19:42:21,452 INFO: Motor group 'Left_Whegs' created with motors: [1, 2, 3]
2024-09-30 19:42:21,452 INFO: Motor group 'Right_Whegs' created with motors: [4, 5, 6]
2024-09-30 19:42:21,452 INFO: Motor group 'Front_Whegs' created with motors: [3, 6]
2024-09-30 19:42:21,452 INFO: Motor group 'Rear_Whegs' created with motors: [1, 4]
2024-09-30 19:42:21,453 INFO: Motor group 'Middle_Whegs' created with motors: [2, 5]
2024-09-30 19:42:21,453 INFO: Motor group 'Two_Right_One_Left' created with motors: [2, 4, 6]
2024-09-30 19:42:21,453 INFO: Motor group 'Two_Left_One_Right' created with motors: [5, 1, 3]
2024-09-30 19:42:21,453 INFO: Initialised PS4 controller, Dynamixel, and Robot State
2024-09-30 19:42:21,453 DEBUG: Setting drive mode for group 'Right_Whegs', reverse_direction=True, drive_mode_value=1
2024-09-30 19:42:21,453 INFO: Disabling torque for group Right_Whegs
2024-09-30 19:42:21,454 DEBUG: Torque disabled for group Right_Whegs
2024-09-30 19:42:21,454 DEBUG: Sync writing drive mode values: {4: 1, 5: 1, 6: 1}
2024-09-30 19:42:21,454 INFO: Drive mode set for group Right_Whegs with reverse_direction=True
2024-09-30 19:42:21,455 INFO: Enabling torque for group Right_Whegs
2024-09-30 19:42:21,455 DEBUG: Torque enabled for group Right_Whegs
2024-09-30 19:42:21,455 DEBUG: Reading back drive mode for verification...
2024-09-30 19:42:21,455 DEBUG: Preparing bulk read for motors: [4, 5, 6], Parameters: ['drive_mode']
2024-09-30 19:42:21,455 DEBUG: Adding motor 4, Address: 10, Length: 1 to bulk read
2024-09-30 19:42:21,455 DEBUG: Adding motor 5, Address: 10, Length: 1 to bulk read
2024-09-30 19:42:21,456 DEBUG: Adding motor 6, Address: 10, Length: 1 to bulk read
2024-09-30 19:42:21,458 DEBUG: Bulk read successful for group 'Right_Whegs'
2024-09-30 19:42:21,459 DEBUG: Motor 4 current drive mode read from bulk read: 1
2024-09-30 19:42:21,459 INFO: Motor 4 drive mode correctly set to reverse
2024-09-30 19:42:21,459 DEBUG: Motor 5 current drive mode read from bulk read: 1
2024-09-30 19:42:21,459 INFO: Motor 5 drive mode correctly set to reverse
2024-09-30 19:42:21,459 DEBUG: Motor 6 current drive mode read from bulk read: 1
2024-09-30 19:42:21,459 INFO: Motor 6 drive mode correctly set to reverse
2024-09-30 19:42:21,459 DEBUG: Setting drive mode for group 'Left_Whegs', reverse_direction=False, drive_mode_value=0
2024-09-30 19:42:21,459 INFO: Disabling torque for group Left_Whegs
2024-09-30 19:42:21,460 DEBUG: Torque disabled for group Left_Whegs
2024-09-30 19:42:21,460 DEBUG: Sync writing drive mode values: {1: 0, 2: 0, 3: 0}
2024-09-30 19:42:21,460 INFO: Drive mode set for group Left_Whegs with reverse_direction=False
2024-09-30 19:42:21,460 INFO: Enabling torque for group Left_Whegs
2024-09-30 19:42:21,461 DEBUG: Torque enabled for group Left_Whegs
2024-09-30 19:42:21,461 DEBUG: Reading back drive mode for verification...
2024-09-30 19:42:21,461 DEBUG: Preparing bulk read for motors: [1, 2, 3], Parameters: ['drive_mode']
2024-09-30 19:42:21,461 DEBUG: Adding motor 1, Address: 10, Length: 1 to bulk read
2024-09-30 19:42:21,461 DEBUG: Adding motor 2, Address: 10, Length: 1 to bulk read
2024-09-30 19:42:21,461 DEBUG: Adding motor 3, Address: 10, Length: 1 to bulk read
2024-09-30 19:42:21,464 DEBUG: Bulk read successful for group 'Left_Whegs'
2024-09-30 19:42:21,464 DEBUG: Motor 1 current drive mode read from bulk read: 0
2024-09-30 19:42:21,464 INFO: Motor 1 drive mode correctly set to normal
2024-09-30 19:42:21,465 DEBUG: Motor 2 current drive mode read from bulk read: 0
2024-09-30 19:42:21,465 INFO: Motor 2 drive mode correctly set to normal
2024-09-30 19:42:21,465 DEBUG: Motor 3 current drive mode read from bulk read: 0
2024-09-30 19:42:21,465 INFO: Motor 3 drive mode correctly set to normal
2024-09-30 19:42:21,465 INFO: Set the right side whegs to reverse direction
2024-09-30 19:42:21,466 INFO: Position limits set for group Pivot_Group: min=90째 (ticks=1023), max=270째 (ticks=3071)
2024-09-30 19:42:21,466 INFO: Set position limits for the pivot motors
2024-09-30 19:42:21,466 DEBUG: Using selector: EpollSelector
2024-09-30 19:42:21,467 DEBUG: Executing Gait 1
2024-09-30 19:42:21,468 DEBUG: Adjusting wheg speed: trigger_value=-1.0, current_rpm=5
2024-09-30 19:42:21,468 DEBUG: Adjusted wheg speed: target_rpm=5.0, current_rpm=0
2024-09-30 19:42:21,468 INFO: Initialising Gait 1
2024-09-30 19:42:21,468 INFO: Running set_position_group for group 'Wheg_Group' with positions: 180
2024-09-30 19:42:21,468 DEBUG: Preparing bulk read for motors: [1, 2, 3, 4, 5, 6], Parameters: ['operating_mode']
2024-09-30 19:42:21,468 DEBUG: Adding motor 1, Address: 11, Length: 1 to bulk read
2024-09-30 19:42:21,468 DEBUG: Adding motor 2, Address: 11, Length: 1 to bulk read
2024-09-30 19:42:21,468 DEBUG: Adding motor 3, Address: 11, Length: 1 to bulk read
2024-09-30 19:42:21,468 DEBUG: Adding motor 4, Address: 11, Length: 1 to bulk read
2024-09-30 19:42:21,469 DEBUG: Adding motor 5, Address: 11, Length: 1 to bulk read
2024-09-30 19:42:21,469 DEBUG: Adding motor 6, Address: 11, Length: 1 to bulk read
2024-09-30 19:42:21,473 DEBUG: Bulk read successful for group 'Wheg_Group'
2024-09-30 19:42:21,474 DEBUG: Setting position 180째 for all motors in group 'Wheg_Group'
2024-09-30 19:42:21,474 DEBUG: Target positions set for group 'Wheg_Group': 180
2024-09-30 19:42:21,474 INFO: Running set_position_group for group 'Pivot_Group' with positions: 180
2024-09-30 19:42:21,474 DEBUG: Preparing bulk read for motors: [7, 8], Parameters: ['operating_mode']
2024-09-30 19:42:21,474 DEBUG: Adding motor 7, Address: 11, Length: 1 to bulk read
2024-09-30 19:42:21,474 DEBUG: Adding motor 8, Address: 11, Length: 1 to bulk read
2024-09-30 19:42:21,477 DEBUG: Bulk read successful for group 'Pivot_Group'
2024-09-30 19:42:21,477 DEBUG: Setting position 180째 for all motors in group 'Pivot_Group'
2024-09-30 19:42:21,478 DEBUG: Target positions set for group 'Pivot_Group': 180
2024-09-30 19:42:21,478 INFO: Initialised Gait 1, waiting for 3 seconds
2024-09-30 19:42:21,478 DEBUG: Preparing bulk read for motors: [1, 2, 3, 4, 5, 6, 7, 8], Parameters: ['present_position']
2024-09-30 19:42:21,478 DEBUG: Adding motor 1, Address: 132, Length: 4 to bulk read
2024-09-30 19:42:21,478 DEBUG: Adding motor 2, Address: 132, Length: 4 to bulk read
2024-09-30 19:42:21,478 DEBUG: Adding motor 3, Address: 132, Length: 4 to bulk read
2024-09-30 19:42:21,478 DEBUG: Adding motor 4, Address: 132, Length: 4 to bulk read
2024-09-30 19:42:21,478 DEBUG: Adding motor 5, Address: 132, Length: 4 to bulk read
2024-09-30 19:42:21,479 DEBUG: Adding motor 6, Address: 132, Length: 4 to bulk read
2024-09-30 19:42:21,479 DEBUG: Adding motor 7, Address: 132, Length: 4 to bulk read
2024-09-30 19:42:21,479 DEBUG: Adding motor 8, Address: 132, Length: 4 to bulk read
2024-09-30 19:42:21,486 DEBUG: Bulk read successful for group 'All_Motors'
2024-09-30 19:42:21,486 DEBUG: Preparing bulk read for motors: [1, 2, 3, 4, 5, 6, 7, 8], Parameters: ['present_velocity']
2024-09-30 19:42:21,486 DEBUG: Adding motor 1, Address: 128, Length: 4 to bulk read
2024-09-30 19:42:21,486 DEBUG: Adding motor 2, Address: 128, Length: 4 to bulk read
2024-09-30 19:42:21,486 DEBUG: Adding motor 3, Address: 128, Length: 4 to bulk read
2024-09-30 19:42:21,487 DEBUG: Adding motor 4, Address: 128, Length: 4 to bulk read
2024-09-30 19:42:21,487 DEBUG: Adding motor 5, Address: 128, Length: 4 to bulk read
2024-09-30 19:42:21,487 DEBUG: Adding motor 6, Address: 128, Length: 4 to bulk read
2024-09-30 19:42:21,487 DEBUG: Adding motor 7, Address: 128, Length: 4 to bulk read
2024-09-30 19:42:21,487 DEBUG: Adding motor 8, Address: 128, Length: 4 to bulk read
2024-09-30 19:42:21,494 DEBUG: Bulk read successful for group 'All_Motors'
2024-09-30 19:42:21,494 DEBUG: Preparing bulk read for motors: [1, 2, 3, 4, 5, 6, 7, 8], Parameters: ['present_load']
2024-09-30 19:42:21,494 DEBUG: Adding motor 1, Address: 126, Length: 2 to bulk read
2024-09-30 19:42:21,495 DEBUG: Adding motor 2, Address: 126, Length: 2 to bulk read
2024-09-30 19:42:21,495 DEBUG: Adding motor 3, Address: 126, Length: 2 to bulk read
2024-09-30 19:42:21,495 DEBUG: Adding motor 4, Address: 126, Length: 2 to bulk read
2024-09-30 19:42:21,495 DEBUG: Adding motor 5, Address: 126, Length: 2 to bulk read
2024-09-30 19:42:21,495 DEBUG: Adding motor 6, Address: 126, Length: 2 to bulk read
2024-09-30 19:42:21,495 DEBUG: Adding motor 7, Address: 126, Length: 2 to bulk read
2024-09-30 19:42:21,495 DEBUG: Adding motor 8, Address: 126, Length: 2 to bulk read
2024-09-30 19:42:21,502 DEBUG: Bulk read successful for group 'All_Motors'
2024-09-30 19:42:21,502 DEBUG: Preparing bulk read for motors: [1, 2, 3, 4, 5, 6, 7, 8], Parameters: ['hardware_error_status']
2024-09-30 19:42:21,502 DEBUG: Adding motor 1, Address: 70, Length: 1 to bulk read
2024-09-30 19:42:21,502 DEBUG: Adding motor 2, Address: 70, Length: 1 to bulk read
2024-09-30 19:42:21,502 DEBUG: Adding motor 3, Address: 70, Length: 1 to bulk read
2024-09-30 19:42:21,503 DEBUG: Adding motor 4, Address: 70, Length: 1 to bulk read
2024-09-30 19:42:21,503 DEBUG: Adding motor 5, Address: 70, Length: 1 to bulk read
2024-09-30 19:42:21,503 DEBUG: Adding motor 6, Address: 70, Length: 1 to bulk read
2024-09-30 19:42:21,503 DEBUG: Adding motor 7, Address: 70, Length: 1 to bulk read
2024-09-30 19:42:21,503 DEBUG: Adding motor 8, Address: 70, Length: 1 to bulk read
2024-09-30 19:42:21,510 DEBUG: Bulk read successful for group 'All_Motors'
2024-09-30 19:42:21,510 INFO: 
Motor     Position (ticks)    Velocity (ticks/sec)     Load (%)  
2024-09-30 19:42:21,510 INFO: 1         1812                2                        247       
2024-09-30 19:42:21,510 INFO: 2         1695                2                        314       
2024-09-30 19:42:21,510 INFO: 3         1544                1                        285       
2024-09-30 19:42:21,511 INFO: 4         1921                4                        127       
2024-09-30 19:42:21,511 INFO: 5         1729                3                        316       
2024-09-30 19:42:21,511 INFO: 6         1738                3                        334       
2024-09-30 19:42:21,511 INFO: 7         2053                0                        0         
2024-09-30 19:42:21,511 INFO: 8         2042                0                        0         
2024-09-30 19:42:23,553 DEBUG: Button triangle (index 2) pressed.
2024-09-30 19:42:23,553 INFO: Triangle pressed. Preparing to change to next gait: 1
2024-09-30 19:42:23,564 DEBUG: Ignoring rapid press of button triangle (index 2)
2024-09-30 19:42:23,574 DEBUG: Ignoring rapid press of button triangle (index 2)
2024-09-30 19:42:23,585 DEBUG: Ignoring rapid press of button triangle (index 2)
2024-09-30 19:42:23,595 DEBUG: Ignoring rapid press of button triangle (index 2)
2024-09-30 19:42:23,605 DEBUG: Ignoring rapid press of button triangle (index 2)
2024-09-30 19:42:23,616 DEBUG: Ignoring rapid press of button triangle (index 2)
2024-09-30 19:42:23,626 DEBUG: Ignoring rapid press of button triangle (index 2)
2024-09-30 19:42:23,637 DEBUG: Ignoring rapid press of button triangle (index 2)
2024-09-30 19:42:23,647 DEBUG: Ignoring rapid press of button triangle (index 2)
2024-09-30 19:42:23,658 DEBUG: Ignoring rapid press of button triangle (index 2)
2024-09-30 19:42:23,668 DEBUG: Ignoring rapid press of button triangle (index 2)
2024-09-30 19:42:23,678 DEBUG: Ignoring rapid press of button triangle (index 2)
2024-09-30 19:42:24,479 INFO: Setting operating mode 'multi_turn' for group 'Wheg_Group'
2024-09-30 19:42:24,479 INFO: Disabling torque for group Wheg_Group
2024-09-30 19:42:24,480 DEBUG: Torque disabled for group Wheg_Group
2024-09-30 19:42:24,480 DEBUG: Operating mode set to 'multi_turn' for group Wheg_Group
2024-09-30 19:42:24,480 INFO: Enabling torque for group Wheg_Group
2024-09-30 19:42:24,480 DEBUG: Torque enabled for group Wheg_Group
2024-09-30 19:42:24,480 DEBUG: Setting profile velocity for motors in group Wheg_Group
2024-09-30 19:42:24,481 DEBUG: Setting profile velocity for group Wheg_Group
2024-09-30 19:42:24,481 DEBUG: Hard profile velocity limit: 100
2024-09-30 19:42:24,481 INFO: Setting the profile velocity for group Wheg_Group from config.yaml: 10
2024-09-30 19:42:24,481 INFO: Profile velocities set for group Wheg_Group: {1: 43.7, 2: 43.7, 3: 43.7, 4: 43.7, 5: 43.7, 6: 43.7}
2024-09-30 19:42:24,481 INFO: New gait 2 is now active.
2024-09-30 19:42:24,492 DEBUG: Executing Gait 2
2024-09-30 19:42:24,492 DEBUG: Adjusting wheg speed: trigger_value=-1.0, current_rpm=0
2024-09-30 19:42:24,492 DEBUG: Adjusted wheg speed: target_rpm=5.0, current_rpm=0
2024-09-30 19:42:24,503 DEBUG: Executing Gait 2
2024-09-30 19:42:24,503 DEBUG: Adjusting wheg speed: trigger_value=-1.0, current_rpm=0
2024-09-30 19:42:24,503 DEBUG: Adjusted wheg speed: target_rpm=5.0, current_rpm=0
2024-09-30 19:42:24,514 DEBUG: Executing Gait 2
2024-09-30 19:42:24,514 DEBUG: Adjusting wheg speed: trigger_value=-1.0, current_rpm=0
2024-09-30 19:42:24,514 DEBUG: Adjusted wheg speed: target_rpm=5.0, current_rpm=0
2024-09-30 19:42:24,524 DEBUG: Executing Gait 2
2024-09-30 19:42:24,524 DEBUG: Adjusting wheg speed: trigger_value=-1.0, current_rpm=0
2024-09-30 19:42:24,524 DEBUG: Adjusted wheg speed: target_rpm=5.0, current_rpm=0
2024-09-30 19:42:24,535 DEBUG: Executing Gait 2
2024-09-30 19:42:24,535 DEBUG: Adjusting wheg speed: trigger_value=-1.0, current_rpm=0
2024-09-30 19:42:24,535 DEBUG: Adjusted wheg speed: target_rpm=5.0, current_rpm=0
2024-09-30 19:42:24,546 DEBUG: Executing Gait 2
2024-09-30 19:42:24,546 DEBUG: Adjusting wheg speed: trigger_value=-1.0, current_rpm=0
2024-09-30 19:42:24,546 DEBUG: Adjusted wheg speed: target_rpm=5.0, current_rpm=0
2024-09-30 19:42:24,556 DEBUG: Executing Gait 2
2024-09-30 19:42:24,556 DEBUG: Adjusting wheg speed: trigger_value=-1.0, current_rpm=0
2024-09-30 19:42:24,556 DEBUG: Adjusted wheg speed: target_rpm=5.0, current_rpm=0
2024-09-30 19:42:24,567 DEBUG: Executing Gait 2
2024-09-30 19:42:24,567 DEBUG: Adjusting wheg speed: trigger_value=-1.0, current_rpm=0
2024-09-30 19:42:24,567 DEBUG: Adjusted wheg speed: target_rpm=5.0, current_rpm=0
2024-09-30 19:42:24,578 DEBUG: Executing Gait 2
2024-09-30 19:42:24,578 DEBUG: Adjusting wheg speed: trigger_value=-1.0, current_rpm=0
2024-09-30 19:42:24,578 DEBUG: Adjusted wheg speed: target_rpm=5.0, current_rpm=0
2024-09-30 19:42:24,588 DEBUG: Executing Gait 2
2024-09-30 19:42:24,589 DEBUG: Adjusting wheg speed: trigger_value=-1.0, current_rpm=0
2024-09-30 19:42:24,589 DEBUG: Adjusted wheg speed: target_rpm=5.0, current_rpm=0
2024-09-30 19:42:24,599 DEBUG: Executing Gait 2
2024-09-30 19:42:24,599 DEBUG: Adjusting wheg speed: trigger_value=-1.0, current_rpm=0
2024-09-30 19:42:24,599 DEBUG: Adjusted wheg speed: target_rpm=5.0, current_rpm=0
2024-09-30 19:42:24,610 DEBUG: Executing Gait 2
2024-09-30 19:42:24,610 DEBUG: Adjusting wheg speed: trigger_value=-1.0, current_rpm=0
2024-09-30 19:42:24,610 DEBUG: Adjusted wheg speed: target_rpm=5.0, current_rpm=0
2024-09-30 19:42:24,621 DEBUG: Executing Gait 2
2024-09-30 19:42:24,621 DEBUG: Adjusting wheg speed: trigger_value=-1.0, current_rpm=0
2024-09-30 19:42:24,621 DEBUG: Adjusted wheg speed: target_rpm=5.0, current_rpm=0
2024-09-30 19:42:24,631 DEBUG: Executing Gait 2
2024-09-30 19:42:24,632 DEBUG: Adjusting wheg speed: trigger_value=-1.0, current_rpm=0
2024-09-30 19:42:24,632 DEBUG: Adjusted wheg speed: target_rpm=5.0, current_rpm=0
2024-09-30 19:42:24,642 DEBUG: Executing Gait 2
2024-09-30 19:42:24,642 DEBUG: Adjusting wheg speed: trigger_value=-1.0, current_rpm=0
2024-09-30 19:42:24,642 DEBUG: Adjusted wheg speed: target_rpm=5.0, current_rpm=0
2024-09-30 19:42:24,653 DEBUG: Executing Gait 2
2024-09-30 19:42:24,653 DEBUG: Adjusting wheg speed: trigger_value=-1.0, current_rpm=0
2024-09-30 19:42:24,653 DEBUG: Adjusted wheg speed: target_rpm=5.0, current_rpm=0
2024-09-30 19:42:24,663 DEBUG: Executing Gait 2
2024-09-30 19:42:24,664 DEBUG: Adjusting wheg speed: trigger_value=-1.0, current_rpm=0
2024-09-30 19:42:24,664 DEBUG: Adjusted wheg speed: target_rpm=5.0, current_rpm=0
2024-09-30 19:42:24,674 DEBUG: Executing Gait 2
2024-09-30 19:42:24,674 DEBUG: Adjusting wheg speed: trigger_value=-1.0, current_rpm=0
2024-09-30 19:42:24,674 DEBUG: Adjusted wheg speed: target_rpm=5.0, current_rpm=0
2024-09-30 19:42:24,685 DEBUG: Executing Gait 2
2024-09-30 19:42:24,685 DEBUG: Adjusting wheg speed: trigger_value=-1.0, current_rpm=0
2024-09-30 19:42:24,685 DEBUG: Adjusted wheg speed: target_rpm=5.0, current_rpm=0
2024-09-30 19:42:24,696 DEBUG: Executing Gait 2
2024-09-30 19:42:24,696 DEBUG: Adjusting wheg speed: trigger_value=-1.0, current_rpm=0
2024-09-30 19:42:24,696 DEBUG: Adjusted wheg speed: target_rpm=5.0, current_rpm=0
2024-09-30 19:42:24,706 DEBUG: Executing Gait 2
2024-09-30 19:42:24,706 DEBUG: Adjusting wheg speed: trigger_value=-1.0, current_rpm=0
2024-09-30 19:42:24,706 DEBUG: Adjusted wheg speed: target_rpm=5.0, current_rpm=0
2024-09-30 19:42:24,717 DEBUG: Executing Gait 2
2024-09-30 19:42:24,717 DEBUG: Adjusting wheg speed: trigger_value=-1.0, current_rpm=0
2024-09-30 19:42:24,717 DEBUG: Adjusted wheg speed: target_rpm=5.0, current_rpm=0
2024-09-30 19:42:24,728 DEBUG: Executing Gait 2
2024-09-30 19:42:24,728 DEBUG: Adjusting wheg speed: trigger_value=-1.0, current_rpm=0
2024-09-30 19:42:24,728 DEBUG: Adjusted wheg speed: target_rpm=5.0, current_rpm=0
2024-09-30 19:42:24,738 DEBUG: Executing Gait 2
2024-09-30 19:42:24,738 DEBUG: Adjusting wheg speed: trigger_value=-1.0, current_rpm=0
2024-09-30 19:42:24,739 DEBUG: Adjusted wheg speed: target_rpm=5.0, current_rpm=0
2024-09-30 19:42:24,749 DEBUG: Executing Gait 2
2024-09-30 19:42:24,749 DEBUG: Adjusting wheg speed: trigger_value=-1.0, current_rpm=0
2024-09-30 19:42:24,749 DEBUG: Adjusted wheg speed: target_rpm=5.0, current_rpm=0
2024-09-30 19:42:24,760 DEBUG: Executing Gait 2
2024-09-30 19:42:24,760 DEBUG: Adjusting wheg speed: trigger_value=-1.0, current_rpm=0
2024-09-30 19:42:24,760 DEBUG: Adjusted wheg speed: target_rpm=5.0, current_rpm=0
2024-09-30 19:42:24,770 DEBUG: Executing Gait 2
2024-09-30 19:42:24,771 DEBUG: Adjusting wheg speed: trigger_value=-1.0, current_rpm=0
2024-09-30 19:42:24,771 DEBUG: Adjusted wheg speed: target_rpm=5.0, current_rpm=0
2024-09-30 19:42:24,781 DEBUG: Executing Gait 2
2024-09-30 19:42:24,781 DEBUG: Adjusting wheg speed: trigger_value=-1.0, current_rpm=0
2024-09-30 19:42:24,781 DEBUG: Adjusted wheg speed: target_rpm=5.0, current_rpm=0
2024-09-30 19:42:24,792 DEBUG: Executing Gait 2
2024-09-30 19:42:24,792 DEBUG: Adjusting wheg speed: trigger_value=-1.0, current_rpm=0
2024-09-30 19:42:24,792 DEBUG: Adjusted wheg speed: target_rpm=5.0, current_rpm=0
2024-09-30 19:42:24,803 DEBUG: Executing Gait 2
2024-09-30 19:42:24,803 DEBUG: Adjusting wheg speed: trigger_value=-1.0, current_rpm=0
2024-09-30 19:42:24,803 DEBUG: Adjusted wheg speed: target_rpm=5.0, current_rpm=0
2024-09-30 19:42:24,813 DEBUG: Executing Gait 2
2024-09-30 19:42:24,813 DEBUG: Adjusting wheg speed: trigger_value=-1.0, current_rpm=0
2024-09-30 19:42:24,814 DEBUG: Adjusted wheg speed: target_rpm=5.0, current_rpm=0
2024-09-30 19:42:24,824 DEBUG: Executing Gait 2
2024-09-30 19:42:24,824 DEBUG: Adjusting wheg speed: trigger_value=-1.0, current_rpm=0
2024-09-30 19:42:24,824 DEBUG: Adjusted wheg speed: target_rpm=5.0, current_rpm=0
2024-09-30 19:42:24,835 DEBUG: Executing Gait 2
2024-09-30 19:42:24,835 DEBUG: Adjusting wheg speed: trigger_value=-1.0, current_rpm=0
2024-09-30 19:42:24,835 DEBUG: Adjusted wheg speed: target_rpm=5.0, current_rpm=0
2024-09-30 19:42:24,845 DEBUG: Executing Gait 2
2024-09-30 19:42:24,846 DEBUG: Adjusting wheg speed: trigger_value=-1.0, current_rpm=0
2024-09-30 19:42:24,846 DEBUG: Adjusted wheg speed: target_rpm=5.0, current_rpm=0
2024-09-30 19:42:24,856 DEBUG: Executing Gait 2
2024-09-30 19:42:24,856 DEBUG: Adjusting wheg speed: trigger_value=-1.0, current_rpm=0
2024-09-30 19:42:24,856 DEBUG: Adjusted wheg speed: target_rpm=5.0, current_rpm=0
2024-09-30 19:42:24,867 DEBUG: Executing Gait 2
2024-09-30 19:42:24,867 DEBUG: Adjusting wheg speed: trigger_value=-1.0, current_rpm=0
2024-09-30 19:42:24,867 DEBUG: Adjusted wheg speed: target_rpm=5.0, current_rpm=0
2024-09-30 19:42:24,878 DEBUG: Executing Gait 2
2024-09-30 19:42:24,878 DEBUG: Adjusting wheg speed: trigger_value=-1.0, current_rpm=0
2024-09-30 19:42:24,878 DEBUG: Adjusted wheg speed: target_rpm=5.0, current_rpm=0
2024-09-30 19:42:24,888 DEBUG: Executing Gait 2
2024-09-30 19:42:24,888 DEBUG: Adjusting wheg speed: trigger_value=-1.0, current_rpm=0
2024-09-30 19:42:24,888 DEBUG: Adjusted wheg speed: target_rpm=5.0, current_rpm=0
2024-09-30 19:42:24,899 DEBUG: Executing Gait 2
2024-09-30 19:42:24,899 DEBUG: Adjusting wheg speed: trigger_value=-1.0, current_rpm=0
2024-09-30 19:42:24,899 DEBUG: Adjusted wheg speed: target_rpm=5.0, current_rpm=0
2024-09-30 19:42:24,910 DEBUG: Executing Gait 2
2024-09-30 19:42:24,910 DEBUG: Adjusting wheg speed: trigger_value=-1.0, current_rpm=0
2024-09-30 19:42:24,910 DEBUG: Adjusted wheg speed: target_rpm=5.0, current_rpm=0
2024-09-30 19:42:24,920 DEBUG: Executing Gait 2
2024-09-30 19:42:24,921 DEBUG: Adjusting wheg speed: trigger_value=-1.0, current_rpm=0
2024-09-30 19:42:24,921 DEBUG: Adjusted wheg speed: target_rpm=5.0, current_rpm=0
2024-09-30 19:42:24,931 DEBUG: Executing Gait 2
2024-09-30 19:42:24,931 DEBUG: Adjusting wheg speed: trigger_value=-1.0, current_rpm=0
2024-09-30 19:42:24,931 DEBUG: Adjusted wheg speed: target_rpm=5.0, current_rpm=0
2024-09-30 19:42:24,942 DEBUG: Executing Gait 2
2024-09-30 19:42:24,942 DEBUG: Adjusting wheg speed: trigger_value=-1.0, current_rpm=0
2024-09-30 19:42:24,942 DEBUG: Adjusted wheg speed: target_rpm=5.0, current_rpm=0
2024-09-30 19:42:24,952 DEBUG: Executing Gait 2
2024-09-30 19:42:24,953 DEBUG: Adjusting wheg speed: trigger_value=-1.0, current_rpm=0
2024-09-30 19:42:24,953 DEBUG: Adjusted wheg speed: target_rpm=5.0, current_rpm=0
2024-09-30 19:42:24,963 DEBUG: Executing Gait 2
2024-09-30 19:42:24,963 DEBUG: Adjusting wheg speed: trigger_value=-1.0, current_rpm=0
2024-09-30 19:42:24,963 DEBUG: Adjusted wheg speed: target_rpm=5.0, current_rpm=0
2024-09-30 19:42:24,974 DEBUG: Executing Gait 2
2024-09-30 19:42:24,974 DEBUG: Adjusting wheg speed: trigger_value=-1.0, current_rpm=0
2024-09-30 19:42:24,974 DEBUG: Adjusted wheg speed: target_rpm=5.0, current_rpm=0
2024-09-30 19:42:24,984 DEBUG: Executing Gait 2
2024-09-30 19:42:24,985 DEBUG: Adjusting wheg speed: trigger_value=-1.0, current_rpm=0
2024-09-30 19:42:24,985 DEBUG: Adjusted wheg speed: target_rpm=5.0, current_rpm=0
2024-09-30 19:42:24,995 DEBUG: Executing Gait 2
2024-09-30 19:42:24,995 DEBUG: Adjusting wheg speed: trigger_value=-1.0, current_rpm=0
2024-09-30 19:42:24,995 DEBUG: Adjusted wheg speed: target_rpm=5.0, current_rpm=0
2024-09-30 19:42:25,006 DEBUG: Executing Gait 2
2024-09-30 19:42:25,006 DEBUG: Adjusting wheg speed: trigger_value=-1.0, current_rpm=0
2024-09-30 19:42:25,006 DEBUG: Adjusted wheg speed: target_rpm=5.0, current_rpm=0
2024-09-30 19:42:25,017 DEBUG: Executing Gait 2
2024-09-30 19:42:25,017 DEBUG: Adjusting wheg speed: trigger_value=-1.0, current_rpm=0
2024-09-30 19:42:25,017 DEBUG: Adjusted wheg speed: target_rpm=5.0, current_rpm=0
2024-09-30 19:42:25,027 DEBUG: Executing Gait 2
2024-09-30 19:42:25,028 DEBUG: Adjusting wheg speed: trigger_value=-1.0, current_rpm=0
2024-09-30 19:42:25,028 DEBUG: Adjusted wheg speed: target_rpm=5.0, current_rpm=0
2024-09-30 19:42:25,038 DEBUG: Executing Gait 2
2024-09-30 19:42:25,038 DEBUG: Adjusting wheg speed: trigger_value=-1.0, current_rpm=0
2024-09-30 19:42:25,038 DEBUG: Adjusted wheg speed: target_rpm=5.0, current_rpm=0
2024-09-30 19:42:25,049 DEBUG: Executing Gait 2
2024-09-30 19:42:25,049 DEBUG: Adjusting wheg speed: trigger_value=-1.0, current_rpm=0
2024-09-30 19:42:25,049 DEBUG: Adjusted wheg speed: target_rpm=5.0, current_rpm=0
2024-09-30 19:42:25,059 DEBUG: Executing Gait 2
2024-09-30 19:42:25,060 DEBUG: Adjusting wheg speed: trigger_value=-1.0, current_rpm=0
2024-09-30 19:42:25,060 DEBUG: Adjusted wheg speed: target_rpm=5.0, current_rpm=0
2024-09-30 19:42:25,070 DEBUG: Executing Gait 2
2024-09-30 19:42:25,070 DEBUG: Adjusting wheg speed: trigger_value=-1.0, current_rpm=0
2024-09-30 19:42:25,070 DEBUG: Adjusted wheg speed: target_rpm=5.0, current_rpm=0
2024-09-30 19:42:25,081 DEBUG: Executing Gait 2
2024-09-30 19:42:25,081 DEBUG: Adjusting wheg speed: trigger_value=-1.0, current_rpm=0
2024-09-30 19:42:25,081 DEBUG: Adjusted wheg speed: target_rpm=5.0, current_rpm=0
2024-09-30 19:42:25,092 DEBUG: Executing Gait 2
2024-09-30 19:42:25,092 DEBUG: Adjusting wheg speed: trigger_value=-1.0, current_rpm=0
2024-09-30 19:42:25,092 DEBUG: Adjusted wheg speed: target_rpm=5.0, current_rpm=0
2024-09-30 19:42:25,102 DEBUG: Executing Gait 2
2024-09-30 19:42:25,102 DEBUG: Adjusting wheg speed: trigger_value=-1.0, current_rpm=0
2024-09-30 19:42:25,102 DEBUG: Adjusted wheg speed: target_rpm=5.0, current_rpm=0
2024-09-30 19:42:25,113 DEBUG: Executing Gait 2
2024-09-30 19:42:25,113 DEBUG: Adjusting wheg speed: trigger_value=-1.0, current_rpm=0
2024-09-30 19:42:25,113 DEBUG: Adjusted wheg speed: target_rpm=5.0, current_rpm=0
2024-09-30 19:42:25,124 DEBUG: Executing Gait 2
2024-09-30 19:42:25,124 DEBUG: Adjusting wheg speed: trigger_value=-1.0, current_rpm=0
2024-09-30 19:42:25,124 DEBUG: Adjusted wheg speed: target_rpm=5.0, current_rpm=0
2024-09-30 19:42:25,134 DEBUG: Executing Gait 2
2024-09-30 19:42:25,135 DEBUG: Adjusting wheg speed: trigger_value=-1.0, current_rpm=0
2024-09-30 19:42:25,135 DEBUG: Adjusted wheg speed: target_rpm=5.0, current_rpm=0
2024-09-30 19:42:25,145 DEBUG: Executing Gait 2
2024-09-30 19:42:25,145 DEBUG: Adjusting wheg speed: trigger_value=-1.0, current_rpm=0
2024-09-30 19:42:25,145 DEBUG: Adjusted wheg speed: target_rpm=5.0, current_rpm=0
2024-09-30 19:42:25,156 DEBUG: Executing Gait 2
2024-09-30 19:42:25,156 DEBUG: Adjusting wheg speed: trigger_value=-1.0, current_rpm=0
2024-09-30 19:42:25,156 DEBUG: Adjusted wheg speed: target_rpm=5.0, current_rpm=0
2024-09-30 19:42:25,166 DEBUG: Executing Gait 2
2024-09-30 19:42:25,167 DEBUG: Adjusting wheg speed: trigger_value=-1.0, current_rpm=0
2024-09-30 19:42:25,167 DEBUG: Adjusted wheg speed: target_rpm=5.0, current_rpm=0
2024-09-30 19:42:25,177 DEBUG: Executing Gait 2
2024-09-30 19:42:25,177 DEBUG: Adjusting wheg speed: trigger_value=-1.0, current_rpm=0
2024-09-30 19:42:25,177 DEBUG: Adjusted wheg speed: target_rpm=5.0, current_rpm=0
2024-09-30 19:42:25,188 DEBUG: Executing Gait 2
2024-09-30 19:42:25,188 DEBUG: Adjusting wheg speed: trigger_value=-1.0, current_rpm=0
2024-09-30 19:42:25,188 DEBUG: Adjusted wheg speed: target_rpm=5.0, current_rpm=0
2024-09-30 19:42:25,199 DEBUG: Executing Gait 2
2024-09-30 19:42:25,199 DEBUG: Adjusting wheg speed: trigger_value=-1.0, current_rpm=0
2024-09-30 19:42:25,199 DEBUG: Adjusted wheg speed: target_rpm=5.0, current_rpm=0
2024-09-30 19:42:25,209 DEBUG: Executing Gait 2
2024-09-30 19:42:25,209 DEBUG: Adjusting wheg speed: trigger_value=-1.0, current_rpm=0
2024-09-30 19:42:25,209 DEBUG: Adjusted wheg speed: target_rpm=5.0, current_rpm=0
2024-09-30 19:42:25,220 DEBUG: Executing Gait 2
2024-09-30 19:42:25,220 DEBUG: Adjusting wheg speed: trigger_value=-1.0, current_rpm=0
2024-09-30 19:42:25,220 DEBUG: Adjusted wheg speed: target_rpm=5.0, current_rpm=0
2024-09-30 19:42:25,231 DEBUG: Executing Gait 2
2024-09-30 19:42:25,231 DEBUG: Adjusting wheg speed: trigger_value=-1.0, current_rpm=0
2024-09-30 19:42:25,231 DEBUG: Adjusted wheg speed: target_rpm=5.0, current_rpm=0
2024-09-30 19:42:25,241 DEBUG: Executing Gait 2
2024-09-30 19:42:25,241 DEBUG: Adjusting wheg speed: trigger_value=-1.0, current_rpm=0
2024-09-30 19:42:25,242 DEBUG: Adjusted wheg speed: target_rpm=5.0, current_rpm=0
2024-09-30 19:42:25,252 DEBUG: Executing Gait 2
2024-09-30 19:42:25,252 DEBUG: Adjusting wheg speed: trigger_value=-1.0, current_rpm=0
2024-09-30 19:42:25,252 DEBUG: Adjusted wheg speed: target_rpm=5.0, current_rpm=0
2024-09-30 19:42:25,263 DEBUG: Executing Gait 2
2024-09-30 19:42:25,263 DEBUG: Adjusting wheg speed: trigger_value=-1.0, current_rpm=0
2024-09-30 19:42:25,263 DEBUG: Adjusted wheg speed: target_rpm=5.0, current_rpm=0
2024-09-30 19:42:25,273 DEBUG: Executing Gait 2
2024-09-30 19:42:25,273 DEBUG: Adjusting wheg speed: trigger_value=-1.0, current_rpm=0
2024-09-30 19:42:25,273 DEBUG: Adjusted wheg speed: target_rpm=5.0, current_rpm=0
2024-09-30 19:42:25,284 DEBUG: Executing Gait 2
2024-09-30 19:42:25,284 DEBUG: Adjusting wheg speed: trigger_value=-1.0, current_rpm=0
2024-09-30 19:42:25,284 DEBUG: Adjusted wheg speed: target_rpm=5.0, current_rpm=0
2024-09-30 19:42:25,294 DEBUG: Executing Gait 2
2024-09-30 19:42:25,295 DEBUG: Adjusting wheg speed: trigger_value=-1.0, current_rpm=0
2024-09-30 19:42:25,295 DEBUG: Adjusted wheg speed: target_rpm=5.0, current_rpm=0
2024-09-30 19:42:25,305 DEBUG: Executing Gait 2
2024-09-30 19:42:25,305 DEBUG: Adjusting wheg speed: trigger_value=-1.0, current_rpm=0
2024-09-30 19:42:25,305 DEBUG: Adjusted wheg speed: target_rpm=5.0, current_rpm=0
2024-09-30 19:42:25,316 DEBUG: Executing Gait 2
2024-09-30 19:42:25,316 DEBUG: Adjusting wheg speed: trigger_value=-1.0, current_rpm=0
2024-09-30 19:42:25,316 DEBUG: Adjusted wheg speed: target_rpm=5.0, current_rpm=0
2024-09-30 19:42:25,327 DEBUG: Executing Gait 2
2024-09-30 19:42:25,327 DEBUG: Adjusting wheg speed: trigger_value=-1.0, current_rpm=0
2024-09-30 19:42:25,328 DEBUG: Adjusted wheg speed: target_rpm=5.0, current_rpm=0
2024-09-30 19:42:25,338 DEBUG: Executing Gait 2
2024-09-30 19:42:25,339 DEBUG: Adjusting wheg speed: trigger_value=-1.0, current_rpm=0
2024-09-30 19:42:25,339 DEBUG: Adjusted wheg speed: target_rpm=5.0, current_rpm=0
2024-09-30 19:42:25,350 DEBUG: Executing Gait 2
2024-09-30 19:42:25,350 DEBUG: Adjusting wheg speed: trigger_value=-1.0, current_rpm=0
2024-09-30 19:42:25,350 DEBUG: Adjusted wheg speed: target_rpm=5.0, current_rpm=0
2024-09-30 19:42:25,361 DEBUG: Executing Gait 2
2024-09-30 19:42:25,361 DEBUG: Adjusting wheg speed: trigger_value=-1.0, current_rpm=0
2024-09-30 19:42:25,361 DEBUG: Adjusted wheg speed: target_rpm=5.0, current_rpm=0
2024-09-30 19:42:25,372 DEBUG: Executing Gait 2
2024-09-30 19:42:25,372 DEBUG: Adjusting wheg speed: trigger_value=-1.0, current_rpm=0
2024-09-30 19:42:25,372 DEBUG: Adjusted wheg speed: target_rpm=5.0, current_rpm=0
2024-09-30 19:42:25,383 DEBUG: Executing Gait 2
2024-09-30 19:42:25,384 DEBUG: Adjusting wheg speed: trigger_value=-1.0, current_rpm=0
2024-09-30 19:42:25,384 DEBUG: Adjusted wheg speed: target_rpm=5.0, current_rpm=0
2024-09-30 19:42:25,395 DEBUG: Executing Gait 2
2024-09-30 19:42:25,395 DEBUG: Adjusting wheg speed: trigger_value=-1.0, current_rpm=0
2024-09-30 19:42:25,395 DEBUG: Adjusted wheg speed: target_rpm=5.0, current_rpm=0
2024-09-30 19:42:25,406 DEBUG: Executing Gait 2
2024-09-30 19:42:25,406 DEBUG: Adjusting wheg speed: trigger_value=-1.0, current_rpm=0
2024-09-30 19:42:25,406 DEBUG: Adjusted wheg speed: target_rpm=5.0, current_rpm=0
2024-09-30 19:42:25,417 DEBUG: Executing Gait 2
2024-09-30 19:42:25,417 DEBUG: Adjusting wheg speed: trigger_value=-1.0, current_rpm=0
2024-09-30 19:42:25,417 DEBUG: Adjusted wheg speed: target_rpm=5.0, current_rpm=0
2024-09-30 19:42:25,428 DEBUG: Executing Gait 2
2024-09-30 19:42:25,429 DEBUG: Adjusting wheg speed: trigger_value=-1.0, current_rpm=0
2024-09-30 19:42:25,429 DEBUG: Adjusted wheg speed: target_rpm=5.0, current_rpm=0
2024-09-30 19:42:25,440 DEBUG: Executing Gait 2
2024-09-30 19:42:25,440 DEBUG: Adjusting wheg speed: trigger_value=-1.0, current_rpm=0
2024-09-30 19:42:25,440 DEBUG: Adjusted wheg speed: target_rpm=5.0, current_rpm=0
2024-09-30 19:42:25,451 DEBUG: Executing Gait 2
2024-09-30 19:42:25,451 DEBUG: Adjusting wheg speed: trigger_value=-1.0, current_rpm=0
2024-09-30 19:42:25,452 DEBUG: Adjusted wheg speed: target_rpm=5.0, current_rpm=0
2024-09-30 19:42:25,462 DEBUG: Executing Gait 2
2024-09-30 19:42:25,463 DEBUG: Adjusting wheg speed: trigger_value=-1.0, current_rpm=0
2024-09-30 19:42:25,463 DEBUG: Adjusted wheg speed: target_rpm=5.0, current_rpm=0
2024-09-30 19:42:25,474 DEBUG: Executing Gait 2
2024-09-30 19:42:25,474 DEBUG: Adjusting wheg speed: trigger_value=-1.0, current_rpm=0
2024-09-30 19:42:25,474 DEBUG: Adjusted wheg speed: target_rpm=5.0, current_rpm=0
2024-09-30 19:42:25,485 DEBUG: Executing Gait 2
2024-09-30 19:42:25,485 DEBUG: Adjusting wheg speed: trigger_value=-1.0, current_rpm=0
2024-09-30 19:42:25,486 DEBUG: Adjusted wheg speed: target_rpm=5.0, current_rpm=0
2024-09-30 19:42:25,497 DEBUG: Executing Gait 2
2024-09-30 19:42:25,497 DEBUG: Adjusting wheg speed: trigger_value=-1.0, current_rpm=0
2024-09-30 19:42:25,497 DEBUG: Adjusted wheg speed: target_rpm=5.0, current_rpm=0
2024-09-30 19:42:25,509 DEBUG: Executing Gait 2
2024-09-30 19:42:25,509 DEBUG: Adjusting wheg speed: trigger_value=-1.0, current_rpm=0
2024-09-30 19:42:25,509 DEBUG: Adjusted wheg speed: target_rpm=5.0, current_rpm=0
2024-09-30 19:42:25,520 DEBUG: Executing Gait 2
2024-09-30 19:42:25,520 DEBUG: Adjusting wheg speed: trigger_value=-1.0, current_rpm=0
2024-09-30 19:42:25,521 DEBUG: Adjusted wheg speed: target_rpm=5.0, current_rpm=0
2024-09-30 19:42:25,531 DEBUG: Executing Gait 2
2024-09-30 19:42:25,532 DEBUG: Adjusting wheg speed: trigger_value=-1.0, current_rpm=0
2024-09-30 19:42:25,532 DEBUG: Adjusted wheg speed: target_rpm=5.0, current_rpm=0
2024-09-30 19:42:25,543 DEBUG: Executing Gait 2
2024-09-30 19:42:25,543 DEBUG: Adjusting wheg speed: trigger_value=-1.0, current_rpm=0
2024-09-30 19:42:25,543 DEBUG: Adjusted wheg speed: target_rpm=5.0, current_rpm=0
2024-09-30 19:42:25,554 DEBUG: Executing Gait 2
2024-09-30 19:42:25,554 DEBUG: Adjusting wheg speed: trigger_value=-1.0, current_rpm=0
2024-09-30 19:42:25,554 DEBUG: Adjusted wheg speed: target_rpm=5.0, current_rpm=0
2024-09-30 19:42:25,565 DEBUG: Executing Gait 2
2024-09-30 19:42:25,565 DEBUG: Adjusting wheg speed: trigger_value=-1.0, current_rpm=0
2024-09-30 19:42:25,565 DEBUG: Adjusted wheg speed: target_rpm=5.0, current_rpm=0
2024-09-30 19:42:25,576 DEBUG: Executing Gait 2
2024-09-30 19:42:25,576 DEBUG: Adjusting wheg speed: trigger_value=-1.0, current_rpm=0
2024-09-30 19:42:25,577 DEBUG: Adjusted wheg speed: target_rpm=5.0, current_rpm=0
2024-09-30 19:42:25,587 DEBUG: Executing Gait 2
2024-09-30 19:42:25,588 DEBUG: Adjusting wheg speed: trigger_value=-1.0, current_rpm=0
2024-09-30 19:42:25,588 DEBUG: Adjusted wheg speed: target_rpm=5.0, current_rpm=0
2024-09-30 19:42:25,599 DEBUG: Executing Gait 2
2024-09-30 19:42:25,599 DEBUG: Adjusting wheg speed: trigger_value=-1.0, current_rpm=0
2024-09-30 19:42:25,599 DEBUG: Adjusted wheg speed: target_rpm=5.0, current_rpm=0
2024-09-30 19:42:25,610 DEBUG: Executing Gait 2
2024-09-30 19:42:25,610 DEBUG: Adjusting wheg speed: trigger_value=-1.0, current_rpm=0
2024-09-30 19:42:25,610 DEBUG: Adjusted wheg speed: target_rpm=5.0, current_rpm=0
2024-09-30 19:42:25,621 DEBUG: Executing Gait 2
2024-09-30 19:42:25,621 DEBUG: Adjusting wheg speed: trigger_value=-1.0, current_rpm=0
2024-09-30 19:42:25,621 DEBUG: Adjusted wheg speed: target_rpm=5.0, current_rpm=0
2024-09-30 19:42:25,632 DEBUG: Executing Gait 2
2024-09-30 19:42:25,632 DEBUG: Adjusting wheg speed: trigger_value=-1.0, current_rpm=0
2024-09-30 19:42:25,633 DEBUG: Adjusted wheg speed: target_rpm=5.0, current_rpm=0
2024-09-30 19:42:25,643 DEBUG: Executing Gait 2
2024-09-30 19:42:25,644 DEBUG: Adjusting wheg speed: trigger_value=-1.0, current_rpm=0
2024-09-30 19:42:25,644 DEBUG: Adjusted wheg speed: target_rpm=5.0, current_rpm=0
2024-09-30 19:42:25,655 DEBUG: Executing Gait 2
2024-09-30 19:42:25,655 DEBUG: Adjusting wheg speed: trigger_value=-1.0, current_rpm=0
2024-09-30 19:42:25,655 DEBUG: Adjusted wheg speed: target_rpm=5.0, current_rpm=0
2024-09-30 19:42:25,666 DEBUG: Executing Gait 2
2024-09-30 19:42:25,666 DEBUG: Adjusting wheg speed: trigger_value=-1.0, current_rpm=0
2024-09-30 19:42:25,666 DEBUG: Adjusted wheg speed: target_rpm=5.0, current_rpm=0
2024-09-30 19:42:25,677 DEBUG: Executing Gait 2
2024-09-30 19:42:25,677 DEBUG: Adjusting wheg speed: trigger_value=-1.0, current_rpm=0
2024-09-30 19:42:25,677 DEBUG: Adjusted wheg speed: target_rpm=5.0, current_rpm=0
2024-09-30 19:42:25,688 DEBUG: Executing Gait 2
2024-09-30 19:42:25,688 DEBUG: Adjusting wheg speed: trigger_value=-1.0, current_rpm=0
2024-09-30 19:42:25,689 DEBUG: Adjusted wheg speed: target_rpm=5.0, current_rpm=0
2024-09-30 19:42:25,699 DEBUG: Executing Gait 2
2024-09-30 19:42:25,700 DEBUG: Adjusting wheg speed: trigger_value=-1.0, current_rpm=0
2024-09-30 19:42:25,700 DEBUG: Adjusted wheg speed: target_rpm=5.0, current_rpm=0
2024-09-30 19:42:25,711 DEBUG: Executing Gait 2
2024-09-30 19:42:25,711 DEBUG: Adjusting wheg speed: trigger_value=-1.0, current_rpm=0
2024-09-30 19:42:25,711 DEBUG: Adjusted wheg speed: target_rpm=5.0, current_rpm=0
2024-09-30 19:42:25,722 DEBUG: Executing Gait 2
2024-09-30 19:42:25,722 DEBUG: Adjusting wheg speed: trigger_value=-1.0, current_rpm=0
2024-09-30 19:42:25,722 DEBUG: Adjusted wheg speed: target_rpm=5.0, current_rpm=0
2024-09-30 19:42:25,733 DEBUG: Executing Gait 2
2024-09-30 19:42:25,733 DEBUG: Adjusting wheg speed: trigger_value=-1.0, current_rpm=0
2024-09-30 19:42:25,733 DEBUG: Adjusted wheg speed: target_rpm=5.0, current_rpm=0
2024-09-30 19:42:25,744 DEBUG: Executing Gait 2
2024-09-30 19:42:25,745 DEBUG: Adjusting wheg speed: trigger_value=-1.0, current_rpm=0
2024-09-30 19:42:25,745 DEBUG: Adjusted wheg speed: target_rpm=5.0, current_rpm=0
2024-09-30 19:42:25,756 DEBUG: Executing Gait 2
2024-09-30 19:42:25,756 DEBUG: Adjusting wheg speed: trigger_value=-1.0, current_rpm=0
2024-09-30 19:42:25,756 DEBUG: Adjusted wheg speed: target_rpm=5.0, current_rpm=0
2024-09-30 19:42:25,767 DEBUG: Executing Gait 2
2024-09-30 19:42:25,767 DEBUG: Adjusting wheg speed: trigger_value=-1.0, current_rpm=0
2024-09-30 19:42:25,767 DEBUG: Adjusted wheg speed: target_rpm=5.0, current_rpm=0
2024-09-30 19:42:25,778 DEBUG: Executing Gait 2
2024-09-30 19:42:25,778 DEBUG: Adjusting wheg speed: trigger_value=-1.0, current_rpm=0
2024-09-30 19:42:25,779 DEBUG: Adjusted wheg speed: target_rpm=5.0, current_rpm=0
2024-09-30 19:42:25,789 DEBUG: Executing Gait 2
2024-09-30 19:42:25,790 DEBUG: Adjusting wheg speed: trigger_value=-1.0, current_rpm=0
2024-09-30 19:42:25,790 DEBUG: Adjusted wheg speed: target_rpm=5.0, current_rpm=0
2024-09-30 19:42:25,800 DEBUG: Executing Gait 2
2024-09-30 19:42:25,801 DEBUG: Adjusting wheg speed: trigger_value=-1.0, current_rpm=0
2024-09-30 19:42:25,801 DEBUG: Adjusted wheg speed: target_rpm=5.0, current_rpm=0
2024-09-30 19:42:25,812 DEBUG: Executing Gait 2
2024-09-30 19:42:25,812 DEBUG: Adjusting wheg speed: trigger_value=-1.0, current_rpm=0
2024-09-30 19:42:25,812 DEBUG: Adjusted wheg speed: target_rpm=5.0, current_rpm=0
2024-09-30 19:42:25,823 DEBUG: Executing Gait 2
2024-09-30 19:42:25,823 DEBUG: Adjusting wheg speed: trigger_value=-1.0, current_rpm=0
2024-09-30 19:42:25,824 DEBUG: Adjusted wheg speed: target_rpm=5.0, current_rpm=0
2024-09-30 19:42:25,834 DEBUG: Executing Gait 2
2024-09-30 19:42:25,835 DEBUG: Adjusting wheg speed: trigger_value=-1.0, current_rpm=0
2024-09-30 19:42:25,835 DEBUG: Adjusted wheg speed: target_rpm=5.0, current_rpm=0
2024-09-30 19:42:25,846 DEBUG: Executing Gait 2
2024-09-30 19:42:25,846 DEBUG: Adjusting wheg speed: trigger_value=-1.0, current_rpm=0
2024-09-30 19:42:25,846 DEBUG: Adjusted wheg speed: target_rpm=5.0, current_rpm=0
2024-09-30 19:42:25,857 DEBUG: Executing Gait 2
2024-09-30 19:42:25,858 DEBUG: Adjusting wheg speed: trigger_value=-1.0, current_rpm=0
2024-09-30 19:42:25,858 DEBUG: Adjusted wheg speed: target_rpm=5.0, current_rpm=0
2024-09-30 19:42:25,869 DEBUG: Executing Gait 2
2024-09-30 19:42:25,869 DEBUG: Adjusting wheg speed: trigger_value=-1.0, current_rpm=0
2024-09-30 19:42:25,869 DEBUG: Adjusted wheg speed: target_rpm=5.0, current_rpm=0
2024-09-30 19:42:25,880 DEBUG: Executing Gait 2
2024-09-30 19:42:25,880 DEBUG: Adjusting wheg speed: trigger_value=-1.0, current_rpm=0
2024-09-30 19:42:25,880 DEBUG: Adjusted wheg speed: target_rpm=5.0, current_rpm=0
2024-09-30 19:42:25,891 DEBUG: Executing Gait 2
2024-09-30 19:42:25,892 DEBUG: Adjusting wheg speed: trigger_value=-1.0, current_rpm=0
2024-09-30 19:42:25,892 DEBUG: Adjusted wheg speed: target_rpm=5.0, current_rpm=0
2024-09-30 19:42:25,903 DEBUG: Executing Gait 2
2024-09-30 19:42:25,903 DEBUG: Adjusting wheg speed: trigger_value=-1.0, current_rpm=0
2024-09-30 19:42:25,903 DEBUG: Adjusted wheg speed: target_rpm=5.0, current_rpm=0
2024-09-30 19:42:25,914 DEBUG: Executing Gait 2
2024-09-30 19:42:25,914 DEBUG: Adjusting wheg speed: trigger_value=-1.0, current_rpm=0
2024-09-30 19:42:25,915 DEBUG: Adjusted wheg speed: target_rpm=5.0, current_rpm=0
2024-09-30 19:42:25,925 DEBUG: Executing Gait 2
2024-09-30 19:42:25,925 DEBUG: Adjusting wheg speed: trigger_value=-1.0, current_rpm=0
2024-09-30 19:42:25,926 DEBUG: Adjusted wheg speed: target_rpm=5.0, current_rpm=0
2024-09-30 19:42:25,936 DEBUG: Executing Gait 2
2024-09-30 19:42:25,937 DEBUG: Adjusting wheg speed: trigger_value=-1.0, current_rpm=0
2024-09-30 19:42:25,937 DEBUG: Adjusted wheg speed: target_rpm=5.0, current_rpm=0
2024-09-30 19:42:25,948 DEBUG: Executing Gait 2
2024-09-30 19:42:25,948 DEBUG: Adjusting wheg speed: trigger_value=-1.0, current_rpm=0
2024-09-30 19:42:25,948 DEBUG: Adjusted wheg speed: target_rpm=5.0, current_rpm=0
2024-09-30 19:42:25,959 DEBUG: Executing Gait 2
2024-09-30 19:42:25,959 DEBUG: Adjusting wheg speed: trigger_value=-1.0, current_rpm=0
2024-09-30 19:42:25,959 DEBUG: Adjusted wheg speed: target_rpm=5.0, current_rpm=0
2024-09-30 19:42:25,970 DEBUG: Executing Gait 2
2024-09-30 19:42:25,970 DEBUG: Adjusting wheg speed: trigger_value=-1.0, current_rpm=0
2024-09-30 19:42:25,970 DEBUG: Adjusted wheg speed: target_rpm=5.0, current_rpm=0
2024-09-30 19:42:25,981 DEBUG: Executing Gait 2
2024-09-30 19:42:25,981 DEBUG: Adjusting wheg speed: trigger_value=-1.0, current_rpm=0
2024-09-30 19:42:25,981 DEBUG: Adjusted wheg speed: target_rpm=5.0, current_rpm=0
2024-09-30 19:42:25,992 DEBUG: Executing Gait 2
2024-09-30 19:42:25,993 DEBUG: Adjusting wheg speed: trigger_value=-1.0, current_rpm=0
2024-09-30 19:42:25,993 DEBUG: Adjusted wheg speed: target_rpm=5.0, current_rpm=0
2024-09-30 19:42:26,004 DEBUG: Executing Gait 2
2024-09-30 19:42:26,004 DEBUG: Adjusting wheg speed: trigger_value=-1.0, current_rpm=0
2024-09-30 19:42:26,004 DEBUG: Adjusted wheg speed: target_rpm=5.0, current_rpm=0
2024-09-30 19:42:26,015 DEBUG: Executing Gait 2
2024-09-30 19:42:26,015 DEBUG: Adjusting wheg speed: trigger_value=-1.0, current_rpm=0
2024-09-30 19:42:26,015 DEBUG: Adjusted wheg speed: target_rpm=5.0, current_rpm=0
2024-09-30 19:42:26,026 DEBUG: Executing Gait 2
2024-09-30 19:42:26,026 DEBUG: Adjusting wheg speed: trigger_value=-1.0, current_rpm=0
2024-09-30 19:42:26,026 DEBUG: Adjusted wheg speed: target_rpm=5.0, current_rpm=0
2024-09-30 19:42:26,037 DEBUG: Executing Gait 2
2024-09-30 19:42:26,037 DEBUG: Adjusting wheg speed: trigger_value=-1.0, current_rpm=0
2024-09-30 19:42:26,038 DEBUG: Adjusted wheg speed: target_rpm=5.0, current_rpm=0
2024-09-30 19:42:26,048 DEBUG: Executing Gait 2
2024-09-30 19:42:26,049 DEBUG: Adjusting wheg speed: trigger_value=-1.0, current_rpm=0
2024-09-30 19:42:26,049 DEBUG: Adjusted wheg speed: target_rpm=5.0, current_rpm=0
2024-09-30 19:42:26,060 DEBUG: Executing Gait 2
2024-09-30 19:42:26,060 DEBUG: Adjusting wheg speed: trigger_value=-1.0, current_rpm=0
2024-09-30 19:42:26,060 DEBUG: Adjusted wheg speed: target_rpm=5.0, current_rpm=0
2024-09-30 19:42:26,071 DEBUG: Executing Gait 2
2024-09-30 19:42:26,071 DEBUG: Adjusting wheg speed: trigger_value=-1.0, current_rpm=0
2024-09-30 19:42:26,071 DEBUG: Adjusted wheg speed: target_rpm=5.0, current_rpm=0
2024-09-30 19:42:26,082 DEBUG: Executing Gait 2
2024-09-30 19:42:26,082 DEBUG: Adjusting wheg speed: trigger_value=-1.0, current_rpm=0
2024-09-30 19:42:26,082 DEBUG: Adjusted wheg speed: target_rpm=5.0, current_rpm=0
2024-09-30 19:42:26,093 DEBUG: Executing Gait 2
2024-09-30 19:42:26,093 DEBUG: Adjusting wheg speed: trigger_value=-1.0, current_rpm=0
2024-09-30 19:42:26,093 DEBUG: Adjusted wheg speed: target_rpm=5.0, current_rpm=0
2024-09-30 19:42:26,104 DEBUG: Executing Gait 2
2024-09-30 19:42:26,104 DEBUG: Adjusting wheg speed: trigger_value=-1.0, current_rpm=0
2024-09-30 19:42:26,105 DEBUG: Adjusted wheg speed: target_rpm=5.0, current_rpm=0
2024-09-30 19:42:26,115 DEBUG: Executing Gait 2
2024-09-30 19:42:26,116 DEBUG: Adjusting wheg speed: trigger_value=-1.0, current_rpm=0
2024-09-30 19:42:26,116 DEBUG: Adjusted wheg speed: target_rpm=5.0, current_rpm=0
2024-09-30 19:42:26,127 DEBUG: Executing Gait 2
2024-09-30 19:42:26,127 DEBUG: Adjusting wheg speed: trigger_value=-1.0, current_rpm=0
2024-09-30 19:42:26,127 DEBUG: Adjusted wheg speed: target_rpm=5.0, current_rpm=0
2024-09-30 19:42:26,138 DEBUG: Executing Gait 2
2024-09-30 19:42:26,138 DEBUG: Adjusting wheg speed: trigger_value=-1.0, current_rpm=0
2024-09-30 19:42:26,139 DEBUG: Adjusted wheg speed: target_rpm=5.0, current_rpm=0
2024-09-30 19:42:26,149 DEBUG: Executing Gait 2
2024-09-30 19:42:26,150 DEBUG: Adjusting wheg speed: trigger_value=-1.0, current_rpm=0
2024-09-30 19:42:26,150 DEBUG: Adjusted wheg speed: target_rpm=5.0, current_rpm=0
2024-09-30 19:42:26,160 DEBUG: Executing Gait 2
2024-09-30 19:42:26,161 DEBUG: Adjusting wheg speed: trigger_value=-1.0, current_rpm=0
2024-09-30 19:42:26,161 DEBUG: Adjusted wheg speed: target_rpm=5.0, current_rpm=0
2024-09-30 19:42:26,172 DEBUG: Executing Gait 2
2024-09-30 19:42:26,172 DEBUG: Adjusting wheg speed: trigger_value=-1.0, current_rpm=0
2024-09-30 19:42:26,172 DEBUG: Adjusted wheg speed: target_rpm=5.0, current_rpm=0
2024-09-30 19:42:26,183 DEBUG: Executing Gait 2
2024-09-30 19:42:26,183 DEBUG: Adjusting wheg speed: trigger_value=-1.0, current_rpm=0
2024-09-30 19:42:26,183 DEBUG: Adjusted wheg speed: target_rpm=5.0, current_rpm=0
2024-09-30 19:42:26,194 DEBUG: Executing Gait 2
2024-09-30 19:42:26,194 DEBUG: Adjusting wheg speed: trigger_value=-1.0, current_rpm=0
2024-09-30 19:42:26,194 DEBUG: Adjusted wheg speed: target_rpm=5.0, current_rpm=0
2024-09-30 19:42:26,205 DEBUG: Executing Gait 2
2024-09-30 19:42:26,205 DEBUG: Adjusting wheg speed: trigger_value=-1.0, current_rpm=0
2024-09-30 19:42:26,206 DEBUG: Adjusted wheg speed: target_rpm=5.0, current_rpm=0
2024-09-30 19:42:26,216 DEBUG: Executing Gait 2
2024-09-30 19:42:26,216 DEBUG: Adjusting wheg speed: trigger_value=-1.0, current_rpm=0
2024-09-30 19:42:26,217 DEBUG: Adjusted wheg speed: target_rpm=5.0, current_rpm=0
2024-09-30 19:42:26,217 DEBUG: Button r2 (index 7) pressed.
2024-09-30 19:42:26,228 DEBUG: Executing Gait 2
2024-09-30 19:42:26,228 DEBUG: Adjusting wheg speed: trigger_value=-0.929412841796875, current_rpm=0
2024-09-30 19:42:26,228 DEBUG: Adjusted wheg speed: target_rpm=6.5882110595703125, current_rpm=5
2024-09-30 19:42:26,228 DEBUG: Preparing bulk read for motors: [1, 2, 3, 4, 5, 6], Parameters: ['present_position']
2024-09-30 19:42:26,229 DEBUG: Adding motor 1, Address: 132, Length: 4 to bulk read
2024-09-30 19:42:26,229 DEBUG: Adding motor 2, Address: 132, Length: 4 to bulk read
2024-09-30 19:42:26,229 DEBUG: Adding motor 3, Address: 132, Length: 4 to bulk read
2024-09-30 19:42:26,229 DEBUG: Adding motor 4, Address: 132, Length: 4 to bulk read
2024-09-30 19:42:26,229 DEBUG: Adding motor 5, Address: 132, Length: 4 to bulk read
2024-09-30 19:42:26,229 DEBUG: Adding motor 6, Address: 132, Length: 4 to bulk read
2024-09-30 19:42:26,235 DEBUG: Bulk read successful for group 'Wheg_Group'
2024-09-30 19:42:26,235 DEBUG: Ignoring rapid press of button r2 (index 7)
2024-09-30 19:42:26,236 INFO: Initiating safe shutdown...
2024-09-30 19:42:26,236 INFO: Setting operating mode 'velocity' for group 'All_Motors'
2024-09-30 19:42:26,237 INFO: Disabling torque for group All_Motors
2024-09-30 19:42:26,238 DEBUG: Torque disabled for group All_Motors
2024-09-30 19:42:26,238 DEBUG: Operating mode set to 'velocity' for group All_Motors
2024-09-30 19:42:26,238 INFO: Enabling torque for group All_Motors
2024-09-30 19:42:26,239 DEBUG: Torque enabled for group All_Motors
2024-09-30 19:42:26,239 DEBUG: Setting velocity limit for motors in group All_Motors
2024-09-30 19:42:26,240 WARNING: Velocity limit 200 exceeds hard limit 100. Limiting to 100.
2024-09-30 19:42:26,241 INFO: Velocity limit set to 100 for group All_Motors
2024-09-30 19:42:26,241 INFO: Enabling torque for group All_Motors
2024-09-30 19:42:26,242 DEBUG: Torque enabled for group All_Motors
2024-09-30 19:42:26,243 INFO: Target velocities set for group All_Motors: {1: 0, 2: 0, 3: 0, 4: 0, 5: 0, 6: 0, 7: 0, 8: 0}
2024-09-30 19:42:26,243 INFO: Running set_position_group for group 'All_Motors' with positions: 180
2024-09-30 19:42:26,243 DEBUG: Preparing bulk read for motors: [1, 2, 3, 4, 5, 6, 7, 8], Parameters: ['operating_mode']
2024-09-30 19:42:26,244 DEBUG: Adding motor 1, Address: 11, Length: 1 to bulk read
2024-09-30 19:42:26,244 DEBUG: Adding motor 2, Address: 11, Length: 1 to bulk read
2024-09-30 19:42:26,244 DEBUG: Adding motor 3, Address: 11, Length: 1 to bulk read
2024-09-30 19:42:26,244 DEBUG: Adding motor 4, Address: 11, Length: 1 to bulk read
2024-09-30 19:42:26,244 DEBUG: Adding motor 5, Address: 11, Length: 1 to bulk read
2024-09-30 19:42:26,244 DEBUG: Adding motor 6, Address: 11, Length: 1 to bulk read
2024-09-30 19:42:26,244 DEBUG: Adding motor 7, Address: 11, Length: 1 to bulk read
2024-09-30 19:42:26,245 DEBUG: Adding motor 8, Address: 11, Length: 1 to bulk read
2024-09-30 19:42:26,252 DEBUG: Bulk read successful for group 'All_Motors'
2024-09-30 19:42:26,252 WARNING: Motor 1 is not in Position Control Mode. Setting mode now.
2024-09-30 19:42:26,253 INFO: Setting operating mode 'position' for group 'All_Motors'
2024-09-30 19:42:26,254 INFO: Disabling torque for group All_Motors
2024-09-30 19:42:26,254 DEBUG: Torque disabled for group All_Motors
2024-09-30 19:42:26,255 DEBUG: Operating mode set to 'position' for group All_Motors
2024-09-30 19:42:26,255 INFO: Enabling torque for group All_Motors
2024-09-30 19:42:26,256 DEBUG: Torque enabled for group All_Motors
2024-09-30 19:42:26,256 DEBUG: Setting profile velocity for motors in group All_Motors
2024-09-30 19:42:26,256 DEBUG: Setting profile velocity for group All_Motors
2024-09-30 19:42:26,256 DEBUG: Hard profile velocity limit: 100
2024-09-30 19:42:26,257 INFO: Setting the profile velocity for group All_Motors from config.yaml: 5
2024-09-30 19:42:26,258 INFO: Profile velocities set for group All_Motors: {1: 21.85, 2: 21.85, 3: 21.85, 4: 21.85, 5: 21.85, 6: 21.85, 7: 21.85, 8: 21.85}
2024-09-30 19:42:26,258 DEBUG: Setting position 180째 for all motors in group 'All_Motors'
2024-09-30 19:42:26,259 DEBUG: Target positions set for group 'All_Motors': 180
2024-09-30 19:42:26,259 INFO: Closing PS4Controller and quitting pygame
2024-09-30 19:42:26,344 INFO: Port closed successfully.
2024-09-30 19:42:26,344 INFO: Shutdown complete.
