2024-10-30 13:10:08,731 INFO: Initializing PS4Controller
2024-10-30 13:10:09,024 INFO: Configuration loaded successfully
2024-10-30 13:10:09,027 INFO: Port /dev/ttyACM0 opened successfully
2024-10-30 13:10:09,037 INFO: Baudrate set to 1000000
2024-10-30 13:10:09,038 INFO: Control table loaded successfully.
2024-10-30 13:10:09,039 INFO: Motor group 'Pivot_Group' created with motors: [7, 8]
2024-10-30 13:10:09,039 INFO: Motor group 'Wheg_Group' created with motors: [1, 2, 3, 4, 5, 6]
2024-10-30 13:10:09,039 INFO: Motor group 'All_Motors' created with motors: [1, 2, 3, 4, 5, 6, 7, 8]
2024-10-30 13:10:09,040 INFO: Motor group 'Left_Whegs' created with motors: [1, 2, 3]
2024-10-30 13:10:09,041 INFO: Motor group 'Right_Whegs' created with motors: [4, 5, 6]
2024-10-30 13:10:09,041 INFO: Motor group 'Front_Whegs' created with motors: [3, 6]
2024-10-30 13:10:09,041 INFO: Motor group 'Rear_Whegs' created with motors: [1, 4]
2024-10-30 13:10:09,042 INFO: Motor group 'Middle_Whegs' created with motors: [2, 5]
2024-10-30 13:10:09,042 INFO: Motor group 'Two_Right_One_Left' created with motors: [2, 4, 6]
2024-10-30 13:10:09,043 INFO: Motor group 'Two_Left_One_Right' created with motors: [5, 1, 3]
2024-10-30 13:10:09,043 INFO: Initialised PS4 controller, Dynamixel, and Robot State
2024-10-30 13:10:09,202 INFO: Disabling torque for group Right_Whegs
2024-10-30 13:10:09,205 INFO: Drive mode set for group Right_Whegs with reverse_direction=True
2024-10-30 13:10:09,206 INFO: Enabling torque for group Right_Whegs
2024-10-30 13:10:09,208 INFO: Setting the profile velocity for group Right_Whegs from config.yaml: None
2024-10-30 13:10:09,209 ERROR: Profile velocity for group Right_Whegs not found in config.yaml and no value was provided.
2024-10-30 13:10:09,210 INFO: Profile velocities set for group Right_Whegs: {4: 21.85, 5: 21.85, 6: 21.85}
2024-10-30 13:10:09,210 INFO: Disabling torque for group Left_Whegs
2024-10-30 13:10:09,212 INFO: Drive mode set for group Left_Whegs with reverse_direction=False
2024-10-30 13:10:09,212 INFO: Enabling torque for group Left_Whegs
2024-10-30 13:10:09,213 INFO: Setting the profile velocity for group Left_Whegs from config.yaml: None
2024-10-30 13:10:09,213 ERROR: Profile velocity for group Left_Whegs not found in config.yaml and no value was provided.
2024-10-30 13:10:09,214 INFO: Profile velocities set for group Left_Whegs: {1: 21.85, 2: 21.85, 3: 21.85}
2024-10-30 13:10:09,215 INFO: Set the right side whegs to reverse direction
2024-10-30 13:10:09,215 INFO: Disabling torque for group Pivot_Group
2024-10-30 13:10:09,216 INFO: Drive mode set for group Pivot_Group with reverse_direction=False
2024-10-30 13:10:09,217 INFO: Enabling torque for group Pivot_Group
2024-10-30 13:10:09,218 INFO: Setting the profile velocity for group Pivot_Group from config.yaml: 4
2024-10-30 13:10:09,220 INFO: Profile velocities set for group Pivot_Group: {7: 17.48, 8: 17.48}
2024-10-30 13:10:09,223 INFO: Position limits set for group Pivot_Group: min=45° (ticks=511), max=315° (ticks=3583)
2024-10-30 13:10:09,224 INFO: Set position limits for the pivot motors
2024-10-30 13:10:09,232 INFO: Initialising Gait 1
2024-10-30 13:10:09,233 INFO: Running set_position_group for group 'Wheg_Group' with positions: 180
2024-10-30 13:10:09,239 INFO: Running set_position_group for group 'Pivot_Group' with positions: 180
2024-10-30 13:10:09,243 INFO: Initialised Gait 1, waiting for 3 seconds
2024-10-30 13:10:09,243 ERROR: Error controlling pivots: 'dpad_down'
2024-10-30 13:10:12,244 INFO: Setting operating mode 'multi_turn' for group 'Wheg_Group'
2024-10-30 13:10:12,245 INFO: Disabling torque for group Wheg_Group
2024-10-30 13:10:12,246 INFO: Enabling torque for group Wheg_Group
2024-10-30 13:10:12,247 INFO: Setting the profile velocity for group Wheg_Group from config.yaml: 10
2024-10-30 13:10:12,248 INFO: Profile velocities set for group Wheg_Group: {1: 43.7, 2: 43.7, 3: 43.7, 4: 43.7, 5: 43.7, 6: 43.7}
2024-10-30 13:10:12,248 INFO: Setting the profile velocity for group Wheg_Group from config.yaml: 10
2024-10-30 13:10:12,249 INFO: Profile velocities set for group Wheg_Group: {1: 43.7, 2: 43.7, 3: 43.7, 4: 43.7, 5: 43.7, 6: 43.7}
2024-10-30 13:10:12,250 INFO: New gait 1 is now active.
2024-10-30 13:10:15,450 INFO: Triangle pressed. Preparing to change to next gait: 2
2024-10-30 13:10:15,459 INFO: Initialising Gait 2
2024-10-30 13:10:15,460 INFO: Running set_position_group for group 'Wheg_Group' with positions: {1: 160, 2: 200, 3: 160, 4: 200, 5: 160, 6: 200}
2024-10-30 13:10:15,465 WARNING: Motor 1 is not in Position Control Mode. Setting mode now.
2024-10-30 13:10:15,466 INFO: Setting operating mode 'position' for group 'Wheg_Group'
2024-10-30 13:10:15,466 INFO: Disabling torque for group Wheg_Group
2024-10-30 13:10:15,467 INFO: Enabling torque for group Wheg_Group
2024-10-30 13:10:15,468 INFO: Setting the profile velocity for group Wheg_Group from config.yaml: 10
2024-10-30 13:10:15,469 INFO: Profile velocities set for group Wheg_Group: {1: 43.7, 2: 43.7, 3: 43.7, 4: 43.7, 5: 43.7, 6: 43.7}
2024-10-30 13:10:15,470 INFO: Setting the profile velocity for group Wheg_Group from config.yaml: 10
2024-10-30 13:10:15,472 INFO: Profile velocities set for group Wheg_Group: {1: 43.7, 2: 43.7, 3: 43.7, 4: 43.7, 5: 43.7, 6: 43.7}
2024-10-30 13:10:15,473 INFO: Running set_position_group for group 'Pivot_Group' with positions: 180
2024-10-30 13:10:15,477 INFO: Initialised Gait 2, waiting for 3 seconds
2024-10-30 13:10:18,478 INFO: Setting operating mode 'multi_turn' for group 'Wheg_Group'
2024-10-30 13:10:18,479 INFO: Disabling torque for group Wheg_Group
2024-10-30 13:10:18,481 INFO: Enabling torque for group Wheg_Group
2024-10-30 13:10:18,482 INFO: Setting the profile velocity for group Wheg_Group from config.yaml: 10
2024-10-30 13:10:18,486 INFO: Profile velocities set for group Wheg_Group: {1: 43.7, 2: 43.7, 3: 43.7, 4: 43.7, 5: 43.7, 6: 43.7}
2024-10-30 13:10:18,486 INFO: Setting the profile velocity for group Wheg_Group from config.yaml: 10
2024-10-30 13:10:18,487 INFO: Profile velocities set for group Wheg_Group: {1: 43.7, 2: 43.7, 3: 43.7, 4: 43.7, 5: 43.7, 6: 43.7}
2024-10-30 13:10:18,488 INFO: New gait 2 is now active.
2024-10-30 13:10:18,512 INFO: Profile velocities set for group Wheg_Group: {1: 8.74, 2: 69.92, 3: 8.74, 4: 69.92, 5: 8.74, 6: 69.92}
2024-10-30 13:10:18,512 INFO: Incrementing motor positions by {1: 40, 2: 320, 3: 40, 4: 320, 5: 40, 6: 320} degrees for group 'Wheg_Group'
2024-10-30 13:10:18,523 INFO: Gait 2 step executed at 2.00RPM, wait for 3.36 seconds
2024-10-30 13:10:21,927 INFO: Profile velocities set for group Wheg_Group: {1: 104.88, 2: 13.11, 3: 104.88, 4: 13.11, 5: 104.88, 6: 13.11}
2024-10-30 13:10:21,927 INFO: Incrementing motor positions by {1: 320, 2: 40, 3: 320, 4: 40, 5: 320, 6: 40} degrees for group 'Wheg_Group'
2024-10-30 13:10:21,938 INFO: Gait 2 step executed at 3.00RPM, wait for 2.25 seconds
2024-10-30 13:10:24,221 INFO: Profile velocities set for group Wheg_Group: {1: 17.479866638183594, 2: 139.83893310546875, 3: 17.479866638183594, 4: 139.83893310546875, 5: 17.479866638183594, 6: 139.83893310546875}
2024-10-30 13:10:24,221 INFO: Incrementing motor positions by {1: 40, 2: 320, 3: 40, 4: 320, 5: 40, 6: 320} degrees for group 'Wheg_Group'
2024-10-30 13:10:24,233 INFO: Gait 2 step executed at 4.00RPM, wait for 1.69 seconds
2024-10-30 13:10:25,949 INFO: Profile velocities set for group Wheg_Group: {1: 139.83893310546875, 2: 17.479866638183594, 3: 139.83893310546875, 4: 17.479866638183594, 5: 139.83893310546875, 6: 17.479866638183594}
2024-10-30 13:10:25,950 INFO: Incrementing motor positions by {1: 320, 2: 40, 3: 320, 4: 40, 5: 320, 6: 40} degrees for group 'Wheg_Group'
2024-10-30 13:10:25,960 INFO: Gait 2 step executed at 4.00RPM, wait for 1.69 seconds
2024-10-30 13:10:27,682 INFO: Profile velocities set for group Wheg_Group: {1: 17.479866638183594, 2: 139.83893310546875, 3: 17.479866638183594, 4: 139.83893310546875, 5: 17.479866638183594, 6: 139.83893310546875}
2024-10-30 13:10:27,683 INFO: Incrementing motor positions by {1: 40, 2: 320, 3: 40, 4: 320, 5: 40, 6: 320} degrees for group 'Wheg_Group'
2024-10-30 13:10:27,694 INFO: Gait 2 step executed at 4.00RPM, wait for 1.69 seconds
2024-10-30 13:10:29,438 INFO: Profile velocities set for group Wheg_Group: {1: 139.83893310546875, 2: 17.479866638183594, 3: 139.83893310546875, 4: 17.479866638183594, 5: 139.83893310546875, 6: 17.479866638183594}
2024-10-30 13:10:29,439 INFO: Incrementing motor positions by {1: 320, 2: 40, 3: 320, 4: 40, 5: 320, 6: 40} degrees for group 'Wheg_Group'
2024-10-30 13:10:29,450 INFO: Gait 2 step executed at 4.00RPM, wait for 1.69 seconds
2024-10-30 13:10:31,183 INFO: Profile velocities set for group Wheg_Group: {1: 17.479866638183594, 2: 139.83893310546875, 3: 17.479866638183594, 4: 139.83893310546875, 5: 17.479866638183594, 6: 139.83893310546875}
2024-10-30 13:10:31,184 INFO: Incrementing motor positions by {1: 40, 2: 320, 3: 40, 4: 320, 5: 40, 6: 320} degrees for group 'Wheg_Group'
2024-10-30 13:10:31,195 INFO: Gait 2 step executed at 4.00RPM, wait for 1.69 seconds
2024-10-30 13:10:32,930 INFO: Profile velocities set for group Wheg_Group: {1: 139.83893310546875, 2: 17.479866638183594, 3: 139.83893310546875, 4: 17.479866638183594, 5: 139.83893310546875, 6: 17.479866638183594}
2024-10-30 13:10:32,930 INFO: Incrementing motor positions by {1: 320, 2: 40, 3: 320, 4: 40, 5: 320, 6: 40} degrees for group 'Wheg_Group'
2024-10-30 13:10:32,941 INFO: Gait 2 step executed at 4.00RPM, wait for 1.69 seconds
2024-10-30 13:10:34,695 INFO: Profile velocities set for group Wheg_Group: {1: 17.479866638183594, 2: 139.83893310546875, 3: 17.479866638183594, 4: 139.83893310546875, 5: 17.479866638183594, 6: 139.83893310546875}
2024-10-30 13:10:34,696 INFO: Incrementing motor positions by {1: 40, 2: 320, 3: 40, 4: 320, 5: 40, 6: 320} degrees for group 'Wheg_Group'
2024-10-30 13:10:34,709 INFO: Gait 2 step executed at 4.00RPM, wait for 1.69 seconds
2024-10-30 13:10:36,442 INFO: Profile velocities set for group Wheg_Group: {1: 139.83893310546875, 2: 17.479866638183594, 3: 139.83893310546875, 4: 17.479866638183594, 5: 139.83893310546875, 6: 17.479866638183594}
2024-10-30 13:10:36,443 INFO: Incrementing motor positions by {1: 320, 2: 40, 3: 320, 4: 40, 5: 320, 6: 40} degrees for group 'Wheg_Group'
2024-10-30 13:10:36,453 INFO: Gait 2 step executed at 4.00RPM, wait for 1.69 seconds
2024-10-30 13:10:38,181 WARNING: Motors are not in the correct positions for Gait 2. Positions: {1: 154.677734375, 2: 169.8828125, 3: 165.576171875, 4: 187.548828125, 5: 167.509765625, 6: 193.0859375}
2024-10-30 13:10:38,181 WARNING: Waiting for 1 second before checking for movement
2024-10-30 13:10:38,288 INFO: Motors are moving. Continuing with the gait.
2024-10-30 13:10:38,824 WARNING: Motors are not in the correct positions for Gait 2. Positions: {1: 156.962890625, 2: 171.11328125, 3: 171.728515625, 4: 187.8125, 5: 169.1796875, 6: 193.0859375}
2024-10-30 13:10:38,824 WARNING: Waiting for 1 second before checking for movement
2024-10-30 13:10:38,931 CRITICAL: Motors are not moving, reseting positions, and waiting for 3 seconds.
2024-10-30 13:10:38,931 INFO: Running set_position_group for group 'Wheg_Group' with positions: {1: 160, 2: 200, 3: 160, 4: 200, 5: 160, 6: 200}
2024-10-30 13:10:38,937 WARNING: Motor 1 is not in Position Control Mode. Setting mode now.
2024-10-30 13:10:38,937 INFO: Setting operating mode 'position' for group 'Wheg_Group'
2024-10-30 13:10:38,938 INFO: Disabling torque for group Wheg_Group
2024-10-30 13:10:38,939 INFO: Enabling torque for group Wheg_Group
2024-10-30 13:10:38,940 INFO: Setting the profile velocity for group Wheg_Group from config.yaml: 10
2024-10-30 13:10:38,940 INFO: Profile velocities set for group Wheg_Group: {1: 43.7, 2: 43.7, 3: 43.7, 4: 43.7, 5: 43.7, 6: 43.7}
2024-10-30 13:10:38,940 INFO: Setting the profile velocity for group Wheg_Group from config.yaml: 10
2024-10-30 13:10:38,941 INFO: Profile velocities set for group Wheg_Group: {1: 43.7, 2: 43.7, 3: 43.7, 4: 43.7, 5: 43.7, 6: 43.7}
2024-10-30 13:10:39,465 INFO: Setting operating mode 'multi_turn' for group 'Wheg_Group'
2024-10-30 13:10:39,467 INFO: Disabling torque for group Wheg_Group
2024-10-30 13:10:39,471 INFO: Enabling torque for group Wheg_Group
2024-10-30 13:10:39,472 INFO: Setting the profile velocity for group Wheg_Group from config.yaml: 10
2024-10-30 13:10:39,474 INFO: Profile velocities set for group Wheg_Group: {1: 43.7, 2: 43.7, 3: 43.7, 4: 43.7, 5: 43.7, 6: 43.7}
2024-10-30 13:10:39,474 INFO: Setting the profile velocity for group Wheg_Group from config.yaml: 10
2024-10-30 13:10:39,476 INFO: Profile velocities set for group Wheg_Group: {1: 43.7, 2: 43.7, 3: 43.7, 4: 43.7, 5: 43.7, 6: 43.7}
2024-10-30 13:10:39,477 INFO: Profile velocities set for group Wheg_Group: {1: 17.479866638183594, 2: 139.83893310546875, 3: 17.479866638183594, 4: 139.83893310546875, 5: 17.479866638183594, 6: 139.83893310546875}
2024-10-30 13:10:39,478 INFO: Incrementing motor positions by {1: 40, 2: 320, 3: 40, 4: 320, 5: 40, 6: 320} degrees for group 'Wheg_Group'
2024-10-30 13:10:39,490 INFO: Gait 2 step executed at 4.00RPM, wait for 1.69 seconds
2024-10-30 13:10:41,223 INFO: Profile velocities set for group Wheg_Group: {1: 139.83893310546875, 2: 17.479866638183594, 3: 139.83893310546875, 4: 17.479866638183594, 5: 139.83893310546875, 6: 17.479866638183594}
2024-10-30 13:10:41,223 INFO: Incrementing motor positions by {1: 320, 2: 40, 3: 320, 4: 40, 5: 320, 6: 40} degrees for group 'Wheg_Group'
2024-10-30 13:10:41,233 INFO: Gait 2 step executed at 4.00RPM, wait for 1.69 seconds
2024-10-30 13:10:42,967 INFO: Profile velocities set for group Wheg_Group: {1: 17.479866638183594, 2: 139.83893310546875, 3: 17.479866638183594, 4: 139.83893310546875, 5: 17.479866638183594, 6: 139.83893310546875}
2024-10-30 13:10:42,967 INFO: Incrementing motor positions by {1: 40, 2: 320, 3: 40, 4: 320, 5: 40, 6: 320} degrees for group 'Wheg_Group'
2024-10-30 13:10:42,978 INFO: Gait 2 step executed at 4.00RPM, wait for 1.69 seconds
2024-10-30 13:10:44,717 INFO: Profile velocities set for group Wheg_Group: {1: 139.83893310546875, 2: 17.479866638183594, 3: 139.83893310546875, 4: 17.479866638183594, 5: 139.83893310546875, 6: 17.479866638183594}
2024-10-30 13:10:44,718 INFO: Incrementing motor positions by {1: 320, 2: 40, 3: 320, 4: 40, 5: 320, 6: 40} degrees for group 'Wheg_Group'
2024-10-30 13:10:44,729 INFO: Gait 2 step executed at 4.00RPM, wait for 1.69 seconds
2024-10-30 13:10:46,469 WARNING: Motors are not in the correct positions for Gait 2. Positions: {1: 158.796875, 2: 173.03515625, 3: 166.00390625, 4: 195.623046875, 5: 165.388671875, 6: 196.23828125}
2024-10-30 13:10:46,469 WARNING: Waiting for 1 second before checking for movement
2024-10-30 13:10:46,575 INFO: Motors are moving. Continuing with the gait.
2024-10-30 13:10:47,116 WARNING: Motors are not in the correct positions for Gait 2. Positions: {1: 159.763671875, 2: 173.826171875, 3: 166.970703125, 4: 196.150390625, 5: 166.53125, 6: 196.150390625}
2024-10-30 13:10:47,117 WARNING: Waiting for 1 second before checking for movement
2024-10-30 13:10:47,223 CRITICAL: Motors are not moving, reseting positions, and waiting for 3 seconds.
2024-10-30 13:10:47,224 INFO: Running set_position_group for group 'Wheg_Group' with positions: {1: 160, 2: 200, 3: 160, 4: 200, 5: 160, 6: 200}
2024-10-30 13:10:47,229 WARNING: Motor 1 is not in Position Control Mode. Setting mode now.
2024-10-30 13:10:47,230 INFO: Setting operating mode 'position' for group 'Wheg_Group'
2024-10-30 13:10:47,230 INFO: Disabling torque for group Wheg_Group
2024-10-30 13:10:47,231 INFO: Enabling torque for group Wheg_Group
2024-10-30 13:10:47,232 INFO: Setting the profile velocity for group Wheg_Group from config.yaml: 10
2024-10-30 13:10:47,233 INFO: Profile velocities set for group Wheg_Group: {1: 43.7, 2: 43.7, 3: 43.7, 4: 43.7, 5: 43.7, 6: 43.7}
2024-10-30 13:10:47,233 INFO: Setting the profile velocity for group Wheg_Group from config.yaml: 10
2024-10-30 13:10:47,234 INFO: Profile velocities set for group Wheg_Group: {1: 43.7, 2: 43.7, 3: 43.7, 4: 43.7, 5: 43.7, 6: 43.7}
2024-10-30 13:10:47,742 INFO: Setting operating mode 'multi_turn' for group 'Wheg_Group'
2024-10-30 13:10:47,743 INFO: Disabling torque for group Wheg_Group
2024-10-30 13:10:47,745 INFO: Enabling torque for group Wheg_Group
2024-10-30 13:10:47,748 INFO: Setting the profile velocity for group Wheg_Group from config.yaml: 10
2024-10-30 13:10:47,749 INFO: Profile velocities set for group Wheg_Group: {1: 43.7, 2: 43.7, 3: 43.7, 4: 43.7, 5: 43.7, 6: 43.7}
2024-10-30 13:10:47,749 INFO: Setting the profile velocity for group Wheg_Group from config.yaml: 10
2024-10-30 13:10:47,750 INFO: Profile velocities set for group Wheg_Group: {1: 43.7, 2: 43.7, 3: 43.7, 4: 43.7, 5: 43.7, 6: 43.7}
2024-10-30 13:10:47,751 INFO: Profile velocities set for group Wheg_Group: {1: 17.479866638183594, 2: 139.83893310546875, 3: 17.479866638183594, 4: 139.83893310546875, 5: 17.479866638183594, 6: 139.83893310546875}
2024-10-30 13:10:47,751 INFO: Incrementing motor positions by {1: 40, 2: 320, 3: 40, 4: 320, 5: 40, 6: 320} degrees for group 'Wheg_Group'
2024-10-30 13:10:47,762 INFO: Gait 2 step executed at 4.00RPM, wait for 1.69 seconds
2024-10-30 13:10:51,564 INFO: R3 pressed. Turning mode requested
2024-10-30 13:10:51,575 INFO: Initialising Turn Mode
2024-10-30 13:10:51,576 INFO: Running set_position_group for group 'Wheg_Group' with positions: {1: 160, 2: 200, 3: 160, 4: 160, 5: 200, 6: 160}
2024-10-30 13:10:51,582 WARNING: Motor 1 is not in Position Control Mode. Setting mode now.
2024-10-30 13:10:51,583 INFO: Setting operating mode 'position' for group 'Wheg_Group'
2024-10-30 13:10:51,585 INFO: Disabling torque for group Wheg_Group
2024-10-30 13:10:51,587 INFO: Enabling torque for group Wheg_Group
2024-10-30 13:10:51,587 INFO: Setting the profile velocity for group Wheg_Group from config.yaml: 10
2024-10-30 13:10:51,588 INFO: Profile velocities set for group Wheg_Group: {1: 43.7, 2: 43.7, 3: 43.7, 4: 43.7, 5: 43.7, 6: 43.7}
2024-10-30 13:10:51,589 INFO: Setting the profile velocity for group Wheg_Group from config.yaml: 10
2024-10-30 13:10:51,589 INFO: Profile velocities set for group Wheg_Group: {1: 43.7, 2: 43.7, 3: 43.7, 4: 43.7, 5: 43.7, 6: 43.7}
2024-10-30 13:10:51,590 INFO: Running set_position_group for group 'Pivot_Group' with positions: 180
2024-10-30 13:10:51,594 INFO: Initialised turn mode, waiting for 3 seconds
2024-10-30 13:10:54,595 INFO: Setting operating mode 'multi_turn' for group 'Wheg_Group'
2024-10-30 13:10:54,596 INFO: Disabling torque for group Wheg_Group
2024-10-30 13:10:54,597 INFO: Enabling torque for group Wheg_Group
2024-10-30 13:10:54,598 INFO: Setting the profile velocity for group Wheg_Group from config.yaml: 10
2024-10-30 13:10:54,599 INFO: Profile velocities set for group Wheg_Group: {1: 43.7, 2: 43.7, 3: 43.7, 4: 43.7, 5: 43.7, 6: 43.7}
2024-10-30 13:10:54,599 INFO: Setting the profile velocity for group Wheg_Group from config.yaml: 10
2024-10-30 13:10:54,600 INFO: Profile velocities set for group Wheg_Group: {1: 43.7, 2: 43.7, 3: 43.7, 4: 43.7, 5: 43.7, 6: 43.7}
2024-10-30 13:10:54,600 INFO: Turn mode activated.
2024-10-30 13:10:56,255 WARNING: Motors are not in the correct positions for Gait 4. Positions: {1: 162.94921875, 2: 190.72265625, 3: 160.224609375, 4: 160.13671875, 5: 205.13671875, 6: 159.9609375}
2024-10-30 13:10:56,256 WARNING: Waiting for 1 second before checking for movement
2024-10-30 13:10:56,400 CRITICAL: Motors are not moving, reseting positions, and waiting for 3 seconds.
2024-10-30 13:10:56,400 INFO: Running set_position_group for group 'Wheg_Group' with positions: {1: 160, 2: 200, 3: 160, 4: 160, 5: 200, 6: 160}
2024-10-30 13:10:56,405 WARNING: Motor 1 is not in Position Control Mode. Setting mode now.
2024-10-30 13:10:56,406 INFO: Setting operating mode 'position' for group 'Wheg_Group'
2024-10-30 13:10:56,406 INFO: Disabling torque for group Wheg_Group
2024-10-30 13:10:56,408 INFO: Enabling torque for group Wheg_Group
2024-10-30 13:10:56,410 INFO: Setting the profile velocity for group Wheg_Group from config.yaml: 10
2024-10-30 13:10:56,411 INFO: Profile velocities set for group Wheg_Group: {1: 43.7, 2: 43.7, 3: 43.7, 4: 43.7, 5: 43.7, 6: 43.7}
2024-10-30 13:10:56,412 INFO: Setting the profile velocity for group Wheg_Group from config.yaml: 10
2024-10-30 13:10:56,413 INFO: Profile velocities set for group Wheg_Group: {1: 43.7, 2: 43.7, 3: 43.7, 4: 43.7, 5: 43.7, 6: 43.7}
2024-10-30 13:10:59,415 INFO: Setting operating mode 'multi_turn' for group 'Wheg_Group'
2024-10-30 13:10:59,415 INFO: Disabling torque for group Wheg_Group
2024-10-30 13:10:59,417 INFO: Enabling torque for group Wheg_Group
2024-10-30 13:10:59,417 INFO: Setting the profile velocity for group Wheg_Group from config.yaml: 10
2024-10-30 13:10:59,418 INFO: Profile velocities set for group Wheg_Group: {1: 43.7, 2: 43.7, 3: 43.7, 4: 43.7, 5: 43.7, 6: 43.7}
2024-10-30 13:10:59,419 INFO: Setting the profile velocity for group Wheg_Group from config.yaml: 10
2024-10-30 13:10:59,419 INFO: Profile velocities set for group Wheg_Group: {1: 43.7, 2: 43.7, 3: 43.7, 4: 43.7, 5: 43.7, 6: 43.7}
2024-10-30 13:10:59,420 INFO: Profile velocities set for group Wheg_Group: {1: 8.74, 2: 69.92, 3: 8.74, 4: 69.92, 5: 8.74, 6: 69.92}
2024-10-30 13:10:59,421 INFO: Incrementing motor positions by {1: 40, 2: 320, 3: 40, 4: -320, 5: -40, 6: -320} degrees for group 'Wheg_Group'
2024-10-30 13:10:59,432 INFO: Gait 4 step executed at 2.00RPM, wait for 3.36 seconds
2024-10-30 13:11:03,327 INFO: Profile velocities set for group Wheg_Group: {1: 104.87893310546875, 2: 13.109866638183593, 3: 104.87893310546875, 4: 13.109866638183593, 5: 104.87893310546875, 6: 13.109866638183593}
2024-10-30 13:11:03,328 INFO: Incrementing motor positions by {1: 320, 2: 40, 3: 320, 4: -40, 5: -320, 6: -40} degrees for group 'Wheg_Group'
2024-10-30 13:11:03,340 INFO: Gait 4 step executed at 3.00RPM, wait for 2.25 seconds
2024-10-30 13:11:06,102 WARNING: Motors are not in the correct positions for Gait 4. Positions: {1: 158.67578125, 2: 179.76953125, 3: 161.3125, 4: 98.59765625, 5: 150.453125, 6: 96.83984375}
2024-10-30 13:11:06,102 WARNING: Waiting for 1 second before checking for movement
2024-10-30 13:11:06,246 CRITICAL: Motors are not moving, reseting positions, and waiting for 3 seconds.
2024-10-30 13:11:06,248 INFO: Running set_position_group for group 'Wheg_Group' with positions: {1: 160, 2: 200, 3: 160, 4: 160, 5: 200, 6: 160}
2024-10-30 13:11:06,254 WARNING: Motor 1 is not in Position Control Mode. Setting mode now.
2024-10-30 13:11:06,254 INFO: Setting operating mode 'position' for group 'Wheg_Group'
2024-10-30 13:11:06,255 INFO: Disabling torque for group Wheg_Group
2024-10-30 13:11:06,255 INFO: Enabling torque for group Wheg_Group
2024-10-30 13:11:06,256 INFO: Setting the profile velocity for group Wheg_Group from config.yaml: 10
2024-10-30 13:11:06,258 INFO: Profile velocities set for group Wheg_Group: {1: 43.7, 2: 43.7, 3: 43.7, 4: 43.7, 5: 43.7, 6: 43.7}
2024-10-30 13:11:06,258 INFO: Setting the profile velocity for group Wheg_Group from config.yaml: 10
2024-10-30 13:11:06,259 INFO: Profile velocities set for group Wheg_Group: {1: 43.7, 2: 43.7, 3: 43.7, 4: 43.7, 5: 43.7, 6: 43.7}
2024-10-30 13:11:08,695 INFO: Running set_position_group for group 'Pivot_Group' with positions: {7: 175, 8: 180}
2024-10-30 13:11:08,702 INFO: Front pivot angle set to 175 degrees (ticks: 175)
2024-10-30 13:11:08,704 INFO: Rear pivot angle set to 180 degrees (ticks: 180)
2024-10-30 13:11:08,994 INFO: Running set_position_group for group 'Pivot_Group' with positions: {7: 170, 8: 180}
2024-10-30 13:11:09,001 INFO: Front pivot angle set to 170 degrees (ticks: 170)
2024-10-30 13:11:09,003 INFO: Rear pivot angle set to 180 degrees (ticks: 180)
2024-10-30 13:11:09,291 INFO: Running set_position_group for group 'Pivot_Group' with positions: {7: 165, 8: 180}
2024-10-30 13:11:09,297 INFO: Front pivot angle set to 165 degrees (ticks: 165)
2024-10-30 13:11:09,299 INFO: Rear pivot angle set to 180 degrees (ticks: 180)
2024-10-30 13:11:09,300 INFO: Setting operating mode 'multi_turn' for group 'Wheg_Group'
2024-10-30 13:11:09,301 INFO: Disabling torque for group Wheg_Group
2024-10-30 13:11:09,302 INFO: Enabling torque for group Wheg_Group
2024-10-30 13:11:09,303 INFO: Setting the profile velocity for group Wheg_Group from config.yaml: 10
2024-10-30 13:11:09,304 INFO: Profile velocities set for group Wheg_Group: {1: 43.7, 2: 43.7, 3: 43.7, 4: 43.7, 5: 43.7, 6: 43.7}
2024-10-30 13:11:09,305 INFO: Setting the profile velocity for group Wheg_Group from config.yaml: 10
2024-10-30 13:11:09,306 INFO: Profile velocities set for group Wheg_Group: {1: 43.7, 2: 43.7, 3: 43.7, 4: 43.7, 5: 43.7, 6: 43.7}
2024-10-30 13:11:09,307 INFO: Profile velocities set for group Wheg_Group: {1: 13.109866638183593, 2: 104.87893310546875, 3: 13.109866638183593, 4: 104.87893310546875, 5: 13.109866638183593, 6: 104.87893310546875}
2024-10-30 13:11:09,308 INFO: Incrementing motor positions by {1: 40, 2: 320, 3: 40, 4: -320, 5: -40, 6: -320} degrees for group 'Wheg_Group'
2024-10-30 13:11:09,318 INFO: Gait 4 step executed at 3.00RPM, wait for 2.25 seconds
2024-10-30 13:11:09,575 INFO: Running set_position_group for group 'Pivot_Group' with positions: {7: 160, 8: 180}
2024-10-30 13:11:09,580 INFO: Front pivot angle set to 160 degrees (ticks: 160)
2024-10-30 13:11:09,581 INFO: Rear pivot angle set to 180 degrees (ticks: 180)
2024-10-30 13:11:10,139 INFO: Running set_position_group for group 'Pivot_Group' with positions: {7: 155, 8: 180}
2024-10-30 13:11:10,144 INFO: Front pivot angle set to 155 degrees (ticks: 155)
2024-10-30 13:11:10,145 INFO: Rear pivot angle set to 180 degrees (ticks: 180)
2024-10-30 13:11:10,707 INFO: Running set_position_group for group 'Pivot_Group' with positions: {7: 150, 8: 180}
2024-10-30 13:11:10,711 INFO: Front pivot angle set to 150 degrees (ticks: 150)
2024-10-30 13:11:10,713 INFO: Rear pivot angle set to 180 degrees (ticks: 180)
2024-10-30 13:11:11,271 INFO: Running set_position_group for group 'Pivot_Group' with positions: {7: 145, 8: 180}
2024-10-30 13:11:11,276 INFO: Front pivot angle set to 145 degrees (ticks: 145)
2024-10-30 13:11:11,277 INFO: Rear pivot angle set to 180 degrees (ticks: 180)
2024-10-30 13:11:12,112 INFO: Running set_position_group for group 'Pivot_Group' with positions: {7: 145, 8: 185}
2024-10-30 13:11:12,116 INFO: Front pivot angle set to 145 degrees (ticks: 145)
2024-10-30 13:11:12,116 INFO: Rear pivot angle set to 185 degrees (ticks: 185)
2024-10-30 13:11:12,384 INFO: Running set_position_group for group 'Pivot_Group' with positions: {7: 145, 8: 190}
2024-10-30 13:11:12,388 INFO: Front pivot angle set to 145 degrees (ticks: 145)
2024-10-30 13:11:12,388 INFO: Rear pivot angle set to 190 degrees (ticks: 190)
2024-10-30 13:11:12,936 INFO: Running set_position_group for group 'Pivot_Group' with positions: {7: 145, 8: 195}
2024-10-30 13:11:12,940 INFO: Front pivot angle set to 145 degrees (ticks: 145)
2024-10-30 13:11:12,940 INFO: Rear pivot angle set to 195 degrees (ticks: 195)
2024-10-30 13:11:13,218 INFO: Running set_position_group for group 'Pivot_Group' with positions: {7: 145, 8: 200}
2024-10-30 13:11:13,223 INFO: Front pivot angle set to 145 degrees (ticks: 145)
2024-10-30 13:11:13,223 INFO: Rear pivot angle set to 200 degrees (ticks: 200)
2024-10-30 13:11:13,231 ERROR: Hardware error detected on motor 5: Error code 32
2024-10-30 13:11:13,232 ERROR: Motor 5: Overload Error detected.
2024-10-30 13:11:13,232 WARNING: Hardware error detected on motor 5. Rebooting motor and resetting gait...
2024-10-30 13:11:13,234 INFO: Motor 5 successfully rebooted.
2024-10-30 13:11:13,235 INFO: Motor 5 rebooted successfully.
2024-10-30 13:11:13,271 ERROR: Bulk read failed with error: [TxRxResult] There is no status packet!
2024-10-30 13:11:13,307 ERROR: Bulk read failed with error: [TxRxResult] There is no status packet!
2024-10-30 13:11:13,343 ERROR: Bulk read failed with error: [TxRxResult] There is no status packet!
2024-10-30 13:11:13,379 ERROR: Bulk read failed with error: [TxRxResult] There is no status packet!
2024-10-30 13:11:13,415 ERROR: Bulk read failed with error: [TxRxResult] There is no status packet!
2024-10-30 13:11:13,451 ERROR: Bulk read failed with error: [TxRxResult] There is no status packet!
2024-10-30 13:11:13,487 ERROR: Bulk read failed with error: [TxRxResult] There is no status packet!
2024-10-30 13:11:13,488 ERROR: Error retrieving motor data: 'NoneType' object has no attribute 'keys'
2024-10-30 13:11:13,533 ERROR: Bulk read failed with error: [TxRxResult] There is no status packet!
2024-10-30 13:11:13,570 ERROR: Bulk read failed with error: [TxRxResult] There is no status packet!
2024-10-30 13:11:13,570 INFO: Running set_position_group for group 'Pivot_Group' with positions: {7: 145, 8: 205}
2024-10-30 13:11:13,574 INFO: Front pivot angle set to 145 degrees (ticks: 145)
2024-10-30 13:11:13,574 INFO: Rear pivot angle set to 205 degrees (ticks: 205)
2024-10-30 13:11:13,870 INFO: Running set_position_group for group 'Pivot_Group' with positions: {7: 145, 8: 210}
2024-10-30 13:11:13,873 INFO: Front pivot angle set to 145 degrees (ticks: 145)
2024-10-30 13:11:13,874 INFO: Rear pivot angle set to 210 degrees (ticks: 210)
2024-10-30 13:11:14,143 INFO: Running set_position_group for group 'Pivot_Group' with positions: {7: 145, 8: 215}
2024-10-30 13:11:14,147 INFO: Front pivot angle set to 145 degrees (ticks: 145)
2024-10-30 13:11:14,147 INFO: Rear pivot angle set to 215 degrees (ticks: 215)
2024-10-30 13:11:14,428 INFO: Running set_position_group for group 'Pivot_Group' with positions: {7: 145, 8: 220}
2024-10-30 13:11:14,431 INFO: Front pivot angle set to 145 degrees (ticks: 145)
2024-10-30 13:11:14,432 INFO: Rear pivot angle set to 220 degrees (ticks: 220)
2024-10-30 13:11:14,703 INFO: Running set_position_group for group 'Pivot_Group' with positions: {7: 145, 8: 225}
2024-10-30 13:11:14,706 INFO: Front pivot angle set to 145 degrees (ticks: 145)
2024-10-30 13:11:14,707 INFO: Rear pivot angle set to 225 degrees (ticks: 225)
2024-10-30 13:11:15,538 INFO: Running set_position_group for group 'Pivot_Group' with positions: {7: 145, 8: 220}
2024-10-30 13:11:15,542 INFO: Front pivot angle set to 145 degrees (ticks: 145)
2024-10-30 13:11:15,542 INFO: Rear pivot angle set to 220 degrees (ticks: 220)
2024-10-30 13:11:15,812 INFO: Running set_position_group for group 'Pivot_Group' with positions: {7: 145, 8: 215}
2024-10-30 13:11:15,816 INFO: Front pivot angle set to 145 degrees (ticks: 145)
2024-10-30 13:11:15,816 INFO: Rear pivot angle set to 215 degrees (ticks: 215)
2024-10-30 13:11:16,362 INFO: Running set_position_group for group 'Pivot_Group' with positions: {7: 145, 8: 210}
2024-10-30 13:11:16,366 INFO: Front pivot angle set to 145 degrees (ticks: 145)
2024-10-30 13:11:16,366 INFO: Rear pivot angle set to 210 degrees (ticks: 210)
2024-10-30 13:11:16,648 INFO: Running set_position_group for group 'Pivot_Group' with positions: {7: 145, 8: 205}
2024-10-30 13:11:16,651 INFO: Front pivot angle set to 145 degrees (ticks: 145)
2024-10-30 13:11:16,652 INFO: Rear pivot angle set to 205 degrees (ticks: 205)
2024-10-30 13:11:17,402 WARNING: Emergency stop activated! Stopping all motors asynchronously.
2024-10-30 13:11:17,403 INFO: Setting operating mode 'velocity' for group 'All_Motors'
2024-10-30 13:11:17,404 INFO: Disabling torque for group All_Motors
2024-10-30 13:11:17,407 INFO: Enabling torque for group All_Motors
2024-10-30 13:11:17,409 INFO: Setting the profile velocity for group All_Motors from config.yaml: 8
2024-10-30 13:11:17,410 INFO: Profile velocities set for group All_Motors: {1: 34.96, 2: 34.96, 3: 34.96, 4: 34.96, 5: 34.96, 6: 34.96, 7: 34.96, 8: 34.96}
2024-10-30 13:11:17,411 WARNING: Velocity limit 200 exceeds hard limit 100. Limiting to 100.
2024-10-30 13:11:17,412 INFO: Velocity limit set to 100 for group All_Motors
2024-10-30 13:11:17,412 INFO: Enabling torque for group All_Motors
2024-10-30 13:11:17,413 INFO: Setting the profile velocity for group All_Motors from config.yaml: 8
2024-10-30 13:11:17,414 INFO: Profile velocities set for group All_Motors: {1: 34.96, 2: 34.96, 3: 34.96, 4: 34.96, 5: 34.96, 6: 34.96, 7: 34.96, 8: 34.96}
2024-10-30 13:11:17,415 INFO: Target velocities set for group All_Motors: {1: 0, 2: 0, 3: 0, 4: 0, 5: 0, 6: 0, 7: 0, 8: 0}
2024-10-30 13:11:18,663 INFO: Emergency Stop Deactivated. Resuming control...
2024-10-30 13:11:21,315 INFO: Running set_position_group for group 'Pivot_Group' with positions: {7: 145, 8: 210}
2024-10-30 13:11:21,319 WARNING: Motor 7 is not in Position Control Mode. Setting mode now.
2024-10-30 13:11:21,319 INFO: Setting operating mode 'position' for group 'Pivot_Group'
2024-10-30 13:11:21,319 INFO: Disabling torque for group Pivot_Group
2024-10-30 13:11:21,320 INFO: Enabling torque for group Pivot_Group
2024-10-30 13:11:21,321 INFO: Setting the profile velocity for group Pivot_Group from config.yaml: 4
2024-10-30 13:11:21,322 INFO: Profile velocities set for group Pivot_Group: {7: 17.48, 8: 17.48}
2024-10-30 13:11:21,322 INFO: Setting the profile velocity for group Pivot_Group from config.yaml: 4
2024-10-30 13:11:21,323 INFO: Profile velocities set for group Pivot_Group: {7: 17.48, 8: 17.48}
2024-10-30 13:11:21,324 INFO: Front pivot angle set to 145 degrees (ticks: 145)
2024-10-30 13:11:21,324 INFO: Rear pivot angle set to 210 degrees (ticks: 210)
2024-10-30 13:11:21,634 INFO: Running set_position_group for group 'Pivot_Group' with positions: {7: 145, 8: 215}
2024-10-30 13:11:21,639 INFO: Front pivot angle set to 145 degrees (ticks: 145)
2024-10-30 13:11:21,639 INFO: Rear pivot angle set to 215 degrees (ticks: 215)
2024-10-30 13:11:22,479 INFO: Running set_position_group for group 'Pivot_Group' with positions: {7: 145, 8: 210}
2024-10-30 13:11:22,482 INFO: Front pivot angle set to 145 degrees (ticks: 145)
2024-10-30 13:11:22,483 INFO: Rear pivot angle set to 210 degrees (ticks: 210)
2024-10-30 13:11:22,761 INFO: Running set_position_group for group 'Pivot_Group' with positions: {7: 145, 8: 205}
2024-10-30 13:11:22,765 INFO: Front pivot angle set to 145 degrees (ticks: 145)
2024-10-30 13:11:22,765 INFO: Rear pivot angle set to 205 degrees (ticks: 205)
2024-10-30 13:11:23,036 INFO: Running set_position_group for group 'Pivot_Group' with positions: {7: 145, 8: 200}
2024-10-30 13:11:23,040 INFO: Front pivot angle set to 145 degrees (ticks: 145)
2024-10-30 13:11:23,040 INFO: Rear pivot angle set to 200 degrees (ticks: 200)
2024-10-30 13:11:23,318 INFO: Running set_position_group for group 'Pivot_Group' with positions: {7: 145, 8: 195}
2024-10-30 13:11:23,322 INFO: Front pivot angle set to 145 degrees (ticks: 145)
2024-10-30 13:11:23,322 INFO: Rear pivot angle set to 195 degrees (ticks: 195)
2024-10-30 13:11:23,593 INFO: Running set_position_group for group 'Pivot_Group' with positions: {7: 145, 8: 190}
2024-10-30 13:11:23,597 INFO: Front pivot angle set to 145 degrees (ticks: 145)
2024-10-30 13:11:23,598 INFO: Rear pivot angle set to 190 degrees (ticks: 190)
2024-10-30 13:11:23,877 INFO: Running set_position_group for group 'Pivot_Group' with positions: {7: 145, 8: 185}
2024-10-30 13:11:23,882 INFO: Front pivot angle set to 145 degrees (ticks: 145)
2024-10-30 13:11:23,882 INFO: Rear pivot angle set to 185 degrees (ticks: 185)
2024-10-30 13:11:24,434 INFO: Running set_position_group for group 'Pivot_Group' with positions: {7: 145, 8: 180}
2024-10-30 13:11:24,438 INFO: Front pivot angle set to 145 degrees (ticks: 145)
2024-10-30 13:11:24,439 INFO: Rear pivot angle set to 180 degrees (ticks: 180)
2024-10-30 13:11:24,707 INFO: Running set_position_group for group 'Pivot_Group' with positions: {7: 145, 8: 175}
2024-10-30 13:11:24,711 INFO: Front pivot angle set to 145 degrees (ticks: 145)
2024-10-30 13:11:24,711 INFO: Rear pivot angle set to 175 degrees (ticks: 175)
2024-10-30 13:11:25,537 INFO: Running set_position_group for group 'Pivot_Group' with positions: {7: 145, 8: 170}
2024-10-30 13:11:25,540 INFO: Front pivot angle set to 145 degrees (ticks: 145)
2024-10-30 13:11:25,541 INFO: Rear pivot angle set to 170 degrees (ticks: 170)
2024-10-30 13:11:25,810 INFO: Running set_position_group for group 'Pivot_Group' with positions: {7: 145, 8: 165}
2024-10-30 13:11:25,814 INFO: Front pivot angle set to 145 degrees (ticks: 145)
2024-10-30 13:11:25,814 INFO: Rear pivot angle set to 165 degrees (ticks: 165)
2024-10-30 13:11:26,095 INFO: Running set_position_group for group 'Pivot_Group' with positions: {7: 145, 8: 160}
2024-10-30 13:11:26,099 INFO: Front pivot angle set to 145 degrees (ticks: 145)
2024-10-30 13:11:26,099 INFO: Rear pivot angle set to 160 degrees (ticks: 160)
2024-10-30 13:11:26,369 INFO: Running set_position_group for group 'Pivot_Group' with positions: {7: 145, 8: 155}
2024-10-30 13:11:26,373 INFO: Front pivot angle set to 145 degrees (ticks: 145)
2024-10-30 13:11:26,374 INFO: Rear pivot angle set to 155 degrees (ticks: 155)
2024-10-30 13:11:26,653 INFO: Running set_position_group for group 'Pivot_Group' with positions: {7: 145, 8: 150}
2024-10-30 13:11:26,657 INFO: Front pivot angle set to 145 degrees (ticks: 145)
2024-10-30 13:11:26,657 INFO: Rear pivot angle set to 150 degrees (ticks: 150)
2024-10-30 13:11:26,926 INFO: Running set_position_group for group 'Pivot_Group' with positions: {7: 145, 8: 145}
2024-10-30 13:11:26,929 INFO: Front pivot angle set to 145 degrees (ticks: 145)
2024-10-30 13:11:26,930 INFO: Rear pivot angle set to 145 degrees (ticks: 145)
2024-10-30 13:11:29,168 WARNING: Emergency stop activated! Stopping all motors asynchronously.
2024-10-30 13:11:29,169 INFO: Setting operating mode 'velocity' for group 'All_Motors'
2024-10-30 13:11:29,170 INFO: Disabling torque for group All_Motors
2024-10-30 13:11:29,174 INFO: Enabling torque for group All_Motors
2024-10-30 13:11:29,175 INFO: Setting the profile velocity for group All_Motors from config.yaml: 8
2024-10-30 13:11:29,176 INFO: Profile velocities set for group All_Motors: {1: 34.96, 2: 34.96, 3: 34.96, 4: 34.96, 5: 34.96, 6: 34.96, 7: 34.96, 8: 34.96}
2024-10-30 13:11:29,176 WARNING: Velocity limit 200 exceeds hard limit 100. Limiting to 100.
2024-10-30 13:11:29,177 INFO: Velocity limit set to 100 for group All_Motors
2024-10-30 13:11:29,178 INFO: Enabling torque for group All_Motors
2024-10-30 13:11:29,179 INFO: Setting the profile velocity for group All_Motors from config.yaml: 8
2024-10-30 13:11:29,180 INFO: Profile velocities set for group All_Motors: {1: 34.96, 2: 34.96, 3: 34.96, 4: 34.96, 5: 34.96, 6: 34.96, 7: 34.96, 8: 34.96}
2024-10-30 13:11:29,180 INFO: Target velocities set for group All_Motors: {1: 0, 2: 0, 3: 0, 4: 0, 5: 0, 6: 0, 7: 0, 8: 0}
2024-10-30 13:11:29,286 WARNING: Emergency stop activated! Stopping all motors asynchronously.
2024-10-30 13:11:29,287 INFO: Setting operating mode 'velocity' for group 'All_Motors'
2024-10-30 13:11:29,289 INFO: Disabling torque for group All_Motors
2024-10-30 13:11:29,292 INFO: Enabling torque for group All_Motors
2024-10-30 13:11:29,292 INFO: Setting the profile velocity for group All_Motors from config.yaml: 8
2024-10-30 13:11:29,293 INFO: Profile velocities set for group All_Motors: {1: 34.96, 2: 34.96, 3: 34.96, 4: 34.96, 5: 34.96, 6: 34.96, 7: 34.96, 8: 34.96}
2024-10-30 13:11:29,294 WARNING: Velocity limit 200 exceeds hard limit 100. Limiting to 100.
2024-10-30 13:11:29,295 INFO: Velocity limit set to 100 for group All_Motors
2024-10-30 13:11:29,295 INFO: Enabling torque for group All_Motors
2024-10-30 13:11:29,296 INFO: Setting the profile velocity for group All_Motors from config.yaml: 8
2024-10-30 13:11:29,297 INFO: Profile velocities set for group All_Motors: {1: 34.96, 2: 34.96, 3: 34.96, 4: 34.96, 5: 34.96, 6: 34.96, 7: 34.96, 8: 34.96}
2024-10-30 13:11:29,298 INFO: Target velocities set for group All_Motors: {1: 0, 2: 0, 3: 0, 4: 0, 5: 0, 6: 0, 7: 0, 8: 0}
2024-10-30 13:11:29,404 WARNING: Emergency stop activated! Stopping all motors asynchronously.
2024-10-30 13:11:29,405 INFO: Setting operating mode 'velocity' for group 'All_Motors'
2024-10-30 13:11:29,407 INFO: Disabling torque for group All_Motors
2024-10-30 13:11:29,409 INFO: Enabling torque for group All_Motors
2024-10-30 13:11:29,410 INFO: Setting the profile velocity for group All_Motors from config.yaml: 8
2024-10-30 13:11:29,411 INFO: Profile velocities set for group All_Motors: {1: 34.96, 2: 34.96, 3: 34.96, 4: 34.96, 5: 34.96, 6: 34.96, 7: 34.96, 8: 34.96}
2024-10-30 13:11:29,412 WARNING: Velocity limit 200 exceeds hard limit 100. Limiting to 100.
2024-10-30 13:11:29,413 INFO: Velocity limit set to 100 for group All_Motors
2024-10-30 13:11:29,413 INFO: Enabling torque for group All_Motors
2024-10-30 13:11:29,414 INFO: Setting the profile velocity for group All_Motors from config.yaml: 8
2024-10-30 13:11:29,415 INFO: Profile velocities set for group All_Motors: {1: 34.96, 2: 34.96, 3: 34.96, 4: 34.96, 5: 34.96, 6: 34.96, 7: 34.96, 8: 34.96}
2024-10-30 13:11:29,416 INFO: Target velocities set for group All_Motors: {1: 0, 2: 0, 3: 0, 4: 0, 5: 0, 6: 0, 7: 0, 8: 0}
2024-10-30 13:11:29,522 WARNING: Emergency stop activated! Stopping all motors asynchronously.
2024-10-30 13:11:29,522 INFO: Setting operating mode 'velocity' for group 'All_Motors'
2024-10-30 13:11:29,523 INFO: Disabling torque for group All_Motors
2024-10-30 13:11:29,526 INFO: Enabling torque for group All_Motors
2024-10-30 13:11:29,528 INFO: Setting the profile velocity for group All_Motors from config.yaml: 8
2024-10-30 13:11:29,529 INFO: Profile velocities set for group All_Motors: {1: 34.96, 2: 34.96, 3: 34.96, 4: 34.96, 5: 34.96, 6: 34.96, 7: 34.96, 8: 34.96}
2024-10-30 13:11:29,530 WARNING: Velocity limit 200 exceeds hard limit 100. Limiting to 100.
2024-10-30 13:11:29,531 INFO: Velocity limit set to 100 for group All_Motors
2024-10-30 13:11:29,531 INFO: Enabling torque for group All_Motors
2024-10-30 13:11:29,532 INFO: Setting the profile velocity for group All_Motors from config.yaml: 8
2024-10-30 13:11:29,533 INFO: Profile velocities set for group All_Motors: {1: 34.96, 2: 34.96, 3: 34.96, 4: 34.96, 5: 34.96, 6: 34.96, 7: 34.96, 8: 34.96}
2024-10-30 13:11:29,534 INFO: Target velocities set for group All_Motors: {1: 0, 2: 0, 3: 0, 4: 0, 5: 0, 6: 0, 7: 0, 8: 0}
2024-10-30 13:11:29,639 WARNING: Emergency stop activated! Stopping all motors asynchronously.
2024-10-30 13:11:29,640 INFO: Setting operating mode 'velocity' for group 'All_Motors'
2024-10-30 13:11:29,641 INFO: Disabling torque for group All_Motors
2024-10-30 13:11:29,644 INFO: Enabling torque for group All_Motors
2024-10-30 13:11:29,645 INFO: Setting the profile velocity for group All_Motors from config.yaml: 8
2024-10-30 13:11:29,646 INFO: Profile velocities set for group All_Motors: {1: 34.96, 2: 34.96, 3: 34.96, 4: 34.96, 5: 34.96, 6: 34.96, 7: 34.96, 8: 34.96}
2024-10-30 13:11:29,647 WARNING: Velocity limit 200 exceeds hard limit 100. Limiting to 100.
2024-10-30 13:11:29,648 INFO: Velocity limit set to 100 for group All_Motors
2024-10-30 13:11:29,648 INFO: Enabling torque for group All_Motors
2024-10-30 13:11:29,649 INFO: Setting the profile velocity for group All_Motors from config.yaml: 8
2024-10-30 13:11:29,650 INFO: Profile velocities set for group All_Motors: {1: 34.96, 2: 34.96, 3: 34.96, 4: 34.96, 5: 34.96, 6: 34.96, 7: 34.96, 8: 34.96}
2024-10-30 13:11:29,650 INFO: Target velocities set for group All_Motors: {1: 0, 2: 0, 3: 0, 4: 0, 5: 0, 6: 0, 7: 0, 8: 0}
2024-10-30 13:11:29,756 WARNING: Emergency stop activated! Stopping all motors asynchronously.
2024-10-30 13:11:29,757 INFO: Setting operating mode 'velocity' for group 'All_Motors'
2024-10-30 13:11:29,758 INFO: Disabling torque for group All_Motors
2024-10-30 13:11:29,760 INFO: Enabling torque for group All_Motors
2024-10-30 13:11:29,762 INFO: Setting the profile velocity for group All_Motors from config.yaml: 8
2024-10-30 13:11:29,763 INFO: Profile velocities set for group All_Motors: {1: 34.96, 2: 34.96, 3: 34.96, 4: 34.96, 5: 34.96, 6: 34.96, 7: 34.96, 8: 34.96}
2024-10-30 13:11:29,764 WARNING: Velocity limit 200 exceeds hard limit 100. Limiting to 100.
2024-10-30 13:11:29,765 INFO: Velocity limit set to 100 for group All_Motors
2024-10-30 13:11:29,765 INFO: Enabling torque for group All_Motors
2024-10-30 13:11:29,766 INFO: Setting the profile velocity for group All_Motors from config.yaml: 8
2024-10-30 13:11:29,767 INFO: Profile velocities set for group All_Motors: {1: 34.96, 2: 34.96, 3: 34.96, 4: 34.96, 5: 34.96, 6: 34.96, 7: 34.96, 8: 34.96}
2024-10-30 13:11:29,767 INFO: Target velocities set for group All_Motors: {1: 0, 2: 0, 3: 0, 4: 0, 5: 0, 6: 0, 7: 0, 8: 0}
2024-10-30 13:11:29,873 WARNING: Emergency stop activated! Stopping all motors asynchronously.
2024-10-30 13:11:29,874 INFO: Setting operating mode 'velocity' for group 'All_Motors'
2024-10-30 13:11:29,876 INFO: Disabling torque for group All_Motors
2024-10-30 13:11:29,879 INFO: Enabling torque for group All_Motors
2024-10-30 13:11:29,879 INFO: Setting the profile velocity for group All_Motors from config.yaml: 8
2024-10-30 13:11:29,880 INFO: Profile velocities set for group All_Motors: {1: 34.96, 2: 34.96, 3: 34.96, 4: 34.96, 5: 34.96, 6: 34.96, 7: 34.96, 8: 34.96}
2024-10-30 13:11:29,881 WARNING: Velocity limit 200 exceeds hard limit 100. Limiting to 100.
2024-10-30 13:11:29,882 INFO: Velocity limit set to 100 for group All_Motors
2024-10-30 13:11:29,882 INFO: Enabling torque for group All_Motors
2024-10-30 13:11:29,883 INFO: Setting the profile velocity for group All_Motors from config.yaml: 8
2024-10-30 13:11:29,884 INFO: Profile velocities set for group All_Motors: {1: 34.96, 2: 34.96, 3: 34.96, 4: 34.96, 5: 34.96, 6: 34.96, 7: 34.96, 8: 34.96}
2024-10-30 13:11:29,884 INFO: Target velocities set for group All_Motors: {1: 0, 2: 0, 3: 0, 4: 0, 5: 0, 6: 0, 7: 0, 8: 0}
2024-10-30 13:11:29,991 WARNING: Emergency stop activated! Stopping all motors asynchronously.
2024-10-30 13:11:29,992 INFO: Setting operating mode 'velocity' for group 'All_Motors'
2024-10-30 13:11:29,992 INFO: Disabling torque for group All_Motors
2024-10-30 13:11:29,995 INFO: Enabling torque for group All_Motors
2024-10-30 13:11:29,997 INFO: Setting the profile velocity for group All_Motors from config.yaml: 8
2024-10-30 13:11:29,998 INFO: Profile velocities set for group All_Motors: {1: 34.96, 2: 34.96, 3: 34.96, 4: 34.96, 5: 34.96, 6: 34.96, 7: 34.96, 8: 34.96}
2024-10-30 13:11:29,998 WARNING: Velocity limit 200 exceeds hard limit 100. Limiting to 100.
2024-10-30 13:11:29,999 INFO: Velocity limit set to 100 for group All_Motors
2024-10-30 13:11:30,000 INFO: Enabling torque for group All_Motors
2024-10-30 13:11:30,000 INFO: Setting the profile velocity for group All_Motors from config.yaml: 8
2024-10-30 13:11:30,001 INFO: Profile velocities set for group All_Motors: {1: 34.96, 2: 34.96, 3: 34.96, 4: 34.96, 5: 34.96, 6: 34.96, 7: 34.96, 8: 34.96}
2024-10-30 13:11:30,002 INFO: Target velocities set for group All_Motors: {1: 0, 2: 0, 3: 0, 4: 0, 5: 0, 6: 0, 7: 0, 8: 0}
2024-10-30 13:11:30,108 WARNING: Emergency stop activated! Stopping all motors asynchronously.
2024-10-30 13:11:30,109 INFO: Setting operating mode 'velocity' for group 'All_Motors'
2024-10-30 13:11:30,110 INFO: Disabling torque for group All_Motors
2024-10-30 13:11:30,114 INFO: Enabling torque for group All_Motors
2024-10-30 13:11:30,115 INFO: Setting the profile velocity for group All_Motors from config.yaml: 8
2024-10-30 13:11:30,115 INFO: Profile velocities set for group All_Motors: {1: 34.96, 2: 34.96, 3: 34.96, 4: 34.96, 5: 34.96, 6: 34.96, 7: 34.96, 8: 34.96}
2024-10-30 13:11:30,116 WARNING: Velocity limit 200 exceeds hard limit 100. Limiting to 100.
2024-10-30 13:11:30,117 INFO: Velocity limit set to 100 for group All_Motors
2024-10-30 13:11:30,117 INFO: Enabling torque for group All_Motors
2024-10-30 13:11:30,118 INFO: Setting the profile velocity for group All_Motors from config.yaml: 8
2024-10-30 13:11:30,119 INFO: Profile velocities set for group All_Motors: {1: 34.96, 2: 34.96, 3: 34.96, 4: 34.96, 5: 34.96, 6: 34.96, 7: 34.96, 8: 34.96}
2024-10-30 13:11:30,120 INFO: Target velocities set for group All_Motors: {1: 0, 2: 0, 3: 0, 4: 0, 5: 0, 6: 0, 7: 0, 8: 0}
2024-10-30 13:11:32,321 INFO: Emergency Stop Deactivated. Resuming control...
2024-10-30 13:11:40,726 WARNING: Emergency stop activated! Stopping all motors asynchronously.
2024-10-30 13:11:40,727 INFO: Setting operating mode 'velocity' for group 'All_Motors'
2024-10-30 13:11:40,729 INFO: Disabling torque for group All_Motors
2024-10-30 13:11:40,732 INFO: Enabling torque for group All_Motors
2024-10-30 13:11:40,733 INFO: Setting the profile velocity for group All_Motors from config.yaml: 8
2024-10-30 13:11:40,734 INFO: Profile velocities set for group All_Motors: {1: 34.96, 2: 34.96, 3: 34.96, 4: 34.96, 5: 34.96, 6: 34.96, 7: 34.96, 8: 34.96}
2024-10-30 13:11:40,734 WARNING: Velocity limit 200 exceeds hard limit 100. Limiting to 100.
2024-10-30 13:11:40,735 INFO: Velocity limit set to 100 for group All_Motors
2024-10-30 13:11:40,736 INFO: Enabling torque for group All_Motors
2024-10-30 13:11:40,736 INFO: Setting the profile velocity for group All_Motors from config.yaml: 8
2024-10-30 13:11:40,737 INFO: Profile velocities set for group All_Motors: {1: 34.96, 2: 34.96, 3: 34.96, 4: 34.96, 5: 34.96, 6: 34.96, 7: 34.96, 8: 34.96}
2024-10-30 13:11:40,738 INFO: Target velocities set for group All_Motors: {1: 0, 2: 0, 3: 0, 4: 0, 5: 0, 6: 0, 7: 0, 8: 0}
2024-10-30 13:11:40,846 WARNING: Emergency stop activated! Stopping all motors asynchronously.
2024-10-30 13:11:40,846 INFO: Setting operating mode 'velocity' for group 'All_Motors'
2024-10-30 13:11:40,847 INFO: Disabling torque for group All_Motors
2024-10-30 13:11:40,851 INFO: Enabling torque for group All_Motors
2024-10-30 13:11:40,852 INFO: Setting the profile velocity for group All_Motors from config.yaml: 8
2024-10-30 13:11:40,853 INFO: Profile velocities set for group All_Motors: {1: 34.96, 2: 34.96, 3: 34.96, 4: 34.96, 5: 34.96, 6: 34.96, 7: 34.96, 8: 34.96}
2024-10-30 13:11:40,854 WARNING: Velocity limit 200 exceeds hard limit 100. Limiting to 100.
2024-10-30 13:11:40,855 INFO: Velocity limit set to 100 for group All_Motors
2024-10-30 13:11:40,855 INFO: Enabling torque for group All_Motors
2024-10-30 13:11:40,856 INFO: Setting the profile velocity for group All_Motors from config.yaml: 8
2024-10-30 13:11:40,857 INFO: Profile velocities set for group All_Motors: {1: 34.96, 2: 34.96, 3: 34.96, 4: 34.96, 5: 34.96, 6: 34.96, 7: 34.96, 8: 34.96}
2024-10-30 13:11:40,858 INFO: Target velocities set for group All_Motors: {1: 0, 2: 0, 3: 0, 4: 0, 5: 0, 6: 0, 7: 0, 8: 0}
2024-10-30 13:11:41,162 INFO: Emergency Stop Deactivated. Resuming control...
2024-10-30 13:11:46,297 INFO: Initiating safe shutdown...
2024-10-30 13:11:46,298 INFO: Setting operating mode 'velocity' for group 'All_Motors'
2024-10-30 13:11:46,298 INFO: Disabling torque for group All_Motors
2024-10-30 13:11:46,299 INFO: Enabling torque for group All_Motors
2024-10-30 13:11:46,300 INFO: Setting the profile velocity for group All_Motors from config.yaml: 8
2024-10-30 13:11:46,301 INFO: Profile velocities set for group All_Motors: {1: 34.96, 2: 34.96, 3: 34.96, 4: 34.96, 5: 34.96, 6: 34.96, 7: 34.96, 8: 34.96}
2024-10-30 13:11:46,301 WARNING: Velocity limit 200 exceeds hard limit 100. Limiting to 100.
2024-10-30 13:11:46,302 INFO: Velocity limit set to 100 for group All_Motors
2024-10-30 13:11:46,302 INFO: Enabling torque for group All_Motors
2024-10-30 13:11:46,303 INFO: Setting the profile velocity for group All_Motors from config.yaml: 8
2024-10-30 13:11:46,304 INFO: Profile velocities set for group All_Motors: {1: 34.96, 2: 34.96, 3: 34.96, 4: 34.96, 5: 34.96, 6: 34.96, 7: 34.96, 8: 34.96}
2024-10-30 13:11:46,304 INFO: Target velocities set for group All_Motors: {1: 0, 2: 0, 3: 0, 4: 0, 5: 0, 6: 0, 7: 0, 8: 0}
2024-10-30 13:11:46,305 INFO: Running set_position_group for group 'All_Motors' with positions: 180
2024-10-30 13:11:46,312 WARNING: Motor 1 is not in Position Control Mode. Setting mode now.
2024-10-30 13:11:46,313 INFO: Setting operating mode 'position' for group 'All_Motors'
2024-10-30 13:11:46,313 INFO: Disabling torque for group All_Motors
2024-10-30 13:11:46,314 INFO: Enabling torque for group All_Motors
2024-10-30 13:11:46,315 INFO: Setting the profile velocity for group All_Motors from config.yaml: 8
2024-10-30 13:11:46,316 INFO: Profile velocities set for group All_Motors: {1: 34.96, 2: 34.96, 3: 34.96, 4: 34.96, 5: 34.96, 6: 34.96, 7: 34.96, 8: 34.96}
2024-10-30 13:11:46,316 INFO: Setting the profile velocity for group All_Motors from config.yaml: 8
2024-10-30 13:11:46,317 INFO: Profile velocities set for group All_Motors: {1: 34.96, 2: 34.96, 3: 34.96, 4: 34.96, 5: 34.96, 6: 34.96, 7: 34.96, 8: 34.96}
2024-10-30 13:11:46,317 INFO: Closing PS4Controller and quitting pygame
2024-10-30 13:11:46,410 INFO: Port closed successfully.
2024-10-30 13:11:46,411 INFO: Shutdown complete.
2024-10-30 13:11:46,412 ERROR: Error checking hardware errors: Attempting to use a port that is not open
