2024-10-30 14:27:35,252 INFO: Initializing PS4Controller
2024-10-30 14:27:35,584 INFO: Configuration loaded successfully
2024-10-30 14:27:35,589 INFO: Port /dev/ttyACM0 opened successfully
2024-10-30 14:27:35,599 INFO: Baudrate set to 1000000
2024-10-30 14:27:35,599 INFO: Control table loaded successfully.
2024-10-30 14:27:35,600 INFO: Motor group 'Pivot_Group' created with motors: [7, 8]
2024-10-30 14:27:35,601 INFO: Motor group 'Wheg_Group' created with motors: [1, 2, 3, 4, 5, 6]
2024-10-30 14:27:35,601 INFO: Motor group 'All_Motors' created with motors: [1, 2, 3, 4, 5, 6, 7, 8]
2024-10-30 14:27:35,602 INFO: Motor group 'Left_Whegs' created with motors: [1, 2, 3]
2024-10-30 14:27:35,602 INFO: Motor group 'Right_Whegs' created with motors: [4, 5, 6]
2024-10-30 14:27:35,603 INFO: Motor group 'Front_Whegs' created with motors: [3, 6]
2024-10-30 14:27:35,603 INFO: Motor group 'Rear_Whegs' created with motors: [1, 4]
2024-10-30 14:27:35,604 INFO: Motor group 'Middle_Whegs' created with motors: [2, 5]
2024-10-30 14:27:35,604 INFO: Motor group 'Two_Right_One_Left' created with motors: [2, 4, 6]
2024-10-30 14:27:35,604 INFO: Motor group 'Two_Left_One_Right' created with motors: [5, 1, 3]
2024-10-30 14:27:35,605 INFO: Initialised PS4 controller, Dynamixel, and Robot State
2024-10-30 14:27:35,769 INFO: Disabling torque for group Right_Whegs
2024-10-30 14:27:35,772 INFO: Drive mode set for group Right_Whegs with reverse_direction=True
2024-10-30 14:27:35,772 INFO: Enabling torque for group Right_Whegs
2024-10-30 14:27:35,774 INFO: Setting the profile velocity for group Right_Whegs from config.yaml: None
2024-10-30 14:27:35,775 ERROR: Profile velocity for group Right_Whegs not found in config.yaml and no value was provided.
2024-10-30 14:27:35,776 INFO: Profile velocities set for group Right_Whegs: {4: 21.85, 5: 21.85, 6: 21.85}
2024-10-30 14:27:35,777 INFO: Disabling torque for group Left_Whegs
2024-10-30 14:27:35,778 INFO: Drive mode set for group Left_Whegs with reverse_direction=False
2024-10-30 14:27:35,778 INFO: Enabling torque for group Left_Whegs
2024-10-30 14:27:35,779 INFO: Setting the profile velocity for group Left_Whegs from config.yaml: None
2024-10-30 14:27:35,780 ERROR: Profile velocity for group Left_Whegs not found in config.yaml and no value was provided.
2024-10-30 14:27:35,780 INFO: Profile velocities set for group Left_Whegs: {1: 21.85, 2: 21.85, 3: 21.85}
2024-10-30 14:27:35,781 INFO: Set the right side whegs to reverse direction
2024-10-30 14:27:35,781 INFO: Disabling torque for group Pivot_Group
2024-10-30 14:27:35,782 INFO: Drive mode set for group Pivot_Group with reverse_direction=False
2024-10-30 14:27:35,783 INFO: Enabling torque for group Pivot_Group
2024-10-30 14:27:35,784 INFO: Setting the profile velocity for group Pivot_Group from config.yaml: 4
2024-10-30 14:27:35,784 INFO: Profile velocities set for group Pivot_Group: {7: 17.48, 8: 17.48}
2024-10-30 14:27:35,785 INFO: Position limits set for group Pivot_Group: min=45° (ticks=511), max=315° (ticks=3583)
2024-10-30 14:27:35,786 INFO: Set position limits for the pivot motors
2024-10-30 14:27:35,796 INFO: Initialising Gait 1
2024-10-30 14:27:35,796 INFO: Running set_position_group for group 'Wheg_Group' with positions: 180
2024-10-30 14:27:35,802 WARNING: Motor 1 is not in Position Control Mode. Setting mode now.
2024-10-30 14:27:35,802 INFO: Setting operating mode 'position' for group 'Wheg_Group'
2024-10-30 14:27:35,803 INFO: Disabling torque for group Wheg_Group
2024-10-30 14:27:35,804 INFO: Enabling torque for group Wheg_Group
2024-10-30 14:27:35,805 INFO: Setting the profile velocity for group Wheg_Group from config.yaml: 10
2024-10-30 14:27:35,806 INFO: Profile velocities set for group Wheg_Group: {1: 43.7, 2: 43.7, 3: 43.7, 4: 43.7, 5: 43.7, 6: 43.7}
2024-10-30 14:27:35,806 INFO: Setting the profile velocity for group Wheg_Group from config.yaml: 10
2024-10-30 14:27:35,807 INFO: Profile velocities set for group Wheg_Group: {1: 43.7, 2: 43.7, 3: 43.7, 4: 43.7, 5: 43.7, 6: 43.7}
2024-10-30 14:27:35,808 INFO: Running set_position_group for group 'Pivot_Group' with positions: 180
2024-10-30 14:27:35,811 INFO: Initialised Gait 1, waiting for 3 seconds
2024-10-30 14:27:35,812 ERROR: Error controlling pivots: 'dpad_down'
2024-10-30 14:27:38,813 INFO: Setting operating mode 'multi_turn' for group 'Wheg_Group'
2024-10-30 14:27:38,815 INFO: Disabling torque for group Wheg_Group
2024-10-30 14:27:38,817 INFO: Enabling torque for group Wheg_Group
2024-10-30 14:27:38,818 INFO: Setting the profile velocity for group Wheg_Group from config.yaml: 10
2024-10-30 14:27:38,819 INFO: Profile velocities set for group Wheg_Group: {1: 43.7, 2: 43.7, 3: 43.7, 4: 43.7, 5: 43.7, 6: 43.7}
2024-10-30 14:27:38,820 INFO: Setting the profile velocity for group Wheg_Group from config.yaml: 10
2024-10-30 14:27:38,821 INFO: Profile velocities set for group Wheg_Group: {1: 43.7, 2: 43.7, 3: 43.7, 4: 43.7, 5: 43.7, 6: 43.7}
2024-10-30 14:27:38,822 INFO: New gait 1 is now active.
2024-10-30 14:27:43,168 INFO: Share pressed. Reversing the direction of the whegs
2024-10-30 14:27:43,183 INFO: Disabling torque for group Wheg_Group
2024-10-30 14:27:43,184 INFO: Drive mode set for group Wheg_Group with reverse_direction={1: 1, 2: 1, 3: 1, 4: 0, 5: 0, 6: 0}
2024-10-30 14:27:43,184 INFO: Enabling torque for group Wheg_Group
2024-10-30 14:27:43,185 INFO: Setting the profile velocity for group Wheg_Group from config.yaml: 10
2024-10-30 14:27:43,186 INFO: Profile velocities set for group Wheg_Group: {1: 43.7, 2: 43.7, 3: 43.7, 4: 43.7, 5: 43.7, 6: 43.7}
2024-10-30 14:27:43,186 INFO: Reversed the direction of all whegs, waiting for 3 seconds
2024-10-30 14:27:46,186 INFO: Direction of whegs reversed.
2024-10-30 14:27:46,249 INFO: Initialising Gait 1
2024-10-30 14:27:46,253 INFO: Running set_position_group for group 'Wheg_Group' with positions: 180
2024-10-30 14:27:46,259 WARNING: Motor 1 is not in Position Control Mode. Setting mode now.
2024-10-30 14:27:46,260 INFO: Setting operating mode 'position' for group 'Wheg_Group'
2024-10-30 14:27:46,261 INFO: Disabling torque for group Wheg_Group
2024-10-30 14:27:46,264 INFO: Enabling torque for group Wheg_Group
2024-10-30 14:27:46,265 INFO: Setting the profile velocity for group Wheg_Group from config.yaml: 10
2024-10-30 14:27:46,267 INFO: Profile velocities set for group Wheg_Group: {1: 43.7, 2: 43.7, 3: 43.7, 4: 43.7, 5: 43.7, 6: 43.7}
2024-10-30 14:27:46,269 INFO: Setting the profile velocity for group Wheg_Group from config.yaml: 10
2024-10-30 14:27:46,270 INFO: Profile velocities set for group Wheg_Group: {1: 43.7, 2: 43.7, 3: 43.7, 4: 43.7, 5: 43.7, 6: 43.7}
2024-10-30 14:27:46,271 INFO: Running set_position_group for group 'Pivot_Group' with positions: 180
2024-10-30 14:27:46,276 INFO: Initialised Gait 1, waiting for 3 seconds
2024-10-30 14:27:49,278 INFO: Setting operating mode 'multi_turn' for group 'Wheg_Group'
2024-10-30 14:27:49,278 INFO: Disabling torque for group Wheg_Group
2024-10-30 14:27:49,280 INFO: Enabling torque for group Wheg_Group
2024-10-30 14:27:49,281 INFO: Setting the profile velocity for group Wheg_Group from config.yaml: 10
2024-10-30 14:27:49,281 INFO: Profile velocities set for group Wheg_Group: {1: 43.7, 2: 43.7, 3: 43.7, 4: 43.7, 5: 43.7, 6: 43.7}
2024-10-30 14:27:49,282 INFO: Setting the profile velocity for group Wheg_Group from config.yaml: 10
2024-10-30 14:27:49,282 INFO: Profile velocities set for group Wheg_Group: {1: 43.7, 2: 43.7, 3: 43.7, 4: 43.7, 5: 43.7, 6: 43.7}
2024-10-30 14:27:49,283 INFO: New gait 1 is now active.
2024-10-30 14:27:53,564 INFO: Profile velocities set for group Wheg_Group: {1: 21.85, 2: 21.85, 3: 21.85, 4: 21.85, 5: 21.85, 6: 21.85}
2024-10-30 14:27:53,564 INFO: Incrementing motor positions by 360 degrees for group 'Wheg_Group'
2024-10-30 14:27:53,575 INFO: Gait 1 step executed at 5.00RPM, wait for 12.00 seconds
2024-10-30 14:28:05,597 INFO: Profile velocities set for group Wheg_Group: {1: 43.7, 2: 43.7, 3: 43.7, 4: 43.7, 5: 43.7, 6: 43.7}
2024-10-30 14:28:05,598 INFO: Incrementing motor positions by 360 degrees for group 'Wheg_Group'
2024-10-30 14:28:05,609 INFO: Gait 1 step executed at 10.00RPM, wait for 6.00 seconds
2024-10-30 14:28:11,634 INFO: Profile velocities set for group Wheg_Group: {1: 65.55, 2: 65.55, 3: 65.55, 4: 65.55, 5: 65.55, 6: 65.55}
2024-10-30 14:28:11,635 INFO: Incrementing motor positions by 360 degrees for group 'Wheg_Group'
2024-10-30 14:28:11,646 INFO: Gait 1 step executed at 15.00RPM, wait for 4.00 seconds
2024-10-30 14:28:16,684 INFO: Running set_position_group for group 'Pivot_Group' with positions: {7: 175, 8: 180}
2024-10-30 14:28:16,688 INFO: Front pivot angle set to 175 degrees (ticks: 175)
2024-10-30 14:28:16,688 INFO: Rear pivot angle set to 180 degrees (ticks: 180)
2024-10-30 14:28:16,956 INFO: Running set_position_group for group 'Pivot_Group' with positions: {7: 170, 8: 180}
2024-10-30 14:28:16,960 INFO: Front pivot angle set to 170 degrees (ticks: 170)
2024-10-30 14:28:16,961 INFO: Rear pivot angle set to 180 degrees (ticks: 180)
2024-10-30 14:28:17,221 INFO: Running set_position_group for group 'Pivot_Group' with positions: {7: 165, 8: 180}
2024-10-30 14:28:17,225 INFO: Front pivot angle set to 165 degrees (ticks: 165)
2024-10-30 14:28:17,225 INFO: Rear pivot angle set to 180 degrees (ticks: 180)
2024-10-30 14:28:17,488 INFO: Running set_position_group for group 'Pivot_Group' with positions: {7: 160, 8: 180}
2024-10-30 14:28:17,492 INFO: Front pivot angle set to 160 degrees (ticks: 160)
2024-10-30 14:28:17,492 INFO: Rear pivot angle set to 180 degrees (ticks: 180)
2024-10-30 14:28:17,754 INFO: Running set_position_group for group 'Pivot_Group' with positions: {7: 155, 8: 180}
2024-10-30 14:28:17,758 INFO: Front pivot angle set to 155 degrees (ticks: 155)
2024-10-30 14:28:17,758 INFO: Rear pivot angle set to 180 degrees (ticks: 180)
2024-10-30 14:28:18,021 INFO: Running set_position_group for group 'Pivot_Group' with positions: {7: 150, 8: 180}
2024-10-30 14:28:18,025 INFO: Front pivot angle set to 150 degrees (ticks: 150)
2024-10-30 14:28:18,025 INFO: Rear pivot angle set to 180 degrees (ticks: 180)
2024-10-30 14:28:18,287 INFO: Running set_position_group for group 'Pivot_Group' with positions: {7: 145, 8: 180}
2024-10-30 14:28:18,290 INFO: Front pivot angle set to 145 degrees (ticks: 145)
2024-10-30 14:28:18,291 INFO: Rear pivot angle set to 180 degrees (ticks: 180)
2024-10-30 14:28:18,558 INFO: Running set_position_group for group 'Pivot_Group' with positions: {7: 140, 8: 180}
2024-10-30 14:28:18,561 INFO: Front pivot angle set to 140 degrees (ticks: 140)
2024-10-30 14:28:18,562 INFO: Rear pivot angle set to 180 degrees (ticks: 180)
2024-10-30 14:28:18,823 INFO: Running set_position_group for group 'Pivot_Group' with positions: {7: 135, 8: 180}
2024-10-30 14:28:18,826 INFO: Front pivot angle set to 135 degrees (ticks: 135)
2024-10-30 14:28:18,827 INFO: Rear pivot angle set to 180 degrees (ticks: 180)
2024-10-30 14:28:19,360 INFO: Running set_position_group for group 'Pivot_Group' with positions: {7: 140, 8: 180}
2024-10-30 14:28:19,366 INFO: Front pivot angle set to 140 degrees (ticks: 140)
2024-10-30 14:28:19,366 INFO: Rear pivot angle set to 180 degrees (ticks: 180)
2024-10-30 14:28:19,625 INFO: Running set_position_group for group 'Pivot_Group' with positions: {7: 145, 8: 180}
2024-10-30 14:28:19,629 INFO: Front pivot angle set to 145 degrees (ticks: 145)
2024-10-30 14:28:19,629 INFO: Rear pivot angle set to 180 degrees (ticks: 180)
2024-10-30 14:28:19,892 INFO: Running set_position_group for group 'Pivot_Group' with positions: {7: 150, 8: 180}
2024-10-30 14:28:19,896 INFO: Front pivot angle set to 150 degrees (ticks: 150)
2024-10-30 14:28:19,896 INFO: Rear pivot angle set to 180 degrees (ticks: 180)
2024-10-30 14:28:20,160 INFO: Running set_position_group for group 'Pivot_Group' with positions: {7: 155, 8: 180}
2024-10-30 14:28:20,164 INFO: Front pivot angle set to 155 degrees (ticks: 155)
2024-10-30 14:28:20,164 INFO: Rear pivot angle set to 180 degrees (ticks: 180)
2024-10-30 14:28:20,426 INFO: Running set_position_group for group 'Pivot_Group' with positions: {7: 160, 8: 180}
2024-10-30 14:28:20,429 INFO: Front pivot angle set to 160 degrees (ticks: 160)
2024-10-30 14:28:20,430 INFO: Rear pivot angle set to 180 degrees (ticks: 180)
2024-10-30 14:28:20,690 INFO: Running set_position_group for group 'Pivot_Group' with positions: {7: 165, 8: 180}
2024-10-30 14:28:20,694 INFO: Front pivot angle set to 165 degrees (ticks: 165)
2024-10-30 14:28:20,694 INFO: Rear pivot angle set to 180 degrees (ticks: 180)
2024-10-30 14:28:20,954 INFO: Running set_position_group for group 'Pivot_Group' with positions: {7: 170, 8: 180}
2024-10-30 14:28:20,958 INFO: Front pivot angle set to 170 degrees (ticks: 170)
2024-10-30 14:28:20,958 INFO: Rear pivot angle set to 180 degrees (ticks: 180)
2024-10-30 14:28:21,222 INFO: Running set_position_group for group 'Pivot_Group' with positions: {7: 175, 8: 180}
2024-10-30 14:28:21,225 INFO: Front pivot angle set to 175 degrees (ticks: 175)
2024-10-30 14:28:21,226 INFO: Rear pivot angle set to 180 degrees (ticks: 180)
2024-10-30 14:28:21,488 INFO: Running set_position_group for group 'Pivot_Group' with positions: {7: 180, 8: 180}
2024-10-30 14:28:21,492 INFO: Front pivot angle set to 180 degrees (ticks: 180)
2024-10-30 14:28:21,492 INFO: Rear pivot angle set to 180 degrees (ticks: 180)
2024-10-30 14:28:21,754 INFO: Running set_position_group for group 'Pivot_Group' with positions: {7: 185, 8: 180}
2024-10-30 14:28:21,758 INFO: Front pivot angle set to 185 degrees (ticks: 185)
2024-10-30 14:28:21,758 INFO: Rear pivot angle set to 180 degrees (ticks: 180)
2024-10-30 14:28:22,020 INFO: Running set_position_group for group 'Pivot_Group' with positions: {7: 190, 8: 180}
2024-10-30 14:28:22,024 INFO: Front pivot angle set to 190 degrees (ticks: 190)
2024-10-30 14:28:22,024 INFO: Rear pivot angle set to 180 degrees (ticks: 180)
2024-10-30 14:28:22,288 INFO: Running set_position_group for group 'Pivot_Group' with positions: {7: 195, 8: 180}
2024-10-30 14:28:22,291 INFO: Front pivot angle set to 195 degrees (ticks: 195)
2024-10-30 14:28:22,292 INFO: Rear pivot angle set to 180 degrees (ticks: 180)
2024-10-30 14:28:22,554 INFO: Running set_position_group for group 'Pivot_Group' with positions: {7: 200, 8: 180}
2024-10-30 14:28:22,558 INFO: Front pivot angle set to 200 degrees (ticks: 200)
2024-10-30 14:28:22,558 INFO: Rear pivot angle set to 180 degrees (ticks: 180)
2024-10-30 14:28:22,820 INFO: Running set_position_group for group 'Pivot_Group' with positions: {7: 205, 8: 180}
2024-10-30 14:28:22,823 INFO: Front pivot angle set to 205 degrees (ticks: 205)
2024-10-30 14:28:22,824 INFO: Rear pivot angle set to 180 degrees (ticks: 180)
2024-10-30 14:28:23,086 INFO: Running set_position_group for group 'Pivot_Group' with positions: {7: 210, 8: 180}
2024-10-30 14:28:23,089 INFO: Front pivot angle set to 210 degrees (ticks: 210)
2024-10-30 14:28:23,090 INFO: Rear pivot angle set to 180 degrees (ticks: 180)
2024-10-30 14:28:23,352 INFO: Running set_position_group for group 'Pivot_Group' with positions: {7: 215, 8: 180}
2024-10-30 14:28:23,355 INFO: Front pivot angle set to 215 degrees (ticks: 215)
2024-10-30 14:28:23,356 INFO: Rear pivot angle set to 180 degrees (ticks: 180)
2024-10-30 14:28:23,618 INFO: Running set_position_group for group 'Pivot_Group' with positions: {7: 220, 8: 180}
2024-10-30 14:28:23,622 INFO: Front pivot angle set to 220 degrees (ticks: 220)
2024-10-30 14:28:23,622 INFO: Rear pivot angle set to 180 degrees (ticks: 180)
2024-10-30 14:28:23,885 INFO: Running set_position_group for group 'Pivot_Group' with positions: {7: 225, 8: 180}
2024-10-30 14:28:23,888 INFO: Front pivot angle set to 225 degrees (ticks: 225)
2024-10-30 14:28:23,889 INFO: Rear pivot angle set to 180 degrees (ticks: 180)
2024-10-30 14:28:24,151 INFO: Running set_position_group for group 'Pivot_Group' with positions: {7: 230, 8: 180}
2024-10-30 14:28:24,155 INFO: Front pivot angle set to 230 degrees (ticks: 230)
2024-10-30 14:28:24,155 INFO: Rear pivot angle set to 180 degrees (ticks: 180)
2024-10-30 14:28:24,416 INFO: Running set_position_group for group 'Pivot_Group' with positions: {7: 235, 8: 180}
2024-10-30 14:28:24,419 INFO: Front pivot angle set to 235 degrees (ticks: 235)
2024-10-30 14:28:24,419 INFO: Rear pivot angle set to 180 degrees (ticks: 180)
2024-10-30 14:28:24,682 INFO: Running set_position_group for group 'Pivot_Group' with positions: {7: 240, 8: 180}
2024-10-30 14:28:24,685 INFO: Front pivot angle set to 240 degrees (ticks: 240)
2024-10-30 14:28:24,686 INFO: Rear pivot angle set to 180 degrees (ticks: 180)
2024-10-30 14:28:24,947 INFO: Running set_position_group for group 'Pivot_Group' with positions: {7: 245, 8: 180}
2024-10-30 14:28:24,951 INFO: Front pivot angle set to 245 degrees (ticks: 245)
2024-10-30 14:28:24,951 INFO: Rear pivot angle set to 180 degrees (ticks: 180)
2024-10-30 14:28:25,212 INFO: Running set_position_group for group 'Pivot_Group' with positions: {7: 250, 8: 180}
2024-10-30 14:28:25,216 INFO: Front pivot angle set to 250 degrees (ticks: 250)
2024-10-30 14:28:25,216 INFO: Rear pivot angle set to 180 degrees (ticks: 180)
2024-10-30 14:28:25,477 INFO: Running set_position_group for group 'Pivot_Group' with positions: {7: 255, 8: 180}
2024-10-30 14:28:25,481 INFO: Front pivot angle set to 255 degrees (ticks: 255)
2024-10-30 14:28:25,481 INFO: Rear pivot angle set to 180 degrees (ticks: 180)
2024-10-30 14:28:25,742 INFO: Running set_position_group for group 'Pivot_Group' with positions: {7: 260, 8: 180}
2024-10-30 14:28:25,746 INFO: Front pivot angle set to 260 degrees (ticks: 260)
2024-10-30 14:28:25,746 INFO: Rear pivot angle set to 180 degrees (ticks: 180)
2024-10-30 14:28:26,007 INFO: Running set_position_group for group 'Pivot_Group' with positions: {7: 265, 8: 180}
2024-10-30 14:28:26,010 INFO: Front pivot angle set to 265 degrees (ticks: 265)
2024-10-30 14:28:26,011 INFO: Rear pivot angle set to 180 degrees (ticks: 180)
2024-10-30 14:28:26,271 INFO: Running set_position_group for group 'Pivot_Group' with positions: {7: 270, 8: 180}
2024-10-30 14:28:26,275 INFO: Front pivot angle set to 270 degrees (ticks: 270)
2024-10-30 14:28:26,275 INFO: Rear pivot angle set to 180 degrees (ticks: 180)
2024-10-30 14:28:26,539 INFO: Running set_position_group for group 'Pivot_Group' with positions: {7: 275, 8: 180}
2024-10-30 14:28:26,542 INFO: Front pivot angle set to 275 degrees (ticks: 275)
2024-10-30 14:28:26,543 INFO: Rear pivot angle set to 180 degrees (ticks: 180)
2024-10-30 14:28:26,804 INFO: Running set_position_group for group 'Pivot_Group' with positions: {7: 280, 8: 180}
2024-10-30 14:28:26,808 INFO: Front pivot angle set to 280 degrees (ticks: 280)
2024-10-30 14:28:26,808 INFO: Rear pivot angle set to 180 degrees (ticks: 180)
2024-10-30 14:28:27,334 INFO: Running set_position_group for group 'Pivot_Group' with positions: {7: 280, 8: 185}
2024-10-30 14:28:27,338 INFO: Front pivot angle set to 280 degrees (ticks: 280)
2024-10-30 14:28:27,338 INFO: Rear pivot angle set to 185 degrees (ticks: 185)
2024-10-30 14:28:27,600 INFO: Running set_position_group for group 'Pivot_Group' with positions: {7: 280, 8: 190}
2024-10-30 14:28:27,603 INFO: Front pivot angle set to 280 degrees (ticks: 280)
2024-10-30 14:28:27,603 INFO: Rear pivot angle set to 190 degrees (ticks: 190)
2024-10-30 14:28:27,865 INFO: Running set_position_group for group 'Pivot_Group' with positions: {7: 280, 8: 195}
2024-10-30 14:28:27,869 INFO: Front pivot angle set to 280 degrees (ticks: 280)
2024-10-30 14:28:27,869 INFO: Rear pivot angle set to 195 degrees (ticks: 195)
2024-10-30 14:28:28,663 INFO: Running set_position_group for group 'Pivot_Group' with positions: {7: 280, 8: 200}
2024-10-30 14:28:28,667 INFO: Front pivot angle set to 280 degrees (ticks: 280)
2024-10-30 14:28:28,667 INFO: Rear pivot angle set to 200 degrees (ticks: 200)
2024-10-30 14:28:29,196 INFO: Running set_position_group for group 'Pivot_Group' with positions: {7: 280, 8: 195}
2024-10-30 14:28:29,199 INFO: Front pivot angle set to 280 degrees (ticks: 280)
2024-10-30 14:28:29,200 INFO: Rear pivot angle set to 195 degrees (ticks: 195)
2024-10-30 14:28:29,460 INFO: Running set_position_group for group 'Pivot_Group' with positions: {7: 280, 8: 190}
2024-10-30 14:28:29,463 INFO: Front pivot angle set to 280 degrees (ticks: 280)
2024-10-30 14:28:29,464 INFO: Rear pivot angle set to 190 degrees (ticks: 190)
2024-10-30 14:28:29,726 INFO: Running set_position_group for group 'Pivot_Group' with positions: {7: 280, 8: 185}
2024-10-30 14:28:29,729 INFO: Front pivot angle set to 280 degrees (ticks: 280)
2024-10-30 14:28:29,730 INFO: Rear pivot angle set to 185 degrees (ticks: 185)
2024-10-30 14:28:29,992 INFO: Running set_position_group for group 'Pivot_Group' with positions: {7: 280, 8: 180}
2024-10-30 14:28:29,995 INFO: Front pivot angle set to 280 degrees (ticks: 280)
2024-10-30 14:28:29,995 INFO: Rear pivot angle set to 180 degrees (ticks: 180)
2024-10-30 14:28:30,258 INFO: Running set_position_group for group 'Pivot_Group' with positions: {7: 280, 8: 175}
2024-10-30 14:28:30,261 INFO: Front pivot angle set to 280 degrees (ticks: 280)
2024-10-30 14:28:30,261 INFO: Rear pivot angle set to 175 degrees (ticks: 175)
2024-10-30 14:28:30,523 INFO: Running set_position_group for group 'Pivot_Group' with positions: {7: 280, 8: 170}
2024-10-30 14:28:30,526 INFO: Front pivot angle set to 280 degrees (ticks: 280)
2024-10-30 14:28:30,527 INFO: Rear pivot angle set to 170 degrees (ticks: 170)
2024-10-30 14:28:30,788 INFO: Running set_position_group for group 'Pivot_Group' with positions: {7: 280, 8: 165}
2024-10-30 14:28:30,792 INFO: Front pivot angle set to 280 degrees (ticks: 280)
2024-10-30 14:28:30,792 INFO: Rear pivot angle set to 165 degrees (ticks: 165)
2024-10-30 14:28:31,053 INFO: Running set_position_group for group 'Pivot_Group' with positions: {7: 280, 8: 160}
2024-10-30 14:28:31,056 INFO: Front pivot angle set to 280 degrees (ticks: 280)
2024-10-30 14:28:31,056 INFO: Rear pivot angle set to 160 degrees (ticks: 160)
2024-10-30 14:28:31,318 INFO: Running set_position_group for group 'Pivot_Group' with positions: {7: 280, 8: 155}
2024-10-30 14:28:31,321 INFO: Front pivot angle set to 280 degrees (ticks: 280)
2024-10-30 14:28:31,322 INFO: Rear pivot angle set to 155 degrees (ticks: 155)
2024-10-30 14:28:31,585 INFO: Running set_position_group for group 'Pivot_Group' with positions: {7: 280, 8: 150}
2024-10-30 14:28:31,589 INFO: Front pivot angle set to 280 degrees (ticks: 280)
2024-10-30 14:28:31,590 INFO: Rear pivot angle set to 150 degrees (ticks: 150)
2024-10-30 14:28:31,849 INFO: Running set_position_group for group 'Pivot_Group' with positions: {7: 280, 8: 145}
2024-10-30 14:28:31,853 INFO: Front pivot angle set to 280 degrees (ticks: 280)
2024-10-30 14:28:31,854 INFO: Rear pivot angle set to 145 degrees (ticks: 145)
2024-10-30 14:28:32,113 INFO: Running set_position_group for group 'Pivot_Group' with positions: {7: 280, 8: 140}
2024-10-30 14:28:32,117 INFO: Front pivot angle set to 280 degrees (ticks: 280)
2024-10-30 14:28:32,118 INFO: Rear pivot angle set to 140 degrees (ticks: 140)
2024-10-30 14:28:32,378 INFO: Running set_position_group for group 'Pivot_Group' with positions: {7: 280, 8: 135}
2024-10-30 14:28:32,382 INFO: Front pivot angle set to 280 degrees (ticks: 280)
2024-10-30 14:28:32,383 INFO: Rear pivot angle set to 135 degrees (ticks: 135)
2024-10-30 14:28:32,646 INFO: Running set_position_group for group 'Pivot_Group' with positions: {7: 280, 8: 130}
2024-10-30 14:28:32,649 INFO: Front pivot angle set to 280 degrees (ticks: 280)
2024-10-30 14:28:32,650 INFO: Rear pivot angle set to 130 degrees (ticks: 130)
2024-10-30 14:28:32,910 INFO: Running set_position_group for group 'Pivot_Group' with positions: {7: 280, 8: 125}
2024-10-30 14:28:32,914 INFO: Front pivot angle set to 280 degrees (ticks: 280)
2024-10-30 14:28:32,914 INFO: Rear pivot angle set to 125 degrees (ticks: 125)
2024-10-30 14:28:33,175 INFO: Running set_position_group for group 'Pivot_Group' with positions: {7: 280, 8: 120}
2024-10-30 14:28:33,179 INFO: Front pivot angle set to 280 degrees (ticks: 280)
2024-10-30 14:28:33,180 INFO: Rear pivot angle set to 120 degrees (ticks: 120)
2024-10-30 14:28:33,439 INFO: Running set_position_group for group 'Pivot_Group' with positions: {7: 280, 8: 115}
2024-10-30 14:28:33,443 INFO: Front pivot angle set to 280 degrees (ticks: 280)
2024-10-30 14:28:33,443 INFO: Rear pivot angle set to 115 degrees (ticks: 115)
2024-10-30 14:28:33,704 INFO: Running set_position_group for group 'Pivot_Group' with positions: {7: 280, 8: 110}
2024-10-30 14:28:33,708 INFO: Front pivot angle set to 280 degrees (ticks: 280)
2024-10-30 14:28:33,708 INFO: Rear pivot angle set to 110 degrees (ticks: 110)
2024-10-30 14:28:33,970 INFO: Running set_position_group for group 'Pivot_Group' with positions: {7: 280, 8: 105}
2024-10-30 14:28:33,973 INFO: Front pivot angle set to 280 degrees (ticks: 280)
2024-10-30 14:28:33,974 INFO: Rear pivot angle set to 105 degrees (ticks: 105)
2024-10-30 14:28:34,058 ERROR: Hardware error detected on motor 8: Error code 32
2024-10-30 14:28:34,058 ERROR: Motor 8: Overload Error detected.
2024-10-30 14:28:34,059 WARNING: Hardware error detected on motor 8. Rebooting motor and resetting gait...
2024-10-30 14:28:34,060 INFO: Motor 8 successfully rebooted.
2024-10-30 14:28:34,061 INFO: Motor 8 rebooted successfully.
2024-10-30 14:28:34,061 INFO: Initialising Gait 1
2024-10-30 14:28:34,062 INFO: Reboot requested, resetting torque all motors
2024-10-30 14:28:34,136 ERROR: Bulk read failed with error: [TxRxResult] There is no status packet!
2024-10-30 14:28:34,172 ERROR: Bulk read failed with error: [TxRxResult] There is no status packet!
2024-10-30 14:28:34,187 ERROR: Error retrieving motor data: 'NoneType' object has no attribute 'keys'
2024-10-30 14:28:34,225 INFO: Running set_position_group for group 'Pivot_Group' with positions: {7: 280, 8: 100}
2024-10-30 14:28:34,229 INFO: Front pivot angle set to 280 degrees (ticks: 280)
2024-10-30 14:28:34,229 INFO: Rear pivot angle set to 100 degrees (ticks: 100)
2024-10-30 14:28:34,480 INFO: Running set_position_group for group 'Pivot_Group' with positions: {7: 280, 8: 95}
2024-10-30 14:28:34,484 INFO: Front pivot angle set to 280 degrees (ticks: 280)
2024-10-30 14:28:34,484 INFO: Rear pivot angle set to 95 degrees (ticks: 95)
2024-10-30 14:28:34,563 INFO: Enabling torque for group All_Motors
2024-10-30 14:28:34,564 INFO: Setting the profile velocity for group All_Motors from config.yaml: 8
2024-10-30 14:28:34,564 INFO: Profile velocities set for group All_Motors: {1: 34.96, 2: 34.96, 3: 34.96, 4: 34.96, 5: 34.96, 6: 34.96, 7: 34.96, 8: 34.96}
2024-10-30 14:28:34,565 INFO: Running set_position_group for group 'Wheg_Group' with positions: 180
2024-10-30 14:28:34,570 WARNING: Motor 1 is not in Position Control Mode. Setting mode now.
2024-10-30 14:28:34,571 INFO: Setting operating mode 'position' for group 'Wheg_Group'
2024-10-30 14:28:34,571 INFO: Disabling torque for group Wheg_Group
2024-10-30 14:28:34,572 INFO: Enabling torque for group Wheg_Group
2024-10-30 14:28:34,573 INFO: Setting the profile velocity for group Wheg_Group from config.yaml: 10
2024-10-30 14:28:34,573 INFO: Profile velocities set for group Wheg_Group: {1: 43.7, 2: 43.7, 3: 43.7, 4: 43.7, 5: 43.7, 6: 43.7}
2024-10-30 14:28:34,574 INFO: Setting the profile velocity for group Wheg_Group from config.yaml: 10
2024-10-30 14:28:34,574 INFO: Profile velocities set for group Wheg_Group: {1: 43.7, 2: 43.7, 3: 43.7, 4: 43.7, 5: 43.7, 6: 43.7}
2024-10-30 14:28:34,575 INFO: Running set_position_group for group 'Pivot_Group' with positions: 180
2024-10-30 14:28:34,578 INFO: Initialised Gait 1, waiting for 3 seconds
2024-10-30 14:28:34,735 INFO: Running set_position_group for group 'Pivot_Group' with positions: {7: 180, 8: 175}
2024-10-30 14:28:34,739 INFO: Front pivot angle set to 180 degrees (ticks: 180)
2024-10-30 14:28:34,739 INFO: Rear pivot angle set to 175 degrees (ticks: 175)
2024-10-30 14:28:34,990 INFO: Running set_position_group for group 'Pivot_Group' with positions: {7: 180, 8: 170}
2024-10-30 14:28:34,994 INFO: Front pivot angle set to 180 degrees (ticks: 180)
2024-10-30 14:28:34,995 INFO: Rear pivot angle set to 170 degrees (ticks: 170)
2024-10-30 14:28:35,253 INFO: Running set_position_group for group 'Pivot_Group' with positions: {7: 180, 8: 165}
2024-10-30 14:28:35,258 INFO: Front pivot angle set to 180 degrees (ticks: 180)
2024-10-30 14:28:35,259 INFO: Rear pivot angle set to 165 degrees (ticks: 165)
2024-10-30 14:28:35,519 INFO: Running set_position_group for group 'Pivot_Group' with positions: {7: 180, 8: 160}
2024-10-30 14:28:35,524 INFO: Front pivot angle set to 180 degrees (ticks: 180)
2024-10-30 14:28:35,526 INFO: Rear pivot angle set to 160 degrees (ticks: 160)
2024-10-30 14:28:35,783 INFO: Running set_position_group for group 'Pivot_Group' with positions: {7: 180, 8: 155}
2024-10-30 14:28:35,789 INFO: Front pivot angle set to 180 degrees (ticks: 180)
2024-10-30 14:28:35,790 INFO: Rear pivot angle set to 155 degrees (ticks: 155)
2024-10-30 14:28:36,048 INFO: Running set_position_group for group 'Pivot_Group' with positions: {7: 180, 8: 150}
2024-10-30 14:28:36,053 INFO: Front pivot angle set to 180 degrees (ticks: 180)
2024-10-30 14:28:36,055 INFO: Rear pivot angle set to 150 degrees (ticks: 150)
2024-10-30 14:28:36,314 INFO: Running set_position_group for group 'Pivot_Group' with positions: {7: 180, 8: 145}
2024-10-30 14:28:36,319 INFO: Front pivot angle set to 180 degrees (ticks: 180)
2024-10-30 14:28:36,320 INFO: Rear pivot angle set to 145 degrees (ticks: 145)
2024-10-30 14:28:36,846 INFO: Running set_position_group for group 'Pivot_Group' with positions: {7: 180, 8: 140}
2024-10-30 14:28:36,851 INFO: Front pivot angle set to 180 degrees (ticks: 180)
2024-10-30 14:28:36,852 INFO: Rear pivot angle set to 140 degrees (ticks: 140)
2024-10-30 14:28:37,113 INFO: Running set_position_group for group 'Pivot_Group' with positions: {7: 180, 8: 135}
2024-10-30 14:28:37,117 INFO: Front pivot angle set to 180 degrees (ticks: 180)
2024-10-30 14:28:37,118 INFO: Rear pivot angle set to 135 degrees (ticks: 135)
2024-10-30 14:28:37,378 INFO: Running set_position_group for group 'Pivot_Group' with positions: {7: 180, 8: 130}
2024-10-30 14:28:37,384 INFO: Front pivot angle set to 180 degrees (ticks: 180)
2024-10-30 14:28:37,385 INFO: Rear pivot angle set to 130 degrees (ticks: 130)
2024-10-30 14:28:37,579 INFO: Setting operating mode 'multi_turn' for group 'Wheg_Group'
2024-10-30 14:28:37,580 INFO: Disabling torque for group Wheg_Group
2024-10-30 14:28:37,581 INFO: Enabling torque for group Wheg_Group
2024-10-30 14:28:37,582 INFO: Setting the profile velocity for group Wheg_Group from config.yaml: 10
2024-10-30 14:28:37,582 INFO: Profile velocities set for group Wheg_Group: {1: 43.7, 2: 43.7, 3: 43.7, 4: 43.7, 5: 43.7, 6: 43.7}
2024-10-30 14:28:37,583 INFO: Setting the profile velocity for group Wheg_Group from config.yaml: 10
2024-10-30 14:28:37,584 INFO: Profile velocities set for group Wheg_Group: {1: 43.7, 2: 43.7, 3: 43.7, 4: 43.7, 5: 43.7, 6: 43.7}
2024-10-30 14:28:37,584 INFO: New gait 1 is now active.
2024-10-30 14:28:37,650 INFO: Running set_position_group for group 'Pivot_Group' with positions: {7: 180, 8: 125}
2024-10-30 14:28:37,654 INFO: Front pivot angle set to 180 degrees (ticks: 180)
2024-10-30 14:28:37,655 INFO: Rear pivot angle set to 125 degrees (ticks: 125)
2024-10-30 14:28:37,917 INFO: Running set_position_group for group 'Pivot_Group' with positions: {7: 180, 8: 120}
2024-10-30 14:28:37,920 INFO: Front pivot angle set to 180 degrees (ticks: 180)
2024-10-30 14:28:37,920 INFO: Rear pivot angle set to 120 degrees (ticks: 120)
2024-10-30 14:28:38,182 INFO: Running set_position_group for group 'Pivot_Group' with positions: {7: 180, 8: 115}
2024-10-30 14:28:38,185 INFO: Front pivot angle set to 180 degrees (ticks: 180)
2024-10-30 14:28:38,185 INFO: Rear pivot angle set to 115 degrees (ticks: 115)
2024-10-30 14:28:38,448 INFO: Running set_position_group for group 'Pivot_Group' with positions: {7: 180, 8: 110}
2024-10-30 14:28:38,452 INFO: Front pivot angle set to 180 degrees (ticks: 180)
2024-10-30 14:28:38,453 INFO: Rear pivot angle set to 110 degrees (ticks: 110)
2024-10-30 14:28:38,714 INFO: Running set_position_group for group 'Pivot_Group' with positions: {7: 180, 8: 105}
2024-10-30 14:28:38,717 INFO: Front pivot angle set to 180 degrees (ticks: 180)
2024-10-30 14:28:38,718 INFO: Rear pivot angle set to 105 degrees (ticks: 105)
2024-10-30 14:28:38,980 INFO: Running set_position_group for group 'Pivot_Group' with positions: {7: 180, 8: 100}
2024-10-30 14:28:38,984 INFO: Front pivot angle set to 180 degrees (ticks: 180)
2024-10-30 14:28:38,984 INFO: Rear pivot angle set to 100 degrees (ticks: 100)
2024-10-30 14:28:39,247 INFO: Running set_position_group for group 'Pivot_Group' with positions: {7: 180, 8: 95}
2024-10-30 14:28:39,251 INFO: Front pivot angle set to 180 degrees (ticks: 180)
2024-10-30 14:28:39,251 INFO: Rear pivot angle set to 95 degrees (ticks: 95)
2024-10-30 14:28:39,514 INFO: Running set_position_group for group 'Pivot_Group' with positions: {7: 180, 8: 90}
2024-10-30 14:28:39,518 INFO: Front pivot angle set to 180 degrees (ticks: 180)
2024-10-30 14:28:39,518 INFO: Rear pivot angle set to 90 degrees (ticks: 90)
2024-10-30 14:28:39,780 INFO: Running set_position_group for group 'Pivot_Group' with positions: {7: 180, 8: 85}
2024-10-30 14:28:39,783 INFO: Front pivot angle set to 180 degrees (ticks: 180)
2024-10-30 14:28:39,784 INFO: Rear pivot angle set to 85 degrees (ticks: 85)
2024-10-30 14:28:40,045 INFO: Running set_position_group for group 'Pivot_Group' with positions: {7: 180, 8: 80}
2024-10-30 14:28:40,048 INFO: Front pivot angle set to 180 degrees (ticks: 180)
2024-10-30 14:28:40,049 INFO: Rear pivot angle set to 80 degrees (ticks: 80)
2024-10-30 14:28:40,312 INFO: Running set_position_group for group 'Pivot_Group' with positions: {7: 180, 8: 75}
2024-10-30 14:28:40,316 INFO: Front pivot angle set to 180 degrees (ticks: 180)
2024-10-30 14:28:40,316 INFO: Rear pivot angle set to 75 degrees (ticks: 75)
2024-10-30 14:28:42,794 ERROR: Hardware error detected on motor 8: Error code 32
2024-10-30 14:28:42,794 ERROR: Motor 8: Overload Error detected.
2024-10-30 14:28:42,795 WARNING: Hardware error detected on motor 8. Rebooting motor and resetting gait...
2024-10-30 14:28:42,797 INFO: Motor 8 successfully rebooted.
2024-10-30 14:28:42,798 INFO: Motor 8 rebooted successfully.
2024-10-30 14:28:42,798 INFO: Initialising Gait 1
2024-10-30 14:28:42,799 INFO: Reboot requested, resetting torque all motors
2024-10-30 14:28:42,873 ERROR: Bulk read failed with error: [TxRxResult] There is no status packet!
2024-10-30 14:28:42,909 ERROR: Bulk read failed with error: [TxRxResult] There is no status packet!
2024-10-30 14:28:42,924 ERROR: Error retrieving motor data: 'NoneType' object has no attribute 'keys'
2024-10-30 14:28:43,300 INFO: Enabling torque for group All_Motors
2024-10-30 14:28:43,301 INFO: Setting the profile velocity for group All_Motors from config.yaml: 8
2024-10-30 14:28:43,302 INFO: Profile velocities set for group All_Motors: {1: 34.96, 2: 34.96, 3: 34.96, 4: 34.96, 5: 34.96, 6: 34.96, 7: 34.96, 8: 34.96}
2024-10-30 14:28:43,302 INFO: Running set_position_group for group 'Wheg_Group' with positions: 180
2024-10-30 14:28:43,308 WARNING: Motor 1 is not in Position Control Mode. Setting mode now.
2024-10-30 14:28:43,308 INFO: Setting operating mode 'position' for group 'Wheg_Group'
2024-10-30 14:28:43,308 INFO: Disabling torque for group Wheg_Group
2024-10-30 14:28:43,309 INFO: Enabling torque for group Wheg_Group
2024-10-30 14:28:43,310 INFO: Setting the profile velocity for group Wheg_Group from config.yaml: 10
2024-10-30 14:28:43,311 INFO: Profile velocities set for group Wheg_Group: {1: 43.7, 2: 43.7, 3: 43.7, 4: 43.7, 5: 43.7, 6: 43.7}
2024-10-30 14:28:43,311 INFO: Setting the profile velocity for group Wheg_Group from config.yaml: 10
2024-10-30 14:28:43,312 INFO: Profile velocities set for group Wheg_Group: {1: 43.7, 2: 43.7, 3: 43.7, 4: 43.7, 5: 43.7, 6: 43.7}
2024-10-30 14:28:43,313 INFO: Running set_position_group for group 'Pivot_Group' with positions: 180
2024-10-30 14:28:43,316 INFO: Initialised Gait 1, waiting for 3 seconds
2024-10-30 14:28:45,400 INFO: Triangle pressed. Preparing to change to next gait: 2
2024-10-30 14:28:45,576 INFO: Triangle pressed. Preparing to change to next gait: 2
2024-10-30 14:28:46,317 INFO: Setting operating mode 'multi_turn' for group 'Wheg_Group'
2024-10-30 14:28:46,318 INFO: Disabling torque for group Wheg_Group
2024-10-30 14:28:46,319 INFO: Enabling torque for group Wheg_Group
2024-10-30 14:28:46,320 INFO: Setting the profile velocity for group Wheg_Group from config.yaml: 10
2024-10-30 14:28:46,321 INFO: Profile velocities set for group Wheg_Group: {1: 43.7, 2: 43.7, 3: 43.7, 4: 43.7, 5: 43.7, 6: 43.7}
2024-10-30 14:28:46,321 INFO: Setting the profile velocity for group Wheg_Group from config.yaml: 10
2024-10-30 14:28:46,322 INFO: Profile velocities set for group Wheg_Group: {1: 43.7, 2: 43.7, 3: 43.7, 4: 43.7, 5: 43.7, 6: 43.7}
2024-10-30 14:28:46,322 INFO: New gait 2 is now active.
2024-10-30 14:28:47,191 INFO: Initiating safe shutdown...
2024-10-30 14:28:47,191 INFO: Setting operating mode 'velocity' for group 'All_Motors'
2024-10-30 14:28:47,192 INFO: Disabling torque for group All_Motors
2024-10-30 14:28:47,193 INFO: Enabling torque for group All_Motors
2024-10-30 14:28:47,193 INFO: Setting the profile velocity for group All_Motors from config.yaml: 8
2024-10-30 14:28:47,194 INFO: Profile velocities set for group All_Motors: {1: 34.96, 2: 34.96, 3: 34.96, 4: 34.96, 5: 34.96, 6: 34.96, 7: 34.96, 8: 34.96}
2024-10-30 14:28:47,194 WARNING: Velocity limit 200 exceeds hard limit 100. Limiting to 100.
2024-10-30 14:28:47,196 INFO: Velocity limit set to 100 for group All_Motors
2024-10-30 14:28:47,196 INFO: Enabling torque for group All_Motors
2024-10-30 14:28:47,197 INFO: Setting the profile velocity for group All_Motors from config.yaml: 8
2024-10-30 14:28:47,198 INFO: Profile velocities set for group All_Motors: {1: 34.96, 2: 34.96, 3: 34.96, 4: 34.96, 5: 34.96, 6: 34.96, 7: 34.96, 8: 34.96}
2024-10-30 14:28:47,198 INFO: Target velocities set for group All_Motors: {1: 0, 2: 0, 3: 0, 4: 0, 5: 0, 6: 0, 7: 0, 8: 0}
2024-10-30 14:28:47,199 INFO: Running set_position_group for group 'All_Motors' with positions: 180
2024-10-30 14:28:47,206 WARNING: Motor 1 is not in Position Control Mode. Setting mode now.
2024-10-30 14:28:47,207 INFO: Setting operating mode 'position' for group 'All_Motors'
2024-10-30 14:28:47,207 INFO: Disabling torque for group All_Motors
2024-10-30 14:28:47,208 INFO: Enabling torque for group All_Motors
2024-10-30 14:28:47,209 INFO: Setting the profile velocity for group All_Motors from config.yaml: 8
2024-10-30 14:28:47,210 INFO: Profile velocities set for group All_Motors: {1: 34.96, 2: 34.96, 3: 34.96, 4: 34.96, 5: 34.96, 6: 34.96, 7: 34.96, 8: 34.96}
2024-10-30 14:28:47,210 INFO: Setting the profile velocity for group All_Motors from config.yaml: 8
2024-10-30 14:28:47,211 INFO: Profile velocities set for group All_Motors: {1: 34.96, 2: 34.96, 3: 34.96, 4: 34.96, 5: 34.96, 6: 34.96, 7: 34.96, 8: 34.96}
2024-10-30 14:28:47,212 INFO: Closing PS4Controller and quitting pygame
2024-10-30 14:28:47,321 INFO: Port closed successfully.
2024-10-30 14:28:47,322 INFO: Shutdown complete.
