2024-10-29 11:56:49,714 INFO: Initializing PS4Controller
2024-10-29 11:56:49,985 INFO: Configuration loaded successfully
2024-10-29 11:56:49,987 INFO: Port /dev/ttyACM0 opened successfully
2024-10-29 11:56:49,997 INFO: Baudrate set to 1000000
2024-10-29 11:56:49,998 INFO: Control table loaded successfully.
2024-10-29 11:56:49,999 INFO: Motor group 'Pivot_Group' created with motors: [7, 8]
2024-10-29 11:56:49,999 INFO: Motor group 'Wheg_Group' created with motors: [1, 2, 3, 4, 5, 6]
2024-10-29 11:56:50,000 INFO: Motor group 'All_Motors' created with motors: [1, 2, 3, 4, 5, 6, 7, 8]
2024-10-29 11:56:50,000 INFO: Motor group 'Left_Whegs' created with motors: [1, 2, 3]
2024-10-29 11:56:50,000 INFO: Motor group 'Right_Whegs' created with motors: [4, 5, 6]
2024-10-29 11:56:50,001 INFO: Motor group 'Front_Whegs' created with motors: [3, 6]
2024-10-29 11:56:50,001 INFO: Motor group 'Rear_Whegs' created with motors: [1, 4]
2024-10-29 11:56:50,001 INFO: Motor group 'Middle_Whegs' created with motors: [2, 5]
2024-10-29 11:56:50,002 INFO: Motor group 'Two_Right_One_Left' created with motors: [2, 4, 6]
2024-10-29 11:56:50,002 INFO: Motor group 'Two_Left_One_Right' created with motors: [5, 1, 3]
2024-10-29 11:56:50,002 INFO: Initialised PS4 controller, Dynamixel, and Robot State
2024-10-29 11:56:50,162 INFO: Disabling torque for group Right_Whegs
2024-10-29 11:56:50,164 INFO: Drive mode set for group Right_Whegs with reverse_direction=True
2024-10-29 11:56:50,165 INFO: Enabling torque for group Right_Whegs
2024-10-29 11:56:50,167 INFO: Setting the profile velocity for group Right_Whegs from config.yaml: None
2024-10-29 11:56:50,168 ERROR: Profile velocity for group Right_Whegs not found in config.yaml and no value was provided.
2024-10-29 11:56:50,172 INFO: Profile velocities set for group Right_Whegs: {4: 21.85, 5: 21.85, 6: 21.85}
2024-10-29 11:56:50,173 INFO: Disabling torque for group Left_Whegs
2024-10-29 11:56:50,175 INFO: Drive mode set for group Left_Whegs with reverse_direction=False
2024-10-29 11:56:50,175 INFO: Enabling torque for group Left_Whegs
2024-10-29 11:56:50,176 INFO: Setting the profile velocity for group Left_Whegs from config.yaml: None
2024-10-29 11:56:50,177 ERROR: Profile velocity for group Left_Whegs not found in config.yaml and no value was provided.
2024-10-29 11:56:50,177 INFO: Profile velocities set for group Left_Whegs: {1: 21.85, 2: 21.85, 3: 21.85}
2024-10-29 11:56:50,178 INFO: Set the right side whegs to reverse direction
2024-10-29 11:56:50,178 INFO: Disabling torque for group Pivot_Group
2024-10-29 11:56:50,179 INFO: Drive mode set for group Pivot_Group with reverse_direction=False
2024-10-29 11:56:50,179 INFO: Enabling torque for group Pivot_Group
2024-10-29 11:56:50,179 INFO: Setting the profile velocity for group Pivot_Group from config.yaml: 4
2024-10-29 11:56:50,180 INFO: Profile velocities set for group Pivot_Group: {7: 17.48, 8: 17.48}
2024-10-29 11:56:50,181 INFO: Position limits set for group Pivot_Group: min=45° (ticks=511), max=315° (ticks=3583)
2024-10-29 11:56:50,181 INFO: Set position limits for the pivot motors
2024-10-29 11:56:50,190 INFO: Initialising Gait 1
2024-10-29 11:56:50,191 INFO: Running set_position_group for group 'Wheg_Group' with positions: 180
2024-10-29 11:56:50,196 INFO: Running set_position_group for group 'Pivot_Group' with positions: 180
2024-10-29 11:56:50,200 INFO: Initialised Gait 1, waiting for 3 seconds
2024-10-29 11:56:50,200 ERROR: Error controlling pivots: 'dpad_down'
2024-10-29 11:56:52,946 INFO: R3 pressed. Turning mode requested
2024-10-29 11:56:53,211 INFO: Setting operating mode 'multi_turn' for group 'Wheg_Group'
2024-10-29 11:56:53,212 INFO: Disabling torque for group Wheg_Group
2024-10-29 11:56:53,215 INFO: Enabling torque for group Wheg_Group
2024-10-29 11:56:53,218 INFO: Setting the profile velocity for group Wheg_Group from config.yaml: 10
2024-10-29 11:56:53,219 INFO: Profile velocities set for group Wheg_Group: {1: 43.7, 2: 43.7, 3: 43.7, 4: 43.7, 5: 43.7, 6: 43.7}
2024-10-29 11:56:53,220 INFO: Setting the profile velocity for group Wheg_Group from config.yaml: 10
2024-10-29 11:56:53,221 INFO: Profile velocities set for group Wheg_Group: {1: 43.7, 2: 43.7, 3: 43.7, 4: 43.7, 5: 43.7, 6: 43.7}
2024-10-29 11:56:53,222 INFO: New gait 1 is now active.
2024-10-29 11:56:53,222 INFO: Initialising Turn Mode
2024-10-29 11:56:53,222 INFO: Running set_position_group for group 'Wheg_Group' with positions: {1: 165, 2: 195, 3: 165, 4: 195, 5: 165, 6: 195}
2024-10-29 11:56:53,228 WARNING: Motor 1 is not in Position Control Mode. Setting mode now.
2024-10-29 11:56:53,228 INFO: Setting operating mode 'position' for group 'Wheg_Group'
2024-10-29 11:56:53,228 INFO: Disabling torque for group Wheg_Group
2024-10-29 11:56:53,229 INFO: Enabling torque for group Wheg_Group
2024-10-29 11:56:53,230 INFO: Setting the profile velocity for group Wheg_Group from config.yaml: 10
2024-10-29 11:56:53,231 INFO: Profile velocities set for group Wheg_Group: {1: 43.7, 2: 43.7, 3: 43.7, 4: 43.7, 5: 43.7, 6: 43.7}
2024-10-29 11:56:53,231 INFO: Setting the profile velocity for group Wheg_Group from config.yaml: 10
2024-10-29 11:56:53,232 INFO: Profile velocities set for group Wheg_Group: {1: 43.7, 2: 43.7, 3: 43.7, 4: 43.7, 5: 43.7, 6: 43.7}
2024-10-29 11:56:53,233 INFO: Running set_position_group for group 'Pivot_Group' with positions: 180
2024-10-29 11:56:53,236 INFO: Initialised turn mode, waiting for 3 seconds
2024-10-29 11:56:56,250 INFO: Setting operating mode 'multi_turn' for group 'Wheg_Group'
2024-10-29 11:56:56,252 INFO: Disabling torque for group Wheg_Group
2024-10-29 11:56:56,258 INFO: Enabling torque for group Wheg_Group
2024-10-29 11:56:56,259 INFO: Setting the profile velocity for group Wheg_Group from config.yaml: 10
2024-10-29 11:56:56,261 INFO: Profile velocities set for group Wheg_Group: {1: 43.7, 2: 43.7, 3: 43.7, 4: 43.7, 5: 43.7, 6: 43.7}
2024-10-29 11:56:56,261 INFO: Setting the profile velocity for group Wheg_Group from config.yaml: 10
2024-10-29 11:56:56,263 INFO: Profile velocities set for group Wheg_Group: {1: 43.7, 2: 43.7, 3: 43.7, 4: 43.7, 5: 43.7, 6: 43.7}
2024-10-29 11:56:56,263 INFO: Turn mode activated.
2024-10-29 11:56:56,287 WARNING: Direction of whegs is not set correctly. Setting the direction to turn right.
2024-10-29 11:56:56,288 INFO: Disabling torque for group Wheg_Group
2024-10-29 11:56:56,289 INFO: Drive mode set for group Wheg_Group with reverse_direction={1: True, 2: True, 3: True, 4: False, 5: False, 6: False}
2024-10-29 11:56:56,290 INFO: Enabling torque for group Wheg_Group
2024-10-29 11:56:56,291 INFO: Setting the profile velocity for group Wheg_Group from config.yaml: 10
2024-10-29 11:56:56,292 INFO: Profile velocities set for group Wheg_Group: {1: 43.7, 2: 43.7, 3: 43.7, 4: 43.7, 5: 43.7, 6: 43.7}
2024-10-29 11:56:56,293 WARNING: Direction of whegs set to turn left
2024-10-29 11:56:56,806 WARNING: Direction of whegs is not set correctly. Setting the direction to turn right.
2024-10-29 11:56:56,807 INFO: Disabling torque for group Wheg_Group
2024-10-29 11:56:56,808 INFO: Drive mode set for group Wheg_Group with reverse_direction={1: True, 2: True, 3: True, 4: False, 5: False, 6: False}
2024-10-29 11:56:56,808 INFO: Enabling torque for group Wheg_Group
2024-10-29 11:56:56,809 INFO: Setting the profile velocity for group Wheg_Group from config.yaml: 10
2024-10-29 11:56:56,810 INFO: Profile velocities set for group Wheg_Group: {1: 43.7, 2: 43.7, 3: 43.7, 4: 43.7, 5: 43.7, 6: 43.7}
2024-10-29 11:56:56,810 WARNING: Direction of whegs set to turn left
2024-10-29 11:56:57,316 WARNING: Motors are not in the correct positions for Gait 4. Positions: {1: 195.205078125, 2: 165.9375, 3: 195.1171875, 4: 165.9375, 5: 195.205078125, 6: 165.234375}
2024-10-29 11:56:57,317 WARNING: Waiting for 1 second before checking for movement
2024-10-29 11:56:57,423 CRITICAL: Motors are not moving, reseting positions, and waiting for 3 seconds.
2024-10-29 11:56:57,424 INFO: Running set_position_group for group 'Wheg_Group' with positions: {1: 165, 2: 195, 3: 165, 4: 195, 5: 165, 6: 195}
2024-10-29 11:56:57,429 WARNING: Motor 1 is not in Position Control Mode. Setting mode now.
2024-10-29 11:56:57,430 INFO: Setting operating mode 'position' for group 'Wheg_Group'
2024-10-29 11:56:57,430 INFO: Disabling torque for group Wheg_Group
2024-10-29 11:56:57,431 INFO: Enabling torque for group Wheg_Group
2024-10-29 11:56:57,432 INFO: Setting the profile velocity for group Wheg_Group from config.yaml: 10
2024-10-29 11:56:57,432 INFO: Profile velocities set for group Wheg_Group: {1: 43.7, 2: 43.7, 3: 43.7, 4: 43.7, 5: 43.7, 6: 43.7}
2024-10-29 11:56:57,433 INFO: Setting the profile velocity for group Wheg_Group from config.yaml: 10
2024-10-29 11:56:57,434 INFO: Profile velocities set for group Wheg_Group: {1: 43.7, 2: 43.7, 3: 43.7, 4: 43.7, 5: 43.7, 6: 43.7}
2024-10-29 11:57:00,436 INFO: Setting operating mode 'multi_turn' for group 'Wheg_Group'
2024-10-29 11:57:00,437 INFO: Disabling torque for group Wheg_Group
2024-10-29 11:57:00,439 INFO: Enabling torque for group Wheg_Group
2024-10-29 11:57:00,441 INFO: Setting the profile velocity for group Wheg_Group from config.yaml: 10
2024-10-29 11:57:00,442 INFO: Profile velocities set for group Wheg_Group: {1: 43.7, 2: 43.7, 3: 43.7, 4: 43.7, 5: 43.7, 6: 43.7}
2024-10-29 11:57:00,442 INFO: Setting the profile velocity for group Wheg_Group from config.yaml: 10
2024-10-29 11:57:00,443 INFO: Profile velocities set for group Wheg_Group: {1: 43.7, 2: 43.7, 3: 43.7, 4: 43.7, 5: 43.7, 6: 43.7}
2024-10-29 11:57:00,444 INFO: Profile velocities set for group Wheg_Group: {1: 8.037316589355468, 2: 88.41048248291015, 3: 8.037316589355468, 4: 88.41048248291015, 5: 8.037316589355468, 6: 88.41048248291015}
2024-10-29 11:57:00,444 INFO: Incrementing motor positions by {1: 30, 2: 330, 3: 30, 4: 330, 5: 30, 6: 330} degrees for group 'Wheg_Group'
2024-10-29 11:57:00,455 INFO: Gait 4 step executed at 1.84RPM, wait for 2.74 seconds
2024-10-29 11:57:03,222 WARNING: Direction of whegs is not set correctly. Setting the direction to turn right.
2024-10-29 11:57:03,223 INFO: Disabling torque for group Wheg_Group
2024-10-29 11:57:03,224 INFO: Drive mode set for group Wheg_Group with reverse_direction={1: False, 2: False, 3: False, 4: True, 5: True, 6: True}
2024-10-29 11:57:03,225 INFO: Enabling torque for group Wheg_Group
2024-10-29 11:57:03,226 INFO: Setting the profile velocity for group Wheg_Group from config.yaml: 10
2024-10-29 11:57:03,227 INFO: Profile velocities set for group Wheg_Group: {1: 43.7, 2: 43.7, 3: 43.7, 4: 43.7, 5: 43.7, 6: 43.7}
2024-10-29 11:57:03,228 WARNING: Direction of whegs set to turn right
2024-10-29 11:57:03,763 WARNING: Direction of whegs is not set correctly. Setting the direction to turn right.
2024-10-29 11:57:03,763 INFO: Disabling torque for group Wheg_Group
2024-10-29 11:57:03,764 INFO: Drive mode set for group Wheg_Group with reverse_direction={1: False, 2: False, 3: False, 4: True, 5: True, 6: True}
2024-10-29 11:57:03,765 INFO: Enabling torque for group Wheg_Group
2024-10-29 11:57:03,767 INFO: Setting the profile velocity for group Wheg_Group from config.yaml: 10
2024-10-29 11:57:03,768 INFO: Profile velocities set for group Wheg_Group: {1: 43.7, 2: 43.7, 3: 43.7, 4: 43.7, 5: 43.7, 6: 43.7}
2024-10-29 11:57:03,768 WARNING: Direction of whegs set to turn right
2024-10-29 11:57:04,298 WARNING: Direction of whegs is not set correctly. Setting the direction to turn right.
2024-10-29 11:57:04,299 INFO: Disabling torque for group Wheg_Group
2024-10-29 11:57:04,300 INFO: Drive mode set for group Wheg_Group with reverse_direction={1: False, 2: False, 3: False, 4: True, 5: True, 6: True}
2024-10-29 11:57:04,300 INFO: Enabling torque for group Wheg_Group
2024-10-29 11:57:04,301 INFO: Setting the profile velocity for group Wheg_Group from config.yaml: 10
2024-10-29 11:57:04,302 INFO: Profile velocities set for group Wheg_Group: {1: 43.7, 2: 43.7, 3: 43.7, 4: 43.7, 5: 43.7, 6: 43.7}
2024-10-29 11:57:04,303 WARNING: Direction of whegs set to turn right
2024-10-29 11:57:04,833 WARNING: Direction of whegs is not set correctly. Setting the direction to turn right.
2024-10-29 11:57:04,834 INFO: Disabling torque for group Wheg_Group
2024-10-29 11:57:04,837 INFO: Drive mode set for group Wheg_Group with reverse_direction={1: False, 2: False, 3: False, 4: True, 5: True, 6: True}
2024-10-29 11:57:04,838 INFO: Enabling torque for group Wheg_Group
2024-10-29 11:57:04,839 INFO: Setting the profile velocity for group Wheg_Group from config.yaml: 10
2024-10-29 11:57:04,839 INFO: Profile velocities set for group Wheg_Group: {1: 43.7, 2: 43.7, 3: 43.7, 4: 43.7, 5: 43.7, 6: 43.7}
2024-10-29 11:57:04,840 WARNING: Direction of whegs set to turn right
2024-10-29 11:57:05,370 WARNING: Direction of whegs is not set correctly. Setting the direction to turn right.
2024-10-29 11:57:05,371 INFO: Disabling torque for group Wheg_Group
2024-10-29 11:57:05,372 INFO: Drive mode set for group Wheg_Group with reverse_direction={1: False, 2: False, 3: False, 4: True, 5: True, 6: True}
2024-10-29 11:57:05,373 INFO: Enabling torque for group Wheg_Group
2024-10-29 11:57:05,374 INFO: Setting the profile velocity for group Wheg_Group from config.yaml: 10
2024-10-29 11:57:05,375 INFO: Profile velocities set for group Wheg_Group: {1: 43.7, 2: 43.7, 3: 43.7, 4: 43.7, 5: 43.7, 6: 43.7}
2024-10-29 11:57:05,375 WARNING: Direction of whegs set to turn right
2024-10-29 11:57:05,706 INFO: Initiating safe shutdown...
2024-10-29 11:57:05,706 INFO: Setting operating mode 'velocity' for group 'All_Motors'
2024-10-29 11:57:05,707 INFO: Disabling torque for group All_Motors
2024-10-29 11:57:05,708 INFO: Enabling torque for group All_Motors
2024-10-29 11:57:05,708 INFO: Setting the profile velocity for group All_Motors from config.yaml: 8
2024-10-29 11:57:05,709 INFO: Profile velocities set for group All_Motors: {1: 34.96, 2: 34.96, 3: 34.96, 4: 34.96, 5: 34.96, 6: 34.96, 7: 34.96, 8: 34.96}
2024-10-29 11:57:05,710 WARNING: Velocity limit 200 exceeds hard limit 100. Limiting to 100.
2024-10-29 11:57:05,710 INFO: Velocity limit set to 100 for group All_Motors
2024-10-29 11:57:05,711 INFO: Enabling torque for group All_Motors
2024-10-29 11:57:05,712 INFO: Setting the profile velocity for group All_Motors from config.yaml: 8
2024-10-29 11:57:05,713 INFO: Profile velocities set for group All_Motors: {1: 34.96, 2: 34.96, 3: 34.96, 4: 34.96, 5: 34.96, 6: 34.96, 7: 34.96, 8: 34.96}
2024-10-29 11:57:05,714 INFO: Target velocities set for group All_Motors: {1: 0, 2: 0, 3: 0, 4: 0, 5: 0, 6: 0, 7: 0, 8: 0}
2024-10-29 11:57:05,714 INFO: Running set_position_group for group 'All_Motors' with positions: 180
2024-10-29 11:57:05,721 WARNING: Motor 1 is not in Position Control Mode. Setting mode now.
2024-10-29 11:57:05,722 INFO: Setting operating mode 'position' for group 'All_Motors'
2024-10-29 11:57:05,722 INFO: Disabling torque for group All_Motors
2024-10-29 11:57:05,723 INFO: Enabling torque for group All_Motors
2024-10-29 11:57:05,724 INFO: Setting the profile velocity for group All_Motors from config.yaml: 8
2024-10-29 11:57:05,725 INFO: Profile velocities set for group All_Motors: {1: 34.96, 2: 34.96, 3: 34.96, 4: 34.96, 5: 34.96, 6: 34.96, 7: 34.96, 8: 34.96}
2024-10-29 11:57:05,725 INFO: Setting the profile velocity for group All_Motors from config.yaml: 8
2024-10-29 11:57:05,725 INFO: Profile velocities set for group All_Motors: {1: 34.96, 2: 34.96, 3: 34.96, 4: 34.96, 5: 34.96, 6: 34.96, 7: 34.96, 8: 34.96}
2024-10-29 11:57:05,726 INFO: Closing PS4Controller and quitting pygame
2024-10-29 11:57:05,806 INFO: Port closed successfully.
2024-10-29 11:57:05,806 INFO: Shutdown complete.
