2024-10-28 20:54:36,456 INFO: Initializing PS4Controller
2024-10-28 20:54:36,736 INFO: Configuration loaded successfully
2024-10-28 20:54:36,739 INFO: Port /dev/ttyACM0 opened successfully
2024-10-28 20:54:36,749 INFO: Baudrate set to 1000000
2024-10-28 20:54:36,750 INFO: Control table loaded successfully.
2024-10-28 20:54:36,750 INFO: Motor group 'Pivot_Group' created with motors: [7, 8]
2024-10-28 20:54:36,751 INFO: Motor group 'Wheg_Group' created with motors: [1, 2, 3, 4, 5, 6]
2024-10-28 20:54:36,751 INFO: Motor group 'All_Motors' created with motors: [1, 2, 3, 4, 5, 6, 7, 8]
2024-10-28 20:54:36,752 INFO: Motor group 'Left_Whegs' created with motors: [1, 2, 3]
2024-10-28 20:54:36,752 INFO: Motor group 'Right_Whegs' created with motors: [4, 5, 6]
2024-10-28 20:54:36,753 INFO: Motor group 'Front_Whegs' created with motors: [3, 6]
2024-10-28 20:54:36,753 INFO: Motor group 'Rear_Whegs' created with motors: [1, 4]
2024-10-28 20:54:36,754 INFO: Motor group 'Middle_Whegs' created with motors: [2, 5]
2024-10-28 20:54:36,754 INFO: Motor group 'Two_Right_One_Left' created with motors: [2, 4, 6]
2024-10-28 20:54:36,755 INFO: Motor group 'Two_Left_One_Right' created with motors: [5, 1, 3]
2024-10-28 20:54:36,755 INFO: Initialised PS4 controller, Dynamixel, and Robot State
2024-10-28 20:54:36,913 INFO: Initialised Streamlit dashboard
2024-10-28 20:54:36,913 INFO: Disabling torque for group Right_Whegs
2024-10-28 20:54:36,916 INFO: Drive mode set for group Right_Whegs with reverse_direction=True
2024-10-28 20:54:36,919 INFO: Enabling torque for group Right_Whegs
2024-10-28 20:54:36,924 INFO: Motor 4 drive mode correctly set to reverse
2024-10-28 20:54:36,925 INFO: Motor 5 drive mode correctly set to reverse
2024-10-28 20:54:36,925 INFO: Motor 6 drive mode correctly set to reverse
2024-10-28 20:54:36,926 INFO: Disabling torque for group Left_Whegs
2024-10-28 20:54:36,927 INFO: Drive mode set for group Left_Whegs with reverse_direction=False
2024-10-28 20:54:36,927 INFO: Enabling torque for group Left_Whegs
2024-10-28 20:54:36,932 INFO: Motor 1 drive mode correctly set to normal
2024-10-28 20:54:36,932 INFO: Motor 2 drive mode correctly set to normal
2024-10-28 20:54:36,933 INFO: Motor 3 drive mode correctly set to normal
2024-10-28 20:54:36,933 INFO: Set the right side whegs to reverse direction
2024-10-28 20:54:36,934 INFO: Disabling torque for group Pivot_Group
2024-10-28 20:54:36,935 INFO: Drive mode set for group Pivot_Group with reverse_direction=False
2024-10-28 20:54:36,936 INFO: Enabling torque for group Pivot_Group
2024-10-28 20:54:36,940 INFO: Motor 7 drive mode correctly set to normal
2024-10-28 20:54:36,940 INFO: Motor 8 drive mode correctly set to normal
2024-10-28 20:54:36,941 INFO: Position limits set for group Pivot_Group: min=90째 (ticks=1023), max=270째 (ticks=3071)
2024-10-28 20:54:36,942 INFO: Set position limits for the pivot motors
2024-10-28 20:54:36,943 INFO: Initialising Gait 1
2024-10-28 20:54:36,944 INFO: Running set_position_group for group 'Wheg_Group' with positions: 180
2024-10-28 20:54:36,950 INFO: Running set_position_group for group 'Pivot_Group' with positions: 180
2024-10-28 20:54:36,953 INFO: Initialised Gait 1, waiting for 3 seconds
2024-10-28 20:54:37,014 INFO: Motor     Position (degrees)       Velocity (RPM)      Load (%)  
2024-10-28 20:54:37,014 INFO: 1         179.82                   0.00                1.1       
2024-10-28 20:54:37,015 INFO: 2         179.47                   0.23                1.1       
2024-10-28 20:54:37,015 INFO: 3         179.30                   0.23                1.2       
2024-10-28 20:54:37,016 INFO: 4         179.82                   0.00                1.2       
2024-10-28 20:54:37,016 INFO: 5         179.82                   0.23                1.0       
2024-10-28 20:54:37,017 INFO: 6         179.91                   0.23                0.3       
2024-10-28 20:54:37,017 INFO: 7         179.91                   0.00                0.0       
2024-10-28 20:54:37,017 INFO: 8         180.35                   0.00                -2.3      
2024-10-28 20:54:37,018 INFO: Updating dashboard
2024-10-28 20:54:37,033 INFO: Motor loads: {1: {'present_load': 11}, 2: {'present_load': 11}, 3: {'present_load': 12}, 4: {'present_load': 3}, 5: {'present_load': 7}, 6: {'present_load': 0}, 7: {'present_load': 0}, 8: {'present_load': 65513}}
2024-10-28 20:54:37,034 INFO: Motor ID LR_WHEG: load_percentage = 0
2024-10-28 20:54:37,035 INFO: Motor ID LM_WHEG: load_percentage = 0
2024-10-28 20:54:37,037 INFO: Motor ID LF_WHEG: load_percentage = 0
2024-10-28 20:54:37,038 INFO: Motor ID RR_WHEG: load_percentage = 0
2024-10-28 20:54:37,039 INFO: Motor ID RM_WHEG: load_percentage = 0
2024-10-28 20:54:37,040 INFO: Motor ID RF_WHEG: load_percentage = 0
2024-10-28 20:54:37,042 INFO: Motor ID FRONT_PIVOT: load_percentage = 0
2024-10-28 20:54:37,043 INFO: Motor ID REAR_PIVOT: load_percentage = 0
2024-10-28 20:54:38,491 INFO: Updating dashboard
2024-10-28 20:54:38,506 INFO: Motor loads: {1: {'present_load': 4}, 2: {'present_load': 11}, 3: {'present_load': 12}, 4: {'present_load': 12}, 5: {'present_load': 6}, 6: {'present_load': 0}, 7: {'present_load': 0}, 8: {'present_load': 65512}}
2024-10-28 20:54:38,507 INFO: Motor ID LR_WHEG: load_percentage = 0
2024-10-28 20:54:38,508 INFO: Motor ID LM_WHEG: load_percentage = 0
2024-10-28 20:54:38,509 INFO: Motor ID LF_WHEG: load_percentage = 0
2024-10-28 20:54:38,511 INFO: Motor ID RR_WHEG: load_percentage = 0
2024-10-28 20:54:38,513 INFO: Motor ID RM_WHEG: load_percentage = 0
2024-10-28 20:54:38,514 INFO: Motor ID RF_WHEG: load_percentage = 0
2024-10-28 20:54:38,515 INFO: Motor ID FRONT_PIVOT: load_percentage = 0
2024-10-28 20:54:38,517 INFO: Motor ID REAR_PIVOT: load_percentage = 0
2024-10-28 20:54:39,934 INFO: Updating dashboard
2024-10-28 20:54:39,950 INFO: Motor loads: {1: {'present_load': 0}, 2: {'present_load': 12}, 3: {'present_load': 12}, 4: {'present_load': 8}, 5: {'present_load': 1}, 6: {'present_load': 0}, 7: {'present_load': 0}, 8: {'present_load': 65512}}
2024-10-28 20:54:39,951 INFO: Motor ID LR_WHEG: load_percentage = 0
2024-10-28 20:54:39,951 INFO: Motor ID LM_WHEG: load_percentage = 0
2024-10-28 20:54:39,952 INFO: Motor ID LF_WHEG: load_percentage = 0
2024-10-28 20:54:39,954 INFO: Motor ID RR_WHEG: load_percentage = 0
2024-10-28 20:54:39,955 INFO: Motor ID RM_WHEG: load_percentage = 0
2024-10-28 20:54:39,957 INFO: Motor ID RF_WHEG: load_percentage = 0
2024-10-28 20:54:39,959 INFO: Motor ID FRONT_PIVOT: load_percentage = 0
2024-10-28 20:54:39,960 INFO: Motor ID REAR_PIVOT: load_percentage = 0
2024-10-28 20:54:41,239 INFO: Setting operating mode 'multi_turn' for group 'Wheg_Group'
2024-10-28 20:54:41,240 INFO: Disabling torque for group Wheg_Group
2024-10-28 20:54:41,241 INFO: Enabling torque for group Wheg_Group
2024-10-28 20:54:41,242 INFO: Setting the profile velocity for group Wheg_Group from config.yaml: 10
2024-10-28 20:54:41,243 INFO: Profile velocities set for group Wheg_Group: {1: 43.7, 2: 43.7, 3: 43.7, 4: 43.7, 5: 43.7, 6: 43.7}
2024-10-28 20:54:41,243 INFO: New gait 1 is now active.
2024-10-28 20:54:41,339 INFO: Updating dashboard
2024-10-28 20:54:41,354 INFO: Motor loads: {1: {'present_load': 2}, 2: {'present_load': 7}, 3: {'present_load': 11}, 4: {'present_load': 0}, 5: {'present_load': 8}, 6: {'present_load': 0}, 7: {'present_load': 0}, 8: {'present_load': 65511}}
2024-10-28 20:54:41,354 INFO: Motor ID LR_WHEG: load_percentage = 0
2024-10-28 20:54:41,356 INFO: Motor ID LM_WHEG: load_percentage = 0
2024-10-28 20:54:41,357 INFO: Motor ID LF_WHEG: load_percentage = 0
2024-10-28 20:54:41,359 INFO: Motor ID RR_WHEG: load_percentage = 0
2024-10-28 20:54:41,361 INFO: Motor ID RM_WHEG: load_percentage = 0
2024-10-28 20:54:41,361 INFO: Motor ID RF_WHEG: load_percentage = 0
2024-10-28 20:54:41,362 INFO: Motor ID FRONT_PIVOT: load_percentage = 0
2024-10-28 20:54:41,364 INFO: Motor ID REAR_PIVOT: load_percentage = 0
2024-10-28 20:54:42,690 INFO: Motor     Position (degrees)       Velocity (RPM)      Load (%)  
2024-10-28 20:54:42,691 INFO: 1         179.91                   0.23                0.9       
2024-10-28 20:54:42,691 INFO: 2         179.47                   0.23                0.2       
2024-10-28 20:54:42,691 INFO: 3         179.21                   0.23                1.2       
2024-10-28 20:54:42,692 INFO: 4         179.65                   0.23                0.3       
2024-10-28 20:54:42,692 INFO: 5         179.82                   0.23                0.5       
2024-10-28 20:54:42,693 INFO: 6         179.91                   0.00                0.3       
2024-10-28 20:54:42,693 INFO: 7         179.91                   0.00                0.0       
2024-10-28 20:54:42,694 INFO: 8         180.26                   0.00                -2.5      
2024-10-28 20:54:42,731 INFO: Updating dashboard
2024-10-28 20:54:42,746 INFO: Motor loads: {1: {'present_load': 9}, 2: {'present_load': 6}, 3: {'present_load': 10}, 4: {'present_load': 11}, 5: {'present_load': 6}, 6: {'present_load': 0}, 7: {'present_load': 0}, 8: {'present_load': 65511}}
2024-10-28 20:54:42,747 INFO: Motor ID LR_WHEG: load_percentage = 0
2024-10-28 20:54:42,748 INFO: Motor ID LM_WHEG: load_percentage = 0
2024-10-28 20:54:42,750 INFO: Motor ID LF_WHEG: load_percentage = 0
2024-10-28 20:54:42,751 INFO: Motor ID RR_WHEG: load_percentage = 0
2024-10-28 20:54:42,752 INFO: Motor ID RM_WHEG: load_percentage = 0
2024-10-28 20:54:42,753 INFO: Motor ID RF_WHEG: load_percentage = 0
2024-10-28 20:54:42,755 INFO: Motor ID FRONT_PIVOT: load_percentage = 0
2024-10-28 20:54:42,756 INFO: Motor ID REAR_PIVOT: load_percentage = 0
2024-10-28 20:54:44,117 INFO: Updating dashboard
2024-10-28 20:54:44,132 INFO: Motor loads: {1: {'present_load': 11}, 2: {'present_load': 11}, 3: {'present_load': 11}, 4: {'present_load': 5}, 5: {'present_load': 6}, 6: {'present_load': 0}, 7: {'present_load': 0}, 8: {'present_load': 65512}}
2024-10-28 20:54:44,132 INFO: Motor ID LR_WHEG: load_percentage = 0
2024-10-28 20:54:44,133 INFO: Motor ID LM_WHEG: load_percentage = 0
2024-10-28 20:54:44,134 INFO: Motor ID LF_WHEG: load_percentage = 0
2024-10-28 20:54:44,135 INFO: Motor ID RR_WHEG: load_percentage = 0
2024-10-28 20:54:44,136 INFO: Motor ID RM_WHEG: load_percentage = 0
2024-10-28 20:54:44,138 INFO: Motor ID RF_WHEG: load_percentage = 0
2024-10-28 20:54:44,140 INFO: Motor ID FRONT_PIVOT: load_percentage = 0
2024-10-28 20:54:44,141 INFO: Motor ID REAR_PIVOT: load_percentage = 0
2024-10-28 20:54:45,505 INFO: Updating dashboard
2024-10-28 20:54:45,521 INFO: Motor loads: {1: {'present_load': 0}, 2: {'present_load': 5}, 3: {'present_load': 7}, 4: {'present_load': 12}, 5: {'present_load': 1}, 6: {'present_load': 3}, 7: {'present_load': 0}, 8: {'present_load': 65512}}
2024-10-28 20:54:45,521 INFO: Motor ID LR_WHEG: load_percentage = 0
2024-10-28 20:54:45,524 INFO: Motor ID LM_WHEG: load_percentage = 0
2024-10-28 20:54:45,524 INFO: Motor ID LF_WHEG: load_percentage = 0
2024-10-28 20:54:45,526 INFO: Motor ID RR_WHEG: load_percentage = 0
2024-10-28 20:54:45,527 INFO: Motor ID RM_WHEG: load_percentage = 0
2024-10-28 20:54:45,529 INFO: Motor ID RF_WHEG: load_percentage = 0
2024-10-28 20:54:45,530 INFO: Motor ID FRONT_PIVOT: load_percentage = 0
2024-10-28 20:54:45,531 INFO: Motor ID REAR_PIVOT: load_percentage = 0
2024-10-28 20:54:46,944 INFO: Updating dashboard
2024-10-28 20:54:46,959 INFO: Motor loads: {1: {'present_load': 0}, 2: {'present_load': 4}, 3: {'present_load': 9}, 4: {'present_load': 0}, 5: {'present_load': 0}, 6: {'present_load': 0}, 7: {'present_load': 0}, 8: {'present_load': 65512}}
2024-10-28 20:54:46,960 INFO: Motor ID LR_WHEG: load_percentage = 0
2024-10-28 20:54:46,961 INFO: Motor ID LM_WHEG: load_percentage = 0
2024-10-28 20:54:46,962 INFO: Motor ID LF_WHEG: load_percentage = 0
2024-10-28 20:54:46,963 INFO: Motor ID RR_WHEG: load_percentage = 0
2024-10-28 20:54:46,965 INFO: Motor ID RM_WHEG: load_percentage = 0
2024-10-28 20:54:46,967 INFO: Motor ID RF_WHEG: load_percentage = 0
2024-10-28 20:54:46,968 INFO: Motor ID FRONT_PIVOT: load_percentage = 0
2024-10-28 20:54:46,970 INFO: Motor ID REAR_PIVOT: load_percentage = 0
2024-10-28 20:54:48,335 INFO: Motor     Position (degrees)       Velocity (RPM)      Load (%)  
2024-10-28 20:54:48,336 INFO: 1         179.82                   0.23                0.8       
2024-10-28 20:54:48,336 INFO: 2         179.47                   0.23                1.0       
2024-10-28 20:54:48,337 INFO: 3         179.21                   0.23                1.2       
2024-10-28 20:54:48,337 INFO: 4         179.74                   0.23                0.0       
2024-10-28 20:54:48,338 INFO: 5         179.82                   0.23                1.1       
2024-10-28 20:54:48,338 INFO: 6         179.91                   0.00                0.7       
2024-10-28 20:54:48,339 INFO: 7         179.91                   0.00                0.0       
2024-10-28 20:54:48,339 INFO: 8         180.35                   0.00                -2.4      
2024-10-28 20:54:48,377 INFO: Updating dashboard
2024-10-28 20:54:48,392 INFO: Motor loads: {1: {'present_load': 2}, 2: {'present_load': 0}, 3: {'present_load': 12}, 4: {'present_load': 4}, 5: {'present_load': 10}, 6: {'present_load': 0}, 7: {'present_load': 0}, 8: {'present_load': 65512}}
2024-10-28 20:54:48,393 INFO: Motor ID LR_WHEG: load_percentage = 0
2024-10-28 20:54:48,394 INFO: Motor ID LM_WHEG: load_percentage = 0
2024-10-28 20:54:48,395 INFO: Motor ID LF_WHEG: load_percentage = 0
2024-10-28 20:54:48,396 INFO: Motor ID RR_WHEG: load_percentage = 0
2024-10-28 20:54:48,398 INFO: Motor ID RM_WHEG: load_percentage = 0
2024-10-28 20:54:48,400 INFO: Motor ID RF_WHEG: load_percentage = 0
2024-10-28 20:54:48,401 INFO: Motor ID FRONT_PIVOT: load_percentage = 0
2024-10-28 20:54:48,402 INFO: Motor ID REAR_PIVOT: load_percentage = 0
2024-10-28 20:54:49,819 INFO: Updating dashboard
2024-10-28 20:54:49,834 INFO: Motor loads: {1: {'present_load': 10}, 2: {'present_load': 3}, 3: {'present_load': 12}, 4: {'present_load': 3}, 5: {'present_load': 10}, 6: {'present_load': 0}, 7: {'present_load': 0}, 8: {'present_load': 65512}}
2024-10-28 20:54:49,835 INFO: Motor ID LR_WHEG: load_percentage = 0
2024-10-28 20:54:49,836 INFO: Motor ID LM_WHEG: load_percentage = 0
2024-10-28 20:54:49,838 INFO: Motor ID LF_WHEG: load_percentage = 0
2024-10-28 20:54:49,839 INFO: Motor ID RR_WHEG: load_percentage = 0
2024-10-28 20:54:49,841 INFO: Motor ID RM_WHEG: load_percentage = 0
2024-10-28 20:54:49,842 INFO: Motor ID RF_WHEG: load_percentage = 0
2024-10-28 20:54:49,843 INFO: Motor ID FRONT_PIVOT: load_percentage = 0
2024-10-28 20:54:49,844 INFO: Motor ID REAR_PIVOT: load_percentage = 0
2024-10-28 20:54:51,259 INFO: Updating dashboard
2024-10-28 20:54:51,274 INFO: Motor loads: {1: {'present_load': 3}, 2: {'present_load': 5}, 3: {'present_load': 12}, 4: {'present_load': 1}, 5: {'present_load': 0}, 6: {'present_load': 6}, 7: {'present_load': 0}, 8: {'present_load': 65512}}
2024-10-28 20:54:51,275 INFO: Motor ID LR_WHEG: load_percentage = 0
2024-10-28 20:54:51,276 INFO: Motor ID LM_WHEG: load_percentage = 0
2024-10-28 20:54:51,278 INFO: Motor ID LF_WHEG: load_percentage = 0
2024-10-28 20:54:51,279 INFO: Motor ID RR_WHEG: load_percentage = 0
2024-10-28 20:54:51,281 INFO: Motor ID RM_WHEG: load_percentage = 0
2024-10-28 20:54:51,282 INFO: Motor ID RF_WHEG: load_percentage = 0
2024-10-28 20:54:51,283 INFO: Motor ID FRONT_PIVOT: load_percentage = 0
2024-10-28 20:54:51,285 INFO: Motor ID REAR_PIVOT: load_percentage = 0
2024-10-28 20:54:52,712 INFO: Updating dashboard
2024-10-28 20:54:52,728 INFO: Motor loads: {1: {'present_load': 1}, 2: {'present_load': 0}, 3: {'present_load': 12}, 4: {'present_load': 8}, 5: {'present_load': 8}, 6: {'present_load': 0}, 7: {'present_load': 0}, 8: {'present_load': 65512}}
2024-10-28 20:54:52,729 INFO: Motor ID LR_WHEG: load_percentage = 0
2024-10-28 20:54:52,730 INFO: Motor ID LM_WHEG: load_percentage = 0
2024-10-28 20:54:52,732 INFO: Motor ID LF_WHEG: load_percentage = 0
2024-10-28 20:54:52,733 INFO: Motor ID RR_WHEG: load_percentage = 0
2024-10-28 20:54:52,734 INFO: Motor ID RM_WHEG: load_percentage = 0
2024-10-28 20:54:52,736 INFO: Motor ID RF_WHEG: load_percentage = 0
2024-10-28 20:54:52,737 INFO: Motor ID FRONT_PIVOT: load_percentage = 0
2024-10-28 20:54:52,738 INFO: Motor ID REAR_PIVOT: load_percentage = 0
2024-10-28 20:54:54,035 INFO: Motor     Position (degrees)       Velocity (RPM)      Load (%)  
2024-10-28 20:54:54,035 INFO: 1         179.82                   0.00                0.6       
2024-10-28 20:54:54,036 INFO: 2         179.47                   0.23                0.1       
2024-10-28 20:54:54,036 INFO: 3         179.21                   0.00                0.9       
2024-10-28 20:54:54,036 INFO: 4         179.74                   0.00                0.3       
2024-10-28 20:54:54,037 INFO: 5         179.74                   0.00                0.1       
2024-10-28 20:54:54,037 INFO: 6         179.91                   0.00                0.0       
2024-10-28 20:54:54,038 INFO: 7         179.91                   0.00                0.0       
2024-10-28 20:54:54,038 INFO: 8         180.35                   0.00                -2.4      
2024-10-28 20:54:54,076 INFO: Updating dashboard
2024-10-28 20:54:54,091 INFO: Motor loads: {1: {'present_load': 0}, 2: {'present_load': 10}, 3: {'present_load': 12}, 4: {'present_load': 4}, 5: {'present_load': 0}, 6: {'present_load': 6}, 7: {'present_load': 0}, 8: {'present_load': 65512}}
2024-10-28 20:54:54,091 INFO: Motor ID LR_WHEG: load_percentage = 0
2024-10-28 20:54:54,093 INFO: Motor ID LM_WHEG: load_percentage = 0
2024-10-28 20:54:54,093 INFO: Motor ID LF_WHEG: load_percentage = 0
2024-10-28 20:54:54,094 INFO: Motor ID RR_WHEG: load_percentage = 0
2024-10-28 20:54:54,095 INFO: Motor ID RM_WHEG: load_percentage = 0
2024-10-28 20:54:54,097 INFO: Motor ID RF_WHEG: load_percentage = 0
2024-10-28 20:54:54,099 INFO: Motor ID FRONT_PIVOT: load_percentage = 0
2024-10-28 20:54:54,100 INFO: Motor ID REAR_PIVOT: load_percentage = 0
2024-10-28 20:54:55,442 INFO: Updating dashboard
2024-10-28 20:54:55,458 INFO: Motor loads: {1: {'present_load': 1}, 2: {'present_load': 4}, 3: {'present_load': 3}, 4: {'present_load': 8}, 5: {'present_load': 3}, 6: {'present_load': 0}, 7: {'present_load': 0}, 8: {'present_load': 65512}}
2024-10-28 20:54:55,458 INFO: Motor ID LR_WHEG: load_percentage = 0
2024-10-28 20:54:55,459 INFO: Motor ID LM_WHEG: load_percentage = 0
2024-10-28 20:54:55,461 INFO: Motor ID LF_WHEG: load_percentage = 0
2024-10-28 20:54:55,462 INFO: Motor ID RR_WHEG: load_percentage = 0
2024-10-28 20:54:55,463 INFO: Motor ID RM_WHEG: load_percentage = 0
2024-10-28 20:54:55,465 INFO: Motor ID RF_WHEG: load_percentage = 0
2024-10-28 20:54:55,466 INFO: Motor ID FRONT_PIVOT: load_percentage = 0
2024-10-28 20:54:55,468 INFO: Motor ID REAR_PIVOT: load_percentage = 0
2024-10-28 20:54:56,702 INFO: Initiating safe shutdown...
2024-10-28 20:54:56,703 INFO: Setting operating mode 'velocity' for group 'All_Motors'
2024-10-28 20:54:56,703 INFO: Disabling torque for group All_Motors
2024-10-28 20:54:56,704 INFO: Enabling torque for group All_Motors
2024-10-28 20:54:56,705 WARNING: Velocity limit 200 exceeds hard limit 100. Limiting to 100.
2024-10-28 20:54:56,706 INFO: Velocity limit set to 100 for group All_Motors
2024-10-28 20:54:56,706 INFO: Enabling torque for group All_Motors
2024-10-28 20:54:56,707 INFO: Target velocities set for group All_Motors: {1: 0, 2: 0, 3: 0, 4: 0, 5: 0, 6: 0, 7: 0, 8: 0}
2024-10-28 20:54:56,708 INFO: Running set_position_group for group 'All_Motors' with positions: 180
2024-10-28 20:54:56,715 WARNING: Motor 1 is not in Position Control Mode. Setting mode now.
2024-10-28 20:54:56,716 INFO: Setting operating mode 'position' for group 'All_Motors'
2024-10-28 20:54:56,716 INFO: Disabling torque for group All_Motors
2024-10-28 20:54:56,717 INFO: Enabling torque for group All_Motors
2024-10-28 20:54:56,718 INFO: Setting the profile velocity for group All_Motors from config.yaml: 5
2024-10-28 20:54:56,719 INFO: Profile velocities set for group All_Motors: {1: 21.85, 2: 21.85, 3: 21.85, 4: 21.85, 5: 21.85, 6: 21.85, 7: 21.85, 8: 21.85}
2024-10-28 20:54:56,720 INFO: Closing PS4Controller and quitting pygame
2024-10-28 20:54:56,788 INFO: Port closed successfully.
2024-10-28 20:54:56,788 INFO: Shutdown complete.
2024-10-28 20:54:56,788 ERROR: Controller connection lost!
2024-10-28 20:54:56,788 ERROR: Controller is disconnected.
2024-10-28 20:54:56,788 ERROR: Controller connection lost!
2024-10-28 20:54:56,789 ERROR: Controller is disconnected.
2024-10-28 20:54:56,789 ERROR: Controller connection lost!
2024-10-28 20:54:56,789 ERROR: Controller is disconnected.
2024-10-28 20:54:56,789 ERROR: Error while logging robot states: Attempting to use a port that is not open
2024-10-28 20:54:56,790 ERROR: Error controlling pivots: 'NoneType' object is not subscriptable
2024-10-28 20:54:56,995 INFO: Initializing PS4Controller
2024-10-28 20:54:57,259 INFO: Configuration loaded successfully
2024-10-28 20:54:57,263 INFO: Port /dev/ttyACM0 opened successfully
2024-10-28 20:54:57,273 INFO: Baudrate set to 1000000
2024-10-28 20:54:57,274 INFO: Control table loaded successfully.
2024-10-28 20:54:57,275 INFO: Motor group 'Pivot_Group' created with motors: [7, 8]
2024-10-28 20:54:57,275 INFO: Motor group 'Wheg_Group' created with motors: [1, 2, 3, 4, 5, 6]
2024-10-28 20:54:57,276 INFO: Motor group 'All_Motors' created with motors: [1, 2, 3, 4, 5, 6, 7, 8]
2024-10-28 20:54:57,276 INFO: Motor group 'Left_Whegs' created with motors: [1, 2, 3]
2024-10-28 20:54:57,277 INFO: Motor group 'Right_Whegs' created with motors: [4, 5, 6]
2024-10-28 20:54:57,277 INFO: Motor group 'Front_Whegs' created with motors: [3, 6]
2024-10-28 20:54:57,278 INFO: Motor group 'Rear_Whegs' created with motors: [1, 4]
2024-10-28 20:54:57,278 INFO: Motor group 'Middle_Whegs' created with motors: [2, 5]
2024-10-28 20:54:57,279 INFO: Motor group 'Two_Right_One_Left' created with motors: [2, 4, 6]
2024-10-28 20:54:57,279 INFO: Motor group 'Two_Left_One_Right' created with motors: [5, 1, 3]
2024-10-28 20:54:57,280 INFO: Initialised PS4 controller, Dynamixel, and Robot State
2024-10-28 20:54:57,292 INFO: Initialised Streamlit dashboard
2024-10-28 20:54:57,293 INFO: Disabling torque for group Right_Whegs
2024-10-28 20:54:57,297 INFO: Drive mode set for group Right_Whegs with reverse_direction=True
2024-10-28 20:54:57,297 INFO: Enabling torque for group Right_Whegs
2024-10-28 20:54:57,301 INFO: Motor 4 drive mode correctly set to reverse
2024-10-28 20:54:57,302 INFO: Motor 5 drive mode correctly set to reverse
2024-10-28 20:54:57,303 INFO: Motor 6 drive mode correctly set to reverse
2024-10-28 20:54:57,303 INFO: Disabling torque for group Left_Whegs
2024-10-28 20:54:57,305 INFO: Drive mode set for group Left_Whegs with reverse_direction=False
2024-10-28 20:54:57,305 INFO: Enabling torque for group Left_Whegs
2024-10-28 20:54:57,309 INFO: Motor 1 drive mode correctly set to normal
2024-10-28 20:54:57,310 INFO: Motor 2 drive mode correctly set to normal
2024-10-28 20:54:57,311 INFO: Motor 3 drive mode correctly set to normal
2024-10-28 20:54:57,311 INFO: Set the right side whegs to reverse direction
2024-10-28 20:54:57,312 INFO: Disabling torque for group Pivot_Group
2024-10-28 20:54:57,313 INFO: Drive mode set for group Pivot_Group with reverse_direction=False
2024-10-28 20:54:57,313 INFO: Enabling torque for group Pivot_Group
2024-10-28 20:54:57,317 INFO: Motor 7 drive mode correctly set to normal
2024-10-28 20:54:57,317 INFO: Motor 8 drive mode correctly set to normal
2024-10-28 20:54:57,319 INFO: Position limits set for group Pivot_Group: min=90째 (ticks=1023), max=270째 (ticks=3071)
2024-10-28 20:54:57,319 INFO: Set position limits for the pivot motors
2024-10-28 20:54:57,321 INFO: Initialising Gait 1
2024-10-28 20:54:57,322 INFO: Running set_position_group for group 'Wheg_Group' with positions: 180
2024-10-28 20:54:57,327 INFO: Running set_position_group for group 'Pivot_Group' with positions: 180
2024-10-28 20:54:57,331 INFO: Initialised Gait 1, waiting for 3 seconds
2024-10-28 20:54:57,392 INFO: Motor     Position (degrees)       Velocity (RPM)      Load (%)  
2024-10-28 20:54:57,393 INFO: 1         179.82                   0.00                0.4       
2024-10-28 20:54:57,393 INFO: 2         179.47                   0.46                1.1       
2024-10-28 20:54:57,394 INFO: 3         179.21                   0.23                1.2       
2024-10-28 20:54:57,395 INFO: 4         179.65                   0.00                1.2       
2024-10-28 20:54:57,395 INFO: 5         179.74                   0.00                1.1       
2024-10-28 20:54:57,396 INFO: 6         179.91                   0.23                0.2       
2024-10-28 20:54:57,396 INFO: 7         179.91                   0.00                0.0       
2024-10-28 20:54:57,397 INFO: 8         180.26                   0.00                -2.5      
2024-10-28 20:54:57,397 INFO: Updating dashboard
2024-10-28 20:54:57,412 INFO: Motor loads: {1: {'present_load': 2}, 2: {'present_load': 12}, 3: {'present_load': 12}, 4: {'present_load': 12}, 5: {'present_load': 6}, 6: {'present_load': 0}, 7: {'present_load': 0}, 8: {'present_load': 65511}}
2024-10-28 20:54:57,413 INFO: Motor ID LR_WHEG: load_percentage = 0
2024-10-28 20:54:57,414 INFO: Motor ID LM_WHEG: load_percentage = 0
2024-10-28 20:54:57,416 INFO: Motor ID LF_WHEG: load_percentage = 0
2024-10-28 20:54:57,418 INFO: Motor ID RR_WHEG: load_percentage = 0
2024-10-28 20:54:57,419 INFO: Motor ID RM_WHEG: load_percentage = 0
2024-10-28 20:54:57,420 INFO: Motor ID RF_WHEG: load_percentage = 0
2024-10-28 20:54:57,422 INFO: Motor ID FRONT_PIVOT: load_percentage = 0
2024-10-28 20:54:57,423 INFO: Motor ID REAR_PIVOT: load_percentage = 0
2024-10-28 20:54:58,838 INFO: Updating dashboard
2024-10-28 20:54:58,853 INFO: Motor loads: {1: {'present_load': 0}, 2: {'present_load': 12}, 3: {'present_load': 12}, 4: {'present_load': 12}, 5: {'present_load': 0}, 6: {'present_load': 0}, 7: {'present_load': 0}, 8: {'present_load': 65513}}
2024-10-28 20:54:58,854 INFO: Motor ID LR_WHEG: load_percentage = 0
2024-10-28 20:54:58,855 INFO: Motor ID LM_WHEG: load_percentage = 0
2024-10-28 20:54:58,857 INFO: Motor ID LF_WHEG: load_percentage = 0
2024-10-28 20:54:58,859 INFO: Motor ID RR_WHEG: load_percentage = 0
2024-10-28 20:54:58,860 INFO: Motor ID RM_WHEG: load_percentage = 0
2024-10-28 20:54:58,861 INFO: Motor ID RF_WHEG: load_percentage = 0
2024-10-28 20:54:58,862 INFO: Motor ID FRONT_PIVOT: load_percentage = 0
2024-10-28 20:54:58,863 INFO: Motor ID REAR_PIVOT: load_percentage = 0
2024-10-28 20:55:00,241 INFO: Updating dashboard
2024-10-28 20:55:00,257 INFO: Motor loads: {1: {'present_load': 7}, 2: {'present_load': 11}, 3: {'present_load': 12}, 4: {'present_load': 3}, 5: {'present_load': 7}, 6: {'present_load': 1}, 7: {'present_load': 0}, 8: {'present_load': 65513}}
2024-10-28 20:55:00,258 INFO: Motor ID LR_WHEG: load_percentage = 0
2024-10-28 20:55:00,259 INFO: Motor ID LM_WHEG: load_percentage = 0
2024-10-28 20:55:00,261 INFO: Motor ID LF_WHEG: load_percentage = 0
2024-10-28 20:55:00,262 INFO: Motor ID RR_WHEG: load_percentage = 0
2024-10-28 20:55:00,264 INFO: Motor ID RM_WHEG: load_percentage = 0
2024-10-28 20:55:00,265 INFO: Motor ID RF_WHEG: load_percentage = 0
2024-10-28 20:55:00,267 INFO: Motor ID FRONT_PIVOT: load_percentage = 0
2024-10-28 20:55:00,268 INFO: Motor ID REAR_PIVOT: load_percentage = 0
2024-10-28 20:55:01,534 INFO: Setting operating mode 'multi_turn' for group 'Wheg_Group'
2024-10-28 20:55:01,535 INFO: Disabling torque for group Wheg_Group
2024-10-28 20:55:01,536 INFO: Enabling torque for group Wheg_Group
2024-10-28 20:55:01,538 INFO: Setting the profile velocity for group Wheg_Group from config.yaml: 10
2024-10-28 20:55:01,539 INFO: Profile velocities set for group Wheg_Group: {1: 43.7, 2: 43.7, 3: 43.7, 4: 43.7, 5: 43.7, 6: 43.7}
2024-10-28 20:55:01,539 INFO: New gait 1 is now active.
2024-10-28 20:55:01,571 INFO: Profile velocities set for group Wheg_Group: {1: 21.85, 2: 21.85, 3: 21.85, 4: 21.85, 5: 21.85, 6: 21.85}
2024-10-28 20:55:01,571 INFO: Incrementing motor positions by 360 degrees for group 'Wheg_Group'
2024-10-28 20:55:01,582 INFO: Gait 1 step executed at 5.00RPM, wait for 12.00 seconds
2024-10-28 20:55:01,634 INFO: Updating dashboard
2024-10-28 20:55:01,650 INFO: Motor loads: {1: {'present_load': 16}, 2: {'present_load': 16}, 3: {'present_load': 16}, 4: {'present_load': 16}, 5: {'present_load': 16}, 6: {'present_load': 16}, 7: {'present_load': 0}, 8: {'present_load': 65513}}
2024-10-28 20:55:01,651 INFO: Motor ID LR_WHEG: load_percentage = 0
2024-10-28 20:55:01,652 INFO: Motor ID LM_WHEG: load_percentage = 0
2024-10-28 20:55:01,654 INFO: Motor ID LF_WHEG: load_percentage = 0
2024-10-28 20:55:01,655 INFO: Motor ID RR_WHEG: load_percentage = 0
2024-10-28 20:55:01,657 INFO: Motor ID RM_WHEG: load_percentage = 0
2024-10-28 20:55:01,658 INFO: Motor ID RF_WHEG: load_percentage = 0
2024-10-28 20:55:01,659 INFO: Motor ID FRONT_PIVOT: load_percentage = 0
2024-10-28 20:55:01,661 INFO: Motor ID REAR_PIVOT: load_percentage = 0
2024-10-28 20:55:02,984 INFO: Motor     Position (degrees)       Velocity (RPM)      Load (%)  
2024-10-28 20:55:02,985 INFO: 1         217.62                   4.81                1.9       
2024-10-28 20:55:02,985 INFO: 2         217.18                   5.04                1.8       
2024-10-28 20:55:02,986 INFO: 3         217.09                   5.04                2.0       
2024-10-28 20:55:02,986 INFO: 4         217.44                   4.81                1.9       
2024-10-28 20:55:02,987 INFO: 5         217.71                   5.04                1.7       
2024-10-28 20:55:02,987 INFO: 6         217.62                   5.04                2.0       
2024-10-28 20:55:02,988 INFO: 7         179.91                   0.00                0.0       
2024-10-28 20:55:02,988 INFO: 8         180.26                   0.00                -2.3      
2024-10-28 20:55:03,025 INFO: Updating dashboard
2024-10-28 20:55:03,041 INFO: Motor loads: {1: {'present_load': 19}, 2: {'present_load': 19}, 3: {'present_load': 20}, 4: {'present_load': 20}, 5: {'present_load': 18}, 6: {'present_load': 19}, 7: {'present_load': 0}, 8: {'present_load': 65513}}
2024-10-28 20:55:03,041 INFO: Motor ID LR_WHEG: load_percentage = 0
2024-10-28 20:55:03,042 INFO: Motor ID LM_WHEG: load_percentage = 0
2024-10-28 20:55:03,044 INFO: Motor ID LF_WHEG: load_percentage = 0
2024-10-28 20:55:03,046 INFO: Motor ID RR_WHEG: load_percentage = 0
2024-10-28 20:55:03,047 INFO: Motor ID RM_WHEG: load_percentage = 0
2024-10-28 20:55:03,048 INFO: Motor ID RF_WHEG: load_percentage = 0
2024-10-28 20:55:03,050 INFO: Motor ID FRONT_PIVOT: load_percentage = 0
2024-10-28 20:55:03,051 INFO: Motor ID REAR_PIVOT: load_percentage = 0
2024-10-28 20:55:04,412 INFO: Updating dashboard
2024-10-28 20:55:04,428 INFO: Motor loads: {1: {'present_load': 18}, 2: {'present_load': 20}, 3: {'present_load': 20}, 4: {'present_load': 19}, 5: {'present_load': 18}, 6: {'present_load': 20}, 7: {'present_load': 0}, 8: {'present_load': 65513}}
2024-10-28 20:55:04,429 INFO: Motor ID LR_WHEG: load_percentage = 0
2024-10-28 20:55:04,430 INFO: Motor ID LM_WHEG: load_percentage = 0
2024-10-28 20:55:04,431 INFO: Motor ID LF_WHEG: load_percentage = 0
2024-10-28 20:55:04,433 INFO: Motor ID RR_WHEG: load_percentage = 0
2024-10-28 20:55:04,434 INFO: Motor ID RM_WHEG: load_percentage = 0
2024-10-28 20:55:04,436 INFO: Motor ID RF_WHEG: load_percentage = 0
2024-10-28 20:55:04,437 INFO: Motor ID FRONT_PIVOT: load_percentage = 0
2024-10-28 20:55:04,439 INFO: Motor ID REAR_PIVOT: load_percentage = 0
2024-10-28 20:55:05,803 INFO: Updating dashboard
2024-10-28 20:55:05,819 INFO: Motor loads: {1: {'present_load': 16}, 2: {'present_load': 16}, 3: {'present_load': 16}, 4: {'present_load': 16}, 5: {'present_load': 14}, 6: {'present_load': 18}, 7: {'present_load': 0}, 8: {'present_load': 65513}}
2024-10-28 20:55:05,819 INFO: Motor ID LR_WHEG: load_percentage = 0
2024-10-28 20:55:05,821 INFO: Motor ID LM_WHEG: load_percentage = 0
2024-10-28 20:55:05,822 INFO: Motor ID LF_WHEG: load_percentage = 0
2024-10-28 20:55:05,824 INFO: Motor ID RR_WHEG: load_percentage = 0
2024-10-28 20:55:05,825 INFO: Motor ID RM_WHEG: load_percentage = 0
2024-10-28 20:55:05,827 INFO: Motor ID RF_WHEG: load_percentage = 0
2024-10-28 20:55:05,828 INFO: Motor ID FRONT_PIVOT: load_percentage = 0
2024-10-28 20:55:05,829 INFO: Motor ID REAR_PIVOT: load_percentage = 0
2024-10-28 20:55:07,195 INFO: Updating dashboard
2024-10-28 20:55:07,210 INFO: Motor loads: {1: {'present_load': 12}, 2: {'present_load': 12}, 3: {'present_load': 13}, 4: {'present_load': 13}, 5: {'present_load': 12}, 6: {'present_load': 15}, 7: {'present_load': 0}, 8: {'present_load': 65513}}
2024-10-28 20:55:07,211 INFO: Motor ID LR_WHEG: load_percentage = 0
2024-10-28 20:55:07,212 INFO: Motor ID LM_WHEG: load_percentage = 0
2024-10-28 20:55:07,214 INFO: Motor ID LF_WHEG: load_percentage = 0
2024-10-28 20:55:07,215 INFO: Motor ID RR_WHEG: load_percentage = 0
2024-10-28 20:55:07,217 INFO: Motor ID RM_WHEG: load_percentage = 0
2024-10-28 20:55:07,219 INFO: Motor ID RF_WHEG: load_percentage = 0
2024-10-28 20:55:07,220 INFO: Motor ID FRONT_PIVOT: load_percentage = 0
2024-10-28 20:55:07,222 INFO: Motor ID REAR_PIVOT: load_percentage = 0
2024-10-28 20:55:08,549 INFO: Motor     Position (degrees)       Velocity (RPM)      Load (%)  
2024-10-28 20:55:08,550 INFO: 1         21.74                    5.04                1.1       
2024-10-28 20:55:08,551 INFO: 2         19.46                    5.04                1.1       
2024-10-28 20:55:08,551 INFO: 3         20.16                    4.81                1.1       
2024-10-28 20:55:08,552 INFO: 4         20.86                    4.81                1.4       
2024-10-28 20:55:08,552 INFO: 5         20.16                    4.81                1.1       
2024-10-28 20:55:08,553 INFO: 6         18.75                    5.04                1.4       
2024-10-28 20:55:08,554 INFO: 7         179.91                   0.00                0.0       
2024-10-28 20:55:08,554 INFO: 8         180.26                   0.00                -2.3      
2024-10-28 20:55:08,590 INFO: Updating dashboard
2024-10-28 20:55:08,606 INFO: Motor loads: {1: {'present_load': 10}, 2: {'present_load': 11}, 3: {'present_load': 12}, 4: {'present_load': 12}, 5: {'present_load': 11}, 6: {'present_load': 14}, 7: {'present_load': 0}, 8: {'present_load': 65513}}
2024-10-28 20:55:08,606 INFO: Motor ID LR_WHEG: load_percentage = 0
2024-10-28 20:55:08,608 INFO: Motor ID LM_WHEG: load_percentage = 0
2024-10-28 20:55:08,610 INFO: Motor ID LF_WHEG: load_percentage = 0
2024-10-28 20:55:08,611 INFO: Motor ID RR_WHEG: load_percentage = 0
2024-10-28 20:55:08,613 INFO: Motor ID RM_WHEG: load_percentage = 0
2024-10-28 20:55:08,614 INFO: Motor ID RF_WHEG: load_percentage = 0
2024-10-28 20:55:08,615 INFO: Motor ID FRONT_PIVOT: load_percentage = 0
2024-10-28 20:55:08,617 INFO: Motor ID REAR_PIVOT: load_percentage = 0
2024-10-28 20:55:09,983 INFO: Updating dashboard
2024-10-28 20:55:09,999 INFO: Motor loads: {1: {'present_load': 10}, 2: {'present_load': 11}, 3: {'present_load': 11}, 4: {'present_load': 11}, 5: {'present_load': 11}, 6: {'present_load': 13}, 7: {'present_load': 0}, 8: {'present_load': 65513}}
2024-10-28 20:55:10,000 INFO: Motor ID LR_WHEG: load_percentage = 0
2024-10-28 20:55:10,001 INFO: Motor ID LM_WHEG: load_percentage = 0
2024-10-28 20:55:10,003 INFO: Motor ID LF_WHEG: load_percentage = 0
2024-10-28 20:55:10,004 INFO: Motor ID RR_WHEG: load_percentage = 0
2024-10-28 20:55:10,006 INFO: Motor ID RM_WHEG: load_percentage = 0
2024-10-28 20:55:10,007 INFO: Motor ID RF_WHEG: load_percentage = 0
2024-10-28 20:55:10,008 INFO: Motor ID FRONT_PIVOT: load_percentage = 0
2024-10-28 20:55:10,010 INFO: Motor ID REAR_PIVOT: load_percentage = 0
2024-10-28 20:55:11,374 INFO: Updating dashboard
2024-10-28 20:55:11,390 INFO: Motor loads: {1: {'present_load': 11}, 2: {'present_load': 11}, 3: {'present_load': 12}, 4: {'present_load': 12}, 5: {'present_load': 11}, 6: {'present_load': 13}, 7: {'present_load': 0}, 8: {'present_load': 65513}}
2024-10-28 20:55:11,390 INFO: Motor ID LR_WHEG: load_percentage = 0
2024-10-28 20:55:11,391 INFO: Motor ID LM_WHEG: load_percentage = 0
2024-10-28 20:55:11,394 INFO: Motor ID LF_WHEG: load_percentage = 0
2024-10-28 20:55:11,395 INFO: Motor ID RR_WHEG: load_percentage = 0
2024-10-28 20:55:11,396 INFO: Motor ID RM_WHEG: load_percentage = 0
2024-10-28 20:55:11,398 INFO: Motor ID RF_WHEG: load_percentage = 0
2024-10-28 20:55:11,400 INFO: Motor ID FRONT_PIVOT: load_percentage = 0
2024-10-28 20:55:11,401 INFO: Motor ID REAR_PIVOT: load_percentage = 0
2024-10-28 20:55:12,763 INFO: Updating dashboard
2024-10-28 20:55:12,779 INFO: Motor loads: {1: {'present_load': 13}, 2: {'present_load': 13}, 3: {'present_load': 13}, 4: {'present_load': 14}, 5: {'present_load': 12}, 6: {'present_load': 15}, 7: {'present_load': 0}, 8: {'present_load': 65513}}
2024-10-28 20:55:12,780 INFO: Motor ID LR_WHEG: load_percentage = 0
2024-10-28 20:55:12,781 INFO: Motor ID LM_WHEG: load_percentage = 0
2024-10-28 20:55:12,783 INFO: Motor ID LF_WHEG: load_percentage = 0
2024-10-28 20:55:12,784 INFO: Motor ID RR_WHEG: load_percentage = 0
2024-10-28 20:55:12,785 INFO: Motor ID RM_WHEG: load_percentage = 0
2024-10-28 20:55:12,787 INFO: Motor ID RF_WHEG: load_percentage = 0
2024-10-28 20:55:12,788 INFO: Motor ID FRONT_PIVOT: load_percentage = 0
2024-10-28 20:55:12,789 INFO: Motor ID REAR_PIVOT: load_percentage = 0
2024-10-28 20:55:14,113 INFO: Motor     Position (degrees)       Velocity (RPM)      Load (%)  
2024-10-28 20:55:14,113 INFO: 1         179.95                   3.66                1.1       
2024-10-28 20:55:14,114 INFO: 2         179.42                   4.12                1.1       
2024-10-28 20:55:14,115 INFO: 3         179.33                   3.66                1.2       
2024-10-28 20:55:14,115 INFO: 4         179.95                   2.52                1.2       
2024-10-28 20:55:14,116 INFO: 5         180.03                   2.29                1.1       
2024-10-28 20:55:14,116 INFO: 6         179.95                   4.12                1.0       
2024-10-28 20:55:14,117 INFO: 7         179.91                   0.00                0.0       
2024-10-28 20:55:14,118 INFO: 8         180.26                   0.00                -2.3      
2024-10-28 20:55:14,129 INFO: Profile velocities set for group Wheg_Group: {1: 43.7, 2: 43.7, 3: 43.7, 4: 43.7, 5: 43.7, 6: 43.7}
2024-10-28 20:55:14,130 INFO: Incrementing motor positions by 360 degrees for group 'Wheg_Group'
2024-10-28 20:55:14,141 INFO: Gait 1 step executed at 10.00RPM, wait for 6.00 seconds
2024-10-28 20:55:14,153 INFO: Updating dashboard
2024-10-28 20:55:14,169 INFO: Motor loads: {1: {'present_load': 12}, 2: {'present_load': 13}, 3: {'present_load': 13}, 4: {'present_load': 12}, 5: {'present_load': 11}, 6: {'present_load': 11}, 7: {'present_load': 0}, 8: {'present_load': 65513}}
2024-10-28 20:55:14,170 INFO: Motor ID LR_WHEG: load_percentage = 0
2024-10-28 20:55:14,171 INFO: Motor ID LM_WHEG: load_percentage = 0
2024-10-28 20:55:14,173 INFO: Motor ID LF_WHEG: load_percentage = 0
2024-10-28 20:55:14,174 INFO: Motor ID RR_WHEG: load_percentage = 0
2024-10-28 20:55:14,176 INFO: Motor ID RM_WHEG: load_percentage = 0
2024-10-28 20:55:14,177 INFO: Motor ID RF_WHEG: load_percentage = 0
2024-10-28 20:55:14,178 INFO: Motor ID FRONT_PIVOT: load_percentage = 0
2024-10-28 20:55:14,180 INFO: Motor ID REAR_PIVOT: load_percentage = 0
2024-10-28 20:55:15,546 INFO: Updating dashboard
2024-10-28 20:55:15,562 INFO: Motor loads: {1: {'present_load': 26}, 2: {'present_load': 27}, 3: {'present_load': 27}, 4: {'present_load': 27}, 5: {'present_load': 25}, 6: {'present_load': 31}, 7: {'present_load': 0}, 8: {'present_load': 65513}}
2024-10-28 20:55:15,563 INFO: Motor ID LR_WHEG: load_percentage = 0
2024-10-28 20:55:15,564 INFO: Motor ID LM_WHEG: load_percentage = 0
2024-10-28 20:55:15,566 INFO: Motor ID LF_WHEG: load_percentage = 0
2024-10-28 20:55:15,568 INFO: Motor ID RR_WHEG: load_percentage = 0
2024-10-28 20:55:15,569 INFO: Motor ID RM_WHEG: load_percentage = 0
2024-10-28 20:55:15,570 INFO: Motor ID RF_WHEG: load_percentage = 0
2024-10-28 20:55:15,572 INFO: Motor ID FRONT_PIVOT: load_percentage = 0
2024-10-28 20:55:15,573 INFO: Motor ID REAR_PIVOT: load_percentage = 0
2024-10-28 20:55:16,939 INFO: Updating dashboard
2024-10-28 20:55:16,955 INFO: Motor loads: {1: {'present_load': 18}, 2: {'present_load': 18}, 3: {'present_load': 19}, 4: {'present_load': 20}, 5: {'present_load': 18}, 6: {'present_load': 25}, 7: {'present_load': 0}, 8: {'present_load': 65513}}
2024-10-28 20:55:16,956 INFO: Motor ID LR_WHEG: load_percentage = 0
2024-10-28 20:55:16,957 INFO: Motor ID LM_WHEG: load_percentage = 0
2024-10-28 20:55:16,959 INFO: Motor ID LF_WHEG: load_percentage = 0
2024-10-28 20:55:16,960 INFO: Motor ID RR_WHEG: load_percentage = 0
2024-10-28 20:55:16,962 INFO: Motor ID RM_WHEG: load_percentage = 0
2024-10-28 20:55:16,963 INFO: Motor ID RF_WHEG: load_percentage = 0
2024-10-28 20:55:16,965 INFO: Motor ID FRONT_PIVOT: load_percentage = 0
2024-10-28 20:55:16,966 INFO: Motor ID REAR_PIVOT: load_percentage = 0
2024-10-28 20:55:18,332 INFO: Updating dashboard
2024-10-28 20:55:18,347 INFO: Motor loads: {1: {'present_load': 16}, 2: {'present_load': 16}, 3: {'present_load': 16}, 4: {'present_load': 16}, 5: {'present_load': 16}, 6: {'present_load': 23}, 7: {'present_load': 0}, 8: {'present_load': 65513}}
2024-10-28 20:55:18,348 INFO: Motor ID LR_WHEG: load_percentage = 0
2024-10-28 20:55:18,349 INFO: Motor ID LM_WHEG: load_percentage = 0
2024-10-28 20:55:18,351 INFO: Motor ID LF_WHEG: load_percentage = 0
2024-10-28 20:55:18,352 INFO: Motor ID RR_WHEG: load_percentage = 0
2024-10-28 20:55:18,353 INFO: Motor ID RM_WHEG: load_percentage = 0
2024-10-28 20:55:18,355 INFO: Motor ID RF_WHEG: load_percentage = 0
2024-10-28 20:55:18,357 INFO: Motor ID FRONT_PIVOT: load_percentage = 0
2024-10-28 20:55:18,358 INFO: Motor ID REAR_PIVOT: load_percentage = 0
2024-10-28 20:55:19,680 INFO: Motor     Position (degrees)       Velocity (RPM)      Load (%)  
2024-10-28 20:55:19,681 INFO: 1         145.35                   10.08               1.8       
2024-10-28 20:55:19,681 INFO: 2         144.21                   10.08               1.9       
2024-10-28 20:55:19,682 INFO: 3         144.38                   9.85                2.0       
2024-10-28 20:55:19,682 INFO: 4         145.35                   9.85                2.1       
2024-10-28 20:55:19,683 INFO: 5         145.35                   9.85                1.8       
2024-10-28 20:55:19,683 INFO: 6         144.56                   10.08               2.6       
2024-10-28 20:55:19,684 INFO: 7         179.91                   0.00                0.0       
2024-10-28 20:55:19,684 INFO: 8         180.26                   0.00                -2.3      
2024-10-28 20:55:19,721 INFO: Updating dashboard
2024-10-28 20:55:19,736 INFO: Motor loads: {1: {'present_load': 19}, 2: {'present_load': 21}, 3: {'present_load': 21}, 4: {'present_load': 20}, 5: {'present_load': 18}, 6: {'present_load': 26}, 7: {'present_load': 0}, 8: {'present_load': 65513}}
2024-10-28 20:55:19,737 INFO: Motor ID LR_WHEG: load_percentage = 0
2024-10-28 20:55:19,738 INFO: Motor ID LM_WHEG: load_percentage = 0
2024-10-28 20:55:19,740 INFO: Motor ID LF_WHEG: load_percentage = 0
2024-10-28 20:55:19,742 INFO: Motor ID RR_WHEG: load_percentage = 0
2024-10-28 20:55:19,743 INFO: Motor ID RM_WHEG: load_percentage = 0
2024-10-28 20:55:19,744 INFO: Motor ID RF_WHEG: load_percentage = 0
2024-10-28 20:55:19,745 INFO: Motor ID FRONT_PIVOT: load_percentage = 0
2024-10-28 20:55:19,747 INFO: Motor ID REAR_PIVOT: load_percentage = 0
2024-10-28 20:55:21,048 INFO: Profile velocities set for group Wheg_Group: {1: 65.55, 2: 65.55, 3: 65.55, 4: 65.55, 5: 65.55, 6: 65.55}
2024-10-28 20:55:21,049 INFO: Incrementing motor positions by 360 degrees for group 'Wheg_Group'
2024-10-28 20:55:21,059 INFO: Gait 1 step executed at 15.00RPM, wait for 4.00 seconds
2024-10-28 20:55:21,107 INFO: Updating dashboard
2024-10-28 20:55:21,122 INFO: Motor loads: {1: {'present_load': 32}, 2: {'present_load': 33}, 3: {'present_load': 33}, 4: {'present_load': 32}, 5: {'present_load': 29}, 6: {'present_load': 38}, 7: {'present_load': 0}, 8: {'present_load': 65513}}
2024-10-28 20:55:21,123 INFO: Motor ID LR_WHEG: load_percentage = 0
2024-10-28 20:55:21,124 INFO: Motor ID LM_WHEG: load_percentage = 0
2024-10-28 20:55:21,126 INFO: Motor ID LF_WHEG: load_percentage = 0
2024-10-28 20:55:21,127 INFO: Motor ID RR_WHEG: load_percentage = 0
2024-10-28 20:55:21,129 INFO: Motor ID RM_WHEG: load_percentage = 0
2024-10-28 20:55:21,131 INFO: Motor ID RF_WHEG: load_percentage = 0
2024-10-28 20:55:21,133 INFO: Motor ID FRONT_PIVOT: load_percentage = 0
2024-10-28 20:55:21,134 INFO: Motor ID REAR_PIVOT: load_percentage = 0
2024-10-28 20:55:22,497 INFO: Updating dashboard
2024-10-28 20:55:22,512 INFO: Motor loads: {1: {'present_load': 30}, 2: {'present_load': 31}, 3: {'present_load': 31}, 4: {'present_load': 32}, 5: {'present_load': 27}, 6: {'present_load': 41}, 7: {'present_load': 0}, 8: {'present_load': 65513}}
2024-10-28 20:55:22,513 INFO: Motor ID LR_WHEG: load_percentage = 0
2024-10-28 20:55:22,514 INFO: Motor ID LM_WHEG: load_percentage = 0
2024-10-28 20:55:22,517 INFO: Motor ID LF_WHEG: load_percentage = 0
2024-10-28 20:55:22,518 INFO: Motor ID RR_WHEG: load_percentage = 0
2024-10-28 20:55:22,519 INFO: Motor ID RM_WHEG: load_percentage = 0
2024-10-28 20:55:22,520 INFO: Motor ID RF_WHEG: load_percentage = 0
2024-10-28 20:55:22,521 INFO: Motor ID FRONT_PIVOT: load_percentage = 0
2024-10-28 20:55:22,523 INFO: Motor ID REAR_PIVOT: load_percentage = 0
2024-10-28 20:55:23,889 INFO: Updating dashboard
2024-10-28 20:55:23,904 INFO: Motor loads: {1: {'present_load': 21}, 2: {'present_load': 23}, 3: {'present_load': 24}, 4: {'present_load': 24}, 5: {'present_load': 20}, 6: {'present_load': 37}, 7: {'present_load': 0}, 8: {'present_load': 65513}}
2024-10-28 20:55:23,905 INFO: Motor ID LR_WHEG: load_percentage = 0
2024-10-28 20:55:23,906 INFO: Motor ID LM_WHEG: load_percentage = 0
2024-10-28 20:55:23,908 INFO: Motor ID LF_WHEG: load_percentage = 0
2024-10-28 20:55:23,909 INFO: Motor ID RR_WHEG: load_percentage = 0
2024-10-28 20:55:23,911 INFO: Motor ID RM_WHEG: load_percentage = 0
2024-10-28 20:55:23,912 INFO: Motor ID RF_WHEG: load_percentage = 0
2024-10-28 20:55:23,913 INFO: Motor ID FRONT_PIVOT: load_percentage = 0
2024-10-28 20:55:23,915 INFO: Motor ID REAR_PIVOT: load_percentage = 0
2024-10-28 20:55:25,239 INFO: Motor     Position (degrees)       Velocity (RPM)      Load (%)  
2024-10-28 20:55:25,240 INFO: 1         181.95                   0.69                1.2       
2024-10-28 20:55:25,240 INFO: 2         181.15                   0.69                1.2       
2024-10-28 20:55:25,241 INFO: 3         181.07                   0.69                1.2       
2024-10-28 20:55:25,241 INFO: 4         181.51                   0.92                1.2       
2024-10-28 20:55:25,242 INFO: 5         181.77                   0.92                0.0       
2024-10-28 20:55:25,242 INFO: 6         182.12                   1.15                0.1       
2024-10-28 20:55:25,242 INFO: 7         179.91                   0.00                0.0       
2024-10-28 20:55:25,243 INFO: 8         180.26                   0.00                -2.3      
2024-10-28 20:55:25,254 INFO: Profile velocities set for group Wheg_Group: {1: 87.4, 2: 87.4, 3: 87.4, 4: 87.4, 5: 87.4, 6: 87.4}
2024-10-28 20:55:25,255 INFO: Incrementing motor positions by 360 degrees for group 'Wheg_Group'
2024-10-28 20:55:25,266 INFO: Gait 1 step executed at 20.00RPM, wait for 3.00 seconds
2024-10-28 20:55:25,279 INFO: Updating dashboard
2024-10-28 20:55:25,294 INFO: Motor loads: {1: {'present_load': 14}, 2: {'present_load': 14}, 3: {'present_load': 15}, 4: {'present_load': 14}, 5: {'present_load': 13}, 6: {'present_load': 15}, 7: {'present_load': 0}, 8: {'present_load': 65513}}
2024-10-28 20:55:25,296 INFO: Motor ID LR_WHEG: load_percentage = 0
2024-10-28 20:55:25,297 INFO: Motor ID LM_WHEG: load_percentage = 0
2024-10-28 20:55:25,298 INFO: Motor ID LF_WHEG: load_percentage = 0
2024-10-28 20:55:25,300 INFO: Motor ID RR_WHEG: load_percentage = 0
2024-10-28 20:55:25,302 INFO: Motor ID RM_WHEG: load_percentage = 0
2024-10-28 20:55:25,303 INFO: Motor ID RF_WHEG: load_percentage = 0
2024-10-28 20:55:25,304 INFO: Motor ID FRONT_PIVOT: load_percentage = 0
2024-10-28 20:55:25,306 INFO: Motor ID REAR_PIVOT: load_percentage = 0
2024-10-28 20:55:26,673 INFO: Updating dashboard
2024-10-28 20:55:26,688 INFO: Motor loads: {1: {'present_load': 32}, 2: {'present_load': 33}, 3: {'present_load': 34}, 4: {'present_load': 34}, 5: {'present_load': 30}, 6: {'present_load': 47}, 7: {'present_load': 0}, 8: {'present_load': 65513}}
2024-10-28 20:55:26,689 INFO: Motor ID LR_WHEG: load_percentage = 0
2024-10-28 20:55:26,690 INFO: Motor ID LM_WHEG: load_percentage = 0
2024-10-28 20:55:26,693 INFO: Motor ID LF_WHEG: load_percentage = 0
2024-10-28 20:55:26,694 INFO: Motor ID RR_WHEG: load_percentage = 0
2024-10-28 20:55:26,696 INFO: Motor ID RM_WHEG: load_percentage = 0
2024-10-28 20:55:26,697 INFO: Motor ID RF_WHEG: load_percentage = 0
2024-10-28 20:55:26,698 INFO: Motor ID FRONT_PIVOT: load_percentage = 0
2024-10-28 20:55:26,700 INFO: Motor ID REAR_PIVOT: load_percentage = 0
2024-10-28 20:55:28,064 INFO: Updating dashboard
2024-10-28 20:55:28,079 INFO: Motor loads: {1: {'present_load': 34}, 2: {'present_load': 36}, 3: {'present_load': 38}, 4: {'present_load': 37}, 5: {'present_load': 32}, 6: {'present_load': 49}, 7: {'present_load': 0}, 8: {'present_load': 65513}}
2024-10-28 20:55:28,080 INFO: Motor ID LR_WHEG: load_percentage = 0
2024-10-28 20:55:28,081 INFO: Motor ID LM_WHEG: load_percentage = 0
2024-10-28 20:55:28,082 INFO: Motor ID LF_WHEG: load_percentage = 0
2024-10-28 20:55:28,084 INFO: Motor ID RR_WHEG: load_percentage = 0
2024-10-28 20:55:28,086 INFO: Motor ID RM_WHEG: load_percentage = 0
2024-10-28 20:55:28,087 INFO: Motor ID RF_WHEG: load_percentage = 0
2024-10-28 20:55:28,089 INFO: Motor ID FRONT_PIVOT: load_percentage = 0
2024-10-28 20:55:28,090 INFO: Motor ID REAR_PIVOT: load_percentage = 0
2024-10-28 20:55:29,394 INFO: Profile velocities set for group Wheg_Group: {1: 109.25, 2: 109.25, 3: 109.25, 4: 109.25, 5: 109.25, 6: 109.25}
2024-10-28 20:55:29,395 INFO: Incrementing motor positions by 360 degrees for group 'Wheg_Group'
2024-10-28 20:55:29,405 INFO: Gait 1 step executed at 25.00RPM, wait for 2.40 seconds
2024-10-28 20:55:29,453 INFO: Updating dashboard
2024-10-28 20:55:29,469 INFO: Motor loads: {1: {'present_load': 49}, 2: {'present_load': 54}, 3: {'present_load': 53}, 4: {'present_load': 52}, 5: {'present_load': 47}, 6: {'present_load': 68}, 7: {'present_load': 0}, 8: {'present_load': 65513}}
2024-10-28 20:55:29,470 INFO: Motor ID LR_WHEG: load_percentage = 0
2024-10-28 20:55:29,471 INFO: Motor ID LM_WHEG: load_percentage = 0
2024-10-28 20:55:29,472 INFO: Motor ID LF_WHEG: load_percentage = 0
2024-10-28 20:55:29,474 INFO: Motor ID RR_WHEG: load_percentage = 0
2024-10-28 20:55:29,476 INFO: Motor ID RM_WHEG: load_percentage = 0
2024-10-28 20:55:29,477 INFO: Motor ID RF_WHEG: load_percentage = 0
2024-10-28 20:55:29,479 INFO: Motor ID FRONT_PIVOT: load_percentage = 0
2024-10-28 20:55:29,480 INFO: Motor ID REAR_PIVOT: load_percentage = 0
2024-10-28 20:55:30,804 INFO: Motor     Position (degrees)       Velocity (RPM)      Load (%)  
2024-10-28 20:55:30,804 INFO: 1         25.21                    24.50               3.6       
2024-10-28 20:55:30,805 INFO: 2         22.58                    24.96               3.8       
2024-10-28 20:55:30,805 INFO: 3         23.54                    25.42               3.9       
2024-10-28 20:55:30,806 INFO: 4         23.81                    25.65               4.2       
2024-10-28 20:55:30,806 INFO: 5         23.37                    24.96               3.5       
2024-10-28 20:55:30,807 INFO: 6         21.70                    25.42               5.6       
2024-10-28 20:55:30,807 INFO: 7         179.91                   0.00                0.0       
2024-10-28 20:55:30,808 INFO: 8         180.26                   0.00                -2.3      
2024-10-28 20:55:30,844 INFO: Updating dashboard
2024-10-28 20:55:30,860 INFO: Motor loads: {1: {'present_load': 36}, 2: {'present_load': 38}, 3: {'present_load': 39}, 4: {'present_load': 38}, 5: {'present_load': 35}, 6: {'present_load': 56}, 7: {'present_load': 0}, 8: {'present_load': 65513}}
2024-10-28 20:55:30,860 INFO: Motor ID LR_WHEG: load_percentage = 0
2024-10-28 20:55:30,861 INFO: Motor ID LM_WHEG: load_percentage = 0
2024-10-28 20:55:30,863 INFO: Motor ID LF_WHEG: load_percentage = 0
2024-10-28 20:55:30,866 INFO: Motor ID RR_WHEG: load_percentage = 0
2024-10-28 20:55:30,867 INFO: Motor ID RM_WHEG: load_percentage = 0
2024-10-28 20:55:30,868 INFO: Motor ID RF_WHEG: load_percentage = 0
2024-10-28 20:55:30,870 INFO: Motor ID FRONT_PIVOT: load_percentage = 0
2024-10-28 20:55:30,871 INFO: Motor ID REAR_PIVOT: load_percentage = 0
2024-10-28 20:55:32,176 INFO: Profile velocities set for group Wheg_Group: {1: 131.09833297729492, 2: 131.09833297729492, 3: 131.09833297729492, 4: 131.09833297729492, 5: 131.09833297729492, 6: 131.09833297729492}
2024-10-28 20:55:32,177 INFO: Incrementing motor positions by 360 degrees for group 'Wheg_Group'
2024-10-28 20:55:32,187 INFO: Gait 1 step executed at 30.00RPM, wait for 2.00 seconds
2024-10-28 20:55:32,234 INFO: Updating dashboard
2024-10-28 20:55:32,250 INFO: Motor loads: {1: {'present_load': 58}, 2: {'present_load': 64}, 3: {'present_load': 64}, 4: {'present_load': 64}, 5: {'present_load': 56}, 6: {'present_load': 79}, 7: {'present_load': 0}, 8: {'present_load': 65513}}
2024-10-28 20:55:32,250 INFO: Motor ID LR_WHEG: load_percentage = 0
2024-10-28 20:55:32,251 INFO: Motor ID LM_WHEG: load_percentage = 0
2024-10-28 20:55:32,252 INFO: Motor ID LF_WHEG: load_percentage = 0
2024-10-28 20:55:32,254 INFO: Motor ID RR_WHEG: load_percentage = 0
2024-10-28 20:55:32,256 INFO: Motor ID RM_WHEG: load_percentage = 0
2024-10-28 20:55:32,258 INFO: Motor ID RF_WHEG: load_percentage = 0
2024-10-28 20:55:32,259 INFO: Motor ID FRONT_PIVOT: load_percentage = 0
2024-10-28 20:55:32,260 INFO: Motor ID REAR_PIVOT: load_percentage = 0
2024-10-28 20:55:33,628 INFO: Updating dashboard
2024-10-28 20:55:33,643 INFO: Motor loads: {1: {'present_load': 42}, 2: {'present_load': 44}, 3: {'present_load': 46}, 4: {'present_load': 45}, 5: {'present_load': 41}, 6: {'present_load': 63}, 7: {'present_load': 0}, 8: {'present_load': 65513}}
2024-10-28 20:55:33,644 INFO: Motor ID LR_WHEG: load_percentage = 0
2024-10-28 20:55:33,645 INFO: Motor ID LM_WHEG: load_percentage = 0
2024-10-28 20:55:33,646 INFO: Motor ID LF_WHEG: load_percentage = 0
2024-10-28 20:55:33,648 INFO: Motor ID RR_WHEG: load_percentage = 0
2024-10-28 20:55:33,650 INFO: Motor ID RM_WHEG: load_percentage = 0
2024-10-28 20:55:33,652 INFO: Motor ID RF_WHEG: load_percentage = 0
2024-10-28 20:55:33,653 INFO: Motor ID FRONT_PIVOT: load_percentage = 0
2024-10-28 20:55:33,655 INFO: Motor ID REAR_PIVOT: load_percentage = 0
2024-10-28 20:55:34,963 INFO: Profile velocities set for group Wheg_Group: {1: 131.09833297729492, 2: 131.09833297729492, 3: 131.09833297729492, 4: 131.09833297729492, 5: 131.09833297729492, 6: 131.09833297729492}
2024-10-28 20:55:34,964 INFO: Incrementing motor positions by 360 degrees for group 'Wheg_Group'
2024-10-28 20:55:34,975 INFO: Gait 1 step executed at 30.00RPM, wait for 2.00 seconds
2024-10-28 20:55:35,022 INFO: Updating dashboard
2024-10-28 20:55:35,037 INFO: Motor loads: {1: {'present_load': 61}, 2: {'present_load': 66}, 3: {'present_load': 64}, 4: {'present_load': 63}, 5: {'present_load': 55}, 6: {'present_load': 80}, 7: {'present_load': 0}, 8: {'present_load': 65513}}
2024-10-28 20:55:35,038 INFO: Motor ID LR_WHEG: load_percentage = 0
2024-10-28 20:55:35,039 INFO: Motor ID LM_WHEG: load_percentage = 0
2024-10-28 20:55:35,042 INFO: Motor ID LF_WHEG: load_percentage = 0
2024-10-28 20:55:35,043 INFO: Motor ID RR_WHEG: load_percentage = 0
2024-10-28 20:55:35,044 INFO: Motor ID RM_WHEG: load_percentage = 0
2024-10-28 20:55:35,046 INFO: Motor ID RF_WHEG: load_percentage = 0
2024-10-28 20:55:35,047 INFO: Motor ID FRONT_PIVOT: load_percentage = 0
2024-10-28 20:55:35,049 INFO: Motor ID REAR_PIVOT: load_percentage = 0
2024-10-28 20:55:36,374 INFO: Motor     Position (degrees)       Velocity (RPM)      Load (%)  
2024-10-28 20:55:36,375 INFO: 1         67.29                    30.46               4.2       
2024-10-28 20:55:36,376 INFO: 2         64.66                    30.23               4.5       
2024-10-28 20:55:36,376 INFO: 3         65.45                    30.23               4.6       
2024-10-28 20:55:36,377 INFO: 4         66.24                    30.00               4.4       
2024-10-28 20:55:36,377 INFO: 5         65.54                    30.00               4.0       
2024-10-28 20:55:36,378 INFO: 6         64.22                    30.00               6.4       
2024-10-28 20:55:36,379 INFO: 7         179.91                   0.00                0.0       
2024-10-28 20:55:36,380 INFO: 8         180.26                   0.00                -2.3      
2024-10-28 20:55:36,415 INFO: Updating dashboard
2024-10-28 20:55:36,430 INFO: Motor loads: {1: {'present_load': 42}, 2: {'present_load': 45}, 3: {'present_load': 46}, 4: {'present_load': 45}, 5: {'present_load': 41}, 6: {'present_load': 63}, 7: {'present_load': 0}, 8: {'present_load': 65513}}
2024-10-28 20:55:36,431 INFO: Motor ID LR_WHEG: load_percentage = 0
2024-10-28 20:55:36,432 INFO: Motor ID LM_WHEG: load_percentage = 0
2024-10-28 20:55:36,434 INFO: Motor ID LF_WHEG: load_percentage = 0
2024-10-28 20:55:36,435 INFO: Motor ID RR_WHEG: load_percentage = 0
2024-10-28 20:55:36,438 INFO: Motor ID RM_WHEG: load_percentage = 0
2024-10-28 20:55:36,439 INFO: Motor ID RF_WHEG: load_percentage = 0
2024-10-28 20:55:36,440 INFO: Motor ID FRONT_PIVOT: load_percentage = 0
2024-10-28 20:55:36,442 INFO: Motor ID REAR_PIVOT: load_percentage = 0
2024-10-28 20:55:37,805 INFO: Updating dashboard
2024-10-28 20:55:37,821 INFO: Motor loads: {1: {'present_load': 0}, 2: {'present_load': 10}, 3: {'present_load': 7}, 4: {'present_load': 12}, 5: {'present_load': 0}, 6: {'present_load': 0}, 7: {'present_load': 0}, 8: {'present_load': 65513}}
2024-10-28 20:55:37,822 INFO: Motor ID LR_WHEG: load_percentage = 0
2024-10-28 20:55:37,823 INFO: Motor ID LM_WHEG: load_percentage = 0
2024-10-28 20:55:37,824 INFO: Motor ID LF_WHEG: load_percentage = 0
2024-10-28 20:55:37,827 INFO: Motor ID RR_WHEG: load_percentage = 0
2024-10-28 20:55:37,828 INFO: Motor ID RM_WHEG: load_percentage = 0
2024-10-28 20:55:37,829 INFO: Motor ID RF_WHEG: load_percentage = 0
2024-10-28 20:55:37,831 INFO: Motor ID FRONT_PIVOT: load_percentage = 0
2024-10-28 20:55:37,833 INFO: Motor ID REAR_PIVOT: load_percentage = 0
2024-10-28 20:55:39,198 INFO: Updating dashboard
2024-10-28 20:55:39,213 INFO: Motor loads: {1: {'present_load': 9}, 2: {'present_load': 5}, 3: {'present_load': 12}, 4: {'present_load': 6}, 5: {'present_load': 7}, 6: {'present_load': 0}, 7: {'present_load': 0}, 8: {'present_load': 65513}}
2024-10-28 20:55:39,213 INFO: Motor ID LR_WHEG: load_percentage = 0
2024-10-28 20:55:39,215 INFO: Motor ID LM_WHEG: load_percentage = 0
2024-10-28 20:55:39,216 INFO: Motor ID LF_WHEG: load_percentage = 0
2024-10-28 20:55:39,217 INFO: Motor ID RR_WHEG: load_percentage = 0
2024-10-28 20:55:39,219 INFO: Motor ID RM_WHEG: load_percentage = 0
2024-10-28 20:55:39,222 INFO: Motor ID RF_WHEG: load_percentage = 0
2024-10-28 20:55:39,223 INFO: Motor ID FRONT_PIVOT: load_percentage = 0
2024-10-28 20:55:39,224 INFO: Motor ID REAR_PIVOT: load_percentage = 0
2024-10-28 20:55:40,592 INFO: Updating dashboard
2024-10-28 20:55:40,607 INFO: Motor loads: {1: {'present_load': 11}, 2: {'present_load': 8}, 3: {'present_load': 11}, 4: {'present_load': 3}, 5: {'present_load': 10}, 6: {'present_load': 0}, 7: {'present_load': 0}, 8: {'present_load': 65513}}
2024-10-28 20:55:40,608 INFO: Motor ID LR_WHEG: load_percentage = 0
2024-10-28 20:55:40,609 INFO: Motor ID LM_WHEG: load_percentage = 0
2024-10-28 20:55:40,611 INFO: Motor ID LF_WHEG: load_percentage = 0
2024-10-28 20:55:40,613 INFO: Motor ID RR_WHEG: load_percentage = 0
2024-10-28 20:55:40,615 INFO: Motor ID RM_WHEG: load_percentage = 0
2024-10-28 20:55:40,616 INFO: Motor ID RF_WHEG: load_percentage = 0
2024-10-28 20:55:40,618 INFO: Motor ID FRONT_PIVOT: load_percentage = 0
2024-10-28 20:55:40,619 INFO: Motor ID REAR_PIVOT: load_percentage = 0
2024-10-28 20:55:41,947 INFO: Motor     Position (degrees)       Velocity (RPM)      Load (%)  
2024-10-28 20:55:41,948 INFO: 1         185.51                   0.23                0.7       
2024-10-28 20:55:41,949 INFO: 2         184.63                   0.23                1.1       
2024-10-28 20:55:41,949 INFO: 3         184.45                   0.00                1.2       
2024-10-28 20:55:41,950 INFO: 4         184.54                   0.00                0.4       
2024-10-28 20:55:41,950 INFO: 5         184.89                   0.00                0.1       
2024-10-28 20:55:41,951 INFO: 6         185.68                   0.00                0.0       
2024-10-28 20:55:41,951 INFO: 7         179.91                   0.00                0.0       
2024-10-28 20:55:41,953 INFO: 8         180.26                   0.00                -2.3      
2024-10-28 20:55:41,987 INFO: Updating dashboard
2024-10-28 20:55:42,003 INFO: Motor loads: {1: {'present_load': 4}, 2: {'present_load': 11}, 3: {'present_load': 8}, 4: {'present_load': 7}, 5: {'present_load': 9}, 6: {'present_load': 1}, 7: {'present_load': 0}, 8: {'present_load': 65513}}
2024-10-28 20:55:42,004 INFO: Motor ID LR_WHEG: load_percentage = 0
2024-10-28 20:55:42,005 INFO: Motor ID LM_WHEG: load_percentage = 0
2024-10-28 20:55:42,007 INFO: Motor ID LF_WHEG: load_percentage = 0
2024-10-28 20:55:42,009 INFO: Motor ID RR_WHEG: load_percentage = 0
2024-10-28 20:55:42,011 INFO: Motor ID RM_WHEG: load_percentage = 0
2024-10-28 20:55:42,012 INFO: Motor ID RF_WHEG: load_percentage = 0
2024-10-28 20:55:42,013 INFO: Motor ID FRONT_PIVOT: load_percentage = 0
2024-10-28 20:55:42,015 INFO: Motor ID REAR_PIVOT: load_percentage = 0
2024-10-28 20:55:43,285 INFO: Initiating safe shutdown...
2024-10-28 20:55:43,286 INFO: Setting operating mode 'velocity' for group 'All_Motors'
2024-10-28 20:55:43,286 INFO: Disabling torque for group All_Motors
2024-10-28 20:55:43,287 INFO: Enabling torque for group All_Motors
2024-10-28 20:55:43,288 WARNING: Velocity limit 200 exceeds hard limit 100. Limiting to 100.
2024-10-28 20:55:43,289 INFO: Velocity limit set to 100 for group All_Motors
2024-10-28 20:55:43,290 INFO: Enabling torque for group All_Motors
2024-10-28 20:55:43,291 INFO: Target velocities set for group All_Motors: {1: 0, 2: 0, 3: 0, 4: 0, 5: 0, 6: 0, 7: 0, 8: 0}
2024-10-28 20:55:43,291 INFO: Running set_position_group for group 'All_Motors' with positions: 180
2024-10-28 20:55:43,299 WARNING: Motor 1 is not in Position Control Mode. Setting mode now.
2024-10-28 20:55:43,300 INFO: Setting operating mode 'position' for group 'All_Motors'
2024-10-28 20:55:43,300 INFO: Disabling torque for group All_Motors
2024-10-28 20:55:43,302 INFO: Enabling torque for group All_Motors
2024-10-28 20:55:43,303 INFO: Setting the profile velocity for group All_Motors from config.yaml: 5
2024-10-28 20:55:43,304 INFO: Profile velocities set for group All_Motors: {1: 21.85, 2: 21.85, 3: 21.85, 4: 21.85, 5: 21.85, 6: 21.85, 7: 21.85, 8: 21.85}
2024-10-28 20:55:43,305 INFO: Closing PS4Controller and quitting pygame
2024-10-28 20:55:43,376 INFO: Port closed successfully.
2024-10-28 20:55:43,377 INFO: Shutdown complete.
2024-10-28 20:55:43,378 ERROR: Controller connection lost!
2024-10-28 20:55:43,378 ERROR: Controller is disconnected.
2024-10-28 20:55:43,379 ERROR: Controller connection lost!
2024-10-28 20:55:43,379 ERROR: Controller is disconnected.
2024-10-28 20:55:43,380 ERROR: Controller connection lost!
2024-10-28 20:55:43,381 ERROR: Controller is disconnected.
2024-10-28 20:55:43,382 ERROR: Error while logging robot states: Attempting to use a port that is not open
2024-10-28 20:55:43,383 ERROR: Error controlling pivots: 'NoneType' object is not subscriptable
