2024-10-29 15:15:43,053 INFO: Initializing PS4Controller
2024-10-29 15:15:43,327 INFO: Configuration loaded successfully
2024-10-29 15:15:43,330 INFO: Port /dev/ttyACM0 opened successfully
2024-10-29 15:15:43,340 INFO: Baudrate set to 1000000
2024-10-29 15:15:43,341 INFO: Control table loaded successfully.
2024-10-29 15:15:43,342 INFO: Motor group 'Pivot_Group' created with motors: [7, 8]
2024-10-29 15:15:43,342 INFO: Motor group 'Wheg_Group' created with motors: [1, 2, 3, 4, 5, 6]
2024-10-29 15:15:43,343 INFO: Motor group 'All_Motors' created with motors: [1, 2, 3, 4, 5, 6, 7, 8]
2024-10-29 15:15:43,344 INFO: Motor group 'Left_Whegs' created with motors: [1, 2, 3]
2024-10-29 15:15:43,344 INFO: Motor group 'Right_Whegs' created with motors: [4, 5, 6]
2024-10-29 15:15:43,344 INFO: Motor group 'Front_Whegs' created with motors: [3, 6]
2024-10-29 15:15:43,345 INFO: Motor group 'Rear_Whegs' created with motors: [1, 4]
2024-10-29 15:15:43,345 INFO: Motor group 'Middle_Whegs' created with motors: [2, 5]
2024-10-29 15:15:43,346 INFO: Motor group 'Two_Right_One_Left' created with motors: [2, 4, 6]
2024-10-29 15:15:43,346 INFO: Motor group 'Two_Left_One_Right' created with motors: [5, 1, 3]
2024-10-29 15:15:43,346 INFO: Initialised PS4 controller, Dynamixel, and Robot State
2024-10-29 15:15:43,508 INFO: Disabling torque for group Right_Whegs
2024-10-29 15:15:43,511 INFO: Drive mode set for group Right_Whegs with reverse_direction=True
2024-10-29 15:15:43,514 INFO: Enabling torque for group Right_Whegs
2024-10-29 15:15:43,517 INFO: Setting the profile velocity for group Right_Whegs from config.yaml: None
2024-10-29 15:15:43,518 ERROR: Profile velocity for group Right_Whegs not found in config.yaml and no value was provided.
2024-10-29 15:15:43,519 INFO: Profile velocities set for group Right_Whegs: {4: 21.85, 5: 21.85, 6: 21.85}
2024-10-29 15:15:43,519 INFO: Disabling torque for group Left_Whegs
2024-10-29 15:15:43,520 INFO: Drive mode set for group Left_Whegs with reverse_direction=False
2024-10-29 15:15:43,521 INFO: Enabling torque for group Left_Whegs
2024-10-29 15:15:43,522 INFO: Setting the profile velocity for group Left_Whegs from config.yaml: None
2024-10-29 15:15:43,522 ERROR: Profile velocity for group Left_Whegs not found in config.yaml and no value was provided.
2024-10-29 15:15:43,523 INFO: Profile velocities set for group Left_Whegs: {1: 21.85, 2: 21.85, 3: 21.85}
2024-10-29 15:15:43,523 INFO: Set the right side whegs to reverse direction
2024-10-29 15:15:43,524 INFO: Disabling torque for group Pivot_Group
2024-10-29 15:15:43,525 INFO: Drive mode set for group Pivot_Group with reverse_direction=False
2024-10-29 15:15:43,525 INFO: Enabling torque for group Pivot_Group
2024-10-29 15:15:43,526 INFO: Setting the profile velocity for group Pivot_Group from config.yaml: 4
2024-10-29 15:15:43,527 INFO: Profile velocities set for group Pivot_Group: {7: 17.48, 8: 17.48}
2024-10-29 15:15:43,528 INFO: Position limits set for group Pivot_Group: min=45째 (ticks=511), max=315째 (ticks=3583)
2024-10-29 15:15:43,528 INFO: Set position limits for the pivot motors
2024-10-29 15:15:43,537 ERROR: Hardware error detected on motor 2: Error code 4
2024-10-29 15:15:43,538 ERROR: Motor 2: Overheating Error detected.
2024-10-29 15:15:43,538 WARNING: Hardware error detected on motor 2. Rebooting motor and resetting gait...
2024-10-29 15:15:43,540 INFO: Motor 2 successfully rebooted.
2024-10-29 15:15:43,540 INFO: Motor 2 rebooted successfully.
2024-10-29 15:15:43,541 INFO: Initialising Gait 1
2024-10-29 15:15:43,541 INFO: Reboot requested, resetting torque all motors
2024-10-29 15:15:43,542 ERROR: Error controlling pivots: 'dpad_down'
2024-10-29 15:15:43,578 ERROR: Bulk read failed with error: [TxRxResult] There is no status packet!
2024-10-29 15:15:43,614 ERROR: Bulk read failed with error: [TxRxResult] There is no status packet!
2024-10-29 15:15:43,650 ERROR: Bulk read failed with error: [TxRxResult] There is no status packet!
2024-10-29 15:15:43,686 ERROR: Bulk read failed with error: [TxRxResult] There is no status packet!
2024-10-29 15:15:43,687 ERROR: Error retrieving motor data: 'NoneType' object has no attribute 'keys'
2024-10-29 15:15:43,778 ERROR: Bulk read failed with error: [TxRxResult] There is no status packet!
2024-10-29 15:15:43,814 ERROR: Bulk read failed with error: [TxRxResult] There is no status packet!
2024-10-29 15:15:43,850 ERROR: Bulk read failed with error: [TxRxResult] There is no status packet!
2024-10-29 15:15:43,886 ERROR: Bulk read failed with error: [TxRxResult] There is no status packet!
2024-10-29 15:15:43,887 ERROR: Error retrieving motor data: 'NoneType' object has no attribute 'keys'
2024-10-29 15:15:44,069 INFO: Enabling torque for group All_Motors
2024-10-29 15:15:44,070 INFO: Setting the profile velocity for group All_Motors from config.yaml: 8
2024-10-29 15:15:44,073 INFO: Profile velocities set for group All_Motors: {1: 34.96, 2: 34.96, 3: 34.96, 4: 34.96, 5: 34.96, 6: 34.96, 7: 34.96, 8: 34.96}
2024-10-29 15:15:44,074 INFO: Running set_position_group for group 'Wheg_Group' with positions: 180
2024-10-29 15:15:44,080 INFO: Running set_position_group for group 'Pivot_Group' with positions: 180
2024-10-29 15:15:44,083 INFO: Initialised Gait 1, waiting for 3 seconds
2024-10-29 15:15:44,971 INFO: Initiating safe shutdown...
2024-10-29 15:15:44,972 INFO: Setting operating mode 'velocity' for group 'All_Motors'
2024-10-29 15:15:44,972 INFO: Disabling torque for group All_Motors
2024-10-29 15:15:44,974 INFO: Enabling torque for group All_Motors
2024-10-29 15:15:44,975 INFO: Setting the profile velocity for group All_Motors from config.yaml: 8
2024-10-29 15:15:44,976 INFO: Profile velocities set for group All_Motors: {1: 34.96, 2: 34.96, 3: 34.96, 4: 34.96, 5: 34.96, 6: 34.96, 7: 34.96, 8: 34.96}
2024-10-29 15:15:44,977 WARNING: Velocity limit 200 exceeds hard limit 100. Limiting to 100.
2024-10-29 15:15:44,978 INFO: Velocity limit set to 100 for group All_Motors
2024-10-29 15:15:44,978 INFO: Enabling torque for group All_Motors
2024-10-29 15:15:44,979 INFO: Setting the profile velocity for group All_Motors from config.yaml: 8
2024-10-29 15:15:44,980 INFO: Profile velocities set for group All_Motors: {1: 34.96, 2: 34.96, 3: 34.96, 4: 34.96, 5: 34.96, 6: 34.96, 7: 34.96, 8: 34.96}
2024-10-29 15:15:44,981 INFO: Target velocities set for group All_Motors: {1: 0, 2: 0, 3: 0, 4: 0, 5: 0, 6: 0, 7: 0, 8: 0}
2024-10-29 15:15:44,982 INFO: Running set_position_group for group 'All_Motors' with positions: 180
2024-10-29 15:15:44,990 WARNING: Motor 1 is not in Position Control Mode. Setting mode now.
2024-10-29 15:15:44,990 INFO: Setting operating mode 'position' for group 'All_Motors'
2024-10-29 15:15:44,991 INFO: Disabling torque for group All_Motors
2024-10-29 15:15:44,992 INFO: Enabling torque for group All_Motors
2024-10-29 15:15:44,993 INFO: Setting the profile velocity for group All_Motors from config.yaml: 8
2024-10-29 15:15:44,994 INFO: Profile velocities set for group All_Motors: {1: 34.96, 2: 34.96, 3: 34.96, 4: 34.96, 5: 34.96, 6: 34.96, 7: 34.96, 8: 34.96}
2024-10-29 15:15:44,994 INFO: Setting the profile velocity for group All_Motors from config.yaml: 8
2024-10-29 15:15:44,995 INFO: Profile velocities set for group All_Motors: {1: 34.96, 2: 34.96, 3: 34.96, 4: 34.96, 5: 34.96, 6: 34.96, 7: 34.96, 8: 34.96}
2024-10-29 15:15:44,996 INFO: Closing PS4Controller and quitting pygame
2024-10-29 15:15:45,068 INFO: Port closed successfully.
2024-10-29 15:15:45,069 INFO: Shutdown complete.
2024-10-29 15:15:45,868 INFO: Initializing PS4Controller
2024-10-29 15:15:46,192 INFO: Configuration loaded successfully
2024-10-29 15:15:46,195 INFO: Port /dev/ttyACM0 opened successfully
2024-10-29 15:15:46,205 INFO: Baudrate set to 1000000
2024-10-29 15:15:46,206 INFO: Control table loaded successfully.
2024-10-29 15:15:46,206 INFO: Motor group 'Pivot_Group' created with motors: [7, 8]
2024-10-29 15:15:46,207 INFO: Motor group 'Wheg_Group' created with motors: [1, 2, 3, 4, 5, 6]
2024-10-29 15:15:46,208 INFO: Motor group 'All_Motors' created with motors: [1, 2, 3, 4, 5, 6, 7, 8]
2024-10-29 15:15:46,208 INFO: Motor group 'Left_Whegs' created with motors: [1, 2, 3]
2024-10-29 15:15:46,209 INFO: Motor group 'Right_Whegs' created with motors: [4, 5, 6]
2024-10-29 15:15:46,209 INFO: Motor group 'Front_Whegs' created with motors: [3, 6]
2024-10-29 15:15:46,209 INFO: Motor group 'Rear_Whegs' created with motors: [1, 4]
2024-10-29 15:15:46,210 INFO: Motor group 'Middle_Whegs' created with motors: [2, 5]
2024-10-29 15:15:46,210 INFO: Motor group 'Two_Right_One_Left' created with motors: [2, 4, 6]
2024-10-29 15:15:46,211 INFO: Motor group 'Two_Left_One_Right' created with motors: [5, 1, 3]
2024-10-29 15:15:46,211 INFO: Initialised PS4 controller, Dynamixel, and Robot State
2024-10-29 15:15:46,224 INFO: Disabling torque for group Right_Whegs
2024-10-29 15:15:46,231 INFO: Drive mode set for group Right_Whegs with reverse_direction=True
2024-10-29 15:15:46,231 INFO: Enabling torque for group Right_Whegs
2024-10-29 15:15:46,232 INFO: Setting the profile velocity for group Right_Whegs from config.yaml: None
2024-10-29 15:15:46,233 ERROR: Profile velocity for group Right_Whegs not found in config.yaml and no value was provided.
2024-10-29 15:15:46,234 INFO: Profile velocities set for group Right_Whegs: {4: 21.85, 5: 21.85, 6: 21.85}
2024-10-29 15:15:46,234 INFO: Disabling torque for group Left_Whegs
2024-10-29 15:15:46,235 INFO: Drive mode set for group Left_Whegs with reverse_direction=False
2024-10-29 15:15:46,236 INFO: Enabling torque for group Left_Whegs
2024-10-29 15:15:46,237 INFO: Setting the profile velocity for group Left_Whegs from config.yaml: None
2024-10-29 15:15:46,237 ERROR: Profile velocity for group Left_Whegs not found in config.yaml and no value was provided.
2024-10-29 15:15:46,238 INFO: Profile velocities set for group Left_Whegs: {1: 21.85, 2: 21.85, 3: 21.85}
2024-10-29 15:15:46,238 INFO: Set the right side whegs to reverse direction
2024-10-29 15:15:46,239 INFO: Disabling torque for group Pivot_Group
2024-10-29 15:15:46,240 INFO: Drive mode set for group Pivot_Group with reverse_direction=False
2024-10-29 15:15:46,241 INFO: Enabling torque for group Pivot_Group
2024-10-29 15:15:46,241 INFO: Setting the profile velocity for group Pivot_Group from config.yaml: 4
2024-10-29 15:15:46,242 INFO: Profile velocities set for group Pivot_Group: {7: 17.48, 8: 17.48}
2024-10-29 15:15:46,243 INFO: Position limits set for group Pivot_Group: min=45째 (ticks=511), max=315째 (ticks=3583)
2024-10-29 15:15:46,244 INFO: Set position limits for the pivot motors
2024-10-29 15:15:46,252 INFO: Initialising Gait 1
2024-10-29 15:15:46,253 INFO: Running set_position_group for group 'Wheg_Group' with positions: 180
2024-10-29 15:15:46,258 INFO: Running set_position_group for group 'Pivot_Group' with positions: 180
2024-10-29 15:15:46,262 INFO: Initialised Gait 1, waiting for 3 seconds
2024-10-29 15:15:46,262 ERROR: Error controlling pivots: 'dpad_down'
2024-10-29 15:15:49,262 INFO: Setting operating mode 'multi_turn' for group 'Wheg_Group'
2024-10-29 15:15:49,263 INFO: Disabling torque for group Wheg_Group
2024-10-29 15:15:49,264 INFO: Enabling torque for group Wheg_Group
2024-10-29 15:15:49,265 INFO: Setting the profile velocity for group Wheg_Group from config.yaml: 10
2024-10-29 15:15:49,266 INFO: Profile velocities set for group Wheg_Group: {1: 43.7, 2: 43.7, 3: 43.7, 4: 43.7, 5: 43.7, 6: 43.7}
2024-10-29 15:15:49,267 INFO: Setting the profile velocity for group Wheg_Group from config.yaml: 10
2024-10-29 15:15:49,268 INFO: Profile velocities set for group Wheg_Group: {1: 43.7, 2: 43.7, 3: 43.7, 4: 43.7, 5: 43.7, 6: 43.7}
2024-10-29 15:15:49,268 INFO: New gait 1 is now active.
2024-10-29 15:15:52,665 INFO: R3 pressed. Turning mode requested
2024-10-29 15:15:52,676 INFO: Initialising Turn Mode
2024-10-29 15:15:52,677 INFO: Running set_position_group for group 'Wheg_Group' with positions: {1: 165, 2: 195, 3: 165, 4: 165, 5: 195, 6: 165}
2024-10-29 15:15:52,682 WARNING: Motor 1 is not in Position Control Mode. Setting mode now.
2024-10-29 15:15:52,683 INFO: Setting operating mode 'position' for group 'Wheg_Group'
2024-10-29 15:15:52,683 INFO: Disabling torque for group Wheg_Group
2024-10-29 15:15:52,685 INFO: Enabling torque for group Wheg_Group
2024-10-29 15:15:52,685 INFO: Setting the profile velocity for group Wheg_Group from config.yaml: 10
2024-10-29 15:15:52,686 INFO: Profile velocities set for group Wheg_Group: {1: 43.7, 2: 43.7, 3: 43.7, 4: 43.7, 5: 43.7, 6: 43.7}
2024-10-29 15:15:52,687 INFO: Setting the profile velocity for group Wheg_Group from config.yaml: 10
2024-10-29 15:15:52,687 INFO: Profile velocities set for group Wheg_Group: {1: 43.7, 2: 43.7, 3: 43.7, 4: 43.7, 5: 43.7, 6: 43.7}
2024-10-29 15:15:52,688 INFO: Running set_position_group for group 'Pivot_Group' with positions: 180
2024-10-29 15:15:52,692 INFO: Initialised turn mode, waiting for 3 seconds
2024-10-29 15:15:55,696 INFO: Setting operating mode 'multi_turn' for group 'Wheg_Group'
2024-10-29 15:15:55,697 INFO: Disabling torque for group Wheg_Group
2024-10-29 15:15:55,701 INFO: Enabling torque for group Wheg_Group
2024-10-29 15:15:55,705 INFO: Setting the profile velocity for group Wheg_Group from config.yaml: 10
2024-10-29 15:15:55,707 INFO: Profile velocities set for group Wheg_Group: {1: 43.7, 2: 43.7, 3: 43.7, 4: 43.7, 5: 43.7, 6: 43.7}
2024-10-29 15:15:55,707 INFO: Setting the profile velocity for group Wheg_Group from config.yaml: 10
2024-10-29 15:15:55,709 INFO: Profile velocities set for group Wheg_Group: {1: 43.7, 2: 43.7, 3: 43.7, 4: 43.7, 5: 43.7, 6: 43.7}
2024-10-29 15:15:55,709 INFO: Turn mode activated.
2024-10-29 15:15:59,430 INFO: Running set_position_group for group 'Wheg_Group' with positions: {1: 165, 2: 195, 3: 165, 4: 165, 5: 195, 6: 165}
2024-10-29 15:15:59,436 WARNING: Motor 1 is not in Position Control Mode. Setting mode now.
2024-10-29 15:15:59,436 INFO: Setting operating mode 'position' for group 'Wheg_Group'
2024-10-29 15:15:59,437 INFO: Disabling torque for group Wheg_Group
2024-10-29 15:15:59,438 INFO: Enabling torque for group Wheg_Group
2024-10-29 15:15:59,439 INFO: Setting the profile velocity for group Wheg_Group from config.yaml: 10
2024-10-29 15:15:59,440 INFO: Profile velocities set for group Wheg_Group: {1: 43.7, 2: 43.7, 3: 43.7, 4: 43.7, 5: 43.7, 6: 43.7}
2024-10-29 15:15:59,440 INFO: Setting the profile velocity for group Wheg_Group from config.yaml: 10
2024-10-29 15:15:59,441 INFO: Profile velocities set for group Wheg_Group: {1: 43.7, 2: 43.7, 3: 43.7, 4: 43.7, 5: 43.7, 6: 43.7}
2024-10-29 15:15:59,448 INFO: Profile velocities set for group Wheg_Group: {1: 7.797398681640625, 2: 85.77138549804688, 3: 7.797398681640625, 4: 85.77138549804688, 5: 7.797398681640625, 6: 85.77138549804688}
2024-10-29 15:15:59,448 INFO: Incrementing motor positions by {1: -30, 2: -330, 3: -30, 4: 330, 5: 30, 6: 330} degrees for group 'Wheg_Group'
2024-10-29 15:15:59,454 WARNING: Motor 1 is not in Extended Position Control Mode. Setting mode now.
2024-10-29 15:15:59,454 INFO: Setting operating mode 'multi_turn' for group 'Wheg_Group'
2024-10-29 15:15:59,455 INFO: Disabling torque for group Wheg_Group
2024-10-29 15:15:59,456 INFO: Enabling torque for group Wheg_Group
2024-10-29 15:15:59,456 INFO: Setting the profile velocity for group Wheg_Group from config.yaml: 10
2024-10-29 15:15:59,457 INFO: Profile velocities set for group Wheg_Group: {1: 43.7, 2: 43.7, 3: 43.7, 4: 43.7, 5: 43.7, 6: 43.7}
2024-10-29 15:15:59,458 INFO: Setting the profile velocity for group Wheg_Group from config.yaml: 10
2024-10-29 15:15:59,459 INFO: Profile velocities set for group Wheg_Group: {1: 43.7, 2: 43.7, 3: 43.7, 4: 43.7, 5: 43.7, 6: 43.7}
2024-10-29 15:15:59,464 INFO: Gait 4 step executed at 1.78RPM, wait for -2.78 seconds
2024-10-29 15:15:59,477 INFO: Profile velocities set for group Wheg_Group: {1: 85.77138549804688, 2: 7.797398681640625, 3: 85.77138549804688, 4: 7.797398681640625, 5: 85.77138549804688, 6: 7.797398681640625}
2024-10-29 15:15:59,478 INFO: Incrementing motor positions by {1: -330, 2: -30, 3: -330, 4: 30, 5: 330, 6: 30} degrees for group 'Wheg_Group'
2024-10-29 15:15:59,489 INFO: Gait 4 step executed at 1.78RPM, wait for -2.78 seconds
2024-10-29 15:15:59,502 INFO: Profile velocities set for group Wheg_Group: {1: 7.797398681640625, 2: 85.77138549804688, 3: 7.797398681640625, 4: 85.77138549804688, 5: 7.797398681640625, 6: 85.77138549804688}
2024-10-29 15:15:59,503 INFO: Incrementing motor positions by {1: -30, 2: -330, 3: -30, 4: 330, 5: 30, 6: 330} degrees for group 'Wheg_Group'
2024-10-29 15:15:59,513 INFO: Gait 4 step executed at 1.78RPM, wait for -2.78 seconds
2024-10-29 15:15:59,526 INFO: Profile velocities set for group Wheg_Group: {1: 85.77138549804688, 2: 7.797398681640625, 3: 85.77138549804688, 4: 7.797398681640625, 5: 85.77138549804688, 6: 7.797398681640625}
2024-10-29 15:15:59,527 INFO: Incrementing motor positions by {1: -330, 2: -30, 3: -330, 4: 30, 5: 330, 6: 30} degrees for group 'Wheg_Group'
2024-10-29 15:15:59,538 INFO: Gait 4 step executed at 1.78RPM, wait for -2.78 seconds
2024-10-29 15:15:59,591 WARNING: Motors are not in the correct positions for Gait 4. Positions: {1: 157.8515625, 2: 195.205078125, 3: 162.685546875, 4: 165.849609375, 5: 198.45703125, 6: 169.453125}
2024-10-29 15:15:59,593 WARNING: Waiting for 1 second before checking for movement
2024-10-29 15:15:59,699 INFO: Motors are moving. Continuing with the gait.
2024-10-29 15:16:00,213 WARNING: Motors are not in the correct positions for Gait 4. Positions: {1: 84.287109375, 2: 195.46875, 3: 87.71484375, 4: 171.123046875, 5: 272.548828125, 6: 174.90234375}
2024-10-29 15:16:00,214 WARNING: Waiting for 1 second before checking for movement
2024-10-29 15:16:00,320 INFO: Motors are moving. Continuing with the gait.
2024-10-29 15:16:00,834 WARNING: Motors are not in the correct positions for Gait 4. Positions: {1: 12.568359375, 2: 195.64453125, 3: 15.556640625, 4: 176.484375, 5: 345.146484375, 6: 179.560546875}
2024-10-29 15:16:00,835 WARNING: Waiting for 1 second before checking for movement
2024-10-29 15:16:00,942 INFO: Motors are moving. Continuing with the gait.
2024-10-29 15:16:01,456 WARNING: Motors are not in the correct positions for Gait 4. Positions: {1: 234.916015625, 2: 195.8203125, 3: 238.255859375, 4: 181.318359375, 5: 59.271484375, 6: 184.39453125}
2024-10-29 15:16:01,457 WARNING: Waiting for 1 second before checking for movement
2024-10-29 15:16:01,563 INFO: Motors are moving. Continuing with the gait.
2024-10-29 15:16:02,077 WARNING: Motors are not in the correct positions for Gait 4. Positions: {1: 161.615234375, 2: 195.8203125, 3: 165.39453125, 4: 189.31640625, 5: 132.396484375, 6: 190.810546875}
2024-10-29 15:16:02,079 WARNING: Waiting for 1 second before checking for movement
2024-10-29 15:16:02,184 INFO: Motors are moving. Continuing with the gait.
2024-10-29 15:16:02,699 WARNING: Motors are not in the correct positions for Gait 4. Positions: {1: 127.42578125, 2: 191.77734375, 3: 136.654296875, 4: 191.689453125, 5: 160.2578125, 6: 195.732421875}
2024-10-29 15:16:02,700 WARNING: Waiting for 1 second before checking for movement
2024-10-29 15:16:02,806 CRITICAL: Motors are not moving, reseting positions, and waiting for 3 seconds.
2024-10-29 15:16:02,807 INFO: Running set_position_group for group 'Wheg_Group' with positions: {1: 165, 2: 195, 3: 165, 4: 165, 5: 195, 6: 165}
2024-10-29 15:16:02,812 WARNING: Motor 1 is not in Position Control Mode. Setting mode now.
2024-10-29 15:16:02,812 INFO: Setting operating mode 'position' for group 'Wheg_Group'
2024-10-29 15:16:02,813 INFO: Disabling torque for group Wheg_Group
2024-10-29 15:16:02,814 INFO: Enabling torque for group Wheg_Group
2024-10-29 15:16:02,815 INFO: Setting the profile velocity for group Wheg_Group from config.yaml: 10
2024-10-29 15:16:02,815 INFO: Profile velocities set for group Wheg_Group: {1: 43.7, 2: 43.7, 3: 43.7, 4: 43.7, 5: 43.7, 6: 43.7}
2024-10-29 15:16:02,816 INFO: Setting the profile velocity for group Wheg_Group from config.yaml: 10
2024-10-29 15:16:02,816 INFO: Profile velocities set for group Wheg_Group: {1: 43.7, 2: 43.7, 3: 43.7, 4: 43.7, 5: 43.7, 6: 43.7}
2024-10-29 15:16:05,818 INFO: Setting operating mode 'multi_turn' for group 'Wheg_Group'
2024-10-29 15:16:05,818 INFO: Disabling torque for group Wheg_Group
2024-10-29 15:16:05,820 INFO: Enabling torque for group Wheg_Group
2024-10-29 15:16:05,821 INFO: Setting the profile velocity for group Wheg_Group from config.yaml: 10
2024-10-29 15:16:05,823 INFO: Profile velocities set for group Wheg_Group: {1: 43.7, 2: 43.7, 3: 43.7, 4: 43.7, 5: 43.7, 6: 43.7}
2024-10-29 15:16:05,824 INFO: Setting the profile velocity for group Wheg_Group from config.yaml: 10
2024-10-29 15:16:05,825 INFO: Profile velocities set for group Wheg_Group: {1: 43.7, 2: 43.7, 3: 43.7, 4: 43.7, 5: 43.7, 6: 43.7}
2024-10-29 15:16:05,826 INFO: Profile velocities set for group Wheg_Group: {1: 10.95060546875, 2: 120.45666015625001, 3: 10.95060546875, 4: 120.45666015625001, 5: 10.95060546875, 6: 120.45666015625001}
2024-10-29 15:16:05,827 INFO: Incrementing motor positions by {1: -30, 2: -330, 3: -30, 4: 330, 5: 30, 6: 330} degrees for group 'Wheg_Group'
2024-10-29 15:16:05,838 INFO: Gait 4 step executed at 2.51RPM, wait for -1.97 seconds
2024-10-29 15:16:05,852 INFO: Profile velocities set for group Wheg_Group: {1: 123.47277099609376, 2: 11.224797363281251, 3: 123.47277099609376, 4: 11.224797363281251, 5: 123.47277099609376, 6: 11.224797363281251}
2024-10-29 15:16:05,852 INFO: Incrementing motor positions by {1: -330, 2: -30, 3: -330, 4: 30, 5: 330, 6: 30} degrees for group 'Wheg_Group'
2024-10-29 15:16:05,864 INFO: Gait 4 step executed at 2.57RPM, wait for -1.92 seconds
2024-10-29 15:16:05,877 WARNING: Motors are not in the correct positions for Gait 4. Positions: {1: 165.05859375, 2: 193.447265625, 3: 170.595703125, 4: 164.619140625, 5: 187.734375, 6: 166.025390625}
2024-10-29 15:16:05,878 WARNING: Waiting for 1 second before checking for movement
2024-10-29 15:16:06,013 INFO: Motors are moving. Continuing with the gait.
2024-10-29 15:16:06,555 WARNING: Motors are not in the correct positions for Gait 4. Positions: {1: 55.634765625, 2: 193.7109375, 3: 59.765625, 4: 173.056640625, 5: 299.1796875, 6: 177.275390625}
2024-10-29 15:16:06,556 WARNING: Waiting for 1 second before checking for movement
2024-10-29 15:16:06,662 INFO: Motors are moving. Continuing with the gait.
2024-10-29 15:16:07,177 WARNING: Motors are not in the correct positions for Gait 4. Positions: {1: 245.990234375, 2: 193.974609375, 3: 250.384765625, 4: 181.40625, 5: 46.087890625, 6: 184.74609375}
2024-10-29 15:16:07,178 WARNING: Waiting for 1 second before checking for movement
2024-10-29 15:16:07,284 INFO: Motors are moving. Continuing with the gait.
2024-10-29 15:16:07,799 WARNING: Motors are not in the correct positions for Gait 4. Positions: {1: 139.90625, 2: 193.974609375, 3: 147.025390625, 4: 189.404296875, 5: 151.64453125, 6: 192.12890625}
2024-10-29 15:16:07,800 WARNING: Waiting for 1 second before checking for movement
2024-10-29 15:16:07,906 INFO: Motors are moving. Continuing with the gait.
2024-10-29 15:16:08,420 WARNING: Motors are not in the correct positions for Gait 4. Positions: {1: 131.556640625, 2: 192.392578125, 3: 140.08203125, 4: 191.25, 5: 156.21484375, 6: 193.359375}
2024-10-29 15:16:08,421 WARNING: Waiting for 1 second before checking for movement
2024-10-29 15:16:08,527 CRITICAL: Motors are not moving, reseting positions, and waiting for 3 seconds.
2024-10-29 15:16:08,528 INFO: Running set_position_group for group 'Wheg_Group' with positions: {1: 165, 2: 195, 3: 165, 4: 165, 5: 195, 6: 165}
2024-10-29 15:16:08,533 WARNING: Motor 1 is not in Position Control Mode. Setting mode now.
2024-10-29 15:16:08,534 INFO: Setting operating mode 'position' for group 'Wheg_Group'
2024-10-29 15:16:08,534 INFO: Disabling torque for group Wheg_Group
2024-10-29 15:16:08,535 INFO: Enabling torque for group Wheg_Group
2024-10-29 15:16:08,536 INFO: Setting the profile velocity for group Wheg_Group from config.yaml: 10
2024-10-29 15:16:08,537 INFO: Profile velocities set for group Wheg_Group: {1: 43.7, 2: 43.7, 3: 43.7, 4: 43.7, 5: 43.7, 6: 43.7}
2024-10-29 15:16:08,537 INFO: Setting the profile velocity for group Wheg_Group from config.yaml: 10
2024-10-29 15:16:08,538 INFO: Profile velocities set for group Wheg_Group: {1: 43.7, 2: 43.7, 3: 43.7, 4: 43.7, 5: 43.7, 6: 43.7}
2024-10-29 15:16:11,554 INFO: Setting operating mode 'multi_turn' for group 'Wheg_Group'
2024-10-29 15:16:11,556 INFO: Disabling torque for group Wheg_Group
2024-10-29 15:16:11,560 INFO: Enabling torque for group Wheg_Group
2024-10-29 15:16:11,564 INFO: Setting the profile velocity for group Wheg_Group from config.yaml: 10
2024-10-29 15:16:11,566 INFO: Profile velocities set for group Wheg_Group: {1: 43.7, 2: 43.7, 3: 43.7, 4: 43.7, 5: 43.7, 6: 43.7}
2024-10-29 15:16:11,567 INFO: Setting the profile velocity for group Wheg_Group from config.yaml: 10
2024-10-29 15:16:11,568 INFO: Profile velocities set for group Wheg_Group: {1: 43.7, 2: 43.7, 3: 43.7, 4: 43.7, 5: 43.7, 6: 43.7}
2024-10-29 15:16:11,569 INFO: Profile velocities set for group Wheg_Group: {1: 11.224797363281251, 2: 123.47277099609376, 3: 11.224797363281251, 4: 123.47277099609376, 5: 11.224797363281251, 6: 123.47277099609376}
2024-10-29 15:16:11,570 INFO: Incrementing motor positions by {1: -30, 2: -330, 3: -30, 4: 330, 5: 30, 6: 330} degrees for group 'Wheg_Group'
2024-10-29 15:16:11,581 INFO: Gait 4 step executed at 2.57RPM, wait for -1.92 seconds
2024-10-29 15:16:11,595 INFO: Profile velocities set for group Wheg_Group: {1: 121.96471557617188, 2: 11.087701416015625, 3: 121.96471557617188, 4: 11.087701416015625, 5: 121.96471557617188, 6: 11.087701416015625}
2024-10-29 15:16:11,595 INFO: Incrementing motor positions by {1: -330, 2: -30, 3: -330, 4: 30, 5: 330, 6: 30} degrees for group 'Wheg_Group'
2024-10-29 15:16:11,606 INFO: Gait 4 step executed at 2.54RPM, wait for -1.95 seconds
2024-10-29 15:16:11,619 WARNING: Motors are not in the correct positions for Gait 4. Positions: {1: 167.34375, 2: 193.974609375, 3: 171.123046875, 4: 163.125, 5: 186.328125, 6: 165.498046875}
2024-10-29 15:16:11,619 WARNING: Waiting for 1 second before checking for movement
2024-10-29 15:16:11,754 INFO: Motors are moving. Continuing with the gait.
2024-10-29 15:16:12,294 WARNING: Motors are not in the correct positions for Gait 4. Positions: {1: 59.94140625, 2: 194.4140625, 3: 62.490234375, 4: 171.73828125, 5: 295.576171875, 6: 176.748046875}
2024-10-29 15:16:12,295 WARNING: Waiting for 1 second before checking for movement
2024-10-29 15:16:12,401 INFO: Motors are moving. Continuing with the gait.
2024-10-29 15:16:12,918 WARNING: Motors are not in the correct positions for Gait 4. Positions: {1: 251.703125, 2: 194.677734375, 3: 254.427734375, 4: 180.439453125, 5: 40.814453125, 6: 184.306640625}
2024-10-29 15:16:12,918 WARNING: Waiting for 1 second before checking for movement
2024-10-29 15:16:13,025 INFO: Motors are moving. Continuing with the gait.
2024-10-29 15:16:13,544 WARNING: Motors are not in the correct positions for Gait 4. Positions: {1: 146.673828125, 2: 194.677734375, 3: 150.1015625, 4: 190.107421875, 5: 145.580078125, 6: 191.513671875}
2024-10-29 15:16:13,545 WARNING: Waiting for 1 second before checking for movement
2024-10-29 15:16:13,652 INFO: Motors are moving. Continuing with the gait.
2024-10-29 15:16:14,167 WARNING: Motors are not in the correct positions for Gait 4. Positions: {1: 133.841796875, 2: 193.974609375, 3: 140.873046875, 4: 190.546875, 5: 155.248046875, 6: 193.271484375}
2024-10-29 15:16:14,168 WARNING: Waiting for 1 second before checking for movement
2024-10-29 15:16:14,274 CRITICAL: Motors are not moving, reseting positions, and waiting for 3 seconds.
2024-10-29 15:16:14,274 INFO: Running set_position_group for group 'Wheg_Group' with positions: {1: 165, 2: 195, 3: 165, 4: 165, 5: 195, 6: 165}
2024-10-29 15:16:14,280 WARNING: Motor 1 is not in Position Control Mode. Setting mode now.
2024-10-29 15:16:14,280 INFO: Setting operating mode 'position' for group 'Wheg_Group'
2024-10-29 15:16:14,281 INFO: Disabling torque for group Wheg_Group
2024-10-29 15:16:14,281 INFO: Enabling torque for group Wheg_Group
2024-10-29 15:16:14,282 INFO: Setting the profile velocity for group Wheg_Group from config.yaml: 10
2024-10-29 15:16:14,283 INFO: Profile velocities set for group Wheg_Group: {1: 43.7, 2: 43.7, 3: 43.7, 4: 43.7, 5: 43.7, 6: 43.7}
2024-10-29 15:16:14,283 INFO: Setting the profile velocity for group Wheg_Group from config.yaml: 10
2024-10-29 15:16:14,284 INFO: Profile velocities set for group Wheg_Group: {1: 43.7, 2: 43.7, 3: 43.7, 4: 43.7, 5: 43.7, 6: 43.7}
2024-10-29 15:16:17,312 INFO: Setting operating mode 'multi_turn' for group 'Wheg_Group'
2024-10-29 15:16:17,313 INFO: Disabling torque for group Wheg_Group
2024-10-29 15:16:17,318 INFO: Enabling torque for group Wheg_Group
2024-10-29 15:16:17,319 INFO: Setting the profile velocity for group Wheg_Group from config.yaml: 10
2024-10-29 15:16:17,320 INFO: Profile velocities set for group Wheg_Group: {1: 43.7, 2: 43.7, 3: 43.7, 4: 43.7, 5: 43.7, 6: 43.7}
2024-10-29 15:16:17,321 INFO: Setting the profile velocity for group Wheg_Group from config.yaml: 10
2024-10-29 15:16:17,323 INFO: Profile velocities set for group Wheg_Group: {1: 43.7, 2: 43.7, 3: 43.7, 4: 43.7, 5: 43.7, 6: 43.7}
2024-10-29 15:16:17,324 INFO: Profile velocities set for group Wheg_Group: {1: 10.779235534667968, 2: 118.57159088134766, 3: 10.779235534667968, 4: 118.57159088134766, 5: 10.779235534667968, 6: 118.57159088134766}
2024-10-29 15:16:17,324 INFO: Incrementing motor positions by {1: -30, 2: -330, 3: -30, 4: 330, 5: 30, 6: 330} degrees for group 'Wheg_Group'
2024-10-29 15:16:17,336 INFO: Gait 4 step executed at 2.47RPM, wait for -2.00 seconds
2024-10-29 15:16:17,350 INFO: Profile velocities set for group Wheg_Group: {1: 118.57159088134766, 2: 10.779235534667968, 3: 118.57159088134766, 4: 10.779235534667968, 5: 118.57159088134766, 6: 10.779235534667968}
2024-10-29 15:16:17,351 INFO: Incrementing motor positions by {1: -330, 2: -30, 3: -330, 4: 30, 5: 330, 6: 30} degrees for group 'Wheg_Group'
2024-10-29 15:16:17,362 INFO: Gait 4 step executed at 2.47RPM, wait for -2.00 seconds
2024-10-29 15:16:17,375 WARNING: Motors are not in the correct positions for Gait 4. Positions: {1: 170.595703125, 2: 192.919921875, 3: 170.68359375, 4: 162.94921875, 5: 186.416015625, 6: 165.498046875}
2024-10-29 15:16:17,376 WARNING: Waiting for 1 second before checking for movement
2024-10-29 15:16:17,512 INFO: Motors are moving. Continuing with the gait.
2024-10-29 15:16:18,055 WARNING: Motors are not in the correct positions for Gait 4. Positions: {1: 64.3359375, 2: 188.96484375, 3: 63.80859375, 4: 171.38671875, 5: 293.5546875, 6: 176.30859375}
2024-10-29 15:16:18,056 WARNING: Waiting for 1 second before checking for movement
2024-10-29 15:16:18,162 INFO: Motors are moving. Continuing with the gait.
2024-10-29 15:16:18,679 WARNING: Motors are not in the correct positions for Gait 4. Positions: {1: 258.55859375, 2: 189.140625, 3: 258.3828125, 4: 178.2421875, 5: 36.33203125, 6: 182.724609375}
2024-10-29 15:16:18,680 WARNING: Waiting for 1 second before checking for movement
2024-10-29 15:16:18,786 INFO: Motors are moving. Continuing with the gait.
2024-10-29 15:16:19,304 WARNING: Motors are not in the correct positions for Gait 4. Positions: {1: 156.517578125, 2: 189.228515625, 3: 156.78125, 4: 189.228515625, 5: 138.109375, 6: 191.6015625}
2024-10-29 15:16:19,305 WARNING: Waiting for 1 second before checking for movement
2024-10-29 15:16:19,411 INFO: Motors are moving. Continuing with the gait.
2024-10-29 15:16:19,928 WARNING: Motors are not in the correct positions for Gait 4. Positions: {1: 136.654296875, 2: 189.052734375, 3: 139.994140625, 4: 189.228515625, 5: 156.21484375, 6: 193.0078125}
2024-10-29 15:16:19,929 WARNING: Waiting for 1 second before checking for movement
2024-10-29 15:16:20,036 CRITICAL: Motors are not moving, reseting positions, and waiting for 3 seconds.
2024-10-29 15:16:20,036 INFO: Running set_position_group for group 'Wheg_Group' with positions: {1: 165, 2: 195, 3: 165, 4: 165, 5: 195, 6: 165}
2024-10-29 15:16:20,042 WARNING: Motor 1 is not in Position Control Mode. Setting mode now.
2024-10-29 15:16:20,043 INFO: Setting operating mode 'position' for group 'Wheg_Group'
2024-10-29 15:16:20,043 INFO: Disabling torque for group Wheg_Group
2024-10-29 15:16:20,044 INFO: Enabling torque for group Wheg_Group
2024-10-29 15:16:20,045 INFO: Setting the profile velocity for group Wheg_Group from config.yaml: 10
2024-10-29 15:16:20,045 INFO: Profile velocities set for group Wheg_Group: {1: 43.7, 2: 43.7, 3: 43.7, 4: 43.7, 5: 43.7, 6: 43.7}
2024-10-29 15:16:20,046 INFO: Setting the profile velocity for group Wheg_Group from config.yaml: 10
2024-10-29 15:16:20,047 INFO: Profile velocities set for group Wheg_Group: {1: 43.7, 2: 43.7, 3: 43.7, 4: 43.7, 5: 43.7, 6: 43.7}
2024-10-29 15:16:23,075 INFO: Setting operating mode 'multi_turn' for group 'Wheg_Group'
2024-10-29 15:16:23,078 INFO: Disabling torque for group Wheg_Group
2024-10-29 15:16:23,084 INFO: Enabling torque for group Wheg_Group
2024-10-29 15:16:23,085 INFO: Setting the profile velocity for group Wheg_Group from config.yaml: 10
2024-10-29 15:16:23,086 INFO: Profile velocities set for group Wheg_Group: {1: 43.7, 2: 43.7, 3: 43.7, 4: 43.7, 5: 43.7, 6: 43.7}
2024-10-29 15:16:23,087 INFO: Setting the profile velocity for group Wheg_Group from config.yaml: 10
2024-10-29 15:16:23,088 INFO: Profile velocities set for group Wheg_Group: {1: 43.7, 2: 43.7, 3: 43.7, 4: 43.7, 5: 43.7, 6: 43.7}
2024-10-29 15:16:23,090 INFO: Profile velocities set for group Wheg_Group: {1: 10.84778350830078, 2: 119.3256185913086, 3: 10.84778350830078, 4: 119.3256185913086, 5: 10.84778350830078, 6: 119.3256185913086}
2024-10-29 15:16:23,091 INFO: Incrementing motor positions by {1: -30, 2: -330, 3: -30, 4: 330, 5: 30, 6: 330} degrees for group 'Wheg_Group'
2024-10-29 15:16:23,102 INFO: Gait 4 step executed at 2.48RPM, wait for -1.99 seconds
2024-10-29 15:16:23,116 INFO: Profile velocities set for group Wheg_Group: {1: 119.70263244628906, 2: 10.882057495117188, 3: 119.70263244628906, 4: 10.882057495117188, 5: 119.70263244628906, 6: 10.882057495117188}
2024-10-29 15:16:23,116 INFO: Incrementing motor positions by {1: -330, 2: -30, 3: -330, 4: 30, 5: 330, 6: 30} degrees for group 'Wheg_Group'
2024-10-29 15:16:23,127 INFO: Gait 4 step executed at 2.49RPM, wait for -1.98 seconds
2024-10-29 15:16:23,140 WARNING: Motors are not in the correct positions for Gait 4. Positions: {1: 171.5625, 2: 192.744140625, 3: 171.03515625, 4: 162.421875, 5: 187.03125, 6: 165.498046875}
2024-10-29 15:16:23,140 WARNING: Waiting for 1 second before checking for movement
2024-10-29 15:16:23,278 INFO: Motors are moving. Continuing with the gait.
2024-10-29 15:16:23,823 WARNING: Motors are not in the correct positions for Gait 4. Positions: {1: 63.896484375, 2: 192.392578125, 3: 63.017578125, 4: 170.15625, 5: 295.751953125, 6: 175.869140625}
2024-10-29 15:16:23,823 WARNING: Waiting for 1 second before checking for movement
2024-10-29 15:16:23,930 INFO: Motors are moving. Continuing with the gait.
2024-10-29 15:16:24,449 WARNING: Motors are not in the correct positions for Gait 4. Positions: {1: 257.15234375, 2: 192.65625, 3: 256.185546875, 4: 178.154296875, 5: 39.583984375, 6: 182.548828125}
2024-10-29 15:16:24,449 WARNING: Waiting for 1 second before checking for movement
2024-10-29 15:16:24,558 INFO: Motors are moving. Continuing with the gait.
2024-10-29 15:16:25,077 WARNING: Motors are not in the correct positions for Gait 4. Positions: {1: 153.44140625, 2: 192.65625, 3: 153.44140625, 4: 189.31640625, 5: 142.6796875, 6: 191.953125}
2024-10-29 15:16:25,077 WARNING: Waiting for 1 second before checking for movement
2024-10-29 15:16:25,184 INFO: Motors are moving. Continuing with the gait.
2024-10-29 15:16:25,708 WARNING: Motors are not in the correct positions for Gait 4. Positions: {1: 137.62109375, 2: 192.392578125, 3: 141.13671875, 4: 189.404296875, 5: 156.390625, 6: 193.447265625}
2024-10-29 15:16:25,708 WARNING: Waiting for 1 second before checking for movement
2024-10-29 15:16:25,815 CRITICAL: Motors are not moving, reseting positions, and waiting for 3 seconds.
2024-10-29 15:16:25,816 INFO: Running set_position_group for group 'Wheg_Group' with positions: {1: 165, 2: 195, 3: 165, 4: 165, 5: 195, 6: 165}
2024-10-29 15:16:25,821 WARNING: Motor 1 is not in Position Control Mode. Setting mode now.
2024-10-29 15:16:25,821 INFO: Setting operating mode 'position' for group 'Wheg_Group'
2024-10-29 15:16:25,821 INFO: Disabling torque for group Wheg_Group
2024-10-29 15:16:25,823 INFO: Enabling torque for group Wheg_Group
2024-10-29 15:16:25,824 INFO: Setting the profile velocity for group Wheg_Group from config.yaml: 10
2024-10-29 15:16:25,824 INFO: Profile velocities set for group Wheg_Group: {1: 43.7, 2: 43.7, 3: 43.7, 4: 43.7, 5: 43.7, 6: 43.7}
2024-10-29 15:16:25,825 INFO: Setting the profile velocity for group Wheg_Group from config.yaml: 10
2024-10-29 15:16:25,826 INFO: Profile velocities set for group Wheg_Group: {1: 43.7, 2: 43.7, 3: 43.7, 4: 43.7, 5: 43.7, 6: 43.7}
2024-10-29 15:16:28,827 INFO: Setting operating mode 'multi_turn' for group 'Wheg_Group'
2024-10-29 15:16:28,828 INFO: Disabling torque for group Wheg_Group
2024-10-29 15:16:28,829 INFO: Enabling torque for group Wheg_Group
2024-10-29 15:16:28,831 INFO: Setting the profile velocity for group Wheg_Group from config.yaml: 10
2024-10-29 15:16:28,832 INFO: Profile velocities set for group Wheg_Group: {1: 43.7, 2: 43.7, 3: 43.7, 4: 43.7, 5: 43.7, 6: 43.7}
2024-10-29 15:16:28,833 INFO: Setting the profile velocity for group Wheg_Group from config.yaml: 10
2024-10-29 15:16:28,834 INFO: Profile velocities set for group Wheg_Group: {1: 43.7, 2: 43.7, 3: 43.7, 4: 43.7, 5: 43.7, 6: 43.7}
2024-10-29 15:16:28,835 INFO: Profile velocities set for group Wheg_Group: {1: 10.882057495117188, 2: 119.70263244628906, 3: 10.882057495117188, 4: 119.70263244628906, 5: 10.882057495117188, 6: 119.70263244628906}
2024-10-29 15:16:28,836 INFO: Incrementing motor positions by {1: -30, 2: -330, 3: -30, 4: 330, 5: 30, 6: 330} degrees for group 'Wheg_Group'
2024-10-29 15:16:28,847 INFO: Gait 4 step executed at 2.49RPM, wait for -1.98 seconds
2024-10-29 15:16:28,861 INFO: Profile velocities set for group Wheg_Group: {1: 120.07964630126953, 2: 10.916331481933595, 3: 120.07964630126953, 4: 10.916331481933595, 5: 120.07964630126953, 6: 10.916331481933595}
2024-10-29 15:16:28,862 INFO: Incrementing motor positions by {1: -330, 2: -30, 3: -330, 4: 30, 5: 330, 6: 30} degrees for group 'Wheg_Group'
2024-10-29 15:16:28,873 INFO: Gait 4 step executed at 2.50RPM, wait for -1.98 seconds
2024-10-29 15:16:28,886 WARNING: Motors are not in the correct positions for Gait 4. Positions: {1: 170.15625, 2: 193.0078125, 3: 171.03515625, 4: 162.685546875, 5: 187.91015625, 6: 165.498046875}
2024-10-29 15:16:28,887 WARNING: Waiting for 1 second before checking for movement
2024-10-29 15:16:29,026 INFO: Motors are moving. Continuing with the gait.
2024-10-29 15:16:29,574 WARNING: Motors are not in the correct positions for Gait 4. Positions: {1: 61.34765625, 2: 193.359375, 3: 61.34765625, 4: 170.68359375, 5: 297.94921875, 6: 176.396484375}
2024-10-29 15:16:29,574 WARNING: Waiting for 1 second before checking for movement
2024-10-29 15:16:29,680 INFO: Motors are moving. Continuing with the gait.
2024-10-29 15:16:30,205 WARNING: Motors are not in the correct positions for Gait 4. Positions: {1: 252.494140625, 2: 193.53515625, 3: 252.7578125, 4: 178.505859375, 5: 43.71484375, 6: 183.076171875}
2024-10-29 15:16:30,205 WARNING: Waiting for 1 second before checking for movement
2024-10-29 15:16:30,312 INFO: Motors are moving. Continuing with the gait.
2024-10-29 15:16:30,831 WARNING: Motors are not in the correct positions for Gait 4. Positions: {1: 148.34375, 2: 193.623046875, 3: 149.3984375, 4: 188.349609375, 5: 147.6015625, 6: 191.25}
2024-10-29 15:16:30,832 WARNING: Waiting for 1 second before checking for movement
2024-10-29 15:16:30,938 INFO: Motors are moving. Continuing with the gait.
2024-10-29 15:16:31,461 WARNING: Motors are not in the correct positions for Gait 4. Positions: {1: 136.302734375, 2: 193.359375, 3: 141.224609375, 4: 188.4375, 5: 156.830078125, 6: 193.447265625}
2024-10-29 15:16:31,462 WARNING: Waiting for 1 second before checking for movement
2024-10-29 15:16:31,569 CRITICAL: Motors are not moving, reseting positions, and waiting for 3 seconds.
2024-10-29 15:16:31,569 INFO: Running set_position_group for group 'Wheg_Group' with positions: {1: 165, 2: 195, 3: 165, 4: 165, 5: 195, 6: 165}
2024-10-29 15:16:31,574 WARNING: Motor 1 is not in Position Control Mode. Setting mode now.
2024-10-29 15:16:31,575 INFO: Setting operating mode 'position' for group 'Wheg_Group'
2024-10-29 15:16:31,575 INFO: Disabling torque for group Wheg_Group
2024-10-29 15:16:31,576 INFO: Enabling torque for group Wheg_Group
2024-10-29 15:16:31,577 INFO: Setting the profile velocity for group Wheg_Group from config.yaml: 10
2024-10-29 15:16:31,578 INFO: Profile velocities set for group Wheg_Group: {1: 43.7, 2: 43.7, 3: 43.7, 4: 43.7, 5: 43.7, 6: 43.7}
2024-10-29 15:16:31,579 INFO: Setting the profile velocity for group Wheg_Group from config.yaml: 10
2024-10-29 15:16:31,579 INFO: Profile velocities set for group Wheg_Group: {1: 43.7, 2: 43.7, 3: 43.7, 4: 43.7, 5: 43.7, 6: 43.7}
2024-10-29 15:16:34,581 INFO: Setting operating mode 'multi_turn' for group 'Wheg_Group'
2024-10-29 15:16:34,582 INFO: Disabling torque for group Wheg_Group
2024-10-29 15:16:34,583 INFO: Enabling torque for group Wheg_Group
2024-10-29 15:16:34,585 INFO: Setting the profile velocity for group Wheg_Group from config.yaml: 10
2024-10-29 15:16:34,586 INFO: Profile velocities set for group Wheg_Group: {1: 43.7, 2: 43.7, 3: 43.7, 4: 43.7, 5: 43.7, 6: 43.7}
2024-10-29 15:16:34,587 INFO: Setting the profile velocity for group Wheg_Group from config.yaml: 10
2024-10-29 15:16:34,588 INFO: Profile velocities set for group Wheg_Group: {1: 43.7, 2: 43.7, 3: 43.7, 4: 43.7, 5: 43.7, 6: 43.7}
2024-10-29 15:16:34,589 INFO: Profile velocities set for group Wheg_Group: {1: 11.4989892578125, 2: 126.4888818359375, 3: 11.4989892578125, 4: 126.4888818359375, 5: 11.4989892578125, 6: 126.4888818359375}
2024-10-29 15:16:34,590 INFO: Incrementing motor positions by {1: -30, 2: -330, 3: -30, 4: 330, 5: 30, 6: 330} degrees for group 'Wheg_Group'
2024-10-29 15:16:34,601 INFO: Gait 4 step executed at 2.63RPM, wait for -1.88 seconds
2024-10-29 15:16:34,615 INFO: Profile velocities set for group Wheg_Group: {1: 128.37395111083984, 2: 11.670359191894532, 3: 128.37395111083984, 4: 11.670359191894532, 5: 128.37395111083984, 6: 11.670359191894532}
2024-10-29 15:16:34,616 INFO: Incrementing motor positions by {1: -330, 2: -30, 3: -330, 4: 30, 5: 330, 6: 30} degrees for group 'Wheg_Group'
2024-10-29 15:16:34,627 INFO: Gait 4 step executed at 2.67RPM, wait for -1.85 seconds
2024-10-29 15:16:34,640 WARNING: Motors are not in the correct positions for Gait 4. Positions: {1: 168.310546875, 2: 192.65625, 3: 170.859375, 4: 162.861328125, 5: 188.61328125, 6: 165.5859375}
2024-10-29 15:16:34,641 WARNING: Waiting for 1 second before checking for movement
2024-10-29 15:16:34,778 INFO: Motors are moving. Continuing with the gait.
2024-10-29 15:16:35,325 WARNING: Motors are not in the correct positions for Gait 4. Positions: {1: 52.91015625, 2: 192.919921875, 3: 54.4921875, 4: 172.44140625, 5: 305.5078125, 6: 177.275390625}
2024-10-29 15:16:35,325 WARNING: Waiting for 1 second before checking for movement
2024-10-29 15:16:35,433 INFO: Motors are moving. Continuing with the gait.
2024-10-29 15:16:35,957 WARNING: Motors are not in the correct positions for Gait 4. Positions: {1: 237.11328125, 2: 193.095703125, 3: 238.87109375, 4: 181.93359375, 5: 58.12890625, 6: 184.658203125}
2024-10-29 15:16:35,958 WARNING: Waiting for 1 second before checking for movement
2024-10-29 15:16:36,064 INFO: Motors are moving. Continuing with the gait.
2024-10-29 15:16:36,588 WARNING: Motors are not in the correct positions for Gait 4. Positions: {1: 134.6328125, 2: 193.0078125, 3: 141.6640625, 4: 189.4921875, 5: 157.4453125, 6: 192.919921875}
2024-10-29 15:16:36,589 WARNING: Waiting for 1 second before checking for movement
2024-10-29 15:16:36,695 CRITICAL: Motors are not moving, reseting positions, and waiting for 3 seconds.
2024-10-29 15:16:36,696 INFO: Running set_position_group for group 'Wheg_Group' with positions: {1: 165, 2: 195, 3: 165, 4: 165, 5: 195, 6: 165}
2024-10-29 15:16:36,701 WARNING: Motor 1 is not in Position Control Mode. Setting mode now.
2024-10-29 15:16:36,702 INFO: Setting operating mode 'position' for group 'Wheg_Group'
2024-10-29 15:16:36,703 INFO: Disabling torque for group Wheg_Group
2024-10-29 15:16:36,704 INFO: Enabling torque for group Wheg_Group
2024-10-29 15:16:36,705 INFO: Setting the profile velocity for group Wheg_Group from config.yaml: 10
2024-10-29 15:16:36,705 INFO: Profile velocities set for group Wheg_Group: {1: 43.7, 2: 43.7, 3: 43.7, 4: 43.7, 5: 43.7, 6: 43.7}
2024-10-29 15:16:36,706 INFO: Setting the profile velocity for group Wheg_Group from config.yaml: 10
2024-10-29 15:16:36,707 INFO: Profile velocities set for group Wheg_Group: {1: 43.7, 2: 43.7, 3: 43.7, 4: 43.7, 5: 43.7, 6: 43.7}
2024-10-29 15:16:39,738 INFO: Setting operating mode 'multi_turn' for group 'Wheg_Group'
2024-10-29 15:16:39,740 INFO: Disabling torque for group Wheg_Group
2024-10-29 15:16:39,745 INFO: Enabling torque for group Wheg_Group
2024-10-29 15:16:39,748 INFO: Setting the profile velocity for group Wheg_Group from config.yaml: 10
2024-10-29 15:16:39,751 INFO: Profile velocities set for group Wheg_Group: {1: 43.7, 2: 43.7, 3: 43.7, 4: 43.7, 5: 43.7, 6: 43.7}
2024-10-29 15:16:39,752 INFO: Setting the profile velocity for group Wheg_Group from config.yaml: 10
2024-10-29 15:16:39,753 INFO: Profile velocities set for group Wheg_Group: {1: 43.7, 2: 43.7, 3: 43.7, 4: 43.7, 5: 43.7, 6: 43.7}
2024-10-29 15:16:39,755 INFO: Profile velocities set for group Wheg_Group: {1: 11.738907165527344, 2: 129.1279788208008, 3: 11.738907165527344, 4: 129.1279788208008, 5: 11.738907165527344, 6: 129.1279788208008}
2024-10-29 15:16:39,756 INFO: Incrementing motor positions by {1: -30, 2: -330, 3: -30, 4: 330, 5: 30, 6: 330} degrees for group 'Wheg_Group'
2024-10-29 15:16:39,767 INFO: Gait 4 step executed at 2.69RPM, wait for -1.84 seconds
2024-10-29 15:16:39,780 INFO: Profile velocities set for group Wheg_Group: {1: 129.50499267578127, 2: 11.773181152343751, 3: 129.50499267578127, 4: 11.773181152343751, 5: 129.50499267578127, 6: 11.773181152343751}
2024-10-29 15:16:39,781 INFO: Incrementing motor positions by {1: -330, 2: -30, 3: -330, 4: 30, 5: 330, 6: 30} degrees for group 'Wheg_Group'
2024-10-29 15:16:39,792 INFO: Gait 4 step executed at 2.69RPM, wait for -1.83 seconds
2024-10-29 15:16:39,805 WARNING: Motors are not in the correct positions for Gait 4. Positions: {1: 168.92578125, 2: 193.7109375, 3: 170.244140625, 4: 162.94921875, 5: 188.7890625, 6: 165.5859375}
2024-10-29 15:16:39,806 WARNING: Waiting for 1 second before checking for movement
2024-10-29 15:16:39,944 INFO: Motors are moving. Continuing with the gait.
2024-10-29 15:16:40,489 WARNING: Motors are not in the correct positions for Gait 4. Positions: {1: 52.55859375, 2: 194.501953125, 3: 52.998046875, 4: 172.08984375, 5: 306.474609375, 6: 177.451171875}
2024-10-29 15:16:40,490 WARNING: Waiting for 1 second before checking for movement
2024-10-29 15:16:40,596 INFO: Motors are moving. Continuing with the gait.
2024-10-29 15:16:41,120 WARNING: Motors are not in the correct positions for Gait 4. Positions: {1: 236.146484375, 2: 194.677734375, 3: 236.5859375, 4: 182.197265625, 5: 59.798828125, 6: 185.009765625}
2024-10-29 15:16:41,121 WARNING: Waiting for 1 second before checking for movement
2024-10-29 15:16:41,227 INFO: Motors are moving. Continuing with the gait.
2024-10-29 15:16:41,755 WARNING: Motors are not in the correct positions for Gait 4. Positions: {1: 134.720703125, 2: 194.501953125, 3: 140.521484375, 4: 189.931640625, 5: 157.09375, 6: 193.18359375}
2024-10-29 15:16:41,756 WARNING: Waiting for 1 second before checking for movement
2024-10-29 15:16:41,863 CRITICAL: Motors are not moving, reseting positions, and waiting for 3 seconds.
2024-10-29 15:16:41,864 INFO: Running set_position_group for group 'Wheg_Group' with positions: {1: 165, 2: 195, 3: 165, 4: 165, 5: 195, 6: 165}
2024-10-29 15:16:41,869 WARNING: Motor 1 is not in Position Control Mode. Setting mode now.
2024-10-29 15:16:41,869 INFO: Setting operating mode 'position' for group 'Wheg_Group'
2024-10-29 15:16:41,870 INFO: Disabling torque for group Wheg_Group
2024-10-29 15:16:41,871 INFO: Enabling torque for group Wheg_Group
2024-10-29 15:16:41,872 INFO: Setting the profile velocity for group Wheg_Group from config.yaml: 10
2024-10-29 15:16:41,874 INFO: Profile velocities set for group Wheg_Group: {1: 43.7, 2: 43.7, 3: 43.7, 4: 43.7, 5: 43.7, 6: 43.7}
2024-10-29 15:16:41,875 INFO: Setting the profile velocity for group Wheg_Group from config.yaml: 10
2024-10-29 15:16:41,875 INFO: Profile velocities set for group Wheg_Group: {1: 43.7, 2: 43.7, 3: 43.7, 4: 43.7, 5: 43.7, 6: 43.7}
2024-10-29 15:16:44,908 INFO: Setting operating mode 'multi_turn' for group 'Wheg_Group'
2024-10-29 15:16:44,910 INFO: Disabling torque for group Wheg_Group
2024-10-29 15:16:44,913 INFO: Enabling torque for group Wheg_Group
2024-10-29 15:16:44,915 INFO: Setting the profile velocity for group Wheg_Group from config.yaml: 10
2024-10-29 15:16:44,916 INFO: Profile velocities set for group Wheg_Group: {1: 43.7, 2: 43.7, 3: 43.7, 4: 43.7, 5: 43.7, 6: 43.7}
2024-10-29 15:16:44,917 INFO: Setting the profile velocity for group Wheg_Group from config.yaml: 10
2024-10-29 15:16:44,918 INFO: Profile velocities set for group Wheg_Group: {1: 43.7, 2: 43.7, 3: 43.7, 4: 43.7, 5: 43.7, 6: 43.7}
2024-10-29 15:16:44,919 INFO: Profile velocities set for group Wheg_Group: {1: 11.773181152343751, 2: 129.50499267578127, 3: 11.773181152343751, 4: 129.50499267578127, 5: 11.773181152343751, 6: 129.50499267578127}
2024-10-29 15:16:44,920 INFO: Incrementing motor positions by {1: -30, 2: -330, 3: -30, 4: 330, 5: 30, 6: 330} degrees for group 'Wheg_Group'
2024-10-29 15:16:44,931 INFO: Gait 4 step executed at 2.69RPM, wait for -1.83 seconds
2024-10-29 15:16:44,945 INFO: Profile velocities set for group Wheg_Group: {1: 129.50499267578127, 2: 11.773181152343751, 3: 129.50499267578127, 4: 11.773181152343751, 5: 129.50499267578127, 6: 11.773181152343751}
2024-10-29 15:16:44,945 INFO: Incrementing motor positions by {1: -330, 2: -30, 3: -330, 4: 30, 5: 330, 6: 30} degrees for group 'Wheg_Group'
2024-10-29 15:16:44,956 INFO: Gait 4 step executed at 2.69RPM, wait for -1.83 seconds
2024-10-29 15:16:44,969 WARNING: Motors are not in the correct positions for Gait 4. Positions: {1: 170.068359375, 2: 194.326171875, 3: 170.419921875, 4: 163.125, 5: 186.6796875, 6: 165.498046875}
2024-10-29 15:16:44,969 WARNING: Waiting for 1 second before checking for movement
2024-10-29 15:16:45,107 INFO: Motors are moving. Continuing with the gait.
2024-10-29 15:16:45,659 WARNING: Motors are not in the correct positions for Gait 4. Positions: {1: 52.55859375, 2: 195.380859375, 3: 52.20703125, 4: 172.44140625, 5: 305.68359375, 6: 177.451171875}
2024-10-29 15:16:45,660 WARNING: Waiting for 1 second before checking for movement
2024-10-29 15:16:45,766 INFO: Motors are moving. Continuing with the gait.
2024-10-29 15:16:46,292 WARNING: Motors are not in the correct positions for Gait 4. Positions: {1: 235.619140625, 2: 195.64453125, 3: 235.443359375, 4: 182.109375, 5: 59.53515625, 6: 184.921875}
2024-10-29 15:16:46,293 WARNING: Waiting for 1 second before checking for movement
2024-10-29 15:16:46,400 INFO: Motors are moving. Continuing with the gait.
2024-10-29 15:16:46,929 WARNING: Motors are not in the correct positions for Gait 4. Positions: {1: 135.951171875, 2: 195.380859375, 3: 140.169921875, 4: 190.37109375, 5: 155.248046875, 6: 193.095703125}
2024-10-29 15:16:46,930 WARNING: Waiting for 1 second before checking for movement
2024-10-29 15:16:47,036 CRITICAL: Motors are not moving, reseting positions, and waiting for 3 seconds.
2024-10-29 15:16:47,037 INFO: Running set_position_group for group 'Wheg_Group' with positions: {1: 165, 2: 195, 3: 165, 4: 165, 5: 195, 6: 165}
2024-10-29 15:16:47,042 WARNING: Motor 1 is not in Position Control Mode. Setting mode now.
2024-10-29 15:16:47,043 INFO: Setting operating mode 'position' for group 'Wheg_Group'
2024-10-29 15:16:47,043 INFO: Disabling torque for group Wheg_Group
2024-10-29 15:16:47,044 INFO: Enabling torque for group Wheg_Group
2024-10-29 15:16:47,045 INFO: Setting the profile velocity for group Wheg_Group from config.yaml: 10
2024-10-29 15:16:47,046 INFO: Profile velocities set for group Wheg_Group: {1: 43.7, 2: 43.7, 3: 43.7, 4: 43.7, 5: 43.7, 6: 43.7}
2024-10-29 15:16:47,047 INFO: Setting the profile velocity for group Wheg_Group from config.yaml: 10
2024-10-29 15:16:47,047 INFO: Profile velocities set for group Wheg_Group: {1: 43.7, 2: 43.7, 3: 43.7, 4: 43.7, 5: 43.7, 6: 43.7}
2024-10-29 15:16:50,050 INFO: Setting operating mode 'multi_turn' for group 'Wheg_Group'
2024-10-29 15:16:50,051 INFO: Disabling torque for group Wheg_Group
2024-10-29 15:16:50,053 INFO: Enabling torque for group Wheg_Group
2024-10-29 15:16:50,054 INFO: Setting the profile velocity for group Wheg_Group from config.yaml: 10
2024-10-29 15:16:50,056 INFO: Profile velocities set for group Wheg_Group: {1: 43.7, 2: 43.7, 3: 43.7, 4: 43.7, 5: 43.7, 6: 43.7}
2024-10-29 15:16:50,057 INFO: Setting the profile velocity for group Wheg_Group from config.yaml: 10
2024-10-29 15:16:50,058 INFO: Profile velocities set for group Wheg_Group: {1: 43.7, 2: 43.7, 3: 43.7, 4: 43.7, 5: 43.7, 6: 43.7}
2024-10-29 15:16:50,060 INFO: Profile velocities set for group Wheg_Group: {1: 11.773181152343751, 2: 129.50499267578127, 3: 11.773181152343751, 4: 129.50499267578127, 5: 11.773181152343751, 6: 129.50499267578127}
2024-10-29 15:16:50,060 INFO: Incrementing motor positions by {1: -30, 2: -330, 3: -30, 4: 330, 5: 30, 6: 330} degrees for group 'Wheg_Group'
2024-10-29 15:16:50,072 INFO: Gait 4 step executed at 2.69RPM, wait for -1.83 seconds
2024-10-29 15:16:55,799 INFO: Running set_position_group for group 'Wheg_Group' with positions: {1: 165, 2: 195, 3: 165, 4: 165, 5: 195, 6: 165}
2024-10-29 15:16:55,804 WARNING: Motor 1 is not in Position Control Mode. Setting mode now.
2024-10-29 15:16:55,805 INFO: Setting operating mode 'position' for group 'Wheg_Group'
2024-10-29 15:16:55,806 INFO: Disabling torque for group Wheg_Group
2024-10-29 15:16:55,807 INFO: Enabling torque for group Wheg_Group
2024-10-29 15:16:55,808 INFO: Setting the profile velocity for group Wheg_Group from config.yaml: 10
2024-10-29 15:16:55,809 INFO: Profile velocities set for group Wheg_Group: {1: 43.7, 2: 43.7, 3: 43.7, 4: 43.7, 5: 43.7, 6: 43.7}
2024-10-29 15:16:55,809 INFO: Setting the profile velocity for group Wheg_Group from config.yaml: 10
2024-10-29 15:16:55,810 INFO: Profile velocities set for group Wheg_Group: {1: 43.7, 2: 43.7, 3: 43.7, 4: 43.7, 5: 43.7, 6: 43.7}
2024-10-29 15:16:56,317 INFO: Profile velocities set for group Wheg_Group: {1: 58.626387939453124, 2: 5.329671630859375, 3: 58.626387939453124, 4: 5.329671630859375, 5: 58.626387939453124, 6: 5.329671630859375}
2024-10-29 15:16:56,318 INFO: Incrementing motor positions by {1: 330, 2: 30, 3: 330, 4: -30, 5: -330, 6: -30} degrees for group 'Wheg_Group'
2024-10-29 15:16:56,323 WARNING: Motor 1 is not in Extended Position Control Mode. Setting mode now.
2024-10-29 15:16:56,324 INFO: Setting operating mode 'multi_turn' for group 'Wheg_Group'
2024-10-29 15:16:56,324 INFO: Disabling torque for group Wheg_Group
2024-10-29 15:16:56,325 INFO: Enabling torque for group Wheg_Group
2024-10-29 15:16:56,326 INFO: Setting the profile velocity for group Wheg_Group from config.yaml: 10
2024-10-29 15:16:56,327 INFO: Profile velocities set for group Wheg_Group: {1: 43.7, 2: 43.7, 3: 43.7, 4: 43.7, 5: 43.7, 6: 43.7}
2024-10-29 15:16:56,328 INFO: Setting the profile velocity for group Wheg_Group from config.yaml: 10
2024-10-29 15:16:56,329 INFO: Profile velocities set for group Wheg_Group: {1: 43.7, 2: 43.7, 3: 43.7, 4: 43.7, 5: 43.7, 6: 43.7}
2024-10-29 15:16:56,335 INFO: Gait 4 step executed at 1.22RPM, wait for 4.12 seconds
2024-10-29 15:17:00,975 WARNING: Motors are not in the correct positions for Gait 4. Positions: {1: 69.466796875, 2: 244.775390625, 3: 72.89453125, 4: 119.619140625, 5: 231.13671875, 6: 131.1328125}
2024-10-29 15:17:00,976 WARNING: Waiting for 1 second before checking for movement
2024-10-29 15:17:01,083 INFO: Motors are moving. Continuing with the gait.
2024-10-29 15:17:02,115 WARNING: Motors are not in the correct positions for Gait 4. Positions: {1: 119.388671875, 2: 233.701171875, 3: 125.892578125, 4: 119.794921875, 5: 174.18359375, 6: 131.044921875}
2024-10-29 15:17:02,115 WARNING: Waiting for 1 second before checking for movement
2024-10-29 15:17:02,257 CRITICAL: Motors are not moving, reseting positions, and waiting for 3 seconds.
2024-10-29 15:17:02,258 INFO: Running set_position_group for group 'Wheg_Group' with positions: {1: 165, 2: 195, 3: 165, 4: 165, 5: 195, 6: 165}
2024-10-29 15:17:02,263 WARNING: Motor 1 is not in Position Control Mode. Setting mode now.
2024-10-29 15:17:02,264 INFO: Setting operating mode 'position' for group 'Wheg_Group'
2024-10-29 15:17:02,264 INFO: Disabling torque for group Wheg_Group
2024-10-29 15:17:02,266 INFO: Enabling torque for group Wheg_Group
2024-10-29 15:17:02,267 INFO: Setting the profile velocity for group Wheg_Group from config.yaml: 10
2024-10-29 15:17:02,268 INFO: Profile velocities set for group Wheg_Group: {1: 43.7, 2: 43.7, 3: 43.7, 4: 43.7, 5: 43.7, 6: 43.7}
2024-10-29 15:17:02,268 INFO: Setting the profile velocity for group Wheg_Group from config.yaml: 10
2024-10-29 15:17:02,269 INFO: Profile velocities set for group Wheg_Group: {1: 43.7, 2: 43.7, 3: 43.7, 4: 43.7, 5: 43.7, 6: 43.7}
2024-10-29 15:17:02,435 WARNING: Emergency stop activated! Stopping all motors asynchronously.
2024-10-29 15:17:02,437 INFO: Setting operating mode 'velocity' for group 'All_Motors'
2024-10-29 15:17:02,439 INFO: Disabling torque for group All_Motors
2024-10-29 15:17:02,441 INFO: Enabling torque for group All_Motors
2024-10-29 15:17:02,443 INFO: Setting the profile velocity for group All_Motors from config.yaml: 8
2024-10-29 15:17:02,444 INFO: Profile velocities set for group All_Motors: {1: 34.96, 2: 34.96, 3: 34.96, 4: 34.96, 5: 34.96, 6: 34.96, 7: 34.96, 8: 34.96}
2024-10-29 15:17:02,444 WARNING: Velocity limit 200 exceeds hard limit 100. Limiting to 100.
2024-10-29 15:17:02,445 INFO: Velocity limit set to 100 for group All_Motors
2024-10-29 15:17:02,446 INFO: Enabling torque for group All_Motors
2024-10-29 15:17:02,447 INFO: Setting the profile velocity for group All_Motors from config.yaml: 8
2024-10-29 15:17:02,448 INFO: Profile velocities set for group All_Motors: {1: 34.96, 2: 34.96, 3: 34.96, 4: 34.96, 5: 34.96, 6: 34.96, 7: 34.96, 8: 34.96}
2024-10-29 15:17:02,448 INFO: Target velocities set for group All_Motors: {1: 0, 2: 0, 3: 0, 4: 0, 5: 0, 6: 0, 7: 0, 8: 0}
2024-10-29 15:17:05,151 INFO: Emergency Stop Deactivated. Resuming control...
2024-10-29 15:17:05,270 INFO: Setting operating mode 'multi_turn' for group 'Wheg_Group'
2024-10-29 15:17:05,271 INFO: Disabling torque for group Wheg_Group
2024-10-29 15:17:05,272 INFO: Enabling torque for group Wheg_Group
2024-10-29 15:17:05,273 INFO: Setting the profile velocity for group Wheg_Group from config.yaml: 10
2024-10-29 15:17:05,274 INFO: Profile velocities set for group Wheg_Group: {1: 43.7, 2: 43.7, 3: 43.7, 4: 43.7, 5: 43.7, 6: 43.7}
2024-10-29 15:17:05,275 INFO: Setting the profile velocity for group Wheg_Group from config.yaml: 10
2024-10-29 15:17:05,276 INFO: Profile velocities set for group Wheg_Group: {1: 43.7, 2: 43.7, 3: 43.7, 4: 43.7, 5: 43.7, 6: 43.7}
2024-10-29 15:17:05,277 INFO: Profile velocities set for group Wheg_Group: {1: 9.716741943359375, 2: 106.88416137695313, 3: 9.716741943359375, 4: 106.88416137695313, 5: 9.716741943359375, 6: 106.88416137695313}
2024-10-29 15:17:05,277 INFO: Incrementing motor positions by {1: 30, 2: 330, 3: 30, 4: -330, 5: -30, 6: -330} degrees for group 'Wheg_Group'
2024-10-29 15:17:05,288 INFO: Gait 4 step executed at 2.22RPM, wait for 2.27 seconds
2024-10-29 15:17:19,626 INFO: R3 pressed. Turning mode requested
2024-10-29 15:17:36,490 INFO: share pressed. Turning mode deactivating
2024-10-29 15:17:36,495 WARNING: No motors found for group 'All_Whegs'
2024-10-29 15:17:36,495 WARNING: Set direction of whegs to forward
2024-10-29 15:17:36,497 INFO: Turn mode deactivating
2024-10-29 15:17:36,505 INFO: Initialising Gait 1
2024-10-29 15:17:36,505 INFO: Running set_position_group for group 'Wheg_Group' with positions: 180
2024-10-29 15:17:36,511 WARNING: Motor 1 is not in Position Control Mode. Setting mode now.
2024-10-29 15:17:36,512 INFO: Setting operating mode 'position' for group 'Wheg_Group'
2024-10-29 15:17:36,513 INFO: Disabling torque for group Wheg_Group
2024-10-29 15:17:36,513 INFO: Enabling torque for group Wheg_Group
2024-10-29 15:17:36,514 INFO: Setting the profile velocity for group Wheg_Group from config.yaml: 10
2024-10-29 15:17:36,515 INFO: Profile velocities set for group Wheg_Group: {1: 43.7, 2: 43.7, 3: 43.7, 4: 43.7, 5: 43.7, 6: 43.7}
2024-10-29 15:17:36,516 INFO: Setting the profile velocity for group Wheg_Group from config.yaml: 10
2024-10-29 15:17:36,517 INFO: Profile velocities set for group Wheg_Group: {1: 43.7, 2: 43.7, 3: 43.7, 4: 43.7, 5: 43.7, 6: 43.7}
2024-10-29 15:17:36,517 INFO: Running set_position_group for group 'Pivot_Group' with positions: 180
2024-10-29 15:17:36,521 WARNING: Motor 7 is not in Position Control Mode. Setting mode now.
2024-10-29 15:17:36,521 INFO: Setting operating mode 'position' for group 'Pivot_Group'
2024-10-29 15:17:36,522 INFO: Disabling torque for group Pivot_Group
2024-10-29 15:17:36,523 INFO: Enabling torque for group Pivot_Group
2024-10-29 15:17:36,524 INFO: Setting the profile velocity for group Pivot_Group from config.yaml: 4
2024-10-29 15:17:36,524 INFO: Profile velocities set for group Pivot_Group: {7: 17.48, 8: 17.48}
2024-10-29 15:17:36,525 INFO: Setting the profile velocity for group Pivot_Group from config.yaml: 4
2024-10-29 15:17:36,526 INFO: Profile velocities set for group Pivot_Group: {7: 17.48, 8: 17.48}
2024-10-29 15:17:36,526 INFO: Initialised Gait 1, waiting for 3 seconds
2024-10-29 15:17:38,667 INFO: R3 pressed. Turning mode requested
2024-10-29 15:17:39,528 INFO: Setting operating mode 'multi_turn' for group 'Wheg_Group'
2024-10-29 15:17:39,529 INFO: Disabling torque for group Wheg_Group
2024-10-29 15:17:39,530 INFO: Enabling torque for group Wheg_Group
2024-10-29 15:17:39,531 INFO: Setting the profile velocity for group Wheg_Group from config.yaml: 10
2024-10-29 15:17:39,532 INFO: Profile velocities set for group Wheg_Group: {1: 43.7, 2: 43.7, 3: 43.7, 4: 43.7, 5: 43.7, 6: 43.7}
2024-10-29 15:17:39,533 INFO: Setting the profile velocity for group Wheg_Group from config.yaml: 10
2024-10-29 15:17:39,534 INFO: Profile velocities set for group Wheg_Group: {1: 43.7, 2: 43.7, 3: 43.7, 4: 43.7, 5: 43.7, 6: 43.7}
2024-10-29 15:17:39,535 INFO: New gait 1 is now active.
2024-10-29 15:17:39,535 INFO: Initialising Turn Mode
2024-10-29 15:17:39,536 INFO: Running set_position_group for group 'Wheg_Group' with positions: {1: 165, 2: 195, 3: 165, 4: 165, 5: 195, 6: 165}
2024-10-29 15:17:39,541 WARNING: Motor 1 is not in Position Control Mode. Setting mode now.
2024-10-29 15:17:39,541 INFO: Setting operating mode 'position' for group 'Wheg_Group'
2024-10-29 15:17:39,542 INFO: Disabling torque for group Wheg_Group
2024-10-29 15:17:39,543 INFO: Enabling torque for group Wheg_Group
2024-10-29 15:17:39,544 INFO: Setting the profile velocity for group Wheg_Group from config.yaml: 10
2024-10-29 15:17:39,545 INFO: Profile velocities set for group Wheg_Group: {1: 43.7, 2: 43.7, 3: 43.7, 4: 43.7, 5: 43.7, 6: 43.7}
2024-10-29 15:17:39,546 INFO: Setting the profile velocity for group Wheg_Group from config.yaml: 10
2024-10-29 15:17:39,546 INFO: Profile velocities set for group Wheg_Group: {1: 43.7, 2: 43.7, 3: 43.7, 4: 43.7, 5: 43.7, 6: 43.7}
2024-10-29 15:17:39,548 INFO: Running set_position_group for group 'Pivot_Group' with positions: 180
2024-10-29 15:17:39,551 INFO: Initialised turn mode, waiting for 3 seconds
2024-10-29 15:17:42,553 INFO: Setting operating mode 'multi_turn' for group 'Wheg_Group'
2024-10-29 15:17:42,555 INFO: Disabling torque for group Wheg_Group
2024-10-29 15:17:42,558 INFO: Enabling torque for group Wheg_Group
2024-10-29 15:17:42,560 INFO: Setting the profile velocity for group Wheg_Group from config.yaml: 10
2024-10-29 15:17:42,561 INFO: Profile velocities set for group Wheg_Group: {1: 43.7, 2: 43.7, 3: 43.7, 4: 43.7, 5: 43.7, 6: 43.7}
2024-10-29 15:17:42,562 INFO: Setting the profile velocity for group Wheg_Group from config.yaml: 10
2024-10-29 15:17:42,563 INFO: Profile velocities set for group Wheg_Group: {1: 43.7, 2: 43.7, 3: 43.7, 4: 43.7, 5: 43.7, 6: 43.7}
2024-10-29 15:17:42,563 INFO: Turn mode activated.
2024-10-29 15:17:48,489 INFO: Profile velocities set for group Wheg_Group: {1: 4.64419189453125, 2: 51.08611083984375, 3: 4.64419189453125, 4: 51.08611083984375, 5: 4.64419189453125, 6: 51.08611083984375}
2024-10-29 15:17:48,489 INFO: Incrementing motor positions by {1: 30, 2: 330, 3: 30, 4: -330, 5: -30, 6: -330} degrees for group 'Wheg_Group'
2024-10-29 15:17:48,499 INFO: Gait 4 step executed at 1.06RPM, wait for 4.73 seconds
2024-10-29 15:17:53,781 INFO: Profile velocities set for group Wheg_Group: {1: 65.41263732910157, 2: 5.946603393554688, 3: 65.41263732910157, 4: 5.946603393554688, 5: 65.41263732910157, 6: 5.946603393554688}
2024-10-29 15:17:53,782 INFO: Incrementing motor positions by {1: 330, 2: 30, 3: 330, 4: -30, 5: -330, 6: -30} degrees for group 'Wheg_Group'
2024-10-29 15:17:53,795 INFO: Gait 4 step executed at 1.36RPM, wait for 3.70 seconds
2024-10-29 15:17:58,021 WARNING: Motors are not in the correct positions for Gait 4. Positions: {1: 157.97265625, 2: 168.34375, 3: 161.576171875, 4: 109.671875, 5: 144.212890625, 6: 107.826171875}
2024-10-29 15:17:58,021 WARNING: Waiting for 1 second before checking for movement
2024-10-29 15:17:58,168 INFO: Motors are moving. Continuing with the gait.
2024-10-29 15:17:59,183 WARNING: Motors are not in the correct positions for Gait 4. Positions: {1: 158.236328125, 2: 169.92578125, 3: 161.576171875, 4: 106.595703125, 5: 144.212890625, 6: 104.837890625}
2024-10-29 15:17:59,185 WARNING: Waiting for 1 second before checking for movement
2024-10-29 15:17:59,292 CRITICAL: Motors are not moving, reseting positions, and waiting for 3 seconds.
2024-10-29 15:17:59,293 INFO: Running set_position_group for group 'Wheg_Group' with positions: {1: 165, 2: 195, 3: 165, 4: 165, 5: 195, 6: 165}
2024-10-29 15:17:59,298 WARNING: Motor 1 is not in Position Control Mode. Setting mode now.
2024-10-29 15:17:59,299 INFO: Setting operating mode 'position' for group 'Wheg_Group'
2024-10-29 15:17:59,299 INFO: Disabling torque for group Wheg_Group
2024-10-29 15:17:59,300 INFO: Enabling torque for group Wheg_Group
2024-10-29 15:17:59,301 INFO: Setting the profile velocity for group Wheg_Group from config.yaml: 10
2024-10-29 15:17:59,302 INFO: Profile velocities set for group Wheg_Group: {1: 43.7, 2: 43.7, 3: 43.7, 4: 43.7, 5: 43.7, 6: 43.7}
2024-10-29 15:17:59,302 INFO: Setting the profile velocity for group Wheg_Group from config.yaml: 10
2024-10-29 15:17:59,303 INFO: Profile velocities set for group Wheg_Group: {1: 43.7, 2: 43.7, 3: 43.7, 4: 43.7, 5: 43.7, 6: 43.7}
2024-10-29 15:18:02,338 INFO: Setting operating mode 'multi_turn' for group 'Wheg_Group'
2024-10-29 15:18:02,339 INFO: Disabling torque for group Wheg_Group
2024-10-29 15:18:02,343 INFO: Enabling torque for group Wheg_Group
2024-10-29 15:18:02,344 INFO: Setting the profile velocity for group Wheg_Group from config.yaml: 10
2024-10-29 15:18:02,345 INFO: Profile velocities set for group Wheg_Group: {1: 43.7, 2: 43.7, 3: 43.7, 4: 43.7, 5: 43.7, 6: 43.7}
2024-10-29 15:18:02,346 INFO: Setting the profile velocity for group Wheg_Group from config.yaml: 10
2024-10-29 15:18:02,347 INFO: Profile velocities set for group Wheg_Group: {1: 43.7, 2: 43.7, 3: 43.7, 4: 43.7, 5: 43.7, 6: 43.7}
2024-10-29 15:18:02,348 INFO: Profile velocities set for group Wheg_Group: {1: 5.775233459472656, 2: 63.52756805419922, 3: 5.775233459472656, 4: 63.52756805419922, 5: 5.775233459472656, 6: 63.52756805419922}
2024-10-29 15:18:02,348 INFO: Incrementing motor positions by {1: 30, 2: 330, 3: 30, 4: -330, 5: -30, 6: -330} degrees for group 'Wheg_Group'
2024-10-29 15:18:02,359 INFO: Gait 4 step executed at 1.32RPM, wait for 3.81 seconds
2024-10-29 15:18:06,735 INFO: Profile velocities set for group Wheg_Group: {1: 80.11617767333985, 2: 7.283288879394531, 3: 80.11617767333985, 4: 7.283288879394531, 5: 80.11617767333985, 6: 7.283288879394531}
2024-10-29 15:18:06,735 INFO: Incrementing motor positions by {1: 330, 2: 30, 3: 330, 4: -30, 5: -330, 6: -30} degrees for group 'Wheg_Group'
2024-10-29 15:18:06,746 INFO: Gait 4 step executed at 1.67RPM, wait for 3.03 seconds
2024-10-29 15:18:10,328 WARNING: Motors are not in the correct positions for Gait 4. Positions: {1: 152.611328125, 2: 161.576171875, 3: 159.291015625, 4: 111.60546875, 5: 161.0, 6: 105.716796875}
2024-10-29 15:18:10,328 WARNING: Waiting for 1 second before checking for movement
2024-10-29 15:18:10,480 CRITICAL: Motors are not moving, reseting positions, and waiting for 3 seconds.
2024-10-29 15:18:10,481 INFO: Running set_position_group for group 'Wheg_Group' with positions: {1: 165, 2: 195, 3: 165, 4: 165, 5: 195, 6: 165}
2024-10-29 15:18:10,486 WARNING: Motor 1 is not in Position Control Mode. Setting mode now.
2024-10-29 15:18:10,487 INFO: Setting operating mode 'position' for group 'Wheg_Group'
2024-10-29 15:18:10,488 INFO: Disabling torque for group Wheg_Group
2024-10-29 15:18:10,488 INFO: Enabling torque for group Wheg_Group
2024-10-29 15:18:10,489 INFO: Setting the profile velocity for group Wheg_Group from config.yaml: 10
2024-10-29 15:18:10,490 INFO: Profile velocities set for group Wheg_Group: {1: 43.7, 2: 43.7, 3: 43.7, 4: 43.7, 5: 43.7, 6: 43.7}
2024-10-29 15:18:10,491 INFO: Setting the profile velocity for group Wheg_Group from config.yaml: 10
2024-10-29 15:18:10,492 INFO: Profile velocities set for group Wheg_Group: {1: 43.7, 2: 43.7, 3: 43.7, 4: 43.7, 5: 43.7, 6: 43.7}
2024-10-29 15:18:13,515 INFO: Setting operating mode 'multi_turn' for group 'Wheg_Group'
2024-10-29 15:18:13,516 INFO: Disabling torque for group Wheg_Group
2024-10-29 15:18:13,520 INFO: Enabling torque for group Wheg_Group
2024-10-29 15:18:13,521 INFO: Setting the profile velocity for group Wheg_Group from config.yaml: 10
2024-10-29 15:18:13,522 INFO: Profile velocities set for group Wheg_Group: {1: 43.7, 2: 43.7, 3: 43.7, 4: 43.7, 5: 43.7, 6: 43.7}
2024-10-29 15:18:13,523 INFO: Setting the profile velocity for group Wheg_Group from config.yaml: 10
2024-10-29 15:18:13,524 INFO: Profile velocities set for group Wheg_Group: {1: 43.7, 2: 43.7, 3: 43.7, 4: 43.7, 5: 43.7, 6: 43.7}
2024-10-29 15:18:13,524 INFO: Profile velocities set for group Wheg_Group: {1: 7.317562866210937, 2: 80.49319152832031, 3: 7.317562866210937, 4: 80.49319152832031, 5: 7.317562866210937, 6: 80.49319152832031}
2024-10-29 15:18:13,525 INFO: Incrementing motor positions by {1: 30, 2: 330, 3: 30, 4: -330, 5: -30, 6: -330} degrees for group 'Wheg_Group'
2024-10-29 15:18:13,537 INFO: Gait 4 step executed at 1.67RPM, wait for 3.01 seconds
2024-10-29 15:18:17,077 INFO: Profile velocities set for group Wheg_Group: {1: 92.93464874267579, 2: 8.448604431152344, 3: 92.93464874267579, 4: 8.448604431152344, 5: 92.93464874267579, 6: 8.448604431152344}
2024-10-29 15:18:17,077 INFO: Incrementing motor positions by {1: 330, 2: 30, 3: 330, 4: -30, 5: -330, 6: -30} degrees for group 'Wheg_Group'
2024-10-29 15:18:17,088 INFO: Gait 4 step executed at 1.93RPM, wait for 2.61 seconds
2024-10-29 15:18:21,175 WARNING: Emergency stop activated! Stopping all motors asynchronously.
2024-10-29 15:18:21,178 INFO: Setting operating mode 'velocity' for group 'All_Motors'
2024-10-29 15:18:21,180 INFO: Disabling torque for group All_Motors
2024-10-29 15:18:21,181 INFO: Enabling torque for group All_Motors
2024-10-29 15:18:21,182 INFO: Setting the profile velocity for group All_Motors from config.yaml: 8
2024-10-29 15:18:21,183 INFO: Profile velocities set for group All_Motors: {1: 34.96, 2: 34.96, 3: 34.96, 4: 34.96, 5: 34.96, 6: 34.96, 7: 34.96, 8: 34.96}
2024-10-29 15:18:21,183 WARNING: Velocity limit 200 exceeds hard limit 100. Limiting to 100.
2024-10-29 15:18:21,184 INFO: Velocity limit set to 100 for group All_Motors
2024-10-29 15:18:21,185 INFO: Enabling torque for group All_Motors
2024-10-29 15:18:21,185 INFO: Setting the profile velocity for group All_Motors from config.yaml: 8
2024-10-29 15:18:21,186 INFO: Profile velocities set for group All_Motors: {1: 34.96, 2: 34.96, 3: 34.96, 4: 34.96, 5: 34.96, 6: 34.96, 7: 34.96, 8: 34.96}
2024-10-29 15:18:21,187 INFO: Target velocities set for group All_Motors: {1: 0, 2: 0, 3: 0, 4: 0, 5: 0, 6: 0, 7: 0, 8: 0}
2024-10-29 15:19:19,561 INFO: Initiating safe shutdown...
2024-10-29 15:19:19,561 INFO: Setting operating mode 'velocity' for group 'All_Motors'
2024-10-29 15:19:19,562 INFO: Disabling torque for group All_Motors
2024-10-29 15:19:19,564 INFO: Enabling torque for group All_Motors
2024-10-29 15:19:19,564 INFO: Setting the profile velocity for group All_Motors from config.yaml: 8
2024-10-29 15:19:19,565 INFO: Profile velocities set for group All_Motors: {1: 34.96, 2: 34.96, 3: 34.96, 4: 34.96, 5: 34.96, 6: 34.96, 7: 34.96, 8: 34.96}
2024-10-29 15:19:19,566 WARNING: Velocity limit 200 exceeds hard limit 100. Limiting to 100.
2024-10-29 15:19:19,567 INFO: Velocity limit set to 100 for group All_Motors
2024-10-29 15:19:19,567 INFO: Enabling torque for group All_Motors
2024-10-29 15:19:19,568 INFO: Setting the profile velocity for group All_Motors from config.yaml: 8
2024-10-29 15:19:19,569 INFO: Profile velocities set for group All_Motors: {1: 34.96, 2: 34.96, 3: 34.96, 4: 34.96, 5: 34.96, 6: 34.96, 7: 34.96, 8: 34.96}
2024-10-29 15:19:19,570 INFO: Target velocities set for group All_Motors: {1: 0, 2: 0, 3: 0, 4: 0, 5: 0, 6: 0, 7: 0, 8: 0}
2024-10-29 15:19:19,570 INFO: Running set_position_group for group 'All_Motors' with positions: 180
2024-10-29 15:19:19,578 WARNING: Motor 1 is not in Position Control Mode. Setting mode now.
2024-10-29 15:19:19,578 INFO: Setting operating mode 'position' for group 'All_Motors'
2024-10-29 15:19:19,579 INFO: Disabling torque for group All_Motors
2024-10-29 15:19:19,580 INFO: Enabling torque for group All_Motors
2024-10-29 15:19:19,581 INFO: Setting the profile velocity for group All_Motors from config.yaml: 8
2024-10-29 15:19:19,581 INFO: Profile velocities set for group All_Motors: {1: 34.96, 2: 34.96, 3: 34.96, 4: 34.96, 5: 34.96, 6: 34.96, 7: 34.96, 8: 34.96}
2024-10-29 15:19:19,582 INFO: Setting the profile velocity for group All_Motors from config.yaml: 8
2024-10-29 15:19:19,583 INFO: Profile velocities set for group All_Motors: {1: 34.96, 2: 34.96, 3: 34.96, 4: 34.96, 5: 34.96, 6: 34.96, 7: 34.96, 8: 34.96}
2024-10-29 15:19:19,584 INFO: Closing PS4Controller and quitting pygame
2024-10-29 15:19:19,685 INFO: Port closed successfully.
2024-10-29 15:19:19,686 INFO: Shutdown complete.
