2025-04-17 17:35:29,356 INFO: Initializing PS4Controller
2025-04-17 17:35:29,884 INFO: Configuration loaded successfully
2025-04-17 17:35:29,888 INFO: Port /dev/ttyACM0 opened successfully
2025-04-17 17:35:29,898 INFO: Baudrate set to 1000000
2025-04-17 17:35:29,899 INFO: Control table loaded successfully.
2025-04-17 17:35:29,900 INFO: Motor group 'Pivot_Group' created with motors: [7, 8]
2025-04-17 17:35:29,901 INFO: Motor group 'Wheg_Group' created with motors: [1, 2, 3, 4, 5, 6]
2025-04-17 17:35:29,901 INFO: Motor group 'All_Motors' created with motors: [1, 2, 3, 4, 5, 6, 7, 8]
2025-04-17 17:35:29,901 INFO: Motor group 'Left_Whegs' created with motors: [1, 2, 3]
2025-04-17 17:35:29,902 INFO: Motor group 'Right_Whegs' created with motors: [4, 5, 6]
2025-04-17 17:35:29,903 INFO: Motor group 'Front_Whegs' created with motors: [3, 6]
2025-04-17 17:35:29,903 INFO: Motor group 'Rear_Whegs' created with motors: [1, 4]
2025-04-17 17:35:29,904 INFO: Motor group 'Middle_Whegs' created with motors: [2, 5]
2025-04-17 17:35:29,904 INFO: Motor group 'Two_Right_One_Left' created with motors: [2, 4, 6]
2025-04-17 17:35:29,905 INFO: Motor group 'Two_Left_One_Right' created with motors: [5, 1, 3]
2025-04-17 17:35:29,905 INFO: Initialised PS4 controller, Dynamixel, and Robot State
2025-04-17 17:35:29,905 INFO: Disabling torque for group Right_Whegs
2025-04-17 17:35:29,907 INFO: Drive mode set for group Right_Whegs with reverse_direction=True
2025-04-17 17:35:29,907 INFO: Enabling torque for group Right_Whegs
2025-04-17 17:35:29,908 INFO: Setting the profile velocity for group Right_Whegs from config.yaml: None
2025-04-17 17:35:29,909 ERROR: Profile velocity for group Right_Whegs not found in config.yaml and no value was provided.
2025-04-17 17:35:29,909 INFO: Disabling torque for group Left_Whegs
2025-04-17 17:35:29,910 INFO: Drive mode set for group Left_Whegs with reverse_direction=False
2025-04-17 17:35:29,910 INFO: Enabling torque for group Left_Whegs
2025-04-17 17:35:29,912 INFO: Setting the profile velocity for group Left_Whegs from config.yaml: None
2025-04-17 17:35:29,913 ERROR: Profile velocity for group Left_Whegs not found in config.yaml and no value was provided.
2025-04-17 17:35:29,913 INFO: Set the right side whegs to reverse direction
2025-04-17 17:35:29,914 INFO: Disabling torque for group Pivot_Group
2025-04-17 17:35:29,915 INFO: Drive mode set for group Pivot_Group with reverse_direction=False
2025-04-17 17:35:29,915 INFO: Enabling torque for group Pivot_Group
2025-04-17 17:35:29,916 INFO: Setting the profile velocity for group Pivot_Group from config.yaml: 4
2025-04-17 17:35:29,917 INFO: Profile velocities set for group Pivot_Group: {7: 17.48, 8: 17.48}
2025-04-17 17:35:29,919 INFO: Position limits set for group Pivot_Group: min=45° (ticks=511), max=315° (ticks=3583)
2025-04-17 17:35:29,919 INFO: Set position limits for the pivot motors
2025-04-17 17:35:30,063 INFO: Initialising Gait 1
2025-04-17 17:35:30,063 INFO: Disabling torque for group Wheg_Group
2025-04-17 17:35:30,065 INFO: Drive mode set for group Wheg_Group with reverse_direction={1: 0, 2: 0, 3: 0, 4: 1, 5: 1, 6: 1}
2025-04-17 17:35:30,065 INFO: Enabling torque for group Wheg_Group
2025-04-17 17:35:30,066 INFO: Setting the profile velocity for group Wheg_Group from config.yaml: 10
2025-04-17 17:35:30,066 INFO: Profile velocities set for group Wheg_Group: {1: 43.7, 2: 43.7, 3: 43.7, 4: 43.7, 5: 43.7, 6: 43.7}
2025-04-17 17:35:30,067 WARNING: Set direction of whegs to forward
2025-04-17 17:35:30,068 WARNING: Direction set for all whegs
2025-04-17 17:35:30,068 INFO: Running set_position_group for group 'Wheg_Group' with positions: 180
2025-04-17 17:35:30,074 INFO: Running set_position_group for group 'Pivot_Group' with positions: 180
2025-04-17 17:35:30,077 INFO: Initialised Gait 1, waiting for 1 seconds
2025-04-17 17:35:30,078 ERROR: Error controlling pivots: 'dpad_down'
2025-04-17 17:35:31,099 INFO: Setting operating mode 'multi_turn' for group 'Wheg_Group'
2025-04-17 17:35:31,100 INFO: Disabling torque for group Wheg_Group
2025-04-17 17:35:31,102 INFO: Enabling torque for group Wheg_Group
2025-04-17 17:35:31,105 INFO: Setting the profile velocity for group Wheg_Group from config.yaml: 10
2025-04-17 17:35:31,108 INFO: Profile velocities set for group Wheg_Group: {1: 43.7, 2: 43.7, 3: 43.7, 4: 43.7, 5: 43.7, 6: 43.7}
2025-04-17 17:35:31,109 INFO: Setting the profile velocity for group Wheg_Group from config.yaml: 10
2025-04-17 17:35:31,110 INFO: Profile velocities set for group Wheg_Group: {1: 43.7, 2: 43.7, 3: 43.7, 4: 43.7, 5: 43.7, 6: 43.7}
2025-04-17 17:35:31,110 INFO: New gait 1 is now active.
2025-04-17 17:35:35,425 INFO: Running set_position_group for group 'Pivot_Group' with positions: {7: 185, 8: 180}
2025-04-17 17:35:35,429 INFO: Front pivot angle set to 185 degrees (ticks: 185)
2025-04-17 17:35:35,429 INFO: Rear pivot angle set to 180 degrees (ticks: 180)
2025-04-17 17:35:35,698 INFO: Running set_position_group for group 'Pivot_Group' with positions: {7: 190, 8: 180}
2025-04-17 17:35:35,702 INFO: Front pivot angle set to 190 degrees (ticks: 190)
2025-04-17 17:35:35,703 INFO: Rear pivot angle set to 180 degrees (ticks: 180)
2025-04-17 17:35:36,504 INFO: Running set_position_group for group 'Pivot_Group' with positions: {7: 195, 8: 180}
2025-04-17 17:35:36,507 INFO: Front pivot angle set to 195 degrees (ticks: 195)
2025-04-17 17:35:36,508 INFO: Rear pivot angle set to 180 degrees (ticks: 180)
2025-04-17 17:35:36,777 INFO: Running set_position_group for group 'Pivot_Group' with positions: {7: 200, 8: 180}
2025-04-17 17:35:36,782 INFO: Front pivot angle set to 200 degrees (ticks: 200)
2025-04-17 17:35:36,782 INFO: Rear pivot angle set to 180 degrees (ticks: 180)
2025-04-17 17:35:37,049 INFO: Running set_position_group for group 'Pivot_Group' with positions: {7: 205, 8: 180}
2025-04-17 17:35:37,052 INFO: Front pivot angle set to 205 degrees (ticks: 205)
2025-04-17 17:35:37,053 INFO: Rear pivot angle set to 180 degrees (ticks: 180)
2025-04-17 17:35:38,383 INFO: Running set_position_group for group 'Pivot_Group' with positions: {7: 200, 8: 180}
2025-04-17 17:35:38,386 INFO: Front pivot angle set to 200 degrees (ticks: 200)
2025-04-17 17:35:38,387 INFO: Rear pivot angle set to 180 degrees (ticks: 180)
2025-04-17 17:35:38,654 INFO: Running set_position_group for group 'Pivot_Group' with positions: {7: 195, 8: 180}
2025-04-17 17:35:38,658 INFO: Front pivot angle set to 195 degrees (ticks: 195)
2025-04-17 17:35:38,658 INFO: Rear pivot angle set to 180 degrees (ticks: 180)
2025-04-17 17:35:38,941 INFO: Running set_position_group for group 'Pivot_Group' with positions: {7: 190, 8: 180}
2025-04-17 17:35:38,945 INFO: Front pivot angle set to 190 degrees (ticks: 190)
2025-04-17 17:35:38,945 INFO: Rear pivot angle set to 180 degrees (ticks: 180)
2025-04-17 17:35:39,226 INFO: Running set_position_group for group 'Pivot_Group' with positions: {7: 185, 8: 180}
2025-04-17 17:35:39,230 INFO: Front pivot angle set to 185 degrees (ticks: 185)
2025-04-17 17:35:39,230 INFO: Rear pivot angle set to 180 degrees (ticks: 180)
2025-04-17 17:35:39,774 INFO: Running set_position_group for group 'Pivot_Group' with positions: {7: 180, 8: 180}
2025-04-17 17:35:39,777 INFO: Front pivot angle set to 180 degrees (ticks: 180)
2025-04-17 17:35:39,778 INFO: Rear pivot angle set to 180 degrees (ticks: 180)
2025-04-17 17:35:40,596 INFO: Running set_position_group for group 'Pivot_Group' with positions: {7: 175, 8: 180}
2025-04-17 17:35:40,599 INFO: Front pivot angle set to 175 degrees (ticks: 175)
2025-04-17 17:35:40,600 INFO: Rear pivot angle set to 180 degrees (ticks: 180)
2025-04-17 17:35:47,633 INFO: Running set_position_group for group 'Pivot_Group' with positions: {7: 170, 8: 180}
2025-04-17 17:35:47,637 INFO: Front pivot angle set to 170 degrees (ticks: 170)
2025-04-17 17:35:47,637 INFO: Rear pivot angle set to 180 degrees (ticks: 180)
2025-04-17 17:35:49,854 INFO: Running set_position_group for group 'Pivot_Group' with positions: {7: 175, 8: 180}
2025-04-17 17:35:49,857 INFO: Front pivot angle set to 175 degrees (ticks: 175)
2025-04-17 17:35:49,857 INFO: Rear pivot angle set to 180 degrees (ticks: 180)
2025-04-17 17:39:53,127 INFO: Profile velocities set for group Wheg_Group: {1: 87.4, 2: 87.4, 3: 87.4, 4: 87.4, 5: 87.4, 6: 87.4}
2025-04-17 17:39:53,127 INFO: Incrementing motor positions by 360 degrees for group 'Wheg_Group'
2025-04-17 17:39:53,138 INFO: Gait 1 step executed at 20.00RPM, wait for 3.00 seconds
2025-04-17 17:39:56,727 INFO: Square pressed. Preparing to change to previous gait: 4
2025-04-17 17:39:56,737 INFO: Initialising Gait 4
2025-04-17 17:39:56,741 INFO: Direction data: {1: {'drive_mode': 0}, 2: {'drive_mode': 0}, 3: {'drive_mode': 0}}
2025-04-17 17:39:56,741 INFO: Disabling torque for group Left_Whegs
2025-04-17 17:39:56,742 INFO: Drive mode set for group Left_Whegs with reverse_direction={1: 1, 2: 1, 3: 1}
2025-04-17 17:39:56,743 INFO: Enabling torque for group Left_Whegs
2025-04-17 17:39:56,743 INFO: Setting the profile velocity for group Left_Whegs from config.yaml: None
2025-04-17 17:39:56,744 ERROR: Profile velocity for group Left_Whegs not found in config.yaml and no value was provided.
2025-04-17 17:39:56,746 WARNING: Reversed the direction of the left whegs
2025-04-17 17:39:56,747 INFO: Running set_position_group for group 'Wheg_Group' with positions: {1: 160, 2: 200, 3: 160, 4: 200, 5: 160, 6: 200}
2025-04-17 17:39:56,752 WARNING: Motor 1 is not in Position Control Mode. Setting mode now.
2025-04-17 17:39:56,753 INFO: Setting operating mode 'position' for group 'Wheg_Group'
2025-04-17 17:39:56,753 INFO: Disabling torque for group Wheg_Group
2025-04-17 17:39:56,754 INFO: Enabling torque for group Wheg_Group
2025-04-17 17:39:56,755 INFO: Setting the profile velocity for group Wheg_Group from config.yaml: 10
2025-04-17 17:39:56,756 INFO: Profile velocities set for group Wheg_Group: {1: 43.7, 2: 43.7, 3: 43.7, 4: 43.7, 5: 43.7, 6: 43.7}
2025-04-17 17:39:56,757 INFO: Setting the profile velocity for group Wheg_Group from config.yaml: 10
2025-04-17 17:39:56,758 INFO: Profile velocities set for group Wheg_Group: {1: 43.7, 2: 43.7, 3: 43.7, 4: 43.7, 5: 43.7, 6: 43.7}
2025-04-17 17:39:56,759 INFO: Running set_position_group for group 'Pivot_Group' with positions: 180
2025-04-17 17:39:56,763 INFO: Initialised Gait 4, waiting for 1 seconds
2025-04-17 17:39:56,842 INFO: Square pressed. Preparing to change to previous gait: 4
2025-04-17 17:39:56,955 INFO: Square pressed. Preparing to change to previous gait: 4
2025-04-17 17:39:57,071 INFO: Square pressed. Preparing to change to previous gait: 4
2025-04-17 17:39:57,191 INFO: Square pressed. Preparing to change to previous gait: 4
2025-04-17 17:39:57,305 INFO: Square pressed. Preparing to change to previous gait: 4
2025-04-17 17:39:57,423 INFO: Square pressed. Preparing to change to previous gait: 4
2025-04-17 17:39:57,539 INFO: Square pressed. Preparing to change to previous gait: 4
2025-04-17 17:39:57,665 INFO: Square pressed. Preparing to change to previous gait: 4
2025-04-17 17:39:57,781 INFO: Square pressed. Preparing to change to previous gait: 4
2025-04-17 17:39:57,784 INFO: Setting operating mode 'multi_turn' for group 'Wheg_Group'
2025-04-17 17:39:57,784 INFO: Disabling torque for group Wheg_Group
2025-04-17 17:39:57,787 INFO: Enabling torque for group Wheg_Group
2025-04-17 17:39:57,789 INFO: Setting the profile velocity for group Wheg_Group from config.yaml: 10
2025-04-17 17:39:57,790 INFO: Profile velocities set for group Wheg_Group: {1: 43.7, 2: 43.7, 3: 43.7, 4: 43.7, 5: 43.7, 6: 43.7}
2025-04-17 17:39:57,791 INFO: Setting the profile velocity for group Wheg_Group from config.yaml: 10
2025-04-17 17:39:57,792 INFO: Profile velocities set for group Wheg_Group: {1: 43.7, 2: 43.7, 3: 43.7, 4: 43.7, 5: 43.7, 6: 43.7}
2025-04-17 17:39:57,793 INFO: New gait 4 is now active.
2025-04-17 17:39:57,897 INFO: Square pressed. Preparing to change to previous gait: 3
2025-04-17 17:39:57,911 INFO: Initialsing Gait 3
2025-04-17 17:39:57,911 INFO: Disabling torque for group Wheg_Group
2025-04-17 17:39:57,913 INFO: Drive mode set for group Wheg_Group with reverse_direction={1: 0, 2: 0, 3: 0, 4: 1, 5: 1, 6: 1}
2025-04-17 17:39:57,914 INFO: Enabling torque for group Wheg_Group
2025-04-17 17:39:57,915 INFO: Setting the profile velocity for group Wheg_Group from config.yaml: 10
2025-04-17 17:39:57,917 INFO: Profile velocities set for group Wheg_Group: {1: 43.7, 2: 43.7, 3: 43.7, 4: 43.7, 5: 43.7, 6: 43.7}
2025-04-17 17:39:57,917 WARNING: Set direction of whegs to forward
2025-04-17 17:39:57,918 WARNING: Direction set for all whegs
2025-04-17 17:39:57,920 INFO: Running set_position_group for group 'Wheg_Group' with positions: {1: 200, 2: 160, 3: 160, 4: 200, 5: 160, 6: 160}
2025-04-17 17:39:57,925 WARNING: Motor 1 is not in Position Control Mode. Setting mode now.
2025-04-17 17:39:57,926 INFO: Setting operating mode 'position' for group 'Wheg_Group'
2025-04-17 17:39:57,926 INFO: Disabling torque for group Wheg_Group
2025-04-17 17:39:57,927 INFO: Enabling torque for group Wheg_Group
2025-04-17 17:39:57,928 INFO: Setting the profile velocity for group Wheg_Group from config.yaml: 10
2025-04-17 17:39:57,928 INFO: Profile velocities set for group Wheg_Group: {1: 43.7, 2: 43.7, 3: 43.7, 4: 43.7, 5: 43.7, 6: 43.7}
2025-04-17 17:39:57,929 INFO: Setting the profile velocity for group Wheg_Group from config.yaml: 10
2025-04-17 17:39:57,930 INFO: Profile velocities set for group Wheg_Group: {1: 43.7, 2: 43.7, 3: 43.7, 4: 43.7, 5: 43.7, 6: 43.7}
2025-04-17 17:39:57,931 INFO: Running set_position_group for group 'Pivot_Group' with positions: 180
2025-04-17 17:39:57,935 INFO: Initialised Gait 3, waiting for 1 seconds
2025-04-17 17:39:58,937 INFO: Setting operating mode 'multi_turn' for group 'Wheg_Group'
2025-04-17 17:39:58,937 INFO: Disabling torque for group Wheg_Group
2025-04-17 17:39:58,939 INFO: Enabling torque for group Wheg_Group
2025-04-17 17:39:58,939 INFO: Setting the profile velocity for group Wheg_Group from config.yaml: 10
2025-04-17 17:39:58,940 INFO: Profile velocities set for group Wheg_Group: {1: 43.7, 2: 43.7, 3: 43.7, 4: 43.7, 5: 43.7, 6: 43.7}
2025-04-17 17:39:58,941 INFO: Setting the profile velocity for group Wheg_Group from config.yaml: 10
2025-04-17 17:39:58,942 INFO: Profile velocities set for group Wheg_Group: {1: 43.7, 2: 43.7, 3: 43.7, 4: 43.7, 5: 43.7, 6: 43.7}
2025-04-17 17:39:58,942 INFO: New gait 3 is now active.
2025-04-17 17:40:04,317 INFO: Running set_position_group for group 'Pivot_Group' with positions: {7: 175, 8: 185}
2025-04-17 17:40:04,321 INFO: Front pivot angle set to 175 degrees (ticks: 175)
2025-04-17 17:40:04,322 INFO: Rear pivot angle set to 185 degrees (ticks: 185)
2025-04-17 17:40:04,572 INFO: Running set_position_group for group 'Pivot_Group' with positions: {7: 175, 8: 190}
2025-04-17 17:40:04,576 INFO: Front pivot angle set to 175 degrees (ticks: 175)
2025-04-17 17:40:04,576 INFO: Rear pivot angle set to 190 degrees (ticks: 190)
2025-04-17 17:40:04,880 INFO: Running set_position_group for group 'Pivot_Group' with positions: {7: 175, 8: 195}
2025-04-17 17:40:04,884 INFO: Front pivot angle set to 175 degrees (ticks: 175)
2025-04-17 17:40:04,885 INFO: Rear pivot angle set to 195 degrees (ticks: 195)
2025-04-17 17:40:05,137 INFO: Running set_position_group for group 'Pivot_Group' with positions: {7: 175, 8: 200}
2025-04-17 17:40:05,141 INFO: Front pivot angle set to 175 degrees (ticks: 175)
2025-04-17 17:40:05,141 INFO: Rear pivot angle set to 200 degrees (ticks: 200)
2025-04-17 17:40:05,393 INFO: Running set_position_group for group 'Pivot_Group' with positions: {7: 175, 8: 205}
2025-04-17 17:40:05,396 INFO: Front pivot angle set to 175 degrees (ticks: 175)
2025-04-17 17:40:05,397 INFO: Rear pivot angle set to 205 degrees (ticks: 205)
2025-04-17 17:40:05,710 INFO: Running set_position_group for group 'Pivot_Group' with positions: {7: 175, 8: 210}
2025-04-17 17:40:05,714 INFO: Front pivot angle set to 175 degrees (ticks: 175)
2025-04-17 17:40:05,714 INFO: Rear pivot angle set to 210 degrees (ticks: 210)
2025-04-17 17:40:05,972 INFO: Running set_position_group for group 'Pivot_Group' with positions: {7: 175, 8: 215}
2025-04-17 17:40:05,976 INFO: Front pivot angle set to 175 degrees (ticks: 175)
2025-04-17 17:40:05,976 INFO: Rear pivot angle set to 215 degrees (ticks: 215)
2025-04-17 17:40:06,280 INFO: Running set_position_group for group 'Pivot_Group' with positions: {7: 175, 8: 220}
2025-04-17 17:40:06,283 INFO: Front pivot angle set to 175 degrees (ticks: 175)
2025-04-17 17:40:06,284 INFO: Rear pivot angle set to 220 degrees (ticks: 220)
2025-04-17 17:40:06,535 INFO: Running set_position_group for group 'Pivot_Group' with positions: {7: 175, 8: 225}
2025-04-17 17:40:06,539 INFO: Front pivot angle set to 175 degrees (ticks: 175)
2025-04-17 17:40:06,539 INFO: Rear pivot angle set to 225 degrees (ticks: 225)
2025-04-17 17:40:06,790 INFO: Running set_position_group for group 'Pivot_Group' with positions: {7: 175, 8: 230}
2025-04-17 17:40:06,794 INFO: Front pivot angle set to 175 degrees (ticks: 175)
2025-04-17 17:40:06,795 INFO: Rear pivot angle set to 230 degrees (ticks: 230)
2025-04-17 17:40:07,100 INFO: Running set_position_group for group 'Pivot_Group' with positions: {7: 175, 8: 235}
2025-04-17 17:40:07,104 INFO: Front pivot angle set to 175 degrees (ticks: 175)
2025-04-17 17:40:07,104 INFO: Rear pivot angle set to 235 degrees (ticks: 235)
2025-04-17 17:40:07,356 INFO: Running set_position_group for group 'Pivot_Group' with positions: {7: 175, 8: 240}
2025-04-17 17:40:07,359 INFO: Front pivot angle set to 175 degrees (ticks: 175)
2025-04-17 17:40:07,360 INFO: Rear pivot angle set to 240 degrees (ticks: 240)
2025-04-17 17:40:07,676 INFO: Running set_position_group for group 'Pivot_Group' with positions: {7: 175, 8: 245}
2025-04-17 17:40:07,680 INFO: Front pivot angle set to 175 degrees (ticks: 175)
2025-04-17 17:40:07,680 INFO: Rear pivot angle set to 245 degrees (ticks: 245)
2025-04-17 17:40:07,932 INFO: Running set_position_group for group 'Pivot_Group' with positions: {7: 175, 8: 250}
2025-04-17 17:40:07,935 INFO: Front pivot angle set to 175 degrees (ticks: 175)
2025-04-17 17:40:07,936 INFO: Rear pivot angle set to 250 degrees (ticks: 250)
2025-04-17 17:40:08,253 INFO: Running set_position_group for group 'Pivot_Group' with positions: {7: 175, 8: 255}
2025-04-17 17:40:08,257 INFO: Front pivot angle set to 175 degrees (ticks: 175)
2025-04-17 17:40:08,257 INFO: Rear pivot angle set to 255 degrees (ticks: 255)
2025-04-17 17:40:08,508 INFO: Running set_position_group for group 'Pivot_Group' with positions: {7: 175, 8: 260}
2025-04-17 17:40:08,512 INFO: Front pivot angle set to 175 degrees (ticks: 175)
2025-04-17 17:40:08,513 INFO: Rear pivot angle set to 260 degrees (ticks: 260)
2025-04-17 17:40:08,764 INFO: Running set_position_group for group 'Pivot_Group' with positions: {7: 175, 8: 265}
2025-04-17 17:40:08,768 INFO: Front pivot angle set to 175 degrees (ticks: 175)
2025-04-17 17:40:08,768 INFO: Rear pivot angle set to 265 degrees (ticks: 265)
2025-04-17 17:40:09,082 INFO: Running set_position_group for group 'Pivot_Group' with positions: {7: 175, 8: 270}
2025-04-17 17:40:09,086 INFO: Front pivot angle set to 175 degrees (ticks: 175)
2025-04-17 17:40:09,086 INFO: Rear pivot angle set to 270 degrees (ticks: 270)
2025-04-17 17:40:09,343 INFO: Running set_position_group for group 'Pivot_Group' with positions: {7: 175, 8: 275}
2025-04-17 17:40:09,347 INFO: Front pivot angle set to 175 degrees (ticks: 175)
2025-04-17 17:40:09,347 INFO: Rear pivot angle set to 275 degrees (ticks: 275)
2025-04-17 17:40:10,842 INFO: Profile velocities set for group Wheg_Group: {1: 87.4, 2: 87.4, 3: 87.4, 4: 87.4, 5: 87.4, 6: 87.4}
2025-04-17 17:40:10,843 INFO: Incrementing motor positions by {1: 320, 2: 40, 3: 0, 4: 320, 5: 40, 6: 0} degrees for group 'Wheg_Group'
2025-04-17 17:40:10,853 INFO: Gait 3 step executed at 20.00 RPM, wait for 2.69 seconds
2025-04-17 17:40:13,920 INFO: Running set_position_group for group 'Pivot_Group' with positions: {7: 170, 8: 275}
2025-04-17 17:40:13,923 INFO: Front pivot angle set to 170 degrees (ticks: 170)
2025-04-17 17:40:13,924 INFO: Rear pivot angle set to 275 degrees (ticks: 275)
2025-04-17 17:40:14,180 INFO: Running set_position_group for group 'Pivot_Group' with positions: {7: 165, 8: 275}
2025-04-17 17:40:14,184 INFO: Front pivot angle set to 165 degrees (ticks: 165)
2025-04-17 17:40:14,185 INFO: Rear pivot angle set to 275 degrees (ticks: 275)
2025-04-17 17:40:14,435 INFO: Running set_position_group for group 'Pivot_Group' with positions: {7: 160, 8: 275}
2025-04-17 17:40:14,439 INFO: Front pivot angle set to 160 degrees (ticks: 160)
2025-04-17 17:40:14,440 INFO: Rear pivot angle set to 275 degrees (ticks: 275)
2025-04-17 17:40:14,735 INFO: Running set_position_group for group 'Pivot_Group' with positions: {7: 155, 8: 275}
2025-04-17 17:40:14,739 INFO: Front pivot angle set to 155 degrees (ticks: 155)
2025-04-17 17:40:14,739 INFO: Rear pivot angle set to 275 degrees (ticks: 275)
2025-04-17 17:40:15,813 INFO: Running set_position_group for group 'Pivot_Group' with positions: {7: 160, 8: 275}
2025-04-17 17:40:15,817 INFO: Front pivot angle set to 160 degrees (ticks: 160)
2025-04-17 17:40:15,817 INFO: Rear pivot angle set to 275 degrees (ticks: 275)
2025-04-17 17:40:16,069 INFO: Running set_position_group for group 'Pivot_Group' with positions: {7: 165, 8: 275}
2025-04-17 17:40:16,073 INFO: Front pivot angle set to 165 degrees (ticks: 165)
2025-04-17 17:40:16,074 INFO: Rear pivot angle set to 275 degrees (ticks: 275)
2025-04-17 17:40:16,325 INFO: Running set_position_group for group 'Pivot_Group' with positions: {7: 170, 8: 275}
2025-04-17 17:40:16,329 INFO: Front pivot angle set to 170 degrees (ticks: 170)
2025-04-17 17:40:16,329 INFO: Rear pivot angle set to 275 degrees (ticks: 275)
2025-04-17 17:40:16,581 INFO: Running set_position_group for group 'Pivot_Group' with positions: {7: 175, 8: 275}
2025-04-17 17:40:16,585 INFO: Front pivot angle set to 175 degrees (ticks: 175)
2025-04-17 17:40:16,585 INFO: Rear pivot angle set to 275 degrees (ticks: 275)
2025-04-17 17:40:16,845 INFO: Running set_position_group for group 'Pivot_Group' with positions: {7: 180, 8: 275}
2025-04-17 17:40:16,849 INFO: Front pivot angle set to 180 degrees (ticks: 180)
2025-04-17 17:40:16,850 INFO: Rear pivot angle set to 275 degrees (ticks: 275)
2025-04-17 17:40:17,915 INFO: Running set_position_group for group 'Pivot_Group' with positions: {7: 180, 8: 270}
2025-04-17 17:40:17,919 INFO: Front pivot angle set to 180 degrees (ticks: 180)
2025-04-17 17:40:17,920 INFO: Rear pivot angle set to 270 degrees (ticks: 270)
2025-04-17 17:40:18,172 INFO: Running set_position_group for group 'Pivot_Group' with positions: {7: 180, 8: 265}
2025-04-17 17:40:18,176 INFO: Front pivot angle set to 180 degrees (ticks: 180)
2025-04-17 17:40:18,176 INFO: Rear pivot angle set to 265 degrees (ticks: 265)
2025-04-17 17:40:18,501 INFO: Running set_position_group for group 'Pivot_Group' with positions: {7: 180, 8: 260}
2025-04-17 17:40:18,505 INFO: Front pivot angle set to 180 degrees (ticks: 180)
2025-04-17 17:40:18,506 INFO: Rear pivot angle set to 260 degrees (ticks: 260)
2025-04-17 17:40:18,758 INFO: Running set_position_group for group 'Pivot_Group' with positions: {7: 180, 8: 255}
2025-04-17 17:40:18,763 INFO: Front pivot angle set to 180 degrees (ticks: 180)
2025-04-17 17:40:18,763 INFO: Rear pivot angle set to 255 degrees (ticks: 255)
2025-04-17 17:40:19,016 INFO: Running set_position_group for group 'Pivot_Group' with positions: {7: 180, 8: 250}
2025-04-17 17:40:19,020 INFO: Front pivot angle set to 180 degrees (ticks: 180)
2025-04-17 17:40:19,021 INFO: Rear pivot angle set to 250 degrees (ticks: 250)
2025-04-17 17:40:19,351 INFO: Running set_position_group for group 'Pivot_Group' with positions: {7: 180, 8: 245}
2025-04-17 17:40:19,356 INFO: Front pivot angle set to 180 degrees (ticks: 180)
2025-04-17 17:40:19,356 INFO: Rear pivot angle set to 245 degrees (ticks: 245)
2025-04-17 17:40:19,608 INFO: Running set_position_group for group 'Pivot_Group' with positions: {7: 180, 8: 240}
2025-04-17 17:40:19,613 INFO: Front pivot angle set to 180 degrees (ticks: 180)
2025-04-17 17:40:19,613 INFO: Rear pivot angle set to 240 degrees (ticks: 240)
2025-04-17 17:40:19,868 INFO: Running set_position_group for group 'Pivot_Group' with positions: {7: 180, 8: 235}
2025-04-17 17:40:19,874 INFO: Front pivot angle set to 180 degrees (ticks: 180)
2025-04-17 17:40:19,874 INFO: Rear pivot angle set to 235 degrees (ticks: 235)
2025-04-17 17:40:20,127 INFO: Running set_position_group for group 'Pivot_Group' with positions: {7: 180, 8: 230}
2025-04-17 17:40:20,131 INFO: Front pivot angle set to 180 degrees (ticks: 180)
2025-04-17 17:40:20,132 INFO: Rear pivot angle set to 230 degrees (ticks: 230)
2025-04-17 17:40:20,385 INFO: Running set_position_group for group 'Pivot_Group' with positions: {7: 180, 8: 225}
2025-04-17 17:40:20,388 INFO: Front pivot angle set to 180 degrees (ticks: 180)
2025-04-17 17:40:20,389 INFO: Rear pivot angle set to 225 degrees (ticks: 225)
2025-04-17 17:40:20,641 INFO: Running set_position_group for group 'Pivot_Group' with positions: {7: 180, 8: 220}
2025-04-17 17:40:20,645 INFO: Front pivot angle set to 180 degrees (ticks: 180)
2025-04-17 17:40:20,645 INFO: Rear pivot angle set to 220 degrees (ticks: 220)
2025-04-17 17:40:20,970 INFO: Running set_position_group for group 'Pivot_Group' with positions: {7: 180, 8: 215}
2025-04-17 17:40:20,975 INFO: Front pivot angle set to 180 degrees (ticks: 180)
2025-04-17 17:40:20,976 INFO: Rear pivot angle set to 215 degrees (ticks: 215)
2025-04-17 17:40:21,234 INFO: Running set_position_group for group 'Pivot_Group' with positions: {7: 180, 8: 210}
2025-04-17 17:40:21,237 INFO: Front pivot angle set to 180 degrees (ticks: 180)
2025-04-17 17:40:21,238 INFO: Rear pivot angle set to 210 degrees (ticks: 210)
2025-04-17 17:40:21,489 INFO: Running set_position_group for group 'Pivot_Group' with positions: {7: 180, 8: 205}
2025-04-17 17:40:21,493 INFO: Front pivot angle set to 180 degrees (ticks: 180)
2025-04-17 17:40:21,493 INFO: Rear pivot angle set to 205 degrees (ticks: 205)
2025-04-17 17:40:21,816 INFO: Running set_position_group for group 'Pivot_Group' with positions: {7: 180, 8: 200}
2025-04-17 17:40:21,819 INFO: Front pivot angle set to 180 degrees (ticks: 180)
2025-04-17 17:40:21,820 INFO: Rear pivot angle set to 200 degrees (ticks: 200)
2025-04-17 17:40:22,074 INFO: Running set_position_group for group 'Pivot_Group' with positions: {7: 180, 8: 195}
2025-04-17 17:40:22,078 INFO: Front pivot angle set to 180 degrees (ticks: 180)
2025-04-17 17:40:22,079 INFO: Rear pivot angle set to 195 degrees (ticks: 195)
2025-04-17 17:40:22,335 INFO: Running set_position_group for group 'Pivot_Group' with positions: {7: 180, 8: 190}
2025-04-17 17:40:22,339 INFO: Front pivot angle set to 180 degrees (ticks: 180)
2025-04-17 17:40:22,339 INFO: Rear pivot angle set to 190 degrees (ticks: 190)
2025-04-17 17:40:22,663 INFO: Running set_position_group for group 'Pivot_Group' with positions: {7: 180, 8: 185}
2025-04-17 17:40:22,667 INFO: Front pivot angle set to 180 degrees (ticks: 180)
2025-04-17 17:40:22,667 INFO: Rear pivot angle set to 185 degrees (ticks: 185)
2025-04-17 17:40:26,188 INFO: Profile velocities set for group Wheg_Group: {1: 87.4, 2: 87.4, 3: 87.4, 4: 87.4, 5: 87.4, 6: 87.4}
2025-04-17 17:40:26,188 INFO: Incrementing motor positions by {1: 0, 2: 320, 3: 40, 4: 0, 5: 320, 6: 40} degrees for group 'Wheg_Group'
2025-04-17 17:40:26,200 INFO: Gait 3 step executed at 20.00 RPM, wait for 2.69 seconds
2025-04-17 17:40:29,623 WARNING: Emergency stop activated! Stopping all motors asynchronously.
2025-04-17 17:40:29,623 INFO: Setting operating mode 'velocity' for group 'All_Motors'
2025-04-17 17:40:29,625 INFO: Disabling torque for group All_Motors
2025-04-17 17:40:29,628 INFO: Enabling torque for group All_Motors
2025-04-17 17:40:29,630 INFO: Setting the profile velocity for group All_Motors from config.yaml: 8
2025-04-17 17:40:29,632 INFO: Profile velocities set for group All_Motors: {1: 34.96, 2: 34.96, 3: 34.96, 4: 34.96, 5: 34.96, 6: 34.96, 7: 34.96, 8: 34.96}
2025-04-17 17:40:29,633 WARNING: Velocity limit 200 exceeds hard limit 100. Limiting to 100.
2025-04-17 17:40:29,633 INFO: Velocity limit set to 100 for group All_Motors
2025-04-17 17:40:29,634 INFO: Enabling torque for group All_Motors
2025-04-17 17:40:29,635 INFO: Setting the profile velocity for group All_Motors from config.yaml: 8
2025-04-17 17:40:29,635 INFO: Profile velocities set for group All_Motors: {1: 34.96, 2: 34.96, 3: 34.96, 4: 34.96, 5: 34.96, 6: 34.96, 7: 34.96, 8: 34.96}
2025-04-17 17:40:29,636 INFO: Target velocities set for group All_Motors: {1: 0, 2: 0, 3: 0, 4: 0, 5: 0, 6: 0, 7: 0, 8: 0}
2025-04-17 17:40:30,118 INFO: Emergency Stop Deactivated. Resuming control...
2025-04-17 17:40:30,129 INFO: Initialising Gait 1
2025-04-17 17:40:30,130 INFO: Disabling torque for group Wheg_Group
2025-04-17 17:40:30,131 INFO: Drive mode set for group Wheg_Group with reverse_direction={1: 0, 2: 0, 3: 0, 4: 1, 5: 1, 6: 1}
2025-04-17 17:40:30,131 INFO: Enabling torque for group Wheg_Group
2025-04-17 17:40:30,132 INFO: Setting the profile velocity for group Wheg_Group from config.yaml: 10
2025-04-17 17:40:30,133 INFO: Profile velocities set for group Wheg_Group: {1: 43.7, 2: 43.7, 3: 43.7, 4: 43.7, 5: 43.7, 6: 43.7}
2025-04-17 17:40:30,134 WARNING: Set direction of whegs to forward
2025-04-17 17:40:30,134 WARNING: Direction set for all whegs
2025-04-17 17:40:30,134 INFO: Running set_position_group for group 'Wheg_Group' with positions: 180
2025-04-17 17:40:30,140 WARNING: Motor 1 is not in Position Control Mode. Setting mode now.
2025-04-17 17:40:30,140 INFO: Setting operating mode 'position' for group 'Wheg_Group'
2025-04-17 17:40:30,141 INFO: Disabling torque for group Wheg_Group
2025-04-17 17:40:30,142 INFO: Enabling torque for group Wheg_Group
2025-04-17 17:40:30,143 INFO: Setting the profile velocity for group Wheg_Group from config.yaml: 10
2025-04-17 17:40:30,144 INFO: Profile velocities set for group Wheg_Group: {1: 43.7, 2: 43.7, 3: 43.7, 4: 43.7, 5: 43.7, 6: 43.7}
2025-04-17 17:40:30,144 INFO: Setting the profile velocity for group Wheg_Group from config.yaml: 10
2025-04-17 17:40:30,145 INFO: Profile velocities set for group Wheg_Group: {1: 43.7, 2: 43.7, 3: 43.7, 4: 43.7, 5: 43.7, 6: 43.7}
2025-04-17 17:40:30,146 INFO: Running set_position_group for group 'Pivot_Group' with positions: 180
2025-04-17 17:40:30,149 WARNING: Motor 7 is not in Position Control Mode. Setting mode now.
2025-04-17 17:40:30,150 INFO: Setting operating mode 'position' for group 'Pivot_Group'
2025-04-17 17:40:30,151 INFO: Disabling torque for group Pivot_Group
2025-04-17 17:40:30,152 INFO: Enabling torque for group Pivot_Group
2025-04-17 17:40:30,153 INFO: Setting the profile velocity for group Pivot_Group from config.yaml: 4
2025-04-17 17:40:30,153 INFO: Profile velocities set for group Pivot_Group: {7: 17.48, 8: 17.48}
2025-04-17 17:40:30,154 INFO: Setting the profile velocity for group Pivot_Group from config.yaml: 4
2025-04-17 17:40:30,155 INFO: Profile velocities set for group Pivot_Group: {7: 17.48, 8: 17.48}
2025-04-17 17:40:30,156 INFO: Initialised Gait 1, waiting for 1 seconds
2025-04-17 17:40:31,158 INFO: Setting operating mode 'multi_turn' for group 'Wheg_Group'
2025-04-17 17:40:31,158 INFO: Disabling torque for group Wheg_Group
2025-04-17 17:40:31,159 INFO: Enabling torque for group Wheg_Group
2025-04-17 17:40:31,160 INFO: Setting the profile velocity for group Wheg_Group from config.yaml: 10
2025-04-17 17:40:31,161 INFO: Profile velocities set for group Wheg_Group: {1: 43.7, 2: 43.7, 3: 43.7, 4: 43.7, 5: 43.7, 6: 43.7}
2025-04-17 17:40:31,162 INFO: Setting the profile velocity for group Wheg_Group from config.yaml: 10
2025-04-17 17:40:31,163 INFO: Profile velocities set for group Wheg_Group: {1: 43.7, 2: 43.7, 3: 43.7, 4: 43.7, 5: 43.7, 6: 43.7}
2025-04-17 17:40:31,163 INFO: New gait 1 is now active.
2025-04-17 17:43:51,487 ERROR: Bulk read failed with error: [TxRxResult] There is no status packet!
2025-04-17 17:43:55,393 ERROR: Bulk read failed with error: [TxRxResult] Incorrect status packet!
2025-04-17 17:43:55,548 ERROR: Bulk read failed with error: [TxRxResult] There is no status packet!
2025-04-17 17:43:55,594 ERROR: Bulk read failed with error: [TxRxResult] There is no status packet!
2025-04-17 17:43:55,646 ERROR: Bulk read failed with error: [TxRxResult] There is no status packet!
2025-04-17 17:43:55,653 ERROR: Error retrieving motor data: 'NoneType' object is not subscriptable
2025-04-17 17:45:59,861 ERROR: Bulk read failed with error: [TxRxResult] There is no status packet!
2025-04-17 17:45:59,884 ERROR: Error retrieving motor data: 'NoneType' object has no attribute 'keys'
2025-04-17 17:45:59,958 ERROR: Bulk read failed with error: [TxRxResult] There is no status packet!
2025-04-17 17:46:00,004 ERROR: Bulk read failed with error: [TxRxResult] There is no status packet!
2025-04-17 17:46:00,041 ERROR: Bulk read failed with error: [TxRxResult] There is no status packet!
2025-04-17 17:46:00,077 ERROR: Bulk read failed with error: [TxRxResult] There is no status packet!
2025-04-17 17:46:00,113 ERROR: Bulk read failed with error: [TxRxResult] There is no status packet!
2025-04-17 17:46:00,149 ERROR: Bulk read failed with error: [TxRxResult] There is no status packet!
2025-04-17 17:46:00,150 ERROR: Error retrieving motor data: 'NoneType' object has no attribute 'keys'
2025-04-17 17:46:00,221 ERROR: Bulk read failed with error: [TxRxResult] There is no status packet!
2025-04-17 17:46:00,268 ERROR: Bulk read failed with error: [TxRxResult] There is no status packet!
2025-04-17 17:46:00,304 ERROR: Bulk read failed with error: [TxRxResult] There is no status packet!
2025-04-17 17:46:00,341 ERROR: Bulk read failed with error: [TxRxResult] There is no status packet!
2025-04-17 17:46:00,385 ERROR: Bulk read failed with error: [TxRxResult] There is no status packet!
2025-04-17 17:46:00,421 ERROR: Bulk read failed with error: [TxRxResult] There is no status packet!
2025-04-17 17:46:00,421 ERROR: Error retrieving motor data: 'NoneType' object has no attribute 'keys'
2025-04-17 17:46:00,495 ERROR: Bulk read failed with error: [TxRxResult] There is no status packet!
2025-04-17 17:46:00,541 ERROR: Bulk read failed with error: [TxRxResult] There is no status packet!
2025-04-17 17:46:00,578 ERROR: Bulk read failed with error: [TxRxResult] There is no status packet!
2025-04-17 17:46:00,614 ERROR: Bulk read failed with error: [TxRxResult] There is no status packet!
2025-04-17 17:46:00,651 ERROR: Bulk read failed with error: [TxRxResult] There is no status packet!
2025-04-17 17:46:00,687 ERROR: Bulk read failed with error: [TxRxResult] There is no status packet!
2025-04-17 17:46:00,688 ERROR: Error retrieving motor data: 'NoneType' object has no attribute 'keys'
2025-04-17 17:46:00,765 ERROR: Bulk read failed with error: [TxRxResult] There is no status packet!
2025-04-17 17:46:00,811 ERROR: Bulk read failed with error: [TxRxResult] There is no status packet!
2025-04-17 17:46:00,848 ERROR: Bulk read failed with error: [TxRxResult] There is no status packet!
2025-04-17 17:46:00,871 ERROR: Error retrieving motor data: 'NoneType' object has no attribute 'keys'
2025-04-17 17:53:42,128 INFO: Initiating safe shutdown...
2025-04-17 17:53:42,129 INFO: Setting operating mode 'velocity' for group 'All_Motors'
2025-04-17 17:53:42,129 INFO: Disabling torque for group All_Motors
2025-04-17 17:53:42,130 INFO: Enabling torque for group All_Motors
2025-04-17 17:53:42,131 INFO: Setting the profile velocity for group All_Motors from config.yaml: 8
2025-04-17 17:53:42,132 INFO: Profile velocities set for group All_Motors: {1: 34.96, 2: 34.96, 3: 34.96, 4: 34.96, 5: 34.96, 6: 34.96, 7: 34.96, 8: 34.96}
2025-04-17 17:53:42,132 WARNING: Velocity limit 200 exceeds hard limit 100. Limiting to 100.
2025-04-17 17:53:42,132 INFO: Velocity limit set to 100 for group All_Motors
2025-04-17 17:53:42,133 INFO: Enabling torque for group All_Motors
2025-04-17 17:53:42,133 INFO: Setting the profile velocity for group All_Motors from config.yaml: 8
2025-04-17 17:53:42,134 INFO: Profile velocities set for group All_Motors: {1: 34.96, 2: 34.96, 3: 34.96, 4: 34.96, 5: 34.96, 6: 34.96, 7: 34.96, 8: 34.96}
2025-04-17 17:53:42,134 INFO: Target velocities set for group All_Motors: {1: 0, 2: 0, 3: 0, 4: 0, 5: 0, 6: 0, 7: 0, 8: 0}
2025-04-17 17:53:42,134 INFO: Running set_position_group for group 'All_Motors' with positions: 180
2025-04-17 17:53:42,142 WARNING: Motor 1 is not in Position Control Mode. Setting mode now.
2025-04-17 17:53:42,142 INFO: Setting operating mode 'position' for group 'All_Motors'
2025-04-17 17:53:42,142 INFO: Disabling torque for group All_Motors
2025-04-17 17:53:42,143 INFO: Enabling torque for group All_Motors
2025-04-17 17:53:42,143 INFO: Setting the profile velocity for group All_Motors from config.yaml: 8
2025-04-17 17:53:42,144 INFO: Profile velocities set for group All_Motors: {1: 34.96, 2: 34.96, 3: 34.96, 4: 34.96, 5: 34.96, 6: 34.96, 7: 34.96, 8: 34.96}
2025-04-17 17:53:42,144 INFO: Setting the profile velocity for group All_Motors from config.yaml: 8
2025-04-17 17:53:42,144 INFO: Profile velocities set for group All_Motors: {1: 34.96, 2: 34.96, 3: 34.96, 4: 34.96, 5: 34.96, 6: 34.96, 7: 34.96, 8: 34.96}
2025-04-17 17:53:42,145 INFO: Closing PS4Controller and quitting pygame
2025-04-17 17:53:42,244 INFO: Port closed successfully.
2025-04-17 17:53:42,244 INFO: Shutdown complete.
2025-04-17 17:53:42,245 ERROR: Error checking hardware errors: Attempting to use a port that is not open
