2024-10-28 21:49:13,608 INFO: Initializing PS4Controller
2024-10-28 21:49:13,896 INFO: Configuration loaded successfully
2024-10-28 21:49:13,899 INFO: Port /dev/ttyACM0 opened successfully
2024-10-28 21:49:13,909 INFO: Baudrate set to 1000000
2024-10-28 21:49:13,910 INFO: Control table loaded successfully.
2024-10-28 21:49:13,910 INFO: Motor group 'Pivot_Group' created with motors: [7, 8]
2024-10-28 21:49:13,911 INFO: Motor group 'Wheg_Group' created with motors: [1, 2, 3, 4, 5, 6]
2024-10-28 21:49:13,912 INFO: Motor group 'All_Motors' created with motors: [1, 2, 3, 4, 5, 6, 7, 8]
2024-10-28 21:49:13,912 INFO: Motor group 'Left_Whegs' created with motors: [1, 2, 3]
2024-10-28 21:49:13,913 INFO: Motor group 'Right_Whegs' created with motors: [4, 5, 6]
2024-10-28 21:49:13,913 INFO: Motor group 'Front_Whegs' created with motors: [3, 6]
2024-10-28 21:49:13,914 INFO: Motor group 'Rear_Whegs' created with motors: [1, 4]
2024-10-28 21:49:13,914 INFO: Motor group 'Middle_Whegs' created with motors: [2, 5]
2024-10-28 21:49:13,915 INFO: Motor group 'Two_Right_One_Left' created with motors: [2, 4, 6]
2024-10-28 21:49:13,915 INFO: Motor group 'Two_Left_One_Right' created with motors: [5, 1, 3]
2024-10-28 21:49:13,916 INFO: Initialised PS4 controller, Dynamixel, and Robot State
2024-10-28 21:49:14,070 INFO: Initialised Streamlit dashboard
2024-10-28 21:49:14,071 INFO: Disabling torque for group Right_Whegs
2024-10-28 21:49:14,074 INFO: Drive mode set for group Right_Whegs with reverse_direction=True
2024-10-28 21:49:14,075 INFO: Enabling torque for group Right_Whegs
2024-10-28 21:49:14,080 INFO: Motor 4 drive mode correctly set to reverse
2024-10-28 21:49:14,080 INFO: Motor 5 drive mode correctly set to reverse
2024-10-28 21:49:14,080 INFO: Motor 6 drive mode correctly set to reverse
2024-10-28 21:49:14,080 INFO: Disabling torque for group Left_Whegs
2024-10-28 21:49:14,081 INFO: Drive mode set for group Left_Whegs with reverse_direction=False
2024-10-28 21:49:14,082 INFO: Enabling torque for group Left_Whegs
2024-10-28 21:49:14,086 INFO: Motor 1 drive mode correctly set to normal
2024-10-28 21:49:14,087 INFO: Motor 2 drive mode correctly set to normal
2024-10-28 21:49:14,088 INFO: Motor 3 drive mode correctly set to normal
2024-10-28 21:49:14,088 INFO: Set the right side whegs to reverse direction
2024-10-28 21:49:14,089 INFO: Disabling torque for group Pivot_Group
2024-10-28 21:49:14,090 INFO: Drive mode set for group Pivot_Group with reverse_direction=False
2024-10-28 21:49:14,090 INFO: Enabling torque for group Pivot_Group
2024-10-28 21:49:14,094 INFO: Motor 7 drive mode correctly set to normal
2024-10-28 21:49:14,094 INFO: Motor 8 drive mode correctly set to normal
2024-10-28 21:49:14,095 INFO: Position limits set for group Pivot_Group: min=90° (ticks=1023), max=270° (ticks=3071)
2024-10-28 21:49:14,095 INFO: Set position limits for the pivot motors
2024-10-28 21:49:14,097 INFO: Initialising Gait 1
2024-10-28 21:49:14,097 INFO: Running set_position_group for group 'Wheg_Group' with positions: 180
2024-10-28 21:49:14,103 INFO: Running set_position_group for group 'Pivot_Group' with positions: 180
2024-10-28 21:49:14,107 INFO: Initialised Gait 1, waiting for 3 seconds
2024-10-28 21:49:17,342 INFO: Setting operating mode 'multi_turn' for group 'Wheg_Group'
2024-10-28 21:49:17,343 INFO: Disabling torque for group Wheg_Group
2024-10-28 21:49:17,345 INFO: Enabling torque for group Wheg_Group
2024-10-28 21:49:17,346 INFO: Setting the profile velocity for group Wheg_Group from config.yaml: 10
2024-10-28 21:49:17,347 INFO: Profile velocities set for group Wheg_Group: {1: 43.7, 2: 43.7, 3: 43.7, 4: 43.7, 5: 43.7, 6: 43.7}
2024-10-28 21:49:17,347 INFO: New gait 1 is now active.
2024-10-28 21:49:19,220 INFO: Triangle pressed. Preparing to change to next gait: 2
2024-10-28 21:49:19,231 INFO: Initialising Gait 2
2024-10-28 21:49:19,231 INFO: Running set_position_group for group 'Wheg_Group' with positions: {1: 160, 2: 200, 3: 160, 4: 200, 5: 160, 6: 200}
2024-10-28 21:49:19,237 WARNING: Motor 1 is not in Position Control Mode. Setting mode now.
2024-10-28 21:49:19,237 INFO: Setting operating mode 'position' for group 'Wheg_Group'
2024-10-28 21:49:19,238 INFO: Disabling torque for group Wheg_Group
2024-10-28 21:49:19,239 INFO: Enabling torque for group Wheg_Group
2024-10-28 21:49:19,239 INFO: Setting the profile velocity for group Wheg_Group from config.yaml: 10
2024-10-28 21:49:19,240 INFO: Profile velocities set for group Wheg_Group: {1: 43.7, 2: 43.7, 3: 43.7, 4: 43.7, 5: 43.7, 6: 43.7}
2024-10-28 21:49:19,241 INFO: Running set_position_group for group 'Pivot_Group' with positions: 180
2024-10-28 21:49:19,245 INFO: Initialised Gait 2, waiting for 3 seconds
2024-10-28 21:49:22,798 INFO: Setting operating mode 'multi_turn' for group 'Wheg_Group'
2024-10-28 21:49:22,799 INFO: Disabling torque for group Wheg_Group
2024-10-28 21:49:22,801 INFO: Enabling torque for group Wheg_Group
2024-10-28 21:49:22,802 INFO: Setting the profile velocity for group Wheg_Group from config.yaml: 10
2024-10-28 21:49:22,803 INFO: Profile velocities set for group Wheg_Group: {1: 43.7, 2: 43.7, 3: 43.7, 4: 43.7, 5: 43.7, 6: 43.7}
2024-10-28 21:49:22,803 INFO: New gait 2 is now active.
2024-10-28 21:49:28,335 INFO: Profile velocities set for group Wheg_Group: {1: 8.74, 2: 69.92, 3: 8.74, 4: 69.92, 5: 8.74, 6: 69.92}
2024-10-28 21:49:28,336 INFO: Incrementing motor positions by {1: 40, 2: 320, 3: 40, 4: 320, 5: 40, 6: 320} degrees for group 'Wheg_Group'
2024-10-28 21:49:28,347 INFO: Gait 2 step executed at 2.00RPM, wait for 3.36 seconds
2024-10-28 21:49:32,049 INFO: Profile velocities set for group Wheg_Group: {1: 104.88, 2: 13.11, 3: 104.88, 4: 13.11, 5: 104.88, 6: 13.11}
2024-10-28 21:49:32,049 INFO: Incrementing motor positions by {1: 320, 2: 40, 3: 320, 4: 40, 5: 320, 6: 40} degrees for group 'Wheg_Group'
2024-10-28 21:49:32,060 INFO: Gait 2 step executed at 3.00RPM, wait for 2.25 seconds
2024-10-28 21:49:32,513 WARNING: Emergency stop activated! Stopping all motors asynchronously.
2024-10-28 21:49:32,514 INFO: Setting operating mode 'velocity' for group 'All_Motors'
2024-10-28 21:49:32,514 INFO: Disabling torque for group All_Motors
2024-10-28 21:49:32,515 INFO: Enabling torque for group All_Motors
2024-10-28 21:49:32,516 WARNING: Velocity limit 200 exceeds hard limit 100. Limiting to 100.
2024-10-28 21:49:32,517 INFO: Velocity limit set to 100 for group All_Motors
2024-10-28 21:49:32,517 INFO: Enabling torque for group All_Motors
2024-10-28 21:49:32,518 INFO: Target velocities set for group All_Motors: {1: 0, 2: 0, 3: 0, 4: 0, 5: 0, 6: 0, 7: 0, 8: 0}
2024-10-28 21:49:34,159 INFO: Emergency Stop Deactivated. Resuming control...
2024-10-28 21:49:34,319 INFO: Initialising Gait 1
2024-10-28 21:49:34,320 INFO: Running set_position_group for group 'Wheg_Group' with positions: 180
2024-10-28 21:49:34,325 WARNING: Motor 1 is not in Position Control Mode. Setting mode now.
2024-10-28 21:49:34,326 INFO: Setting operating mode 'position' for group 'Wheg_Group'
2024-10-28 21:49:34,327 INFO: Disabling torque for group Wheg_Group
2024-10-28 21:49:34,327 INFO: Enabling torque for group Wheg_Group
2024-10-28 21:49:34,328 INFO: Setting the profile velocity for group Wheg_Group from config.yaml: 10
2024-10-28 21:49:34,329 INFO: Profile velocities set for group Wheg_Group: {1: 43.7, 2: 43.7, 3: 43.7, 4: 43.7, 5: 43.7, 6: 43.7}
2024-10-28 21:49:34,331 INFO: Running set_position_group for group 'Pivot_Group' with positions: 180
2024-10-28 21:49:34,334 WARNING: Motor 7 is not in Position Control Mode. Setting mode now.
2024-10-28 21:49:34,334 INFO: Setting operating mode 'position' for group 'Pivot_Group'
2024-10-28 21:49:34,334 INFO: Disabling torque for group Pivot_Group
2024-10-28 21:49:34,335 INFO: Enabling torque for group Pivot_Group
2024-10-28 21:49:34,336 INFO: Setting the profile velocity for group Pivot_Group from config.yaml: 4
2024-10-28 21:49:34,337 INFO: Profile velocities set for group Pivot_Group: {7: 17.48, 8: 17.48}
2024-10-28 21:49:34,338 INFO: Initialised Gait 1, waiting for 3 seconds
2024-10-28 21:49:37,582 INFO: Setting operating mode 'multi_turn' for group 'Wheg_Group'
2024-10-28 21:49:37,582 INFO: Disabling torque for group Wheg_Group
2024-10-28 21:49:37,584 INFO: Enabling torque for group Wheg_Group
2024-10-28 21:49:37,585 INFO: Setting the profile velocity for group Wheg_Group from config.yaml: 10
2024-10-28 21:49:37,586 INFO: Profile velocities set for group Wheg_Group: {1: 43.7, 2: 43.7, 3: 43.7, 4: 43.7, 5: 43.7, 6: 43.7}
2024-10-28 21:49:37,587 INFO: New gait 1 is now active.
2024-10-28 21:49:37,598 INFO: Profile velocities set for group Wheg_Group: {1: 8.74, 2: 8.74, 3: 8.74, 4: 8.74, 5: 8.74, 6: 8.74}
2024-10-28 21:49:37,599 INFO: Incrementing motor positions by 360 degrees for group 'Wheg_Group'
2024-10-28 21:49:37,609 INFO: Gait 1 step executed at 2.00RPM, wait for 30.00 seconds
2024-10-28 21:49:43,396 WARNING: Emergency stop activated! Stopping all motors asynchronously.
2024-10-28 21:49:43,397 INFO: Setting operating mode 'velocity' for group 'All_Motors'
2024-10-28 21:49:43,397 INFO: Disabling torque for group All_Motors
2024-10-28 21:49:43,398 INFO: Enabling torque for group All_Motors
2024-10-28 21:49:43,399 WARNING: Velocity limit 200 exceeds hard limit 100. Limiting to 100.
2024-10-28 21:49:43,399 INFO: Velocity limit set to 100 for group All_Motors
2024-10-28 21:49:43,400 INFO: Enabling torque for group All_Motors
2024-10-28 21:49:43,401 INFO: Target velocities set for group All_Motors: {1: 0, 2: 0, 3: 0, 4: 0, 5: 0, 6: 0, 7: 0, 8: 0}
2024-10-28 21:49:43,505 WARNING: Emergency stop activated! Stopping all motors asynchronously.
2024-10-28 21:49:43,505 INFO: Setting operating mode 'velocity' for group 'All_Motors'
2024-10-28 21:49:43,505 INFO: Disabling torque for group All_Motors
2024-10-28 21:49:43,506 INFO: Enabling torque for group All_Motors
2024-10-28 21:49:43,507 WARNING: Velocity limit 200 exceeds hard limit 100. Limiting to 100.
2024-10-28 21:49:43,508 INFO: Velocity limit set to 100 for group All_Motors
2024-10-28 21:49:43,508 INFO: Enabling torque for group All_Motors
2024-10-28 21:49:43,509 INFO: Target velocities set for group All_Motors: {1: 0, 2: 0, 3: 0, 4: 0, 5: 0, 6: 0, 7: 0, 8: 0}
2024-10-28 21:49:43,613 WARNING: Emergency stop activated! Stopping all motors asynchronously.
2024-10-28 21:49:43,613 INFO: Setting operating mode 'velocity' for group 'All_Motors'
2024-10-28 21:49:43,614 INFO: Disabling torque for group All_Motors
2024-10-28 21:49:43,615 INFO: Enabling torque for group All_Motors
2024-10-28 21:49:43,615 WARNING: Velocity limit 200 exceeds hard limit 100. Limiting to 100.
2024-10-28 21:49:43,616 INFO: Velocity limit set to 100 for group All_Motors
2024-10-28 21:49:43,617 INFO: Enabling torque for group All_Motors
2024-10-28 21:49:43,618 INFO: Target velocities set for group All_Motors: {1: 0, 2: 0, 3: 0, 4: 0, 5: 0, 6: 0, 7: 0, 8: 0}
2024-10-28 21:49:46,786 INFO: Emergency Stop Deactivated. Resuming control...
2024-10-28 21:50:08,800 INFO: Initiating safe shutdown...
2024-10-28 21:50:08,801 INFO: Setting operating mode 'velocity' for group 'All_Motors'
2024-10-28 21:50:08,801 INFO: Disabling torque for group All_Motors
2024-10-28 21:50:08,802 INFO: Enabling torque for group All_Motors
2024-10-28 21:50:08,803 WARNING: Velocity limit 200 exceeds hard limit 100. Limiting to 100.
2024-10-28 21:50:08,803 INFO: Velocity limit set to 100 for group All_Motors
2024-10-28 21:50:08,804 INFO: Enabling torque for group All_Motors
2024-10-28 21:50:08,805 INFO: Target velocities set for group All_Motors: {1: 0, 2: 0, 3: 0, 4: 0, 5: 0, 6: 0, 7: 0, 8: 0}
2024-10-28 21:50:08,805 INFO: Running set_position_group for group 'All_Motors' with positions: 180
2024-10-28 21:50:08,813 WARNING: Motor 1 is not in Position Control Mode. Setting mode now.
2024-10-28 21:50:08,814 INFO: Setting operating mode 'position' for group 'All_Motors'
2024-10-28 21:50:08,814 INFO: Disabling torque for group All_Motors
2024-10-28 21:50:08,815 INFO: Enabling torque for group All_Motors
2024-10-28 21:50:08,816 INFO: Setting the profile velocity for group All_Motors from config.yaml: 5
2024-10-28 21:50:08,817 INFO: Profile velocities set for group All_Motors: {1: 21.85, 2: 21.85, 3: 21.85, 4: 21.85, 5: 21.85, 6: 21.85, 7: 21.85, 8: 21.85}
2024-10-28 21:50:08,818 INFO: Closing PS4Controller and quitting pygame
2024-10-28 21:50:08,899 INFO: Port closed successfully.
2024-10-28 21:50:08,900 INFO: Shutdown complete.
2024-10-28 21:50:08,901 ERROR: Controller connection lost!
2024-10-28 21:50:08,901 ERROR: Controller is disconnected.
2024-10-28 21:50:08,901 ERROR: Controller connection lost!
2024-10-28 21:50:08,902 ERROR: Controller is disconnected.
2024-10-28 21:50:08,902 ERROR: Controller connection lost!
2024-10-28 21:50:08,903 ERROR: Controller is disconnected.
