2024-10-29 01:32:14,013 INFO: Initializing PS4Controller
2024-10-29 01:32:14,283 INFO: Configuration loaded successfully
2024-10-29 01:32:14,286 INFO: Port /dev/ttyACM0 opened successfully
2024-10-29 01:32:14,296 INFO: Baudrate set to 1000000
2024-10-29 01:32:14,297 INFO: Control table loaded successfully.
2024-10-29 01:32:14,297 INFO: Motor group 'Pivot_Group' created with motors: [7, 8]
2024-10-29 01:32:14,298 INFO: Motor group 'Wheg_Group' created with motors: [1, 2, 3, 4, 5, 6]
2024-10-29 01:32:14,298 INFO: Motor group 'All_Motors' created with motors: [1, 2, 3, 4, 5, 6, 7, 8]
2024-10-29 01:32:14,299 INFO: Motor group 'Left_Whegs' created with motors: [1, 2, 3]
2024-10-29 01:32:14,299 INFO: Motor group 'Right_Whegs' created with motors: [4, 5, 6]
2024-10-29 01:32:14,299 INFO: Motor group 'Front_Whegs' created with motors: [3, 6]
2024-10-29 01:32:14,300 INFO: Motor group 'Rear_Whegs' created with motors: [1, 4]
2024-10-29 01:32:14,300 INFO: Motor group 'Middle_Whegs' created with motors: [2, 5]
2024-10-29 01:32:14,300 INFO: Motor group 'Two_Right_One_Left' created with motors: [2, 4, 6]
2024-10-29 01:32:14,301 INFO: Motor group 'Two_Left_One_Right' created with motors: [5, 1, 3]
2024-10-29 01:32:14,301 INFO: Initialised PS4 controller, Dynamixel, and Robot State
2024-10-29 01:32:14,462 INFO: Initialised Streamlit dashboard
2024-10-29 01:32:14,462 INFO: Disabling torque for group Right_Whegs
2024-10-29 01:32:14,464 INFO: Drive mode set for group Right_Whegs with reverse_direction=True
2024-10-29 01:32:14,465 INFO: Enabling torque for group Right_Whegs
2024-10-29 01:32:14,470 INFO: Motor 4 drive mode correctly set to reverse
2024-10-29 01:32:14,472 INFO: Motor 5 drive mode correctly set to reverse
2024-10-29 01:32:14,472 INFO: Motor 6 drive mode correctly set to reverse
2024-10-29 01:32:14,472 INFO: Disabling torque for group Left_Whegs
2024-10-29 01:32:14,473 INFO: Drive mode set for group Left_Whegs with reverse_direction=False
2024-10-29 01:32:14,474 INFO: Enabling torque for group Left_Whegs
2024-10-29 01:32:14,478 INFO: Motor 1 drive mode correctly set to normal
2024-10-29 01:32:14,478 INFO: Motor 2 drive mode correctly set to normal
2024-10-29 01:32:14,479 INFO: Motor 3 drive mode correctly set to normal
2024-10-29 01:32:14,479 INFO: Set the right side whegs to reverse direction
2024-10-29 01:32:14,480 INFO: Disabling torque for group Pivot_Group
2024-10-29 01:32:14,481 INFO: Drive mode set for group Pivot_Group with reverse_direction=False
2024-10-29 01:32:14,481 INFO: Enabling torque for group Pivot_Group
2024-10-29 01:32:14,485 INFO: Motor 7 drive mode correctly set to normal
2024-10-29 01:32:14,485 INFO: Motor 8 drive mode correctly set to normal
2024-10-29 01:32:14,487 INFO: Position limits set for group Pivot_Group: min=90° (ticks=1023), max=270° (ticks=3071)
2024-10-29 01:32:14,487 INFO: Set position limits for the pivot motors
2024-10-29 01:32:14,488 INFO: Initialising Gait 1
2024-10-29 01:32:14,489 INFO: Running set_position_group for group 'Wheg_Group' with positions: 180
2024-10-29 01:32:14,494 INFO: Running set_position_group for group 'Pivot_Group' with positions: 180
2024-10-29 01:32:14,498 INFO: Initialised Gait 1, waiting for 3 seconds
2024-10-29 01:32:14,499 ERROR: Error controlling pivots: 'dpad_down'
2024-10-29 01:32:15,624 INFO: Initializing PS4Controller
2024-10-29 01:32:15,672 INFO: Configuration loaded successfully
2024-10-29 01:32:15,675 INFO: Port /dev/ttyACM0 opened successfully
2024-10-29 01:32:15,678 INFO: Baudrate set to 1000000
2024-10-29 01:32:15,679 INFO: Control table loaded successfully.
2024-10-29 01:32:15,680 INFO: Motor group 'Pivot_Group' created with motors: [7, 8]
2024-10-29 01:32:15,680 INFO: Motor group 'Wheg_Group' created with motors: [1, 2, 3, 4, 5, 6]
2024-10-29 01:32:15,681 INFO: Motor group 'All_Motors' created with motors: [1, 2, 3, 4, 5, 6, 7, 8]
2024-10-29 01:32:15,682 INFO: Motor group 'Left_Whegs' created with motors: [1, 2, 3]
2024-10-29 01:32:15,682 INFO: Motor group 'Right_Whegs' created with motors: [4, 5, 6]
2024-10-29 01:32:15,683 INFO: Motor group 'Front_Whegs' created with motors: [3, 6]
2024-10-29 01:32:15,684 INFO: Motor group 'Rear_Whegs' created with motors: [1, 4]
2024-10-29 01:32:15,684 INFO: Motor group 'Middle_Whegs' created with motors: [2, 5]
2024-10-29 01:32:15,685 INFO: Motor group 'Two_Right_One_Left' created with motors: [2, 4, 6]
2024-10-29 01:32:15,686 INFO: Motor group 'Two_Left_One_Right' created with motors: [5, 1, 3]
2024-10-29 01:32:15,686 INFO: Initialised PS4 controller, Dynamixel, and Robot State
2024-10-29 01:32:15,699 INFO: Initialised Streamlit dashboard
2024-10-29 01:32:15,700 INFO: Disabling torque for group Right_Whegs
2024-10-29 01:32:15,703 INFO: Drive mode set for group Right_Whegs with reverse_direction=True
2024-10-29 01:32:15,706 INFO: Enabling torque for group Right_Whegs
2024-10-29 01:32:15,710 INFO: Motor 4 drive mode correctly set to reverse
2024-10-29 01:32:15,711 INFO: Motor 5 drive mode correctly set to reverse
2024-10-29 01:32:15,711 INFO: Motor 6 drive mode correctly set to reverse
2024-10-29 01:32:15,712 INFO: Disabling torque for group Left_Whegs
2024-10-29 01:32:15,713 INFO: Drive mode set for group Left_Whegs with reverse_direction=False
2024-10-29 01:32:15,713 INFO: Enabling torque for group Left_Whegs
2024-10-29 01:32:15,717 INFO: Motor 1 drive mode correctly set to normal
2024-10-29 01:32:15,718 INFO: Motor 2 drive mode correctly set to normal
2024-10-29 01:32:15,719 INFO: Motor 3 drive mode correctly set to normal
2024-10-29 01:32:15,720 INFO: Set the right side whegs to reverse direction
2024-10-29 01:32:15,720 INFO: Disabling torque for group Pivot_Group
2024-10-29 01:32:15,721 INFO: Drive mode set for group Pivot_Group with reverse_direction=False
2024-10-29 01:32:15,721 INFO: Enabling torque for group Pivot_Group
2024-10-29 01:32:15,725 INFO: Motor 7 drive mode correctly set to normal
2024-10-29 01:32:15,726 INFO: Motor 8 drive mode correctly set to normal
2024-10-29 01:32:15,727 INFO: Position limits set for group Pivot_Group: min=90° (ticks=1023), max=270° (ticks=3071)
2024-10-29 01:32:15,727 INFO: Set position limits for the pivot motors
2024-10-29 01:32:15,729 INFO: Initialising Gait 1
2024-10-29 01:32:15,729 INFO: Running set_position_group for group 'Wheg_Group' with positions: 180
2024-10-29 01:32:15,735 INFO: Running set_position_group for group 'Pivot_Group' with positions: 180
2024-10-29 01:32:15,739 INFO: Initialised Gait 1, waiting for 3 seconds
2024-10-29 01:32:15,740 ERROR: Error controlling pivots: 'dpad_down'
2024-10-29 01:32:15,945 INFO: Initiating safe shutdown...
2024-10-29 01:32:15,946 INFO: Setting operating mode 'velocity' for group 'All_Motors'
2024-10-29 01:32:15,946 INFO: Disabling torque for group All_Motors
2024-10-29 01:32:15,948 INFO: Enabling torque for group All_Motors
2024-10-29 01:32:15,949 WARNING: Velocity limit 200 exceeds hard limit 100. Limiting to 100.
2024-10-29 01:32:15,950 INFO: Velocity limit set to 100 for group All_Motors
2024-10-29 01:32:15,950 INFO: Enabling torque for group All_Motors
2024-10-29 01:32:15,952 INFO: Target velocities set for group All_Motors: {1: 0, 2: 0, 3: 0, 4: 0, 5: 0, 6: 0, 7: 0, 8: 0}
2024-10-29 01:32:15,953 INFO: Running set_position_group for group 'All_Motors' with positions: 180
2024-10-29 01:32:15,960 WARNING: Motor 1 is not in Position Control Mode. Setting mode now.
2024-10-29 01:32:15,961 INFO: Setting operating mode 'position' for group 'All_Motors'
2024-10-29 01:32:15,962 INFO: Disabling torque for group All_Motors
2024-10-29 01:32:15,963 INFO: Enabling torque for group All_Motors
2024-10-29 01:32:15,964 INFO: Setting the profile velocity for group All_Motors from config.yaml: 5
2024-10-29 01:32:15,965 INFO: Profile velocities set for group All_Motors: {1: 21.85, 2: 21.85, 3: 21.85, 4: 21.85, 5: 21.85, 6: 21.85, 7: 21.85, 8: 21.85}
2024-10-29 01:32:15,966 INFO: Closing PS4Controller and quitting pygame
2024-10-29 01:32:16,046 INFO: Port closed successfully.
2024-10-29 01:32:16,048 INFO: Shutdown complete.
2024-10-29 01:32:17,204 ERROR: Controller connection lost!
2024-10-29 01:32:17,205 ERROR: Controller is disconnected.
2024-10-29 01:32:17,206 ERROR: Controller connection lost!
2024-10-29 01:32:17,206 ERROR: Controller is disconnected.
2024-10-29 01:32:17,208 ERROR: Controller connection lost!
2024-10-29 01:32:17,209 ERROR: Controller is disconnected.
2024-10-29 01:32:17,211 ERROR: Error updating dashboard: cannot unpack non-iterable NoneType object
2024-10-29 01:32:17,401 ERROR: Error controlling pivots: 'NoneType' object is not subscriptable
2024-10-29 01:32:17,652 ERROR: Error controlling pivots: 'NoneType' object is not subscriptable
2024-10-29 01:32:17,903 ERROR: Error controlling pivots: 'NoneType' object is not subscriptable
2024-10-29 01:32:18,154 ERROR: Error controlling pivots: 'NoneType' object is not subscriptable
2024-10-29 01:32:18,247 ERROR: Controller connection lost!
2024-10-29 01:32:18,249 ERROR: Controller is disconnected.
2024-10-29 01:32:18,251 ERROR: Controller connection lost!
2024-10-29 01:32:18,252 ERROR: Controller is disconnected.
2024-10-29 01:32:18,252 ERROR: Controller connection lost!
2024-10-29 01:32:18,253 ERROR: Controller is disconnected.
2024-10-29 01:32:18,253 ERROR: Error updating dashboard: cannot unpack non-iterable NoneType object
2024-10-29 01:32:18,406 ERROR: Error controlling pivots: 'NoneType' object is not subscriptable
2024-10-29 01:32:18,657 ERROR: Error controlling pivots: 'NoneType' object is not subscriptable
2024-10-29 01:32:18,740 INFO: Setting operating mode 'multi_turn' for group 'Wheg_Group'
2024-10-29 01:32:18,741 INFO: Disabling torque for group Wheg_Group
2024-10-29 01:32:18,742 INFO: Enabling torque for group Wheg_Group
2024-10-29 01:32:18,742 INFO: Setting the profile velocity for group Wheg_Group from config.yaml: 10
2024-10-29 01:32:18,743 INFO: Profile velocities set for group Wheg_Group: {1: 43.7, 2: 43.7, 3: 43.7, 4: 43.7, 5: 43.7, 6: 43.7}
2024-10-29 01:32:18,744 INFO: New gait 1 is now active.
2024-10-29 01:32:18,908 ERROR: Error controlling pivots: 'NoneType' object is not subscriptable
2024-10-29 01:32:19,159 ERROR: Error controlling pivots: 'NoneType' object is not subscriptable
2024-10-29 01:32:19,289 ERROR: Controller connection lost!
2024-10-29 01:32:19,290 ERROR: Controller is disconnected.
2024-10-29 01:32:19,292 ERROR: Controller connection lost!
2024-10-29 01:32:19,293 ERROR: Controller is disconnected.
2024-10-29 01:32:19,294 ERROR: Controller connection lost!
2024-10-29 01:32:19,294 ERROR: Controller is disconnected.
2024-10-29 01:32:19,295 ERROR: Error updating dashboard: cannot unpack non-iterable NoneType object
2024-10-29 01:32:19,410 ERROR: Error controlling pivots: 'NoneType' object is not subscriptable
2024-10-29 01:32:19,661 ERROR: Error controlling pivots: 'NoneType' object is not subscriptable
2024-10-29 01:32:19,913 ERROR: Error controlling pivots: 'NoneType' object is not subscriptable
2024-10-29 01:32:20,164 ERROR: Error controlling pivots: 'NoneType' object is not subscriptable
2024-10-29 01:32:20,331 ERROR: Controller connection lost!
2024-10-29 01:32:20,332 ERROR: Controller is disconnected.
2024-10-29 01:32:20,335 ERROR: Controller connection lost!
2024-10-29 01:32:20,335 ERROR: Controller is disconnected.
2024-10-29 01:32:20,336 ERROR: Controller connection lost!
2024-10-29 01:32:20,336 ERROR: Controller is disconnected.
2024-10-29 01:32:20,337 ERROR: Error updating dashboard: cannot unpack non-iterable NoneType object
2024-10-29 01:32:20,415 ERROR: Error controlling pivots: 'NoneType' object is not subscriptable
2024-10-29 01:32:20,667 ERROR: Error controlling pivots: 'NoneType' object is not subscriptable
2024-10-29 01:32:20,918 ERROR: Error controlling pivots: 'NoneType' object is not subscriptable
2024-10-29 01:32:21,169 ERROR: Error controlling pivots: 'NoneType' object is not subscriptable
2024-10-29 01:32:21,372 ERROR: Controller connection lost!
2024-10-29 01:32:21,374 ERROR: Controller is disconnected.
2024-10-29 01:32:21,376 ERROR: Controller connection lost!
2024-10-29 01:32:21,377 ERROR: Controller is disconnected.
2024-10-29 01:32:21,377 ERROR: Controller connection lost!
2024-10-29 01:32:21,378 ERROR: Controller is disconnected.
2024-10-29 01:32:21,378 ERROR: Error updating dashboard: cannot unpack non-iterable NoneType object
2024-10-29 01:32:21,421 ERROR: Error controlling pivots: 'NoneType' object is not subscriptable
2024-10-29 01:32:21,672 ERROR: Error controlling pivots: 'NoneType' object is not subscriptable
2024-10-29 01:32:21,924 ERROR: Error controlling pivots: 'NoneType' object is not subscriptable
2024-10-29 01:32:22,175 ERROR: Error controlling pivots: 'NoneType' object is not subscriptable
2024-10-29 01:32:22,423 ERROR: Controller connection lost!
2024-10-29 01:32:22,426 ERROR: Controller is disconnected.
2024-10-29 01:32:22,427 ERROR: Controller connection lost!
2024-10-29 01:32:22,428 ERROR: Controller is disconnected.
2024-10-29 01:32:22,429 ERROR: Controller connection lost!
2024-10-29 01:32:22,429 ERROR: Controller is disconnected.
2024-10-29 01:32:22,430 ERROR: Error updating dashboard: cannot unpack non-iterable NoneType object
2024-10-29 01:32:22,431 ERROR: Error controlling pivots: 'NoneType' object is not subscriptable
2024-10-29 01:32:22,682 ERROR: Error controlling pivots: 'NoneType' object is not subscriptable
2024-10-29 01:32:22,934 ERROR: Error controlling pivots: 'NoneType' object is not subscriptable
2024-10-29 01:32:23,186 ERROR: Error controlling pivots: 'NoneType' object is not subscriptable
2024-10-29 01:32:23,473 ERROR: Controller connection lost!
2024-10-29 01:32:23,475 ERROR: Controller is disconnected.
2024-10-29 01:32:23,479 ERROR: Controller connection lost!
2024-10-29 01:32:23,481 ERROR: Controller is disconnected.
2024-10-29 01:32:23,482 ERROR: Controller connection lost!
2024-10-29 01:32:23,483 ERROR: Controller is disconnected.
2024-10-29 01:32:23,484 ERROR: Error updating dashboard: cannot unpack non-iterable NoneType object
2024-10-29 01:32:23,485 ERROR: Error controlling pivots: 'NoneType' object is not subscriptable
2024-10-29 01:32:23,737 ERROR: Error controlling pivots: 'NoneType' object is not subscriptable
2024-10-29 01:32:23,989 ERROR: Error controlling pivots: 'NoneType' object is not subscriptable
2024-10-29 01:32:24,241 ERROR: Error controlling pivots: 'NoneType' object is not subscriptable
2024-10-29 01:32:24,527 ERROR: Controller connection lost!
2024-10-29 01:32:24,533 ERROR: Controller is disconnected.
2024-10-29 01:32:24,535 ERROR: Controller connection lost!
2024-10-29 01:32:24,536 ERROR: Controller is disconnected.
2024-10-29 01:32:24,537 ERROR: Controller connection lost!
2024-10-29 01:32:24,538 ERROR: Controller is disconnected.
2024-10-29 01:32:24,539 ERROR: Error updating dashboard: cannot unpack non-iterable NoneType object
2024-10-29 01:32:24,541 ERROR: Error controlling pivots: 'NoneType' object is not subscriptable
2024-10-29 01:32:24,792 ERROR: Error controlling pivots: 'NoneType' object is not subscriptable
2024-10-29 01:32:25,044 ERROR: Error controlling pivots: 'NoneType' object is not subscriptable
2024-10-29 01:32:25,296 ERROR: Error controlling pivots: 'NoneType' object is not subscriptable
2024-10-29 01:32:25,583 ERROR: Controller connection lost!
2024-10-29 01:32:25,585 ERROR: Controller is disconnected.
2024-10-29 01:32:25,589 ERROR: Controller connection lost!
2024-10-29 01:32:25,590 ERROR: Controller is disconnected.
2024-10-29 01:32:25,591 ERROR: Controller connection lost!
2024-10-29 01:32:25,592 ERROR: Controller is disconnected.
2024-10-29 01:32:25,592 ERROR: Error updating dashboard: cannot unpack non-iterable NoneType object
2024-10-29 01:32:25,593 ERROR: Error controlling pivots: 'NoneType' object is not subscriptable
2024-10-29 01:32:25,844 ERROR: Error controlling pivots: 'NoneType' object is not subscriptable
2024-10-29 01:32:26,096 ERROR: Error controlling pivots: 'NoneType' object is not subscriptable
2024-10-29 01:32:26,348 ERROR: Error controlling pivots: 'NoneType' object is not subscriptable
2024-10-29 01:32:26,636 ERROR: Controller connection lost!
2024-10-29 01:32:26,642 ERROR: Controller is disconnected.
2024-10-29 01:32:26,643 ERROR: Controller connection lost!
2024-10-29 01:32:26,644 ERROR: Controller is disconnected.
2024-10-29 01:32:26,646 ERROR: Controller connection lost!
2024-10-29 01:32:26,647 ERROR: Controller is disconnected.
2024-10-29 01:32:26,648 ERROR: Error updating dashboard: cannot unpack non-iterable NoneType object
2024-10-29 01:32:26,649 ERROR: Error controlling pivots: 'NoneType' object is not subscriptable
2024-10-29 01:32:26,901 ERROR: Error controlling pivots: 'NoneType' object is not subscriptable
2024-10-29 01:32:27,153 ERROR: Error controlling pivots: 'NoneType' object is not subscriptable
2024-10-29 01:32:27,405 ERROR: Error controlling pivots: 'NoneType' object is not subscriptable
2024-10-29 01:32:27,691 ERROR: Controller connection lost!
2024-10-29 01:32:27,693 ERROR: Controller is disconnected.
2024-10-29 01:32:27,699 ERROR: Controller connection lost!
2024-10-29 01:32:27,700 ERROR: Controller is disconnected.
2024-10-29 01:32:27,701 ERROR: Controller connection lost!
2024-10-29 01:32:27,702 ERROR: Controller is disconnected.
2024-10-29 01:32:27,704 ERROR: Error updating dashboard: cannot unpack non-iterable NoneType object
2024-10-29 01:32:27,705 ERROR: Error controlling pivots: 'NoneType' object is not subscriptable
2024-10-29 01:32:27,956 ERROR: Error controlling pivots: 'NoneType' object is not subscriptable
2024-10-29 01:32:28,207 ERROR: Error controlling pivots: 'NoneType' object is not subscriptable
2024-10-29 01:32:28,458 ERROR: Error controlling pivots: 'NoneType' object is not subscriptable
2024-10-29 01:32:28,739 ERROR: Controller connection lost!
2024-10-29 01:32:28,741 ERROR: Controller is disconnected.
2024-10-29 01:32:28,742 ERROR: Controller connection lost!
2024-10-29 01:32:28,743 ERROR: Controller is disconnected.
2024-10-29 01:32:28,744 ERROR: Controller connection lost!
2024-10-29 01:32:28,745 ERROR: Controller is disconnected.
2024-10-29 01:32:28,745 ERROR: Error updating dashboard: cannot unpack non-iterable NoneType object
2024-10-29 01:32:28,746 ERROR: Error controlling pivots: 'NoneType' object is not subscriptable
2024-10-29 01:32:28,997 ERROR: Error controlling pivots: 'NoneType' object is not subscriptable
2024-10-29 01:32:29,247 ERROR: Error controlling pivots: 'NoneType' object is not subscriptable
2024-10-29 01:32:29,498 ERROR: Error controlling pivots: 'NoneType' object is not subscriptable
2024-10-29 01:32:29,780 ERROR: Controller connection lost!
2024-10-29 01:32:29,782 ERROR: Controller is disconnected.
2024-10-29 01:32:29,783 ERROR: Controller connection lost!
2024-10-29 01:32:29,783 ERROR: Controller is disconnected.
2024-10-29 01:32:29,785 ERROR: Controller connection lost!
2024-10-29 01:32:29,785 ERROR: Controller is disconnected.
2024-10-29 01:32:29,786 ERROR: Error updating dashboard: cannot unpack non-iterable NoneType object
2024-10-29 01:32:29,786 ERROR: Error controlling pivots: 'NoneType' object is not subscriptable
2024-10-29 01:32:30,036 ERROR: Error controlling pivots: 'NoneType' object is not subscriptable
2024-10-29 01:32:30,288 ERROR: Error controlling pivots: 'NoneType' object is not subscriptable
2024-10-29 01:32:30,539 ERROR: Error controlling pivots: 'NoneType' object is not subscriptable
2024-10-29 01:32:30,821 ERROR: Controller connection lost!
2024-10-29 01:32:30,822 ERROR: Controller is disconnected.
2024-10-29 01:32:30,824 ERROR: Controller connection lost!
2024-10-29 01:32:30,825 ERROR: Controller is disconnected.
2024-10-29 01:32:30,825 ERROR: Controller connection lost!
2024-10-29 01:32:30,826 ERROR: Controller is disconnected.
2024-10-29 01:32:30,826 ERROR: Error updating dashboard: cannot unpack non-iterable NoneType object
2024-10-29 01:32:30,827 ERROR: Error controlling pivots: 'NoneType' object is not subscriptable
2024-10-29 01:32:31,078 ERROR: Error controlling pivots: 'NoneType' object is not subscriptable
2024-10-29 01:32:31,329 ERROR: Error controlling pivots: 'NoneType' object is not subscriptable
2024-10-29 01:32:31,580 ERROR: Error controlling pivots: 'NoneType' object is not subscriptable
2024-10-29 01:32:31,862 ERROR: Controller connection lost!
2024-10-29 01:32:31,863 ERROR: Controller is disconnected.
2024-10-29 01:32:31,864 ERROR: Controller connection lost!
2024-10-29 01:32:31,866 ERROR: Controller is disconnected.
2024-10-29 01:32:31,867 ERROR: Controller connection lost!
2024-10-29 01:32:31,867 ERROR: Controller is disconnected.
2024-10-29 01:32:31,868 ERROR: Error updating dashboard: cannot unpack non-iterable NoneType object
2024-10-29 01:32:31,868 ERROR: Error controlling pivots: 'NoneType' object is not subscriptable
2024-10-29 01:32:32,119 ERROR: Error controlling pivots: 'NoneType' object is not subscriptable
2024-10-29 01:32:32,370 ERROR: Error controlling pivots: 'NoneType' object is not subscriptable
2024-10-29 01:32:32,621 ERROR: Error controlling pivots: 'NoneType' object is not subscriptable
2024-10-29 01:32:32,910 ERROR: Controller connection lost!
2024-10-29 01:32:32,912 ERROR: Controller is disconnected.
2024-10-29 01:32:32,914 ERROR: Controller connection lost!
2024-10-29 01:32:32,915 ERROR: Controller is disconnected.
2024-10-29 01:32:32,918 ERROR: Controller connection lost!
2024-10-29 01:32:32,920 ERROR: Controller is disconnected.
2024-10-29 01:32:32,921 ERROR: Error updating dashboard: cannot unpack non-iterable NoneType object
2024-10-29 01:32:32,922 ERROR: Error controlling pivots: 'NoneType' object is not subscriptable
2024-10-29 01:32:33,174 ERROR: Error controlling pivots: 'NoneType' object is not subscriptable
2024-10-29 01:32:33,426 ERROR: Error controlling pivots: 'NoneType' object is not subscriptable
2024-10-29 01:32:33,522 INFO: Initializing PS4Controller
2024-10-29 01:32:33,747 ERROR: Error controlling pivots: 'NoneType' object is not subscriptable
2024-10-29 01:32:33,808 INFO: Configuration loaded successfully
2024-10-29 01:32:33,812 INFO: Port /dev/ttyACM0 opened successfully
2024-10-29 01:32:33,815 INFO: Baudrate set to 1000000
2024-10-29 01:32:33,816 INFO: Control table loaded successfully.
2024-10-29 01:32:33,817 INFO: Motor group 'Pivot_Group' created with motors: [7, 8]
2024-10-29 01:32:33,817 INFO: Motor group 'Wheg_Group' created with motors: [1, 2, 3, 4, 5, 6]
2024-10-29 01:32:33,818 INFO: Motor group 'All_Motors' created with motors: [1, 2, 3, 4, 5, 6, 7, 8]
2024-10-29 01:32:33,819 INFO: Motor group 'Left_Whegs' created with motors: [1, 2, 3]
2024-10-29 01:32:33,819 INFO: Motor group 'Right_Whegs' created with motors: [4, 5, 6]
2024-10-29 01:32:33,821 INFO: Motor group 'Front_Whegs' created with motors: [3, 6]
2024-10-29 01:32:33,821 INFO: Motor group 'Rear_Whegs' created with motors: [1, 4]
2024-10-29 01:32:33,822 INFO: Motor group 'Middle_Whegs' created with motors: [2, 5]
2024-10-29 01:32:33,823 INFO: Motor group 'Two_Right_One_Left' created with motors: [2, 4, 6]
2024-10-29 01:32:33,823 INFO: Motor group 'Two_Left_One_Right' created with motors: [5, 1, 3]
2024-10-29 01:32:33,823 INFO: Initialised PS4 controller, Dynamixel, and Robot State
2024-10-29 01:32:33,835 INFO: Initialised Streamlit dashboard
2024-10-29 01:32:33,837 INFO: Disabling torque for group Right_Whegs
2024-10-29 01:32:33,841 INFO: Drive mode set for group Right_Whegs with reverse_direction=True
2024-10-29 01:32:33,842 INFO: Enabling torque for group Right_Whegs
2024-10-29 01:32:33,845 INFO: Motor 4 drive mode correctly set to reverse
2024-10-29 01:32:33,846 INFO: Motor 5 drive mode correctly set to reverse
2024-10-29 01:32:33,846 INFO: Motor 6 drive mode correctly set to reverse
2024-10-29 01:32:33,847 INFO: Disabling torque for group Left_Whegs
2024-10-29 01:32:33,848 INFO: Drive mode set for group Left_Whegs with reverse_direction=False
2024-10-29 01:32:33,849 INFO: Enabling torque for group Left_Whegs
2024-10-29 01:32:33,853 INFO: Motor 1 drive mode correctly set to normal
2024-10-29 01:32:33,853 INFO: Motor 2 drive mode correctly set to normal
2024-10-29 01:32:33,854 INFO: Motor 3 drive mode correctly set to normal
2024-10-29 01:32:33,854 INFO: Set the right side whegs to reverse direction
2024-10-29 01:32:33,855 INFO: Disabling torque for group Pivot_Group
2024-10-29 01:32:33,856 INFO: Drive mode set for group Pivot_Group with reverse_direction=False
2024-10-29 01:32:33,856 INFO: Enabling torque for group Pivot_Group
2024-10-29 01:32:33,860 INFO: Motor 7 drive mode correctly set to normal
2024-10-29 01:32:33,861 INFO: Motor 8 drive mode correctly set to normal
2024-10-29 01:32:33,862 INFO: Position limits set for group Pivot_Group: min=90° (ticks=1023), max=270° (ticks=3071)
2024-10-29 01:32:33,862 INFO: Set position limits for the pivot motors
2024-10-29 01:32:33,864 INFO: Initialising Gait 1
2024-10-29 01:32:33,864 INFO: Running set_position_group for group 'Wheg_Group' with positions: 180
2024-10-29 01:32:33,870 WARNING: Motor 1 is not in Position Control Mode. Setting mode now.
2024-10-29 01:32:33,871 INFO: Setting operating mode 'position' for group 'Wheg_Group'
2024-10-29 01:32:33,871 INFO: Disabling torque for group Wheg_Group
2024-10-29 01:32:33,872 INFO: Enabling torque for group Wheg_Group
2024-10-29 01:32:33,873 INFO: Setting the profile velocity for group Wheg_Group from config.yaml: 10
2024-10-29 01:32:33,874 INFO: Profile velocities set for group Wheg_Group: {1: 43.7, 2: 43.7, 3: 43.7, 4: 43.7, 5: 43.7, 6: 43.7}
2024-10-29 01:32:33,875 INFO: Running set_position_group for group 'Pivot_Group' with positions: 180
2024-10-29 01:32:33,878 INFO: Initialised Gait 1, waiting for 3 seconds
2024-10-29 01:32:33,879 ERROR: Error controlling pivots: 'dpad_down'
2024-10-29 01:32:33,972 INFO: Initiating safe shutdown...
2024-10-29 01:32:33,973 INFO: Setting operating mode 'velocity' for group 'All_Motors'
2024-10-29 01:32:33,974 INFO: Disabling torque for group All_Motors
2024-10-29 01:32:33,975 INFO: Enabling torque for group All_Motors
2024-10-29 01:32:33,977 WARNING: Velocity limit 200 exceeds hard limit 100. Limiting to 100.
2024-10-29 01:32:33,978 INFO: Velocity limit set to 100 for group All_Motors
2024-10-29 01:32:33,979 INFO: Enabling torque for group All_Motors
2024-10-29 01:32:33,980 INFO: Target velocities set for group All_Motors: {1: 0, 2: 0, 3: 0, 4: 0, 5: 0, 6: 0, 7: 0, 8: 0}
2024-10-29 01:32:33,981 INFO: Running set_position_group for group 'All_Motors' with positions: 180
2024-10-29 01:32:33,990 WARNING: Motor 1 is not in Position Control Mode. Setting mode now.
2024-10-29 01:32:33,991 INFO: Setting operating mode 'position' for group 'All_Motors'
2024-10-29 01:32:33,993 INFO: Disabling torque for group All_Motors
2024-10-29 01:32:33,996 INFO: Enabling torque for group All_Motors
2024-10-29 01:32:34,001 INFO: Setting the profile velocity for group All_Motors from config.yaml: 5
2024-10-29 01:32:34,004 INFO: Profile velocities set for group All_Motors: {1: 21.85, 2: 21.85, 3: 21.85, 4: 21.85, 5: 21.85, 6: 21.85, 7: 21.85, 8: 21.85}
2024-10-29 01:32:34,007 INFO: Closing PS4Controller and quitting pygame
2024-10-29 01:32:34,114 INFO: Port closed successfully.
2024-10-29 01:32:34,114 INFO: Shutdown complete.
2024-10-29 01:32:35,314 ERROR: Controller connection lost!
2024-10-29 01:32:35,315 ERROR: Controller is disconnected.
2024-10-29 01:32:35,318 ERROR: Controller connection lost!
2024-10-29 01:32:35,319 ERROR: Controller is disconnected.
2024-10-29 01:32:35,320 ERROR: Controller connection lost!
2024-10-29 01:32:35,320 ERROR: Controller is disconnected.
2024-10-29 01:32:35,320 ERROR: Error updating dashboard: cannot unpack non-iterable NoneType object
2024-10-29 01:32:35,510 ERROR: Error controlling pivots: 'NoneType' object is not subscriptable
2024-10-29 01:32:35,762 ERROR: Error controlling pivots: 'NoneType' object is not subscriptable
2024-10-29 01:32:36,013 ERROR: Error controlling pivots: 'NoneType' object is not subscriptable
2024-10-29 01:32:36,264 ERROR: Error controlling pivots: 'NoneType' object is not subscriptable
2024-10-29 01:32:36,358 ERROR: Controller connection lost!
2024-10-29 01:32:36,359 ERROR: Controller is disconnected.
2024-10-29 01:32:36,361 ERROR: Controller connection lost!
2024-10-29 01:32:36,362 ERROR: Controller is disconnected.
2024-10-29 01:32:36,362 ERROR: Controller connection lost!
2024-10-29 01:32:36,363 ERROR: Controller is disconnected.
2024-10-29 01:32:36,363 ERROR: Error updating dashboard: cannot unpack non-iterable NoneType object
2024-10-29 01:32:36,516 ERROR: Error controlling pivots: 'NoneType' object is not subscriptable
2024-10-29 01:32:36,767 ERROR: Error controlling pivots: 'NoneType' object is not subscriptable
2024-10-29 01:32:36,879 INFO: Setting operating mode 'multi_turn' for group 'Wheg_Group'
2024-10-29 01:32:36,880 INFO: Disabling torque for group Wheg_Group
2024-10-29 01:32:36,881 INFO: Enabling torque for group Wheg_Group
2024-10-29 01:32:36,882 INFO: Setting the profile velocity for group Wheg_Group from config.yaml: 10
2024-10-29 01:32:36,883 INFO: Profile velocities set for group Wheg_Group: {1: 43.7, 2: 43.7, 3: 43.7, 4: 43.7, 5: 43.7, 6: 43.7}
2024-10-29 01:32:36,883 INFO: New gait 1 is now active.
2024-10-29 01:32:37,018 ERROR: Error controlling pivots: 'NoneType' object is not subscriptable
2024-10-29 01:32:37,271 ERROR: Error controlling pivots: 'NoneType' object is not subscriptable
2024-10-29 01:32:37,399 ERROR: Controller connection lost!
2024-10-29 01:32:37,402 ERROR: Controller is disconnected.
2024-10-29 01:32:37,404 ERROR: Controller connection lost!
2024-10-29 01:32:37,404 ERROR: Controller is disconnected.
2024-10-29 01:32:37,405 ERROR: Controller connection lost!
2024-10-29 01:32:37,405 ERROR: Controller is disconnected.
2024-10-29 01:32:37,406 ERROR: Error updating dashboard: cannot unpack non-iterable NoneType object
2024-10-29 01:32:37,522 ERROR: Error controlling pivots: 'NoneType' object is not subscriptable
2024-10-29 01:32:37,774 ERROR: Error controlling pivots: 'NoneType' object is not subscriptable
2024-10-29 01:32:38,025 ERROR: Error controlling pivots: 'NoneType' object is not subscriptable
2024-10-29 01:32:38,277 ERROR: Error controlling pivots: 'NoneType' object is not subscriptable
2024-10-29 01:32:38,442 ERROR: Controller connection lost!
2024-10-29 01:32:38,443 ERROR: Controller is disconnected.
2024-10-29 01:32:38,446 ERROR: Controller connection lost!
2024-10-29 01:32:38,447 ERROR: Controller is disconnected.
2024-10-29 01:32:38,447 ERROR: Controller connection lost!
2024-10-29 01:32:38,448 ERROR: Controller is disconnected.
2024-10-29 01:32:38,448 ERROR: Error updating dashboard: cannot unpack non-iterable NoneType object
2024-10-29 01:32:38,528 ERROR: Error controlling pivots: 'NoneType' object is not subscriptable
2024-10-29 01:32:38,780 ERROR: Error controlling pivots: 'NoneType' object is not subscriptable
2024-10-29 01:32:39,032 ERROR: Error controlling pivots: 'NoneType' object is not subscriptable
2024-10-29 01:32:39,284 ERROR: Error controlling pivots: 'NoneType' object is not subscriptable
2024-10-29 01:32:39,496 ERROR: Controller connection lost!
2024-10-29 01:32:39,497 ERROR: Controller is disconnected.
2024-10-29 01:32:39,500 ERROR: Controller connection lost!
2024-10-29 01:32:39,502 ERROR: Controller is disconnected.
2024-10-29 01:32:39,503 ERROR: Controller connection lost!
2024-10-29 01:32:39,504 ERROR: Controller is disconnected.
2024-10-29 01:32:39,504 ERROR: Error updating dashboard: cannot unpack non-iterable NoneType object
2024-10-29 01:32:39,536 ERROR: Error controlling pivots: 'NoneType' object is not subscriptable
2024-10-29 01:32:39,787 ERROR: Error controlling pivots: 'NoneType' object is not subscriptable
2024-10-29 01:32:40,039 ERROR: Error controlling pivots: 'NoneType' object is not subscriptable
2024-10-29 01:32:40,290 ERROR: Error controlling pivots: 'NoneType' object is not subscriptable
2024-10-29 01:32:40,540 ERROR: Controller connection lost!
2024-10-29 01:32:40,542 ERROR: Controller is disconnected.
2024-10-29 01:32:40,544 ERROR: Controller connection lost!
2024-10-29 01:32:40,545 ERROR: Controller is disconnected.
2024-10-29 01:32:40,546 ERROR: Controller connection lost!
2024-10-29 01:32:40,547 ERROR: Controller is disconnected.
2024-10-29 01:32:40,547 ERROR: Error updating dashboard: cannot unpack non-iterable NoneType object
2024-10-29 01:32:40,548 ERROR: Error controlling pivots: 'NoneType' object is not subscriptable
2024-10-29 01:32:40,799 ERROR: Error controlling pivots: 'NoneType' object is not subscriptable
2024-10-29 01:32:41,050 ERROR: Error controlling pivots: 'NoneType' object is not subscriptable
2024-10-29 01:32:41,302 ERROR: Error controlling pivots: 'NoneType' object is not subscriptable
2024-10-29 01:32:41,583 ERROR: Controller connection lost!
2024-10-29 01:32:41,585 ERROR: Controller is disconnected.
2024-10-29 01:32:41,587 ERROR: Controller connection lost!
2024-10-29 01:32:41,588 ERROR: Controller is disconnected.
2024-10-29 01:32:41,588 ERROR: Controller connection lost!
2024-10-29 01:32:41,589 ERROR: Controller is disconnected.
2024-10-29 01:32:41,590 ERROR: Error updating dashboard: cannot unpack non-iterable NoneType object
2024-10-29 01:32:41,590 ERROR: Error controlling pivots: 'NoneType' object is not subscriptable
2024-10-29 01:32:41,841 ERROR: Error controlling pivots: 'NoneType' object is not subscriptable
2024-10-29 01:32:42,093 ERROR: Error controlling pivots: 'NoneType' object is not subscriptable
2024-10-29 01:32:42,344 ERROR: Error controlling pivots: 'NoneType' object is not subscriptable
2024-10-29 01:32:42,626 ERROR: Controller connection lost!
2024-10-29 01:32:42,627 ERROR: Controller is disconnected.
2024-10-29 01:32:42,628 ERROR: Controller connection lost!
2024-10-29 01:32:42,628 ERROR: Controller is disconnected.
2024-10-29 01:32:42,630 ERROR: Controller connection lost!
2024-10-29 01:32:42,632 ERROR: Controller is disconnected.
2024-10-29 01:32:42,633 ERROR: Error updating dashboard: cannot unpack non-iterable NoneType object
2024-10-29 01:32:42,633 ERROR: Error controlling pivots: 'NoneType' object is not subscriptable
2024-10-29 01:32:42,884 ERROR: Error controlling pivots: 'NoneType' object is not subscriptable
2024-10-29 01:32:43,135 ERROR: Error controlling pivots: 'NoneType' object is not subscriptable
2024-10-29 01:32:43,386 ERROR: Error controlling pivots: 'NoneType' object is not subscriptable
2024-10-29 01:32:43,668 ERROR: Controller connection lost!
2024-10-29 01:32:43,668 ERROR: Controller is disconnected.
2024-10-29 01:32:43,670 ERROR: Controller connection lost!
2024-10-29 01:32:43,673 ERROR: Controller is disconnected.
2024-10-29 01:32:43,673 ERROR: Controller connection lost!
2024-10-29 01:32:43,674 ERROR: Controller is disconnected.
2024-10-29 01:32:43,675 ERROR: Error updating dashboard: cannot unpack non-iterable NoneType object
2024-10-29 01:32:43,676 ERROR: Error controlling pivots: 'NoneType' object is not subscriptable
2024-10-29 01:32:43,927 ERROR: Error controlling pivots: 'NoneType' object is not subscriptable
2024-10-29 01:32:44,178 ERROR: Error controlling pivots: 'NoneType' object is not subscriptable
2024-10-29 01:32:44,430 ERROR: Error controlling pivots: 'NoneType' object is not subscriptable
2024-10-29 01:32:44,720 ERROR: Controller connection lost!
2024-10-29 01:32:44,723 ERROR: Controller is disconnected.
2024-10-29 01:32:44,730 ERROR: Controller connection lost!
2024-10-29 01:32:44,731 ERROR: Controller is disconnected.
2024-10-29 01:32:44,732 ERROR: Controller connection lost!
2024-10-29 01:32:44,734 ERROR: Controller is disconnected.
2024-10-29 01:32:44,735 ERROR: Error updating dashboard: cannot unpack non-iterable NoneType object
2024-10-29 01:32:44,737 ERROR: Error controlling pivots: 'NoneType' object is not subscriptable
2024-10-29 01:32:44,991 ERROR: Error controlling pivots: 'NoneType' object is not subscriptable
2024-10-29 01:32:45,242 ERROR: Error controlling pivots: 'NoneType' object is not subscriptable
2024-10-29 01:32:45,493 ERROR: Error controlling pivots: 'NoneType' object is not subscriptable
2024-10-29 01:32:45,772 ERROR: Controller connection lost!
2024-10-29 01:32:45,775 ERROR: Controller is disconnected.
2024-10-29 01:32:45,775 ERROR: Controller connection lost!
2024-10-29 01:32:45,775 ERROR: Controller is disconnected.
2024-10-29 01:32:45,776 ERROR: Controller connection lost!
2024-10-29 01:32:45,777 ERROR: Controller is disconnected.
2024-10-29 01:32:45,777 ERROR: Error updating dashboard: cannot unpack non-iterable NoneType object
2024-10-29 01:32:45,778 ERROR: Error controlling pivots: 'NoneType' object is not subscriptable
2024-10-29 01:32:46,029 ERROR: Error controlling pivots: 'NoneType' object is not subscriptable
2024-10-29 01:32:46,280 ERROR: Error controlling pivots: 'NoneType' object is not subscriptable
2024-10-29 01:32:46,531 ERROR: Error controlling pivots: 'NoneType' object is not subscriptable
2024-10-29 01:32:46,813 ERROR: Controller connection lost!
2024-10-29 01:32:46,816 ERROR: Controller is disconnected.
2024-10-29 01:32:46,816 ERROR: Controller connection lost!
2024-10-29 01:32:46,816 ERROR: Controller is disconnected.
2024-10-29 01:32:46,817 ERROR: Controller connection lost!
2024-10-29 01:32:46,817 ERROR: Controller is disconnected.
2024-10-29 01:32:46,818 ERROR: Error updating dashboard: cannot unpack non-iterable NoneType object
2024-10-29 01:32:46,819 ERROR: Error controlling pivots: 'NoneType' object is not subscriptable
2024-10-29 01:32:47,069 ERROR: Error controlling pivots: 'NoneType' object is not subscriptable
2024-10-29 01:32:47,320 ERROR: Error controlling pivots: 'NoneType' object is not subscriptable
2024-10-29 01:32:47,572 ERROR: Error controlling pivots: 'NoneType' object is not subscriptable
2024-10-29 01:32:47,853 ERROR: Controller connection lost!
2024-10-29 01:32:47,854 ERROR: Controller is disconnected.
2024-10-29 01:32:47,855 ERROR: Controller connection lost!
2024-10-29 01:32:47,857 ERROR: Controller is disconnected.
2024-10-29 01:32:47,858 ERROR: Controller connection lost!
2024-10-29 01:32:47,859 ERROR: Controller is disconnected.
2024-10-29 01:32:47,859 ERROR: Error updating dashboard: cannot unpack non-iterable NoneType object
2024-10-29 01:32:47,860 ERROR: Error controlling pivots: 'NoneType' object is not subscriptable
2024-10-29 01:32:48,110 ERROR: Error controlling pivots: 'NoneType' object is not subscriptable
2024-10-29 01:32:48,362 ERROR: Error controlling pivots: 'NoneType' object is not subscriptable
2024-10-29 01:32:48,613 ERROR: Error controlling pivots: 'NoneType' object is not subscriptable
2024-10-29 01:32:48,894 ERROR: Controller connection lost!
2024-10-29 01:32:48,896 ERROR: Controller is disconnected.
2024-10-29 01:32:48,898 ERROR: Controller connection lost!
2024-10-29 01:32:48,899 ERROR: Controller is disconnected.
2024-10-29 01:32:48,899 ERROR: Controller connection lost!
2024-10-29 01:32:48,900 ERROR: Controller is disconnected.
2024-10-29 01:32:48,901 ERROR: Error updating dashboard: cannot unpack non-iterable NoneType object
2024-10-29 01:32:48,901 ERROR: Error controlling pivots: 'NoneType' object is not subscriptable
2024-10-29 01:32:49,152 ERROR: Error controlling pivots: 'NoneType' object is not subscriptable
2024-10-29 01:32:49,403 ERROR: Error controlling pivots: 'NoneType' object is not subscriptable
2024-10-29 01:32:49,654 ERROR: Error controlling pivots: 'NoneType' object is not subscriptable
2024-10-29 01:32:49,942 ERROR: Controller connection lost!
2024-10-29 01:32:49,944 ERROR: Controller is disconnected.
2024-10-29 01:32:49,946 ERROR: Controller connection lost!
2024-10-29 01:32:49,949 ERROR: Controller is disconnected.
2024-10-29 01:32:49,949 ERROR: Controller connection lost!
2024-10-29 01:32:49,950 ERROR: Controller is disconnected.
2024-10-29 01:32:49,951 ERROR: Error updating dashboard: cannot unpack non-iterable NoneType object
2024-10-29 01:32:49,951 ERROR: Error controlling pivots: 'NoneType' object is not subscriptable
2024-10-29 01:32:50,203 ERROR: Error controlling pivots: 'NoneType' object is not subscriptable
2024-10-29 01:32:50,455 ERROR: Error controlling pivots: 'NoneType' object is not subscriptable
2024-10-29 01:32:50,708 ERROR: Error controlling pivots: 'NoneType' object is not subscriptable
2024-10-29 01:32:50,992 ERROR: Controller connection lost!
2024-10-29 01:32:50,996 ERROR: Controller is disconnected.
2024-10-29 01:32:51,002 ERROR: Controller connection lost!
2024-10-29 01:32:51,003 ERROR: Controller is disconnected.
2024-10-29 01:32:51,004 ERROR: Controller connection lost!
2024-10-29 01:32:51,006 ERROR: Controller is disconnected.
2024-10-29 01:32:51,007 ERROR: Error updating dashboard: cannot unpack non-iterable NoneType object
2024-10-29 01:32:51,008 ERROR: Error controlling pivots: 'NoneType' object is not subscriptable
2024-10-29 01:32:51,260 ERROR: Error controlling pivots: 'NoneType' object is not subscriptable
2024-10-29 01:32:51,513 ERROR: Error controlling pivots: 'NoneType' object is not subscriptable
2024-10-29 01:32:51,765 ERROR: Error controlling pivots: 'NoneType' object is not subscriptable
2024-10-29 01:32:52,052 ERROR: Controller connection lost!
2024-10-29 01:32:52,058 ERROR: Controller is disconnected.
2024-10-29 01:32:52,060 ERROR: Controller connection lost!
2024-10-29 01:32:52,061 ERROR: Controller is disconnected.
2024-10-29 01:32:52,062 ERROR: Controller connection lost!
2024-10-29 01:32:52,063 ERROR: Controller is disconnected.
2024-10-29 01:32:52,064 ERROR: Error updating dashboard: cannot unpack non-iterable NoneType object
2024-10-29 01:32:52,065 ERROR: Error controlling pivots: 'NoneType' object is not subscriptable
2024-10-29 01:32:52,316 ERROR: Error controlling pivots: 'NoneType' object is not subscriptable
2024-10-29 01:32:52,568 ERROR: Error controlling pivots: 'NoneType' object is not subscriptable
2024-10-29 01:32:52,820 ERROR: Error controlling pivots: 'NoneType' object is not subscriptable
2024-10-29 01:32:53,104 ERROR: Controller connection lost!
2024-10-29 01:32:53,108 ERROR: Controller is disconnected.
2024-10-29 01:32:53,111 ERROR: Controller connection lost!
2024-10-29 01:32:53,112 ERROR: Controller is disconnected.
2024-10-29 01:32:53,112 ERROR: Controller connection lost!
2024-10-29 01:32:53,113 ERROR: Controller is disconnected.
2024-10-29 01:32:53,114 ERROR: Error updating dashboard: cannot unpack non-iterable NoneType object
2024-10-29 01:32:53,115 ERROR: Error controlling pivots: 'NoneType' object is not subscriptable
2024-10-29 01:32:53,367 ERROR: Error controlling pivots: 'NoneType' object is not subscriptable
2024-10-29 01:32:53,619 ERROR: Error controlling pivots: 'NoneType' object is not subscriptable
2024-10-29 01:32:53,872 ERROR: Error controlling pivots: 'NoneType' object is not subscriptable
2024-10-29 01:32:54,157 ERROR: Controller connection lost!
2024-10-29 01:32:54,160 ERROR: Controller is disconnected.
2024-10-29 01:32:54,165 ERROR: Controller connection lost!
2024-10-29 01:32:54,166 ERROR: Controller is disconnected.
2024-10-29 01:32:54,168 ERROR: Controller connection lost!
2024-10-29 01:32:54,169 ERROR: Controller is disconnected.
2024-10-29 01:32:54,170 ERROR: Error updating dashboard: cannot unpack non-iterable NoneType object
2024-10-29 01:32:54,171 ERROR: Error controlling pivots: 'NoneType' object is not subscriptable
2024-10-29 01:32:54,423 ERROR: Error controlling pivots: 'NoneType' object is not subscriptable
2024-10-29 01:32:54,674 ERROR: Error controlling pivots: 'NoneType' object is not subscriptable
2024-10-29 01:32:54,925 ERROR: Error controlling pivots: 'NoneType' object is not subscriptable
2024-10-29 01:32:55,206 ERROR: Controller connection lost!
2024-10-29 01:32:55,208 ERROR: Controller is disconnected.
2024-10-29 01:32:55,209 ERROR: Controller connection lost!
2024-10-29 01:32:55,210 ERROR: Controller is disconnected.
2024-10-29 01:32:55,211 ERROR: Controller connection lost!
2024-10-29 01:32:55,211 ERROR: Controller is disconnected.
2024-10-29 01:32:55,211 ERROR: Error updating dashboard: cannot unpack non-iterable NoneType object
2024-10-29 01:32:55,212 ERROR: Error controlling pivots: 'NoneType' object is not subscriptable
2024-10-29 01:32:55,463 ERROR: Error controlling pivots: 'NoneType' object is not subscriptable
2024-10-29 01:32:55,714 ERROR: Error controlling pivots: 'NoneType' object is not subscriptable
2024-10-29 01:32:55,966 ERROR: Error controlling pivots: 'NoneType' object is not subscriptable
2024-10-29 01:32:56,248 ERROR: Controller connection lost!
2024-10-29 01:32:56,251 ERROR: Controller is disconnected.
2024-10-29 01:32:56,252 ERROR: Controller connection lost!
2024-10-29 01:32:56,252 ERROR: Controller is disconnected.
2024-10-29 01:32:56,253 ERROR: Controller connection lost!
2024-10-29 01:32:56,253 ERROR: Controller is disconnected.
2024-10-29 01:32:56,254 ERROR: Error updating dashboard: cannot unpack non-iterable NoneType object
2024-10-29 01:32:56,255 ERROR: Error controlling pivots: 'NoneType' object is not subscriptable
2024-10-29 01:32:56,506 ERROR: Error controlling pivots: 'NoneType' object is not subscriptable
2024-10-29 01:32:56,758 ERROR: Error controlling pivots: 'NoneType' object is not subscriptable
2024-10-29 01:32:57,009 ERROR: Error controlling pivots: 'NoneType' object is not subscriptable
2024-10-29 01:32:57,285 INFO: Initiating safe shutdown...
2024-10-29 01:32:57,286 INFO: Setting operating mode 'velocity' for group 'All_Motors'
2024-10-29 01:32:57,286 INFO: Disabling torque for group All_Motors
2024-10-29 01:32:57,287 INFO: Enabling torque for group All_Motors
2024-10-29 01:32:57,289 WARNING: Velocity limit 200 exceeds hard limit 100. Limiting to 100.
2024-10-29 01:32:57,290 INFO: Velocity limit set to 100 for group All_Motors
2024-10-29 01:32:57,291 INFO: Enabling torque for group All_Motors
2024-10-29 01:32:57,292 INFO: Target velocities set for group All_Motors: {1: 0, 2: 0, 3: 0, 4: 0, 5: 0, 6: 0, 7: 0, 8: 0}
2024-10-29 01:32:57,292 INFO: Running set_position_group for group 'All_Motors' with positions: 180
2024-10-29 01:32:57,300 WARNING: Motor 1 is not in Position Control Mode. Setting mode now.
2024-10-29 01:32:57,301 INFO: Setting operating mode 'position' for group 'All_Motors'
2024-10-29 01:32:57,301 INFO: Disabling torque for group All_Motors
2024-10-29 01:32:57,302 INFO: Enabling torque for group All_Motors
2024-10-29 01:32:57,303 INFO: Setting the profile velocity for group All_Motors from config.yaml: 5
2024-10-29 01:32:57,304 INFO: Profile velocities set for group All_Motors: {1: 21.85, 2: 21.85, 3: 21.85, 4: 21.85, 5: 21.85, 6: 21.85, 7: 21.85, 8: 21.85}
2024-10-29 01:32:57,305 INFO: Closing PS4Controller and quitting pygame
2024-10-29 01:32:57,311 INFO: Port closed successfully.
2024-10-29 01:32:57,311 INFO: Shutdown complete.
2024-10-29 01:32:57,312 ERROR: Error controlling pivots: 'NoneType' object is not subscriptable
