2024-10-30 14:04:38,263 INFO: Initializing PS4Controller
2024-10-30 14:04:38,549 INFO: Configuration loaded successfully
2024-10-30 14:04:38,553 INFO: Port /dev/ttyACM0 opened successfully
2024-10-30 14:04:38,563 INFO: Baudrate set to 1000000
2024-10-30 14:04:38,564 INFO: Control table loaded successfully.
2024-10-30 14:04:38,564 INFO: Motor group 'Pivot_Group' created with motors: [7, 8]
2024-10-30 14:04:38,565 INFO: Motor group 'Wheg_Group' created with motors: [1, 2, 3, 4, 5, 6]
2024-10-30 14:04:38,565 INFO: Motor group 'All_Motors' created with motors: [1, 2, 3, 4, 5, 6, 7, 8]
2024-10-30 14:04:38,566 INFO: Motor group 'Left_Whegs' created with motors: [1, 2, 3]
2024-10-30 14:04:38,567 INFO: Motor group 'Right_Whegs' created with motors: [4, 5, 6]
2024-10-30 14:04:38,567 INFO: Motor group 'Front_Whegs' created with motors: [3, 6]
2024-10-30 14:04:38,567 INFO: Motor group 'Rear_Whegs' created with motors: [1, 4]
2024-10-30 14:04:38,567 INFO: Motor group 'Middle_Whegs' created with motors: [2, 5]
2024-10-30 14:04:38,567 INFO: Motor group 'Two_Right_One_Left' created with motors: [2, 4, 6]
2024-10-30 14:04:38,567 INFO: Motor group 'Two_Left_One_Right' created with motors: [5, 1, 3]
2024-10-30 14:04:38,567 INFO: Initialised PS4 controller, Dynamixel, and Robot State
2024-10-30 14:04:38,730 INFO: Disabling torque for group Right_Whegs
2024-10-30 14:04:38,733 INFO: Drive mode set for group Right_Whegs with reverse_direction=True
2024-10-30 14:04:38,733 INFO: Enabling torque for group Right_Whegs
2024-10-30 14:04:38,735 INFO: Setting the profile velocity for group Right_Whegs from config.yaml: None
2024-10-30 14:04:38,736 ERROR: Profile velocity for group Right_Whegs not found in config.yaml and no value was provided.
2024-10-30 14:04:38,741 INFO: Profile velocities set for group Right_Whegs: {4: 21.85, 5: 21.85, 6: 21.85}
2024-10-30 14:04:38,741 INFO: Disabling torque for group Left_Whegs
2024-10-30 14:04:38,742 INFO: Drive mode set for group Left_Whegs with reverse_direction=False
2024-10-30 14:04:38,743 INFO: Enabling torque for group Left_Whegs
2024-10-30 14:04:38,743 INFO: Setting the profile velocity for group Left_Whegs from config.yaml: None
2024-10-30 14:04:38,744 ERROR: Profile velocity for group Left_Whegs not found in config.yaml and no value was provided.
2024-10-30 14:04:38,744 INFO: Profile velocities set for group Left_Whegs: {1: 21.85, 2: 21.85, 3: 21.85}
2024-10-30 14:04:38,745 INFO: Set the right side whegs to reverse direction
2024-10-30 14:04:38,745 INFO: Disabling torque for group Pivot_Group
2024-10-30 14:04:38,746 INFO: Drive mode set for group Pivot_Group with reverse_direction=False
2024-10-30 14:04:38,747 INFO: Enabling torque for group Pivot_Group
2024-10-30 14:04:38,748 INFO: Setting the profile velocity for group Pivot_Group from config.yaml: 4
2024-10-30 14:04:38,749 INFO: Profile velocities set for group Pivot_Group: {7: 17.48, 8: 17.48}
2024-10-30 14:04:38,749 INFO: Position limits set for group Pivot_Group: min=45° (ticks=511), max=315° (ticks=3583)
2024-10-30 14:04:38,750 INFO: Set position limits for the pivot motors
2024-10-30 14:04:38,759 INFO: Initialising Gait 1
2024-10-30 14:04:38,759 INFO: Running set_position_group for group 'Wheg_Group' with positions: 180
2024-10-30 14:04:38,764 WARNING: Motor 1 is not in Position Control Mode. Setting mode now.
2024-10-30 14:04:38,765 INFO: Setting operating mode 'position' for group 'Wheg_Group'
2024-10-30 14:04:38,765 INFO: Disabling torque for group Wheg_Group
2024-10-30 14:04:38,766 INFO: Enabling torque for group Wheg_Group
2024-10-30 14:04:38,767 INFO: Setting the profile velocity for group Wheg_Group from config.yaml: 10
2024-10-30 14:04:38,767 INFO: Profile velocities set for group Wheg_Group: {1: 43.7, 2: 43.7, 3: 43.7, 4: 43.7, 5: 43.7, 6: 43.7}
2024-10-30 14:04:38,768 INFO: Setting the profile velocity for group Wheg_Group from config.yaml: 10
2024-10-30 14:04:38,769 INFO: Profile velocities set for group Wheg_Group: {1: 43.7, 2: 43.7, 3: 43.7, 4: 43.7, 5: 43.7, 6: 43.7}
2024-10-30 14:04:38,770 INFO: Running set_position_group for group 'Pivot_Group' with positions: 180
2024-10-30 14:04:38,773 INFO: Initialised Gait 1, waiting for 3 seconds
2024-10-30 14:04:38,774 ERROR: Error controlling pivots: 'dpad_down'
2024-10-30 14:04:41,775 INFO: Setting operating mode 'multi_turn' for group 'Wheg_Group'
2024-10-30 14:04:41,775 INFO: Disabling torque for group Wheg_Group
2024-10-30 14:04:41,777 INFO: Enabling torque for group Wheg_Group
2024-10-30 14:04:41,777 INFO: Setting the profile velocity for group Wheg_Group from config.yaml: 10
2024-10-30 14:04:41,778 INFO: Profile velocities set for group Wheg_Group: {1: 43.7, 2: 43.7, 3: 43.7, 4: 43.7, 5: 43.7, 6: 43.7}
2024-10-30 14:04:41,779 INFO: Setting the profile velocity for group Wheg_Group from config.yaml: 10
2024-10-30 14:04:41,779 INFO: Profile velocities set for group Wheg_Group: {1: 43.7, 2: 43.7, 3: 43.7, 4: 43.7, 5: 43.7, 6: 43.7}
2024-10-30 14:04:41,780 INFO: New gait 1 is now active.
