2024-10-30 08:51:33,264 INFO: Initializing PS4Controller
2024-10-30 08:51:33,606 INFO: Configuration loaded successfully
2024-10-30 08:51:33,610 INFO: Port /dev/ttyACM0 opened successfully
2024-10-30 08:51:33,620 INFO: Baudrate set to 1000000
2024-10-30 08:51:33,620 INFO: Control table loaded successfully.
2024-10-30 08:51:33,621 INFO: Motor group 'Pivot_Group' created with motors: [7, 8]
2024-10-30 08:51:33,622 INFO: Motor group 'Wheg_Group' created with motors: [1, 2, 3, 4, 5, 6]
2024-10-30 08:51:33,622 INFO: Motor group 'All_Motors' created with motors: [1, 2, 3, 4, 5, 6, 7, 8]
2024-10-30 08:51:33,623 INFO: Motor group 'Left_Whegs' created with motors: [1, 2, 3]
2024-10-30 08:51:33,623 INFO: Motor group 'Right_Whegs' created with motors: [4, 5, 6]
2024-10-30 08:51:33,624 INFO: Motor group 'Front_Whegs' created with motors: [3, 6]
2024-10-30 08:51:33,624 INFO: Motor group 'Rear_Whegs' created with motors: [1, 4]
2024-10-30 08:51:33,625 INFO: Motor group 'Middle_Whegs' created with motors: [2, 5]
2024-10-30 08:51:33,625 INFO: Motor group 'Two_Right_One_Left' created with motors: [2, 4, 6]
2024-10-30 08:51:33,626 INFO: Motor group 'Two_Left_One_Right' created with motors: [5, 1, 3]
2024-10-30 08:51:33,626 INFO: Initialised PS4 controller, Dynamixel, and Robot State
2024-10-30 08:51:33,801 INFO: Disabling torque for group Right_Whegs
2024-10-30 08:51:33,804 INFO: Drive mode set for group Right_Whegs with reverse_direction=True
2024-10-30 08:51:33,805 INFO: Enabling torque for group Right_Whegs
2024-10-30 08:51:33,807 INFO: Setting the profile velocity for group Right_Whegs from config.yaml: None
2024-10-30 08:51:33,809 ERROR: Profile velocity for group Right_Whegs not found in config.yaml and no value was provided.
2024-10-30 08:51:33,810 INFO: Profile velocities set for group Right_Whegs: {4: 21.85, 5: 21.85, 6: 21.85}
2024-10-30 08:51:33,810 INFO: Disabling torque for group Left_Whegs
2024-10-30 08:51:33,812 INFO: Drive mode set for group Left_Whegs with reverse_direction=False
2024-10-30 08:51:33,812 INFO: Enabling torque for group Left_Whegs
2024-10-30 08:51:33,813 INFO: Setting the profile velocity for group Left_Whegs from config.yaml: None
2024-10-30 08:51:33,814 ERROR: Profile velocity for group Left_Whegs not found in config.yaml and no value was provided.
2024-10-30 08:51:33,814 INFO: Profile velocities set for group Left_Whegs: {1: 21.85, 2: 21.85, 3: 21.85}
2024-10-30 08:51:33,815 INFO: Set the right side whegs to reverse direction
2024-10-30 08:51:33,816 INFO: Disabling torque for group Pivot_Group
2024-10-30 08:51:33,817 INFO: Drive mode set for group Pivot_Group with reverse_direction=False
2024-10-30 08:51:33,817 INFO: Enabling torque for group Pivot_Group
2024-10-30 08:51:33,818 INFO: Setting the profile velocity for group Pivot_Group from config.yaml: 4
2024-10-30 08:51:33,819 INFO: Profile velocities set for group Pivot_Group: {7: 17.48, 8: 17.48}
2024-10-30 08:51:33,822 INFO: Position limits set for group Pivot_Group: min=45° (ticks=511), max=315° (ticks=3583)
2024-10-30 08:51:33,823 INFO: Set position limits for the pivot motors
2024-10-30 08:51:33,831 INFO: Initialising Gait 1
2024-10-30 08:51:33,832 INFO: Running set_position_group for group 'Wheg_Group' with positions: 180
2024-10-30 08:51:33,838 INFO: Running set_position_group for group 'Pivot_Group' with positions: 180
2024-10-30 08:51:33,842 INFO: Initialised Gait 1, waiting for 3 seconds
2024-10-30 08:51:33,842 ERROR: Error controlling pivots: 'dpad_down'
2024-10-30 08:51:36,875 INFO: Setting operating mode 'multi_turn' for group 'Wheg_Group'
2024-10-30 08:51:36,876 INFO: Disabling torque for group Wheg_Group
2024-10-30 08:51:36,878 INFO: Enabling torque for group Wheg_Group
2024-10-30 08:51:36,881 INFO: Setting the profile velocity for group Wheg_Group from config.yaml: 10
2024-10-30 08:51:36,885 INFO: Profile velocities set for group Wheg_Group: {1: 43.7, 2: 43.7, 3: 43.7, 4: 43.7, 5: 43.7, 6: 43.7}
2024-10-30 08:51:36,886 INFO: Setting the profile velocity for group Wheg_Group from config.yaml: 10
2024-10-30 08:51:36,887 INFO: Profile velocities set for group Wheg_Group: {1: 43.7, 2: 43.7, 3: 43.7, 4: 43.7, 5: 43.7, 6: 43.7}
2024-10-30 08:51:36,888 INFO: New gait 1 is now active.
2024-10-30 08:51:38,835 INFO: R3 pressed. Turning mode requested
2024-10-30 08:51:38,845 INFO: Initialising Turn Mode
2024-10-30 08:51:38,845 INFO: Running set_position_group for group 'Wheg_Group' with positions: {1: 160, 2: 200, 3: 160, 4: 160, 5: 200, 6: 160}
2024-10-30 08:51:38,851 WARNING: Motor 1 is not in Position Control Mode. Setting mode now.
2024-10-30 08:51:38,851 INFO: Setting operating mode 'position' for group 'Wheg_Group'
2024-10-30 08:51:38,852 INFO: Disabling torque for group Wheg_Group
2024-10-30 08:51:38,854 INFO: Enabling torque for group Wheg_Group
2024-10-30 08:51:38,854 INFO: Setting the profile velocity for group Wheg_Group from config.yaml: 10
2024-10-30 08:51:38,855 INFO: Profile velocities set for group Wheg_Group: {1: 43.7, 2: 43.7, 3: 43.7, 4: 43.7, 5: 43.7, 6: 43.7}
2024-10-30 08:51:38,856 INFO: Setting the profile velocity for group Wheg_Group from config.yaml: 10
2024-10-30 08:51:38,856 INFO: Profile velocities set for group Wheg_Group: {1: 43.7, 2: 43.7, 3: 43.7, 4: 43.7, 5: 43.7, 6: 43.7}
2024-10-30 08:51:38,857 INFO: Running set_position_group for group 'Pivot_Group' with positions: 180
2024-10-30 08:51:38,861 INFO: Initialised turn mode, waiting for 3 seconds
2024-10-30 08:51:39,015 INFO: R3 pressed. Turning mode requested
2024-10-30 08:51:41,862 INFO: Setting operating mode 'multi_turn' for group 'Wheg_Group'
2024-10-30 08:51:41,862 INFO: Disabling torque for group Wheg_Group
2024-10-30 08:51:41,863 INFO: Enabling torque for group Wheg_Group
2024-10-30 08:51:41,864 INFO: Setting the profile velocity for group Wheg_Group from config.yaml: 10
2024-10-30 08:51:41,865 INFO: Profile velocities set for group Wheg_Group: {1: 43.7, 2: 43.7, 3: 43.7, 4: 43.7, 5: 43.7, 6: 43.7}
2024-10-30 08:51:41,865 INFO: Setting the profile velocity for group Wheg_Group from config.yaml: 10
2024-10-30 08:51:41,866 INFO: Profile velocities set for group Wheg_Group: {1: 43.7, 2: 43.7, 3: 43.7, 4: 43.7, 5: 43.7, 6: 43.7}
2024-10-30 08:51:41,866 INFO: Turn mode activated.
2024-10-30 08:51:41,892 INFO: Running set_position_group for group 'Wheg_Group' with positions: {1: 200, 2: 160, 3: 200, 4: 200, 5: 160, 6: 200}
2024-10-30 08:51:41,897 WARNING: Motor 1 is not in Position Control Mode. Setting mode now.
2024-10-30 08:51:41,897 INFO: Setting operating mode 'position' for group 'Wheg_Group'
2024-10-30 08:51:41,898 INFO: Disabling torque for group Wheg_Group
2024-10-30 08:51:41,899 INFO: Enabling torque for group Wheg_Group
2024-10-30 08:51:41,900 INFO: Setting the profile velocity for group Wheg_Group from config.yaml: 10
2024-10-30 08:51:41,901 INFO: Profile velocities set for group Wheg_Group: {1: 43.7, 2: 43.7, 3: 43.7, 4: 43.7, 5: 43.7, 6: 43.7}
2024-10-30 08:51:41,901 INFO: Setting the profile velocity for group Wheg_Group from config.yaml: 10
2024-10-30 08:51:41,902 INFO: Profile velocities set for group Wheg_Group: {1: 43.7, 2: 43.7, 3: 43.7, 4: 43.7, 5: 43.7, 6: 43.7}
2024-10-30 08:51:41,908 WARNING: Motors are not in the correct positions for Gait 4. Positions: {1: 160.13671875, 2: 201.796875, 3: 159.9609375, 4: 159.873046875, 5: 202.5, 6: 159.9609375}
2024-10-30 08:51:41,909 WARNING: Waiting for 1 second before checking for movement
2024-10-30 08:51:42,050 INFO: Motors are moving. Continuing with the gait.
2024-10-30 08:51:42,593 WARNING: Motors are not in the correct positions for Gait 4. Positions: {1: 197.666015625, 2: 167.51953125, 3: 198.017578125, 4: 196.962890625, 5: 165.05859375, 6: 197.490234375}
2024-10-30 08:51:42,594 WARNING: Waiting for 1 second before checking for movement
2024-10-30 08:51:42,700 INFO: Motors are moving. Continuing with the gait.
2024-10-30 08:51:43,218 INFO: Profile velocities set for group Wheg_Group: {1: 11.293345336914063, 2: 90.3467626953125, 3: 11.293345336914063, 4: 90.3467626953125, 5: 11.293345336914063, 6: 90.3467626953125}
2024-10-30 08:51:43,219 INFO: Incrementing motor positions by {1: -40, 2: -320, 3: -40, 4: 320, 5: 40, 6: 320} degrees for group 'Wheg_Group'
2024-10-30 08:51:43,224 WARNING: Motor 1 is not in Extended Position Control Mode. Setting mode now.
2024-10-30 08:51:43,224 INFO: Setting operating mode 'multi_turn' for group 'Wheg_Group'
2024-10-30 08:51:43,224 INFO: Disabling torque for group Wheg_Group
2024-10-30 08:51:43,225 INFO: Enabling torque for group Wheg_Group
2024-10-30 08:51:43,226 INFO: Setting the profile velocity for group Wheg_Group from config.yaml: 10
2024-10-30 08:51:43,227 INFO: Profile velocities set for group Wheg_Group: {1: 43.7, 2: 43.7, 3: 43.7, 4: 43.7, 5: 43.7, 6: 43.7}
2024-10-30 08:51:43,228 INFO: Setting the profile velocity for group Wheg_Group from config.yaml: 10
2024-10-30 08:51:43,228 INFO: Profile velocities set for group Wheg_Group: {1: 43.7, 2: 43.7, 3: 43.7, 4: 43.7, 5: 43.7, 6: 43.7}
2024-10-30 08:51:43,234 INFO: Gait 4 step executed at 2.58RPM, wait for -2.55 seconds
2024-10-30 08:51:43,247 INFO: Profile velocities set for group Wheg_Group: {1: 90.3467626953125, 2: 11.293345336914063, 3: 90.3467626953125, 4: 11.293345336914063, 5: 90.3467626953125, 6: 11.293345336914063}
2024-10-30 08:51:43,248 INFO: Incrementing motor positions by {1: -320, 2: -40, 3: -320, 4: 40, 5: 320, 6: 40} degrees for group 'Wheg_Group'
2024-10-30 08:51:43,259 INFO: Gait 4 step executed at 2.58RPM, wait for -2.55 seconds
2024-10-30 08:51:43,272 INFO: Profile velocities set for group Wheg_Group: {1: 11.293345336914063, 2: 90.3467626953125, 3: 11.293345336914063, 4: 90.3467626953125, 5: 11.293345336914063, 6: 90.3467626953125}
2024-10-30 08:51:43,272 INFO: Incrementing motor positions by {1: -40, 2: -320, 3: -40, 4: 320, 5: 40, 6: 320} degrees for group 'Wheg_Group'
2024-10-30 08:51:43,283 INFO: Gait 4 step executed at 2.58RPM, wait for -2.55 seconds
2024-10-30 08:51:43,297 INFO: Profile velocities set for group Wheg_Group: {1: 90.3467626953125, 2: 11.293345336914063, 3: 90.3467626953125, 4: 11.293345336914063, 5: 90.3467626953125, 6: 11.293345336914063}
2024-10-30 08:51:43,297 INFO: Incrementing motor positions by {1: -320, 2: -40, 3: -320, 4: 40, 5: 320, 6: 40} degrees for group 'Wheg_Group'
2024-10-30 08:51:43,308 INFO: Gait 4 step executed at 2.58RPM, wait for -2.55 seconds
2024-10-30 08:51:43,359 WARNING: Motors are not in the correct positions for Gait 4. Positions: {1: 196.69921875, 2: 160.48828125, 3: 196.962890625, 4: 204.78515625, 5: 161.279296875, 6: 205.048828125}
2024-10-30 08:51:43,359 WARNING: Waiting for 1 second before checking for movement
2024-10-30 08:51:43,465 INFO: Motors are moving. Continuing with the gait.
2024-10-30 08:51:43,984 WARNING: Motors are not in the correct positions for Gait 4. Positions: {1: 117.685546875, 2: 144.228515625, 3: 116.455078125, 4: 219.55078125, 5: 242.138671875, 6: 215.68359375}
2024-10-30 08:51:43,985 WARNING: Waiting for 1 second before checking for movement
2024-10-30 08:51:44,091 INFO: Motors are moving. Continuing with the gait.
2024-10-30 08:51:44,613 WARNING: Motors are not in the correct positions for Gait 4. Positions: {1: 40.693359375, 2: 135.703125, 3: 39.462890625, 4: 227.548828125, 5: 319.74609375, 6: 226.318359375}
2024-10-30 08:51:44,614 WARNING: Waiting for 1 second before checking for movement
2024-10-30 08:51:44,722 INFO: Motors are moving. Continuing with the gait.
2024-10-30 08:51:45,242 WARNING: Motors are not in the correct positions for Gait 4. Positions: {1: 258.20703125, 2: 125.419921875, 3: 256.9765625, 4: 238.53515625, 5: 38.880859375, 6: 236.865234375}
2024-10-30 08:51:45,243 WARNING: Waiting for 1 second before checking for movement
2024-10-30 08:51:45,349 INFO: Motors are moving. Continuing with the gait.
2024-10-30 08:51:45,867 WARNING: Motors are not in the correct positions for Gait 4. Positions: {1: 180.16015625, 2: 115.6640625, 3: 179.6328125, 4: 245.390625, 5: 105.150390625, 6: 241.875}
2024-10-30 08:51:45,868 WARNING: Waiting for 1 second before checking for movement
2024-10-30 08:51:45,975 INFO: Motors are moving. Continuing with the gait.
2024-10-30 08:51:46,495 WARNING: Motors are not in the correct positions for Gait 4. Positions: {1: 176.99609375, 2: 114.873046875, 3: 175.23828125, 4: 245.390625, 5: 110.775390625, 6: 241.875}
2024-10-30 08:51:46,495 WARNING: Waiting for 1 second before checking for movement
2024-10-30 08:51:46,602 CRITICAL: Motors are not moving, reseting positions, and waiting for 3 seconds.
2024-10-30 08:51:46,602 INFO: Running set_position_group for group 'Wheg_Group' with positions: {1: 200, 2: 160, 3: 200, 4: 200, 5: 160, 6: 200}
2024-10-30 08:51:46,608 WARNING: Motor 1 is not in Position Control Mode. Setting mode now.
2024-10-30 08:51:46,608 INFO: Setting operating mode 'position' for group 'Wheg_Group'
2024-10-30 08:51:46,609 INFO: Disabling torque for group Wheg_Group
2024-10-30 08:51:46,610 INFO: Enabling torque for group Wheg_Group
2024-10-30 08:51:46,610 INFO: Setting the profile velocity for group Wheg_Group from config.yaml: 10
2024-10-30 08:51:46,611 INFO: Profile velocities set for group Wheg_Group: {1: 43.7, 2: 43.7, 3: 43.7, 4: 43.7, 5: 43.7, 6: 43.7}
2024-10-30 08:51:46,612 INFO: Setting the profile velocity for group Wheg_Group from config.yaml: 10
2024-10-30 08:51:46,613 INFO: Profile velocities set for group Wheg_Group: {1: 43.7, 2: 43.7, 3: 43.7, 4: 43.7, 5: 43.7, 6: 43.7}
2024-10-30 08:51:49,651 INFO: Setting operating mode 'multi_turn' for group 'Wheg_Group'
2024-10-30 08:51:49,652 INFO: Disabling torque for group Wheg_Group
2024-10-30 08:51:49,655 INFO: Enabling torque for group Wheg_Group
2024-10-30 08:51:49,657 INFO: Setting the profile velocity for group Wheg_Group from config.yaml: 10
2024-10-30 08:51:49,658 INFO: Profile velocities set for group Wheg_Group: {1: 43.7, 2: 43.7, 3: 43.7, 4: 43.7, 5: 43.7, 6: 43.7}
2024-10-30 08:51:49,659 INFO: Setting the profile velocity for group Wheg_Group from config.yaml: 10
2024-10-30 08:51:49,660 INFO: Profile velocities set for group Wheg_Group: {1: 43.7, 2: 43.7, 3: 43.7, 4: 43.7, 5: 43.7, 6: 43.7}
2024-10-30 08:51:49,661 INFO: Profile velocities set for group Wheg_Group: {1: 11.39616729736328, 2: 91.16933837890625, 3: 11.39616729736328, 4: 91.16933837890625, 5: 11.39616729736328, 6: 91.16933837890625}
2024-10-30 08:51:49,661 INFO: Incrementing motor positions by {1: -40, 2: -320, 3: -40, 4: 320, 5: 40, 6: 320} degrees for group 'Wheg_Group'
2024-10-30 08:51:49,675 INFO: Gait 4 step executed at 2.61RPM, wait for -2.53 seconds
2024-10-30 08:51:49,689 INFO: Profile velocities set for group Wheg_Group: {1: 91.16933837890625, 2: 11.39616729736328, 3: 91.16933837890625, 4: 11.39616729736328, 5: 91.16933837890625, 6: 11.39616729736328}
2024-10-30 08:51:49,689 INFO: Incrementing motor positions by {1: -320, 2: -40, 3: -320, 4: 40, 5: 320, 6: 40} degrees for group 'Wheg_Group'
2024-10-30 08:51:49,700 INFO: Gait 4 step executed at 2.61RPM, wait for -2.53 seconds
2024-10-30 08:51:49,714 WARNING: Motors are not in the correct positions for Gait 4. Positions: {1: 203.90625, 2: 150.908203125, 3: 201.4453125, 4: 206.54296875, 5: 153.28125, 6: 204.609375}
2024-10-30 08:51:49,715 WARNING: Waiting for 1 second before checking for movement
2024-10-30 08:51:49,850 INFO: Motors are moving. Continuing with the gait.
2024-10-30 08:51:50,396 WARNING: Motors are not in the correct positions for Gait 4. Positions: {1: 121.2890625, 2: 136.669921875, 3: 118.828125, 4: 222.1875, 5: 236.689453125, 6: 217.6171875}
2024-10-30 08:51:50,396 WARNING: Waiting for 1 second before checking for movement
2024-10-30 08:51:50,502 INFO: Motors are moving. Continuing with the gait.
2024-10-30 08:51:51,024 WARNING: Motors are not in the correct positions for Gait 4. Positions: {1: 44.033203125, 2: 127.44140625, 3: 40.95703125, 4: 231.416015625, 5: 315.0, 6: 227.8125}
2024-10-30 08:51:51,024 WARNING: Waiting for 1 second before checking for movement
2024-10-30 08:51:51,130 INFO: Motors are moving. Continuing with the gait.
2024-10-30 08:51:51,653 WARNING: Motors are not in the correct positions for Gait 4. Positions: {1: 260.755859375, 2: 116.71875, 3: 257.943359375, 4: 242.05078125, 5: 34.837890625, 6: 237.83203125}
2024-10-30 08:51:51,653 WARNING: Waiting for 1 second before checking for movement
2024-10-30 08:51:51,759 INFO: Motors are moving. Continuing with the gait.
2024-10-30 08:51:52,288 WARNING: Motors are not in the correct positions for Gait 4. Positions: {1: 182.708984375, 2: 103.623046875, 3: 178.841796875, 4: 248.994140625, 5: 102.953125, 6: 243.80859375}
2024-10-30 08:51:52,290 WARNING: Waiting for 1 second before checking for movement
2024-10-30 08:51:52,399 INFO: Motors are moving. Continuing with the gait.
2024-10-30 08:51:52,921 WARNING: Motors are not in the correct positions for Gait 4. Positions: {1: 182.09375, 2: 103.7109375, 3: 177.5234375, 4: 248.90625, 5: 103.65625, 6: 243.80859375}
2024-10-30 08:51:52,922 WARNING: Waiting for 1 second before checking for movement
2024-10-30 08:51:53,029 CRITICAL: Motors are not moving, reseting positions, and waiting for 3 seconds.
2024-10-30 08:51:53,029 INFO: Running set_position_group for group 'Wheg_Group' with positions: {1: 200, 2: 160, 3: 200, 4: 200, 5: 160, 6: 200}
2024-10-30 08:51:53,034 WARNING: Motor 1 is not in Position Control Mode. Setting mode now.
2024-10-30 08:51:53,035 INFO: Setting operating mode 'position' for group 'Wheg_Group'
2024-10-30 08:51:53,035 INFO: Disabling torque for group Wheg_Group
2024-10-30 08:51:53,036 INFO: Enabling torque for group Wheg_Group
2024-10-30 08:51:53,037 INFO: Setting the profile velocity for group Wheg_Group from config.yaml: 10
2024-10-30 08:51:53,038 INFO: Profile velocities set for group Wheg_Group: {1: 43.7, 2: 43.7, 3: 43.7, 4: 43.7, 5: 43.7, 6: 43.7}
2024-10-30 08:51:53,038 INFO: Setting the profile velocity for group Wheg_Group from config.yaml: 10
2024-10-30 08:51:53,039 INFO: Profile velocities set for group Wheg_Group: {1: 43.7, 2: 43.7, 3: 43.7, 4: 43.7, 5: 43.7, 6: 43.7}
2024-10-30 08:51:56,040 INFO: Setting operating mode 'multi_turn' for group 'Wheg_Group'
2024-10-30 08:51:56,041 INFO: Disabling torque for group Wheg_Group
2024-10-30 08:51:56,042 INFO: Enabling torque for group Wheg_Group
2024-10-30 08:51:56,043 INFO: Setting the profile velocity for group Wheg_Group from config.yaml: 10
2024-10-30 08:51:56,044 INFO: Profile velocities set for group Wheg_Group: {1: 43.7, 2: 43.7, 3: 43.7, 4: 43.7, 5: 43.7, 6: 43.7}
2024-10-30 08:51:56,044 INFO: Setting the profile velocity for group Wheg_Group from config.yaml: 10
2024-10-30 08:51:56,045 INFO: Profile velocities set for group Wheg_Group: {1: 43.7, 2: 43.7, 3: 43.7, 4: 43.7, 5: 43.7, 6: 43.7}
2024-10-30 08:51:56,046 INFO: Profile velocities set for group Wheg_Group: {1: 11.430441284179688, 2: 91.4435302734375, 3: 11.430441284179688, 4: 91.4435302734375, 5: 11.430441284179688, 6: 91.4435302734375}
2024-10-30 08:51:56,046 INFO: Incrementing motor positions by {1: -40, 2: -320, 3: -40, 4: 320, 5: 40, 6: 320} degrees for group 'Wheg_Group'
2024-10-30 08:51:56,057 INFO: Gait 4 step executed at 2.62RPM, wait for -2.52 seconds
2024-10-30 08:51:56,070 INFO: Profile velocities set for group Wheg_Group: {1: 92.81448974609376, 2: 11.60181121826172, 3: 92.81448974609376, 4: 11.60181121826172, 5: 92.81448974609376, 6: 11.60181121826172}
2024-10-30 08:51:56,070 INFO: Incrementing motor positions by {1: -320, 2: -40, 3: -320, 4: 40, 5: 320, 6: 40} degrees for group 'Wheg_Group'
2024-10-30 08:51:56,081 INFO: Gait 4 step executed at 2.65RPM, wait for -2.49 seconds
2024-10-30 08:51:56,094 WARNING: Motors are not in the correct positions for Gait 4. Positions: {1: 205.751953125, 2: 149.150390625, 3: 201.97265625, 4: 206.71875, 5: 152.40234375, 6: 204.345703125}
2024-10-30 08:51:56,094 WARNING: Waiting for 1 second before checking for movement
2024-10-30 08:51:56,231 INFO: Motors are moving. Continuing with the gait.
2024-10-30 08:51:56,780 WARNING: Motors are not in the correct positions for Gait 4. Positions: {1: 121.640625, 2: 145.107421875, 3: 116.455078125, 4: 222.275390625, 5: 236.77734375, 6: 218.3203125}
2024-10-30 08:51:56,780 WARNING: Waiting for 1 second before checking for movement
2024-10-30 08:51:56,886 INFO: Motors are moving. Continuing with the gait.
2024-10-30 08:51:57,410 WARNING: Motors are not in the correct positions for Gait 4. Positions: {1: 42.890625, 2: 134.6484375, 3: 37.44140625, 4: 232.119140625, 5: 316.23046875, 6: 227.724609375}
2024-10-30 08:51:57,410 WARNING: Waiting for 1 second before checking for movement
2024-10-30 08:51:57,516 INFO: Motors are moving. Continuing with the gait.
2024-10-30 08:51:58,042 WARNING: Motors are not in the correct positions for Gait 4. Positions: {1: 258.3828125, 2: 123.92578125, 3: 252.93359375, 4: 242.40234375, 5: 37.38671875, 6: 238.0078125}
2024-10-30 08:51:58,042 WARNING: Waiting for 1 second before checking for movement
2024-10-30 08:51:58,149 INFO: Motors are moving. Continuing with the gait.
2024-10-30 08:51:58,672 WARNING: Motors are not in the correct positions for Gait 4. Positions: {1: 181.478515625, 2: 112.060546875, 3: 177.875, 4: 249.2578125, 5: 103.3046875, 6: 243.544921875}
2024-10-30 08:51:58,672 WARNING: Waiting for 1 second before checking for movement
2024-10-30 08:51:58,779 CRITICAL: Motors are not moving, reseting positions, and waiting for 3 seconds.
2024-10-30 08:51:58,779 INFO: Running set_position_group for group 'Wheg_Group' with positions: {1: 200, 2: 160, 3: 200, 4: 200, 5: 160, 6: 200}
2024-10-30 08:51:58,784 WARNING: Motor 1 is not in Position Control Mode. Setting mode now.
2024-10-30 08:51:58,785 INFO: Setting operating mode 'position' for group 'Wheg_Group'
2024-10-30 08:51:58,785 INFO: Disabling torque for group Wheg_Group
2024-10-30 08:51:58,786 INFO: Enabling torque for group Wheg_Group
2024-10-30 08:51:58,787 INFO: Setting the profile velocity for group Wheg_Group from config.yaml: 10
2024-10-30 08:51:58,788 INFO: Profile velocities set for group Wheg_Group: {1: 43.7, 2: 43.7, 3: 43.7, 4: 43.7, 5: 43.7, 6: 43.7}
2024-10-30 08:51:58,788 INFO: Setting the profile velocity for group Wheg_Group from config.yaml: 10
2024-10-30 08:51:58,789 INFO: Profile velocities set for group Wheg_Group: {1: 43.7, 2: 43.7, 3: 43.7, 4: 43.7, 5: 43.7, 6: 43.7}
2024-10-30 08:52:01,790 INFO: Setting operating mode 'multi_turn' for group 'Wheg_Group'
2024-10-30 08:52:01,791 INFO: Disabling torque for group Wheg_Group
2024-10-30 08:52:01,793 INFO: Enabling torque for group Wheg_Group
2024-10-30 08:52:01,794 INFO: Setting the profile velocity for group Wheg_Group from config.yaml: 10
2024-10-30 08:52:01,795 INFO: Profile velocities set for group Wheg_Group: {1: 43.7, 2: 43.7, 3: 43.7, 4: 43.7, 5: 43.7, 6: 43.7}
2024-10-30 08:52:01,796 INFO: Setting the profile velocity for group Wheg_Group from config.yaml: 10
2024-10-30 08:52:01,797 INFO: Profile velocities set for group Wheg_Group: {1: 43.7, 2: 43.7, 3: 43.7, 4: 43.7, 5: 43.7, 6: 43.7}
2024-10-30 08:52:01,799 INFO: Profile velocities set for group Wheg_Group: {1: 11.60181121826172, 2: 92.81448974609376, 3: 11.60181121826172, 4: 92.81448974609376, 5: 11.60181121826172, 6: 92.81448974609376}
2024-10-30 08:52:01,799 INFO: Incrementing motor positions by {1: -40, 2: -320, 3: -40, 4: 320, 5: 40, 6: 320} degrees for group 'Wheg_Group'
2024-10-30 08:52:01,810 INFO: Gait 4 step executed at 2.65RPM, wait for -2.49 seconds
2024-10-30 08:52:01,818 INFO: Running set_position_group for group 'Wheg_Group' with positions: {1: 160, 2: 200, 3: 160, 4: 160, 5: 200, 6: 160}
2024-10-30 08:52:01,823 WARNING: Motor 1 is not in Position Control Mode. Setting mode now.
2024-10-30 08:52:01,824 INFO: Setting operating mode 'position' for group 'Wheg_Group'
2024-10-30 08:52:01,824 INFO: Disabling torque for group Wheg_Group
2024-10-30 08:52:01,826 INFO: Enabling torque for group Wheg_Group
2024-10-30 08:52:01,826 INFO: Setting the profile velocity for group Wheg_Group from config.yaml: 10
2024-10-30 08:52:01,827 INFO: Profile velocities set for group Wheg_Group: {1: 43.7, 2: 43.7, 3: 43.7, 4: 43.7, 5: 43.7, 6: 43.7}
2024-10-30 08:52:01,827 INFO: Setting the profile velocity for group Wheg_Group from config.yaml: 10
2024-10-30 08:52:01,828 INFO: Profile velocities set for group Wheg_Group: {1: 43.7, 2: 43.7, 3: 43.7, 4: 43.7, 5: 43.7, 6: 43.7}
2024-10-30 08:52:02,334 INFO: Profile velocities set for group Wheg_Group: {1: 104.87893310546875, 2: 13.109866638183593, 3: 104.87893310546875, 4: 13.109866638183593, 5: 104.87893310546875, 6: 13.109866638183593}
2024-10-30 08:52:02,335 INFO: Incrementing motor positions by {1: 320, 2: 40, 3: 320, 4: -40, 5: -320, 6: -40} degrees for group 'Wheg_Group'
2024-10-30 08:52:02,340 WARNING: Motor 1 is not in Extended Position Control Mode. Setting mode now.
2024-10-30 08:52:02,340 INFO: Setting operating mode 'multi_turn' for group 'Wheg_Group'
2024-10-30 08:52:02,341 INFO: Disabling torque for group Wheg_Group
2024-10-30 08:52:02,342 INFO: Enabling torque for group Wheg_Group
2024-10-30 08:52:02,343 INFO: Setting the profile velocity for group Wheg_Group from config.yaml: 10
2024-10-30 08:52:02,344 INFO: Profile velocities set for group Wheg_Group: {1: 43.7, 2: 43.7, 3: 43.7, 4: 43.7, 5: 43.7, 6: 43.7}
2024-10-30 08:52:02,344 INFO: Setting the profile velocity for group Wheg_Group from config.yaml: 10
2024-10-30 08:52:02,345 INFO: Profile velocities set for group Wheg_Group: {1: 43.7, 2: 43.7, 3: 43.7, 4: 43.7, 5: 43.7, 6: 43.7}
2024-10-30 08:52:02,350 INFO: Gait 4 step executed at 3.00RPM, wait for 2.25 seconds
2024-10-30 08:52:05,111 WARNING: Motors are not in the correct positions for Gait 4. Positions: {1: 337.1484375, 2: 226.7578125, 3: 336.62109375, 4: 136.142578125, 5: 16.69921875, 6: 135.439453125}
2024-10-30 08:52:05,112 WARNING: Waiting for 1 second before checking for movement
2024-10-30 08:52:05,248 INFO: Motors are moving. Continuing with the gait.
2024-10-30 08:52:06,302 WARNING: Motors are not in the correct positions for Gait 4. Positions: {1: 49.076171875, 2: 226.7578125, 3: 48.28515625, 4: 136.142578125, 5: 241.771484375, 6: 135.439453125}
2024-10-30 08:52:06,303 WARNING: Waiting for 1 second before checking for movement
2024-10-30 08:52:06,440 INFO: Motors are moving. Continuing with the gait.
2024-10-30 08:52:07,454 WARNING: Motors are not in the correct positions for Gait 4. Positions: {1: 108.314453125, 2: 226.494140625, 3: 111.302734375, 4: 134.912109375, 5: 174.095703125, 6: 135.52734375}
2024-10-30 08:52:07,455 WARNING: Waiting for 1 second before checking for movement
2024-10-30 08:52:07,561 INFO: Motors are moving. Continuing with the gait.
2024-10-30 08:52:08,575 WARNING: Motors are not in the correct positions for Gait 4. Positions: {1: 127.650390625, 2: 219.462890625, 3: 130.462890625, 4: 135.0, 5: 157.748046875, 6: 135.703125}
2024-10-30 08:52:08,575 WARNING: Waiting for 1 second before checking for movement
2024-10-30 08:52:08,712 CRITICAL: Motors are not moving, reseting positions, and waiting for 3 seconds.
2024-10-30 08:52:08,712 INFO: Running set_position_group for group 'Wheg_Group' with positions: {1: 160, 2: 200, 3: 160, 4: 160, 5: 200, 6: 160}
2024-10-30 08:52:08,718 WARNING: Motor 1 is not in Position Control Mode. Setting mode now.
2024-10-30 08:52:08,718 INFO: Setting operating mode 'position' for group 'Wheg_Group'
2024-10-30 08:52:08,719 INFO: Disabling torque for group Wheg_Group
2024-10-30 08:52:08,720 INFO: Enabling torque for group Wheg_Group
2024-10-30 08:52:08,721 INFO: Setting the profile velocity for group Wheg_Group from config.yaml: 10
2024-10-30 08:52:08,722 INFO: Profile velocities set for group Wheg_Group: {1: 43.7, 2: 43.7, 3: 43.7, 4: 43.7, 5: 43.7, 6: 43.7}
2024-10-30 08:52:08,722 INFO: Setting the profile velocity for group Wheg_Group from config.yaml: 10
2024-10-30 08:52:08,723 INFO: Profile velocities set for group Wheg_Group: {1: 43.7, 2: 43.7, 3: 43.7, 4: 43.7, 5: 43.7, 6: 43.7}
2024-10-30 08:52:11,725 INFO: Setting operating mode 'multi_turn' for group 'Wheg_Group'
2024-10-30 08:52:11,725 INFO: Disabling torque for group Wheg_Group
2024-10-30 08:52:11,726 INFO: Enabling torque for group Wheg_Group
2024-10-30 08:52:11,727 INFO: Setting the profile velocity for group Wheg_Group from config.yaml: 10
2024-10-30 08:52:11,728 INFO: Profile velocities set for group Wheg_Group: {1: 43.7, 2: 43.7, 3: 43.7, 4: 43.7, 5: 43.7, 6: 43.7}
2024-10-30 08:52:11,728 INFO: Setting the profile velocity for group Wheg_Group from config.yaml: 10
2024-10-30 08:52:11,729 INFO: Profile velocities set for group Wheg_Group: {1: 43.7, 2: 43.7, 3: 43.7, 4: 43.7, 5: 43.7, 6: 43.7}
2024-10-30 08:52:11,730 INFO: Profile velocities set for group Wheg_Group: {1: 13.109866638183593, 2: 104.87893310546875, 3: 13.109866638183593, 4: 104.87893310546875, 5: 13.109866638183593, 6: 104.87893310546875}
2024-10-30 08:52:11,730 INFO: Incrementing motor positions by {1: 40, 2: 320, 3: 40, 4: -320, 5: -40, 6: -320} degrees for group 'Wheg_Group'
2024-10-30 08:52:11,741 INFO: Gait 4 step executed at 3.00RPM, wait for 2.25 seconds
2024-10-30 08:52:14,546 INFO: Profile velocities set for group Wheg_Group: {1: 104.87893310546875, 2: 13.109866638183593, 3: 104.87893310546875, 4: 13.109866638183593, 5: 104.87893310546875, 6: 13.109866638183593}
2024-10-30 08:52:14,547 INFO: Incrementing motor positions by {1: 320, 2: 40, 3: 320, 4: -40, 5: -320, 6: -40} degrees for group 'Wheg_Group'
2024-10-30 08:52:14,559 INFO: Gait 4 step executed at 3.00RPM, wait for 2.25 seconds
2024-10-30 08:52:17,322 WARNING: Motors are not in the correct positions for Gait 4. Positions: {1: 150.326171875, 2: 206.927734375, 3: 154.896484375, 4: 96.224609375, 5: 147.11328125, 6: 96.576171875}
2024-10-30 08:52:17,322 WARNING: Waiting for 1 second before checking for movement
2024-10-30 08:52:17,459 CRITICAL: Motors are not moving, reseting positions, and waiting for 3 seconds.
2024-10-30 08:52:17,460 INFO: Running set_position_group for group 'Wheg_Group' with positions: {1: 160, 2: 200, 3: 160, 4: 160, 5: 200, 6: 160}
2024-10-30 08:52:17,465 WARNING: Motor 1 is not in Position Control Mode. Setting mode now.
2024-10-30 08:52:17,466 INFO: Setting operating mode 'position' for group 'Wheg_Group'
2024-10-30 08:52:17,466 INFO: Disabling torque for group Wheg_Group
2024-10-30 08:52:17,467 INFO: Enabling torque for group Wheg_Group
2024-10-30 08:52:17,468 INFO: Setting the profile velocity for group Wheg_Group from config.yaml: 10
2024-10-30 08:52:17,470 INFO: Profile velocities set for group Wheg_Group: {1: 43.7, 2: 43.7, 3: 43.7, 4: 43.7, 5: 43.7, 6: 43.7}
2024-10-30 08:52:17,470 INFO: Setting the profile velocity for group Wheg_Group from config.yaml: 10
2024-10-30 08:52:17,471 INFO: Profile velocities set for group Wheg_Group: {1: 43.7, 2: 43.7, 3: 43.7, 4: 43.7, 5: 43.7, 6: 43.7}
2024-10-30 08:52:20,506 INFO: Setting operating mode 'multi_turn' for group 'Wheg_Group'
2024-10-30 08:52:20,507 INFO: Disabling torque for group Wheg_Group
2024-10-30 08:52:20,511 INFO: Enabling torque for group Wheg_Group
2024-10-30 08:52:20,515 INFO: Setting the profile velocity for group Wheg_Group from config.yaml: 10
2024-10-30 08:52:20,516 INFO: Profile velocities set for group Wheg_Group: {1: 43.7, 2: 43.7, 3: 43.7, 4: 43.7, 5: 43.7, 6: 43.7}
2024-10-30 08:52:20,517 INFO: Setting the profile velocity for group Wheg_Group from config.yaml: 10
2024-10-30 08:52:20,518 INFO: Profile velocities set for group Wheg_Group: {1: 43.7, 2: 43.7, 3: 43.7, 4: 43.7, 5: 43.7, 6: 43.7}
2024-10-30 08:52:20,520 INFO: Profile velocities set for group Wheg_Group: {1: 13.109866638183593, 2: 104.87893310546875, 3: 13.109866638183593, 4: 104.87893310546875, 5: 13.109866638183593, 6: 104.87893310546875}
2024-10-30 08:52:20,520 INFO: Incrementing motor positions by {1: 40, 2: 320, 3: 40, 4: -320, 5: -40, 6: -320} degrees for group 'Wheg_Group'
2024-10-30 08:52:20,532 INFO: Gait 4 step executed at 3.00RPM, wait for 2.25 seconds
2024-10-30 08:52:23,313 INFO: Profile velocities set for group Wheg_Group: {1: 104.87893310546875, 2: 13.109866638183593, 3: 104.87893310546875, 4: 13.109866638183593, 5: 104.87893310546875, 6: 13.109866638183593}
2024-10-30 08:52:23,313 INFO: Incrementing motor positions by {1: 320, 2: 40, 3: 320, 4: -40, 5: -320, 6: -40} degrees for group 'Wheg_Group'
2024-10-30 08:52:23,324 INFO: Gait 4 step executed at 3.00RPM, wait for 2.25 seconds
2024-10-30 08:52:26,094 WARNING: Motors are not in the correct positions for Gait 4. Positions: {1: 152.787109375, 2: 207.103515625, 3: 155.51171875, 4: 96.48828125, 5: 148.51953125, 6: 96.48828125}
2024-10-30 08:52:26,095 WARNING: Waiting for 1 second before checking for movement
2024-10-30 08:52:26,202 CRITICAL: Motors are not moving, reseting positions, and waiting for 3 seconds.
2024-10-30 08:52:26,203 INFO: Running set_position_group for group 'Wheg_Group' with positions: {1: 160, 2: 200, 3: 160, 4: 160, 5: 200, 6: 160}
2024-10-30 08:52:26,208 WARNING: Motor 1 is not in Position Control Mode. Setting mode now.
2024-10-30 08:52:26,209 INFO: Setting operating mode 'position' for group 'Wheg_Group'
2024-10-30 08:52:26,210 INFO: Disabling torque for group Wheg_Group
2024-10-30 08:52:26,211 INFO: Enabling torque for group Wheg_Group
2024-10-30 08:52:26,212 INFO: Setting the profile velocity for group Wheg_Group from config.yaml: 10
2024-10-30 08:52:26,214 INFO: Profile velocities set for group Wheg_Group: {1: 43.7, 2: 43.7, 3: 43.7, 4: 43.7, 5: 43.7, 6: 43.7}
2024-10-30 08:52:26,214 INFO: Setting the profile velocity for group Wheg_Group from config.yaml: 10
2024-10-30 08:52:26,215 INFO: Profile velocities set for group Wheg_Group: {1: 43.7, 2: 43.7, 3: 43.7, 4: 43.7, 5: 43.7, 6: 43.7}
2024-10-30 08:52:27,511 INFO: share pressed. Turning mode deactivating
2024-10-30 08:52:28,951 INFO: Share pressed. Reversing the direction of the whegs
2024-10-30 08:52:29,144 INFO: Share pressed. Reversing the direction of the whegs
2024-10-30 08:52:29,244 INFO: Setting operating mode 'multi_turn' for group 'Wheg_Group'
2024-10-30 08:52:29,245 INFO: Disabling torque for group Wheg_Group
2024-10-30 08:52:29,248 INFO: Enabling torque for group Wheg_Group
2024-10-30 08:52:29,251 INFO: Setting the profile velocity for group Wheg_Group from config.yaml: 10
2024-10-30 08:52:29,254 INFO: Profile velocities set for group Wheg_Group: {1: 43.7, 2: 43.7, 3: 43.7, 4: 43.7, 5: 43.7, 6: 43.7}
2024-10-30 08:52:29,255 INFO: Setting the profile velocity for group Wheg_Group from config.yaml: 10
2024-10-30 08:52:29,256 INFO: Profile velocities set for group Wheg_Group: {1: 43.7, 2: 43.7, 3: 43.7, 4: 43.7, 5: 43.7, 6: 43.7}
2024-10-30 08:52:29,257 INFO: Profile velocities set for group Wheg_Group: {1: 13.109866638183593, 2: 104.87893310546875, 3: 13.109866638183593, 4: 104.87893310546875, 5: 13.109866638183593, 6: 104.87893310546875}
2024-10-30 08:52:29,258 INFO: Incrementing motor positions by {1: 40, 2: 320, 3: 40, 4: -320, 5: -40, 6: -320} degrees for group 'Wheg_Group'
2024-10-30 08:52:29,269 INFO: Gait 4 step executed at 3.00RPM, wait for 2.25 seconds
2024-10-30 08:52:31,556 WARNING: No motors found for group 'All_Whegs'
2024-10-30 08:52:31,556 WARNING: Set direction of whegs to forward
2024-10-30 08:52:31,557 INFO: Turn mode deactivating
2024-10-30 08:52:31,571 INFO: Disabling torque for group Wheg_Group
2024-10-30 08:52:31,572 INFO: Drive mode set for group Wheg_Group with reverse_direction={1: 1, 2: 1, 3: 1, 4: 0, 5: 0, 6: 0}
2024-10-30 08:52:31,573 INFO: Enabling torque for group Wheg_Group
2024-10-30 08:52:31,573 INFO: Setting the profile velocity for group Wheg_Group from config.yaml: 10
2024-10-30 08:52:31,574 INFO: Profile velocities set for group Wheg_Group: {1: 43.7, 2: 43.7, 3: 43.7, 4: 43.7, 5: 43.7, 6: 43.7}
2024-10-30 08:52:31,574 INFO: Reversed the direction of all whegs, waiting for 3 seconds
2024-10-30 08:52:34,575 INFO: Direction of whegs reversed.
2024-10-30 08:52:34,640 INFO: Initialising Gait 1
2024-10-30 08:52:34,641 INFO: Running set_position_group for group 'Wheg_Group' with positions: 180
2024-10-30 08:52:34,647 WARNING: Motor 1 is not in Position Control Mode. Setting mode now.
2024-10-30 08:52:34,648 INFO: Setting operating mode 'position' for group 'Wheg_Group'
2024-10-30 08:52:34,652 INFO: Disabling torque for group Wheg_Group
2024-10-30 08:52:34,654 INFO: Enabling torque for group Wheg_Group
2024-10-30 08:52:34,655 INFO: Setting the profile velocity for group Wheg_Group from config.yaml: 10
2024-10-30 08:52:34,656 INFO: Profile velocities set for group Wheg_Group: {1: 43.7, 2: 43.7, 3: 43.7, 4: 43.7, 5: 43.7, 6: 43.7}
2024-10-30 08:52:34,657 INFO: Setting the profile velocity for group Wheg_Group from config.yaml: 10
2024-10-30 08:52:34,658 INFO: Profile velocities set for group Wheg_Group: {1: 43.7, 2: 43.7, 3: 43.7, 4: 43.7, 5: 43.7, 6: 43.7}
2024-10-30 08:52:34,658 INFO: Running set_position_group for group 'Pivot_Group' with positions: 180
2024-10-30 08:52:34,662 INFO: Initialised Gait 1, waiting for 3 seconds
2024-10-30 08:52:36,391 INFO: Triangle pressed. Preparing to change to next gait: 2
2024-10-30 08:52:37,698 INFO: Setting operating mode 'multi_turn' for group 'Wheg_Group'
2024-10-30 08:52:37,699 INFO: Disabling torque for group Wheg_Group
2024-10-30 08:52:37,701 INFO: Enabling torque for group Wheg_Group
2024-10-30 08:52:37,703 INFO: Setting the profile velocity for group Wheg_Group from config.yaml: 10
2024-10-30 08:52:37,705 INFO: Profile velocities set for group Wheg_Group: {1: 43.7, 2: 43.7, 3: 43.7, 4: 43.7, 5: 43.7, 6: 43.7}
2024-10-30 08:52:37,705 INFO: Setting the profile velocity for group Wheg_Group from config.yaml: 10
2024-10-30 08:52:37,706 INFO: Profile velocities set for group Wheg_Group: {1: 43.7, 2: 43.7, 3: 43.7, 4: 43.7, 5: 43.7, 6: 43.7}
2024-10-30 08:52:37,706 INFO: New gait 2 is now active.
2024-10-30 08:52:38,379 INFO: Profile velocities set for group Wheg_Group: {1: 38.524494628906254, 2: 4.815561828613282, 3: 38.524494628906254, 4: 4.815561828613282, 5: 38.524494628906254, 6: 4.815561828613282}
2024-10-30 08:52:38,379 INFO: Incrementing motor positions by {1: 320, 2: 40, 3: 320, 4: 40, 5: 320, 6: 40} degrees for group 'Wheg_Group'
2024-10-30 08:52:38,390 INFO: Gait 2 step executed at 1.10RPM, wait for 6.07 seconds
2024-10-30 08:52:44,528 WARNING: Motors are not in the correct positions for Gait 2. Positions: {1: 139.1640625, 2: 219.7265625, 3: 139.076171875, 4: 214.716796875, 5: 140.74609375, 6: 213.134765625}
2024-10-30 08:52:44,529 WARNING: Waiting for 1 second before checking for movement
2024-10-30 08:52:44,635 INFO: Motors are moving. Continuing with the gait.
2024-10-30 08:52:45,191 WARNING: Motors are not in the correct positions for Gait 2. Positions: {1: 141.009765625, 2: 223.505859375, 3: 140.5703125, 4: 217.96875, 5: 142.064453125, 6: 216.73828125}
2024-10-30 08:52:45,192 WARNING: Waiting for 1 second before checking for movement
2024-10-30 08:52:45,298 CRITICAL: Motors are not moving, reseting positions, and waiting for 3 seconds.
2024-10-30 08:52:45,298 INFO: Running set_position_group for group 'Wheg_Group' with positions: {1: 160, 2: 200, 3: 160, 4: 160, 5: 200, 6: 160}
2024-10-30 08:52:45,303 WARNING: Motor 1 is not in Position Control Mode. Setting mode now.
2024-10-30 08:52:45,304 INFO: Setting operating mode 'position' for group 'Wheg_Group'
2024-10-30 08:52:45,304 INFO: Disabling torque for group Wheg_Group
2024-10-30 08:52:45,305 INFO: Enabling torque for group Wheg_Group
2024-10-30 08:52:45,306 INFO: Setting the profile velocity for group Wheg_Group from config.yaml: 10
2024-10-30 08:52:45,307 INFO: Profile velocities set for group Wheg_Group: {1: 43.7, 2: 43.7, 3: 43.7, 4: 43.7, 5: 43.7, 6: 43.7}
2024-10-30 08:52:45,308 INFO: Setting the profile velocity for group Wheg_Group from config.yaml: 10
2024-10-30 08:52:45,308 INFO: Profile velocities set for group Wheg_Group: {1: 43.7, 2: 43.7, 3: 43.7, 4: 43.7, 5: 43.7, 6: 43.7}
2024-10-30 08:52:45,847 INFO: Setting operating mode 'multi_turn' for group 'Wheg_Group'
2024-10-30 08:52:45,849 INFO: Disabling torque for group Wheg_Group
2024-10-30 08:52:45,853 INFO: Enabling torque for group Wheg_Group
2024-10-30 08:52:45,855 INFO: Setting the profile velocity for group Wheg_Group from config.yaml: 10
2024-10-30 08:52:45,856 INFO: Profile velocities set for group Wheg_Group: {1: 43.7, 2: 43.7, 3: 43.7, 4: 43.7, 5: 43.7, 6: 43.7}
2024-10-30 08:52:45,857 INFO: Setting the profile velocity for group Wheg_Group from config.yaml: 10
2024-10-30 08:52:45,858 INFO: Profile velocities set for group Wheg_Group: {1: 43.7, 2: 43.7, 3: 43.7, 4: 43.7, 5: 43.7, 6: 43.7}
2024-10-30 08:52:45,860 INFO: Profile velocities set for group Wheg_Group: {1: 13.109866638183593, 2: 104.87893310546875, 3: 13.109866638183593, 4: 104.87893310546875, 5: 13.109866638183593, 6: 104.87893310546875}
2024-10-30 08:52:45,861 INFO: Incrementing motor positions by {1: 40, 2: 320, 3: 40, 4: 320, 5: 40, 6: 320} degrees for group 'Wheg_Group'
2024-10-30 08:52:45,872 INFO: Gait 2 step executed at 3.00RPM, wait for 2.25 seconds
2024-10-30 08:52:48,143 INFO: Profile velocities set for group Wheg_Group: {1: 104.87893310546875, 2: 13.109866638183593, 3: 104.87893310546875, 4: 13.109866638183593, 5: 104.87893310546875, 6: 13.109866638183593}
2024-10-30 08:52:48,143 INFO: Incrementing motor positions by {1: 320, 2: 40, 3: 320, 4: 40, 5: 320, 6: 40} degrees for group 'Wheg_Group'
2024-10-30 08:52:48,154 INFO: Gait 2 step executed at 3.00RPM, wait for 2.25 seconds
2024-10-30 08:52:50,468 WARNING: Motors are not in the correct positions for Gait 2. Positions: {1: 156.21484375, 2: 203.1484375, 3: 160.345703125, 4: 192.25, 5: 167.728515625, 6: 187.50390625}
2024-10-30 08:52:50,469 WARNING: Waiting for 1 second before checking for movement
2024-10-30 08:52:50,575 CRITICAL: Motors are not moving, reseting positions, and waiting for 3 seconds.
2024-10-30 08:52:50,576 INFO: Running set_position_group for group 'Wheg_Group' with positions: {1: 160, 2: 200, 3: 160, 4: 160, 5: 200, 6: 160}
2024-10-30 08:52:50,582 WARNING: Motor 1 is not in Position Control Mode. Setting mode now.
2024-10-30 08:52:50,582 INFO: Setting operating mode 'position' for group 'Wheg_Group'
2024-10-30 08:52:50,583 INFO: Disabling torque for group Wheg_Group
2024-10-30 08:52:50,583 INFO: Enabling torque for group Wheg_Group
2024-10-30 08:52:50,584 INFO: Setting the profile velocity for group Wheg_Group from config.yaml: 10
2024-10-30 08:52:50,585 INFO: Profile velocities set for group Wheg_Group: {1: 43.7, 2: 43.7, 3: 43.7, 4: 43.7, 5: 43.7, 6: 43.7}
2024-10-30 08:52:50,585 INFO: Setting the profile velocity for group Wheg_Group from config.yaml: 10
2024-10-30 08:52:50,586 INFO: Profile velocities set for group Wheg_Group: {1: 43.7, 2: 43.7, 3: 43.7, 4: 43.7, 5: 43.7, 6: 43.7}
2024-10-30 08:52:51,115 INFO: Setting operating mode 'multi_turn' for group 'Wheg_Group'
2024-10-30 08:52:51,117 INFO: Disabling torque for group Wheg_Group
2024-10-30 08:52:51,122 INFO: Enabling torque for group Wheg_Group
2024-10-30 08:52:51,124 INFO: Setting the profile velocity for group Wheg_Group from config.yaml: 10
2024-10-30 08:52:51,126 INFO: Profile velocities set for group Wheg_Group: {1: 43.7, 2: 43.7, 3: 43.7, 4: 43.7, 5: 43.7, 6: 43.7}
2024-10-30 08:52:51,126 INFO: Setting the profile velocity for group Wheg_Group from config.yaml: 10
2024-10-30 08:52:51,127 INFO: Profile velocities set for group Wheg_Group: {1: 43.7, 2: 43.7, 3: 43.7, 4: 43.7, 5: 43.7, 6: 43.7}
2024-10-30 08:52:51,128 INFO: Profile velocities set for group Wheg_Group: {1: 13.109866638183593, 2: 104.87893310546875, 3: 13.109866638183593, 4: 104.87893310546875, 5: 13.109866638183593, 6: 104.87893310546875}
2024-10-30 08:52:51,129 INFO: Incrementing motor positions by {1: 40, 2: 320, 3: 40, 4: 320, 5: 40, 6: 320} degrees for group 'Wheg_Group'
2024-10-30 08:52:51,140 INFO: Gait 2 step executed at 3.00RPM, wait for 2.25 seconds
2024-10-30 08:52:53,411 INFO: Profile velocities set for group Wheg_Group: {1: 104.87893310546875, 2: 13.109866638183593, 3: 104.87893310546875, 4: 13.109866638183593, 5: 104.87893310546875, 6: 13.109866638183593}
2024-10-30 08:52:53,411 INFO: Incrementing motor positions by {1: 320, 2: 40, 3: 320, 4: 40, 5: 320, 6: 40} degrees for group 'Wheg_Group'
2024-10-30 08:52:53,422 INFO: Gait 2 step executed at 3.00RPM, wait for 2.25 seconds
2024-10-30 08:52:55,693 WARNING: Motors are not in the correct positions for Gait 2. Positions: {1: 151.380859375, 2: 203.1484375, 3: 157.181640625, 4: 161.927734375, 5: 194.623046875, 6: 157.97265625}
2024-10-30 08:52:55,693 WARNING: Waiting for 1 second before checking for movement
2024-10-30 08:52:55,801 INFO: Motors are moving. Continuing with the gait.
2024-10-30 08:52:56,364 WARNING: Motors are not in the correct positions for Gait 2. Positions: {1: 151.99609375, 2: 203.060546875, 3: 159.291015625, 4: 162.279296875, 5: 203.412109375, 6: 157.97265625}
2024-10-30 08:52:56,365 WARNING: Waiting for 1 second before checking for movement
2024-10-30 08:52:56,471 CRITICAL: Motors are not moving, reseting positions, and waiting for 3 seconds.
2024-10-30 08:52:56,472 INFO: Running set_position_group for group 'Wheg_Group' with positions: {1: 160, 2: 200, 3: 160, 4: 160, 5: 200, 6: 160}
2024-10-30 08:52:56,477 WARNING: Motor 1 is not in Position Control Mode. Setting mode now.
2024-10-30 08:52:56,478 INFO: Setting operating mode 'position' for group 'Wheg_Group'
2024-10-30 08:52:56,478 INFO: Disabling torque for group Wheg_Group
2024-10-30 08:52:56,479 INFO: Enabling torque for group Wheg_Group
2024-10-30 08:52:56,480 INFO: Setting the profile velocity for group Wheg_Group from config.yaml: 10
2024-10-30 08:52:56,481 INFO: Profile velocities set for group Wheg_Group: {1: 43.7, 2: 43.7, 3: 43.7, 4: 43.7, 5: 43.7, 6: 43.7}
2024-10-30 08:52:56,481 INFO: Setting the profile velocity for group Wheg_Group from config.yaml: 10
2024-10-30 08:52:56,482 INFO: Profile velocities set for group Wheg_Group: {1: 43.7, 2: 43.7, 3: 43.7, 4: 43.7, 5: 43.7, 6: 43.7}
2024-10-30 08:52:57,011 INFO: Setting operating mode 'multi_turn' for group 'Wheg_Group'
2024-10-30 08:52:57,013 INFO: Disabling torque for group Wheg_Group
2024-10-30 08:52:57,015 INFO: Enabling torque for group Wheg_Group
2024-10-30 08:52:57,017 INFO: Setting the profile velocity for group Wheg_Group from config.yaml: 10
2024-10-30 08:52:57,018 INFO: Profile velocities set for group Wheg_Group: {1: 43.7, 2: 43.7, 3: 43.7, 4: 43.7, 5: 43.7, 6: 43.7}
2024-10-30 08:52:57,019 INFO: Setting the profile velocity for group Wheg_Group from config.yaml: 10
2024-10-30 08:52:57,019 INFO: Profile velocities set for group Wheg_Group: {1: 43.7, 2: 43.7, 3: 43.7, 4: 43.7, 5: 43.7, 6: 43.7}
2024-10-30 08:52:57,020 INFO: Profile velocities set for group Wheg_Group: {1: 13.109866638183593, 2: 104.87893310546875, 3: 13.109866638183593, 4: 104.87893310546875, 5: 13.109866638183593, 6: 104.87893310546875}
2024-10-30 08:52:57,020 INFO: Incrementing motor positions by {1: 40, 2: 320, 3: 40, 4: 320, 5: 40, 6: 320} degrees for group 'Wheg_Group'
2024-10-30 08:52:57,031 INFO: Gait 2 step executed at 3.00RPM, wait for 2.25 seconds
2024-10-30 08:52:59,337 INFO: Profile velocities set for group Wheg_Group: {1: 104.87893310546875, 2: 13.109866638183593, 3: 104.87893310546875, 4: 13.109866638183593, 5: 104.87893310546875, 6: 13.109866638183593}
2024-10-30 08:52:59,338 INFO: Incrementing motor positions by {1: 320, 2: 40, 3: 320, 4: 40, 5: 320, 6: 40} degrees for group 'Wheg_Group'
2024-10-30 08:52:59,348 INFO: Gait 2 step executed at 3.00RPM, wait for 2.25 seconds
2024-10-30 08:53:01,644 WARNING: Motors are not in the correct positions for Gait 2. Positions: {1: 151.64453125, 2: 206.48828125, 3: 157.97265625, 4: 159.90625, 5: 204.642578125, 6: 156.21484375}
2024-10-30 08:53:01,645 WARNING: Waiting for 1 second before checking for movement
2024-10-30 08:53:01,751 INFO: Motors are moving. Continuing with the gait.
2024-10-30 08:53:02,317 WARNING: Motors are not in the correct positions for Gait 2. Positions: {1: 152.083984375, 2: 206.48828125, 3: 158.236328125, 4: 160.08203125, 5: 207.455078125, 6: 156.21484375}
2024-10-30 08:53:02,318 WARNING: Waiting for 1 second before checking for movement
2024-10-30 08:53:02,424 CRITICAL: Motors are not moving, reseting positions, and waiting for 3 seconds.
2024-10-30 08:53:02,424 INFO: Running set_position_group for group 'Wheg_Group' with positions: {1: 160, 2: 200, 3: 160, 4: 160, 5: 200, 6: 160}
2024-10-30 08:53:02,430 WARNING: Motor 1 is not in Position Control Mode. Setting mode now.
2024-10-30 08:53:02,430 INFO: Setting operating mode 'position' for group 'Wheg_Group'
2024-10-30 08:53:02,431 INFO: Disabling torque for group Wheg_Group
2024-10-30 08:53:02,432 INFO: Enabling torque for group Wheg_Group
2024-10-30 08:53:02,433 INFO: Setting the profile velocity for group Wheg_Group from config.yaml: 10
2024-10-30 08:53:02,434 INFO: Profile velocities set for group Wheg_Group: {1: 43.7, 2: 43.7, 3: 43.7, 4: 43.7, 5: 43.7, 6: 43.7}
2024-10-30 08:53:02,434 INFO: Setting the profile velocity for group Wheg_Group from config.yaml: 10
2024-10-30 08:53:02,435 INFO: Profile velocities set for group Wheg_Group: {1: 43.7, 2: 43.7, 3: 43.7, 4: 43.7, 5: 43.7, 6: 43.7}
2024-10-30 08:53:02,967 INFO: Setting operating mode 'multi_turn' for group 'Wheg_Group'
2024-10-30 08:53:02,969 INFO: Disabling torque for group Wheg_Group
2024-10-30 08:53:02,971 INFO: Enabling torque for group Wheg_Group
2024-10-30 08:53:02,973 INFO: Setting the profile velocity for group Wheg_Group from config.yaml: 10
2024-10-30 08:53:02,975 INFO: Profile velocities set for group Wheg_Group: {1: 43.7, 2: 43.7, 3: 43.7, 4: 43.7, 5: 43.7, 6: 43.7}
2024-10-30 08:53:02,975 INFO: Setting the profile velocity for group Wheg_Group from config.yaml: 10
2024-10-30 08:53:02,976 INFO: Profile velocities set for group Wheg_Group: {1: 43.7, 2: 43.7, 3: 43.7, 4: 43.7, 5: 43.7, 6: 43.7}
2024-10-30 08:53:02,977 INFO: Profile velocities set for group Wheg_Group: {1: 13.109866638183593, 2: 104.87893310546875, 3: 13.109866638183593, 4: 104.87893310546875, 5: 13.109866638183593, 6: 104.87893310546875}
2024-10-30 08:53:02,977 INFO: Incrementing motor positions by {1: 40, 2: 320, 3: 40, 4: 320, 5: 40, 6: 320} degrees for group 'Wheg_Group'
2024-10-30 08:53:02,989 INFO: Gait 2 step executed at 3.00RPM, wait for 2.25 seconds
2024-10-30 08:53:05,297 INFO: Profile velocities set for group Wheg_Group: {1: 104.87893310546875, 2: 13.109866638183593, 3: 104.87893310546875, 4: 13.109866638183593, 5: 104.87893310546875, 6: 13.109866638183593}
2024-10-30 08:53:05,298 INFO: Incrementing motor positions by {1: 320, 2: 40, 3: 320, 4: 40, 5: 320, 6: 40} degrees for group 'Wheg_Group'
2024-10-30 08:53:05,308 INFO: Gait 2 step executed at 3.00RPM, wait for 2.25 seconds
2024-10-30 08:53:07,580 WARNING: Motors are not in the correct positions for Gait 2. Positions: {1: 150.4140625, 2: 210.619140625, 3: 156.478515625, 4: 159.115234375, 5: 203.5, 6: 155.599609375}
2024-10-30 08:53:07,580 WARNING: Waiting for 1 second before checking for movement
2024-10-30 08:53:07,729 INFO: Motors are moving. Continuing with the gait.
2024-10-30 08:53:10,250 INFO: Share pressed. Reversing the direction of the whegs
2024-10-30 08:53:10,265 INFO: Disabling torque for group Wheg_Group
2024-10-30 08:53:10,266 INFO: Drive mode set for group Wheg_Group with reverse_direction={1: 0, 2: 0, 3: 0, 4: 1, 5: 1, 6: 1}
2024-10-30 08:53:10,267 INFO: Enabling torque for group Wheg_Group
2024-10-30 08:53:10,268 INFO: Setting the profile velocity for group Wheg_Group from config.yaml: 10
2024-10-30 08:53:10,270 INFO: Profile velocities set for group Wheg_Group: {1: 43.7, 2: 43.7, 3: 43.7, 4: 43.7, 5: 43.7, 6: 43.7}
2024-10-30 08:53:10,270 INFO: Reversed the direction of all whegs, waiting for 3 seconds
2024-10-30 08:53:13,270 INFO: Direction of whegs reversed.
2024-10-30 08:53:13,341 INFO: Initialising Gait 2
2024-10-30 08:53:13,342 INFO: Running set_position_group for group 'Wheg_Group' with positions: {1: 160, 2: 200, 3: 160, 4: 200, 5: 160, 6: 200}
2024-10-30 08:53:13,352 WARNING: Motor 1 is not in Position Control Mode. Setting mode now.
2024-10-30 08:53:13,352 INFO: Setting operating mode 'position' for group 'Wheg_Group'
2024-10-30 08:53:13,354 INFO: Disabling torque for group Wheg_Group
2024-10-30 08:53:13,356 INFO: Enabling torque for group Wheg_Group
2024-10-30 08:53:13,357 INFO: Setting the profile velocity for group Wheg_Group from config.yaml: 10
2024-10-30 08:53:13,359 INFO: Profile velocities set for group Wheg_Group: {1: 43.7, 2: 43.7, 3: 43.7, 4: 43.7, 5: 43.7, 6: 43.7}
2024-10-30 08:53:13,360 INFO: Setting the profile velocity for group Wheg_Group from config.yaml: 10
2024-10-30 08:53:13,361 INFO: Profile velocities set for group Wheg_Group: {1: 43.7, 2: 43.7, 3: 43.7, 4: 43.7, 5: 43.7, 6: 43.7}
2024-10-30 08:53:13,363 INFO: Running set_position_group for group 'Pivot_Group' with positions: 180
2024-10-30 08:53:13,368 INFO: Initialised Gait 2, waiting for 3 seconds
2024-10-30 08:53:16,369 INFO: Setting operating mode 'multi_turn' for group 'Wheg_Group'
2024-10-30 08:53:16,370 INFO: Disabling torque for group Wheg_Group
2024-10-30 08:53:16,371 INFO: Enabling torque for group Wheg_Group
2024-10-30 08:53:16,371 INFO: Setting the profile velocity for group Wheg_Group from config.yaml: 10
2024-10-30 08:53:16,372 INFO: Profile velocities set for group Wheg_Group: {1: 43.7, 2: 43.7, 3: 43.7, 4: 43.7, 5: 43.7, 6: 43.7}
2024-10-30 08:53:16,373 INFO: Setting the profile velocity for group Wheg_Group from config.yaml: 10
2024-10-30 08:53:16,373 INFO: Profile velocities set for group Wheg_Group: {1: 43.7, 2: 43.7, 3: 43.7, 4: 43.7, 5: 43.7, 6: 43.7}
2024-10-30 08:53:16,374 INFO: New gait 2 is now active.
2024-10-30 08:53:16,397 INFO: Profile velocities set for group Wheg_Group: {1: 8.74, 2: 69.92, 3: 8.74, 4: 69.92, 5: 8.74, 6: 69.92}
2024-10-30 08:53:16,397 INFO: Incrementing motor positions by {1: 40, 2: 320, 3: 40, 4: 320, 5: 40, 6: 320} degrees for group 'Wheg_Group'
2024-10-30 08:53:16,407 INFO: Gait 2 step executed at 2.00RPM, wait for 3.36 seconds
2024-10-30 08:53:19,811 INFO: Profile velocities set for group Wheg_Group: {1: 104.88, 2: 13.11, 3: 104.88, 4: 13.11, 5: 104.88, 6: 13.11}
2024-10-30 08:53:19,811 INFO: Incrementing motor positions by {1: 320, 2: 40, 3: 320, 4: 40, 5: 320, 6: 40} degrees for group 'Wheg_Group'
2024-10-30 08:53:19,822 INFO: Gait 2 step executed at 3.00RPM, wait for 2.25 seconds
2024-10-30 08:53:22,093 INFO: Profile velocities set for group Wheg_Group: {1: 17.479866638183594, 2: 139.83893310546875, 3: 17.479866638183594, 4: 139.83893310546875, 5: 17.479866638183594, 6: 139.83893310546875}
2024-10-30 08:53:22,094 INFO: Incrementing motor positions by {1: 40, 2: 320, 3: 40, 4: 320, 5: 40, 6: 320} degrees for group 'Wheg_Group'
2024-10-30 08:53:22,105 INFO: Gait 2 step executed at 4.00RPM, wait for 1.69 seconds
2024-10-30 08:53:23,850 INFO: Profile velocities set for group Wheg_Group: {1: 139.83893310546875, 2: 17.479866638183594, 3: 139.83893310546875, 4: 17.479866638183594, 5: 139.83893310546875, 6: 17.479866638183594}
2024-10-30 08:53:23,850 INFO: Incrementing motor positions by {1: 320, 2: 40, 3: 320, 4: 40, 5: 320, 6: 40} degrees for group 'Wheg_Group'
2024-10-30 08:53:23,861 INFO: Gait 2 step executed at 4.00RPM, wait for 1.69 seconds
2024-10-30 08:53:25,622 INFO: Profile velocities set for group Wheg_Group: {1: 17.479866638183594, 2: 139.83893310546875, 3: 17.479866638183594, 4: 139.83893310546875, 5: 17.479866638183594, 6: 139.83893310546875}
2024-10-30 08:53:25,622 INFO: Incrementing motor positions by {1: 40, 2: 320, 3: 40, 4: 320, 5: 40, 6: 320} degrees for group 'Wheg_Group'
2024-10-30 08:53:25,633 INFO: Gait 2 step executed at 4.00RPM, wait for 1.69 seconds
2024-10-30 08:53:27,385 INFO: Profile velocities set for group Wheg_Group: {1: 139.83893310546875, 2: 17.479866638183594, 3: 139.83893310546875, 4: 17.479866638183594, 5: 139.83893310546875, 6: 17.479866638183594}
2024-10-30 08:53:27,385 INFO: Incrementing motor positions by {1: 320, 2: 40, 3: 320, 4: 40, 5: 320, 6: 40} degrees for group 'Wheg_Group'
2024-10-30 08:53:27,396 INFO: Gait 2 step executed at 4.00RPM, wait for 1.69 seconds
2024-10-30 08:53:29,159 INFO: Profile velocities set for group Wheg_Group: {1: 17.479866638183594, 2: 139.83893310546875, 3: 17.479866638183594, 4: 139.83893310546875, 5: 17.479866638183594, 6: 139.83893310546875}
2024-10-30 08:53:29,159 INFO: Incrementing motor positions by {1: 40, 2: 320, 3: 40, 4: 320, 5: 40, 6: 320} degrees for group 'Wheg_Group'
2024-10-30 08:53:29,171 INFO: Gait 2 step executed at 4.00RPM, wait for 1.69 seconds
2024-10-30 08:53:30,930 INFO: Profile velocities set for group Wheg_Group: {1: 139.83893310546875, 2: 17.479866638183594, 3: 139.83893310546875, 4: 17.479866638183594, 5: 139.83893310546875, 6: 17.479866638183594}
2024-10-30 08:53:30,930 INFO: Incrementing motor positions by {1: 320, 2: 40, 3: 320, 4: 40, 5: 320, 6: 40} degrees for group 'Wheg_Group'
2024-10-30 08:53:30,942 INFO: Gait 2 step executed at 4.00RPM, wait for 1.69 seconds
2024-10-30 08:53:32,702 INFO: Profile velocities set for group Wheg_Group: {1: 17.479866638183594, 2: 139.83893310546875, 3: 17.479866638183594, 4: 139.83893310546875, 5: 17.479866638183594, 6: 139.83893310546875}
2024-10-30 08:53:32,702 INFO: Incrementing motor positions by {1: 40, 2: 320, 3: 40, 4: 320, 5: 40, 6: 320} degrees for group 'Wheg_Group'
2024-10-30 08:53:32,713 INFO: Gait 2 step executed at 4.00RPM, wait for 1.69 seconds
2024-10-30 08:53:34,437 INFO: Profile velocities set for group Wheg_Group: {1: 139.83893310546875, 2: 17.479866638183594, 3: 139.83893310546875, 4: 17.479866638183594, 5: 139.83893310546875, 6: 17.479866638183594}
2024-10-30 08:53:34,437 INFO: Incrementing motor positions by {1: 320, 2: 40, 3: 320, 4: 40, 5: 320, 6: 40} degrees for group 'Wheg_Group'
2024-10-30 08:53:34,448 INFO: Gait 2 step executed at 4.00RPM, wait for 1.69 seconds
2024-10-30 08:53:36,164 INFO: Profile velocities set for group Wheg_Group: {1: 17.479866638183594, 2: 139.83893310546875, 3: 17.479866638183594, 4: 139.83893310546875, 5: 17.479866638183594, 6: 139.83893310546875}
2024-10-30 08:53:36,164 INFO: Incrementing motor positions by {1: 40, 2: 320, 3: 40, 4: 320, 5: 40, 6: 320} degrees for group 'Wheg_Group'
2024-10-30 08:53:36,176 INFO: Gait 2 step executed at 4.00RPM, wait for 1.69 seconds
2024-10-30 08:53:37,891 INFO: Profile velocities set for group Wheg_Group: {1: 139.83893310546875, 2: 17.479866638183594, 3: 139.83893310546875, 4: 17.479866638183594, 5: 139.83893310546875, 6: 17.479866638183594}
2024-10-30 08:53:37,892 INFO: Incrementing motor positions by {1: 320, 2: 40, 3: 320, 4: 40, 5: 320, 6: 40} degrees for group 'Wheg_Group'
2024-10-30 08:53:37,902 INFO: Gait 2 step executed at 4.00RPM, wait for 1.69 seconds
2024-10-30 08:53:46,702 INFO: Initiating safe shutdown...
2024-10-30 08:53:46,703 INFO: Setting operating mode 'velocity' for group 'All_Motors'
2024-10-30 08:53:46,703 INFO: Disabling torque for group All_Motors
2024-10-30 08:53:46,704 INFO: Enabling torque for group All_Motors
2024-10-30 08:53:46,704 INFO: Setting the profile velocity for group All_Motors from config.yaml: 8
2024-10-30 08:53:46,705 INFO: Profile velocities set for group All_Motors: {1: 34.96, 2: 34.96, 3: 34.96, 4: 34.96, 5: 34.96, 6: 34.96, 7: 34.96, 8: 34.96}
2024-10-30 08:53:46,706 WARNING: Velocity limit 200 exceeds hard limit 100. Limiting to 100.
2024-10-30 08:53:46,707 INFO: Velocity limit set to 100 for group All_Motors
2024-10-30 08:53:46,707 INFO: Enabling torque for group All_Motors
2024-10-30 08:53:46,708 INFO: Setting the profile velocity for group All_Motors from config.yaml: 8
2024-10-30 08:53:46,709 INFO: Profile velocities set for group All_Motors: {1: 34.96, 2: 34.96, 3: 34.96, 4: 34.96, 5: 34.96, 6: 34.96, 7: 34.96, 8: 34.96}
2024-10-30 08:53:46,710 INFO: Target velocities set for group All_Motors: {1: 0, 2: 0, 3: 0, 4: 0, 5: 0, 6: 0, 7: 0, 8: 0}
2024-10-30 08:53:46,710 INFO: Running set_position_group for group 'All_Motors' with positions: 180
2024-10-30 08:53:46,718 WARNING: Motor 1 is not in Position Control Mode. Setting mode now.
2024-10-30 08:53:46,718 INFO: Setting operating mode 'position' for group 'All_Motors'
2024-10-30 08:53:46,719 INFO: Disabling torque for group All_Motors
2024-10-30 08:53:46,720 INFO: Enabling torque for group All_Motors
2024-10-30 08:53:46,721 INFO: Setting the profile velocity for group All_Motors from config.yaml: 8
2024-10-30 08:53:46,722 INFO: Profile velocities set for group All_Motors: {1: 34.96, 2: 34.96, 3: 34.96, 4: 34.96, 5: 34.96, 6: 34.96, 7: 34.96, 8: 34.96}
2024-10-30 08:53:46,723 INFO: Setting the profile velocity for group All_Motors from config.yaml: 8
2024-10-30 08:53:46,724 INFO: Profile velocities set for group All_Motors: {1: 34.96, 2: 34.96, 3: 34.96, 4: 34.96, 5: 34.96, 6: 34.96, 7: 34.96, 8: 34.96}
2024-10-30 08:53:46,724 INFO: Closing PS4Controller and quitting pygame
2024-10-30 08:53:46,830 INFO: Port closed successfully.
2024-10-30 08:53:46,831 INFO: Shutdown complete.
2024-10-30 08:53:46,832 ERROR: Error checking hardware errors: Attempting to use a port that is not open
