2024-10-29 19:07:52,649 INFO: Initializing PS4Controller
2024-10-29 19:07:52,924 INFO: Configuration loaded successfully
2024-10-29 19:07:52,927 INFO: Port /dev/ttyACM0 opened successfully
2024-10-29 19:07:52,937 INFO: Baudrate set to 1000000
2024-10-29 19:07:52,937 INFO: Control table loaded successfully.
2024-10-29 19:07:52,938 INFO: Motor group 'Pivot_Group' created with motors: [7, 8]
2024-10-29 19:07:52,939 INFO: Motor group 'Wheg_Group' created with motors: [1, 2, 3, 4, 5, 6]
2024-10-29 19:07:52,939 INFO: Motor group 'All_Motors' created with motors: [1, 2, 3, 4, 5, 6, 7, 8]
2024-10-29 19:07:52,940 INFO: Motor group 'Left_Whegs' created with motors: [1, 2, 3]
2024-10-29 19:07:52,940 INFO: Motor group 'Right_Whegs' created with motors: [4, 5, 6]
2024-10-29 19:07:52,941 INFO: Motor group 'Front_Whegs' created with motors: [3, 6]
2024-10-29 19:07:52,941 INFO: Motor group 'Rear_Whegs' created with motors: [1, 4]
2024-10-29 19:07:52,942 INFO: Motor group 'Middle_Whegs' created with motors: [2, 5]
2024-10-29 19:07:52,942 INFO: Motor group 'Two_Right_One_Left' created with motors: [2, 4, 6]
2024-10-29 19:07:52,943 INFO: Motor group 'Two_Left_One_Right' created with motors: [5, 1, 3]
2024-10-29 19:07:52,943 INFO: Initialised PS4 controller, Dynamixel, and Robot State
2024-10-29 19:07:53,108 INFO: Disabling torque for group Right_Whegs
2024-10-29 19:07:53,112 INFO: Drive mode set for group Right_Whegs with reverse_direction=True
2024-10-29 19:07:53,113 INFO: Enabling torque for group Right_Whegs
2024-10-29 19:07:53,117 INFO: Setting the profile velocity for group Right_Whegs from config.yaml: None
2024-10-29 19:07:53,118 ERROR: Profile velocity for group Right_Whegs not found in config.yaml and no value was provided.
2024-10-29 19:07:53,119 INFO: Profile velocities set for group Right_Whegs: {4: 21.85, 5: 21.85, 6: 21.85}
2024-10-29 19:07:53,120 INFO: Disabling torque for group Left_Whegs
2024-10-29 19:07:53,121 INFO: Drive mode set for group Left_Whegs with reverse_direction=False
2024-10-29 19:07:53,121 INFO: Enabling torque for group Left_Whegs
2024-10-29 19:07:53,122 INFO: Setting the profile velocity for group Left_Whegs from config.yaml: None
2024-10-29 19:07:53,123 ERROR: Profile velocity for group Left_Whegs not found in config.yaml and no value was provided.
2024-10-29 19:07:53,124 INFO: Profile velocities set for group Left_Whegs: {1: 21.85, 2: 21.85, 3: 21.85}
2024-10-29 19:07:53,124 INFO: Set the right side whegs to reverse direction
2024-10-29 19:07:53,125 INFO: Disabling torque for group Pivot_Group
2024-10-29 19:07:53,126 INFO: Drive mode set for group Pivot_Group with reverse_direction=False
2024-10-29 19:07:53,126 INFO: Enabling torque for group Pivot_Group
2024-10-29 19:07:53,127 INFO: Setting the profile velocity for group Pivot_Group from config.yaml: 4
2024-10-29 19:07:53,130 INFO: Profile velocities set for group Pivot_Group: {7: 17.48, 8: 17.48}
2024-10-29 19:07:53,132 INFO: Position limits set for group Pivot_Group: min=45° (ticks=511), max=315° (ticks=3583)
2024-10-29 19:07:53,133 INFO: Set position limits for the pivot motors
2024-10-29 19:07:53,141 INFO: Initialising Gait 1
2024-10-29 19:07:53,142 INFO: Running set_position_group for group 'Wheg_Group' with positions: 180
2024-10-29 19:07:53,148 INFO: Running set_position_group for group 'Pivot_Group' with positions: 180
2024-10-29 19:07:53,152 INFO: Initialised Gait 1, waiting for 3 seconds
2024-10-29 19:07:53,152 ERROR: Error controlling pivots: 'dpad_down'
2024-10-29 19:07:56,191 INFO: Setting operating mode 'multi_turn' for group 'Wheg_Group'
2024-10-29 19:07:56,193 INFO: Disabling torque for group Wheg_Group
2024-10-29 19:07:56,196 INFO: Enabling torque for group Wheg_Group
2024-10-29 19:07:56,201 INFO: Setting the profile velocity for group Wheg_Group from config.yaml: 10
2024-10-29 19:07:56,202 INFO: Profile velocities set for group Wheg_Group: {1: 43.7, 2: 43.7, 3: 43.7, 4: 43.7, 5: 43.7, 6: 43.7}
2024-10-29 19:07:56,202 INFO: Setting the profile velocity for group Wheg_Group from config.yaml: 10
2024-10-29 19:07:56,204 INFO: Profile velocities set for group Wheg_Group: {1: 43.7, 2: 43.7, 3: 43.7, 4: 43.7, 5: 43.7, 6: 43.7}
2024-10-29 19:07:56,204 INFO: New gait 1 is now active.
2024-10-29 19:08:06,825 INFO: Running set_position_group for group 'Pivot_Group' with positions: {7: 175, 8: 180}
2024-10-29 19:08:06,828 INFO: Front pivot angle set to 175 degrees (ticks: 175)
2024-10-29 19:08:06,829 INFO: Rear pivot angle set to 180 degrees (ticks: 180)
2024-10-29 19:08:07,095 INFO: Running set_position_group for group 'Pivot_Group' with positions: {7: 170, 8: 180}
2024-10-29 19:08:07,099 INFO: Front pivot angle set to 170 degrees (ticks: 170)
2024-10-29 19:08:07,099 INFO: Rear pivot angle set to 180 degrees (ticks: 180)
2024-10-29 19:08:07,363 INFO: Running set_position_group for group 'Pivot_Group' with positions: {7: 165, 8: 180}
2024-10-29 19:08:07,367 INFO: Front pivot angle set to 165 degrees (ticks: 165)
2024-10-29 19:08:07,368 INFO: Rear pivot angle set to 180 degrees (ticks: 180)
2024-10-29 19:08:07,634 INFO: Running set_position_group for group 'Pivot_Group' with positions: {7: 160, 8: 180}
2024-10-29 19:08:07,637 INFO: Front pivot angle set to 160 degrees (ticks: 160)
2024-10-29 19:08:07,638 INFO: Rear pivot angle set to 180 degrees (ticks: 180)
2024-10-29 19:08:07,902 INFO: Running set_position_group for group 'Pivot_Group' with positions: {7: 155, 8: 180}
2024-10-29 19:08:07,906 INFO: Front pivot angle set to 155 degrees (ticks: 155)
2024-10-29 19:08:07,907 INFO: Rear pivot angle set to 180 degrees (ticks: 180)
2024-10-29 19:08:08,172 INFO: Running set_position_group for group 'Pivot_Group' with positions: {7: 150, 8: 180}
2024-10-29 19:08:08,175 INFO: Front pivot angle set to 150 degrees (ticks: 150)
2024-10-29 19:08:08,176 INFO: Rear pivot angle set to 180 degrees (ticks: 180)
2024-10-29 19:08:08,441 INFO: Running set_position_group for group 'Pivot_Group' with positions: {7: 145, 8: 180}
2024-10-29 19:08:08,444 INFO: Front pivot angle set to 145 degrees (ticks: 145)
2024-10-29 19:08:08,445 INFO: Rear pivot angle set to 180 degrees (ticks: 180)
2024-10-29 19:08:08,710 INFO: Running set_position_group for group 'Pivot_Group' with positions: {7: 140, 8: 180}
2024-10-29 19:08:08,713 INFO: Front pivot angle set to 140 degrees (ticks: 140)
2024-10-29 19:08:08,714 INFO: Rear pivot angle set to 180 degrees (ticks: 180)
2024-10-29 19:08:08,978 INFO: Running set_position_group for group 'Pivot_Group' with positions: {7: 135, 8: 180}
2024-10-29 19:08:08,981 INFO: Front pivot angle set to 135 degrees (ticks: 135)
2024-10-29 19:08:08,982 INFO: Rear pivot angle set to 180 degrees (ticks: 180)
2024-10-29 19:08:09,246 INFO: Running set_position_group for group 'Pivot_Group' with positions: {7: 130, 8: 180}
2024-10-29 19:08:09,249 INFO: Front pivot angle set to 130 degrees (ticks: 130)
2024-10-29 19:08:09,249 INFO: Rear pivot angle set to 180 degrees (ticks: 180)
2024-10-29 19:08:09,516 INFO: Running set_position_group for group 'Pivot_Group' with positions: {7: 125, 8: 180}
2024-10-29 19:08:09,520 INFO: Front pivot angle set to 125 degrees (ticks: 125)
2024-10-29 19:08:09,520 INFO: Rear pivot angle set to 180 degrees (ticks: 180)
2024-10-29 19:08:09,783 INFO: Running set_position_group for group 'Pivot_Group' with positions: {7: 120, 8: 180}
2024-10-29 19:08:09,787 INFO: Front pivot angle set to 120 degrees (ticks: 120)
2024-10-29 19:08:09,787 INFO: Rear pivot angle set to 180 degrees (ticks: 180)
2024-10-29 19:08:10,055 INFO: Running set_position_group for group 'Pivot_Group' with positions: {7: 115, 8: 180}
2024-10-29 19:08:10,059 INFO: Front pivot angle set to 115 degrees (ticks: 115)
2024-10-29 19:08:10,059 INFO: Rear pivot angle set to 180 degrees (ticks: 180)
2024-10-29 19:08:10,325 INFO: Running set_position_group for group 'Pivot_Group' with positions: {7: 110, 8: 180}
2024-10-29 19:08:10,329 INFO: Front pivot angle set to 110 degrees (ticks: 110)
2024-10-29 19:08:10,329 INFO: Rear pivot angle set to 180 degrees (ticks: 180)
2024-10-29 19:08:10,597 INFO: Running set_position_group for group 'Pivot_Group' with positions: {7: 105, 8: 180}
2024-10-29 19:08:10,600 INFO: Front pivot angle set to 105 degrees (ticks: 105)
2024-10-29 19:08:10,600 INFO: Rear pivot angle set to 180 degrees (ticks: 180)
2024-10-29 19:08:10,866 INFO: Running set_position_group for group 'Pivot_Group' with positions: {7: 100, 8: 180}
2024-10-29 19:08:10,870 INFO: Front pivot angle set to 100 degrees (ticks: 100)
2024-10-29 19:08:10,870 INFO: Rear pivot angle set to 180 degrees (ticks: 180)
2024-10-29 19:08:11,138 INFO: Running set_position_group for group 'Pivot_Group' with positions: {7: 95, 8: 180}
2024-10-29 19:08:11,141 INFO: Front pivot angle set to 95 degrees (ticks: 95)
2024-10-29 19:08:11,142 INFO: Rear pivot angle set to 180 degrees (ticks: 180)
2024-10-29 19:08:11,410 INFO: Running set_position_group for group 'Pivot_Group' with positions: {7: 90, 8: 180}
2024-10-29 19:08:11,414 INFO: Front pivot angle set to 90 degrees (ticks: 90)
2024-10-29 19:08:11,415 INFO: Rear pivot angle set to 180 degrees (ticks: 180)
2024-10-29 19:08:11,681 INFO: Running set_position_group for group 'Pivot_Group' with positions: {7: 85, 8: 180}
2024-10-29 19:08:11,684 INFO: Front pivot angle set to 85 degrees (ticks: 85)
2024-10-29 19:08:11,685 INFO: Rear pivot angle set to 180 degrees (ticks: 180)
2024-10-29 19:08:11,951 INFO: Running set_position_group for group 'Pivot_Group' with positions: {7: 80, 8: 180}
2024-10-29 19:08:11,954 INFO: Front pivot angle set to 80 degrees (ticks: 80)
2024-10-29 19:08:11,955 INFO: Rear pivot angle set to 180 degrees (ticks: 180)
2024-10-29 19:08:12,218 INFO: Running set_position_group for group 'Pivot_Group' with positions: {7: 75, 8: 180}
2024-10-29 19:08:12,222 INFO: Front pivot angle set to 75 degrees (ticks: 75)
2024-10-29 19:08:12,223 INFO: Rear pivot angle set to 180 degrees (ticks: 180)
2024-10-29 19:08:12,490 INFO: Running set_position_group for group 'Pivot_Group' with positions: {7: 70, 8: 180}
2024-10-29 19:08:12,493 INFO: Front pivot angle set to 70 degrees (ticks: 70)
2024-10-29 19:08:12,493 INFO: Rear pivot angle set to 180 degrees (ticks: 180)
2024-10-29 19:08:13,033 INFO: Running set_position_group for group 'Pivot_Group' with positions: {7: 75, 8: 180}
2024-10-29 19:08:13,036 INFO: Front pivot angle set to 75 degrees (ticks: 75)
2024-10-29 19:08:13,037 INFO: Rear pivot angle set to 180 degrees (ticks: 180)
2024-10-29 19:08:13,303 INFO: Running set_position_group for group 'Pivot_Group' with positions: {7: 80, 8: 180}
2024-10-29 19:08:13,307 INFO: Front pivot angle set to 80 degrees (ticks: 80)
2024-10-29 19:08:13,307 INFO: Rear pivot angle set to 180 degrees (ticks: 180)
2024-10-29 19:08:13,573 INFO: Running set_position_group for group 'Pivot_Group' with positions: {7: 85, 8: 180}
2024-10-29 19:08:13,577 INFO: Front pivot angle set to 85 degrees (ticks: 85)
2024-10-29 19:08:13,577 INFO: Rear pivot angle set to 180 degrees (ticks: 180)
2024-10-29 19:08:14,114 INFO: Running set_position_group for group 'Pivot_Group' with positions: {7: 85, 8: 185}
2024-10-29 19:08:14,118 INFO: Front pivot angle set to 85 degrees (ticks: 85)
2024-10-29 19:08:14,118 INFO: Rear pivot angle set to 185 degrees (ticks: 185)
2024-10-29 19:08:14,384 INFO: Running set_position_group for group 'Pivot_Group' with positions: {7: 85, 8: 190}
2024-10-29 19:08:14,387 INFO: Front pivot angle set to 85 degrees (ticks: 85)
2024-10-29 19:08:14,388 INFO: Rear pivot angle set to 190 degrees (ticks: 190)
2024-10-29 19:08:14,654 INFO: Running set_position_group for group 'Pivot_Group' with positions: {7: 85, 8: 195}
2024-10-29 19:08:14,657 INFO: Front pivot angle set to 85 degrees (ticks: 85)
2024-10-29 19:08:14,658 INFO: Rear pivot angle set to 195 degrees (ticks: 195)
2024-10-29 19:08:14,923 INFO: Running set_position_group for group 'Pivot_Group' with positions: {7: 85, 8: 200}
2024-10-29 19:08:14,927 INFO: Front pivot angle set to 85 degrees (ticks: 85)
2024-10-29 19:08:14,928 INFO: Rear pivot angle set to 200 degrees (ticks: 200)
2024-10-29 19:08:15,194 INFO: Running set_position_group for group 'Pivot_Group' with positions: {7: 85, 8: 205}
2024-10-29 19:08:15,198 INFO: Front pivot angle set to 85 degrees (ticks: 85)
2024-10-29 19:08:15,198 INFO: Rear pivot angle set to 205 degrees (ticks: 205)
2024-10-29 19:08:15,465 INFO: Running set_position_group for group 'Pivot_Group' with positions: {7: 85, 8: 210}
2024-10-29 19:08:15,469 INFO: Front pivot angle set to 85 degrees (ticks: 85)
2024-10-29 19:08:15,469 INFO: Rear pivot angle set to 210 degrees (ticks: 210)
2024-10-29 19:08:15,736 INFO: Running set_position_group for group 'Pivot_Group' with positions: {7: 85, 8: 215}
2024-10-29 19:08:15,739 INFO: Front pivot angle set to 85 degrees (ticks: 85)
2024-10-29 19:08:15,740 INFO: Rear pivot angle set to 215 degrees (ticks: 215)
2024-10-29 19:08:16,006 INFO: Running set_position_group for group 'Pivot_Group' with positions: {7: 85, 8: 220}
2024-10-29 19:08:16,009 INFO: Front pivot angle set to 85 degrees (ticks: 85)
2024-10-29 19:08:16,010 INFO: Rear pivot angle set to 220 degrees (ticks: 220)
2024-10-29 19:08:16,279 INFO: Running set_position_group for group 'Pivot_Group' with positions: {7: 85, 8: 225}
2024-10-29 19:08:16,282 INFO: Front pivot angle set to 85 degrees (ticks: 85)
2024-10-29 19:08:16,282 INFO: Rear pivot angle set to 225 degrees (ticks: 225)
2024-10-29 19:08:16,553 INFO: Running set_position_group for group 'Pivot_Group' with positions: {7: 85, 8: 230}
2024-10-29 19:08:16,557 INFO: Front pivot angle set to 85 degrees (ticks: 85)
2024-10-29 19:08:16,557 INFO: Rear pivot angle set to 230 degrees (ticks: 230)
2024-10-29 19:08:16,824 INFO: Running set_position_group for group 'Pivot_Group' with positions: {7: 85, 8: 235}
2024-10-29 19:08:16,828 INFO: Front pivot angle set to 85 degrees (ticks: 85)
2024-10-29 19:08:16,828 INFO: Rear pivot angle set to 235 degrees (ticks: 235)
2024-10-29 19:08:17,099 INFO: Running set_position_group for group 'Pivot_Group' with positions: {7: 85, 8: 240}
2024-10-29 19:08:17,103 INFO: Front pivot angle set to 85 degrees (ticks: 85)
2024-10-29 19:08:17,103 INFO: Rear pivot angle set to 240 degrees (ticks: 240)
2024-10-29 19:08:17,373 INFO: Running set_position_group for group 'Pivot_Group' with positions: {7: 85, 8: 245}
2024-10-29 19:08:17,379 INFO: Front pivot angle set to 85 degrees (ticks: 85)
2024-10-29 19:08:17,379 INFO: Rear pivot angle set to 245 degrees (ticks: 245)
2024-10-29 19:08:17,644 INFO: Running set_position_group for group 'Pivot_Group' with positions: {7: 85, 8: 250}
2024-10-29 19:08:17,648 INFO: Front pivot angle set to 85 degrees (ticks: 85)
2024-10-29 19:08:17,649 INFO: Rear pivot angle set to 250 degrees (ticks: 250)
2024-10-29 19:08:17,918 INFO: Running set_position_group for group 'Pivot_Group' with positions: {7: 85, 8: 255}
2024-10-29 19:08:17,921 INFO: Front pivot angle set to 85 degrees (ticks: 85)
2024-10-29 19:08:17,921 INFO: Rear pivot angle set to 255 degrees (ticks: 255)
2024-10-29 19:08:18,189 INFO: Running set_position_group for group 'Pivot_Group' with positions: {7: 85, 8: 260}
2024-10-29 19:08:18,193 INFO: Front pivot angle set to 85 degrees (ticks: 85)
2024-10-29 19:08:18,194 INFO: Rear pivot angle set to 260 degrees (ticks: 260)
2024-10-29 19:08:18,461 INFO: Running set_position_group for group 'Pivot_Group' with positions: {7: 85, 8: 265}
2024-10-29 19:08:18,464 INFO: Front pivot angle set to 85 degrees (ticks: 85)
2024-10-29 19:08:18,465 INFO: Rear pivot angle set to 265 degrees (ticks: 265)
2024-10-29 19:08:18,735 INFO: Running set_position_group for group 'Pivot_Group' with positions: {7: 85, 8: 270}
2024-10-29 19:08:18,738 INFO: Front pivot angle set to 85 degrees (ticks: 85)
2024-10-29 19:08:18,739 INFO: Rear pivot angle set to 270 degrees (ticks: 270)
2024-10-29 19:08:19,007 INFO: Running set_position_group for group 'Pivot_Group' with positions: {7: 85, 8: 275}
2024-10-29 19:08:19,011 INFO: Front pivot angle set to 85 degrees (ticks: 85)
2024-10-29 19:08:19,011 INFO: Rear pivot angle set to 275 degrees (ticks: 275)
2024-10-29 19:08:19,279 INFO: Running set_position_group for group 'Pivot_Group' with positions: {7: 85, 8: 280}
2024-10-29 19:08:19,283 INFO: Front pivot angle set to 85 degrees (ticks: 85)
2024-10-29 19:08:19,283 INFO: Rear pivot angle set to 280 degrees (ticks: 280)
2024-10-29 19:08:19,553 INFO: Running set_position_group for group 'Pivot_Group' with positions: {7: 85, 8: 285}
2024-10-29 19:08:19,557 INFO: Front pivot angle set to 85 degrees (ticks: 85)
2024-10-29 19:08:19,557 INFO: Rear pivot angle set to 285 degrees (ticks: 285)
2024-10-29 19:08:20,650 INFO: Running set_position_group for group 'Pivot_Group' with positions: {7: 85, 8: 280}
2024-10-29 19:08:20,654 INFO: Front pivot angle set to 85 degrees (ticks: 85)
2024-10-29 19:08:20,654 INFO: Rear pivot angle set to 280 degrees (ticks: 280)
2024-10-29 19:08:20,926 INFO: Running set_position_group for group 'Pivot_Group' with positions: {7: 85, 8: 275}
2024-10-29 19:08:20,930 INFO: Front pivot angle set to 85 degrees (ticks: 85)
2024-10-29 19:08:20,931 INFO: Rear pivot angle set to 275 degrees (ticks: 275)
2024-10-29 19:08:21,199 INFO: Running set_position_group for group 'Pivot_Group' with positions: {7: 85, 8: 270}
2024-10-29 19:08:21,203 INFO: Front pivot angle set to 85 degrees (ticks: 85)
2024-10-29 19:08:21,203 INFO: Rear pivot angle set to 270 degrees (ticks: 270)
2024-10-29 19:08:21,476 INFO: Running set_position_group for group 'Pivot_Group' with positions: {7: 85, 8: 265}
2024-10-29 19:08:21,480 INFO: Front pivot angle set to 85 degrees (ticks: 85)
2024-10-29 19:08:21,480 INFO: Rear pivot angle set to 265 degrees (ticks: 265)
2024-10-29 19:08:21,749 INFO: Running set_position_group for group 'Pivot_Group' with positions: {7: 85, 8: 260}
2024-10-29 19:08:21,753 INFO: Front pivot angle set to 85 degrees (ticks: 85)
2024-10-29 19:08:21,753 INFO: Rear pivot angle set to 260 degrees (ticks: 260)
2024-10-29 19:08:22,025 INFO: Running set_position_group for group 'Pivot_Group' with positions: {7: 85, 8: 255}
2024-10-29 19:08:22,028 INFO: Front pivot angle set to 85 degrees (ticks: 85)
2024-10-29 19:08:22,029 INFO: Rear pivot angle set to 255 degrees (ticks: 255)
2024-10-29 19:08:22,298 INFO: Running set_position_group for group 'Pivot_Group' with positions: {7: 85, 8: 250}
2024-10-29 19:08:22,301 INFO: Front pivot angle set to 85 degrees (ticks: 85)
2024-10-29 19:08:22,302 INFO: Rear pivot angle set to 250 degrees (ticks: 250)
2024-10-29 19:08:22,573 INFO: Running set_position_group for group 'Pivot_Group' with positions: {7: 85, 8: 245}
2024-10-29 19:08:22,576 INFO: Front pivot angle set to 85 degrees (ticks: 85)
2024-10-29 19:08:22,577 INFO: Rear pivot angle set to 245 degrees (ticks: 245)
2024-10-29 19:08:22,847 INFO: Running set_position_group for group 'Pivot_Group' with positions: {7: 85, 8: 240}
2024-10-29 19:08:22,851 INFO: Front pivot angle set to 85 degrees (ticks: 85)
2024-10-29 19:08:22,852 INFO: Rear pivot angle set to 240 degrees (ticks: 240)
2024-10-29 19:08:23,122 INFO: Running set_position_group for group 'Pivot_Group' with positions: {7: 85, 8: 235}
2024-10-29 19:08:23,126 INFO: Front pivot angle set to 85 degrees (ticks: 85)
2024-10-29 19:08:23,126 INFO: Rear pivot angle set to 235 degrees (ticks: 235)
2024-10-29 19:08:23,398 INFO: Running set_position_group for group 'Pivot_Group' with positions: {7: 90, 8: 235}
2024-10-29 19:08:23,402 INFO: Front pivot angle set to 90 degrees (ticks: 90)
2024-10-29 19:08:23,402 INFO: Rear pivot angle set to 235 degrees (ticks: 235)
2024-10-29 19:08:23,675 INFO: Running set_position_group for group 'Pivot_Group' with positions: {7: 95, 8: 235}
2024-10-29 19:08:23,679 INFO: Front pivot angle set to 95 degrees (ticks: 95)
2024-10-29 19:08:23,679 INFO: Rear pivot angle set to 235 degrees (ticks: 235)
2024-10-29 19:08:23,951 INFO: Running set_position_group for group 'Pivot_Group' with positions: {7: 100, 8: 235}
2024-10-29 19:08:23,954 INFO: Front pivot angle set to 100 degrees (ticks: 100)
2024-10-29 19:08:23,955 INFO: Rear pivot angle set to 235 degrees (ticks: 235)
2024-10-29 19:08:24,226 INFO: Running set_position_group for group 'Pivot_Group' with positions: {7: 105, 8: 235}
2024-10-29 19:08:24,230 INFO: Front pivot angle set to 105 degrees (ticks: 105)
2024-10-29 19:08:24,230 INFO: Rear pivot angle set to 235 degrees (ticks: 235)
2024-10-29 19:08:24,502 INFO: Running set_position_group for group 'Pivot_Group' with positions: {7: 110, 8: 235}
2024-10-29 19:08:24,506 INFO: Front pivot angle set to 110 degrees (ticks: 110)
2024-10-29 19:08:24,506 INFO: Rear pivot angle set to 235 degrees (ticks: 235)
2024-10-29 19:08:24,778 INFO: Running set_position_group for group 'Pivot_Group' with positions: {7: 115, 8: 235}
2024-10-29 19:08:24,781 INFO: Front pivot angle set to 115 degrees (ticks: 115)
2024-10-29 19:08:24,782 INFO: Rear pivot angle set to 235 degrees (ticks: 235)
2024-10-29 19:08:25,054 INFO: Running set_position_group for group 'Pivot_Group' with positions: {7: 120, 8: 235}
2024-10-29 19:08:25,058 INFO: Front pivot angle set to 120 degrees (ticks: 120)
2024-10-29 19:08:25,059 INFO: Rear pivot angle set to 235 degrees (ticks: 235)
2024-10-29 19:08:25,331 INFO: Running set_position_group for group 'Pivot_Group' with positions: {7: 125, 8: 235}
2024-10-29 19:08:25,334 INFO: Front pivot angle set to 125 degrees (ticks: 125)
2024-10-29 19:08:25,335 INFO: Rear pivot angle set to 235 degrees (ticks: 235)
2024-10-29 19:08:25,609 INFO: Running set_position_group for group 'Pivot_Group' with positions: {7: 130, 8: 235}
2024-10-29 19:08:25,612 INFO: Front pivot angle set to 130 degrees (ticks: 130)
2024-10-29 19:08:25,613 INFO: Rear pivot angle set to 235 degrees (ticks: 235)
2024-10-29 19:08:25,886 INFO: Running set_position_group for group 'Pivot_Group' with positions: {7: 135, 8: 235}
2024-10-29 19:08:25,891 INFO: Front pivot angle set to 135 degrees (ticks: 135)
2024-10-29 19:08:25,891 INFO: Rear pivot angle set to 235 degrees (ticks: 235)
2024-10-29 19:08:26,164 INFO: Running set_position_group for group 'Pivot_Group' with positions: {7: 140, 8: 235}
2024-10-29 19:08:26,167 INFO: Front pivot angle set to 140 degrees (ticks: 140)
2024-10-29 19:08:26,168 INFO: Rear pivot angle set to 235 degrees (ticks: 235)
2024-10-29 19:08:26,439 INFO: Running set_position_group for group 'Pivot_Group' with positions: {7: 145, 8: 235}
2024-10-29 19:08:26,443 INFO: Front pivot angle set to 145 degrees (ticks: 145)
2024-10-29 19:08:26,444 INFO: Rear pivot angle set to 235 degrees (ticks: 235)
2024-10-29 19:08:26,719 INFO: Running set_position_group for group 'Pivot_Group' with positions: {7: 150, 8: 235}
2024-10-29 19:08:26,722 INFO: Front pivot angle set to 150 degrees (ticks: 150)
2024-10-29 19:08:26,723 INFO: Rear pivot angle set to 235 degrees (ticks: 235)
2024-10-29 19:08:26,996 INFO: Running set_position_group for group 'Pivot_Group' with positions: {7: 155, 8: 235}
2024-10-29 19:08:27,000 INFO: Front pivot angle set to 155 degrees (ticks: 155)
2024-10-29 19:08:27,000 INFO: Rear pivot angle set to 235 degrees (ticks: 235)
2024-10-29 19:08:27,273 INFO: Running set_position_group for group 'Pivot_Group' with positions: {7: 160, 8: 235}
2024-10-29 19:08:27,277 INFO: Front pivot angle set to 160 degrees (ticks: 160)
2024-10-29 19:08:27,277 INFO: Rear pivot angle set to 235 degrees (ticks: 235)
2024-10-29 19:08:27,551 INFO: Running set_position_group for group 'Pivot_Group' with positions: {7: 165, 8: 235}
2024-10-29 19:08:27,555 INFO: Front pivot angle set to 165 degrees (ticks: 165)
2024-10-29 19:08:27,555 INFO: Rear pivot angle set to 235 degrees (ticks: 235)
2024-10-29 19:08:27,828 INFO: Running set_position_group for group 'Pivot_Group' with positions: {7: 170, 8: 235}
2024-10-29 19:08:27,832 INFO: Front pivot angle set to 170 degrees (ticks: 170)
2024-10-29 19:08:27,832 INFO: Rear pivot angle set to 235 degrees (ticks: 235)
2024-10-29 19:08:28,106 INFO: Running set_position_group for group 'Pivot_Group' with positions: {7: 175, 8: 235}
2024-10-29 19:08:28,110 INFO: Front pivot angle set to 175 degrees (ticks: 175)
2024-10-29 19:08:28,110 INFO: Rear pivot angle set to 235 degrees (ticks: 235)
2024-10-29 19:08:28,383 INFO: Running set_position_group for group 'Pivot_Group' with positions: {7: 180, 8: 235}
2024-10-29 19:08:28,386 INFO: Front pivot angle set to 180 degrees (ticks: 180)
2024-10-29 19:08:28,387 INFO: Rear pivot angle set to 235 degrees (ticks: 235)
2024-10-29 19:08:28,660 INFO: Running set_position_group for group 'Pivot_Group' with positions: {7: 185, 8: 235}
2024-10-29 19:08:28,664 INFO: Front pivot angle set to 185 degrees (ticks: 185)
2024-10-29 19:08:28,664 INFO: Rear pivot angle set to 235 degrees (ticks: 235)
2024-10-29 19:08:28,937 INFO: Running set_position_group for group 'Pivot_Group' with positions: {7: 190, 8: 235}
2024-10-29 19:08:28,940 INFO: Front pivot angle set to 190 degrees (ticks: 190)
2024-10-29 19:08:28,941 INFO: Rear pivot angle set to 235 degrees (ticks: 235)
2024-10-29 19:08:29,777 INFO: Running set_position_group for group 'Pivot_Group' with positions: {7: 190, 8: 240}
2024-10-29 19:08:29,781 INFO: Front pivot angle set to 190 degrees (ticks: 190)
2024-10-29 19:08:29,781 INFO: Rear pivot angle set to 240 degrees (ticks: 240)
2024-10-29 19:08:30,056 INFO: Running set_position_group for group 'Pivot_Group' with positions: {7: 190, 8: 245}
2024-10-29 19:08:30,060 INFO: Front pivot angle set to 190 degrees (ticks: 190)
2024-10-29 19:08:30,060 INFO: Rear pivot angle set to 245 degrees (ticks: 245)
2024-10-29 19:08:30,613 INFO: Running set_position_group for group 'Pivot_Group' with positions: {7: 190, 8: 240}
2024-10-29 19:08:30,616 INFO: Front pivot angle set to 190 degrees (ticks: 190)
2024-10-29 19:08:30,617 INFO: Rear pivot angle set to 240 degrees (ticks: 240)
2024-10-29 19:08:30,892 INFO: Running set_position_group for group 'Pivot_Group' with positions: {7: 190, 8: 235}
2024-10-29 19:08:30,895 INFO: Front pivot angle set to 190 degrees (ticks: 190)
2024-10-29 19:08:30,896 INFO: Rear pivot angle set to 235 degrees (ticks: 235)
2024-10-29 19:08:31,170 INFO: Running set_position_group for group 'Pivot_Group' with positions: {7: 190, 8: 230}
2024-10-29 19:08:31,173 INFO: Front pivot angle set to 190 degrees (ticks: 190)
2024-10-29 19:08:31,174 INFO: Rear pivot angle set to 230 degrees (ticks: 230)
2024-10-29 19:08:31,449 INFO: Running set_position_group for group 'Pivot_Group' with positions: {7: 190, 8: 225}
2024-10-29 19:08:31,453 INFO: Front pivot angle set to 190 degrees (ticks: 190)
2024-10-29 19:08:31,453 INFO: Rear pivot angle set to 225 degrees (ticks: 225)
2024-10-29 19:08:31,728 INFO: Running set_position_group for group 'Pivot_Group' with positions: {7: 190, 8: 220}
2024-10-29 19:08:31,732 INFO: Front pivot angle set to 190 degrees (ticks: 190)
2024-10-29 19:08:31,732 INFO: Rear pivot angle set to 220 degrees (ticks: 220)
2024-10-29 19:08:32,007 INFO: Running set_position_group for group 'Pivot_Group' with positions: {7: 190, 8: 215}
2024-10-29 19:08:32,011 INFO: Front pivot angle set to 190 degrees (ticks: 190)
2024-10-29 19:08:32,011 INFO: Rear pivot angle set to 215 degrees (ticks: 215)
2024-10-29 19:08:32,288 INFO: Running set_position_group for group 'Pivot_Group' with positions: {7: 190, 8: 210}
2024-10-29 19:08:32,291 INFO: Front pivot angle set to 190 degrees (ticks: 190)
2024-10-29 19:08:32,292 INFO: Rear pivot angle set to 210 degrees (ticks: 210)
2024-10-29 19:08:32,568 INFO: Running set_position_group for group 'Pivot_Group' with positions: {7: 190, 8: 205}
2024-10-29 19:08:32,572 INFO: Front pivot angle set to 190 degrees (ticks: 190)
2024-10-29 19:08:32,572 INFO: Rear pivot angle set to 205 degrees (ticks: 205)
2024-10-29 19:08:33,133 INFO: Running set_position_group for group 'Pivot_Group' with positions: {7: 190, 8: 200}
2024-10-29 19:08:33,137 INFO: Front pivot angle set to 190 degrees (ticks: 190)
2024-10-29 19:08:33,138 INFO: Rear pivot angle set to 200 degrees (ticks: 200)
2024-10-29 19:08:33,413 INFO: Running set_position_group for group 'Pivot_Group' with positions: {7: 190, 8: 195}
2024-10-29 19:08:33,417 INFO: Front pivot angle set to 190 degrees (ticks: 190)
2024-10-29 19:08:33,417 INFO: Rear pivot angle set to 195 degrees (ticks: 195)
2024-10-29 19:08:33,694 INFO: Running set_position_group for group 'Pivot_Group' with positions: {7: 190, 8: 190}
2024-10-29 19:08:33,698 INFO: Front pivot angle set to 190 degrees (ticks: 190)
2024-10-29 19:08:33,698 INFO: Rear pivot angle set to 190 degrees (ticks: 190)
2024-10-29 19:08:33,975 INFO: Running set_position_group for group 'Pivot_Group' with positions: {7: 190, 8: 185}
2024-10-29 19:08:33,979 INFO: Front pivot angle set to 190 degrees (ticks: 190)
2024-10-29 19:08:33,979 INFO: Rear pivot angle set to 185 degrees (ticks: 185)
2024-10-29 19:08:34,256 INFO: Running set_position_group for group 'Pivot_Group' with positions: {7: 190, 8: 180}
2024-10-29 19:08:34,260 INFO: Front pivot angle set to 190 degrees (ticks: 190)
2024-10-29 19:08:34,260 INFO: Rear pivot angle set to 180 degrees (ticks: 180)
2024-10-29 19:09:05,241 INFO: Triangle pressed. Preparing to change to next gait: 2
2024-10-29 19:09:05,253 INFO: Initialising Gait 2
2024-10-29 19:09:05,253 INFO: Running set_position_group for group 'Wheg_Group' with positions: {1: 160, 2: 200, 3: 160, 4: 200, 5: 160, 6: 200}
2024-10-29 19:09:05,259 WARNING: Motor 1 is not in Position Control Mode. Setting mode now.
2024-10-29 19:09:05,260 INFO: Setting operating mode 'position' for group 'Wheg_Group'
2024-10-29 19:09:05,261 INFO: Disabling torque for group Wheg_Group
2024-10-29 19:09:05,262 INFO: Enabling torque for group Wheg_Group
2024-10-29 19:09:05,263 INFO: Setting the profile velocity for group Wheg_Group from config.yaml: 10
2024-10-29 19:09:05,264 INFO: Profile velocities set for group Wheg_Group: {1: 43.7, 2: 43.7, 3: 43.7, 4: 43.7, 5: 43.7, 6: 43.7}
2024-10-29 19:09:05,265 INFO: Setting the profile velocity for group Wheg_Group from config.yaml: 10
2024-10-29 19:09:05,266 INFO: Profile velocities set for group Wheg_Group: {1: 43.7, 2: 43.7, 3: 43.7, 4: 43.7, 5: 43.7, 6: 43.7}
2024-10-29 19:09:05,267 INFO: Running set_position_group for group 'Pivot_Group' with positions: 180
2024-10-29 19:09:05,270 INFO: Initialised Gait 2, waiting for 3 seconds
2024-10-29 19:09:08,274 INFO: Setting operating mode 'multi_turn' for group 'Wheg_Group'
2024-10-29 19:09:08,275 INFO: Disabling torque for group Wheg_Group
2024-10-29 19:09:08,278 INFO: Enabling torque for group Wheg_Group
2024-10-29 19:09:08,280 INFO: Setting the profile velocity for group Wheg_Group from config.yaml: 10
2024-10-29 19:09:08,282 INFO: Profile velocities set for group Wheg_Group: {1: 43.7, 2: 43.7, 3: 43.7, 4: 43.7, 5: 43.7, 6: 43.7}
2024-10-29 19:09:08,282 INFO: Setting the profile velocity for group Wheg_Group from config.yaml: 10
2024-10-29 19:09:08,283 INFO: Profile velocities set for group Wheg_Group: {1: 43.7, 2: 43.7, 3: 43.7, 4: 43.7, 5: 43.7, 6: 43.7}
2024-10-29 19:09:08,284 INFO: New gait 2 is now active.
2024-10-29 19:09:08,307 INFO: Profile velocities set for group Wheg_Group: {1: 8.74, 2: 69.92, 3: 8.74, 4: 69.92, 5: 8.74, 6: 69.92}
2024-10-29 19:09:08,307 INFO: Incrementing motor positions by {1: 40, 2: 320, 3: 40, 4: 320, 5: 40, 6: 320} degrees for group 'Wheg_Group'
2024-10-29 19:09:08,318 INFO: Gait 2 step executed at 2.00RPM, wait for 3.36 seconds
2024-10-29 19:09:11,741 INFO: Profile velocities set for group Wheg_Group: {1: 104.88, 2: 13.11, 3: 104.88, 4: 13.11, 5: 104.88, 6: 13.11}
2024-10-29 19:09:11,742 INFO: Incrementing motor positions by {1: 320, 2: 40, 3: 320, 4: 40, 5: 320, 6: 40} degrees for group 'Wheg_Group'
2024-10-29 19:09:11,753 INFO: Gait 2 step executed at 3.00RPM, wait for 2.25 seconds
2024-10-29 19:09:14,024 INFO: Profile velocities set for group Wheg_Group: {1: 17.479866638183594, 2: 139.83893310546875, 3: 17.479866638183594, 4: 139.83893310546875, 5: 17.479866638183594, 6: 139.83893310546875}
2024-10-29 19:09:14,025 INFO: Incrementing motor positions by {1: 40, 2: 320, 3: 40, 4: 320, 5: 40, 6: 320} degrees for group 'Wheg_Group'
2024-10-29 19:09:14,036 INFO: Gait 2 step executed at 4.00RPM, wait for 1.69 seconds
2024-10-29 19:09:15,795 INFO: Profile velocities set for group Wheg_Group: {1: 139.83893310546875, 2: 17.479866638183594, 3: 139.83893310546875, 4: 17.479866638183594, 5: 139.83893310546875, 6: 17.479866638183594}
2024-10-29 19:09:15,795 INFO: Incrementing motor positions by {1: 320, 2: 40, 3: 320, 4: 40, 5: 320, 6: 40} degrees for group 'Wheg_Group'
2024-10-29 19:09:15,807 INFO: Gait 2 step executed at 4.00RPM, wait for 1.69 seconds
2024-10-29 19:09:17,523 INFO: Profile velocities set for group Wheg_Group: {1: 17.479866638183594, 2: 139.83893310546875, 3: 17.479866638183594, 4: 139.83893310546875, 5: 17.479866638183594, 6: 139.83893310546875}
2024-10-29 19:09:17,523 INFO: Incrementing motor positions by {1: 40, 2: 320, 3: 40, 4: 320, 5: 40, 6: 320} degrees for group 'Wheg_Group'
2024-10-29 19:09:17,534 INFO: Gait 2 step executed at 4.00RPM, wait for 1.69 seconds
2024-10-29 19:09:19,250 INFO: Profile velocities set for group Wheg_Group: {1: 139.83893310546875, 2: 17.479866638183594, 3: 139.83893310546875, 4: 17.479866638183594, 5: 139.83893310546875, 6: 17.479866638183594}
2024-10-29 19:09:19,250 INFO: Incrementing motor positions by {1: 320, 2: 40, 3: 320, 4: 40, 5: 320, 6: 40} degrees for group 'Wheg_Group'
2024-10-29 19:09:19,261 INFO: Gait 2 step executed at 4.00RPM, wait for 1.69 seconds
2024-10-29 19:09:21,825 INFO: R3 pressed. Turning mode requested
2024-10-29 19:09:21,836 INFO: Initialising Turn Mode
2024-10-29 19:09:21,837 INFO: Running set_position_group for group 'Wheg_Group' with positions: {1: 160, 2: 200, 3: 160, 4: 160, 5: 200, 6: 160}
2024-10-29 19:09:21,842 WARNING: Motor 1 is not in Position Control Mode. Setting mode now.
2024-10-29 19:09:21,842 INFO: Setting operating mode 'position' for group 'Wheg_Group'
2024-10-29 19:09:21,843 INFO: Disabling torque for group Wheg_Group
2024-10-29 19:09:21,846 INFO: Enabling torque for group Wheg_Group
2024-10-29 19:09:21,847 INFO: Setting the profile velocity for group Wheg_Group from config.yaml: 10
2024-10-29 19:09:21,848 INFO: Profile velocities set for group Wheg_Group: {1: 43.7, 2: 43.7, 3: 43.7, 4: 43.7, 5: 43.7, 6: 43.7}
2024-10-29 19:09:21,848 INFO: Setting the profile velocity for group Wheg_Group from config.yaml: 10
2024-10-29 19:09:21,849 INFO: Profile velocities set for group Wheg_Group: {1: 43.7, 2: 43.7, 3: 43.7, 4: 43.7, 5: 43.7, 6: 43.7}
2024-10-29 19:09:21,850 INFO: Running set_position_group for group 'Pivot_Group' with positions: 180
2024-10-29 19:09:21,853 INFO: Initialised turn mode, waiting for 3 seconds
2024-10-29 19:09:21,927 INFO: R3 pressed. Turning mode requested
2024-10-29 19:09:24,854 INFO: Setting operating mode 'multi_turn' for group 'Wheg_Group'
2024-10-29 19:09:24,855 INFO: Disabling torque for group Wheg_Group
2024-10-29 19:09:24,856 INFO: Enabling torque for group Wheg_Group
2024-10-29 19:09:24,857 INFO: Setting the profile velocity for group Wheg_Group from config.yaml: 10
2024-10-29 19:09:24,858 INFO: Profile velocities set for group Wheg_Group: {1: 43.7, 2: 43.7, 3: 43.7, 4: 43.7, 5: 43.7, 6: 43.7}
2024-10-29 19:09:24,858 INFO: Setting the profile velocity for group Wheg_Group from config.yaml: 10
2024-10-29 19:09:24,859 INFO: Profile velocities set for group Wheg_Group: {1: 43.7, 2: 43.7, 3: 43.7, 4: 43.7, 5: 43.7, 6: 43.7}
2024-10-29 19:09:24,859 INFO: Turn mode activated.
2024-10-29 19:09:25,390 INFO: Profile velocities set for group Wheg_Group: {1: 6.220795288085938, 2: 49.766362304687505, 3: 6.220795288085938, 4: 49.766362304687505, 5: 6.220795288085938, 6: 49.766362304687505}
2024-10-29 19:09:25,391 INFO: Incrementing motor positions by {1: 40, 2: 320, 3: 40, 4: -320, 5: -40, 6: -320} degrees for group 'Wheg_Group'
2024-10-29 19:09:25,401 INFO: Gait 4 step executed at 1.42RPM, wait for 4.71 seconds
2024-10-29 19:09:30,675 INFO: Profile velocities set for group Wheg_Group: {1: 84.7263623046875, 2: 10.590795288085937, 3: 84.7263623046875, 4: 10.590795288085937, 5: 84.7263623046875, 6: 10.590795288085937}
2024-10-29 19:09:30,676 INFO: Incrementing motor positions by {1: 320, 2: 40, 3: 320, 4: -40, 5: -320, 6: -40} degrees for group 'Wheg_Group'
2024-10-29 19:09:30,686 INFO: Gait 4 step executed at 2.42RPM, wait for 2.78 seconds
2024-10-29 19:09:33,977 WARNING: Motors are not in the correct positions for Gait 4. Positions: {1: 158.67578125, 2: 195.94140625, 3: 161.576171875, 4: 99.564453125, 5: 141.13671875, 6: 97.54296875}
2024-10-29 19:09:33,977 WARNING: Waiting for 1 second before checking for movement
2024-10-29 19:09:34,084 CRITICAL: Motors are not moving, reseting positions, and waiting for 3 seconds.
2024-10-29 19:09:34,084 INFO: Running set_position_group for group 'Wheg_Group' with positions: {1: 160, 2: 200, 3: 160, 4: 160, 5: 200, 6: 160}
2024-10-29 19:09:34,090 WARNING: Motor 1 is not in Position Control Mode. Setting mode now.
2024-10-29 19:09:34,090 INFO: Setting operating mode 'position' for group 'Wheg_Group'
2024-10-29 19:09:34,091 INFO: Disabling torque for group Wheg_Group
2024-10-29 19:09:34,092 INFO: Enabling torque for group Wheg_Group
2024-10-29 19:09:34,093 INFO: Setting the profile velocity for group Wheg_Group from config.yaml: 10
2024-10-29 19:09:34,094 INFO: Profile velocities set for group Wheg_Group: {1: 43.7, 2: 43.7, 3: 43.7, 4: 43.7, 5: 43.7, 6: 43.7}
2024-10-29 19:09:34,094 INFO: Setting the profile velocity for group Wheg_Group from config.yaml: 10
2024-10-29 19:09:34,095 INFO: Profile velocities set for group Wheg_Group: {1: 43.7, 2: 43.7, 3: 43.7, 4: 43.7, 5: 43.7, 6: 43.7}
2024-10-29 19:09:37,096 INFO: Setting operating mode 'multi_turn' for group 'Wheg_Group'
2024-10-29 19:09:37,098 INFO: Disabling torque for group Wheg_Group
2024-10-29 19:09:37,099 INFO: Enabling torque for group Wheg_Group
2024-10-29 19:09:37,100 INFO: Setting the profile velocity for group Wheg_Group from config.yaml: 10
2024-10-29 19:09:37,101 INFO: Profile velocities set for group Wheg_Group: {1: 43.7, 2: 43.7, 3: 43.7, 4: 43.7, 5: 43.7, 6: 43.7}
2024-10-29 19:09:37,101 INFO: Setting the profile velocity for group Wheg_Group from config.yaml: 10
2024-10-29 19:09:37,102 INFO: Profile velocities set for group Wheg_Group: {1: 43.7, 2: 43.7, 3: 43.7, 4: 43.7, 5: 43.7, 6: 43.7}
2024-10-29 19:09:37,103 INFO: Profile velocities set for group Wheg_Group: {1: 12.835674743652344, 2: 102.68539794921875, 3: 12.835674743652344, 4: 102.68539794921875, 5: 12.835674743652344, 6: 102.68539794921875}
2024-10-29 19:09:37,103 INFO: Incrementing motor positions by {1: 40, 2: 320, 3: 40, 4: -320, 5: -40, 6: -320} degrees for group 'Wheg_Group'
2024-10-29 19:09:37,114 INFO: Gait 4 step executed at 2.94RPM, wait for 2.29 seconds
2024-10-29 19:09:39,923 INFO: Profile velocities set for group Wheg_Group: {1: 104.87893310546875, 2: 13.109866638183593, 3: 104.87893310546875, 4: 13.109866638183593, 5: 104.87893310546875, 6: 13.109866638183593}
2024-10-29 19:09:39,924 INFO: Incrementing motor positions by {1: 320, 2: 40, 3: 320, 4: -40, 5: -320, 6: -40} degrees for group 'Wheg_Group'
2024-10-29 19:09:39,934 INFO: Gait 4 step executed at 3.00RPM, wait for 2.25 seconds
2024-10-29 19:09:42,723 WARNING: Motors are not in the correct positions for Gait 4. Positions: {1: 156.478515625, 2: 184.69140625, 3: 160.9609375, 4: 100.53125, 5: 156.693359375, 6: 96.6640625}
2024-10-29 19:09:42,724 WARNING: Waiting for 1 second before checking for movement
2024-10-29 19:09:42,832 CRITICAL: Motors are not moving, reseting positions, and waiting for 3 seconds.
2024-10-29 19:09:42,833 INFO: Running set_position_group for group 'Wheg_Group' with positions: {1: 160, 2: 200, 3: 160, 4: 160, 5: 200, 6: 160}
2024-10-29 19:09:42,839 WARNING: Motor 1 is not in Position Control Mode. Setting mode now.
2024-10-29 19:09:42,840 INFO: Setting operating mode 'position' for group 'Wheg_Group'
2024-10-29 19:09:42,841 INFO: Disabling torque for group Wheg_Group
2024-10-29 19:09:42,843 INFO: Enabling torque for group Wheg_Group
2024-10-29 19:09:42,844 INFO: Setting the profile velocity for group Wheg_Group from config.yaml: 10
2024-10-29 19:09:42,846 INFO: Profile velocities set for group Wheg_Group: {1: 43.7, 2: 43.7, 3: 43.7, 4: 43.7, 5: 43.7, 6: 43.7}
2024-10-29 19:09:42,847 INFO: Setting the profile velocity for group Wheg_Group from config.yaml: 10
2024-10-29 19:09:42,848 INFO: Profile velocities set for group Wheg_Group: {1: 43.7, 2: 43.7, 3: 43.7, 4: 43.7, 5: 43.7, 6: 43.7}
2024-10-29 19:09:45,863 INFO: Setting operating mode 'multi_turn' for group 'Wheg_Group'
2024-10-29 19:09:45,864 INFO: Disabling torque for group Wheg_Group
2024-10-29 19:09:45,865 INFO: Enabling torque for group Wheg_Group
2024-10-29 19:09:45,866 INFO: Setting the profile velocity for group Wheg_Group from config.yaml: 10
2024-10-29 19:09:45,867 INFO: Profile velocities set for group Wheg_Group: {1: 43.7, 2: 43.7, 3: 43.7, 4: 43.7, 5: 43.7, 6: 43.7}
2024-10-29 19:09:45,867 INFO: Setting the profile velocity for group Wheg_Group from config.yaml: 10
2024-10-29 19:09:45,869 INFO: Profile velocities set for group Wheg_Group: {1: 43.7, 2: 43.7, 3: 43.7, 4: 43.7, 5: 43.7, 6: 43.7}
2024-10-29 19:09:45,870 INFO: Profile velocities set for group Wheg_Group: {1: 13.109866638183593, 2: 104.87893310546875, 3: 13.109866638183593, 4: 104.87893310546875, 5: 13.109866638183593, 6: 104.87893310546875}
2024-10-29 19:09:45,870 INFO: Incrementing motor positions by {1: 40, 2: 320, 3: 40, 4: -320, 5: -40, 6: -320} degrees for group 'Wheg_Group'
2024-10-29 19:09:45,880 INFO: Gait 4 step executed at 3.00RPM, wait for 2.25 seconds
2024-10-29 19:09:48,642 INFO: Profile velocities set for group Wheg_Group: {1: 104.87893310546875, 2: 13.109866638183593, 3: 104.87893310546875, 4: 13.109866638183593, 5: 104.87893310546875, 6: 13.109866638183593}
2024-10-29 19:09:48,642 INFO: Incrementing motor positions by {1: 320, 2: 40, 3: 320, 4: -40, 5: -320, 6: -40} degrees for group 'Wheg_Group'
2024-10-29 19:09:48,653 INFO: Gait 4 step executed at 3.00RPM, wait for 2.25 seconds
2024-10-29 19:09:51,454 WARNING: Motors are not in the correct positions for Gait 4. Positions: {1: 156.21484375, 2: 183.900390625, 3: 160.9609375, 4: 100.619140625, 5: 158.802734375, 6: 97.103515625}
2024-10-29 19:09:51,455 WARNING: Waiting for 1 second before checking for movement
2024-10-29 19:09:51,561 CRITICAL: Motors are not moving, reseting positions, and waiting for 3 seconds.
2024-10-29 19:09:51,562 INFO: Running set_position_group for group 'Wheg_Group' with positions: {1: 160, 2: 200, 3: 160, 4: 160, 5: 200, 6: 160}
2024-10-29 19:09:51,567 WARNING: Motor 1 is not in Position Control Mode. Setting mode now.
2024-10-29 19:09:51,568 INFO: Setting operating mode 'position' for group 'Wheg_Group'
2024-10-29 19:09:51,568 INFO: Disabling torque for group Wheg_Group
2024-10-29 19:09:51,569 INFO: Enabling torque for group Wheg_Group
2024-10-29 19:09:51,570 INFO: Setting the profile velocity for group Wheg_Group from config.yaml: 10
2024-10-29 19:09:51,570 INFO: Profile velocities set for group Wheg_Group: {1: 43.7, 2: 43.7, 3: 43.7, 4: 43.7, 5: 43.7, 6: 43.7}
2024-10-29 19:09:51,571 INFO: Setting the profile velocity for group Wheg_Group from config.yaml: 10
2024-10-29 19:09:51,571 INFO: Profile velocities set for group Wheg_Group: {1: 43.7, 2: 43.7, 3: 43.7, 4: 43.7, 5: 43.7, 6: 43.7}
2024-10-29 19:09:54,573 INFO: Setting operating mode 'multi_turn' for group 'Wheg_Group'
2024-10-29 19:09:54,574 INFO: Disabling torque for group Wheg_Group
2024-10-29 19:09:54,575 INFO: Enabling torque for group Wheg_Group
2024-10-29 19:09:54,576 INFO: Setting the profile velocity for group Wheg_Group from config.yaml: 10
2024-10-29 19:09:54,577 INFO: Profile velocities set for group Wheg_Group: {1: 43.7, 2: 43.7, 3: 43.7, 4: 43.7, 5: 43.7, 6: 43.7}
2024-10-29 19:09:54,577 INFO: Setting the profile velocity for group Wheg_Group from config.yaml: 10
2024-10-29 19:09:54,578 INFO: Profile velocities set for group Wheg_Group: {1: 43.7, 2: 43.7, 3: 43.7, 4: 43.7, 5: 43.7, 6: 43.7}
2024-10-29 19:09:54,579 INFO: Profile velocities set for group Wheg_Group: {1: 13.109866638183593, 2: 104.87893310546875, 3: 13.109866638183593, 4: 104.87893310546875, 5: 13.109866638183593, 6: 104.87893310546875}
2024-10-29 19:09:54,579 INFO: Incrementing motor positions by {1: 40, 2: 320, 3: 40, 4: -320, 5: -40, 6: -320} degrees for group 'Wheg_Group'
2024-10-29 19:09:54,590 INFO: Gait 4 step executed at 3.00RPM, wait for 2.25 seconds
2024-10-29 19:09:57,352 INFO: Profile velocities set for group Wheg_Group: {1: 95.00802490234375, 2: 11.876003112792969, 3: 95.00802490234375, 4: 11.876003112792969, 5: 95.00802490234375, 6: 11.876003112792969}
2024-10-29 19:09:57,352 INFO: Incrementing motor positions by {1: 320, 2: 40, 3: 320, 4: -40, 5: -320, 6: -40} degrees for group 'Wheg_Group'
2024-10-29 19:09:57,362 INFO: Gait 4 step executed at 2.72RPM, wait for 2.48 seconds
2024-10-29 19:10:00,355 WARNING: Motors are not in the correct positions for Gait 4. Positions: {1: 155.951171875, 2: 182.23046875, 3: 160.873046875, 4: 101.41015625, 5: 163.900390625, 6: 97.89453125}
2024-10-29 19:10:00,355 WARNING: Waiting for 1 second before checking for movement
2024-10-29 19:10:00,462 CRITICAL: Motors are not moving, reseting positions, and waiting for 3 seconds.
2024-10-29 19:10:00,462 INFO: Running set_position_group for group 'Wheg_Group' with positions: {1: 160, 2: 200, 3: 160, 4: 160, 5: 200, 6: 160}
2024-10-29 19:10:00,468 WARNING: Motor 1 is not in Position Control Mode. Setting mode now.
2024-10-29 19:10:00,468 INFO: Setting operating mode 'position' for group 'Wheg_Group'
2024-10-29 19:10:00,469 INFO: Disabling torque for group Wheg_Group
2024-10-29 19:10:00,470 INFO: Enabling torque for group Wheg_Group
2024-10-29 19:10:00,470 INFO: Setting the profile velocity for group Wheg_Group from config.yaml: 10
2024-10-29 19:10:00,471 INFO: Profile velocities set for group Wheg_Group: {1: 43.7, 2: 43.7, 3: 43.7, 4: 43.7, 5: 43.7, 6: 43.7}
2024-10-29 19:10:00,472 INFO: Setting the profile velocity for group Wheg_Group from config.yaml: 10
2024-10-29 19:10:00,473 INFO: Profile velocities set for group Wheg_Group: {1: 43.7, 2: 43.7, 3: 43.7, 4: 43.7, 5: 43.7, 6: 43.7}
2024-10-29 19:10:03,474 INFO: Setting operating mode 'multi_turn' for group 'Wheg_Group'
2024-10-29 19:10:03,475 INFO: Disabling torque for group Wheg_Group
2024-10-29 19:10:03,476 INFO: Enabling torque for group Wheg_Group
2024-10-29 19:10:03,477 INFO: Setting the profile velocity for group Wheg_Group from config.yaml: 10
2024-10-29 19:10:03,477 INFO: Profile velocities set for group Wheg_Group: {1: 43.7, 2: 43.7, 3: 43.7, 4: 43.7, 5: 43.7, 6: 43.7}
2024-10-29 19:10:03,478 INFO: Setting the profile velocity for group Wheg_Group from config.yaml: 10
2024-10-29 19:10:03,479 INFO: Profile velocities set for group Wheg_Group: {1: 43.7, 2: 43.7, 3: 43.7, 4: 43.7, 5: 43.7, 6: 43.7}
2024-10-29 19:10:03,480 INFO: Profile velocities set for group Wheg_Group: {1: 10.642139587402344, 2: 85.13711669921875, 3: 10.642139587402344, 4: 85.13711669921875, 5: 10.642139587402344, 6: 85.13711669921875}
2024-10-29 19:10:03,480 INFO: Incrementing motor positions by {1: 40, 2: 320, 3: 40, 4: -320, 5: -40, 6: -320} degrees for group 'Wheg_Group'
2024-10-29 19:10:03,491 INFO: Gait 4 step executed at 2.44RPM, wait for 2.76 seconds
2024-10-29 19:10:05,272 INFO: Initiating safe shutdown...
2024-10-29 19:10:05,272 INFO: Setting operating mode 'velocity' for group 'All_Motors'
2024-10-29 19:10:05,273 INFO: Disabling torque for group All_Motors
2024-10-29 19:10:05,274 INFO: Enabling torque for group All_Motors
2024-10-29 19:10:05,275 INFO: Setting the profile velocity for group All_Motors from config.yaml: 8
2024-10-29 19:10:05,275 INFO: Profile velocities set for group All_Motors: {1: 34.96, 2: 34.96, 3: 34.96, 4: 34.96, 5: 34.96, 6: 34.96, 7: 34.96, 8: 34.96}
2024-10-29 19:10:05,276 WARNING: Velocity limit 200 exceeds hard limit 100. Limiting to 100.
2024-10-29 19:10:05,276 INFO: Velocity limit set to 100 for group All_Motors
2024-10-29 19:10:05,277 INFO: Enabling torque for group All_Motors
2024-10-29 19:10:05,278 INFO: Setting the profile velocity for group All_Motors from config.yaml: 8
2024-10-29 19:10:05,278 INFO: Profile velocities set for group All_Motors: {1: 34.96, 2: 34.96, 3: 34.96, 4: 34.96, 5: 34.96, 6: 34.96, 7: 34.96, 8: 34.96}
2024-10-29 19:10:05,279 INFO: Target velocities set for group All_Motors: {1: 0, 2: 0, 3: 0, 4: 0, 5: 0, 6: 0, 7: 0, 8: 0}
2024-10-29 19:10:05,279 INFO: Running set_position_group for group 'All_Motors' with positions: 180
2024-10-29 19:10:05,287 WARNING: Motor 1 is not in Position Control Mode. Setting mode now.
2024-10-29 19:10:05,288 INFO: Setting operating mode 'position' for group 'All_Motors'
2024-10-29 19:10:05,288 INFO: Disabling torque for group All_Motors
2024-10-29 19:10:05,289 INFO: Enabling torque for group All_Motors
2024-10-29 19:10:05,290 INFO: Setting the profile velocity for group All_Motors from config.yaml: 8
2024-10-29 19:10:05,291 INFO: Profile velocities set for group All_Motors: {1: 34.96, 2: 34.96, 3: 34.96, 4: 34.96, 5: 34.96, 6: 34.96, 7: 34.96, 8: 34.96}
2024-10-29 19:10:05,291 INFO: Setting the profile velocity for group All_Motors from config.yaml: 8
2024-10-29 19:10:05,292 INFO: Profile velocities set for group All_Motors: {1: 34.96, 2: 34.96, 3: 34.96, 4: 34.96, 5: 34.96, 6: 34.96, 7: 34.96, 8: 34.96}
2024-10-29 19:10:05,293 INFO: Closing PS4Controller and quitting pygame
2024-10-29 19:10:05,383 INFO: Port closed successfully.
2024-10-29 19:10:05,383 INFO: Shutdown complete.
