2024-09-23 18:32:52,408 INFO: Initializing PS4Controller
2024-09-23 18:32:52,622 DEBUG: Pygame initialized
2024-09-23 18:32:52,623 DEBUG: Joystick initialized
2024-09-23 18:32:52,623 DEBUG: Number of buttons on the controller: 13
2024-09-23 18:32:52,656 INFO: Port /dev/ttyACM0 opened successfully
2024-09-23 18:32:52,666 INFO: Baudrate set to 57600
2024-09-23 18:32:52,667 INFO: Motor group 'Pivot_Group' created with motors: [7, 8]
2024-09-23 18:32:52,667 INFO: Motor group 'Wheg_Group' created with motors: [1, 2, 3, 4, 5, 6]
2024-09-23 18:32:52,667 INFO: Motor group 'All_Motors' created with motors: [1, 2, 3, 4, 5, 6, 7, 8]
2024-09-23 18:32:52,667 INFO: Motor group 'Left_Whegs' created with motors: [1, 2, 3]
2024-09-23 18:32:52,667 INFO: Motor group 'Right_Whegs' created with motors: [4, 5, 6]
2024-09-23 18:32:52,668 INFO: Motor group 'Front_Whegs' created with motors: [3, 6]
2024-09-23 18:32:52,668 INFO: Motor group 'Rear_Whegs' created with motors: [1, 4]
2024-09-23 18:32:52,668 INFO: Motor group 'Middle_Whegs' created with motors: [2, 5]
2024-09-23 18:32:52,668 INFO: Motor group 'Two_Right_One_Left' created with motors: [2, 4, 6]
2024-09-23 18:32:52,668 INFO: Motor group 'Two_Left_One_Right' created with motors: [5, 1, 3]
2024-09-23 18:32:52,669 INFO: Initialized PS4 controller and Dynamixel
2024-09-23 18:32:52,674 INFO: Torque disabled for motor 1
2024-09-23 18:32:52,680 INFO: Operating mode set to velocity for motor 1
2024-09-23 18:32:52,685 INFO: Torque enabled for motor 1
2024-09-23 18:32:52,691 INFO: Torque enabled for motor 1
2024-09-23 18:32:52,691 INFO: Torque on for wheg_id=1
2024-09-23 18:32:52,696 INFO: Torque disabled for motor 2
2024-09-23 18:32:52,701 INFO: Operating mode set to velocity for motor 2
2024-09-23 18:32:52,706 INFO: Torque enabled for motor 2
2024-09-23 18:32:52,712 INFO: Torque enabled for motor 2
2024-09-23 18:32:52,712 INFO: Torque on for wheg_id=2
2024-09-23 18:32:52,717 INFO: Torque disabled for motor 3
2024-09-23 18:32:52,722 INFO: Operating mode set to velocity for motor 3
2024-09-23 18:32:52,728 INFO: Torque enabled for motor 3
2024-09-23 18:32:52,733 INFO: Torque enabled for motor 3
2024-09-23 18:32:52,733 INFO: Torque on for wheg_id=3
2024-09-23 18:32:52,739 INFO: Homing offset for motor 4 is 0
2024-09-23 18:32:52,739 INFO: Homing offset for wheg_id=4 is None
2024-09-23 18:32:52,745 INFO: Homing offset set to 0 for motor 4
2024-09-23 18:32:52,745 INFO: Set homing offset to 4096 for wheg_id=4
2024-09-23 18:32:52,750 INFO: Torque disabled for motor 4
2024-09-23 18:32:52,755 INFO: Operating mode set to velocity for motor 4
2024-09-23 18:32:52,761 INFO: Torque enabled for motor 4
2024-09-23 18:32:52,766 INFO: Torque enabled for motor 4
2024-09-23 18:32:52,766 INFO: Torque on for wheg_id=4
2024-09-23 18:32:52,772 INFO: Homing offset for motor 5 is 0
2024-09-23 18:32:52,772 INFO: Homing offset for wheg_id=5 is None
2024-09-23 18:32:52,778 INFO: Homing offset set to 0 for motor 5
2024-09-23 18:32:52,778 INFO: Set homing offset to 4096 for wheg_id=5
2024-09-23 18:32:52,783 INFO: Torque disabled for motor 5
2024-09-23 18:32:52,788 INFO: Operating mode set to velocity for motor 5
2024-09-23 18:32:52,794 INFO: Torque enabled for motor 5
2024-09-23 18:32:52,799 INFO: Torque enabled for motor 5
2024-09-23 18:32:52,799 INFO: Torque on for wheg_id=5
2024-09-23 18:32:52,805 INFO: Homing offset for motor 6 is 0
2024-09-23 18:32:52,805 INFO: Homing offset for wheg_id=6 is None
2024-09-23 18:32:52,811 INFO: Homing offset set to 0 for motor 6
2024-09-23 18:32:52,811 INFO: Set homing offset to 4096 for wheg_id=6
2024-09-23 18:32:52,816 INFO: Torque disabled for motor 6
2024-09-23 18:32:52,821 INFO: Operating mode set to velocity for motor 6
2024-09-23 18:32:52,826 INFO: Torque enabled for motor 6
2024-09-23 18:32:52,832 INFO: Torque enabled for motor 6
2024-09-23 18:32:52,832 INFO: Torque on for wheg_id=6
2024-09-23 18:32:52,838 INFO: Homing offset for motor 7 is 0
2024-09-23 18:32:52,844 INFO: Torque disabled for motor 7
2024-09-23 18:32:52,850 INFO: Operating mode set to position for motor 7
2024-09-23 18:32:52,855 INFO: Torque enabled for motor 7
2024-09-23 18:32:52,861 INFO: Torque enabled for motor 7
2024-09-23 18:32:52,868 INFO: Homing offset for motor 8 is 0
2024-09-23 18:32:52,873 INFO: Torque disabled for motor 8
2024-09-23 18:32:52,879 INFO: Operating mode set to position for motor 8
2024-09-23 18:32:52,884 INFO: Torque enabled for motor 8
2024-09-23 18:32:52,890 INFO: Torque enabled for motor 8
2024-09-23 18:32:52,891 INFO: Velocity limit of 5 RPM set for all motors in group 'Pivot_Group'
2024-09-23 18:32:52,891 INFO: Profile velocity of 5 RPM set for all motors in group 'Pivot_Group'
2024-09-23 18:32:52,892 INFO: Velocity limit of 10 RPM set for all motors in group 'Wheg_Group'
2024-09-23 18:32:52,892 INFO: Profile velocity of 10 RPM set for all motors in group 'Wheg_Group'
2024-09-23 18:32:52,893 DEBUG: Button states: {'square': False, 'x': False, 'circle': False, 'triangle': False, 'l1': False, 'r1': False, 'l2': False, 'r2': False, 'share': False, 'options': False, 'l3': False, 'r3': False, 'ps': False}
2024-09-23 18:32:52,893 DEBUG: Getting motor positions
2024-09-23 18:32:52,928 DEBUG: Current position for motor 1 is 25 degrees
2024-09-23 18:32:52,934 DEBUG: Current position for motor 2 is 31 degrees
2024-09-23 18:32:52,940 DEBUG: Current position for motor 3 is 30 degrees
2024-09-23 18:32:52,946 DEBUG: Current position for motor 4 is 322 degrees
2024-09-23 18:32:52,952 DEBUG: Current position for motor 5 is 324 degrees
2024-09-23 18:32:52,958 DEBUG: Current position for motor 6 is 316 degrees
2024-09-23 18:32:52,965 DEBUG: Current position for motor 7 is 180 degrees
2024-09-23 18:32:52,971 DEBUG: Current position for motor 8 is 179 degrees
2024-09-23 18:32:52,971 DEBUG: Motor positions: {'LR_WHEG': 25, 'LM_WHEG': 31, 'LF_WHEG': 30, 'RR_WHEG': 322, 'RM_WHEG': 324, 'RF_WHEG': 316, 'FRONT_PIVOT': 180, 'REAR_PIVOT': 179}
2024-09-23 18:32:52,971 DEBUG: Trigger inputs: L2=-1.0, R2=-1.0
2024-09-23 18:32:52,972 DEBUG: D-Pad input: {'dpad_up': False, 'dpad_down': False, 'dpad_left': False, 'dpad_right': False}
2024-09-23 18:32:52,972 DEBUG: Adjusting wheg speed: trigger_value=-1.0, current_rpm=0
2024-09-23 18:32:52,972 DEBUG: Adjusted wheg speed: target_rpm=0.0, current_rpm=0.0
2024-09-23 18:32:52,977 DEBUG: Setting wheg velocity: wheg_ids=[1], rpm=0
2024-09-23 18:32:52,983 INFO: Goal velocity set to 0 for motor 1
2024-09-23 18:32:52,983 DEBUG: Set wheg velocity: wheg_id=1, rpm=0
2024-09-23 18:32:52,983 INFO: Set velocity to 0 for wheg_id=1
2024-09-23 18:32:52,989 DEBUG: Setting wheg velocity: wheg_ids=[2], rpm=0
2024-09-23 18:32:52,994 INFO: Goal velocity set to 0 for motor 2
2024-09-23 18:32:52,995 DEBUG: Set wheg velocity: wheg_id=2, rpm=0
2024-09-23 18:32:52,995 INFO: Set velocity to 0 for wheg_id=2
2024-09-23 18:32:53,000 DEBUG: Setting wheg velocity: wheg_ids=[3], rpm=0
2024-09-23 18:32:53,006 INFO: Goal velocity set to 0 for motor 3
2024-09-23 18:32:53,006 DEBUG: Set wheg velocity: wheg_id=3, rpm=0
2024-09-23 18:32:53,006 INFO: Set velocity to 0 for wheg_id=3
2024-09-23 18:32:53,012 DEBUG: Setting wheg velocity: wheg_ids=[4], rpm=0
2024-09-23 18:32:53,017 INFO: Goal velocity set to 0 for motor 4
2024-09-23 18:32:53,018 DEBUG: Set wheg velocity: wheg_id=4, rpm=0
2024-09-23 18:32:53,018 INFO: Set velocity to 0 for wheg_id=4
2024-09-23 18:32:53,023 DEBUG: Setting wheg velocity: wheg_ids=[5], rpm=0
2024-09-23 18:32:53,029 INFO: Goal velocity set to 0 for motor 5
2024-09-23 18:32:53,029 DEBUG: Set wheg velocity: wheg_id=5, rpm=0
2024-09-23 18:32:53,029 INFO: Set velocity to 0 for wheg_id=5
2024-09-23 18:32:53,034 DEBUG: Setting wheg velocity: wheg_ids=[6], rpm=0
2024-09-23 18:32:53,040 INFO: Goal velocity set to 0 for motor 6
2024-09-23 18:32:53,040 DEBUG: Set wheg velocity: wheg_id=6, rpm=0
2024-09-23 18:32:53,041 INFO: Set velocity to 0 for wheg_id=6
2024-09-23 18:32:53,041 INFO: Closing PS4Controller and quitting pygame
2024-09-23 18:32:53,118 INFO: Port closed
2024-09-23 18:32:53,119 INFO: Shutdown complete.
