2025-04-02 12:13:40,187 INFO: Initializing PS4Controller
2025-04-02 12:13:40,749 INFO: Configuration loaded successfully
2025-04-02 12:13:40,754 INFO: Port /dev/ttyACM0 opened successfully
2025-04-02 12:13:40,765 INFO: Baudrate set to 1000000
2025-04-02 12:13:40,766 INFO: Control table loaded successfully.
2025-04-02 12:13:40,767 INFO: Motor group 'Pivot_Group' created with motors: [7, 8]
2025-04-02 12:13:40,769 INFO: Motor group 'Wheg_Group' created with motors: [1, 2, 3, 4, 5, 6]
2025-04-02 12:13:40,770 INFO: Motor group 'All_Motors' created with motors: [1, 2, 3, 4, 5, 6, 7, 8]
2025-04-02 12:13:40,771 INFO: Motor group 'Left_Whegs' created with motors: [1, 2, 3]
2025-04-02 12:13:40,771 INFO: Motor group 'Right_Whegs' created with motors: [4, 5, 6]
2025-04-02 12:13:40,773 INFO: Motor group 'Front_Whegs' created with motors: [3, 6]
2025-04-02 12:13:40,773 INFO: Motor group 'Rear_Whegs' created with motors: [1, 4]
2025-04-02 12:13:40,774 INFO: Motor group 'Middle_Whegs' created with motors: [2, 5]
2025-04-02 12:13:40,775 INFO: Motor group 'Two_Right_One_Left' created with motors: [2, 4, 6]
2025-04-02 12:13:40,776 INFO: Motor group 'Two_Left_One_Right' created with motors: [5, 1, 3]
2025-04-02 12:13:40,776 INFO: Initialised PS4 controller, Dynamixel, and Robot State
2025-04-02 12:13:40,776 INFO: Disabling torque for group Right_Whegs
2025-04-02 12:13:40,782 INFO: Drive mode set for group Right_Whegs with reverse_direction=True
2025-04-02 12:13:40,783 INFO: Enabling torque for group Right_Whegs
2025-04-02 12:13:40,784 INFO: Setting the profile velocity for group Right_Whegs from config.yaml: None
2025-04-02 12:13:40,785 ERROR: Profile velocity for group Right_Whegs not found in config.yaml and no value was provided.
2025-04-02 12:13:40,786 INFO: Disabling torque for group Left_Whegs
2025-04-02 12:13:40,787 INFO: Drive mode set for group Left_Whegs with reverse_direction=False
2025-04-02 12:13:40,788 INFO: Enabling torque for group Left_Whegs
2025-04-02 12:13:40,788 INFO: Setting the profile velocity for group Left_Whegs from config.yaml: None
2025-04-02 12:13:40,789 ERROR: Profile velocity for group Left_Whegs not found in config.yaml and no value was provided.
2025-04-02 12:13:40,789 INFO: Set the right side whegs to reverse direction
2025-04-02 12:13:40,789 INFO: Disabling torque for group Pivot_Group
2025-04-02 12:13:40,791 INFO: Drive mode set for group Pivot_Group with reverse_direction=False
2025-04-02 12:13:40,791 INFO: Enabling torque for group Pivot_Group
2025-04-02 12:13:40,792 INFO: Setting the profile velocity for group Pivot_Group from config.yaml: 4
2025-04-02 12:13:40,792 INFO: Profile velocities set for group Pivot_Group: {7: 17.48, 8: 17.48}
2025-04-02 12:13:40,793 INFO: Position limits set for group Pivot_Group: min=45° (ticks=511), max=315° (ticks=3583)
2025-04-02 12:13:40,793 INFO: Set position limits for the pivot motors
2025-04-02 12:13:40,931 INFO: Initialising Gait 1
2025-04-02 12:13:40,931 INFO: Disabling torque for group Wheg_Group
2025-04-02 12:13:40,933 INFO: Drive mode set for group Wheg_Group with reverse_direction={1: 0, 2: 0, 3: 0, 4: 1, 5: 1, 6: 1}
2025-04-02 12:13:40,934 INFO: Enabling torque for group Wheg_Group
2025-04-02 12:13:40,935 INFO: Setting the profile velocity for group Wheg_Group from config.yaml: 10
2025-04-02 12:13:40,936 INFO: Profile velocities set for group Wheg_Group: {1: 43.7, 2: 43.7, 3: 43.7, 4: 43.7, 5: 43.7, 6: 43.7}
2025-04-02 12:13:40,937 WARNING: Set direction of whegs to forward
2025-04-02 12:13:40,938 WARNING: Direction set for all whegs
2025-04-02 12:13:40,938 INFO: Running set_position_group for group 'Wheg_Group' with positions: 180
2025-04-02 12:13:40,945 WARNING: Motor 1 is not in Position Control Mode. Setting mode now.
2025-04-02 12:13:40,947 INFO: Setting operating mode 'position' for group 'Wheg_Group'
2025-04-02 12:13:40,947 INFO: Disabling torque for group Wheg_Group
2025-04-02 12:13:40,949 INFO: Enabling torque for group Wheg_Group
2025-04-02 12:13:40,951 INFO: Setting the profile velocity for group Wheg_Group from config.yaml: 10
2025-04-02 12:13:40,952 INFO: Profile velocities set for group Wheg_Group: {1: 43.7, 2: 43.7, 3: 43.7, 4: 43.7, 5: 43.7, 6: 43.7}
2025-04-02 12:13:40,953 INFO: Setting the profile velocity for group Wheg_Group from config.yaml: 10
2025-04-02 12:13:40,954 INFO: Profile velocities set for group Wheg_Group: {1: 43.7, 2: 43.7, 3: 43.7, 4: 43.7, 5: 43.7, 6: 43.7}
2025-04-02 12:13:40,956 INFO: Running set_position_group for group 'Pivot_Group' with positions: 180
2025-04-02 12:13:40,959 WARNING: Motor 7 is not in Position Control Mode. Setting mode now.
2025-04-02 12:13:40,961 INFO: Setting operating mode 'position' for group 'Pivot_Group'
2025-04-02 12:13:40,961 INFO: Disabling torque for group Pivot_Group
2025-04-02 12:13:40,963 INFO: Enabling torque for group Pivot_Group
2025-04-02 12:13:40,966 INFO: Setting the profile velocity for group Pivot_Group from config.yaml: 4
2025-04-02 12:13:40,967 INFO: Profile velocities set for group Pivot_Group: {7: 17.48, 8: 17.48}
2025-04-02 12:13:40,968 INFO: Setting the profile velocity for group Pivot_Group from config.yaml: 4
2025-04-02 12:13:40,969 INFO: Profile velocities set for group Pivot_Group: {7: 17.48, 8: 17.48}
2025-04-02 12:13:40,970 INFO: Initialised Gait 1, waiting for 1 seconds
2025-04-02 12:13:40,971 ERROR: Error controlling pivots: 'dpad_down'
2025-04-02 12:13:41,974 INFO: Setting operating mode 'multi_turn' for group 'Wheg_Group'
2025-04-02 12:13:41,976 INFO: Disabling torque for group Wheg_Group
2025-04-02 12:13:41,979 INFO: Enabling torque for group Wheg_Group
2025-04-02 12:13:41,982 INFO: Setting the profile velocity for group Wheg_Group from config.yaml: 10
2025-04-02 12:13:41,985 INFO: Profile velocities set for group Wheg_Group: {1: 43.7, 2: 43.7, 3: 43.7, 4: 43.7, 5: 43.7, 6: 43.7}
2025-04-02 12:13:41,995 INFO: Setting the profile velocity for group Wheg_Group from config.yaml: 10
2025-04-02 12:13:41,999 INFO: Profile velocities set for group Wheg_Group: {1: 43.7, 2: 43.7, 3: 43.7, 4: 43.7, 5: 43.7, 6: 43.7}
2025-04-02 12:13:42,000 INFO: New gait 1 is now active.
2025-04-02 12:13:44,950 INFO: Profile velocities set for group Wheg_Group: {1: 87.4, 2: 87.4, 3: 87.4, 4: 87.4, 5: 87.4, 6: 87.4}
2025-04-02 12:13:44,951 INFO: Incrementing motor positions by 360 degrees for group 'Wheg_Group'
2025-04-02 12:13:44,964 INFO: Gait 1 step executed at 20.00RPM, wait for 3.00 seconds
2025-04-02 12:13:48,696 INFO: Triangle pressed. Preparing to change to next gait: 2
2025-04-02 12:13:48,709 INFO: Initialising Gait 2
2025-04-02 12:13:48,711 INFO: Running set_position_group for group 'Wheg_Group' with positions: {1: 160, 2: 200, 3: 160, 4: 200, 5: 160, 6: 200}
2025-04-02 12:13:48,718 WARNING: Motor 1 is not in Position Control Mode. Setting mode now.
2025-04-02 12:13:48,720 INFO: Setting operating mode 'position' for group 'Wheg_Group'
2025-04-02 12:13:48,722 INFO: Disabling torque for group Wheg_Group
2025-04-02 12:13:48,725 INFO: Enabling torque for group Wheg_Group
2025-04-02 12:13:48,726 INFO: Setting the profile velocity for group Wheg_Group from config.yaml: 10
2025-04-02 12:13:48,728 INFO: Profile velocities set for group Wheg_Group: {1: 43.7, 2: 43.7, 3: 43.7, 4: 43.7, 5: 43.7, 6: 43.7}
2025-04-02 12:13:48,729 INFO: Setting the profile velocity for group Wheg_Group from config.yaml: 10
2025-04-02 12:13:48,730 INFO: Profile velocities set for group Wheg_Group: {1: 43.7, 2: 43.7, 3: 43.7, 4: 43.7, 5: 43.7, 6: 43.7}
2025-04-02 12:13:48,733 INFO: Running set_position_group for group 'Pivot_Group' with positions: 180
2025-04-02 12:13:48,740 INFO: Initialised Gait 2, waiting for 1 seconds
2025-04-02 12:13:48,809 INFO: Triangle pressed. Preparing to change to next gait: 2
2025-04-02 12:13:49,742 INFO: Setting operating mode 'multi_turn' for group 'Wheg_Group'
2025-04-02 12:13:49,743 INFO: Disabling torque for group Wheg_Group
2025-04-02 12:13:49,747 INFO: Enabling torque for group Wheg_Group
2025-04-02 12:13:49,749 INFO: Setting the profile velocity for group Wheg_Group from config.yaml: 10
2025-04-02 12:13:49,754 INFO: Profile velocities set for group Wheg_Group: {1: 43.7, 2: 43.7, 3: 43.7, 4: 43.7, 5: 43.7, 6: 43.7}
2025-04-02 12:13:49,756 INFO: Setting the profile velocity for group Wheg_Group from config.yaml: 10
2025-04-02 12:13:49,758 INFO: Profile velocities set for group Wheg_Group: {1: 43.7, 2: 43.7, 3: 43.7, 4: 43.7, 5: 43.7, 6: 43.7}
2025-04-02 12:13:49,760 INFO: New gait 2 is now active.
2025-04-02 12:13:50,460 INFO: Triangle pressed. Preparing to change to next gait: 3
2025-04-02 12:13:50,472 INFO: Initialsing Gait 3
2025-04-02 12:13:50,474 INFO: Running set_position_group for group 'Wheg_Group' with positions: {1: 200, 2: 160, 3: 160, 4: 200, 5: 160, 6: 160}
2025-04-02 12:13:50,481 WARNING: Motor 1 is not in Position Control Mode. Setting mode now.
2025-04-02 12:13:50,482 INFO: Setting operating mode 'position' for group 'Wheg_Group'
2025-04-02 12:13:50,484 INFO: Disabling torque for group Wheg_Group
2025-04-02 12:13:50,486 INFO: Enabling torque for group Wheg_Group
2025-04-02 12:13:50,487 INFO: Setting the profile velocity for group Wheg_Group from config.yaml: 10
2025-04-02 12:13:50,488 INFO: Profile velocities set for group Wheg_Group: {1: 43.7, 2: 43.7, 3: 43.7, 4: 43.7, 5: 43.7, 6: 43.7}
2025-04-02 12:13:50,489 INFO: Setting the profile velocity for group Wheg_Group from config.yaml: 10
2025-04-02 12:13:50,490 INFO: Profile velocities set for group Wheg_Group: {1: 43.7, 2: 43.7, 3: 43.7, 4: 43.7, 5: 43.7, 6: 43.7}
2025-04-02 12:13:50,492 INFO: Running set_position_group for group 'Pivot_Group' with positions: 180
2025-04-02 12:13:50,496 INFO: Initialised Gait 3, waiting for 3 seconds
2025-04-02 12:13:52,255 INFO: Triangle pressed. Preparing to change to next gait: 3
2025-04-02 12:13:53,148 INFO: Triangle pressed. Preparing to change to next gait: 3
2025-04-02 12:13:53,548 INFO: Setting operating mode 'multi_turn' for group 'Wheg_Group'
2025-04-02 12:13:53,549 INFO: Disabling torque for group Wheg_Group
2025-04-02 12:13:53,553 INFO: Enabling torque for group Wheg_Group
2025-04-02 12:13:53,556 INFO: Setting the profile velocity for group Wheg_Group from config.yaml: 10
2025-04-02 12:13:53,559 INFO: Profile velocities set for group Wheg_Group: {1: 43.7, 2: 43.7, 3: 43.7, 4: 43.7, 5: 43.7, 6: 43.7}
2025-04-02 12:13:53,561 INFO: Setting the profile velocity for group Wheg_Group from config.yaml: 10
2025-04-02 12:13:53,563 INFO: Profile velocities set for group Wheg_Group: {1: 43.7, 2: 43.7, 3: 43.7, 4: 43.7, 5: 43.7, 6: 43.7}
2025-04-02 12:13:53,564 INFO: New gait 3 is now active.
2025-04-02 12:13:55,213 INFO: Triangle pressed. Preparing to change to next gait: 4
2025-04-02 12:13:55,225 INFO: Initialising Gait 4
2025-04-02 12:13:55,231 INFO: Direction data: {1: {'drive_mode': 0}, 2: {'drive_mode': 0}, 3: {'drive_mode': 0}}
2025-04-02 12:13:55,232 INFO: Disabling torque for group Left_Whegs
2025-04-02 12:13:55,235 INFO: Drive mode set for group Left_Whegs with reverse_direction={1: 1, 2: 1, 3: 1}
2025-04-02 12:13:55,235 INFO: Enabling torque for group Left_Whegs
2025-04-02 12:13:55,237 INFO: Setting the profile velocity for group Left_Whegs from config.yaml: None
2025-04-02 12:13:55,237 ERROR: Profile velocity for group Left_Whegs not found in config.yaml and no value was provided.
2025-04-02 12:13:55,238 WARNING: Reversed the direction of the left whegs
2025-04-02 12:13:55,239 INFO: Running set_position_group for group 'Wheg_Group' with positions: {1: 160, 2: 200, 3: 160, 4: 200, 5: 160, 6: 200}
2025-04-02 12:13:55,247 WARNING: Motor 1 is not in Position Control Mode. Setting mode now.
2025-04-02 12:13:55,247 INFO: Setting operating mode 'position' for group 'Wheg_Group'
2025-04-02 12:13:55,248 INFO: Disabling torque for group Wheg_Group
2025-04-02 12:13:55,249 INFO: Enabling torque for group Wheg_Group
2025-04-02 12:13:55,251 INFO: Setting the profile velocity for group Wheg_Group from config.yaml: 10
2025-04-02 12:13:55,253 INFO: Profile velocities set for group Wheg_Group: {1: 43.7, 2: 43.7, 3: 43.7, 4: 43.7, 5: 43.7, 6: 43.7}
2025-04-02 12:13:55,254 INFO: Setting the profile velocity for group Wheg_Group from config.yaml: 10
2025-04-02 12:13:55,255 INFO: Profile velocities set for group Wheg_Group: {1: 43.7, 2: 43.7, 3: 43.7, 4: 43.7, 5: 43.7, 6: 43.7}
2025-04-02 12:13:55,257 INFO: Running set_position_group for group 'Pivot_Group' with positions: 180
2025-04-02 12:13:55,261 INFO: Initialised Gait 4, waiting for 1 seconds
2025-04-02 12:13:56,306 INFO: Setting operating mode 'multi_turn' for group 'Wheg_Group'
2025-04-02 12:13:56,307 INFO: Disabling torque for group Wheg_Group
2025-04-02 12:13:56,313 INFO: Enabling torque for group Wheg_Group
2025-04-02 12:13:56,316 INFO: Setting the profile velocity for group Wheg_Group from config.yaml: 10
2025-04-02 12:13:56,321 INFO: Profile velocities set for group Wheg_Group: {1: 43.7, 2: 43.7, 3: 43.7, 4: 43.7, 5: 43.7, 6: 43.7}
2025-04-02 12:13:56,324 INFO: Setting the profile velocity for group Wheg_Group from config.yaml: 10
2025-04-02 12:13:56,325 INFO: Profile velocities set for group Wheg_Group: {1: 43.7, 2: 43.7, 3: 43.7, 4: 43.7, 5: 43.7, 6: 43.7}
2025-04-02 12:13:56,326 INFO: New gait 4 is now active.
2025-04-02 12:13:57,840 INFO: Triangle pressed. Preparing to change to next gait: 1
2025-04-02 12:13:57,852 INFO: Initialising Gait 1
2025-04-02 12:13:57,853 INFO: Disabling torque for group Wheg_Group
2025-04-02 12:13:57,855 INFO: Drive mode set for group Wheg_Group with reverse_direction={1: 0, 2: 0, 3: 0, 4: 1, 5: 1, 6: 1}
2025-04-02 12:13:57,856 INFO: Enabling torque for group Wheg_Group
2025-04-02 12:13:57,861 INFO: Setting the profile velocity for group Wheg_Group from config.yaml: 10
2025-04-02 12:13:57,864 INFO: Profile velocities set for group Wheg_Group: {1: 43.7, 2: 43.7, 3: 43.7, 4: 43.7, 5: 43.7, 6: 43.7}
2025-04-02 12:13:57,866 WARNING: Set direction of whegs to forward
2025-04-02 12:13:57,868 WARNING: Direction set for all whegs
2025-04-02 12:13:57,870 INFO: Running set_position_group for group 'Wheg_Group' with positions: 180
2025-04-02 12:13:57,877 WARNING: Motor 1 is not in Position Control Mode. Setting mode now.
2025-04-02 12:13:57,878 INFO: Setting operating mode 'position' for group 'Wheg_Group'
2025-04-02 12:13:57,878 INFO: Disabling torque for group Wheg_Group
2025-04-02 12:13:57,880 INFO: Enabling torque for group Wheg_Group
2025-04-02 12:13:57,881 INFO: Setting the profile velocity for group Wheg_Group from config.yaml: 10
2025-04-02 12:13:57,883 INFO: Profile velocities set for group Wheg_Group: {1: 43.7, 2: 43.7, 3: 43.7, 4: 43.7, 5: 43.7, 6: 43.7}
2025-04-02 12:13:57,884 INFO: Setting the profile velocity for group Wheg_Group from config.yaml: 10
2025-04-02 12:13:57,885 INFO: Profile velocities set for group Wheg_Group: {1: 43.7, 2: 43.7, 3: 43.7, 4: 43.7, 5: 43.7, 6: 43.7}
2025-04-02 12:13:57,886 INFO: Running set_position_group for group 'Pivot_Group' with positions: 180
2025-04-02 12:13:57,889 INFO: Initialised Gait 1, waiting for 1 seconds
2025-04-02 12:13:57,931 ERROR: Bulk read failed with error: [TxRxResult] There is no status packet!
2025-04-02 12:13:57,954 ERROR: Error retrieving motor data: 'NoneType' object has no attribute 'keys'
2025-04-02 12:13:58,926 INFO: Setting operating mode 'multi_turn' for group 'Wheg_Group'
2025-04-02 12:13:58,928 INFO: Disabling torque for group Wheg_Group
2025-04-02 12:13:58,930 INFO: Enabling torque for group Wheg_Group
2025-04-02 12:13:58,933 INFO: Setting the profile velocity for group Wheg_Group from config.yaml: 10
2025-04-02 12:13:58,936 INFO: Profile velocities set for group Wheg_Group: {1: 43.7, 2: 43.7, 3: 43.7, 4: 43.7, 5: 43.7, 6: 43.7}
2025-04-02 12:13:58,939 INFO: Setting the profile velocity for group Wheg_Group from config.yaml: 10
2025-04-02 12:13:58,942 INFO: Profile velocities set for group Wheg_Group: {1: 43.7, 2: 43.7, 3: 43.7, 4: 43.7, 5: 43.7, 6: 43.7}
2025-04-02 12:13:58,943 INFO: New gait 1 is now active.
2025-04-02 12:13:59,960 INFO: Profile velocities set for group Wheg_Group: {1: 87.4, 2: 87.4, 3: 87.4, 4: 87.4, 5: 87.4, 6: 87.4}
2025-04-02 12:13:59,961 INFO: Incrementing motor positions by 360 degrees for group 'Wheg_Group'
2025-04-02 12:13:59,973 INFO: Gait 1 step executed at 20.00RPM, wait for 3.00 seconds
2025-04-02 12:16:26,662 INFO: Triangle pressed. Preparing to change to next gait: 2
2025-04-02 12:16:26,676 INFO: Initialising Gait 2
2025-04-02 12:16:26,677 INFO: Running set_position_group for group 'Wheg_Group' with positions: {1: 160, 2: 200, 3: 160, 4: 200, 5: 160, 6: 200}
2025-04-02 12:16:26,684 WARNING: Motor 1 is not in Position Control Mode. Setting mode now.
2025-04-02 12:16:26,685 INFO: Setting operating mode 'position' for group 'Wheg_Group'
2025-04-02 12:16:26,693 INFO: Disabling torque for group Wheg_Group
2025-04-02 12:16:26,705 INFO: Enabling torque for group Wheg_Group
2025-04-02 12:16:26,707 INFO: Setting the profile velocity for group Wheg_Group from config.yaml: 10
2025-04-02 12:16:26,708 INFO: Profile velocities set for group Wheg_Group: {1: 43.7, 2: 43.7, 3: 43.7, 4: 43.7, 5: 43.7, 6: 43.7}
2025-04-02 12:16:26,709 INFO: Setting the profile velocity for group Wheg_Group from config.yaml: 10
2025-04-02 12:16:26,710 INFO: Profile velocities set for group Wheg_Group: {1: 43.7, 2: 43.7, 3: 43.7, 4: 43.7, 5: 43.7, 6: 43.7}
2025-04-02 12:16:26,711 INFO: Running set_position_group for group 'Pivot_Group' with positions: 180
2025-04-02 12:16:26,715 INFO: Initialised Gait 2, waiting for 1 seconds
2025-04-02 12:16:27,718 INFO: Setting operating mode 'multi_turn' for group 'Wheg_Group'
2025-04-02 12:16:27,719 INFO: Disabling torque for group Wheg_Group
2025-04-02 12:16:27,723 INFO: Enabling torque for group Wheg_Group
2025-04-02 12:16:27,726 INFO: Setting the profile velocity for group Wheg_Group from config.yaml: 10
2025-04-02 12:16:27,729 INFO: Profile velocities set for group Wheg_Group: {1: 43.7, 2: 43.7, 3: 43.7, 4: 43.7, 5: 43.7, 6: 43.7}
2025-04-02 12:16:27,731 INFO: Setting the profile velocity for group Wheg_Group from config.yaml: 10
2025-04-02 12:16:27,735 INFO: Profile velocities set for group Wheg_Group: {1: 43.7, 2: 43.7, 3: 43.7, 4: 43.7, 5: 43.7, 6: 43.7}
2025-04-02 12:16:27,736 INFO: New gait 2 is now active.
2025-04-02 12:16:28,738 INFO: Triangle pressed. Preparing to change to next gait: 3
2025-04-02 12:16:28,751 INFO: Initialsing Gait 3
2025-04-02 12:16:28,752 INFO: Running set_position_group for group 'Wheg_Group' with positions: {1: 200, 2: 160, 3: 160, 4: 200, 5: 160, 6: 160}
2025-04-02 12:16:28,758 WARNING: Motor 1 is not in Position Control Mode. Setting mode now.
2025-04-02 12:16:28,758 INFO: Setting operating mode 'position' for group 'Wheg_Group'
2025-04-02 12:16:28,759 INFO: Disabling torque for group Wheg_Group
2025-04-02 12:16:28,760 INFO: Enabling torque for group Wheg_Group
2025-04-02 12:16:28,761 INFO: Setting the profile velocity for group Wheg_Group from config.yaml: 10
2025-04-02 12:16:28,762 INFO: Profile velocities set for group Wheg_Group: {1: 43.7, 2: 43.7, 3: 43.7, 4: 43.7, 5: 43.7, 6: 43.7}
2025-04-02 12:16:28,763 INFO: Setting the profile velocity for group Wheg_Group from config.yaml: 10
2025-04-02 12:16:28,764 INFO: Profile velocities set for group Wheg_Group: {1: 43.7, 2: 43.7, 3: 43.7, 4: 43.7, 5: 43.7, 6: 43.7}
2025-04-02 12:16:28,765 INFO: Running set_position_group for group 'Pivot_Group' with positions: 180
2025-04-02 12:16:28,772 INFO: Initialised Gait 3, waiting for 3 seconds
2025-04-02 12:16:31,814 INFO: Setting operating mode 'multi_turn' for group 'Wheg_Group'
2025-04-02 12:16:31,817 INFO: Disabling torque for group Wheg_Group
2025-04-02 12:16:31,822 INFO: Enabling torque for group Wheg_Group
2025-04-02 12:16:31,825 INFO: Setting the profile velocity for group Wheg_Group from config.yaml: 10
2025-04-02 12:16:31,828 INFO: Profile velocities set for group Wheg_Group: {1: 43.7, 2: 43.7, 3: 43.7, 4: 43.7, 5: 43.7, 6: 43.7}
2025-04-02 12:16:31,830 INFO: Setting the profile velocity for group Wheg_Group from config.yaml: 10
2025-04-02 12:16:31,834 INFO: Profile velocities set for group Wheg_Group: {1: 43.7, 2: 43.7, 3: 43.7, 4: 43.7, 5: 43.7, 6: 43.7}
2025-04-02 12:16:31,836 INFO: New gait 3 is now active.
2025-04-02 12:16:32,124 INFO: Profile velocities set for group Wheg_Group: {1: 87.4, 2: 87.4, 3: 87.4, 4: 87.4, 5: 87.4, 6: 87.4}
2025-04-02 12:16:32,124 INFO: Incrementing motor positions by {1: 320, 2: 40, 3: 0, 4: 320, 5: 40, 6: 0} degrees for group 'Wheg_Group'
2025-04-02 12:16:32,136 INFO: Gait 3 step executed at 20.00 RPM, wait for 2.69 seconds
2025-04-02 12:16:43,600 INFO: Triangle pressed. Preparing to change to next gait: 4
2025-04-02 12:16:43,614 INFO: Initialising Gait 4
2025-04-02 12:16:43,618 INFO: Direction data: {1: {'drive_mode': 0}, 2: {'drive_mode': 0}, 3: {'drive_mode': 0}}
2025-04-02 12:16:43,619 INFO: Disabling torque for group Left_Whegs
2025-04-02 12:16:43,620 INFO: Drive mode set for group Left_Whegs with reverse_direction={1: 1, 2: 1, 3: 1}
2025-04-02 12:16:43,621 INFO: Enabling torque for group Left_Whegs
2025-04-02 12:16:43,622 INFO: Setting the profile velocity for group Left_Whegs from config.yaml: None
2025-04-02 12:16:43,622 ERROR: Profile velocity for group Left_Whegs not found in config.yaml and no value was provided.
2025-04-02 12:16:43,623 WARNING: Reversed the direction of the left whegs
2025-04-02 12:16:43,623 INFO: Running set_position_group for group 'Wheg_Group' with positions: {1: 160, 2: 200, 3: 160, 4: 200, 5: 160, 6: 200}
2025-04-02 12:16:43,629 WARNING: Motor 1 is not in Position Control Mode. Setting mode now.
2025-04-02 12:16:43,631 INFO: Setting operating mode 'position' for group 'Wheg_Group'
2025-04-02 12:16:43,632 INFO: Disabling torque for group Wheg_Group
2025-04-02 12:16:43,636 INFO: Enabling torque for group Wheg_Group
2025-04-02 12:16:43,637 INFO: Setting the profile velocity for group Wheg_Group from config.yaml: 10
2025-04-02 12:16:43,638 INFO: Profile velocities set for group Wheg_Group: {1: 43.7, 2: 43.7, 3: 43.7, 4: 43.7, 5: 43.7, 6: 43.7}
2025-04-02 12:16:43,639 INFO: Setting the profile velocity for group Wheg_Group from config.yaml: 10
2025-04-02 12:16:43,641 INFO: Profile velocities set for group Wheg_Group: {1: 43.7, 2: 43.7, 3: 43.7, 4: 43.7, 5: 43.7, 6: 43.7}
2025-04-02 12:16:43,642 INFO: Running set_position_group for group 'Pivot_Group' with positions: 180
2025-04-02 12:16:43,646 INFO: Initialised Gait 4, waiting for 1 seconds
2025-04-02 12:16:43,729 INFO: Triangle pressed. Preparing to change to next gait: 4
2025-04-02 12:16:44,662 INFO: Setting operating mode 'multi_turn' for group 'Wheg_Group'
2025-04-02 12:16:44,664 INFO: Disabling torque for group Wheg_Group
2025-04-02 12:16:44,670 INFO: Enabling torque for group Wheg_Group
2025-04-02 12:16:44,672 INFO: Setting the profile velocity for group Wheg_Group from config.yaml: 10
2025-04-02 12:16:44,675 INFO: Profile velocities set for group Wheg_Group: {1: 43.7, 2: 43.7, 3: 43.7, 4: 43.7, 5: 43.7, 6: 43.7}
2025-04-02 12:16:44,680 INFO: Setting the profile velocity for group Wheg_Group from config.yaml: 10
2025-04-02 12:16:44,686 INFO: Profile velocities set for group Wheg_Group: {1: 43.7, 2: 43.7, 3: 43.7, 4: 43.7, 5: 43.7, 6: 43.7}
2025-04-02 12:16:44,688 INFO: New gait 4 is now active.
2025-04-02 12:16:45,855 WARNING: Profile velocity 160.0 for motor 2 exceeds hard limit 100. Limiting to 100.
2025-04-02 12:16:45,856 WARNING: Profile velocity 160.0 for motor 4 exceeds hard limit 100. Limiting to 100.
2025-04-02 12:16:45,856 WARNING: Profile velocity 160.0 for motor 6 exceeds hard limit 100. Limiting to 100.
2025-04-02 12:16:45,858 INFO: Profile velocities set for group Wheg_Group: {1: 87.4, 2: 437.0, 3: 87.4, 4: 437.0, 5: 87.4, 6: 437.0}
2025-04-02 12:16:45,858 INFO: Incrementing motor positions by {1: 40, 2: 320, 3: 40, 4: 320, 5: 40, 6: 320} degrees for group 'Wheg_Group'
2025-04-02 12:16:45,869 INFO: Gait 4 step executed at 20.00RPM, wait for 0.36 seconds
2025-04-02 12:16:47,434 INFO: Square pressed. Preparing to change to previous gait: 3
2025-04-02 12:16:47,451 INFO: Initialsing Gait 3
2025-04-02 12:16:47,461 INFO: Running set_position_group for group 'Wheg_Group' with positions: {1: 200, 2: 160, 3: 160, 4: 200, 5: 160, 6: 160}
2025-04-02 12:16:47,472 WARNING: Motor 1 is not in Position Control Mode. Setting mode now.
2025-04-02 12:16:47,473 INFO: Setting operating mode 'position' for group 'Wheg_Group'
2025-04-02 12:16:47,475 INFO: Disabling torque for group Wheg_Group
2025-04-02 12:16:47,478 INFO: Enabling torque for group Wheg_Group
2025-04-02 12:16:47,479 INFO: Setting the profile velocity for group Wheg_Group from config.yaml: 10
2025-04-02 12:16:47,480 INFO: Profile velocities set for group Wheg_Group: {1: 43.7, 2: 43.7, 3: 43.7, 4: 43.7, 5: 43.7, 6: 43.7}
2025-04-02 12:16:47,481 INFO: Setting the profile velocity for group Wheg_Group from config.yaml: 10
2025-04-02 12:16:47,482 INFO: Profile velocities set for group Wheg_Group: {1: 43.7, 2: 43.7, 3: 43.7, 4: 43.7, 5: 43.7, 6: 43.7}
2025-04-02 12:16:47,484 INFO: Running set_position_group for group 'Pivot_Group' with positions: 180
2025-04-02 12:16:47,490 INFO: Initialised Gait 3, waiting for 3 seconds
2025-04-02 12:16:50,492 INFO: Setting operating mode 'multi_turn' for group 'Wheg_Group'
2025-04-02 12:16:50,492 INFO: Disabling torque for group Wheg_Group
2025-04-02 12:16:50,494 INFO: Enabling torque for group Wheg_Group
2025-04-02 12:16:50,495 INFO: Setting the profile velocity for group Wheg_Group from config.yaml: 10
2025-04-02 12:16:50,496 INFO: Profile velocities set for group Wheg_Group: {1: 43.7, 2: 43.7, 3: 43.7, 4: 43.7, 5: 43.7, 6: 43.7}
2025-04-02 12:16:50,497 INFO: Setting the profile velocity for group Wheg_Group from config.yaml: 10
2025-04-02 12:16:50,498 INFO: Profile velocities set for group Wheg_Group: {1: 43.7, 2: 43.7, 3: 43.7, 4: 43.7, 5: 43.7, 6: 43.7}
2025-04-02 12:16:50,502 INFO: New gait 3 is now active.
2025-04-02 12:16:50,530 INFO: Profile velocities set for group Wheg_Group: {1: 87.4, 2: 87.4, 3: 87.4, 4: 87.4, 5: 87.4, 6: 87.4}
2025-04-02 12:16:50,531 INFO: Incrementing motor positions by {1: 320, 2: 40, 3: 0, 4: 320, 5: 40, 6: 0} degrees for group 'Wheg_Group'
2025-04-02 12:16:50,543 INFO: Gait 3 step executed at 20.00 RPM, wait for 2.69 seconds
2025-04-02 12:17:39,970 INFO: Initiating safe shutdown...
2025-04-02 12:17:39,974 INFO: Setting operating mode 'velocity' for group 'All_Motors'
2025-04-02 12:17:39,980 INFO: Disabling torque for group All_Motors
2025-04-02 12:17:39,988 INFO: Enabling torque for group All_Motors
2025-04-02 12:17:40,003 INFO: Setting the profile velocity for group All_Motors from config.yaml: 8
2025-04-02 12:17:40,007 INFO: Profile velocities set for group All_Motors: {1: 34.96, 2: 34.96, 3: 34.96, 4: 34.96, 5: 34.96, 6: 34.96, 7: 34.96, 8: 34.96}
2025-04-02 12:17:40,008 WARNING: Velocity limit 200 exceeds hard limit 100. Limiting to 100.
2025-04-02 12:17:40,019 INFO: Velocity limit set to 100 for group All_Motors
2025-04-02 12:17:40,019 INFO: Enabling torque for group All_Motors
2025-04-02 12:17:40,026 INFO: Setting the profile velocity for group All_Motors from config.yaml: 8
2025-04-02 12:17:40,031 INFO: Profile velocities set for group All_Motors: {1: 34.96, 2: 34.96, 3: 34.96, 4: 34.96, 5: 34.96, 6: 34.96, 7: 34.96, 8: 34.96}
2025-04-02 12:17:40,035 INFO: Target velocities set for group All_Motors: {1: 0, 2: 0, 3: 0, 4: 0, 5: 0, 6: 0, 7: 0, 8: 0}
2025-04-02 12:17:40,040 INFO: Running set_position_group for group 'All_Motors' with positions: 180
2025-04-02 12:17:40,048 WARNING: Motor 1 is not in Position Control Mode. Setting mode now.
2025-04-02 12:17:40,050 INFO: Setting operating mode 'position' for group 'All_Motors'
2025-04-02 12:17:40,055 INFO: Disabling torque for group All_Motors
2025-04-02 12:17:40,058 INFO: Enabling torque for group All_Motors
2025-04-02 12:17:40,062 INFO: Setting the profile velocity for group All_Motors from config.yaml: 8
2025-04-02 12:17:40,063 INFO: Profile velocities set for group All_Motors: {1: 34.96, 2: 34.96, 3: 34.96, 4: 34.96, 5: 34.96, 6: 34.96, 7: 34.96, 8: 34.96}
2025-04-02 12:17:40,064 INFO: Setting the profile velocity for group All_Motors from config.yaml: 8
2025-04-02 12:17:40,067 INFO: Profile velocities set for group All_Motors: {1: 34.96, 2: 34.96, 3: 34.96, 4: 34.96, 5: 34.96, 6: 34.96, 7: 34.96, 8: 34.96}
2025-04-02 12:17:40,068 INFO: Closing PS4Controller and quitting pygame
2025-04-02 12:17:40,180 INFO: Port closed successfully.
2025-04-02 12:17:40,181 INFO: Shutdown complete.
2025-04-02 12:17:40,181 ERROR: Error checking hardware errors: Attempting to use a port that is not open
