2024-09-24 19:41:44,351 INFO: Initializing PS4Controller
2024-09-24 19:41:44,593 DEBUG: Pygame initialized
2024-09-24 19:41:44,593 DEBUG: Joystick initialized
2024-09-24 19:41:44,593 DEBUG: Number of buttons on the controller: 13
2024-09-24 19:41:44,622 INFO: Port /dev/ttyACM0 opened successfully
2024-09-24 19:41:44,633 INFO: Baudrate set to 57600
2024-09-24 19:41:44,633 INFO: Motor group 'Pivot_Group' created with motors: [7, 8]
2024-09-24 19:41:44,634 INFO: Motor group 'Wheg_Group' created with motors: [1, 2, 3, 4, 5, 6]
2024-09-24 19:41:44,634 INFO: Motor group 'All_Motors' created with motors: [1, 2, 3, 4, 5, 6, 7, 8]
2024-09-24 19:41:44,634 INFO: Motor group 'Left_Whegs' created with motors: [1, 2, 3]
2024-09-24 19:41:44,634 INFO: Motor group 'Right_Whegs' created with motors: [4, 5, 6]
2024-09-24 19:41:44,634 INFO: Motor group 'Front_Whegs' created with motors: [3, 6]
2024-09-24 19:41:44,634 INFO: Motor group 'Rear_Whegs' created with motors: [1, 4]
2024-09-24 19:41:44,635 INFO: Motor group 'Middle_Whegs' created with motors: [2, 5]
2024-09-24 19:41:44,635 INFO: Motor group 'Two_Right_One_Left' created with motors: [2, 4, 6]
2024-09-24 19:41:44,635 INFO: Motor group 'Two_Left_One_Right' created with motors: [5, 1, 3]
2024-09-24 19:41:44,635 INFO: Initialized PS4 controller and Dynamixel
2024-09-24 19:41:44,665 INFO: Torque disabled for all motors in group 'Wheg_Group'
2024-09-24 19:41:44,665 INFO: Operating mode set to 'position' for group Wheg_Group
2024-09-24 19:41:44,699 INFO: Torque enabled for all motors in group 'Wheg_Group'
2024-09-24 19:41:44,700 DEBUG: Setting profile velocity for motors in group Wheg_Group
2024-09-24 19:41:44,700 INFO: Profile velocity of 10 RPM set for all motors in group 'Wheg_Group'
2024-09-24 19:41:44,700 INFO: Torque on for motor group = Wheg_Group
2024-09-24 19:41:44,722 INFO: Torque disabled for all motors in group 'Pivot_Group'
2024-09-24 19:41:44,722 INFO: Operating mode set to 'position' for group Pivot_Group
2024-09-24 19:41:44,736 INFO: Torque enabled for all motors in group 'Pivot_Group'
2024-09-24 19:41:44,736 DEBUG: Setting profile velocity for motors in group Pivot_Group
2024-09-24 19:41:44,737 INFO: Profile velocity of 10 RPM set for all motors in group 'Pivot_Group'
2024-09-24 19:41:44,752 INFO: Torque enabled for all motors in group 'Pivot_Group'
2024-09-24 19:41:44,753 DEBUG: Button states: {'square': False, 'x': False, 'circle': False, 'triangle': False, 'l1': False, 'r1': False, 'l2': False, 'r2': False, 'share': False, 'options': False, 'l3': False, 'r3': False, 'ps': False}
2024-09-24 19:41:44,753 DEBUG: Getting motor positions
2024-09-24 19:41:44,759 DEBUG: Current position for motor 1 is 45 degrees
2024-09-24 19:41:44,765 DEBUG: Current position for motor 2 is 46 degrees
2024-09-24 19:41:44,771 DEBUG: Current position for motor 3 is 43 degrees
2024-09-24 19:41:44,777 DEBUG: Current position for motor 4 is 308 degrees
2024-09-24 19:41:44,783 DEBUG: Current position for motor 5 is 310 degrees
2024-09-24 19:41:44,789 DEBUG: Current position for motor 6 is 314 degrees
2024-09-24 19:41:44,795 DEBUG: Current position for motor 7 is 180 degrees
2024-09-24 19:41:44,802 DEBUG: Current position for motor 8 is 180 degrees
2024-09-24 19:41:44,802 DEBUG: Motor positions: {'LR_WHEG': 45, 'LM_WHEG': 46, 'LF_WHEG': 43, 'RR_WHEG': 308, 'RM_WHEG': 310, 'RF_WHEG': 314, 'FRONT_PIVOT': 180, 'REAR_PIVOT': 180}
2024-09-24 19:41:44,802 DEBUG: Trigger inputs: L2=-1.0, R2=-1.0
2024-09-24 19:41:44,802 DEBUG: D-Pad input: {'dpad_up': False, 'dpad_down': False, 'dpad_left': False, 'dpad_right': False}
2024-09-24 19:41:44,802 DEBUG: Adjusting wheg speed: trigger_value=-1.0, current_rpm=0
2024-09-24 19:41:44,802 DEBUG: Adjusted wheg speed: target_rpm=0.0, current_rpm=0.0
2024-09-24 19:41:44,802 INFO: Switching to new gait: 0
2024-09-24 19:41:44,802 INFO: Initializing Gait 1
2024-09-24 19:41:44,834 INFO: Sync write goal positions set for group Wheg_Group
2024-09-24 19:41:44,834 DEBUG: Setting pivot position: pivot_id=7, position=180
2024-09-24 19:41:44,835 INFO: Profile velocity of 5 RPM set for all motors in group 'Pivot_Group'
2024-09-24 19:41:44,853 DEBUG: Current position for motor 7 is 180 degrees
2024-09-24 19:41:44,853 DEBUG: Set pivot position: pivot_id=7, position=180
2024-09-24 19:41:44,853 DEBUG: Setting pivot position: pivot_id=8, position=180
2024-09-24 19:41:44,854 INFO: Profile velocity of 5 RPM set for all motors in group 'Pivot_Group'
2024-09-24 19:41:44,864 DEBUG: Current position for motor 8 is 180 degrees
2024-09-24 19:41:44,865 DEBUG: Set pivot position: pivot_id=8, position=180
2024-09-24 19:41:44,865 DEBUG: Executing Gait 1
2024-09-24 19:41:44,871 DEBUG: Current position for motor 7 is 180 degrees
2024-09-24 19:41:44,878 DEBUG: Current position for motor 8 is 180 degrees
2024-09-24 19:41:44,878 INFO: Front pivot angle set to 180
2024-09-24 19:41:44,878 INFO: Rear pivot angle set to 180
2024-09-24 19:41:44,878 INFO: Motor Positions: {'LR_WHEG': 45, 'LM_WHEG': 46, 'LF_WHEG': 43, 'RR_WHEG': 308, 'RM_WHEG': 310, 'RF_WHEG': 314, 'FRONT_PIVOT': 180, 'REAR_PIVOT': 180}
2024-09-24 19:41:44,878 INFO: L2 Trigger: -1.0, R2 Trigger: -1.0
2024-09-24 19:41:44,878 INFO: Button States: {'square': False, 'x': False, 'circle': False, 'triangle': False, 'l1': False, 'r1': False, 'l2': False, 'r2': False, 'share': False, 'options': False, 'l3': False, 'r3': False, 'ps': False}
2024-09-24 19:41:44,879 INFO: D-Pad Input: {'dpad_up': False, 'dpad_down': False, 'dpad_left': False, 'dpad_right': False}
2024-09-24 19:41:44,979 DEBUG: Button states: {'square': False, 'x': False, 'circle': False, 'triangle': False, 'l1': False, 'r1': False, 'l2': False, 'r2': False, 'share': False, 'options': False, 'l3': False, 'r3': False, 'ps': False}
2024-09-24 19:41:44,979 DEBUG: Getting motor positions
2024-09-24 19:41:44,985 DEBUG: Current position for motor 1 is 47 degrees
2024-09-24 19:41:44,991 DEBUG: Current position for motor 2 is 47 degrees
2024-09-24 19:41:44,997 DEBUG: Current position for motor 3 is 46 degrees
2024-09-24 19:41:45,003 DEBUG: Current position for motor 4 is 307 degrees
2024-09-24 19:41:45,009 DEBUG: Current position for motor 5 is 309 degrees
2024-09-24 19:41:45,015 DEBUG: Current position for motor 6 is 309 degrees
2024-09-24 19:41:45,022 DEBUG: Current position for motor 7 is 180 degrees
2024-09-24 19:41:45,028 DEBUG: Current position for motor 8 is 180 degrees
2024-09-24 19:41:45,028 DEBUG: Motor positions: {'LR_WHEG': 47, 'LM_WHEG': 47, 'LF_WHEG': 46, 'RR_WHEG': 307, 'RM_WHEG': 309, 'RF_WHEG': 309, 'FRONT_PIVOT': 180, 'REAR_PIVOT': 180}
2024-09-24 19:41:45,028 DEBUG: Trigger inputs: L2=-1.0, R2=-1.0
2024-09-24 19:41:45,028 DEBUG: D-Pad input: {'dpad_up': False, 'dpad_down': False, 'dpad_left': False, 'dpad_right': False}
2024-09-24 19:41:45,029 DEBUG: Adjusting wheg speed: trigger_value=-1.0, current_rpm=0.0
2024-09-24 19:41:45,029 DEBUG: Adjusted wheg speed: target_rpm=0.0, current_rpm=0.0
2024-09-24 19:41:45,029 DEBUG: Executing Gait 1
2024-09-24 19:41:45,035 DEBUG: Current position for motor 7 is 180 degrees
2024-09-24 19:41:45,042 DEBUG: Current position for motor 8 is 180 degrees
2024-09-24 19:41:45,042 INFO: Front pivot angle set to 180
2024-09-24 19:41:45,042 INFO: Rear pivot angle set to 180
2024-09-24 19:41:45,142 DEBUG: Button states: {'square': False, 'x': False, 'circle': False, 'triangle': False, 'l1': False, 'r1': False, 'l2': False, 'r2': False, 'share': False, 'options': False, 'l3': False, 'r3': False, 'ps': False}
2024-09-24 19:41:45,142 DEBUG: Getting motor positions
2024-09-24 19:41:45,148 DEBUG: Current position for motor 1 is 54 degrees
2024-09-24 19:41:45,154 DEBUG: Current position for motor 2 is 54 degrees
2024-09-24 19:41:45,160 DEBUG: Current position for motor 3 is 56 degrees
2024-09-24 19:41:45,166 DEBUG: Current position for motor 4 is 299 degrees
2024-09-24 19:41:45,172 DEBUG: Current position for motor 5 is 301 degrees
2024-09-24 19:41:45,178 DEBUG: Current position for motor 6 is 300 degrees
2024-09-24 19:41:45,185 DEBUG: Current position for motor 7 is 180 degrees
2024-09-24 19:41:45,191 DEBUG: Current position for motor 8 is 180 degrees
2024-09-24 19:41:45,191 DEBUG: Motor positions: {'LR_WHEG': 54, 'LM_WHEG': 54, 'LF_WHEG': 56, 'RR_WHEG': 299, 'RM_WHEG': 301, 'RF_WHEG': 300, 'FRONT_PIVOT': 180, 'REAR_PIVOT': 180}
2024-09-24 19:41:45,192 DEBUG: Trigger inputs: L2=-1.0, R2=-1.0
2024-09-24 19:41:45,192 DEBUG: D-Pad input: {'dpad_up': False, 'dpad_down': False, 'dpad_left': False, 'dpad_right': False}
2024-09-24 19:41:45,192 DEBUG: Adjusting wheg speed: trigger_value=-1.0, current_rpm=0.0
2024-09-24 19:41:45,192 DEBUG: Adjusted wheg speed: target_rpm=0.0, current_rpm=0.0
2024-09-24 19:41:45,192 DEBUG: Executing Gait 1
2024-09-24 19:41:45,198 DEBUG: Current position for motor 7 is 180 degrees
2024-09-24 19:41:45,205 DEBUG: Current position for motor 8 is 180 degrees
2024-09-24 19:41:45,205 INFO: Front pivot angle set to 180
2024-09-24 19:41:45,205 INFO: Rear pivot angle set to 180
2024-09-24 19:41:45,305 DEBUG: Button states: {'square': False, 'x': False, 'circle': False, 'triangle': False, 'l1': False, 'r1': False, 'l2': False, 'r2': False, 'share': False, 'options': False, 'l3': False, 'r3': False, 'ps': False}
2024-09-24 19:41:45,306 DEBUG: Getting motor positions
2024-09-24 19:41:45,311 DEBUG: Current position for motor 1 is 63 degrees
2024-09-24 19:41:45,317 DEBUG: Current position for motor 2 is 64 degrees
2024-09-24 19:41:45,323 DEBUG: Current position for motor 3 is 65 degrees
2024-09-24 19:41:45,329 DEBUG: Current position for motor 4 is 290 degrees
2024-09-24 19:41:45,335 DEBUG: Current position for motor 5 is 292 degrees
2024-09-24 19:41:45,341 DEBUG: Current position for motor 6 is 291 degrees
2024-09-24 19:41:45,348 DEBUG: Current position for motor 7 is 180 degrees
2024-09-24 19:41:45,354 DEBUG: Current position for motor 8 is 180 degrees
2024-09-24 19:41:45,354 DEBUG: Motor positions: {'LR_WHEG': 63, 'LM_WHEG': 64, 'LF_WHEG': 65, 'RR_WHEG': 290, 'RM_WHEG': 292, 'RF_WHEG': 291, 'FRONT_PIVOT': 180, 'REAR_PIVOT': 180}
2024-09-24 19:41:45,354 DEBUG: Trigger inputs: L2=-1.0, R2=-1.0
2024-09-24 19:41:45,355 DEBUG: D-Pad input: {'dpad_up': False, 'dpad_down': False, 'dpad_left': False, 'dpad_right': False}
2024-09-24 19:41:45,355 DEBUG: Adjusting wheg speed: trigger_value=-1.0, current_rpm=0.0
2024-09-24 19:41:45,355 DEBUG: Adjusted wheg speed: target_rpm=0.0, current_rpm=0.0
2024-09-24 19:41:45,355 DEBUG: Executing Gait 1
2024-09-24 19:41:45,361 DEBUG: Current position for motor 7 is 180 degrees
2024-09-24 19:41:45,368 DEBUG: Current position for motor 8 is 180 degrees
2024-09-24 19:41:45,368 INFO: Front pivot angle set to 180
2024-09-24 19:41:45,368 INFO: Rear pivot angle set to 180
2024-09-24 19:41:45,468 DEBUG: Button states: {'square': False, 'x': False, 'circle': False, 'triangle': False, 'l1': False, 'r1': False, 'l2': False, 'r2': False, 'share': False, 'options': False, 'l3': False, 'r3': False, 'ps': False}
2024-09-24 19:41:45,469 DEBUG: Getting motor positions
2024-09-24 19:41:45,474 DEBUG: Current position for motor 1 is 72 degrees
2024-09-24 19:41:45,480 DEBUG: Current position for motor 2 is 73 degrees
2024-09-24 19:41:45,486 DEBUG: Current position for motor 3 is 75 degrees
2024-09-24 19:41:45,492 DEBUG: Current position for motor 4 is 281 degrees
2024-09-24 19:41:45,498 DEBUG: Current position for motor 5 is 283 degrees
2024-09-24 19:41:45,504 DEBUG: Current position for motor 6 is 281 degrees
2024-09-24 19:41:45,511 DEBUG: Current position for motor 7 is 180 degrees
2024-09-24 19:41:45,517 DEBUG: Current position for motor 8 is 180 degrees
2024-09-24 19:41:45,517 DEBUG: Motor positions: {'LR_WHEG': 72, 'LM_WHEG': 73, 'LF_WHEG': 75, 'RR_WHEG': 281, 'RM_WHEG': 283, 'RF_WHEG': 281, 'FRONT_PIVOT': 180, 'REAR_PIVOT': 180}
2024-09-24 19:41:45,517 DEBUG: Trigger inputs: L2=-1.0, R2=-1.0
2024-09-24 19:41:45,518 DEBUG: D-Pad input: {'dpad_up': False, 'dpad_down': False, 'dpad_left': False, 'dpad_right': False}
2024-09-24 19:41:45,518 DEBUG: Adjusting wheg speed: trigger_value=-1.0, current_rpm=0.0
2024-09-24 19:41:45,518 DEBUG: Adjusted wheg speed: target_rpm=0.0, current_rpm=0.0
2024-09-24 19:41:45,518 DEBUG: Executing Gait 1
2024-09-24 19:41:45,524 DEBUG: Current position for motor 7 is 180 degrees
2024-09-24 19:41:45,531 DEBUG: Current position for motor 8 is 180 degrees
2024-09-24 19:41:45,531 INFO: Front pivot angle set to 180
2024-09-24 19:41:45,531 INFO: Rear pivot angle set to 180
2024-09-24 19:41:45,632 DEBUG: Button states: {'square': False, 'x': False, 'circle': False, 'triangle': False, 'l1': False, 'r1': False, 'l2': False, 'r2': False, 'share': False, 'options': False, 'l3': False, 'r3': False, 'ps': False}
2024-09-24 19:41:45,636 DEBUG: Getting motor positions
2024-09-24 19:41:45,642 DEBUG: Current position for motor 1 is 81 degrees
2024-09-24 19:41:45,649 DEBUG: Current position for motor 2 is 82 degrees
2024-09-24 19:41:45,655 DEBUG: Current position for motor 3 is 84 degrees
2024-09-24 19:41:45,661 DEBUG: Current position for motor 4 is 272 degrees
2024-09-24 19:41:45,667 DEBUG: Current position for motor 5 is 273 degrees
2024-09-24 19:41:45,673 DEBUG: Current position for motor 6 is 271 degrees
2024-09-24 19:41:45,679 DEBUG: Current position for motor 7 is 180 degrees
2024-09-24 19:41:45,686 DEBUG: Current position for motor 8 is 180 degrees
2024-09-24 19:41:45,686 DEBUG: Motor positions: {'LR_WHEG': 81, 'LM_WHEG': 82, 'LF_WHEG': 84, 'RR_WHEG': 272, 'RM_WHEG': 273, 'RF_WHEG': 271, 'FRONT_PIVOT': 180, 'REAR_PIVOT': 180}
2024-09-24 19:41:45,686 DEBUG: Trigger inputs: L2=-1.0, R2=-1.0
2024-09-24 19:41:45,686 DEBUG: D-Pad input: {'dpad_up': False, 'dpad_down': False, 'dpad_left': False, 'dpad_right': False}
2024-09-24 19:41:45,686 DEBUG: Adjusting wheg speed: trigger_value=-1.0, current_rpm=0.0
2024-09-24 19:41:45,686 DEBUG: Adjusted wheg speed: target_rpm=0.0, current_rpm=0.0
2024-09-24 19:41:45,686 DEBUG: Executing Gait 1
2024-09-24 19:41:45,693 DEBUG: Current position for motor 7 is 180 degrees
2024-09-24 19:41:45,699 DEBUG: Current position for motor 8 is 180 degrees
2024-09-24 19:41:45,699 INFO: Front pivot angle set to 180
2024-09-24 19:41:45,700 INFO: Rear pivot angle set to 180
2024-09-24 19:41:45,800 DEBUG: Button states: {'square': False, 'x': False, 'circle': False, 'triangle': False, 'l1': False, 'r1': False, 'l2': False, 'r2': False, 'share': False, 'options': False, 'l3': False, 'r3': False, 'ps': False}
2024-09-24 19:41:45,800 DEBUG: Getting motor positions
2024-09-24 19:41:45,806 DEBUG: Current position for motor 1 is 91 degrees
2024-09-24 19:41:45,812 DEBUG: Current position for motor 2 is 91 degrees
2024-09-24 19:41:45,818 DEBUG: Current position for motor 3 is 94 degrees
2024-09-24 19:41:45,824 DEBUG: Current position for motor 4 is 263 degrees
2024-09-24 19:41:45,830 DEBUG: Current position for motor 5 is 264 degrees
2024-09-24 19:41:45,836 DEBUG: Current position for motor 6 is 262 degrees
2024-09-24 19:41:45,842 DEBUG: Current position for motor 7 is 180 degrees
2024-09-24 19:41:45,849 DEBUG: Current position for motor 8 is 180 degrees
2024-09-24 19:41:45,849 DEBUG: Motor positions: {'LR_WHEG': 91, 'LM_WHEG': 91, 'LF_WHEG': 94, 'RR_WHEG': 263, 'RM_WHEG': 264, 'RF_WHEG': 262, 'FRONT_PIVOT': 180, 'REAR_PIVOT': 180}
2024-09-24 19:41:45,849 DEBUG: Trigger inputs: L2=-1.0, R2=-1.0
2024-09-24 19:41:45,849 DEBUG: D-Pad input: {'dpad_up': False, 'dpad_down': False, 'dpad_left': False, 'dpad_right': False}
2024-09-24 19:41:45,849 DEBUG: Adjusting wheg speed: trigger_value=-1.0, current_rpm=0.0
2024-09-24 19:41:45,849 DEBUG: Adjusted wheg speed: target_rpm=0.0, current_rpm=0.0
2024-09-24 19:41:45,849 DEBUG: Executing Gait 1
2024-09-24 19:41:45,856 DEBUG: Current position for motor 7 is 180 degrees
2024-09-24 19:41:45,862 DEBUG: Current position for motor 8 is 180 degrees
2024-09-24 19:41:45,862 INFO: Front pivot angle set to 180
2024-09-24 19:41:45,862 INFO: Rear pivot angle set to 180
2024-09-24 19:41:45,963 DEBUG: Button states: {'square': False, 'x': False, 'circle': False, 'triangle': False, 'l1': False, 'r1': False, 'l2': False, 'r2': False, 'share': False, 'options': False, 'l3': False, 'r3': False, 'ps': False}
2024-09-24 19:41:45,963 DEBUG: Getting motor positions
2024-09-24 19:41:45,969 DEBUG: Current position for motor 1 is 101 degrees
2024-09-24 19:41:45,975 DEBUG: Current position for motor 2 is 101 degrees
2024-09-24 19:41:45,981 DEBUG: Current position for motor 3 is 104 degrees
2024-09-24 19:41:45,987 DEBUG: Current position for motor 4 is 253 degrees
2024-09-24 19:41:45,993 DEBUG: Current position for motor 5 is 254 degrees
2024-09-24 19:41:45,999 DEBUG: Current position for motor 6 is 252 degrees
2024-09-24 19:41:46,005 DEBUG: Current position for motor 7 is 180 degrees
2024-09-24 19:41:46,012 DEBUG: Current position for motor 8 is 180 degrees
2024-09-24 19:41:46,012 DEBUG: Motor positions: {'LR_WHEG': 101, 'LM_WHEG': 101, 'LF_WHEG': 104, 'RR_WHEG': 253, 'RM_WHEG': 254, 'RF_WHEG': 252, 'FRONT_PIVOT': 180, 'REAR_PIVOT': 180}
2024-09-24 19:41:46,012 DEBUG: Trigger inputs: L2=-1.0, R2=-1.0
2024-09-24 19:41:46,012 DEBUG: D-Pad input: {'dpad_up': False, 'dpad_down': False, 'dpad_left': False, 'dpad_right': False}
2024-09-24 19:41:46,012 DEBUG: Adjusting wheg speed: trigger_value=-1.0, current_rpm=0.0
2024-09-24 19:41:46,012 DEBUG: Adjusted wheg speed: target_rpm=0.0, current_rpm=0.0
2024-09-24 19:41:46,012 DEBUG: Executing Gait 1
2024-09-24 19:41:46,019 DEBUG: Current position for motor 7 is 180 degrees
2024-09-24 19:41:46,025 DEBUG: Current position for motor 8 is 180 degrees
2024-09-24 19:41:46,026 INFO: Front pivot angle set to 180
2024-09-24 19:41:46,026 INFO: Rear pivot angle set to 180
2024-09-24 19:41:46,126 DEBUG: Button states: {'square': False, 'x': False, 'circle': False, 'triangle': False, 'l1': False, 'r1': False, 'l2': False, 'r2': False, 'share': False, 'options': False, 'l3': False, 'r3': False, 'ps': False}
2024-09-24 19:41:46,126 DEBUG: Getting motor positions
2024-09-24 19:41:46,132 DEBUG: Current position for motor 1 is 111 degrees
2024-09-24 19:41:46,138 DEBUG: Current position for motor 2 is 111 degrees
2024-09-24 19:41:46,144 DEBUG: Current position for motor 3 is 114 degrees
2024-09-24 19:41:46,150 DEBUG: Current position for motor 4 is 243 degrees
2024-09-24 19:41:46,156 DEBUG: Current position for motor 5 is 244 degrees
2024-09-24 19:41:46,162 DEBUG: Current position for motor 6 is 242 degrees
2024-09-24 19:41:46,169 DEBUG: Current position for motor 7 is 180 degrees
2024-09-24 19:41:46,175 DEBUG: Current position for motor 8 is 180 degrees
2024-09-24 19:41:46,175 DEBUG: Motor positions: {'LR_WHEG': 111, 'LM_WHEG': 111, 'LF_WHEG': 114, 'RR_WHEG': 243, 'RM_WHEG': 244, 'RF_WHEG': 242, 'FRONT_PIVOT': 180, 'REAR_PIVOT': 180}
2024-09-24 19:41:46,175 DEBUG: Trigger inputs: L2=-1.0, R2=-1.0
2024-09-24 19:41:46,175 DEBUG: D-Pad input: {'dpad_up': False, 'dpad_down': False, 'dpad_left': False, 'dpad_right': False}
2024-09-24 19:41:46,175 DEBUG: Adjusting wheg speed: trigger_value=-1.0, current_rpm=0.0
2024-09-24 19:41:46,176 DEBUG: Adjusted wheg speed: target_rpm=0.0, current_rpm=0.0
2024-09-24 19:41:46,176 DEBUG: Executing Gait 1
2024-09-24 19:41:46,182 DEBUG: Current position for motor 7 is 180 degrees
2024-09-24 19:41:46,188 DEBUG: Current position for motor 8 is 180 degrees
2024-09-24 19:41:46,189 INFO: Front pivot angle set to 180
2024-09-24 19:41:46,189 INFO: Rear pivot angle set to 180
2024-09-24 19:41:46,289 DEBUG: Button states: {'square': False, 'x': False, 'circle': False, 'triangle': False, 'l1': False, 'r1': False, 'l2': False, 'r2': False, 'share': False, 'options': False, 'l3': False, 'r3': False, 'ps': False}
2024-09-24 19:41:46,289 DEBUG: Getting motor positions
2024-09-24 19:41:46,295 DEBUG: Current position for motor 1 is 121 degrees
2024-09-24 19:41:46,301 DEBUG: Current position for motor 2 is 121 degrees
2024-09-24 19:41:46,307 DEBUG: Current position for motor 3 is 123 degrees
2024-09-24 19:41:46,313 DEBUG: Current position for motor 4 is 233 degrees
2024-09-24 19:41:46,319 DEBUG: Current position for motor 5 is 234 degrees
2024-09-24 19:41:46,325 DEBUG: Current position for motor 6 is 232 degrees
2024-09-24 19:41:46,332 DEBUG: Current position for motor 7 is 180 degrees
2024-09-24 19:41:46,338 DEBUG: Current position for motor 8 is 180 degrees
2024-09-24 19:41:46,338 DEBUG: Motor positions: {'LR_WHEG': 121, 'LM_WHEG': 121, 'LF_WHEG': 123, 'RR_WHEG': 233, 'RM_WHEG': 234, 'RF_WHEG': 232, 'FRONT_PIVOT': 180, 'REAR_PIVOT': 180}
2024-09-24 19:41:46,338 DEBUG: Trigger inputs: L2=-1.0, R2=-1.0
2024-09-24 19:41:46,339 DEBUG: D-Pad input: {'dpad_up': False, 'dpad_down': False, 'dpad_left': False, 'dpad_right': False}
2024-09-24 19:41:46,339 DEBUG: Adjusting wheg speed: trigger_value=-1.0, current_rpm=0.0
2024-09-24 19:41:46,339 DEBUG: Adjusted wheg speed: target_rpm=0.0, current_rpm=0.0
2024-09-24 19:41:46,339 DEBUG: Executing Gait 1
2024-09-24 19:41:46,345 DEBUG: Current position for motor 7 is 180 degrees
2024-09-24 19:41:46,352 DEBUG: Current position for motor 8 is 180 degrees
2024-09-24 19:41:46,352 INFO: Front pivot angle set to 180
2024-09-24 19:41:46,352 INFO: Rear pivot angle set to 180
2024-09-24 19:41:46,452 DEBUG: Button states: {'square': False, 'x': False, 'circle': False, 'triangle': False, 'l1': False, 'r1': False, 'l2': False, 'r2': False, 'share': False, 'options': False, 'l3': False, 'r3': False, 'ps': False}
2024-09-24 19:41:46,453 DEBUG: Getting motor positions
2024-09-24 19:41:46,458 DEBUG: Current position for motor 1 is 131 degrees
2024-09-24 19:41:46,464 DEBUG: Current position for motor 2 is 132 degrees
2024-09-24 19:41:46,470 DEBUG: Current position for motor 3 is 134 degrees
2024-09-24 19:41:46,477 DEBUG: Current position for motor 4 is 223 degrees
2024-09-24 19:41:46,483 DEBUG: Current position for motor 5 is 223 degrees
2024-09-24 19:41:46,489 DEBUG: Current position for motor 6 is 222 degrees
2024-09-24 19:41:46,496 DEBUG: Current position for motor 7 is 180 degrees
2024-09-24 19:41:46,503 DEBUG: Current position for motor 8 is 180 degrees
2024-09-24 19:41:46,503 DEBUG: Motor positions: {'LR_WHEG': 131, 'LM_WHEG': 132, 'LF_WHEG': 134, 'RR_WHEG': 223, 'RM_WHEG': 223, 'RF_WHEG': 222, 'FRONT_PIVOT': 180, 'REAR_PIVOT': 180}
2024-09-24 19:41:46,503 DEBUG: Trigger inputs: L2=-1.0, R2=-1.0
2024-09-24 19:41:46,504 DEBUG: D-Pad input: {'dpad_up': False, 'dpad_down': False, 'dpad_left': False, 'dpad_right': False}
2024-09-24 19:41:46,504 DEBUG: Adjusting wheg speed: trigger_value=-1.0, current_rpm=0.0
2024-09-24 19:41:46,504 DEBUG: Adjusted wheg speed: target_rpm=0.0, current_rpm=0.0
2024-09-24 19:41:46,504 DEBUG: Executing Gait 1
2024-09-24 19:41:46,511 DEBUG: Current position for motor 7 is 180 degrees
2024-09-24 19:41:46,517 DEBUG: Current position for motor 8 is 180 degrees
2024-09-24 19:41:46,518 INFO: Front pivot angle set to 180
2024-09-24 19:41:46,518 INFO: Rear pivot angle set to 180
2024-09-24 19:41:46,618 DEBUG: Button states: {'square': False, 'x': False, 'circle': False, 'triangle': False, 'l1': False, 'r1': False, 'l2': False, 'r2': False, 'share': False, 'options': False, 'l3': False, 'r3': False, 'ps': False}
2024-09-24 19:41:46,619 DEBUG: Getting motor positions
2024-09-24 19:41:46,625 DEBUG: Current position for motor 1 is 142 degrees
2024-09-24 19:41:46,631 DEBUG: Current position for motor 2 is 142 degrees
2024-09-24 19:41:46,637 DEBUG: Current position for motor 3 is 144 degrees
2024-09-24 19:41:46,643 DEBUG: Current position for motor 4 is 212 degrees
2024-09-24 19:41:46,649 DEBUG: Current position for motor 5 is 212 degrees
2024-09-24 19:41:46,655 DEBUG: Current position for motor 6 is 211 degrees
2024-09-24 19:41:46,661 DEBUG: Current position for motor 7 is 180 degrees
2024-09-24 19:41:46,668 DEBUG: Current position for motor 8 is 180 degrees
2024-09-24 19:41:46,668 DEBUG: Motor positions: {'LR_WHEG': 142, 'LM_WHEG': 142, 'LF_WHEG': 144, 'RR_WHEG': 212, 'RM_WHEG': 212, 'RF_WHEG': 211, 'FRONT_PIVOT': 180, 'REAR_PIVOT': 180}
2024-09-24 19:41:46,668 DEBUG: Trigger inputs: L2=-1.0, R2=-1.0
2024-09-24 19:41:46,668 DEBUG: D-Pad input: {'dpad_up': False, 'dpad_down': False, 'dpad_left': False, 'dpad_right': False}
2024-09-24 19:41:46,668 DEBUG: Adjusting wheg speed: trigger_value=-1.0, current_rpm=0.0
2024-09-24 19:41:46,668 DEBUG: Adjusted wheg speed: target_rpm=0.0, current_rpm=0.0
2024-09-24 19:41:46,668 DEBUG: Executing Gait 1
2024-09-24 19:41:46,675 DEBUG: Current position for motor 7 is 180 degrees
2024-09-24 19:41:46,681 DEBUG: Current position for motor 8 is 180 degrees
2024-09-24 19:41:46,681 INFO: Front pivot angle set to 180
2024-09-24 19:41:46,682 INFO: Rear pivot angle set to 180
2024-09-24 19:41:46,782 DEBUG: Button states: {'square': False, 'x': False, 'circle': False, 'triangle': False, 'l1': False, 'r1': False, 'l2': False, 'r2': False, 'share': False, 'options': False, 'l3': False, 'r3': False, 'ps': False}
2024-09-24 19:41:46,782 DEBUG: Getting motor positions
2024-09-24 19:41:46,788 DEBUG: Current position for motor 1 is 153 degrees
2024-09-24 19:41:46,794 DEBUG: Current position for motor 2 is 153 degrees
2024-09-24 19:41:46,800 DEBUG: Current position for motor 3 is 155 degrees
2024-09-24 19:41:46,806 DEBUG: Current position for motor 4 is 201 degrees
2024-09-24 19:41:46,812 DEBUG: Current position for motor 5 is 201 degrees
2024-09-24 19:41:46,818 DEBUG: Current position for motor 6 is 201 degrees
2024-09-24 19:41:46,824 DEBUG: Current position for motor 7 is 180 degrees
2024-09-24 19:41:46,831 DEBUG: Current position for motor 8 is 180 degrees
2024-09-24 19:41:46,831 DEBUG: Motor positions: {'LR_WHEG': 153, 'LM_WHEG': 153, 'LF_WHEG': 155, 'RR_WHEG': 201, 'RM_WHEG': 201, 'RF_WHEG': 201, 'FRONT_PIVOT': 180, 'REAR_PIVOT': 180}
2024-09-24 19:41:46,831 DEBUG: Trigger inputs: L2=-1.0, R2=-1.0
2024-09-24 19:41:46,831 DEBUG: D-Pad input: {'dpad_up': False, 'dpad_down': False, 'dpad_left': False, 'dpad_right': False}
2024-09-24 19:41:46,831 DEBUG: Adjusting wheg speed: trigger_value=-1.0, current_rpm=0.0
2024-09-24 19:41:46,831 DEBUG: Adjusted wheg speed: target_rpm=0.0, current_rpm=0.0
2024-09-24 19:41:46,831 DEBUG: Executing Gait 1
2024-09-24 19:41:46,838 DEBUG: Current position for motor 7 is 180 degrees
2024-09-24 19:41:46,844 DEBUG: Current position for motor 8 is 180 degrees
2024-09-24 19:41:46,844 INFO: Front pivot angle set to 180
2024-09-24 19:41:46,845 INFO: Rear pivot angle set to 180
2024-09-24 19:41:46,945 DEBUG: Button states: {'square': False, 'x': False, 'circle': False, 'triangle': False, 'l1': False, 'r1': False, 'l2': False, 'r2': False, 'share': False, 'options': False, 'l3': False, 'r3': False, 'ps': False}
2024-09-24 19:41:46,945 DEBUG: Getting motor positions
2024-09-24 19:41:46,951 DEBUG: Current position for motor 1 is 164 degrees
2024-09-24 19:41:46,957 DEBUG: Current position for motor 2 is 164 degrees
2024-09-24 19:41:46,963 DEBUG: Current position for motor 3 is 165 degrees
2024-09-24 19:41:46,969 DEBUG: Current position for motor 4 is 189 degrees
2024-09-24 19:41:46,975 DEBUG: Current position for motor 5 is 190 degrees
2024-09-24 19:41:46,981 DEBUG: Current position for motor 6 is 190 degrees
2024-09-24 19:41:46,987 DEBUG: Current position for motor 7 is 180 degrees
2024-09-24 19:41:46,994 DEBUG: Current position for motor 8 is 180 degrees
2024-09-24 19:41:46,994 DEBUG: Motor positions: {'LR_WHEG': 164, 'LM_WHEG': 164, 'LF_WHEG': 165, 'RR_WHEG': 189, 'RM_WHEG': 190, 'RF_WHEG': 190, 'FRONT_PIVOT': 180, 'REAR_PIVOT': 180}
2024-09-24 19:41:46,994 DEBUG: Trigger inputs: L2=-1.0, R2=-1.0
2024-09-24 19:41:46,994 DEBUG: D-Pad input: {'dpad_up': False, 'dpad_down': False, 'dpad_left': False, 'dpad_right': False}
2024-09-24 19:41:46,994 DEBUG: Adjusting wheg speed: trigger_value=-1.0, current_rpm=0.0
2024-09-24 19:41:46,994 DEBUG: Adjusted wheg speed: target_rpm=0.0, current_rpm=0.0
2024-09-24 19:41:46,994 DEBUG: Executing Gait 1
2024-09-24 19:41:47,001 DEBUG: Current position for motor 7 is 180 degrees
2024-09-24 19:41:47,007 DEBUG: Current position for motor 8 is 180 degrees
2024-09-24 19:41:47,007 INFO: Front pivot angle set to 180
2024-09-24 19:41:47,008 INFO: Rear pivot angle set to 180
2024-09-24 19:41:47,108 DEBUG: Button states: {'square': False, 'x': False, 'circle': False, 'triangle': False, 'l1': False, 'r1': False, 'l2': False, 'r2': False, 'share': False, 'options': False, 'l3': False, 'r3': False, 'ps': False}
2024-09-24 19:41:47,108 DEBUG: Getting motor positions
2024-09-24 19:41:47,114 DEBUG: Current position for motor 1 is 175 degrees
2024-09-24 19:41:47,120 DEBUG: Current position for motor 2 is 176 degrees
2024-09-24 19:41:47,126 DEBUG: Current position for motor 3 is 176 degrees
2024-09-24 19:41:47,132 DEBUG: Current position for motor 4 is 180 degrees
2024-09-24 19:41:47,138 DEBUG: Current position for motor 5 is 180 degrees
2024-09-24 19:41:47,144 DEBUG: Current position for motor 6 is 180 degrees
2024-09-24 19:41:47,151 DEBUG: Current position for motor 7 is 180 degrees
2024-09-24 19:41:47,157 DEBUG: Current position for motor 8 is 180 degrees
2024-09-24 19:41:47,157 DEBUG: Motor positions: {'LR_WHEG': 175, 'LM_WHEG': 176, 'LF_WHEG': 176, 'RR_WHEG': 180, 'RM_WHEG': 180, 'RF_WHEG': 180, 'FRONT_PIVOT': 180, 'REAR_PIVOT': 180}
2024-09-24 19:41:47,157 DEBUG: Trigger inputs: L2=-1.0, R2=-1.0
2024-09-24 19:41:47,157 DEBUG: D-Pad input: {'dpad_up': False, 'dpad_down': False, 'dpad_left': False, 'dpad_right': False}
2024-09-24 19:41:47,158 DEBUG: Adjusting wheg speed: trigger_value=-1.0, current_rpm=0.0
2024-09-24 19:41:47,158 DEBUG: Adjusted wheg speed: target_rpm=0.0, current_rpm=0.0
2024-09-24 19:41:47,158 DEBUG: Executing Gait 1
2024-09-24 19:41:47,164 DEBUG: Current position for motor 7 is 180 degrees
2024-09-24 19:41:47,171 DEBUG: Current position for motor 8 is 180 degrees
2024-09-24 19:41:47,171 INFO: Front pivot angle set to 180
2024-09-24 19:41:47,171 INFO: Rear pivot angle set to 180
2024-09-24 19:41:47,271 DEBUG: Button states: {'square': False, 'x': False, 'circle': False, 'triangle': False, 'l1': False, 'r1': False, 'l2': False, 'r2': False, 'share': False, 'options': False, 'l3': False, 'r3': False, 'ps': False}
2024-09-24 19:41:47,271 DEBUG: Getting motor positions
2024-09-24 19:41:47,277 DEBUG: Current position for motor 1 is 179 degrees
2024-09-24 19:41:47,283 DEBUG: Current position for motor 2 is 180 degrees
2024-09-24 19:41:47,289 DEBUG: Current position for motor 3 is 180 degrees
2024-09-24 19:41:47,295 DEBUG: Current position for motor 4 is 179 degrees
2024-09-24 19:41:47,301 DEBUG: Current position for motor 5 is 178 degrees
2024-09-24 19:41:47,307 DEBUG: Current position for motor 6 is 179 degrees
2024-09-24 19:41:47,314 DEBUG: Current position for motor 7 is 180 degrees
2024-09-24 19:41:47,320 DEBUG: Current position for motor 8 is 180 degrees
2024-09-24 19:41:47,321 DEBUG: Motor positions: {'LR_WHEG': 179, 'LM_WHEG': 180, 'LF_WHEG': 180, 'RR_WHEG': 179, 'RM_WHEG': 178, 'RF_WHEG': 179, 'FRONT_PIVOT': 180, 'REAR_PIVOT': 180}
2024-09-24 19:41:47,321 DEBUG: Trigger inputs: L2=-1.0, R2=-1.0
2024-09-24 19:41:47,321 DEBUG: D-Pad input: {'dpad_up': False, 'dpad_down': False, 'dpad_left': False, 'dpad_right': False}
2024-09-24 19:41:47,321 DEBUG: Adjusting wheg speed: trigger_value=-1.0, current_rpm=0.0
2024-09-24 19:41:47,321 DEBUG: Adjusted wheg speed: target_rpm=0.0, current_rpm=0.0
2024-09-24 19:41:47,321 DEBUG: Executing Gait 1
2024-09-24 19:41:47,327 DEBUG: Current position for motor 7 is 180 degrees
2024-09-24 19:41:47,334 DEBUG: Current position for motor 8 is 180 degrees
2024-09-24 19:41:47,334 INFO: Front pivot angle set to 180
2024-09-24 19:41:47,334 INFO: Rear pivot angle set to 180
2024-09-24 19:41:47,435 DEBUG: Button states: {'square': False, 'x': False, 'circle': False, 'triangle': False, 'l1': False, 'r1': False, 'l2': False, 'r2': False, 'share': False, 'options': False, 'l3': False, 'r3': False, 'ps': False}
2024-09-24 19:41:47,435 DEBUG: Getting motor positions
2024-09-24 19:41:47,441 DEBUG: Current position for motor 1 is 178 degrees
2024-09-24 19:41:47,447 DEBUG: Current position for motor 2 is 178 degrees
2024-09-24 19:41:47,453 DEBUG: Current position for motor 3 is 179 degrees
2024-09-24 19:41:47,459 DEBUG: Current position for motor 4 is 180 degrees
2024-09-24 19:41:47,465 DEBUG: Current position for motor 5 is 179 degrees
2024-09-24 19:41:47,471 DEBUG: Current position for motor 6 is 180 degrees
2024-09-24 19:41:47,477 DEBUG: Current position for motor 7 is 180 degrees
2024-09-24 19:41:47,484 DEBUG: Current position for motor 8 is 180 degrees
2024-09-24 19:41:47,484 DEBUG: Motor positions: {'LR_WHEG': 178, 'LM_WHEG': 178, 'LF_WHEG': 179, 'RR_WHEG': 180, 'RM_WHEG': 179, 'RF_WHEG': 180, 'FRONT_PIVOT': 180, 'REAR_PIVOT': 180}
2024-09-24 19:41:47,484 DEBUG: Trigger inputs: L2=-1.0, R2=-1.0
2024-09-24 19:41:47,484 DEBUG: D-Pad input: {'dpad_up': False, 'dpad_down': False, 'dpad_left': False, 'dpad_right': False}
2024-09-24 19:41:47,484 DEBUG: Adjusting wheg speed: trigger_value=-1.0, current_rpm=0.0
2024-09-24 19:41:47,484 DEBUG: Adjusted wheg speed: target_rpm=0.0, current_rpm=0.0
2024-09-24 19:41:47,484 DEBUG: Executing Gait 1
2024-09-24 19:41:47,491 DEBUG: Current position for motor 7 is 180 degrees
2024-09-24 19:41:47,497 DEBUG: Current position for motor 8 is 180 degrees
2024-09-24 19:41:47,497 INFO: Front pivot angle set to 180
2024-09-24 19:41:47,498 INFO: Rear pivot angle set to 180
2024-09-24 19:41:47,598 DEBUG: Button states: {'square': False, 'x': False, 'circle': False, 'triangle': False, 'l1': False, 'r1': False, 'l2': False, 'r2': False, 'share': False, 'options': False, 'l3': False, 'r3': False, 'ps': False}
2024-09-24 19:41:47,598 DEBUG: Getting motor positions
2024-09-24 19:41:47,604 DEBUG: Current position for motor 1 is 178 degrees
2024-09-24 19:41:47,610 DEBUG: Current position for motor 2 is 178 degrees
2024-09-24 19:41:47,616 DEBUG: Current position for motor 3 is 179 degrees
2024-09-24 19:41:47,622 DEBUG: Current position for motor 4 is 180 degrees
2024-09-24 19:41:47,628 DEBUG: Current position for motor 5 is 179 degrees
2024-09-24 19:41:47,634 DEBUG: Current position for motor 6 is 180 degrees
2024-09-24 19:41:47,640 DEBUG: Current position for motor 7 is 180 degrees
2024-09-24 19:41:47,647 DEBUG: Current position for motor 8 is 180 degrees
2024-09-24 19:41:47,647 DEBUG: Motor positions: {'LR_WHEG': 178, 'LM_WHEG': 178, 'LF_WHEG': 179, 'RR_WHEG': 180, 'RM_WHEG': 179, 'RF_WHEG': 180, 'FRONT_PIVOT': 180, 'REAR_PIVOT': 180}
2024-09-24 19:41:47,647 DEBUG: Trigger inputs: L2=-1.0, R2=-1.0
2024-09-24 19:41:47,647 DEBUG: D-Pad input: {'dpad_up': False, 'dpad_down': False, 'dpad_left': False, 'dpad_right': False}
2024-09-24 19:41:47,647 DEBUG: Adjusting wheg speed: trigger_value=-1.0, current_rpm=0.0
2024-09-24 19:41:47,647 DEBUG: Adjusted wheg speed: target_rpm=0.0, current_rpm=0.0
2024-09-24 19:41:47,648 DEBUG: Executing Gait 1
2024-09-24 19:41:47,654 DEBUG: Current position for motor 7 is 180 degrees
2024-09-24 19:41:47,660 DEBUG: Current position for motor 8 is 180 degrees
2024-09-24 19:41:47,661 INFO: Front pivot angle set to 180
2024-09-24 19:41:47,661 INFO: Rear pivot angle set to 180
2024-09-24 19:41:47,761 DEBUG: Button states: {'square': False, 'x': False, 'circle': False, 'triangle': False, 'l1': False, 'r1': False, 'l2': False, 'r2': False, 'share': False, 'options': False, 'l3': False, 'r3': False, 'ps': False}
2024-09-24 19:41:47,761 DEBUG: Getting motor positions
2024-09-24 19:41:47,767 DEBUG: Current position for motor 1 is 178 degrees
2024-09-24 19:41:47,773 DEBUG: Current position for motor 2 is 178 degrees
2024-09-24 19:41:47,779 DEBUG: Current position for motor 3 is 179 degrees
2024-09-24 19:41:47,785 DEBUG: Current position for motor 4 is 180 degrees
2024-09-24 19:41:47,791 DEBUG: Current position for motor 5 is 179 degrees
2024-09-24 19:41:47,797 DEBUG: Current position for motor 6 is 180 degrees
2024-09-24 19:41:47,804 DEBUG: Current position for motor 7 is 180 degrees
2024-09-24 19:41:47,810 DEBUG: Current position for motor 8 is 180 degrees
2024-09-24 19:41:47,810 DEBUG: Motor positions: {'LR_WHEG': 178, 'LM_WHEG': 178, 'LF_WHEG': 179, 'RR_WHEG': 180, 'RM_WHEG': 179, 'RF_WHEG': 180, 'FRONT_PIVOT': 180, 'REAR_PIVOT': 180}
2024-09-24 19:41:47,810 DEBUG: Trigger inputs: L2=-1.0, R2=-1.0
2024-09-24 19:41:47,810 DEBUG: D-Pad input: {'dpad_up': False, 'dpad_down': False, 'dpad_left': False, 'dpad_right': False}
2024-09-24 19:41:47,811 DEBUG: Adjusting wheg speed: trigger_value=-1.0, current_rpm=0.0
2024-09-24 19:41:47,811 DEBUG: Adjusted wheg speed: target_rpm=0.0, current_rpm=0.0
2024-09-24 19:41:47,811 DEBUG: Executing Gait 1
2024-09-24 19:41:47,817 DEBUG: Current position for motor 7 is 180 degrees
2024-09-24 19:41:47,824 DEBUG: Current position for motor 8 is 180 degrees
2024-09-24 19:41:47,824 INFO: Front pivot angle set to 180
2024-09-24 19:41:47,824 INFO: Rear pivot angle set to 180
2024-09-24 19:41:47,924 DEBUG: Button states: {'square': False, 'x': False, 'circle': False, 'triangle': False, 'l1': False, 'r1': False, 'l2': False, 'r2': False, 'share': False, 'options': False, 'l3': False, 'r3': False, 'ps': False}
2024-09-24 19:41:47,924 DEBUG: Getting motor positions
2024-09-24 19:41:47,930 DEBUG: Current position for motor 1 is 179 degrees
2024-09-24 19:41:47,936 DEBUG: Current position for motor 2 is 178 degrees
2024-09-24 19:41:47,942 DEBUG: Current position for motor 3 is 179 degrees
2024-09-24 19:41:47,948 DEBUG: Current position for motor 4 is 180 degrees
2024-09-24 19:41:47,954 DEBUG: Current position for motor 5 is 179 degrees
2024-09-24 19:41:47,961 DEBUG: Current position for motor 6 is 180 degrees
2024-09-24 19:41:47,967 DEBUG: Current position for motor 7 is 180 degrees
2024-09-24 19:41:47,973 DEBUG: Current position for motor 8 is 180 degrees
2024-09-24 19:41:47,974 DEBUG: Motor positions: {'LR_WHEG': 179, 'LM_WHEG': 178, 'LF_WHEG': 179, 'RR_WHEG': 180, 'RM_WHEG': 179, 'RF_WHEG': 180, 'FRONT_PIVOT': 180, 'REAR_PIVOT': 180}
2024-09-24 19:41:47,974 DEBUG: Trigger inputs: L2=-1.0, R2=-1.0
2024-09-24 19:41:47,974 DEBUG: D-Pad input: {'dpad_up': False, 'dpad_down': False, 'dpad_left': False, 'dpad_right': False}
2024-09-24 19:41:47,974 DEBUG: Adjusting wheg speed: trigger_value=-1.0, current_rpm=0.0
2024-09-24 19:41:47,974 DEBUG: Adjusted wheg speed: target_rpm=0.0, current_rpm=0.0
2024-09-24 19:41:47,974 DEBUG: Executing Gait 1
2024-09-24 19:41:47,981 DEBUG: Current position for motor 7 is 180 degrees
2024-09-24 19:41:47,987 DEBUG: Current position for motor 8 is 180 degrees
2024-09-24 19:41:47,987 INFO: Front pivot angle set to 180
2024-09-24 19:41:47,987 INFO: Rear pivot angle set to 180
2024-09-24 19:41:48,088 DEBUG: Button states: {'square': False, 'x': False, 'circle': False, 'triangle': False, 'l1': False, 'r1': False, 'l2': False, 'r2': False, 'share': False, 'options': False, 'l3': False, 'r3': False, 'ps': False}
2024-09-24 19:41:48,088 DEBUG: Getting motor positions
2024-09-24 19:41:48,094 DEBUG: Current position for motor 1 is 178 degrees
2024-09-24 19:41:48,100 DEBUG: Current position for motor 2 is 178 degrees
2024-09-24 19:41:48,106 DEBUG: Current position for motor 3 is 179 degrees
2024-09-24 19:41:48,112 DEBUG: Current position for motor 4 is 180 degrees
2024-09-24 19:41:48,118 DEBUG: Current position for motor 5 is 179 degrees
2024-09-24 19:41:48,124 DEBUG: Current position for motor 6 is 180 degrees
2024-09-24 19:41:48,130 DEBUG: Current position for motor 7 is 180 degrees
2024-09-24 19:41:48,137 DEBUG: Current position for motor 8 is 180 degrees
2024-09-24 19:41:48,137 DEBUG: Motor positions: {'LR_WHEG': 178, 'LM_WHEG': 178, 'LF_WHEG': 179, 'RR_WHEG': 180, 'RM_WHEG': 179, 'RF_WHEG': 180, 'FRONT_PIVOT': 180, 'REAR_PIVOT': 180}
2024-09-24 19:41:48,137 DEBUG: Trigger inputs: L2=-1.0, R2=-1.0
2024-09-24 19:41:48,137 DEBUG: D-Pad input: {'dpad_up': False, 'dpad_down': False, 'dpad_left': False, 'dpad_right': False}
2024-09-24 19:41:48,137 DEBUG: Adjusting wheg speed: trigger_value=-1.0, current_rpm=0.0
2024-09-24 19:41:48,137 DEBUG: Adjusted wheg speed: target_rpm=0.0, current_rpm=0.0
2024-09-24 19:41:48,137 DEBUG: Executing Gait 1
2024-09-24 19:41:48,144 DEBUG: Current position for motor 7 is 180 degrees
2024-09-24 19:41:48,150 DEBUG: Current position for motor 8 is 180 degrees
2024-09-24 19:41:48,150 INFO: Front pivot angle set to 180
2024-09-24 19:41:48,151 INFO: Rear pivot angle set to 180
2024-09-24 19:41:48,251 DEBUG: Button states: {'square': False, 'x': False, 'circle': False, 'triangle': False, 'l1': False, 'r1': False, 'l2': False, 'r2': False, 'share': False, 'options': False, 'l3': False, 'r3': False, 'ps': False}
2024-09-24 19:41:48,251 DEBUG: Getting motor positions
2024-09-24 19:41:48,257 DEBUG: Current position for motor 1 is 178 degrees
2024-09-24 19:41:48,263 DEBUG: Current position for motor 2 is 178 degrees
2024-09-24 19:41:48,269 DEBUG: Current position for motor 3 is 179 degrees
2024-09-24 19:41:48,275 DEBUG: Current position for motor 4 is 180 degrees
2024-09-24 19:41:48,281 DEBUG: Current position for motor 5 is 179 degrees
2024-09-24 19:41:48,287 DEBUG: Current position for motor 6 is 180 degrees
2024-09-24 19:41:48,293 DEBUG: Current position for motor 7 is 180 degrees
2024-09-24 19:41:48,300 DEBUG: Current position for motor 8 is 180 degrees
2024-09-24 19:41:48,300 DEBUG: Motor positions: {'LR_WHEG': 178, 'LM_WHEG': 178, 'LF_WHEG': 179, 'RR_WHEG': 180, 'RM_WHEG': 179, 'RF_WHEG': 180, 'FRONT_PIVOT': 180, 'REAR_PIVOT': 180}
2024-09-24 19:41:48,300 DEBUG: Trigger inputs: L2=-1.0, R2=-1.0
2024-09-24 19:41:48,300 DEBUG: D-Pad input: {'dpad_up': False, 'dpad_down': False, 'dpad_left': False, 'dpad_right': False}
2024-09-24 19:41:48,300 DEBUG: Adjusting wheg speed: trigger_value=-1.0, current_rpm=0.0
2024-09-24 19:41:48,301 DEBUG: Adjusted wheg speed: target_rpm=0.0, current_rpm=0.0
2024-09-24 19:41:48,301 DEBUG: Executing Gait 1
2024-09-24 19:41:48,307 DEBUG: Current position for motor 7 is 180 degrees
2024-09-24 19:41:48,313 DEBUG: Current position for motor 8 is 180 degrees
2024-09-24 19:41:48,314 INFO: Front pivot angle set to 180
2024-09-24 19:41:48,314 INFO: Rear pivot angle set to 180
2024-09-24 19:41:48,414 DEBUG: Button states: {'square': False, 'x': False, 'circle': False, 'triangle': False, 'l1': False, 'r1': False, 'l2': False, 'r2': False, 'share': False, 'options': False, 'l3': False, 'r3': False, 'ps': False}
2024-09-24 19:41:48,414 DEBUG: Getting motor positions
2024-09-24 19:41:48,420 DEBUG: Current position for motor 1 is 178 degrees
2024-09-24 19:41:48,426 DEBUG: Current position for motor 2 is 178 degrees
2024-09-24 19:41:48,432 DEBUG: Current position for motor 3 is 179 degrees
2024-09-24 19:41:48,438 DEBUG: Current position for motor 4 is 180 degrees
2024-09-24 19:41:48,444 DEBUG: Current position for motor 5 is 179 degrees
2024-09-24 19:41:48,450 DEBUG: Current position for motor 6 is 180 degrees
2024-09-24 19:41:48,456 DEBUG: Current position for motor 7 is 180 degrees
2024-09-24 19:41:48,463 DEBUG: Current position for motor 8 is 180 degrees
2024-09-24 19:41:48,463 DEBUG: Motor positions: {'LR_WHEG': 178, 'LM_WHEG': 178, 'LF_WHEG': 179, 'RR_WHEG': 180, 'RM_WHEG': 179, 'RF_WHEG': 180, 'FRONT_PIVOT': 180, 'REAR_PIVOT': 180}
2024-09-24 19:41:48,463 DEBUG: Trigger inputs: L2=-1.0, R2=-1.0
2024-09-24 19:41:48,463 DEBUG: D-Pad input: {'dpad_up': False, 'dpad_down': False, 'dpad_left': False, 'dpad_right': False}
2024-09-24 19:41:48,463 DEBUG: Adjusting wheg speed: trigger_value=-1.0, current_rpm=0.0
2024-09-24 19:41:48,463 DEBUG: Adjusted wheg speed: target_rpm=0.0, current_rpm=0.0
2024-09-24 19:41:48,464 DEBUG: Executing Gait 1
2024-09-24 19:41:48,470 DEBUG: Current position for motor 7 is 180 degrees
2024-09-24 19:41:48,476 DEBUG: Current position for motor 8 is 180 degrees
2024-09-24 19:41:48,477 INFO: Front pivot angle set to 180
2024-09-24 19:41:48,477 INFO: Rear pivot angle set to 180
2024-09-24 19:41:48,577 DEBUG: Button states: {'square': False, 'x': False, 'circle': False, 'triangle': False, 'l1': False, 'r1': False, 'l2': False, 'r2': False, 'share': False, 'options': False, 'l3': False, 'r3': False, 'ps': False}
2024-09-24 19:41:48,577 DEBUG: Getting motor positions
2024-09-24 19:41:48,583 DEBUG: Current position for motor 1 is 178 degrees
2024-09-24 19:41:48,589 DEBUG: Current position for motor 2 is 178 degrees
2024-09-24 19:41:48,595 DEBUG: Current position for motor 3 is 179 degrees
2024-09-24 19:41:48,601 DEBUG: Current position for motor 4 is 180 degrees
2024-09-24 19:41:48,607 DEBUG: Current position for motor 5 is 179 degrees
2024-09-24 19:41:48,613 DEBUG: Current position for motor 6 is 180 degrees
2024-09-24 19:41:48,619 DEBUG: Current position for motor 7 is 180 degrees
2024-09-24 19:41:48,626 DEBUG: Current position for motor 8 is 180 degrees
2024-09-24 19:41:48,626 DEBUG: Motor positions: {'LR_WHEG': 178, 'LM_WHEG': 178, 'LF_WHEG': 179, 'RR_WHEG': 180, 'RM_WHEG': 179, 'RF_WHEG': 180, 'FRONT_PIVOT': 180, 'REAR_PIVOT': 180}
2024-09-24 19:41:48,626 DEBUG: Trigger inputs: L2=-1.0, R2=-1.0
2024-09-24 19:41:48,627 DEBUG: D-Pad input: {'dpad_up': False, 'dpad_down': False, 'dpad_left': False, 'dpad_right': False}
2024-09-24 19:41:48,627 DEBUG: Adjusting wheg speed: trigger_value=-1.0, current_rpm=0.0
2024-09-24 19:41:48,627 DEBUG: Adjusted wheg speed: target_rpm=0.0, current_rpm=0.0
2024-09-24 19:41:48,627 DEBUG: Executing Gait 1
2024-09-24 19:41:48,633 DEBUG: Current position for motor 7 is 180 degrees
2024-09-24 19:41:48,640 DEBUG: Current position for motor 8 is 180 degrees
2024-09-24 19:41:48,640 INFO: Front pivot angle set to 180
2024-09-24 19:41:48,640 INFO: Rear pivot angle set to 180
2024-09-24 19:41:48,740 DEBUG: Button states: {'square': False, 'x': False, 'circle': False, 'triangle': False, 'l1': False, 'r1': False, 'l2': False, 'r2': False, 'share': False, 'options': False, 'l3': False, 'r3': False, 'ps': False}
2024-09-24 19:41:48,741 DEBUG: Getting motor positions
2024-09-24 19:41:48,747 DEBUG: Current position for motor 1 is 178 degrees
2024-09-24 19:41:48,753 DEBUG: Current position for motor 2 is 178 degrees
2024-09-24 19:41:48,759 DEBUG: Current position for motor 3 is 179 degrees
2024-09-24 19:41:48,765 DEBUG: Current position for motor 4 is 180 degrees
2024-09-24 19:41:48,771 DEBUG: Current position for motor 5 is 179 degrees
2024-09-24 19:41:48,777 DEBUG: Current position for motor 6 is 180 degrees
2024-09-24 19:41:48,783 DEBUG: Current position for motor 7 is 180 degrees
2024-09-24 19:41:48,789 DEBUG: Current position for motor 8 is 180 degrees
2024-09-24 19:41:48,790 DEBUG: Motor positions: {'LR_WHEG': 178, 'LM_WHEG': 178, 'LF_WHEG': 179, 'RR_WHEG': 180, 'RM_WHEG': 179, 'RF_WHEG': 180, 'FRONT_PIVOT': 180, 'REAR_PIVOT': 180}
2024-09-24 19:41:48,790 DEBUG: Trigger inputs: L2=-1.0, R2=-1.0
2024-09-24 19:41:48,790 DEBUG: D-Pad input: {'dpad_up': False, 'dpad_down': False, 'dpad_left': False, 'dpad_right': False}
2024-09-24 19:41:48,790 DEBUG: Adjusting wheg speed: trigger_value=-1.0, current_rpm=0.0
2024-09-24 19:41:48,790 DEBUG: Adjusted wheg speed: target_rpm=0.0, current_rpm=0.0
2024-09-24 19:41:48,790 DEBUG: Executing Gait 1
2024-09-24 19:41:48,796 DEBUG: Current position for motor 7 is 180 degrees
2024-09-24 19:41:48,803 DEBUG: Current position for motor 8 is 180 degrees
2024-09-24 19:41:48,803 INFO: Front pivot angle set to 180
2024-09-24 19:41:48,803 INFO: Rear pivot angle set to 180
2024-09-24 19:41:48,903 DEBUG: Button states: {'square': False, 'x': False, 'circle': False, 'triangle': False, 'l1': False, 'r1': False, 'l2': False, 'r2': False, 'share': False, 'options': False, 'l3': False, 'r3': False, 'ps': False}
2024-09-24 19:41:48,904 DEBUG: Getting motor positions
2024-09-24 19:41:48,910 DEBUG: Current position for motor 1 is 179 degrees
2024-09-24 19:41:48,916 DEBUG: Current position for motor 2 is 178 degrees
2024-09-24 19:41:48,922 DEBUG: Current position for motor 3 is 179 degrees
2024-09-24 19:41:48,927 DEBUG: Current position for motor 4 is 180 degrees
2024-09-24 19:41:48,933 DEBUG: Current position for motor 5 is 179 degrees
2024-09-24 19:41:48,940 DEBUG: Current position for motor 6 is 180 degrees
2024-09-24 19:41:48,946 DEBUG: Current position for motor 7 is 180 degrees
2024-09-24 19:41:48,952 DEBUG: Current position for motor 8 is 180 degrees
2024-09-24 19:41:48,952 DEBUG: Motor positions: {'LR_WHEG': 179, 'LM_WHEG': 178, 'LF_WHEG': 179, 'RR_WHEG': 180, 'RM_WHEG': 179, 'RF_WHEG': 180, 'FRONT_PIVOT': 180, 'REAR_PIVOT': 180}
2024-09-24 19:41:48,953 DEBUG: Trigger inputs: L2=-1.0, R2=-1.0
2024-09-24 19:41:48,953 DEBUG: D-Pad input: {'dpad_up': False, 'dpad_down': False, 'dpad_left': False, 'dpad_right': False}
2024-09-24 19:41:48,953 DEBUG: Adjusting wheg speed: trigger_value=-1.0, current_rpm=0.0
2024-09-24 19:41:48,953 DEBUG: Adjusted wheg speed: target_rpm=0.0, current_rpm=0.0
2024-09-24 19:41:48,953 DEBUG: Executing Gait 1
2024-09-24 19:41:48,959 DEBUG: Current position for motor 7 is 180 degrees
2024-09-24 19:41:48,966 DEBUG: Current position for motor 8 is 180 degrees
2024-09-24 19:41:48,966 INFO: Front pivot angle set to 180
2024-09-24 19:41:48,966 INFO: Rear pivot angle set to 180
2024-09-24 19:41:49,067 DEBUG: Button states: {'square': False, 'x': False, 'circle': False, 'triangle': False, 'l1': False, 'r1': False, 'l2': False, 'r2': False, 'share': False, 'options': False, 'l3': False, 'r3': False, 'ps': False}
2024-09-24 19:41:49,067 DEBUG: Getting motor positions
2024-09-24 19:41:49,073 DEBUG: Current position for motor 1 is 178 degrees
2024-09-24 19:41:49,079 DEBUG: Current position for motor 2 is 178 degrees
2024-09-24 19:41:49,085 DEBUG: Current position for motor 3 is 179 degrees
2024-09-24 19:41:49,091 DEBUG: Current position for motor 4 is 180 degrees
2024-09-24 19:41:49,097 DEBUG: Current position for motor 5 is 179 degrees
2024-09-24 19:41:49,103 DEBUG: Current position for motor 6 is 180 degrees
2024-09-24 19:41:49,109 DEBUG: Current position for motor 7 is 180 degrees
2024-09-24 19:41:49,116 DEBUG: Current position for motor 8 is 180 degrees
2024-09-24 19:41:49,116 DEBUG: Motor positions: {'LR_WHEG': 178, 'LM_WHEG': 178, 'LF_WHEG': 179, 'RR_WHEG': 180, 'RM_WHEG': 179, 'RF_WHEG': 180, 'FRONT_PIVOT': 180, 'REAR_PIVOT': 180}
2024-09-24 19:41:49,116 DEBUG: Trigger inputs: L2=-1.0, R2=-1.0
2024-09-24 19:41:49,116 DEBUG: D-Pad input: {'dpad_up': False, 'dpad_down': False, 'dpad_left': False, 'dpad_right': False}
2024-09-24 19:41:49,116 DEBUG: Adjusting wheg speed: trigger_value=-1.0, current_rpm=0.0
2024-09-24 19:41:49,116 DEBUG: Adjusted wheg speed: target_rpm=0.0, current_rpm=0.0
2024-09-24 19:41:49,116 DEBUG: Executing Gait 1
2024-09-24 19:41:49,123 DEBUG: Current position for motor 7 is 180 degrees
2024-09-24 19:41:49,129 DEBUG: Current position for motor 8 is 180 degrees
2024-09-24 19:41:49,129 INFO: Front pivot angle set to 180
2024-09-24 19:41:49,129 INFO: Rear pivot angle set to 180
2024-09-24 19:41:49,230 DEBUG: Button states: {'square': False, 'x': False, 'circle': False, 'triangle': False, 'l1': False, 'r1': False, 'l2': False, 'r2': False, 'share': False, 'options': False, 'l3': False, 'r3': False, 'ps': False}
2024-09-24 19:41:49,230 DEBUG: Getting motor positions
2024-09-24 19:41:49,236 DEBUG: Current position for motor 1 is 178 degrees
2024-09-24 19:41:49,242 DEBUG: Current position for motor 2 is 178 degrees
2024-09-24 19:41:49,248 DEBUG: Current position for motor 3 is 179 degrees
2024-09-24 19:41:49,254 DEBUG: Current position for motor 4 is 180 degrees
2024-09-24 19:41:49,259 DEBUG: Current position for motor 5 is 179 degrees
2024-09-24 19:41:49,265 DEBUG: Current position for motor 6 is 180 degrees
2024-09-24 19:41:49,272 DEBUG: Current position for motor 7 is 180 degrees
2024-09-24 19:41:49,278 DEBUG: Current position for motor 8 is 180 degrees
2024-09-24 19:41:49,279 DEBUG: Motor positions: {'LR_WHEG': 178, 'LM_WHEG': 178, 'LF_WHEG': 179, 'RR_WHEG': 180, 'RM_WHEG': 179, 'RF_WHEG': 180, 'FRONT_PIVOT': 180, 'REAR_PIVOT': 180}
2024-09-24 19:41:49,279 DEBUG: Trigger inputs: L2=-1.0, R2=-1.0
2024-09-24 19:41:49,279 DEBUG: D-Pad input: {'dpad_up': False, 'dpad_down': False, 'dpad_left': False, 'dpad_right': False}
2024-09-24 19:41:49,279 DEBUG: Adjusting wheg speed: trigger_value=-1.0, current_rpm=0.0
2024-09-24 19:41:49,279 DEBUG: Adjusted wheg speed: target_rpm=0.0, current_rpm=0.0
2024-09-24 19:41:49,279 DEBUG: Executing Gait 1
2024-09-24 19:41:49,286 DEBUG: Current position for motor 7 is 180 degrees
2024-09-24 19:41:49,292 DEBUG: Current position for motor 8 is 180 degrees
2024-09-24 19:41:49,292 INFO: Front pivot angle set to 180
2024-09-24 19:41:49,292 INFO: Rear pivot angle set to 180
2024-09-24 19:41:49,393 DEBUG: Button states: {'square': False, 'x': False, 'circle': False, 'triangle': False, 'l1': False, 'r1': False, 'l2': False, 'r2': False, 'share': False, 'options': False, 'l3': False, 'r3': False, 'ps': False}
2024-09-24 19:41:49,393 DEBUG: Getting motor positions
2024-09-24 19:41:49,399 DEBUG: Current position for motor 1 is 178 degrees
2024-09-24 19:41:49,405 DEBUG: Current position for motor 2 is 178 degrees
2024-09-24 19:41:49,411 DEBUG: Current position for motor 3 is 179 degrees
2024-09-24 19:41:49,417 DEBUG: Current position for motor 4 is 180 degrees
2024-09-24 19:41:49,423 DEBUG: Current position for motor 5 is 179 degrees
2024-09-24 19:41:49,429 DEBUG: Current position for motor 6 is 180 degrees
2024-09-24 19:41:49,435 DEBUG: Current position for motor 7 is 180 degrees
2024-09-24 19:41:49,441 DEBUG: Current position for motor 8 is 180 degrees
2024-09-24 19:41:49,442 DEBUG: Motor positions: {'LR_WHEG': 178, 'LM_WHEG': 178, 'LF_WHEG': 179, 'RR_WHEG': 180, 'RM_WHEG': 179, 'RF_WHEG': 180, 'FRONT_PIVOT': 180, 'REAR_PIVOT': 180}
2024-09-24 19:41:49,442 DEBUG: Trigger inputs: L2=-1.0, R2=-1.0
2024-09-24 19:41:49,442 DEBUG: D-Pad input: {'dpad_up': False, 'dpad_down': False, 'dpad_left': False, 'dpad_right': False}
2024-09-24 19:41:49,442 DEBUG: Adjusting wheg speed: trigger_value=-1.0, current_rpm=0.0
2024-09-24 19:41:49,442 DEBUG: Adjusted wheg speed: target_rpm=0.0, current_rpm=0.0
2024-09-24 19:41:49,442 DEBUG: Executing Gait 1
2024-09-24 19:41:49,448 DEBUG: Current position for motor 7 is 180 degrees
2024-09-24 19:41:49,455 DEBUG: Current position for motor 8 is 180 degrees
2024-09-24 19:41:49,455 INFO: Front pivot angle set to 180
2024-09-24 19:41:49,455 INFO: Rear pivot angle set to 180
2024-09-24 19:41:49,556 DEBUG: Button states: {'square': False, 'x': False, 'circle': False, 'triangle': False, 'l1': False, 'r1': False, 'l2': False, 'r2': False, 'share': False, 'options': False, 'l3': False, 'r3': False, 'ps': False}
2024-09-24 19:41:49,556 DEBUG: Getting motor positions
2024-09-24 19:41:49,562 DEBUG: Current position for motor 1 is 178 degrees
2024-09-24 19:41:49,568 DEBUG: Current position for motor 2 is 178 degrees
2024-09-24 19:41:49,574 DEBUG: Current position for motor 3 is 179 degrees
2024-09-24 19:41:49,580 DEBUG: Current position for motor 4 is 180 degrees
2024-09-24 19:41:49,586 DEBUG: Current position for motor 5 is 179 degrees
2024-09-24 19:41:49,592 DEBUG: Current position for motor 6 is 180 degrees
2024-09-24 19:41:49,598 DEBUG: Current position for motor 7 is 180 degrees
2024-09-24 19:41:49,605 DEBUG: Current position for motor 8 is 180 degrees
2024-09-24 19:41:49,605 DEBUG: Motor positions: {'LR_WHEG': 178, 'LM_WHEG': 178, 'LF_WHEG': 179, 'RR_WHEG': 180, 'RM_WHEG': 179, 'RF_WHEG': 180, 'FRONT_PIVOT': 180, 'REAR_PIVOT': 180}
2024-09-24 19:41:49,605 DEBUG: Trigger inputs: L2=-1.0, R2=-1.0
2024-09-24 19:41:49,605 DEBUG: D-Pad input: {'dpad_up': False, 'dpad_down': False, 'dpad_left': False, 'dpad_right': False}
2024-09-24 19:41:49,605 DEBUG: Adjusting wheg speed: trigger_value=-1.0, current_rpm=0.0
2024-09-24 19:41:49,605 DEBUG: Adjusted wheg speed: target_rpm=0.0, current_rpm=0.0
2024-09-24 19:41:49,606 DEBUG: Executing Gait 1
2024-09-24 19:41:49,612 DEBUG: Current position for motor 7 is 180 degrees
2024-09-24 19:41:49,618 DEBUG: Current position for motor 8 is 180 degrees
2024-09-24 19:41:49,618 INFO: Front pivot angle set to 180
2024-09-24 19:41:49,619 INFO: Rear pivot angle set to 180
2024-09-24 19:41:49,719 DEBUG: Button states: {'square': False, 'x': False, 'circle': False, 'triangle': False, 'l1': False, 'r1': False, 'l2': False, 'r2': False, 'share': False, 'options': False, 'l3': False, 'r3': False, 'ps': False}
2024-09-24 19:41:49,719 DEBUG: Getting motor positions
2024-09-24 19:41:49,725 DEBUG: Current position for motor 1 is 178 degrees
2024-09-24 19:41:49,731 DEBUG: Current position for motor 2 is 178 degrees
2024-09-24 19:41:49,737 DEBUG: Current position for motor 3 is 179 degrees
2024-09-24 19:41:49,743 DEBUG: Current position for motor 4 is 180 degrees
2024-09-24 19:41:49,749 DEBUG: Current position for motor 5 is 179 degrees
2024-09-24 19:41:49,755 DEBUG: Current position for motor 6 is 180 degrees
2024-09-24 19:41:49,761 DEBUG: Current position for motor 7 is 180 degrees
2024-09-24 19:41:49,768 DEBUG: Current position for motor 8 is 180 degrees
2024-09-24 19:41:49,768 DEBUG: Motor positions: {'LR_WHEG': 178, 'LM_WHEG': 178, 'LF_WHEG': 179, 'RR_WHEG': 180, 'RM_WHEG': 179, 'RF_WHEG': 180, 'FRONT_PIVOT': 180, 'REAR_PIVOT': 180}
2024-09-24 19:41:49,768 DEBUG: Trigger inputs: L2=-1.0, R2=-1.0
2024-09-24 19:41:49,768 DEBUG: D-Pad input: {'dpad_up': False, 'dpad_down': False, 'dpad_left': False, 'dpad_right': False}
2024-09-24 19:41:49,769 DEBUG: Adjusting wheg speed: trigger_value=-1.0, current_rpm=0.0
2024-09-24 19:41:49,769 DEBUG: Adjusted wheg speed: target_rpm=0.0, current_rpm=0.0
2024-09-24 19:41:49,769 DEBUG: Executing Gait 1
2024-09-24 19:41:49,775 DEBUG: Current position for motor 7 is 180 degrees
2024-09-24 19:41:49,781 DEBUG: Current position for motor 8 is 180 degrees
2024-09-24 19:41:49,782 INFO: Front pivot angle set to 180
2024-09-24 19:41:49,782 INFO: Rear pivot angle set to 180
2024-09-24 19:41:49,882 DEBUG: Button states: {'square': False, 'x': False, 'circle': False, 'triangle': False, 'l1': False, 'r1': False, 'l2': False, 'r2': False, 'share': False, 'options': False, 'l3': False, 'r3': False, 'ps': False}
2024-09-24 19:41:49,882 DEBUG: Getting motor positions
2024-09-24 19:41:49,888 DEBUG: Current position for motor 1 is 179 degrees
2024-09-24 19:41:49,894 DEBUG: Current position for motor 2 is 178 degrees
2024-09-24 19:41:49,900 DEBUG: Current position for motor 3 is 179 degrees
2024-09-24 19:41:49,906 DEBUG: Current position for motor 4 is 180 degrees
2024-09-24 19:41:49,912 DEBUG: Current position for motor 5 is 179 degrees
2024-09-24 19:41:49,918 DEBUG: Current position for motor 6 is 180 degrees
2024-09-24 19:41:49,925 DEBUG: Current position for motor 7 is 180 degrees
2024-09-24 19:41:49,931 DEBUG: Current position for motor 8 is 180 degrees
2024-09-24 19:41:49,931 DEBUG: Motor positions: {'LR_WHEG': 179, 'LM_WHEG': 178, 'LF_WHEG': 179, 'RR_WHEG': 180, 'RM_WHEG': 179, 'RF_WHEG': 180, 'FRONT_PIVOT': 180, 'REAR_PIVOT': 180}
2024-09-24 19:41:49,931 DEBUG: Trigger inputs: L2=-1.0, R2=-1.0
2024-09-24 19:41:49,931 DEBUG: D-Pad input: {'dpad_up': False, 'dpad_down': False, 'dpad_left': False, 'dpad_right': False}
2024-09-24 19:41:49,932 DEBUG: Adjusting wheg speed: trigger_value=-1.0, current_rpm=0.0
2024-09-24 19:41:49,932 DEBUG: Adjusted wheg speed: target_rpm=0.0, current_rpm=0.0
2024-09-24 19:41:49,932 DEBUG: Executing Gait 1
2024-09-24 19:41:49,938 DEBUG: Current position for motor 7 is 180 degrees
2024-09-24 19:41:49,944 DEBUG: Current position for motor 8 is 180 degrees
2024-09-24 19:41:49,945 INFO: Front pivot angle set to 180
2024-09-24 19:41:49,945 INFO: Rear pivot angle set to 180
2024-09-24 19:41:49,945 INFO: Motor Positions: {'LR_WHEG': 179, 'LM_WHEG': 178, 'LF_WHEG': 179, 'RR_WHEG': 180, 'RM_WHEG': 179, 'RF_WHEG': 180, 'FRONT_PIVOT': 180, 'REAR_PIVOT': 180}
2024-09-24 19:41:49,945 INFO: L2 Trigger: -1.0, R2 Trigger: -1.0
2024-09-24 19:41:49,945 INFO: Button States: {'square': False, 'x': False, 'circle': False, 'triangle': False, 'l1': False, 'r1': False, 'l2': False, 'r2': False, 'share': False, 'options': False, 'l3': False, 'r3': False, 'ps': False}
2024-09-24 19:41:49,945 INFO: D-Pad Input: {'dpad_up': False, 'dpad_down': False, 'dpad_left': False, 'dpad_right': False}
2024-09-24 19:41:50,046 DEBUG: Button states: {'square': False, 'x': False, 'circle': False, 'triangle': False, 'l1': False, 'r1': False, 'l2': False, 'r2': False, 'share': False, 'options': False, 'l3': False, 'r3': False, 'ps': False}
2024-09-24 19:41:50,046 DEBUG: Getting motor positions
2024-09-24 19:41:50,052 DEBUG: Current position for motor 1 is 179 degrees
2024-09-24 19:41:50,058 DEBUG: Current position for motor 2 is 178 degrees
2024-09-24 19:41:50,064 DEBUG: Current position for motor 3 is 179 degrees
2024-09-24 19:41:50,070 DEBUG: Current position for motor 4 is 180 degrees
2024-09-24 19:41:50,076 DEBUG: Current position for motor 5 is 179 degrees
2024-09-24 19:41:50,082 DEBUG: Current position for motor 6 is 180 degrees
2024-09-24 19:41:50,088 DEBUG: Current position for motor 7 is 180 degrees
2024-09-24 19:41:50,095 DEBUG: Current position for motor 8 is 180 degrees
2024-09-24 19:41:50,095 DEBUG: Motor positions: {'LR_WHEG': 179, 'LM_WHEG': 178, 'LF_WHEG': 179, 'RR_WHEG': 180, 'RM_WHEG': 179, 'RF_WHEG': 180, 'FRONT_PIVOT': 180, 'REAR_PIVOT': 180}
2024-09-24 19:41:50,095 DEBUG: Trigger inputs: L2=-1.0, R2=-1.0
2024-09-24 19:41:50,095 DEBUG: D-Pad input: {'dpad_up': False, 'dpad_down': False, 'dpad_left': False, 'dpad_right': False}
2024-09-24 19:41:50,095 DEBUG: Adjusting wheg speed: trigger_value=-1.0, current_rpm=0.0
2024-09-24 19:41:50,095 DEBUG: Adjusted wheg speed: target_rpm=0.0, current_rpm=0.0
2024-09-24 19:41:50,095 DEBUG: Executing Gait 1
2024-09-24 19:41:50,102 DEBUG: Current position for motor 7 is 180 degrees
2024-09-24 19:41:50,108 DEBUG: Current position for motor 8 is 180 degrees
2024-09-24 19:41:50,108 INFO: Front pivot angle set to 180
2024-09-24 19:41:50,108 INFO: Rear pivot angle set to 180
2024-09-24 19:41:50,209 DEBUG: Button states: {'square': False, 'x': False, 'circle': False, 'triangle': False, 'l1': False, 'r1': False, 'l2': False, 'r2': False, 'share': False, 'options': False, 'l3': False, 'r3': False, 'ps': False}
2024-09-24 19:41:50,209 DEBUG: Getting motor positions
2024-09-24 19:41:50,215 DEBUG: Current position for motor 1 is 178 degrees
2024-09-24 19:41:50,221 DEBUG: Current position for motor 2 is 178 degrees
2024-09-24 19:41:50,227 DEBUG: Current position for motor 3 is 179 degrees
2024-09-24 19:41:50,233 DEBUG: Current position for motor 4 is 180 degrees
2024-09-24 19:41:50,239 DEBUG: Current position for motor 5 is 179 degrees
2024-09-24 19:41:50,245 DEBUG: Current position for motor 6 is 180 degrees
2024-09-24 19:41:50,251 DEBUG: Current position for motor 7 is 180 degrees
2024-09-24 19:41:50,258 DEBUG: Current position for motor 8 is 180 degrees
2024-09-24 19:41:50,258 DEBUG: Motor positions: {'LR_WHEG': 178, 'LM_WHEG': 178, 'LF_WHEG': 179, 'RR_WHEG': 180, 'RM_WHEG': 179, 'RF_WHEG': 180, 'FRONT_PIVOT': 180, 'REAR_PIVOT': 180}
2024-09-24 19:41:50,258 DEBUG: Trigger inputs: L2=-1.0, R2=-1.0
2024-09-24 19:41:50,258 DEBUG: D-Pad input: {'dpad_up': False, 'dpad_down': False, 'dpad_left': False, 'dpad_right': False}
2024-09-24 19:41:50,258 DEBUG: Adjusting wheg speed: trigger_value=-1.0, current_rpm=0.0
2024-09-24 19:41:50,258 DEBUG: Adjusted wheg speed: target_rpm=0.0, current_rpm=0.0
2024-09-24 19:41:50,258 DEBUG: Executing Gait 1
2024-09-24 19:41:50,265 DEBUG: Current position for motor 7 is 180 degrees
2024-09-24 19:41:50,272 DEBUG: Current position for motor 8 is 180 degrees
2024-09-24 19:41:50,272 INFO: Front pivot angle set to 180
2024-09-24 19:41:50,272 INFO: Rear pivot angle set to 180
2024-09-24 19:41:50,372 DEBUG: Button states: {'square': False, 'x': False, 'circle': False, 'triangle': False, 'l1': False, 'r1': False, 'l2': False, 'r2': False, 'share': False, 'options': False, 'l3': False, 'r3': False, 'ps': False}
2024-09-24 19:41:50,372 DEBUG: Getting motor positions
2024-09-24 19:41:50,378 DEBUG: Current position for motor 1 is 178 degrees
2024-09-24 19:41:50,384 DEBUG: Current position for motor 2 is 178 degrees
2024-09-24 19:41:50,390 DEBUG: Current position for motor 3 is 179 degrees
2024-09-24 19:41:50,396 DEBUG: Current position for motor 4 is 180 degrees
2024-09-24 19:41:50,402 DEBUG: Current position for motor 5 is 179 degrees
2024-09-24 19:41:50,408 DEBUG: Current position for motor 6 is 180 degrees
2024-09-24 19:41:50,415 DEBUG: Current position for motor 7 is 180 degrees
2024-09-24 19:41:50,421 DEBUG: Current position for motor 8 is 180 degrees
2024-09-24 19:41:50,421 DEBUG: Motor positions: {'LR_WHEG': 178, 'LM_WHEG': 178, 'LF_WHEG': 179, 'RR_WHEG': 180, 'RM_WHEG': 179, 'RF_WHEG': 180, 'FRONT_PIVOT': 180, 'REAR_PIVOT': 180}
2024-09-24 19:41:50,421 DEBUG: Trigger inputs: L2=-1.0, R2=-1.0
2024-09-24 19:41:50,421 DEBUG: D-Pad input: {'dpad_up': False, 'dpad_down': False, 'dpad_left': False, 'dpad_right': False}
2024-09-24 19:41:50,422 DEBUG: Adjusting wheg speed: trigger_value=-1.0, current_rpm=0.0
2024-09-24 19:41:50,422 DEBUG: Adjusted wheg speed: target_rpm=0.0, current_rpm=0.0
2024-09-24 19:41:50,422 DEBUG: Executing Gait 1
2024-09-24 19:41:50,428 DEBUG: Current position for motor 7 is 180 degrees
2024-09-24 19:41:50,435 DEBUG: Current position for motor 8 is 180 degrees
2024-09-24 19:41:50,435 INFO: Front pivot angle set to 180
2024-09-24 19:41:50,435 INFO: Rear pivot angle set to 180
2024-09-24 19:41:50,535 DEBUG: Button states: {'square': False, 'x': False, 'circle': False, 'triangle': False, 'l1': False, 'r1': False, 'l2': False, 'r2': False, 'share': False, 'options': False, 'l3': False, 'r3': False, 'ps': False}
2024-09-24 19:41:50,535 DEBUG: Getting motor positions
2024-09-24 19:41:50,541 DEBUG: Current position for motor 1 is 178 degrees
2024-09-24 19:41:50,547 DEBUG: Current position for motor 2 is 178 degrees
2024-09-24 19:41:50,553 DEBUG: Current position for motor 3 is 179 degrees
2024-09-24 19:41:50,559 DEBUG: Current position for motor 4 is 180 degrees
2024-09-24 19:41:50,565 DEBUG: Current position for motor 5 is 179 degrees
2024-09-24 19:41:50,571 DEBUG: Current position for motor 6 is 180 degrees
2024-09-24 19:41:50,578 DEBUG: Current position for motor 7 is 180 degrees
2024-09-24 19:41:50,584 DEBUG: Current position for motor 8 is 180 degrees
2024-09-24 19:41:50,584 DEBUG: Motor positions: {'LR_WHEG': 178, 'LM_WHEG': 178, 'LF_WHEG': 179, 'RR_WHEG': 180, 'RM_WHEG': 179, 'RF_WHEG': 180, 'FRONT_PIVOT': 180, 'REAR_PIVOT': 180}
2024-09-24 19:41:50,584 DEBUG: Trigger inputs: L2=-1.0, R2=-1.0
2024-09-24 19:41:50,584 DEBUG: D-Pad input: {'dpad_up': False, 'dpad_down': False, 'dpad_left': False, 'dpad_right': False}
2024-09-24 19:41:50,585 DEBUG: Adjusting wheg speed: trigger_value=-1.0, current_rpm=0.0
2024-09-24 19:41:50,585 DEBUG: Adjusted wheg speed: target_rpm=0.0, current_rpm=0.0
2024-09-24 19:41:50,585 DEBUG: Executing Gait 1
2024-09-24 19:41:50,591 DEBUG: Current position for motor 7 is 180 degrees
2024-09-24 19:41:50,598 DEBUG: Current position for motor 8 is 180 degrees
2024-09-24 19:41:50,598 INFO: Front pivot angle set to 180
2024-09-24 19:41:50,598 INFO: Rear pivot angle set to 180
2024-09-24 19:41:50,698 DEBUG: Button states: {'square': False, 'x': False, 'circle': False, 'triangle': False, 'l1': False, 'r1': False, 'l2': False, 'r2': False, 'share': False, 'options': False, 'l3': False, 'r3': False, 'ps': False}
2024-09-24 19:41:50,698 DEBUG: Getting motor positions
2024-09-24 19:41:50,704 DEBUG: Current position for motor 1 is 179 degrees
2024-09-24 19:41:50,711 DEBUG: Current position for motor 2 is 179 degrees
2024-09-24 19:41:50,716 DEBUG: Current position for motor 3 is 179 degrees
2024-09-24 19:41:50,723 DEBUG: Current position for motor 4 is 180 degrees
2024-09-24 19:41:50,728 DEBUG: Current position for motor 5 is 179 degrees
2024-09-24 19:41:50,734 DEBUG: Current position for motor 6 is 180 degrees
2024-09-24 19:41:50,741 DEBUG: Current position for motor 7 is 180 degrees
2024-09-24 19:41:50,747 DEBUG: Current position for motor 8 is 180 degrees
2024-09-24 19:41:50,747 DEBUG: Motor positions: {'LR_WHEG': 179, 'LM_WHEG': 179, 'LF_WHEG': 179, 'RR_WHEG': 180, 'RM_WHEG': 179, 'RF_WHEG': 180, 'FRONT_PIVOT': 180, 'REAR_PIVOT': 180}
2024-09-24 19:41:50,748 DEBUG: Trigger inputs: L2=-1.0, R2=-1.0
2024-09-24 19:41:50,748 DEBUG: D-Pad input: {'dpad_up': False, 'dpad_down': False, 'dpad_left': False, 'dpad_right': False}
2024-09-24 19:41:50,748 DEBUG: Adjusting wheg speed: trigger_value=-1.0, current_rpm=0.0
2024-09-24 19:41:50,748 DEBUG: Adjusted wheg speed: target_rpm=0.0, current_rpm=0.0
2024-09-24 19:41:50,748 DEBUG: Executing Gait 1
2024-09-24 19:41:50,754 DEBUG: Current position for motor 7 is 180 degrees
2024-09-24 19:41:50,761 DEBUG: Current position for motor 8 is 180 degrees
2024-09-24 19:41:50,761 INFO: Front pivot angle set to 180
2024-09-24 19:41:50,761 INFO: Rear pivot angle set to 180
2024-09-24 19:41:50,862 DEBUG: Button states: {'square': False, 'x': False, 'circle': False, 'triangle': False, 'l1': False, 'r1': False, 'l2': False, 'r2': False, 'share': False, 'options': False, 'l3': False, 'r3': False, 'ps': False}
2024-09-24 19:41:50,862 DEBUG: Getting motor positions
2024-09-24 19:41:50,868 DEBUG: Current position for motor 1 is 179 degrees
2024-09-24 19:41:50,874 DEBUG: Current position for motor 2 is 179 degrees
2024-09-24 19:41:50,880 DEBUG: Current position for motor 3 is 179 degrees
2024-09-24 19:41:50,886 DEBUG: Current position for motor 4 is 180 degrees
2024-09-24 19:41:50,892 DEBUG: Current position for motor 5 is 179 degrees
2024-09-24 19:41:50,898 DEBUG: Current position for motor 6 is 180 degrees
2024-09-24 19:41:50,904 DEBUG: Current position for motor 7 is 180 degrees
2024-09-24 19:41:50,911 DEBUG: Current position for motor 8 is 180 degrees
2024-09-24 19:41:50,911 DEBUG: Motor positions: {'LR_WHEG': 179, 'LM_WHEG': 179, 'LF_WHEG': 179, 'RR_WHEG': 180, 'RM_WHEG': 179, 'RF_WHEG': 180, 'FRONT_PIVOT': 180, 'REAR_PIVOT': 180}
2024-09-24 19:41:50,911 DEBUG: Trigger inputs: L2=-1.0, R2=-1.0
2024-09-24 19:41:50,911 DEBUG: D-Pad input: {'dpad_up': False, 'dpad_down': False, 'dpad_left': False, 'dpad_right': False}
2024-09-24 19:41:50,911 DEBUG: Adjusting wheg speed: trigger_value=-1.0, current_rpm=0.0
2024-09-24 19:41:50,911 DEBUG: Adjusted wheg speed: target_rpm=0.0, current_rpm=0.0
2024-09-24 19:41:50,911 DEBUG: Executing Gait 1
2024-09-24 19:41:50,918 DEBUG: Current position for motor 7 is 180 degrees
2024-09-24 19:41:50,924 DEBUG: Current position for motor 8 is 180 degrees
2024-09-24 19:41:50,924 INFO: Front pivot angle set to 180
2024-09-24 19:41:50,924 INFO: Rear pivot angle set to 180
2024-09-24 19:41:51,025 DEBUG: Button states: {'square': False, 'x': False, 'circle': False, 'triangle': False, 'l1': False, 'r1': False, 'l2': False, 'r2': False, 'share': False, 'options': False, 'l3': False, 'r3': False, 'ps': False}
2024-09-24 19:41:51,025 DEBUG: Getting motor positions
2024-09-24 19:41:51,031 DEBUG: Current position for motor 1 is 179 degrees
2024-09-24 19:41:51,037 DEBUG: Current position for motor 2 is 178 degrees
2024-09-24 19:41:51,043 DEBUG: Current position for motor 3 is 179 degrees
2024-09-24 19:41:51,049 DEBUG: Current position for motor 4 is 180 degrees
2024-09-24 19:41:51,055 DEBUG: Current position for motor 5 is 179 degrees
2024-09-24 19:41:51,061 DEBUG: Current position for motor 6 is 180 degrees
2024-09-24 19:41:51,067 DEBUG: Current position for motor 7 is 180 degrees
2024-09-24 19:41:51,074 DEBUG: Current position for motor 8 is 180 degrees
2024-09-24 19:41:51,074 DEBUG: Motor positions: {'LR_WHEG': 179, 'LM_WHEG': 178, 'LF_WHEG': 179, 'RR_WHEG': 180, 'RM_WHEG': 179, 'RF_WHEG': 180, 'FRONT_PIVOT': 180, 'REAR_PIVOT': 180}
2024-09-24 19:41:51,074 DEBUG: Trigger inputs: L2=-1.0, R2=-1.0
2024-09-24 19:41:51,074 DEBUG: D-Pad input: {'dpad_up': False, 'dpad_down': False, 'dpad_left': False, 'dpad_right': False}
2024-09-24 19:41:51,074 DEBUG: Adjusting wheg speed: trigger_value=-1.0, current_rpm=0.0
2024-09-24 19:41:51,074 DEBUG: Adjusted wheg speed: target_rpm=0.0, current_rpm=0.0
2024-09-24 19:41:51,074 DEBUG: Executing Gait 1
2024-09-24 19:41:51,076 INFO: Terminating program...
2024-09-24 19:41:51,077 ERROR: Failed to disable torque for motor 1: [TxRxResult] Port is in use!
2024-09-24 19:41:51,077 ERROR: Failed to disable torque for motor 2: [TxRxResult] Port is in use!
2024-09-24 19:41:51,077 ERROR: Failed to disable torque for motor 3: [TxRxResult] Port is in use!
2024-09-24 19:41:51,077 ERROR: Failed to disable torque for motor 4: [TxRxResult] Port is in use!
2024-09-24 19:41:51,077 ERROR: Failed to disable torque for motor 5: [TxRxResult] Port is in use!
2024-09-24 19:41:51,077 ERROR: Failed to disable torque for motor 6: [TxRxResult] Port is in use!
2024-09-24 19:41:51,077 INFO: Torque disabled for all motors in group 'Wheg_Group'
2024-09-24 19:41:51,078 ERROR: Failed to sync write operating modes for group Wheg_Group: [TxRxResult] Port is in use!
2024-09-24 19:41:51,078 ERROR: Failed to enable torque for motor 1: [TxRxResult] Port is in use!
2024-09-24 19:41:51,078 ERROR: Failed to enable torque for motor 2: [TxRxResult] Port is in use!
2024-09-24 19:41:51,078 ERROR: Failed to enable torque for motor 3: [TxRxResult] Port is in use!
2024-09-24 19:41:51,078 ERROR: Failed to enable torque for motor 4: [TxRxResult] Port is in use!
2024-09-24 19:41:51,078 ERROR: Failed to enable torque for motor 5: [TxRxResult] Port is in use!
2024-09-24 19:41:51,078 ERROR: Failed to enable torque for motor 6: [TxRxResult] Port is in use!
2024-09-24 19:41:51,078 INFO: Torque enabled for all motors in group 'Wheg_Group'
2024-09-24 19:41:51,079 DEBUG: Setting velocity limit for motors in group Wheg_Group
2024-09-24 19:41:51,079 ERROR: Failed to bulk write velocity limit for group 'Wheg_Group': [TxRxResult] Port is in use!
2024-09-24 19:41:51,079 DEBUG: Setting wheg velocity: wheg_ids=[1], rpm=0
2024-09-24 19:41:51,079 ERROR: Failed to set goal velocity for motor 1: [TxRxResult] Port is in use!
2024-09-24 19:41:51,079 INFO: Goal velocity set to 0 for motor 1
2024-09-24 19:41:51,079 DEBUG: Set wheg velocity: wheg_id=1, rpm=0
2024-09-24 19:41:51,079 INFO: Set velocity to 0 for wheg_id=1
2024-09-24 19:41:51,079 ERROR: Failed to disable torque for motor 1: [TxRxResult] Port is in use!
2024-09-24 19:41:51,080 ERROR: Failed to disable torque for motor 2: [TxRxResult] Port is in use!
2024-09-24 19:41:51,080 ERROR: Failed to disable torque for motor 3: [TxRxResult] Port is in use!
2024-09-24 19:41:51,080 ERROR: Failed to disable torque for motor 4: [TxRxResult] Port is in use!
2024-09-24 19:41:51,080 ERROR: Failed to disable torque for motor 5: [TxRxResult] Port is in use!
2024-09-24 19:41:51,080 ERROR: Failed to disable torque for motor 6: [TxRxResult] Port is in use!
2024-09-24 19:41:51,080 INFO: Torque disabled for all motors in group 'Wheg_Group'
2024-09-24 19:41:51,081 ERROR: Failed to sync write operating modes for group Wheg_Group: [TxRxResult] Port is in use!
2024-09-24 19:41:51,081 ERROR: Failed to enable torque for motor 1: [TxRxResult] Port is in use!
2024-09-24 19:41:51,081 ERROR: Failed to enable torque for motor 2: [TxRxResult] Port is in use!
2024-09-24 19:41:51,081 ERROR: Failed to enable torque for motor 3: [TxRxResult] Port is in use!
2024-09-24 19:41:51,081 ERROR: Failed to enable torque for motor 4: [TxRxResult] Port is in use!
2024-09-24 19:41:51,081 ERROR: Failed to enable torque for motor 5: [TxRxResult] Port is in use!
2024-09-24 19:41:51,081 ERROR: Failed to enable torque for motor 6: [TxRxResult] Port is in use!
2024-09-24 19:41:51,081 INFO: Torque enabled for all motors in group 'Wheg_Group'
2024-09-24 19:41:51,082 DEBUG: Setting velocity limit for motors in group Wheg_Group
2024-09-24 19:41:51,082 ERROR: Failed to bulk write velocity limit for group 'Wheg_Group': [TxRxResult] Port is in use!
2024-09-24 19:41:51,082 DEBUG: Setting wheg velocity: wheg_ids=[2], rpm=0
2024-09-24 19:41:51,082 ERROR: Failed to set goal velocity for motor 2: [TxRxResult] Port is in use!
2024-09-24 19:41:51,082 INFO: Goal velocity set to 0 for motor 2
2024-09-24 19:41:51,082 DEBUG: Set wheg velocity: wheg_id=2, rpm=0
2024-09-24 19:41:51,082 INFO: Set velocity to 0 for wheg_id=2
2024-09-24 19:41:51,082 ERROR: Failed to disable torque for motor 1: [TxRxResult] Port is in use!
2024-09-24 19:41:51,083 ERROR: Failed to disable torque for motor 2: [TxRxResult] Port is in use!
2024-09-24 19:41:51,083 ERROR: Failed to disable torque for motor 3: [TxRxResult] Port is in use!
2024-09-24 19:41:51,083 ERROR: Failed to disable torque for motor 4: [TxRxResult] Port is in use!
2024-09-24 19:41:51,083 ERROR: Failed to disable torque for motor 5: [TxRxResult] Port is in use!
2024-09-24 19:41:51,083 ERROR: Failed to disable torque for motor 6: [TxRxResult] Port is in use!
2024-09-24 19:41:51,083 INFO: Torque disabled for all motors in group 'Wheg_Group'
2024-09-24 19:41:51,083 ERROR: Failed to sync write operating modes for group Wheg_Group: [TxRxResult] Port is in use!
2024-09-24 19:41:51,083 ERROR: Failed to enable torque for motor 1: [TxRxResult] Port is in use!
2024-09-24 19:41:51,084 ERROR: Failed to enable torque for motor 2: [TxRxResult] Port is in use!
2024-09-24 19:41:51,084 ERROR: Failed to enable torque for motor 3: [TxRxResult] Port is in use!
2024-09-24 19:41:51,084 ERROR: Failed to enable torque for motor 4: [TxRxResult] Port is in use!
2024-09-24 19:41:51,084 ERROR: Failed to enable torque for motor 5: [TxRxResult] Port is in use!
2024-09-24 19:41:51,084 ERROR: Failed to enable torque for motor 6: [TxRxResult] Port is in use!
2024-09-24 19:41:51,084 INFO: Torque enabled for all motors in group 'Wheg_Group'
2024-09-24 19:41:51,084 DEBUG: Setting velocity limit for motors in group Wheg_Group
2024-09-24 19:41:51,084 ERROR: Failed to bulk write velocity limit for group 'Wheg_Group': [TxRxResult] Port is in use!
2024-09-24 19:41:51,085 DEBUG: Setting wheg velocity: wheg_ids=[3], rpm=0
2024-09-24 19:41:51,085 ERROR: Failed to set goal velocity for motor 3: [TxRxResult] Port is in use!
2024-09-24 19:41:51,085 INFO: Goal velocity set to 0 for motor 3
2024-09-24 19:41:51,085 DEBUG: Set wheg velocity: wheg_id=3, rpm=0
2024-09-24 19:41:51,085 INFO: Set velocity to 0 for wheg_id=3
2024-09-24 19:41:51,085 ERROR: Failed to disable torque for motor 1: [TxRxResult] Port is in use!
2024-09-24 19:41:51,085 ERROR: Failed to disable torque for motor 2: [TxRxResult] Port is in use!
2024-09-24 19:41:51,086 ERROR: Failed to disable torque for motor 3: [TxRxResult] Port is in use!
2024-09-24 19:41:51,086 ERROR: Failed to disable torque for motor 4: [TxRxResult] Port is in use!
2024-09-24 19:41:51,086 ERROR: Failed to disable torque for motor 5: [TxRxResult] Port is in use!
2024-09-24 19:41:51,086 ERROR: Failed to disable torque for motor 6: [TxRxResult] Port is in use!
2024-09-24 19:41:51,086 INFO: Torque disabled for all motors in group 'Wheg_Group'
2024-09-24 19:41:51,086 ERROR: Failed to sync write operating modes for group Wheg_Group: [TxRxResult] Port is in use!
2024-09-24 19:41:51,086 ERROR: Failed to enable torque for motor 1: [TxRxResult] Port is in use!
2024-09-24 19:41:51,086 ERROR: Failed to enable torque for motor 2: [TxRxResult] Port is in use!
2024-09-24 19:41:51,087 ERROR: Failed to enable torque for motor 3: [TxRxResult] Port is in use!
2024-09-24 19:41:51,087 ERROR: Failed to enable torque for motor 4: [TxRxResult] Port is in use!
2024-09-24 19:41:51,087 ERROR: Failed to enable torque for motor 5: [TxRxResult] Port is in use!
2024-09-24 19:41:51,087 ERROR: Failed to enable torque for motor 6: [TxRxResult] Port is in use!
2024-09-24 19:41:51,087 INFO: Torque enabled for all motors in group 'Wheg_Group'
2024-09-24 19:41:51,087 DEBUG: Setting velocity limit for motors in group Wheg_Group
2024-09-24 19:41:51,087 ERROR: Failed to bulk write velocity limit for group 'Wheg_Group': [TxRxResult] Port is in use!
2024-09-24 19:41:51,087 DEBUG: Setting wheg velocity: wheg_ids=[4], rpm=0
2024-09-24 19:41:51,088 ERROR: Failed to set goal velocity for motor 4: [TxRxResult] Port is in use!
2024-09-24 19:41:51,088 INFO: Goal velocity set to 0 for motor 4
2024-09-24 19:41:51,088 DEBUG: Set wheg velocity: wheg_id=4, rpm=0
2024-09-24 19:41:51,088 INFO: Set velocity to 0 for wheg_id=4
2024-09-24 19:41:51,088 ERROR: Failed to disable torque for motor 1: [TxRxResult] Port is in use!
2024-09-24 19:41:51,088 ERROR: Failed to disable torque for motor 2: [TxRxResult] Port is in use!
2024-09-24 19:41:51,088 ERROR: Failed to disable torque for motor 3: [TxRxResult] Port is in use!
2024-09-24 19:41:51,088 ERROR: Failed to disable torque for motor 4: [TxRxResult] Port is in use!
2024-09-24 19:41:51,088 ERROR: Failed to disable torque for motor 5: [TxRxResult] Port is in use!
2024-09-24 19:41:51,089 ERROR: Failed to disable torque for motor 6: [TxRxResult] Port is in use!
2024-09-24 19:41:51,089 INFO: Torque disabled for all motors in group 'Wheg_Group'
2024-09-24 19:41:51,089 ERROR: Failed to sync write operating modes for group Wheg_Group: [TxRxResult] Port is in use!
2024-09-24 19:41:51,089 ERROR: Failed to enable torque for motor 1: [TxRxResult] Port is in use!
2024-09-24 19:41:51,089 ERROR: Failed to enable torque for motor 2: [TxRxResult] Port is in use!
2024-09-24 19:41:51,089 ERROR: Failed to enable torque for motor 3: [TxRxResult] Port is in use!
2024-09-24 19:41:51,089 ERROR: Failed to enable torque for motor 4: [TxRxResult] Port is in use!
2024-09-24 19:41:51,089 ERROR: Failed to enable torque for motor 5: [TxRxResult] Port is in use!
2024-09-24 19:41:51,089 ERROR: Failed to enable torque for motor 6: [TxRxResult] Port is in use!
2024-09-24 19:41:51,089 INFO: Torque enabled for all motors in group 'Wheg_Group'
2024-09-24 19:41:51,090 DEBUG: Setting velocity limit for motors in group Wheg_Group
2024-09-24 19:41:51,090 ERROR: Failed to bulk write velocity limit for group 'Wheg_Group': [TxRxResult] Port is in use!
2024-09-24 19:41:51,090 DEBUG: Setting wheg velocity: wheg_ids=[5], rpm=0
2024-09-24 19:41:51,090 ERROR: Failed to set goal velocity for motor 5: [TxRxResult] Port is in use!
2024-09-24 19:41:51,090 INFO: Goal velocity set to 0 for motor 5
2024-09-24 19:41:51,090 DEBUG: Set wheg velocity: wheg_id=5, rpm=0
2024-09-24 19:41:51,090 INFO: Set velocity to 0 for wheg_id=5
2024-09-24 19:41:51,090 ERROR: Failed to disable torque for motor 1: [TxRxResult] Port is in use!
2024-09-24 19:41:51,090 ERROR: Failed to disable torque for motor 2: [TxRxResult] Port is in use!
2024-09-24 19:41:51,091 ERROR: Failed to disable torque for motor 3: [TxRxResult] Port is in use!
2024-09-24 19:41:51,091 ERROR: Failed to disable torque for motor 4: [TxRxResult] Port is in use!
2024-09-24 19:41:51,091 ERROR: Failed to disable torque for motor 5: [TxRxResult] Port is in use!
2024-09-24 19:41:51,091 ERROR: Failed to disable torque for motor 6: [TxRxResult] Port is in use!
2024-09-24 19:41:51,091 INFO: Torque disabled for all motors in group 'Wheg_Group'
2024-09-24 19:41:51,091 ERROR: Failed to sync write operating modes for group Wheg_Group: [TxRxResult] Port is in use!
2024-09-24 19:41:51,091 ERROR: Failed to enable torque for motor 1: [TxRxResult] Port is in use!
2024-09-24 19:41:51,091 ERROR: Failed to enable torque for motor 2: [TxRxResult] Port is in use!
2024-09-24 19:41:51,091 ERROR: Failed to enable torque for motor 3: [TxRxResult] Port is in use!
2024-09-24 19:41:51,092 ERROR: Failed to enable torque for motor 4: [TxRxResult] Port is in use!
2024-09-24 19:41:51,092 ERROR: Failed to enable torque for motor 5: [TxRxResult] Port is in use!
2024-09-24 19:41:51,092 ERROR: Failed to enable torque for motor 6: [TxRxResult] Port is in use!
2024-09-24 19:41:51,092 INFO: Torque enabled for all motors in group 'Wheg_Group'
2024-09-24 19:41:51,092 DEBUG: Setting velocity limit for motors in group Wheg_Group
2024-09-24 19:41:51,092 ERROR: Failed to bulk write velocity limit for group 'Wheg_Group': [TxRxResult] Port is in use!
2024-09-24 19:41:51,092 DEBUG: Setting wheg velocity: wheg_ids=[6], rpm=0
2024-09-24 19:41:51,092 ERROR: Failed to set goal velocity for motor 6: [TxRxResult] Port is in use!
2024-09-24 19:41:51,092 INFO: Goal velocity set to 0 for motor 6
2024-09-24 19:41:51,093 DEBUG: Set wheg velocity: wheg_id=6, rpm=0
2024-09-24 19:41:51,093 INFO: Set velocity to 0 for wheg_id=6
2024-09-24 19:41:51,093 INFO: Closing PS4Controller and quitting pygame
2024-09-24 19:41:51,174 INFO: Port closed
2024-09-24 19:41:51,174 INFO: Shutdown complete.
