2024-10-30 14:29:39,063 INFO: Initializing PS4Controller
2024-10-30 14:29:39,373 INFO: Configuration loaded successfully
2024-10-30 14:29:39,376 INFO: Port /dev/ttyACM0 opened successfully
2024-10-30 14:29:39,384 INFO: Baudrate set to 1000000
2024-10-30 14:29:39,385 INFO: Control table loaded successfully.
2024-10-30 14:29:39,385 INFO: Motor group 'Pivot_Group' created with motors: [7, 8]
2024-10-30 14:29:39,386 INFO: Motor group 'Wheg_Group' created with motors: [1, 2, 3, 4, 5, 6]
2024-10-30 14:29:39,386 INFO: Motor group 'All_Motors' created with motors: [1, 2, 3, 4, 5, 6, 7, 8]
2024-10-30 14:29:39,386 INFO: Motor group 'Left_Whegs' created with motors: [1, 2, 3]
2024-10-30 14:29:39,387 INFO: Motor group 'Right_Whegs' created with motors: [4, 5, 6]
2024-10-30 14:29:39,388 INFO: Motor group 'Front_Whegs' created with motors: [3, 6]
2024-10-30 14:29:39,388 INFO: Motor group 'Rear_Whegs' created with motors: [1, 4]
2024-10-30 14:29:39,389 INFO: Motor group 'Middle_Whegs' created with motors: [2, 5]
2024-10-30 14:29:39,389 INFO: Motor group 'Two_Right_One_Left' created with motors: [2, 4, 6]
2024-10-30 14:29:39,390 INFO: Motor group 'Two_Left_One_Right' created with motors: [5, 1, 3]
2024-10-30 14:29:39,390 INFO: Initialised PS4 controller, Dynamixel, and Robot State
2024-10-30 14:29:39,546 INFO: Disabling torque for group Right_Whegs
2024-10-30 14:29:39,549 INFO: Drive mode set for group Right_Whegs with reverse_direction=True
2024-10-30 14:29:39,550 INFO: Enabling torque for group Right_Whegs
2024-10-30 14:29:39,552 INFO: Setting the profile velocity for group Right_Whegs from config.yaml: None
2024-10-30 14:29:39,553 ERROR: Profile velocity for group Right_Whegs not found in config.yaml and no value was provided.
2024-10-30 14:29:39,554 INFO: Profile velocities set for group Right_Whegs: {4: 21.85, 5: 21.85, 6: 21.85}
2024-10-30 14:29:39,554 INFO: Disabling torque for group Left_Whegs
2024-10-30 14:29:39,555 INFO: Drive mode set for group Left_Whegs with reverse_direction=False
2024-10-30 14:29:39,556 INFO: Enabling torque for group Left_Whegs
2024-10-30 14:29:39,556 INFO: Setting the profile velocity for group Left_Whegs from config.yaml: None
2024-10-30 14:29:39,557 ERROR: Profile velocity for group Left_Whegs not found in config.yaml and no value was provided.
2024-10-30 14:29:39,558 INFO: Profile velocities set for group Left_Whegs: {1: 21.85, 2: 21.85, 3: 21.85}
2024-10-30 14:29:39,558 INFO: Set the right side whegs to reverse direction
2024-10-30 14:29:39,558 INFO: Disabling torque for group Pivot_Group
2024-10-30 14:29:39,559 INFO: Drive mode set for group Pivot_Group with reverse_direction=False
2024-10-30 14:29:39,560 INFO: Enabling torque for group Pivot_Group
2024-10-30 14:29:39,560 INFO: Setting the profile velocity for group Pivot_Group from config.yaml: 4
2024-10-30 14:29:39,561 INFO: Profile velocities set for group Pivot_Group: {7: 17.48, 8: 17.48}
2024-10-30 14:29:39,563 INFO: Position limits set for group Pivot_Group: min=45° (ticks=511), max=315° (ticks=3583)
2024-10-30 14:29:39,565 INFO: Set position limits for the pivot motors
2024-10-30 14:29:39,574 INFO: Initialising Gait 1
2024-10-30 14:29:39,575 INFO: Running set_position_group for group 'Wheg_Group' with positions: 180
2024-10-30 14:29:39,581 INFO: Running set_position_group for group 'Pivot_Group' with positions: 180
2024-10-30 14:29:39,584 INFO: Initialised Gait 1, waiting for 3 seconds
2024-10-30 14:29:39,585 ERROR: Error controlling pivots: 'dpad_down'
2024-10-30 14:29:42,609 INFO: Setting operating mode 'multi_turn' for group 'Wheg_Group'
2024-10-30 14:29:42,610 INFO: Disabling torque for group Wheg_Group
2024-10-30 14:29:42,614 INFO: Enabling torque for group Wheg_Group
2024-10-30 14:29:42,617 INFO: Setting the profile velocity for group Wheg_Group from config.yaml: 10
2024-10-30 14:29:42,619 INFO: Profile velocities set for group Wheg_Group: {1: 43.7, 2: 43.7, 3: 43.7, 4: 43.7, 5: 43.7, 6: 43.7}
2024-10-30 14:29:42,619 INFO: Setting the profile velocity for group Wheg_Group from config.yaml: 10
2024-10-30 14:29:42,620 INFO: Profile velocities set for group Wheg_Group: {1: 43.7, 2: 43.7, 3: 43.7, 4: 43.7, 5: 43.7, 6: 43.7}
2024-10-30 14:29:42,621 INFO: New gait 1 is now active.
2024-10-30 14:29:42,640 INFO: Profile velocities set for group Wheg_Group: {1: 21.85, 2: 21.85, 3: 21.85, 4: 21.85, 5: 21.85, 6: 21.85}
2024-10-30 14:29:42,641 INFO: Incrementing motor positions by 360 degrees for group 'Wheg_Group'
2024-10-30 14:29:42,652 INFO: Gait 1 step executed at 5.00RPM, wait for 12.00 seconds
2024-10-30 14:29:54,671 INFO: Profile velocities set for group Wheg_Group: {1: 43.7, 2: 43.7, 3: 43.7, 4: 43.7, 5: 43.7, 6: 43.7}
2024-10-30 14:29:54,672 INFO: Incrementing motor positions by 360 degrees for group 'Wheg_Group'
2024-10-30 14:29:54,683 INFO: Gait 1 step executed at 10.00RPM, wait for 6.00 seconds
2024-10-30 14:30:00,719 INFO: Profile velocities set for group Wheg_Group: {1: 65.55, 2: 65.55, 3: 65.55, 4: 65.55, 5: 65.55, 6: 65.55}
2024-10-30 14:30:00,720 INFO: Incrementing motor positions by 360 degrees for group 'Wheg_Group'
2024-10-30 14:30:00,731 INFO: Gait 1 step executed at 15.00RPM, wait for 4.00 seconds
2024-10-30 14:30:04,749 INFO: Profile velocities set for group Wheg_Group: {1: 87.4, 2: 87.4, 3: 87.4, 4: 87.4, 5: 87.4, 6: 87.4}
2024-10-30 14:30:04,750 INFO: Incrementing motor positions by 360 degrees for group 'Wheg_Group'
2024-10-30 14:30:04,760 INFO: Gait 1 step executed at 20.00RPM, wait for 3.00 seconds
2024-10-30 14:30:07,781 INFO: Profile velocities set for group Wheg_Group: {1: 109.25, 2: 109.25, 3: 109.25, 4: 109.25, 5: 109.25, 6: 109.25}
2024-10-30 14:30:07,781 INFO: Incrementing motor positions by 360 degrees for group 'Wheg_Group'
2024-10-30 14:30:07,792 INFO: Gait 1 step executed at 25.00RPM, wait for 2.40 seconds
2024-10-30 14:30:10,396 INFO: Share pressed. Reversing the direction of the whegs
2024-10-30 14:30:10,412 INFO: Disabling torque for group Wheg_Group
2024-10-30 14:30:10,413 INFO: Drive mode set for group Wheg_Group with reverse_direction={1: 1, 2: 1, 3: 1, 4: 0, 5: 0, 6: 0}
2024-10-30 14:30:10,413 INFO: Enabling torque for group Wheg_Group
2024-10-30 14:30:10,414 INFO: Setting the profile velocity for group Wheg_Group from config.yaml: 10
2024-10-30 14:30:10,415 INFO: Profile velocities set for group Wheg_Group: {1: 43.7, 2: 43.7, 3: 43.7, 4: 43.7, 5: 43.7, 6: 43.7}
2024-10-30 14:30:10,416 INFO: Reversed the direction of all whegs, waiting for 3 seconds
2024-10-30 14:30:13,416 INFO: Direction of whegs reversed.
2024-10-30 14:30:13,475 INFO: Initialising Gait 1
2024-10-30 14:30:13,477 INFO: Running set_position_group for group 'Wheg_Group' with positions: 180
2024-10-30 14:30:13,482 WARNING: Motor 1 is not in Position Control Mode. Setting mode now.
2024-10-30 14:30:13,483 INFO: Setting operating mode 'position' for group 'Wheg_Group'
2024-10-30 14:30:13,484 INFO: Disabling torque for group Wheg_Group
2024-10-30 14:30:13,487 INFO: Enabling torque for group Wheg_Group
2024-10-30 14:30:13,488 INFO: Setting the profile velocity for group Wheg_Group from config.yaml: 10
2024-10-30 14:30:13,490 INFO: Profile velocities set for group Wheg_Group: {1: 43.7, 2: 43.7, 3: 43.7, 4: 43.7, 5: 43.7, 6: 43.7}
2024-10-30 14:30:13,491 INFO: Setting the profile velocity for group Wheg_Group from config.yaml: 10
2024-10-30 14:30:13,492 INFO: Profile velocities set for group Wheg_Group: {1: 43.7, 2: 43.7, 3: 43.7, 4: 43.7, 5: 43.7, 6: 43.7}
2024-10-30 14:30:13,494 INFO: Running set_position_group for group 'Pivot_Group' with positions: 180
2024-10-30 14:30:13,498 INFO: Initialised Gait 1, waiting for 3 seconds
2024-10-30 14:30:16,501 INFO: Setting operating mode 'multi_turn' for group 'Wheg_Group'
2024-10-30 14:30:16,502 INFO: Disabling torque for group Wheg_Group
2024-10-30 14:30:16,504 INFO: Enabling torque for group Wheg_Group
2024-10-30 14:30:16,505 INFO: Setting the profile velocity for group Wheg_Group from config.yaml: 10
2024-10-30 14:30:16,508 INFO: Profile velocities set for group Wheg_Group: {1: 43.7, 2: 43.7, 3: 43.7, 4: 43.7, 5: 43.7, 6: 43.7}
2024-10-30 14:30:16,509 INFO: Setting the profile velocity for group Wheg_Group from config.yaml: 10
2024-10-30 14:30:16,510 INFO: Profile velocities set for group Wheg_Group: {1: 43.7, 2: 43.7, 3: 43.7, 4: 43.7, 5: 43.7, 6: 43.7}
2024-10-30 14:30:16,510 INFO: New gait 1 is now active.
2024-10-30 14:30:16,528 INFO: Profile velocities set for group Wheg_Group: {1: 21.85, 2: 21.85, 3: 21.85, 4: 21.85, 5: 21.85, 6: 21.85}
2024-10-30 14:30:16,529 INFO: Incrementing motor positions by 360 degrees for group 'Wheg_Group'
2024-10-30 14:30:16,539 INFO: Gait 1 step executed at 5.00RPM, wait for 12.00 seconds
2024-10-30 14:30:28,558 INFO: Profile velocities set for group Wheg_Group: {1: 43.7, 2: 43.7, 3: 43.7, 4: 43.7, 5: 43.7, 6: 43.7}
2024-10-30 14:30:28,559 INFO: Incrementing motor positions by 360 degrees for group 'Wheg_Group'
2024-10-30 14:30:28,570 INFO: Gait 1 step executed at 10.00RPM, wait for 6.00 seconds
2024-10-30 14:30:34,627 INFO: Profile velocities set for group Wheg_Group: {1: 65.55, 2: 65.55, 3: 65.55, 4: 65.55, 5: 65.55, 6: 65.55}
2024-10-30 14:30:34,628 INFO: Incrementing motor positions by 360 degrees for group 'Wheg_Group'
2024-10-30 14:30:34,639 INFO: Gait 1 step executed at 15.00RPM, wait for 4.00 seconds
2024-10-30 14:30:39,079 INFO: Profile velocities set for group Wheg_Group: {1: 21.85, 2: 21.85, 3: 21.85, 4: 21.85, 5: 21.85, 6: 21.85}
2024-10-30 14:30:39,080 INFO: Incrementing motor positions by 360 degrees for group 'Wheg_Group'
2024-10-30 14:30:39,090 INFO: Gait 1 step executed at 5.00RPM, wait for 12.00 seconds
2024-10-30 14:30:51,141 INFO: Profile velocities set for group Wheg_Group: {1: 43.7, 2: 43.7, 3: 43.7, 4: 43.7, 5: 43.7, 6: 43.7}
2024-10-30 14:30:51,142 INFO: Incrementing motor positions by 360 degrees for group 'Wheg_Group'
2024-10-30 14:30:51,153 INFO: Gait 1 step executed at 10.00RPM, wait for 6.00 seconds
2024-10-30 14:30:57,216 INFO: Profile velocities set for group Wheg_Group: {1: 65.55, 2: 65.55, 3: 65.55, 4: 65.55, 5: 65.55, 6: 65.55}
2024-10-30 14:30:57,216 INFO: Incrementing motor positions by 360 degrees for group 'Wheg_Group'
2024-10-30 14:30:57,227 INFO: Gait 1 step executed at 15.00RPM, wait for 4.00 seconds
2024-10-30 14:31:01,273 INFO: Profile velocities set for group Wheg_Group: {1: 87.4, 2: 87.4, 3: 87.4, 4: 87.4, 5: 87.4, 6: 87.4}
2024-10-30 14:31:01,274 INFO: Incrementing motor positions by 360 degrees for group 'Wheg_Group'
2024-10-30 14:31:01,284 INFO: Gait 1 step executed at 20.00RPM, wait for 3.00 seconds
2024-10-30 14:31:04,331 INFO: Profile velocities set for group Wheg_Group: {1: 109.25, 2: 109.25, 3: 109.25, 4: 109.25, 5: 109.25, 6: 109.25}
2024-10-30 14:31:04,332 INFO: Incrementing motor positions by 360 degrees for group 'Wheg_Group'
2024-10-30 14:31:04,343 INFO: Gait 1 step executed at 25.00RPM, wait for 2.40 seconds
2024-10-30 14:31:05,330 INFO: Share pressed. Reversing the direction of the whegs
2024-10-30 14:31:06,767 INFO: Disabling torque for group Wheg_Group
2024-10-30 14:31:06,768 INFO: Drive mode set for group Wheg_Group with reverse_direction={1: 0, 2: 0, 3: 0, 4: 1, 5: 1, 6: 1}
2024-10-30 14:31:06,768 INFO: Enabling torque for group Wheg_Group
2024-10-30 14:31:06,769 INFO: Setting the profile velocity for group Wheg_Group from config.yaml: 10
2024-10-30 14:31:06,770 INFO: Profile velocities set for group Wheg_Group: {1: 43.7, 2: 43.7, 3: 43.7, 4: 43.7, 5: 43.7, 6: 43.7}
2024-10-30 14:31:06,770 INFO: Reversed the direction of all whegs, waiting for 3 seconds
2024-10-30 14:31:09,771 INFO: Direction of whegs reversed.
2024-10-30 14:31:09,833 INFO: Initialising Gait 1
2024-10-30 14:31:09,834 INFO: Running set_position_group for group 'Wheg_Group' with positions: 180
2024-10-30 14:31:09,839 WARNING: Motor 1 is not in Position Control Mode. Setting mode now.
2024-10-30 14:31:09,840 INFO: Setting operating mode 'position' for group 'Wheg_Group'
2024-10-30 14:31:09,841 INFO: Disabling torque for group Wheg_Group
2024-10-30 14:31:09,844 INFO: Enabling torque for group Wheg_Group
2024-10-30 14:31:09,846 INFO: Setting the profile velocity for group Wheg_Group from config.yaml: 10
2024-10-30 14:31:09,847 INFO: Profile velocities set for group Wheg_Group: {1: 43.7, 2: 43.7, 3: 43.7, 4: 43.7, 5: 43.7, 6: 43.7}
2024-10-30 14:31:09,848 INFO: Setting the profile velocity for group Wheg_Group from config.yaml: 10
2024-10-30 14:31:09,849 INFO: Profile velocities set for group Wheg_Group: {1: 43.7, 2: 43.7, 3: 43.7, 4: 43.7, 5: 43.7, 6: 43.7}
2024-10-30 14:31:09,851 INFO: Running set_position_group for group 'Pivot_Group' with positions: 180
2024-10-30 14:31:09,855 INFO: Initialised Gait 1, waiting for 3 seconds
2024-10-30 14:31:12,856 INFO: Setting operating mode 'multi_turn' for group 'Wheg_Group'
2024-10-30 14:31:12,857 INFO: Disabling torque for group Wheg_Group
2024-10-30 14:31:12,858 INFO: Enabling torque for group Wheg_Group
2024-10-30 14:31:12,859 INFO: Setting the profile velocity for group Wheg_Group from config.yaml: 10
2024-10-30 14:31:12,859 INFO: Profile velocities set for group Wheg_Group: {1: 43.7, 2: 43.7, 3: 43.7, 4: 43.7, 5: 43.7, 6: 43.7}
2024-10-30 14:31:12,860 INFO: Setting the profile velocity for group Wheg_Group from config.yaml: 10
2024-10-30 14:31:12,861 INFO: Profile velocities set for group Wheg_Group: {1: 43.7, 2: 43.7, 3: 43.7, 4: 43.7, 5: 43.7, 6: 43.7}
2024-10-30 14:31:12,861 INFO: New gait 1 is now active.
2024-10-30 14:31:13,400 INFO: Triangle pressed. Preparing to change to next gait: 2
2024-10-30 14:31:13,410 INFO: Initialising Gait 2
2024-10-30 14:31:13,410 INFO: Running set_position_group for group 'Wheg_Group' with positions: {1: 160, 2: 200, 3: 160, 4: 200, 5: 160, 6: 200}
2024-10-30 14:31:13,415 WARNING: Motor 1 is not in Position Control Mode. Setting mode now.
2024-10-30 14:31:13,416 INFO: Setting operating mode 'position' for group 'Wheg_Group'
2024-10-30 14:31:13,416 INFO: Disabling torque for group Wheg_Group
2024-10-30 14:31:13,418 INFO: Enabling torque for group Wheg_Group
2024-10-30 14:31:13,418 INFO: Setting the profile velocity for group Wheg_Group from config.yaml: 10
2024-10-30 14:31:13,419 INFO: Profile velocities set for group Wheg_Group: {1: 43.7, 2: 43.7, 3: 43.7, 4: 43.7, 5: 43.7, 6: 43.7}
2024-10-30 14:31:13,420 INFO: Setting the profile velocity for group Wheg_Group from config.yaml: 10
2024-10-30 14:31:13,421 INFO: Profile velocities set for group Wheg_Group: {1: 43.7, 2: 43.7, 3: 43.7, 4: 43.7, 5: 43.7, 6: 43.7}
2024-10-30 14:31:13,422 INFO: Running set_position_group for group 'Pivot_Group' with positions: 180
2024-10-30 14:31:13,425 INFO: Initialised Gait 2, waiting for 3 seconds
2024-10-30 14:31:16,427 INFO: Setting operating mode 'multi_turn' for group 'Wheg_Group'
2024-10-30 14:31:16,427 INFO: Disabling torque for group Wheg_Group
2024-10-30 14:31:16,429 INFO: Enabling torque for group Wheg_Group
2024-10-30 14:31:16,430 INFO: Setting the profile velocity for group Wheg_Group from config.yaml: 10
2024-10-30 14:31:16,431 INFO: Profile velocities set for group Wheg_Group: {1: 43.7, 2: 43.7, 3: 43.7, 4: 43.7, 5: 43.7, 6: 43.7}
2024-10-30 14:31:16,432 INFO: Setting the profile velocity for group Wheg_Group from config.yaml: 10
2024-10-30 14:31:16,433 INFO: Profile velocities set for group Wheg_Group: {1: 43.7, 2: 43.7, 3: 43.7, 4: 43.7, 5: 43.7, 6: 43.7}
2024-10-30 14:31:16,433 INFO: New gait 2 is now active.
2024-10-30 14:31:17,329 INFO: Triangle pressed. Preparing to change to next gait: 3
2024-10-30 14:31:17,339 INFO: Initialsing Gait 3
2024-10-30 14:31:17,340 INFO: Running set_position_group for group 'Wheg_Group' with positions: {1: 200, 2: 160, 3: 160, 4: 200, 5: 160, 6: 160}
2024-10-30 14:31:17,345 WARNING: Motor 1 is not in Position Control Mode. Setting mode now.
2024-10-30 14:31:17,345 INFO: Setting operating mode 'position' for group 'Wheg_Group'
2024-10-30 14:31:17,346 INFO: Disabling torque for group Wheg_Group
2024-10-30 14:31:17,346 INFO: Enabling torque for group Wheg_Group
2024-10-30 14:31:17,347 INFO: Setting the profile velocity for group Wheg_Group from config.yaml: 10
2024-10-30 14:31:17,348 INFO: Profile velocities set for group Wheg_Group: {1: 43.7, 2: 43.7, 3: 43.7, 4: 43.7, 5: 43.7, 6: 43.7}
2024-10-30 14:31:17,349 INFO: Setting the profile velocity for group Wheg_Group from config.yaml: 10
2024-10-30 14:31:17,350 INFO: Profile velocities set for group Wheg_Group: {1: 43.7, 2: 43.7, 3: 43.7, 4: 43.7, 5: 43.7, 6: 43.7}
2024-10-30 14:31:17,351 INFO: Running set_position_group for group 'Pivot_Group' with positions: 180
2024-10-30 14:31:17,354 INFO: Initialised Gait 3, waiting for 3 seconds
2024-10-30 14:31:17,513 INFO: Triangle pressed. Preparing to change to next gait: 3
2024-10-30 14:31:20,360 INFO: Setting operating mode 'multi_turn' for group 'Wheg_Group'
2024-10-30 14:31:20,360 INFO: Disabling torque for group Wheg_Group
2024-10-30 14:31:20,362 INFO: Enabling torque for group Wheg_Group
2024-10-30 14:31:20,364 INFO: Setting the profile velocity for group Wheg_Group from config.yaml: 10
2024-10-30 14:31:20,367 INFO: Profile velocities set for group Wheg_Group: {1: 43.7, 2: 43.7, 3: 43.7, 4: 43.7, 5: 43.7, 6: 43.7}
2024-10-30 14:31:20,368 INFO: Setting the profile velocity for group Wheg_Group from config.yaml: 10
2024-10-30 14:31:20,369 INFO: Profile velocities set for group Wheg_Group: {1: 43.7, 2: 43.7, 3: 43.7, 4: 43.7, 5: 43.7, 6: 43.7}
2024-10-30 14:31:20,369 INFO: New gait 3 is now active.
2024-10-30 14:31:20,392 INFO: Profile velocities set for group Wheg_Group: {1: 43.7, 2: 43.7, 3: 43.7, 4: 43.7, 5: 43.7, 6: 43.7}
2024-10-30 14:31:20,393 INFO: Incrementing motor positions by {1: 320, 2: 40, 3: 0, 4: 320, 5: 40, 6: 0} degrees for group 'Wheg_Group'
2024-10-30 14:31:20,403 INFO: Gait 3 step executed at 10.00 RPM, wait for 5.36 seconds
2024-10-30 14:31:25,785 INFO: Profile velocities set for group Wheg_Group: {1: 61.18, 2: 61.18, 3: 61.18, 4: 61.18, 5: 61.18, 6: 61.18}
2024-10-30 14:31:25,786 INFO: Incrementing motor positions by {1: 0, 2: 320, 3: 40, 4: 0, 5: 320, 6: 40} degrees for group 'Wheg_Group'
2024-10-30 14:31:25,797 INFO: Gait 3 step executed at 14.00 RPM, wait for 3.83 seconds
2024-10-30 14:31:29,656 INFO: Profile velocities set for group Wheg_Group: {1: 78.66, 2: 78.66, 3: 78.66, 4: 78.66, 5: 78.66, 6: 78.66}
2024-10-30 14:31:29,656 INFO: Incrementing motor positions by {1: 40, 2: 0, 3: 320, 4: 40, 5: 0, 6: 320} degrees for group 'Wheg_Group'
2024-10-30 14:31:29,667 INFO: Gait 3 step executed at 18.00 RPM, wait for 2.99 seconds
2024-10-30 14:31:32,700 INFO: Profile velocities set for group Wheg_Group: {1: 96.14, 2: 96.14, 3: 96.14, 4: 96.14, 5: 96.14, 6: 96.14}
2024-10-30 14:31:32,700 INFO: Incrementing motor positions by {1: 320, 2: 40, 3: 0, 4: 320, 5: 40, 6: 0} degrees for group 'Wheg_Group'
2024-10-30 14:31:32,711 INFO: Gait 3 step executed at 22.00 RPM, wait for 2.45 seconds
2024-10-30 14:31:35,201 INFO: Profile velocities set for group Wheg_Group: {1: 113.62, 2: 113.62, 3: 113.62, 4: 113.62, 5: 113.62, 6: 113.62}
2024-10-30 14:31:35,201 INFO: Incrementing motor positions by {1: 0, 2: 320, 3: 40, 4: 0, 5: 320, 6: 40} degrees for group 'Wheg_Group'
2024-10-30 14:31:35,212 INFO: Gait 3 step executed at 26.00 RPM, wait for 2.08 seconds
2024-10-30 14:31:37,329 INFO: Profile velocities set for group Wheg_Group: {1: 131.1, 2: 131.1, 3: 131.1, 4: 131.1, 5: 131.1, 6: 131.1}
2024-10-30 14:31:37,329 INFO: Incrementing motor positions by {1: 40, 2: 0, 3: 320, 4: 40, 5: 0, 6: 320} degrees for group 'Wheg_Group'
2024-10-30 14:31:37,340 INFO: Gait 3 step executed at 30.00 RPM, wait for 1.80 seconds
2024-10-30 14:31:39,167 WARNING: Motors are not in the correct positions for Gait 3. Positions: {1: 171.716796875, 2: 160.37890625, 3: 160.115234375, 4: 179.099609375, 5: 161.78515625, 6: 160.90625}
2024-10-30 14:31:39,168 WARNING: Waiting for 1 second before checking for movement
2024-10-30 14:31:39,274 INFO: Motors are moving. Continuing with the gait.
2024-10-30 14:31:39,818 WARNING: Motors are not in the correct positions for Gait 3. Positions: {1: 171.8046875, 2: 160.37890625, 3: 161.169921875, 4: 179.099609375, 5: 162.13671875, 6: 162.400390625}
2024-10-30 14:31:39,819 WARNING: Waiting for 1 second before checking for movement
2024-10-30 14:31:39,925 CRITICAL: Motors are not moving, resetting positions, and waiting for 3 seconds.
2024-10-30 14:31:39,925 INFO: Running set_position_group for group 'Wheg_Group' with positions: {1: 200, 2: 160, 3: 160, 4: 200, 5: 160, 6: 160}
2024-10-30 14:31:39,931 WARNING: Motor 1 is not in Position Control Mode. Setting mode now.
2024-10-30 14:31:39,931 INFO: Setting operating mode 'position' for group 'Wheg_Group'
2024-10-30 14:31:39,932 INFO: Disabling torque for group Wheg_Group
2024-10-30 14:31:39,933 INFO: Enabling torque for group Wheg_Group
2024-10-30 14:31:39,933 INFO: Setting the profile velocity for group Wheg_Group from config.yaml: 10
2024-10-30 14:31:39,934 INFO: Profile velocities set for group Wheg_Group: {1: 43.7, 2: 43.7, 3: 43.7, 4: 43.7, 5: 43.7, 6: 43.7}
2024-10-30 14:31:39,934 INFO: Setting the profile velocity for group Wheg_Group from config.yaml: 10
2024-10-30 14:31:39,935 INFO: Profile velocities set for group Wheg_Group: {1: 43.7, 2: 43.7, 3: 43.7, 4: 43.7, 5: 43.7, 6: 43.7}
2024-10-30 14:31:40,446 INFO: Setting operating mode 'multi_turn' for group 'Wheg_Group'
2024-10-30 14:31:40,447 INFO: Disabling torque for group Wheg_Group
2024-10-30 14:31:40,450 INFO: Enabling torque for group Wheg_Group
2024-10-30 14:31:40,452 INFO: Setting the profile velocity for group Wheg_Group from config.yaml: 10
2024-10-30 14:31:40,452 INFO: Profile velocities set for group Wheg_Group: {1: 43.7, 2: 43.7, 3: 43.7, 4: 43.7, 5: 43.7, 6: 43.7}
2024-10-30 14:31:40,453 INFO: Setting the profile velocity for group Wheg_Group from config.yaml: 10
2024-10-30 14:31:40,454 INFO: Profile velocities set for group Wheg_Group: {1: 43.7, 2: 43.7, 3: 43.7, 4: 43.7, 5: 43.7, 6: 43.7}
2024-10-30 14:31:40,454 INFO: Profile velocities set for group Wheg_Group: {1: 166.06, 2: 166.06, 3: 166.06, 4: 166.06, 5: 166.06, 6: 166.06}
2024-10-30 14:31:40,454 INFO: Incrementing motor positions by {1: 320, 2: 40, 3: 0, 4: 320, 5: 40, 6: 0} degrees for group 'Wheg_Group'
2024-10-30 14:31:40,465 INFO: Gait 3 step executed at 38.00 RPM, wait for 1.43 seconds
2024-10-30 14:31:41,947 INFO: Profile velocities set for group Wheg_Group: {1: 174.79799957275392, 2: 174.79799957275392, 3: 174.79799957275392, 4: 174.79799957275392, 5: 174.79799957275392, 6: 174.79799957275392}
2024-10-30 14:31:41,947 INFO: Incrementing motor positions by {1: 0, 2: 320, 3: 40, 4: 0, 5: 320, 6: 40} degrees for group 'Wheg_Group'
2024-10-30 14:31:41,958 INFO: Gait 3 step executed at 40.00 RPM, wait for 1.36 seconds
2024-10-30 14:31:43,340 INFO: Profile velocities set for group Wheg_Group: {1: 174.79799957275392, 2: 174.79799957275392, 3: 174.79799957275392, 4: 174.79799957275392, 5: 174.79799957275392, 6: 174.79799957275392}
2024-10-30 14:31:43,340 INFO: Incrementing motor positions by {1: 40, 2: 0, 3: 320, 4: 40, 5: 0, 6: 320} degrees for group 'Wheg_Group'
2024-10-30 14:31:43,351 INFO: Gait 3 step executed at 40.00 RPM, wait for 1.36 seconds
2024-10-30 14:31:44,748 INFO: Profile velocities set for group Wheg_Group: {1: 174.79799957275392, 2: 174.79799957275392, 3: 174.79799957275392, 4: 174.79799957275392, 5: 174.79799957275392, 6: 174.79799957275392}
2024-10-30 14:31:44,749 INFO: Incrementing motor positions by {1: 320, 2: 40, 3: 0, 4: 320, 5: 40, 6: 0} degrees for group 'Wheg_Group'
2024-10-30 14:31:44,760 INFO: Gait 3 step executed at 40.00 RPM, wait for 1.36 seconds
2024-10-30 14:31:46,142 INFO: Profile velocities set for group Wheg_Group: {1: 174.79799957275392, 2: 174.79799957275392, 3: 174.79799957275392, 4: 174.79799957275392, 5: 174.79799957275392, 6: 174.79799957275392}
2024-10-30 14:31:46,142 INFO: Incrementing motor positions by {1: 0, 2: 320, 3: 40, 4: 0, 5: 320, 6: 40} degrees for group 'Wheg_Group'
2024-10-30 14:31:46,153 INFO: Gait 3 step executed at 40.00 RPM, wait for 1.36 seconds
2024-10-30 14:31:47,536 INFO: Profile velocities set for group Wheg_Group: {1: 174.79799957275392, 2: 174.79799957275392, 3: 174.79799957275392, 4: 174.79799957275392, 5: 174.79799957275392, 6: 174.79799957275392}
2024-10-30 14:31:47,536 INFO: Incrementing motor positions by {1: 40, 2: 0, 3: 320, 4: 40, 5: 0, 6: 320} degrees for group 'Wheg_Group'
2024-10-30 14:31:47,547 INFO: Gait 3 step executed at 40.00 RPM, wait for 1.36 seconds
2024-10-30 14:31:48,796 INFO: Running set_position_group for group 'Pivot_Group' with positions: {7: 180, 8: 185}
2024-10-30 14:31:48,801 INFO: Front pivot angle set to 180 degrees (ticks: 180)
2024-10-30 14:31:48,801 INFO: Rear pivot angle set to 185 degrees (ticks: 185)
2024-10-30 14:31:48,929 INFO: Profile velocities set for group Wheg_Group: {1: 174.79799957275392, 2: 174.79799957275392, 3: 174.79799957275392, 4: 174.79799957275392, 5: 174.79799957275392, 6: 174.79799957275392}
2024-10-30 14:31:48,930 INFO: Incrementing motor positions by {1: 320, 2: 40, 3: 0, 4: 320, 5: 40, 6: 0} degrees for group 'Wheg_Group'
2024-10-30 14:31:48,940 INFO: Gait 3 step executed at 40.00 RPM, wait for 1.36 seconds
2024-10-30 14:31:50,220 INFO: Running set_position_group for group 'Pivot_Group' with positions: {7: 180, 8: 190}
2024-10-30 14:31:50,225 INFO: Front pivot angle set to 180 degrees (ticks: 180)
2024-10-30 14:31:50,228 INFO: Rear pivot angle set to 190 degrees (ticks: 190)
2024-10-30 14:31:50,336 INFO: Profile velocities set for group Wheg_Group: {1: 174.79799957275392, 2: 174.79799957275392, 3: 174.79799957275392, 4: 174.79799957275392, 5: 174.79799957275392, 6: 174.79799957275392}
2024-10-30 14:31:50,336 INFO: Incrementing motor positions by {1: 0, 2: 320, 3: 40, 4: 0, 5: 320, 6: 40} degrees for group 'Wheg_Group'
2024-10-30 14:31:50,346 INFO: Gait 3 step executed at 40.00 RPM, wait for 1.36 seconds
2024-10-30 14:31:50,778 INFO: Running set_position_group for group 'Pivot_Group' with positions: {7: 180, 8: 195}
2024-10-30 14:31:50,784 INFO: Front pivot angle set to 180 degrees (ticks: 180)
2024-10-30 14:31:50,784 INFO: Rear pivot angle set to 195 degrees (ticks: 195)
2024-10-30 14:31:51,336 INFO: Running set_position_group for group 'Pivot_Group' with positions: {7: 180, 8: 200}
2024-10-30 14:31:51,340 INFO: Front pivot angle set to 180 degrees (ticks: 180)
2024-10-30 14:31:51,341 INFO: Rear pivot angle set to 200 degrees (ticks: 200)
2024-10-30 14:31:51,616 INFO: Running set_position_group for group 'Pivot_Group' with positions: {7: 180, 8: 205}
2024-10-30 14:31:51,620 INFO: Front pivot angle set to 180 degrees (ticks: 180)
2024-10-30 14:31:51,622 INFO: Rear pivot angle set to 205 degrees (ticks: 205)
2024-10-30 14:31:51,733 INFO: Profile velocities set for group Wheg_Group: {1: 174.79799957275392, 2: 174.79799957275392, 3: 174.79799957275392, 4: 174.79799957275392, 5: 174.79799957275392, 6: 174.79799957275392}
2024-10-30 14:31:51,733 INFO: Incrementing motor positions by {1: 40, 2: 0, 3: 320, 4: 40, 5: 0, 6: 320} degrees for group 'Wheg_Group'
2024-10-30 14:31:51,744 INFO: Gait 3 step executed at 40.00 RPM, wait for 1.36 seconds
2024-10-30 14:31:51,895 INFO: Running set_position_group for group 'Pivot_Group' with positions: {7: 180, 8: 210}
2024-10-30 14:31:51,900 INFO: Front pivot angle set to 180 degrees (ticks: 180)
2024-10-30 14:31:51,902 INFO: Rear pivot angle set to 210 degrees (ticks: 210)
2024-10-30 14:31:53,127 WARNING: Motors are not in the correct positions for Gait 3. Positions: {1: 186.69140625, 2: 136.41796875, 3: 154.5234375, 4: 188.2734375, 5: 143.185546875, 6: 155.40234375}
2024-10-30 14:31:53,127 WARNING: Waiting for 1 second before checking for movement
2024-10-30 14:31:53,233 INFO: Motors are moving. Continuing with the gait.
2024-10-30 14:31:53,777 WARNING: Motors are not in the correct positions for Gait 3. Positions: {1: 186.69140625, 2: 137.384765625, 3: 156.28125, 4: 188.2734375, 5: 143.09765625, 6: 156.720703125}
2024-10-30 14:31:53,777 WARNING: Waiting for 1 second before checking for movement
2024-10-30 14:31:53,885 CRITICAL: Motors are not moving, resetting positions, and waiting for 3 seconds.
2024-10-30 14:31:53,885 INFO: Running set_position_group for group 'Wheg_Group' with positions: {1: 200, 2: 160, 3: 160, 4: 200, 5: 160, 6: 160}
2024-10-30 14:31:53,891 WARNING: Motor 1 is not in Position Control Mode. Setting mode now.
2024-10-30 14:31:53,891 INFO: Setting operating mode 'position' for group 'Wheg_Group'
2024-10-30 14:31:53,891 INFO: Disabling torque for group Wheg_Group
2024-10-30 14:31:53,893 INFO: Enabling torque for group Wheg_Group
2024-10-30 14:31:53,893 INFO: Setting the profile velocity for group Wheg_Group from config.yaml: 10
2024-10-30 14:31:53,894 INFO: Profile velocities set for group Wheg_Group: {1: 43.7, 2: 43.7, 3: 43.7, 4: 43.7, 5: 43.7, 6: 43.7}
2024-10-30 14:31:53,895 INFO: Setting the profile velocity for group Wheg_Group from config.yaml: 10
2024-10-30 14:31:53,895 INFO: Profile velocities set for group Wheg_Group: {1: 43.7, 2: 43.7, 3: 43.7, 4: 43.7, 5: 43.7, 6: 43.7}
2024-10-30 14:31:54,406 INFO: Setting operating mode 'multi_turn' for group 'Wheg_Group'
2024-10-30 14:31:54,407 INFO: Disabling torque for group Wheg_Group
2024-10-30 14:31:54,409 INFO: Enabling torque for group Wheg_Group
2024-10-30 14:31:54,410 INFO: Setting the profile velocity for group Wheg_Group from config.yaml: 10
2024-10-30 14:31:54,412 INFO: Profile velocities set for group Wheg_Group: {1: 43.7, 2: 43.7, 3: 43.7, 4: 43.7, 5: 43.7, 6: 43.7}
2024-10-30 14:31:54,412 INFO: Setting the profile velocity for group Wheg_Group from config.yaml: 10
2024-10-30 14:31:54,413 INFO: Profile velocities set for group Wheg_Group: {1: 43.7, 2: 43.7, 3: 43.7, 4: 43.7, 5: 43.7, 6: 43.7}
2024-10-30 14:31:54,414 INFO: Profile velocities set for group Wheg_Group: {1: 174.79799957275392, 2: 174.79799957275392, 3: 174.79799957275392, 4: 174.79799957275392, 5: 174.79799957275392, 6: 174.79799957275392}
2024-10-30 14:31:54,414 INFO: Incrementing motor positions by {1: 320, 2: 40, 3: 0, 4: 320, 5: 40, 6: 0} degrees for group 'Wheg_Group'
2024-10-30 14:31:54,425 INFO: Gait 3 step executed at 40.00 RPM, wait for 1.36 seconds
2024-10-30 14:31:55,853 INFO: Profile velocities set for group Wheg_Group: {1: 157.3179995727539, 2: 157.3179995727539, 3: 157.3179995727539, 4: 157.3179995727539, 5: 157.3179995727539, 6: 157.3179995727539}
2024-10-30 14:31:55,854 INFO: Incrementing motor positions by {1: 0, 2: 320, 3: 40, 4: 0, 5: 320, 6: 40} degrees for group 'Wheg_Group'
2024-10-30 14:31:55,865 INFO: Gait 3 step executed at 36.00 RPM, wait for 1.51 seconds
2024-10-30 14:31:57,126 INFO: Square pressed. Preparing to change to previous gait: 2
2024-10-30 14:31:57,310 INFO: Square pressed. Preparing to change to previous gait: 2
2024-10-30 14:31:57,423 INFO: Initialising Gait 2
2024-10-30 14:31:57,423 INFO: Running set_position_group for group 'Wheg_Group' with positions: {1: 160, 2: 200, 3: 160, 4: 200, 5: 160, 6: 200}
2024-10-30 14:31:57,428 WARNING: Motor 1 is not in Position Control Mode. Setting mode now.
2024-10-30 14:31:57,429 INFO: Setting operating mode 'position' for group 'Wheg_Group'
2024-10-30 14:31:57,429 INFO: Disabling torque for group Wheg_Group
2024-10-30 14:31:57,430 INFO: Enabling torque for group Wheg_Group
2024-10-30 14:31:57,431 INFO: Setting the profile velocity for group Wheg_Group from config.yaml: 10
2024-10-30 14:31:57,432 INFO: Profile velocities set for group Wheg_Group: {1: 43.7, 2: 43.7, 3: 43.7, 4: 43.7, 5: 43.7, 6: 43.7}
2024-10-30 14:31:57,432 INFO: Setting the profile velocity for group Wheg_Group from config.yaml: 10
2024-10-30 14:31:57,433 INFO: Profile velocities set for group Wheg_Group: {1: 43.7, 2: 43.7, 3: 43.7, 4: 43.7, 5: 43.7, 6: 43.7}
2024-10-30 14:31:57,433 INFO: Running set_position_group for group 'Pivot_Group' with positions: 180
2024-10-30 14:31:57,437 INFO: Initialised Gait 2, waiting for 3 seconds
2024-10-30 14:32:00,456 INFO: Setting operating mode 'multi_turn' for group 'Wheg_Group'
2024-10-30 14:32:00,457 INFO: Disabling torque for group Wheg_Group
2024-10-30 14:32:00,460 INFO: Enabling torque for group Wheg_Group
2024-10-30 14:32:00,462 INFO: Setting the profile velocity for group Wheg_Group from config.yaml: 10
2024-10-30 14:32:00,464 INFO: Profile velocities set for group Wheg_Group: {1: 43.7, 2: 43.7, 3: 43.7, 4: 43.7, 5: 43.7, 6: 43.7}
2024-10-30 14:32:00,464 INFO: Setting the profile velocity for group Wheg_Group from config.yaml: 10
2024-10-30 14:32:00,465 INFO: Profile velocities set for group Wheg_Group: {1: 43.7, 2: 43.7, 3: 43.7, 4: 43.7, 5: 43.7, 6: 43.7}
2024-10-30 14:32:00,466 INFO: New gait 2 is now active.
2024-10-30 14:32:00,489 INFO: Profile velocities set for group Wheg_Group: {1: 8.74, 2: 69.92, 3: 8.74, 4: 69.92, 5: 8.74, 6: 69.92}
2024-10-30 14:32:00,490 INFO: Incrementing motor positions by {1: 40, 2: 320, 3: 40, 4: 320, 5: 40, 6: 320} degrees for group 'Wheg_Group'
2024-10-30 14:32:00,500 INFO: Gait 2 step executed at 2.00RPM, wait for 3.36 seconds
2024-10-30 14:32:03,882 INFO: Profile velocities set for group Wheg_Group: {1: 104.88, 2: 13.11, 3: 104.88, 4: 13.11, 5: 104.88, 6: 13.11}
2024-10-30 14:32:03,883 INFO: Incrementing motor positions by {1: 320, 2: 40, 3: 320, 4: 40, 5: 320, 6: 40} degrees for group 'Wheg_Group'
2024-10-30 14:32:03,893 INFO: Gait 2 step executed at 3.00RPM, wait for 2.25 seconds
2024-10-30 14:32:06,183 INFO: Profile velocities set for group Wheg_Group: {1: 16.862934875488282, 2: 134.90347900390626, 3: 16.862934875488282, 4: 134.90347900390626, 5: 16.862934875488282, 6: 134.90347900390626}
2024-10-30 14:32:06,183 INFO: Incrementing motor positions by {1: 40, 2: 320, 3: 40, 4: 320, 5: 40, 6: 320} degrees for group 'Wheg_Group'
2024-10-30 14:32:06,194 INFO: Gait 2 step executed at 3.86RPM, wait for 1.75 seconds
2024-10-30 14:32:07,971 INFO: Profile velocities set for group Wheg_Group: {1: 134.0809033203125, 2: 16.760112915039063, 3: 134.0809033203125, 4: 16.760112915039063, 5: 134.0809033203125, 6: 16.760112915039063}
2024-10-30 14:32:07,971 INFO: Incrementing motor positions by {1: 320, 2: 40, 3: 320, 4: 40, 5: 320, 6: 40} degrees for group 'Wheg_Group'
2024-10-30 14:32:07,982 INFO: Gait 2 step executed at 3.84RPM, wait for 1.76 seconds
2024-10-30 14:32:09,811 INFO: Profile velocities set for group Wheg_Group: {1: 17.479866638183594, 2: 139.83893310546875, 3: 17.479866638183594, 4: 139.83893310546875, 5: 17.479866638183594, 6: 139.83893310546875}
2024-10-30 14:32:09,811 INFO: Incrementing motor positions by {1: 40, 2: 320, 3: 40, 4: 320, 5: 40, 6: 320} degrees for group 'Wheg_Group'
2024-10-30 14:32:09,822 INFO: Gait 2 step executed at 4.00RPM, wait for 1.69 seconds
2024-10-30 14:32:11,857 INFO: R3 pressed. Turning mode requested
2024-10-30 14:32:11,868 INFO: Initialising Turn Mode
2024-10-30 14:32:11,868 INFO: Running set_position_group for group 'Wheg_Group' with positions: {1: 160, 2: 200, 3: 160, 4: 160, 5: 200, 6: 160}
2024-10-30 14:32:11,873 WARNING: Motor 1 is not in Position Control Mode. Setting mode now.
2024-10-30 14:32:11,874 INFO: Setting operating mode 'position' for group 'Wheg_Group'
2024-10-30 14:32:11,874 INFO: Disabling torque for group Wheg_Group
2024-10-30 14:32:11,875 INFO: Enabling torque for group Wheg_Group
2024-10-30 14:32:11,876 INFO: Setting the profile velocity for group Wheg_Group from config.yaml: 10
2024-10-30 14:32:11,877 INFO: Profile velocities set for group Wheg_Group: {1: 43.7, 2: 43.7, 3: 43.7, 4: 43.7, 5: 43.7, 6: 43.7}
2024-10-30 14:32:11,878 INFO: Setting the profile velocity for group Wheg_Group from config.yaml: 10
2024-10-30 14:32:11,879 INFO: Profile velocities set for group Wheg_Group: {1: 43.7, 2: 43.7, 3: 43.7, 4: 43.7, 5: 43.7, 6: 43.7}
2024-10-30 14:32:11,879 INFO: Running set_position_group for group 'Pivot_Group' with positions: 180
2024-10-30 14:32:11,883 INFO: Initialised turn mode, waiting for 3 seconds
2024-10-30 14:32:14,885 INFO: Setting operating mode 'multi_turn' for group 'Wheg_Group'
2024-10-30 14:32:14,886 INFO: Disabling torque for group Wheg_Group
2024-10-30 14:32:14,888 INFO: Enabling torque for group Wheg_Group
2024-10-30 14:32:14,889 INFO: Setting the profile velocity for group Wheg_Group from config.yaml: 10
2024-10-30 14:32:14,890 INFO: Profile velocities set for group Wheg_Group: {1: 43.7, 2: 43.7, 3: 43.7, 4: 43.7, 5: 43.7, 6: 43.7}
2024-10-30 14:32:14,890 INFO: Setting the profile velocity for group Wheg_Group from config.yaml: 10
2024-10-30 14:32:14,892 INFO: Profile velocities set for group Wheg_Group: {1: 43.7, 2: 43.7, 3: 43.7, 4: 43.7, 5: 43.7, 6: 43.7}
2024-10-30 14:32:14,893 INFO: Turn mode activated.
2024-10-30 14:32:14,918 INFO: Running set_position_group for group 'Wheg_Group' with positions: {1: 200, 2: 160, 3: 200, 4: 200, 5: 160, 6: 200}
2024-10-30 14:32:14,924 WARNING: Motor 1 is not in Position Control Mode. Setting mode now.
2024-10-30 14:32:14,924 INFO: Setting operating mode 'position' for group 'Wheg_Group'
2024-10-30 14:32:14,925 INFO: Disabling torque for group Wheg_Group
2024-10-30 14:32:14,926 INFO: Enabling torque for group Wheg_Group
2024-10-30 14:32:14,927 INFO: Setting the profile velocity for group Wheg_Group from config.yaml: 10
2024-10-30 14:32:14,928 INFO: Profile velocities set for group Wheg_Group: {1: 43.7, 2: 43.7, 3: 43.7, 4: 43.7, 5: 43.7, 6: 43.7}
2024-10-30 14:32:14,929 INFO: Setting the profile velocity for group Wheg_Group from config.yaml: 10
2024-10-30 14:32:14,930 INFO: Profile velocities set for group Wheg_Group: {1: 43.7, 2: 43.7, 3: 43.7, 4: 43.7, 5: 43.7, 6: 43.7}
2024-10-30 14:32:14,936 WARNING: Motors are not in the correct positions for Gait 4. Positions: {1: 163.037109375, 2: 198.80859375, 3: 161.279296875, 4: 158.818359375, 5: 202.8515625, 6: 159.78515625}
2024-10-30 14:32:14,936 WARNING: Waiting for 1 second before checking for movement
2024-10-30 14:32:15,082 INFO: Motors are moving. Continuing with the gait.
2024-10-30 14:32:15,596 WARNING: Motors are not in the correct positions for Gait 4. Positions: {1: 198.984375, 2: 177.1875, 3: 197.75390625, 4: 192.216796875, 5: 170.771484375, 6: 194.94140625}
2024-10-30 14:32:15,597 WARNING: Waiting for 1 second before checking for movement
2024-10-30 14:32:15,740 INFO: Motors are moving. Continuing with the gait.
2024-10-30 14:32:16,255 INFO: Profile velocities set for group Wheg_Group: {1: 13.109866638183593, 2: 104.87893310546875, 3: 13.109866638183593, 4: 104.87893310546875, 5: 13.109866638183593, 6: 104.87893310546875}
2024-10-30 14:32:16,256 INFO: Incrementing motor positions by {1: -40, 2: -320, 3: -40, 4: 320, 5: 40, 6: 320} degrees for group 'Wheg_Group'
2024-10-30 14:32:16,261 WARNING: Motor 1 is not in Extended Position Control Mode. Setting mode now.
2024-10-30 14:32:16,261 INFO: Setting operating mode 'multi_turn' for group 'Wheg_Group'
2024-10-30 14:32:16,262 INFO: Disabling torque for group Wheg_Group
2024-10-30 14:32:16,263 INFO: Enabling torque for group Wheg_Group
2024-10-30 14:32:16,264 INFO: Setting the profile velocity for group Wheg_Group from config.yaml: 10
2024-10-30 14:32:16,264 INFO: Profile velocities set for group Wheg_Group: {1: 43.7, 2: 43.7, 3: 43.7, 4: 43.7, 5: 43.7, 6: 43.7}
2024-10-30 14:32:16,265 INFO: Setting the profile velocity for group Wheg_Group from config.yaml: 10
2024-10-30 14:32:16,266 INFO: Profile velocities set for group Wheg_Group: {1: 43.7, 2: 43.7, 3: 43.7, 4: 43.7, 5: 43.7, 6: 43.7}
2024-10-30 14:32:16,271 INFO: Gait 4 step executed at 3.00RPM, wait for -2.20 seconds
2024-10-30 14:32:16,285 INFO: Profile velocities set for group Wheg_Group: {1: 104.87893310546875, 2: 13.109866638183593, 3: 104.87893310546875, 4: 13.109866638183593, 5: 104.87893310546875, 6: 13.109866638183593}
2024-10-30 14:32:16,285 INFO: Incrementing motor positions by {1: -320, 2: -40, 3: -320, 4: 40, 5: 320, 6: 40} degrees for group 'Wheg_Group'
2024-10-30 14:32:16,296 INFO: Gait 4 step executed at 3.00RPM, wait for -2.20 seconds
2024-10-30 14:32:16,309 INFO: Profile velocities set for group Wheg_Group: {1: 13.109866638183593, 2: 104.87893310546875, 3: 13.109866638183593, 4: 104.87893310546875, 5: 13.109866638183593, 6: 104.87893310546875}
2024-10-30 14:32:16,309 INFO: Incrementing motor positions by {1: -40, 2: -320, 3: -40, 4: 320, 5: 40, 6: 320} degrees for group 'Wheg_Group'
2024-10-30 14:32:16,320 INFO: Gait 4 step executed at 3.00RPM, wait for -2.20 seconds
2024-10-30 14:32:16,377 INFO: Profile velocities set for group Wheg_Group: {1: 104.87893310546875, 2: 13.109866638183593, 3: 104.87893310546875, 4: 13.109866638183593, 5: 104.87893310546875, 6: 13.109866638183593}
2024-10-30 14:32:16,378 INFO: Incrementing motor positions by {1: -320, 2: -40, 3: -320, 4: 40, 5: 320, 6: 40} degrees for group 'Wheg_Group'
2024-10-30 14:32:16,388 INFO: Gait 4 step executed at 3.00RPM, wait for -2.20 seconds
2024-10-30 14:32:16,401 WARNING: Motors are not in the correct positions for Gait 4. Positions: {1: 199.072265625, 2: 158.203125, 3: 195.380859375, 4: 209.091796875, 5: 159.2578125, 6: 207.509765625}
2024-10-30 14:32:16,402 WARNING: Waiting for 1 second before checking for movement
2024-10-30 14:32:16,508 INFO: Motors are moving. Continuing with the gait.
2024-10-30 14:32:17,036 WARNING: Motors are not in the correct positions for Gait 4. Positions: {1: 108.28125, 2: 133.681640625, 3: 106.787109375, 4: 230.009765625, 5: 250.83984375, 6: 224.384765625}
2024-10-30 14:32:17,036 WARNING: Waiting for 1 second before checking for movement
2024-10-30 14:32:17,142 INFO: Motors are moving. Continuing with the gait.
2024-10-30 14:32:17,697 WARNING: Motors are not in the correct positions for Gait 4. Positions: {1: 14.94140625, 2: 122.16796875, 3: 12.83203125, 4: 240.46875, 5: 344.970703125, 6: 237.12890625}
2024-10-30 14:32:17,697 WARNING: Waiting for 1 second before checking for movement
2024-10-30 14:32:17,804 INFO: Motors are moving. Continuing with the gait.
2024-10-30 14:32:18,355 WARNING: Motors are not in the correct positions for Gait 4. Positions: {1: 215.31640625, 2: 113.5546875, 3: 214.173828125, 4: 250.751953125, 5: 74.4765625, 6: 246.181640625}
2024-10-30 14:32:18,356 WARNING: Waiting for 1 second before checking for movement
2024-10-30 14:32:18,463 INFO: Motors are moving. Continuing with the gait.
2024-10-30 14:32:19,020 WARNING: Motors are not in the correct positions for Gait 4. Positions: {1: 178.9296875, 2: 112.236328125, 3: 171.8984375, 4: 250.6640625, 5: 108.9296875, 6: 245.56640625}
2024-10-30 14:32:19,020 WARNING: Waiting for 1 second before checking for movement
2024-10-30 14:32:19,126 CRITICAL: Motors are not moving, reseting positions, and waiting for 3 seconds.
2024-10-30 14:32:19,127 INFO: Running set_position_group for group 'Wheg_Group' with positions: {1: 200, 2: 160, 3: 200, 4: 200, 5: 160, 6: 200}
2024-10-30 14:32:19,132 WARNING: Motor 1 is not in Position Control Mode. Setting mode now.
2024-10-30 14:32:19,133 INFO: Setting operating mode 'position' for group 'Wheg_Group'
2024-10-30 14:32:19,133 INFO: Disabling torque for group Wheg_Group
2024-10-30 14:32:19,134 INFO: Enabling torque for group Wheg_Group
2024-10-30 14:32:19,134 INFO: Setting the profile velocity for group Wheg_Group from config.yaml: 10
2024-10-30 14:32:19,135 INFO: Profile velocities set for group Wheg_Group: {1: 43.7, 2: 43.7, 3: 43.7, 4: 43.7, 5: 43.7, 6: 43.7}
2024-10-30 14:32:19,136 INFO: Setting the profile velocity for group Wheg_Group from config.yaml: 10
2024-10-30 14:32:19,137 INFO: Profile velocities set for group Wheg_Group: {1: 43.7, 2: 43.7, 3: 43.7, 4: 43.7, 5: 43.7, 6: 43.7}
2024-10-30 14:32:22,138 INFO: Setting operating mode 'multi_turn' for group 'Wheg_Group'
2024-10-30 14:32:22,139 INFO: Disabling torque for group Wheg_Group
2024-10-30 14:32:22,141 INFO: Enabling torque for group Wheg_Group
2024-10-30 14:32:22,142 INFO: Setting the profile velocity for group Wheg_Group from config.yaml: 10
2024-10-30 14:32:22,144 INFO: Profile velocities set for group Wheg_Group: {1: 43.7, 2: 43.7, 3: 43.7, 4: 43.7, 5: 43.7, 6: 43.7}
2024-10-30 14:32:22,144 INFO: Setting the profile velocity for group Wheg_Group from config.yaml: 10
2024-10-30 14:32:22,146 INFO: Profile velocities set for group Wheg_Group: {1: 43.7, 2: 43.7, 3: 43.7, 4: 43.7, 5: 43.7, 6: 43.7}
2024-10-30 14:32:22,147 INFO: Profile velocities set for group Wheg_Group: {1: 13.109866638183593, 2: 104.87893310546875, 3: 13.109866638183593, 4: 104.87893310546875, 5: 13.109866638183593, 6: 104.87893310546875}
2024-10-30 14:32:22,147 INFO: Incrementing motor positions by {1: -40, 2: -320, 3: -40, 4: 320, 5: 40, 6: 320} degrees for group 'Wheg_Group'
2024-10-30 14:32:22,160 INFO: Gait 4 step executed at 3.00RPM, wait for -2.20 seconds
2024-10-30 14:32:22,173 INFO: Profile velocities set for group Wheg_Group: {1: 104.87893310546875, 2: 13.109866638183593, 3: 104.87893310546875, 4: 13.109866638183593, 5: 104.87893310546875, 6: 13.109866638183593}
2024-10-30 14:32:22,174 INFO: Incrementing motor positions by {1: -320, 2: -40, 3: -320, 4: 40, 5: 320, 6: 40} degrees for group 'Wheg_Group'
2024-10-30 14:32:22,185 INFO: Gait 4 step executed at 3.00RPM, wait for -2.20 seconds
2024-10-30 14:32:22,198 WARNING: Motors are not in the correct positions for Gait 4. Positions: {1: 204.873046875, 2: 148.095703125, 3: 201.181640625, 4: 207.333984375, 5: 150.64453125, 6: 205.6640625}
2024-10-30 14:32:22,199 WARNING: Waiting for 1 second before checking for movement
2024-10-30 14:32:22,343 INFO: Motors are moving. Continuing with the gait.
2024-10-30 14:32:22,856 WARNING: Motors are not in the correct positions for Gait 4. Positions: {1: 113.5546875, 2: 131.572265625, 3: 110.21484375, 4: 225.703125, 5: 243.28125, 6: 220.60546875}
2024-10-30 14:32:22,857 WARNING: Waiting for 1 second before checking for movement
2024-10-30 14:32:22,964 INFO: Motors are moving. Continuing with the gait.
2024-10-30 14:32:23,494 WARNING: Motors are not in the correct positions for Gait 4. Positions: {1: 23.818359375, 2: 120.41015625, 3: 19.6875, 4: 236.953125, 5: 334.3359375, 6: 232.20703125}
2024-10-30 14:32:23,495 WARNING: Waiting for 1 second before checking for movement
2024-10-30 14:32:23,601 INFO: Motors are moving. Continuing with the gait.
2024-10-30 14:32:24,157 WARNING: Motors are not in the correct positions for Gait 4. Positions: {1: 223.578125, 2: 108.369140625, 3: 220.326171875, 4: 248.466796875, 5: 70.521484375, 6: 243.984375}
2024-10-30 14:32:24,158 WARNING: Waiting for 1 second before checking for movement
2024-10-30 14:32:24,265 INFO: Motors are moving. Continuing with the gait.
2024-10-30 14:32:24,821 WARNING: Motors are not in the correct positions for Gait 4. Positions: {1: 182.357421875, 2: 101.865234375, 3: 177.34765625, 4: 250.048828125, 5: 101.01953125, 6: 244.775390625}
2024-10-30 14:32:24,821 WARNING: Waiting for 1 second before checking for movement
2024-10-30 14:32:24,927 CRITICAL: Motors are not moving, reseting positions, and waiting for 3 seconds.
2024-10-30 14:32:24,928 INFO: Running set_position_group for group 'Wheg_Group' with positions: {1: 200, 2: 160, 3: 200, 4: 200, 5: 160, 6: 200}
2024-10-30 14:32:24,933 WARNING: Motor 1 is not in Position Control Mode. Setting mode now.
2024-10-30 14:32:24,934 INFO: Setting operating mode 'position' for group 'Wheg_Group'
2024-10-30 14:32:24,934 INFO: Disabling torque for group Wheg_Group
2024-10-30 14:32:24,935 INFO: Enabling torque for group Wheg_Group
2024-10-30 14:32:24,936 INFO: Setting the profile velocity for group Wheg_Group from config.yaml: 10
2024-10-30 14:32:24,936 INFO: Profile velocities set for group Wheg_Group: {1: 43.7, 2: 43.7, 3: 43.7, 4: 43.7, 5: 43.7, 6: 43.7}
2024-10-30 14:32:24,937 INFO: Setting the profile velocity for group Wheg_Group from config.yaml: 10
2024-10-30 14:32:24,937 INFO: Profile velocities set for group Wheg_Group: {1: 43.7, 2: 43.7, 3: 43.7, 4: 43.7, 5: 43.7, 6: 43.7}
2024-10-30 14:32:27,988 INFO: Setting operating mode 'multi_turn' for group 'Wheg_Group'
2024-10-30 14:32:27,989 INFO: Disabling torque for group Wheg_Group
2024-10-30 14:32:27,994 INFO: Enabling torque for group Wheg_Group
2024-10-30 14:32:27,998 INFO: Setting the profile velocity for group Wheg_Group from config.yaml: 10
2024-10-30 14:32:28,000 INFO: Profile velocities set for group Wheg_Group: {1: 43.7, 2: 43.7, 3: 43.7, 4: 43.7, 5: 43.7, 6: 43.7}
2024-10-30 14:32:28,000 INFO: Setting the profile velocity for group Wheg_Group from config.yaml: 10
2024-10-30 14:32:28,001 INFO: Profile velocities set for group Wheg_Group: {1: 43.7, 2: 43.7, 3: 43.7, 4: 43.7, 5: 43.7, 6: 43.7}
2024-10-30 14:32:28,003 INFO: Profile velocities set for group Wheg_Group: {1: 13.109866638183593, 2: 104.87893310546875, 3: 13.109866638183593, 4: 104.87893310546875, 5: 13.109866638183593, 6: 104.87893310546875}
2024-10-30 14:32:28,004 INFO: Incrementing motor positions by {1: -40, 2: -320, 3: -40, 4: 320, 5: 40, 6: 320} degrees for group 'Wheg_Group'
2024-10-30 14:32:28,015 INFO: Gait 4 step executed at 3.00RPM, wait for -2.20 seconds
2024-10-30 14:32:28,028 INFO: Profile velocities set for group Wheg_Group: {1: 104.87893310546875, 2: 13.109866638183593, 3: 104.87893310546875, 4: 13.109866638183593, 5: 104.87893310546875, 6: 13.109866638183593}
2024-10-30 14:32:28,029 INFO: Incrementing motor positions by {1: -320, 2: -40, 3: -320, 4: 40, 5: 320, 6: 40} degrees for group 'Wheg_Group'
2024-10-30 14:32:28,039 INFO: Gait 4 step executed at 3.00RPM, wait for -2.20 seconds
2024-10-30 14:32:28,052 WARNING: Motors are not in the correct positions for Gait 4. Positions: {1: 205.83984375, 2: 145.283203125, 3: 202.587890625, 4: 206.455078125, 5: 152.40234375, 6: 205.400390625}
2024-10-30 14:32:28,052 WARNING: Waiting for 1 second before checking for movement
2024-10-30 14:32:28,200 INFO: Motors are moving. Continuing with the gait.
2024-10-30 14:32:28,714 WARNING: Motors are not in the correct positions for Gait 4. Positions: {1: 113.994140625, 2: 129.19921875, 3: 110.654296875, 4: 224.736328125, 5: 245.478515625, 6: 220.078125}
2024-10-30 14:32:28,715 WARNING: Waiting for 1 second before checking for movement
2024-10-30 14:32:28,861 INFO: Motors are moving. Continuing with the gait.
2024-10-30 14:32:29,376 WARNING: Motors are not in the correct positions for Gait 4. Positions: {1: 20.302734375, 2: 116.982421875, 3: 16.611328125, 4: 236.953125, 5: 340.13671875, 6: 232.294921875}
2024-10-30 14:32:29,376 WARNING: Waiting for 1 second before checking for movement
2024-10-30 14:32:29,525 INFO: Motors are moving. Continuing with the gait.
2024-10-30 14:32:30,038 WARNING: Motors are not in the correct positions for Gait 4. Positions: {1: 220.58984375, 2: 104.4140625, 3: 217.513671875, 4: 247.939453125, 5: 74.4765625, 6: 243.80859375}
2024-10-30 14:32:30,039 WARNING: Waiting for 1 second before checking for movement
2024-10-30 14:32:30,145 INFO: Motors are moving. Continuing with the gait.
2024-10-30 14:32:30,677 WARNING: Motors are not in the correct positions for Gait 4. Positions: {1: 183.587890625, 2: 98.4375, 3: 178.666015625, 4: 249.43359375, 5: 100.66796875, 6: 244.51171875}
2024-10-30 14:32:30,678 WARNING: Waiting for 1 second before checking for movement
2024-10-30 14:32:30,784 CRITICAL: Motors are not moving, reseting positions, and waiting for 3 seconds.
2024-10-30 14:32:30,785 INFO: Running set_position_group for group 'Wheg_Group' with positions: {1: 200, 2: 160, 3: 200, 4: 200, 5: 160, 6: 200}
2024-10-30 14:32:30,790 WARNING: Motor 1 is not in Position Control Mode. Setting mode now.
2024-10-30 14:32:30,791 INFO: Setting operating mode 'position' for group 'Wheg_Group'
2024-10-30 14:32:30,791 INFO: Disabling torque for group Wheg_Group
2024-10-30 14:32:30,792 INFO: Enabling torque for group Wheg_Group
2024-10-30 14:32:30,793 INFO: Setting the profile velocity for group Wheg_Group from config.yaml: 10
2024-10-30 14:32:30,793 INFO: Profile velocities set for group Wheg_Group: {1: 43.7, 2: 43.7, 3: 43.7, 4: 43.7, 5: 43.7, 6: 43.7}
2024-10-30 14:32:30,794 INFO: Setting the profile velocity for group Wheg_Group from config.yaml: 10
2024-10-30 14:32:30,795 INFO: Profile velocities set for group Wheg_Group: {1: 43.7, 2: 43.7, 3: 43.7, 4: 43.7, 5: 43.7, 6: 43.7}
2024-10-30 14:32:33,834 INFO: Setting operating mode 'multi_turn' for group 'Wheg_Group'
2024-10-30 14:32:33,835 INFO: Disabling torque for group Wheg_Group
2024-10-30 14:32:33,837 INFO: Enabling torque for group Wheg_Group
2024-10-30 14:32:33,839 INFO: Setting the profile velocity for group Wheg_Group from config.yaml: 10
2024-10-30 14:32:33,841 INFO: Profile velocities set for group Wheg_Group: {1: 43.7, 2: 43.7, 3: 43.7, 4: 43.7, 5: 43.7, 6: 43.7}
2024-10-30 14:32:33,842 INFO: Setting the profile velocity for group Wheg_Group from config.yaml: 10
2024-10-30 14:32:33,842 INFO: Profile velocities set for group Wheg_Group: {1: 43.7, 2: 43.7, 3: 43.7, 4: 43.7, 5: 43.7, 6: 43.7}
2024-10-30 14:32:33,843 INFO: Profile velocities set for group Wheg_Group: {1: 13.109866638183593, 2: 104.87893310546875, 3: 13.109866638183593, 4: 104.87893310546875, 5: 13.109866638183593, 6: 104.87893310546875}
2024-10-30 14:32:33,844 INFO: Incrementing motor positions by {1: -40, 2: -320, 3: -40, 4: 320, 5: 40, 6: 320} degrees for group 'Wheg_Group'
2024-10-30 14:32:33,854 INFO: Gait 4 step executed at 3.00RPM, wait for -2.20 seconds
2024-10-30 14:32:33,867 INFO: Profile velocities set for group Wheg_Group: {1: 104.87893310546875, 2: 13.109866638183593, 3: 104.87893310546875, 4: 13.109866638183593, 5: 104.87893310546875, 6: 13.109866638183593}
2024-10-30 14:32:33,867 INFO: Incrementing motor positions by {1: -320, 2: -40, 3: -320, 4: 40, 5: 320, 6: 40} degrees for group 'Wheg_Group'
2024-10-30 14:32:33,878 INFO: Gait 4 step executed at 3.00RPM, wait for -2.20 seconds
2024-10-30 14:32:33,891 WARNING: Motors are not in the correct positions for Gait 4. Positions: {1: 206.103515625, 2: 145.37109375, 3: 202.32421875, 4: 206.3671875, 5: 153.544921875, 6: 205.048828125}
2024-10-30 14:32:33,891 WARNING: Waiting for 1 second before checking for movement
2024-10-30 14:32:34,039 INFO: Motors are moving. Continuing with the gait.
2024-10-30 14:32:34,553 WARNING: Motors are not in the correct positions for Gait 4. Positions: {1: 114.2578125, 2: 129.7265625, 3: 110.56640625, 4: 224.384765625, 5: 246.09375, 6: 220.166015625}
2024-10-30 14:32:34,553 WARNING: Waiting for 1 second before checking for movement
2024-10-30 14:32:34,659 INFO: Motors are moving. Continuing with the gait.
2024-10-30 14:32:35,197 WARNING: Motors are not in the correct positions for Gait 4. Positions: {1: 23.291015625, 2: 119.00390625, 3: 19.16015625, 4: 235.72265625, 5: 337.939453125, 6: 231.6796875}
2024-10-30 14:32:35,197 WARNING: Waiting for 1 second before checking for movement
2024-10-30 14:32:35,305 INFO: Motors are moving. Continuing with the gait.
2024-10-30 14:32:35,818 WARNING: Motors are not in the correct positions for Gait 4. Positions: {1: 229.291015625, 2: 104.0625, 3: 225.951171875, 4: 247.587890625, 5: 68.412109375, 6: 242.9296875}
2024-10-30 14:32:35,819 WARNING: Waiting for 1 second before checking for movement
2024-10-30 14:32:35,966 INFO: Motors are moving. Continuing with the gait.
2024-10-30 14:32:36,479 WARNING: Motors are not in the correct positions for Gait 4. Positions: {1: 183.587890625, 2: 98.96484375, 3: 178.40234375, 4: 249.345703125, 5: 102.07421875, 6: 244.072265625}
2024-10-30 14:32:36,479 WARNING: Waiting for 1 second before checking for movement
2024-10-30 14:32:36,586 CRITICAL: Motors are not moving, reseting positions, and waiting for 3 seconds.
2024-10-30 14:32:36,586 INFO: Running set_position_group for group 'Wheg_Group' with positions: {1: 200, 2: 160, 3: 200, 4: 200, 5: 160, 6: 200}
2024-10-30 14:32:36,592 WARNING: Motor 1 is not in Position Control Mode. Setting mode now.
2024-10-30 14:32:36,592 INFO: Setting operating mode 'position' for group 'Wheg_Group'
2024-10-30 14:32:36,593 INFO: Disabling torque for group Wheg_Group
2024-10-30 14:32:36,594 INFO: Enabling torque for group Wheg_Group
2024-10-30 14:32:36,595 INFO: Setting the profile velocity for group Wheg_Group from config.yaml: 10
2024-10-30 14:32:36,596 INFO: Profile velocities set for group Wheg_Group: {1: 43.7, 2: 43.7, 3: 43.7, 4: 43.7, 5: 43.7, 6: 43.7}
2024-10-30 14:32:36,596 INFO: Setting the profile velocity for group Wheg_Group from config.yaml: 10
2024-10-30 14:32:36,597 INFO: Profile velocities set for group Wheg_Group: {1: 43.7, 2: 43.7, 3: 43.7, 4: 43.7, 5: 43.7, 6: 43.7}
2024-10-30 14:32:39,643 INFO: Setting operating mode 'multi_turn' for group 'Wheg_Group'
2024-10-30 14:32:39,645 INFO: Disabling torque for group Wheg_Group
2024-10-30 14:32:39,648 INFO: Enabling torque for group Wheg_Group
2024-10-30 14:32:39,650 INFO: Setting the profile velocity for group Wheg_Group from config.yaml: 10
2024-10-30 14:32:39,651 INFO: Profile velocities set for group Wheg_Group: {1: 43.7, 2: 43.7, 3: 43.7, 4: 43.7, 5: 43.7, 6: 43.7}
2024-10-30 14:32:39,652 INFO: Setting the profile velocity for group Wheg_Group from config.yaml: 10
2024-10-30 14:32:39,653 INFO: Profile velocities set for group Wheg_Group: {1: 43.7, 2: 43.7, 3: 43.7, 4: 43.7, 5: 43.7, 6: 43.7}
2024-10-30 14:32:39,655 INFO: Profile velocities set for group Wheg_Group: {1: 13.109866638183593, 2: 104.87893310546875, 3: 13.109866638183593, 4: 104.87893310546875, 5: 13.109866638183593, 6: 104.87893310546875}
2024-10-30 14:32:39,655 INFO: Incrementing motor positions by {1: -40, 2: -320, 3: -40, 4: 320, 5: 40, 6: 320} degrees for group 'Wheg_Group'
2024-10-30 14:32:39,667 INFO: Gait 4 step executed at 3.00RPM, wait for -2.20 seconds
2024-10-30 14:32:39,682 INFO: Profile velocities set for group Wheg_Group: {1: 104.87893310546875, 2: 13.109866638183593, 3: 104.87893310546875, 4: 13.109866638183593, 5: 104.87893310546875, 6: 13.109866638183593}
2024-10-30 14:32:39,682 INFO: Incrementing motor positions by {1: -320, 2: -40, 3: -320, 4: 40, 5: 320, 6: 40} degrees for group 'Wheg_Group'
2024-10-30 14:32:39,694 INFO: Gait 4 step executed at 3.00RPM, wait for -2.20 seconds
2024-10-30 14:32:39,706 WARNING: Motors are not in the correct positions for Gait 4. Positions: {1: 206.103515625, 2: 145.458984375, 3: 202.32421875, 4: 205.751953125, 5: 153.10546875, 6: 204.873046875}
2024-10-30 14:32:39,707 WARNING: Waiting for 1 second before checking for movement
2024-10-30 14:32:39,860 INFO: Motors are moving. Continuing with the gait.
2024-10-30 14:32:40,374 WARNING: Motors are not in the correct positions for Gait 4. Positions: {1: 113.5546875, 2: 129.7265625, 3: 109.775390625, 4: 224.384765625, 5: 246.62109375, 6: 220.166015625}
2024-10-30 14:32:40,374 WARNING: Waiting for 1 second before checking for movement
2024-10-30 14:32:40,524 INFO: Motors are moving. Continuing with the gait.
2024-10-30 14:32:41,038 WARNING: Motors are not in the correct positions for Gait 4. Positions: {1: 19.6875, 2: 117.24609375, 3: 15.732421875, 4: 235.810546875, 5: 341.455078125, 6: 232.55859375}
2024-10-30 14:32:41,038 WARNING: Waiting for 1 second before checking for movement
2024-10-30 14:32:41,145 INFO: Motors are moving. Continuing with the gait.
2024-10-30 14:32:41,679 WARNING: Motors are not in the correct positions for Gait 4. Positions: {1: 222.69921875, 2: 103.974609375, 3: 219.359375, 4: 247.587890625, 5: 73.94921875, 6: 243.720703125}
2024-10-30 14:32:41,679 WARNING: Waiting for 1 second before checking for movement
2024-10-30 14:32:41,786 INFO: Motors are moving. Continuing with the gait.
2024-10-30 14:32:42,299 WARNING: Motors are not in the correct positions for Gait 4. Positions: {1: 183.5, 2: 98.4375, 3: 178.40234375, 4: 249.2578125, 5: 101.458984375, 6: 243.984375}
2024-10-30 14:32:42,300 WARNING: Waiting for 1 second before checking for movement
2024-10-30 14:32:42,446 CRITICAL: Motors are not moving, reseting positions, and waiting for 3 seconds.
2024-10-30 14:32:42,447 INFO: Running set_position_group for group 'Wheg_Group' with positions: {1: 200, 2: 160, 3: 200, 4: 200, 5: 160, 6: 200}
2024-10-30 14:32:42,453 WARNING: Motor 1 is not in Position Control Mode. Setting mode now.
2024-10-30 14:32:42,453 INFO: Setting operating mode 'position' for group 'Wheg_Group'
2024-10-30 14:32:42,454 INFO: Disabling torque for group Wheg_Group
2024-10-30 14:32:42,456 INFO: Enabling torque for group Wheg_Group
2024-10-30 14:32:42,456 INFO: Setting the profile velocity for group Wheg_Group from config.yaml: 10
2024-10-30 14:32:42,458 INFO: Profile velocities set for group Wheg_Group: {1: 43.7, 2: 43.7, 3: 43.7, 4: 43.7, 5: 43.7, 6: 43.7}
2024-10-30 14:32:42,458 INFO: Setting the profile velocity for group Wheg_Group from config.yaml: 10
2024-10-30 14:32:42,459 INFO: Profile velocities set for group Wheg_Group: {1: 43.7, 2: 43.7, 3: 43.7, 4: 43.7, 5: 43.7, 6: 43.7}
2024-10-30 14:32:44,626 INFO: share pressed. Turning mode deactivating
2024-10-30 14:32:44,728 INFO: share pressed. Turning mode deactivating
2024-10-30 14:32:45,461 INFO: Setting operating mode 'multi_turn' for group 'Wheg_Group'
2024-10-30 14:32:45,462 INFO: Disabling torque for group Wheg_Group
2024-10-30 14:32:45,464 INFO: Enabling torque for group Wheg_Group
2024-10-30 14:32:45,465 INFO: Setting the profile velocity for group Wheg_Group from config.yaml: 10
2024-10-30 14:32:45,466 INFO: Profile velocities set for group Wheg_Group: {1: 43.7, 2: 43.7, 3: 43.7, 4: 43.7, 5: 43.7, 6: 43.7}
2024-10-30 14:32:45,466 INFO: Setting the profile velocity for group Wheg_Group from config.yaml: 10
2024-10-30 14:32:45,467 INFO: Profile velocities set for group Wheg_Group: {1: 43.7, 2: 43.7, 3: 43.7, 4: 43.7, 5: 43.7, 6: 43.7}
2024-10-30 14:32:45,469 INFO: Profile velocities set for group Wheg_Group: {1: 13.109866638183593, 2: 104.87893310546875, 3: 13.109866638183593, 4: 104.87893310546875, 5: 13.109866638183593, 6: 104.87893310546875}
2024-10-30 14:32:45,469 INFO: Incrementing motor positions by {1: -40, 2: -320, 3: -40, 4: 320, 5: 40, 6: 320} degrees for group 'Wheg_Group'
2024-10-30 14:32:45,480 INFO: Gait 4 step executed at 3.00RPM, wait for -2.20 seconds
2024-10-30 14:32:45,481 WARNING: No motors found for group 'All_Whegs'
2024-10-30 14:32:45,482 WARNING: Set direction of whegs to forward
2024-10-30 14:32:45,482 INFO: Turn mode deactivating
2024-10-30 14:32:48,521 INFO: Profile velocities set for group Wheg_Group: {1: 69.92, 2: 8.74, 3: 69.92, 4: 8.74, 5: 69.92, 6: 8.74}
2024-10-30 14:32:48,522 INFO: Incrementing motor positions by {1: 320, 2: 40, 3: 320, 4: 40, 5: 320, 6: 40} degrees for group 'Wheg_Group'
2024-10-30 14:32:48,532 INFO: Gait 2 step executed at 2.00RPM, wait for 3.36 seconds
2024-10-30 14:32:51,944 WARNING: Motors are not in the correct positions for Gait 2. Positions: {1: 115.609375, 2: 161.87890625, 3: 118.509765625, 4: 203.5, 5: 145.4921875, 6: 201.91796875}
2024-10-30 14:32:51,944 WARNING: Waiting for 1 second before checking for movement
2024-10-30 14:32:52,051 INFO: Motors are moving. Continuing with the gait.
2024-10-30 14:32:52,618 WARNING: Motors are not in the correct positions for Gait 2. Positions: {1: 117.3671875, 2: 167.591796875, 3: 119.65234375, 4: 204.73046875, 5: 146.634765625, 6: 204.73046875}
2024-10-30 14:32:52,619 WARNING: Waiting for 1 second before checking for movement
2024-10-30 14:32:52,726 INFO: Motors are moving. Continuing with the gait.
2024-10-30 14:32:53,293 WARNING: Motors are not in the correct positions for Gait 2. Positions: {1: 117.3671875, 2: 172.337890625, 3: 119.65234375, 4: 204.73046875, 5: 146.634765625, 6: 204.73046875}
2024-10-30 14:32:53,294 WARNING: Waiting for 1 second before checking for movement
2024-10-30 14:32:53,400 CRITICAL: Motors are not moving, reseting positions, and waiting for 3 seconds.
2024-10-30 14:32:53,401 INFO: Running set_position_group for group 'Wheg_Group' with positions: {1: 200, 2: 160, 3: 200, 4: 200, 5: 160, 6: 200}
2024-10-30 14:32:53,406 WARNING: Motor 1 is not in Position Control Mode. Setting mode now.
2024-10-30 14:32:53,406 INFO: Setting operating mode 'position' for group 'Wheg_Group'
2024-10-30 14:32:53,407 INFO: Disabling torque for group Wheg_Group
2024-10-30 14:32:53,408 INFO: Enabling torque for group Wheg_Group
2024-10-30 14:32:53,409 INFO: Setting the profile velocity for group Wheg_Group from config.yaml: 10
2024-10-30 14:32:53,409 INFO: Profile velocities set for group Wheg_Group: {1: 43.7, 2: 43.7, 3: 43.7, 4: 43.7, 5: 43.7, 6: 43.7}
2024-10-30 14:32:53,410 INFO: Setting the profile velocity for group Wheg_Group from config.yaml: 10
2024-10-30 14:32:53,411 INFO: Profile velocities set for group Wheg_Group: {1: 43.7, 2: 43.7, 3: 43.7, 4: 43.7, 5: 43.7, 6: 43.7}
2024-10-30 14:32:53,940 INFO: Setting operating mode 'multi_turn' for group 'Wheg_Group'
2024-10-30 14:32:53,941 INFO: Disabling torque for group Wheg_Group
2024-10-30 14:32:53,944 INFO: Enabling torque for group Wheg_Group
2024-10-30 14:32:53,946 INFO: Setting the profile velocity for group Wheg_Group from config.yaml: 10
2024-10-30 14:32:53,947 INFO: Profile velocities set for group Wheg_Group: {1: 43.7, 2: 43.7, 3: 43.7, 4: 43.7, 5: 43.7, 6: 43.7}
2024-10-30 14:32:53,947 INFO: Setting the profile velocity for group Wheg_Group from config.yaml: 10
2024-10-30 14:32:53,948 INFO: Profile velocities set for group Wheg_Group: {1: 43.7, 2: 43.7, 3: 43.7, 4: 43.7, 5: 43.7, 6: 43.7}
2024-10-30 14:32:53,948 INFO: Profile velocities set for group Wheg_Group: {1: 13.109866638183593, 2: 104.87893310546875, 3: 13.109866638183593, 4: 104.87893310546875, 5: 13.109866638183593, 6: 104.87893310546875}
2024-10-30 14:32:53,949 INFO: Incrementing motor positions by {1: 40, 2: 320, 3: 40, 4: 320, 5: 40, 6: 320} degrees for group 'Wheg_Group'
2024-10-30 14:32:53,960 INFO: Gait 2 step executed at 3.00RPM, wait for 2.25 seconds
2024-10-30 14:32:56,231 INFO: Profile velocities set for group Wheg_Group: {1: 104.87893310546875, 2: 13.109866638183593, 3: 104.87893310546875, 4: 13.109866638183593, 5: 104.87893310546875, 6: 13.109866638183593}
2024-10-30 14:32:56,232 INFO: Incrementing motor positions by {1: 320, 2: 40, 3: 320, 4: 40, 5: 320, 6: 40} degrees for group 'Wheg_Group'
2024-10-30 14:32:56,243 INFO: Gait 2 step executed at 3.00RPM, wait for 2.25 seconds
2024-10-30 14:33:32,977 INFO: Initiating safe shutdown...
2024-10-30 14:33:32,977 INFO: Setting operating mode 'velocity' for group 'All_Motors'
2024-10-30 14:33:32,978 INFO: Disabling torque for group All_Motors
2024-10-30 14:33:32,979 INFO: Enabling torque for group All_Motors
2024-10-30 14:33:32,980 INFO: Setting the profile velocity for group All_Motors from config.yaml: 8
2024-10-30 14:33:32,981 INFO: Profile velocities set for group All_Motors: {1: 34.96, 2: 34.96, 3: 34.96, 4: 34.96, 5: 34.96, 6: 34.96, 7: 34.96, 8: 34.96}
2024-10-30 14:33:32,981 WARNING: Velocity limit 200 exceeds hard limit 100. Limiting to 100.
2024-10-30 14:33:32,982 INFO: Velocity limit set to 100 for group All_Motors
2024-10-30 14:33:32,982 INFO: Enabling torque for group All_Motors
2024-10-30 14:33:32,983 INFO: Setting the profile velocity for group All_Motors from config.yaml: 8
2024-10-30 14:33:32,984 INFO: Profile velocities set for group All_Motors: {1: 34.96, 2: 34.96, 3: 34.96, 4: 34.96, 5: 34.96, 6: 34.96, 7: 34.96, 8: 34.96}
2024-10-30 14:33:32,985 INFO: Target velocities set for group All_Motors: {1: 0, 2: 0, 3: 0, 4: 0, 5: 0, 6: 0, 7: 0, 8: 0}
2024-10-30 14:33:32,985 INFO: Running set_position_group for group 'All_Motors' with positions: 180
2024-10-30 14:33:32,993 WARNING: Motor 1 is not in Position Control Mode. Setting mode now.
2024-10-30 14:33:32,993 INFO: Setting operating mode 'position' for group 'All_Motors'
2024-10-30 14:33:32,994 INFO: Disabling torque for group All_Motors
2024-10-30 14:33:32,995 INFO: Enabling torque for group All_Motors
2024-10-30 14:33:32,996 INFO: Setting the profile velocity for group All_Motors from config.yaml: 8
2024-10-30 14:33:32,996 INFO: Profile velocities set for group All_Motors: {1: 34.96, 2: 34.96, 3: 34.96, 4: 34.96, 5: 34.96, 6: 34.96, 7: 34.96, 8: 34.96}
2024-10-30 14:33:32,997 INFO: Setting the profile velocity for group All_Motors from config.yaml: 8
2024-10-30 14:33:32,997 INFO: Profile velocities set for group All_Motors: {1: 34.96, 2: 34.96, 3: 34.96, 4: 34.96, 5: 34.96, 6: 34.96, 7: 34.96, 8: 34.96}
2024-10-30 14:33:32,998 INFO: Closing PS4Controller and quitting pygame
2024-10-30 14:33:33,048 INFO: Port closed successfully.
2024-10-30 14:33:33,049 INFO: Shutdown complete.
2024-10-30 14:33:33,050 ERROR: Error checking hardware errors: Attempting to use a port that is not open
