2024-09-30 22:27:34,452 INFO: Initializing PS4Controller
2024-09-30 22:27:34,678 DEBUG: Pygame initialized
2024-09-30 22:27:34,678 DEBUG: Joystick initialized
2024-09-30 22:27:34,679 DEBUG: Number of buttons on the controller: 13
2024-09-30 22:27:34,727 INFO: Configuration loaded successfully
2024-09-30 22:27:34,730 INFO: Port /dev/ttyACM0 opened successfully
2024-09-30 22:27:34,740 INFO: Baudrate set to 1000000
2024-09-30 22:27:34,740 INFO: Control table loaded successfully.
2024-09-30 22:27:34,740 INFO: Motor group 'Pivot_Group' created with motors: [7, 8]
2024-09-30 22:27:34,740 INFO: Motor group 'Wheg_Group' created with motors: [1, 2, 3, 4, 5, 6]
2024-09-30 22:27:34,741 INFO: Motor group 'All_Motors' created with motors: [1, 2, 3, 4, 5, 6, 7, 8]
2024-09-30 22:27:34,741 INFO: Motor group 'Left_Whegs' created with motors: [1, 2, 3]
2024-09-30 22:27:34,741 INFO: Motor group 'Right_Whegs' created with motors: [4, 5, 6]
2024-09-30 22:27:34,741 INFO: Motor group 'Front_Whegs' created with motors: [3, 6]
2024-09-30 22:27:34,741 INFO: Motor group 'Rear_Whegs' created with motors: [1, 4]
2024-09-30 22:27:34,741 INFO: Motor group 'Middle_Whegs' created with motors: [2, 5]
2024-09-30 22:27:34,741 INFO: Motor group 'Two_Right_One_Left' created with motors: [2, 4, 6]
2024-09-30 22:27:34,742 INFO: Motor group 'Two_Left_One_Right' created with motors: [5, 1, 3]
2024-09-30 22:27:34,742 INFO: Initialised PS4 controller, Dynamixel, and Robot State
2024-09-30 22:27:34,742 DEBUG: Setting drive mode for group 'Right_Whegs', reverse_direction=True, drive_mode_value=1
2024-09-30 22:27:34,742 INFO: Disabling torque for group Right_Whegs
2024-09-30 22:27:34,742 DEBUG: Torque disabled for group Right_Whegs
2024-09-30 22:27:34,742 DEBUG: Sync writing drive mode values: {4: 1, 5: 1, 6: 1}
2024-09-30 22:27:34,743 INFO: Drive mode set for group Right_Whegs with reverse_direction=True
2024-09-30 22:27:34,743 INFO: Enabling torque for group Right_Whegs
2024-09-30 22:27:34,743 DEBUG: Torque enabled for group Right_Whegs
2024-09-30 22:27:34,743 DEBUG: Reading back drive mode for verification...
2024-09-30 22:27:34,743 DEBUG: Preparing bulk read for motors: [4, 5, 6], Parameters: ['drive_mode']
2024-09-30 22:27:34,743 DEBUG: Adding motor 4, Address: 10, Length: 1 to bulk read
2024-09-30 22:27:34,743 DEBUG: Adding motor 5, Address: 10, Length: 1 to bulk read
2024-09-30 22:27:34,743 DEBUG: Adding motor 6, Address: 10, Length: 1 to bulk read
2024-09-30 22:27:34,746 DEBUG: Bulk read successful for group 'Right_Whegs'
2024-09-30 22:27:34,746 DEBUG: Motor 4 current drive mode read from bulk read: 1
2024-09-30 22:27:34,746 INFO: Motor 4 drive mode correctly set to reverse
2024-09-30 22:27:34,746 DEBUG: Motor 5 current drive mode read from bulk read: 1
2024-09-30 22:27:34,747 INFO: Motor 5 drive mode correctly set to reverse
2024-09-30 22:27:34,747 DEBUG: Motor 6 current drive mode read from bulk read: 1
2024-09-30 22:27:34,747 INFO: Motor 6 drive mode correctly set to reverse
2024-09-30 22:27:34,747 DEBUG: Setting drive mode for group 'Left_Whegs', reverse_direction=False, drive_mode_value=0
2024-09-30 22:27:34,747 INFO: Disabling torque for group Left_Whegs
2024-09-30 22:27:34,747 DEBUG: Torque disabled for group Left_Whegs
2024-09-30 22:27:34,747 DEBUG: Sync writing drive mode values: {1: 0, 2: 0, 3: 0}
2024-09-30 22:27:34,748 INFO: Drive mode set for group Left_Whegs with reverse_direction=False
2024-09-30 22:27:34,748 INFO: Enabling torque for group Left_Whegs
2024-09-30 22:27:34,748 DEBUG: Torque enabled for group Left_Whegs
2024-09-30 22:27:34,748 DEBUG: Reading back drive mode for verification...
2024-09-30 22:27:34,748 DEBUG: Preparing bulk read for motors: [1, 2, 3], Parameters: ['drive_mode']
2024-09-30 22:27:34,748 DEBUG: Adding motor 1, Address: 10, Length: 1 to bulk read
2024-09-30 22:27:34,748 DEBUG: Adding motor 2, Address: 10, Length: 1 to bulk read
2024-09-30 22:27:34,748 DEBUG: Adding motor 3, Address: 10, Length: 1 to bulk read
2024-09-30 22:27:34,751 DEBUG: Bulk read successful for group 'Left_Whegs'
2024-09-30 22:27:34,751 DEBUG: Motor 1 current drive mode read from bulk read: 0
2024-09-30 22:27:34,751 INFO: Motor 1 drive mode correctly set to normal
2024-09-30 22:27:34,751 DEBUG: Motor 2 current drive mode read from bulk read: 0
2024-09-30 22:27:34,752 INFO: Motor 2 drive mode correctly set to normal
2024-09-30 22:27:34,752 DEBUG: Motor 3 current drive mode read from bulk read: 0
2024-09-30 22:27:34,752 INFO: Motor 3 drive mode correctly set to normal
2024-09-30 22:27:34,752 INFO: Set the right side whegs to reverse direction
2024-09-30 22:27:34,752 INFO: Position limits set for group Pivot_Group: min=90° (ticks=1023), max=270° (ticks=3071)
2024-09-30 22:27:34,753 INFO: Set position limits for the pivot motors
2024-09-30 22:27:34,753 DEBUG: Using selector: EpollSelector
2024-09-30 22:27:34,754 DEBUG: Executing Gait 1
2024-09-30 22:27:34,754 DEBUG: Adjusting wheg speed: trigger_value=-1.0, current_rpm=5
2024-09-30 22:27:34,754 DEBUG: Adjusted wheg speed: target_rpm=5.0, current_rpm=0
2024-09-30 22:27:34,754 INFO: Initialising Gait 1
2024-09-30 22:27:34,754 INFO: Running set_position_group for group 'Wheg_Group' with positions: 180
2024-09-30 22:27:34,755 DEBUG: Preparing bulk read for motors: [1, 2, 3, 4, 5, 6], Parameters: ['operating_mode']
2024-09-30 22:27:34,755 DEBUG: Adding motor 1, Address: 11, Length: 1 to bulk read
2024-09-30 22:27:34,755 DEBUG: Adding motor 2, Address: 11, Length: 1 to bulk read
2024-09-30 22:27:34,755 DEBUG: Adding motor 3, Address: 11, Length: 1 to bulk read
2024-09-30 22:27:34,755 DEBUG: Adding motor 4, Address: 11, Length: 1 to bulk read
2024-09-30 22:27:34,755 DEBUG: Adding motor 5, Address: 11, Length: 1 to bulk read
2024-09-30 22:27:34,755 DEBUG: Adding motor 6, Address: 11, Length: 1 to bulk read
2024-09-30 22:27:34,760 DEBUG: Bulk read successful for group 'Wheg_Group'
2024-09-30 22:27:34,760 WARNING: Motor 1 is not in Position Control Mode. Setting mode now.
2024-09-30 22:27:34,761 INFO: Setting operating mode 'position' for group 'Wheg_Group'
2024-09-30 22:27:34,761 INFO: Disabling torque for group Wheg_Group
2024-09-30 22:27:34,761 DEBUG: Torque disabled for group Wheg_Group
2024-09-30 22:27:34,762 DEBUG: Operating mode set to 'position' for group Wheg_Group
2024-09-30 22:27:34,762 INFO: Enabling torque for group Wheg_Group
2024-09-30 22:27:34,762 DEBUG: Torque enabled for group Wheg_Group
2024-09-30 22:27:34,762 DEBUG: Setting profile velocity for motors in group Wheg_Group
2024-09-30 22:27:34,762 DEBUG: Setting profile velocity for group Wheg_Group
2024-09-30 22:27:34,762 DEBUG: Hard profile velocity limit: 100
2024-09-30 22:27:34,762 INFO: Setting the profile velocity for group Wheg_Group from config.yaml: 10
2024-09-30 22:27:34,763 INFO: Profile velocities set for group Wheg_Group: {1: 43.7, 2: 43.7, 3: 43.7, 4: 43.7, 5: 43.7, 6: 43.7}
2024-09-30 22:27:34,763 DEBUG: Setting position 180° for all motors in group 'Wheg_Group'
2024-09-30 22:27:34,763 DEBUG: Target positions set for group 'Wheg_Group': 180
2024-09-30 22:27:34,763 INFO: Running set_position_group for group 'Pivot_Group' with positions: 180
2024-09-30 22:27:34,763 DEBUG: Preparing bulk read for motors: [7, 8], Parameters: ['operating_mode']
2024-09-30 22:27:34,764 DEBUG: Adding motor 7, Address: 11, Length: 1 to bulk read
2024-09-30 22:27:34,764 DEBUG: Adding motor 8, Address: 11, Length: 1 to bulk read
2024-09-30 22:27:34,766 DEBUG: Bulk read successful for group 'Pivot_Group'
2024-09-30 22:27:34,767 WARNING: Motor 7 is not in Position Control Mode. Setting mode now.
2024-09-30 22:27:34,767 INFO: Setting operating mode 'position' for group 'Pivot_Group'
2024-09-30 22:27:34,767 INFO: Disabling torque for group Pivot_Group
2024-09-30 22:27:34,767 DEBUG: Torque disabled for group Pivot_Group
2024-09-30 22:27:34,767 DEBUG: Operating mode set to 'position' for group Pivot_Group
2024-09-30 22:27:34,768 INFO: Enabling torque for group Pivot_Group
2024-09-30 22:27:34,768 DEBUG: Torque enabled for group Pivot_Group
2024-09-30 22:27:34,768 DEBUG: Setting profile velocity for motors in group Pivot_Group
2024-09-30 22:27:34,768 DEBUG: Setting profile velocity for group Pivot_Group
2024-09-30 22:27:34,768 DEBUG: Hard profile velocity limit: 100
2024-09-30 22:27:34,768 INFO: Setting the profile velocity for group Pivot_Group from config.yaml: 5
2024-09-30 22:27:34,768 INFO: Profile velocities set for group Pivot_Group: {7: 21.85, 8: 21.85}
2024-09-30 22:27:34,769 DEBUG: Setting position 180° for all motors in group 'Pivot_Group'
2024-09-30 22:27:34,769 DEBUG: Target positions set for group 'Pivot_Group': 180
2024-09-30 22:27:34,769 INFO: Initialised Gait 1, waiting for 3 seconds
2024-09-30 22:27:34,769 DEBUG: Preparing bulk read for motors: [1, 2, 3, 4, 5, 6, 7, 8], Parameters: ['present_position']
2024-09-30 22:27:34,769 DEBUG: Adding motor 1, Address: 132, Length: 4 to bulk read
2024-09-30 22:27:34,770 DEBUG: Adding motor 2, Address: 132, Length: 4 to bulk read
2024-09-30 22:27:34,770 DEBUG: Adding motor 3, Address: 132, Length: 4 to bulk read
2024-09-30 22:27:34,770 DEBUG: Adding motor 4, Address: 132, Length: 4 to bulk read
2024-09-30 22:27:34,770 DEBUG: Adding motor 5, Address: 132, Length: 4 to bulk read
2024-09-30 22:27:34,770 DEBUG: Adding motor 6, Address: 132, Length: 4 to bulk read
2024-09-30 22:27:34,770 DEBUG: Adding motor 7, Address: 132, Length: 4 to bulk read
2024-09-30 22:27:34,770 DEBUG: Adding motor 8, Address: 132, Length: 4 to bulk read
2024-09-30 22:27:34,777 DEBUG: Bulk read successful for group 'All_Motors'
2024-09-30 22:27:34,778 DEBUG: Preparing bulk read for motors: [1, 2, 3, 4, 5, 6, 7, 8], Parameters: ['present_velocity']
2024-09-30 22:27:34,778 DEBUG: Adding motor 1, Address: 128, Length: 4 to bulk read
2024-09-30 22:27:34,778 DEBUG: Adding motor 2, Address: 128, Length: 4 to bulk read
2024-09-30 22:27:34,778 DEBUG: Adding motor 3, Address: 128, Length: 4 to bulk read
2024-09-30 22:27:34,778 DEBUG: Adding motor 4, Address: 128, Length: 4 to bulk read
2024-09-30 22:27:34,778 DEBUG: Adding motor 5, Address: 128, Length: 4 to bulk read
2024-09-30 22:27:34,778 DEBUG: Adding motor 6, Address: 128, Length: 4 to bulk read
2024-09-30 22:27:34,778 DEBUG: Adding motor 7, Address: 128, Length: 4 to bulk read
2024-09-30 22:27:34,778 DEBUG: Adding motor 8, Address: 128, Length: 4 to bulk read
2024-09-30 22:27:34,786 DEBUG: Bulk read successful for group 'All_Motors'
2024-09-30 22:27:34,786 DEBUG: Preparing bulk read for motors: [1, 2, 3, 4, 5, 6, 7, 8], Parameters: ['present_load']
2024-09-30 22:27:34,786 DEBUG: Adding motor 1, Address: 126, Length: 2 to bulk read
2024-09-30 22:27:34,786 DEBUG: Adding motor 2, Address: 126, Length: 2 to bulk read
2024-09-30 22:27:34,786 DEBUG: Adding motor 3, Address: 126, Length: 2 to bulk read
2024-09-30 22:27:34,786 DEBUG: Adding motor 4, Address: 126, Length: 2 to bulk read
2024-09-30 22:27:34,786 DEBUG: Adding motor 5, Address: 126, Length: 2 to bulk read
2024-09-30 22:27:34,786 DEBUG: Adding motor 6, Address: 126, Length: 2 to bulk read
2024-09-30 22:27:34,786 DEBUG: Adding motor 7, Address: 126, Length: 2 to bulk read
2024-09-30 22:27:34,786 DEBUG: Adding motor 8, Address: 126, Length: 2 to bulk read
2024-09-30 22:27:34,794 DEBUG: Bulk read successful for group 'All_Motors'
2024-09-30 22:27:34,794 DEBUG: Preparing bulk read for motors: [1, 2, 3, 4, 5, 6, 7, 8], Parameters: ['hardware_error_status']
2024-09-30 22:27:34,794 DEBUG: Adding motor 1, Address: 70, Length: 1 to bulk read
2024-09-30 22:27:34,794 DEBUG: Adding motor 2, Address: 70, Length: 1 to bulk read
2024-09-30 22:27:34,794 DEBUG: Adding motor 3, Address: 70, Length: 1 to bulk read
2024-09-30 22:27:34,794 DEBUG: Adding motor 4, Address: 70, Length: 1 to bulk read
2024-09-30 22:27:34,794 DEBUG: Adding motor 5, Address: 70, Length: 1 to bulk read
2024-09-30 22:27:34,794 DEBUG: Adding motor 6, Address: 70, Length: 1 to bulk read
2024-09-30 22:27:34,794 DEBUG: Adding motor 7, Address: 70, Length: 1 to bulk read
2024-09-30 22:27:34,794 DEBUG: Adding motor 8, Address: 70, Length: 1 to bulk read
2024-09-30 22:27:34,801 DEBUG: Bulk read successful for group 'All_Motors'
2024-09-30 22:27:34,802 INFO: Motor     Position (ticks)    Position (degrees)       Velocity (RPM)      Load (%)  
2024-09-30 22:27:34,802 INFO: 1         1820                159.96                   0.00                12        
2024-09-30 22:27:34,802 INFO: 2         2263                198.90                   0.00                -13       
2024-09-30 22:27:34,802 INFO: 3         1820                159.96                   0.01                13        
2024-09-30 22:27:34,802 INFO: 4         2265                199.07                   0.00                -13       
2024-09-30 22:27:34,802 INFO: 5         1820                159.96                   0.01                12        
2024-09-30 22:27:34,802 INFO: 6         2263                198.90                   62914559.99         -12       
2024-09-30 22:27:34,803 INFO: 7         2052                180.35                   0.00                -2        
2024-09-30 22:27:34,803 INFO: 8         2043                179.56                   0.00                5         
2024-09-30 22:27:36,295 DEBUG: Button triangle (index 2) pressed.
2024-09-30 22:27:36,295 INFO: Triangle pressed. Preparing to change to next gait: 2
2024-09-30 22:27:36,306 DEBUG: Ignoring rapid press of button triangle (index 2)
2024-09-30 22:27:36,317 DEBUG: Ignoring rapid press of button triangle (index 2)
2024-09-30 22:27:36,327 DEBUG: Ignoring rapid press of button triangle (index 2)
2024-09-30 22:27:36,338 DEBUG: Ignoring rapid press of button triangle (index 2)
2024-09-30 22:27:36,348 DEBUG: Ignoring rapid press of button triangle (index 2)
2024-09-30 22:27:36,359 DEBUG: Ignoring rapid press of button triangle (index 2)
2024-09-30 22:27:36,370 DEBUG: Ignoring rapid press of button triangle (index 2)
2024-09-30 22:27:36,380 DEBUG: Ignoring rapid press of button triangle (index 2)
2024-09-30 22:27:36,391 DEBUG: Ignoring rapid press of button triangle (index 2)
2024-09-30 22:27:36,402 DEBUG: Ignoring rapid press of button triangle (index 2)
2024-09-30 22:27:36,412 DEBUG: Ignoring rapid press of button triangle (index 2)
2024-09-30 22:27:36,423 DEBUG: Ignoring rapid press of button triangle (index 2)
2024-09-30 22:27:36,433 DEBUG: Ignoring rapid press of button triangle (index 2)
2024-09-30 22:27:36,764 DEBUG: Button triangle (index 2) pressed.
2024-09-30 22:27:36,764 INFO: Triangle pressed. Preparing to change to next gait: 2
2024-09-30 22:27:36,775 DEBUG: Ignoring rapid press of button triangle (index 2)
2024-09-30 22:27:36,786 DEBUG: Ignoring rapid press of button triangle (index 2)
2024-09-30 22:27:36,796 DEBUG: Ignoring rapid press of button triangle (index 2)
2024-09-30 22:27:36,807 DEBUG: Ignoring rapid press of button triangle (index 2)
2024-09-30 22:27:36,817 DEBUG: Ignoring rapid press of button triangle (index 2)
2024-09-30 22:27:36,828 DEBUG: Ignoring rapid press of button triangle (index 2)
2024-09-30 22:27:36,839 DEBUG: Ignoring rapid press of button triangle (index 2)
2024-09-30 22:27:36,849 DEBUG: Ignoring rapid press of button triangle (index 2)
2024-09-30 22:27:36,860 DEBUG: Ignoring rapid press of button triangle (index 2)
2024-09-30 22:27:37,770 INFO: Setting operating mode 'multi_turn' for group 'Wheg_Group'
2024-09-30 22:27:37,770 INFO: Disabling torque for group Wheg_Group
2024-09-30 22:27:37,772 DEBUG: Torque disabled for group Wheg_Group
2024-09-30 22:27:37,772 DEBUG: Operating mode set to 'multi_turn' for group Wheg_Group
2024-09-30 22:27:37,773 INFO: Enabling torque for group Wheg_Group
2024-09-30 22:27:37,773 DEBUG: Torque enabled for group Wheg_Group
2024-09-30 22:27:37,774 DEBUG: Setting profile velocity for motors in group Wheg_Group
2024-09-30 22:27:37,774 DEBUG: Setting profile velocity for group Wheg_Group
2024-09-30 22:27:37,774 DEBUG: Hard profile velocity limit: 100
2024-09-30 22:27:37,774 INFO: Setting the profile velocity for group Wheg_Group from config.yaml: 10
2024-09-30 22:27:37,775 INFO: Profile velocities set for group Wheg_Group: {1: 43.7, 2: 43.7, 3: 43.7, 4: 43.7, 5: 43.7, 6: 43.7}
2024-09-30 22:27:37,776 INFO: New gait 2 is now active.
2024-09-30 22:27:37,787 DEBUG: Executing Gait 2
2024-09-30 22:27:37,788 DEBUG: Adjusting wheg speed: trigger_value=-1.0, current_rpm=0
2024-09-30 22:27:37,788 DEBUG: Adjusted wheg speed: target_rpm=5.0, current_rpm=0
2024-09-30 22:27:37,788 INFO: Initialising Gait 2
2024-09-30 22:27:37,788 INFO: Running set_position_group for group 'Wheg_Group' with positions: {1: 160, 2: 200, 3: 160, 4: 200, 5: 160, 6: 200}
2024-09-30 22:27:37,789 DEBUG: Preparing bulk read for motors: [1, 2, 3, 4, 5, 6], Parameters: ['operating_mode']
2024-09-30 22:27:37,789 DEBUG: Adding motor 1, Address: 11, Length: 1 to bulk read
2024-09-30 22:27:37,789 DEBUG: Adding motor 2, Address: 11, Length: 1 to bulk read
2024-09-30 22:27:37,789 DEBUG: Adding motor 3, Address: 11, Length: 1 to bulk read
2024-09-30 22:27:37,790 DEBUG: Adding motor 4, Address: 11, Length: 1 to bulk read
2024-09-30 22:27:37,790 DEBUG: Adding motor 5, Address: 11, Length: 1 to bulk read
2024-09-30 22:27:37,790 DEBUG: Adding motor 6, Address: 11, Length: 1 to bulk read
2024-09-30 22:27:37,795 DEBUG: Bulk read successful for group 'Wheg_Group'
2024-09-30 22:27:37,795 WARNING: Motor 1 is not in Position Control Mode. Setting mode now.
2024-09-30 22:27:37,795 INFO: Setting operating mode 'position' for group 'Wheg_Group'
2024-09-30 22:27:37,796 INFO: Disabling torque for group Wheg_Group
2024-09-30 22:27:37,796 DEBUG: Torque disabled for group Wheg_Group
2024-09-30 22:27:37,797 DEBUG: Operating mode set to 'position' for group Wheg_Group
2024-09-30 22:27:37,797 INFO: Enabling torque for group Wheg_Group
2024-09-30 22:27:37,798 DEBUG: Torque enabled for group Wheg_Group
2024-09-30 22:27:37,798 DEBUG: Setting profile velocity for motors in group Wheg_Group
2024-09-30 22:27:37,799 DEBUG: Setting profile velocity for group Wheg_Group
2024-09-30 22:27:37,799 DEBUG: Hard profile velocity limit: 100
2024-09-30 22:27:37,799 INFO: Setting the profile velocity for group Wheg_Group from config.yaml: 10
2024-09-30 22:27:37,800 INFO: Profile velocities set for group Wheg_Group: {1: 43.7, 2: 43.7, 3: 43.7, 4: 43.7, 5: 43.7, 6: 43.7}
2024-09-30 22:27:37,800 DEBUG: Setting motor 1 to 160° (1820 ticks)
2024-09-30 22:27:37,801 DEBUG: Setting motor 2 to 200° (2275 ticks)
2024-09-30 22:27:37,801 DEBUG: Setting motor 3 to 160° (1820 ticks)
2024-09-30 22:27:37,801 DEBUG: Setting motor 4 to 200° (2275 ticks)
2024-09-30 22:27:37,802 DEBUG: Setting motor 5 to 160° (1820 ticks)
2024-09-30 22:27:37,802 DEBUG: Setting motor 6 to 200° (2275 ticks)
2024-09-30 22:27:37,802 DEBUG: Setting individual positions for motors in group 'Wheg_Group': {1: 160, 2: 200, 3: 160, 4: 200, 5: 160, 6: 200}
2024-09-30 22:27:37,803 DEBUG: Target positions set for group 'Wheg_Group': {1: 160, 2: 200, 3: 160, 4: 200, 5: 160, 6: 200}
2024-09-30 22:27:37,803 INFO: Running set_position_group for group 'Pivot_Group' with positions: 180
2024-09-30 22:27:37,803 DEBUG: Preparing bulk read for motors: [7, 8], Parameters: ['operating_mode']
2024-09-30 22:27:37,804 DEBUG: Adding motor 7, Address: 11, Length: 1 to bulk read
2024-09-30 22:27:37,804 DEBUG: Adding motor 8, Address: 11, Length: 1 to bulk read
2024-09-30 22:27:37,807 DEBUG: Bulk read successful for group 'Pivot_Group'
2024-09-30 22:27:37,807 DEBUG: Setting position 180° for all motors in group 'Pivot_Group'
2024-09-30 22:27:37,808 DEBUG: Target positions set for group 'Pivot_Group': 180
2024-09-30 22:27:37,808 INFO: Initialised Gait 2, waiting for 3 seconds
2024-09-30 22:27:38,159 DEBUG: Button triangle (index 2) pressed.
2024-09-30 22:27:38,160 INFO: Triangle pressed. Preparing to change to next gait: 3
2024-09-30 22:27:38,171 DEBUG: Ignoring rapid press of button triangle (index 2)
2024-09-30 22:27:38,182 DEBUG: Ignoring rapid press of button triangle (index 2)
2024-09-30 22:27:38,193 DEBUG: Ignoring rapid press of button triangle (index 2)
2024-09-30 22:27:38,204 DEBUG: Ignoring rapid press of button triangle (index 2)
2024-09-30 22:27:38,215 DEBUG: Ignoring rapid press of button triangle (index 2)
2024-09-30 22:27:38,226 DEBUG: Ignoring rapid press of button triangle (index 2)
2024-09-30 22:27:38,237 DEBUG: Ignoring rapid press of button triangle (index 2)
2024-09-30 22:27:38,248 DEBUG: Ignoring rapid press of button triangle (index 2)
2024-09-30 22:27:38,259 DEBUG: Ignoring rapid press of button triangle (index 2)
2024-09-30 22:27:39,804 DEBUG: Preparing bulk read for motors: [1, 2, 3, 4, 5, 6, 7, 8], Parameters: ['present_position']
2024-09-30 22:27:39,804 DEBUG: Adding motor 1, Address: 132, Length: 4 to bulk read
2024-09-30 22:27:39,804 DEBUG: Adding motor 2, Address: 132, Length: 4 to bulk read
2024-09-30 22:27:39,804 DEBUG: Adding motor 3, Address: 132, Length: 4 to bulk read
2024-09-30 22:27:39,805 DEBUG: Adding motor 4, Address: 132, Length: 4 to bulk read
2024-09-30 22:27:39,805 DEBUG: Adding motor 5, Address: 132, Length: 4 to bulk read
2024-09-30 22:27:39,805 DEBUG: Adding motor 6, Address: 132, Length: 4 to bulk read
2024-09-30 22:27:39,805 DEBUG: Adding motor 7, Address: 132, Length: 4 to bulk read
2024-09-30 22:27:39,805 DEBUG: Adding motor 8, Address: 132, Length: 4 to bulk read
2024-09-30 22:27:39,813 DEBUG: Bulk read successful for group 'All_Motors'
2024-09-30 22:27:39,814 DEBUG: Preparing bulk read for motors: [1, 2, 3, 4, 5, 6, 7, 8], Parameters: ['present_velocity']
2024-09-30 22:27:39,814 DEBUG: Adding motor 1, Address: 128, Length: 4 to bulk read
2024-09-30 22:27:39,814 DEBUG: Adding motor 2, Address: 128, Length: 4 to bulk read
2024-09-30 22:27:39,814 DEBUG: Adding motor 3, Address: 128, Length: 4 to bulk read
2024-09-30 22:27:39,814 DEBUG: Adding motor 4, Address: 128, Length: 4 to bulk read
2024-09-30 22:27:39,814 DEBUG: Adding motor 5, Address: 128, Length: 4 to bulk read
2024-09-30 22:27:39,814 DEBUG: Adding motor 6, Address: 128, Length: 4 to bulk read
2024-09-30 22:27:39,815 DEBUG: Adding motor 7, Address: 128, Length: 4 to bulk read
2024-09-30 22:27:39,815 DEBUG: Adding motor 8, Address: 128, Length: 4 to bulk read
2024-09-30 22:27:39,822 DEBUG: Bulk read successful for group 'All_Motors'
2024-09-30 22:27:39,823 DEBUG: Preparing bulk read for motors: [1, 2, 3, 4, 5, 6, 7, 8], Parameters: ['present_load']
2024-09-30 22:27:39,823 DEBUG: Adding motor 1, Address: 126, Length: 2 to bulk read
2024-09-30 22:27:39,823 DEBUG: Adding motor 2, Address: 126, Length: 2 to bulk read
2024-09-30 22:27:39,823 DEBUG: Adding motor 3, Address: 126, Length: 2 to bulk read
2024-09-30 22:27:39,823 DEBUG: Adding motor 4, Address: 126, Length: 2 to bulk read
2024-09-30 22:27:39,824 DEBUG: Adding motor 5, Address: 126, Length: 2 to bulk read
2024-09-30 22:27:39,824 DEBUG: Adding motor 6, Address: 126, Length: 2 to bulk read
2024-09-30 22:27:39,824 DEBUG: Adding motor 7, Address: 126, Length: 2 to bulk read
2024-09-30 22:27:39,824 DEBUG: Adding motor 8, Address: 126, Length: 2 to bulk read
2024-09-30 22:27:39,832 DEBUG: Bulk read successful for group 'All_Motors'
2024-09-30 22:27:39,832 DEBUG: Preparing bulk read for motors: [1, 2, 3, 4, 5, 6, 7, 8], Parameters: ['hardware_error_status']
2024-09-30 22:27:39,832 DEBUG: Adding motor 1, Address: 70, Length: 1 to bulk read
2024-09-30 22:27:39,832 DEBUG: Adding motor 2, Address: 70, Length: 1 to bulk read
2024-09-30 22:27:39,832 DEBUG: Adding motor 3, Address: 70, Length: 1 to bulk read
2024-09-30 22:27:39,832 DEBUG: Adding motor 4, Address: 70, Length: 1 to bulk read
2024-09-30 22:27:39,833 DEBUG: Adding motor 5, Address: 70, Length: 1 to bulk read
2024-09-30 22:27:39,833 DEBUG: Adding motor 6, Address: 70, Length: 1 to bulk read
2024-09-30 22:27:39,833 DEBUG: Adding motor 7, Address: 70, Length: 1 to bulk read
2024-09-30 22:27:39,833 DEBUG: Adding motor 8, Address: 70, Length: 1 to bulk read
2024-09-30 22:27:39,840 DEBUG: Bulk read successful for group 'All_Motors'
2024-09-30 22:27:39,841 INFO: Motor     Position (ticks)    Position (degrees)       Velocity (RPM)      Load (%)  
2024-09-30 22:27:39,841 INFO: 1         1820                159.96                   0.00                0         
2024-09-30 22:27:39,841 INFO: 2         2267                199.25                   0.00                12        
2024-09-30 22:27:39,842 INFO: 3         1820                159.96                   0.01                0         
2024-09-30 22:27:39,842 INFO: 4         2268                199.34                   0.00                12        
2024-09-30 22:27:39,842 INFO: 5         1820                159.96                   0.01                0         
2024-09-30 22:27:39,842 INFO: 6         2267                199.25                   0.01                11        
2024-09-30 22:27:39,843 INFO: 7         2052                180.35                   0.00                -28       
2024-09-30 22:27:39,843 INFO: 8         2043                179.56                   0.00                22        
2024-09-30 22:27:40,809 INFO: Setting operating mode 'multi_turn' for group 'Wheg_Group'
2024-09-30 22:27:40,810 INFO: Disabling torque for group Wheg_Group
2024-09-30 22:27:40,810 DEBUG: Torque disabled for group Wheg_Group
2024-09-30 22:27:40,811 DEBUG: Operating mode set to 'multi_turn' for group Wheg_Group
2024-09-30 22:27:40,811 INFO: Enabling torque for group Wheg_Group
2024-09-30 22:27:40,812 DEBUG: Torque enabled for group Wheg_Group
2024-09-30 22:27:40,812 DEBUG: Setting profile velocity for motors in group Wheg_Group
2024-09-30 22:27:40,812 DEBUG: Setting profile velocity for group Wheg_Group
2024-09-30 22:27:40,812 DEBUG: Hard profile velocity limit: 100
2024-09-30 22:27:40,812 INFO: Setting the profile velocity for group Wheg_Group from config.yaml: 10
2024-09-30 22:27:40,813 INFO: Profile velocities set for group Wheg_Group: {1: 43.7, 2: 43.7, 3: 43.7, 4: 43.7, 5: 43.7, 6: 43.7}
2024-09-30 22:27:40,814 INFO: New gait 3 is now active.
2024-09-30 22:27:40,825 DEBUG: Executing Gait 3
2024-09-30 22:27:40,825 DEBUG: Adjusting wheg speed: trigger_value=-1.0, current_rpm=0
2024-09-30 22:27:40,826 DEBUG: Adjusted wheg speed: target_rpm=1.0, current_rpm=0
2024-09-30 22:27:40,826 INFO: Initialsing Gait 3
2024-09-30 22:27:40,826 INFO: Running set_position_group for group 'Wheg_Group' with positions: {1: 210, 2: 180, 3: 150, 4: 210, 5: 180, 6: 150}
2024-09-30 22:27:40,826 DEBUG: Preparing bulk read for motors: [1, 2, 3, 4, 5, 6], Parameters: ['operating_mode']
2024-09-30 22:27:40,827 DEBUG: Adding motor 1, Address: 11, Length: 1 to bulk read
2024-09-30 22:27:40,827 DEBUG: Adding motor 2, Address: 11, Length: 1 to bulk read
2024-09-30 22:27:40,827 DEBUG: Adding motor 3, Address: 11, Length: 1 to bulk read
2024-09-30 22:27:40,827 DEBUG: Adding motor 4, Address: 11, Length: 1 to bulk read
2024-09-30 22:27:40,827 DEBUG: Adding motor 5, Address: 11, Length: 1 to bulk read
2024-09-30 22:27:40,827 DEBUG: Adding motor 6, Address: 11, Length: 1 to bulk read
2024-09-30 22:27:40,832 DEBUG: Bulk read successful for group 'Wheg_Group'
2024-09-30 22:27:40,833 WARNING: Motor 1 is not in Position Control Mode. Setting mode now.
2024-09-30 22:27:40,833 INFO: Setting operating mode 'position' for group 'Wheg_Group'
2024-09-30 22:27:40,833 INFO: Disabling torque for group Wheg_Group
2024-09-30 22:27:40,834 DEBUG: Torque disabled for group Wheg_Group
2024-09-30 22:27:40,834 DEBUG: Operating mode set to 'position' for group Wheg_Group
2024-09-30 22:27:40,835 INFO: Enabling torque for group Wheg_Group
2024-09-30 22:27:40,835 DEBUG: Torque enabled for group Wheg_Group
2024-09-30 22:27:40,835 DEBUG: Setting profile velocity for motors in group Wheg_Group
2024-09-30 22:27:40,836 DEBUG: Setting profile velocity for group Wheg_Group
2024-09-30 22:27:40,836 DEBUG: Hard profile velocity limit: 100
2024-09-30 22:27:40,836 INFO: Setting the profile velocity for group Wheg_Group from config.yaml: 10
2024-09-30 22:27:40,837 INFO: Profile velocities set for group Wheg_Group: {1: 43.7, 2: 43.7, 3: 43.7, 4: 43.7, 5: 43.7, 6: 43.7}
2024-09-30 22:27:40,837 DEBUG: Setting motor 1 to 210° (2388 ticks)
2024-09-30 22:27:40,837 DEBUG: Setting motor 2 to 180° (2047 ticks)
2024-09-30 22:27:40,838 DEBUG: Setting motor 3 to 150° (1706 ticks)
2024-09-30 22:27:40,838 DEBUG: Setting motor 4 to 210° (2388 ticks)
2024-09-30 22:27:40,838 DEBUG: Setting motor 5 to 180° (2047 ticks)
2024-09-30 22:27:40,838 DEBUG: Setting motor 6 to 150° (1706 ticks)
2024-09-30 22:27:40,838 DEBUG: Setting individual positions for motors in group 'Wheg_Group': {1: 210, 2: 180, 3: 150, 4: 210, 5: 180, 6: 150}
2024-09-30 22:27:40,839 DEBUG: Target positions set for group 'Wheg_Group': {1: 210, 2: 180, 3: 150, 4: 210, 5: 180, 6: 150}
2024-09-30 22:27:40,839 INFO: Running set_position_group for group 'Pivot_Group' with positions: 180
2024-09-30 22:27:40,839 DEBUG: Preparing bulk read for motors: [7, 8], Parameters: ['operating_mode']
2024-09-30 22:27:40,839 DEBUG: Adding motor 7, Address: 11, Length: 1 to bulk read
2024-09-30 22:27:40,840 DEBUG: Adding motor 8, Address: 11, Length: 1 to bulk read
2024-09-30 22:27:40,843 DEBUG: Bulk read successful for group 'Pivot_Group'
2024-09-30 22:27:40,843 DEBUG: Setting position 180° for all motors in group 'Pivot_Group'
2024-09-30 22:27:40,843 DEBUG: Target positions set for group 'Pivot_Group': 180
2024-09-30 22:27:40,844 INFO: Initialised Gait 3, waiting for 3 seconds
2024-09-30 22:27:42,589 DEBUG: Button r2 (index 7) pressed.
2024-09-30 22:27:42,601 DEBUG: Ignoring rapid press of button r2 (index 7)
2024-09-30 22:27:42,612 DEBUG: Ignoring rapid press of button r2 (index 7)
2024-09-30 22:27:42,623 DEBUG: Ignoring rapid press of button r2 (index 7)
2024-09-30 22:27:42,634 DEBUG: Ignoring rapid press of button r2 (index 7)
2024-09-30 22:27:42,646 DEBUG: Ignoring rapid press of button r2 (index 7)
2024-09-30 22:27:42,657 DEBUG: Ignoring rapid press of button r2 (index 7)
2024-09-30 22:27:42,668 DEBUG: Ignoring rapid press of button r2 (index 7)
2024-09-30 22:27:42,679 DEBUG: Ignoring rapid press of button r2 (index 7)
2024-09-30 22:27:42,690 DEBUG: Ignoring rapid press of button r2 (index 7)
2024-09-30 22:27:42,702 DEBUG: Ignoring rapid press of button r2 (index 7)
2024-09-30 22:27:42,713 DEBUG: Ignoring rapid press of button r2 (index 7)
2024-09-30 22:27:42,725 DEBUG: Ignoring rapid press of button r2 (index 7)
2024-09-30 22:27:42,736 DEBUG: Ignoring rapid press of button r2 (index 7)
2024-09-30 22:27:42,747 DEBUG: Ignoring rapid press of button r2 (index 7)
2024-09-30 22:27:42,759 DEBUG: Ignoring rapid press of button r2 (index 7)
2024-09-30 22:27:42,770 DEBUG: Ignoring rapid press of button r2 (index 7)
2024-09-30 22:27:42,781 DEBUG: Ignoring rapid press of button r2 (index 7)
2024-09-30 22:27:42,793 DEBUG: Ignoring rapid press of button r2 (index 7)
2024-09-30 22:27:42,804 DEBUG: Ignoring rapid press of button r2 (index 7)
2024-09-30 22:27:42,815 DEBUG: Ignoring rapid press of button r2 (index 7)
2024-09-30 22:27:42,827 DEBUG: Ignoring rapid press of button r2 (index 7)
2024-09-30 22:27:42,838 DEBUG: Ignoring rapid press of button r2 (index 7)
2024-09-30 22:27:42,849 DEBUG: Button r2 (index 7) pressed.
2024-09-30 22:27:42,860 DEBUG: Ignoring rapid press of button r2 (index 7)
2024-09-30 22:27:42,872 DEBUG: Ignoring rapid press of button r2 (index 7)
2024-09-30 22:27:42,883 DEBUG: Ignoring rapid press of button r2 (index 7)
2024-09-30 22:27:42,894 DEBUG: Ignoring rapid press of button r2 (index 7)
2024-09-30 22:27:42,905 DEBUG: Ignoring rapid press of button r2 (index 7)
2024-09-30 22:27:42,916 DEBUG: Ignoring rapid press of button r2 (index 7)
2024-09-30 22:27:42,928 DEBUG: Ignoring rapid press of button r2 (index 7)
2024-09-30 22:27:42,939 DEBUG: Ignoring rapid press of button r2 (index 7)
2024-09-30 22:27:42,950 DEBUG: Ignoring rapid press of button r2 (index 7)
2024-09-30 22:27:42,961 DEBUG: Ignoring rapid press of button r2 (index 7)
2024-09-30 22:27:42,972 DEBUG: Ignoring rapid press of button r2 (index 7)
2024-09-30 22:27:42,984 DEBUG: Ignoring rapid press of button r2 (index 7)
2024-09-30 22:27:42,995 DEBUG: Ignoring rapid press of button r2 (index 7)
2024-09-30 22:27:43,006 DEBUG: Ignoring rapid press of button r2 (index 7)
2024-09-30 22:27:43,017 DEBUG: Ignoring rapid press of button r2 (index 7)
2024-09-30 22:27:43,028 DEBUG: Ignoring rapid press of button r2 (index 7)
2024-09-30 22:27:43,040 DEBUG: Ignoring rapid press of button r2 (index 7)
2024-09-30 22:27:43,051 DEBUG: Ignoring rapid press of button r2 (index 7)
2024-09-30 22:27:43,062 DEBUG: Ignoring rapid press of button r2 (index 7)
2024-09-30 22:27:43,073 DEBUG: Ignoring rapid press of button r2 (index 7)
2024-09-30 22:27:43,085 DEBUG: Ignoring rapid press of button r2 (index 7)
2024-09-30 22:27:43,096 DEBUG: Ignoring rapid press of button r2 (index 7)
2024-09-30 22:27:43,107 DEBUG: Button r2 (index 7) pressed.
2024-09-30 22:27:43,119 DEBUG: Ignoring rapid press of button r2 (index 7)
2024-09-30 22:27:43,130 DEBUG: Ignoring rapid press of button r2 (index 7)
2024-09-30 22:27:43,141 DEBUG: Ignoring rapid press of button r2 (index 7)
2024-09-30 22:27:43,152 DEBUG: Ignoring rapid press of button r2 (index 7)
2024-09-30 22:27:43,163 DEBUG: Ignoring rapid press of button r2 (index 7)
2024-09-30 22:27:43,175 DEBUG: Ignoring rapid press of button r2 (index 7)
2024-09-30 22:27:43,186 DEBUG: Ignoring rapid press of button r2 (index 7)
2024-09-30 22:27:43,197 DEBUG: Ignoring rapid press of button r2 (index 7)
2024-09-30 22:27:43,209 DEBUG: Ignoring rapid press of button r2 (index 7)
2024-09-30 22:27:43,220 DEBUG: Ignoring rapid press of button r2 (index 7)
2024-09-30 22:27:43,231 DEBUG: Ignoring rapid press of button r2 (index 7)
2024-09-30 22:27:43,242 DEBUG: Ignoring rapid press of button r2 (index 7)
2024-09-30 22:27:43,254 DEBUG: Ignoring rapid press of button r2 (index 7)
2024-09-30 22:27:43,265 DEBUG: Ignoring rapid press of button r2 (index 7)
2024-09-30 22:27:43,276 DEBUG: Ignoring rapid press of button r2 (index 7)
2024-09-30 22:27:43,288 DEBUG: Ignoring rapid press of button r2 (index 7)
2024-09-30 22:27:43,299 DEBUG: Ignoring rapid press of button r2 (index 7)
2024-09-30 22:27:43,310 DEBUG: Ignoring rapid press of button r2 (index 7)
2024-09-30 22:27:43,321 DEBUG: Ignoring rapid press of button r2 (index 7)
2024-09-30 22:27:43,333 DEBUG: Ignoring rapid press of button r2 (index 7)
2024-09-30 22:27:43,344 DEBUG: Ignoring rapid press of button r2 (index 7)
2024-09-30 22:27:43,355 DEBUG: Ignoring rapid press of button r2 (index 7)
2024-09-30 22:27:43,366 DEBUG: Button r2 (index 7) pressed.
2024-09-30 22:27:43,378 DEBUG: Ignoring rapid press of button r2 (index 7)
2024-09-30 22:27:43,389 DEBUG: Ignoring rapid press of button r2 (index 7)
2024-09-30 22:27:43,400 DEBUG: Ignoring rapid press of button r2 (index 7)
2024-09-30 22:27:43,411 DEBUG: Ignoring rapid press of button r2 (index 7)
2024-09-30 22:27:43,423 DEBUG: Ignoring rapid press of button r2 (index 7)
2024-09-30 22:27:43,434 DEBUG: Ignoring rapid press of button r2 (index 7)
2024-09-30 22:27:43,445 DEBUG: Ignoring rapid press of button r2 (index 7)
2024-09-30 22:27:43,456 DEBUG: Ignoring rapid press of button r2 (index 7)
2024-09-30 22:27:43,468 DEBUG: Ignoring rapid press of button r2 (index 7)
2024-09-30 22:27:43,479 DEBUG: Ignoring rapid press of button r2 (index 7)
2024-09-30 22:27:43,490 DEBUG: Ignoring rapid press of button r2 (index 7)
2024-09-30 22:27:43,502 DEBUG: Ignoring rapid press of button r2 (index 7)
2024-09-30 22:27:43,513 DEBUG: Ignoring rapid press of button r2 (index 7)
2024-09-30 22:27:43,524 DEBUG: Ignoring rapid press of button r2 (index 7)
2024-09-30 22:27:43,535 DEBUG: Ignoring rapid press of button r2 (index 7)
2024-09-30 22:27:43,546 DEBUG: Ignoring rapid press of button r2 (index 7)
2024-09-30 22:27:43,558 DEBUG: Ignoring rapid press of button r2 (index 7)
2024-09-30 22:27:43,569 DEBUG: Ignoring rapid press of button r2 (index 7)
2024-09-30 22:27:43,581 DEBUG: Ignoring rapid press of button r2 (index 7)
2024-09-30 22:27:43,592 DEBUG: Ignoring rapid press of button r2 (index 7)
2024-09-30 22:27:43,603 DEBUG: Ignoring rapid press of button r2 (index 7)
2024-09-30 22:27:43,614 DEBUG: Ignoring rapid press of button r2 (index 7)
2024-09-30 22:27:43,626 DEBUG: Button r2 (index 7) pressed.
2024-09-30 22:27:43,637 DEBUG: Ignoring rapid press of button r2 (index 7)
2024-09-30 22:27:43,648 DEBUG: Ignoring rapid press of button r2 (index 7)
2024-09-30 22:27:43,659 DEBUG: Ignoring rapid press of button r2 (index 7)
2024-09-30 22:27:43,670 DEBUG: Ignoring rapid press of button r2 (index 7)
2024-09-30 22:27:43,682 DEBUG: Ignoring rapid press of button r2 (index 7)
2024-09-30 22:27:43,693 DEBUG: Ignoring rapid press of button r2 (index 7)
2024-09-30 22:27:43,704 DEBUG: Ignoring rapid press of button r2 (index 7)
2024-09-30 22:27:43,716 DEBUG: Ignoring rapid press of button r2 (index 7)
2024-09-30 22:27:43,727 DEBUG: Ignoring rapid press of button r2 (index 7)
2024-09-30 22:27:43,738 DEBUG: Ignoring rapid press of button r2 (index 7)
2024-09-30 22:27:43,749 DEBUG: Ignoring rapid press of button r2 (index 7)
2024-09-30 22:27:43,761 DEBUG: Ignoring rapid press of button r2 (index 7)
2024-09-30 22:27:43,772 DEBUG: Ignoring rapid press of button r2 (index 7)
2024-09-30 22:27:43,783 DEBUG: Ignoring rapid press of button r2 (index 7)
2024-09-30 22:27:43,795 DEBUG: Ignoring rapid press of button r2 (index 7)
2024-09-30 22:27:43,806 DEBUG: Ignoring rapid press of button r2 (index 7)
2024-09-30 22:27:43,818 DEBUG: Ignoring rapid press of button r2 (index 7)
2024-09-30 22:27:43,829 DEBUG: Ignoring rapid press of button r2 (index 7)
2024-09-30 22:27:43,840 DEBUG: Ignoring rapid press of button r2 (index 7)
2024-09-30 22:27:43,845 INFO: Setting operating mode 'multi_turn' for group 'Wheg_Group'
2024-09-30 22:27:43,846 INFO: Disabling torque for group Wheg_Group
2024-09-30 22:27:43,846 DEBUG: Torque disabled for group Wheg_Group
2024-09-30 22:27:43,847 DEBUG: Operating mode set to 'multi_turn' for group Wheg_Group
2024-09-30 22:27:43,847 INFO: Enabling torque for group Wheg_Group
2024-09-30 22:27:43,848 DEBUG: Torque enabled for group Wheg_Group
2024-09-30 22:27:43,848 DEBUG: Setting profile velocity for motors in group Wheg_Group
2024-09-30 22:27:43,848 DEBUG: Setting profile velocity for group Wheg_Group
2024-09-30 22:27:43,849 DEBUG: Hard profile velocity limit: 100
2024-09-30 22:27:43,849 INFO: Setting the profile velocity for group Wheg_Group from config.yaml: 10
2024-09-30 22:27:43,850 INFO: Profile velocities set for group Wheg_Group: {1: 43.7, 2: 43.7, 3: 43.7, 4: 43.7, 5: 43.7, 6: 43.7}
2024-09-30 22:27:43,850 INFO: New gait 3 is now active.
2024-09-30 22:27:43,852 DEBUG: Ignoring rapid press of button r2 (index 7)
2024-09-30 22:27:43,861 DEBUG: Executing Gait 3
2024-09-30 22:27:43,862 DEBUG: Adjusting wheg speed: trigger_value=0.999969482421875, current_rpm=0
2024-09-30 22:27:43,862 DEBUG: Adjusted wheg speed: target_rpm=3.9999542236328125, current_rpm=1
2024-09-30 22:27:43,864 DEBUG: Ignoring rapid press of button r2 (index 7)
2024-09-30 22:27:43,873 DEBUG: Executing Gait 3
2024-09-30 22:27:43,873 DEBUG: Adjusting wheg speed: trigger_value=0.999969482421875, current_rpm=1
2024-09-30 22:27:43,873 DEBUG: Adjusted wheg speed: target_rpm=3.9999542236328125, current_rpm=2
2024-09-30 22:27:43,873 DEBUG: Preparing bulk read for motors: [1, 2, 3, 4, 5, 6], Parameters: ['present_position']
2024-09-30 22:27:43,874 DEBUG: Adding motor 1, Address: 132, Length: 4 to bulk read
2024-09-30 22:27:43,874 DEBUG: Adding motor 2, Address: 132, Length: 4 to bulk read
2024-09-30 22:27:43,874 DEBUG: Adding motor 3, Address: 132, Length: 4 to bulk read
2024-09-30 22:27:43,874 DEBUG: Adding motor 4, Address: 132, Length: 4 to bulk read
2024-09-30 22:27:43,874 DEBUG: Adding motor 5, Address: 132, Length: 4 to bulk read
2024-09-30 22:27:43,874 DEBUG: Adding motor 6, Address: 132, Length: 4 to bulk read
2024-09-30 22:27:43,880 DEBUG: Bulk read successful for group 'Wheg_Group'
2024-09-30 22:27:43,880 DEBUG: Setting profile velocity for group Wheg_Group
2024-09-30 22:27:43,880 DEBUG: Hard profile velocity limit: 100
2024-09-30 22:27:43,881 INFO: Profile velocities set for group Wheg_Group: {1: 87.4, 2: 8.74, 3: 8.74, 4: 87.4, 5: 8.74, 6: 8.74}
2024-09-30 22:27:43,881 INFO: Incrementing motor positions by {1: 300, 2: 30, 3: 30, 4: 300, 5: 30, 6: 30} degrees for group 'Wheg_Group'
2024-09-30 22:27:43,882 DEBUG: Checking operating mode for motors in group 'Wheg_Group'...
2024-09-30 22:27:43,882 DEBUG: Preparing bulk read for motors: [1, 2, 3, 4, 5, 6], Parameters: ['operating_mode']
2024-09-30 22:27:43,882 DEBUG: Adding motor 1, Address: 11, Length: 1 to bulk read
2024-09-30 22:27:43,882 DEBUG: Adding motor 2, Address: 11, Length: 1 to bulk read
2024-09-30 22:27:43,882 DEBUG: Adding motor 3, Address: 11, Length: 1 to bulk read
2024-09-30 22:27:43,882 DEBUG: Adding motor 4, Address: 11, Length: 1 to bulk read
2024-09-30 22:27:43,883 DEBUG: Adding motor 5, Address: 11, Length: 1 to bulk read
2024-09-30 22:27:43,883 DEBUG: Adding motor 6, Address: 11, Length: 1 to bulk read
2024-09-30 22:27:43,888 DEBUG: Bulk read successful for group 'Wheg_Group'
2024-09-30 22:27:43,888 DEBUG: Reading current positions for motors in group 'Wheg_Group'...
2024-09-30 22:27:43,888 DEBUG: Preparing bulk read for motors: [1, 2, 3, 4, 5, 6], Parameters: ['present_position']
2024-09-30 22:27:43,888 DEBUG: Adding motor 1, Address: 132, Length: 4 to bulk read
2024-09-30 22:27:43,889 DEBUG: Adding motor 2, Address: 132, Length: 4 to bulk read
2024-09-30 22:27:43,889 DEBUG: Adding motor 3, Address: 132, Length: 4 to bulk read
2024-09-30 22:27:43,889 DEBUG: Adding motor 4, Address: 132, Length: 4 to bulk read
2024-09-30 22:27:43,889 DEBUG: Adding motor 5, Address: 132, Length: 4 to bulk read
2024-09-30 22:27:43,889 DEBUG: Adding motor 6, Address: 132, Length: 4 to bulk read
2024-09-30 22:27:43,895 DEBUG: Bulk read successful for group 'Wheg_Group'
2024-09-30 22:27:43,895 DEBUG: Motor 1: Current Position: 209.14°, New Position: 509.14°
2024-09-30 22:27:43,895 DEBUG: Motor 2: Current Position: 179.87°, New Position: 209.87°
2024-09-30 22:27:43,895 DEBUG: Motor 3: Current Position: 149.89°, New Position: 179.89°
2024-09-30 22:27:43,896 DEBUG: Motor 4: Current Position: 209.05°, New Position: 509.05°
2024-09-30 22:27:43,896 DEBUG: Motor 5: Current Position: 179.69°, New Position: 209.69°
2024-09-30 22:27:43,896 DEBUG: Motor 6: Current Position: 149.98°, New Position: 179.98°
2024-09-30 22:27:43,897 DEBUG: Motor positions for group 'Wheg_Group' incremented.
2024-09-30 22:27:43,897 INFO: Initiating safe shutdown...
2024-09-30 22:27:43,897 INFO: Setting operating mode 'velocity' for group 'All_Motors'
2024-09-30 22:27:43,898 INFO: Disabling torque for group All_Motors
2024-09-30 22:27:43,899 DEBUG: Torque disabled for group All_Motors
2024-09-30 22:27:43,899 DEBUG: Operating mode set to 'velocity' for group All_Motors
2024-09-30 22:27:43,899 INFO: Enabling torque for group All_Motors
2024-09-30 22:27:43,900 DEBUG: Torque enabled for group All_Motors
2024-09-30 22:27:43,900 DEBUG: Setting velocity limit for motors in group All_Motors
2024-09-30 22:27:43,900 WARNING: Velocity limit 200 exceeds hard limit 100. Limiting to 100.
2024-09-30 22:27:43,901 INFO: Velocity limit set to 100 for group All_Motors
2024-09-30 22:27:43,902 INFO: Enabling torque for group All_Motors
2024-09-30 22:27:43,902 DEBUG: Torque enabled for group All_Motors
2024-09-30 22:27:43,903 INFO: Target velocities set for group All_Motors: {1: 0, 2: 0, 3: 0, 4: 0, 5: 0, 6: 0, 7: 0, 8: 0}
2024-09-30 22:27:43,903 INFO: Running set_position_group for group 'All_Motors' with positions: 180
2024-09-30 22:27:43,903 DEBUG: Preparing bulk read for motors: [1, 2, 3, 4, 5, 6, 7, 8], Parameters: ['operating_mode']
2024-09-30 22:27:43,904 DEBUG: Adding motor 1, Address: 11, Length: 1 to bulk read
2024-09-30 22:27:43,904 DEBUG: Adding motor 2, Address: 11, Length: 1 to bulk read
2024-09-30 22:27:43,904 DEBUG: Adding motor 3, Address: 11, Length: 1 to bulk read
2024-09-30 22:27:43,904 DEBUG: Adding motor 4, Address: 11, Length: 1 to bulk read
2024-09-30 22:27:43,904 DEBUG: Adding motor 5, Address: 11, Length: 1 to bulk read
2024-09-30 22:27:43,904 DEBUG: Adding motor 6, Address: 11, Length: 1 to bulk read
2024-09-30 22:27:43,904 DEBUG: Adding motor 7, Address: 11, Length: 1 to bulk read
2024-09-30 22:27:43,905 DEBUG: Adding motor 8, Address: 11, Length: 1 to bulk read
2024-09-30 22:27:43,912 DEBUG: Bulk read successful for group 'All_Motors'
2024-09-30 22:27:43,912 WARNING: Motor 1 is not in Position Control Mode. Setting mode now.
2024-09-30 22:27:43,913 INFO: Setting operating mode 'position' for group 'All_Motors'
2024-09-30 22:27:43,913 INFO: Disabling torque for group All_Motors
2024-09-30 22:27:43,914 DEBUG: Torque disabled for group All_Motors
2024-09-30 22:27:43,914 DEBUG: Operating mode set to 'position' for group All_Motors
2024-09-30 22:27:43,914 INFO: Enabling torque for group All_Motors
2024-09-30 22:27:43,915 DEBUG: Torque enabled for group All_Motors
2024-09-30 22:27:43,915 DEBUG: Setting profile velocity for motors in group All_Motors
2024-09-30 22:27:43,915 DEBUG: Setting profile velocity for group All_Motors
2024-09-30 22:27:43,915 DEBUG: Hard profile velocity limit: 100
2024-09-30 22:27:43,916 INFO: Setting the profile velocity for group All_Motors from config.yaml: 5
2024-09-30 22:27:43,917 INFO: Profile velocities set for group All_Motors: {1: 21.85, 2: 21.85, 3: 21.85, 4: 21.85, 5: 21.85, 6: 21.85, 7: 21.85, 8: 21.85}
2024-09-30 22:27:43,917 DEBUG: Setting position 180° for all motors in group 'All_Motors'
2024-09-30 22:27:43,918 DEBUG: Target positions set for group 'All_Motors': 180
2024-09-30 22:27:43,918 INFO: Closing PS4Controller and quitting pygame
2024-09-30 22:27:44,002 INFO: Port closed successfully.
2024-09-30 22:27:44,002 INFO: Shutdown complete.
2024-09-30 22:27:44,002 ERROR: Controller connection lost!
2024-09-30 22:27:44,003 ERROR: Controller is disconnected.
2024-09-30 22:27:44,003 ERROR: Controller connection lost!
2024-09-30 22:27:44,003 ERROR: Controller is disconnected.
2024-09-30 22:27:44,003 ERROR: Controller connection lost!
2024-09-30 22:27:44,003 ERROR: Controller is disconnected.
