2025-05-08 17:20:25,449 INFO: Initializing PS4Controller
2025-05-08 17:20:25,932 INFO: Configuration loaded successfully
2025-05-08 17:20:25,937 INFO: Port /dev/ttyACM0 opened successfully
2025-05-08 17:20:25,947 INFO: Baudrate set to 1000000
2025-05-08 17:20:25,948 INFO: Control table loaded successfully.
2025-05-08 17:20:25,949 INFO: Motor group 'Pivot_Group' created with motors: [7, 8]
2025-05-08 17:20:25,949 INFO: Motor group 'Wheg_Group' created with motors: [1, 2, 3, 4, 5, 6]
2025-05-08 17:20:25,950 INFO: Motor group 'All_Motors' created with motors: [1, 2, 3, 4, 5, 6, 7, 8]
2025-05-08 17:20:25,950 INFO: Motor group 'Left_Whegs' created with motors: [1, 2, 3]
2025-05-08 17:20:25,950 INFO: Motor group 'Right_Whegs' created with motors: [4, 5, 6]
2025-05-08 17:20:25,950 INFO: Motor group 'Front_Whegs' created with motors: [3, 6]
2025-05-08 17:20:25,951 INFO: Motor group 'Rear_Whegs' created with motors: [1, 4]
2025-05-08 17:20:25,951 INFO: Motor group 'Middle_Whegs' created with motors: [2, 5]
2025-05-08 17:20:25,952 INFO: Motor group 'Two_Right_One_Left' created with motors: [2, 4, 6]
2025-05-08 17:20:25,952 INFO: Motor group 'Two_Left_One_Right' created with motors: [5, 1, 3]
2025-05-08 17:20:25,952 INFO: Initialised PS4 controller, Dynamixel, and Robot State
2025-05-08 17:20:25,953 INFO: Disabling torque for group Right_Whegs
2025-05-08 17:20:25,954 INFO: Drive mode set for group Right_Whegs with reverse_direction=True
2025-05-08 17:20:25,955 INFO: Enabling torque for group Right_Whegs
2025-05-08 17:20:25,956 INFO: Setting the profile velocity for group Right_Whegs from config.yaml: None
2025-05-08 17:20:25,956 ERROR: Profile velocity for group Right_Whegs not found in config.yaml and no value was provided.
2025-05-08 17:20:25,957 INFO: Disabling torque for group Left_Whegs
2025-05-08 17:20:25,958 INFO: Drive mode set for group Left_Whegs with reverse_direction=False
2025-05-08 17:20:25,958 INFO: Enabling torque for group Left_Whegs
2025-05-08 17:20:25,959 INFO: Setting the profile velocity for group Left_Whegs from config.yaml: None
2025-05-08 17:20:25,960 ERROR: Profile velocity for group Left_Whegs not found in config.yaml and no value was provided.
2025-05-08 17:20:25,960 INFO: Set the right side whegs to reverse direction
2025-05-08 17:20:25,960 INFO: Disabling torque for group Pivot_Group
2025-05-08 17:20:25,961 INFO: Drive mode set for group Pivot_Group with reverse_direction=False
2025-05-08 17:20:25,962 INFO: Enabling torque for group Pivot_Group
2025-05-08 17:20:25,963 INFO: Setting the profile velocity for group Pivot_Group from config.yaml: 4
2025-05-08 17:20:25,963 INFO: Profile velocities set for group Pivot_Group: {7: 17.48, 8: 17.48}
2025-05-08 17:20:25,965 INFO: Position limits set for group Pivot_Group: min=45° (ticks=511), max=315° (ticks=3583)
2025-05-08 17:20:25,965 INFO: Set position limits for the pivot motors
2025-05-08 17:20:26,136 ERROR: Bulk read failed with error: [TxRxResult] There is no status packet!
2025-05-08 17:20:26,137 INFO: Initialising Gait 1
2025-05-08 17:20:26,138 INFO: Disabling torque for group Wheg_Group
2025-05-08 17:20:26,139 INFO: Drive mode set for group Wheg_Group with reverse_direction={1: 0, 2: 0, 3: 0, 4: 1, 5: 1, 6: 1}
2025-05-08 17:20:26,139 INFO: Enabling torque for group Wheg_Group
2025-05-08 17:20:26,141 INFO: Setting the profile velocity for group Wheg_Group from config.yaml: 10
2025-05-08 17:20:26,141 INFO: Profile velocities set for group Wheg_Group: {1: 43.7, 2: 43.7, 3: 43.7, 4: 43.7, 5: 43.7, 6: 43.7}
2025-05-08 17:20:26,142 WARNING: Set direction of whegs to forward
2025-05-08 17:20:26,142 WARNING: Direction set for all whegs
2025-05-08 17:20:26,143 INFO: Running set_position_group for group 'Wheg_Group' with positions: 180
2025-05-08 17:20:26,178 ERROR: Bulk read failed with error: [TxRxResult] There is no status packet!
2025-05-08 17:20:26,180 ERROR: Error controlling pivots: 'dpad_down'
2025-05-08 17:20:26,217 ERROR: Bulk read failed with error: [TxRxResult] There is no status packet!
2025-05-08 17:20:26,254 ERROR: Bulk read failed with error: [TxRxResult] There is no status packet!
2025-05-08 17:20:26,290 ERROR: Bulk read failed with error: [TxRxResult] There is no status packet!
2025-05-08 17:20:26,327 ERROR: Bulk read failed with error: [TxRxResult] There is no status packet!
2025-05-08 17:20:26,327 ERROR: Error retrieving motor data: 'NoneType' object has no attribute 'keys'
2025-05-08 17:20:26,332 INFO: Initiating safe shutdown...
2025-05-08 17:20:26,332 INFO: Setting operating mode 'velocity' for group 'All_Motors'
2025-05-08 17:20:26,333 INFO: Disabling torque for group All_Motors
2025-05-08 17:20:26,335 INFO: Enabling torque for group All_Motors
2025-05-08 17:20:26,337 INFO: Setting the profile velocity for group All_Motors from config.yaml: 8
2025-05-08 17:20:26,338 INFO: Profile velocities set for group All_Motors: {1: 34.96, 2: 34.96, 3: 34.96, 4: 34.96, 5: 34.96, 6: 34.96, 7: 34.96, 8: 34.96}
2025-05-08 17:20:26,338 WARNING: Velocity limit 200 exceeds hard limit 100. Limiting to 100.
2025-05-08 17:20:26,339 INFO: Velocity limit set to 100 for group All_Motors
2025-05-08 17:20:26,340 INFO: Enabling torque for group All_Motors
2025-05-08 17:20:26,341 INFO: Setting the profile velocity for group All_Motors from config.yaml: 8
2025-05-08 17:20:26,342 INFO: Profile velocities set for group All_Motors: {1: 34.96, 2: 34.96, 3: 34.96, 4: 34.96, 5: 34.96, 6: 34.96, 7: 34.96, 8: 34.96}
2025-05-08 17:20:26,342 INFO: Target velocities set for group All_Motors: {1: 0, 2: 0, 3: 0, 4: 0, 5: 0, 6: 0, 7: 0, 8: 0}
2025-05-08 17:20:26,343 INFO: Running set_position_group for group 'All_Motors' with positions: 180
2025-05-08 17:20:26,378 ERROR: Bulk read failed with error: [TxRxResult] There is no status packet!
