2024-10-29 11:49:27,031 INFO: Initializing PS4Controller
2024-10-29 11:49:27,313 INFO: Configuration loaded successfully
2024-10-29 11:49:27,316 INFO: Port /dev/ttyACM0 opened successfully
2024-10-29 11:49:27,324 INFO: Baudrate set to 1000000
2024-10-29 11:49:27,325 INFO: Control table loaded successfully.
2024-10-29 11:49:27,326 INFO: Motor group 'Pivot_Group' created with motors: [7, 8]
2024-10-29 11:49:27,326 INFO: Motor group 'Wheg_Group' created with motors: [1, 2, 3, 4, 5, 6]
2024-10-29 11:49:27,326 INFO: Motor group 'All_Motors' created with motors: [1, 2, 3, 4, 5, 6, 7, 8]
2024-10-29 11:49:27,327 INFO: Motor group 'Left_Whegs' created with motors: [1, 2, 3]
2024-10-29 11:49:27,327 INFO: Motor group 'Right_Whegs' created with motors: [4, 5, 6]
2024-10-29 11:49:27,328 INFO: Motor group 'Front_Whegs' created with motors: [3, 6]
2024-10-29 11:49:27,329 INFO: Motor group 'Rear_Whegs' created with motors: [1, 4]
2024-10-29 11:49:27,329 INFO: Motor group 'Middle_Whegs' created with motors: [2, 5]
2024-10-29 11:49:27,330 INFO: Motor group 'Two_Right_One_Left' created with motors: [2, 4, 6]
2024-10-29 11:49:27,330 INFO: Motor group 'Two_Left_One_Right' created with motors: [5, 1, 3]
2024-10-29 11:49:27,331 INFO: Initialised PS4 controller, Dynamixel, and Robot State
2024-10-29 11:49:27,507 INFO: Disabling torque for group Right_Whegs
2024-10-29 11:49:27,510 INFO: Drive mode set for group Right_Whegs with reverse_direction=True
2024-10-29 11:49:27,511 INFO: Enabling torque for group Right_Whegs
2024-10-29 11:49:27,515 INFO: Setting the profile velocity for group Right_Whegs from config.yaml: None
2024-10-29 11:49:27,516 ERROR: Profile velocity for group Right_Whegs not found in config.yaml and no value was provided.
2024-10-29 11:49:27,516 INFO: Profile velocities set for group Right_Whegs: {4: 21.85, 5: 21.85, 6: 21.85}
2024-10-29 11:49:27,517 INFO: Disabling torque for group Left_Whegs
2024-10-29 11:49:27,518 INFO: Drive mode set for group Left_Whegs with reverse_direction=False
2024-10-29 11:49:27,518 INFO: Enabling torque for group Left_Whegs
2024-10-29 11:49:27,519 INFO: Setting the profile velocity for group Left_Whegs from config.yaml: None
2024-10-29 11:49:27,520 ERROR: Profile velocity for group Left_Whegs not found in config.yaml and no value was provided.
2024-10-29 11:49:27,521 INFO: Profile velocities set for group Left_Whegs: {1: 21.85, 2: 21.85, 3: 21.85}
2024-10-29 11:49:27,521 INFO: Set the right side whegs to reverse direction
2024-10-29 11:49:27,522 INFO: Disabling torque for group Pivot_Group
2024-10-29 11:49:27,522 INFO: Drive mode set for group Pivot_Group with reverse_direction=False
2024-10-29 11:49:27,523 INFO: Enabling torque for group Pivot_Group
2024-10-29 11:49:27,524 INFO: Setting the profile velocity for group Pivot_Group from config.yaml: 4
2024-10-29 11:49:27,524 INFO: Profile velocities set for group Pivot_Group: {7: 17.48, 8: 17.48}
2024-10-29 11:49:27,526 INFO: Position limits set for group Pivot_Group: min=45° (ticks=511), max=315° (ticks=3583)
2024-10-29 11:49:27,526 INFO: Set position limits for the pivot motors
2024-10-29 11:49:27,535 INFO: Initialising Gait 1
2024-10-29 11:49:27,536 INFO: Running set_position_group for group 'Wheg_Group' with positions: 180
2024-10-29 11:49:27,542 INFO: Running set_position_group for group 'Pivot_Group' with positions: 180
2024-10-29 11:49:27,545 INFO: Initialised Gait 1, waiting for 3 seconds
2024-10-29 11:49:27,546 ERROR: Error controlling pivots: 'dpad_down'
2024-10-29 11:49:27,585 INFO: Left Joystick input 0.011749267578125
2024-10-29 11:49:27,676 INFO: Left Joystick input 0.011749267578125
2024-10-29 11:49:27,767 INFO: Left Joystick input 0.011749267578125
2024-10-29 11:49:27,859 INFO: Left Joystick input 0.011749267578125
2024-10-29 11:49:27,950 INFO: Left Joystick input 0.00390625
2024-10-29 11:49:28,041 INFO: Left Joystick input 0.00390625
2024-10-29 11:49:28,133 INFO: Left Joystick input 0.00390625
2024-10-29 11:49:28,225 INFO: Left Joystick input 0.00390625
2024-10-29 11:49:28,317 INFO: Left Joystick input 0.00390625
2024-10-29 11:49:28,407 INFO: Left Joystick input 0.0352783203125
2024-10-29 11:49:28,498 INFO: Left Joystick input 0.027435302734375
2024-10-29 11:49:28,590 INFO: Left Joystick input 0.01959228515625
2024-10-29 11:49:28,683 INFO: Left Joystick input 0.01959228515625
2024-10-29 11:49:28,775 INFO: Left Joystick input 0.01959228515625
2024-10-29 11:49:28,866 INFO: Left Joystick input 0.011749267578125
2024-10-29 11:49:28,957 INFO: Left Joystick input 0.011749267578125
2024-10-29 11:49:29,049 INFO: Left Joystick input 0.011749267578125
2024-10-29 11:49:29,141 INFO: Left Joystick input 0.011749267578125
2024-10-29 11:49:29,232 INFO: Left Joystick input 0.011749267578125
2024-10-29 11:49:29,323 INFO: Left Joystick input 0.011749267578125
2024-10-29 11:49:29,415 INFO: Left Joystick input 0.00390625
2024-10-29 11:49:29,508 INFO: Left Joystick input 0.011749267578125
2024-10-29 11:49:29,597 INFO: Left Joystick input 0.011749267578125
2024-10-29 11:49:29,686 INFO: Left Joystick input -0.035308837890625
2024-10-29 11:49:29,775 INFO: Left Joystick input -0.37255859375
2024-10-29 11:49:29,865 INFO: Left Joystick input -0.48236083984375
2024-10-29 11:49:29,954 INFO: Left Joystick input -0.521575927734375
2024-10-29 11:49:30,043 INFO: Left Joystick input -0.5294189453125
2024-10-29 11:49:30,132 INFO: Left Joystick input -0.5294189453125
2024-10-29 11:49:30,220 INFO: Left Joystick input -0.54510498046875
2024-10-29 11:49:30,310 INFO: Left Joystick input -0.552947998046875
2024-10-29 11:49:30,399 INFO: Left Joystick input -0.584320068359375
2024-10-29 11:49:30,489 INFO: Left Joystick input -0.63922119140625
2024-10-29 11:49:30,580 INFO: Left Joystick input -0.709808349609375
2024-10-29 11:49:30,582 INFO: Setting operating mode 'multi_turn' for group 'Wheg_Group'
2024-10-29 11:49:30,583 INFO: Disabling torque for group Wheg_Group
2024-10-29 11:49:30,585 INFO: Enabling torque for group Wheg_Group
2024-10-29 11:49:30,588 INFO: Setting the profile velocity for group Wheg_Group from config.yaml: 10
2024-10-29 11:49:30,589 INFO: Profile velocities set for group Wheg_Group: {1: 43.7, 2: 43.7, 3: 43.7, 4: 43.7, 5: 43.7, 6: 43.7}
2024-10-29 11:49:30,590 INFO: Setting the profile velocity for group Wheg_Group from config.yaml: 10
2024-10-29 11:49:30,591 INFO: Profile velocities set for group Wheg_Group: {1: 43.7, 2: 43.7, 3: 43.7, 4: 43.7, 5: 43.7, 6: 43.7}
2024-10-29 11:49:30,592 INFO: New gait 1 is now active.
2024-10-29 11:49:30,669 INFO: Left Joystick input -0.7490234375
2024-10-29 11:49:30,758 INFO: Left Joystick input -0.7490234375
2024-10-29 11:49:30,848 INFO: Left Joystick input -0.7490234375
2024-10-29 11:49:30,942 INFO: Left Joystick input -0.788238525390625
2024-10-29 11:49:31,032 INFO: Left Joystick input -0.79608154296875
2024-10-29 11:49:31,122 INFO: Left Joystick input -0.647064208984375
2024-10-29 11:49:31,211 INFO: Left Joystick input -0.584320068359375
2024-10-29 11:49:31,301 INFO: Left Joystick input -0.57647705078125
2024-10-29 11:49:31,390 INFO: Left Joystick input -0.57647705078125
2024-10-29 11:49:31,480 INFO: Left Joystick input -0.57647705078125
2024-10-29 11:49:31,569 INFO: Left Joystick input -0.411773681640625
2024-10-29 11:49:31,658 INFO: Left Joystick input -0.26275634765625
2024-10-29 11:49:31,748 INFO: Left Joystick input -0.019622802734375
2024-10-29 11:49:31,838 INFO: Left Joystick input 0.027435302734375
2024-10-29 11:49:31,927 INFO: Left Joystick input 0.074493408203125
2024-10-29 11:49:32,016 INFO: Left Joystick input 0.247039794921875
2024-10-29 11:49:32,105 INFO: Left Joystick input 0.443115234375
2024-10-29 11:49:32,195 INFO: Left Joystick input 0.58428955078125
2024-10-29 11:49:32,284 INFO: Left Joystick input 0.686248779296875
2024-10-29 11:49:32,374 INFO: Left Joystick input 0.686248779296875
2024-10-29 11:49:32,465 INFO: Left Joystick input 0.694091796875
2024-10-29 11:49:32,555 INFO: Left Joystick input 0.780364990234375
2024-10-29 11:49:32,646 INFO: Left Joystick input 0.827423095703125
2024-10-29 11:49:32,736 INFO: Left Joystick input 0.827423095703125
2024-10-29 11:49:32,827 INFO: Left Joystick input 0.827423095703125
2024-10-29 11:49:32,916 INFO: Left Joystick input 0.827423095703125
2024-10-29 11:49:33,008 INFO: Left Joystick input 0.827423095703125
2024-10-29 11:49:33,098 INFO: Left Joystick input 0.83526611328125
2024-10-29 11:49:33,189 INFO: Left Joystick input 0.83526611328125
2024-10-29 11:49:33,281 INFO: Left Joystick input 0.83526611328125
2024-10-29 11:49:33,371 INFO: Left Joystick input 0.83526611328125
2024-10-29 11:49:33,462 INFO: Left Joystick input 0.83526611328125
2024-10-29 11:49:33,554 INFO: Left Joystick input 0.8509521484375
2024-10-29 11:49:33,645 INFO: Left Joystick input 0.86663818359375
2024-10-29 11:49:33,735 INFO: Left Joystick input 0.9764404296875
2024-10-29 11:49:33,826 INFO: Left Joystick input 0.999969482421875
2024-10-29 11:49:33,917 INFO: Left Joystick input 0.999969482421875
2024-10-29 11:49:34,006 INFO: Left Joystick input 0.96075439453125
2024-10-29 11:49:34,096 INFO: Left Joystick input 0.92938232421875
2024-10-29 11:49:34,186 INFO: Left Joystick input 0.043121337890625
2024-10-29 11:49:34,275 INFO: Left Joystick input 0.0352783203125
2024-10-29 11:49:34,365 INFO: Left Joystick input 0.00390625
2024-10-29 11:49:34,455 INFO: Left Joystick input -0.26275634765625
2024-10-29 11:49:34,545 INFO: Left Joystick input -0.756866455078125
2024-10-29 11:49:34,635 INFO: Left Joystick input -1.0
2024-10-29 11:49:34,725 INFO: Left Joystick input -1.0
2024-10-29 11:49:34,815 INFO: Left Joystick input -1.0
2024-10-29 11:49:34,905 INFO: Left Joystick input -1.0
2024-10-29 11:49:34,995 INFO: Left Joystick input -1.0
2024-10-29 11:49:35,084 INFO: Left Joystick input -0.286285400390625
2024-10-29 11:49:35,174 INFO: Left Joystick input 0.00390625
2024-10-29 11:49:35,263 INFO: Left Joystick input 0.00390625
2024-10-29 11:49:35,354 INFO: Left Joystick input 0.2548828125
2024-10-29 11:49:35,445 INFO: Left Joystick input 0.952911376953125
2024-10-29 11:49:35,535 INFO: Left Joystick input 0.999969482421875
2024-10-29 11:49:35,625 INFO: Left Joystick input 0.999969482421875
2024-10-29 11:49:35,715 INFO: Left Joystick input 0.999969482421875
2024-10-29 11:49:35,804 INFO: Left Joystick input 0.701934814453125
2024-10-29 11:49:35,894 INFO: Left Joystick input 0.011749267578125
2024-10-29 11:49:35,986 INFO: Left Joystick input 0.011749267578125
2024-10-29 11:49:36,082 INFO: Left Joystick input 0.011749267578125
2024-10-29 11:49:36,174 INFO: Left Joystick input 0.011749267578125
2024-10-29 11:49:36,266 INFO: Left Joystick input 0.011749267578125
2024-10-29 11:49:36,356 INFO: Left Joystick input 0.011749267578125
2024-10-29 11:49:36,448 INFO: Left Joystick input 0.011749267578125
2024-10-29 11:49:36,538 INFO: Left Joystick input 0.011749267578125
2024-10-29 11:49:36,629 INFO: Left Joystick input 0.011749267578125
2024-10-29 11:49:36,720 INFO: Left Joystick input 0.011749267578125
2024-10-29 11:49:36,810 INFO: Left Joystick input 0.011749267578125
2024-10-29 11:49:36,901 INFO: Left Joystick input 0.011749267578125
2024-10-29 11:49:36,992 INFO: Left Joystick input 0.011749267578125
2024-10-29 11:49:37,083 INFO: Left Joystick input 0.011749267578125
2024-10-29 11:49:37,174 INFO: Left Joystick input 0.011749267578125
2024-10-29 11:49:37,265 INFO: Left Joystick input 0.011749267578125
2024-10-29 11:49:37,355 INFO: Left Joystick input 0.011749267578125
2024-10-29 11:49:37,446 INFO: Left Joystick input 0.011749267578125
2024-10-29 11:49:37,536 INFO: Left Joystick input 0.011749267578125
2024-10-29 11:49:37,627 INFO: Left Joystick input 0.011749267578125
2024-10-29 11:49:37,717 INFO: Left Joystick input 0.011749267578125
2024-10-29 11:49:37,808 INFO: Left Joystick input 0.011749267578125
2024-10-29 11:49:37,900 INFO: Left Joystick input 0.011749267578125
2024-10-29 11:49:37,989 INFO: Left Joystick input 0.011749267578125
2024-10-29 11:49:38,080 INFO: Left Joystick input 0.011749267578125
2024-10-29 11:49:38,171 INFO: Left Joystick input 0.011749267578125
2024-10-29 11:49:38,262 INFO: Left Joystick input 0.011749267578125
2024-10-29 11:49:38,353 INFO: Left Joystick input 0.011749267578125
2024-10-29 11:49:38,444 INFO: Left Joystick input 0.011749267578125
2024-10-29 11:49:38,536 INFO: Left Joystick input 0.011749267578125
2024-10-29 11:49:38,628 INFO: Left Joystick input 0.011749267578125
2024-10-29 11:49:38,718 INFO: Left Joystick input 0.011749267578125
2024-10-29 11:49:38,808 INFO: Left Joystick input 0.011749267578125
2024-10-29 11:49:38,899 INFO: Left Joystick input 0.011749267578125
2024-10-29 11:49:38,990 INFO: Left Joystick input 0.011749267578125
2024-10-29 11:49:39,080 INFO: Left Joystick input 0.027435302734375
2024-10-29 11:49:39,171 INFO: Left Joystick input 0.043121337890625
2024-10-29 11:49:39,261 INFO: Left Joystick input 0.05096435546875
2024-10-29 11:49:39,352 INFO: Left Joystick input 0.05096435546875
2024-10-29 11:49:39,443 INFO: Left Joystick input 0.066650390625
2024-10-29 11:49:39,534 INFO: Left Joystick input 0.074493408203125
2024-10-29 11:49:39,623 INFO: Left Joystick input 0.0352783203125
2024-10-29 11:49:39,714 INFO: Left Joystick input 0.0352783203125
2024-10-29 11:49:39,804 INFO: Left Joystick input -0.01177978515625
2024-10-29 11:49:39,894 INFO: Left Joystick input -0.01177978515625
2024-10-29 11:49:39,985 INFO: Left Joystick input -0.003936767578125
2024-10-29 11:49:40,074 INFO: Left Joystick input 0.00390625
2024-10-29 11:49:40,166 INFO: Left Joystick input 0.00390625
2024-10-29 11:49:40,256 INFO: Left Joystick input -0.003936767578125
2024-10-29 11:49:40,346 INFO: Left Joystick input -0.01177978515625
2024-10-29 11:49:40,436 INFO: Left Joystick input -0.003936767578125
2024-10-29 11:49:40,527 INFO: Left Joystick input -0.003936767578125
2024-10-29 11:49:40,617 INFO: Left Joystick input -0.003936767578125
2024-10-29 11:49:40,707 INFO: Left Joystick input -0.003936767578125
2024-10-29 11:49:40,798 INFO: Left Joystick input -0.003936767578125
2024-10-29 11:49:40,888 INFO: Left Joystick input -0.003936767578125
2024-10-29 11:49:40,978 INFO: Left Joystick input 0.00390625
2024-10-29 11:49:41,068 INFO: Left Joystick input -0.019622802734375
2024-10-29 11:49:41,159 INFO: Left Joystick input -0.01177978515625
2024-10-29 11:49:41,249 INFO: Left Joystick input 0.00390625
2024-10-29 11:49:41,340 INFO: Left Joystick input -0.019622802734375
2024-10-29 11:49:41,432 INFO: Left Joystick input -0.01177978515625
2024-10-29 11:49:41,524 INFO: Left Joystick input 0.00390625
2024-10-29 11:49:41,614 INFO: Left Joystick input 0.00390625
2024-10-29 11:49:41,706 INFO: Left Joystick input -0.01177978515625
2024-10-29 11:49:41,796 INFO: Left Joystick input 0.00390625
2024-10-29 11:49:41,887 INFO: Left Joystick input -0.04315185546875
2024-10-29 11:49:41,977 INFO: Left Joystick input 0.00390625
2024-10-29 11:49:42,067 INFO: Left Joystick input 0.00390625
2024-10-29 11:49:42,158 INFO: Left Joystick input 0.00390625
2024-10-29 11:49:42,250 INFO: Left Joystick input 0.00390625
2024-10-29 11:49:42,340 INFO: Left Joystick input -0.003936767578125
2024-10-29 11:49:42,430 INFO: Left Joystick input 0.00390625
2024-10-29 11:49:42,513 INFO: Initiating safe shutdown...
2024-10-29 11:49:42,514 INFO: Setting operating mode 'velocity' for group 'All_Motors'
2024-10-29 11:49:42,515 INFO: Disabling torque for group All_Motors
2024-10-29 11:49:42,516 INFO: Enabling torque for group All_Motors
2024-10-29 11:49:42,516 INFO: Setting the profile velocity for group All_Motors from config.yaml: 8
2024-10-29 11:49:42,517 INFO: Profile velocities set for group All_Motors: {1: 34.96, 2: 34.96, 3: 34.96, 4: 34.96, 5: 34.96, 6: 34.96, 7: 34.96, 8: 34.96}
2024-10-29 11:49:42,517 WARNING: Velocity limit 200 exceeds hard limit 100. Limiting to 100.
2024-10-29 11:49:42,518 INFO: Velocity limit set to 100 for group All_Motors
2024-10-29 11:49:42,519 INFO: Enabling torque for group All_Motors
2024-10-29 11:49:42,519 INFO: Setting the profile velocity for group All_Motors from config.yaml: 8
2024-10-29 11:49:42,520 INFO: Profile velocities set for group All_Motors: {1: 34.96, 2: 34.96, 3: 34.96, 4: 34.96, 5: 34.96, 6: 34.96, 7: 34.96, 8: 34.96}
2024-10-29 11:49:42,521 INFO: Target velocities set for group All_Motors: {1: 0, 2: 0, 3: 0, 4: 0, 5: 0, 6: 0, 7: 0, 8: 0}
2024-10-29 11:49:42,521 INFO: Running set_position_group for group 'All_Motors' with positions: 180
2024-10-29 11:49:42,528 WARNING: Motor 1 is not in Position Control Mode. Setting mode now.
2024-10-29 11:49:42,529 INFO: Setting operating mode 'position' for group 'All_Motors'
2024-10-29 11:49:42,529 INFO: Disabling torque for group All_Motors
2024-10-29 11:49:42,530 INFO: Enabling torque for group All_Motors
2024-10-29 11:49:42,531 INFO: Setting the profile velocity for group All_Motors from config.yaml: 8
2024-10-29 11:49:42,532 INFO: Profile velocities set for group All_Motors: {1: 34.96, 2: 34.96, 3: 34.96, 4: 34.96, 5: 34.96, 6: 34.96, 7: 34.96, 8: 34.96}
2024-10-29 11:49:42,532 INFO: Setting the profile velocity for group All_Motors from config.yaml: 8
2024-10-29 11:49:42,533 INFO: Profile velocities set for group All_Motors: {1: 34.96, 2: 34.96, 3: 34.96, 4: 34.96, 5: 34.96, 6: 34.96, 7: 34.96, 8: 34.96}
2024-10-29 11:49:42,534 INFO: Closing PS4Controller and quitting pygame
2024-10-29 11:49:42,624 INFO: Port closed successfully.
2024-10-29 11:49:42,625 INFO: Shutdown complete.
2024-10-29 11:49:42,626 ERROR: Error checking hardware errors: Attempting to use a port that is not open
