2024-10-29 01:33:11,773 INFO: Initializing PS4Controller
2024-10-29 01:33:12,058 INFO: Configuration loaded successfully
2024-10-29 01:33:12,060 INFO: Port /dev/ttyACM0 opened successfully
2024-10-29 01:33:12,070 INFO: Baudrate set to 1000000
2024-10-29 01:33:12,071 INFO: Control table loaded successfully.
2024-10-29 01:33:12,072 INFO: Motor group 'Pivot_Group' created with motors: [7, 8]
2024-10-29 01:33:12,072 INFO: Motor group 'Wheg_Group' created with motors: [1, 2, 3, 4, 5, 6]
2024-10-29 01:33:12,072 INFO: Motor group 'All_Motors' created with motors: [1, 2, 3, 4, 5, 6, 7, 8]
2024-10-29 01:33:12,073 INFO: Motor group 'Left_Whegs' created with motors: [1, 2, 3]
2024-10-29 01:33:12,073 INFO: Motor group 'Right_Whegs' created with motors: [4, 5, 6]
2024-10-29 01:33:12,074 INFO: Motor group 'Front_Whegs' created with motors: [3, 6]
2024-10-29 01:33:12,074 INFO: Motor group 'Rear_Whegs' created with motors: [1, 4]
2024-10-29 01:33:12,074 INFO: Motor group 'Middle_Whegs' created with motors: [2, 5]
2024-10-29 01:33:12,075 INFO: Motor group 'Two_Right_One_Left' created with motors: [2, 4, 6]
2024-10-29 01:33:12,075 INFO: Motor group 'Two_Left_One_Right' created with motors: [5, 1, 3]
2024-10-29 01:33:12,076 INFO: Initialised PS4 controller, Dynamixel, and Robot State
2024-10-29 01:33:12,233 INFO: Initializing PS4Controller
2024-10-29 01:33:12,286 INFO: Configuration loaded successfully
2024-10-29 01:33:12,290 INFO: Port /dev/ttyACM0 opened successfully
2024-10-29 01:33:12,293 INFO: Baudrate set to 1000000
2024-10-29 01:33:12,294 INFO: Control table loaded successfully.
2024-10-29 01:33:12,295 INFO: Motor group 'Pivot_Group' created with motors: [7, 8]
2024-10-29 01:33:12,295 INFO: Motor group 'Wheg_Group' created with motors: [1, 2, 3, 4, 5, 6]
2024-10-29 01:33:12,296 INFO: Motor group 'All_Motors' created with motors: [1, 2, 3, 4, 5, 6, 7, 8]
2024-10-29 01:33:12,297 INFO: Motor group 'Left_Whegs' created with motors: [1, 2, 3]
2024-10-29 01:33:12,298 INFO: Motor group 'Right_Whegs' created with motors: [4, 5, 6]
2024-10-29 01:33:12,299 INFO: Motor group 'Front_Whegs' created with motors: [3, 6]
2024-10-29 01:33:12,300 INFO: Motor group 'Rear_Whegs' created with motors: [1, 4]
2024-10-29 01:33:12,300 INFO: Motor group 'Middle_Whegs' created with motors: [2, 5]
2024-10-29 01:33:12,301 INFO: Motor group 'Two_Right_One_Left' created with motors: [2, 4, 6]
2024-10-29 01:33:12,302 INFO: Motor group 'Two_Left_One_Right' created with motors: [5, 1, 3]
2024-10-29 01:33:12,302 INFO: Initialised PS4 controller, Dynamixel, and Robot State
2024-10-29 01:33:12,315 INFO: Initialised Streamlit dashboard
2024-10-29 01:33:12,316 INFO: Disabling torque for group Right_Whegs
2024-10-29 01:33:12,320 INFO: Drive mode set for group Right_Whegs with reverse_direction=True
2024-10-29 01:33:12,322 INFO: Enabling torque for group Right_Whegs
2024-10-29 01:33:12,326 INFO: Motor 4 drive mode correctly set to reverse
2024-10-29 01:33:12,327 INFO: Motor 5 drive mode correctly set to reverse
2024-10-29 01:33:12,328 INFO: Motor 6 drive mode correctly set to reverse
2024-10-29 01:33:12,328 INFO: Disabling torque for group Left_Whegs
2024-10-29 01:33:12,329 INFO: Drive mode set for group Left_Whegs with reverse_direction=False
2024-10-29 01:33:12,331 INFO: Enabling torque for group Left_Whegs
2024-10-29 01:33:12,335 INFO: Motor 1 drive mode correctly set to normal
2024-10-29 01:33:12,336 INFO: Motor 2 drive mode correctly set to normal
2024-10-29 01:33:12,337 INFO: Motor 3 drive mode correctly set to normal
2024-10-29 01:33:12,337 INFO: Set the right side whegs to reverse direction
2024-10-29 01:33:12,338 INFO: Disabling torque for group Pivot_Group
2024-10-29 01:33:12,339 INFO: Drive mode set for group Pivot_Group with reverse_direction=False
2024-10-29 01:33:12,340 INFO: Enabling torque for group Pivot_Group
2024-10-29 01:33:12,345 INFO: Motor 7 drive mode correctly set to normal
2024-10-29 01:33:12,346 INFO: Motor 8 drive mode correctly set to normal
2024-10-29 01:33:12,347 INFO: Position limits set for group Pivot_Group: min=90° (ticks=1023), max=270° (ticks=3071)
2024-10-29 01:33:12,348 INFO: Set position limits for the pivot motors
2024-10-29 01:33:12,350 INFO: Initialising Gait 1
2024-10-29 01:33:12,351 INFO: Running set_position_group for group 'Wheg_Group' with positions: 180
2024-10-29 01:33:12,357 INFO: Running set_position_group for group 'Pivot_Group' with positions: 180
2024-10-29 01:33:12,362 INFO: Initialised Gait 1, waiting for 3 seconds
2024-10-29 01:33:12,363 ERROR: Error controlling pivots: 'dpad_down'
2024-10-29 01:33:16,605 INFO: Setting operating mode 'multi_turn' for group 'Wheg_Group'
2024-10-29 01:33:16,606 INFO: Disabling torque for group Wheg_Group
2024-10-29 01:33:16,608 INFO: Enabling torque for group Wheg_Group
2024-10-29 01:33:16,609 INFO: Setting the profile velocity for group Wheg_Group from config.yaml: 10
2024-10-29 01:33:16,610 INFO: Profile velocities set for group Wheg_Group: {1: 43.7, 2: 43.7, 3: 43.7, 4: 43.7, 5: 43.7, 6: 43.7}
2024-10-29 01:33:16,611 INFO: New gait 1 is now active.
2024-10-29 01:33:16,622 INFO: Profile velocities set for group Wheg_Group: {1: 21.85, 2: 21.85, 3: 21.85, 4: 21.85, 5: 21.85, 6: 21.85}
2024-10-29 01:33:16,623 INFO: Incrementing motor positions by 360 degrees for group 'Wheg_Group'
2024-10-29 01:33:16,633 INFO: Gait 1 step executed at 5.00RPM, wait for 12.00 seconds
2024-10-29 01:33:20,722 WARNING: Emergency stop activated! Stopping all motors asynchronously.
2024-10-29 01:33:20,724 INFO: Setting operating mode 'velocity' for group 'All_Motors'
2024-10-29 01:33:20,726 INFO: Disabling torque for group All_Motors
2024-10-29 01:33:20,728 INFO: Enabling torque for group All_Motors
2024-10-29 01:33:20,729 WARNING: Velocity limit 200 exceeds hard limit 100. Limiting to 100.
2024-10-29 01:33:20,730 INFO: Velocity limit set to 100 for group All_Motors
2024-10-29 01:33:20,731 INFO: Enabling torque for group All_Motors
2024-10-29 01:33:20,732 INFO: Target velocities set for group All_Motors: {1: 0, 2: 0, 3: 0, 4: 0, 5: 0, 6: 0, 7: 0, 8: 0}
2024-10-29 01:33:24,780 INFO: Emergency Stop Deactivated. Resuming control...
2024-10-29 01:33:28,734 INFO: Initialising Gait 1
2024-10-29 01:33:28,735 INFO: Running set_position_group for group 'Wheg_Group' with positions: 180
2024-10-29 01:33:28,741 WARNING: Motor 1 is not in Position Control Mode. Setting mode now.
2024-10-29 01:33:28,741 INFO: Setting operating mode 'position' for group 'Wheg_Group'
2024-10-29 01:33:28,742 INFO: Disabling torque for group Wheg_Group
2024-10-29 01:33:28,743 INFO: Enabling torque for group Wheg_Group
2024-10-29 01:33:28,744 INFO: Setting the profile velocity for group Wheg_Group from config.yaml: 10
2024-10-29 01:33:28,744 INFO: Profile velocities set for group Wheg_Group: {1: 43.7, 2: 43.7, 3: 43.7, 4: 43.7, 5: 43.7, 6: 43.7}
2024-10-29 01:33:28,745 INFO: Running set_position_group for group 'Pivot_Group' with positions: 180
2024-10-29 01:33:28,748 WARNING: Motor 7 is not in Position Control Mode. Setting mode now.
2024-10-29 01:33:28,749 INFO: Setting operating mode 'position' for group 'Pivot_Group'
2024-10-29 01:33:28,749 INFO: Disabling torque for group Pivot_Group
2024-10-29 01:33:28,750 INFO: Enabling torque for group Pivot_Group
2024-10-29 01:33:28,751 INFO: Setting the profile velocity for group Pivot_Group from config.yaml: 4
2024-10-29 01:33:28,751 INFO: Profile velocities set for group Pivot_Group: {7: 17.48, 8: 17.48}
2024-10-29 01:33:28,752 INFO: Initialised Gait 1, waiting for 3 seconds
2024-10-29 01:33:32,759 INFO: Setting operating mode 'multi_turn' for group 'Wheg_Group'
2024-10-29 01:33:32,761 INFO: Disabling torque for group Wheg_Group
2024-10-29 01:33:32,762 INFO: Enabling torque for group Wheg_Group
2024-10-29 01:33:32,763 INFO: Setting the profile velocity for group Wheg_Group from config.yaml: 10
2024-10-29 01:33:32,764 INFO: Profile velocities set for group Wheg_Group: {1: 43.7, 2: 43.7, 3: 43.7, 4: 43.7, 5: 43.7, 6: 43.7}
2024-10-29 01:33:32,765 INFO: New gait 1 is now active.
2024-10-29 01:33:36,793 INFO: Running set_position_group for group 'Pivot_Group' with positions: {7: 180, 8: 185}
2024-10-29 01:33:36,798 INFO: Front pivot angle set to 180 degrees (ticks: 180)
2024-10-29 01:33:36,799 INFO: Rear pivot angle set to 185 degrees (ticks: 185)
2024-10-29 01:33:42,174 INFO: Running set_position_group for group 'Pivot_Group' with positions: {7: 180, 8: 180}
2024-10-29 01:33:42,179 INFO: Front pivot angle set to 180 degrees (ticks: 180)
2024-10-29 01:33:42,180 INFO: Rear pivot angle set to 180 degrees (ticks: 180)
2024-10-29 01:33:44,864 INFO: Running set_position_group for group 'Pivot_Group' with positions: {7: 180, 8: 185}
2024-10-29 01:33:44,869 INFO: Front pivot angle set to 180 degrees (ticks: 180)
2024-10-29 01:33:44,870 INFO: Rear pivot angle set to 185 degrees (ticks: 185)
2024-10-29 01:33:46,210 INFO: Running set_position_group for group 'Pivot_Group' with positions: {7: 180, 8: 180}
2024-10-29 01:33:46,215 INFO: Front pivot angle set to 180 degrees (ticks: 180)
2024-10-29 01:33:46,215 INFO: Rear pivot angle set to 180 degrees (ticks: 180)
2024-10-29 01:33:47,553 INFO: Running set_position_group for group 'Pivot_Group' with positions: {7: 180, 8: 175}
2024-10-29 01:33:47,558 INFO: Front pivot angle set to 180 degrees (ticks: 180)
2024-10-29 01:33:47,558 INFO: Rear pivot angle set to 175 degrees (ticks: 175)
2024-10-29 01:33:48,897 INFO: Running set_position_group for group 'Pivot_Group' with positions: {7: 180, 8: 170}
2024-10-29 01:33:48,901 INFO: Front pivot angle set to 180 degrees (ticks: 180)
2024-10-29 01:33:48,902 INFO: Rear pivot angle set to 170 degrees (ticks: 170)
2024-10-29 01:33:50,241 INFO: Running set_position_group for group 'Pivot_Group' with positions: {7: 180, 8: 165}
2024-10-29 01:33:50,245 INFO: Front pivot angle set to 180 degrees (ticks: 180)
2024-10-29 01:33:50,246 INFO: Rear pivot angle set to 165 degrees (ticks: 165)
2024-10-29 01:33:51,586 INFO: Running set_position_group for group 'Pivot_Group' with positions: {7: 180, 8: 170}
2024-10-29 01:33:51,591 INFO: Front pivot angle set to 180 degrees (ticks: 180)
2024-10-29 01:33:51,591 INFO: Rear pivot angle set to 170 degrees (ticks: 170)
2024-10-29 01:33:52,928 INFO: Running set_position_group for group 'Pivot_Group' with positions: {7: 180, 8: 175}
2024-10-29 01:33:52,933 INFO: Front pivot angle set to 180 degrees (ticks: 180)
2024-10-29 01:33:52,934 INFO: Rear pivot angle set to 175 degrees (ticks: 175)
2024-10-29 01:33:54,273 INFO: Running set_position_group for group 'Pivot_Group' with positions: {7: 180, 8: 180}
2024-10-29 01:33:54,278 INFO: Front pivot angle set to 180 degrees (ticks: 180)
2024-10-29 01:33:54,278 INFO: Rear pivot angle set to 180 degrees (ticks: 180)
2024-10-29 01:33:55,614 INFO: Running set_position_group for group 'Pivot_Group' with positions: {7: 180, 8: 185}
2024-10-29 01:33:55,618 INFO: Front pivot angle set to 180 degrees (ticks: 180)
2024-10-29 01:33:55,618 INFO: Rear pivot angle set to 185 degrees (ticks: 185)
2024-10-29 01:33:56,958 INFO: Running set_position_group for group 'Pivot_Group' with positions: {7: 180, 8: 190}
2024-10-29 01:33:56,962 INFO: Front pivot angle set to 180 degrees (ticks: 180)
2024-10-29 01:33:56,963 INFO: Rear pivot angle set to 190 degrees (ticks: 190)
2024-10-29 01:33:59,642 INFO: Profile velocities set for group Wheg_Group: {1: 21.85, 2: 21.85, 3: 21.85, 4: 21.85, 5: 21.85, 6: 21.85}
2024-10-29 01:33:59,643 INFO: Incrementing motor positions by 360 degrees for group 'Wheg_Group'
2024-10-29 01:33:59,653 INFO: Gait 1 step executed at 5.00RPM, wait for 12.00 seconds
2024-10-29 01:34:05,097 INFO: Triangle pressed. Preparing to change to next gait: 2
2024-10-29 01:34:11,738 INFO: Initialising Gait 2
2024-10-29 01:34:11,739 INFO: Running set_position_group for group 'Wheg_Group' with positions: {1: 160, 2: 200, 3: 160, 4: 200, 5: 160, 6: 200}
2024-10-29 01:34:11,745 WARNING: Motor 1 is not in Position Control Mode. Setting mode now.
2024-10-29 01:34:11,746 INFO: Setting operating mode 'position' for group 'Wheg_Group'
2024-10-29 01:34:11,746 INFO: Disabling torque for group Wheg_Group
2024-10-29 01:34:11,747 INFO: Enabling torque for group Wheg_Group
2024-10-29 01:34:11,748 INFO: Setting the profile velocity for group Wheg_Group from config.yaml: 10
2024-10-29 01:34:11,749 INFO: Profile velocities set for group Wheg_Group: {1: 43.7, 2: 43.7, 3: 43.7, 4: 43.7, 5: 43.7, 6: 43.7}
2024-10-29 01:34:11,750 INFO: Running set_position_group for group 'Pivot_Group' with positions: 180
2024-10-29 01:34:11,753 INFO: Initialised Gait 2, waiting for 3 seconds
2024-10-29 01:34:15,761 INFO: Setting operating mode 'multi_turn' for group 'Wheg_Group'
2024-10-29 01:34:15,762 INFO: Disabling torque for group Wheg_Group
2024-10-29 01:34:15,763 INFO: Enabling torque for group Wheg_Group
2024-10-29 01:34:15,764 INFO: Setting the profile velocity for group Wheg_Group from config.yaml: 10
2024-10-29 01:34:15,765 INFO: Profile velocities set for group Wheg_Group: {1: 43.7, 2: 43.7, 3: 43.7, 4: 43.7, 5: 43.7, 6: 43.7}
2024-10-29 01:34:15,766 INFO: New gait 2 is now active.
2024-10-29 01:34:15,782 INFO: Profile velocities set for group Wheg_Group: {1: 8.74, 2: 69.92, 3: 8.74, 4: 69.92, 5: 8.74, 6: 69.92}
2024-10-29 01:34:15,782 INFO: Incrementing motor positions by {1: 40, 2: 320, 3: 40, 4: 320, 5: 40, 6: 320} degrees for group 'Wheg_Group'
2024-10-29 01:34:15,793 INFO: Gait 2 step executed at 2.00RPM, wait for 3.36 seconds
2024-10-29 01:34:18,536 INFO: Triangle pressed. Preparing to change to next gait: 3
2024-10-29 01:34:19,804 INFO: Initialsing Gait 3
2024-10-29 01:34:19,805 INFO: Running set_position_group for group 'Wheg_Group' with positions: {1: 200, 2: 160, 3: 160, 4: 200, 5: 160, 6: 160}
2024-10-29 01:34:19,811 WARNING: Motor 1 is not in Position Control Mode. Setting mode now.
2024-10-29 01:34:19,812 INFO: Setting operating mode 'position' for group 'Wheg_Group'
2024-10-29 01:34:19,812 INFO: Disabling torque for group Wheg_Group
2024-10-29 01:34:19,814 INFO: Enabling torque for group Wheg_Group
2024-10-29 01:34:19,814 INFO: Setting the profile velocity for group Wheg_Group from config.yaml: 10
2024-10-29 01:34:19,815 INFO: Profile velocities set for group Wheg_Group: {1: 43.7, 2: 43.7, 3: 43.7, 4: 43.7, 5: 43.7, 6: 43.7}
2024-10-29 01:34:19,816 INFO: Running set_position_group for group 'Pivot_Group' with positions: 180
2024-10-29 01:34:19,819 INFO: Initialised Gait 3, waiting for 3 seconds
2024-10-29 01:34:23,831 INFO: Setting operating mode 'multi_turn' for group 'Wheg_Group'
2024-10-29 01:34:23,833 INFO: Disabling torque for group Wheg_Group
2024-10-29 01:34:23,834 INFO: Enabling torque for group Wheg_Group
2024-10-29 01:34:23,835 INFO: Setting the profile velocity for group Wheg_Group from config.yaml: 10
2024-10-29 01:34:23,836 INFO: Profile velocities set for group Wheg_Group: {1: 43.7, 2: 43.7, 3: 43.7, 4: 43.7, 5: 43.7, 6: 43.7}
2024-10-29 01:34:23,837 INFO: New gait 3 is now active.
2024-10-29 01:34:23,854 INFO: Profile velocities set for group Wheg_Group: {1: 17.48, 2: 17.48, 3: 17.48, 4: 17.48, 5: 17.48, 6: 17.48}
2024-10-29 01:34:23,854 INFO: Incrementing motor positions by {1: 320, 2: 40, 3: 0, 4: 320, 5: 40, 6: 0} degrees for group 'Wheg_Group'
2024-10-29 01:34:23,865 INFO: Gait 3 step executed at 4.00 RPM, wait for 13.36 seconds
2024-10-29 01:34:37,321 INFO: Profile velocities set for group Wheg_Group: {1: 34.96, 2: 34.96, 3: 34.96, 4: 34.96, 5: 34.96, 6: 34.96}
2024-10-29 01:34:37,322 INFO: Incrementing motor positions by {1: 0, 2: 320, 3: 40, 4: 0, 5: 320, 6: 40} degrees for group 'Wheg_Group'
2024-10-29 01:34:37,332 INFO: Gait 3 step executed at 8.00 RPM, wait for 6.69 seconds
2024-10-29 01:34:50,744 INFO: Initiating safe shutdown...
2024-10-29 01:34:50,745 INFO: Setting operating mode 'velocity' for group 'All_Motors'
2024-10-29 01:34:50,745 INFO: Disabling torque for group All_Motors
2024-10-29 01:34:50,746 INFO: Enabling torque for group All_Motors
2024-10-29 01:34:50,747 WARNING: Velocity limit 200 exceeds hard limit 100. Limiting to 100.
2024-10-29 01:34:50,748 INFO: Velocity limit set to 100 for group All_Motors
2024-10-29 01:34:50,749 INFO: Enabling torque for group All_Motors
2024-10-29 01:34:50,751 INFO: Target velocities set for group All_Motors: {1: 0, 2: 0, 3: 0, 4: 0, 5: 0, 6: 0, 7: 0, 8: 0}
2024-10-29 01:34:50,751 INFO: Running set_position_group for group 'All_Motors' with positions: 180
2024-10-29 01:34:50,759 WARNING: Motor 1 is not in Position Control Mode. Setting mode now.
2024-10-29 01:34:50,760 INFO: Setting operating mode 'position' for group 'All_Motors'
2024-10-29 01:34:50,760 INFO: Disabling torque for group All_Motors
2024-10-29 01:34:50,761 INFO: Enabling torque for group All_Motors
2024-10-29 01:34:50,762 INFO: Setting the profile velocity for group All_Motors from config.yaml: 5
2024-10-29 01:34:50,763 INFO: Profile velocities set for group All_Motors: {1: 21.85, 2: 21.85, 3: 21.85, 4: 21.85, 5: 21.85, 6: 21.85, 7: 21.85, 8: 21.85}
2024-10-29 01:34:50,764 INFO: Closing PS4Controller and quitting pygame
2024-10-29 01:34:50,835 INFO: Port closed successfully.
2024-10-29 01:34:50,835 INFO: Shutdown complete.
