2024-10-28 21:46:43,379 INFO: Initializing PS4Controller
2024-10-28 21:46:43,675 INFO: Configuration loaded successfully
2024-10-28 21:46:43,677 INFO: Port /dev/ttyACM0 opened successfully
2024-10-28 21:46:43,687 INFO: Baudrate set to 1000000
2024-10-28 21:46:43,688 INFO: Control table loaded successfully.
2024-10-28 21:46:43,689 INFO: Motor group 'Pivot_Group' created with motors: [7, 8]
2024-10-28 21:46:43,689 INFO: Motor group 'Wheg_Group' created with motors: [1, 2, 3, 4, 5, 6]
2024-10-28 21:46:43,690 INFO: Motor group 'All_Motors' created with motors: [1, 2, 3, 4, 5, 6, 7, 8]
2024-10-28 21:46:43,690 INFO: Motor group 'Left_Whegs' created with motors: [1, 2, 3]
2024-10-28 21:46:43,691 INFO: Motor group 'Right_Whegs' created with motors: [4, 5, 6]
2024-10-28 21:46:43,691 INFO: Motor group 'Front_Whegs' created with motors: [3, 6]
2024-10-28 21:46:43,692 INFO: Motor group 'Rear_Whegs' created with motors: [1, 4]
2024-10-28 21:46:43,692 INFO: Motor group 'Middle_Whegs' created with motors: [2, 5]
2024-10-28 21:46:43,693 INFO: Motor group 'Two_Right_One_Left' created with motors: [2, 4, 6]
2024-10-28 21:46:43,693 INFO: Motor group 'Two_Left_One_Right' created with motors: [5, 1, 3]
2024-10-28 21:46:43,693 INFO: Initialised PS4 controller, Dynamixel, and Robot State
2024-10-28 21:46:43,847 INFO: Initialised Streamlit dashboard
2024-10-28 21:46:43,848 INFO: Disabling torque for group Right_Whegs
2024-10-28 21:46:43,850 INFO: Drive mode set for group Right_Whegs with reverse_direction=True
2024-10-28 21:46:43,852 INFO: Enabling torque for group Right_Whegs
2024-10-28 21:46:43,856 INFO: Motor 4 drive mode correctly set to reverse
2024-10-28 21:46:43,856 INFO: Motor 5 drive mode correctly set to reverse
2024-10-28 21:46:43,856 INFO: Motor 6 drive mode correctly set to reverse
2024-10-28 21:46:43,857 INFO: Disabling torque for group Left_Whegs
2024-10-28 21:46:43,858 INFO: Drive mode set for group Left_Whegs with reverse_direction=False
2024-10-28 21:46:43,858 INFO: Enabling torque for group Left_Whegs
2024-10-28 21:46:43,862 INFO: Motor 1 drive mode correctly set to normal
2024-10-28 21:46:43,863 INFO: Motor 2 drive mode correctly set to normal
2024-10-28 21:46:43,863 INFO: Motor 3 drive mode correctly set to normal
2024-10-28 21:46:43,863 INFO: Set the right side whegs to reverse direction
2024-10-28 21:46:43,864 INFO: Disabling torque for group Pivot_Group
2024-10-28 21:46:43,865 INFO: Drive mode set for group Pivot_Group with reverse_direction=False
2024-10-28 21:46:43,865 INFO: Enabling torque for group Pivot_Group
2024-10-28 21:46:43,869 INFO: Motor 7 drive mode correctly set to normal
2024-10-28 21:46:43,869 INFO: Motor 8 drive mode correctly set to normal
2024-10-28 21:46:43,871 INFO: Position limits set for group Pivot_Group: min=90째 (ticks=1023), max=270째 (ticks=3071)
2024-10-28 21:46:43,871 INFO: Set position limits for the pivot motors
2024-10-28 21:46:43,873 INFO: Initialising Gait 1
2024-10-28 21:46:43,873 INFO: Running set_position_group for group 'Wheg_Group' with positions: 180
2024-10-28 21:46:43,879 INFO: Running set_position_group for group 'Pivot_Group' with positions: 180
2024-10-28 21:46:43,882 INFO: Initialised Gait 1, waiting for 3 seconds
2024-10-28 21:46:43,943 INFO: Motor     Position (degrees)       Velocity (RPM)      Load (%)  
2024-10-28 21:46:43,944 INFO: 1         179.82                   983547509.87        1.2       
2024-10-28 21:46:43,944 INFO: 2         179.82                   983547510.33        0.0       
2024-10-28 21:46:43,945 INFO: 3         179.82                   983547510.10        1.2       
2024-10-28 21:46:43,945 INFO: 4         179.74                   0.00                0.9       
2024-10-28 21:46:43,946 INFO: 5         179.74                   0.23                1.1       
2024-10-28 21:46:43,946 INFO: 6         179.91                   0.00                0.0       
2024-10-28 21:46:43,946 INFO: 7         179.47                   0.00                1.9       
2024-10-28 21:46:43,946 INFO: 8         180.53                   0.00                -3.1      
2024-10-28 21:46:44,878 INFO: Initializing PS4Controller
2024-10-28 21:46:44,927 INFO: Configuration loaded successfully
2024-10-28 21:46:44,931 INFO: Port /dev/ttyACM0 opened successfully
2024-10-28 21:46:44,934 INFO: Baudrate set to 1000000
2024-10-28 21:46:44,934 INFO: Control table loaded successfully.
2024-10-28 21:46:44,935 INFO: Motor group 'Pivot_Group' created with motors: [7, 8]
2024-10-28 21:46:44,935 INFO: Motor group 'Wheg_Group' created with motors: [1, 2, 3, 4, 5, 6]
2024-10-28 21:46:44,936 INFO: Motor group 'All_Motors' created with motors: [1, 2, 3, 4, 5, 6, 7, 8]
2024-10-28 21:46:44,937 INFO: Motor group 'Left_Whegs' created with motors: [1, 2, 3]
2024-10-28 21:46:44,937 INFO: Motor group 'Right_Whegs' created with motors: [4, 5, 6]
2024-10-28 21:46:44,938 INFO: Motor group 'Front_Whegs' created with motors: [3, 6]
2024-10-28 21:46:44,938 INFO: Motor group 'Rear_Whegs' created with motors: [1, 4]
2024-10-28 21:46:44,939 INFO: Motor group 'Middle_Whegs' created with motors: [2, 5]
2024-10-28 21:46:44,940 INFO: Motor group 'Two_Right_One_Left' created with motors: [2, 4, 6]
2024-10-28 21:46:44,940 INFO: Motor group 'Two_Left_One_Right' created with motors: [5, 1, 3]
2024-10-28 21:46:44,940 INFO: Initialised PS4 controller, Dynamixel, and Robot State
2024-10-28 21:46:44,948 INFO: Initialised Streamlit dashboard
2024-10-28 21:46:44,949 INFO: Disabling torque for group Right_Whegs
2024-10-28 21:46:44,952 INFO: Drive mode set for group Right_Whegs with reverse_direction=True
2024-10-28 21:46:44,954 INFO: Enabling torque for group Right_Whegs
2024-10-28 21:46:44,958 INFO: Motor 4 drive mode correctly set to reverse
2024-10-28 21:46:44,958 INFO: Motor 5 drive mode correctly set to reverse
2024-10-28 21:46:44,959 INFO: Motor 6 drive mode correctly set to reverse
2024-10-28 21:46:44,960 INFO: Disabling torque for group Left_Whegs
2024-10-28 21:46:44,961 INFO: Drive mode set for group Left_Whegs with reverse_direction=False
2024-10-28 21:46:44,962 INFO: Enabling torque for group Left_Whegs
2024-10-28 21:46:44,965 INFO: Motor 1 drive mode correctly set to normal
2024-10-28 21:46:44,966 INFO: Motor 2 drive mode correctly set to normal
2024-10-28 21:46:44,967 INFO: Motor 3 drive mode correctly set to normal
2024-10-28 21:46:44,967 INFO: Set the right side whegs to reverse direction
2024-10-28 21:46:44,968 INFO: Disabling torque for group Pivot_Group
2024-10-28 21:46:44,969 INFO: Drive mode set for group Pivot_Group with reverse_direction=False
2024-10-28 21:46:44,970 INFO: Enabling torque for group Pivot_Group
2024-10-28 21:46:44,973 INFO: Motor 7 drive mode correctly set to normal
2024-10-28 21:46:44,974 INFO: Motor 8 drive mode correctly set to normal
2024-10-28 21:46:44,975 INFO: Position limits set for group Pivot_Group: min=90째 (ticks=1023), max=270째 (ticks=3071)
2024-10-28 21:46:44,976 INFO: Set position limits for the pivot motors
2024-10-28 21:46:44,978 INFO: Initialising Gait 1
2024-10-28 21:46:44,979 INFO: Running set_position_group for group 'Wheg_Group' with positions: 180
2024-10-28 21:46:44,984 INFO: Running set_position_group for group 'Pivot_Group' with positions: 180
2024-10-28 21:46:44,988 INFO: Initialised Gait 1, waiting for 3 seconds
2024-10-28 21:46:45,051 INFO: Motor     Position (degrees)       Velocity (RPM)      Load (%)  
2024-10-28 21:46:45,052 INFO: 1         179.82                   0.23                1.2       
2024-10-28 21:46:45,053 INFO: 2         179.82                   0.23                1.1       
2024-10-28 21:46:45,054 INFO: 3         179.82                   0.23                1.2       
2024-10-28 21:46:45,054 INFO: 4         179.74                   0.23                1.0       
2024-10-28 21:46:45,055 INFO: 5         179.74                   0.23                0.2       
2024-10-28 21:46:45,056 INFO: 6         179.91                   0.23                0.6       
2024-10-28 21:46:45,057 INFO: 7         179.56                   0.00                1.9       
2024-10-28 21:46:45,057 INFO: 8         180.53                   0.00                -3.1      
2024-10-28 21:46:45,392 INFO: Initiating safe shutdown...
2024-10-28 21:46:45,393 INFO: Setting operating mode 'velocity' for group 'All_Motors'
2024-10-28 21:46:45,394 INFO: Disabling torque for group All_Motors
2024-10-28 21:46:45,395 INFO: Enabling torque for group All_Motors
2024-10-28 21:46:45,396 WARNING: Velocity limit 200 exceeds hard limit 100. Limiting to 100.
2024-10-28 21:46:45,397 INFO: Velocity limit set to 100 for group All_Motors
2024-10-28 21:46:45,398 INFO: Enabling torque for group All_Motors
2024-10-28 21:46:45,400 INFO: Target velocities set for group All_Motors: {1: 0, 2: 0, 3: 0, 4: 0, 5: 0, 6: 0, 7: 0, 8: 0}
2024-10-28 21:46:45,400 INFO: Running set_position_group for group 'All_Motors' with positions: 180
2024-10-28 21:46:45,408 WARNING: Motor 1 is not in Position Control Mode. Setting mode now.
2024-10-28 21:46:45,409 INFO: Setting operating mode 'position' for group 'All_Motors'
2024-10-28 21:46:45,410 INFO: Disabling torque for group All_Motors
2024-10-28 21:46:45,411 INFO: Enabling torque for group All_Motors
2024-10-28 21:46:45,412 INFO: Setting the profile velocity for group All_Motors from config.yaml: 5
2024-10-28 21:46:45,413 INFO: Profile velocities set for group All_Motors: {1: 21.85, 2: 21.85, 3: 21.85, 4: 21.85, 5: 21.85, 6: 21.85, 7: 21.85, 8: 21.85}
2024-10-28 21:46:45,414 INFO: Closing PS4Controller and quitting pygame
2024-10-28 21:46:45,510 INFO: Port closed successfully.
2024-10-28 21:46:45,511 INFO: Shutdown complete.
2024-10-28 21:46:45,511 ERROR: Controller connection lost!
2024-10-28 21:46:45,512 ERROR: Controller is disconnected.
2024-10-28 21:46:45,513 ERROR: Controller connection lost!
2024-10-28 21:46:45,513 ERROR: Controller is disconnected.
2024-10-28 21:46:45,514 ERROR: Controller connection lost!
2024-10-28 21:46:45,515 ERROR: Controller is disconnected.
2024-10-28 21:46:45,516 ERROR: Error while logging robot states: Attempting to use a port that is not open
2024-10-28 21:46:45,517 ERROR: Error controlling pivots: 'NoneType' object is not subscriptable
2024-10-28 21:46:46,473 ERROR: Controller connection lost!
2024-10-28 21:46:46,474 ERROR: Controller is disconnected.
2024-10-28 21:46:46,475 ERROR: Controller connection lost!
2024-10-28 21:46:46,476 ERROR: Controller is disconnected.
2024-10-28 21:46:46,476 ERROR: Controller connection lost!
2024-10-28 21:46:46,477 ERROR: Controller is disconnected.
2024-10-28 21:46:46,507 ERROR: Error controlling pivots: 'NoneType' object is not subscriptable
2024-10-28 21:46:46,508 INFO: Initiating safe shutdown...
2024-10-28 21:46:46,509 INFO: Setting operating mode 'velocity' for group 'All_Motors'
2024-10-28 21:46:46,509 INFO: Disabling torque for group All_Motors
2024-10-28 21:46:46,510 INFO: Enabling torque for group All_Motors
2024-10-28 21:46:46,511 WARNING: Velocity limit 200 exceeds hard limit 100. Limiting to 100.
2024-10-28 21:46:46,511 INFO: Velocity limit set to 100 for group All_Motors
2024-10-28 21:46:46,512 INFO: Enabling torque for group All_Motors
2024-10-28 21:46:46,515 INFO: Target velocities set for group All_Motors: {1: 0, 2: 0, 3: 0, 4: 0, 5: 0, 6: 0, 7: 0, 8: 0}
2024-10-28 21:46:46,516 INFO: Running set_position_group for group 'All_Motors' with positions: 180
2024-10-28 21:46:46,524 WARNING: Motor 1 is not in Position Control Mode. Setting mode now.
2024-10-28 21:46:46,525 INFO: Setting operating mode 'position' for group 'All_Motors'
2024-10-28 21:46:46,525 INFO: Disabling torque for group All_Motors
2024-10-28 21:46:46,526 INFO: Enabling torque for group All_Motors
2024-10-28 21:46:46,527 INFO: Setting the profile velocity for group All_Motors from config.yaml: 5
2024-10-28 21:46:46,528 INFO: Profile velocities set for group All_Motors: {1: 21.85, 2: 21.85, 3: 21.85, 4: 21.85, 5: 21.85, 6: 21.85, 7: 21.85, 8: 21.85}
2024-10-28 21:46:46,529 INFO: Closing PS4Controller and quitting pygame
2024-10-28 21:46:46,536 INFO: Port closed successfully.
2024-10-28 21:46:46,537 INFO: Shutdown complete.
