2024-10-28 20:07:28,716 INFO: Initializing PS4Controller
2024-10-28 20:07:28,982 INFO: Configuration loaded successfully
2024-10-28 20:07:28,984 INFO: Port /dev/ttyACM0 opened successfully
2024-10-28 20:07:28,994 INFO: Baudrate set to 1000000
2024-10-28 20:07:28,994 INFO: Control table loaded successfully.
2024-10-28 20:07:28,995 INFO: Motor group 'Pivot_Group' created with motors: [7, 8]
2024-10-28 20:07:28,996 INFO: Motor group 'Wheg_Group' created with motors: [1, 2, 3, 4, 5, 6]
2024-10-28 20:07:28,996 INFO: Motor group 'All_Motors' created with motors: [1, 2, 3, 4, 5, 6, 7, 8]
2024-10-28 20:07:28,996 INFO: Motor group 'Left_Whegs' created with motors: [1, 2, 3]
2024-10-28 20:07:28,997 INFO: Motor group 'Right_Whegs' created with motors: [4, 5, 6]
2024-10-28 20:07:28,997 INFO: Motor group 'Front_Whegs' created with motors: [3, 6]
2024-10-28 20:07:28,998 INFO: Motor group 'Rear_Whegs' created with motors: [1, 4]
2024-10-28 20:07:28,998 INFO: Motor group 'Middle_Whegs' created with motors: [2, 5]
2024-10-28 20:07:28,999 INFO: Motor group 'Two_Right_One_Left' created with motors: [2, 4, 6]
2024-10-28 20:07:28,999 INFO: Motor group 'Two_Left_One_Right' created with motors: [5, 1, 3]
2024-10-28 20:07:29,000 INFO: Initialised PS4 controller, Dynamixel, and Robot State
2024-10-28 20:07:29,158 INFO: Initialised Streamlit dashboard
2024-10-28 20:07:29,158 INFO: Disabling torque for group Right_Whegs
2024-10-28 20:07:29,161 INFO: Drive mode set for group Right_Whegs with reverse_direction=True
2024-10-28 20:07:29,164 INFO: Enabling torque for group Right_Whegs
2024-10-28 20:07:29,169 INFO: Motor 4 drive mode correctly set to reverse
2024-10-28 20:07:29,169 INFO: Motor 5 drive mode correctly set to reverse
2024-10-28 20:07:29,170 INFO: Motor 6 drive mode correctly set to reverse
2024-10-28 20:07:29,171 INFO: Disabling torque for group Left_Whegs
2024-10-28 20:07:29,172 INFO: Drive mode set for group Left_Whegs with reverse_direction=False
2024-10-28 20:07:29,172 INFO: Enabling torque for group Left_Whegs
2024-10-28 20:07:29,176 INFO: Motor 1 drive mode correctly set to normal
2024-10-28 20:07:29,177 INFO: Motor 2 drive mode correctly set to normal
2024-10-28 20:07:29,177 INFO: Motor 3 drive mode correctly set to normal
2024-10-28 20:07:29,177 INFO: Set the right side whegs to reverse direction
2024-10-28 20:07:29,178 INFO: Disabling torque for group Pivot_Group
2024-10-28 20:07:29,179 INFO: Drive mode set for group Pivot_Group with reverse_direction=False
2024-10-28 20:07:29,179 INFO: Enabling torque for group Pivot_Group
2024-10-28 20:07:29,183 INFO: Motor 7 drive mode correctly set to normal
2024-10-28 20:07:29,183 INFO: Motor 8 drive mode correctly set to normal
2024-10-28 20:07:29,184 INFO: Position limits set for group Pivot_Group: min=90° (ticks=1023), max=270° (ticks=3071)
2024-10-28 20:07:29,185 INFO: Set position limits for the pivot motors
2024-10-28 20:07:29,187 INFO: Initialising Gait 1
2024-10-28 20:07:29,188 INFO: Running set_position_group for group 'Wheg_Group' with positions: 180
2024-10-28 20:07:29,193 INFO: Running set_position_group for group 'Pivot_Group' with positions: 180
2024-10-28 20:07:29,197 INFO: Initialised Gait 1, waiting for 3 seconds
2024-10-28 20:07:29,258 INFO: Motor     Position (degrees)       Velocity (RPM)      Load (%)  
2024-10-28 20:07:29,258 INFO: 1         179.82                   0.23                0.7       
2024-10-28 20:07:29,258 INFO: 2         179.82                   0.00                1.1       
2024-10-28 20:07:29,259 INFO: 3         179.82                   0.00                1.2       
2024-10-28 20:07:29,259 INFO: 4         179.74                   0.23                1.1       
2024-10-28 20:07:29,260 INFO: 5         179.82                   0.46                0.6       
2024-10-28 20:07:29,260 INFO: 6         179.91                   0.23                0.0       
2024-10-28 20:07:29,261 INFO: 7         179.91                   0.00                0.0       
2024-10-28 20:07:29,261 INFO: 8         180.35                   0.00                -2.6      
2024-10-28 20:07:32,226 INFO: Setting operating mode 'multi_turn' for group 'Wheg_Group'
2024-10-28 20:07:32,227 INFO: Disabling torque for group Wheg_Group
2024-10-28 20:07:32,228 INFO: Enabling torque for group Wheg_Group
2024-10-28 20:07:32,228 INFO: Setting the profile velocity for group Wheg_Group from config.yaml: 10
2024-10-28 20:07:32,229 INFO: Profile velocities set for group Wheg_Group: {1: 43.7, 2: 43.7, 3: 43.7, 4: 43.7, 5: 43.7, 6: 43.7}
2024-10-28 20:07:32,229 INFO: New gait 1 is now active.
2024-10-28 20:07:33,389 INFO: Profile velocities set for group Wheg_Group: {1: 21.85, 2: 21.85, 3: 21.85, 4: 21.85, 5: 21.85, 6: 21.85}
2024-10-28 20:07:33,390 INFO: Incrementing motor positions by 360 degrees for group 'Wheg_Group'
2024-10-28 20:07:33,402 INFO: Gait 1 step executed at 5.00RPM, wait for 12.00 seconds
2024-10-28 20:07:34,292 INFO: Motor     Position (degrees)       Velocity (RPM)      Load (%)  
2024-10-28 20:07:34,292 INFO: 1         203.03                   4.81                1.6       
2024-10-28 20:07:34,293 INFO: 2         202.85                   5.04                2.0       
2024-10-28 20:07:34,293 INFO: 3         202.94                   4.81                2.0       
2024-10-28 20:07:34,293 INFO: 4         202.85                   5.04                1.7       
2024-10-28 20:07:34,294 INFO: 5         203.03                   4.81                1.8       
2024-10-28 20:07:34,294 INFO: 6         203.12                   5.04                1.8       
2024-10-28 20:07:34,295 INFO: 7         179.91                   0.00                0.0       
2024-10-28 20:07:34,295 INFO: 8         180.35                   0.00                -2.9      
2024-10-28 20:07:38,196 WARNING: Emergency stop activated! Stopping all motors asynchronously.
2024-10-28 20:07:38,196 INFO: Setting operating mode 'velocity' for group 'All_Motors'
2024-10-28 20:07:38,197 INFO: Disabling torque for group All_Motors
2024-10-28 20:07:38,198 INFO: Enabling torque for group All_Motors
2024-10-28 20:07:38,199 WARNING: Velocity limit 200 exceeds hard limit 100. Limiting to 100.
2024-10-28 20:07:38,199 INFO: Velocity limit set to 100 for group All_Motors
2024-10-28 20:07:38,200 INFO: Enabling torque for group All_Motors
2024-10-28 20:07:38,201 INFO: Target velocities set for group All_Motors: {1: 0, 2: 0, 3: 0, 4: 0, 5: 0, 6: 0, 7: 0, 8: 0}
2024-10-28 20:07:39,326 INFO: Motor     Position (degrees)       Velocity (RPM)      Load (%)  
2024-10-28 20:07:39,326 INFO: 1         317.20                   0.00                0.6       
2024-10-28 20:07:39,327 INFO: 2         315.88                   0.23                0.9       
2024-10-28 20:07:39,327 INFO: 3         315.70                   0.00                0.8       
2024-10-28 20:07:39,327 INFO: 4         316.67                   0.23                0.6       
2024-10-28 20:07:39,328 INFO: 5         316.05                   0.23                0.8       
2024-10-28 20:07:39,328 INFO: 6         315.35                   0.23                0.7       
2024-10-28 20:07:39,329 INFO: 7         179.91                   0.00                0.0       
2024-10-28 20:07:39,329 INFO: 8         180.44                   0.00                -0.3      
2024-10-28 20:07:44,359 INFO: Motor     Position (degrees)       Velocity (RPM)      Load (%)  
2024-10-28 20:07:44,360 INFO: 1         317.20                   0.00                0.6       
2024-10-28 20:07:44,360 INFO: 2         315.88                   0.23                0.9       
2024-10-28 20:07:44,360 INFO: 3         315.70                   0.00                0.8       
2024-10-28 20:07:44,361 INFO: 4         316.67                   0.00                0.7       
2024-10-28 20:07:44,361 INFO: 5         316.05                   0.23                0.8       
2024-10-28 20:07:44,361 INFO: 6         315.35                   0.23                0.7       
2024-10-28 20:07:44,362 INFO: 7         179.91                   0.00                0.0       
2024-10-28 20:07:44,362 INFO: 8         180.44                   0.00                -0.3      
2024-10-28 20:07:49,394 INFO: Motor     Position (degrees)       Velocity (RPM)      Load (%)  
2024-10-28 20:07:49,395 INFO: 1         317.20                   0.00                0.6       
2024-10-28 20:07:49,396 INFO: 2         315.88                   0.23                0.9       
2024-10-28 20:07:49,397 INFO: 3         315.70                   0.00                0.9       
2024-10-28 20:07:49,398 INFO: 4         316.58                   0.23                0.7       
2024-10-28 20:07:49,398 INFO: 5         316.05                   0.23                0.8       
2024-10-28 20:07:49,400 INFO: 6         315.35                   0.23                0.7       
2024-10-28 20:07:49,400 INFO: 7         179.91                   0.00                0.0       
2024-10-28 20:07:49,401 INFO: 8         180.44                   0.00                -0.3      
2024-10-28 20:07:54,459 INFO: Motor     Position (degrees)       Velocity (RPM)      Load (%)  
2024-10-28 20:07:54,460 INFO: 1         317.20                   0.23                0.6       
2024-10-28 20:07:54,461 INFO: 2         315.88                   0.23                0.9       
2024-10-28 20:07:54,462 INFO: 3         315.70                   0.00                0.9       
2024-10-28 20:07:54,462 INFO: 4         316.67                   0.23                0.7       
2024-10-28 20:07:54,462 INFO: 5         315.97                   0.00                0.8       
2024-10-28 20:07:54,463 INFO: 6         315.35                   0.23                0.7       
2024-10-28 20:07:54,464 INFO: 7         179.91                   0.00                0.0       
2024-10-28 20:07:54,465 INFO: 8         180.44                   0.00                -0.3      
2024-10-28 20:07:59,496 INFO: Motor     Position (degrees)       Velocity (RPM)      Load (%)  
2024-10-28 20:07:59,496 INFO: 1         317.20                   0.23                0.5       
2024-10-28 20:07:59,497 INFO: 2         315.88                   0.23                0.9       
2024-10-28 20:07:59,497 INFO: 3         315.70                   0.00                0.8       
2024-10-28 20:07:59,497 INFO: 4         316.67                   0.23                0.7       
2024-10-28 20:07:59,498 INFO: 5         316.05                   0.00                0.8       
2024-10-28 20:07:59,498 INFO: 6         315.35                   0.23                0.6       
2024-10-28 20:07:59,498 INFO: 7         179.91                   0.00                0.0       
2024-10-28 20:07:59,498 INFO: 8         180.44                   0.00                -0.3      
2024-10-28 20:08:04,528 INFO: Motor     Position (degrees)       Velocity (RPM)      Load (%)  
2024-10-28 20:08:04,529 INFO: 1         317.20                   0.00                0.5       
2024-10-28 20:08:04,529 INFO: 2         315.88                   0.23                0.9       
2024-10-28 20:08:04,530 INFO: 3         315.70                   0.00                0.9       
2024-10-28 20:08:04,530 INFO: 4         316.58                   0.00                0.7       
2024-10-28 20:08:04,530 INFO: 5         316.05                   0.23                0.8       
2024-10-28 20:08:04,531 INFO: 6         315.35                   0.23                0.7       
2024-10-28 20:08:04,531 INFO: 7         179.91                   0.00                0.0       
2024-10-28 20:08:04,531 INFO: 8         180.44                   0.00                -0.3      
2024-10-28 20:08:09,561 INFO: Motor     Position (degrees)       Velocity (RPM)      Load (%)  
2024-10-28 20:08:09,562 INFO: 1         317.20                   0.00                0.6       
2024-10-28 20:08:09,562 INFO: 2         315.88                   0.23                0.8       
2024-10-28 20:08:09,563 INFO: 3         315.70                   0.00                0.8       
2024-10-28 20:08:09,563 INFO: 4         316.67                   0.23                0.7       
2024-10-28 20:08:09,563 INFO: 5         316.05                   0.23                0.8       
2024-10-28 20:08:09,564 INFO: 6         315.35                   0.23                0.7       
2024-10-28 20:08:09,564 INFO: 7         179.91                   0.00                0.0       
2024-10-28 20:08:09,564 INFO: 8         180.44                   0.00                -0.3      
2024-10-28 20:08:14,595 INFO: Motor     Position (degrees)       Velocity (RPM)      Load (%)  
2024-10-28 20:08:14,596 INFO: 1         317.20                   0.00                0.6       
2024-10-28 20:08:14,596 INFO: 2         315.88                   0.23                0.9       
2024-10-28 20:08:14,596 INFO: 3         315.70                   0.00                0.9       
2024-10-28 20:08:14,597 INFO: 4         316.58                   0.23                0.7       
2024-10-28 20:08:14,597 INFO: 5         316.05                   0.23                0.8       
2024-10-28 20:08:14,598 INFO: 6         315.35                   0.23                0.7       
2024-10-28 20:08:14,598 INFO: 7         179.91                   0.00                0.0       
2024-10-28 20:08:14,599 INFO: 8         180.44                   0.00                -0.3      
2024-10-28 20:08:19,628 INFO: Motor     Position (degrees)       Velocity (RPM)      Load (%)  
2024-10-28 20:08:19,629 INFO: 1         317.20                   0.00                0.6       
2024-10-28 20:08:19,629 INFO: 2         315.88                   0.23                0.9       
2024-10-28 20:08:19,630 INFO: 3         315.70                   0.00                0.8       
2024-10-28 20:08:19,630 INFO: 4         316.58                   0.23                0.7       
2024-10-28 20:08:19,631 INFO: 5         316.05                   0.23                0.8       
2024-10-28 20:08:19,631 INFO: 6         315.35                   0.23                0.7       
2024-10-28 20:08:19,632 INFO: 7         179.91                   0.00                0.0       
2024-10-28 20:08:19,632 INFO: 8         180.44                   0.00                -0.3      
2024-10-28 20:08:24,663 INFO: Motor     Position (degrees)       Velocity (RPM)      Load (%)  
2024-10-28 20:08:24,663 INFO: 1         317.20                   0.00                0.6       
2024-10-28 20:08:24,663 INFO: 2         315.88                   0.23                0.9       
2024-10-28 20:08:24,664 INFO: 3         315.70                   0.00                0.9       
2024-10-28 20:08:24,664 INFO: 4         316.67                   0.00                0.7       
2024-10-28 20:08:24,665 INFO: 5         316.05                   0.00                0.8       
2024-10-28 20:08:24,665 INFO: 6         315.35                   0.23                0.7       
2024-10-28 20:08:24,665 INFO: 7         179.91                   0.00                0.0       
2024-10-28 20:08:24,666 INFO: 8         180.44                   0.00                -0.3      
2024-10-28 20:08:29,697 INFO: Motor     Position (degrees)       Velocity (RPM)      Load (%)  
2024-10-28 20:08:29,698 INFO: 1         317.20                   0.00                0.7       
2024-10-28 20:08:29,698 INFO: 2         315.88                   0.23                0.9       
2024-10-28 20:08:29,699 INFO: 3         315.70                   0.00                0.8       
2024-10-28 20:08:29,699 INFO: 4         316.58                   0.00                0.7       
2024-10-28 20:08:29,700 INFO: 5         316.05                   0.23                0.8       
2024-10-28 20:08:29,700 INFO: 6         315.35                   0.23                0.7       
2024-10-28 20:08:29,701 INFO: 7         179.91                   0.00                0.0       
2024-10-28 20:08:29,702 INFO: 8         180.44                   0.00                -0.3      
2024-10-28 20:08:34,739 INFO: Motor     Position (degrees)       Velocity (RPM)      Load (%)  
2024-10-28 20:08:34,740 INFO: 1         317.20                   0.00                0.6       
2024-10-28 20:08:34,740 INFO: 2         315.88                   0.23                0.9       
2024-10-28 20:08:34,741 INFO: 3         315.70                   0.00                0.9       
2024-10-28 20:08:34,742 INFO: 4         316.67                   0.23                0.8       
2024-10-28 20:08:34,742 INFO: 5         316.05                   0.00                0.8       
2024-10-28 20:08:34,742 INFO: 6         315.35                   0.23                0.7       
2024-10-28 20:08:34,743 INFO: 7         179.91                   0.00                0.0       
2024-10-28 20:08:34,743 INFO: 8         180.44                   0.00                -0.3      
2024-10-28 20:08:39,772 INFO: Motor     Position (degrees)       Velocity (RPM)      Load (%)  
2024-10-28 20:08:39,773 INFO: 1         317.20                   0.00                0.7       
2024-10-28 20:08:39,774 INFO: 2         315.88                   0.23                0.9       
2024-10-28 20:08:39,774 INFO: 3         315.79                   0.23                0.8       
2024-10-28 20:08:39,774 INFO: 4         316.58                   0.00                0.7       
2024-10-28 20:08:39,775 INFO: 5         316.05                   0.00                0.8       
2024-10-28 20:08:39,775 INFO: 6         315.35                   0.23                0.7       
2024-10-28 20:08:39,776 INFO: 7         179.91                   0.00                -0.1      
2024-10-28 20:08:39,776 INFO: 8         180.44                   0.00                -0.3      
2024-10-28 20:08:44,806 INFO: Motor     Position (degrees)       Velocity (RPM)      Load (%)  
2024-10-28 20:08:44,807 INFO: 1         317.20                   0.00                0.6       
2024-10-28 20:08:44,807 INFO: 2         315.88                   0.23                0.9       
2024-10-28 20:08:44,808 INFO: 3         315.79                   0.23                0.8       
2024-10-28 20:08:44,808 INFO: 4         316.67                   0.00                0.7       
2024-10-28 20:08:44,809 INFO: 5         316.05                   0.23                0.8       
2024-10-28 20:08:44,809 INFO: 6         315.35                   0.23                0.7       
2024-10-28 20:08:44,809 INFO: 7         179.91                   0.00                -0.1      
2024-10-28 20:08:44,810 INFO: 8         180.44                   0.00                -0.3      
2024-10-28 20:08:49,840 INFO: Motor     Position (degrees)       Velocity (RPM)      Load (%)  
2024-10-28 20:08:49,840 INFO: 1         317.20                   0.00                0.6       
2024-10-28 20:08:49,841 INFO: 2         315.88                   0.23                0.9       
2024-10-28 20:08:49,841 INFO: 3         315.70                   0.00                0.8       
2024-10-28 20:08:49,842 INFO: 4         316.67                   0.00                0.7       
2024-10-28 20:08:49,842 INFO: 5         316.05                   0.23                0.8       
2024-10-28 20:08:49,843 INFO: 6         315.26                   0.00                0.7       
2024-10-28 20:08:49,843 INFO: 7         179.91                   0.00                -0.1      
2024-10-28 20:08:49,843 INFO: 8         180.44                   0.00                -0.3      
2024-10-28 20:08:54,874 INFO: Motor     Position (degrees)       Velocity (RPM)      Load (%)  
2024-10-28 20:08:54,874 INFO: 1         317.20                   0.00                0.6       
2024-10-28 20:08:54,875 INFO: 2         315.88                   0.23                0.9       
2024-10-28 20:08:54,876 INFO: 3         315.79                   0.00                0.8       
2024-10-28 20:08:54,876 INFO: 4         316.58                   0.00                0.7       
2024-10-28 20:08:54,877 INFO: 5         316.05                   0.23                0.8       
2024-10-28 20:08:54,877 INFO: 6         315.35                   0.00                0.7       
2024-10-28 20:08:54,878 INFO: 7         179.91                   0.00                0.0       
2024-10-28 20:08:54,878 INFO: 8         180.44                   0.00                -0.3      
2024-10-28 20:08:59,949 INFO: Motor     Position (degrees)       Velocity (RPM)      Load (%)  
2024-10-28 20:08:59,950 INFO: 1         317.20                   0.00                0.6       
2024-10-28 20:08:59,951 INFO: 2         315.88                   0.00                0.9       
2024-10-28 20:08:59,952 INFO: 3         315.79                   0.00                0.9       
2024-10-28 20:08:59,952 INFO: 4         316.67                   0.23                0.7       
2024-10-28 20:08:59,955 INFO: 5         316.05                   0.23                0.8       
2024-10-28 20:08:59,955 INFO: 6         315.35                   0.00                0.6       
2024-10-28 20:08:59,956 INFO: 7         179.91                   0.00                0.0       
2024-10-28 20:08:59,957 INFO: 8         180.44                   0.00                -0.3      
2024-10-28 20:09:05,002 INFO: Motor     Position (degrees)       Velocity (RPM)      Load (%)  
2024-10-28 20:09:05,003 INFO: 1         317.20                   0.00                0.7       
2024-10-28 20:09:05,004 INFO: 2         315.88                   0.00                0.9       
2024-10-28 20:09:05,005 INFO: 3         315.79                   0.00                0.8       
2024-10-28 20:09:05,006 INFO: 4         316.67                   0.23                0.7       
2024-10-28 20:09:05,007 INFO: 5         316.05                   0.23                0.8       
2024-10-28 20:09:05,008 INFO: 6         315.35                   0.00                0.7       
2024-10-28 20:09:05,009 INFO: 7         179.91                   0.00                0.0       
2024-10-28 20:09:05,010 INFO: 8         180.44                   0.00                -0.3      
2024-10-28 20:09:10,041 INFO: Motor     Position (degrees)       Velocity (RPM)      Load (%)  
2024-10-28 20:09:10,041 INFO: 1         317.20                   0.00                0.6       
2024-10-28 20:09:10,042 INFO: 2         315.88                   0.00                0.9       
2024-10-28 20:09:10,042 INFO: 3         315.79                   0.00                0.8       
2024-10-28 20:09:10,043 INFO: 4         316.67                   0.00                0.7       
2024-10-28 20:09:10,043 INFO: 5         316.05                   0.23                0.8       
2024-10-28 20:09:10,044 INFO: 6         315.35                   0.00                0.6       
2024-10-28 20:09:10,044 INFO: 7         179.91                   0.00                0.0       
2024-10-28 20:09:10,044 INFO: 8         180.44                   0.00                -0.3      
2024-10-28 20:09:15,076 INFO: Motor     Position (degrees)       Velocity (RPM)      Load (%)  
2024-10-28 20:09:15,077 INFO: 1         317.20                   0.00                0.7       
2024-10-28 20:09:15,077 INFO: 2         315.88                   0.00                0.9       
2024-10-28 20:09:15,078 INFO: 3         315.79                   0.00                0.8       
2024-10-28 20:09:15,078 INFO: 4         316.58                   0.00                0.7       
2024-10-28 20:09:15,079 INFO: 5         316.05                   0.23                0.8       
2024-10-28 20:09:15,079 INFO: 6         315.35                   0.00                0.6       
2024-10-28 20:09:15,079 INFO: 7         179.91                   0.00                0.0       
2024-10-28 20:09:15,080 INFO: 8         180.44                   0.00                -0.3      
2024-10-28 20:09:20,126 INFO: Motor     Position (degrees)       Velocity (RPM)      Load (%)  
2024-10-28 20:09:20,126 INFO: 1         317.20                   0.00                0.6       
2024-10-28 20:09:20,127 INFO: 2         315.88                   0.00                0.9       
2024-10-28 20:09:20,127 INFO: 3         315.79                   0.00                0.9       
2024-10-28 20:09:20,128 INFO: 4         316.58                   0.23                0.7       
2024-10-28 20:09:20,128 INFO: 5         316.05                   0.23                0.8       
2024-10-28 20:09:20,129 INFO: 6         315.35                   0.00                0.7       
2024-10-28 20:09:20,129 INFO: 7         179.91                   0.00                0.0       
2024-10-28 20:09:20,129 INFO: 8         180.44                   0.00                -0.3      
2024-10-28 20:09:25,159 INFO: Motor     Position (degrees)       Velocity (RPM)      Load (%)  
2024-10-28 20:09:25,160 INFO: 1         317.20                   0.00                0.6       
2024-10-28 20:09:25,160 INFO: 2         315.88                   0.00                0.9       
2024-10-28 20:09:25,161 INFO: 3         315.79                   0.00                0.8       
2024-10-28 20:09:25,161 INFO: 4         316.58                   0.00                0.7       
2024-10-28 20:09:25,162 INFO: 5         316.05                   0.23                0.8       
2024-10-28 20:09:25,162 INFO: 6         315.35                   0.00                0.7       
2024-10-28 20:09:25,162 INFO: 7         179.91                   0.00                0.0       
2024-10-28 20:09:25,163 INFO: 8         180.44                   0.00                -0.3      
2024-10-28 20:09:30,193 INFO: Motor     Position (degrees)       Velocity (RPM)      Load (%)  
2024-10-28 20:09:30,194 INFO: 1         317.20                   0.00                0.6       
2024-10-28 20:09:30,194 INFO: 2         315.88                   0.00                0.9       
2024-10-28 20:09:30,195 INFO: 3         315.79                   0.00                0.8       
2024-10-28 20:09:30,195 INFO: 4         316.67                   0.00                0.7       
2024-10-28 20:09:30,195 INFO: 5         316.05                   0.23                0.9       
2024-10-28 20:09:30,196 INFO: 6         315.35                   0.00                0.7       
2024-10-28 20:09:30,196 INFO: 7         179.91                   0.00                0.0       
2024-10-28 20:09:30,197 INFO: 8         180.44                   0.00                -0.3      
2024-10-28 20:09:35,227 INFO: Motor     Position (degrees)       Velocity (RPM)      Load (%)  
2024-10-28 20:09:35,227 INFO: 1         317.20                   0.00                0.6       
2024-10-28 20:09:35,228 INFO: 2         315.88                   0.00                0.9       
2024-10-28 20:09:35,228 INFO: 3         315.79                   0.00                0.8       
2024-10-28 20:09:35,229 INFO: 4         316.67                   0.23                0.7       
2024-10-28 20:09:35,229 INFO: 5         316.05                   0.00                0.8       
2024-10-28 20:09:35,230 INFO: 6         315.35                   0.00                0.6       
2024-10-28 20:09:35,230 INFO: 7         179.91                   0.00                0.0       
2024-10-28 20:09:35,231 INFO: 8         180.44                   0.00                -0.3      
2024-10-28 20:09:40,261 INFO: Motor     Position (degrees)       Velocity (RPM)      Load (%)  
2024-10-28 20:09:40,261 INFO: 1         317.20                   0.00                0.6       
2024-10-28 20:09:40,262 INFO: 2         315.88                   0.00                0.9       
2024-10-28 20:09:40,262 INFO: 3         315.79                   0.00                0.8       
2024-10-28 20:09:40,262 INFO: 4         316.58                   0.23                0.7       
2024-10-28 20:09:40,263 INFO: 5         316.05                   0.00                0.8       
2024-10-28 20:09:40,263 INFO: 6         315.35                   0.00                0.7       
2024-10-28 20:09:40,264 INFO: 7         179.91                   0.00                0.0       
2024-10-28 20:09:40,264 INFO: 8         180.44                   0.00                -0.3      
2024-10-28 20:09:45,295 INFO: Motor     Position (degrees)       Velocity (RPM)      Load (%)  
2024-10-28 20:09:45,296 INFO: 1         317.20                   0.00                0.6       
2024-10-28 20:09:45,296 INFO: 2         315.88                   0.00                0.9       
2024-10-28 20:09:45,297 INFO: 3         315.79                   0.00                0.9       
2024-10-28 20:09:45,297 INFO: 4         316.67                   0.00                0.7       
2024-10-28 20:09:45,298 INFO: 5         316.05                   0.23                0.8       
2024-10-28 20:09:45,298 INFO: 6         315.35                   0.00                0.6       
2024-10-28 20:09:45,298 INFO: 7         179.91                   0.00                0.0       
2024-10-28 20:09:45,299 INFO: 8         180.44                   0.00                -0.3      
2024-10-28 20:09:50,329 INFO: Motor     Position (degrees)       Velocity (RPM)      Load (%)  
2024-10-28 20:09:50,329 INFO: 1         317.20                   0.00                0.6       
2024-10-28 20:09:50,330 INFO: 2         315.88                   0.00                0.9       
2024-10-28 20:09:50,330 INFO: 3         315.79                   0.00                0.8       
2024-10-28 20:09:50,331 INFO: 4         316.67                   0.23                0.7       
2024-10-28 20:09:50,331 INFO: 5         316.05                   0.23                0.8       
2024-10-28 20:09:50,331 INFO: 6         315.35                   0.00                0.6       
2024-10-28 20:09:50,332 INFO: 7         179.91                   0.00                0.0       
2024-10-28 20:09:50,332 INFO: 8         180.44                   0.00                -0.3      
2024-10-28 20:09:55,363 INFO: Motor     Position (degrees)       Velocity (RPM)      Load (%)  
2024-10-28 20:09:55,363 INFO: 1         317.20                   0.00                0.6       
2024-10-28 20:09:55,363 INFO: 2         315.88                   0.00                0.9       
2024-10-28 20:09:55,364 INFO: 3         315.79                   0.00                0.8       
2024-10-28 20:09:55,364 INFO: 4         316.67                   0.00                0.7       
2024-10-28 20:09:55,365 INFO: 5         316.05                   0.00                0.8       
2024-10-28 20:09:55,365 INFO: 6         315.35                   0.00                0.7       
2024-10-28 20:09:55,366 INFO: 7         179.91                   0.00                0.0       
2024-10-28 20:09:55,366 INFO: 8         180.44                   0.00                -0.3      
2024-10-28 20:10:00,415 INFO: Motor     Position (degrees)       Velocity (RPM)      Load (%)  
2024-10-28 20:10:00,415 INFO: 1         317.20                   0.00                0.6       
2024-10-28 20:10:00,416 INFO: 2         315.88                   0.23                0.9       
2024-10-28 20:10:00,416 INFO: 3         315.79                   0.00                0.8       
2024-10-28 20:10:00,417 INFO: 4         316.67                   0.00                0.7       
2024-10-28 20:10:00,417 INFO: 5         316.05                   0.23                0.8       
2024-10-28 20:10:00,418 INFO: 6         315.35                   0.00                0.7       
2024-10-28 20:10:00,418 INFO: 7         179.91                   0.00                0.0       
2024-10-28 20:10:00,419 INFO: 8         180.44                   0.00                -0.3      
2024-10-28 20:10:05,452 INFO: Motor     Position (degrees)       Velocity (RPM)      Load (%)  
2024-10-28 20:10:05,453 INFO: 1         317.20                   0.00                0.6       
2024-10-28 20:10:05,453 INFO: 2         315.88                   0.00                0.9       
2024-10-28 20:10:05,454 INFO: 3         315.79                   0.00                0.9       
2024-10-28 20:10:05,454 INFO: 4         316.67                   0.23                0.7       
2024-10-28 20:10:05,454 INFO: 5         316.05                   0.23                0.8       
2024-10-28 20:10:05,455 INFO: 6         315.35                   0.00                0.7       
2024-10-28 20:10:05,455 INFO: 7         179.91                   0.00                0.0       
2024-10-28 20:10:05,455 INFO: 8         180.44                   0.00                -0.3      
2024-10-28 20:10:10,485 INFO: Motor     Position (degrees)       Velocity (RPM)      Load (%)  
2024-10-28 20:10:10,486 INFO: 1         317.20                   0.00                0.6       
2024-10-28 20:10:10,486 INFO: 2         315.88                   0.00                0.9       
2024-10-28 20:10:10,487 INFO: 3         315.79                   0.23                0.9       
2024-10-28 20:10:10,487 INFO: 4         316.58                   0.00                0.7       
2024-10-28 20:10:10,488 INFO: 5         316.05                   0.00                0.8       
2024-10-28 20:10:10,488 INFO: 6         315.26                   0.00                0.7       
2024-10-28 20:10:10,488 INFO: 7         179.91                   0.00                0.0       
2024-10-28 20:10:10,489 INFO: 8         180.44                   0.00                -0.3      
2024-10-28 20:10:15,520 INFO: Motor     Position (degrees)       Velocity (RPM)      Load (%)  
2024-10-28 20:10:15,520 INFO: 1         317.20                   0.00                0.6       
2024-10-28 20:10:15,521 INFO: 2         315.97                   0.23                0.9       
2024-10-28 20:10:15,522 INFO: 3         315.79                   0.23                0.8       
2024-10-28 20:10:15,522 INFO: 4         316.58                   0.00                0.7       
2024-10-28 20:10:15,522 INFO: 5         316.05                   0.00                0.8       
2024-10-28 20:10:15,523 INFO: 6         315.26                   0.00                0.7       
2024-10-28 20:10:15,523 INFO: 7         179.91                   0.00                0.0       
2024-10-28 20:10:15,524 INFO: 8         180.44                   0.00                -0.3      
2024-10-28 20:10:20,558 INFO: Motor     Position (degrees)       Velocity (RPM)      Load (%)  
2024-10-28 20:10:20,559 INFO: 1         317.20                   0.00                0.7       
2024-10-28 20:10:20,559 INFO: 2         315.88                   0.23                0.9       
2024-10-28 20:10:20,560 INFO: 3         315.70                   0.00                0.9       
2024-10-28 20:10:20,560 INFO: 4         316.58                   0.00                0.7       
2024-10-28 20:10:20,560 INFO: 5         316.05                   0.00                0.8       
2024-10-28 20:10:20,561 INFO: 6         315.26                   0.00                0.7       
2024-10-28 20:10:20,561 INFO: 7         179.91                   0.00                0.0       
2024-10-28 20:10:20,561 INFO: 8         180.44                   0.00                -0.3      
2024-10-28 20:10:25,593 INFO: Motor     Position (degrees)       Velocity (RPM)      Load (%)  
2024-10-28 20:10:25,593 INFO: 1         317.20                   0.00                0.7       
2024-10-28 20:10:25,594 INFO: 2         315.88                   0.00                0.9       
2024-10-28 20:10:25,594 INFO: 3         315.70                   0.00                0.8       
2024-10-28 20:10:25,595 INFO: 4         316.67                   0.23                0.7       
2024-10-28 20:10:25,595 INFO: 5         316.05                   0.00                0.8       
2024-10-28 20:10:25,596 INFO: 6         315.26                   0.00                0.6       
2024-10-28 20:10:25,596 INFO: 7         179.91                   0.00                0.0       
2024-10-28 20:10:25,596 INFO: 8         180.44                   0.00                -0.3      
2024-10-28 20:10:27,321 ERROR: Bulk read failed with error: [TxRxResult] There is no status packet!
2024-10-28 20:10:27,357 ERROR: Bulk read failed with error: [TxRxResult] There is no status packet!
2024-10-28 20:10:27,394 ERROR: Bulk read failed with error: [TxRxResult] There is no status packet!
2024-10-28 20:10:27,430 ERROR: Bulk read failed with error: [TxRxResult] There is no status packet!
2024-10-28 20:10:27,431 ERROR: Error while logging robot states: 'NoneType' object has no attribute 'get'
2024-10-28 20:10:28,432 ERROR: Bulk read failed with error: [TxRxResult] Port is in use!
2024-10-28 20:10:28,433 ERROR: Bulk read failed with error: [TxRxResult] Port is in use!
2024-10-28 20:10:28,433 ERROR: Bulk read failed with error: [TxRxResult] Port is in use!
2024-10-28 20:10:28,434 ERROR: Bulk read failed with error: [TxRxResult] Port is in use!
2024-10-28 20:10:28,434 ERROR: Error while logging robot states: 'NoneType' object has no attribute 'get'
2024-10-28 20:10:28,546 ERROR: Bulk read failed with error: [TxRxResult] Port is in use!
2024-10-28 20:10:28,546 ERROR: Bulk read failed with error: [TxRxResult] Port is in use!
2024-10-28 20:10:29,437 ERROR: Bulk read failed with error: [TxRxResult] Port is in use!
2024-10-28 20:10:29,437 ERROR: Bulk read failed with error: [TxRxResult] Port is in use!
2024-10-28 20:10:29,438 ERROR: Bulk read failed with error: [TxRxResult] Port is in use!
2024-10-28 20:10:29,438 ERROR: Bulk read failed with error: [TxRxResult] Port is in use!
2024-10-28 20:10:29,439 ERROR: Error while logging robot states: 'NoneType' object has no attribute 'get'
2024-10-28 20:10:29,551 ERROR: Bulk read failed with error: [TxRxResult] Port is in use!
2024-10-28 20:10:29,551 ERROR: Bulk read failed with error: [TxRxResult] Port is in use!
2024-10-28 20:10:30,440 ERROR: Bulk read failed with error: [TxRxResult] Port is in use!
2024-10-28 20:10:30,441 ERROR: Bulk read failed with error: [TxRxResult] Port is in use!
2024-10-28 20:10:30,441 ERROR: Bulk read failed with error: [TxRxResult] Port is in use!
2024-10-28 20:10:30,442 ERROR: Bulk read failed with error: [TxRxResult] Port is in use!
2024-10-28 20:10:30,443 ERROR: Error while logging robot states: 'NoneType' object has no attribute 'get'
2024-10-28 20:10:30,556 ERROR: Bulk read failed with error: [TxRxResult] Port is in use!
2024-10-28 20:10:30,557 ERROR: Bulk read failed with error: [TxRxResult] Port is in use!
2024-10-28 20:10:30,597 ERROR: Bulk read failed with error: [TxRxResult] Port is in use!
2024-10-28 20:10:30,598 ERROR: Bulk read failed with error: [TxRxResult] Port is in use!
2024-10-28 20:10:30,599 ERROR: Bulk read failed with error: [TxRxResult] Port is in use!
2024-10-28 20:10:30,599 ERROR: Bulk read failed with error: [TxRxResult] Port is in use!
2024-10-28 20:10:30,600 INFO: Motor     Position (degrees)       Velocity (RPM)      Load (%)  
2024-10-28 20:10:30,600 ERROR: Error while reporting robot states: 'NoneType' object has no attribute 'keys'
2024-10-28 20:10:31,444 ERROR: Bulk read failed with error: [TxRxResult] Port is in use!
2024-10-28 20:10:31,445 ERROR: Bulk read failed with error: [TxRxResult] Port is in use!
2024-10-28 20:10:31,445 ERROR: Bulk read failed with error: [TxRxResult] Port is in use!
2024-10-28 20:10:31,446 ERROR: Bulk read failed with error: [TxRxResult] Port is in use!
2024-10-28 20:10:31,446 ERROR: Error while logging robot states: 'NoneType' object has no attribute 'get'
2024-10-28 20:10:31,563 ERROR: Bulk read failed with error: [TxRxResult] Port is in use!
2024-10-28 20:10:31,564 ERROR: Bulk read failed with error: [TxRxResult] Port is in use!
2024-10-28 20:10:31,602 ERROR: Bulk read failed with error: [TxRxResult] Port is in use!
2024-10-28 20:10:31,603 ERROR: Bulk read failed with error: [TxRxResult] Port is in use!
2024-10-28 20:10:31,603 ERROR: Bulk read failed with error: [TxRxResult] Port is in use!
2024-10-28 20:10:31,604 ERROR: Bulk read failed with error: [TxRxResult] Port is in use!
2024-10-28 20:10:31,604 INFO: Motor     Position (degrees)       Velocity (RPM)      Load (%)  
2024-10-28 20:10:31,605 ERROR: Error while reporting robot states: 'NoneType' object has no attribute 'keys'
2024-10-28 20:10:32,447 ERROR: Bulk read failed with error: [TxRxResult] Port is in use!
2024-10-28 20:10:32,448 ERROR: Bulk read failed with error: [TxRxResult] Port is in use!
2024-10-28 20:10:32,449 ERROR: Bulk read failed with error: [TxRxResult] Port is in use!
2024-10-28 20:10:32,449 ERROR: Bulk read failed with error: [TxRxResult] Port is in use!
2024-10-28 20:10:32,450 ERROR: Error while logging robot states: 'NoneType' object has no attribute 'get'
2024-10-28 20:10:32,568 ERROR: Bulk read failed with error: [TxRxResult] Port is in use!
2024-10-28 20:10:32,569 ERROR: Bulk read failed with error: [TxRxResult] Port is in use!
2024-10-28 20:10:32,572 INFO: Initiating safe shutdown...
2024-10-28 20:10:32,573 INFO: Setting operating mode 'velocity' for group 'All_Motors'
2024-10-28 20:10:32,574 INFO: Disabling torque for group All_Motors
2024-10-28 20:10:32,574 ERROR: Sync write failed with error: [TxRxResult] Port is in use!
2024-10-28 20:10:32,574 ERROR: Sync write failed with error: [TxRxResult] Port is in use!
2024-10-28 20:10:32,574 INFO: Enabling torque for group All_Motors
2024-10-28 20:10:32,575 ERROR: Sync write failed with error: [TxRxResult] Port is in use!
2024-10-28 20:10:32,575 WARNING: Velocity limit 200 exceeds hard limit 100. Limiting to 100.
2024-10-28 20:10:32,576 ERROR: Sync write failed with error: [TxRxResult] Port is in use!
2024-10-28 20:10:32,576 INFO: Velocity limit set to 100 for group All_Motors
2024-10-28 20:10:32,576 INFO: Enabling torque for group All_Motors
2024-10-28 20:10:32,577 ERROR: Sync write failed with error: [TxRxResult] Port is in use!
2024-10-28 20:10:32,578 ERROR: Sync write failed with error: [TxRxResult] Port is in use!
2024-10-28 20:10:32,578 INFO: Target velocities set for group All_Motors: {1: 0, 2: 0, 3: 0, 4: 0, 5: 0, 6: 0, 7: 0, 8: 0}
2024-10-28 20:10:32,578 INFO: Running set_position_group for group 'All_Motors' with positions: 180
2024-10-28 20:10:32,579 ERROR: Bulk read failed with error: [TxRxResult] Port is in use!
