2024-10-29 16:16:35,963 INFO: Initializing PS4Controller
2024-10-29 16:16:36,239 INFO: Configuration loaded successfully
2024-10-29 16:16:36,244 INFO: Port /dev/ttyACM0 opened successfully
2024-10-29 16:16:36,254 INFO: Baudrate set to 1000000
2024-10-29 16:16:36,255 INFO: Control table loaded successfully.
2024-10-29 16:16:36,255 INFO: Motor group 'Pivot_Group' created with motors: [7, 8]
2024-10-29 16:16:36,255 INFO: Motor group 'Wheg_Group' created with motors: [1, 2, 3, 4, 5, 6]
2024-10-29 16:16:36,255 INFO: Motor group 'All_Motors' created with motors: [1, 2, 3, 4, 5, 6, 7, 8]
2024-10-29 16:16:36,256 INFO: Motor group 'Left_Whegs' created with motors: [1, 2, 3]
2024-10-29 16:16:36,256 INFO: Motor group 'Right_Whegs' created with motors: [4, 5, 6]
2024-10-29 16:16:36,256 INFO: Motor group 'Front_Whegs' created with motors: [3, 6]
2024-10-29 16:16:36,257 INFO: Motor group 'Rear_Whegs' created with motors: [1, 4]
2024-10-29 16:16:36,257 INFO: Motor group 'Middle_Whegs' created with motors: [2, 5]
2024-10-29 16:16:36,258 INFO: Motor group 'Two_Right_One_Left' created with motors: [2, 4, 6]
2024-10-29 16:16:36,258 INFO: Motor group 'Two_Left_One_Right' created with motors: [5, 1, 3]
2024-10-29 16:16:36,259 INFO: Initialised PS4 controller, Dynamixel, and Robot State
2024-10-29 16:16:36,416 INFO: Disabling torque for group Right_Whegs
2024-10-29 16:16:36,418 INFO: Drive mode set for group Right_Whegs with reverse_direction=True
2024-10-29 16:16:36,420 INFO: Enabling torque for group Right_Whegs
2024-10-29 16:16:36,422 INFO: Setting the profile velocity for group Right_Whegs from config.yaml: None
2024-10-29 16:16:36,423 ERROR: Profile velocity for group Right_Whegs not found in config.yaml and no value was provided.
2024-10-29 16:16:36,426 INFO: Profile velocities set for group Right_Whegs: {4: 21.85, 5: 21.85, 6: 21.85}
2024-10-29 16:16:36,426 INFO: Disabling torque for group Left_Whegs
2024-10-29 16:16:36,427 INFO: Drive mode set for group Left_Whegs with reverse_direction=False
2024-10-29 16:16:36,427 INFO: Enabling torque for group Left_Whegs
2024-10-29 16:16:36,428 INFO: Setting the profile velocity for group Left_Whegs from config.yaml: None
2024-10-29 16:16:36,429 ERROR: Profile velocity for group Left_Whegs not found in config.yaml and no value was provided.
2024-10-29 16:16:36,430 INFO: Profile velocities set for group Left_Whegs: {1: 21.85, 2: 21.85, 3: 21.85}
2024-10-29 16:16:36,430 INFO: Set the right side whegs to reverse direction
2024-10-29 16:16:36,430 INFO: Disabling torque for group Pivot_Group
2024-10-29 16:16:36,431 INFO: Drive mode set for group Pivot_Group with reverse_direction=False
2024-10-29 16:16:36,431 INFO: Enabling torque for group Pivot_Group
2024-10-29 16:16:36,432 INFO: Setting the profile velocity for group Pivot_Group from config.yaml: 4
2024-10-29 16:16:36,433 INFO: Profile velocities set for group Pivot_Group: {7: 17.48, 8: 17.48}
2024-10-29 16:16:36,434 INFO: Position limits set for group Pivot_Group: min=45° (ticks=511), max=315° (ticks=3583)
2024-10-29 16:16:36,434 INFO: Set position limits for the pivot motors
2024-10-29 16:16:36,443 INFO: Initialising Gait 1
2024-10-29 16:16:36,444 INFO: Running set_position_group for group 'Wheg_Group' with positions: 180
2024-10-29 16:16:36,450 INFO: Running set_position_group for group 'Pivot_Group' with positions: 180
2024-10-29 16:16:36,453 INFO: Initialised Gait 1, waiting for 3 seconds
2024-10-29 16:16:36,454 ERROR: Error controlling pivots: 'dpad_down'
2024-10-29 16:16:39,454 INFO: Setting operating mode 'multi_turn' for group 'Wheg_Group'
2024-10-29 16:16:39,455 INFO: Disabling torque for group Wheg_Group
2024-10-29 16:16:39,456 INFO: Enabling torque for group Wheg_Group
2024-10-29 16:16:39,456 INFO: Setting the profile velocity for group Wheg_Group from config.yaml: 10
2024-10-29 16:16:39,457 INFO: Profile velocities set for group Wheg_Group: {1: 43.7, 2: 43.7, 3: 43.7, 4: 43.7, 5: 43.7, 6: 43.7}
2024-10-29 16:16:39,458 INFO: Setting the profile velocity for group Wheg_Group from config.yaml: 10
2024-10-29 16:16:39,459 INFO: Profile velocities set for group Wheg_Group: {1: 43.7, 2: 43.7, 3: 43.7, 4: 43.7, 5: 43.7, 6: 43.7}
2024-10-29 16:16:39,459 INFO: New gait 1 is now active.
2024-10-29 16:16:39,873 INFO: R3 pressed. Turning mode requested
2024-10-29 16:16:39,884 INFO: Initialising Turn Mode
2024-10-29 16:16:39,885 INFO: Running set_position_group for group 'Wheg_Group' with positions: {1: 160, 2: 200, 3: 160, 4: 160, 5: 200, 6: 160}
2024-10-29 16:16:39,890 WARNING: Motor 1 is not in Position Control Mode. Setting mode now.
2024-10-29 16:16:39,891 INFO: Setting operating mode 'position' for group 'Wheg_Group'
2024-10-29 16:16:39,892 INFO: Disabling torque for group Wheg_Group
2024-10-29 16:16:39,893 INFO: Enabling torque for group Wheg_Group
2024-10-29 16:16:39,894 INFO: Setting the profile velocity for group Wheg_Group from config.yaml: 10
2024-10-29 16:16:39,895 INFO: Profile velocities set for group Wheg_Group: {1: 43.7, 2: 43.7, 3: 43.7, 4: 43.7, 5: 43.7, 6: 43.7}
2024-10-29 16:16:39,895 INFO: Setting the profile velocity for group Wheg_Group from config.yaml: 10
2024-10-29 16:16:39,896 INFO: Profile velocities set for group Wheg_Group: {1: 43.7, 2: 43.7, 3: 43.7, 4: 43.7, 5: 43.7, 6: 43.7}
2024-10-29 16:16:39,897 INFO: Running set_position_group for group 'Pivot_Group' with positions: 180
2024-10-29 16:16:39,900 INFO: Initialised turn mode, waiting for 3 seconds
2024-10-29 16:16:40,054 INFO: R3 pressed. Turning mode requested
2024-10-29 16:16:42,936 INFO: Setting operating mode 'multi_turn' for group 'Wheg_Group'
2024-10-29 16:16:42,937 INFO: Disabling torque for group Wheg_Group
2024-10-29 16:16:42,940 INFO: Enabling torque for group Wheg_Group
2024-10-29 16:16:42,942 INFO: Setting the profile velocity for group Wheg_Group from config.yaml: 10
2024-10-29 16:16:42,945 INFO: Profile velocities set for group Wheg_Group: {1: 43.7, 2: 43.7, 3: 43.7, 4: 43.7, 5: 43.7, 6: 43.7}
2024-10-29 16:16:42,948 INFO: Setting the profile velocity for group Wheg_Group from config.yaml: 10
2024-10-29 16:16:42,950 INFO: Profile velocities set for group Wheg_Group: {1: 43.7, 2: 43.7, 3: 43.7, 4: 43.7, 5: 43.7, 6: 43.7}
2024-10-29 16:16:42,951 INFO: Turn mode activated.
2024-10-29 16:16:42,977 INFO: Running set_position_group for group 'Wheg_Group' with positions: {1: 200, 2: 160, 3: 200, 4: 200, 5: 160, 6: 200}
2024-10-29 16:16:42,983 WARNING: Motor 1 is not in Position Control Mode. Setting mode now.
2024-10-29 16:16:42,983 INFO: Setting operating mode 'position' for group 'Wheg_Group'
2024-10-29 16:16:42,984 INFO: Disabling torque for group Wheg_Group
2024-10-29 16:16:42,985 INFO: Enabling torque for group Wheg_Group
2024-10-29 16:16:42,986 INFO: Setting the profile velocity for group Wheg_Group from config.yaml: 10
2024-10-29 16:16:42,987 INFO: Profile velocities set for group Wheg_Group: {1: 43.7, 2: 43.7, 3: 43.7, 4: 43.7, 5: 43.7, 6: 43.7}
2024-10-29 16:16:42,988 INFO: Setting the profile velocity for group Wheg_Group from config.yaml: 10
2024-10-29 16:16:42,989 INFO: Profile velocities set for group Wheg_Group: {1: 43.7, 2: 43.7, 3: 43.7, 4: 43.7, 5: 43.7, 6: 43.7}
2024-10-29 16:16:42,996 WARNING: Motors are not in the correct positions for Gait 4. Positions: {1: 159.08203125, 2: 199.16015625, 3: 161.630859375, 4: 160.400390625, 5: 197.666015625, 6: 160.400390625}
2024-10-29 16:16:42,997 WARNING: Waiting for 1 second before checking for movement
2024-10-29 16:16:43,130 INFO: Motors are moving. Continuing with the gait.
2024-10-29 16:16:43,666 WARNING: Motors are not in the correct positions for Gait 4. Positions: {1: 195.380859375, 2: 172.08984375, 3: 198.28125, 4: 194.94140625, 5: 162.7734375, 6: 196.259765625}
2024-10-29 16:16:43,667 WARNING: Waiting for 1 second before checking for movement
2024-10-29 16:16:43,773 INFO: Motors are moving. Continuing with the gait.
2024-10-29 16:16:44,290 WARNING: Motors are not in the correct positions for Gait 4. Positions: {1: 200.0390625, 2: 166.552734375, 3: 199.951171875, 4: 198.369140625, 5: 159.169921875, 6: 199.951171875}
2024-10-29 16:16:44,290 WARNING: Waiting for 1 second before checking for movement
2024-10-29 16:16:44,398 CRITICAL: Motors are not moving, reseting positions, and waiting for 3 seconds.
2024-10-29 16:16:44,399 INFO: Running set_position_group for group 'Wheg_Group' with positions: {1: 200, 2: 160, 3: 200, 4: 200, 5: 160, 6: 200}
2024-10-29 16:16:47,405 INFO: Setting operating mode 'multi_turn' for group 'Wheg_Group'
2024-10-29 16:16:47,405 INFO: Disabling torque for group Wheg_Group
2024-10-29 16:16:47,407 INFO: Enabling torque for group Wheg_Group
2024-10-29 16:16:47,407 INFO: Setting the profile velocity for group Wheg_Group from config.yaml: 10
2024-10-29 16:16:47,408 INFO: Profile velocities set for group Wheg_Group: {1: 43.7, 2: 43.7, 3: 43.7, 4: 43.7, 5: 43.7, 6: 43.7}
2024-10-29 16:16:47,408 INFO: Setting the profile velocity for group Wheg_Group from config.yaml: 10
2024-10-29 16:16:47,409 INFO: Profile velocities set for group Wheg_Group: {1: 43.7, 2: 43.7, 3: 43.7, 4: 43.7, 5: 43.7, 6: 43.7}
2024-10-29 16:16:47,410 INFO: Profile velocities set for group Wheg_Group: {1: 9.168358154296875, 2: 73.346865234375, 3: 9.168358154296875, 4: 73.346865234375, 5: 9.168358154296875, 6: 73.346865234375}
2024-10-29 16:16:47,411 INFO: Incrementing motor positions by {1: -40, 2: -320, 3: -40, 4: 320, 5: 40, 6: 320} degrees for group 'Wheg_Group'
2024-10-29 16:16:47,421 INFO: Gait 4 step executed at 2.10RPM, wait for -3.15 seconds
2024-10-29 16:16:47,434 INFO: Profile velocities set for group Wheg_Group: {1: 83.2177734375, 2: 10.4022216796875, 3: 83.2177734375, 4: 10.4022216796875, 5: 83.2177734375, 6: 10.4022216796875}
2024-10-29 16:16:47,435 INFO: Incrementing motor positions by {1: -320, 2: -40, 3: -320, 4: 40, 5: 320, 6: 40} degrees for group 'Wheg_Group'
2024-10-29 16:16:47,446 INFO: Gait 4 step executed at 2.38RPM, wait for -2.78 seconds
2024-10-29 16:16:47,459 WARNING: Motors are not in the correct positions for Gait 4. Positions: {1: 200.0390625, 2: 167.431640625, 3: 200.0390625, 4: 198.369140625, 5: 159.43359375, 6: 200.21484375}
2024-10-29 16:16:47,459 WARNING: Waiting for 1 second before checking for movement
2024-10-29 16:16:47,593 INFO: Motors are moving. Continuing with the gait.
2024-10-29 16:16:48,147 WARNING: Motors are not in the correct positions for Gait 4. Positions: {1: 125.068359375, 2: 150.99609375, 3: 124.365234375, 4: 212.255859375, 5: 234.4921875, 6: 211.904296875}
2024-10-29 16:16:48,147 WARNING: Waiting for 1 second before checking for movement
2024-10-29 16:16:48,254 INFO: Motors are moving. Continuing with the gait.
2024-10-29 16:16:48,777 WARNING: Motors are not in the correct positions for Gait 4. Positions: {1: 53.96484375, 2: 147.65625, 3: 52.998046875, 4: 221.220703125, 5: 306.2109375, 6: 221.044921875}
2024-10-29 16:16:48,777 WARNING: Waiting for 1 second before checking for movement
2024-10-29 16:16:48,883 INFO: Motors are moving. Continuing with the gait.
2024-10-29 16:16:49,399 WARNING: Motors are not in the correct positions for Gait 4. Positions: {1: 278.59765625, 2: 141.064453125, 3: 277.89453125, 4: 230.44921875, 5: 18.490234375, 6: 230.2734375}
2024-10-29 16:16:49,399 WARNING: Waiting for 1 second before checking for movement
2024-10-29 16:16:49,506 INFO: Motors are moving. Continuing with the gait.
2024-10-29 16:16:50,023 WARNING: Motors are not in the correct positions for Gait 4. Positions: {1: 206.703125, 2: 129.111328125, 3: 206.615234375, 4: 239.677734375, 5: 85.111328125, 6: 238.88671875}
2024-10-29 16:16:50,024 WARNING: Waiting for 1 second before checking for movement
2024-10-29 16:16:50,131 INFO: Motors are moving. Continuing with the gait.
2024-10-29 16:16:50,652 WARNING: Motors are not in the correct positions for Gait 4. Positions: {1: 176.1171875, 2: 123.046875, 3: 176.205078125, 4: 242.138671875, 5: 108.578125, 6: 239.94140625}
2024-10-29 16:16:50,653 WARNING: Waiting for 1 second before checking for movement
2024-10-29 16:16:50,759 CRITICAL: Motors are not moving, reseting positions, and waiting for 3 seconds.
2024-10-29 16:16:50,760 INFO: Running set_position_group for group 'Wheg_Group' with positions: {1: 200, 2: 160, 3: 200, 4: 200, 5: 160, 6: 200}
2024-10-29 16:16:50,765 WARNING: Motor 1 is not in Position Control Mode. Setting mode now.
2024-10-29 16:16:50,766 INFO: Setting operating mode 'position' for group 'Wheg_Group'
2024-10-29 16:16:50,766 INFO: Disabling torque for group Wheg_Group
2024-10-29 16:16:50,767 INFO: Enabling torque for group Wheg_Group
2024-10-29 16:16:50,768 INFO: Setting the profile velocity for group Wheg_Group from config.yaml: 10
2024-10-29 16:16:50,769 INFO: Profile velocities set for group Wheg_Group: {1: 43.7, 2: 43.7, 3: 43.7, 4: 43.7, 5: 43.7, 6: 43.7}
2024-10-29 16:16:50,769 INFO: Setting the profile velocity for group Wheg_Group from config.yaml: 10
2024-10-29 16:16:50,770 INFO: Profile velocities set for group Wheg_Group: {1: 43.7, 2: 43.7, 3: 43.7, 4: 43.7, 5: 43.7, 6: 43.7}
2024-10-29 16:16:53,804 INFO: Setting operating mode 'multi_turn' for group 'Wheg_Group'
2024-10-29 16:16:53,805 INFO: Disabling torque for group Wheg_Group
2024-10-29 16:16:53,808 INFO: Enabling torque for group Wheg_Group
2024-10-29 16:16:53,810 INFO: Setting the profile velocity for group Wheg_Group from config.yaml: 10
2024-10-29 16:16:53,811 INFO: Profile velocities set for group Wheg_Group: {1: 43.7, 2: 43.7, 3: 43.7, 4: 43.7, 5: 43.7, 6: 43.7}
2024-10-29 16:16:53,812 INFO: Setting the profile velocity for group Wheg_Group from config.yaml: 10
2024-10-29 16:16:53,813 INFO: Profile velocities set for group Wheg_Group: {1: 43.7, 2: 43.7, 3: 43.7, 4: 43.7, 5: 43.7, 6: 43.7}
2024-10-29 16:16:53,814 INFO: Profile velocities set for group Wheg_Group: {1: 10.84778350830078, 2: 86.78226806640625, 3: 10.84778350830078, 4: 86.78226806640625, 5: 10.84778350830078, 6: 86.78226806640625}
2024-10-29 16:16:53,815 INFO: Incrementing motor positions by {1: -40, 2: -320, 3: -40, 4: 320, 5: 40, 6: 320} degrees for group 'Wheg_Group'
2024-10-29 16:16:53,826 INFO: Gait 4 step executed at 2.48RPM, wait for -2.66 seconds
2024-10-29 16:16:53,839 INFO: Profile velocities set for group Wheg_Group: {1: 88.42741943359376, 2: 11.05342742919922, 3: 88.42741943359376, 4: 11.05342742919922, 5: 88.42741943359376, 6: 11.05342742919922}
2024-10-29 16:16:53,840 INFO: Incrementing motor positions by {1: -320, 2: -40, 3: -320, 4: 40, 5: 320, 6: 40} degrees for group 'Wheg_Group'
2024-10-29 16:16:53,851 INFO: Gait 4 step executed at 2.53RPM, wait for -2.61 seconds
2024-10-29 16:16:53,864 WARNING: Motors are not in the correct positions for Gait 4. Positions: {1: 206.279296875, 2: 143.7890625, 3: 203.291015625, 4: 207.421875, 5: 148.18359375, 6: 206.103515625}
2024-10-29 16:16:53,865 WARNING: Waiting for 1 second before checking for movement
2024-10-29 16:16:54,002 INFO: Motors are moving. Continuing with the gait.
2024-10-29 16:16:54,547 WARNING: Motors are not in the correct positions for Gait 4. Positions: {1: 126.5625, 2: 129.111328125, 3: 123.134765625, 4: 219.990234375, 5: 230.44921875, 6: 218.056640625}
2024-10-29 16:16:54,547 WARNING: Waiting for 1 second before checking for movement
2024-10-29 16:16:54,653 INFO: Motors are moving. Continuing with the gait.
2024-10-29 16:16:55,174 WARNING: Motors are not in the correct positions for Gait 4. Positions: {1: 50.888671875, 2: 121.9921875, 3: 47.724609375, 4: 231.6796875, 5: 305.068359375, 6: 227.724609375}
2024-10-29 16:16:55,174 WARNING: Waiting for 1 second before checking for movement
2024-10-29 16:16:55,281 INFO: Motors are moving. Continuing with the gait.
2024-10-29 16:16:55,802 WARNING: Motors are not in the correct positions for Gait 4. Positions: {1: 270.3359375, 2: 111.708984375, 3: 267.435546875, 4: 242.138671875, 5: 22.4453125, 6: 238.18359375}
2024-10-29 16:16:55,803 WARNING: Waiting for 1 second before checking for movement
2024-10-29 16:16:55,909 INFO: Motors are moving. Continuing with the gait.
2024-10-29 16:16:56,429 WARNING: Motors are not in the correct positions for Gait 4. Positions: {1: 193.783203125, 2: 100.546875, 3: 191.5859375, 4: 249.697265625, 5: 87.748046875, 6: 245.0390625}
2024-10-29 16:16:56,429 WARNING: Waiting for 1 second before checking for movement
2024-10-29 16:16:56,536 INFO: Motors are moving. Continuing with the gait.
2024-10-29 16:16:57,055 WARNING: Motors are not in the correct positions for Gait 4. Positions: {1: 182.357421875, 2: 97.998046875, 3: 179.28125, 4: 249.78515625, 5: 98.03125, 6: 245.21484375}
2024-10-29 16:16:57,055 WARNING: Waiting for 1 second before checking for movement
2024-10-29 16:16:57,162 CRITICAL: Motors are not moving, reseting positions, and waiting for 3 seconds.
2024-10-29 16:16:57,163 INFO: Running set_position_group for group 'Wheg_Group' with positions: {1: 200, 2: 160, 3: 200, 4: 200, 5: 160, 6: 200}
2024-10-29 16:16:57,168 WARNING: Motor 1 is not in Position Control Mode. Setting mode now.
2024-10-29 16:16:57,168 INFO: Setting operating mode 'position' for group 'Wheg_Group'
2024-10-29 16:16:57,169 INFO: Disabling torque for group Wheg_Group
2024-10-29 16:16:57,170 INFO: Enabling torque for group Wheg_Group
2024-10-29 16:16:57,170 INFO: Setting the profile velocity for group Wheg_Group from config.yaml: 10
2024-10-29 16:16:57,171 INFO: Profile velocities set for group Wheg_Group: {1: 43.7, 2: 43.7, 3: 43.7, 4: 43.7, 5: 43.7, 6: 43.7}
2024-10-29 16:16:57,172 INFO: Setting the profile velocity for group Wheg_Group from config.yaml: 10
2024-10-29 16:16:57,172 INFO: Profile velocities set for group Wheg_Group: {1: 43.7, 2: 43.7, 3: 43.7, 4: 43.7, 5: 43.7, 6: 43.7}
2024-10-29 16:17:00,174 INFO: Setting operating mode 'multi_turn' for group 'Wheg_Group'
2024-10-29 16:17:00,174 INFO: Disabling torque for group Wheg_Group
2024-10-29 16:17:00,176 INFO: Enabling torque for group Wheg_Group
2024-10-29 16:17:00,177 INFO: Setting the profile velocity for group Wheg_Group from config.yaml: 10
2024-10-29 16:17:00,179 INFO: Profile velocities set for group Wheg_Group: {1: 43.7, 2: 43.7, 3: 43.7, 4: 43.7, 5: 43.7, 6: 43.7}
2024-10-29 16:17:00,179 INFO: Setting the profile velocity for group Wheg_Group from config.yaml: 10
2024-10-29 16:17:00,181 INFO: Profile velocities set for group Wheg_Group: {1: 43.7, 2: 43.7, 3: 43.7, 4: 43.7, 5: 43.7, 6: 43.7}
2024-10-29 16:17:00,182 INFO: Profile velocities set for group Wheg_Group: {1: 11.224797363281251, 2: 89.79837890625001, 3: 11.224797363281251, 4: 89.79837890625001, 5: 11.224797363281251, 6: 89.79837890625001}
2024-10-29 16:17:00,182 INFO: Incrementing motor positions by {1: -40, 2: -320, 3: -40, 4: 320, 5: 40, 6: 320} degrees for group 'Wheg_Group'
2024-10-29 16:17:00,193 INFO: Gait 4 step executed at 2.57RPM, wait for -2.57 seconds
2024-10-29 16:17:00,207 INFO: Profile velocities set for group Wheg_Group: {1: 91.4435302734375, 2: 11.430441284179688, 3: 91.4435302734375, 4: 11.430441284179688, 5: 91.4435302734375, 6: 11.430441284179688}
2024-10-29 16:17:00,207 INFO: Incrementing motor positions by {1: -320, 2: -40, 3: -320, 4: 40, 5: 320, 6: 40} degrees for group 'Wheg_Group'
2024-10-29 16:17:00,218 INFO: Gait 4 step executed at 2.62RPM, wait for -2.52 seconds
2024-10-29 16:17:00,231 WARNING: Motors are not in the correct positions for Gait 4. Positions: {1: 206.015625, 2: 142.119140625, 3: 203.818359375, 4: 208.30078125, 5: 149.677734375, 6: 205.400390625}
2024-10-29 16:17:00,231 WARNING: Waiting for 1 second before checking for movement
2024-10-29 16:17:00,367 INFO: Motors are moving. Continuing with the gait.
2024-10-29 16:17:00,910 WARNING: Motors are not in the correct positions for Gait 4. Positions: {1: 123.3984375, 2: 129.7265625, 3: 121.376953125, 4: 222.275390625, 5: 233.61328125, 6: 217.96875}
2024-10-29 16:17:00,910 WARNING: Waiting for 1 second before checking for movement
2024-10-29 16:17:01,016 INFO: Motors are moving. Continuing with the gait.
2024-10-29 16:17:01,540 WARNING: Motors are not in the correct positions for Gait 4. Positions: {1: 45.439453125, 2: 119.8828125, 3: 43.154296875, 4: 232.646484375, 5: 312.01171875, 6: 227.548828125}
2024-10-29 16:17:01,541 WARNING: Waiting for 1 second before checking for movement
2024-10-29 16:17:01,648 INFO: Motors are moving. Continuing with the gait.
2024-10-29 16:17:02,166 WARNING: Motors are not in the correct positions for Gait 4. Positions: {1: 262.689453125, 2: 110.126953125, 3: 260.404296875, 4: 242.666015625, 5: 31.498046875, 6: 237.65625}
2024-10-29 16:17:02,167 WARNING: Waiting for 1 second before checking for movement
2024-10-29 16:17:02,274 INFO: Motors are moving. Continuing with the gait.
2024-10-29 16:17:02,797 WARNING: Motors are not in the correct positions for Gait 4. Positions: {1: 183.587890625, 2: 96.416015625, 3: 181.654296875, 4: 249.697265625, 5: 97.85546875, 6: 244.423828125}
2024-10-29 16:17:02,798 WARNING: Waiting for 1 second before checking for movement
2024-10-29 16:17:02,904 INFO: Motors are moving. Continuing with the gait.
2024-10-29 16:17:03,429 WARNING: Motors are not in the correct positions for Gait 4. Positions: {1: 183.236328125, 2: 96.240234375, 3: 179.80859375, 4: 249.697265625, 5: 98.998046875, 6: 244.599609375}
2024-10-29 16:17:03,430 WARNING: Waiting for 1 second before checking for movement
2024-10-29 16:17:03,537 CRITICAL: Motors are not moving, reseting positions, and waiting for 3 seconds.
2024-10-29 16:17:03,537 INFO: Running set_position_group for group 'Wheg_Group' with positions: {1: 200, 2: 160, 3: 200, 4: 200, 5: 160, 6: 200}
2024-10-29 16:17:03,543 WARNING: Motor 1 is not in Position Control Mode. Setting mode now.
2024-10-29 16:17:03,543 INFO: Setting operating mode 'position' for group 'Wheg_Group'
2024-10-29 16:17:03,544 INFO: Disabling torque for group Wheg_Group
2024-10-29 16:17:03,545 INFO: Enabling torque for group Wheg_Group
2024-10-29 16:17:03,546 INFO: Setting the profile velocity for group Wheg_Group from config.yaml: 10
2024-10-29 16:17:03,546 INFO: Profile velocities set for group Wheg_Group: {1: 43.7, 2: 43.7, 3: 43.7, 4: 43.7, 5: 43.7, 6: 43.7}
2024-10-29 16:17:03,547 INFO: Setting the profile velocity for group Wheg_Group from config.yaml: 10
2024-10-29 16:17:03,547 INFO: Profile velocities set for group Wheg_Group: {1: 43.7, 2: 43.7, 3: 43.7, 4: 43.7, 5: 43.7, 6: 43.7}
2024-10-29 16:17:06,549 INFO: Setting operating mode 'multi_turn' for group 'Wheg_Group'
2024-10-29 16:17:06,549 INFO: Disabling torque for group Wheg_Group
2024-10-29 16:17:06,550 INFO: Enabling torque for group Wheg_Group
2024-10-29 16:17:06,551 INFO: Setting the profile velocity for group Wheg_Group from config.yaml: 10
2024-10-29 16:17:06,553 INFO: Profile velocities set for group Wheg_Group: {1: 43.7, 2: 43.7, 3: 43.7, 4: 43.7, 5: 43.7, 6: 43.7}
2024-10-29 16:17:06,553 INFO: Setting the profile velocity for group Wheg_Group from config.yaml: 10
2024-10-29 16:17:06,554 INFO: Profile velocities set for group Wheg_Group: {1: 43.7, 2: 43.7, 3: 43.7, 4: 43.7, 5: 43.7, 6: 43.7}
2024-10-29 16:17:06,555 INFO: Profile velocities set for group Wheg_Group: {1: 11.4989892578125, 2: 91.9919140625, 3: 11.4989892578125, 4: 91.9919140625, 5: 11.4989892578125, 6: 91.9919140625}
2024-10-29 16:17:06,556 INFO: Incrementing motor positions by {1: -40, 2: -320, 3: -40, 4: 320, 5: 40, 6: 320} degrees for group 'Wheg_Group'
2024-10-29 16:17:06,567 INFO: Gait 4 step executed at 2.63RPM, wait for -2.51 seconds
2024-10-29 16:17:06,580 INFO: Profile velocities set for group Wheg_Group: {1: 91.16933837890625, 2: 11.39616729736328, 3: 91.16933837890625, 4: 11.39616729736328, 5: 91.16933837890625, 6: 11.39616729736328}
2024-10-29 16:17:06,581 INFO: Incrementing motor positions by {1: -320, 2: -40, 3: -320, 4: 40, 5: 320, 6: 40} degrees for group 'Wheg_Group'
2024-10-29 16:17:06,592 INFO: Gait 4 step executed at 2.61RPM, wait for -2.53 seconds
2024-10-29 16:17:06,605 WARNING: Motors are not in the correct positions for Gait 4. Positions: {1: 206.103515625, 2: 143.0859375, 3: 204.2578125, 4: 207.685546875, 5: 148.974609375, 6: 205.751953125}
2024-10-29 16:17:06,605 WARNING: Waiting for 1 second before checking for movement
2024-10-29 16:17:06,741 INFO: Motors are moving. Continuing with the gait.
2024-10-29 16:17:07,287 WARNING: Motors are not in the correct positions for Gait 4. Positions: {1: 123.75, 2: 131.220703125, 3: 121.376953125, 4: 219.90234375, 5: 236.25, 6: 217.79296875}
2024-10-29 16:17:07,287 WARNING: Waiting for 1 second before checking for movement
2024-10-29 16:17:07,393 INFO: Motors are moving. Continuing with the gait.
2024-10-29 16:17:07,915 WARNING: Motors are not in the correct positions for Gait 4. Positions: {1: 45.439453125, 2: 120.05859375, 3: 43.2421875, 4: 225.703125, 5: 311.220703125, 6: 227.021484375}
2024-10-29 16:17:07,916 WARNING: Waiting for 1 second before checking for movement
2024-10-29 16:17:08,022 INFO: Motors are moving. Continuing with the gait.
2024-10-29 16:17:08,849 WARNING: Emergency stop activated! Stopping all motors asynchronously.
2024-10-29 16:17:08,850 INFO: Setting operating mode 'velocity' for group 'All_Motors'
2024-10-29 16:17:08,851 INFO: Disabling torque for group All_Motors
2024-10-29 16:17:08,854 INFO: Enabling torque for group All_Motors
2024-10-29 16:17:08,855 INFO: Setting the profile velocity for group All_Motors from config.yaml: 8
2024-10-29 16:17:08,856 INFO: Profile velocities set for group All_Motors: {1: 34.96, 2: 34.96, 3: 34.96, 4: 34.96, 5: 34.96, 6: 34.96, 7: 34.96, 8: 34.96}
2024-10-29 16:17:08,856 WARNING: Velocity limit 200 exceeds hard limit 100. Limiting to 100.
2024-10-29 16:17:08,857 INFO: Velocity limit set to 100 for group All_Motors
2024-10-29 16:17:08,858 INFO: Enabling torque for group All_Motors
2024-10-29 16:17:08,858 INFO: Setting the profile velocity for group All_Motors from config.yaml: 8
2024-10-29 16:17:08,859 INFO: Profile velocities set for group All_Motors: {1: 34.96, 2: 34.96, 3: 34.96, 4: 34.96, 5: 34.96, 6: 34.96, 7: 34.96, 8: 34.96}
2024-10-29 16:17:08,860 INFO: Target velocities set for group All_Motors: {1: 0, 2: 0, 3: 0, 4: 0, 5: 0, 6: 0, 7: 0, 8: 0}
2024-10-29 16:17:13,789 INFO: share pressed. Turning mode deactivating
2024-10-29 16:17:24,234 INFO: Emergency Stop Deactivated. Resuming control...
2024-10-29 16:17:24,246 WARNING: No motors found for group 'All_Whegs'
2024-10-29 16:17:24,247 WARNING: Set direction of whegs to forward
2024-10-29 16:17:24,248 INFO: Turn mode deactivating
2024-10-29 16:17:24,255 INFO: Initialising Gait 1
2024-10-29 16:17:24,256 INFO: Running set_position_group for group 'Wheg_Group' with positions: 180
2024-10-29 16:17:24,262 WARNING: Motor 1 is not in Position Control Mode. Setting mode now.
2024-10-29 16:17:24,262 INFO: Setting operating mode 'position' for group 'Wheg_Group'
2024-10-29 16:17:24,263 INFO: Disabling torque for group Wheg_Group
2024-10-29 16:17:24,263 INFO: Enabling torque for group Wheg_Group
2024-10-29 16:17:24,264 INFO: Setting the profile velocity for group Wheg_Group from config.yaml: 10
2024-10-29 16:17:24,265 INFO: Profile velocities set for group Wheg_Group: {1: 43.7, 2: 43.7, 3: 43.7, 4: 43.7, 5: 43.7, 6: 43.7}
2024-10-29 16:17:24,266 INFO: Setting the profile velocity for group Wheg_Group from config.yaml: 10
2024-10-29 16:17:24,267 INFO: Profile velocities set for group Wheg_Group: {1: 43.7, 2: 43.7, 3: 43.7, 4: 43.7, 5: 43.7, 6: 43.7}
2024-10-29 16:17:24,267 INFO: Running set_position_group for group 'Pivot_Group' with positions: 180
2024-10-29 16:17:24,270 WARNING: Motor 7 is not in Position Control Mode. Setting mode now.
2024-10-29 16:17:24,271 INFO: Setting operating mode 'position' for group 'Pivot_Group'
2024-10-29 16:17:24,271 INFO: Disabling torque for group Pivot_Group
2024-10-29 16:17:24,272 INFO: Enabling torque for group Pivot_Group
2024-10-29 16:17:24,273 INFO: Setting the profile velocity for group Pivot_Group from config.yaml: 4
2024-10-29 16:17:24,273 INFO: Profile velocities set for group Pivot_Group: {7: 17.48, 8: 17.48}
2024-10-29 16:17:24,274 INFO: Setting the profile velocity for group Pivot_Group from config.yaml: 4
2024-10-29 16:17:24,274 INFO: Profile velocities set for group Pivot_Group: {7: 17.48, 8: 17.48}
2024-10-29 16:17:24,275 INFO: Initialised Gait 1, waiting for 3 seconds
2024-10-29 16:17:27,315 INFO: Setting operating mode 'multi_turn' for group 'Wheg_Group'
2024-10-29 16:17:27,316 INFO: Disabling torque for group Wheg_Group
2024-10-29 16:17:27,319 INFO: Enabling torque for group Wheg_Group
2024-10-29 16:17:27,320 INFO: Setting the profile velocity for group Wheg_Group from config.yaml: 10
2024-10-29 16:17:27,321 INFO: Profile velocities set for group Wheg_Group: {1: 43.7, 2: 43.7, 3: 43.7, 4: 43.7, 5: 43.7, 6: 43.7}
2024-10-29 16:17:27,321 INFO: Setting the profile velocity for group Wheg_Group from config.yaml: 10
2024-10-29 16:17:27,322 INFO: Profile velocities set for group Wheg_Group: {1: 43.7, 2: 43.7, 3: 43.7, 4: 43.7, 5: 43.7, 6: 43.7}
2024-10-29 16:17:27,322 INFO: New gait 1 is now active.
2024-10-29 16:17:37,389 INFO: R3 pressed. Turning mode requested
2024-10-29 16:17:37,400 INFO: Initialising Turn Mode
2024-10-29 16:17:37,400 INFO: Running set_position_group for group 'Wheg_Group' with positions: {1: 160, 2: 200, 3: 160, 4: 160, 5: 200, 6: 160}
2024-10-29 16:17:37,407 WARNING: Motor 1 is not in Position Control Mode. Setting mode now.
2024-10-29 16:17:37,408 INFO: Setting operating mode 'position' for group 'Wheg_Group'
2024-10-29 16:17:37,409 INFO: Disabling torque for group Wheg_Group
2024-10-29 16:17:37,410 INFO: Enabling torque for group Wheg_Group
2024-10-29 16:17:37,411 INFO: Setting the profile velocity for group Wheg_Group from config.yaml: 10
2024-10-29 16:17:37,412 INFO: Profile velocities set for group Wheg_Group: {1: 43.7, 2: 43.7, 3: 43.7, 4: 43.7, 5: 43.7, 6: 43.7}
2024-10-29 16:17:37,412 INFO: Setting the profile velocity for group Wheg_Group from config.yaml: 10
2024-10-29 16:17:37,413 INFO: Profile velocities set for group Wheg_Group: {1: 43.7, 2: 43.7, 3: 43.7, 4: 43.7, 5: 43.7, 6: 43.7}
2024-10-29 16:17:37,414 INFO: Running set_position_group for group 'Pivot_Group' with positions: 180
2024-10-29 16:17:37,417 INFO: Initialised turn mode, waiting for 3 seconds
2024-10-29 16:17:40,418 INFO: Setting operating mode 'multi_turn' for group 'Wheg_Group'
2024-10-29 16:17:40,419 INFO: Disabling torque for group Wheg_Group
2024-10-29 16:17:40,420 INFO: Enabling torque for group Wheg_Group
2024-10-29 16:17:40,421 INFO: Setting the profile velocity for group Wheg_Group from config.yaml: 10
2024-10-29 16:17:40,422 INFO: Profile velocities set for group Wheg_Group: {1: 43.7, 2: 43.7, 3: 43.7, 4: 43.7, 5: 43.7, 6: 43.7}
2024-10-29 16:17:40,422 INFO: Setting the profile velocity for group Wheg_Group from config.yaml: 10
2024-10-29 16:17:40,423 INFO: Profile velocities set for group Wheg_Group: {1: 43.7, 2: 43.7, 3: 43.7, 4: 43.7, 5: 43.7, 6: 43.7}
2024-10-29 16:17:40,424 INFO: Turn mode activated.
2024-10-29 16:17:43,973 INFO: Running set_position_group for group 'Wheg_Group' with positions: {1: 160, 2: 200, 3: 160, 4: 160, 5: 200, 6: 160}
2024-10-29 16:17:43,978 WARNING: Motor 1 is not in Position Control Mode. Setting mode now.
2024-10-29 16:17:43,979 INFO: Setting operating mode 'position' for group 'Wheg_Group'
2024-10-29 16:17:43,979 INFO: Disabling torque for group Wheg_Group
2024-10-29 16:17:43,980 INFO: Enabling torque for group Wheg_Group
2024-10-29 16:17:43,981 INFO: Setting the profile velocity for group Wheg_Group from config.yaml: 10
2024-10-29 16:17:43,982 INFO: Profile velocities set for group Wheg_Group: {1: 43.7, 2: 43.7, 3: 43.7, 4: 43.7, 5: 43.7, 6: 43.7}
2024-10-29 16:17:43,982 INFO: Setting the profile velocity for group Wheg_Group from config.yaml: 10
2024-10-29 16:17:43,983 INFO: Profile velocities set for group Wheg_Group: {1: 43.7, 2: 43.7, 3: 43.7, 4: 43.7, 5: 43.7, 6: 43.7}
2024-10-29 16:17:44,490 INFO: Profile velocities set for group Wheg_Group: {1: 4.884109802246094, 2: 39.07287841796875, 3: 4.884109802246094, 4: 39.07287841796875, 5: 4.884109802246094, 6: 39.07287841796875}
2024-10-29 16:17:44,490 INFO: Incrementing motor positions by {1: 40, 2: 320, 3: 40, 4: -320, 5: -40, 6: -320} degrees for group 'Wheg_Group'
2024-10-29 16:17:44,495 WARNING: Motor 1 is not in Extended Position Control Mode. Setting mode now.
2024-10-29 16:17:44,496 INFO: Setting operating mode 'multi_turn' for group 'Wheg_Group'
2024-10-29 16:17:44,496 INFO: Disabling torque for group Wheg_Group
2024-10-29 16:17:44,498 INFO: Enabling torque for group Wheg_Group
2024-10-29 16:17:44,498 INFO: Setting the profile velocity for group Wheg_Group from config.yaml: 10
2024-10-29 16:17:44,499 INFO: Profile velocities set for group Wheg_Group: {1: 43.7, 2: 43.7, 3: 43.7, 4: 43.7, 5: 43.7, 6: 43.7}
2024-10-29 16:17:44,500 INFO: Setting the profile velocity for group Wheg_Group from config.yaml: 10
2024-10-29 16:17:44,501 INFO: Profile velocities set for group Wheg_Group: {1: 43.7, 2: 43.7, 3: 43.7, 4: 43.7, 5: 43.7, 6: 43.7}
2024-10-29 16:17:44,506 INFO: Gait 4 step executed at 1.12RPM, wait for 5.99 seconds
2024-10-29 16:17:51,011 INFO: Profile velocities set for group Wheg_Group: {1: 74.03287841796875, 2: 9.254109802246093, 3: 74.03287841796875, 4: 9.254109802246093, 5: 74.03287841796875, 6: 9.254109802246093}
2024-10-29 16:17:51,013 INFO: Incrementing motor positions by {1: 320, 2: 40, 3: 320, 4: -40, 5: -320, 6: -40} degrees for group 'Wheg_Group'
2024-10-29 16:17:51,024 INFO: Gait 4 step executed at 2.12RPM, wait for 3.17 seconds
2024-10-29 16:17:54,758 WARNING: Motors are not in the correct positions for Gait 4. Positions: {1: 153.2265625, 2: 183.28515625, 3: 163.7734375, 4: 100.70703125, 5: 142.89453125, 6: 101.673828125}
2024-10-29 16:17:54,759 WARNING: Waiting for 1 second before checking for movement
2024-10-29 16:17:54,903 CRITICAL: Motors are not moving, reseting positions, and waiting for 3 seconds.
2024-10-29 16:17:54,904 INFO: Running set_position_group for group 'Wheg_Group' with positions: {1: 160, 2: 200, 3: 160, 4: 160, 5: 200, 6: 160}
2024-10-29 16:17:54,909 WARNING: Motor 1 is not in Position Control Mode. Setting mode now.
2024-10-29 16:17:54,910 INFO: Setting operating mode 'position' for group 'Wheg_Group'
2024-10-29 16:17:54,910 INFO: Disabling torque for group Wheg_Group
2024-10-29 16:17:54,911 INFO: Enabling torque for group Wheg_Group
2024-10-29 16:17:54,912 INFO: Setting the profile velocity for group Wheg_Group from config.yaml: 10
2024-10-29 16:17:54,913 INFO: Profile velocities set for group Wheg_Group: {1: 43.7, 2: 43.7, 3: 43.7, 4: 43.7, 5: 43.7, 6: 43.7}
2024-10-29 16:17:54,914 INFO: Setting the profile velocity for group Wheg_Group from config.yaml: 10
2024-10-29 16:17:54,915 INFO: Profile velocities set for group Wheg_Group: {1: 43.7, 2: 43.7, 3: 43.7, 4: 43.7, 5: 43.7, 6: 43.7}
2024-10-29 16:17:57,918 INFO: Setting operating mode 'multi_turn' for group 'Wheg_Group'
2024-10-29 16:17:57,919 INFO: Disabling torque for group Wheg_Group
2024-10-29 16:17:57,919 INFO: Enabling torque for group Wheg_Group
2024-10-29 16:17:57,920 INFO: Setting the profile velocity for group Wheg_Group from config.yaml: 10
2024-10-29 16:17:57,921 INFO: Profile velocities set for group Wheg_Group: {1: 43.7, 2: 43.7, 3: 43.7, 4: 43.7, 5: 43.7, 6: 43.7}
2024-10-29 16:17:57,922 INFO: Setting the profile velocity for group Wheg_Group from config.yaml: 10
2024-10-29 16:17:57,923 INFO: Profile velocities set for group Wheg_Group: {1: 43.7, 2: 43.7, 3: 43.7, 4: 43.7, 5: 43.7, 6: 43.7}
2024-10-29 16:17:57,924 INFO: Profile velocities set for group Wheg_Group: {1: 10.642139587402344, 2: 85.13711669921875, 3: 10.642139587402344, 4: 85.13711669921875, 5: 10.642139587402344, 6: 85.13711669921875}
2024-10-29 16:17:57,924 INFO: Incrementing motor positions by {1: 40, 2: 320, 3: 40, 4: -320, 5: -40, 6: -320} degrees for group 'Wheg_Group'
2024-10-29 16:17:57,935 INFO: Gait 4 step executed at 2.44RPM, wait for 2.76 seconds
2024-10-29 16:18:01,252 INFO: Profile velocities set for group Wheg_Group: {1: 86.23388427734375, 2: 10.779235534667968, 3: 86.23388427734375, 4: 10.779235534667968, 5: 86.23388427734375, 6: 10.779235534667968}
2024-10-29 16:18:01,252 INFO: Incrementing motor positions by {1: 320, 2: 40, 3: 320, 4: -40, 5: -320, 6: -40} degrees for group 'Wheg_Group'
2024-10-29 16:18:01,262 INFO: Gait 4 step executed at 2.47RPM, wait for 2.73 seconds
2024-10-29 16:18:04,503 WARNING: Motors are not in the correct positions for Gait 4. Positions: {1: 152.435546875, 2: 178.36328125, 3: 160.9609375, 4: 105.013671875, 5: 150.716796875, 6: 98.861328125}
2024-10-29 16:18:04,504 WARNING: Waiting for 1 second before checking for movement
2024-10-29 16:18:04,652 CRITICAL: Motors are not moving, reseting positions, and waiting for 3 seconds.
2024-10-29 16:18:04,653 INFO: Running set_position_group for group 'Wheg_Group' with positions: {1: 160, 2: 200, 3: 160, 4: 160, 5: 200, 6: 160}
2024-10-29 16:18:04,658 WARNING: Motor 1 is not in Position Control Mode. Setting mode now.
2024-10-29 16:18:04,658 INFO: Setting operating mode 'position' for group 'Wheg_Group'
2024-10-29 16:18:04,659 INFO: Disabling torque for group Wheg_Group
2024-10-29 16:18:04,660 INFO: Enabling torque for group Wheg_Group
2024-10-29 16:18:04,660 INFO: Setting the profile velocity for group Wheg_Group from config.yaml: 10
2024-10-29 16:18:04,661 INFO: Profile velocities set for group Wheg_Group: {1: 43.7, 2: 43.7, 3: 43.7, 4: 43.7, 5: 43.7, 6: 43.7}
2024-10-29 16:18:04,662 INFO: Setting the profile velocity for group Wheg_Group from config.yaml: 10
2024-10-29 16:18:04,663 INFO: Profile velocities set for group Wheg_Group: {1: 43.7, 2: 43.7, 3: 43.7, 4: 43.7, 5: 43.7, 6: 43.7}
2024-10-29 16:18:07,665 INFO: Setting operating mode 'multi_turn' for group 'Wheg_Group'
2024-10-29 16:18:07,666 INFO: Disabling torque for group Wheg_Group
2024-10-29 16:18:07,667 INFO: Enabling torque for group Wheg_Group
2024-10-29 16:18:07,669 INFO: Setting the profile velocity for group Wheg_Group from config.yaml: 10
2024-10-29 16:18:07,669 INFO: Profile velocities set for group Wheg_Group: {1: 43.7, 2: 43.7, 3: 43.7, 4: 43.7, 5: 43.7, 6: 43.7}
2024-10-29 16:18:07,670 INFO: Setting the profile velocity for group Wheg_Group from config.yaml: 10
2024-10-29 16:18:07,671 INFO: Profile velocities set for group Wheg_Group: {1: 43.7, 2: 43.7, 3: 43.7, 4: 43.7, 5: 43.7, 6: 43.7}
2024-10-29 16:18:07,672 INFO: Profile velocities set for group Wheg_Group: {1: 10.779235534667968, 2: 86.23388427734375, 3: 10.779235534667968, 4: 86.23388427734375, 5: 10.779235534667968, 6: 86.23388427734375}
2024-10-29 16:18:07,673 INFO: Incrementing motor positions by {1: 40, 2: 320, 3: 40, 4: -320, 5: -40, 6: -320} degrees for group 'Wheg_Group'
2024-10-29 16:18:07,684 INFO: Gait 4 step executed at 2.47RPM, wait for 2.73 seconds
2024-10-29 16:18:10,941 INFO: Profile velocities set for group Wheg_Group: {1: 92.81448974609376, 2: 11.60181121826172, 3: 92.81448974609376, 4: 11.60181121826172, 5: 92.81448974609376, 6: 11.60181121826172}
2024-10-29 16:18:10,942 INFO: Incrementing motor positions by {1: 320, 2: 40, 3: 320, 4: -40, 5: -320, 6: -40} degrees for group 'Wheg_Group'
2024-10-29 16:18:10,952 INFO: Gait 4 step executed at 2.65RPM, wait for 2.54 seconds
2024-10-29 16:18:14,024 WARNING: Motors are not in the correct positions for Gait 4. Positions: {1: 154.10546875, 2: 176.166015625, 3: 160.345703125, 4: 103.080078125, 5: 152.123046875, 6: 99.388671875}
2024-10-29 16:18:14,025 WARNING: Waiting for 1 second before checking for movement
2024-10-29 16:18:14,174 CRITICAL: Motors are not moving, reseting positions, and waiting for 3 seconds.
2024-10-29 16:18:14,174 INFO: Running set_position_group for group 'Wheg_Group' with positions: {1: 160, 2: 200, 3: 160, 4: 160, 5: 200, 6: 160}
2024-10-29 16:18:14,179 WARNING: Motor 1 is not in Position Control Mode. Setting mode now.
2024-10-29 16:18:14,180 INFO: Setting operating mode 'position' for group 'Wheg_Group'
2024-10-29 16:18:14,180 INFO: Disabling torque for group Wheg_Group
2024-10-29 16:18:14,181 INFO: Enabling torque for group Wheg_Group
2024-10-29 16:18:14,181 INFO: Setting the profile velocity for group Wheg_Group from config.yaml: 10
2024-10-29 16:18:14,182 INFO: Profile velocities set for group Wheg_Group: {1: 43.7, 2: 43.7, 3: 43.7, 4: 43.7, 5: 43.7, 6: 43.7}
2024-10-29 16:18:14,183 INFO: Setting the profile velocity for group Wheg_Group from config.yaml: 10
2024-10-29 16:18:14,185 INFO: Profile velocities set for group Wheg_Group: {1: 43.7, 2: 43.7, 3: 43.7, 4: 43.7, 5: 43.7, 6: 43.7}
2024-10-29 16:18:15,907 INFO: Triangle pressed. Preparing to change to next gait: 2
2024-10-29 16:18:17,188 INFO: Setting operating mode 'multi_turn' for group 'Wheg_Group'
2024-10-29 16:18:17,188 INFO: Disabling torque for group Wheg_Group
2024-10-29 16:18:17,189 INFO: Enabling torque for group Wheg_Group
2024-10-29 16:18:17,190 INFO: Setting the profile velocity for group Wheg_Group from config.yaml: 10
2024-10-29 16:18:17,191 INFO: Profile velocities set for group Wheg_Group: {1: 43.7, 2: 43.7, 3: 43.7, 4: 43.7, 5: 43.7, 6: 43.7}
2024-10-29 16:18:17,191 INFO: Setting the profile velocity for group Wheg_Group from config.yaml: 10
2024-10-29 16:18:17,192 INFO: Profile velocities set for group Wheg_Group: {1: 43.7, 2: 43.7, 3: 43.7, 4: 43.7, 5: 43.7, 6: 43.7}
2024-10-29 16:18:17,193 INFO: Profile velocities set for group Wheg_Group: {1: 7.968768615722657, 2: 63.750148925781254, 3: 7.968768615722657, 4: 63.750148925781254, 5: 7.968768615722657, 6: 63.750148925781254}
2024-10-29 16:18:17,193 INFO: Incrementing motor positions by {1: 40, 2: 320, 3: 40, 4: -320, 5: -40, 6: -320} degrees for group 'Wheg_Group'
2024-10-29 16:18:17,204 INFO: Gait 4 step executed at 1.82RPM, wait for 3.68 seconds
2024-10-29 16:18:27,842 INFO: share pressed. Turning mode deactivating
2024-10-29 16:18:27,844 WARNING: No motors found for group 'All_Whegs'
2024-10-29 16:18:27,845 WARNING: Set direction of whegs to forward
2024-10-29 16:18:27,846 INFO: Turn mode deactivating
2024-10-29 16:18:27,855 INFO: Initialising Gait 2
2024-10-29 16:18:27,856 INFO: Running set_position_group for group 'Wheg_Group' with positions: {1: 160, 2: 200, 3: 160, 4: 200, 5: 160, 6: 200}
2024-10-29 16:18:27,861 WARNING: Motor 1 is not in Position Control Mode. Setting mode now.
2024-10-29 16:18:27,861 INFO: Setting operating mode 'position' for group 'Wheg_Group'
2024-10-29 16:18:27,862 INFO: Disabling torque for group Wheg_Group
2024-10-29 16:18:27,864 INFO: Enabling torque for group Wheg_Group
2024-10-29 16:18:27,865 INFO: Setting the profile velocity for group Wheg_Group from config.yaml: 10
2024-10-29 16:18:27,866 INFO: Profile velocities set for group Wheg_Group: {1: 43.7, 2: 43.7, 3: 43.7, 4: 43.7, 5: 43.7, 6: 43.7}
2024-10-29 16:18:27,866 INFO: Setting the profile velocity for group Wheg_Group from config.yaml: 10
2024-10-29 16:18:27,867 INFO: Profile velocities set for group Wheg_Group: {1: 43.7, 2: 43.7, 3: 43.7, 4: 43.7, 5: 43.7, 6: 43.7}
2024-10-29 16:18:27,868 INFO: Running set_position_group for group 'Pivot_Group' with positions: 180
2024-10-29 16:18:27,871 INFO: Initialised Gait 2, waiting for 3 seconds
2024-10-29 16:18:27,944 INFO: share pressed. Turning mode deactivating
2024-10-29 16:18:30,888 INFO: Setting operating mode 'multi_turn' for group 'Wheg_Group'
2024-10-29 16:18:30,889 INFO: Disabling torque for group Wheg_Group
2024-10-29 16:18:30,892 INFO: Enabling torque for group Wheg_Group
2024-10-29 16:18:30,893 INFO: Setting the profile velocity for group Wheg_Group from config.yaml: 10
2024-10-29 16:18:30,896 INFO: Profile velocities set for group Wheg_Group: {1: 43.7, 2: 43.7, 3: 43.7, 4: 43.7, 5: 43.7, 6: 43.7}
2024-10-29 16:18:30,896 INFO: Setting the profile velocity for group Wheg_Group from config.yaml: 10
2024-10-29 16:18:30,897 INFO: Profile velocities set for group Wheg_Group: {1: 43.7, 2: 43.7, 3: 43.7, 4: 43.7, 5: 43.7, 6: 43.7}
2024-10-29 16:18:30,898 INFO: New gait 2 is now active.
2024-10-29 16:18:33,568 INFO: Profile velocities set for group Wheg_Group: {1: 8.74, 2: 69.92, 3: 8.74, 4: 69.92, 5: 8.74, 6: 69.92}
2024-10-29 16:18:33,568 INFO: Incrementing motor positions by {1: 40, 2: 320, 3: 40, 4: 320, 5: 40, 6: 320} degrees for group 'Wheg_Group'
2024-10-29 16:18:33,579 INFO: Gait 2 step executed at 2.00RPM, wait for 3.36 seconds
2024-10-29 16:18:36,982 INFO: Profile velocities set for group Wheg_Group: {1: 104.88, 2: 13.11, 3: 104.88, 4: 13.11, 5: 104.88, 6: 13.11}
2024-10-29 16:18:36,982 INFO: Incrementing motor positions by {1: 320, 2: 40, 3: 320, 4: 40, 5: 320, 6: 40} degrees for group 'Wheg_Group'
2024-10-29 16:18:36,993 INFO: Gait 2 step executed at 3.00RPM, wait for 2.25 seconds
2024-10-29 16:18:39,272 INFO: Profile velocities set for group Wheg_Group: {1: 17.479866638183594, 2: 139.83893310546875, 3: 17.479866638183594, 4: 139.83893310546875, 5: 17.479866638183594, 6: 139.83893310546875}
2024-10-29 16:18:39,273 INFO: Incrementing motor positions by {1: 40, 2: 320, 3: 40, 4: 320, 5: 40, 6: 320} degrees for group 'Wheg_Group'
2024-10-29 16:18:39,284 INFO: Gait 2 step executed at 4.00RPM, wait for 1.69 seconds
2024-10-29 16:18:41,128 INFO: Triangle pressed. Preparing to change to next gait: 3
2024-10-29 16:18:41,138 INFO: Initialsing Gait 3
2024-10-29 16:18:41,139 INFO: Running set_position_group for group 'Wheg_Group' with positions: {1: 200, 2: 160, 3: 160, 4: 200, 5: 160, 6: 160}
2024-10-29 16:18:41,145 WARNING: Motor 1 is not in Position Control Mode. Setting mode now.
2024-10-29 16:18:41,147 INFO: Setting operating mode 'position' for group 'Wheg_Group'
2024-10-29 16:18:41,148 INFO: Disabling torque for group Wheg_Group
2024-10-29 16:18:41,149 INFO: Enabling torque for group Wheg_Group
2024-10-29 16:18:41,149 INFO: Setting the profile velocity for group Wheg_Group from config.yaml: 10
2024-10-29 16:18:41,150 INFO: Profile velocities set for group Wheg_Group: {1: 43.7, 2: 43.7, 3: 43.7, 4: 43.7, 5: 43.7, 6: 43.7}
2024-10-29 16:18:41,150 INFO: Setting the profile velocity for group Wheg_Group from config.yaml: 10
2024-10-29 16:18:41,152 INFO: Profile velocities set for group Wheg_Group: {1: 43.7, 2: 43.7, 3: 43.7, 4: 43.7, 5: 43.7, 6: 43.7}
2024-10-29 16:18:41,152 INFO: Running set_position_group for group 'Pivot_Group' with positions: 180
2024-10-29 16:18:41,156 INFO: Initialised Gait 3, waiting for 3 seconds
2024-10-29 16:18:42,324 INFO: Triangle pressed. Preparing to change to next gait: 3
2024-10-29 16:18:44,158 INFO: Setting operating mode 'multi_turn' for group 'Wheg_Group'
2024-10-29 16:18:44,159 INFO: Disabling torque for group Wheg_Group
2024-10-29 16:18:44,160 INFO: Enabling torque for group Wheg_Group
2024-10-29 16:18:44,160 INFO: Setting the profile velocity for group Wheg_Group from config.yaml: 10
2024-10-29 16:18:44,161 INFO: Profile velocities set for group Wheg_Group: {1: 43.7, 2: 43.7, 3: 43.7, 4: 43.7, 5: 43.7, 6: 43.7}
2024-10-29 16:18:44,162 INFO: Setting the profile velocity for group Wheg_Group from config.yaml: 10
2024-10-29 16:18:44,162 INFO: Profile velocities set for group Wheg_Group: {1: 43.7, 2: 43.7, 3: 43.7, 4: 43.7, 5: 43.7, 6: 43.7}
2024-10-29 16:18:44,163 INFO: New gait 3 is now active.
2024-10-29 16:18:45,633 INFO: Triangle pressed. Preparing to change to next gait: 1
2024-10-29 16:18:45,643 INFO: Initialising Gait 1
2024-10-29 16:18:45,644 INFO: Running set_position_group for group 'Wheg_Group' with positions: 180
2024-10-29 16:18:45,649 WARNING: Motor 1 is not in Position Control Mode. Setting mode now.
2024-10-29 16:18:45,650 INFO: Setting operating mode 'position' for group 'Wheg_Group'
2024-10-29 16:18:45,650 INFO: Disabling torque for group Wheg_Group
2024-10-29 16:18:45,653 INFO: Enabling torque for group Wheg_Group
2024-10-29 16:18:45,654 INFO: Setting the profile velocity for group Wheg_Group from config.yaml: 10
2024-10-29 16:18:45,654 INFO: Profile velocities set for group Wheg_Group: {1: 43.7, 2: 43.7, 3: 43.7, 4: 43.7, 5: 43.7, 6: 43.7}
2024-10-29 16:18:45,655 INFO: Setting the profile velocity for group Wheg_Group from config.yaml: 10
2024-10-29 16:18:45,656 INFO: Profile velocities set for group Wheg_Group: {1: 43.7, 2: 43.7, 3: 43.7, 4: 43.7, 5: 43.7, 6: 43.7}
2024-10-29 16:18:45,657 INFO: Running set_position_group for group 'Pivot_Group' with positions: 180
2024-10-29 16:18:45,660 INFO: Initialised Gait 1, waiting for 3 seconds
2024-10-29 16:18:45,734 INFO: Triangle pressed. Preparing to change to next gait: 1
2024-10-29 16:18:48,661 INFO: Setting operating mode 'multi_turn' for group 'Wheg_Group'
2024-10-29 16:18:48,662 INFO: Disabling torque for group Wheg_Group
2024-10-29 16:18:48,665 INFO: Enabling torque for group Wheg_Group
2024-10-29 16:18:48,666 INFO: Setting the profile velocity for group Wheg_Group from config.yaml: 10
2024-10-29 16:18:48,667 INFO: Profile velocities set for group Wheg_Group: {1: 43.7, 2: 43.7, 3: 43.7, 4: 43.7, 5: 43.7, 6: 43.7}
2024-10-29 16:18:48,667 INFO: Setting the profile velocity for group Wheg_Group from config.yaml: 10
2024-10-29 16:18:48,668 INFO: Profile velocities set for group Wheg_Group: {1: 43.7, 2: 43.7, 3: 43.7, 4: 43.7, 5: 43.7, 6: 43.7}
2024-10-29 16:18:48,669 INFO: New gait 1 is now active.
2024-10-29 16:18:48,687 INFO: Profile velocities set for group Wheg_Group: {1: 43.7, 2: 43.7, 3: 43.7, 4: 43.7, 5: 43.7, 6: 43.7}
2024-10-29 16:18:48,687 INFO: Incrementing motor positions by 360 degrees for group 'Wheg_Group'
2024-10-29 16:18:48,698 INFO: Gait 1 step executed at 10.00RPM, wait for 6.00 seconds
2024-10-29 16:18:54,241 INFO: Running set_position_group for group 'Pivot_Group' with positions: {7: 175, 8: 180}
2024-10-29 16:18:54,246 INFO: Front pivot angle set to 175 degrees (ticks: 175)
2024-10-29 16:18:54,247 INFO: Rear pivot angle set to 180 degrees (ticks: 180)
2024-10-29 16:18:54,545 INFO: Running set_position_group for group 'Pivot_Group' with positions: {7: 170, 8: 180}
2024-10-29 16:18:54,549 INFO: Front pivot angle set to 170 degrees (ticks: 170)
2024-10-29 16:18:54,550 INFO: Rear pivot angle set to 180 degrees (ticks: 180)
2024-10-29 16:18:54,764 INFO: Profile velocities set for group Wheg_Group: {1: 61.18, 2: 61.18, 3: 61.18, 4: 61.18, 5: 61.18, 6: 61.18}
2024-10-29 16:18:54,765 INFO: Incrementing motor positions by 360 degrees for group 'Wheg_Group'
2024-10-29 16:18:54,776 INFO: Gait 1 step executed at 14.00RPM, wait for 4.29 seconds
2024-10-29 16:18:55,099 INFO: Running set_position_group for group 'Pivot_Group' with positions: {7: 165, 8: 180}
2024-10-29 16:18:55,102 INFO: Front pivot angle set to 165 degrees (ticks: 165)
2024-10-29 16:18:55,103 INFO: Rear pivot angle set to 180 degrees (ticks: 180)
2024-10-29 16:18:55,357 INFO: Running set_position_group for group 'Pivot_Group' with positions: {7: 160, 8: 180}
2024-10-29 16:18:55,362 INFO: Front pivot angle set to 160 degrees (ticks: 160)
2024-10-29 16:18:55,363 INFO: Rear pivot angle set to 180 degrees (ticks: 180)
2024-10-29 16:18:56,162 INFO: Running set_position_group for group 'Pivot_Group' with positions: {7: 155, 8: 180}
2024-10-29 16:18:56,167 INFO: Front pivot angle set to 155 degrees (ticks: 155)
2024-10-29 16:18:56,167 INFO: Rear pivot angle set to 180 degrees (ticks: 180)
2024-10-29 16:18:56,973 INFO: Running set_position_group for group 'Pivot_Group' with positions: {7: 160, 8: 180}
2024-10-29 16:18:56,977 INFO: Front pivot angle set to 160 degrees (ticks: 160)
2024-10-29 16:18:56,978 INFO: Rear pivot angle set to 180 degrees (ticks: 180)
2024-10-29 16:18:57,276 INFO: Running set_position_group for group 'Pivot_Group' with positions: {7: 165, 8: 180}
2024-10-29 16:18:57,282 INFO: Front pivot angle set to 165 degrees (ticks: 165)
2024-10-29 16:18:57,282 INFO: Rear pivot angle set to 180 degrees (ticks: 180)
2024-10-29 16:18:57,581 INFO: Running set_position_group for group 'Pivot_Group' with positions: {7: 170, 8: 180}
2024-10-29 16:18:57,585 INFO: Front pivot angle set to 170 degrees (ticks: 170)
2024-10-29 16:18:57,586 INFO: Rear pivot angle set to 180 degrees (ticks: 180)
2024-10-29 16:18:58,388 INFO: Running set_position_group for group 'Pivot_Group' with positions: {7: 175, 8: 180}
2024-10-29 16:18:58,393 INFO: Front pivot angle set to 175 degrees (ticks: 175)
2024-10-29 16:18:58,394 INFO: Rear pivot angle set to 180 degrees (ticks: 180)
2024-10-29 16:18:59,135 INFO: Profile velocities set for group Wheg_Group: {1: 78.66, 2: 78.66, 3: 78.66, 4: 78.66, 5: 78.66, 6: 78.66}
2024-10-29 16:18:59,135 INFO: Incrementing motor positions by 360 degrees for group 'Wheg_Group'
2024-10-29 16:18:59,146 INFO: Gait 1 step executed at 18.00RPM, wait for 3.33 seconds
2024-10-29 16:19:00,223 INFO: Running set_position_group for group 'Pivot_Group' with positions: {7: 175, 8: 175}
2024-10-29 16:19:00,228 INFO: Front pivot angle set to 175 degrees (ticks: 175)
2024-10-29 16:19:00,229 INFO: Rear pivot angle set to 175 degrees (ticks: 175)
2024-10-29 16:19:00,528 INFO: Running set_position_group for group 'Pivot_Group' with positions: {7: 175, 8: 170}
2024-10-29 16:19:00,532 INFO: Front pivot angle set to 175 degrees (ticks: 175)
2024-10-29 16:19:00,534 INFO: Rear pivot angle set to 170 degrees (ticks: 170)
2024-10-29 16:19:01,333 INFO: Running set_position_group for group 'Pivot_Group' with positions: {7: 175, 8: 175}
2024-10-29 16:19:01,338 INFO: Front pivot angle set to 175 degrees (ticks: 175)
2024-10-29 16:19:01,339 INFO: Rear pivot angle set to 175 degrees (ticks: 175)
2024-10-29 16:19:01,636 INFO: Running set_position_group for group 'Pivot_Group' with positions: {7: 175, 8: 180}
2024-10-29 16:19:01,642 INFO: Front pivot angle set to 175 degrees (ticks: 175)
2024-10-29 16:19:01,643 INFO: Rear pivot angle set to 180 degrees (ticks: 180)
2024-10-29 16:19:02,498 INFO: Profile velocities set for group Wheg_Group: {1: 96.14, 2: 96.14, 3: 96.14, 4: 96.14, 5: 96.14, 6: 96.14}
2024-10-29 16:19:02,499 INFO: Incrementing motor positions by 360 degrees for group 'Wheg_Group'
2024-10-29 16:19:02,509 INFO: Gait 1 step executed at 22.00RPM, wait for 2.73 seconds
2024-10-29 16:19:03,981 INFO: Running set_position_group for group 'Pivot_Group' with positions: {7: 180, 8: 180}
2024-10-29 16:19:03,986 INFO: Front pivot angle set to 180 degrees (ticks: 180)
2024-10-29 16:19:03,987 INFO: Rear pivot angle set to 180 degrees (ticks: 180)
2024-10-29 16:19:04,292 INFO: Running set_position_group for group 'Pivot_Group' with positions: {7: 185, 8: 180}
2024-10-29 16:19:04,298 INFO: Front pivot angle set to 185 degrees (ticks: 185)
2024-10-29 16:19:04,299 INFO: Rear pivot angle set to 180 degrees (ticks: 180)
2024-10-29 16:19:05,255 INFO: Profile velocities set for group Wheg_Group: {1: 113.62, 2: 113.62, 3: 113.62, 4: 113.62, 5: 113.62, 6: 113.62}
2024-10-29 16:19:05,256 INFO: Incrementing motor positions by 360 degrees for group 'Wheg_Group'
2024-10-29 16:19:05,266 INFO: Gait 1 step executed at 26.00RPM, wait for 2.31 seconds
2024-10-29 16:19:13,033 INFO: Triangle pressed. Preparing to change to next gait: 2
2024-10-29 16:19:13,044 INFO: Initialising Gait 2
2024-10-29 16:19:13,045 INFO: Running set_position_group for group 'Wheg_Group' with positions: {1: 160, 2: 200, 3: 160, 4: 200, 5: 160, 6: 200}
2024-10-29 16:19:13,050 WARNING: Motor 1 is not in Position Control Mode. Setting mode now.
2024-10-29 16:19:13,050 INFO: Setting operating mode 'position' for group 'Wheg_Group'
2024-10-29 16:19:13,050 INFO: Disabling torque for group Wheg_Group
2024-10-29 16:19:13,052 INFO: Enabling torque for group Wheg_Group
2024-10-29 16:19:13,053 INFO: Setting the profile velocity for group Wheg_Group from config.yaml: 10
2024-10-29 16:19:13,054 INFO: Profile velocities set for group Wheg_Group: {1: 43.7, 2: 43.7, 3: 43.7, 4: 43.7, 5: 43.7, 6: 43.7}
2024-10-29 16:19:13,054 INFO: Setting the profile velocity for group Wheg_Group from config.yaml: 10
2024-10-29 16:19:13,055 INFO: Profile velocities set for group Wheg_Group: {1: 43.7, 2: 43.7, 3: 43.7, 4: 43.7, 5: 43.7, 6: 43.7}
2024-10-29 16:19:13,056 INFO: Running set_position_group for group 'Pivot_Group' with positions: 180
2024-10-29 16:19:13,060 INFO: Initialised Gait 2, waiting for 3 seconds
2024-10-29 16:19:16,076 INFO: Setting operating mode 'multi_turn' for group 'Wheg_Group'
2024-10-29 16:19:16,077 INFO: Disabling torque for group Wheg_Group
2024-10-29 16:19:16,079 INFO: Enabling torque for group Wheg_Group
2024-10-29 16:19:16,082 INFO: Setting the profile velocity for group Wheg_Group from config.yaml: 10
2024-10-29 16:19:16,083 INFO: Profile velocities set for group Wheg_Group: {1: 43.7, 2: 43.7, 3: 43.7, 4: 43.7, 5: 43.7, 6: 43.7}
2024-10-29 16:19:16,084 INFO: Setting the profile velocity for group Wheg_Group from config.yaml: 10
2024-10-29 16:19:16,085 INFO: Profile velocities set for group Wheg_Group: {1: 43.7, 2: 43.7, 3: 43.7, 4: 43.7, 5: 43.7, 6: 43.7}
2024-10-29 16:19:16,085 INFO: New gait 2 is now active.
2024-10-29 16:19:16,109 INFO: Profile velocities set for group Wheg_Group: {1: 8.74, 2: 69.92, 3: 8.74, 4: 69.92, 5: 8.74, 6: 69.92}
2024-10-29 16:19:16,109 INFO: Incrementing motor positions by {1: 40, 2: 320, 3: 40, 4: 320, 5: 40, 6: 320} degrees for group 'Wheg_Group'
2024-10-29 16:19:16,120 INFO: Gait 2 step executed at 2.00RPM, wait for 3.36 seconds
2024-10-29 16:19:19,502 INFO: Profile velocities set for group Wheg_Group: {1: 78.96833251953124, 2: 9.871041564941406, 3: 78.96833251953124, 4: 9.871041564941406, 5: 78.96833251953124, 6: 9.871041564941406}
2024-10-29 16:19:19,503 INFO: Incrementing motor positions by {1: 320, 2: 40, 3: 320, 4: 40, 5: 320, 6: 40} degrees for group 'Wheg_Group'
2024-10-29 16:19:19,513 INFO: Gait 2 step executed at 2.26RPM, wait for 2.98 seconds
2024-10-29 16:19:22,530 INFO: Profile velocities set for group Wheg_Group: {1: 10.213781433105469, 2: 81.71025146484375, 3: 10.213781433105469, 4: 81.71025146484375, 5: 10.213781433105469, 6: 81.71025146484375}
2024-10-29 16:19:22,530 INFO: Incrementing motor positions by {1: 40, 2: 320, 3: 40, 4: 320, 5: 40, 6: 320} degrees for group 'Wheg_Group'
2024-10-29 16:19:22,541 INFO: Gait 2 step executed at 2.34RPM, wait for 2.88 seconds
2024-10-29 16:19:25,442 INFO: Profile velocities set for group Wheg_Group: {1: 116.67025146484376, 2: 14.58378143310547, 3: 116.67025146484376, 4: 14.58378143310547, 5: 116.67025146484376, 6: 14.58378143310547}
2024-10-29 16:19:25,443 INFO: Incrementing motor positions by {1: 320, 2: 40, 3: 320, 4: 40, 5: 320, 6: 40} degrees for group 'Wheg_Group'
2024-10-29 16:19:25,453 INFO: Gait 2 step executed at 3.34RPM, wait for 2.02 seconds
2024-10-29 16:19:26,763 INFO: Triangle pressed. Preparing to change to next gait: 3
2024-10-29 16:19:26,868 INFO: Triangle pressed. Preparing to change to next gait: 3
2024-10-29 16:19:27,513 INFO: Initialsing Gait 3
2024-10-29 16:19:27,513 INFO: Running set_position_group for group 'Wheg_Group' with positions: {1: 200, 2: 160, 3: 160, 4: 200, 5: 160, 6: 160}
2024-10-29 16:19:27,519 WARNING: Motor 1 is not in Position Control Mode. Setting mode now.
2024-10-29 16:19:27,520 INFO: Setting operating mode 'position' for group 'Wheg_Group'
2024-10-29 16:19:27,520 INFO: Disabling torque for group Wheg_Group
2024-10-29 16:19:27,521 INFO: Enabling torque for group Wheg_Group
2024-10-29 16:19:27,522 INFO: Setting the profile velocity for group Wheg_Group from config.yaml: 10
2024-10-29 16:19:27,522 INFO: Profile velocities set for group Wheg_Group: {1: 43.7, 2: 43.7, 3: 43.7, 4: 43.7, 5: 43.7, 6: 43.7}
2024-10-29 16:19:27,523 INFO: Setting the profile velocity for group Wheg_Group from config.yaml: 10
2024-10-29 16:19:27,524 INFO: Profile velocities set for group Wheg_Group: {1: 43.7, 2: 43.7, 3: 43.7, 4: 43.7, 5: 43.7, 6: 43.7}
2024-10-29 16:19:27,525 INFO: Running set_position_group for group 'Pivot_Group' with positions: 180
2024-10-29 16:19:27,528 INFO: Initialised Gait 3, waiting for 3 seconds
2024-10-29 16:19:28,323 INFO: Triangle pressed. Preparing to change to next gait: 3
2024-10-29 16:19:28,429 INFO: Triangle pressed. Preparing to change to next gait: 3
2024-10-29 16:19:28,535 INFO: Triangle pressed. Preparing to change to next gait: 3
2024-10-29 16:19:30,530 INFO: Setting operating mode 'multi_turn' for group 'Wheg_Group'
2024-10-29 16:19:30,530 INFO: Disabling torque for group Wheg_Group
2024-10-29 16:19:30,531 INFO: Enabling torque for group Wheg_Group
2024-10-29 16:19:30,531 INFO: Setting the profile velocity for group Wheg_Group from config.yaml: 10
2024-10-29 16:19:30,533 INFO: Profile velocities set for group Wheg_Group: {1: 43.7, 2: 43.7, 3: 43.7, 4: 43.7, 5: 43.7, 6: 43.7}
2024-10-29 16:19:30,534 INFO: Setting the profile velocity for group Wheg_Group from config.yaml: 10
2024-10-29 16:19:30,535 INFO: Profile velocities set for group Wheg_Group: {1: 43.7, 2: 43.7, 3: 43.7, 4: 43.7, 5: 43.7, 6: 43.7}
2024-10-29 16:19:30,536 INFO: New gait 3 is now active.
2024-10-29 16:19:31,454 INFO: Triangle pressed. Preparing to change to next gait: 1
2024-10-29 16:19:31,464 INFO: Initialising Gait 1
2024-10-29 16:19:31,465 INFO: Running set_position_group for group 'Wheg_Group' with positions: 180
2024-10-29 16:19:31,470 WARNING: Motor 1 is not in Position Control Mode. Setting mode now.
2024-10-29 16:19:31,470 INFO: Setting operating mode 'position' for group 'Wheg_Group'
2024-10-29 16:19:31,471 INFO: Disabling torque for group Wheg_Group
2024-10-29 16:19:31,473 INFO: Enabling torque for group Wheg_Group
2024-10-29 16:19:31,474 INFO: Setting the profile velocity for group Wheg_Group from config.yaml: 10
2024-10-29 16:19:31,474 INFO: Profile velocities set for group Wheg_Group: {1: 43.7, 2: 43.7, 3: 43.7, 4: 43.7, 5: 43.7, 6: 43.7}
2024-10-29 16:19:31,475 INFO: Setting the profile velocity for group Wheg_Group from config.yaml: 10
2024-10-29 16:19:31,476 INFO: Profile velocities set for group Wheg_Group: {1: 43.7, 2: 43.7, 3: 43.7, 4: 43.7, 5: 43.7, 6: 43.7}
2024-10-29 16:19:31,477 INFO: Running set_position_group for group 'Pivot_Group' with positions: 180
2024-10-29 16:19:31,480 INFO: Initialised Gait 1, waiting for 3 seconds
2024-10-29 16:19:33,573 INFO: Running set_position_group for group 'Pivot_Group' with positions: {7: 185, 8: 175}
2024-10-29 16:19:33,577 INFO: Front pivot angle set to 185 degrees (ticks: 185)
2024-10-29 16:19:33,577 INFO: Rear pivot angle set to 175 degrees (ticks: 175)
2024-10-29 16:19:33,839 INFO: Running set_position_group for group 'Pivot_Group' with positions: {7: 185, 8: 170}
2024-10-29 16:19:33,844 INFO: Front pivot angle set to 185 degrees (ticks: 185)
2024-10-29 16:19:33,845 INFO: Rear pivot angle set to 170 degrees (ticks: 170)
2024-10-29 16:19:34,400 INFO: Running set_position_group for group 'Pivot_Group' with positions: {7: 185, 8: 175}
2024-10-29 16:19:34,404 INFO: Front pivot angle set to 185 degrees (ticks: 185)
2024-10-29 16:19:34,405 INFO: Rear pivot angle set to 175 degrees (ticks: 175)
2024-10-29 16:19:34,481 INFO: Setting operating mode 'multi_turn' for group 'Wheg_Group'
2024-10-29 16:19:34,481 INFO: Disabling torque for group Wheg_Group
2024-10-29 16:19:34,482 INFO: Enabling torque for group Wheg_Group
2024-10-29 16:19:34,483 INFO: Setting the profile velocity for group Wheg_Group from config.yaml: 10
2024-10-29 16:19:34,484 INFO: Profile velocities set for group Wheg_Group: {1: 43.7, 2: 43.7, 3: 43.7, 4: 43.7, 5: 43.7, 6: 43.7}
2024-10-29 16:19:34,484 INFO: Setting the profile velocity for group Wheg_Group from config.yaml: 10
2024-10-29 16:19:34,485 INFO: Profile velocities set for group Wheg_Group: {1: 43.7, 2: 43.7, 3: 43.7, 4: 43.7, 5: 43.7, 6: 43.7}
2024-10-29 16:19:34,486 INFO: New gait 1 is now active.
2024-10-29 16:19:34,676 INFO: Running set_position_group for group 'Pivot_Group' with positions: {7: 185, 8: 180}
2024-10-29 16:19:34,680 INFO: Front pivot angle set to 185 degrees (ticks: 185)
2024-10-29 16:19:34,680 INFO: Rear pivot angle set to 180 degrees (ticks: 180)
2024-10-29 16:19:34,982 INFO: Running set_position_group for group 'Pivot_Group' with positions: {7: 185, 8: 185}
2024-10-29 16:19:34,987 INFO: Front pivot angle set to 185 degrees (ticks: 185)
2024-10-29 16:19:34,989 INFO: Rear pivot angle set to 185 degrees (ticks: 185)
2024-10-29 16:19:35,241 INFO: Running set_position_group for group 'Pivot_Group' with positions: {7: 185, 8: 190}
2024-10-29 16:19:35,244 INFO: Front pivot angle set to 185 degrees (ticks: 185)
2024-10-29 16:19:35,245 INFO: Rear pivot angle set to 190 degrees (ticks: 190)
2024-10-29 16:19:35,512 INFO: Running set_position_group for group 'Pivot_Group' with positions: {7: 185, 8: 195}
2024-10-29 16:19:35,516 INFO: Front pivot angle set to 185 degrees (ticks: 185)
2024-10-29 16:19:35,517 INFO: Rear pivot angle set to 195 degrees (ticks: 195)
2024-10-29 16:19:35,825 INFO: Running set_position_group for group 'Pivot_Group' with positions: {7: 185, 8: 200}
2024-10-29 16:19:35,828 INFO: Front pivot angle set to 185 degrees (ticks: 185)
2024-10-29 16:19:35,829 INFO: Rear pivot angle set to 200 degrees (ticks: 200)
2024-10-29 16:19:38,723 INFO: Share pressed. Reversing the direction of the whegs
2024-10-29 16:19:38,740 INFO: Disabling torque for group Wheg_Group
2024-10-29 16:19:38,742 INFO: Drive mode set for group Wheg_Group with reverse_direction={1: 1, 2: 1, 3: 1, 4: 0, 5: 0, 6: 0}
2024-10-29 16:19:38,742 INFO: Enabling torque for group Wheg_Group
2024-10-29 16:19:38,743 INFO: Setting the profile velocity for group Wheg_Group from config.yaml: 10
2024-10-29 16:19:38,744 INFO: Profile velocities set for group Wheg_Group: {1: 43.7, 2: 43.7, 3: 43.7, 4: 43.7, 5: 43.7, 6: 43.7}
2024-10-29 16:19:38,744 INFO: Reversed the direction of all whegs, waiting for 3 seconds
2024-10-29 16:19:41,745 INFO: Direction of whegs reversed.
2024-10-29 16:19:41,807 INFO: Initialising Gait 1
2024-10-29 16:19:41,808 INFO: Running set_position_group for group 'Wheg_Group' with positions: 180
2024-10-29 16:19:41,815 WARNING: Motor 1 is not in Position Control Mode. Setting mode now.
2024-10-29 16:19:41,815 INFO: Setting operating mode 'position' for group 'Wheg_Group'
2024-10-29 16:19:41,816 INFO: Disabling torque for group Wheg_Group
2024-10-29 16:19:41,817 INFO: Enabling torque for group Wheg_Group
2024-10-29 16:19:41,818 INFO: Setting the profile velocity for group Wheg_Group from config.yaml: 10
2024-10-29 16:19:41,818 INFO: Profile velocities set for group Wheg_Group: {1: 43.7, 2: 43.7, 3: 43.7, 4: 43.7, 5: 43.7, 6: 43.7}
2024-10-29 16:19:41,819 INFO: Setting the profile velocity for group Wheg_Group from config.yaml: 10
2024-10-29 16:19:41,820 INFO: Profile velocities set for group Wheg_Group: {1: 43.7, 2: 43.7, 3: 43.7, 4: 43.7, 5: 43.7, 6: 43.7}
2024-10-29 16:19:41,820 INFO: Running set_position_group for group 'Pivot_Group' with positions: 180
2024-10-29 16:19:41,824 INFO: Initialised Gait 1, waiting for 3 seconds
2024-10-29 16:19:44,837 INFO: Setting operating mode 'multi_turn' for group 'Wheg_Group'
2024-10-29 16:19:44,838 INFO: Disabling torque for group Wheg_Group
2024-10-29 16:19:44,841 INFO: Enabling torque for group Wheg_Group
2024-10-29 16:19:44,842 INFO: Setting the profile velocity for group Wheg_Group from config.yaml: 10
2024-10-29 16:19:44,843 INFO: Profile velocities set for group Wheg_Group: {1: 43.7, 2: 43.7, 3: 43.7, 4: 43.7, 5: 43.7, 6: 43.7}
2024-10-29 16:19:44,844 INFO: Setting the profile velocity for group Wheg_Group from config.yaml: 10
2024-10-29 16:19:44,845 INFO: Profile velocities set for group Wheg_Group: {1: 43.7, 2: 43.7, 3: 43.7, 4: 43.7, 5: 43.7, 6: 43.7}
2024-10-29 16:19:44,845 INFO: New gait 1 is now active.
2024-10-29 16:19:44,864 INFO: Profile velocities set for group Wheg_Group: {1: 43.7, 2: 43.7, 3: 43.7, 4: 43.7, 5: 43.7, 6: 43.7}
2024-10-29 16:19:44,865 INFO: Incrementing motor positions by 360 degrees for group 'Wheg_Group'
2024-10-29 16:19:44,876 INFO: Gait 1 step executed at 10.00RPM, wait for 6.00 seconds
2024-10-29 16:19:50,895 INFO: Profile velocities set for group Wheg_Group: {1: 61.18, 2: 61.18, 3: 61.18, 4: 61.18, 5: 61.18, 6: 61.18}
2024-10-29 16:19:50,895 INFO: Incrementing motor positions by 360 degrees for group 'Wheg_Group'
2024-10-29 16:19:50,906 INFO: Gait 1 step executed at 14.00RPM, wait for 4.29 seconds
2024-10-29 16:19:55,228 INFO: Profile velocities set for group Wheg_Group: {1: 78.66, 2: 78.66, 3: 78.66, 4: 78.66, 5: 78.66, 6: 78.66}
2024-10-29 16:19:55,229 INFO: Incrementing motor positions by 360 degrees for group 'Wheg_Group'
2024-10-29 16:19:55,239 INFO: Gait 1 step executed at 18.00RPM, wait for 3.33 seconds
2024-10-29 16:19:58,643 INFO: Profile velocities set for group Wheg_Group: {1: 96.14, 2: 96.14, 3: 96.14, 4: 96.14, 5: 96.14, 6: 96.14}
2024-10-29 16:19:58,644 INFO: Incrementing motor positions by 360 degrees for group 'Wheg_Group'
2024-10-29 16:19:58,654 INFO: Gait 1 step executed at 22.00RPM, wait for 2.73 seconds
2024-10-29 16:20:01,447 INFO: Profile velocities set for group Wheg_Group: {1: 113.62, 2: 113.62, 3: 113.62, 4: 113.62, 5: 113.62, 6: 113.62}
2024-10-29 16:20:01,447 INFO: Incrementing motor positions by 360 degrees for group 'Wheg_Group'
2024-10-29 16:20:01,457 INFO: Gait 1 step executed at 26.00RPM, wait for 2.31 seconds
2024-10-29 16:20:03,487 WARNING: Emergency stop activated! Stopping all motors asynchronously.
2024-10-29 16:20:03,488 INFO: Setting operating mode 'velocity' for group 'All_Motors'
2024-10-29 16:20:03,489 INFO: Disabling torque for group All_Motors
2024-10-29 16:20:03,492 INFO: Enabling torque for group All_Motors
2024-10-29 16:20:03,493 INFO: Setting the profile velocity for group All_Motors from config.yaml: 8
2024-10-29 16:20:03,494 INFO: Profile velocities set for group All_Motors: {1: 34.96, 2: 34.96, 3: 34.96, 4: 34.96, 5: 34.96, 6: 34.96, 7: 34.96, 8: 34.96}
2024-10-29 16:20:03,495 WARNING: Velocity limit 200 exceeds hard limit 100. Limiting to 100.
2024-10-29 16:20:03,495 INFO: Velocity limit set to 100 for group All_Motors
2024-10-29 16:20:03,496 INFO: Enabling torque for group All_Motors
2024-10-29 16:20:03,497 INFO: Setting the profile velocity for group All_Motors from config.yaml: 8
2024-10-29 16:20:03,497 INFO: Profile velocities set for group All_Motors: {1: 34.96, 2: 34.96, 3: 34.96, 4: 34.96, 5: 34.96, 6: 34.96, 7: 34.96, 8: 34.96}
2024-10-29 16:20:03,498 INFO: Target velocities set for group All_Motors: {1: 0, 2: 0, 3: 0, 4: 0, 5: 0, 6: 0, 7: 0, 8: 0}
2024-10-29 16:20:05,355 INFO: Initiating safe shutdown...
2024-10-29 16:20:05,356 INFO: Setting operating mode 'velocity' for group 'All_Motors'
2024-10-29 16:20:05,356 INFO: Disabling torque for group All_Motors
2024-10-29 16:20:05,357 INFO: Enabling torque for group All_Motors
2024-10-29 16:20:05,358 INFO: Setting the profile velocity for group All_Motors from config.yaml: 8
2024-10-29 16:20:05,359 INFO: Profile velocities set for group All_Motors: {1: 34.96, 2: 34.96, 3: 34.96, 4: 34.96, 5: 34.96, 6: 34.96, 7: 34.96, 8: 34.96}
2024-10-29 16:20:05,359 WARNING: Velocity limit 200 exceeds hard limit 100. Limiting to 100.
2024-10-29 16:20:05,360 INFO: Velocity limit set to 100 for group All_Motors
2024-10-29 16:20:05,360 INFO: Enabling torque for group All_Motors
2024-10-29 16:20:05,361 INFO: Setting the profile velocity for group All_Motors from config.yaml: 8
2024-10-29 16:20:05,362 INFO: Profile velocities set for group All_Motors: {1: 34.96, 2: 34.96, 3: 34.96, 4: 34.96, 5: 34.96, 6: 34.96, 7: 34.96, 8: 34.96}
2024-10-29 16:20:05,362 INFO: Target velocities set for group All_Motors: {1: 0, 2: 0, 3: 0, 4: 0, 5: 0, 6: 0, 7: 0, 8: 0}
2024-10-29 16:20:05,363 INFO: Running set_position_group for group 'All_Motors' with positions: 180
2024-10-29 16:20:05,371 WARNING: Motor 1 is not in Position Control Mode. Setting mode now.
2024-10-29 16:20:05,371 INFO: Setting operating mode 'position' for group 'All_Motors'
2024-10-29 16:20:05,371 INFO: Disabling torque for group All_Motors
2024-10-29 16:20:05,372 INFO: Enabling torque for group All_Motors
2024-10-29 16:20:05,373 INFO: Setting the profile velocity for group All_Motors from config.yaml: 8
2024-10-29 16:20:05,374 INFO: Profile velocities set for group All_Motors: {1: 34.96, 2: 34.96, 3: 34.96, 4: 34.96, 5: 34.96, 6: 34.96, 7: 34.96, 8: 34.96}
2024-10-29 16:20:05,374 INFO: Setting the profile velocity for group All_Motors from config.yaml: 8
2024-10-29 16:20:05,375 INFO: Profile velocities set for group All_Motors: {1: 34.96, 2: 34.96, 3: 34.96, 4: 34.96, 5: 34.96, 6: 34.96, 7: 34.96, 8: 34.96}
2024-10-29 16:20:05,376 INFO: Closing PS4Controller and quitting pygame
2024-10-29 16:20:05,470 INFO: Port closed successfully.
2024-10-29 16:20:05,471 INFO: Shutdown complete.
