2024-10-29 11:25:47,488 INFO: Initializing PS4Controller
2024-10-29 11:25:47,759 INFO: Configuration loaded successfully
2024-10-29 11:25:47,764 INFO: Port /dev/ttyACM0 opened successfully
2024-10-29 11:25:47,774 INFO: Baudrate set to 1000000
2024-10-29 11:25:47,774 INFO: Control table loaded successfully.
2024-10-29 11:25:47,775 INFO: Motor group 'Pivot_Group' created with motors: [7, 8]
2024-10-29 11:25:47,775 INFO: Motor group 'Wheg_Group' created with motors: [1, 2, 3, 4, 5, 6]
2024-10-29 11:25:47,776 INFO: Motor group 'All_Motors' created with motors: [1, 2, 3, 4, 5, 6, 7, 8]
2024-10-29 11:25:47,776 INFO: Motor group 'Left_Whegs' created with motors: [1, 2, 3]
2024-10-29 11:25:47,777 INFO: Motor group 'Right_Whegs' created with motors: [4, 5, 6]
2024-10-29 11:25:47,778 INFO: Motor group 'Front_Whegs' created with motors: [3, 6]
2024-10-29 11:25:47,778 INFO: Motor group 'Rear_Whegs' created with motors: [1, 4]
2024-10-29 11:25:47,778 INFO: Motor group 'Middle_Whegs' created with motors: [2, 5]
2024-10-29 11:25:47,779 INFO: Motor group 'Two_Right_One_Left' created with motors: [2, 4, 6]
2024-10-29 11:25:47,779 INFO: Motor group 'Two_Left_One_Right' created with motors: [5, 1, 3]
2024-10-29 11:25:47,779 INFO: Initialised PS4 controller, Dynamixel, and Robot State
2024-10-29 11:25:47,941 INFO: Disabling torque for group Right_Whegs
2024-10-29 11:25:47,944 INFO: Drive mode set for group Right_Whegs with reverse_direction=True
2024-10-29 11:25:47,945 INFO: Enabling torque for group Right_Whegs
2024-10-29 11:25:47,950 INFO: Setting the profile velocity for group Right_Whegs from config.yaml: None
2024-10-29 11:25:47,950 ERROR: Profile velocity for group Right_Whegs not found in config.yaml and no value was provided.
2024-10-29 11:25:47,952 INFO: Profile velocities set for group Right_Whegs: {4: 21.85, 5: 21.85, 6: 21.85}
2024-10-29 11:25:47,955 INFO: Motor 4 drive mode correctly set to reverse
2024-10-29 11:25:47,955 INFO: Motor 5 drive mode correctly set to reverse
2024-10-29 11:25:47,956 INFO: Motor 6 drive mode correctly set to reverse
2024-10-29 11:25:47,956 INFO: Disabling torque for group Left_Whegs
2024-10-29 11:25:47,957 INFO: Drive mode set for group Left_Whegs with reverse_direction=False
2024-10-29 11:25:47,958 INFO: Enabling torque for group Left_Whegs
2024-10-29 11:25:47,959 INFO: Setting the profile velocity for group Left_Whegs from config.yaml: None
2024-10-29 11:25:47,959 ERROR: Profile velocity for group Left_Whegs not found in config.yaml and no value was provided.
2024-10-29 11:25:47,961 INFO: Profile velocities set for group Left_Whegs: {1: 21.85, 2: 21.85, 3: 21.85}
2024-10-29 11:25:47,964 INFO: Motor 1 drive mode correctly set to normal
2024-10-29 11:25:47,964 INFO: Motor 2 drive mode correctly set to normal
2024-10-29 11:25:47,965 INFO: Motor 3 drive mode correctly set to normal
2024-10-29 11:25:47,965 INFO: Set the right side whegs to reverse direction
2024-10-29 11:25:47,966 INFO: Disabling torque for group Pivot_Group
2024-10-29 11:25:47,966 INFO: Drive mode set for group Pivot_Group with reverse_direction=False
2024-10-29 11:25:47,967 INFO: Enabling torque for group Pivot_Group
2024-10-29 11:25:47,968 INFO: Setting the profile velocity for group Pivot_Group from config.yaml: 4
2024-10-29 11:25:47,969 INFO: Profile velocities set for group Pivot_Group: {7: 17.48, 8: 17.48}
2024-10-29 11:25:47,972 INFO: Motor 7 drive mode correctly set to normal
2024-10-29 11:25:47,972 INFO: Motor 8 drive mode correctly set to normal
2024-10-29 11:25:47,974 INFO: Position limits set for group Pivot_Group: min=45° (ticks=511), max=315° (ticks=3583)
2024-10-29 11:25:47,974 INFO: Set position limits for the pivot motors
2024-10-29 11:25:47,982 INFO: Initialising Gait 1
2024-10-29 11:25:47,983 INFO: Running set_position_group for group 'Wheg_Group' with positions: 180
2024-10-29 11:25:47,989 INFO: Running set_position_group for group 'Pivot_Group' with positions: 180
2024-10-29 11:25:47,992 INFO: Initialised Gait 1, waiting for 3 seconds
2024-10-29 11:25:47,993 ERROR: Error controlling pivots: 'dpad_down'
2024-10-29 11:25:50,358 INFO: R3 pressed. Turning mode requested
2024-10-29 11:25:50,994 INFO: Setting operating mode 'multi_turn' for group 'Wheg_Group'
2024-10-29 11:25:50,994 INFO: Disabling torque for group Wheg_Group
2024-10-29 11:25:50,995 INFO: Enabling torque for group Wheg_Group
2024-10-29 11:25:50,996 INFO: Setting the profile velocity for group Wheg_Group from config.yaml: 10
2024-10-29 11:25:50,997 INFO: Profile velocities set for group Wheg_Group: {1: 43.7, 2: 43.7, 3: 43.7, 4: 43.7, 5: 43.7, 6: 43.7}
2024-10-29 11:25:50,997 INFO: Setting the profile velocity for group Wheg_Group from config.yaml: 10
2024-10-29 11:25:50,998 INFO: Profile velocities set for group Wheg_Group: {1: 43.7, 2: 43.7, 3: 43.7, 4: 43.7, 5: 43.7, 6: 43.7}
2024-10-29 11:25:50,999 INFO: New gait 1 is now active.
2024-10-29 11:25:51,004 INFO: Turn mode activated.
2024-10-29 11:25:51,022 INFO: Turn mode activated.
2024-10-29 11:25:51,040 INFO: Turn mode activated.
2024-10-29 11:25:51,089 INFO: Turn mode activated.
2024-10-29 11:25:51,108 INFO: Turn mode activated.
2024-10-29 11:25:51,126 INFO: Turn mode activated.
2024-10-29 11:25:51,180 INFO: Turn mode activated.
2024-10-29 11:25:51,198 INFO: Turn mode activated.
2024-10-29 11:25:51,215 INFO: Turn mode activated.
2024-10-29 11:25:51,269 INFO: Turn mode activated.
2024-10-29 11:25:51,287 INFO: Turn mode activated.
2024-10-29 11:25:51,305 INFO: Turn mode activated.
2024-10-29 11:25:51,357 INFO: Turn mode activated.
2024-10-29 11:25:51,375 INFO: Turn mode activated.
2024-10-29 11:25:51,393 INFO: Turn mode activated.
2024-10-29 11:25:51,448 INFO: Turn mode activated.
2024-10-29 11:25:51,466 INFO: Turn mode activated.
2024-10-29 11:25:51,484 INFO: Turn mode activated.
2024-10-29 11:25:51,538 INFO: Turn mode activated.
2024-10-29 11:25:51,556 INFO: Turn mode activated.
2024-10-29 11:25:51,573 INFO: Turn mode activated.
2024-10-29 11:25:51,627 INFO: Turn mode activated.
2024-10-29 11:25:51,645 INFO: Turn mode activated.
2024-10-29 11:25:51,663 INFO: Turn mode activated.
2024-10-29 11:25:51,718 INFO: Turn mode activated.
2024-10-29 11:25:51,736 INFO: Turn mode activated.
2024-10-29 11:25:51,754 INFO: Turn mode activated.
2024-10-29 11:25:51,807 INFO: Turn mode activated.
2024-10-29 11:25:51,825 INFO: Turn mode activated.
2024-10-29 11:25:51,843 INFO: Turn mode activated.
2024-10-29 11:25:51,895 INFO: Turn mode activated.
2024-10-29 11:25:51,913 INFO: Turn mode activated.
2024-10-29 11:25:51,931 INFO: Turn mode activated.
2024-10-29 11:25:51,986 INFO: Turn mode activated.
2024-10-29 11:25:52,004 INFO: Turn mode activated.
2024-10-29 11:25:52,022 INFO: Turn mode activated.
2024-10-29 11:25:52,077 INFO: Turn mode activated.
2024-10-29 11:25:52,095 INFO: Turn mode activated.
2024-10-29 11:25:52,113 INFO: Turn mode activated.
2024-10-29 11:25:52,167 INFO: Turn mode activated.
2024-10-29 11:25:52,185 INFO: Turn mode activated.
2024-10-29 11:25:52,203 INFO: Turn mode activated.
2024-10-29 11:25:52,257 INFO: Turn mode activated.
2024-10-29 11:25:52,275 INFO: Turn mode activated.
2024-10-29 11:25:52,293 INFO: Turn mode activated.
2024-10-29 11:25:52,347 INFO: Turn mode activated.
2024-10-29 11:25:52,365 INFO: Turn mode activated.
2024-10-29 11:25:52,383 INFO: Turn mode activated.
2024-10-29 11:25:52,436 INFO: Turn mode activated.
2024-10-29 11:25:52,454 INFO: Turn mode activated.
2024-10-29 11:25:52,472 INFO: Turn mode activated.
2024-10-29 11:25:52,525 INFO: Turn mode activated.
2024-10-29 11:25:52,543 INFO: Turn mode activated.
2024-10-29 11:25:52,561 INFO: Turn mode activated.
2024-10-29 11:25:52,613 INFO: Turn mode activated.
2024-10-29 11:25:52,631 INFO: Turn mode activated.
2024-10-29 11:25:52,650 INFO: Turn mode activated.
2024-10-29 11:25:52,703 INFO: Turn mode activated.
2024-10-29 11:25:52,721 INFO: Turn mode activated.
2024-10-29 11:25:52,739 INFO: Turn mode activated.
2024-10-29 11:25:52,792 INFO: Turn mode activated.
2024-10-29 11:25:52,810 INFO: Turn mode activated.
2024-10-29 11:25:52,828 INFO: Turn mode activated.
2024-10-29 11:25:52,881 INFO: Turn mode activated.
2024-10-29 11:25:52,899 INFO: Turn mode activated.
2024-10-29 11:25:52,917 INFO: Turn mode activated.
2024-10-29 11:25:52,971 INFO: Turn mode activated.
2024-10-29 11:25:52,989 INFO: Turn mode activated.
2024-10-29 11:25:53,007 INFO: Turn mode activated.
2024-10-29 11:25:53,058 INFO: Turn mode activated.
2024-10-29 11:25:53,076 INFO: Turn mode activated.
2024-10-29 11:25:53,094 INFO: Turn mode activated.
2024-10-29 11:25:53,147 INFO: Turn mode activated.
2024-10-29 11:25:53,165 INFO: Turn mode activated.
2024-10-29 11:25:53,183 INFO: Turn mode activated.
2024-10-29 11:25:53,238 INFO: Turn mode activated.
2024-10-29 11:25:53,256 INFO: Turn mode activated.
2024-10-29 11:25:53,274 INFO: Turn mode activated.
2024-10-29 11:25:53,326 INFO: Turn mode activated.
2024-10-29 11:25:53,344 INFO: Turn mode activated.
2024-10-29 11:25:53,362 INFO: Turn mode activated.
2024-10-29 11:25:53,414 INFO: Turn mode activated.
2024-10-29 11:25:53,432 INFO: Turn mode activated.
2024-10-29 11:25:53,450 INFO: Turn mode activated.
2024-10-29 11:25:53,505 INFO: Turn mode activated.
2024-10-29 11:25:53,523 INFO: Turn mode activated.
2024-10-29 11:25:53,541 INFO: Turn mode activated.
2024-10-29 11:25:53,593 INFO: Turn mode activated.
2024-10-29 11:25:53,611 INFO: Turn mode activated.
2024-10-29 11:25:53,630 INFO: Turn mode activated.
2024-10-29 11:25:53,684 INFO: Turn mode activated.
2024-10-29 11:25:53,701 INFO: Turn mode activated.
2024-10-29 11:25:53,720 INFO: Turn mode activated.
2024-10-29 11:25:53,771 INFO: Turn mode activated.
2024-10-29 11:25:53,789 INFO: Turn mode activated.
2024-10-29 11:25:53,807 INFO: Turn mode activated.
2024-10-29 11:25:53,861 INFO: Turn mode activated.
2024-10-29 11:25:53,878 INFO: Turn mode activated.
2024-10-29 11:25:53,896 INFO: Turn mode activated.
2024-10-29 11:25:53,950 INFO: Turn mode activated.
2024-10-29 11:25:53,968 INFO: Turn mode activated.
2024-10-29 11:25:53,986 INFO: Turn mode activated.
2024-10-29 11:25:54,039 INFO: Turn mode activated.
2024-10-29 11:25:54,057 INFO: Turn mode activated.
2024-10-29 11:25:54,075 INFO: Turn mode activated.
2024-10-29 11:25:54,129 INFO: Turn mode activated.
2024-10-29 11:25:54,147 INFO: Turn mode activated.
2024-10-29 11:25:54,165 INFO: Turn mode activated.
2024-10-29 11:25:54,218 INFO: Turn mode activated.
2024-10-29 11:25:54,236 INFO: Turn mode activated.
2024-10-29 11:25:54,254 INFO: Turn mode activated.
2024-10-29 11:25:54,307 INFO: Turn mode activated.
2024-10-29 11:25:54,325 INFO: Turn mode activated.
2024-10-29 11:25:54,344 INFO: Turn mode activated.
2024-10-29 11:25:54,397 INFO: Turn mode activated.
2024-10-29 11:25:54,415 INFO: Turn mode activated.
2024-10-29 11:25:54,433 INFO: Turn mode activated.
2024-10-29 11:25:54,486 INFO: Turn mode activated.
2024-10-29 11:25:54,504 INFO: Turn mode activated.
2024-10-29 11:25:54,522 INFO: Turn mode activated.
2024-10-29 11:25:54,575 INFO: Turn mode activated.
2024-10-29 11:25:54,593 INFO: Turn mode activated.
2024-10-29 11:25:54,611 INFO: Turn mode activated.
2024-10-29 11:25:54,664 INFO: Turn mode activated.
2024-10-29 11:25:54,682 INFO: Turn mode activated.
2024-10-29 11:25:54,700 INFO: Turn mode activated.
2024-10-29 11:25:54,754 INFO: Turn mode activated.
2024-10-29 11:25:54,772 INFO: Turn mode activated.
2024-10-29 11:25:54,790 INFO: Turn mode activated.
2024-10-29 11:25:54,843 INFO: Turn mode activated.
2024-10-29 11:25:54,861 INFO: Turn mode activated.
2024-10-29 11:25:54,879 INFO: Turn mode activated.
2024-10-29 11:25:54,933 INFO: Turn mode activated.
2024-10-29 11:25:54,951 INFO: Turn mode activated.
2024-10-29 11:25:54,969 INFO: Turn mode activated.
2024-10-29 11:25:55,022 INFO: Turn mode activated.
2024-10-29 11:25:55,039 INFO: Turn mode activated.
2024-10-29 11:25:55,057 INFO: Turn mode activated.
2024-10-29 11:25:55,112 INFO: Turn mode activated.
2024-10-29 11:25:55,130 INFO: Turn mode activated.
2024-10-29 11:25:55,148 INFO: Turn mode activated.
2024-10-29 11:25:55,201 INFO: Turn mode activated.
2024-10-29 11:25:55,219 INFO: Turn mode activated.
2024-10-29 11:25:55,237 INFO: Turn mode activated.
2024-10-29 11:25:55,290 INFO: Turn mode activated.
2024-10-29 11:25:55,308 INFO: Turn mode activated.
2024-10-29 11:25:55,326 INFO: Turn mode activated.
2024-10-29 11:25:55,379 INFO: Turn mode activated.
2024-10-29 11:25:55,397 INFO: Turn mode activated.
2024-10-29 11:25:55,415 INFO: Turn mode activated.
2024-10-29 11:25:55,468 INFO: Turn mode activated.
2024-10-29 11:25:55,486 INFO: Turn mode activated.
2024-10-29 11:25:55,504 INFO: Turn mode activated.
2024-10-29 11:25:55,556 INFO: Turn mode activated.
2024-10-29 11:25:55,574 INFO: Turn mode activated.
2024-10-29 11:25:55,592 INFO: Turn mode activated.
2024-10-29 11:25:55,646 INFO: Turn mode activated.
2024-10-29 11:25:55,664 INFO: Turn mode activated.
2024-10-29 11:25:55,682 INFO: Turn mode activated.
2024-10-29 11:25:55,736 INFO: Turn mode activated.
2024-10-29 11:25:55,754 INFO: Turn mode activated.
2024-10-29 11:25:55,772 INFO: Turn mode activated.
2024-10-29 11:25:55,826 INFO: Turn mode activated.
2024-10-29 11:25:55,844 INFO: Turn mode activated.
2024-10-29 11:25:55,862 INFO: Turn mode activated.
2024-10-29 11:25:55,917 INFO: Turn mode activated.
2024-10-29 11:25:55,935 INFO: Turn mode activated.
2024-10-29 11:25:55,953 INFO: Turn mode activated.
2024-10-29 11:25:56,006 INFO: Turn mode activated.
2024-10-29 11:25:56,024 INFO: Turn mode activated.
2024-10-29 11:25:56,042 INFO: Turn mode activated.
2024-10-29 11:25:56,094 INFO: Turn mode activated.
2024-10-29 11:25:56,111 INFO: Turn mode activated.
2024-10-29 11:25:56,129 INFO: Turn mode activated.
2024-10-29 11:25:56,182 INFO: Turn mode activated.
2024-10-29 11:25:56,201 INFO: Turn mode activated.
2024-10-29 11:25:56,219 INFO: Turn mode activated.
2024-10-29 11:25:56,271 INFO: Turn mode activated.
2024-10-29 11:25:56,289 INFO: Turn mode activated.
2024-10-29 11:25:56,307 INFO: Turn mode activated.
2024-10-29 11:25:56,359 INFO: Turn mode activated.
2024-10-29 11:25:56,377 INFO: Turn mode activated.
2024-10-29 11:25:56,395 INFO: Turn mode activated.
2024-10-29 11:25:56,448 INFO: Turn mode activated.
2024-10-29 11:25:56,466 INFO: Turn mode activated.
2024-10-29 11:25:56,484 INFO: Turn mode activated.
2024-10-29 11:25:56,536 INFO: Turn mode activated.
2024-10-29 11:25:56,554 INFO: Turn mode activated.
2024-10-29 11:25:56,572 INFO: Turn mode activated.
2024-10-29 11:25:56,624 INFO: Turn mode activated.
2024-10-29 11:25:56,642 INFO: Turn mode activated.
2024-10-29 11:25:56,660 INFO: Turn mode activated.
2024-10-29 11:25:56,714 INFO: Turn mode activated.
2024-10-29 11:25:56,732 INFO: Turn mode activated.
2024-10-29 11:25:56,750 INFO: Turn mode activated.
2024-10-29 11:25:56,802 INFO: Turn mode activated.
2024-10-29 11:25:56,821 INFO: Turn mode activated.
2024-10-29 11:25:56,839 INFO: Turn mode activated.
2024-10-29 11:25:56,891 INFO: Turn mode activated.
2024-10-29 11:25:56,909 INFO: Turn mode activated.
2024-10-29 11:25:56,927 INFO: Turn mode activated.
2024-10-29 11:25:56,979 INFO: Turn mode activated.
2024-10-29 11:25:56,997 INFO: Turn mode activated.
2024-10-29 11:25:57,015 INFO: Turn mode activated.
2024-10-29 11:25:57,067 INFO: Profile velocities set for group Wheg_Group: {1: 21.85, 2: 21.85, 3: 21.85, 4: 21.85, 5: 21.85, 6: 21.85}
2024-10-29 11:25:57,068 INFO: Incrementing motor positions by 360 degrees for group 'Wheg_Group'
2024-10-29 11:25:57,078 INFO: Gait 1 step executed at 5.00RPM, wait for 12.00 seconds
2024-10-29 11:25:57,079 INFO: Turn mode activated.
2024-10-29 11:26:09,097 INFO: Turn mode activated.
2024-10-29 11:26:09,115 INFO: Turn mode activated.
2024-10-29 11:26:09,177 INFO: Turn mode activated.
2024-10-29 11:26:09,195 INFO: Turn mode activated.
2024-10-29 11:26:09,213 INFO: Turn mode activated.
2024-10-29 11:26:09,266 INFO: Turn mode activated.
2024-10-29 11:26:09,284 INFO: Turn mode activated.
2024-10-29 11:26:09,302 INFO: Turn mode activated.
2024-10-29 11:26:09,355 INFO: Turn mode activated.
2024-10-29 11:26:09,373 INFO: Turn mode activated.
2024-10-29 11:26:09,391 INFO: Turn mode activated.
2024-10-29 11:26:09,444 INFO: Turn mode activated.
2024-10-29 11:26:09,462 INFO: Turn mode activated.
2024-10-29 11:26:09,480 INFO: Turn mode activated.
2024-10-29 11:26:09,533 INFO: Turn mode activated.
2024-10-29 11:26:09,551 INFO: Turn mode activated.
2024-10-29 11:26:09,569 INFO: Turn mode activated.
2024-10-29 11:26:09,622 INFO: Turn mode activated.
2024-10-29 11:26:09,640 INFO: Turn mode activated.
2024-10-29 11:26:09,658 INFO: Turn mode activated.
2024-10-29 11:26:09,709 INFO: Turn mode activated.
2024-10-29 11:26:09,727 INFO: Turn mode activated.
2024-10-29 11:26:09,745 INFO: Turn mode activated.
2024-10-29 11:26:09,797 INFO: Turn mode activated.
2024-10-29 11:26:09,815 INFO: Turn mode activated.
2024-10-29 11:26:09,833 INFO: Turn mode activated.
2024-10-29 11:26:09,886 INFO: Turn mode activated.
2024-10-29 11:26:09,904 INFO: Turn mode activated.
2024-10-29 11:26:09,922 INFO: Turn mode activated.
2024-10-29 11:26:09,976 INFO: Turn mode activated.
2024-10-29 11:26:09,994 INFO: Turn mode activated.
2024-10-29 11:26:10,012 INFO: Turn mode activated.
2024-10-29 11:26:10,065 INFO: Turn mode activated.
2024-10-29 11:26:10,083 INFO: Turn mode activated.
2024-10-29 11:26:10,101 INFO: Turn mode activated.
2024-10-29 11:26:10,153 INFO: Turn mode activated.
2024-10-29 11:26:10,171 INFO: Turn mode activated.
2024-10-29 11:26:10,190 INFO: Turn mode activated.
2024-10-29 11:26:10,241 INFO: Turn mode activated.
2024-10-29 11:26:10,259 INFO: Turn mode activated.
2024-10-29 11:26:10,277 INFO: Turn mode activated.
2024-10-29 11:26:10,331 INFO: Turn mode activated.
2024-10-29 11:26:10,349 INFO: Turn mode activated.
2024-10-29 11:26:10,367 INFO: Turn mode activated.
2024-10-29 11:26:10,420 INFO: Turn mode activated.
2024-10-29 11:26:10,438 INFO: Turn mode activated.
2024-10-29 11:26:10,456 INFO: Turn mode activated.
2024-10-29 11:26:10,508 INFO: Turn mode activated.
2024-10-29 11:26:10,526 INFO: Turn mode activated.
2024-10-29 11:26:10,544 INFO: Turn mode activated.
2024-10-29 11:26:10,597 INFO: Turn mode activated.
2024-10-29 11:26:10,616 INFO: Turn mode activated.
2024-10-29 11:26:10,634 INFO: Turn mode activated.
2024-10-29 11:26:10,687 INFO: Turn mode activated.
2024-10-29 11:26:10,705 INFO: Turn mode activated.
2024-10-29 11:26:10,723 INFO: Turn mode activated.
2024-10-29 11:26:10,776 INFO: Turn mode activated.
2024-10-29 11:26:10,794 INFO: Turn mode activated.
2024-10-29 11:26:10,812 INFO: Turn mode activated.
2024-10-29 11:26:10,865 INFO: Turn mode activated.
2024-10-29 11:26:10,883 INFO: Turn mode activated.
2024-10-29 11:26:10,901 INFO: Turn mode activated.
2024-10-29 11:26:10,955 INFO: Turn mode activated.
2024-10-29 11:26:10,973 INFO: Turn mode activated.
2024-10-29 11:26:10,991 INFO: Turn mode activated.
2024-10-29 11:26:11,044 INFO: Turn mode activated.
2024-10-29 11:26:11,062 INFO: Turn mode activated.
2024-10-29 11:26:11,080 INFO: Turn mode activated.
2024-10-29 11:26:11,132 INFO: Turn mode activated.
2024-10-29 11:26:11,151 INFO: Turn mode activated.
2024-10-29 11:26:11,170 INFO: Turn mode activated.
2024-10-29 11:26:11,205 INFO: Initiating safe shutdown...
2024-10-29 11:26:11,206 INFO: Setting operating mode 'velocity' for group 'All_Motors'
2024-10-29 11:26:11,206 INFO: Disabling torque for group All_Motors
2024-10-29 11:26:11,207 INFO: Enabling torque for group All_Motors
2024-10-29 11:26:11,208 INFO: Setting the profile velocity for group All_Motors from config.yaml: 8
2024-10-29 11:26:11,209 INFO: Profile velocities set for group All_Motors: {1: 34.96, 2: 34.96, 3: 34.96, 4: 34.96, 5: 34.96, 6: 34.96, 7: 34.96, 8: 34.96}
2024-10-29 11:26:11,209 WARNING: Velocity limit 200 exceeds hard limit 100. Limiting to 100.
2024-10-29 11:26:11,210 INFO: Velocity limit set to 100 for group All_Motors
2024-10-29 11:26:11,210 INFO: Enabling torque for group All_Motors
2024-10-29 11:26:11,211 INFO: Setting the profile velocity for group All_Motors from config.yaml: 8
2024-10-29 11:26:11,212 INFO: Profile velocities set for group All_Motors: {1: 34.96, 2: 34.96, 3: 34.96, 4: 34.96, 5: 34.96, 6: 34.96, 7: 34.96, 8: 34.96}
2024-10-29 11:26:11,212 INFO: Target velocities set for group All_Motors: {1: 0, 2: 0, 3: 0, 4: 0, 5: 0, 6: 0, 7: 0, 8: 0}
2024-10-29 11:26:11,213 INFO: Running set_position_group for group 'All_Motors' with positions: 180
2024-10-29 11:26:11,220 WARNING: Motor 1 is not in Position Control Mode. Setting mode now.
2024-10-29 11:26:11,221 INFO: Setting operating mode 'position' for group 'All_Motors'
2024-10-29 11:26:11,221 INFO: Disabling torque for group All_Motors
2024-10-29 11:26:11,222 INFO: Enabling torque for group All_Motors
2024-10-29 11:26:11,223 INFO: Setting the profile velocity for group All_Motors from config.yaml: 8
2024-10-29 11:26:11,224 INFO: Profile velocities set for group All_Motors: {1: 34.96, 2: 34.96, 3: 34.96, 4: 34.96, 5: 34.96, 6: 34.96, 7: 34.96, 8: 34.96}
2024-10-29 11:26:11,224 INFO: Setting the profile velocity for group All_Motors from config.yaml: 8
2024-10-29 11:26:11,225 INFO: Profile velocities set for group All_Motors: {1: 34.96, 2: 34.96, 3: 34.96, 4: 34.96, 5: 34.96, 6: 34.96, 7: 34.96, 8: 34.96}
2024-10-29 11:26:11,225 INFO: Closing PS4Controller and quitting pygame
2024-10-29 11:26:11,308 INFO: Port closed successfully.
2024-10-29 11:26:11,308 INFO: Shutdown complete.
2024-10-29 11:26:11,309 ERROR: Error checking hardware errors: Attempting to use a port that is not open
2024-10-29 11:26:11,309 INFO: Turn mode activated.
