2024-10-28 23:54:26,287 INFO: Initializing PS4Controller
2024-10-28 23:54:26,590 INFO: Configuration loaded successfully
2024-10-28 23:54:26,594 INFO: Port /dev/ttyACM0 opened successfully
2024-10-28 23:54:26,603 INFO: Baudrate set to 1000000
2024-10-28 23:54:26,604 INFO: Control table loaded successfully.
2024-10-28 23:54:26,604 INFO: Motor group 'Pivot_Group' created with motors: [7, 8]
2024-10-28 23:54:26,605 INFO: Motor group 'Wheg_Group' created with motors: [1, 2, 3, 4, 5, 6]
2024-10-28 23:54:26,605 INFO: Motor group 'All_Motors' created with motors: [1, 2, 3, 4, 5, 6, 7, 8]
2024-10-28 23:54:26,606 INFO: Motor group 'Left_Whegs' created with motors: [1, 2, 3]
2024-10-28 23:54:26,606 INFO: Motor group 'Right_Whegs' created with motors: [4, 5, 6]
2024-10-28 23:54:26,606 INFO: Motor group 'Front_Whegs' created with motors: [3, 6]
2024-10-28 23:54:26,607 INFO: Motor group 'Rear_Whegs' created with motors: [1, 4]
2024-10-28 23:54:26,607 INFO: Motor group 'Middle_Whegs' created with motors: [2, 5]
2024-10-28 23:54:26,607 INFO: Motor group 'Two_Right_One_Left' created with motors: [2, 4, 6]
2024-10-28 23:54:26,608 INFO: Motor group 'Two_Left_One_Right' created with motors: [5, 1, 3]
2024-10-28 23:54:26,608 INFO: Initialised PS4 controller, Dynamixel, and Robot State
2024-10-28 23:54:26,608 INFO: Disabling torque for group Right_Whegs
2024-10-28 23:54:26,610 INFO: Drive mode set for group Right_Whegs with reverse_direction=True
2024-10-28 23:54:26,610 INFO: Enabling torque for group Right_Whegs
2024-10-28 23:54:26,614 INFO: Motor 4 drive mode correctly set to reverse
2024-10-28 23:54:26,615 INFO: Motor 5 drive mode correctly set to reverse
2024-10-28 23:54:26,615 INFO: Motor 6 drive mode correctly set to reverse
2024-10-28 23:54:26,615 INFO: Disabling torque for group Left_Whegs
2024-10-28 23:54:26,616 INFO: Drive mode set for group Left_Whegs with reverse_direction=False
2024-10-28 23:54:26,616 INFO: Enabling torque for group Left_Whegs
2024-10-28 23:54:26,620 INFO: Motor 1 drive mode correctly set to normal
2024-10-28 23:54:26,621 INFO: Motor 2 drive mode correctly set to normal
2024-10-28 23:54:26,621 INFO: Motor 3 drive mode correctly set to normal
2024-10-28 23:54:26,621 INFO: Set the right side whegs to reverse direction
2024-10-28 23:54:26,621 INFO: Disabling torque for group Pivot_Group
2024-10-28 23:54:26,622 INFO: Drive mode set for group Pivot_Group with reverse_direction=False
2024-10-28 23:54:26,623 INFO: Enabling torque for group Pivot_Group
2024-10-28 23:54:26,626 INFO: Motor 7 drive mode correctly set to normal
2024-10-28 23:54:26,626 INFO: Motor 8 drive mode correctly set to normal
2024-10-28 23:54:26,627 INFO: Position limits set for group Pivot_Group: min=90° (ticks=1023), max=270° (ticks=3071)
2024-10-28 23:54:26,628 INFO: Set position limits for the pivot motors
2024-10-28 23:54:26,631 INFO: Initialising Gait 1
2024-10-28 23:54:26,631 INFO: Running set_position_group for group 'Wheg_Group' with positions: 180
2024-10-28 23:54:26,637 INFO: Running set_position_group for group 'Pivot_Group' with positions: 180
2024-10-28 23:54:26,640 INFO: Initialised Gait 1, waiting for 3 seconds
2024-10-28 23:54:29,671 INFO: Setting operating mode 'multi_turn' for group 'Wheg_Group'
2024-10-28 23:54:29,671 INFO: Disabling torque for group Wheg_Group
2024-10-28 23:54:29,672 INFO: Enabling torque for group Wheg_Group
2024-10-28 23:54:29,672 INFO: Setting the profile velocity for group Wheg_Group from config.yaml: 10
2024-10-28 23:54:29,673 INFO: Profile velocities set for group Wheg_Group: {1: 43.7, 2: 43.7, 3: 43.7, 4: 43.7, 5: 43.7, 6: 43.7}
2024-10-28 23:54:29,673 INFO: New gait 1 is now active.
2024-10-28 23:54:36,459 INFO: Profile velocities set for group Wheg_Group: {1: 21.85, 2: 21.85, 3: 21.85, 4: 21.85, 5: 21.85, 6: 21.85}
2024-10-28 23:54:36,459 INFO: Incrementing motor positions by 360 degrees for group 'Wheg_Group'
2024-10-28 23:54:36,470 INFO: Gait 1 step executed at 5.00RPM, wait for 12.00 seconds
2024-10-28 23:54:44,975 INFO: Triangle pressed. Preparing to change to next gait: 2
2024-10-28 23:54:45,226 INFO: Triangle pressed. Preparing to change to next gait: 2
2024-10-28 23:54:45,784 WARNING: Emergency stop activated! Stopping all motors asynchronously.
2024-10-28 23:54:45,784 INFO: Setting operating mode 'velocity' for group 'All_Motors'
2024-10-28 23:54:45,784 INFO: Disabling torque for group All_Motors
2024-10-28 23:54:45,785 INFO: Enabling torque for group All_Motors
2024-10-28 23:54:45,786 WARNING: Velocity limit 200 exceeds hard limit 100. Limiting to 100.
2024-10-28 23:54:45,786 INFO: Velocity limit set to 100 for group All_Motors
2024-10-28 23:54:45,787 INFO: Enabling torque for group All_Motors
2024-10-28 23:54:45,787 INFO: Target velocities set for group All_Motors: {1: 0, 2: 0, 3: 0, 4: 0, 5: 0, 6: 0, 7: 0, 8: 0}
2024-10-28 23:54:46,036 WARNING: Emergency stop activated! Stopping all motors asynchronously.
2024-10-28 23:54:46,036 INFO: Setting operating mode 'velocity' for group 'All_Motors'
2024-10-28 23:54:46,036 INFO: Disabling torque for group All_Motors
2024-10-28 23:54:46,037 INFO: Enabling torque for group All_Motors
2024-10-28 23:54:46,038 WARNING: Velocity limit 200 exceeds hard limit 100. Limiting to 100.
2024-10-28 23:54:46,038 INFO: Velocity limit set to 100 for group All_Motors
2024-10-28 23:54:46,038 INFO: Enabling torque for group All_Motors
2024-10-28 23:54:46,039 INFO: Target velocities set for group All_Motors: {1: 0, 2: 0, 3: 0, 4: 0, 5: 0, 6: 0, 7: 0, 8: 0}
2024-10-28 23:54:46,904 INFO: Emergency Stop Deactivated. Resuming control...
2024-10-28 23:54:48,483 INFO: Initialising Gait 1
2024-10-28 23:54:48,484 INFO: Running set_position_group for group 'Wheg_Group' with positions: 180
2024-10-28 23:54:48,489 WARNING: Motor 1 is not in Position Control Mode. Setting mode now.
2024-10-28 23:54:48,490 INFO: Setting operating mode 'position' for group 'Wheg_Group'
2024-10-28 23:54:48,490 INFO: Disabling torque for group Wheg_Group
2024-10-28 23:54:48,491 INFO: Enabling torque for group Wheg_Group
2024-10-28 23:54:48,492 INFO: Setting the profile velocity for group Wheg_Group from config.yaml: 10
2024-10-28 23:54:48,493 INFO: Profile velocities set for group Wheg_Group: {1: 43.7, 2: 43.7, 3: 43.7, 4: 43.7, 5: 43.7, 6: 43.7}
2024-10-28 23:54:48,494 INFO: Running set_position_group for group 'Pivot_Group' with positions: 180
2024-10-28 23:54:48,498 WARNING: Motor 7 is not in Position Control Mode. Setting mode now.
2024-10-28 23:54:48,498 INFO: Setting operating mode 'position' for group 'Pivot_Group'
2024-10-28 23:54:48,499 INFO: Disabling torque for group Pivot_Group
2024-10-28 23:54:48,500 INFO: Enabling torque for group Pivot_Group
2024-10-28 23:54:48,500 INFO: Setting the profile velocity for group Pivot_Group from config.yaml: 4
2024-10-28 23:54:48,501 INFO: Profile velocities set for group Pivot_Group: {7: 17.48, 8: 17.48}
2024-10-28 23:54:48,502 INFO: Initialised Gait 1, waiting for 3 seconds
2024-10-28 23:54:51,503 INFO: Setting operating mode 'multi_turn' for group 'Wheg_Group'
2024-10-28 23:54:51,503 INFO: Disabling torque for group Wheg_Group
2024-10-28 23:54:51,504 INFO: Enabling torque for group Wheg_Group
2024-10-28 23:54:51,504 INFO: Setting the profile velocity for group Wheg_Group from config.yaml: 10
2024-10-28 23:54:51,505 INFO: Profile velocities set for group Wheg_Group: {1: 43.7, 2: 43.7, 3: 43.7, 4: 43.7, 5: 43.7, 6: 43.7}
2024-10-28 23:54:51,505 INFO: New gait 1 is now active.
2024-10-28 23:54:51,517 INFO: Profile velocities set for group Wheg_Group: {1: 21.85, 2: 21.85, 3: 21.85, 4: 21.85, 5: 21.85, 6: 21.85}
2024-10-28 23:54:51,517 INFO: Incrementing motor positions by 360 degrees for group 'Wheg_Group'
2024-10-28 23:54:51,527 INFO: Gait 1 step executed at 5.00RPM, wait for 12.00 seconds
2024-10-28 23:54:52,776 WARNING: Emergency stop activated! Stopping all motors asynchronously.
2024-10-28 23:54:52,777 INFO: Setting operating mode 'velocity' for group 'All_Motors'
2024-10-28 23:54:52,777 INFO: Disabling torque for group All_Motors
2024-10-28 23:54:52,778 INFO: Enabling torque for group All_Motors
2024-10-28 23:54:52,779 WARNING: Velocity limit 200 exceeds hard limit 100. Limiting to 100.
2024-10-28 23:54:52,780 INFO: Velocity limit set to 100 for group All_Motors
2024-10-28 23:54:52,781 INFO: Enabling torque for group All_Motors
2024-10-28 23:54:52,782 INFO: Target velocities set for group All_Motors: {1: 0, 2: 0, 3: 0, 4: 0, 5: 0, 6: 0, 7: 0, 8: 0}
2024-10-28 23:55:01,722 INFO: Tasks were cancelled due to shutdown, proceeding to cleanup...
2024-10-28 23:55:01,722 INFO: Initiating safe shutdown...
2024-10-28 23:55:01,723 INFO: Setting operating mode 'velocity' for group 'All_Motors'
2024-10-28 23:55:01,723 INFO: Disabling torque for group All_Motors
2024-10-28 23:55:01,724 INFO: Enabling torque for group All_Motors
2024-10-28 23:55:01,725 WARNING: Velocity limit 200 exceeds hard limit 100. Limiting to 100.
2024-10-28 23:55:01,726 INFO: Velocity limit set to 100 for group All_Motors
2024-10-28 23:55:01,727 INFO: Enabling torque for group All_Motors
2024-10-28 23:55:01,728 INFO: Target velocities set for group All_Motors: {1: 0, 2: 0, 3: 0, 4: 0, 5: 0, 6: 0, 7: 0, 8: 0}
2024-10-28 23:55:01,728 INFO: Running set_position_group for group 'All_Motors' with positions: 180
2024-10-28 23:55:01,736 WARNING: Motor 1 is not in Position Control Mode. Setting mode now.
2024-10-28 23:55:01,737 INFO: Setting operating mode 'position' for group 'All_Motors'
2024-10-28 23:55:01,737 INFO: Disabling torque for group All_Motors
2024-10-28 23:55:01,738 INFO: Enabling torque for group All_Motors
2024-10-28 23:55:01,739 INFO: Setting the profile velocity for group All_Motors from config.yaml: 5
2024-10-28 23:55:01,740 INFO: Profile velocities set for group All_Motors: {1: 21.85, 2: 21.85, 3: 21.85, 4: 21.85, 5: 21.85, 6: 21.85, 7: 21.85, 8: 21.85}
2024-10-28 23:55:01,741 INFO: Closing PS4Controller and quitting pygame
2024-10-28 23:55:01,826 INFO: Port closed successfully.
2024-10-28 23:55:01,826 INFO: Shutdown complete.
