2024-10-30 10:49:06,071 INFO: Initializing PS4Controller
2024-10-30 10:49:06,344 INFO: Configuration loaded successfully
2024-10-30 10:49:06,347 INFO: Port /dev/ttyACM0 opened successfully
2024-10-30 10:49:06,357 INFO: Baudrate set to 1000000
2024-10-30 10:49:06,357 INFO: Control table loaded successfully.
2024-10-30 10:49:06,358 INFO: Motor group 'Pivot_Group' created with motors: [7, 8]
2024-10-30 10:49:06,359 INFO: Motor group 'Wheg_Group' created with motors: [1, 2, 3, 4, 5, 6]
2024-10-30 10:49:06,359 INFO: Motor group 'All_Motors' created with motors: [1, 2, 3, 4, 5, 6, 7, 8]
2024-10-30 10:49:06,360 INFO: Motor group 'Left_Whegs' created with motors: [1, 2, 3]
2024-10-30 10:49:06,360 INFO: Motor group 'Right_Whegs' created with motors: [4, 5, 6]
2024-10-30 10:49:06,361 INFO: Motor group 'Front_Whegs' created with motors: [3, 6]
2024-10-30 10:49:06,361 INFO: Motor group 'Rear_Whegs' created with motors: [1, 4]
2024-10-30 10:49:06,362 INFO: Motor group 'Middle_Whegs' created with motors: [2, 5]
2024-10-30 10:49:06,362 INFO: Motor group 'Two_Right_One_Left' created with motors: [2, 4, 6]
2024-10-30 10:49:06,363 INFO: Motor group 'Two_Left_One_Right' created with motors: [5, 1, 3]
2024-10-30 10:49:06,363 INFO: Initialised PS4 controller, Dynamixel, and Robot State
2024-10-30 10:49:06,526 INFO: Disabling torque for group Right_Whegs
2024-10-30 10:49:06,529 INFO: Drive mode set for group Right_Whegs with reverse_direction=True
2024-10-30 10:49:06,530 INFO: Enabling torque for group Right_Whegs
2024-10-30 10:49:06,532 INFO: Setting the profile velocity for group Right_Whegs from config.yaml: None
2024-10-30 10:49:06,534 ERROR: Profile velocity for group Right_Whegs not found in config.yaml and no value was provided.
2024-10-30 10:49:06,536 INFO: Profile velocities set for group Right_Whegs: {4: 21.85, 5: 21.85, 6: 21.85}
2024-10-30 10:49:06,537 INFO: Disabling torque for group Left_Whegs
2024-10-30 10:49:06,538 INFO: Drive mode set for group Left_Whegs with reverse_direction=False
2024-10-30 10:49:06,538 INFO: Enabling torque for group Left_Whegs
2024-10-30 10:49:06,539 INFO: Setting the profile velocity for group Left_Whegs from config.yaml: None
2024-10-30 10:49:06,540 ERROR: Profile velocity for group Left_Whegs not found in config.yaml and no value was provided.
2024-10-30 10:49:06,541 INFO: Profile velocities set for group Left_Whegs: {1: 21.85, 2: 21.85, 3: 21.85}
2024-10-30 10:49:06,541 INFO: Set the right side whegs to reverse direction
2024-10-30 10:49:06,542 INFO: Disabling torque for group Pivot_Group
2024-10-30 10:49:06,543 INFO: Drive mode set for group Pivot_Group with reverse_direction=False
2024-10-30 10:49:06,543 INFO: Enabling torque for group Pivot_Group
2024-10-30 10:49:06,544 INFO: Setting the profile velocity for group Pivot_Group from config.yaml: 4
2024-10-30 10:49:06,546 INFO: Profile velocities set for group Pivot_Group: {7: 17.48, 8: 17.48}
2024-10-30 10:49:06,547 INFO: Position limits set for group Pivot_Group: min=45° (ticks=511), max=315° (ticks=3583)
2024-10-30 10:49:06,547 INFO: Set position limits for the pivot motors
2024-10-30 10:49:06,585 ERROR: Bulk read failed with error: [TxRxResult] There is no status packet!
2024-10-30 10:49:06,585 INFO: Initialising Gait 1
2024-10-30 10:49:06,586 INFO: Running set_position_group for group 'Wheg_Group' with positions: 180
2024-10-30 10:49:06,622 ERROR: Bulk read failed with error: [TxRxResult] There is no status packet!
2024-10-30 10:49:06,622 ERROR: Error controlling pivots: 'dpad_down'
2024-10-30 10:49:06,659 ERROR: Bulk read failed with error: [TxRxResult] There is no status packet!
2024-10-30 10:49:06,695 ERROR: Bulk read failed with error: [TxRxResult] There is no status packet!
2024-10-30 10:49:06,731 ERROR: Bulk read failed with error: [TxRxResult] There is no status packet!
2024-10-30 10:49:06,767 ERROR: Bulk read failed with error: [TxRxResult] There is no status packet!
2024-10-30 10:49:06,767 ERROR: Error retrieving motor data: 'NoneType' object has no attribute 'keys'
2024-10-30 10:49:06,772 INFO: Initiating safe shutdown...
2024-10-30 10:49:06,773 INFO: Setting operating mode 'velocity' for group 'All_Motors'
2024-10-30 10:49:06,774 INFO: Disabling torque for group All_Motors
2024-10-30 10:49:06,776 INFO: Enabling torque for group All_Motors
2024-10-30 10:49:06,777 INFO: Setting the profile velocity for group All_Motors from config.yaml: 8
2024-10-30 10:49:06,778 INFO: Profile velocities set for group All_Motors: {1: 34.96, 2: 34.96, 3: 34.96, 4: 34.96, 5: 34.96, 6: 34.96, 7: 34.96, 8: 34.96}
2024-10-30 10:49:06,779 WARNING: Velocity limit 200 exceeds hard limit 100. Limiting to 100.
2024-10-30 10:49:06,780 INFO: Velocity limit set to 100 for group All_Motors
2024-10-30 10:49:06,780 INFO: Enabling torque for group All_Motors
2024-10-30 10:49:06,781 INFO: Setting the profile velocity for group All_Motors from config.yaml: 8
2024-10-30 10:49:06,782 INFO: Profile velocities set for group All_Motors: {1: 34.96, 2: 34.96, 3: 34.96, 4: 34.96, 5: 34.96, 6: 34.96, 7: 34.96, 8: 34.96}
2024-10-30 10:49:06,782 INFO: Target velocities set for group All_Motors: {1: 0, 2: 0, 3: 0, 4: 0, 5: 0, 6: 0, 7: 0, 8: 0}
2024-10-30 10:49:06,783 INFO: Running set_position_group for group 'All_Motors' with positions: 180
2024-10-30 10:49:06,819 ERROR: Bulk read failed with error: [TxRxResult] There is no status packet!
