2024-10-30 08:57:32,141 INFO: Initializing PS4Controller
2024-10-30 08:57:32,423 INFO: Configuration loaded successfully
2024-10-30 08:57:32,427 INFO: Port /dev/ttyACM0 opened successfully
2024-10-30 08:57:32,437 INFO: Baudrate set to 1000000
2024-10-30 08:57:32,437 INFO: Control table loaded successfully.
2024-10-30 08:57:32,438 INFO: Motor group 'Pivot_Group' created with motors: [7, 8]
2024-10-30 08:57:32,438 INFO: Motor group 'Wheg_Group' created with motors: [1, 2, 3, 4, 5, 6]
2024-10-30 08:57:32,439 INFO: Motor group 'All_Motors' created with motors: [1, 2, 3, 4, 5, 6, 7, 8]
2024-10-30 08:57:32,439 INFO: Motor group 'Left_Whegs' created with motors: [1, 2, 3]
2024-10-30 08:57:32,440 INFO: Motor group 'Right_Whegs' created with motors: [4, 5, 6]
2024-10-30 08:57:32,440 INFO: Motor group 'Front_Whegs' created with motors: [3, 6]
2024-10-30 08:57:32,441 INFO: Motor group 'Rear_Whegs' created with motors: [1, 4]
2024-10-30 08:57:32,441 INFO: Motor group 'Middle_Whegs' created with motors: [2, 5]
2024-10-30 08:57:32,441 INFO: Motor group 'Two_Right_One_Left' created with motors: [2, 4, 6]
2024-10-30 08:57:32,442 INFO: Motor group 'Two_Left_One_Right' created with motors: [5, 1, 3]
2024-10-30 08:57:32,442 INFO: Initialised PS4 controller, Dynamixel, and Robot State
2024-10-30 08:57:32,601 INFO: Disabling torque for group Right_Whegs
2024-10-30 08:57:32,603 INFO: Drive mode set for group Right_Whegs with reverse_direction=True
2024-10-30 08:57:32,606 INFO: Enabling torque for group Right_Whegs
2024-10-30 08:57:32,608 INFO: Setting the profile velocity for group Right_Whegs from config.yaml: None
2024-10-30 08:57:32,610 ERROR: Profile velocity for group Right_Whegs not found in config.yaml and no value was provided.
2024-10-30 08:57:32,611 INFO: Profile velocities set for group Right_Whegs: {4: 21.85, 5: 21.85, 6: 21.85}
2024-10-30 08:57:32,611 INFO: Disabling torque for group Left_Whegs
2024-10-30 08:57:32,612 INFO: Drive mode set for group Left_Whegs with reverse_direction=False
2024-10-30 08:57:32,613 INFO: Enabling torque for group Left_Whegs
2024-10-30 08:57:32,614 INFO: Setting the profile velocity for group Left_Whegs from config.yaml: None
2024-10-30 08:57:32,614 ERROR: Profile velocity for group Left_Whegs not found in config.yaml and no value was provided.
2024-10-30 08:57:32,615 INFO: Profile velocities set for group Left_Whegs: {1: 21.85, 2: 21.85, 3: 21.85}
2024-10-30 08:57:32,615 INFO: Set the right side whegs to reverse direction
2024-10-30 08:57:32,616 INFO: Disabling torque for group Pivot_Group
2024-10-30 08:57:32,617 INFO: Drive mode set for group Pivot_Group with reverse_direction=False
2024-10-30 08:57:32,617 INFO: Enabling torque for group Pivot_Group
2024-10-30 08:57:32,618 INFO: Setting the profile velocity for group Pivot_Group from config.yaml: 4
2024-10-30 08:57:32,619 INFO: Profile velocities set for group Pivot_Group: {7: 17.48, 8: 17.48}
2024-10-30 08:57:32,620 INFO: Position limits set for group Pivot_Group: min=45° (ticks=511), max=315° (ticks=3583)
2024-10-30 08:57:32,621 INFO: Set position limits for the pivot motors
2024-10-30 08:57:32,630 INFO: Initialising Gait 1
2024-10-30 08:57:32,630 INFO: Running set_position_group for group 'Wheg_Group' with positions: 180
2024-10-30 08:57:32,636 INFO: Running set_position_group for group 'Pivot_Group' with positions: 180
2024-10-30 08:57:32,640 INFO: Initialised Gait 1, waiting for 3 seconds
2024-10-30 08:57:32,640 ERROR: Error controlling pivots: 'dpad_down'
2024-10-30 08:57:35,641 INFO: Setting operating mode 'multi_turn' for group 'Wheg_Group'
2024-10-30 08:57:35,642 INFO: Disabling torque for group Wheg_Group
2024-10-30 08:57:35,644 INFO: Enabling torque for group Wheg_Group
2024-10-30 08:57:35,644 INFO: Setting the profile velocity for group Wheg_Group from config.yaml: 10
2024-10-30 08:57:35,645 INFO: Profile velocities set for group Wheg_Group: {1: 43.7, 2: 43.7, 3: 43.7, 4: 43.7, 5: 43.7, 6: 43.7}
2024-10-30 08:57:35,646 INFO: Setting the profile velocity for group Wheg_Group from config.yaml: 10
2024-10-30 08:57:35,647 INFO: Profile velocities set for group Wheg_Group: {1: 43.7, 2: 43.7, 3: 43.7, 4: 43.7, 5: 43.7, 6: 43.7}
2024-10-30 08:57:35,648 INFO: New gait 1 is now active.
2024-10-30 08:58:59,265 INFO: Triangle pressed. Preparing to change to next gait: 2
2024-10-30 08:58:59,275 INFO: Initialising Gait 2
2024-10-30 08:58:59,276 INFO: Running set_position_group for group 'Wheg_Group' with positions: {1: 160, 2: 200, 3: 160, 4: 200, 5: 160, 6: 200}
2024-10-30 08:58:59,281 WARNING: Motor 1 is not in Position Control Mode. Setting mode now.
2024-10-30 08:58:59,282 INFO: Setting operating mode 'position' for group 'Wheg_Group'
2024-10-30 08:58:59,282 INFO: Disabling torque for group Wheg_Group
2024-10-30 08:58:59,283 INFO: Enabling torque for group Wheg_Group
2024-10-30 08:58:59,285 INFO: Setting the profile velocity for group Wheg_Group from config.yaml: 10
2024-10-30 08:58:59,286 INFO: Profile velocities set for group Wheg_Group: {1: 43.7, 2: 43.7, 3: 43.7, 4: 43.7, 5: 43.7, 6: 43.7}
2024-10-30 08:58:59,286 INFO: Setting the profile velocity for group Wheg_Group from config.yaml: 10
2024-10-30 08:58:59,287 INFO: Profile velocities set for group Wheg_Group: {1: 43.7, 2: 43.7, 3: 43.7, 4: 43.7, 5: 43.7, 6: 43.7}
2024-10-30 08:58:59,288 INFO: Running set_position_group for group 'Pivot_Group' with positions: 180
2024-10-30 08:58:59,291 INFO: Initialised Gait 2, waiting for 3 seconds
2024-10-30 08:59:02,292 INFO: Setting operating mode 'multi_turn' for group 'Wheg_Group'
2024-10-30 08:59:02,293 INFO: Disabling torque for group Wheg_Group
2024-10-30 08:59:02,294 INFO: Enabling torque for group Wheg_Group
2024-10-30 08:59:02,295 INFO: Setting the profile velocity for group Wheg_Group from config.yaml: 10
2024-10-30 08:59:02,296 INFO: Profile velocities set for group Wheg_Group: {1: 43.7, 2: 43.7, 3: 43.7, 4: 43.7, 5: 43.7, 6: 43.7}
2024-10-30 08:59:02,296 INFO: Setting the profile velocity for group Wheg_Group from config.yaml: 10
2024-10-30 08:59:02,297 INFO: Profile velocities set for group Wheg_Group: {1: 43.7, 2: 43.7, 3: 43.7, 4: 43.7, 5: 43.7, 6: 43.7}
2024-10-30 08:59:02,297 INFO: New gait 2 is now active.
2024-10-30 08:59:08,040 INFO: Profile velocities set for group Wheg_Group: {1: 8.74, 2: 69.92, 3: 8.74, 4: 69.92, 5: 8.74, 6: 69.92}
2024-10-30 08:59:08,041 INFO: Incrementing motor positions by {1: 40, 2: 320, 3: 40, 4: 320, 5: 40, 6: 320} degrees for group 'Wheg_Group'
2024-10-30 08:59:08,051 INFO: Gait 2 step executed at 2.00RPM, wait for 3.36 seconds
2024-10-30 08:59:11,032 WARNING: Emergency stop activated! Stopping all motors asynchronously.
2024-10-30 08:59:11,033 INFO: Setting operating mode 'velocity' for group 'All_Motors'
2024-10-30 08:59:11,034 INFO: Disabling torque for group All_Motors
2024-10-30 08:59:11,037 INFO: Enabling torque for group All_Motors
2024-10-30 08:59:11,038 INFO: Setting the profile velocity for group All_Motors from config.yaml: 8
2024-10-30 08:59:11,039 INFO: Profile velocities set for group All_Motors: {1: 34.96, 2: 34.96, 3: 34.96, 4: 34.96, 5: 34.96, 6: 34.96, 7: 34.96, 8: 34.96}
2024-10-30 08:59:11,040 WARNING: Velocity limit 200 exceeds hard limit 100. Limiting to 100.
2024-10-30 08:59:11,040 INFO: Velocity limit set to 100 for group All_Motors
2024-10-30 08:59:11,041 INFO: Enabling torque for group All_Motors
2024-10-30 08:59:11,041 INFO: Setting the profile velocity for group All_Motors from config.yaml: 8
2024-10-30 08:59:11,042 INFO: Profile velocities set for group All_Motors: {1: 34.96, 2: 34.96, 3: 34.96, 4: 34.96, 5: 34.96, 6: 34.96, 7: 34.96, 8: 34.96}
2024-10-30 08:59:11,043 INFO: Target velocities set for group All_Motors: {1: 0, 2: 0, 3: 0, 4: 0, 5: 0, 6: 0, 7: 0, 8: 0}
2024-10-30 08:59:15,309 INFO: Emergency Stop Deactivated. Resuming control...
2024-10-30 08:59:15,321 INFO: Initialising Gait 1
2024-10-30 08:59:15,321 INFO: Running set_position_group for group 'Wheg_Group' with positions: 180
2024-10-30 08:59:15,328 WARNING: Motor 1 is not in Position Control Mode. Setting mode now.
2024-10-30 08:59:15,328 INFO: Setting operating mode 'position' for group 'Wheg_Group'
2024-10-30 08:59:15,328 INFO: Disabling torque for group Wheg_Group
2024-10-30 08:59:15,329 INFO: Enabling torque for group Wheg_Group
2024-10-30 08:59:15,331 INFO: Setting the profile velocity for group Wheg_Group from config.yaml: 10
2024-10-30 08:59:15,331 INFO: Profile velocities set for group Wheg_Group: {1: 43.7, 2: 43.7, 3: 43.7, 4: 43.7, 5: 43.7, 6: 43.7}
2024-10-30 08:59:15,332 INFO: Setting the profile velocity for group Wheg_Group from config.yaml: 10
2024-10-30 08:59:15,333 INFO: Profile velocities set for group Wheg_Group: {1: 43.7, 2: 43.7, 3: 43.7, 4: 43.7, 5: 43.7, 6: 43.7}
2024-10-30 08:59:15,334 INFO: Running set_position_group for group 'Pivot_Group' with positions: 180
2024-10-30 08:59:15,337 WARNING: Motor 7 is not in Position Control Mode. Setting mode now.
2024-10-30 08:59:15,338 INFO: Setting operating mode 'position' for group 'Pivot_Group'
2024-10-30 08:59:15,338 INFO: Disabling torque for group Pivot_Group
2024-10-30 08:59:15,339 INFO: Enabling torque for group Pivot_Group
2024-10-30 08:59:15,340 INFO: Setting the profile velocity for group Pivot_Group from config.yaml: 4
2024-10-30 08:59:15,341 INFO: Profile velocities set for group Pivot_Group: {7: 17.48, 8: 17.48}
2024-10-30 08:59:15,341 INFO: Setting the profile velocity for group Pivot_Group from config.yaml: 4
2024-10-30 08:59:15,342 INFO: Profile velocities set for group Pivot_Group: {7: 17.48, 8: 17.48}
2024-10-30 08:59:15,343 INFO: Initialised Gait 1, waiting for 3 seconds
2024-10-30 08:59:18,350 INFO: Setting operating mode 'multi_turn' for group 'Wheg_Group'
2024-10-30 08:59:18,350 INFO: Disabling torque for group Wheg_Group
2024-10-30 08:59:18,352 INFO: Enabling torque for group Wheg_Group
2024-10-30 08:59:18,353 INFO: Setting the profile velocity for group Wheg_Group from config.yaml: 10
2024-10-30 08:59:18,354 INFO: Profile velocities set for group Wheg_Group: {1: 43.7, 2: 43.7, 3: 43.7, 4: 43.7, 5: 43.7, 6: 43.7}
2024-10-30 08:59:18,354 INFO: Setting the profile velocity for group Wheg_Group from config.yaml: 10
2024-10-30 08:59:18,355 INFO: Profile velocities set for group Wheg_Group: {1: 43.7, 2: 43.7, 3: 43.7, 4: 43.7, 5: 43.7, 6: 43.7}
2024-10-30 08:59:18,355 INFO: New gait 1 is now active.
2024-10-30 08:59:20,421 INFO: Share pressed. Reversing the direction of the whegs
2024-10-30 08:59:20,436 INFO: Disabling torque for group Wheg_Group
2024-10-30 08:59:20,437 INFO: Drive mode set for group Wheg_Group with reverse_direction={1: 1, 2: 1, 3: 1, 4: 0, 5: 0, 6: 0}
2024-10-30 08:59:20,438 INFO: Enabling torque for group Wheg_Group
2024-10-30 08:59:20,439 INFO: Setting the profile velocity for group Wheg_Group from config.yaml: 10
2024-10-30 08:59:20,441 INFO: Profile velocities set for group Wheg_Group: {1: 43.7, 2: 43.7, 3: 43.7, 4: 43.7, 5: 43.7, 6: 43.7}
2024-10-30 08:59:20,441 INFO: Reversed the direction of all whegs, waiting for 3 seconds
2024-10-30 08:59:23,442 INFO: Direction of whegs reversed.
2024-10-30 08:59:23,532 INFO: Initialising Gait 1
2024-10-30 08:59:23,532 INFO: Running set_position_group for group 'Wheg_Group' with positions: 180
2024-10-30 08:59:23,539 WARNING: Motor 1 is not in Position Control Mode. Setting mode now.
2024-10-30 08:59:23,539 INFO: Setting operating mode 'position' for group 'Wheg_Group'
2024-10-30 08:59:23,540 INFO: Disabling torque for group Wheg_Group
2024-10-30 08:59:23,541 INFO: Enabling torque for group Wheg_Group
2024-10-30 08:59:23,542 INFO: Setting the profile velocity for group Wheg_Group from config.yaml: 10
2024-10-30 08:59:23,542 INFO: Profile velocities set for group Wheg_Group: {1: 43.7, 2: 43.7, 3: 43.7, 4: 43.7, 5: 43.7, 6: 43.7}
2024-10-30 08:59:23,543 INFO: Setting the profile velocity for group Wheg_Group from config.yaml: 10
2024-10-30 08:59:23,544 INFO: Profile velocities set for group Wheg_Group: {1: 43.7, 2: 43.7, 3: 43.7, 4: 43.7, 5: 43.7, 6: 43.7}
2024-10-30 08:59:23,544 INFO: Running set_position_group for group 'Pivot_Group' with positions: 180
2024-10-30 08:59:23,548 INFO: Initialised Gait 1, waiting for 3 seconds
2024-10-30 08:59:26,549 INFO: Setting operating mode 'multi_turn' for group 'Wheg_Group'
2024-10-30 08:59:26,550 INFO: Disabling torque for group Wheg_Group
2024-10-30 08:59:26,552 INFO: Enabling torque for group Wheg_Group
2024-10-30 08:59:26,553 INFO: Setting the profile velocity for group Wheg_Group from config.yaml: 10
2024-10-30 08:59:26,555 INFO: Profile velocities set for group Wheg_Group: {1: 43.7, 2: 43.7, 3: 43.7, 4: 43.7, 5: 43.7, 6: 43.7}
2024-10-30 08:59:26,556 INFO: Setting the profile velocity for group Wheg_Group from config.yaml: 10
2024-10-30 08:59:26,558 INFO: Profile velocities set for group Wheg_Group: {1: 43.7, 2: 43.7, 3: 43.7, 4: 43.7, 5: 43.7, 6: 43.7}
2024-10-30 08:59:26,559 INFO: New gait 1 is now active.
2024-10-30 08:59:26,665 INFO: Profile velocities set for group Wheg_Group: {1: 8.74, 2: 8.74, 3: 8.74, 4: 8.74, 5: 8.74, 6: 8.74}
2024-10-30 08:59:26,666 INFO: Incrementing motor positions by 360 degrees for group 'Wheg_Group'
2024-10-30 08:59:26,676 INFO: Gait 1 step executed at 2.00RPM, wait for 30.00 seconds
2024-10-30 08:59:37,325 INFO: Share pressed. Reversing the direction of the whegs
2024-10-30 08:59:37,436 INFO: Share pressed. Reversing the direction of the whegs
2024-10-30 08:59:56,749 INFO: Disabling torque for group Wheg_Group
2024-10-30 08:59:56,750 INFO: Drive mode set for group Wheg_Group with reverse_direction={1: 0, 2: 0, 3: 0, 4: 1, 5: 1, 6: 1}
2024-10-30 08:59:56,751 INFO: Enabling torque for group Wheg_Group
2024-10-30 08:59:56,752 INFO: Setting the profile velocity for group Wheg_Group from config.yaml: 10
2024-10-30 08:59:56,753 INFO: Profile velocities set for group Wheg_Group: {1: 43.7, 2: 43.7, 3: 43.7, 4: 43.7, 5: 43.7, 6: 43.7}
2024-10-30 08:59:56,753 INFO: Reversed the direction of all whegs, waiting for 3 seconds
2024-10-30 08:59:59,754 INFO: Direction of whegs reversed.
2024-10-30 08:59:59,845 INFO: Initialising Gait 1
2024-10-30 08:59:59,845 INFO: Running set_position_group for group 'Wheg_Group' with positions: 180
2024-10-30 08:59:59,850 WARNING: Motor 1 is not in Position Control Mode. Setting mode now.
2024-10-30 08:59:59,851 INFO: Setting operating mode 'position' for group 'Wheg_Group'
2024-10-30 08:59:59,851 INFO: Disabling torque for group Wheg_Group
2024-10-30 08:59:59,852 INFO: Enabling torque for group Wheg_Group
2024-10-30 08:59:59,853 INFO: Setting the profile velocity for group Wheg_Group from config.yaml: 10
2024-10-30 08:59:59,854 INFO: Profile velocities set for group Wheg_Group: {1: 43.7, 2: 43.7, 3: 43.7, 4: 43.7, 5: 43.7, 6: 43.7}
2024-10-30 08:59:59,855 INFO: Setting the profile velocity for group Wheg_Group from config.yaml: 10
2024-10-30 08:59:59,856 INFO: Profile velocities set for group Wheg_Group: {1: 43.7, 2: 43.7, 3: 43.7, 4: 43.7, 5: 43.7, 6: 43.7}
2024-10-30 08:59:59,856 INFO: Running set_position_group for group 'Pivot_Group' with positions: 180
2024-10-30 08:59:59,860 INFO: Initialised Gait 1, waiting for 3 seconds
2024-10-30 09:00:02,861 INFO: Setting operating mode 'multi_turn' for group 'Wheg_Group'
2024-10-30 09:00:02,861 INFO: Disabling torque for group Wheg_Group
2024-10-30 09:00:02,862 INFO: Enabling torque for group Wheg_Group
2024-10-30 09:00:02,863 INFO: Setting the profile velocity for group Wheg_Group from config.yaml: 10
2024-10-30 09:00:02,864 INFO: Profile velocities set for group Wheg_Group: {1: 43.7, 2: 43.7, 3: 43.7, 4: 43.7, 5: 43.7, 6: 43.7}
2024-10-30 09:00:02,864 INFO: Setting the profile velocity for group Wheg_Group from config.yaml: 10
2024-10-30 09:00:02,865 INFO: Profile velocities set for group Wheg_Group: {1: 43.7, 2: 43.7, 3: 43.7, 4: 43.7, 5: 43.7, 6: 43.7}
2024-10-30 09:00:02,865 INFO: New gait 1 is now active.
2024-10-30 09:00:03,863 INFO: R3 pressed. Turning mode requested
2024-10-30 09:00:03,873 INFO: Initialising Turn Mode
2024-10-30 09:00:03,874 INFO: Running set_position_group for group 'Wheg_Group' with positions: {1: 160, 2: 200, 3: 160, 4: 160, 5: 200, 6: 160}
2024-10-30 09:00:03,880 WARNING: Motor 1 is not in Position Control Mode. Setting mode now.
2024-10-30 09:00:03,881 INFO: Setting operating mode 'position' for group 'Wheg_Group'
2024-10-30 09:00:03,882 INFO: Disabling torque for group Wheg_Group
2024-10-30 09:00:03,883 INFO: Enabling torque for group Wheg_Group
2024-10-30 09:00:03,884 INFO: Setting the profile velocity for group Wheg_Group from config.yaml: 10
2024-10-30 09:00:03,884 INFO: Profile velocities set for group Wheg_Group: {1: 43.7, 2: 43.7, 3: 43.7, 4: 43.7, 5: 43.7, 6: 43.7}
2024-10-30 09:00:03,885 INFO: Setting the profile velocity for group Wheg_Group from config.yaml: 10
2024-10-30 09:00:03,885 INFO: Profile velocities set for group Wheg_Group: {1: 43.7, 2: 43.7, 3: 43.7, 4: 43.7, 5: 43.7, 6: 43.7}
2024-10-30 09:00:03,886 INFO: Running set_position_group for group 'Pivot_Group' with positions: 180
2024-10-30 09:00:03,890 INFO: Initialised turn mode, waiting for 3 seconds
2024-10-30 09:00:03,976 INFO: R3 pressed. Turning mode requested
2024-10-30 09:00:04,090 INFO: R3 pressed. Turning mode requested
2024-10-30 09:00:06,890 INFO: Setting operating mode 'multi_turn' for group 'Wheg_Group'
2024-10-30 09:00:06,891 INFO: Disabling torque for group Wheg_Group
2024-10-30 09:00:06,894 INFO: Enabling torque for group Wheg_Group
2024-10-30 09:00:06,895 INFO: Setting the profile velocity for group Wheg_Group from config.yaml: 10
2024-10-30 09:00:06,896 INFO: Profile velocities set for group Wheg_Group: {1: 43.7, 2: 43.7, 3: 43.7, 4: 43.7, 5: 43.7, 6: 43.7}
2024-10-30 09:00:06,896 INFO: Setting the profile velocity for group Wheg_Group from config.yaml: 10
2024-10-30 09:00:06,897 INFO: Profile velocities set for group Wheg_Group: {1: 43.7, 2: 43.7, 3: 43.7, 4: 43.7, 5: 43.7, 6: 43.7}
2024-10-30 09:00:06,898 INFO: Turn mode activated.
2024-10-30 09:00:11,875 INFO: Running set_position_group for group 'Wheg_Group' with positions: {1: 200, 2: 160, 3: 200, 4: 200, 5: 160, 6: 200}
2024-10-30 09:00:11,880 WARNING: Motor 1 is not in Position Control Mode. Setting mode now.
2024-10-30 09:00:11,881 INFO: Setting operating mode 'position' for group 'Wheg_Group'
2024-10-30 09:00:11,881 INFO: Disabling torque for group Wheg_Group
2024-10-30 09:00:11,882 INFO: Enabling torque for group Wheg_Group
2024-10-30 09:00:11,883 INFO: Setting the profile velocity for group Wheg_Group from config.yaml: 10
2024-10-30 09:00:11,884 INFO: Profile velocities set for group Wheg_Group: {1: 43.7, 2: 43.7, 3: 43.7, 4: 43.7, 5: 43.7, 6: 43.7}
2024-10-30 09:00:11,884 INFO: Setting the profile velocity for group Wheg_Group from config.yaml: 10
2024-10-30 09:00:11,885 INFO: Profile velocities set for group Wheg_Group: {1: 43.7, 2: 43.7, 3: 43.7, 4: 43.7, 5: 43.7, 6: 43.7}
2024-10-30 09:00:11,891 WARNING: Motors are not in the correct positions for Gait 4. Positions: {1: 158.818359375, 2: 202.060546875, 3: 159.9609375, 4: 157.67578125, 5: 201.181640625, 6: 159.9609375}
2024-10-30 09:00:11,892 WARNING: Waiting for 1 second before checking for movement
2024-10-30 09:00:11,998 INFO: Motors are moving. Continuing with the gait.
2024-10-30 09:00:12,551 WARNING: Motors are not in the correct positions for Gait 4. Positions: {1: 194.94140625, 2: 179.736328125, 3: 196.611328125, 4: 191.25, 5: 166.2890625, 6: 195.908203125}
2024-10-30 09:00:12,552 WARNING: Waiting for 1 second before checking for movement
2024-10-30 09:00:12,659 INFO: Motors are moving. Continuing with the gait.
2024-10-30 09:00:13,230 INFO: Profile velocities set for group Wheg_Group: {1: 13.109866638183593, 2: 104.87893310546875, 3: 13.109866638183593, 4: 104.87893310546875, 5: 13.109866638183593, 6: 104.87893310546875}
2024-10-30 09:00:13,230 INFO: Incrementing motor positions by {1: -40, 2: -320, 3: -40, 4: 320, 5: 40, 6: 320} degrees for group 'Wheg_Group'
2024-10-30 09:00:13,236 WARNING: Motor 1 is not in Extended Position Control Mode. Setting mode now.
2024-10-30 09:00:13,237 INFO: Setting operating mode 'multi_turn' for group 'Wheg_Group'
2024-10-30 09:00:13,237 INFO: Disabling torque for group Wheg_Group
2024-10-30 09:00:13,238 INFO: Enabling torque for group Wheg_Group
2024-10-30 09:00:13,239 INFO: Setting the profile velocity for group Wheg_Group from config.yaml: 10
2024-10-30 09:00:13,240 INFO: Profile velocities set for group Wheg_Group: {1: 43.7, 2: 43.7, 3: 43.7, 4: 43.7, 5: 43.7, 6: 43.7}
2024-10-30 09:00:13,240 INFO: Setting the profile velocity for group Wheg_Group from config.yaml: 10
2024-10-30 09:00:13,241 INFO: Profile velocities set for group Wheg_Group: {1: 43.7, 2: 43.7, 3: 43.7, 4: 43.7, 5: 43.7, 6: 43.7}
2024-10-30 09:00:13,246 INFO: Gait 4 step executed at 3.00RPM, wait for -2.20 seconds
2024-10-30 09:00:13,259 INFO: Profile velocities set for group Wheg_Group: {1: 104.87893310546875, 2: 13.109866638183593, 3: 104.87893310546875, 4: 13.109866638183593, 5: 104.87893310546875, 6: 13.109866638183593}
2024-10-30 09:00:13,260 INFO: Incrementing motor positions by {1: -320, 2: -40, 3: -320, 4: 40, 5: 320, 6: 40} degrees for group 'Wheg_Group'
2024-10-30 09:00:13,271 INFO: Gait 4 step executed at 3.00RPM, wait for -2.20 seconds
2024-10-30 09:00:13,284 INFO: Profile velocities set for group Wheg_Group: {1: 13.109866638183593, 2: 104.87893310546875, 3: 13.109866638183593, 4: 104.87893310546875, 5: 13.109866638183593, 6: 104.87893310546875}
2024-10-30 09:00:13,285 INFO: Incrementing motor positions by {1: -40, 2: -320, 3: -40, 4: 320, 5: 40, 6: 320} degrees for group 'Wheg_Group'
2024-10-30 09:00:13,295 INFO: Gait 4 step executed at 3.00RPM, wait for -2.20 seconds
2024-10-30 09:00:13,308 INFO: Profile velocities set for group Wheg_Group: {1: 104.87893310546875, 2: 13.109866638183593, 3: 104.87893310546875, 4: 13.109866638183593, 5: 104.87893310546875, 6: 13.109866638183593}
2024-10-30 09:00:13,309 INFO: Incrementing motor positions by {1: -320, 2: -40, 3: -320, 4: 40, 5: 320, 6: 40} degrees for group 'Wheg_Group'
2024-10-30 09:00:13,320 INFO: Gait 4 step executed at 3.00RPM, wait for -2.20 seconds
2024-10-30 09:00:13,397 WARNING: Motors are not in the correct positions for Gait 4. Positions: {1: 193.974609375, 2: 153.984375, 3: 194.501953125, 4: 207.94921875, 5: 160.927734375, 6: 206.103515625}
2024-10-30 09:00:13,397 WARNING: Waiting for 1 second before checking for movement
2024-10-30 09:00:13,504 INFO: Motors are moving. Continuing with the gait.
2024-10-30 09:00:14,068 WARNING: Motors are not in the correct positions for Gait 4. Positions: {1: 95.009765625, 2: 138.427734375, 3: 93.955078125, 4: 224.208984375, 5: 264.287109375, 6: 219.55078125}
2024-10-30 09:00:14,069 WARNING: Waiting for 1 second before checking for movement
2024-10-30 09:00:14,176 INFO: Motors are moving. Continuing with the gait.
2024-10-30 09:00:14,744 WARNING: Motors are not in the correct positions for Gait 4. Positions: {1: 294.9453125, 2: 124.541015625, 3: 293.626953125, 4: 237.568359375, 5: 1.966796875, 6: 232.3828125}
2024-10-30 09:00:14,744 WARNING: Waiting for 1 second before checking for movement
2024-10-30 09:00:14,852 INFO: Motors are moving. Continuing with the gait.
2024-10-30 09:00:15,421 WARNING: Motors are not in the correct positions for Gait 4. Positions: {1: 197.123046875, 2: 112.236328125, 3: 196.5078125, 4: 247.8515625, 5: 88.451171875, 6: 241.435546875}
2024-10-30 09:00:15,421 WARNING: Waiting for 1 second before checking for movement
2024-10-30 09:00:15,528 INFO: Motors are moving. Continuing with the gait.
2024-10-30 09:00:16,099 WARNING: Motors are not in the correct positions for Gait 4. Positions: {1: 178.2265625, 2: 111.181640625, 3: 175.23828125, 4: 247.763671875, 5: 107.875, 6: 241.69921875}
2024-10-30 09:00:16,101 WARNING: Waiting for 1 second before checking for movement
2024-10-30 09:00:16,207 CRITICAL: Motors are not moving, reseting positions, and waiting for 3 seconds.
2024-10-30 09:00:16,208 INFO: Running set_position_group for group 'Wheg_Group' with positions: {1: 200, 2: 160, 3: 200, 4: 200, 5: 160, 6: 200}
2024-10-30 09:00:16,213 WARNING: Motor 1 is not in Position Control Mode. Setting mode now.
2024-10-30 09:00:16,213 INFO: Setting operating mode 'position' for group 'Wheg_Group'
2024-10-30 09:00:16,214 INFO: Disabling torque for group Wheg_Group
2024-10-30 09:00:16,215 INFO: Enabling torque for group Wheg_Group
2024-10-30 09:00:16,215 INFO: Setting the profile velocity for group Wheg_Group from config.yaml: 10
2024-10-30 09:00:16,216 INFO: Profile velocities set for group Wheg_Group: {1: 43.7, 2: 43.7, 3: 43.7, 4: 43.7, 5: 43.7, 6: 43.7}
2024-10-30 09:00:16,216 INFO: Setting the profile velocity for group Wheg_Group from config.yaml: 10
2024-10-30 09:00:16,217 INFO: Profile velocities set for group Wheg_Group: {1: 43.7, 2: 43.7, 3: 43.7, 4: 43.7, 5: 43.7, 6: 43.7}
2024-10-30 09:00:19,239 INFO: Setting operating mode 'multi_turn' for group 'Wheg_Group'
2024-10-30 09:00:19,240 INFO: Disabling torque for group Wheg_Group
2024-10-30 09:00:19,242 INFO: Enabling torque for group Wheg_Group
2024-10-30 09:00:19,242 INFO: Setting the profile velocity for group Wheg_Group from config.yaml: 10
2024-10-30 09:00:19,243 INFO: Profile velocities set for group Wheg_Group: {1: 43.7, 2: 43.7, 3: 43.7, 4: 43.7, 5: 43.7, 6: 43.7}
2024-10-30 09:00:19,243 INFO: Setting the profile velocity for group Wheg_Group from config.yaml: 10
2024-10-30 09:00:19,245 INFO: Profile velocities set for group Wheg_Group: {1: 43.7, 2: 43.7, 3: 43.7, 4: 43.7, 5: 43.7, 6: 43.7}
2024-10-30 09:00:19,245 INFO: Profile velocities set for group Wheg_Group: {1: 13.109866638183593, 2: 104.87893310546875, 3: 13.109866638183593, 4: 104.87893310546875, 5: 13.109866638183593, 6: 104.87893310546875}
2024-10-30 09:00:19,246 INFO: Incrementing motor positions by {1: -40, 2: -320, 3: -40, 4: 320, 5: 40, 6: 320} degrees for group 'Wheg_Group'
2024-10-30 09:00:19,256 INFO: Gait 4 step executed at 3.00RPM, wait for -2.20 seconds
2024-10-30 09:00:19,263 INFO: Running set_position_group for group 'Wheg_Group' with positions: {1: 160, 2: 200, 3: 160, 4: 160, 5: 200, 6: 160}
2024-10-30 09:00:19,268 WARNING: Motor 1 is not in Position Control Mode. Setting mode now.
2024-10-30 09:00:19,269 INFO: Setting operating mode 'position' for group 'Wheg_Group'
2024-10-30 09:00:19,269 INFO: Disabling torque for group Wheg_Group
2024-10-30 09:00:19,270 INFO: Enabling torque for group Wheg_Group
2024-10-30 09:00:19,271 INFO: Setting the profile velocity for group Wheg_Group from config.yaml: 10
2024-10-30 09:00:19,272 INFO: Profile velocities set for group Wheg_Group: {1: 43.7, 2: 43.7, 3: 43.7, 4: 43.7, 5: 43.7, 6: 43.7}
2024-10-30 09:00:19,272 INFO: Setting the profile velocity for group Wheg_Group from config.yaml: 10
2024-10-30 09:00:19,273 INFO: Profile velocities set for group Wheg_Group: {1: 43.7, 2: 43.7, 3: 43.7, 4: 43.7, 5: 43.7, 6: 43.7}
2024-10-30 09:00:19,779 INFO: Profile velocities set for group Wheg_Group: {1: 104.87893310546875, 2: 13.109866638183593, 3: 104.87893310546875, 4: 13.109866638183593, 5: 104.87893310546875, 6: 13.109866638183593}
2024-10-30 09:00:19,780 INFO: Incrementing motor positions by {1: 320, 2: 40, 3: 320, 4: -40, 5: -320, 6: -40} degrees for group 'Wheg_Group'
2024-10-30 09:00:19,785 WARNING: Motor 1 is not in Extended Position Control Mode. Setting mode now.
2024-10-30 09:00:19,785 INFO: Setting operating mode 'multi_turn' for group 'Wheg_Group'
2024-10-30 09:00:19,786 INFO: Disabling torque for group Wheg_Group
2024-10-30 09:00:19,787 INFO: Enabling torque for group Wheg_Group
2024-10-30 09:00:19,787 INFO: Setting the profile velocity for group Wheg_Group from config.yaml: 10
2024-10-30 09:00:19,788 INFO: Profile velocities set for group Wheg_Group: {1: 43.7, 2: 43.7, 3: 43.7, 4: 43.7, 5: 43.7, 6: 43.7}
2024-10-30 09:00:19,789 INFO: Setting the profile velocity for group Wheg_Group from config.yaml: 10
2024-10-30 09:00:19,789 INFO: Profile velocities set for group Wheg_Group: {1: 43.7, 2: 43.7, 3: 43.7, 4: 43.7, 5: 43.7, 6: 43.7}
2024-10-30 09:00:19,795 INFO: Gait 4 step executed at 3.00RPM, wait for 2.25 seconds
2024-10-30 09:00:22,556 WARNING: Motors are not in the correct positions for Gait 4. Positions: {1: 336.26953125, 2: 1.52734375, 3: 339.697265625, 4: 134.384765625, 5: 16.787109375, 6: 136.318359375}
2024-10-30 09:00:22,557 WARNING: Waiting for 1 second before checking for movement
2024-10-30 09:00:22,663 INFO: Motors are moving. Continuing with the gait.
2024-10-30 09:00:23,697 WARNING: Motors are not in the correct positions for Gait 4. Positions: {1: 45.296875, 2: 62.259765625, 3: 48.28515625, 4: 134.296875, 5: 244.759765625, 6: 136.318359375}
2024-10-30 09:00:23,698 WARNING: Waiting for 1 second before checking for movement
2024-10-30 09:00:23,804 INFO: Motors are moving. Continuing with the gait.
2024-10-30 09:00:24,839 WARNING: Motors are not in the correct positions for Gait 4. Positions: {1: 108.9296875, 2: 119.740234375, 3: 115.2578125, 4: 134.208984375, 5: 177.5234375, 6: 136.23046875}
2024-10-30 09:00:24,839 WARNING: Waiting for 1 second before checking for movement
2024-10-30 09:00:24,946 INFO: Motors are moving. Continuing with the gait.
2024-10-30 09:00:25,991 WARNING: Motors are not in the correct positions for Gait 4. Positions: {1: 133.802734375, 2: 148.3046875, 3: 139.33984375, 4: 134.208984375, 5: 156.517578125, 6: 136.0546875}
2024-10-30 09:00:25,991 WARNING: Waiting for 1 second before checking for movement
2024-10-30 09:00:26,098 CRITICAL: Motors are not moving, reseting positions, and waiting for 3 seconds.
2024-10-30 09:00:26,098 INFO: Running set_position_group for group 'Wheg_Group' with positions: {1: 160, 2: 200, 3: 160, 4: 160, 5: 200, 6: 160}
2024-10-30 09:00:26,103 WARNING: Motor 1 is not in Position Control Mode. Setting mode now.
2024-10-30 09:00:26,104 INFO: Setting operating mode 'position' for group 'Wheg_Group'
2024-10-30 09:00:26,104 INFO: Disabling torque for group Wheg_Group
2024-10-30 09:00:26,105 INFO: Enabling torque for group Wheg_Group
2024-10-30 09:00:26,106 INFO: Setting the profile velocity for group Wheg_Group from config.yaml: 10
2024-10-30 09:00:26,107 INFO: Profile velocities set for group Wheg_Group: {1: 43.7, 2: 43.7, 3: 43.7, 4: 43.7, 5: 43.7, 6: 43.7}
2024-10-30 09:00:26,107 INFO: Setting the profile velocity for group Wheg_Group from config.yaml: 10
2024-10-30 09:00:26,108 INFO: Profile velocities set for group Wheg_Group: {1: 43.7, 2: 43.7, 3: 43.7, 4: 43.7, 5: 43.7, 6: 43.7}
2024-10-30 09:00:29,117 INFO: Setting operating mode 'multi_turn' for group 'Wheg_Group'
2024-10-30 09:00:29,118 INFO: Disabling torque for group Wheg_Group
2024-10-30 09:00:29,121 INFO: Enabling torque for group Wheg_Group
2024-10-30 09:00:29,123 INFO: Setting the profile velocity for group Wheg_Group from config.yaml: 10
2024-10-30 09:00:29,124 INFO: Profile velocities set for group Wheg_Group: {1: 43.7, 2: 43.7, 3: 43.7, 4: 43.7, 5: 43.7, 6: 43.7}
2024-10-30 09:00:29,124 INFO: Setting the profile velocity for group Wheg_Group from config.yaml: 10
2024-10-30 09:00:29,125 INFO: Profile velocities set for group Wheg_Group: {1: 43.7, 2: 43.7, 3: 43.7, 4: 43.7, 5: 43.7, 6: 43.7}
2024-10-30 09:00:29,126 INFO: Profile velocities set for group Wheg_Group: {1: 13.109866638183593, 2: 104.87893310546875, 3: 13.109866638183593, 4: 104.87893310546875, 5: 13.109866638183593, 6: 104.87893310546875}
2024-10-30 09:00:29,127 INFO: Incrementing motor positions by {1: 40, 2: 320, 3: 40, 4: -320, 5: -40, 6: -320} degrees for group 'Wheg_Group'
2024-10-30 09:00:29,137 INFO: Gait 4 step executed at 3.00RPM, wait for 2.25 seconds
2024-10-30 09:00:56,683 INFO: share pressed. Turning mode deactivating
2024-10-30 09:00:56,686 WARNING: No motors found for group 'All_Whegs'
2024-10-30 09:00:56,687 WARNING: Set direction of whegs to forward
2024-10-30 09:00:56,688 INFO: Turn mode deactivating
2024-10-30 09:00:56,798 INFO: share pressed. Turning mode deactivating
2024-10-30 09:02:27,894 INFO: Profile velocities set for group Wheg_Group: {1: 7.934494628906251, 2: 7.934494628906251, 3: 7.934494628906251, 4: 7.934494628906251, 5: 7.934494628906251, 6: 7.934494628906251}
2024-10-30 09:02:27,895 INFO: Incrementing motor positions by 360 degrees for group 'Wheg_Group'
2024-10-30 09:02:27,907 INFO: Gait 1 step executed at 1.82RPM, wait for 33.05 seconds
2024-10-30 09:02:36,993 INFO: Running set_position_group for group 'Pivot_Group' with positions: {7: 175, 8: 180}
2024-10-30 09:02:36,996 INFO: Front pivot angle set to 175 degrees (ticks: 175)
2024-10-30 09:02:36,996 INFO: Rear pivot angle set to 180 degrees (ticks: 180)
2024-10-30 09:02:37,248 INFO: Running set_position_group for group 'Pivot_Group' with positions: {7: 170, 8: 180}
2024-10-30 09:02:37,251 INFO: Front pivot angle set to 170 degrees (ticks: 170)
2024-10-30 09:02:37,252 INFO: Rear pivot angle set to 180 degrees (ticks: 180)
2024-10-30 09:02:37,503 INFO: Running set_position_group for group 'Pivot_Group' with positions: {7: 165, 8: 180}
2024-10-30 09:02:37,507 INFO: Front pivot angle set to 165 degrees (ticks: 165)
2024-10-30 09:02:37,508 INFO: Rear pivot angle set to 180 degrees (ticks: 180)
2024-10-30 09:02:53,585 INFO: Running set_position_group for group 'Pivot_Group' with positions: {7: 170, 8: 180}
2024-10-30 09:02:53,589 INFO: Front pivot angle set to 170 degrees (ticks: 170)
2024-10-30 09:02:53,589 INFO: Rear pivot angle set to 180 degrees (ticks: 180)
2024-10-30 09:03:00,975 INFO: Profile velocities set for group Wheg_Group: {1: 12.30449462890625, 2: 12.30449462890625, 3: 12.30449462890625, 4: 12.30449462890625, 5: 12.30449462890625, 6: 12.30449462890625}
2024-10-30 09:03:00,976 INFO: Incrementing motor positions by 360 degrees for group 'Wheg_Group'
2024-10-30 09:03:00,987 INFO: Gait 1 step executed at 2.82RPM, wait for 21.31 seconds
2024-10-30 09:03:11,082 INFO: Initiating safe shutdown...
2024-10-30 09:03:11,082 INFO: Setting operating mode 'velocity' for group 'All_Motors'
2024-10-30 09:03:11,083 INFO: Disabling torque for group All_Motors
2024-10-30 09:03:11,084 INFO: Enabling torque for group All_Motors
2024-10-30 09:03:11,085 INFO: Setting the profile velocity for group All_Motors from config.yaml: 8
2024-10-30 09:03:11,086 INFO: Profile velocities set for group All_Motors: {1: 34.96, 2: 34.96, 3: 34.96, 4: 34.96, 5: 34.96, 6: 34.96, 7: 34.96, 8: 34.96}
2024-10-30 09:03:11,086 WARNING: Velocity limit 200 exceeds hard limit 100. Limiting to 100.
2024-10-30 09:03:11,087 INFO: Velocity limit set to 100 for group All_Motors
2024-10-30 09:03:11,088 INFO: Enabling torque for group All_Motors
2024-10-30 09:03:11,089 INFO: Setting the profile velocity for group All_Motors from config.yaml: 8
2024-10-30 09:03:11,089 INFO: Profile velocities set for group All_Motors: {1: 34.96, 2: 34.96, 3: 34.96, 4: 34.96, 5: 34.96, 6: 34.96, 7: 34.96, 8: 34.96}
2024-10-30 09:03:11,090 INFO: Target velocities set for group All_Motors: {1: 0, 2: 0, 3: 0, 4: 0, 5: 0, 6: 0, 7: 0, 8: 0}
2024-10-30 09:03:11,091 INFO: Running set_position_group for group 'All_Motors' with positions: 180
2024-10-30 09:03:11,098 WARNING: Motor 1 is not in Position Control Mode. Setting mode now.
2024-10-30 09:03:11,099 INFO: Setting operating mode 'position' for group 'All_Motors'
2024-10-30 09:03:11,099 INFO: Disabling torque for group All_Motors
2024-10-30 09:03:11,100 INFO: Enabling torque for group All_Motors
2024-10-30 09:03:11,101 INFO: Setting the profile velocity for group All_Motors from config.yaml: 8
2024-10-30 09:03:11,102 INFO: Profile velocities set for group All_Motors: {1: 34.96, 2: 34.96, 3: 34.96, 4: 34.96, 5: 34.96, 6: 34.96, 7: 34.96, 8: 34.96}
2024-10-30 09:03:11,102 INFO: Setting the profile velocity for group All_Motors from config.yaml: 8
2024-10-30 09:03:11,103 INFO: Profile velocities set for group All_Motors: {1: 34.96, 2: 34.96, 3: 34.96, 4: 34.96, 5: 34.96, 6: 34.96, 7: 34.96, 8: 34.96}
2024-10-30 09:03:11,104 INFO: Closing PS4Controller and quitting pygame
2024-10-30 09:03:11,201 INFO: Port closed successfully.
2024-10-30 09:03:11,201 INFO: Shutdown complete.
