2024-10-30 13:06:14,859 INFO: Initializing PS4Controller
2024-10-30 13:06:15,185 INFO: Configuration loaded successfully
2024-10-30 13:06:15,188 INFO: Port /dev/ttyACM0 opened successfully
2024-10-30 13:06:15,198 INFO: Baudrate set to 1000000
2024-10-30 13:06:15,199 INFO: Control table loaded successfully.
2024-10-30 13:06:15,200 INFO: Motor group 'Pivot_Group' created with motors: [7, 8]
2024-10-30 13:06:15,200 INFO: Motor group 'Wheg_Group' created with motors: [1, 2, 3, 4, 5, 6]
2024-10-30 13:06:15,201 INFO: Motor group 'All_Motors' created with motors: [1, 2, 3, 4, 5, 6, 7, 8]
2024-10-30 13:06:15,201 INFO: Motor group 'Left_Whegs' created with motors: [1, 2, 3]
2024-10-30 13:06:15,202 INFO: Motor group 'Right_Whegs' created with motors: [4, 5, 6]
2024-10-30 13:06:15,202 INFO: Motor group 'Front_Whegs' created with motors: [3, 6]
2024-10-30 13:06:15,202 INFO: Motor group 'Rear_Whegs' created with motors: [1, 4]
2024-10-30 13:06:15,203 INFO: Motor group 'Middle_Whegs' created with motors: [2, 5]
2024-10-30 13:06:15,203 INFO: Motor group 'Two_Right_One_Left' created with motors: [2, 4, 6]
2024-10-30 13:06:15,204 INFO: Motor group 'Two_Left_One_Right' created with motors: [5, 1, 3]
2024-10-30 13:06:15,204 INFO: Initialised PS4 controller, Dynamixel, and Robot State
2024-10-30 13:06:15,367 INFO: Disabling torque for group Right_Whegs
2024-10-30 13:06:15,369 INFO: Drive mode set for group Right_Whegs with reverse_direction=True
2024-10-30 13:06:15,370 INFO: Enabling torque for group Right_Whegs
2024-10-30 13:06:15,372 INFO: Setting the profile velocity for group Right_Whegs from config.yaml: None
2024-10-30 13:06:15,374 ERROR: Profile velocity for group Right_Whegs not found in config.yaml and no value was provided.
2024-10-30 13:06:15,375 INFO: Profile velocities set for group Right_Whegs: {4: 21.85, 5: 21.85, 6: 21.85}
2024-10-30 13:06:15,376 INFO: Disabling torque for group Left_Whegs
2024-10-30 13:06:15,377 INFO: Drive mode set for group Left_Whegs with reverse_direction=False
2024-10-30 13:06:15,378 INFO: Enabling torque for group Left_Whegs
2024-10-30 13:06:15,379 INFO: Setting the profile velocity for group Left_Whegs from config.yaml: None
2024-10-30 13:06:15,379 ERROR: Profile velocity for group Left_Whegs not found in config.yaml and no value was provided.
2024-10-30 13:06:15,380 INFO: Profile velocities set for group Left_Whegs: {1: 21.85, 2: 21.85, 3: 21.85}
2024-10-30 13:06:15,380 INFO: Set the right side whegs to reverse direction
2024-10-30 13:06:15,381 INFO: Disabling torque for group Pivot_Group
2024-10-30 13:06:15,382 INFO: Drive mode set for group Pivot_Group with reverse_direction=False
2024-10-30 13:06:15,382 INFO: Enabling torque for group Pivot_Group
2024-10-30 13:06:15,383 INFO: Setting the profile velocity for group Pivot_Group from config.yaml: 4
2024-10-30 13:06:15,384 INFO: Profile velocities set for group Pivot_Group: {7: 17.48, 8: 17.48}
2024-10-30 13:06:15,386 INFO: Position limits set for group Pivot_Group: min=45° (ticks=511), max=315° (ticks=3583)
2024-10-30 13:06:15,387 INFO: Set position limits for the pivot motors
2024-10-30 13:06:15,398 INFO: Initialising Gait 1
2024-10-30 13:06:15,398 INFO: Running set_position_group for group 'Wheg_Group' with positions: 180
2024-10-30 13:06:15,404 INFO: Running set_position_group for group 'Pivot_Group' with positions: 180
2024-10-30 13:06:15,407 INFO: Initialised Gait 1, waiting for 3 seconds
2024-10-30 13:06:15,408 ERROR: Error controlling pivots: 'dpad_down'
2024-10-30 13:06:18,408 INFO: Setting operating mode 'multi_turn' for group 'Wheg_Group'
2024-10-30 13:06:18,409 INFO: Disabling torque for group Wheg_Group
2024-10-30 13:06:18,411 INFO: Enabling torque for group Wheg_Group
2024-10-30 13:06:18,412 INFO: Setting the profile velocity for group Wheg_Group from config.yaml: 10
2024-10-30 13:06:18,413 INFO: Profile velocities set for group Wheg_Group: {1: 43.7, 2: 43.7, 3: 43.7, 4: 43.7, 5: 43.7, 6: 43.7}
2024-10-30 13:06:18,414 INFO: Setting the profile velocity for group Wheg_Group from config.yaml: 10
2024-10-30 13:06:18,415 INFO: Profile velocities set for group Wheg_Group: {1: 43.7, 2: 43.7, 3: 43.7, 4: 43.7, 5: 43.7, 6: 43.7}
2024-10-30 13:06:18,416 INFO: New gait 1 is now active.
2024-10-30 13:06:30,300 INFO: Triangle pressed. Preparing to change to next gait: 2
2024-10-30 13:06:30,311 INFO: Initialising Gait 2
2024-10-30 13:06:30,311 INFO: Running set_position_group for group 'Wheg_Group' with positions: {1: 160, 2: 200, 3: 160, 4: 200, 5: 160, 6: 200}
2024-10-30 13:06:30,316 WARNING: Motor 1 is not in Position Control Mode. Setting mode now.
2024-10-30 13:06:30,317 INFO: Setting operating mode 'position' for group 'Wheg_Group'
2024-10-30 13:06:30,317 INFO: Disabling torque for group Wheg_Group
2024-10-30 13:06:30,318 INFO: Enabling torque for group Wheg_Group
2024-10-30 13:06:30,320 INFO: Setting the profile velocity for group Wheg_Group from config.yaml: 10
2024-10-30 13:06:30,321 INFO: Profile velocities set for group Wheg_Group: {1: 43.7, 2: 43.7, 3: 43.7, 4: 43.7, 5: 43.7, 6: 43.7}
2024-10-30 13:06:30,322 INFO: Setting the profile velocity for group Wheg_Group from config.yaml: 10
2024-10-30 13:06:30,322 INFO: Profile velocities set for group Wheg_Group: {1: 43.7, 2: 43.7, 3: 43.7, 4: 43.7, 5: 43.7, 6: 43.7}
2024-10-30 13:06:30,323 INFO: Running set_position_group for group 'Pivot_Group' with positions: 180
2024-10-30 13:06:30,327 INFO: Initialised Gait 2, waiting for 3 seconds
2024-10-30 13:06:30,482 INFO: Triangle pressed. Preparing to change to next gait: 2
2024-10-30 13:06:33,349 INFO: Setting operating mode 'multi_turn' for group 'Wheg_Group'
2024-10-30 13:06:33,350 INFO: Disabling torque for group Wheg_Group
2024-10-30 13:06:33,352 INFO: Enabling torque for group Wheg_Group
2024-10-30 13:06:33,355 INFO: Setting the profile velocity for group Wheg_Group from config.yaml: 10
2024-10-30 13:06:33,356 INFO: Profile velocities set for group Wheg_Group: {1: 43.7, 2: 43.7, 3: 43.7, 4: 43.7, 5: 43.7, 6: 43.7}
2024-10-30 13:06:33,357 INFO: Setting the profile velocity for group Wheg_Group from config.yaml: 10
2024-10-30 13:06:33,357 INFO: Profile velocities set for group Wheg_Group: {1: 43.7, 2: 43.7, 3: 43.7, 4: 43.7, 5: 43.7, 6: 43.7}
2024-10-30 13:06:33,358 INFO: New gait 2 is now active.
2024-10-30 13:06:34,169 INFO: Profile velocities set for group Wheg_Group: {1: 8.74, 2: 69.92, 3: 8.74, 4: 69.92, 5: 8.74, 6: 69.92}
2024-10-30 13:06:34,170 INFO: Incrementing motor positions by {1: 40, 2: 320, 3: 40, 4: 320, 5: 40, 6: 320} degrees for group 'Wheg_Group'
2024-10-30 13:06:34,182 INFO: Gait 2 step executed at 2.00RPM, wait for 3.36 seconds
2024-10-30 13:06:37,564 INFO: Profile velocities set for group Wheg_Group: {1: 104.88, 2: 13.11, 3: 104.88, 4: 13.11, 5: 104.88, 6: 13.11}
2024-10-30 13:06:37,565 INFO: Incrementing motor positions by {1: 320, 2: 40, 3: 320, 4: 40, 5: 320, 6: 40} degrees for group 'Wheg_Group'
2024-10-30 13:06:37,576 INFO: Gait 2 step executed at 3.00RPM, wait for 2.25 seconds
2024-10-30 13:06:39,848 INFO: Profile velocities set for group Wheg_Group: {1: 17.479866638183594, 2: 139.83893310546875, 3: 17.479866638183594, 4: 139.83893310546875, 5: 17.479866638183594, 6: 139.83893310546875}
2024-10-30 13:06:39,849 INFO: Incrementing motor positions by {1: 40, 2: 320, 3: 40, 4: 320, 5: 40, 6: 320} degrees for group 'Wheg_Group'
2024-10-30 13:06:39,860 INFO: Gait 2 step executed at 4.00RPM, wait for 1.69 seconds
2024-10-30 13:06:41,576 INFO: Profile velocities set for group Wheg_Group: {1: 139.83893310546875, 2: 17.479866638183594, 3: 139.83893310546875, 4: 17.479866638183594, 5: 139.83893310546875, 6: 17.479866638183594}
2024-10-30 13:06:41,577 INFO: Incrementing motor positions by {1: 320, 2: 40, 3: 320, 4: 40, 5: 320, 6: 40} degrees for group 'Wheg_Group'
2024-10-30 13:06:41,588 INFO: Gait 2 step executed at 4.00RPM, wait for 1.69 seconds
2024-10-30 13:06:41,891 INFO: Running set_position_group for group 'Pivot_Group' with positions: {7: 180, 8: 175}
2024-10-30 13:06:41,897 INFO: Front pivot angle set to 180 degrees (ticks: 180)
2024-10-30 13:06:41,898 INFO: Rear pivot angle set to 175 degrees (ticks: 175)
2024-10-30 13:06:42,425 INFO: Running set_position_group for group 'Pivot_Group' with positions: {7: 180, 8: 170}
2024-10-30 13:06:42,431 INFO: Front pivot angle set to 180 degrees (ticks: 180)
2024-10-30 13:06:42,432 INFO: Rear pivot angle set to 170 degrees (ticks: 170)
2024-10-30 13:06:42,691 INFO: Running set_position_group for group 'Pivot_Group' with positions: {7: 180, 8: 165}
2024-10-30 13:06:42,697 INFO: Front pivot angle set to 180 degrees (ticks: 180)
2024-10-30 13:06:42,697 INFO: Rear pivot angle set to 165 degrees (ticks: 165)
2024-10-30 13:06:43,336 WARNING: Motors are not in the correct positions for Gait 2. Positions: {1: 149.041015625, 2: 179.36328125, 3: 148.337890625, 4: 195.095703125, 5: 167.498046875, 6: 193.337890625}
2024-10-30 13:06:43,336 WARNING: Waiting for 1 second before checking for movement
2024-10-30 13:06:43,442 INFO: Motors are moving. Continuing with the gait.
2024-10-30 13:06:43,756 INFO: Running set_position_group for group 'Pivot_Group' with positions: {7: 180, 8: 170}
2024-10-30 13:06:43,761 INFO: Front pivot angle set to 180 degrees (ticks: 180)
2024-10-30 13:06:43,762 INFO: Rear pivot angle set to 170 degrees (ticks: 170)
2024-10-30 13:06:43,967 WARNING: Motors are not in the correct positions for Gait 2. Positions: {1: 152.1171875, 2: 179.5390625, 3: 150.53515625, 4: 195.271484375, 5: 168.2890625, 6: 192.8984375}
2024-10-30 13:06:43,967 WARNING: Waiting for 1 second before checking for movement
2024-10-30 13:06:44,074 CRITICAL: Motors are not moving, reseting positions, and waiting for 3 seconds.
2024-10-30 13:06:44,074 INFO: Running set_position_group for group 'Wheg_Group' with positions: {1: 160, 2: 200, 3: 160, 4: 200, 5: 160, 6: 200}
2024-10-30 13:06:44,080 WARNING: Motor 1 is not in Position Control Mode. Setting mode now.
2024-10-30 13:06:44,080 INFO: Setting operating mode 'position' for group 'Wheg_Group'
2024-10-30 13:06:44,080 INFO: Disabling torque for group Wheg_Group
2024-10-30 13:06:44,081 INFO: Enabling torque for group Wheg_Group
2024-10-30 13:06:44,082 INFO: Setting the profile velocity for group Wheg_Group from config.yaml: 10
2024-10-30 13:06:44,083 INFO: Profile velocities set for group Wheg_Group: {1: 43.7, 2: 43.7, 3: 43.7, 4: 43.7, 5: 43.7, 6: 43.7}
2024-10-30 13:06:44,083 INFO: Setting the profile velocity for group Wheg_Group from config.yaml: 10
2024-10-30 13:06:44,084 INFO: Profile velocities set for group Wheg_Group: {1: 43.7, 2: 43.7, 3: 43.7, 4: 43.7, 5: 43.7, 6: 43.7}
2024-10-30 13:06:44,586 INFO: Setting operating mode 'multi_turn' for group 'Wheg_Group'
2024-10-30 13:06:44,586 INFO: Disabling torque for group Wheg_Group
2024-10-30 13:06:44,587 INFO: Enabling torque for group Wheg_Group
2024-10-30 13:06:44,588 INFO: Setting the profile velocity for group Wheg_Group from config.yaml: 10
2024-10-30 13:06:44,589 INFO: Profile velocities set for group Wheg_Group: {1: 43.7, 2: 43.7, 3: 43.7, 4: 43.7, 5: 43.7, 6: 43.7}
2024-10-30 13:06:44,589 INFO: Setting the profile velocity for group Wheg_Group from config.yaml: 10
2024-10-30 13:06:44,590 INFO: Profile velocities set for group Wheg_Group: {1: 43.7, 2: 43.7, 3: 43.7, 4: 43.7, 5: 43.7, 6: 43.7}
2024-10-30 13:06:44,591 INFO: Profile velocities set for group Wheg_Group: {1: 17.479866638183594, 2: 139.83893310546875, 3: 17.479866638183594, 4: 139.83893310546875, 5: 17.479866638183594, 6: 139.83893310546875}
2024-10-30 13:06:44,591 INFO: Incrementing motor positions by {1: 40, 2: 320, 3: 40, 4: 320, 5: 40, 6: 320} degrees for group 'Wheg_Group'
2024-10-30 13:06:44,602 INFO: Gait 2 step executed at 4.00RPM, wait for 1.69 seconds
2024-10-30 13:06:44,839 INFO: Running set_position_group for group 'Pivot_Group' with positions: {7: 180, 8: 175}
2024-10-30 13:06:44,844 INFO: Front pivot angle set to 180 degrees (ticks: 180)
2024-10-30 13:06:44,845 INFO: Rear pivot angle set to 175 degrees (ticks: 175)
2024-10-30 13:06:45,113 INFO: Running set_position_group for group 'Pivot_Group' with positions: {7: 180, 8: 180}
2024-10-30 13:06:45,121 INFO: Front pivot angle set to 180 degrees (ticks: 180)
2024-10-30 13:06:45,123 INFO: Rear pivot angle set to 180 degrees (ticks: 180)
2024-10-30 13:06:46,343 INFO: Profile velocities set for group Wheg_Group: {1: 139.83893310546875, 2: 17.479866638183594, 3: 139.83893310546875, 4: 17.479866638183594, 5: 139.83893310546875, 6: 17.479866638183594}
2024-10-30 13:06:46,343 INFO: Incrementing motor positions by {1: 320, 2: 40, 3: 320, 4: 40, 5: 320, 6: 40} degrees for group 'Wheg_Group'
2024-10-30 13:06:46,354 INFO: Gait 2 step executed at 4.00RPM, wait for 1.69 seconds
2024-10-30 13:06:48,069 INFO: Profile velocities set for group Wheg_Group: {1: 17.479866638183594, 2: 139.83893310546875, 3: 17.479866638183594, 4: 139.83893310546875, 5: 17.479866638183594, 6: 139.83893310546875}
2024-10-30 13:06:48,070 INFO: Incrementing motor positions by {1: 40, 2: 320, 3: 40, 4: 320, 5: 40, 6: 320} degrees for group 'Wheg_Group'
2024-10-30 13:06:48,080 INFO: Gait 2 step executed at 4.00RPM, wait for 1.69 seconds
2024-10-30 13:06:49,833 INFO: Profile velocities set for group Wheg_Group: {1: 139.83893310546875, 2: 17.479866638183594, 3: 139.83893310546875, 4: 17.479866638183594, 5: 139.83893310546875, 6: 17.479866638183594}
2024-10-30 13:06:49,833 INFO: Incrementing motor positions by {1: 320, 2: 40, 3: 320, 4: 40, 5: 320, 6: 40} degrees for group 'Wheg_Group'
2024-10-30 13:06:49,844 INFO: Gait 2 step executed at 4.00RPM, wait for 1.69 seconds
2024-10-30 13:06:51,562 INFO: Profile velocities set for group Wheg_Group: {1: 17.479866638183594, 2: 139.83893310546875, 3: 17.479866638183594, 4: 139.83893310546875, 5: 17.479866638183594, 6: 139.83893310546875}
2024-10-30 13:06:51,563 INFO: Incrementing motor positions by {1: 40, 2: 320, 3: 40, 4: 320, 5: 40, 6: 320} degrees for group 'Wheg_Group'
2024-10-30 13:06:51,574 INFO: Gait 2 step executed at 4.00RPM, wait for 1.69 seconds
2024-10-30 13:06:53,324 INFO: Profile velocities set for group Wheg_Group: {1: 139.83893310546875, 2: 17.479866638183594, 3: 139.83893310546875, 4: 17.479866638183594, 5: 139.83893310546875, 6: 17.479866638183594}
2024-10-30 13:06:53,325 INFO: Incrementing motor positions by {1: 320, 2: 40, 3: 320, 4: 40, 5: 320, 6: 40} degrees for group 'Wheg_Group'
2024-10-30 13:06:53,335 INFO: Gait 2 step executed at 4.00RPM, wait for 1.69 seconds
2024-10-30 13:06:55,051 INFO: Profile velocities set for group Wheg_Group: {1: 17.479866638183594, 2: 139.83893310546875, 3: 17.479866638183594, 4: 139.83893310546875, 5: 17.479866638183594, 6: 139.83893310546875}
2024-10-30 13:06:55,051 INFO: Incrementing motor positions by {1: 40, 2: 320, 3: 40, 4: 320, 5: 40, 6: 320} degrees for group 'Wheg_Group'
2024-10-30 13:06:55,062 INFO: Gait 2 step executed at 4.00RPM, wait for 1.69 seconds
2024-10-30 13:06:56,814 INFO: Profile velocities set for group Wheg_Group: {1: 139.83893310546875, 2: 17.479866638183594, 3: 139.83893310546875, 4: 17.479866638183594, 5: 139.83893310546875, 6: 17.479866638183594}
2024-10-30 13:06:56,815 INFO: Incrementing motor positions by {1: 320, 2: 40, 3: 320, 4: 40, 5: 320, 6: 40} degrees for group 'Wheg_Group'
2024-10-30 13:06:56,827 INFO: Gait 2 step executed at 4.00RPM, wait for 1.69 seconds
2024-10-30 13:06:58,542 INFO: Profile velocities set for group Wheg_Group: {1: 17.479866638183594, 2: 139.83893310546875, 3: 17.479866638183594, 4: 139.83893310546875, 5: 17.479866638183594, 6: 139.83893310546875}
2024-10-30 13:06:58,543 INFO: Incrementing motor positions by {1: 40, 2: 320, 3: 40, 4: 320, 5: 40, 6: 320} degrees for group 'Wheg_Group'
2024-10-30 13:06:58,553 INFO: Gait 2 step executed at 4.00RPM, wait for 1.69 seconds
2024-10-30 13:07:00,300 INFO: Profile velocities set for group Wheg_Group: {1: 119.8229248046875, 2: 14.977865600585938, 3: 119.8229248046875, 4: 14.977865600585938, 5: 119.8229248046875, 6: 14.977865600585938}
2024-10-30 13:07:00,300 INFO: Incrementing motor positions by {1: 320, 2: 40, 3: 320, 4: 40, 5: 320, 6: 40} degrees for group 'Wheg_Group'
2024-10-30 13:07:00,312 INFO: Gait 2 step executed at 3.43RPM, wait for 1.97 seconds
2024-10-30 13:07:02,469 INFO: R3 pressed. Turning mode requested
2024-10-30 13:07:02,479 INFO: Initialising Turn Mode
2024-10-30 13:07:02,480 INFO: Running set_position_group for group 'Wheg_Group' with positions: {1: 160, 2: 200, 3: 160, 4: 160, 5: 200, 6: 160}
2024-10-30 13:07:02,485 WARNING: Motor 1 is not in Position Control Mode. Setting mode now.
2024-10-30 13:07:02,486 INFO: Setting operating mode 'position' for group 'Wheg_Group'
2024-10-30 13:07:02,486 INFO: Disabling torque for group Wheg_Group
2024-10-30 13:07:02,489 INFO: Enabling torque for group Wheg_Group
2024-10-30 13:07:02,490 INFO: Setting the profile velocity for group Wheg_Group from config.yaml: 10
2024-10-30 13:07:02,491 INFO: Profile velocities set for group Wheg_Group: {1: 43.7, 2: 43.7, 3: 43.7, 4: 43.7, 5: 43.7, 6: 43.7}
2024-10-30 13:07:02,491 INFO: Setting the profile velocity for group Wheg_Group from config.yaml: 10
2024-10-30 13:07:02,493 INFO: Profile velocities set for group Wheg_Group: {1: 43.7, 2: 43.7, 3: 43.7, 4: 43.7, 5: 43.7, 6: 43.7}
2024-10-30 13:07:02,494 INFO: Running set_position_group for group 'Pivot_Group' with positions: 180
2024-10-30 13:07:02,497 INFO: Initialised turn mode, waiting for 3 seconds
2024-10-30 13:07:05,523 INFO: Setting operating mode 'multi_turn' for group 'Wheg_Group'
2024-10-30 13:07:05,524 INFO: Disabling torque for group Wheg_Group
2024-10-30 13:07:05,527 INFO: Enabling torque for group Wheg_Group
2024-10-30 13:07:05,528 INFO: Setting the profile velocity for group Wheg_Group from config.yaml: 10
2024-10-30 13:07:05,529 INFO: Profile velocities set for group Wheg_Group: {1: 43.7, 2: 43.7, 3: 43.7, 4: 43.7, 5: 43.7, 6: 43.7}
2024-10-30 13:07:05,529 INFO: Setting the profile velocity for group Wheg_Group from config.yaml: 10
2024-10-30 13:07:05,530 INFO: Profile velocities set for group Wheg_Group: {1: 43.7, 2: 43.7, 3: 43.7, 4: 43.7, 5: 43.7, 6: 43.7}
2024-10-30 13:07:05,531 INFO: Turn mode activated.
2024-10-30 13:07:05,556 INFO: Running set_position_group for group 'Wheg_Group' with positions: {1: 200, 2: 160, 3: 200, 4: 200, 5: 160, 6: 200}
2024-10-30 13:07:05,561 WARNING: Motor 1 is not in Position Control Mode. Setting mode now.
2024-10-30 13:07:05,562 INFO: Setting operating mode 'position' for group 'Wheg_Group'
2024-10-30 13:07:05,562 INFO: Disabling torque for group Wheg_Group
2024-10-30 13:07:05,563 INFO: Enabling torque for group Wheg_Group
2024-10-30 13:07:05,564 INFO: Setting the profile velocity for group Wheg_Group from config.yaml: 10
2024-10-30 13:07:05,564 INFO: Profile velocities set for group Wheg_Group: {1: 43.7, 2: 43.7, 3: 43.7, 4: 43.7, 5: 43.7, 6: 43.7}
2024-10-30 13:07:05,564 INFO: Setting the profile velocity for group Wheg_Group from config.yaml: 10
2024-10-30 13:07:05,565 INFO: Profile velocities set for group Wheg_Group: {1: 43.7, 2: 43.7, 3: 43.7, 4: 43.7, 5: 43.7, 6: 43.7}
2024-10-30 13:07:05,571 WARNING: Motors are not in the correct positions for Gait 4. Positions: {1: 162.333984375, 2: 201.26953125, 3: 159.9609375, 4: 160.927734375, 5: 196.962890625, 6: 159.9609375}
2024-10-30 13:07:05,572 WARNING: Waiting for 1 second before checking for movement
2024-10-30 13:07:05,709 INFO: Motors are moving. Continuing with the gait.
2024-10-30 13:07:06,895 INFO: Profile velocities set for group Wheg_Group: {1: 8.74, 2: 69.92, 3: 8.74, 4: 69.92, 5: 8.74, 6: 69.92}
2024-10-30 13:07:06,896 INFO: Incrementing motor positions by {1: -40, 2: -320, 3: -40, 4: 320, 5: 40, 6: 320} degrees for group 'Wheg_Group'
2024-10-30 13:07:06,901 WARNING: Motor 1 is not in Extended Position Control Mode. Setting mode now.
2024-10-30 13:07:06,902 INFO: Setting operating mode 'multi_turn' for group 'Wheg_Group'
2024-10-30 13:07:06,902 INFO: Disabling torque for group Wheg_Group
2024-10-30 13:07:06,903 INFO: Enabling torque for group Wheg_Group
2024-10-30 13:07:06,903 INFO: Setting the profile velocity for group Wheg_Group from config.yaml: 10
2024-10-30 13:07:06,904 INFO: Profile velocities set for group Wheg_Group: {1: 43.7, 2: 43.7, 3: 43.7, 4: 43.7, 5: 43.7, 6: 43.7}
2024-10-30 13:07:06,905 INFO: Setting the profile velocity for group Wheg_Group from config.yaml: 10
2024-10-30 13:07:06,906 INFO: Profile velocities set for group Wheg_Group: {1: 43.7, 2: 43.7, 3: 43.7, 4: 43.7, 5: 43.7, 6: 43.7}
2024-10-30 13:07:06,912 INFO: Gait 4 step executed at 2.00RPM, wait for -3.31 seconds
2024-10-30 13:07:06,925 INFO: Profile velocities set for group Wheg_Group: {1: 104.87893310546875, 2: 13.109866638183593, 3: 104.87893310546875, 4: 13.109866638183593, 5: 104.87893310546875, 6: 13.109866638183593}
2024-10-30 13:07:06,925 INFO: Incrementing motor positions by {1: -320, 2: -40, 3: -320, 4: 40, 5: 320, 6: 40} degrees for group 'Wheg_Group'
2024-10-30 13:07:06,935 INFO: Gait 4 step executed at 3.00RPM, wait for -2.20 seconds
2024-10-30 13:07:06,949 INFO: Profile velocities set for group Wheg_Group: {1: 13.109866638183593, 2: 104.87893310546875, 3: 13.109866638183593, 4: 104.87893310546875, 5: 13.109866638183593, 6: 104.87893310546875}
2024-10-30 13:07:06,949 INFO: Incrementing motor positions by {1: -40, 2: -320, 3: -40, 4: 320, 5: 40, 6: 320} degrees for group 'Wheg_Group'
2024-10-30 13:07:06,960 INFO: Gait 4 step executed at 3.00RPM, wait for -2.20 seconds
2024-10-30 13:07:06,973 INFO: Profile velocities set for group Wheg_Group: {1: 104.87893310546875, 2: 13.109866638183593, 3: 104.87893310546875, 4: 13.109866638183593, 5: 104.87893310546875, 6: 13.109866638183593}
2024-10-30 13:07:06,973 INFO: Incrementing motor positions by {1: -320, 2: -40, 3: -320, 4: 40, 5: 320, 6: 40} degrees for group 'Wheg_Group'
2024-10-30 13:07:06,984 INFO: Gait 4 step executed at 3.00RPM, wait for -2.20 seconds
2024-10-30 13:07:07,037 WARNING: Motors are not in the correct positions for Gait 4. Positions: {1: 195.64453125, 2: 160.224609375, 3: 195.908203125, 4: 205.13671875, 5: 161.3671875, 6: 205.83984375}
2024-10-30 13:07:07,038 WARNING: Waiting for 1 second before checking for movement
2024-10-30 13:07:07,145 INFO: Motors are moving. Continuing with the gait.
2024-10-30 13:07:07,666 WARNING: Motors are not in the correct positions for Gait 4. Positions: {1: 103.095703125, 2: 140.185546875, 3: 102.568359375, 4: 221.1328125, 5: 257.255859375, 6: 218.583984375}
2024-10-30 13:07:07,667 WARNING: Waiting for 1 second before checking for movement
2024-10-30 13:07:07,773 INFO: Motors are moving. Continuing with the gait.
2024-10-30 13:07:08,297 WARNING: Motors are not in the correct positions for Gait 4. Positions: {1: 14.150390625, 2: 126.650390625, 3: 13.271484375, 4: 232.3828125, 5: 347.255859375, 6: 230.2734375}
2024-10-30 13:07:08,298 WARNING: Waiting for 1 second before checking for movement
2024-10-30 13:07:08,406 INFO: Motors are moving. Continuing with the gait.
2024-10-30 13:07:08,929 WARNING: Motors are not in the correct positions for Gait 4. Positions: {1: 218.48046875, 2: 116.279296875, 3: 218.041015625, 4: 244.599609375, 5: 77.2890625, 6: 242.138671875}
2024-10-30 13:07:08,929 WARNING: Waiting for 1 second before checking for movement
2024-10-30 13:07:09,036 INFO: Motors are moving. Continuing with the gait.
2024-10-30 13:07:09,562 WARNING: Motors are not in the correct positions for Gait 4. Positions: {1: 176.64453125, 2: 112.8515625, 3: 174.53515625, 4: 245.830078125, 5: 110.3359375, 6: 242.138671875}
2024-10-30 13:07:09,562 WARNING: Waiting for 1 second before checking for movement
2024-10-30 13:07:09,669 CRITICAL: Motors are not moving, reseting positions, and waiting for 3 seconds.
2024-10-30 13:07:09,669 INFO: Running set_position_group for group 'Wheg_Group' with positions: {1: 200, 2: 160, 3: 200, 4: 200, 5: 160, 6: 200}
2024-10-30 13:07:09,674 WARNING: Motor 1 is not in Position Control Mode. Setting mode now.
2024-10-30 13:07:09,675 INFO: Setting operating mode 'position' for group 'Wheg_Group'
2024-10-30 13:07:09,675 INFO: Disabling torque for group Wheg_Group
2024-10-30 13:07:09,677 INFO: Enabling torque for group Wheg_Group
2024-10-30 13:07:09,677 INFO: Setting the profile velocity for group Wheg_Group from config.yaml: 10
2024-10-30 13:07:09,678 INFO: Profile velocities set for group Wheg_Group: {1: 43.7, 2: 43.7, 3: 43.7, 4: 43.7, 5: 43.7, 6: 43.7}
2024-10-30 13:07:09,678 INFO: Setting the profile velocity for group Wheg_Group from config.yaml: 10
2024-10-30 13:07:09,679 INFO: Profile velocities set for group Wheg_Group: {1: 43.7, 2: 43.7, 3: 43.7, 4: 43.7, 5: 43.7, 6: 43.7}
2024-10-30 13:07:12,723 INFO: Setting operating mode 'multi_turn' for group 'Wheg_Group'
2024-10-30 13:07:12,725 INFO: Disabling torque for group Wheg_Group
2024-10-30 13:07:12,730 INFO: Enabling torque for group Wheg_Group
2024-10-30 13:07:12,732 INFO: Setting the profile velocity for group Wheg_Group from config.yaml: 10
2024-10-30 13:07:12,734 INFO: Profile velocities set for group Wheg_Group: {1: 43.7, 2: 43.7, 3: 43.7, 4: 43.7, 5: 43.7, 6: 43.7}
2024-10-30 13:07:12,734 INFO: Setting the profile velocity for group Wheg_Group from config.yaml: 10
2024-10-30 13:07:12,735 INFO: Profile velocities set for group Wheg_Group: {1: 43.7, 2: 43.7, 3: 43.7, 4: 43.7, 5: 43.7, 6: 43.7}
2024-10-30 13:07:12,737 INFO: Profile velocities set for group Wheg_Group: {1: 13.109866638183593, 2: 104.87893310546875, 3: 13.109866638183593, 4: 104.87893310546875, 5: 13.109866638183593, 6: 104.87893310546875}
2024-10-30 13:07:12,737 INFO: Incrementing motor positions by {1: -40, 2: -320, 3: -40, 4: 320, 5: 40, 6: 320} degrees for group 'Wheg_Group'
2024-10-30 13:07:12,748 INFO: Gait 4 step executed at 3.00RPM, wait for -2.20 seconds
2024-10-30 13:07:12,762 INFO: Profile velocities set for group Wheg_Group: {1: 104.87893310546875, 2: 13.109866638183593, 3: 104.87893310546875, 4: 13.109866638183593, 5: 104.87893310546875, 6: 13.109866638183593}
2024-10-30 13:07:12,762 INFO: Incrementing motor positions by {1: -320, 2: -40, 3: -320, 4: 40, 5: 320, 6: 40} degrees for group 'Wheg_Group'
2024-10-30 13:07:12,773 INFO: Gait 4 step executed at 3.00RPM, wait for -2.20 seconds
2024-10-30 13:07:12,786 WARNING: Motors are not in the correct positions for Gait 4. Positions: {1: 207.0703125, 2: 144.931640625, 3: 201.884765625, 4: 207.333984375, 5: 150.908203125, 6: 205.13671875}
2024-10-30 13:07:12,787 WARNING: Waiting for 1 second before checking for movement
2024-10-30 13:07:12,923 INFO: Motors are moving. Continuing with the gait.
2024-10-30 13:07:13,472 WARNING: Motors are not in the correct positions for Gait 4. Positions: {1: 111.62109375, 2: 126.73828125, 3: 106.962890625, 4: 225.52734375, 5: 247.32421875, 6: 220.95703125}
2024-10-30 13:07:13,473 WARNING: Waiting for 1 second before checking for movement
2024-10-30 13:07:13,580 INFO: Motors are moving. Continuing with the gait.
2024-10-30 13:07:14,103 WARNING: Motors are not in the correct positions for Gait 4. Positions: {1: 22.587890625, 2: 115.48828125, 3: 17.138671875, 4: 237.392578125, 5: 337.587890625, 6: 232.20703125}
2024-10-30 13:07:14,103 WARNING: Waiting for 1 second before checking for movement
2024-10-30 13:07:14,210 INFO: Motors are moving. Continuing with the gait.
2024-10-30 13:07:14,728 WARNING: Motors are not in the correct positions for Gait 4. Positions: {1: 227.796875, 2: 103.18359375, 3: 223.40234375, 4: 248.37890625, 5: 68.32421875, 6: 243.10546875}
2024-10-30 13:07:14,728 WARNING: Waiting for 1 second before checking for movement
2024-10-30 13:07:14,834 INFO: Motors are moving. Continuing with the gait.
2024-10-30 13:07:15,362 WARNING: Motors are not in the correct positions for Gait 4. Positions: {1: 183.67578125, 2: 96.416015625, 3: 177.962890625, 4: 250.3125, 5: 99.173828125, 6: 244.248046875}
2024-10-30 13:07:15,364 WARNING: Waiting for 1 second before checking for movement
2024-10-30 13:07:15,471 CRITICAL: Motors are not moving, reseting positions, and waiting for 3 seconds.
2024-10-30 13:07:15,471 INFO: Running set_position_group for group 'Wheg_Group' with positions: {1: 200, 2: 160, 3: 200, 4: 200, 5: 160, 6: 200}
2024-10-30 13:07:15,477 WARNING: Motor 1 is not in Position Control Mode. Setting mode now.
2024-10-30 13:07:15,477 INFO: Setting operating mode 'position' for group 'Wheg_Group'
2024-10-30 13:07:15,477 INFO: Disabling torque for group Wheg_Group
2024-10-30 13:07:15,479 INFO: Enabling torque for group Wheg_Group
2024-10-30 13:07:15,479 INFO: Setting the profile velocity for group Wheg_Group from config.yaml: 10
2024-10-30 13:07:15,480 INFO: Profile velocities set for group Wheg_Group: {1: 43.7, 2: 43.7, 3: 43.7, 4: 43.7, 5: 43.7, 6: 43.7}
2024-10-30 13:07:15,481 INFO: Setting the profile velocity for group Wheg_Group from config.yaml: 10
2024-10-30 13:07:15,481 INFO: Profile velocities set for group Wheg_Group: {1: 43.7, 2: 43.7, 3: 43.7, 4: 43.7, 5: 43.7, 6: 43.7}
2024-10-30 13:07:18,483 INFO: Setting operating mode 'multi_turn' for group 'Wheg_Group'
2024-10-30 13:07:18,483 INFO: Disabling torque for group Wheg_Group
2024-10-30 13:07:18,485 INFO: Enabling torque for group Wheg_Group
2024-10-30 13:07:18,486 INFO: Setting the profile velocity for group Wheg_Group from config.yaml: 10
2024-10-30 13:07:18,487 INFO: Profile velocities set for group Wheg_Group: {1: 43.7, 2: 43.7, 3: 43.7, 4: 43.7, 5: 43.7, 6: 43.7}
2024-10-30 13:07:18,488 INFO: Setting the profile velocity for group Wheg_Group from config.yaml: 10
2024-10-30 13:07:18,489 INFO: Profile velocities set for group Wheg_Group: {1: 43.7, 2: 43.7, 3: 43.7, 4: 43.7, 5: 43.7, 6: 43.7}
2024-10-30 13:07:18,490 INFO: Profile velocities set for group Wheg_Group: {1: 13.109866638183593, 2: 104.87893310546875, 3: 13.109866638183593, 4: 104.87893310546875, 5: 13.109866638183593, 6: 104.87893310546875}
2024-10-30 13:07:18,490 INFO: Incrementing motor positions by {1: -40, 2: -320, 3: -40, 4: 320, 5: 40, 6: 320} degrees for group 'Wheg_Group'
2024-10-30 13:07:18,502 INFO: Gait 4 step executed at 3.00RPM, wait for -2.20 seconds
2024-10-30 13:07:18,515 INFO: Profile velocities set for group Wheg_Group: {1: 104.87893310546875, 2: 13.109866638183593, 3: 104.87893310546875, 4: 13.109866638183593, 5: 104.87893310546875, 6: 13.109866638183593}
2024-10-30 13:07:18,516 INFO: Incrementing motor positions by {1: -320, 2: -40, 3: -320, 4: 40, 5: 320, 6: 40} degrees for group 'Wheg_Group'
2024-10-30 13:07:18,527 INFO: Gait 4 step executed at 3.00RPM, wait for -2.20 seconds
2024-10-30 13:07:18,540 WARNING: Motors are not in the correct positions for Gait 4. Positions: {1: 205.576171875, 2: 144.84375, 3: 202.1484375, 4: 206.455078125, 5: 153.6328125, 6: 204.697265625}
2024-10-30 13:07:18,541 WARNING: Waiting for 1 second before checking for movement
2024-10-30 13:07:18,677 INFO: Motors are moving. Continuing with the gait.
2024-10-30 13:07:19,226 WARNING: Motors are not in the correct positions for Gait 4. Positions: {1: 110.21484375, 2: 128.583984375, 3: 107.138671875, 4: 225.263671875, 5: 249.697265625, 6: 219.90234375}
2024-10-30 13:07:19,227 WARNING: Waiting for 1 second before checking for movement
2024-10-30 13:07:19,333 INFO: Motors are moving. Continuing with the gait.
2024-10-30 13:07:19,859 WARNING: Motors are not in the correct positions for Gait 4. Positions: {1: 21.005859375, 2: 115.751953125, 3: 17.314453125, 4: 236.689453125, 5: 339.873046875, 6: 231.6796875}
2024-10-30 13:07:19,859 WARNING: Waiting for 1 second before checking for movement
2024-10-30 13:07:19,966 INFO: Motors are moving. Continuing with the gait.
2024-10-30 13:07:20,490 WARNING: Motors are not in the correct positions for Gait 4. Positions: {1: 225.51171875, 2: 102.919921875, 3: 222.435546875, 4: 248.642578125, 5: 71.751953125, 6: 242.9296875}
2024-10-30 13:07:20,490 WARNING: Waiting for 1 second before checking for movement
2024-10-30 13:07:20,599 INFO: Motors are moving. Continuing with the gait.
2024-10-30 13:07:21,119 WARNING: Motors are not in the correct positions for Gait 4. Positions: {1: 183.5, 2: 98.173828125, 3: 178.2265625, 4: 249.697265625, 5: 103.216796875, 6: 243.720703125}
2024-10-30 13:07:21,120 WARNING: Waiting for 1 second before checking for movement
2024-10-30 13:07:21,226 CRITICAL: Motors are not moving, reseting positions, and waiting for 3 seconds.
2024-10-30 13:07:21,226 INFO: Running set_position_group for group 'Wheg_Group' with positions: {1: 200, 2: 160, 3: 200, 4: 200, 5: 160, 6: 200}
2024-10-30 13:07:21,232 WARNING: Motor 1 is not in Position Control Mode. Setting mode now.
2024-10-30 13:07:21,232 INFO: Setting operating mode 'position' for group 'Wheg_Group'
2024-10-30 13:07:21,233 INFO: Disabling torque for group Wheg_Group
2024-10-30 13:07:21,234 INFO: Enabling torque for group Wheg_Group
2024-10-30 13:07:21,234 INFO: Setting the profile velocity for group Wheg_Group from config.yaml: 10
2024-10-30 13:07:21,235 INFO: Profile velocities set for group Wheg_Group: {1: 43.7, 2: 43.7, 3: 43.7, 4: 43.7, 5: 43.7, 6: 43.7}
2024-10-30 13:07:21,236 INFO: Setting the profile velocity for group Wheg_Group from config.yaml: 10
2024-10-30 13:07:21,236 INFO: Profile velocities set for group Wheg_Group: {1: 43.7, 2: 43.7, 3: 43.7, 4: 43.7, 5: 43.7, 6: 43.7}
2024-10-30 13:07:24,238 INFO: Setting operating mode 'multi_turn' for group 'Wheg_Group'
2024-10-30 13:07:24,238 INFO: Disabling torque for group Wheg_Group
2024-10-30 13:07:24,240 INFO: Enabling torque for group Wheg_Group
2024-10-30 13:07:24,241 INFO: Setting the profile velocity for group Wheg_Group from config.yaml: 10
2024-10-30 13:07:24,243 INFO: Profile velocities set for group Wheg_Group: {1: 43.7, 2: 43.7, 3: 43.7, 4: 43.7, 5: 43.7, 6: 43.7}
2024-10-30 13:07:24,243 INFO: Setting the profile velocity for group Wheg_Group from config.yaml: 10
2024-10-30 13:07:24,244 INFO: Profile velocities set for group Wheg_Group: {1: 43.7, 2: 43.7, 3: 43.7, 4: 43.7, 5: 43.7, 6: 43.7}
2024-10-30 13:07:24,245 INFO: Profile velocities set for group Wheg_Group: {1: 13.109866638183593, 2: 104.87893310546875, 3: 13.109866638183593, 4: 104.87893310546875, 5: 13.109866638183593, 6: 104.87893310546875}
2024-10-30 13:07:24,246 INFO: Incrementing motor positions by {1: -40, 2: -320, 3: -40, 4: 320, 5: 40, 6: 320} degrees for group 'Wheg_Group'
2024-10-30 13:07:24,257 INFO: Gait 4 step executed at 3.00RPM, wait for -2.20 seconds
2024-10-30 13:07:24,270 INFO: Profile velocities set for group Wheg_Group: {1: 104.87893310546875, 2: 13.109866638183593, 3: 104.87893310546875, 4: 13.109866638183593, 5: 104.87893310546875, 6: 13.109866638183593}
2024-10-30 13:07:24,271 INFO: Incrementing motor positions by {1: -320, 2: -40, 3: -320, 4: 40, 5: 320, 6: 40} degrees for group 'Wheg_Group'
2024-10-30 13:07:24,282 INFO: Gait 4 step executed at 3.00RPM, wait for -2.20 seconds
2024-10-30 13:07:24,295 WARNING: Motors are not in the correct positions for Gait 4. Positions: {1: 206.279296875, 2: 144.404296875, 3: 202.32421875, 4: 206.015625, 5: 154.423828125, 6: 204.609375}
2024-10-30 13:07:24,295 WARNING: Waiting for 1 second before checking for movement
2024-10-30 13:07:24,432 INFO: Motors are moving. Continuing with the gait.
2024-10-30 13:07:24,979 WARNING: Motors are not in the correct positions for Gait 4. Positions: {1: 111.4453125, 2: 127.44140625, 3: 107.40234375, 4: 224.384765625, 5: 250.13671875, 6: 219.990234375}
2024-10-30 13:07:24,979 WARNING: Waiting for 1 second before checking for movement
2024-10-30 13:07:25,086 INFO: Motors are moving. Continuing with the gait.
2024-10-30 13:07:25,614 WARNING: Motors are not in the correct positions for Gait 4. Positions: {1: 21.533203125, 2: 114.697265625, 3: 17.138671875, 4: 236.6015625, 5: 340.927734375, 6: 231.6796875}
2024-10-30 13:07:25,614 WARNING: Waiting for 1 second before checking for movement
2024-10-30 13:07:25,720 INFO: Motors are moving. Continuing with the gait.
2024-10-30 13:07:26,243 WARNING: Motors are not in the correct positions for Gait 4. Positions: {1: 226.56640625, 2: 102.568359375, 3: 222.787109375, 4: 248.02734375, 5: 72.19140625, 6: 243.017578125}
2024-10-30 13:07:26,243 WARNING: Waiting for 1 second before checking for movement
2024-10-30 13:07:26,349 INFO: Motors are moving. Continuing with the gait.
2024-10-30 13:07:26,872 WARNING: Motors are not in the correct positions for Gait 4. Positions: {1: 184.994140625, 2: 95.888671875, 3: 178.40234375, 4: 248.90625, 5: 101.986328125, 6: 243.80859375}
2024-10-30 13:07:26,872 WARNING: Waiting for 1 second before checking for movement
2024-10-30 13:07:26,979 CRITICAL: Motors are not moving, reseting positions, and waiting for 3 seconds.
2024-10-30 13:07:26,980 INFO: Running set_position_group for group 'Wheg_Group' with positions: {1: 200, 2: 160, 3: 200, 4: 200, 5: 160, 6: 200}
2024-10-30 13:07:26,985 WARNING: Motor 1 is not in Position Control Mode. Setting mode now.
2024-10-30 13:07:26,985 INFO: Setting operating mode 'position' for group 'Wheg_Group'
2024-10-30 13:07:26,986 INFO: Disabling torque for group Wheg_Group
2024-10-30 13:07:26,987 INFO: Enabling torque for group Wheg_Group
2024-10-30 13:07:26,988 INFO: Setting the profile velocity for group Wheg_Group from config.yaml: 10
2024-10-30 13:07:26,989 INFO: Profile velocities set for group Wheg_Group: {1: 43.7, 2: 43.7, 3: 43.7, 4: 43.7, 5: 43.7, 6: 43.7}
2024-10-30 13:07:26,989 INFO: Setting the profile velocity for group Wheg_Group from config.yaml: 10
2024-10-30 13:07:26,990 INFO: Profile velocities set for group Wheg_Group: {1: 43.7, 2: 43.7, 3: 43.7, 4: 43.7, 5: 43.7, 6: 43.7}
2024-10-30 13:07:29,991 INFO: Setting operating mode 'multi_turn' for group 'Wheg_Group'
2024-10-30 13:07:29,992 INFO: Disabling torque for group Wheg_Group
2024-10-30 13:07:29,994 INFO: Enabling torque for group Wheg_Group
2024-10-30 13:07:29,995 INFO: Setting the profile velocity for group Wheg_Group from config.yaml: 10
2024-10-30 13:07:29,996 INFO: Profile velocities set for group Wheg_Group: {1: 43.7, 2: 43.7, 3: 43.7, 4: 43.7, 5: 43.7, 6: 43.7}
2024-10-30 13:07:29,996 INFO: Setting the profile velocity for group Wheg_Group from config.yaml: 10
2024-10-30 13:07:29,997 INFO: Profile velocities set for group Wheg_Group: {1: 43.7, 2: 43.7, 3: 43.7, 4: 43.7, 5: 43.7, 6: 43.7}
2024-10-30 13:07:29,999 INFO: Profile velocities set for group Wheg_Group: {1: 13.109866638183593, 2: 104.87893310546875, 3: 13.109866638183593, 4: 104.87893310546875, 5: 13.109866638183593, 6: 104.87893310546875}
2024-10-30 13:07:29,999 INFO: Incrementing motor positions by {1: -40, 2: -320, 3: -40, 4: 320, 5: 40, 6: 320} degrees for group 'Wheg_Group'
2024-10-30 13:07:30,010 INFO: Gait 4 step executed at 3.00RPM, wait for -2.20 seconds
2024-10-30 13:07:30,024 INFO: Profile velocities set for group Wheg_Group: {1: 104.87893310546875, 2: 13.109866638183593, 3: 104.87893310546875, 4: 13.109866638183593, 5: 104.87893310546875, 6: 13.109866638183593}
2024-10-30 13:07:30,025 INFO: Incrementing motor positions by {1: -320, 2: -40, 3: -320, 4: 40, 5: 320, 6: 40} degrees for group 'Wheg_Group'
2024-10-30 13:07:30,036 INFO: Gait 4 step executed at 3.00RPM, wait for -2.20 seconds
2024-10-30 13:07:30,049 WARNING: Motors are not in the correct positions for Gait 4. Positions: {1: 207.509765625, 2: 143.0859375, 3: 202.5, 4: 206.806640625, 5: 152.9296875, 6: 203.994140625}
2024-10-30 13:07:30,050 WARNING: Waiting for 1 second before checking for movement
2024-10-30 13:07:30,187 INFO: Motors are moving. Continuing with the gait.
2024-10-30 13:07:30,735 WARNING: Motors are not in the correct positions for Gait 4. Positions: {1: 111.357421875, 2: 124.892578125, 3: 107.05078125, 4: 224.6484375, 5: 249.43359375, 6: 219.55078125}
2024-10-30 13:07:30,735 WARNING: Waiting for 1 second before checking for movement
2024-10-30 13:07:30,842 INFO: Motors are moving. Continuing with the gait.
2024-10-30 13:07:31,372 WARNING: Motors are not in the correct positions for Gait 4. Positions: {1: 21.796875, 2: 112.412109375, 3: 16.787109375, 4: 237.3046875, 5: 340.224609375, 6: 230.9765625}
2024-10-30 13:07:31,372 WARNING: Waiting for 1 second before checking for movement
2024-10-30 13:07:31,478 INFO: Motors are moving. Continuing with the gait.
2024-10-30 13:07:32,005 WARNING: Motors are not in the correct positions for Gait 4. Positions: {1: 226.126953125, 2: 101.865234375, 3: 221.732421875, 4: 248.291015625, 5: 72.279296875, 6: 242.578125}
2024-10-30 13:07:32,006 WARNING: Waiting for 1 second before checking for movement
2024-10-30 13:07:32,113 INFO: Motors are moving. Continuing with the gait.
2024-10-30 13:07:32,640 WARNING: Motors are not in the correct positions for Gait 4. Positions: {1: 183.587890625, 2: 94.21875, 3: 178.40234375, 4: 249.521484375, 5: 98.55859375, 6: 243.10546875}
2024-10-30 13:07:32,641 WARNING: Waiting for 1 second before checking for movement
2024-10-30 13:07:32,747 CRITICAL: Motors are not moving, reseting positions, and waiting for 3 seconds.
2024-10-30 13:07:32,747 INFO: Running set_position_group for group 'Wheg_Group' with positions: {1: 200, 2: 160, 3: 200, 4: 200, 5: 160, 6: 200}
2024-10-30 13:07:32,752 WARNING: Motor 1 is not in Position Control Mode. Setting mode now.
2024-10-30 13:07:32,753 INFO: Setting operating mode 'position' for group 'Wheg_Group'
2024-10-30 13:07:32,753 INFO: Disabling torque for group Wheg_Group
2024-10-30 13:07:32,754 INFO: Enabling torque for group Wheg_Group
2024-10-30 13:07:32,754 INFO: Setting the profile velocity for group Wheg_Group from config.yaml: 10
2024-10-30 13:07:32,755 INFO: Profile velocities set for group Wheg_Group: {1: 43.7, 2: 43.7, 3: 43.7, 4: 43.7, 5: 43.7, 6: 43.7}
2024-10-30 13:07:32,756 INFO: Setting the profile velocity for group Wheg_Group from config.yaml: 10
2024-10-30 13:07:32,757 INFO: Profile velocities set for group Wheg_Group: {1: 43.7, 2: 43.7, 3: 43.7, 4: 43.7, 5: 43.7, 6: 43.7}
2024-10-30 13:07:35,758 INFO: Setting operating mode 'multi_turn' for group 'Wheg_Group'
2024-10-30 13:07:35,759 INFO: Disabling torque for group Wheg_Group
2024-10-30 13:07:35,760 INFO: Enabling torque for group Wheg_Group
2024-10-30 13:07:35,761 INFO: Setting the profile velocity for group Wheg_Group from config.yaml: 10
2024-10-30 13:07:35,763 INFO: Profile velocities set for group Wheg_Group: {1: 43.7, 2: 43.7, 3: 43.7, 4: 43.7, 5: 43.7, 6: 43.7}
2024-10-30 13:07:35,763 INFO: Setting the profile velocity for group Wheg_Group from config.yaml: 10
2024-10-30 13:07:35,765 INFO: Profile velocities set for group Wheg_Group: {1: 43.7, 2: 43.7, 3: 43.7, 4: 43.7, 5: 43.7, 6: 43.7}
2024-10-30 13:07:35,766 INFO: Profile velocities set for group Wheg_Group: {1: 13.109866638183593, 2: 104.87893310546875, 3: 13.109866638183593, 4: 104.87893310546875, 5: 13.109866638183593, 6: 104.87893310546875}
2024-10-30 13:07:35,767 INFO: Incrementing motor positions by {1: -40, 2: -320, 3: -40, 4: 320, 5: 40, 6: 320} degrees for group 'Wheg_Group'
2024-10-30 13:07:35,802 ERROR: Bulk read failed with error: [TxRxResult] There is no status packet!
2024-10-30 13:07:35,803 ERROR: Failed to read operating modes for group 'Wheg_Group'
2024-10-30 13:07:35,804 INFO: Gait 4 step executed at 3.00RPM, wait for -2.20 seconds
2024-10-30 13:07:35,818 INFO: Profile velocities set for group Wheg_Group: {1: 104.87893310546875, 2: 13.109866638183593, 3: 104.87893310546875, 4: 13.109866638183593, 5: 104.87893310546875, 6: 13.109866638183593}
2024-10-30 13:07:35,818 INFO: Incrementing motor positions by {1: -320, 2: -40, 3: -320, 4: 40, 5: 320, 6: 40} degrees for group 'Wheg_Group'
2024-10-30 13:07:35,830 INFO: Gait 4 step executed at 3.00RPM, wait for -2.20 seconds
2024-10-30 13:07:35,843 WARNING: Motors are not in the correct positions for Gait 4. Positions: {1: 207.509765625, 2: 142.646484375, 3: 203.203125, 4: 205.6640625, 5: 151.435546875, 6: 203.73046875}
2024-10-30 13:07:35,843 WARNING: Waiting for 1 second before checking for movement
2024-10-30 13:07:35,980 INFO: Motors are moving. Continuing with the gait.
2024-10-30 13:07:36,533 WARNING: Motors are not in the correct positions for Gait 4. Positions: {1: 111.26953125, 2: 128.671875, 3: 107.666015625, 4: 221.484375, 5: 247.587890625, 6: 216.03515625}
2024-10-30 13:07:36,534 WARNING: Waiting for 1 second before checking for movement
2024-10-30 13:07:36,640 INFO: Motors are moving. Continuing with the gait.
2024-10-30 13:07:42,708 INFO: share pressed. Turning mode deactivating
2024-10-30 13:07:42,712 WARNING: No motors found for group 'All_Whegs'
2024-10-30 13:07:42,713 WARNING: Set direction of whegs to forward
2024-10-30 13:07:42,714 INFO: Turn mode deactivating
2024-10-30 13:07:43,752 WARNING: Motors are not in the correct positions for Gait 2. Positions: {1: 183.67578125, 2: 95.9765625, 3: 179.28125, 4: 248.5546875, 5: 99.349609375, 6: 243.544921875}
2024-10-30 13:07:43,752 WARNING: Waiting for 1 second before checking for movement
2024-10-30 13:07:43,859 CRITICAL: Motors are not moving, reseting positions, and waiting for 3 seconds.
2024-10-30 13:07:43,859 INFO: Running set_position_group for group 'Wheg_Group' with positions: {1: 200, 2: 160, 3: 200, 4: 200, 5: 160, 6: 200}
2024-10-30 13:07:43,864 WARNING: Motor 1 is not in Position Control Mode. Setting mode now.
2024-10-30 13:07:43,865 INFO: Setting operating mode 'position' for group 'Wheg_Group'
2024-10-30 13:07:43,865 INFO: Disabling torque for group Wheg_Group
2024-10-30 13:07:43,866 INFO: Enabling torque for group Wheg_Group
2024-10-30 13:07:43,867 INFO: Setting the profile velocity for group Wheg_Group from config.yaml: 10
2024-10-30 13:07:43,868 INFO: Profile velocities set for group Wheg_Group: {1: 43.7, 2: 43.7, 3: 43.7, 4: 43.7, 5: 43.7, 6: 43.7}
2024-10-30 13:07:43,868 INFO: Setting the profile velocity for group Wheg_Group from config.yaml: 10
2024-10-30 13:07:43,869 INFO: Profile velocities set for group Wheg_Group: {1: 43.7, 2: 43.7, 3: 43.7, 4: 43.7, 5: 43.7, 6: 43.7}
2024-10-30 13:07:44,370 INFO: Setting operating mode 'multi_turn' for group 'Wheg_Group'
2024-10-30 13:07:44,370 INFO: Disabling torque for group Wheg_Group
2024-10-30 13:07:44,373 INFO: Enabling torque for group Wheg_Group
2024-10-30 13:07:44,373 INFO: Setting the profile velocity for group Wheg_Group from config.yaml: 10
2024-10-30 13:07:44,374 INFO: Profile velocities set for group Wheg_Group: {1: 43.7, 2: 43.7, 3: 43.7, 4: 43.7, 5: 43.7, 6: 43.7}
2024-10-30 13:07:44,375 INFO: Setting the profile velocity for group Wheg_Group from config.yaml: 10
2024-10-30 13:07:44,375 INFO: Profile velocities set for group Wheg_Group: {1: 43.7, 2: 43.7, 3: 43.7, 4: 43.7, 5: 43.7, 6: 43.7}
2024-10-30 13:07:44,376 INFO: Profile velocities set for group Wheg_Group: {1: 8.74, 2: 69.92, 3: 8.74, 4: 69.92, 5: 8.74, 6: 69.92}
2024-10-30 13:07:44,377 INFO: Incrementing motor positions by {1: 40, 2: 320, 3: 40, 4: 320, 5: 40, 6: 320} degrees for group 'Wheg_Group'
2024-10-30 13:07:44,387 INFO: Gait 2 step executed at 2.00RPM, wait for 3.36 seconds
2024-10-30 13:07:47,880 INFO: R3 pressed. Turning mode requested
2024-10-30 13:07:47,891 INFO: Initialising Turn Mode
2024-10-30 13:07:47,892 INFO: Running set_position_group for group 'Wheg_Group' with positions: {1: 160, 2: 200, 3: 160, 4: 160, 5: 200, 6: 160}
2024-10-30 13:07:47,899 WARNING: Motor 1 is not in Position Control Mode. Setting mode now.
2024-10-30 13:07:47,900 INFO: Setting operating mode 'position' for group 'Wheg_Group'
2024-10-30 13:07:47,900 INFO: Disabling torque for group Wheg_Group
2024-10-30 13:07:47,901 INFO: Enabling torque for group Wheg_Group
2024-10-30 13:07:47,902 INFO: Setting the profile velocity for group Wheg_Group from config.yaml: 10
2024-10-30 13:07:47,903 INFO: Profile velocities set for group Wheg_Group: {1: 43.7, 2: 43.7, 3: 43.7, 4: 43.7, 5: 43.7, 6: 43.7}
2024-10-30 13:07:47,903 INFO: Setting the profile velocity for group Wheg_Group from config.yaml: 10
2024-10-30 13:07:47,904 INFO: Profile velocities set for group Wheg_Group: {1: 43.7, 2: 43.7, 3: 43.7, 4: 43.7, 5: 43.7, 6: 43.7}
2024-10-30 13:07:47,905 INFO: Running set_position_group for group 'Pivot_Group' with positions: 180
2024-10-30 13:07:47,908 INFO: Initialised turn mode, waiting for 3 seconds
2024-10-30 13:07:50,910 INFO: Setting operating mode 'multi_turn' for group 'Wheg_Group'
2024-10-30 13:07:50,911 INFO: Disabling torque for group Wheg_Group
2024-10-30 13:07:50,912 INFO: Enabling torque for group Wheg_Group
2024-10-30 13:07:50,913 INFO: Setting the profile velocity for group Wheg_Group from config.yaml: 10
2024-10-30 13:07:50,914 INFO: Profile velocities set for group Wheg_Group: {1: 43.7, 2: 43.7, 3: 43.7, 4: 43.7, 5: 43.7, 6: 43.7}
2024-10-30 13:07:50,915 INFO: Setting the profile velocity for group Wheg_Group from config.yaml: 10
2024-10-30 13:07:50,917 INFO: Profile velocities set for group Wheg_Group: {1: 43.7, 2: 43.7, 3: 43.7, 4: 43.7, 5: 43.7, 6: 43.7}
2024-10-30 13:07:50,918 INFO: Turn mode activated.
2024-10-30 13:07:52,835 INFO: Profile velocities set for group Wheg_Group: {1: 8.74, 2: 69.92, 3: 8.74, 4: 69.92, 5: 8.74, 6: 69.92}
2024-10-30 13:07:52,836 INFO: Incrementing motor positions by {1: -40, 2: -320, 3: -40, 4: 320, 5: 40, 6: 320} degrees for group 'Wheg_Group'
2024-10-30 13:07:52,846 INFO: Gait 4 step executed at 2.00RPM, wait for -3.31 seconds
2024-10-30 13:07:52,859 INFO: Profile velocities set for group Wheg_Group: {1: 104.87893310546875, 2: 13.109866638183593, 3: 104.87893310546875, 4: 13.109866638183593, 5: 104.87893310546875, 6: 13.109866638183593}
2024-10-30 13:07:52,860 INFO: Incrementing motor positions by {1: -320, 2: -40, 3: -320, 4: 40, 5: 320, 6: 40} degrees for group 'Wheg_Group'
2024-10-30 13:07:52,871 INFO: Gait 4 step executed at 3.00RPM, wait for -2.20 seconds
2024-10-30 13:07:52,884 INFO: Profile velocities set for group Wheg_Group: {1: 13.109866638183593, 2: 104.87893310546875, 3: 13.109866638183593, 4: 104.87893310546875, 5: 13.109866638183593, 6: 104.87893310546875}
2024-10-30 13:07:52,884 INFO: Incrementing motor positions by {1: -40, 2: -320, 3: -40, 4: 320, 5: 40, 6: 320} degrees for group 'Wheg_Group'
2024-10-30 13:07:52,895 INFO: Gait 4 step executed at 3.00RPM, wait for -2.20 seconds
2024-10-30 13:07:52,907 INFO: Profile velocities set for group Wheg_Group: {1: 104.87893310546875, 2: 13.109866638183593, 3: 104.87893310546875, 4: 13.109866638183593, 5: 104.87893310546875, 6: 13.109866638183593}
2024-10-30 13:07:52,908 INFO: Incrementing motor positions by {1: -320, 2: -40, 3: -320, 4: 40, 5: 320, 6: 40} degrees for group 'Wheg_Group'
2024-10-30 13:07:52,919 INFO: Gait 4 step executed at 3.00RPM, wait for -2.20 seconds
2024-10-30 13:07:52,974 INFO: Profile velocities set for group Wheg_Group: {1: 13.109866638183593, 2: 104.87893310546875, 3: 13.109866638183593, 4: 104.87893310546875, 5: 13.109866638183593, 6: 104.87893310546875}
2024-10-30 13:07:52,974 INFO: Incrementing motor positions by {1: -40, 2: -320, 3: -40, 4: 320, 5: 40, 6: 320} degrees for group 'Wheg_Group'
2024-10-30 13:07:52,986 INFO: Gait 4 step executed at 3.00RPM, wait for -2.20 seconds
2024-10-30 13:07:52,999 INFO: Profile velocities set for group Wheg_Group: {1: 104.87893310546875, 2: 13.109866638183593, 3: 104.87893310546875, 4: 13.109866638183593, 5: 104.87893310546875, 6: 13.109866638183593}
2024-10-30 13:07:52,999 INFO: Incrementing motor positions by {1: -320, 2: -40, 3: -320, 4: 40, 5: 320, 6: 40} degrees for group 'Wheg_Group'
2024-10-30 13:07:53,010 INFO: Gait 4 step executed at 3.00RPM, wait for -2.20 seconds
2024-10-30 13:07:53,023 WARNING: Motors are not in the correct positions for Gait 4. Positions: {1: 151.787109375, 2: 196.962890625, 3: 148.0078125, 4: 164.8828125, 5: 211.11328125, 6: 167.16796875}
2024-10-30 13:07:53,023 WARNING: Waiting for 1 second before checking for movement
2024-10-30 13:07:53,161 INFO: Motors are moving. Continuing with the gait.
2024-10-30 13:07:53,675 WARNING: Motors are not in the correct positions for Gait 4. Positions: {1: 60.732421875, 2: 197.40234375, 3: 58.0078125, 4: 176.923828125, 5: 302.431640625, 6: 177.71484375}
2024-10-30 13:07:53,676 WARNING: Waiting for 1 second before checking for movement
2024-10-30 13:07:53,814 INFO: Motors are moving. Continuing with the gait.
2024-10-30 13:07:54,328 WARNING: Motors are not in the correct positions for Gait 4. Positions: {1: 262.953125, 2: 197.314453125, 3: 260.404296875, 4: 191.162109375, 5: 37.2109375, 6: 191.513671875}
2024-10-30 13:07:54,328 WARNING: Waiting for 1 second before checking for movement
2024-10-30 13:07:54,467 INFO: Motors are moving. Continuing with the gait.
2024-10-30 13:07:55,878 WARNING: Motors are not in the correct positions for Gait 4. Positions: {1: 129.623046875, 2: 160.751953125, 3: 127.689453125, 4: 205.48828125, 5: 163.7734375, 6: 206.279296875}
2024-10-30 13:07:55,878 WARNING: Waiting for 1 second before checking for movement
2024-10-30 13:07:55,984 CRITICAL: Motors are not moving, reseting positions, and waiting for 3 seconds.
2024-10-30 13:07:55,985 INFO: Running set_position_group for group 'Wheg_Group' with positions: {1: 160, 2: 200, 3: 160, 4: 160, 5: 200, 6: 160}
2024-10-30 13:07:55,990 WARNING: Motor 1 is not in Position Control Mode. Setting mode now.
2024-10-30 13:07:55,990 INFO: Setting operating mode 'position' for group 'Wheg_Group'
2024-10-30 13:07:55,991 INFO: Disabling torque for group Wheg_Group
2024-10-30 13:07:55,992 INFO: Enabling torque for group Wheg_Group
2024-10-30 13:07:55,993 INFO: Setting the profile velocity for group Wheg_Group from config.yaml: 10
2024-10-30 13:07:55,994 INFO: Profile velocities set for group Wheg_Group: {1: 43.7, 2: 43.7, 3: 43.7, 4: 43.7, 5: 43.7, 6: 43.7}
2024-10-30 13:07:55,994 INFO: Setting the profile velocity for group Wheg_Group from config.yaml: 10
2024-10-30 13:07:55,995 INFO: Profile velocities set for group Wheg_Group: {1: 43.7, 2: 43.7, 3: 43.7, 4: 43.7, 5: 43.7, 6: 43.7}
2024-10-30 13:07:58,996 INFO: Setting operating mode 'multi_turn' for group 'Wheg_Group'
2024-10-30 13:07:58,997 INFO: Disabling torque for group Wheg_Group
2024-10-30 13:07:58,998 INFO: Enabling torque for group Wheg_Group
2024-10-30 13:07:58,999 INFO: Setting the profile velocity for group Wheg_Group from config.yaml: 10
2024-10-30 13:07:58,999 INFO: Profile velocities set for group Wheg_Group: {1: 43.7, 2: 43.7, 3: 43.7, 4: 43.7, 5: 43.7, 6: 43.7}
2024-10-30 13:07:59,000 INFO: Setting the profile velocity for group Wheg_Group from config.yaml: 10
2024-10-30 13:07:59,001 INFO: Profile velocities set for group Wheg_Group: {1: 43.7, 2: 43.7, 3: 43.7, 4: 43.7, 5: 43.7, 6: 43.7}
2024-10-30 13:07:59,001 INFO: Profile velocities set for group Wheg_Group: {1: 8.74, 2: 69.92, 3: 8.74, 4: 69.92, 5: 8.74, 6: 69.92}
2024-10-30 13:07:59,002 INFO: Incrementing motor positions by {1: -40, 2: -320, 3: -40, 4: 320, 5: 40, 6: 320} degrees for group 'Wheg_Group'
2024-10-30 13:07:59,012 INFO: Gait 4 step executed at 2.00RPM, wait for -3.31 seconds
2024-10-30 13:08:04,965 INFO: share pressed. Turning mode deactivating
2024-10-30 13:08:04,968 WARNING: No motors found for group 'All_Whegs'
2024-10-30 13:08:04,969 WARNING: Set direction of whegs to forward
2024-10-30 13:08:04,969 INFO: Turn mode deactivating
2024-10-30 13:08:12,381 INFO: Profile velocities set for group Wheg_Group: {1: 69.92, 2: 8.74, 3: 69.92, 4: 8.74, 5: 69.92, 6: 8.74}
2024-10-30 13:08:12,381 INFO: Incrementing motor positions by {1: 320, 2: 40, 3: 320, 4: 40, 5: 320, 6: 40} degrees for group 'Wheg_Group'
2024-10-30 13:08:12,392 INFO: Gait 2 step executed at 2.00RPM, wait for 3.36 seconds
2024-10-30 13:08:15,808 WARNING: Motors are not in the correct positions for Gait 2. Positions: {1: 66.830078125, 2: 210.130859375, 3: 72.015625, 4: 149.798828125, 5: 199.720703125, 6: 159.115234375}
2024-10-30 13:08:15,809 WARNING: Waiting for 1 second before checking for movement
2024-10-30 13:08:15,917 INFO: Motors are moving. Continuing with the gait.
2024-10-30 13:08:16,486 WARNING: Motors are not in the correct positions for Gait 2. Positions: {1: 67.4453125, 2: 213.55859375, 3: 72.279296875, 4: 150.0625, 5: 201.302734375, 6: 159.115234375}
2024-10-30 13:08:16,486 WARNING: Waiting for 1 second before checking for movement
2024-10-30 13:08:16,592 CRITICAL: Motors are not moving, reseting positions, and waiting for 3 seconds.
2024-10-30 13:08:16,593 INFO: Running set_position_group for group 'Wheg_Group' with positions: {1: 160, 2: 200, 3: 160, 4: 160, 5: 200, 6: 160}
2024-10-30 13:08:16,598 WARNING: Motor 1 is not in Position Control Mode. Setting mode now.
2024-10-30 13:08:16,599 INFO: Setting operating mode 'position' for group 'Wheg_Group'
2024-10-30 13:08:16,599 INFO: Disabling torque for group Wheg_Group
2024-10-30 13:08:16,600 INFO: Enabling torque for group Wheg_Group
2024-10-30 13:08:16,601 INFO: Setting the profile velocity for group Wheg_Group from config.yaml: 10
2024-10-30 13:08:16,602 INFO: Profile velocities set for group Wheg_Group: {1: 43.7, 2: 43.7, 3: 43.7, 4: 43.7, 5: 43.7, 6: 43.7}
2024-10-30 13:08:16,602 INFO: Setting the profile velocity for group Wheg_Group from config.yaml: 10
2024-10-30 13:08:16,603 INFO: Profile velocities set for group Wheg_Group: {1: 43.7, 2: 43.7, 3: 43.7, 4: 43.7, 5: 43.7, 6: 43.7}
2024-10-30 13:08:17,129 INFO: Setting operating mode 'multi_turn' for group 'Wheg_Group'
2024-10-30 13:08:17,130 INFO: Disabling torque for group Wheg_Group
2024-10-30 13:08:17,133 INFO: Enabling torque for group Wheg_Group
2024-10-30 13:08:17,135 INFO: Setting the profile velocity for group Wheg_Group from config.yaml: 10
2024-10-30 13:08:17,136 INFO: Profile velocities set for group Wheg_Group: {1: 43.7, 2: 43.7, 3: 43.7, 4: 43.7, 5: 43.7, 6: 43.7}
2024-10-30 13:08:17,137 INFO: Setting the profile velocity for group Wheg_Group from config.yaml: 10
2024-10-30 13:08:17,138 INFO: Profile velocities set for group Wheg_Group: {1: 43.7, 2: 43.7, 3: 43.7, 4: 43.7, 5: 43.7, 6: 43.7}
2024-10-30 13:08:17,139 INFO: Profile velocities set for group Wheg_Group: {1: 13.109866638183593, 2: 104.87893310546875, 3: 13.109866638183593, 4: 104.87893310546875, 5: 13.109866638183593, 6: 104.87893310546875}
2024-10-30 13:08:17,139 INFO: Incrementing motor positions by {1: 40, 2: 320, 3: 40, 4: 320, 5: 40, 6: 320} degrees for group 'Wheg_Group'
2024-10-30 13:08:17,149 INFO: Gait 2 step executed at 3.00RPM, wait for 2.25 seconds
2024-10-30 13:08:19,454 INFO: Profile velocities set for group Wheg_Group: {1: 104.87893310546875, 2: 13.109866638183593, 3: 104.87893310546875, 4: 13.109866638183593, 5: 104.87893310546875, 6: 13.109866638183593}
2024-10-30 13:08:19,454 INFO: Incrementing motor positions by {1: 320, 2: 40, 3: 320, 4: 40, 5: 320, 6: 40} degrees for group 'Wheg_Group'
2024-10-30 13:08:19,465 INFO: Gait 2 step executed at 3.00RPM, wait for 2.25 seconds
2024-10-30 13:08:21,782 WARNING: Motors are not in the correct positions for Gait 2. Positions: {1: 78.783203125, 2: 248.412109375, 3: 86.60546875, 4: 138.28515625, 5: 201.91796875, 6: 159.994140625}
2024-10-30 13:08:21,782 WARNING: Waiting for 1 second before checking for movement
2024-10-30 13:08:21,889 INFO: Motors are moving. Continuing with the gait.
2024-10-30 13:08:22,439 WARNING: Motors are not in the correct positions for Gait 2. Positions: {1: 78.783203125, 2: 251.576171875, 3: 86.693359375, 4: 138.373046875, 5: 201.91796875, 6: 159.994140625}
2024-10-30 13:08:22,440 WARNING: Waiting for 1 second before checking for movement
2024-10-30 13:08:22,546 CRITICAL: Motors are not moving, reseting positions, and waiting for 3 seconds.
2024-10-30 13:08:22,547 INFO: Running set_position_group for group 'Wheg_Group' with positions: {1: 160, 2: 200, 3: 160, 4: 160, 5: 200, 6: 160}
2024-10-30 13:08:22,553 WARNING: Motor 1 is not in Position Control Mode. Setting mode now.
2024-10-30 13:08:22,553 INFO: Setting operating mode 'position' for group 'Wheg_Group'
2024-10-30 13:08:22,553 INFO: Disabling torque for group Wheg_Group
2024-10-30 13:08:22,554 INFO: Enabling torque for group Wheg_Group
2024-10-30 13:08:22,555 INFO: Setting the profile velocity for group Wheg_Group from config.yaml: 10
2024-10-30 13:08:22,556 INFO: Profile velocities set for group Wheg_Group: {1: 43.7, 2: 43.7, 3: 43.7, 4: 43.7, 5: 43.7, 6: 43.7}
2024-10-30 13:08:22,556 INFO: Setting the profile velocity for group Wheg_Group from config.yaml: 10
2024-10-30 13:08:22,557 INFO: Profile velocities set for group Wheg_Group: {1: 43.7, 2: 43.7, 3: 43.7, 4: 43.7, 5: 43.7, 6: 43.7}
2024-10-30 13:08:23,064 INFO: Setting operating mode 'multi_turn' for group 'Wheg_Group'
2024-10-30 13:08:23,065 INFO: Disabling torque for group Wheg_Group
2024-10-30 13:08:23,068 INFO: Enabling torque for group Wheg_Group
2024-10-30 13:08:23,069 INFO: Setting the profile velocity for group Wheg_Group from config.yaml: 10
2024-10-30 13:08:23,072 INFO: Profile velocities set for group Wheg_Group: {1: 43.7, 2: 43.7, 3: 43.7, 4: 43.7, 5: 43.7, 6: 43.7}
2024-10-30 13:08:23,073 INFO: Setting the profile velocity for group Wheg_Group from config.yaml: 10
2024-10-30 13:08:23,075 INFO: Profile velocities set for group Wheg_Group: {1: 43.7, 2: 43.7, 3: 43.7, 4: 43.7, 5: 43.7, 6: 43.7}
2024-10-30 13:08:23,076 INFO: Profile velocities set for group Wheg_Group: {1: 13.109866638183593, 2: 104.87893310546875, 3: 13.109866638183593, 4: 104.87893310546875, 5: 13.109866638183593, 6: 104.87893310546875}
2024-10-30 13:08:23,076 INFO: Incrementing motor positions by {1: 40, 2: 320, 3: 40, 4: 320, 5: 40, 6: 320} degrees for group 'Wheg_Group'
2024-10-30 13:08:23,087 INFO: Gait 2 step executed at 3.00RPM, wait for 2.25 seconds
2024-10-30 13:08:25,391 INFO: Profile velocities set for group Wheg_Group: {1: 104.87893310546875, 2: 13.109866638183593, 3: 104.87893310546875, 4: 13.109866638183593, 5: 104.87893310546875, 6: 13.109866638183593}
2024-10-30 13:08:25,392 INFO: Incrementing motor positions by {1: 320, 2: 40, 3: 320, 4: 40, 5: 320, 6: 40} degrees for group 'Wheg_Group'
2024-10-30 13:08:25,403 INFO: Gait 2 step executed at 3.00RPM, wait for 2.25 seconds
2024-10-30 13:08:27,674 WARNING: Motors are not in the correct positions for Gait 2. Positions: {1: 94.1640625, 2: 205.08203125, 3: 109.984375, 4: 143.998046875, 5: 199.6328125, 6: 158.236328125}
2024-10-30 13:08:27,674 WARNING: Waiting for 1 second before checking for movement
2024-10-30 13:08:27,781 INFO: Motors are moving. Continuing with the gait.
2024-10-30 13:08:28,329 WARNING: Motors are not in the correct positions for Gait 2. Positions: {1: 94.8671875, 2: 205.08203125, 3: 111.390625, 4: 143.3828125, 5: 202.09375, 6: 159.203125}
2024-10-30 13:08:28,329 WARNING: Waiting for 1 second before checking for movement
2024-10-30 13:08:28,436 CRITICAL: Motors are not moving, reseting positions, and waiting for 3 seconds.
2024-10-30 13:08:28,436 INFO: Running set_position_group for group 'Wheg_Group' with positions: {1: 160, 2: 200, 3: 160, 4: 160, 5: 200, 6: 160}
2024-10-30 13:08:28,442 WARNING: Motor 1 is not in Position Control Mode. Setting mode now.
2024-10-30 13:08:28,442 INFO: Setting operating mode 'position' for group 'Wheg_Group'
2024-10-30 13:08:28,443 INFO: Disabling torque for group Wheg_Group
2024-10-30 13:08:28,444 INFO: Enabling torque for group Wheg_Group
2024-10-30 13:08:28,444 INFO: Setting the profile velocity for group Wheg_Group from config.yaml: 10
2024-10-30 13:08:28,445 INFO: Profile velocities set for group Wheg_Group: {1: 43.7, 2: 43.7, 3: 43.7, 4: 43.7, 5: 43.7, 6: 43.7}
2024-10-30 13:08:28,445 INFO: Setting the profile velocity for group Wheg_Group from config.yaml: 10
2024-10-30 13:08:28,446 INFO: Profile velocities set for group Wheg_Group: {1: 43.7, 2: 43.7, 3: 43.7, 4: 43.7, 5: 43.7, 6: 43.7}
2024-10-30 13:08:28,961 INFO: Setting operating mode 'multi_turn' for group 'Wheg_Group'
2024-10-30 13:08:28,963 INFO: Disabling torque for group Wheg_Group
2024-10-30 13:08:28,966 INFO: Enabling torque for group Wheg_Group
2024-10-30 13:08:28,968 INFO: Setting the profile velocity for group Wheg_Group from config.yaml: 10
2024-10-30 13:08:28,970 INFO: Profile velocities set for group Wheg_Group: {1: 43.7, 2: 43.7, 3: 43.7, 4: 43.7, 5: 43.7, 6: 43.7}
2024-10-30 13:08:28,970 INFO: Setting the profile velocity for group Wheg_Group from config.yaml: 10
2024-10-30 13:08:28,971 INFO: Profile velocities set for group Wheg_Group: {1: 43.7, 2: 43.7, 3: 43.7, 4: 43.7, 5: 43.7, 6: 43.7}
2024-10-30 13:08:28,972 INFO: Profile velocities set for group Wheg_Group: {1: 13.109866638183593, 2: 104.87893310546875, 3: 13.109866638183593, 4: 104.87893310546875, 5: 13.109866638183593, 6: 104.87893310546875}
2024-10-30 13:08:28,972 INFO: Incrementing motor positions by {1: 40, 2: 320, 3: 40, 4: 320, 5: 40, 6: 320} degrees for group 'Wheg_Group'
2024-10-30 13:08:29,008 ERROR: Bulk read failed with error: [TxRxResult] There is no status packet!
2024-10-30 13:08:29,008 ERROR: Failed to read operating modes for group 'Wheg_Group'
2024-10-30 13:08:29,009 INFO: Gait 2 step executed at 3.00RPM, wait for 2.25 seconds
2024-10-30 13:08:31,316 INFO: Profile velocities set for group Wheg_Group: {1: 104.87893310546875, 2: 13.109866638183593, 3: 104.87893310546875, 4: 13.109866638183593, 5: 104.87893310546875, 6: 13.109866638183593}
2024-10-30 13:08:31,317 INFO: Incrementing motor positions by {1: 320, 2: 40, 3: 320, 4: 40, 5: 320, 6: 40} degrees for group 'Wheg_Group'
2024-10-30 13:08:31,328 INFO: Gait 2 step executed at 3.00RPM, wait for 2.25 seconds
2024-10-30 13:08:33,635 WARNING: Motors are not in the correct positions for Gait 2. Positions: {1: 64.28125, 2: 249.169921875, 3: 92.58203125, 4: 193.359375, 5: 157.884765625, 6: 200.302734375}
2024-10-30 13:08:33,636 WARNING: Waiting for 1 second before checking for movement
2024-10-30 13:08:33,742 INFO: Motors are moving. Continuing with the gait.
2024-10-30 13:08:34,290 WARNING: Motors are not in the correct positions for Gait 2. Positions: {1: 64.28125, 2: 251.103515625, 3: 92.40625, 4: 193.53515625, 5: 158.32421875, 6: 200.126953125}
2024-10-30 13:08:34,290 WARNING: Waiting for 1 second before checking for movement
2024-10-30 13:08:34,396 CRITICAL: Motors are not moving, reseting positions, and waiting for 3 seconds.
2024-10-30 13:08:34,397 INFO: Running set_position_group for group 'Wheg_Group' with positions: {1: 160, 2: 200, 3: 160, 4: 160, 5: 200, 6: 160}
2024-10-30 13:08:34,402 WARNING: Motor 1 is not in Position Control Mode. Setting mode now.
2024-10-30 13:08:34,402 INFO: Setting operating mode 'position' for group 'Wheg_Group'
2024-10-30 13:08:34,403 INFO: Disabling torque for group Wheg_Group
2024-10-30 13:08:34,404 INFO: Enabling torque for group Wheg_Group
2024-10-30 13:08:34,404 INFO: Setting the profile velocity for group Wheg_Group from config.yaml: 10
2024-10-30 13:08:34,405 INFO: Profile velocities set for group Wheg_Group: {1: 43.7, 2: 43.7, 3: 43.7, 4: 43.7, 5: 43.7, 6: 43.7}
2024-10-30 13:08:34,406 INFO: Setting the profile velocity for group Wheg_Group from config.yaml: 10
2024-10-30 13:08:34,406 INFO: Profile velocities set for group Wheg_Group: {1: 43.7, 2: 43.7, 3: 43.7, 4: 43.7, 5: 43.7, 6: 43.7}
2024-10-30 13:08:34,922 INFO: Setting operating mode 'multi_turn' for group 'Wheg_Group'
2024-10-30 13:08:34,922 INFO: Disabling torque for group Wheg_Group
2024-10-30 13:08:34,926 INFO: Enabling torque for group Wheg_Group
2024-10-30 13:08:34,928 INFO: Setting the profile velocity for group Wheg_Group from config.yaml: 10
2024-10-30 13:08:34,928 INFO: Profile velocities set for group Wheg_Group: {1: 43.7, 2: 43.7, 3: 43.7, 4: 43.7, 5: 43.7, 6: 43.7}
2024-10-30 13:08:34,929 INFO: Setting the profile velocity for group Wheg_Group from config.yaml: 10
2024-10-30 13:08:34,930 INFO: Profile velocities set for group Wheg_Group: {1: 43.7, 2: 43.7, 3: 43.7, 4: 43.7, 5: 43.7, 6: 43.7}
2024-10-30 13:08:34,930 INFO: Profile velocities set for group Wheg_Group: {1: 13.109866638183593, 2: 104.87893310546875, 3: 13.109866638183593, 4: 104.87893310546875, 5: 13.109866638183593, 6: 104.87893310546875}
2024-10-30 13:08:34,931 INFO: Incrementing motor positions by {1: 40, 2: 320, 3: 40, 4: 320, 5: 40, 6: 320} degrees for group 'Wheg_Group'
2024-10-30 13:08:34,941 INFO: Gait 2 step executed at 3.00RPM, wait for 2.25 seconds
2024-10-30 13:08:37,213 INFO: Profile velocities set for group Wheg_Group: {1: 104.87893310546875, 2: 13.109866638183593, 3: 104.87893310546875, 4: 13.109866638183593, 5: 104.87893310546875, 6: 13.109866638183593}
2024-10-30 13:08:37,213 INFO: Incrementing motor positions by {1: 320, 2: 40, 3: 320, 4: 40, 5: 320, 6: 40} degrees for group 'Wheg_Group'
2024-10-30 13:08:37,224 INFO: Gait 2 step executed at 3.00RPM, wait for 2.25 seconds
2024-10-30 13:08:39,495 WARNING: Motors are not in the correct positions for Gait 2. Positions: {1: 86.95703125, 2: 221.60546875, 3: 111.390625, 4: 161.224609375, 5: 177.484375, 6: 167.552734375}
2024-10-30 13:08:39,495 WARNING: Waiting for 1 second before checking for movement
2024-10-30 13:08:39,602 INFO: Motors are moving. Continuing with the gait.
2024-10-30 13:08:40,150 WARNING: Motors are not in the correct positions for Gait 2. Positions: {1: 88.1875, 2: 223.099609375, 3: 112.97265625, 4: 161.224609375, 5: 181.791015625, 6: 168.607421875}
2024-10-30 13:08:40,150 WARNING: Waiting for 1 second before checking for movement
2024-10-30 13:08:40,256 CRITICAL: Motors are not moving, reseting positions, and waiting for 3 seconds.
2024-10-30 13:08:40,257 INFO: Running set_position_group for group 'Wheg_Group' with positions: {1: 160, 2: 200, 3: 160, 4: 160, 5: 200, 6: 160}
2024-10-30 13:08:40,262 WARNING: Motor 1 is not in Position Control Mode. Setting mode now.
2024-10-30 13:08:40,262 INFO: Setting operating mode 'position' for group 'Wheg_Group'
2024-10-30 13:08:40,263 INFO: Disabling torque for group Wheg_Group
2024-10-30 13:08:40,263 INFO: Enabling torque for group Wheg_Group
2024-10-30 13:08:40,264 INFO: Setting the profile velocity for group Wheg_Group from config.yaml: 10
2024-10-30 13:08:40,265 INFO: Profile velocities set for group Wheg_Group: {1: 43.7, 2: 43.7, 3: 43.7, 4: 43.7, 5: 43.7, 6: 43.7}
2024-10-30 13:08:40,265 INFO: Setting the profile velocity for group Wheg_Group from config.yaml: 10
2024-10-30 13:08:40,266 INFO: Profile velocities set for group Wheg_Group: {1: 43.7, 2: 43.7, 3: 43.7, 4: 43.7, 5: 43.7, 6: 43.7}
2024-10-30 13:08:40,781 INFO: Setting operating mode 'multi_turn' for group 'Wheg_Group'
2024-10-30 13:08:40,782 INFO: Disabling torque for group Wheg_Group
2024-10-30 13:08:40,784 INFO: Enabling torque for group Wheg_Group
2024-10-30 13:08:40,787 INFO: Setting the profile velocity for group Wheg_Group from config.yaml: 10
2024-10-30 13:08:40,788 INFO: Profile velocities set for group Wheg_Group: {1: 43.7, 2: 43.7, 3: 43.7, 4: 43.7, 5: 43.7, 6: 43.7}
2024-10-30 13:08:40,788 INFO: Setting the profile velocity for group Wheg_Group from config.yaml: 10
2024-10-30 13:08:40,789 INFO: Profile velocities set for group Wheg_Group: {1: 43.7, 2: 43.7, 3: 43.7, 4: 43.7, 5: 43.7, 6: 43.7}
2024-10-30 13:08:40,790 INFO: Profile velocities set for group Wheg_Group: {1: 13.109866638183593, 2: 104.87893310546875, 3: 13.109866638183593, 4: 104.87893310546875, 5: 13.109866638183593, 6: 104.87893310546875}
2024-10-30 13:08:40,790 INFO: Incrementing motor positions by {1: 40, 2: 320, 3: 40, 4: 320, 5: 40, 6: 320} degrees for group 'Wheg_Group'
2024-10-30 13:08:40,800 INFO: Gait 2 step executed at 3.00RPM, wait for 2.25 seconds
2024-10-30 13:08:43,071 INFO: Profile velocities set for group Wheg_Group: {1: 104.87893310546875, 2: 13.109866638183593, 3: 104.87893310546875, 4: 13.109866638183593, 5: 104.87893310546875, 6: 13.109866638183593}
2024-10-30 13:08:43,072 INFO: Incrementing motor positions by {1: 320, 2: 40, 3: 320, 4: 40, 5: 320, 6: 40} degrees for group 'Wheg_Group'
2024-10-30 13:08:43,083 INFO: Gait 2 step executed at 3.00RPM, wait for 2.25 seconds
2024-10-30 13:08:50,503 INFO: R3 pressed. Turning mode requested
2024-10-30 13:08:50,514 INFO: Initialising Turn Mode
2024-10-30 13:08:50,514 INFO: Running set_position_group for group 'Wheg_Group' with positions: {1: 160, 2: 200, 3: 160, 4: 160, 5: 200, 6: 160}
2024-10-30 13:08:50,520 WARNING: Motor 1 is not in Position Control Mode. Setting mode now.
2024-10-30 13:08:50,520 INFO: Setting operating mode 'position' for group 'Wheg_Group'
2024-10-30 13:08:50,521 INFO: Disabling torque for group Wheg_Group
2024-10-30 13:08:50,523 INFO: Enabling torque for group Wheg_Group
2024-10-30 13:08:50,524 INFO: Setting the profile velocity for group Wheg_Group from config.yaml: 10
2024-10-30 13:08:50,525 INFO: Profile velocities set for group Wheg_Group: {1: 43.7, 2: 43.7, 3: 43.7, 4: 43.7, 5: 43.7, 6: 43.7}
2024-10-30 13:08:50,526 INFO: Setting the profile velocity for group Wheg_Group from config.yaml: 10
2024-10-30 13:08:50,526 INFO: Profile velocities set for group Wheg_Group: {1: 43.7, 2: 43.7, 3: 43.7, 4: 43.7, 5: 43.7, 6: 43.7}
2024-10-30 13:08:50,527 INFO: Running set_position_group for group 'Pivot_Group' with positions: 180
2024-10-30 13:08:50,531 INFO: Initialised turn mode, waiting for 3 seconds
2024-10-30 13:08:53,557 INFO: Setting operating mode 'multi_turn' for group 'Wheg_Group'
2024-10-30 13:08:53,558 INFO: Disabling torque for group Wheg_Group
2024-10-30 13:08:53,561 INFO: Enabling torque for group Wheg_Group
2024-10-30 13:08:53,563 INFO: Setting the profile velocity for group Wheg_Group from config.yaml: 10
2024-10-30 13:08:53,563 INFO: Profile velocities set for group Wheg_Group: {1: 43.7, 2: 43.7, 3: 43.7, 4: 43.7, 5: 43.7, 6: 43.7}
2024-10-30 13:08:53,564 INFO: Setting the profile velocity for group Wheg_Group from config.yaml: 10
2024-10-30 13:08:53,565 INFO: Profile velocities set for group Wheg_Group: {1: 43.7, 2: 43.7, 3: 43.7, 4: 43.7, 5: 43.7, 6: 43.7}
2024-10-30 13:08:53,565 INFO: Turn mode activated.
2024-10-30 13:08:53,590 INFO: Running set_position_group for group 'Wheg_Group' with positions: {1: 160, 2: 200, 3: 160, 4: 160, 5: 200, 6: 160}
2024-10-30 13:08:53,595 WARNING: Motor 1 is not in Position Control Mode. Setting mode now.
2024-10-30 13:08:53,596 INFO: Setting operating mode 'position' for group 'Wheg_Group'
2024-10-30 13:08:53,596 INFO: Disabling torque for group Wheg_Group
2024-10-30 13:08:53,597 INFO: Enabling torque for group Wheg_Group
2024-10-30 13:08:53,598 INFO: Setting the profile velocity for group Wheg_Group from config.yaml: 10
2024-10-30 13:08:53,599 INFO: Profile velocities set for group Wheg_Group: {1: 43.7, 2: 43.7, 3: 43.7, 4: 43.7, 5: 43.7, 6: 43.7}
2024-10-30 13:08:53,599 INFO: Setting the profile velocity for group Wheg_Group from config.yaml: 10
2024-10-30 13:08:53,600 INFO: Profile velocities set for group Wheg_Group: {1: 43.7, 2: 43.7, 3: 43.7, 4: 43.7, 5: 43.7, 6: 43.7}
2024-10-30 13:08:54,106 WARNING: Motors are not in the correct positions for Gait 4. Positions: {1: 149.4140625, 2: 202.060546875, 3: 156.357421875, 4: 159.9609375, 5: 206.89453125, 6: 160.13671875}
2024-10-30 13:08:54,107 WARNING: Waiting for 1 second before checking for movement
2024-10-30 13:08:54,253 CRITICAL: Motors are not moving, reseting positions, and waiting for 3 seconds.
2024-10-30 13:08:54,254 INFO: Running set_position_group for group 'Wheg_Group' with positions: {1: 160, 2: 200, 3: 160, 4: 160, 5: 200, 6: 160}
2024-10-30 13:08:57,304 INFO: Setting operating mode 'multi_turn' for group 'Wheg_Group'
2024-10-30 13:08:57,305 INFO: Disabling torque for group Wheg_Group
2024-10-30 13:08:57,309 INFO: Enabling torque for group Wheg_Group
2024-10-30 13:08:57,312 INFO: Setting the profile velocity for group Wheg_Group from config.yaml: 10
2024-10-30 13:08:57,314 INFO: Profile velocities set for group Wheg_Group: {1: 43.7, 2: 43.7, 3: 43.7, 4: 43.7, 5: 43.7, 6: 43.7}
2024-10-30 13:08:57,314 INFO: Setting the profile velocity for group Wheg_Group from config.yaml: 10
2024-10-30 13:08:57,315 INFO: Profile velocities set for group Wheg_Group: {1: 43.7, 2: 43.7, 3: 43.7, 4: 43.7, 5: 43.7, 6: 43.7}
2024-10-30 13:08:57,317 INFO: Profile velocities set for group Wheg_Group: {1: 8.74, 2: 69.92, 3: 8.74, 4: 69.92, 5: 8.74, 6: 69.92}
2024-10-30 13:08:57,318 INFO: Incrementing motor positions by {1: 40, 2: 320, 3: 40, 4: -320, 5: -40, 6: -320} degrees for group 'Wheg_Group'
2024-10-30 13:08:57,330 INFO: Gait 4 step executed at 2.00RPM, wait for 3.36 seconds
2024-10-30 13:09:00,636 INFO: Share pressed. Reversing the direction of the whegs
2024-10-30 13:09:00,842 INFO: Share pressed. Reversing the direction of the whegs
2024-10-30 13:09:01,747 ERROR: Hardware error detected on motor 5: Error code 32
2024-10-30 13:09:01,747 ERROR: Motor 5: Overload Error detected.
2024-10-30 13:09:01,748 WARNING: Hardware error detected on motor 5. Rebooting motor and resetting gait...
2024-10-30 13:09:01,749 INFO: Motor 5 successfully rebooted.
2024-10-30 13:09:01,750 INFO: Motor 5 rebooted successfully.
2024-10-30 13:09:01,786 ERROR: Bulk read failed with error: [TxRxResult] There is no status packet!
2024-10-30 13:09:01,822 ERROR: Bulk read failed with error: [TxRxResult] There is no status packet!
2024-10-30 13:09:01,858 ERROR: Bulk read failed with error: [TxRxResult] There is no status packet!
2024-10-30 13:09:01,894 ERROR: Bulk read failed with error: [TxRxResult] There is no status packet!
2024-10-30 13:09:01,930 ERROR: Bulk read failed with error: [TxRxResult] There is no status packet!
2024-10-30 13:09:01,966 ERROR: Bulk read failed with error: [TxRxResult] There is no status packet!
2024-10-30 13:09:02,002 ERROR: Bulk read failed with error: [TxRxResult] There is no status packet!
2024-10-30 13:09:02,003 ERROR: Error retrieving motor data: 'NoneType' object has no attribute 'keys'
2024-10-30 13:09:02,049 ERROR: Bulk read failed with error: [TxRxResult] There is no status packet!
2024-10-30 13:09:02,085 ERROR: Bulk read failed with error: [TxRxResult] There is no status packet!
2024-10-30 13:09:12,443 INFO: Share pressed. Reversing the direction of the whegs
2024-10-30 13:09:12,557 INFO: Share pressed. Reversing the direction of the whegs
2024-10-30 13:09:12,671 INFO: Share pressed. Reversing the direction of the whegs
2024-10-30 13:09:30,909 INFO: Share pressed. Reversing the direction of the whegs
2024-10-30 13:09:31,023 INFO: Share pressed. Reversing the direction of the whegs
2024-10-30 13:09:33,645 WARNING: Emergency stop activated! Stopping all motors asynchronously.
2024-10-30 13:09:33,645 INFO: Setting operating mode 'velocity' for group 'All_Motors'
2024-10-30 13:09:33,646 INFO: Disabling torque for group All_Motors
2024-10-30 13:09:33,648 INFO: Enabling torque for group All_Motors
2024-10-30 13:09:33,649 INFO: Setting the profile velocity for group All_Motors from config.yaml: 8
2024-10-30 13:09:33,650 INFO: Profile velocities set for group All_Motors: {1: 34.96, 2: 34.96, 3: 34.96, 4: 34.96, 5: 34.96, 6: 34.96, 7: 34.96, 8: 34.96}
2024-10-30 13:09:33,650 WARNING: Velocity limit 200 exceeds hard limit 100. Limiting to 100.
2024-10-30 13:09:33,651 INFO: Velocity limit set to 100 for group All_Motors
2024-10-30 13:09:33,652 INFO: Enabling torque for group All_Motors
2024-10-30 13:09:33,653 INFO: Setting the profile velocity for group All_Motors from config.yaml: 8
2024-10-30 13:09:33,653 INFO: Profile velocities set for group All_Motors: {1: 34.96, 2: 34.96, 3: 34.96, 4: 34.96, 5: 34.96, 6: 34.96, 7: 34.96, 8: 34.96}
2024-10-30 13:09:33,654 INFO: Target velocities set for group All_Motors: {1: 0, 2: 0, 3: 0, 4: 0, 5: 0, 6: 0, 7: 0, 8: 0}
2024-10-30 13:09:34,657 INFO: Emergency Stop Deactivated. Resuming control...
2024-10-30 13:09:52,268 WARNING: Emergency stop activated! Stopping all motors asynchronously.
2024-10-30 13:09:52,269 INFO: Setting operating mode 'velocity' for group 'All_Motors'
2024-10-30 13:09:52,270 INFO: Disabling torque for group All_Motors
2024-10-30 13:09:52,272 INFO: Enabling torque for group All_Motors
2024-10-30 13:09:52,274 INFO: Setting the profile velocity for group All_Motors from config.yaml: 8
2024-10-30 13:09:52,275 INFO: Profile velocities set for group All_Motors: {1: 34.96, 2: 34.96, 3: 34.96, 4: 34.96, 5: 34.96, 6: 34.96, 7: 34.96, 8: 34.96}
2024-10-30 13:09:52,275 WARNING: Velocity limit 200 exceeds hard limit 100. Limiting to 100.
2024-10-30 13:09:52,276 INFO: Velocity limit set to 100 for group All_Motors
2024-10-30 13:09:52,277 INFO: Enabling torque for group All_Motors
2024-10-30 13:09:52,277 INFO: Setting the profile velocity for group All_Motors from config.yaml: 8
2024-10-30 13:09:52,278 INFO: Profile velocities set for group All_Motors: {1: 34.96, 2: 34.96, 3: 34.96, 4: 34.96, 5: 34.96, 6: 34.96, 7: 34.96, 8: 34.96}
2024-10-30 13:09:52,279 INFO: Target velocities set for group All_Motors: {1: 0, 2: 0, 3: 0, 4: 0, 5: 0, 6: 0, 7: 0, 8: 0}
2024-10-30 13:09:53,879 INFO: Emergency Stop Deactivated. Resuming control...
2024-10-30 13:10:03,015 INFO: Initiating safe shutdown...
2024-10-30 13:10:03,015 INFO: Setting operating mode 'velocity' for group 'All_Motors'
2024-10-30 13:10:03,016 INFO: Disabling torque for group All_Motors
2024-10-30 13:10:03,017 INFO: Enabling torque for group All_Motors
2024-10-30 13:10:03,018 INFO: Setting the profile velocity for group All_Motors from config.yaml: 8
2024-10-30 13:10:03,019 INFO: Profile velocities set for group All_Motors: {1: 34.96, 2: 34.96, 3: 34.96, 4: 34.96, 5: 34.96, 6: 34.96, 7: 34.96, 8: 34.96}
2024-10-30 13:10:03,020 WARNING: Velocity limit 200 exceeds hard limit 100. Limiting to 100.
2024-10-30 13:10:03,020 INFO: Velocity limit set to 100 for group All_Motors
2024-10-30 13:10:03,021 INFO: Enabling torque for group All_Motors
2024-10-30 13:10:03,022 INFO: Setting the profile velocity for group All_Motors from config.yaml: 8
2024-10-30 13:10:03,023 INFO: Profile velocities set for group All_Motors: {1: 34.96, 2: 34.96, 3: 34.96, 4: 34.96, 5: 34.96, 6: 34.96, 7: 34.96, 8: 34.96}
2024-10-30 13:10:03,024 INFO: Target velocities set for group All_Motors: {1: 0, 2: 0, 3: 0, 4: 0, 5: 0, 6: 0, 7: 0, 8: 0}
2024-10-30 13:10:03,024 INFO: Running set_position_group for group 'All_Motors' with positions: 180
2024-10-30 13:10:03,032 WARNING: Motor 1 is not in Position Control Mode. Setting mode now.
2024-10-30 13:10:03,032 INFO: Setting operating mode 'position' for group 'All_Motors'
2024-10-30 13:10:03,033 INFO: Disabling torque for group All_Motors
2024-10-30 13:10:03,033 INFO: Enabling torque for group All_Motors
2024-10-30 13:10:03,035 INFO: Setting the profile velocity for group All_Motors from config.yaml: 8
2024-10-30 13:10:03,035 INFO: Profile velocities set for group All_Motors: {1: 34.96, 2: 34.96, 3: 34.96, 4: 34.96, 5: 34.96, 6: 34.96, 7: 34.96, 8: 34.96}
2024-10-30 13:10:03,036 INFO: Setting the profile velocity for group All_Motors from config.yaml: 8
2024-10-30 13:10:03,037 INFO: Profile velocities set for group All_Motors: {1: 34.96, 2: 34.96, 3: 34.96, 4: 34.96, 5: 34.96, 6: 34.96, 7: 34.96, 8: 34.96}
2024-10-30 13:10:03,038 INFO: Closing PS4Controller and quitting pygame
2024-10-30 13:10:03,135 INFO: Port closed successfully.
2024-10-30 13:10:03,136 INFO: Shutdown complete.
2024-10-30 13:10:03,137 ERROR: Error checking hardware errors: Attempting to use a port that is not open
