2024-10-30 14:29:25,876 INFO: Initializing PS4Controller
2024-10-30 14:29:26,154 INFO: Configuration loaded successfully
2024-10-30 14:29:26,158 INFO: Port /dev/ttyACM0 opened successfully
2024-10-30 14:29:26,168 INFO: Baudrate set to 1000000
2024-10-30 14:29:26,169 INFO: Control table loaded successfully.
2024-10-30 14:29:26,170 INFO: Motor group 'Pivot_Group' created with motors: [7, 8]
2024-10-30 14:29:26,170 INFO: Motor group 'Wheg_Group' created with motors: [1, 2, 3, 4, 5, 6]
2024-10-30 14:29:26,170 INFO: Motor group 'All_Motors' created with motors: [1, 2, 3, 4, 5, 6, 7, 8]
2024-10-30 14:29:26,171 INFO: Motor group 'Left_Whegs' created with motors: [1, 2, 3]
2024-10-30 14:29:26,171 INFO: Motor group 'Right_Whegs' created with motors: [4, 5, 6]
2024-10-30 14:29:26,172 INFO: Motor group 'Front_Whegs' created with motors: [3, 6]
2024-10-30 14:29:26,172 INFO: Motor group 'Rear_Whegs' created with motors: [1, 4]
2024-10-30 14:29:26,173 INFO: Motor group 'Middle_Whegs' created with motors: [2, 5]
2024-10-30 14:29:26,173 INFO: Motor group 'Two_Right_One_Left' created with motors: [2, 4, 6]
2024-10-30 14:29:26,173 INFO: Motor group 'Two_Left_One_Right' created with motors: [5, 1, 3]
2024-10-30 14:29:26,174 INFO: Initialised PS4 controller, Dynamixel, and Robot State
2024-10-30 14:29:26,333 INFO: Disabling torque for group Right_Whegs
2024-10-30 14:29:26,337 INFO: Drive mode set for group Right_Whegs with reverse_direction=True
2024-10-30 14:29:26,339 INFO: Enabling torque for group Right_Whegs
2024-10-30 14:29:26,341 INFO: Setting the profile velocity for group Right_Whegs from config.yaml: None
2024-10-30 14:29:26,343 ERROR: Profile velocity for group Right_Whegs not found in config.yaml and no value was provided.
2024-10-30 14:29:26,345 INFO: Profile velocities set for group Right_Whegs: {4: 21.85, 5: 21.85, 6: 21.85}
2024-10-30 14:29:26,346 INFO: Disabling torque for group Left_Whegs
2024-10-30 14:29:26,347 INFO: Drive mode set for group Left_Whegs with reverse_direction=False
2024-10-30 14:29:26,347 INFO: Enabling torque for group Left_Whegs
2024-10-30 14:29:26,348 INFO: Setting the profile velocity for group Left_Whegs from config.yaml: None
2024-10-30 14:29:26,348 ERROR: Profile velocity for group Left_Whegs not found in config.yaml and no value was provided.
2024-10-30 14:29:26,349 INFO: Profile velocities set for group Left_Whegs: {1: 21.85, 2: 21.85, 3: 21.85}
2024-10-30 14:29:26,350 INFO: Set the right side whegs to reverse direction
2024-10-30 14:29:26,350 INFO: Disabling torque for group Pivot_Group
2024-10-30 14:29:26,351 INFO: Drive mode set for group Pivot_Group with reverse_direction=False
2024-10-30 14:29:26,351 INFO: Enabling torque for group Pivot_Group
2024-10-30 14:29:26,352 INFO: Setting the profile velocity for group Pivot_Group from config.yaml: 4
2024-10-30 14:29:26,353 INFO: Profile velocities set for group Pivot_Group: {7: 17.48, 8: 17.48}
2024-10-30 14:29:26,354 INFO: Position limits set for group Pivot_Group: min=45° (ticks=511), max=315° (ticks=3583)
2024-10-30 14:29:26,354 INFO: Set position limits for the pivot motors
2024-10-30 14:29:26,363 INFO: Initialising Gait 1
2024-10-30 14:29:26,364 INFO: Running set_position_group for group 'Wheg_Group' with positions: 180
2024-10-30 14:29:26,369 INFO: Running set_position_group for group 'Pivot_Group' with positions: 180
2024-10-30 14:29:26,373 INFO: Initialised Gait 1, waiting for 3 seconds
2024-10-30 14:29:26,374 ERROR: Error controlling pivots: 'dpad_down'
2024-10-30 14:29:29,168 INFO: Triangle pressed. Preparing to change to next gait: 2
2024-10-30 14:29:29,348 INFO: Triangle pressed. Preparing to change to next gait: 2
2024-10-30 14:29:29,374 INFO: Setting operating mode 'multi_turn' for group 'Wheg_Group'
2024-10-30 14:29:29,375 INFO: Disabling torque for group Wheg_Group
2024-10-30 14:29:29,376 INFO: Enabling torque for group Wheg_Group
2024-10-30 14:29:29,377 INFO: Setting the profile velocity for group Wheg_Group from config.yaml: 10
2024-10-30 14:29:29,378 INFO: Profile velocities set for group Wheg_Group: {1: 43.7, 2: 43.7, 3: 43.7, 4: 43.7, 5: 43.7, 6: 43.7}
2024-10-30 14:29:29,378 INFO: Setting the profile velocity for group Wheg_Group from config.yaml: 10
2024-10-30 14:29:29,379 INFO: Profile velocities set for group Wheg_Group: {1: 43.7, 2: 43.7, 3: 43.7, 4: 43.7, 5: 43.7, 6: 43.7}
2024-10-30 14:29:29,380 INFO: New gait 2 is now active.
2024-10-30 14:29:30,981 INFO: Initiating safe shutdown...
2024-10-30 14:29:30,981 INFO: Setting operating mode 'velocity' for group 'All_Motors'
2024-10-30 14:29:30,982 INFO: Disabling torque for group All_Motors
2024-10-30 14:29:30,984 INFO: Enabling torque for group All_Motors
2024-10-30 14:29:30,985 INFO: Setting the profile velocity for group All_Motors from config.yaml: 8
2024-10-30 14:29:30,985 INFO: Profile velocities set for group All_Motors: {1: 34.96, 2: 34.96, 3: 34.96, 4: 34.96, 5: 34.96, 6: 34.96, 7: 34.96, 8: 34.96}
2024-10-30 14:29:30,986 WARNING: Velocity limit 200 exceeds hard limit 100. Limiting to 100.
2024-10-30 14:29:30,987 INFO: Velocity limit set to 100 for group All_Motors
2024-10-30 14:29:30,987 INFO: Enabling torque for group All_Motors
2024-10-30 14:29:30,988 INFO: Setting the profile velocity for group All_Motors from config.yaml: 8
2024-10-30 14:29:30,989 INFO: Profile velocities set for group All_Motors: {1: 34.96, 2: 34.96, 3: 34.96, 4: 34.96, 5: 34.96, 6: 34.96, 7: 34.96, 8: 34.96}
2024-10-30 14:29:30,990 INFO: Target velocities set for group All_Motors: {1: 0, 2: 0, 3: 0, 4: 0, 5: 0, 6: 0, 7: 0, 8: 0}
2024-10-30 14:29:30,990 INFO: Running set_position_group for group 'All_Motors' with positions: 180
2024-10-30 14:29:30,998 WARNING: Motor 1 is not in Position Control Mode. Setting mode now.
2024-10-30 14:29:30,998 INFO: Setting operating mode 'position' for group 'All_Motors'
2024-10-30 14:29:30,999 INFO: Disabling torque for group All_Motors
2024-10-30 14:29:31,000 INFO: Enabling torque for group All_Motors
2024-10-30 14:29:31,000 INFO: Setting the profile velocity for group All_Motors from config.yaml: 8
2024-10-30 14:29:31,001 INFO: Profile velocities set for group All_Motors: {1: 34.96, 2: 34.96, 3: 34.96, 4: 34.96, 5: 34.96, 6: 34.96, 7: 34.96, 8: 34.96}
2024-10-30 14:29:31,001 INFO: Setting the profile velocity for group All_Motors from config.yaml: 8
2024-10-30 14:29:31,002 INFO: Profile velocities set for group All_Motors: {1: 34.96, 2: 34.96, 3: 34.96, 4: 34.96, 5: 34.96, 6: 34.96, 7: 34.96, 8: 34.96}
2024-10-30 14:29:31,003 INFO: Closing PS4Controller and quitting pygame
2024-10-30 14:29:31,073 INFO: Port closed successfully.
2024-10-30 14:29:31,073 INFO: Shutdown complete.
