2024-10-28 21:26:08,109 INFO: Initializing PS4Controller
2024-10-28 21:26:08,363 INFO: Configuration loaded successfully
2024-10-28 21:26:08,366 INFO: Port /dev/ttyACM0 opened successfully
2024-10-28 21:26:08,376 INFO: Baudrate set to 1000000
2024-10-28 21:26:08,376 INFO: Control table loaded successfully.
2024-10-28 21:26:08,377 INFO: Motor group 'Pivot_Group' created with motors: [7, 8]
2024-10-28 21:26:08,377 INFO: Motor group 'Wheg_Group' created with motors: [1, 2, 3, 4, 5, 6]
2024-10-28 21:26:08,378 INFO: Motor group 'All_Motors' created with motors: [1, 2, 3, 4, 5, 6, 7, 8]
2024-10-28 21:26:08,378 INFO: Motor group 'Left_Whegs' created with motors: [1, 2, 3]
2024-10-28 21:26:08,379 INFO: Motor group 'Right_Whegs' created with motors: [4, 5, 6]
2024-10-28 21:26:08,379 INFO: Motor group 'Front_Whegs' created with motors: [3, 6]
2024-10-28 21:26:08,380 INFO: Motor group 'Rear_Whegs' created with motors: [1, 4]
2024-10-28 21:26:08,380 INFO: Motor group 'Middle_Whegs' created with motors: [2, 5]
2024-10-28 21:26:08,381 INFO: Motor group 'Two_Right_One_Left' created with motors: [2, 4, 6]
2024-10-28 21:26:08,381 INFO: Motor group 'Two_Left_One_Right' created with motors: [5, 1, 3]
2024-10-28 21:26:08,381 INFO: Initialised PS4 controller, Dynamixel, and Robot State
2024-10-28 21:26:08,535 INFO: Initialised Streamlit dashboard
2024-10-28 21:26:08,536 INFO: Disabling torque for group Right_Whegs
2024-10-28 21:26:08,539 INFO: Drive mode set for group Right_Whegs with reverse_direction=True
2024-10-28 21:26:08,540 INFO: Enabling torque for group Right_Whegs
2024-10-28 21:26:08,544 INFO: Motor 4 drive mode correctly set to reverse
2024-10-28 21:26:08,545 INFO: Motor 5 drive mode correctly set to reverse
2024-10-28 21:26:08,545 INFO: Motor 6 drive mode correctly set to reverse
2024-10-28 21:26:08,546 INFO: Disabling torque for group Left_Whegs
2024-10-28 21:26:08,547 INFO: Drive mode set for group Left_Whegs with reverse_direction=False
2024-10-28 21:26:08,547 INFO: Enabling torque for group Left_Whegs
2024-10-28 21:26:08,551 INFO: Motor 1 drive mode correctly set to normal
2024-10-28 21:26:08,552 INFO: Motor 2 drive mode correctly set to normal
2024-10-28 21:26:08,552 INFO: Motor 3 drive mode correctly set to normal
2024-10-28 21:26:08,553 INFO: Set the right side whegs to reverse direction
2024-10-28 21:26:08,553 INFO: Disabling torque for group Pivot_Group
2024-10-28 21:26:08,555 INFO: Drive mode set for group Pivot_Group with reverse_direction=False
2024-10-28 21:26:08,555 INFO: Enabling torque for group Pivot_Group
2024-10-28 21:26:08,559 INFO: Motor 7 drive mode correctly set to normal
2024-10-28 21:26:08,560 INFO: Motor 8 drive mode correctly set to normal
2024-10-28 21:26:08,561 INFO: Position limits set for group Pivot_Group: min=90° (ticks=1023), max=270° (ticks=3071)
2024-10-28 21:26:08,561 INFO: Set position limits for the pivot motors
2024-10-28 21:26:08,563 INFO: Initialising Gait 1
2024-10-28 21:26:08,563 INFO: Running set_position_group for group 'Wheg_Group' with positions: 180
2024-10-28 21:26:08,569 INFO: Running set_position_group for group 'Pivot_Group' with positions: 180
2024-10-28 21:26:08,572 INFO: Initialised Gait 1, waiting for 3 seconds
2024-10-28 21:26:08,632 INFO: Motor     Position (degrees)       Velocity (RPM)      Load (%)  
2024-10-28 21:26:08,633 INFO: 1         179.91                   0.00                0.4       
2024-10-28 21:26:08,634 INFO: 2         179.65                   0.23                1.1       
2024-10-28 21:26:08,634 INFO: 3         179.30                   0.23                1.2       
2024-10-28 21:26:08,634 INFO: 4         179.74                   0.23                1.2       
2024-10-28 21:26:08,635 INFO: 5         179.82                   0.23                0.4       
2024-10-28 21:26:08,635 INFO: 6         179.82                   0.69                0.0       
2024-10-28 21:26:08,635 INFO: 7         179.65                   0.00                1.3       
2024-10-28 21:26:08,636 INFO: 8         180.70                   0.00                -5.9      
2024-10-28 21:26:08,636 INFO: Updating dashboard
2024-10-28 21:26:08,667 ERROR: Error updating dashboard: ProgressMixin.progress() got an unexpected keyword argument 'text_color'
2024-10-28 21:26:09,669 INFO: Updating dashboard
2024-10-28 21:26:09,700 ERROR: Error updating dashboard: ProgressMixin.progress() got an unexpected keyword argument 'text_color'
2024-10-28 21:26:10,702 INFO: Updating dashboard
2024-10-28 21:26:10,734 ERROR: Error updating dashboard: ProgressMixin.progress() got an unexpected keyword argument 'text_color'
2024-10-28 21:26:11,573 INFO: Setting operating mode 'multi_turn' for group 'Wheg_Group'
2024-10-28 21:26:11,573 INFO: Disabling torque for group Wheg_Group
2024-10-28 21:26:11,576 INFO: Enabling torque for group Wheg_Group
2024-10-28 21:26:11,577 INFO: Setting the profile velocity for group Wheg_Group from config.yaml: 10
2024-10-28 21:26:11,579 INFO: Profile velocities set for group Wheg_Group: {1: 43.7, 2: 43.7, 3: 43.7, 4: 43.7, 5: 43.7, 6: 43.7}
2024-10-28 21:26:11,580 INFO: New gait 1 is now active.
2024-10-28 21:26:11,737 INFO: Updating dashboard
2024-10-28 21:26:11,769 ERROR: Error updating dashboard: ProgressMixin.progress() got an unexpected keyword argument 'text_color'
2024-10-28 21:26:12,164 INFO: Profile velocities set for group Wheg_Group: {1: 21.85, 2: 21.85, 3: 21.85, 4: 21.85, 5: 21.85, 6: 21.85}
2024-10-28 21:26:12,165 INFO: Incrementing motor positions by 360 degrees for group 'Wheg_Group'
2024-10-28 21:26:12,176 INFO: Gait 1 step executed at 5.00RPM, wait for 12.00 seconds
2024-10-28 21:26:12,789 INFO: Updating dashboard
2024-10-28 21:26:12,821 ERROR: Error updating dashboard: ProgressMixin.progress() got an unexpected keyword argument 'text_color'
2024-10-28 21:26:13,666 INFO: Motor     Position (degrees)       Velocity (RPM)      Load (%)  
2024-10-28 21:26:13,667 INFO: 1         220.17                   4.81                1.9       
2024-10-28 21:26:13,667 INFO: 2         219.81                   4.81                2.0       
2024-10-28 21:26:13,668 INFO: 3         219.73                   4.81                2.0       
2024-10-28 21:26:13,668 INFO: 4         219.99                   5.04                1.9       
2024-10-28 21:26:13,669 INFO: 5         220.17                   4.81                1.8       
2024-10-28 21:26:13,669 INFO: 6         220.08                   5.04                2.0       
2024-10-28 21:26:13,669 INFO: 7         179.65                   0.00                1.6       
2024-10-28 21:26:13,670 INFO: 8         180.70                   0.00                -5.1      
2024-10-28 21:26:13,824 INFO: Updating dashboard
2024-10-28 21:26:13,854 ERROR: Error updating dashboard: ProgressMixin.progress() got an unexpected keyword argument 'text_color'
2024-10-28 21:26:14,864 INFO: Updating dashboard
2024-10-28 21:26:14,894 ERROR: Error updating dashboard: ProgressMixin.progress() got an unexpected keyword argument 'text_color'
2024-10-28 21:26:15,895 INFO: Updating dashboard
2024-10-28 21:26:15,925 ERROR: Error updating dashboard: ProgressMixin.progress() got an unexpected keyword argument 'text_color'
2024-10-28 21:26:16,939 INFO: Updating dashboard
2024-10-28 21:26:16,970 ERROR: Error updating dashboard: ProgressMixin.progress() got an unexpected keyword argument 'text_color'
2024-10-28 21:26:17,972 INFO: Updating dashboard
2024-10-28 21:26:18,003 ERROR: Error updating dashboard: ProgressMixin.progress() got an unexpected keyword argument 'text_color'
2024-10-28 21:26:18,700 INFO: Motor     Position (degrees)       Velocity (RPM)      Load (%)  
2024-10-28 21:26:18,701 INFO: 1         8.91                     5.04                1.2       
2024-10-28 21:26:18,701 INFO: 2         6.80                     4.81                1.1       
2024-10-28 21:26:18,702 INFO: 3         7.50                     5.04                1.2       
2024-10-28 21:26:18,703 INFO: 4         8.03                     3.21                1.6       
2024-10-28 21:26:18,703 INFO: 5         7.42                     4.81                1.1       
2024-10-28 21:26:18,704 INFO: 6         5.92                     4.81                1.3       
2024-10-28 21:26:18,705 INFO: 7         179.65                   0.00                1.6       
2024-10-28 21:26:18,705 INFO: 8         180.70                   0.00                -5.1      
2024-10-28 21:26:19,026 INFO: Updating dashboard
2024-10-28 21:26:19,058 ERROR: Error updating dashboard: ProgressMixin.progress() got an unexpected keyword argument 'text_color'
2024-10-28 21:26:20,061 INFO: Updating dashboard
2024-10-28 21:26:20,092 ERROR: Error updating dashboard: ProgressMixin.progress() got an unexpected keyword argument 'text_color'
2024-10-28 21:26:21,121 INFO: Updating dashboard
2024-10-28 21:26:21,153 ERROR: Error updating dashboard: ProgressMixin.progress() got an unexpected keyword argument 'text_color'
2024-10-28 21:26:22,156 INFO: Updating dashboard
2024-10-28 21:26:22,188 ERROR: Error updating dashboard: ProgressMixin.progress() got an unexpected keyword argument 'text_color'
2024-10-28 21:26:23,219 INFO: Updating dashboard
2024-10-28 21:26:23,251 ERROR: Error updating dashboard: ProgressMixin.progress() got an unexpected keyword argument 'text_color'
2024-10-28 21:26:23,737 INFO: Motor     Position (degrees)       Velocity (RPM)      Load (%)  
2024-10-28 21:26:23,738 INFO: 1         152.44                   4.81                1.3       
2024-10-28 21:26:23,738 INFO: 2         151.73                   4.81                1.4       
2024-10-28 21:26:23,739 INFO: 3         151.73                   4.58                1.4       
2024-10-28 21:26:23,739 INFO: 4         152.70                   4.81                1.4       
2024-10-28 21:26:23,740 INFO: 5         152.79                   4.81                1.2       
2024-10-28 21:26:23,740 INFO: 6         152.00                   4.81                1.6       
2024-10-28 21:26:23,741 INFO: 7         179.65                   0.00                1.6       
2024-10-28 21:26:23,741 INFO: 8         180.70                   0.00                -5.1      
2024-10-28 21:26:24,253 INFO: Updating dashboard
2024-10-28 21:26:24,284 ERROR: Error updating dashboard: ProgressMixin.progress() got an unexpected keyword argument 'text_color'
2024-10-28 21:26:25,296 INFO: Updating dashboard
2024-10-28 21:26:25,327 INFO: Initiating safe shutdown...
2024-10-28 21:26:25,327 INFO: Setting operating mode 'velocity' for group 'All_Motors'
2024-10-28 21:26:25,328 INFO: Disabling torque for group All_Motors
2024-10-28 21:26:25,329 INFO: Enabling torque for group All_Motors
2024-10-28 21:26:25,330 WARNING: Velocity limit 200 exceeds hard limit 100. Limiting to 100.
2024-10-28 21:26:25,331 INFO: Velocity limit set to 100 for group All_Motors
2024-10-28 21:26:25,331 INFO: Enabling torque for group All_Motors
2024-10-28 21:26:25,333 INFO: Target velocities set for group All_Motors: {1: 0, 2: 0, 3: 0, 4: 0, 5: 0, 6: 0, 7: 0, 8: 0}
2024-10-28 21:26:25,333 INFO: Running set_position_group for group 'All_Motors' with positions: 180
2024-10-28 21:26:25,341 WARNING: Motor 1 is not in Position Control Mode. Setting mode now.
2024-10-28 21:26:25,342 INFO: Setting operating mode 'position' for group 'All_Motors'
2024-10-28 21:26:25,342 INFO: Disabling torque for group All_Motors
2024-10-28 21:26:25,343 INFO: Enabling torque for group All_Motors
2024-10-28 21:26:25,344 INFO: Setting the profile velocity for group All_Motors from config.yaml: 5
2024-10-28 21:26:25,345 INFO: Profile velocities set for group All_Motors: {1: 21.85, 2: 21.85, 3: 21.85, 4: 21.85, 5: 21.85, 6: 21.85, 7: 21.85, 8: 21.85}
2024-10-28 21:26:25,346 INFO: Closing PS4Controller and quitting pygame
2024-10-28 21:26:25,433 INFO: Port closed successfully.
2024-10-28 21:26:25,433 INFO: Shutdown complete.
2024-10-28 21:26:25,434 ERROR: Controller connection lost!
2024-10-28 21:26:25,434 ERROR: Controller is disconnected.
2024-10-28 21:26:25,435 ERROR: Controller connection lost!
2024-10-28 21:26:25,435 ERROR: Controller is disconnected.
2024-10-28 21:26:25,436 ERROR: Controller connection lost!
2024-10-28 21:26:25,436 ERROR: Controller is disconnected.
2024-10-28 21:26:25,436 ERROR: Error controlling pivots: 'NoneType' object is not subscriptable
