2024-10-29 02:12:09,205 INFO: Initializing PS4Controller
2024-10-29 02:12:09,480 INFO: Configuration loaded successfully
2024-10-29 02:12:09,483 INFO: Port /dev/ttyACM0 opened successfully
2024-10-29 02:12:09,493 INFO: Baudrate set to 1000000
2024-10-29 02:12:09,494 INFO: Control table loaded successfully.
2024-10-29 02:12:09,494 INFO: Motor group 'Pivot_Group' created with motors: [7, 8]
2024-10-29 02:12:09,495 INFO: Motor group 'Wheg_Group' created with motors: [1, 2, 3, 4, 5, 6]
2024-10-29 02:12:09,495 INFO: Motor group 'All_Motors' created with motors: [1, 2, 3, 4, 5, 6, 7, 8]
2024-10-29 02:12:09,496 INFO: Motor group 'Left_Whegs' created with motors: [1, 2, 3]
2024-10-29 02:12:09,497 INFO: Motor group 'Right_Whegs' created with motors: [4, 5, 6]
2024-10-29 02:12:09,497 INFO: Motor group 'Front_Whegs' created with motors: [3, 6]
2024-10-29 02:12:09,498 INFO: Motor group 'Rear_Whegs' created with motors: [1, 4]
2024-10-29 02:12:09,498 INFO: Motor group 'Middle_Whegs' created with motors: [2, 5]
2024-10-29 02:12:09,499 INFO: Motor group 'Two_Right_One_Left' created with motors: [2, 4, 6]
2024-10-29 02:12:09,499 INFO: Motor group 'Two_Left_One_Right' created with motors: [5, 1, 3]
2024-10-29 02:12:09,500 INFO: Initialised PS4 controller, Dynamixel, and Robot State
2024-10-29 02:12:09,661 INFO: Disabling torque for group Right_Whegs
2024-10-29 02:12:09,662 INFO: Drive mode set for group Right_Whegs with reverse_direction=True
2024-10-29 02:12:09,664 INFO: Enabling torque for group Right_Whegs
2024-10-29 02:12:09,670 INFO: Motor 4 drive mode correctly set to reverse
2024-10-29 02:12:09,670 INFO: Motor 5 drive mode correctly set to reverse
2024-10-29 02:12:09,671 INFO: Motor 6 drive mode correctly set to reverse
2024-10-29 02:12:09,671 INFO: Disabling torque for group Left_Whegs
2024-10-29 02:12:09,672 INFO: Drive mode set for group Left_Whegs with reverse_direction=False
2024-10-29 02:12:09,672 INFO: Enabling torque for group Left_Whegs
2024-10-29 02:12:09,676 INFO: Motor 1 drive mode correctly set to normal
2024-10-29 02:12:09,677 INFO: Motor 2 drive mode correctly set to normal
2024-10-29 02:12:09,677 INFO: Motor 3 drive mode correctly set to normal
2024-10-29 02:12:09,678 INFO: Set the right side whegs to reverse direction
2024-10-29 02:12:09,678 INFO: Disabling torque for group Pivot_Group
2024-10-29 02:12:09,679 INFO: Drive mode set for group Pivot_Group with reverse_direction=False
2024-10-29 02:12:09,679 INFO: Enabling torque for group Pivot_Group
2024-10-29 02:12:09,685 INFO: Motor 7 drive mode correctly set to normal
2024-10-29 02:12:09,685 INFO: Motor 8 drive mode correctly set to normal
2024-10-29 02:12:09,686 INFO: Position limits set for group Pivot_Group: min=90° (ticks=1023), max=270° (ticks=3071)
2024-10-29 02:12:09,687 INFO: Set position limits for the pivot motors
2024-10-29 02:12:09,688 INFO: Initialising Gait 1
2024-10-29 02:12:09,688 INFO: Running set_position_group for group 'Wheg_Group' with positions: 180
2024-10-29 02:12:09,694 INFO: Running set_position_group for group 'Pivot_Group' with positions: 180
2024-10-29 02:12:09,697 INFO: Initialised Gait 1, waiting for 3 seconds
2024-10-29 02:12:09,698 ERROR: Error controlling pivots: 'dpad_down'
2024-10-29 02:12:10,933 INFO: Triangle pressed. Preparing to change to next gait: 2
2024-10-29 02:12:11,119 INFO: Triangle pressed. Preparing to change to next gait: 2
2024-10-29 02:12:12,700 INFO: Setting operating mode 'multi_turn' for group 'Wheg_Group'
2024-10-29 02:12:12,700 INFO: Disabling torque for group Wheg_Group
2024-10-29 02:12:12,704 INFO: Enabling torque for group Wheg_Group
2024-10-29 02:12:12,706 INFO: Setting the profile velocity for group Wheg_Group from config.yaml: 10
2024-10-29 02:12:12,706 INFO: Profile velocities set for group Wheg_Group: {1: 43.7, 2: 43.7, 3: 43.7, 4: 43.7, 5: 43.7, 6: 43.7}
2024-10-29 02:12:12,707 INFO: New gait 2 is now active.
2024-10-29 02:12:12,718 INFO: Initialising Gait 2
2024-10-29 02:12:12,719 INFO: Running set_position_group for group 'Wheg_Group' with positions: {1: 160, 2: 200, 3: 160, 4: 200, 5: 160, 6: 200}
2024-10-29 02:12:12,725 WARNING: Motor 1 is not in Position Control Mode. Setting mode now.
2024-10-29 02:12:12,725 INFO: Setting operating mode 'position' for group 'Wheg_Group'
2024-10-29 02:12:12,726 INFO: Disabling torque for group Wheg_Group
2024-10-29 02:12:12,727 INFO: Enabling torque for group Wheg_Group
2024-10-29 02:12:12,728 INFO: Setting the profile velocity for group Wheg_Group from config.yaml: 10
2024-10-29 02:12:12,730 INFO: Profile velocities set for group Wheg_Group: {1: 43.7, 2: 43.7, 3: 43.7, 4: 43.7, 5: 43.7, 6: 43.7}
2024-10-29 02:12:12,731 INFO: Running set_position_group for group 'Pivot_Group' with positions: 180
2024-10-29 02:12:12,735 INFO: Initialised Gait 2, waiting for 3 seconds
2024-10-29 02:12:14,024 INFO: Triangle pressed. Preparing to change to next gait: 3
2024-10-29 02:12:15,735 INFO: Setting operating mode 'multi_turn' for group 'Wheg_Group'
2024-10-29 02:12:15,736 INFO: Disabling torque for group Wheg_Group
2024-10-29 02:12:15,737 INFO: Enabling torque for group Wheg_Group
2024-10-29 02:12:15,738 INFO: Setting the profile velocity for group Wheg_Group from config.yaml: 10
2024-10-29 02:12:15,739 INFO: Profile velocities set for group Wheg_Group: {1: 43.7, 2: 43.7, 3: 43.7, 4: 43.7, 5: 43.7, 6: 43.7}
2024-10-29 02:12:15,739 INFO: New gait 3 is now active.
2024-10-29 02:12:15,750 INFO: Initialsing Gait 3
2024-10-29 02:12:15,750 INFO: Running set_position_group for group 'Wheg_Group' with positions: {1: 200, 2: 160, 3: 160, 4: 200, 5: 160, 6: 160}
2024-10-29 02:12:15,756 WARNING: Motor 1 is not in Position Control Mode. Setting mode now.
2024-10-29 02:12:15,756 INFO: Setting operating mode 'position' for group 'Wheg_Group'
2024-10-29 02:12:15,757 INFO: Disabling torque for group Wheg_Group
2024-10-29 02:12:15,758 INFO: Enabling torque for group Wheg_Group
2024-10-29 02:12:15,758 INFO: Setting the profile velocity for group Wheg_Group from config.yaml: 10
2024-10-29 02:12:15,759 INFO: Profile velocities set for group Wheg_Group: {1: 43.7, 2: 43.7, 3: 43.7, 4: 43.7, 5: 43.7, 6: 43.7}
2024-10-29 02:12:15,760 INFO: Running set_position_group for group 'Pivot_Group' with positions: 180
2024-10-29 02:12:15,764 INFO: Initialised Gait 3, waiting for 3 seconds
2024-10-29 02:12:17,752 INFO: Triangle pressed. Preparing to change to next gait: 4
2024-10-29 02:12:17,940 INFO: Triangle pressed. Preparing to change to next gait: 4
2024-10-29 02:12:18,782 INFO: Setting operating mode 'multi_turn' for group 'Wheg_Group'
2024-10-29 02:12:18,783 INFO: Disabling torque for group Wheg_Group
2024-10-29 02:12:18,786 INFO: Enabling torque for group Wheg_Group
2024-10-29 02:12:18,791 INFO: Setting the profile velocity for group Wheg_Group from config.yaml: 10
2024-10-29 02:12:18,793 INFO: Profile velocities set for group Wheg_Group: {1: 43.7, 2: 43.7, 3: 43.7, 4: 43.7, 5: 43.7, 6: 43.7}
2024-10-29 02:12:18,793 INFO: New gait 4 is now active.
2024-10-29 02:12:18,804 INFO: Initialising Gait 4
2024-10-29 02:12:18,808 INFO: Direction data: {1: {'drive_mode': 0}, 2: {'drive_mode': 0}, 3: {'drive_mode': 0}}
2024-10-29 02:12:18,809 INFO: Disabling torque for group Left_Whegs
2024-10-29 02:12:18,810 INFO: Drive mode set for group Left_Whegs with reverse_direction={1: 1, 2: 1, 3: 1}
2024-10-29 02:12:18,810 INFO: Enabling torque for group Left_Whegs
2024-10-29 02:12:18,814 INFO: Motor 1 drive mode correctly set to reverse
2024-10-29 02:12:18,815 INFO: Motor 2 drive mode correctly set to reverse
2024-10-29 02:12:18,815 INFO: Motor 3 drive mode correctly set to reverse
2024-10-29 02:12:18,816 WARNING: Reversed the direction of the left whegs
2024-10-29 02:12:18,817 INFO: Running set_position_group for group 'Wheg_Group' with positions: {1: 160, 2: 200, 3: 160, 4: 200, 5: 160, 6: 200}
2024-10-29 02:12:18,822 WARNING: Motor 1 is not in Position Control Mode. Setting mode now.
2024-10-29 02:12:18,823 INFO: Setting operating mode 'position' for group 'Wheg_Group'
2024-10-29 02:12:18,824 INFO: Disabling torque for group Wheg_Group
2024-10-29 02:12:18,825 INFO: Enabling torque for group Wheg_Group
2024-10-29 02:12:18,826 INFO: Setting the profile velocity for group Wheg_Group from config.yaml: 10
2024-10-29 02:12:18,827 INFO: Profile velocities set for group Wheg_Group: {1: 43.7, 2: 43.7, 3: 43.7, 4: 43.7, 5: 43.7, 6: 43.7}
2024-10-29 02:12:18,828 INFO: Running set_position_group for group 'Pivot_Group' with positions: 180
2024-10-29 02:12:18,832 INFO: Initialised Gait 4, waiting for 3 seconds
2024-10-29 02:12:21,833 INFO: Setting operating mode 'multi_turn' for group 'Wheg_Group'
2024-10-29 02:12:21,834 INFO: Disabling torque for group Wheg_Group
2024-10-29 02:12:21,835 INFO: Enabling torque for group Wheg_Group
2024-10-29 02:12:21,836 INFO: Setting the profile velocity for group Wheg_Group from config.yaml: 10
2024-10-29 02:12:21,836 INFO: Profile velocities set for group Wheg_Group: {1: 43.7, 2: 43.7, 3: 43.7, 4: 43.7, 5: 43.7, 6: 43.7}
2024-10-29 02:12:21,837 INFO: New gait 4 is now active.
2024-10-29 02:12:23,597 INFO: Profile velocities set for group Wheg_Group: {1: 8.74, 2: 69.92, 3: 8.74, 4: 69.92, 5: 8.74, 6: 69.92}
2024-10-29 02:12:23,598 INFO: Incrementing motor positions by {1: 40, 2: 320, 3: 40, 4: 320, 5: 40, 6: 320} degrees for group 'Wheg_Group'
2024-10-29 02:12:23,609 INFO: Gait 4 step executed at 2.00RPM, wait for 3.36 seconds
2024-10-29 02:12:27,022 INFO: Profile velocities set for group Wheg_Group: {1: 85.9596923828125, 2: 10.744961547851563, 3: 85.9596923828125, 4: 10.744961547851563, 5: 85.9596923828125, 6: 10.744961547851563}
2024-10-29 02:12:27,023 INFO: Incrementing motor positions by {1: 320, 2: 40, 3: 320, 4: 40, 5: 320, 6: 40} degrees for group 'Wheg_Group'
2024-10-29 02:12:27,034 INFO: Gait 4 step executed at 2.46RPM, wait for 2.74 seconds
2024-10-29 02:12:29,787 WARNING: Motors are not in the correct positions for Gait 4. Positions: {1: 153.05078125, 2: 159.466796875, 3: 150.853515625, 4: 195.4140625, 5: 154.80859375, 6: 197.259765625}
2024-10-29 02:12:29,788 WARNING: Waiting for 1 second before checking for movement
2024-10-29 02:12:29,894 INFO: Motors are moving. Continuing with the gait.
2024-10-29 02:12:30,411 INFO: Profile velocities set for group Wheg_Group: {1: 10.779235534667968, 2: 86.23388427734375, 3: 10.779235534667968, 4: 86.23388427734375, 5: 10.779235534667968, 6: 86.23388427734375}
2024-10-29 02:12:30,412 INFO: Incrementing motor positions by {1: 40, 2: 320, 3: 40, 4: 320, 5: 40, 6: 320} degrees for group 'Wheg_Group'
2024-10-29 02:12:30,423 INFO: Gait 4 step executed at 2.47RPM, wait for 2.73 seconds
2024-10-29 02:12:33,213 INFO: Profile velocities set for group Wheg_Group: {1: 91.4435302734375, 2: 11.430441284179688, 3: 91.4435302734375, 4: 11.430441284179688, 5: 91.4435302734375, 6: 11.430441284179688}
2024-10-29 02:12:33,213 INFO: Incrementing motor positions by {1: 320, 2: 40, 3: 320, 4: 40, 5: 320, 6: 40} degrees for group 'Wheg_Group'
2024-10-29 02:12:33,225 INFO: Gait 4 step executed at 2.62RPM, wait for 2.57 seconds
2024-10-29 02:12:35,817 WARNING: Motors are not in the correct positions for Gait 4. Positions: {1: 150.447265625, 2: 155.28125, 3: 144.91015625, 4: 193.42578125, 5: 153.611328125, 6: 199.490234375}
2024-10-29 02:12:35,817 WARNING: Waiting for 1 second before checking for movement
2024-10-29 02:12:35,924 INFO: Motors are moving. Continuing with the gait.
2024-10-29 02:12:36,447 WARNING: Motors are not in the correct positions for Gait 4. Positions: {1: 151.501953125, 2: 156.951171875, 3: 146.66796875, 4: 193.77734375, 5: 153.962890625, 6: 200.720703125}
2024-10-29 02:12:36,447 WARNING: Waiting for 1 second before checking for movement
2024-10-29 02:12:36,553 CRITICAL: Motors are not moving, reseting positions, and waiting for 3 seconds.
2024-10-29 02:12:36,553 INFO: Running set_position_group for group 'Wheg_Group' with positions: {1: 160, 2: 200, 3: 160, 4: 200, 5: 160, 6: 200}
2024-10-29 02:12:36,559 WARNING: Motor 1 is not in Position Control Mode. Setting mode now.
2024-10-29 02:12:36,559 INFO: Setting operating mode 'position' for group 'Wheg_Group'
2024-10-29 02:12:36,560 INFO: Disabling torque for group Wheg_Group
2024-10-29 02:12:36,561 INFO: Enabling torque for group Wheg_Group
2024-10-29 02:12:36,562 INFO: Setting the profile velocity for group Wheg_Group from config.yaml: 10
2024-10-29 02:12:36,562 INFO: Profile velocities set for group Wheg_Group: {1: 43.7, 2: 43.7, 3: 43.7, 4: 43.7, 5: 43.7, 6: 43.7}
2024-10-29 02:12:39,563 INFO: Setting operating mode 'multi_turn' for group 'Wheg_Group'
2024-10-29 02:12:39,564 INFO: Disabling torque for group Wheg_Group
2024-10-29 02:12:39,566 INFO: Enabling torque for group Wheg_Group
2024-10-29 02:12:39,567 INFO: Setting the profile velocity for group Wheg_Group from config.yaml: 10
2024-10-29 02:12:39,568 INFO: Profile velocities set for group Wheg_Group: {1: 43.7, 2: 43.7, 3: 43.7, 4: 43.7, 5: 43.7, 6: 43.7}
2024-10-29 02:12:39,569 INFO: Profile velocities set for group Wheg_Group: {1: 11.4989892578125, 2: 91.9919140625, 3: 11.4989892578125, 4: 91.9919140625, 5: 11.4989892578125, 6: 91.9919140625}
2024-10-29 02:12:39,570 INFO: Incrementing motor positions by {1: 40, 2: 320, 3: 40, 4: 320, 5: 40, 6: 320} degrees for group 'Wheg_Group'
2024-10-29 02:12:39,581 INFO: Gait 4 step executed at 2.63RPM, wait for 2.56 seconds
2024-10-29 02:12:42,160 INFO: Profile velocities set for group Wheg_Group: {1: 104.87893310546875, 2: 13.109866638183593, 3: 104.87893310546875, 4: 13.109866638183593, 5: 104.87893310546875, 6: 13.109866638183593}
2024-10-29 02:12:42,161 INFO: Incrementing motor positions by {1: 320, 2: 40, 3: 320, 4: 40, 5: 320, 6: 40} degrees for group 'Wheg_Group'
2024-10-29 02:12:42,171 INFO: Gait 4 step executed at 3.00RPM, wait for 2.25 seconds
2024-10-29 02:12:44,436 WARNING: Motors are not in the correct positions for Gait 4. Positions: {1: 152.083984375, 2: 154.720703125, 3: 149.447265625, 4: 195.677734375, 5: 154.984375, 6: 199.017578125}
2024-10-29 02:12:44,437 WARNING: Waiting for 1 second before checking for movement
2024-10-29 02:12:44,573 INFO: Motors are moving. Continuing with the gait.
2024-10-29 02:12:45,092 INFO: Profile velocities set for group Wheg_Group: {1: 13.041318664550781, 2: 104.33054931640625, 3: 13.041318664550781, 4: 104.33054931640625, 5: 13.041318664550781, 6: 104.33054931640625}
2024-10-29 02:12:45,093 INFO: Incrementing motor positions by {1: 40, 2: 320, 3: 40, 4: 320, 5: 40, 6: 320} degrees for group 'Wheg_Group'
2024-10-29 02:12:45,104 INFO: Gait 4 step executed at 2.98RPM, wait for 2.26 seconds
2024-10-29 02:12:47,413 INFO: Profile velocities set for group Wheg_Group: {1: 88.701611328125, 2: 11.087701416015625, 3: 88.701611328125, 4: 11.087701416015625, 5: 88.701611328125, 6: 11.087701416015625}
2024-10-29 02:12:47,414 INFO: Incrementing motor positions by {1: 320, 2: 40, 3: 320, 4: 40, 5: 320, 6: 40} degrees for group 'Wheg_Group'
2024-10-29 02:12:47,425 INFO: Gait 4 step executed at 2.54RPM, wait for 2.65 seconds
2024-10-29 02:12:50,106 WARNING: Motors are not in the correct positions for Gait 4. Positions: {1: 150.18359375, 2: 148.953125, 3: 145.4375, 4: 191.404296875, 5: 152.732421875, 6: 199.05078125}
2024-10-29 02:12:50,107 WARNING: Waiting for 1 second before checking for movement
2024-10-29 02:12:50,214 INFO: Motors are moving. Continuing with the gait.
2024-10-29 02:12:52,996 INFO: Share pressed. Reversing the direction of the whegs
2024-10-29 02:12:53,005 INFO: Disabling torque for group Wheg_Group
2024-10-29 02:12:53,006 INFO: Drive mode set for group Wheg_Group with reverse_direction={1: 0, 2: 0, 3: 0, 4: 0, 5: 0, 6: 0}
2024-10-29 02:12:53,006 INFO: Enabling torque for group Wheg_Group
2024-10-29 02:12:53,011 INFO: Motor 1 drive mode correctly set to normal
2024-10-29 02:12:53,012 INFO: Motor 2 drive mode correctly set to normal
2024-10-29 02:12:53,012 INFO: Motor 3 drive mode correctly set to normal
2024-10-29 02:12:53,013 INFO: Motor 4 drive mode correctly set to normal
2024-10-29 02:12:53,013 INFO: Motor 5 drive mode correctly set to normal
2024-10-29 02:12:53,014 INFO: Motor 6 drive mode correctly set to normal
2024-10-29 02:12:53,016 INFO: Reversed the direction of all whegs, waiting for 3 seconds
2024-10-29 02:12:56,017 INFO: Direction of whegs reversed.
2024-10-29 02:12:56,071 INFO: Initialising Gait 4
2024-10-29 02:12:56,081 INFO: Direction data: {1: {'drive_mode': 0}, 2: {'drive_mode': 0}, 3: {'drive_mode': 0}}
2024-10-29 02:12:56,082 INFO: Disabling torque for group Left_Whegs
2024-10-29 02:12:56,084 INFO: Drive mode set for group Left_Whegs with reverse_direction={1: 1, 2: 1, 3: 1}
2024-10-29 02:12:56,085 INFO: Enabling torque for group Left_Whegs
2024-10-29 02:12:56,090 INFO: Motor 1 drive mode correctly set to reverse
2024-10-29 02:12:56,091 INFO: Motor 2 drive mode correctly set to reverse
2024-10-29 02:12:56,092 INFO: Motor 3 drive mode correctly set to reverse
2024-10-29 02:12:56,093 WARNING: Reversed the direction of the left whegs
2024-10-29 02:12:56,095 INFO: Running set_position_group for group 'Wheg_Group' with positions: {1: 160, 2: 200, 3: 160, 4: 200, 5: 160, 6: 200}
2024-10-29 02:12:56,100 WARNING: Motor 1 is not in Position Control Mode. Setting mode now.
2024-10-29 02:12:56,100 INFO: Setting operating mode 'position' for group 'Wheg_Group'
2024-10-29 02:12:56,101 INFO: Disabling torque for group Wheg_Group
2024-10-29 02:12:56,101 INFO: Enabling torque for group Wheg_Group
2024-10-29 02:12:56,102 INFO: Setting the profile velocity for group Wheg_Group from config.yaml: 10
2024-10-29 02:12:56,103 INFO: Profile velocities set for group Wheg_Group: {1: 43.7, 2: 43.7, 3: 43.7, 4: 43.7, 5: 43.7, 6: 43.7}
2024-10-29 02:12:56,104 INFO: Running set_position_group for group 'Pivot_Group' with positions: 180
2024-10-29 02:12:56,107 INFO: Initialised Gait 4, waiting for 3 seconds
2024-10-29 02:12:59,126 INFO: Setting operating mode 'multi_turn' for group 'Wheg_Group'
2024-10-29 02:12:59,127 INFO: Disabling torque for group Wheg_Group
2024-10-29 02:12:59,130 INFO: Enabling torque for group Wheg_Group
2024-10-29 02:12:59,132 INFO: Setting the profile velocity for group Wheg_Group from config.yaml: 10
2024-10-29 02:12:59,133 INFO: Profile velocities set for group Wheg_Group: {1: 43.7, 2: 43.7, 3: 43.7, 4: 43.7, 5: 43.7, 6: 43.7}
2024-10-29 02:12:59,133 INFO: New gait 4 is now active.
2024-10-29 02:13:28,825 INFO: Initiating safe shutdown...
2024-10-29 02:13:28,826 INFO: Setting operating mode 'velocity' for group 'All_Motors'
2024-10-29 02:13:28,827 INFO: Disabling torque for group All_Motors
2024-10-29 02:13:28,828 INFO: Enabling torque for group All_Motors
2024-10-29 02:13:28,829 WARNING: Velocity limit 200 exceeds hard limit 100. Limiting to 100.
2024-10-29 02:13:28,830 INFO: Velocity limit set to 100 for group All_Motors
2024-10-29 02:13:28,831 INFO: Enabling torque for group All_Motors
2024-10-29 02:13:28,832 INFO: Target velocities set for group All_Motors: {1: 0, 2: 0, 3: 0, 4: 0, 5: 0, 6: 0, 7: 0, 8: 0}
2024-10-29 02:13:28,834 INFO: Running set_position_group for group 'All_Motors' with positions: 180
2024-10-29 02:13:28,841 WARNING: Motor 1 is not in Position Control Mode. Setting mode now.
2024-10-29 02:13:28,842 INFO: Setting operating mode 'position' for group 'All_Motors'
2024-10-29 02:13:28,843 INFO: Disabling torque for group All_Motors
2024-10-29 02:13:28,844 INFO: Enabling torque for group All_Motors
2024-10-29 02:13:28,845 INFO: Setting the profile velocity for group All_Motors from config.yaml: 5
2024-10-29 02:13:28,846 INFO: Profile velocities set for group All_Motors: {1: 21.85, 2: 21.85, 3: 21.85, 4: 21.85, 5: 21.85, 6: 21.85, 7: 21.85, 8: 21.85}
2024-10-29 02:13:28,847 INFO: Closing PS4Controller and quitting pygame
2024-10-29 02:13:28,938 INFO: Port closed successfully.
2024-10-29 02:13:28,939 INFO: Shutdown complete.
