2024-10-29 11:17:34,619 INFO: Initializing PS4Controller
2024-10-29 11:17:34,893 INFO: Configuration loaded successfully
2024-10-29 11:17:34,897 INFO: Port /dev/ttyACM0 opened successfully
2024-10-29 11:17:34,907 INFO: Baudrate set to 1000000
2024-10-29 11:17:34,908 INFO: Control table loaded successfully.
2024-10-29 11:17:34,908 INFO: Motor group 'Pivot_Group' created with motors: [7, 8]
2024-10-29 11:17:34,909 INFO: Motor group 'Wheg_Group' created with motors: [1, 2, 3, 4, 5, 6]
2024-10-29 11:17:34,910 INFO: Motor group 'All_Motors' created with motors: [1, 2, 3, 4, 5, 6, 7, 8]
2024-10-29 11:17:34,910 INFO: Motor group 'Left_Whegs' created with motors: [1, 2, 3]
2024-10-29 11:17:34,911 INFO: Motor group 'Right_Whegs' created with motors: [4, 5, 6]
2024-10-29 11:17:34,911 INFO: Motor group 'Front_Whegs' created with motors: [3, 6]
2024-10-29 11:17:34,912 INFO: Motor group 'Rear_Whegs' created with motors: [1, 4]
2024-10-29 11:17:34,912 INFO: Motor group 'Middle_Whegs' created with motors: [2, 5]
2024-10-29 11:17:34,912 INFO: Motor group 'Two_Right_One_Left' created with motors: [2, 4, 6]
2024-10-29 11:17:34,913 INFO: Motor group 'Two_Left_One_Right' created with motors: [5, 1, 3]
2024-10-29 11:17:34,913 INFO: Initialised PS4 controller, Dynamixel, and Robot State
2024-10-29 11:17:35,076 INFO: Disabling torque for group Right_Whegs
2024-10-29 11:17:35,078 INFO: Drive mode set for group Right_Whegs with reverse_direction=True
2024-10-29 11:17:35,080 INFO: Enabling torque for group Right_Whegs
2024-10-29 11:17:35,082 INFO: Setting the profile velocity for group Right_Whegs from config.yaml: None
2024-10-29 11:17:35,083 ERROR: Profile velocity for group Right_Whegs not found in config.yaml and no value was provided.
2024-10-29 11:17:35,084 INFO: Profile velocities set for group Right_Whegs: {4: 21.85, 5: 21.85, 6: 21.85}
2024-10-29 11:17:35,087 INFO: Motor 4 drive mode correctly set to reverse
2024-10-29 11:17:35,087 INFO: Motor 5 drive mode correctly set to reverse
2024-10-29 11:17:35,088 INFO: Motor 6 drive mode correctly set to reverse
2024-10-29 11:17:35,088 INFO: Disabling torque for group Left_Whegs
2024-10-29 11:17:35,089 INFO: Drive mode set for group Left_Whegs with reverse_direction=False
2024-10-29 11:17:35,090 INFO: Enabling torque for group Left_Whegs
2024-10-29 11:17:35,091 INFO: Setting the profile velocity for group Left_Whegs from config.yaml: None
2024-10-29 11:17:35,091 ERROR: Profile velocity for group Left_Whegs not found in config.yaml and no value was provided.
2024-10-29 11:17:35,092 INFO: Profile velocities set for group Left_Whegs: {1: 21.85, 2: 21.85, 3: 21.85}
2024-10-29 11:17:35,096 INFO: Motor 1 drive mode correctly set to normal
2024-10-29 11:17:35,096 INFO: Motor 2 drive mode correctly set to normal
2024-10-29 11:17:35,097 INFO: Motor 3 drive mode correctly set to normal
2024-10-29 11:17:35,097 INFO: Set the right side whegs to reverse direction
2024-10-29 11:17:35,097 INFO: Disabling torque for group Pivot_Group
2024-10-29 11:17:35,098 INFO: Drive mode set for group Pivot_Group with reverse_direction=False
2024-10-29 11:17:35,099 INFO: Enabling torque for group Pivot_Group
2024-10-29 11:17:35,099 INFO: Setting the profile velocity for group Pivot_Group from config.yaml: 4
2024-10-29 11:17:35,100 INFO: Profile velocities set for group Pivot_Group: {7: 17.48, 8: 17.48}
2024-10-29 11:17:35,104 INFO: Motor 7 drive mode correctly set to normal
2024-10-29 11:17:35,104 INFO: Motor 8 drive mode correctly set to normal
2024-10-29 11:17:35,105 INFO: Position limits set for group Pivot_Group: min=45° (ticks=511), max=315° (ticks=3583)
2024-10-29 11:17:35,106 INFO: Set position limits for the pivot motors
2024-10-29 11:17:35,115 INFO: Initialising Gait 1
2024-10-29 11:17:35,115 INFO: Running set_position_group for group 'Wheg_Group' with positions: 180
2024-10-29 11:17:35,121 INFO: Running set_position_group for group 'Pivot_Group' with positions: 180
2024-10-29 11:17:35,124 INFO: Initialised Gait 1, waiting for 3 seconds
2024-10-29 11:17:35,125 ERROR: Error controlling pivots: 'dpad_down'
2024-10-29 11:17:38,126 INFO: Setting operating mode 'multi_turn' for group 'Wheg_Group'
2024-10-29 11:17:38,126 INFO: Disabling torque for group Wheg_Group
2024-10-29 11:17:38,128 INFO: Enabling torque for group Wheg_Group
2024-10-29 11:17:38,129 INFO: Setting the profile velocity for group Wheg_Group from config.yaml: 10
2024-10-29 11:17:38,130 INFO: Profile velocities set for group Wheg_Group: {1: 43.7, 2: 43.7, 3: 43.7, 4: 43.7, 5: 43.7, 6: 43.7}
2024-10-29 11:17:38,130 INFO: Setting the profile velocity for group Wheg_Group from config.yaml: 10
2024-10-29 11:17:38,131 INFO: Profile velocities set for group Wheg_Group: {1: 43.7, 2: 43.7, 3: 43.7, 4: 43.7, 5: 43.7, 6: 43.7}
2024-10-29 11:17:38,132 INFO: New gait 1 is now active.
2024-10-29 11:18:05,792 INFO: Initiating safe shutdown...
2024-10-29 11:18:05,792 INFO: Setting operating mode 'velocity' for group 'All_Motors'
2024-10-29 11:18:05,793 INFO: Disabling torque for group All_Motors
2024-10-29 11:18:05,794 INFO: Enabling torque for group All_Motors
2024-10-29 11:18:05,794 INFO: Setting the profile velocity for group All_Motors from config.yaml: 8
2024-10-29 11:18:05,795 INFO: Profile velocities set for group All_Motors: {1: 34.96, 2: 34.96, 3: 34.96, 4: 34.96, 5: 34.96, 6: 34.96, 7: 34.96, 8: 34.96}
2024-10-29 11:18:05,795 WARNING: Velocity limit 200 exceeds hard limit 100. Limiting to 100.
2024-10-29 11:18:05,796 INFO: Velocity limit set to 100 for group All_Motors
2024-10-29 11:18:05,797 INFO: Enabling torque for group All_Motors
2024-10-29 11:18:05,797 INFO: Setting the profile velocity for group All_Motors from config.yaml: 8
2024-10-29 11:18:05,798 INFO: Profile velocities set for group All_Motors: {1: 34.96, 2: 34.96, 3: 34.96, 4: 34.96, 5: 34.96, 6: 34.96, 7: 34.96, 8: 34.96}
2024-10-29 11:18:05,799 INFO: Target velocities set for group All_Motors: {1: 0, 2: 0, 3: 0, 4: 0, 5: 0, 6: 0, 7: 0, 8: 0}
2024-10-29 11:18:05,799 INFO: Running set_position_group for group 'All_Motors' with positions: 180
2024-10-29 11:18:05,807 WARNING: Motor 1 is not in Position Control Mode. Setting mode now.
2024-10-29 11:18:05,807 INFO: Setting operating mode 'position' for group 'All_Motors'
2024-10-29 11:18:05,807 INFO: Disabling torque for group All_Motors
2024-10-29 11:18:05,808 INFO: Enabling torque for group All_Motors
2024-10-29 11:18:05,809 INFO: Setting the profile velocity for group All_Motors from config.yaml: 8
2024-10-29 11:18:05,810 INFO: Profile velocities set for group All_Motors: {1: 34.96, 2: 34.96, 3: 34.96, 4: 34.96, 5: 34.96, 6: 34.96, 7: 34.96, 8: 34.96}
2024-10-29 11:18:05,810 INFO: Setting the profile velocity for group All_Motors from config.yaml: 8
2024-10-29 11:18:05,811 INFO: Profile velocities set for group All_Motors: {1: 34.96, 2: 34.96, 3: 34.96, 4: 34.96, 5: 34.96, 6: 34.96, 7: 34.96, 8: 34.96}
2024-10-29 11:18:05,811 INFO: Closing PS4Controller and quitting pygame
2024-10-29 11:18:05,856 INFO: Port closed successfully.
2024-10-29 11:18:05,856 INFO: Shutdown complete.
2024-10-29 11:18:05,857 ERROR: Error checking hardware errors: Attempting to use a port that is not open
