2024-10-29 02:30:41,930 INFO: Initializing PS4Controller
2024-10-29 02:30:42,200 INFO: Configuration loaded successfully
2024-10-29 02:30:42,202 INFO: Port /dev/ttyACM0 opened successfully
2024-10-29 02:30:42,212 INFO: Baudrate set to 1000000
2024-10-29 02:30:42,213 INFO: Control table loaded successfully.
2024-10-29 02:30:42,213 INFO: Motor group 'Pivot_Group' created with motors: [7, 8]
2024-10-29 02:30:42,214 INFO: Motor group 'Wheg_Group' created with motors: [1, 2, 3, 4, 5, 6]
2024-10-29 02:30:42,214 INFO: Motor group 'All_Motors' created with motors: [1, 2, 3, 4, 5, 6, 7, 8]
2024-10-29 02:30:42,215 INFO: Motor group 'Left_Whegs' created with motors: [1, 2, 3]
2024-10-29 02:30:42,215 INFO: Motor group 'Right_Whegs' created with motors: [4, 5, 6]
2024-10-29 02:30:42,216 INFO: Motor group 'Front_Whegs' created with motors: [3, 6]
2024-10-29 02:30:42,216 INFO: Motor group 'Rear_Whegs' created with motors: [1, 4]
2024-10-29 02:30:42,216 INFO: Motor group 'Middle_Whegs' created with motors: [2, 5]
2024-10-29 02:30:42,217 INFO: Motor group 'Two_Right_One_Left' created with motors: [2, 4, 6]
2024-10-29 02:30:42,217 INFO: Motor group 'Two_Left_One_Right' created with motors: [5, 1, 3]
2024-10-29 02:30:42,217 INFO: Initialised PS4 controller, Dynamixel, and Robot State
2024-10-29 02:30:42,376 INFO: Disabling torque for group Right_Whegs
2024-10-29 02:30:42,380 INFO: Drive mode set for group Right_Whegs with reverse_direction=True
2024-10-29 02:30:42,382 INFO: Enabling torque for group Right_Whegs
2024-10-29 02:30:42,387 INFO: Motor 4 drive mode correctly set to reverse
2024-10-29 02:30:42,387 INFO: Motor 5 drive mode correctly set to reverse
2024-10-29 02:30:42,387 INFO: Motor 6 drive mode correctly set to reverse
2024-10-29 02:30:42,388 INFO: Disabling torque for group Left_Whegs
2024-10-29 02:30:42,389 INFO: Drive mode set for group Left_Whegs with reverse_direction=False
2024-10-29 02:30:42,389 INFO: Enabling torque for group Left_Whegs
2024-10-29 02:30:42,393 INFO: Motor 1 drive mode correctly set to normal
2024-10-29 02:30:42,395 INFO: Motor 2 drive mode correctly set to normal
2024-10-29 02:30:42,396 INFO: Motor 3 drive mode correctly set to normal
2024-10-29 02:30:42,396 INFO: Set the right side whegs to reverse direction
2024-10-29 02:30:42,397 INFO: Disabling torque for group Pivot_Group
2024-10-29 02:30:42,398 INFO: Drive mode set for group Pivot_Group with reverse_direction=False
2024-10-29 02:30:42,398 INFO: Enabling torque for group Pivot_Group
2024-10-29 02:30:42,402 INFO: Motor 7 drive mode correctly set to normal
2024-10-29 02:30:42,402 INFO: Motor 8 drive mode correctly set to normal
2024-10-29 02:30:42,403 INFO: Position limits set for group Pivot_Group: min=90° (ticks=1023), max=270° (ticks=3071)
2024-10-29 02:30:42,404 INFO: Set position limits for the pivot motors
2024-10-29 02:30:42,413 INFO: Initialising Gait 1
2024-10-29 02:30:42,413 INFO: Running set_position_group for group 'Wheg_Group' with positions: 180
2024-10-29 02:30:42,419 INFO: Running set_position_group for group 'Pivot_Group' with positions: 180
2024-10-29 02:30:42,422 INFO: Initialised Gait 1, waiting for 3 seconds
2024-10-29 02:30:42,423 ERROR: Error controlling pivots: 'dpad_down'
2024-10-29 02:30:45,423 INFO: Setting operating mode 'multi_turn' for group 'Wheg_Group'
2024-10-29 02:30:45,424 INFO: Disabling torque for group Wheg_Group
2024-10-29 02:30:45,426 INFO: Enabling torque for group Wheg_Group
2024-10-29 02:30:45,426 INFO: Setting the profile velocity for group Wheg_Group from config.yaml: 10
2024-10-29 02:30:45,427 INFO: Profile velocities set for group Wheg_Group: {1: 43.7, 2: 43.7, 3: 43.7, 4: 43.7, 5: 43.7, 6: 43.7}
2024-10-29 02:30:45,427 INFO: New gait 1 is now active.
2024-10-29 02:30:45,475 INFO: Profile velocities set for group Wheg_Group: {1: 21.85, 2: 21.85, 3: 21.85, 4: 21.85, 5: 21.85, 6: 21.85}
2024-10-29 02:30:45,475 INFO: Incrementing motor positions by 360 degrees for group 'Wheg_Group'
2024-10-29 02:30:45,486 INFO: Gait 1 step executed at 5.00RPM, wait for 12.00 seconds
2024-10-29 02:30:57,349 INFO: Triangle pressed. Preparing to change to next gait: 2
2024-10-29 02:30:57,546 INFO: Initialising Gait 2
2024-10-29 02:30:57,547 INFO: Running set_position_group for group 'Wheg_Group' with positions: {1: 160, 2: 200, 3: 160, 4: 200, 5: 160, 6: 200}
2024-10-29 02:30:57,552 WARNING: Motor 1 is not in Position Control Mode. Setting mode now.
2024-10-29 02:30:57,554 INFO: Setting operating mode 'position' for group 'Wheg_Group'
2024-10-29 02:30:57,555 INFO: Disabling torque for group Wheg_Group
2024-10-29 02:30:57,558 INFO: Enabling torque for group Wheg_Group
2024-10-29 02:30:57,560 INFO: Setting the profile velocity for group Wheg_Group from config.yaml: 10
2024-10-29 02:30:57,561 INFO: Profile velocities set for group Wheg_Group: {1: 43.7, 2: 43.7, 3: 43.7, 4: 43.7, 5: 43.7, 6: 43.7}
2024-10-29 02:30:57,562 INFO: Running set_position_group for group 'Pivot_Group' with positions: 180
2024-10-29 02:30:57,566 INFO: Initialised Gait 2, waiting for 3 seconds
2024-10-29 02:30:58,695 INFO: Triangle pressed. Preparing to change to next gait: 2
2024-10-29 02:30:58,874 INFO: Triangle pressed. Preparing to change to next gait: 2
2024-10-29 02:31:00,389 INFO: Triangle pressed. Preparing to change to next gait: 2
2024-10-29 02:31:00,568 INFO: Triangle pressed. Preparing to change to next gait: 2
2024-10-29 02:31:00,570 INFO: Setting operating mode 'multi_turn' for group 'Wheg_Group'
2024-10-29 02:31:00,572 INFO: Disabling torque for group Wheg_Group
2024-10-29 02:31:00,575 INFO: Enabling torque for group Wheg_Group
2024-10-29 02:31:00,576 INFO: Setting the profile velocity for group Wheg_Group from config.yaml: 10
2024-10-29 02:31:00,577 INFO: Profile velocities set for group Wheg_Group: {1: 43.7, 2: 43.7, 3: 43.7, 4: 43.7, 5: 43.7, 6: 43.7}
2024-10-29 02:31:00,577 INFO: New gait 2 is now active.
2024-10-29 02:31:02,893 INFO: Triangle pressed. Preparing to change to next gait: 3
2024-10-29 02:31:02,903 INFO: Initialsing Gait 3
2024-10-29 02:31:02,904 INFO: Running set_position_group for group 'Wheg_Group' with positions: {1: 200, 2: 160, 3: 160, 4: 200, 5: 160, 6: 160}
2024-10-29 02:31:02,909 WARNING: Motor 1 is not in Position Control Mode. Setting mode now.
2024-10-29 02:31:02,910 INFO: Setting operating mode 'position' for group 'Wheg_Group'
2024-10-29 02:31:02,911 INFO: Disabling torque for group Wheg_Group
2024-10-29 02:31:02,914 INFO: Enabling torque for group Wheg_Group
2024-10-29 02:31:02,914 INFO: Setting the profile velocity for group Wheg_Group from config.yaml: 10
2024-10-29 02:31:02,915 INFO: Profile velocities set for group Wheg_Group: {1: 43.7, 2: 43.7, 3: 43.7, 4: 43.7, 5: 43.7, 6: 43.7}
2024-10-29 02:31:02,916 INFO: Running set_position_group for group 'Pivot_Group' with positions: 180
2024-10-29 02:31:02,920 INFO: Initialised Gait 3, waiting for 3 seconds
2024-10-29 02:31:05,218 INFO: Triangle pressed. Preparing to change to next gait: 3
2024-10-29 02:31:05,397 INFO: Triangle pressed. Preparing to change to next gait: 3
2024-10-29 02:31:05,934 INFO: Setting operating mode 'multi_turn' for group 'Wheg_Group'
2024-10-29 02:31:05,934 INFO: Disabling torque for group Wheg_Group
2024-10-29 02:31:05,936 INFO: Enabling torque for group Wheg_Group
2024-10-29 02:31:05,938 INFO: Setting the profile velocity for group Wheg_Group from config.yaml: 10
2024-10-29 02:31:05,940 INFO: Profile velocities set for group Wheg_Group: {1: 43.7, 2: 43.7, 3: 43.7, 4: 43.7, 5: 43.7, 6: 43.7}
2024-10-29 02:31:05,940 INFO: New gait 3 is now active.
2024-10-29 02:31:07,096 INFO: Triangle pressed. Preparing to change to next gait: 4
2024-10-29 02:31:07,106 INFO: Initialising Gait 4
2024-10-29 02:31:07,109 INFO: Direction data: {1: {'drive_mode': 0}, 2: {'drive_mode': 0}, 3: {'drive_mode': 0}}
2024-10-29 02:31:07,110 INFO: Disabling torque for group Left_Whegs
2024-10-29 02:31:07,111 INFO: Drive mode set for group Left_Whegs with reverse_direction={1: 1, 2: 1, 3: 1}
2024-10-29 02:31:07,111 INFO: Enabling torque for group Left_Whegs
2024-10-29 02:31:07,115 INFO: Motor 1 drive mode correctly set to reverse
2024-10-29 02:31:07,116 INFO: Motor 2 drive mode correctly set to reverse
2024-10-29 02:31:07,116 INFO: Motor 3 drive mode correctly set to reverse
2024-10-29 02:31:07,117 WARNING: Reversed the direction of the left whegs
2024-10-29 02:31:07,117 INFO: Running set_position_group for group 'Wheg_Group' with positions: {1: 175, 2: 185, 3: 175, 4: 185, 5: 175, 6: 185}
2024-10-29 02:31:07,122 WARNING: Motor 1 is not in Position Control Mode. Setting mode now.
2024-10-29 02:31:07,123 INFO: Setting operating mode 'position' for group 'Wheg_Group'
2024-10-29 02:31:07,123 INFO: Disabling torque for group Wheg_Group
2024-10-29 02:31:07,124 INFO: Enabling torque for group Wheg_Group
2024-10-29 02:31:07,125 INFO: Setting the profile velocity for group Wheg_Group from config.yaml: 10
2024-10-29 02:31:07,126 INFO: Profile velocities set for group Wheg_Group: {1: 43.7, 2: 43.7, 3: 43.7, 4: 43.7, 5: 43.7, 6: 43.7}
2024-10-29 02:31:07,127 INFO: Running set_position_group for group 'Pivot_Group' with positions: 180
2024-10-29 02:31:07,130 INFO: Initialised Gait 4, waiting for 3 seconds
2024-10-29 02:31:10,156 INFO: Setting operating mode 'multi_turn' for group 'Wheg_Group'
2024-10-29 02:31:10,157 INFO: Disabling torque for group Wheg_Group
2024-10-29 02:31:10,161 INFO: Enabling torque for group Wheg_Group
2024-10-29 02:31:10,165 INFO: Setting the profile velocity for group Wheg_Group from config.yaml: 10
2024-10-29 02:31:10,166 INFO: Profile velocities set for group Wheg_Group: {1: 43.7, 2: 43.7, 3: 43.7, 4: 43.7, 5: 43.7, 6: 43.7}
2024-10-29 02:31:10,167 INFO: New gait 4 is now active.
2024-10-29 02:31:10,208 INFO: Profile velocities set for group Wheg_Group: {1: 8.74, 2: 305.90000000000003, 3: 8.74, 4: 305.90000000000003, 5: 8.74, 6: 305.90000000000003}
2024-10-29 02:31:10,209 INFO: Incrementing motor positions by {1: 10, 2: 350, 3: 10, 4: 350, 5: 10, 6: 350} degrees for group 'Wheg_Group'
2024-10-29 02:31:10,220 INFO: Gait 4 step executed at 2.00RPM, wait for 0.86 seconds
2024-10-29 02:31:11,807 INFO: Profile velocities set for group Wheg_Group: {1: 166.1454849243164, 2: 4.747013854980469, 3: 166.1454849243164, 4: 4.747013854980469, 5: 166.1454849243164, 6: 4.747013854980469}
2024-10-29 02:31:11,808 INFO: Incrementing motor positions by {1: 350, 2: 10, 3: 350, 4: 10, 5: 350, 6: 10} degrees for group 'Wheg_Group'
2024-10-29 02:31:11,818 INFO: Gait 4 step executed at 1.09RPM, wait for 1.56 seconds
2024-10-29 02:31:13,401 INFO: Profile velocities set for group Wheg_Group: {1: 4.952657775878906, 2: 173.34302215576173, 3: 4.952657775878906, 4: 173.34302215576173, 5: 4.952657775878906, 6: 173.34302215576173}
2024-10-29 02:31:13,401 INFO: Incrementing motor positions by {1: 10, 2: 350, 3: 10, 4: 350, 5: 10, 6: 350} degrees for group 'Wheg_Group'
2024-10-29 02:31:13,412 INFO: Gait 4 step executed at 1.13RPM, wait for 1.50 seconds
2024-10-29 02:31:14,932 INFO: Profile velocities set for group Wheg_Group: {1: 191.336865234375, 2: 5.466767578125, 3: 191.336865234375, 4: 5.466767578125, 5: 191.336865234375, 6: 5.466767578125}
2024-10-29 02:31:14,932 INFO: Incrementing motor positions by {1: 350, 2: 10, 3: 350, 4: 10, 5: 350, 6: 10} degrees for group 'Wheg_Group'
2024-10-29 02:31:14,942 INFO: Gait 4 step executed at 1.25RPM, wait for 1.36 seconds
2024-10-29 02:31:16,324 WARNING: Motors are not in the correct positions for Gait 4. Positions: {1: 162.83984375, 2: 163.279296875, 3: 165.828125, 4: 178.572265625, 5: 163.103515625, 6: 181.296875}
2024-10-29 02:31:16,324 WARNING: Waiting for 1 second before checking for movement
2024-10-29 02:31:16,469 INFO: Motors are moving. Continuing with the gait.
2024-10-29 02:31:17,020 INFO: Profile velocities set for group Wheg_Group: {1: 6.734905090332031, 2: 235.7216781616211, 3: 6.734905090332031, 4: 235.7216781616211, 5: 6.734905090332031, 6: 235.7216781616211}
2024-10-29 02:31:17,020 INFO: Incrementing motor positions by {1: 10, 2: 350, 3: 10, 4: 350, 5: 10, 6: 350} degrees for group 'Wheg_Group'
2024-10-29 02:31:17,031 INFO: Gait 4 step executed at 1.54RPM, wait for 1.11 seconds
2024-10-29 02:31:18,551 INFO: Profile velocities set for group Wheg_Group: {1: 164.9458953857422, 2: 4.712739868164062, 3: 164.9458953857422, 4: 4.712739868164062, 5: 164.9458953857422, 6: 4.712739868164062}
2024-10-29 02:31:18,552 INFO: Incrementing motor positions by {1: 350, 2: 10, 3: 350, 4: 10, 5: 350, 6: 10} degrees for group 'Wheg_Group'
2024-10-29 02:31:18,563 INFO: Gait 4 step executed at 1.08RPM, wait for 1.57 seconds
2024-10-29 02:31:20,157 WARNING: Motors are not in the correct positions for Gait 4. Positions: {1: 154.787109375, 2: 151.53515625, 3: 153.99609375, 4: 173.859375, 5: 157.16015625, 6: 179.572265625}
2024-10-29 02:31:20,158 WARNING: Waiting for 1 second before checking for movement
2024-10-29 02:31:20,265 INFO: Motors are moving. Continuing with the gait.
2024-10-29 02:31:20,790 WARNING: Motors are not in the correct positions for Gait 4. Positions: {1: 159.796875, 2: 160.32421875, 3: 160.67578125, 4: 174.2109375, 5: 158.56640625, 6: 180.451171875}
2024-10-29 02:31:20,790 WARNING: Waiting for 1 second before checking for movement
2024-10-29 02:31:20,896 CRITICAL: Motors are not moving, reseting positions, and waiting for 3 seconds.
2024-10-29 02:31:20,897 INFO: Running set_position_group for group 'Wheg_Group' with positions: {1: 175, 2: 185, 3: 175, 4: 185, 5: 175, 6: 185}
2024-10-29 02:31:20,902 WARNING: Motor 1 is not in Position Control Mode. Setting mode now.
2024-10-29 02:31:20,902 INFO: Setting operating mode 'position' for group 'Wheg_Group'
2024-10-29 02:31:20,902 INFO: Disabling torque for group Wheg_Group
2024-10-29 02:31:20,903 INFO: Enabling torque for group Wheg_Group
2024-10-29 02:31:20,904 INFO: Setting the profile velocity for group Wheg_Group from config.yaml: 10
2024-10-29 02:31:20,905 INFO: Profile velocities set for group Wheg_Group: {1: 43.7, 2: 43.7, 3: 43.7, 4: 43.7, 5: 43.7, 6: 43.7}
2024-10-29 02:31:23,937 INFO: Setting operating mode 'multi_turn' for group 'Wheg_Group'
2024-10-29 02:31:23,939 INFO: Disabling torque for group Wheg_Group
2024-10-29 02:31:23,943 INFO: Enabling torque for group Wheg_Group
2024-10-29 02:31:23,946 INFO: Setting the profile velocity for group Wheg_Group from config.yaml: 10
2024-10-29 02:31:23,947 INFO: Profile velocities set for group Wheg_Group: {1: 43.7, 2: 43.7, 3: 43.7, 4: 43.7, 5: 43.7, 6: 43.7}
2024-10-29 02:31:23,948 INFO: Profile velocities set for group Wheg_Group: {1: 5.5353155517578125, 2: 193.73604431152344, 3: 5.5353155517578125, 4: 193.73604431152344, 5: 5.5353155517578125, 6: 193.73604431152344}
2024-10-29 02:31:23,949 INFO: Incrementing motor positions by {1: 10, 2: 350, 3: 10, 4: 350, 5: 10, 6: 350} degrees for group 'Wheg_Group'
2024-10-29 02:31:23,960 INFO: Gait 4 step executed at 1.27RPM, wait for 1.34 seconds
2024-10-29 02:31:25,759 INFO: Profile velocities set for group Wheg_Group: {1: 181.74014892578126, 2: 5.19257568359375, 3: 181.74014892578126, 4: 5.19257568359375, 5: 181.74014892578126, 6: 5.19257568359375}
2024-10-29 02:31:25,759 INFO: Incrementing motor positions by {1: 350, 2: 10, 3: 350, 4: 10, 5: 350, 6: 10} degrees for group 'Wheg_Group'
2024-10-29 02:31:25,769 INFO: Gait 4 step executed at 1.19RPM, wait for 1.43 seconds
2024-10-29 02:31:27,221 INFO: Profile velocities set for group Wheg_Group: {1: 5.363945617675782, 2: 187.73809661865235, 3: 5.363945617675782, 4: 187.73809661865235, 5: 5.363945617675782, 6: 187.73809661865235}
2024-10-29 02:31:27,222 INFO: Incrementing motor positions by {1: 10, 2: 350, 3: 10, 4: 350, 5: 10, 6: 350} degrees for group 'Wheg_Group'
2024-10-29 02:31:27,232 INFO: Gait 4 step executed at 1.23RPM, wait for 1.38 seconds
2024-10-29 02:31:28,646 INFO: Profile velocities set for group Wheg_Group: {1: 199.73399200439454, 2: 5.706685485839844, 3: 199.73399200439454, 4: 5.706685485839844, 5: 199.73399200439454, 6: 5.706685485839844}
2024-10-29 02:31:28,646 INFO: Incrementing motor positions by {1: 350, 2: 10, 3: 350, 4: 10, 5: 350, 6: 10} degrees for group 'Wheg_Group'
2024-10-29 02:31:28,657 INFO: Gait 4 step executed at 1.31RPM, wait for 1.30 seconds
2024-10-29 02:31:29,982 WARNING: Motors are not in the correct positions for Gait 4. Positions: {1: 156.599609375, 2: 152.029296875, 3: 152.8203125, 4: 174.08984375, 5: 159.1484375, 6: 182.52734375}
2024-10-29 02:31:29,982 WARNING: Waiting for 1 second before checking for movement
2024-10-29 02:31:30,088 INFO: Motors are moving. Continuing with the gait.
2024-10-29 02:31:30,612 WARNING: Motors are not in the correct positions for Gait 4. Positions: {1: 160.90625, 2: 160.02734375, 3: 159.060546875, 4: 174.177734375, 5: 159.587890625, 6: 182.439453125}
2024-10-29 02:31:30,613 WARNING: Waiting for 1 second before checking for movement
2024-10-29 02:31:30,719 CRITICAL: Motors are not moving, reseting positions, and waiting for 3 seconds.
2024-10-29 02:31:30,719 INFO: Running set_position_group for group 'Wheg_Group' with positions: {1: 175, 2: 185, 3: 175, 4: 185, 5: 175, 6: 185}
2024-10-29 02:31:30,725 WARNING: Motor 1 is not in Position Control Mode. Setting mode now.
2024-10-29 02:31:30,725 INFO: Setting operating mode 'position' for group 'Wheg_Group'
2024-10-29 02:31:30,726 INFO: Disabling torque for group Wheg_Group
2024-10-29 02:31:30,727 INFO: Enabling torque for group Wheg_Group
2024-10-29 02:31:30,728 INFO: Setting the profile velocity for group Wheg_Group from config.yaml: 10
2024-10-29 02:31:30,728 INFO: Profile velocities set for group Wheg_Group: {1: 43.7, 2: 43.7, 3: 43.7, 4: 43.7, 5: 43.7, 6: 43.7}
2024-10-29 02:31:33,750 INFO: Setting operating mode 'multi_turn' for group 'Wheg_Group'
2024-10-29 02:31:33,751 INFO: Disabling torque for group Wheg_Group
2024-10-29 02:31:33,753 INFO: Enabling torque for group Wheg_Group
2024-10-29 02:31:33,755 INFO: Setting the profile velocity for group Wheg_Group from config.yaml: 10
2024-10-29 02:31:33,755 INFO: Profile velocities set for group Wheg_Group: {1: 43.7, 2: 43.7, 3: 43.7, 4: 43.7, 5: 43.7, 6: 43.7}
2024-10-29 02:31:33,757 INFO: Profile velocities set for group Wheg_Group: {1: 5.809507446289063, 2: 203.3327606201172, 3: 5.809507446289063, 4: 203.3327606201172, 5: 5.809507446289063, 6: 203.3327606201172}
2024-10-29 02:31:33,757 INFO: Incrementing motor positions by {1: 10, 2: 350, 3: 10, 4: 350, 5: 10, 6: 350} degrees for group 'Wheg_Group'
2024-10-29 02:31:33,767 INFO: Gait 4 step executed at 1.33RPM, wait for 1.28 seconds
2024-10-29 02:31:35,070 INFO: Profile velocities set for group Wheg_Group: {1: 268.110595703125, 2: 7.6603027343750005, 3: 268.110595703125, 4: 7.6603027343750005, 5: 268.110595703125, 6: 7.6603027343750005}
2024-10-29 02:31:35,070 INFO: Incrementing motor positions by {1: 350, 2: 10, 3: 350, 4: 10, 5: 350, 6: 10} degrees for group 'Wheg_Group'
2024-10-29 02:31:35,081 INFO: Gait 4 step executed at 1.75RPM, wait for 0.98 seconds
2024-10-29 02:31:36,081 INFO: Profile velocities set for group Wheg_Group: {1: 7.831672668457031, 2: 274.1085433959961, 3: 7.831672668457031, 4: 274.1085433959961, 5: 7.831672668457031, 6: 274.1085433959961}
2024-10-29 02:31:36,081 INFO: Incrementing motor positions by {1: 10, 2: 350, 3: 10, 4: 350, 5: 10, 6: 350} degrees for group 'Wheg_Group'
2024-10-29 02:31:36,092 INFO: Gait 4 step executed at 1.79RPM, wait for 0.95 seconds
2024-10-29 02:31:37,070 INFO: Profile velocities set for group Wheg_Group: {1: 275.3081329345703, 2: 7.865946655273437, 3: 275.3081329345703, 4: 7.865946655273437, 5: 275.3081329345703, 6: 7.865946655273437}
2024-10-29 02:31:37,071 INFO: Incrementing motor positions by {1: 350, 2: 10, 3: 350, 4: 10, 5: 350, 6: 10} degrees for group 'Wheg_Group'
2024-10-29 02:31:37,081 INFO: Gait 4 step executed at 1.80RPM, wait for 0.95 seconds
2024-10-29 02:31:38,068 WARNING: Motors are not in the correct positions for Gait 4. Positions: {1: 159.412109375, 2: 153.611328125, 3: 152.908203125, 4: 174.96875, 5: 157.830078125, 6: 181.560546875}
2024-10-29 02:31:38,068 WARNING: Waiting for 1 second before checking for movement
2024-10-29 02:31:38,175 INFO: Motors are moving. Continuing with the gait.
2024-10-29 02:31:38,707 WARNING: Motors are not in the correct positions for Gait 4. Positions: {1: 161.9609375, 2: 159.8515625, 3: 158.26953125, 4: 174.880859375, 5: 158.09375, 6: 181.208984375}
2024-10-29 02:31:38,708 WARNING: Waiting for 1 second before checking for movement
2024-10-29 02:31:38,813 CRITICAL: Motors are not moving, reseting positions, and waiting for 3 seconds.
2024-10-29 02:31:38,814 INFO: Running set_position_group for group 'Wheg_Group' with positions: {1: 175, 2: 185, 3: 175, 4: 185, 5: 175, 6: 185}
2024-10-29 02:31:38,819 WARNING: Motor 1 is not in Position Control Mode. Setting mode now.
2024-10-29 02:31:38,820 INFO: Setting operating mode 'position' for group 'Wheg_Group'
2024-10-29 02:31:38,820 INFO: Disabling torque for group Wheg_Group
2024-10-29 02:31:38,821 INFO: Enabling torque for group Wheg_Group
2024-10-29 02:31:38,822 INFO: Setting the profile velocity for group Wheg_Group from config.yaml: 10
2024-10-29 02:31:38,822 INFO: Profile velocities set for group Wheg_Group: {1: 43.7, 2: 43.7, 3: 43.7, 4: 43.7, 5: 43.7, 6: 43.7}
2024-10-29 02:31:41,824 INFO: Setting operating mode 'multi_turn' for group 'Wheg_Group'
2024-10-29 02:31:41,824 INFO: Disabling torque for group Wheg_Group
2024-10-29 02:31:41,826 INFO: Enabling torque for group Wheg_Group
2024-10-29 02:31:41,827 INFO: Setting the profile velocity for group Wheg_Group from config.yaml: 10
2024-10-29 02:31:41,828 INFO: Profile velocities set for group Wheg_Group: {1: 43.7, 2: 43.7, 3: 43.7, 4: 43.7, 5: 43.7, 6: 43.7}
2024-10-29 02:31:41,829 INFO: Profile velocities set for group Wheg_Group: {1: 7.865946655273437, 2: 275.3081329345703, 3: 7.865946655273437, 4: 275.3081329345703, 5: 7.865946655273437, 6: 275.3081329345703}
2024-10-29 02:31:41,830 INFO: Incrementing motor positions by {1: 10, 2: 350, 3: 10, 4: 350, 5: 10, 6: 350} degrees for group 'Wheg_Group'
2024-10-29 02:31:41,841 INFO: Gait 4 step executed at 1.80RPM, wait for 0.95 seconds
2024-10-29 02:31:42,828 INFO: Profile velocities set for group Wheg_Group: {1: 308.8966400146484, 2: 8.825618286132812, 3: 308.8966400146484, 4: 8.825618286132812, 5: 308.8966400146484, 6: 8.825618286132812}
2024-10-29 02:31:42,829 INFO: Incrementing motor positions by {1: 350, 2: 10, 3: 350, 4: 10, 5: 350, 6: 10} degrees for group 'Wheg_Group'
2024-10-29 02:31:42,840 INFO: Gait 4 step executed at 2.02RPM, wait for 0.85 seconds
2024-10-29 02:31:43,745 INFO: Profile velocities set for group Wheg_Group: {1: 8.722796325683595, 2: 305.2978713989258, 3: 8.722796325683595, 4: 305.2978713989258, 5: 8.722796325683595, 6: 305.2978713989258}
2024-10-29 02:31:43,746 INFO: Incrementing motor positions by {1: 10, 2: 350, 3: 10, 4: 350, 5: 10, 6: 350} degrees for group 'Wheg_Group'
2024-10-29 02:31:43,757 INFO: Gait 4 step executed at 2.00RPM, wait for 0.86 seconds
2024-10-29 02:31:44,661 INFO: Profile velocities set for group Wheg_Group: {1: 302.89869232177733, 2: 8.654248352050782, 3: 302.89869232177733, 4: 8.654248352050782, 5: 302.89869232177733, 6: 8.654248352050782}
2024-10-29 02:31:44,662 INFO: Incrementing motor positions by {1: 350, 2: 10, 3: 350, 4: 10, 5: 350, 6: 10} degrees for group 'Wheg_Group'
2024-10-29 02:31:44,672 INFO: Gait 4 step executed at 1.98RPM, wait for 0.87 seconds
2024-10-29 02:31:45,581 WARNING: Motors are not in the correct positions for Gait 4. Positions: {1: 160.90625, 2: 155.544921875, 3: 156.599609375, 4: 176.7265625, 5: 158.796875, 6: 182.966796875}
2024-10-29 02:31:45,582 WARNING: Waiting for 1 second before checking for movement
2024-10-29 02:31:45,688 INFO: Motors are moving. Continuing with the gait.
2024-10-29 02:31:46,227 WARNING: Motors are not in the correct positions for Gait 4. Positions: {1: 163.982421875, 2: 162.13671875, 3: 161.873046875, 4: 176.462890625, 5: 159.236328125, 6: 182.52734375}
2024-10-29 02:31:46,228 WARNING: Waiting for 1 second before checking for movement
2024-10-29 02:31:46,334 CRITICAL: Motors are not moving, reseting positions, and waiting for 3 seconds.
2024-10-29 02:31:46,335 INFO: Running set_position_group for group 'Wheg_Group' with positions: {1: 175, 2: 185, 3: 175, 4: 185, 5: 175, 6: 185}
2024-10-29 02:31:46,340 WARNING: Motor 1 is not in Position Control Mode. Setting mode now.
2024-10-29 02:31:46,341 INFO: Setting operating mode 'position' for group 'Wheg_Group'
2024-10-29 02:31:46,341 INFO: Disabling torque for group Wheg_Group
2024-10-29 02:31:46,342 INFO: Enabling torque for group Wheg_Group
2024-10-29 02:31:46,343 INFO: Setting the profile velocity for group Wheg_Group from config.yaml: 10
2024-10-29 02:31:46,344 INFO: Profile velocities set for group Wheg_Group: {1: 43.7, 2: 43.7, 3: 43.7, 4: 43.7, 5: 43.7, 6: 43.7}
2024-10-29 02:31:49,346 INFO: Setting operating mode 'multi_turn' for group 'Wheg_Group'
2024-10-29 02:31:49,347 INFO: Disabling torque for group Wheg_Group
2024-10-29 02:31:49,351 INFO: Enabling torque for group Wheg_Group
2024-10-29 02:31:49,354 INFO: Setting the profile velocity for group Wheg_Group from config.yaml: 10
2024-10-29 02:31:49,355 INFO: Profile velocities set for group Wheg_Group: {1: 43.7, 2: 43.7, 3: 43.7, 4: 43.7, 5: 43.7, 6: 43.7}
2024-10-29 02:31:49,357 INFO: Profile velocities set for group Wheg_Group: {1: 8.791344299316407, 2: 307.69705047607425, 3: 8.791344299316407, 4: 307.69705047607425, 5: 8.791344299316407, 6: 307.69705047607425}
2024-10-29 02:31:49,357 INFO: Incrementing motor positions by {1: 10, 2: 350, 3: 10, 4: 350, 5: 10, 6: 350} degrees for group 'Wheg_Group'
2024-10-29 02:31:49,368 INFO: Gait 4 step executed at 2.01RPM, wait for 0.85 seconds
2024-10-29 02:31:50,284 INFO: Profile velocities set for group Wheg_Group: {1: 307.69705047607425, 2: 8.791344299316407, 3: 307.69705047607425, 4: 8.791344299316407, 5: 307.69705047607425, 6: 8.791344299316407}
2024-10-29 02:31:50,284 INFO: Incrementing motor positions by {1: 350, 2: 10, 3: 350, 4: 10, 5: 350, 6: 10} degrees for group 'Wheg_Group'
2024-10-29 02:31:50,295 INFO: Gait 4 step executed at 2.01RPM, wait for 0.85 seconds
2024-10-29 02:31:51,199 INFO: Profile velocities set for group Wheg_Group: {1: 8.791344299316407, 2: 307.69705047607425, 3: 8.791344299316407, 4: 307.69705047607425, 5: 8.791344299316407, 6: 307.69705047607425}
2024-10-29 02:31:51,199 INFO: Incrementing motor positions by {1: 10, 2: 350, 3: 10, 4: 350, 5: 10, 6: 350} degrees for group 'Wheg_Group'
2024-10-29 02:31:51,210 INFO: Gait 4 step executed at 2.01RPM, wait for 0.85 seconds
2024-10-29 02:31:52,117 INFO: Profile velocities set for group Wheg_Group: {1: 305.2978713989258, 2: 8.722796325683595, 3: 305.2978713989258, 4: 8.722796325683595, 5: 305.2978713989258, 6: 8.722796325683595}
2024-10-29 02:31:52,117 INFO: Incrementing motor positions by {1: 350, 2: 10, 3: 350, 4: 10, 5: 350, 6: 10} degrees for group 'Wheg_Group'
2024-10-29 02:31:52,127 INFO: Gait 4 step executed at 2.00RPM, wait for 0.86 seconds
2024-10-29 02:31:53,035 WARNING: Motors are not in the correct positions for Gait 4. Positions: {1: 161.43359375, 2: 155.6328125, 3: 154.9296875, 4: 178.1328125, 5: 161.08203125, 6: 183.23046875}
2024-10-29 02:31:53,036 WARNING: Waiting for 1 second before checking for movement
2024-10-29 02:31:53,143 INFO: Motors are moving. Continuing with the gait.
2024-10-29 02:31:53,681 WARNING: Motors are not in the correct positions for Gait 4. Positions: {1: 164.24609375, 2: 160.37890625, 3: 158.62109375, 4: 177.78125, 5: 160.994140625, 6: 183.0546875}
2024-10-29 02:31:53,681 WARNING: Waiting for 1 second before checking for movement
2024-10-29 02:31:53,788 CRITICAL: Motors are not moving, reseting positions, and waiting for 3 seconds.
2024-10-29 02:31:53,789 INFO: Running set_position_group for group 'Wheg_Group' with positions: {1: 175, 2: 185, 3: 175, 4: 185, 5: 175, 6: 185}
2024-10-29 02:31:53,794 WARNING: Motor 1 is not in Position Control Mode. Setting mode now.
2024-10-29 02:31:53,794 INFO: Setting operating mode 'position' for group 'Wheg_Group'
2024-10-29 02:31:53,794 INFO: Disabling torque for group Wheg_Group
2024-10-29 02:31:53,795 INFO: Enabling torque for group Wheg_Group
2024-10-29 02:31:53,796 INFO: Setting the profile velocity for group Wheg_Group from config.yaml: 10
2024-10-29 02:31:53,797 INFO: Profile velocities set for group Wheg_Group: {1: 43.7, 2: 43.7, 3: 43.7, 4: 43.7, 5: 43.7, 6: 43.7}
2024-10-29 02:31:56,818 INFO: Setting operating mode 'multi_turn' for group 'Wheg_Group'
2024-10-29 02:31:56,820 INFO: Disabling torque for group Wheg_Group
2024-10-29 02:31:56,823 INFO: Enabling torque for group Wheg_Group
2024-10-29 02:31:56,826 INFO: Setting the profile velocity for group Wheg_Group from config.yaml: 10
2024-10-29 02:31:56,829 INFO: Profile velocities set for group Wheg_Group: {1: 43.7, 2: 43.7, 3: 43.7, 4: 43.7, 5: 43.7, 6: 43.7}
2024-10-29 02:31:56,830 INFO: Profile velocities set for group Wheg_Group: {1: 8.7570703125, 2: 306.4974609375, 3: 8.7570703125, 4: 306.4974609375, 5: 8.7570703125, 6: 306.4974609375}
2024-10-29 02:31:56,831 INFO: Incrementing motor positions by {1: 10, 2: 350, 3: 10, 4: 350, 5: 10, 6: 350} degrees for group 'Wheg_Group'
2024-10-29 02:31:56,842 INFO: Gait 4 step executed at 2.00RPM, wait for 0.86 seconds
2024-10-29 02:31:57,759 INFO: Profile velocities set for group Wheg_Group: {1: 406.06339263916016, 2: 11.60181121826172, 3: 406.06339263916016, 4: 11.60181121826172, 5: 406.06339263916016, 6: 11.60181121826172}
2024-10-29 02:31:57,760 INFO: Incrementing motor positions by {1: 350, 2: 10, 3: 350, 4: 10, 5: 350, 6: 10} degrees for group 'Wheg_Group'
2024-10-29 02:31:57,770 INFO: Gait 4 step executed at 2.65RPM, wait for 0.65 seconds
2024-10-29 02:31:58,446 INFO: Profile velocities set for group Wheg_Group: {1: 11.60181121826172, 2: 406.06339263916016, 3: 11.60181121826172, 4: 406.06339263916016, 5: 11.60181121826172, 6: 406.06339263916016}
2024-10-29 02:31:58,447 INFO: Incrementing motor positions by {1: 10, 2: 350, 3: 10, 4: 350, 5: 10, 6: 350} degrees for group 'Wheg_Group'
2024-10-29 02:31:58,458 INFO: Gait 4 step executed at 2.65RPM, wait for 0.65 seconds
2024-10-29 02:31:59,168 INFO: Profile velocities set for group Wheg_Group: {1: 406.06339263916016, 2: 11.60181121826172, 3: 406.06339263916016, 4: 11.60181121826172, 5: 406.06339263916016, 6: 11.60181121826172}
2024-10-29 02:31:59,169 INFO: Incrementing motor positions by {1: 350, 2: 10, 3: 350, 4: 10, 5: 350, 6: 10} degrees for group 'Wheg_Group'
2024-10-29 02:31:59,180 INFO: Gait 4 step executed at 2.65RPM, wait for 0.65 seconds
2024-10-29 02:32:08,874 WARNING: Motors are not in the correct positions for Gait 4. Positions: {1: 163.54296875, 2: 164.685546875, 3: 160.37890625, 4: 179.5390625, 5: 158.796875, 6: 133.1328125}
2024-10-29 02:32:08,874 WARNING: Waiting for 1 second before checking for movement
2024-10-29 02:32:08,980 CRITICAL: Motors are not moving, reseting positions, and waiting for 3 seconds.
2024-10-29 02:32:08,981 INFO: Running set_position_group for group 'Wheg_Group' with positions: {1: 175, 2: 185, 3: 175, 4: 185, 5: 175, 6: 185}
2024-10-29 02:32:08,986 WARNING: Motor 1 is not in Position Control Mode. Setting mode now.
2024-10-29 02:32:08,987 INFO: Setting operating mode 'position' for group 'Wheg_Group'
2024-10-29 02:32:08,987 INFO: Disabling torque for group Wheg_Group
2024-10-29 02:32:08,988 INFO: Enabling torque for group Wheg_Group
2024-10-29 02:32:08,989 INFO: Setting the profile velocity for group Wheg_Group from config.yaml: 10
2024-10-29 02:32:08,990 INFO: Profile velocities set for group Wheg_Group: {1: 43.7, 2: 43.7, 3: 43.7, 4: 43.7, 5: 43.7, 6: 43.7}
2024-10-29 02:32:11,991 INFO: Setting operating mode 'multi_turn' for group 'Wheg_Group'
2024-10-29 02:32:11,992 INFO: Disabling torque for group Wheg_Group
2024-10-29 02:32:11,993 INFO: Enabling torque for group Wheg_Group
2024-10-29 02:32:11,994 INFO: Setting the profile velocity for group Wheg_Group from config.yaml: 10
2024-10-29 02:32:11,995 INFO: Profile velocities set for group Wheg_Group: {1: 43.7, 2: 43.7, 3: 43.7, 4: 43.7, 5: 43.7, 6: 43.7}
2024-10-29 02:32:11,995 INFO: Profile velocities set for group Wheg_Group: {1: 4.678465881347656, 2: 163.74630584716797, 3: 4.678465881347656, 4: 163.74630584716797, 5: 4.678465881347656, 6: 163.74630584716797}
2024-10-29 02:32:11,996 INFO: Incrementing motor positions by {1: 10, 2: 350, 3: 10, 4: 350, 5: 10, 6: 350} degrees for group 'Wheg_Group'
2024-10-29 02:32:12,007 INFO: Gait 4 step executed at 1.07RPM, wait for 1.58 seconds
2024-10-29 02:32:13,614 INFO: Profile velocities set for group Wheg_Group: {1: 268.110595703125, 2: 7.6603027343750005, 3: 268.110595703125, 4: 7.6603027343750005, 5: 268.110595703125, 6: 7.6603027343750005}
2024-10-29 02:32:13,614 INFO: Incrementing motor positions by {1: 350, 2: 10, 3: 350, 4: 10, 5: 350, 6: 10} degrees for group 'Wheg_Group'
2024-10-29 02:32:13,625 INFO: Gait 4 step executed at 1.75RPM, wait for 0.98 seconds
2024-10-29 02:32:14,625 INFO: Profile velocities set for group Wheg_Group: {1: 7.934494628906251, 2: 277.7073120117188, 3: 7.934494628906251, 4: 277.7073120117188, 5: 7.934494628906251, 6: 277.7073120117188}
2024-10-29 02:32:14,625 INFO: Incrementing motor positions by {1: 10, 2: 350, 3: 10, 4: 350, 5: 10, 6: 350} degrees for group 'Wheg_Group'
2024-10-29 02:32:14,636 INFO: Gait 4 step executed at 1.82RPM, wait for 0.94 seconds
2024-10-29 02:32:15,636 INFO: Profile velocities set for group Wheg_Group: {1: 280.1064910888672, 2: 8.003042602539063, 3: 280.1064910888672, 4: 8.003042602539063, 5: 280.1064910888672, 6: 8.003042602539063}
2024-10-29 02:32:15,637 INFO: Incrementing motor positions by {1: 350, 2: 10, 3: 350, 4: 10, 5: 350, 6: 10} degrees for group 'Wheg_Group'
2024-10-29 02:32:15,647 INFO: Gait 4 step executed at 1.83RPM, wait for 0.94 seconds
2024-10-29 02:32:16,647 WARNING: Motors are not in the correct positions for Gait 4. Positions: {1: 163.630859375, 2: 158.708984375, 3: 155.544921875, 4: 176.462890625, 5: 158.884765625, 6: 180.59375}
2024-10-29 02:32:16,647 WARNING: Waiting for 1 second before checking for movement
2024-10-29 02:32:16,754 INFO: Motors are moving. Continuing with the gait.
2024-10-29 02:32:17,321 WARNING: Motors are not in the correct positions for Gait 4. Positions: {1: 166.53125, 2: 160.994140625, 3: 157.654296875, 4: 176.0234375, 5: 159.32421875, 6: 180.59375}
2024-10-29 02:32:17,321 WARNING: Waiting for 1 second before checking for movement
2024-10-29 02:32:17,427 CRITICAL: Motors are not moving, reseting positions, and waiting for 3 seconds.
2024-10-29 02:32:17,427 INFO: Running set_position_group for group 'Wheg_Group' with positions: {1: 175, 2: 185, 3: 175, 4: 185, 5: 175, 6: 185}
2024-10-29 02:32:17,433 WARNING: Motor 1 is not in Position Control Mode. Setting mode now.
2024-10-29 02:32:17,433 INFO: Setting operating mode 'position' for group 'Wheg_Group'
2024-10-29 02:32:17,433 INFO: Disabling torque for group Wheg_Group
2024-10-29 02:32:17,434 INFO: Enabling torque for group Wheg_Group
2024-10-29 02:32:17,435 INFO: Setting the profile velocity for group Wheg_Group from config.yaml: 10
2024-10-29 02:32:17,436 INFO: Profile velocities set for group Wheg_Group: {1: 43.7, 2: 43.7, 3: 43.7, 4: 43.7, 5: 43.7, 6: 43.7}
2024-10-29 02:32:20,467 INFO: Setting operating mode 'multi_turn' for group 'Wheg_Group'
2024-10-29 02:32:20,467 INFO: Disabling torque for group Wheg_Group
2024-10-29 02:32:20,470 INFO: Enabling torque for group Wheg_Group
2024-10-29 02:32:20,472 INFO: Setting the profile velocity for group Wheg_Group from config.yaml: 10
2024-10-29 02:32:20,473 INFO: Profile velocities set for group Wheg_Group: {1: 43.7, 2: 43.7, 3: 43.7, 4: 43.7, 5: 43.7, 6: 43.7}
2024-10-29 02:32:20,474 INFO: Profile velocities set for group Wheg_Group: {1: 8.105864562988282, 2: 283.7052597045899, 3: 8.105864562988282, 4: 283.7052597045899, 5: 8.105864562988282, 6: 283.7052597045899}
2024-10-29 02:32:20,474 INFO: Incrementing motor positions by {1: 10, 2: 350, 3: 10, 4: 350, 5: 10, 6: 350} degrees for group 'Wheg_Group'
2024-10-29 02:32:20,485 INFO: Gait 4 step executed at 1.85RPM, wait for 0.92 seconds
2024-10-29 02:32:21,433 INFO: Profile velocities set for group Wheg_Group: {1: 310.09622955322266, 2: 8.859892272949219, 3: 310.09622955322266, 4: 8.859892272949219, 5: 310.09622955322266, 6: 8.859892272949219}
2024-10-29 02:32:21,434 INFO: Incrementing motor positions by {1: 350, 2: 10, 3: 350, 4: 10, 5: 350, 6: 10} degrees for group 'Wheg_Group'
2024-10-29 02:32:21,445 INFO: Gait 4 step executed at 2.03RPM, wait for 0.85 seconds
2024-10-29 02:32:22,353 INFO: Profile velocities set for group Wheg_Group: {1: 8.894166259765624, 2: 311.2958190917969, 3: 8.894166259765624, 4: 311.2958190917969, 5: 8.894166259765624, 6: 311.2958190917969}
2024-10-29 02:32:22,354 INFO: Incrementing motor positions by {1: 10, 2: 350, 3: 10, 4: 350, 5: 10, 6: 350} degrees for group 'Wheg_Group'
2024-10-29 02:32:22,365 INFO: Gait 4 step executed at 2.04RPM, wait for 0.84 seconds
2024-10-29 02:32:23,232 INFO: Profile velocities set for group Wheg_Group: {1: 310.09622955322266, 2: 8.859892272949219, 3: 310.09622955322266, 4: 8.859892272949219, 5: 310.09622955322266, 6: 8.859892272949219}
2024-10-29 02:32:23,233 INFO: Incrementing motor positions by {1: 350, 2: 10, 3: 350, 4: 10, 5: 350, 6: 10} degrees for group 'Wheg_Group'
2024-10-29 02:32:23,243 INFO: Gait 4 step executed at 2.03RPM, wait for 0.85 seconds
2024-10-29 02:32:24,154 WARNING: Motors are not in the correct positions for Gait 4. Positions: {1: 164.861328125, 2: 157.478515625, 3: 153.5234375, 4: 178.1328125, 5: 159.1484375, 6: 180.06640625}
2024-10-29 02:32:24,155 WARNING: Waiting for 1 second before checking for movement
2024-10-29 02:32:24,261 INFO: Motors are moving. Continuing with the gait.
2024-10-29 02:32:24,814 WARNING: Motors are not in the correct positions for Gait 4. Positions: {1: 168.11328125, 2: 160.466796875, 3: 156.3359375, 4: 177.4296875, 5: 159.67578125, 6: 179.978515625}
2024-10-29 02:32:24,814 WARNING: Waiting for 1 second before checking for movement
2024-10-29 02:32:24,921 CRITICAL: Motors are not moving, reseting positions, and waiting for 3 seconds.
2024-10-29 02:32:24,921 INFO: Running set_position_group for group 'Wheg_Group' with positions: {1: 175, 2: 185, 3: 175, 4: 185, 5: 175, 6: 185}
2024-10-29 02:32:24,926 WARNING: Motor 1 is not in Position Control Mode. Setting mode now.
2024-10-29 02:32:24,927 INFO: Setting operating mode 'position' for group 'Wheg_Group'
2024-10-29 02:32:24,928 INFO: Disabling torque for group Wheg_Group
2024-10-29 02:32:24,929 INFO: Enabling torque for group Wheg_Group
2024-10-29 02:32:24,930 INFO: Setting the profile velocity for group Wheg_Group from config.yaml: 10
2024-10-29 02:32:24,930 INFO: Profile velocities set for group Wheg_Group: {1: 43.7, 2: 43.7, 3: 43.7, 4: 43.7, 5: 43.7, 6: 43.7}
2024-10-29 02:32:26,575 WARNING: Emergency stop activated! Stopping all motors asynchronously.
2024-10-29 02:32:26,576 INFO: Setting operating mode 'velocity' for group 'All_Motors'
2024-10-29 02:32:26,578 INFO: Disabling torque for group All_Motors
2024-10-29 02:32:26,580 INFO: Enabling torque for group All_Motors
2024-10-29 02:32:26,580 WARNING: Velocity limit 200 exceeds hard limit 100. Limiting to 100.
2024-10-29 02:32:26,581 INFO: Velocity limit set to 100 for group All_Motors
2024-10-29 02:32:26,581 INFO: Enabling torque for group All_Motors
2024-10-29 02:32:26,582 INFO: Target velocities set for group All_Motors: {1: 0, 2: 0, 3: 0, 4: 0, 5: 0, 6: 0, 7: 0, 8: 0}
2024-10-29 02:32:26,686 WARNING: Emergency stop activated! Stopping all motors asynchronously.
2024-10-29 02:32:26,687 INFO: Setting operating mode 'velocity' for group 'All_Motors'
2024-10-29 02:32:26,688 INFO: Disabling torque for group All_Motors
2024-10-29 02:32:26,690 INFO: Enabling torque for group All_Motors
2024-10-29 02:32:26,692 WARNING: Velocity limit 200 exceeds hard limit 100. Limiting to 100.
2024-10-29 02:32:26,692 INFO: Velocity limit set to 100 for group All_Motors
2024-10-29 02:32:26,693 INFO: Enabling torque for group All_Motors
2024-10-29 02:32:26,694 INFO: Target velocities set for group All_Motors: {1: 0, 2: 0, 3: 0, 4: 0, 5: 0, 6: 0, 7: 0, 8: 0}
2024-10-29 02:32:27,956 INFO: Setting operating mode 'multi_turn' for group 'Wheg_Group'
2024-10-29 02:32:27,957 INFO: Disabling torque for group Wheg_Group
2024-10-29 02:32:27,959 INFO: Enabling torque for group Wheg_Group
2024-10-29 02:32:27,962 INFO: Setting the profile velocity for group Wheg_Group from config.yaml: 10
2024-10-29 02:32:27,964 INFO: Profile velocities set for group Wheg_Group: {1: 43.7, 2: 43.7, 3: 43.7, 4: 43.7, 5: 43.7, 6: 43.7}
2024-10-29 02:32:27,965 INFO: Profile velocities set for group Wheg_Group: {1: 8.894166259765624, 2: 311.2958190917969, 3: 8.894166259765624, 4: 311.2958190917969, 5: 8.894166259765624, 6: 311.2958190917969}
2024-10-29 02:32:27,966 INFO: Incrementing motor positions by {1: 10, 2: 350, 3: 10, 4: 350, 5: 10, 6: 350} degrees for group 'Wheg_Group'
2024-10-29 02:32:27,977 INFO: Gait 4 step executed at 2.04RPM, wait for 0.84 seconds
2024-10-29 02:32:28,238 INFO: Emergency Stop Deactivated. Resuming control...
2024-10-29 02:32:28,839 INFO: Initialising Gait 1
2024-10-29 02:32:28,840 INFO: Running set_position_group for group 'Wheg_Group' with positions: 180
2024-10-29 02:32:28,845 WARNING: Motor 1 is not in Position Control Mode. Setting mode now.
2024-10-29 02:32:28,846 INFO: Setting operating mode 'position' for group 'Wheg_Group'
2024-10-29 02:32:28,846 INFO: Disabling torque for group Wheg_Group
2024-10-29 02:32:28,847 INFO: Enabling torque for group Wheg_Group
2024-10-29 02:32:28,848 INFO: Setting the profile velocity for group Wheg_Group from config.yaml: 10
2024-10-29 02:32:28,849 INFO: Profile velocities set for group Wheg_Group: {1: 43.7, 2: 43.7, 3: 43.7, 4: 43.7, 5: 43.7, 6: 43.7}
2024-10-29 02:32:28,850 INFO: Running set_position_group for group 'Pivot_Group' with positions: 180
2024-10-29 02:32:28,853 WARNING: Motor 7 is not in Position Control Mode. Setting mode now.
2024-10-29 02:32:28,853 INFO: Setting operating mode 'position' for group 'Pivot_Group'
2024-10-29 02:32:28,854 INFO: Disabling torque for group Pivot_Group
2024-10-29 02:32:28,855 INFO: Enabling torque for group Pivot_Group
2024-10-29 02:32:28,856 INFO: Setting the profile velocity for group Pivot_Group from config.yaml: 4
2024-10-29 02:32:28,856 INFO: Profile velocities set for group Pivot_Group: {7: 17.48, 8: 17.48}
2024-10-29 02:32:28,857 INFO: Initialised Gait 1, waiting for 3 seconds
2024-10-29 02:32:31,858 INFO: Setting operating mode 'multi_turn' for group 'Wheg_Group'
2024-10-29 02:32:31,859 INFO: Disabling torque for group Wheg_Group
2024-10-29 02:32:31,860 INFO: Enabling torque for group Wheg_Group
2024-10-29 02:32:31,861 INFO: Setting the profile velocity for group Wheg_Group from config.yaml: 10
2024-10-29 02:32:31,862 INFO: Profile velocities set for group Wheg_Group: {1: 43.7, 2: 43.7, 3: 43.7, 4: 43.7, 5: 43.7, 6: 43.7}
2024-10-29 02:32:31,862 INFO: New gait 1 is now active.
2024-10-29 02:32:32,299 WARNING: Emergency stop activated! Stopping all motors asynchronously.
2024-10-29 02:32:32,300 INFO: Setting operating mode 'velocity' for group 'All_Motors'
2024-10-29 02:32:32,300 INFO: Disabling torque for group All_Motors
2024-10-29 02:32:32,303 INFO: Enabling torque for group All_Motors
2024-10-29 02:32:32,304 WARNING: Velocity limit 200 exceeds hard limit 100. Limiting to 100.
2024-10-29 02:32:32,304 INFO: Velocity limit set to 100 for group All_Motors
2024-10-29 02:32:32,305 INFO: Enabling torque for group All_Motors
2024-10-29 02:32:32,306 INFO: Target velocities set for group All_Motors: {1: 0, 2: 0, 3: 0, 4: 0, 5: 0, 6: 0, 7: 0, 8: 0}
2024-10-29 02:32:32,411 WARNING: Emergency stop activated! Stopping all motors asynchronously.
2024-10-29 02:32:32,412 INFO: Setting operating mode 'velocity' for group 'All_Motors'
2024-10-29 02:32:32,413 INFO: Disabling torque for group All_Motors
2024-10-29 02:32:32,416 INFO: Enabling torque for group All_Motors
2024-10-29 02:32:32,417 WARNING: Velocity limit 200 exceeds hard limit 100. Limiting to 100.
2024-10-29 02:32:32,417 INFO: Velocity limit set to 100 for group All_Motors
2024-10-29 02:32:32,418 INFO: Enabling torque for group All_Motors
2024-10-29 02:32:32,419 INFO: Target velocities set for group All_Motors: {1: 0, 2: 0, 3: 0, 4: 0, 5: 0, 6: 0, 7: 0, 8: 0}
2024-10-29 02:32:32,524 WARNING: Emergency stop activated! Stopping all motors asynchronously.
2024-10-29 02:32:32,525 INFO: Setting operating mode 'velocity' for group 'All_Motors'
2024-10-29 02:32:32,526 INFO: Disabling torque for group All_Motors
2024-10-29 02:32:32,528 INFO: Enabling torque for group All_Motors
2024-10-29 02:32:32,530 WARNING: Velocity limit 200 exceeds hard limit 100. Limiting to 100.
2024-10-29 02:32:32,532 INFO: Velocity limit set to 100 for group All_Motors
2024-10-29 02:32:32,532 INFO: Enabling torque for group All_Motors
2024-10-29 02:32:32,533 INFO: Target velocities set for group All_Motors: {1: 0, 2: 0, 3: 0, 4: 0, 5: 0, 6: 0, 7: 0, 8: 0}
2024-10-29 02:32:34,020 INFO: Emergency Stop Deactivated. Resuming control...
2024-10-29 02:32:34,031 INFO: Initialising Gait 1
2024-10-29 02:32:34,032 INFO: Running set_position_group for group 'Wheg_Group' with positions: 180
2024-10-29 02:32:34,039 WARNING: Motor 1 is not in Position Control Mode. Setting mode now.
2024-10-29 02:32:34,040 INFO: Setting operating mode 'position' for group 'Wheg_Group'
2024-10-29 02:32:34,040 INFO: Disabling torque for group Wheg_Group
2024-10-29 02:32:34,041 INFO: Enabling torque for group Wheg_Group
2024-10-29 02:32:34,042 INFO: Setting the profile velocity for group Wheg_Group from config.yaml: 10
2024-10-29 02:32:34,043 INFO: Profile velocities set for group Wheg_Group: {1: 43.7, 2: 43.7, 3: 43.7, 4: 43.7, 5: 43.7, 6: 43.7}
2024-10-29 02:32:34,043 INFO: Running set_position_group for group 'Pivot_Group' with positions: 180
2024-10-29 02:32:34,047 WARNING: Motor 7 is not in Position Control Mode. Setting mode now.
2024-10-29 02:32:34,047 INFO: Setting operating mode 'position' for group 'Pivot_Group'
2024-10-29 02:32:34,047 INFO: Disabling torque for group Pivot_Group
2024-10-29 02:32:34,048 INFO: Enabling torque for group Pivot_Group
2024-10-29 02:32:34,049 INFO: Setting the profile velocity for group Pivot_Group from config.yaml: 4
2024-10-29 02:32:34,050 INFO: Profile velocities set for group Pivot_Group: {7: 17.48, 8: 17.48}
2024-10-29 02:32:34,050 INFO: Initialised Gait 1, waiting for 3 seconds
2024-10-29 02:32:37,051 INFO: Setting operating mode 'multi_turn' for group 'Wheg_Group'
2024-10-29 02:32:37,052 INFO: Disabling torque for group Wheg_Group
2024-10-29 02:32:37,054 INFO: Enabling torque for group Wheg_Group
2024-10-29 02:32:37,054 INFO: Setting the profile velocity for group Wheg_Group from config.yaml: 10
2024-10-29 02:32:37,055 INFO: Profile velocities set for group Wheg_Group: {1: 43.7, 2: 43.7, 3: 43.7, 4: 43.7, 5: 43.7, 6: 43.7}
2024-10-29 02:32:37,056 INFO: New gait 1 is now active.
2024-10-29 02:32:38,877 INFO: Profile velocities set for group Wheg_Group: {1: 5.021205749511719, 2: 5.021205749511719, 3: 5.021205749511719, 4: 5.021205749511719, 5: 5.021205749511719, 6: 5.021205749511719}
2024-10-29 02:32:38,878 INFO: Incrementing motor positions by 360 degrees for group 'Wheg_Group'
2024-10-29 02:32:38,888 INFO: Gait 1 step executed at 1.15RPM, wait for 52.22 seconds
                                                                                                                                                                                                                                                                                                                                                                                                                                                                                                                                                                                                                                                                                                                                                                                                                                                                                                                                                                                                                                                                                                                                                                                                                                                                                                                                                                                                                                                                                                                                               