2025-04-01 14:17:13,700 INFO: Initializing PS4Controller
2025-04-01 14:17:14,255 INFO: Configuration loaded successfully
2025-04-01 14:17:14,260 INFO: Port /dev/ttyACM0 opened successfully
2025-04-01 14:17:14,270 INFO: Baudrate set to 1000000
2025-04-01 14:17:14,270 INFO: Control table loaded successfully.
2025-04-01 14:17:14,270 INFO: Motor group 'Pivot_Group' created with motors: [7, 8]
2025-04-01 14:17:14,270 INFO: Motor group 'Wheg_Group' created with motors: [1, 2, 3, 4, 5, 6]
2025-04-01 14:17:14,271 INFO: Motor group 'All_Motors' created with motors: [1, 2, 3, 4, 5, 6, 7, 8]
2025-04-01 14:17:14,271 INFO: Motor group 'Left_Whegs' created with motors: [1, 2, 3]
2025-04-01 14:17:14,271 INFO: Motor group 'Right_Whegs' created with motors: [4, 5, 6]
2025-04-01 14:17:14,271 INFO: Motor group 'Front_Whegs' created with motors: [3, 6]
2025-04-01 14:17:14,271 INFO: Motor group 'Rear_Whegs' created with motors: [1, 4]
2025-04-01 14:17:14,271 INFO: Motor group 'Middle_Whegs' created with motors: [2, 5]
2025-04-01 14:17:14,271 INFO: Motor group 'Two_Right_One_Left' created with motors: [2, 4, 6]
2025-04-01 14:17:14,271 INFO: Motor group 'Two_Left_One_Right' created with motors: [5, 1, 3]
2025-04-01 14:17:14,271 INFO: Initialised PS4 controller, Dynamixel, and Robot State
2025-04-01 14:17:14,272 INFO: Disabling torque for group Right_Whegs
2025-04-01 14:17:14,272 INFO: Drive mode set for group Right_Whegs with reverse_direction=True
2025-04-01 14:17:14,273 INFO: Enabling torque for group Right_Whegs
2025-04-01 14:17:14,273 INFO: Setting the profile velocity for group Right_Whegs from config.yaml: None
2025-04-01 14:17:14,273 ERROR: Profile velocity for group Right_Whegs not found in config.yaml and no value was provided.
2025-04-01 14:17:14,274 INFO: Disabling torque for group Left_Whegs
2025-04-01 14:17:14,274 INFO: Drive mode set for group Left_Whegs with reverse_direction=False
2025-04-01 14:17:14,274 INFO: Enabling torque for group Left_Whegs
2025-04-01 14:17:14,275 INFO: Setting the profile velocity for group Left_Whegs from config.yaml: None
2025-04-01 14:17:14,275 ERROR: Profile velocity for group Left_Whegs not found in config.yaml and no value was provided.
2025-04-01 14:17:14,275 INFO: Set the right side whegs to reverse direction
2025-04-01 14:17:14,275 INFO: Disabling torque for group Pivot_Group
2025-04-01 14:17:14,276 INFO: Drive mode set for group Pivot_Group with reverse_direction=False
2025-04-01 14:17:14,276 INFO: Enabling torque for group Pivot_Group
2025-04-01 14:17:14,276 INFO: Setting the profile velocity for group Pivot_Group from config.yaml: 4
2025-04-01 14:17:14,277 INFO: Profile velocities set for group Pivot_Group: {7: 17.48, 8: 17.48}
2025-04-01 14:17:14,277 INFO: Position limits set for group Pivot_Group: min=45° (ticks=511), max=315° (ticks=3583)
2025-04-01 14:17:14,277 INFO: Set position limits for the pivot motors
2025-04-01 14:17:14,464 INFO: Initialising Gait 1
2025-04-01 14:17:14,464 INFO: Running set_position_group for group 'Wheg_Group' with positions: 180
2025-04-01 14:17:14,470 INFO: Running set_position_group for group 'Pivot_Group' with positions: 180
2025-04-01 14:17:14,473 INFO: Initialised Gait 1, waiting for 3 seconds
2025-04-01 14:17:14,474 ERROR: Error controlling pivots: 'dpad_down'
2025-04-01 14:17:17,475 INFO: Setting operating mode 'multi_turn' for group 'Wheg_Group'
2025-04-01 14:17:17,475 INFO: Disabling torque for group Wheg_Group
2025-04-01 14:17:17,475 INFO: Enabling torque for group Wheg_Group
2025-04-01 14:17:17,476 INFO: Setting the profile velocity for group Wheg_Group from config.yaml: 10
2025-04-01 14:17:17,476 INFO: Profile velocities set for group Wheg_Group: {1: 43.7, 2: 43.7, 3: 43.7, 4: 43.7, 5: 43.7, 6: 43.7}
2025-04-01 14:17:17,477 INFO: Setting the profile velocity for group Wheg_Group from config.yaml: 10
2025-04-01 14:17:17,477 INFO: Profile velocities set for group Wheg_Group: {1: 43.7, 2: 43.7, 3: 43.7, 4: 43.7, 5: 43.7, 6: 43.7}
2025-04-01 14:17:17,477 INFO: New gait 1 is now active.
2025-04-01 14:17:18,906 INFO: Profile velocities set for group Wheg_Group: {1: 87.4, 2: 87.4, 3: 87.4, 4: 87.4, 5: 87.4, 6: 87.4}
2025-04-01 14:17:18,907 INFO: Incrementing motor positions by 360 degrees for group 'Wheg_Group'
2025-04-01 14:17:18,917 INFO: Gait 1 step executed at 20.00RPM, wait for 3.00 seconds
2025-04-01 14:17:23,441 INFO: Square pressed. Preparing to change to previous gait: 4
2025-04-01 14:17:23,450 INFO: Initialising Gait 4
2025-04-01 14:17:23,453 INFO: Direction data: {1: {'drive_mode': 0}, 2: {'drive_mode': 0}, 3: {'drive_mode': 0}}
2025-04-01 14:17:23,453 INFO: Disabling torque for group Left_Whegs
2025-04-01 14:17:23,454 INFO: Drive mode set for group Left_Whegs with reverse_direction={1: 1, 2: 1, 3: 1}
2025-04-01 14:17:23,454 INFO: Enabling torque for group Left_Whegs
2025-04-01 14:17:23,454 INFO: Setting the profile velocity for group Left_Whegs from config.yaml: None
2025-04-01 14:17:23,454 ERROR: Profile velocity for group Left_Whegs not found in config.yaml and no value was provided.
2025-04-01 14:17:23,454 WARNING: Reversed the direction of the left whegs
2025-04-01 14:17:23,455 INFO: Running set_position_group for group 'Wheg_Group' with positions: {1: 160, 2: 200, 3: 160, 4: 200, 5: 160, 6: 200}
2025-04-01 14:17:23,459 WARNING: Motor 1 is not in Position Control Mode. Setting mode now.
2025-04-01 14:17:23,460 INFO: Setting operating mode 'position' for group 'Wheg_Group'
2025-04-01 14:17:23,460 INFO: Disabling torque for group Wheg_Group
2025-04-01 14:17:23,461 INFO: Enabling torque for group Wheg_Group
2025-04-01 14:17:23,461 INFO: Setting the profile velocity for group Wheg_Group from config.yaml: 10
2025-04-01 14:17:23,462 INFO: Profile velocities set for group Wheg_Group: {1: 43.7, 2: 43.7, 3: 43.7, 4: 43.7, 5: 43.7, 6: 43.7}
2025-04-01 14:17:23,462 INFO: Setting the profile velocity for group Wheg_Group from config.yaml: 10
2025-04-01 14:17:23,462 INFO: Profile velocities set for group Wheg_Group: {1: 43.7, 2: 43.7, 3: 43.7, 4: 43.7, 5: 43.7, 6: 43.7}
2025-04-01 14:17:23,463 INFO: Running set_position_group for group 'Pivot_Group' with positions: 180
2025-04-01 14:17:23,466 INFO: Initialised Gait 4, waiting for 3 seconds
2025-04-01 14:17:23,613 INFO: Square pressed. Preparing to change to previous gait: 4
2025-04-01 14:17:26,470 INFO: Setting operating mode 'multi_turn' for group 'Wheg_Group'
2025-04-01 14:17:26,470 INFO: Disabling torque for group Wheg_Group
2025-04-01 14:17:26,471 INFO: Enabling torque for group Wheg_Group
2025-04-01 14:17:26,471 INFO: Setting the profile velocity for group Wheg_Group from config.yaml: 10
2025-04-01 14:17:26,471 INFO: Profile velocities set for group Wheg_Group: {1: 43.7, 2: 43.7, 3: 43.7, 4: 43.7, 5: 43.7, 6: 43.7}
2025-04-01 14:17:26,472 INFO: Setting the profile velocity for group Wheg_Group from config.yaml: 10
2025-04-01 14:17:26,472 INFO: Profile velocities set for group Wheg_Group: {1: 43.7, 2: 43.7, 3: 43.7, 4: 43.7, 5: 43.7, 6: 43.7}
2025-04-01 14:17:26,472 INFO: New gait 4 is now active.
2025-04-01 14:17:28,601 INFO: Initiating safe shutdown...
2025-04-01 14:17:28,601 INFO: Setting operating mode 'velocity' for group 'All_Motors'
2025-04-01 14:17:28,601 INFO: Disabling torque for group All_Motors
2025-04-01 14:17:28,602 INFO: Enabling torque for group All_Motors
2025-04-01 14:17:28,602 INFO: Setting the profile velocity for group All_Motors from config.yaml: 8
2025-04-01 14:17:28,603 INFO: Profile velocities set for group All_Motors: {1: 34.96, 2: 34.96, 3: 34.96, 4: 34.96, 5: 34.96, 6: 34.96, 7: 34.96, 8: 34.96}
2025-04-01 14:17:28,603 WARNING: Velocity limit 200 exceeds hard limit 100. Limiting to 100.
2025-04-01 14:17:28,603 INFO: Velocity limit set to 100 for group All_Motors
2025-04-01 14:17:28,604 INFO: Enabling torque for group All_Motors
2025-04-01 14:17:28,604 INFO: Setting the profile velocity for group All_Motors from config.yaml: 8
2025-04-01 14:17:28,604 INFO: Profile velocities set for group All_Motors: {1: 34.96, 2: 34.96, 3: 34.96, 4: 34.96, 5: 34.96, 6: 34.96, 7: 34.96, 8: 34.96}
2025-04-01 14:17:28,605 INFO: Target velocities set for group All_Motors: {1: 0, 2: 0, 3: 0, 4: 0, 5: 0, 6: 0, 7: 0, 8: 0}
2025-04-01 14:17:28,605 INFO: Running set_position_group for group 'All_Motors' with positions: 180
2025-04-01 14:17:28,640 ERROR: Bulk read failed with error: [TxRxResult] There is no status packet!
