2025-04-02 12:07:11,408 INFO: Initializing PS4Controller
2025-04-02 12:07:11,975 INFO: Configuration loaded successfully
2025-04-02 12:07:11,978 INFO: Port /dev/ttyACM0 opened successfully
2025-04-02 12:07:11,988 INFO: Baudrate set to 1000000
2025-04-02 12:07:11,989 INFO: Control table loaded successfully.
2025-04-02 12:07:11,989 INFO: Motor group 'Pivot_Group' created with motors: [7, 8]
2025-04-02 12:07:11,990 INFO: Motor group 'Wheg_Group' created with motors: [1, 2, 3, 4, 5, 6]
2025-04-02 12:07:11,991 INFO: Motor group 'All_Motors' created with motors: [1, 2, 3, 4, 5, 6, 7, 8]
2025-04-02 12:07:11,991 INFO: Motor group 'Left_Whegs' created with motors: [1, 2, 3]
2025-04-02 12:07:11,992 INFO: Motor group 'Right_Whegs' created with motors: [4, 5, 6]
2025-04-02 12:07:11,992 INFO: Motor group 'Front_Whegs' created with motors: [3, 6]
2025-04-02 12:07:11,992 INFO: Motor group 'Rear_Whegs' created with motors: [1, 4]
2025-04-02 12:07:11,993 INFO: Motor group 'Middle_Whegs' created with motors: [2, 5]
2025-04-02 12:07:11,993 INFO: Motor group 'Two_Right_One_Left' created with motors: [2, 4, 6]
2025-04-02 12:07:11,993 INFO: Motor group 'Two_Left_One_Right' created with motors: [5, 1, 3]
2025-04-02 12:07:11,994 INFO: Initialised PS4 controller, Dynamixel, and Robot State
2025-04-02 12:07:11,994 INFO: Disabling torque for group Right_Whegs
2025-04-02 12:07:11,995 INFO: Drive mode set for group Right_Whegs with reverse_direction=True
2025-04-02 12:07:11,996 INFO: Enabling torque for group Right_Whegs
2025-04-02 12:07:11,997 INFO: Setting the profile velocity for group Right_Whegs from config.yaml: None
2025-04-02 12:07:11,997 ERROR: Profile velocity for group Right_Whegs not found in config.yaml and no value was provided.
2025-04-02 12:07:11,998 INFO: Disabling torque for group Left_Whegs
2025-04-02 12:07:11,999 INFO: Drive mode set for group Left_Whegs with reverse_direction=False
2025-04-02 12:07:11,999 INFO: Enabling torque for group Left_Whegs
2025-04-02 12:07:12,000 INFO: Setting the profile velocity for group Left_Whegs from config.yaml: None
2025-04-02 12:07:12,000 ERROR: Profile velocity for group Left_Whegs not found in config.yaml and no value was provided.
2025-04-02 12:07:12,001 INFO: Set the right side whegs to reverse direction
2025-04-02 12:07:12,001 INFO: Disabling torque for group Pivot_Group
2025-04-02 12:07:12,003 INFO: Drive mode set for group Pivot_Group with reverse_direction=False
2025-04-02 12:07:12,004 INFO: Enabling torque for group Pivot_Group
2025-04-02 12:07:12,006 INFO: Setting the profile velocity for group Pivot_Group from config.yaml: 4
2025-04-02 12:07:12,008 INFO: Profile velocities set for group Pivot_Group: {7: 17.48, 8: 17.48}
2025-04-02 12:07:12,014 INFO: Position limits set for group Pivot_Group: min=45° (ticks=511), max=315° (ticks=3583)
2025-04-02 12:07:12,015 INFO: Set position limits for the pivot motors
2025-04-02 12:07:12,171 INFO: Initialising Gait 1
2025-04-02 12:07:12,174 INFO: Disabling torque for group Wheg_Group
2025-04-02 12:07:12,175 INFO: Drive mode set for group Wheg_Group with reverse_direction={1: 0, 2: 0, 3: 0, 4: 0, 5: 0, 6: 0}
2025-04-02 12:07:12,176 INFO: Enabling torque for group Wheg_Group
2025-04-02 12:07:12,177 INFO: Setting the profile velocity for group Wheg_Group from config.yaml: 10
2025-04-02 12:07:12,178 INFO: Profile velocities set for group Wheg_Group: {1: 43.7, 2: 43.7, 3: 43.7, 4: 43.7, 5: 43.7, 6: 43.7}
2025-04-02 12:07:12,179 WARNING: Set direction of whegs to forward
2025-04-02 12:07:12,180 WARNING: Direction set for all whegs
2025-04-02 12:07:12,180 INFO: Running set_position_group for group 'Wheg_Group' with positions: {1: 200, 2: 200, 3: 200, 4: 200, 5: 200, 6: 200}
2025-04-02 12:07:12,189 INFO: Running set_position_group for group 'Pivot_Group' with positions: 180
2025-04-02 12:07:12,196 INFO: Initialised Gait 1, waiting for 3 seconds
2025-04-02 12:07:12,196 INFO: Running set_position_group for group 'Wheg_Group' with positions: 180
2025-04-02 12:07:12,202 INFO: Running set_position_group for group 'Pivot_Group' with positions: 180
2025-04-02 12:07:12,208 INFO: Initialised Gait 1, waiting for 3 seconds
2025-04-02 12:07:12,208 ERROR: Error controlling pivots: 'dpad_down'
2025-04-02 12:07:15,240 INFO: Setting operating mode 'multi_turn' for group 'Wheg_Group'
2025-04-02 12:07:15,241 INFO: Disabling torque for group Wheg_Group
2025-04-02 12:07:15,244 INFO: Enabling torque for group Wheg_Group
2025-04-02 12:07:15,246 INFO: Setting the profile velocity for group Wheg_Group from config.yaml: 10
2025-04-02 12:07:15,253 INFO: Profile velocities set for group Wheg_Group: {1: 43.7, 2: 43.7, 3: 43.7, 4: 43.7, 5: 43.7, 6: 43.7}
2025-04-02 12:07:15,255 INFO: Setting the profile velocity for group Wheg_Group from config.yaml: 10
2025-04-02 12:07:15,258 INFO: Profile velocities set for group Wheg_Group: {1: 43.7, 2: 43.7, 3: 43.7, 4: 43.7, 5: 43.7, 6: 43.7}
2025-04-02 12:07:15,259 INFO: New gait 1 is now active.
2025-04-02 12:07:49,426 INFO: Profile velocities set for group Wheg_Group: {1: 87.4, 2: 87.4, 3: 87.4, 4: 87.4, 5: 87.4, 6: 87.4}
2025-04-02 12:07:49,428 INFO: Incrementing motor positions by 360 degrees for group 'Wheg_Group'
2025-04-02 12:07:49,442 INFO: Gait 1 step executed at 20.00RPM, wait for 3.00 seconds
2025-04-02 12:07:59,057 INFO: Profile velocities set for group Wheg_Group: {1: 87.4, 2: 87.4, 3: 87.4, 4: 87.4, 5: 87.4, 6: 87.4}
2025-04-02 12:07:59,059 INFO: Incrementing motor positions by 360 degrees for group 'Wheg_Group'
2025-04-02 12:07:59,084 INFO: Gait 1 step executed at 20.00RPM, wait for 3.00 seconds
2025-04-02 12:08:04,942 INFO: Triangle pressed. Preparing to change to next gait: 2
2025-04-02 12:08:04,963 INFO: Initialising Gait 2
2025-04-02 12:08:04,964 INFO: Running set_position_group for group 'Wheg_Group' with positions: {1: 160, 2: 200, 3: 160, 4: 200, 5: 160, 6: 200}
2025-04-02 12:08:04,969 WARNING: Motor 1 is not in Position Control Mode. Setting mode now.
2025-04-02 12:08:04,971 INFO: Setting operating mode 'position' for group 'Wheg_Group'
2025-04-02 12:08:04,973 INFO: Disabling torque for group Wheg_Group
2025-04-02 12:08:04,975 INFO: Enabling torque for group Wheg_Group
2025-04-02 12:08:04,977 INFO: Setting the profile velocity for group Wheg_Group from config.yaml: 10
2025-04-02 12:08:04,978 INFO: Profile velocities set for group Wheg_Group: {1: 43.7, 2: 43.7, 3: 43.7, 4: 43.7, 5: 43.7, 6: 43.7}
2025-04-02 12:08:04,979 INFO: Setting the profile velocity for group Wheg_Group from config.yaml: 10
2025-04-02 12:08:04,980 INFO: Profile velocities set for group Wheg_Group: {1: 43.7, 2: 43.7, 3: 43.7, 4: 43.7, 5: 43.7, 6: 43.7}
2025-04-02 12:08:04,982 INFO: Running set_position_group for group 'Pivot_Group' with positions: 180
2025-04-02 12:08:04,987 INFO: Initialised Gait 2, waiting for 3 seconds
2025-04-02 12:08:07,558 INFO: Triangle pressed. Preparing to change to next gait: 2
2025-04-02 12:08:07,989 INFO: Setting operating mode 'multi_turn' for group 'Wheg_Group'
2025-04-02 12:08:07,990 INFO: Disabling torque for group Wheg_Group
2025-04-02 12:08:07,991 INFO: Enabling torque for group Wheg_Group
2025-04-02 12:08:07,993 INFO: Setting the profile velocity for group Wheg_Group from config.yaml: 10
2025-04-02 12:08:07,994 INFO: Profile velocities set for group Wheg_Group: {1: 43.7, 2: 43.7, 3: 43.7, 4: 43.7, 5: 43.7, 6: 43.7}
2025-04-02 12:08:07,994 INFO: Setting the profile velocity for group Wheg_Group from config.yaml: 10
2025-04-02 12:08:07,996 INFO: Profile velocities set for group Wheg_Group: {1: 43.7, 2: 43.7, 3: 43.7, 4: 43.7, 5: 43.7, 6: 43.7}
2025-04-02 12:08:07,996 INFO: New gait 2 is now active.
2025-04-02 12:08:09,340 INFO: Triangle pressed. Preparing to change to next gait: 3
2025-04-02 12:08:09,353 INFO: Initialsing Gait 3
2025-04-02 12:08:09,355 INFO: Running set_position_group for group 'Wheg_Group' with positions: {1: 200, 2: 160, 3: 160, 4: 200, 5: 160, 6: 160}
2025-04-02 12:08:09,362 WARNING: Motor 1 is not in Position Control Mode. Setting mode now.
2025-04-02 12:08:09,362 INFO: Setting operating mode 'position' for group 'Wheg_Group'
2025-04-02 12:08:09,363 INFO: Disabling torque for group Wheg_Group
2025-04-02 12:08:09,364 INFO: Enabling torque for group Wheg_Group
2025-04-02 12:08:09,369 INFO: Setting the profile velocity for group Wheg_Group from config.yaml: 10
2025-04-02 12:08:09,371 INFO: Profile velocities set for group Wheg_Group: {1: 43.7, 2: 43.7, 3: 43.7, 4: 43.7, 5: 43.7, 6: 43.7}
2025-04-02 12:08:09,372 INFO: Setting the profile velocity for group Wheg_Group from config.yaml: 10
2025-04-02 12:08:09,374 INFO: Profile velocities set for group Wheg_Group: {1: 43.7, 2: 43.7, 3: 43.7, 4: 43.7, 5: 43.7, 6: 43.7}
2025-04-02 12:08:09,377 INFO: Running set_position_group for group 'Pivot_Group' with positions: 180
2025-04-02 12:08:09,381 INFO: Initialised Gait 3, waiting for 3 seconds
2025-04-02 12:08:09,442 INFO: Triangle pressed. Preparing to change to next gait: 3
2025-04-02 12:08:12,385 INFO: Setting operating mode 'multi_turn' for group 'Wheg_Group'
2025-04-02 12:08:12,388 INFO: Disabling torque for group Wheg_Group
2025-04-02 12:08:12,392 INFO: Enabling torque for group Wheg_Group
2025-04-02 12:08:12,394 INFO: Setting the profile velocity for group Wheg_Group from config.yaml: 10
2025-04-02 12:08:12,397 INFO: Profile velocities set for group Wheg_Group: {1: 43.7, 2: 43.7, 3: 43.7, 4: 43.7, 5: 43.7, 6: 43.7}
2025-04-02 12:08:12,398 INFO: Setting the profile velocity for group Wheg_Group from config.yaml: 10
2025-04-02 12:08:12,402 INFO: Profile velocities set for group Wheg_Group: {1: 43.7, 2: 43.7, 3: 43.7, 4: 43.7, 5: 43.7, 6: 43.7}
2025-04-02 12:08:12,403 INFO: New gait 3 is now active.
2025-04-02 12:08:13,466 INFO: Triangle pressed. Preparing to change to next gait: 4
2025-04-02 12:08:13,479 INFO: Initialising Gait 4
2025-04-02 12:08:13,484 INFO: Direction data: {1: {'drive_mode': 0}, 2: {'drive_mode': 0}, 3: {'drive_mode': 0}}
2025-04-02 12:08:13,486 INFO: Disabling torque for group Left_Whegs
2025-04-02 12:08:13,488 INFO: Drive mode set for group Left_Whegs with reverse_direction={1: 1, 2: 1, 3: 1}
2025-04-02 12:08:13,489 INFO: Enabling torque for group Left_Whegs
2025-04-02 12:08:13,490 INFO: Setting the profile velocity for group Left_Whegs from config.yaml: None
2025-04-02 12:08:13,490 ERROR: Profile velocity for group Left_Whegs not found in config.yaml and no value was provided.
2025-04-02 12:08:13,491 WARNING: Reversed the direction of the left whegs
2025-04-02 12:08:13,492 INFO: Running set_position_group for group 'Wheg_Group' with positions: {1: 160, 2: 200, 3: 160, 4: 200, 5: 160, 6: 200}
2025-04-02 12:08:13,499 WARNING: Motor 1 is not in Position Control Mode. Setting mode now.
2025-04-02 12:08:13,500 INFO: Setting operating mode 'position' for group 'Wheg_Group'
2025-04-02 12:08:13,500 INFO: Disabling torque for group Wheg_Group
2025-04-02 12:08:13,503 INFO: Enabling torque for group Wheg_Group
2025-04-02 12:08:13,504 INFO: Setting the profile velocity for group Wheg_Group from config.yaml: 10
2025-04-02 12:08:13,506 INFO: Profile velocities set for group Wheg_Group: {1: 43.7, 2: 43.7, 3: 43.7, 4: 43.7, 5: 43.7, 6: 43.7}
2025-04-02 12:08:13,507 INFO: Setting the profile velocity for group Wheg_Group from config.yaml: 10
2025-04-02 12:08:13,509 INFO: Profile velocities set for group Wheg_Group: {1: 43.7, 2: 43.7, 3: 43.7, 4: 43.7, 5: 43.7, 6: 43.7}
2025-04-02 12:08:13,510 INFO: Running set_position_group for group 'Pivot_Group' with positions: 180
2025-04-02 12:08:13,514 INFO: Initialised Gait 4, waiting for 3 seconds
2025-04-02 12:08:13,571 INFO: Triangle pressed. Preparing to change to next gait: 4
2025-04-02 12:08:16,516 INFO: Setting operating mode 'multi_turn' for group 'Wheg_Group'
2025-04-02 12:08:16,516 INFO: Disabling torque for group Wheg_Group
2025-04-02 12:08:16,518 INFO: Enabling torque for group Wheg_Group
2025-04-02 12:08:16,519 INFO: Setting the profile velocity for group Wheg_Group from config.yaml: 10
2025-04-02 12:08:16,521 INFO: Profile velocities set for group Wheg_Group: {1: 43.7, 2: 43.7, 3: 43.7, 4: 43.7, 5: 43.7, 6: 43.7}
2025-04-02 12:08:16,522 INFO: Setting the profile velocity for group Wheg_Group from config.yaml: 10
2025-04-02 12:08:16,528 INFO: Profile velocities set for group Wheg_Group: {1: 43.7, 2: 43.7, 3: 43.7, 4: 43.7, 5: 43.7, 6: 43.7}
2025-04-02 12:08:16,531 INFO: New gait 4 is now active.
2025-04-02 12:08:18,210 INFO: Triangle pressed. Preparing to change to next gait: 1
2025-04-02 12:08:18,223 INFO: Initialising Gait 1
2025-04-02 12:08:18,224 INFO: Disabling torque for group Wheg_Group
2025-04-02 12:08:18,225 INFO: Drive mode set for group Wheg_Group with reverse_direction={1: 0, 2: 0, 3: 0, 4: 0, 5: 0, 6: 0}
2025-04-02 12:08:18,226 INFO: Enabling torque for group Wheg_Group
2025-04-02 12:08:18,227 INFO: Setting the profile velocity for group Wheg_Group from config.yaml: 10
2025-04-02 12:08:18,228 INFO: Profile velocities set for group Wheg_Group: {1: 43.7, 2: 43.7, 3: 43.7, 4: 43.7, 5: 43.7, 6: 43.7}
2025-04-02 12:08:18,228 WARNING: Set direction of whegs to forward
2025-04-02 12:08:18,229 WARNING: Direction set for all whegs
2025-04-02 12:08:18,229 INFO: Running set_position_group for group 'Wheg_Group' with positions: {1: 200, 2: 200, 3: 200, 4: 200, 5: 200, 6: 200}
2025-04-02 12:08:18,236 WARNING: Motor 1 is not in Position Control Mode. Setting mode now.
2025-04-02 12:08:18,237 INFO: Setting operating mode 'position' for group 'Wheg_Group'
2025-04-02 12:08:18,237 INFO: Disabling torque for group Wheg_Group
2025-04-02 12:08:18,239 INFO: Enabling torque for group Wheg_Group
2025-04-02 12:08:18,241 INFO: Setting the profile velocity for group Wheg_Group from config.yaml: 10
2025-04-02 12:08:18,243 INFO: Profile velocities set for group Wheg_Group: {1: 43.7, 2: 43.7, 3: 43.7, 4: 43.7, 5: 43.7, 6: 43.7}
2025-04-02 12:08:18,244 INFO: Setting the profile velocity for group Wheg_Group from config.yaml: 10
2025-04-02 12:08:18,246 INFO: Profile velocities set for group Wheg_Group: {1: 43.7, 2: 43.7, 3: 43.7, 4: 43.7, 5: 43.7, 6: 43.7}
2025-04-02 12:08:18,248 INFO: Running set_position_group for group 'Pivot_Group' with positions: 180
2025-04-02 12:08:18,254 INFO: Initialised Gait 1, waiting for 3 seconds
2025-04-02 12:08:18,254 INFO: Running set_position_group for group 'Wheg_Group' with positions: 180
2025-04-02 12:08:18,261 INFO: Running set_position_group for group 'Pivot_Group' with positions: 180
2025-04-02 12:08:18,265 INFO: Initialised Gait 1, waiting for 3 seconds
2025-04-02 12:08:21,290 INFO: Setting operating mode 'multi_turn' for group 'Wheg_Group'
2025-04-02 12:08:21,291 INFO: Disabling torque for group Wheg_Group
2025-04-02 12:08:21,295 INFO: Enabling torque for group Wheg_Group
2025-04-02 12:08:21,300 INFO: Setting the profile velocity for group Wheg_Group from config.yaml: 10
2025-04-02 12:08:21,303 INFO: Profile velocities set for group Wheg_Group: {1: 43.7, 2: 43.7, 3: 43.7, 4: 43.7, 5: 43.7, 6: 43.7}
2025-04-02 12:08:21,308 INFO: Setting the profile velocity for group Wheg_Group from config.yaml: 10
2025-04-02 12:08:21,313 INFO: Profile velocities set for group Wheg_Group: {1: 43.7, 2: 43.7, 3: 43.7, 4: 43.7, 5: 43.7, 6: 43.7}
2025-04-02 12:08:21,317 INFO: New gait 1 is now active.
2025-04-02 12:08:21,821 INFO: Profile velocities set for group Wheg_Group: {1: 87.4, 2: 87.4, 3: 87.4, 4: 87.4, 5: 87.4, 6: 87.4}
2025-04-02 12:08:21,822 INFO: Incrementing motor positions by 360 degrees for group 'Wheg_Group'
2025-04-02 12:08:21,838 INFO: Gait 1 step executed at 20.00RPM, wait for 3.00 seconds
2025-04-02 12:10:45,174 INFO: Initiating safe shutdown...
2025-04-02 12:10:45,187 INFO: Setting operating mode 'velocity' for group 'All_Motors'
2025-04-02 12:10:45,187 INFO: Disabling torque for group All_Motors
2025-04-02 12:10:45,192 INFO: Enabling torque for group All_Motors
2025-04-02 12:10:45,193 INFO: Setting the profile velocity for group All_Motors from config.yaml: 8
2025-04-02 12:10:45,196 INFO: Profile velocities set for group All_Motors: {1: 34.96, 2: 34.96, 3: 34.96, 4: 34.96, 5: 34.96, 6: 34.96, 7: 34.96, 8: 34.96}
2025-04-02 12:10:45,197 WARNING: Velocity limit 200 exceeds hard limit 100. Limiting to 100.
2025-04-02 12:10:45,198 INFO: Velocity limit set to 100 for group All_Motors
2025-04-02 12:10:45,199 INFO: Enabling torque for group All_Motors
2025-04-02 12:10:45,200 INFO: Setting the profile velocity for group All_Motors from config.yaml: 8
2025-04-02 12:10:45,201 INFO: Profile velocities set for group All_Motors: {1: 34.96, 2: 34.96, 3: 34.96, 4: 34.96, 5: 34.96, 6: 34.96, 7: 34.96, 8: 34.96}
2025-04-02 12:10:45,202 INFO: Target velocities set for group All_Motors: {1: 0, 2: 0, 3: 0, 4: 0, 5: 0, 6: 0, 7: 0, 8: 0}
2025-04-02 12:10:45,203 INFO: Running set_position_group for group 'All_Motors' with positions: 180
2025-04-02 12:10:45,213 WARNING: Motor 1 is not in Position Control Mode. Setting mode now.
2025-04-02 12:10:45,219 INFO: Setting operating mode 'position' for group 'All_Motors'
2025-04-02 12:10:45,220 INFO: Disabling torque for group All_Motors
2025-04-02 12:10:45,221 INFO: Enabling torque for group All_Motors
2025-04-02 12:10:45,222 INFO: Setting the profile velocity for group All_Motors from config.yaml: 8
2025-04-02 12:10:45,225 INFO: Profile velocities set for group All_Motors: {1: 34.96, 2: 34.96, 3: 34.96, 4: 34.96, 5: 34.96, 6: 34.96, 7: 34.96, 8: 34.96}
2025-04-02 12:10:45,226 INFO: Setting the profile velocity for group All_Motors from config.yaml: 8
2025-04-02 12:10:45,227 INFO: Profile velocities set for group All_Motors: {1: 34.96, 2: 34.96, 3: 34.96, 4: 34.96, 5: 34.96, 6: 34.96, 7: 34.96, 8: 34.96}
2025-04-02 12:10:45,228 INFO: Closing PS4Controller and quitting pygame
2025-04-02 12:10:45,349 INFO: Port closed successfully.
2025-04-02 12:10:45,349 INFO: Shutdown complete.
2025-04-02 12:10:45,350 ERROR: Error checking hardware errors: Attempting to use a port that is not open
