2024-10-28 20:47:50,602 INFO: Initializing PS4Controller
2024-10-28 20:47:50,875 INFO: Configuration loaded successfully
2024-10-28 20:47:50,879 INFO: Port /dev/ttyACM0 opened successfully
2024-10-28 20:47:50,889 INFO: Baudrate set to 1000000
2024-10-28 20:47:50,890 INFO: Control table loaded successfully.
2024-10-28 20:47:50,890 INFO: Motor group 'Pivot_Group' created with motors: [7, 8]
2024-10-28 20:47:50,891 INFO: Motor group 'Wheg_Group' created with motors: [1, 2, 3, 4, 5, 6]
2024-10-28 20:47:50,892 INFO: Motor group 'All_Motors' created with motors: [1, 2, 3, 4, 5, 6, 7, 8]
2024-10-28 20:47:50,893 INFO: Motor group 'Left_Whegs' created with motors: [1, 2, 3]
2024-10-28 20:47:50,893 INFO: Motor group 'Right_Whegs' created with motors: [4, 5, 6]
2024-10-28 20:47:50,894 INFO: Motor group 'Front_Whegs' created with motors: [3, 6]
2024-10-28 20:47:50,894 INFO: Motor group 'Rear_Whegs' created with motors: [1, 4]
2024-10-28 20:47:50,894 INFO: Motor group 'Middle_Whegs' created with motors: [2, 5]
2024-10-28 20:47:50,895 INFO: Motor group 'Two_Right_One_Left' created with motors: [2, 4, 6]
2024-10-28 20:47:50,895 INFO: Motor group 'Two_Left_One_Right' created with motors: [5, 1, 3]
2024-10-28 20:47:50,895 INFO: Initialised PS4 controller, Dynamixel, and Robot State
2024-10-28 20:47:51,055 INFO: Initialised Streamlit dashboard
2024-10-28 20:47:51,056 INFO: Disabling torque for group Right_Whegs
2024-10-28 20:47:51,059 INFO: Drive mode set for group Right_Whegs with reverse_direction=True
2024-10-28 20:47:51,060 INFO: Enabling torque for group Right_Whegs
2024-10-28 20:47:51,064 INFO: Motor 4 drive mode correctly set to reverse
2024-10-28 20:47:51,065 INFO: Motor 5 drive mode correctly set to reverse
2024-10-28 20:47:51,065 INFO: Motor 6 drive mode correctly set to reverse
2024-10-28 20:47:51,066 INFO: Disabling torque for group Left_Whegs
2024-10-28 20:47:51,067 INFO: Drive mode set for group Left_Whegs with reverse_direction=False
2024-10-28 20:47:51,067 INFO: Enabling torque for group Left_Whegs
2024-10-28 20:47:51,072 INFO: Motor 1 drive mode correctly set to normal
2024-10-28 20:47:51,073 INFO: Motor 2 drive mode correctly set to normal
2024-10-28 20:47:51,074 INFO: Motor 3 drive mode correctly set to normal
2024-10-28 20:47:51,075 INFO: Set the right side whegs to reverse direction
2024-10-28 20:47:51,075 INFO: Disabling torque for group Pivot_Group
2024-10-28 20:47:51,076 INFO: Drive mode set for group Pivot_Group with reverse_direction=False
2024-10-28 20:47:51,076 INFO: Enabling torque for group Pivot_Group
2024-10-28 20:47:51,080 INFO: Motor 7 drive mode correctly set to normal
2024-10-28 20:47:51,080 INFO: Motor 8 drive mode correctly set to normal
2024-10-28 20:47:51,082 INFO: Position limits set for group Pivot_Group: min=90° (ticks=1023), max=270° (ticks=3071)
2024-10-28 20:47:51,082 INFO: Set position limits for the pivot motors
2024-10-28 20:47:51,084 INFO: Initialising Gait 1
2024-10-28 20:47:51,084 INFO: Running set_position_group for group 'Wheg_Group' with positions: 180
2024-10-28 20:47:51,090 INFO: Running set_position_group for group 'Pivot_Group' with positions: 180
2024-10-28 20:47:51,093 INFO: Initialised Gait 1, waiting for 3 seconds
2024-10-28 20:47:51,154 INFO: Motor     Position (degrees)       Velocity (RPM)      Load (%)  
2024-10-28 20:47:51,154 INFO: 1         179.82                   0.23                1.1       
2024-10-28 20:47:51,154 INFO: 2         179.82                   0.00                1.0       
2024-10-28 20:47:51,155 INFO: 3         179.21                   0.23                1.2       
2024-10-28 20:47:51,155 INFO: 4         179.82                   0.46                0.9       
2024-10-28 20:47:51,156 INFO: 5         179.82                   0.23                0.5       
2024-10-28 20:47:51,156 INFO: 6         179.82                   0.00                0.0       
2024-10-28 20:47:51,156 INFO: 7         179.91                   0.00                0.0       
2024-10-28 20:47:51,157 INFO: 8         180.35                   0.00                -3.3      
2024-10-28 20:47:55,363 INFO: Setting operating mode 'multi_turn' for group 'Wheg_Group'
2024-10-28 20:47:55,364 INFO: Disabling torque for group Wheg_Group
2024-10-28 20:47:55,365 INFO: Enabling torque for group Wheg_Group
2024-10-28 20:47:55,366 INFO: Setting the profile velocity for group Wheg_Group from config.yaml: 10
2024-10-28 20:47:55,367 INFO: Profile velocities set for group Wheg_Group: {1: 43.7, 2: 43.7, 3: 43.7, 4: 43.7, 5: 43.7, 6: 43.7}
2024-10-28 20:47:55,368 INFO: New gait 1 is now active.
2024-10-28 20:47:56,749 INFO: Profile velocities set for group Wheg_Group: {1: 21.85, 2: 21.85, 3: 21.85, 4: 21.85, 5: 21.85, 6: 21.85}
2024-10-28 20:47:56,750 INFO: Incrementing motor positions by 360 degrees for group 'Wheg_Group'
2024-10-28 20:47:56,761 INFO: Gait 1 step executed at 5.00RPM, wait for 12.00 seconds
2024-10-28 20:47:56,820 INFO: Motor     Position (degrees)       Velocity (RPM)      Load (%)  
2024-10-28 20:47:56,821 INFO: 1         179.82                   0.23                1.4       
2024-10-28 20:47:56,822 INFO: 2         179.82                   0.00                1.5       
2024-10-28 20:47:56,822 INFO: 3         179.21                   0.23                1.5       
2024-10-28 20:47:56,822 INFO: 4         179.74                   0.23                1.5       
2024-10-28 20:47:56,823 INFO: 5         179.74                   0.23                1.4       
2024-10-28 20:47:56,823 INFO: 6         179.91                   0.69                1.4       
2024-10-28 20:47:56,824 INFO: 7         179.91                   0.00                0.0       
2024-10-28 20:47:56,824 INFO: 8         180.35                   0.00                -2.9      
2024-10-28 20:48:02,336 INFO: Motor     Position (degrees)       Velocity (RPM)      Load (%)  
2024-10-28 20:48:02,337 INFO: 1         339.61                   4.81                1.2       
2024-10-28 20:48:02,337 INFO: 2         338.03                   4.81                1.2       
2024-10-28 20:48:02,338 INFO: 3         338.55                   5.04                1.3       
2024-10-28 20:48:02,339 INFO: 4         338.99                   5.04                1.3       
2024-10-28 20:48:02,339 INFO: 5         338.20                   5.04                1.2       
2024-10-28 20:48:02,340 INFO: 6         337.41                   4.81                1.4       
2024-10-28 20:48:02,340 INFO: 7         179.91                   0.00                0.0       
2024-10-28 20:48:02,341 INFO: 8         180.35                   0.00                -2.9      
2024-10-28 20:48:07,871 INFO: Motor     Position (degrees)       Velocity (RPM)      Load (%)  
2024-10-28 20:48:07,871 INFO: 1         139.87                   5.04                1.2       
2024-10-28 20:48:07,872 INFO: 2         139.08                   4.81                1.3       
2024-10-28 20:48:07,872 INFO: 3         138.81                   4.81                1.4       
2024-10-28 20:48:07,873 INFO: 4         139.96                   5.04                1.3       
2024-10-28 20:48:07,873 INFO: 5         139.69                   4.81                1.2       
2024-10-28 20:48:07,874 INFO: 6         139.08                   4.81                1.5       
2024-10-28 20:48:07,874 INFO: 7         179.91                   0.00                0.0       
2024-10-28 20:48:07,874 INFO: 8         180.35                   0.00                -2.9      
2024-10-28 20:48:13,409 INFO: Motor     Position (degrees)       Velocity (RPM)      Load (%)  
2024-10-28 20:48:13,410 INFO: 1         180.74                   0.23                1.1       
2024-10-28 20:48:13,410 INFO: 2         180.30                   0.23                1.1       
2024-10-28 20:48:13,411 INFO: 3         179.59                   0.23                1.2       
2024-10-28 20:48:13,411 INFO: 4         180.56                   0.23                1.0       
2024-10-28 20:48:13,412 INFO: 5         180.56                   0.00                0.6       
2024-10-28 20:48:13,412 INFO: 6         180.65                   0.00                0.0       
2024-10-28 20:48:13,413 INFO: 7         179.91                   0.00                0.0       
2024-10-28 20:48:13,413 INFO: 8         180.35                   0.00                -2.9      
2024-10-28 20:48:14,766 INFO: Profile velocities set for group Wheg_Group: {1: 21.85, 2: 21.85, 3: 21.85, 4: 21.85, 5: 21.85, 6: 21.85}
2024-10-28 20:48:14,766 INFO: Incrementing motor positions by 360 degrees for group 'Wheg_Group'
2024-10-28 20:48:14,777 INFO: Gait 1 step executed at 5.00RPM, wait for 12.00 seconds
2024-10-28 20:48:18,940 INFO: Motor     Position (degrees)       Velocity (RPM)      Load (%)  
2024-10-28 20:48:18,940 INFO: 1         299.21                   5.04                1.5       
2024-10-28 20:48:18,941 INFO: 2         298.07                   5.04                1.6       
2024-10-28 20:48:18,941 INFO: 3         297.98                   5.04                1.7       
2024-10-28 20:48:18,942 INFO: 4         298.69                   5.04                1.6       
2024-10-28 20:48:18,942 INFO: 5         298.07                   4.81                1.5       
2024-10-28 20:48:18,942 INFO: 6         297.72                   4.81                1.8       
2024-10-28 20:48:18,943 INFO: 7         179.91                   0.00                0.0       
2024-10-28 20:48:18,943 INFO: 8         180.35                   0.00                -2.9      
2024-10-28 20:48:24,477 INFO: Motor     Position (degrees)       Velocity (RPM)      Load (%)  
2024-10-28 20:48:24,478 INFO: 1         100.53                   4.58                1.2       
2024-10-28 20:48:24,478 INFO: 2         99.21                    4.58                1.2       
2024-10-28 20:48:24,479 INFO: 3         99.21                    5.04                1.2       
2024-10-28 20:48:24,479 INFO: 4         100.61                   5.04                1.2       
2024-10-28 20:48:24,480 INFO: 5         99.73                    4.81                1.1       
2024-10-28 20:48:24,481 INFO: 6         99.29                    4.81                1.3       
2024-10-28 20:48:24,481 INFO: 7         179.91                   0.00                0.0       
2024-10-28 20:48:24,481 INFO: 8         180.35                   0.00                -2.9      
2024-10-28 20:48:30,007 INFO: Motor     Position (degrees)       Velocity (RPM)      Load (%)  
2024-10-28 20:48:30,008 INFO: 1         181.47                   0.23                0.6       
2024-10-28 20:48:30,008 INFO: 2         181.21                   0.23                1.1       
2024-10-28 20:48:30,009 INFO: 3         180.07                   0.23                1.2       
2024-10-28 20:48:30,010 INFO: 4         181.30                   0.00                0.1       
2024-10-28 20:48:30,010 INFO: 5         181.30                   0.00                0.1       
2024-10-28 20:48:30,011 INFO: 6         181.65                   0.23                0.3       
2024-10-28 20:48:30,011 INFO: 7         179.91                   0.00                0.0       
2024-10-28 20:48:30,012 INFO: 8         180.35                   0.00                -2.9      
2024-10-28 20:48:35,536 INFO: Motor     Position (degrees)       Velocity (RPM)      Load (%)  
2024-10-28 20:48:35,536 INFO: 1         181.56                   0.00                1.1       
2024-10-28 20:48:35,537 INFO: 2         181.12                   0.23                0.8       
2024-10-28 20:48:35,537 INFO: 3         180.24                   0.23                1.2       
2024-10-28 20:48:35,538 INFO: 4         181.38                   0.23                0.3       
2024-10-28 20:48:35,538 INFO: 5         181.38                   0.46                0.1       
2024-10-28 20:48:35,539 INFO: 6         181.65                   0.00                0.3       
2024-10-28 20:48:35,539 INFO: 7         179.91                   0.00                0.0       
2024-10-28 20:48:35,540 INFO: 8         180.35                   0.00                -2.9      
2024-10-28 20:48:41,067 INFO: Motor     Position (degrees)       Velocity (RPM)      Load (%)  
2024-10-28 20:48:41,067 INFO: 1         181.56                   0.23                0.9       
2024-10-28 20:48:41,068 INFO: 2         181.12                   0.23                0.1       
2024-10-28 20:48:41,068 INFO: 3         180.24                   0.23                1.2       
2024-10-28 20:48:41,069 INFO: 4         181.30                   0.00                0.6       
2024-10-28 20:48:41,070 INFO: 5         181.38                   0.23                0.4       
2024-10-28 20:48:41,070 INFO: 6         181.65                   0.00                0.0       
2024-10-28 20:48:41,070 INFO: 7         179.91                   0.00                0.0       
2024-10-28 20:48:41,071 INFO: 8         180.35                   0.00                -2.9      
2024-10-28 20:48:42,384 INFO: Initiating safe shutdown...
2024-10-28 20:48:42,385 INFO: Setting operating mode 'velocity' for group 'All_Motors'
2024-10-28 20:48:42,386 INFO: Disabling torque for group All_Motors
2024-10-28 20:48:42,387 INFO: Enabling torque for group All_Motors
2024-10-28 20:48:42,387 WARNING: Velocity limit 200 exceeds hard limit 100. Limiting to 100.
2024-10-28 20:48:42,388 INFO: Velocity limit set to 100 for group All_Motors
2024-10-28 20:48:42,389 INFO: Enabling torque for group All_Motors
2024-10-28 20:48:42,390 INFO: Target velocities set for group All_Motors: {1: 0, 2: 0, 3: 0, 4: 0, 5: 0, 6: 0, 7: 0, 8: 0}
2024-10-28 20:48:42,390 INFO: Running set_position_group for group 'All_Motors' with positions: 180
2024-10-28 20:48:42,397 WARNING: Motor 1 is not in Position Control Mode. Setting mode now.
2024-10-28 20:48:42,398 INFO: Setting operating mode 'position' for group 'All_Motors'
2024-10-28 20:48:42,399 INFO: Disabling torque for group All_Motors
2024-10-28 20:48:42,400 INFO: Enabling torque for group All_Motors
2024-10-28 20:48:42,401 INFO: Setting the profile velocity for group All_Motors from config.yaml: 5
2024-10-28 20:48:42,401 INFO: Profile velocities set for group All_Motors: {1: 21.85, 2: 21.85, 3: 21.85, 4: 21.85, 5: 21.85, 6: 21.85, 7: 21.85, 8: 21.85}
2024-10-28 20:48:42,402 INFO: Closing PS4Controller and quitting pygame
2024-10-28 20:48:42,481 INFO: Port closed successfully.
2024-10-28 20:48:42,481 INFO: Shutdown complete.
2024-10-28 20:48:42,482 ERROR: Controller connection lost!
2024-10-28 20:48:42,482 ERROR: Controller is disconnected.
2024-10-28 20:48:42,482 ERROR: Controller connection lost!
2024-10-28 20:48:42,483 ERROR: Controller is disconnected.
2024-10-28 20:48:42,484 ERROR: Controller connection lost!
2024-10-28 20:48:42,484 ERROR: Controller is disconnected.
2024-10-28 20:48:42,484 ERROR: Error while logging robot states: Attempting to use a port that is not open
2024-10-28 20:48:42,485 ERROR: Error controlling pivots: 'NoneType' object is not subscriptable
