2024-10-29 11:54:08,800 INFO: Initializing PS4Controller
2024-10-29 11:54:09,081 INFO: Configuration loaded successfully
2024-10-29 11:54:09,083 INFO: Port /dev/ttyACM0 opened successfully
2024-10-29 11:54:09,093 INFO: Baudrate set to 1000000
2024-10-29 11:54:09,094 INFO: Control table loaded successfully.
2024-10-29 11:54:09,094 INFO: Motor group 'Pivot_Group' created with motors: [7, 8]
2024-10-29 11:54:09,095 INFO: Motor group 'Wheg_Group' created with motors: [1, 2, 3, 4, 5, 6]
2024-10-29 11:54:09,095 INFO: Motor group 'All_Motors' created with motors: [1, 2, 3, 4, 5, 6, 7, 8]
2024-10-29 11:54:09,096 INFO: Motor group 'Left_Whegs' created with motors: [1, 2, 3]
2024-10-29 11:54:09,096 INFO: Motor group 'Right_Whegs' created with motors: [4, 5, 6]
2024-10-29 11:54:09,097 INFO: Motor group 'Front_Whegs' created with motors: [3, 6]
2024-10-29 11:54:09,098 INFO: Motor group 'Rear_Whegs' created with motors: [1, 4]
2024-10-29 11:54:09,098 INFO: Motor group 'Middle_Whegs' created with motors: [2, 5]
2024-10-29 11:54:09,099 INFO: Motor group 'Two_Right_One_Left' created with motors: [2, 4, 6]
2024-10-29 11:54:09,099 INFO: Motor group 'Two_Left_One_Right' created with motors: [5, 1, 3]
2024-10-29 11:54:09,100 INFO: Initialised PS4 controller, Dynamixel, and Robot State
2024-10-29 11:54:09,255 INFO: Disabling torque for group Right_Whegs
2024-10-29 11:54:09,257 INFO: Drive mode set for group Right_Whegs with reverse_direction=True
2024-10-29 11:54:09,258 INFO: Enabling torque for group Right_Whegs
2024-10-29 11:54:09,260 INFO: Setting the profile velocity for group Right_Whegs from config.yaml: None
2024-10-29 11:54:09,262 ERROR: Profile velocity for group Right_Whegs not found in config.yaml and no value was provided.
2024-10-29 11:54:09,266 INFO: Profile velocities set for group Right_Whegs: {4: 21.85, 5: 21.85, 6: 21.85}
2024-10-29 11:54:09,267 INFO: Disabling torque for group Left_Whegs
2024-10-29 11:54:09,268 INFO: Drive mode set for group Left_Whegs with reverse_direction=False
2024-10-29 11:54:09,268 INFO: Enabling torque for group Left_Whegs
2024-10-29 11:54:09,269 INFO: Setting the profile velocity for group Left_Whegs from config.yaml: None
2024-10-29 11:54:09,269 ERROR: Profile velocity for group Left_Whegs not found in config.yaml and no value was provided.
2024-10-29 11:54:09,270 INFO: Profile velocities set for group Left_Whegs: {1: 21.85, 2: 21.85, 3: 21.85}
2024-10-29 11:54:09,271 INFO: Set the right side whegs to reverse direction
2024-10-29 11:54:09,271 INFO: Disabling torque for group Pivot_Group
2024-10-29 11:54:09,272 INFO: Drive mode set for group Pivot_Group with reverse_direction=False
2024-10-29 11:54:09,272 INFO: Enabling torque for group Pivot_Group
2024-10-29 11:54:09,273 INFO: Setting the profile velocity for group Pivot_Group from config.yaml: 4
2024-10-29 11:54:09,274 INFO: Profile velocities set for group Pivot_Group: {7: 17.48, 8: 17.48}
2024-10-29 11:54:09,275 INFO: Position limits set for group Pivot_Group: min=45° (ticks=511), max=315° (ticks=3583)
2024-10-29 11:54:09,275 INFO: Set position limits for the pivot motors
2024-10-29 11:54:09,284 INFO: Initialising Gait 1
2024-10-29 11:54:09,284 INFO: Running set_position_group for group 'Wheg_Group' with positions: 180
2024-10-29 11:54:09,290 INFO: Running set_position_group for group 'Pivot_Group' with positions: 180
2024-10-29 11:54:09,294 INFO: Initialised Gait 1, waiting for 3 seconds
2024-10-29 11:54:09,294 ERROR: Error controlling pivots: 'dpad_down'
2024-10-29 11:54:12,314 INFO: Setting operating mode 'multi_turn' for group 'Wheg_Group'
2024-10-29 11:54:12,315 INFO: Disabling torque for group Wheg_Group
2024-10-29 11:54:12,317 INFO: Enabling torque for group Wheg_Group
2024-10-29 11:54:12,320 INFO: Setting the profile velocity for group Wheg_Group from config.yaml: 10
2024-10-29 11:54:12,320 INFO: Profile velocities set for group Wheg_Group: {1: 43.7, 2: 43.7, 3: 43.7, 4: 43.7, 5: 43.7, 6: 43.7}
2024-10-29 11:54:12,321 INFO: Setting the profile velocity for group Wheg_Group from config.yaml: 10
2024-10-29 11:54:12,321 INFO: Profile velocities set for group Wheg_Group: {1: 43.7, 2: 43.7, 3: 43.7, 4: 43.7, 5: 43.7, 6: 43.7}
2024-10-29 11:54:12,322 INFO: New gait 1 is now active.
2024-10-29 11:54:19,127 INFO: Profile velocities set for group Wheg_Group: {1: 21.85, 2: 21.85, 3: 21.85, 4: 21.85, 5: 21.85, 6: 21.85}
2024-10-29 11:54:19,127 INFO: Incrementing motor positions by 360 degrees for group 'Wheg_Group'
2024-10-29 11:54:19,138 INFO: Gait 1 step executed at 5.00RPM, wait for 12.00 seconds
2024-10-29 11:54:21,688 INFO: R3 pressed. Turning mode requested
2024-10-29 11:54:31,173 INFO: Initialising Turn Mode
2024-10-29 11:54:31,174 INFO: Running set_position_group for group 'Wheg_Group' with positions: {1: 165, 2: 195, 3: 165, 4: 195, 5: 165, 6: 195}
2024-10-29 11:54:31,179 WARNING: Motor 1 is not in Position Control Mode. Setting mode now.
2024-10-29 11:54:31,180 INFO: Setting operating mode 'position' for group 'Wheg_Group'
2024-10-29 11:54:31,180 INFO: Disabling torque for group Wheg_Group
2024-10-29 11:54:31,181 INFO: Enabling torque for group Wheg_Group
2024-10-29 11:54:31,182 INFO: Setting the profile velocity for group Wheg_Group from config.yaml: 10
2024-10-29 11:54:31,183 INFO: Profile velocities set for group Wheg_Group: {1: 43.7, 2: 43.7, 3: 43.7, 4: 43.7, 5: 43.7, 6: 43.7}
2024-10-29 11:54:31,184 INFO: Setting the profile velocity for group Wheg_Group from config.yaml: 10
2024-10-29 11:54:31,185 INFO: Profile velocities set for group Wheg_Group: {1: 43.7, 2: 43.7, 3: 43.7, 4: 43.7, 5: 43.7, 6: 43.7}
2024-10-29 11:54:31,186 INFO: Running set_position_group for group 'Pivot_Group' with positions: 180
2024-10-29 11:54:31,190 INFO: Initialised turn mode, waiting for 3 seconds
2024-10-29 11:54:34,191 INFO: Setting operating mode 'multi_turn' for group 'Wheg_Group'
2024-10-29 11:54:34,191 INFO: Disabling torque for group Wheg_Group
2024-10-29 11:54:34,192 INFO: Enabling torque for group Wheg_Group
2024-10-29 11:54:34,193 INFO: Setting the profile velocity for group Wheg_Group from config.yaml: 10
2024-10-29 11:54:34,193 INFO: Profile velocities set for group Wheg_Group: {1: 43.7, 2: 43.7, 3: 43.7, 4: 43.7, 5: 43.7, 6: 43.7}
2024-10-29 11:54:34,194 INFO: Setting the profile velocity for group Wheg_Group from config.yaml: 10
2024-10-29 11:54:34,195 INFO: Profile velocities set for group Wheg_Group: {1: 43.7, 2: 43.7, 3: 43.7, 4: 43.7, 5: 43.7, 6: 43.7}
2024-10-29 11:54:34,195 INFO: Turn mode activated.
2024-10-29 11:54:34,218 WARNING: Direction of whegs is not set correctly. Setting the direction to turn right.
2024-10-29 11:54:34,218 INFO: Disabling torque for group Wheg_Group
2024-10-29 11:54:34,219 INFO: Drive mode set for group Wheg_Group with reverse_direction={1: 1, 2: 1, 3: 1, 4: 0, 5: 0, 6: 0}
2024-10-29 11:54:34,219 INFO: Enabling torque for group Wheg_Group
2024-10-29 11:54:34,220 INFO: Setting the profile velocity for group Wheg_Group from config.yaml: 10
2024-10-29 11:54:34,221 INFO: Profile velocities set for group Wheg_Group: {1: 43.7, 2: 43.7, 3: 43.7, 4: 43.7, 5: 43.7, 6: 43.7}
2024-10-29 11:54:34,221 WARNING: Direction of whegs set to turn left
2024-10-29 11:54:34,737 WARNING: Direction of whegs is not set correctly. Setting the direction to turn right.
2024-10-29 11:54:34,738 INFO: Disabling torque for group Wheg_Group
2024-10-29 11:54:34,738 INFO: Drive mode set for group Wheg_Group with reverse_direction={1: 1, 2: 1, 3: 1, 4: 0, 5: 0, 6: 0}
2024-10-29 11:54:34,739 INFO: Enabling torque for group Wheg_Group
2024-10-29 11:54:34,739 INFO: Setting the profile velocity for group Wheg_Group from config.yaml: 10
2024-10-29 11:54:34,740 INFO: Profile velocities set for group Wheg_Group: {1: 43.7, 2: 43.7, 3: 43.7, 4: 43.7, 5: 43.7, 6: 43.7}
2024-10-29 11:54:34,741 WARNING: Direction of whegs set to turn left
2024-10-29 11:54:35,273 WARNING: Direction of whegs is not set correctly. Setting the direction to turn right.
2024-10-29 11:54:35,274 INFO: Disabling torque for group Wheg_Group
2024-10-29 11:54:35,275 INFO: Drive mode set for group Wheg_Group with reverse_direction={1: 1, 2: 1, 3: 1, 4: 0, 5: 0, 6: 0}
2024-10-29 11:54:35,276 INFO: Enabling torque for group Wheg_Group
2024-10-29 11:54:35,278 INFO: Setting the profile velocity for group Wheg_Group from config.yaml: 10
2024-10-29 11:54:35,279 INFO: Profile velocities set for group Wheg_Group: {1: 43.7, 2: 43.7, 3: 43.7, 4: 43.7, 5: 43.7, 6: 43.7}
2024-10-29 11:54:35,279 WARNING: Direction of whegs set to turn left
2024-10-29 11:54:35,815 WARNING: Direction of whegs is not set correctly. Setting the direction to turn right.
2024-10-29 11:54:35,816 INFO: Disabling torque for group Wheg_Group
2024-10-29 11:54:35,819 INFO: Drive mode set for group Wheg_Group with reverse_direction={1: 1, 2: 1, 3: 1, 4: 0, 5: 0, 6: 0}
2024-10-29 11:54:35,820 INFO: Enabling torque for group Wheg_Group
2024-10-29 11:54:35,820 INFO: Setting the profile velocity for group Wheg_Group from config.yaml: 10
2024-10-29 11:54:35,821 INFO: Profile velocities set for group Wheg_Group: {1: 43.7, 2: 43.7, 3: 43.7, 4: 43.7, 5: 43.7, 6: 43.7}
2024-10-29 11:54:35,822 WARNING: Direction of whegs set to turn left
2024-10-29 11:54:36,360 WARNING: Direction of whegs is not set correctly. Setting the direction to turn right.
2024-10-29 11:54:36,360 INFO: Disabling torque for group Wheg_Group
2024-10-29 11:54:36,364 INFO: Drive mode set for group Wheg_Group with reverse_direction={1: 1, 2: 1, 3: 1, 4: 0, 5: 0, 6: 0}
2024-10-29 11:54:36,364 INFO: Enabling torque for group Wheg_Group
2024-10-29 11:54:36,366 INFO: Setting the profile velocity for group Wheg_Group from config.yaml: 10
2024-10-29 11:54:36,367 INFO: Profile velocities set for group Wheg_Group: {1: 43.7, 2: 43.7, 3: 43.7, 4: 43.7, 5: 43.7, 6: 43.7}
2024-10-29 11:54:36,367 WARNING: Direction of whegs set to turn left
2024-10-29 11:54:36,900 WARNING: Direction of whegs is not set correctly. Setting the direction to turn right.
2024-10-29 11:54:36,901 INFO: Disabling torque for group Wheg_Group
2024-10-29 11:54:36,902 INFO: Drive mode set for group Wheg_Group with reverse_direction={1: 1, 2: 1, 3: 1, 4: 0, 5: 0, 6: 0}
2024-10-29 11:54:36,902 INFO: Enabling torque for group Wheg_Group
2024-10-29 11:54:36,903 INFO: Setting the profile velocity for group Wheg_Group from config.yaml: 10
2024-10-29 11:54:36,904 INFO: Profile velocities set for group Wheg_Group: {1: 43.7, 2: 43.7, 3: 43.7, 4: 43.7, 5: 43.7, 6: 43.7}
2024-10-29 11:54:36,904 WARNING: Direction of whegs set to turn left
2024-10-29 11:54:37,433 WARNING: Motors are not in the correct positions for Gait 4. Positions: {1: 195.205078125, 2: 166.2890625, 3: 166.2890625, 4: 195.029296875, 5: 195.29296875, 6: 165.498046875}
2024-10-29 11:54:37,434 WARNING: Waiting for 1 second before checking for movement
2024-10-29 11:54:37,541 CRITICAL: Motors are not moving, reseting positions, and waiting for 3 seconds.
2024-10-29 11:54:37,541 INFO: Running set_position_group for group 'Wheg_Group' with positions: {1: 165, 2: 195, 3: 165, 4: 195, 5: 165, 6: 195}
2024-10-29 11:54:37,547 WARNING: Motor 1 is not in Position Control Mode. Setting mode now.
2024-10-29 11:54:37,547 INFO: Setting operating mode 'position' for group 'Wheg_Group'
2024-10-29 11:54:37,548 INFO: Disabling torque for group Wheg_Group
2024-10-29 11:54:37,549 INFO: Enabling torque for group Wheg_Group
2024-10-29 11:54:37,549 INFO: Setting the profile velocity for group Wheg_Group from config.yaml: 10
2024-10-29 11:54:37,551 INFO: Profile velocities set for group Wheg_Group: {1: 43.7, 2: 43.7, 3: 43.7, 4: 43.7, 5: 43.7, 6: 43.7}
2024-10-29 11:54:37,551 INFO: Setting the profile velocity for group Wheg_Group from config.yaml: 10
2024-10-29 11:54:37,552 INFO: Profile velocities set for group Wheg_Group: {1: 43.7, 2: 43.7, 3: 43.7, 4: 43.7, 5: 43.7, 6: 43.7}
2024-10-29 11:54:40,583 INFO: Setting operating mode 'multi_turn' for group 'Wheg_Group'
2024-10-29 11:54:40,584 INFO: Disabling torque for group Wheg_Group
2024-10-29 11:54:40,587 INFO: Enabling torque for group Wheg_Group
2024-10-29 11:54:40,589 INFO: Setting the profile velocity for group Wheg_Group from config.yaml: 10
2024-10-29 11:54:40,590 INFO: Profile velocities set for group Wheg_Group: {1: 43.7, 2: 43.7, 3: 43.7, 4: 43.7, 5: 43.7, 6: 43.7}
2024-10-29 11:54:40,591 INFO: Setting the profile velocity for group Wheg_Group from config.yaml: 10
2024-10-29 11:54:40,591 INFO: Profile velocities set for group Wheg_Group: {1: 43.7, 2: 43.7, 3: 43.7, 4: 43.7, 5: 43.7, 6: 43.7}
2024-10-29 11:54:40,592 INFO: Profile velocities set for group Wheg_Group: {1: 8.74, 2: 96.14, 3: 8.74, 4: 96.14, 5: 8.74, 6: 96.14}
2024-10-29 11:54:40,592 INFO: Incrementing motor positions by {1: 30, 2: 330, 3: 30, 4: 330, 5: 30, 6: 330} degrees for group 'Wheg_Group'
2024-10-29 11:54:40,603 INFO: Gait 4 step executed at 2.00RPM, wait for 2.52 seconds
2024-10-29 11:54:43,143 WARNING: Direction of whegs is not set correctly. Setting the direction to turn right.
2024-10-29 11:54:43,144 INFO: Disabling torque for group Wheg_Group
2024-10-29 11:54:43,145 INFO: Drive mode set for group Wheg_Group with reverse_direction={1: 1, 2: 1, 3: 1, 4: 0, 5: 0, 6: 0}
2024-10-29 11:54:43,146 INFO: Enabling torque for group Wheg_Group
2024-10-29 11:54:43,147 INFO: Setting the profile velocity for group Wheg_Group from config.yaml: 10
2024-10-29 11:54:43,148 INFO: Profile velocities set for group Wheg_Group: {1: 43.7, 2: 43.7, 3: 43.7, 4: 43.7, 5: 43.7, 6: 43.7}
2024-10-29 11:54:43,149 WARNING: Direction of whegs set to turn left
2024-10-29 11:54:43,672 INFO: Profile velocities set for group Wheg_Group: {1: 126.4888818359375, 2: 11.4989892578125, 3: 126.4888818359375, 4: 11.4989892578125, 5: 126.4888818359375, 6: 11.4989892578125}
2024-10-29 11:54:43,673 INFO: Incrementing motor positions by {1: 330, 2: 30, 3: 330, 4: 30, 5: 330, 6: 30} degrees for group 'Wheg_Group'
2024-10-29 11:54:43,683 INFO: Gait 4 step executed at 2.63RPM, wait for 1.93 seconds
2024-10-29 11:54:45,622 WARNING: Direction of whegs is not set correctly. Setting the direction to turn right.
2024-10-29 11:54:45,622 INFO: Disabling torque for group Wheg_Group
2024-10-29 11:54:45,623 INFO: Drive mode set for group Wheg_Group with reverse_direction={1: 0, 2: 0, 3: 0, 4: 1, 5: 1, 6: 1}
2024-10-29 11:54:45,623 INFO: Enabling torque for group Wheg_Group
2024-10-29 11:54:45,624 INFO: Setting the profile velocity for group Wheg_Group from config.yaml: 10
2024-10-29 11:54:45,625 INFO: Profile velocities set for group Wheg_Group: {1: 43.7, 2: 43.7, 3: 43.7, 4: 43.7, 5: 43.7, 6: 43.7}
2024-10-29 11:54:45,625 WARNING: Direction of whegs set to turn right
2024-10-29 11:54:46,138 WARNING: Direction of whegs is not set correctly. Setting the direction to turn right.
2024-10-29 11:54:46,139 INFO: Disabling torque for group Wheg_Group
2024-10-29 11:54:46,140 INFO: Drive mode set for group Wheg_Group with reverse_direction={1: 0, 2: 0, 3: 0, 4: 1, 5: 1, 6: 1}
2024-10-29 11:54:46,141 INFO: Enabling torque for group Wheg_Group
2024-10-29 11:54:46,141 INFO: Setting the profile velocity for group Wheg_Group from config.yaml: 10
2024-10-29 11:54:46,142 INFO: Profile velocities set for group Wheg_Group: {1: 43.7, 2: 43.7, 3: 43.7, 4: 43.7, 5: 43.7, 6: 43.7}
2024-10-29 11:54:46,143 WARNING: Direction of whegs set to turn right
2024-10-29 11:54:46,683 WARNING: Direction of whegs is not set correctly. Setting the direction to turn right.
2024-10-29 11:54:46,684 INFO: Disabling torque for group Wheg_Group
2024-10-29 11:54:46,685 INFO: Drive mode set for group Wheg_Group with reverse_direction={1: 0, 2: 0, 3: 0, 4: 1, 5: 1, 6: 1}
2024-10-29 11:54:46,687 INFO: Enabling torque for group Wheg_Group
2024-10-29 11:54:46,688 INFO: Setting the profile velocity for group Wheg_Group from config.yaml: 10
2024-10-29 11:54:46,688 INFO: Profile velocities set for group Wheg_Group: {1: 43.7, 2: 43.7, 3: 43.7, 4: 43.7, 5: 43.7, 6: 43.7}
2024-10-29 11:54:46,689 WARNING: Direction of whegs set to turn right
2024-10-29 11:54:47,229 WARNING: Direction of whegs is not set correctly. Setting the direction to turn right.
2024-10-29 11:54:47,230 INFO: Disabling torque for group Wheg_Group
2024-10-29 11:54:47,231 INFO: Drive mode set for group Wheg_Group with reverse_direction={1: 0, 2: 0, 3: 0, 4: 1, 5: 1, 6: 1}
2024-10-29 11:54:47,231 INFO: Enabling torque for group Wheg_Group
2024-10-29 11:54:47,232 INFO: Setting the profile velocity for group Wheg_Group from config.yaml: 10
2024-10-29 11:54:47,234 INFO: Profile velocities set for group Wheg_Group: {1: 43.7, 2: 43.7, 3: 43.7, 4: 43.7, 5: 43.7, 6: 43.7}
2024-10-29 11:54:47,234 WARNING: Direction of whegs set to turn right
2024-10-29 11:54:47,297 INFO: Initiating safe shutdown...
2024-10-29 11:54:47,298 INFO: Setting operating mode 'velocity' for group 'All_Motors'
2024-10-29 11:54:47,298 INFO: Disabling torque for group All_Motors
2024-10-29 11:54:47,299 INFO: Enabling torque for group All_Motors
2024-10-29 11:54:47,300 INFO: Setting the profile velocity for group All_Motors from config.yaml: 8
2024-10-29 11:54:47,300 INFO: Profile velocities set for group All_Motors: {1: 34.96, 2: 34.96, 3: 34.96, 4: 34.96, 5: 34.96, 6: 34.96, 7: 34.96, 8: 34.96}
2024-10-29 11:54:47,300 WARNING: Velocity limit 200 exceeds hard limit 100. Limiting to 100.
2024-10-29 11:54:47,301 INFO: Velocity limit set to 100 for group All_Motors
2024-10-29 11:54:47,301 INFO: Enabling torque for group All_Motors
2024-10-29 11:54:47,302 INFO: Setting the profile velocity for group All_Motors from config.yaml: 8
2024-10-29 11:54:47,303 INFO: Profile velocities set for group All_Motors: {1: 34.96, 2: 34.96, 3: 34.96, 4: 34.96, 5: 34.96, 6: 34.96, 7: 34.96, 8: 34.96}
2024-10-29 11:54:47,304 INFO: Target velocities set for group All_Motors: {1: 0, 2: 0, 3: 0, 4: 0, 5: 0, 6: 0, 7: 0, 8: 0}
2024-10-29 11:54:47,304 INFO: Running set_position_group for group 'All_Motors' with positions: 180
2024-10-29 11:54:47,312 WARNING: Motor 1 is not in Position Control Mode. Setting mode now.
2024-10-29 11:54:47,312 INFO: Setting operating mode 'position' for group 'All_Motors'
2024-10-29 11:54:47,313 INFO: Disabling torque for group All_Motors
2024-10-29 11:54:47,314 INFO: Enabling torque for group All_Motors
2024-10-29 11:54:47,315 INFO: Setting the profile velocity for group All_Motors from config.yaml: 8
2024-10-29 11:54:47,315 INFO: Profile velocities set for group All_Motors: {1: 34.96, 2: 34.96, 3: 34.96, 4: 34.96, 5: 34.96, 6: 34.96, 7: 34.96, 8: 34.96}
2024-10-29 11:54:47,316 INFO: Setting the profile velocity for group All_Motors from config.yaml: 8
2024-10-29 11:54:47,316 INFO: Profile velocities set for group All_Motors: {1: 34.96, 2: 34.96, 3: 34.96, 4: 34.96, 5: 34.96, 6: 34.96, 7: 34.96, 8: 34.96}
2024-10-29 11:54:47,317 INFO: Closing PS4Controller and quitting pygame
2024-10-29 11:54:47,393 INFO: Port closed successfully.
2024-10-29 11:54:47,394 INFO: Shutdown complete.
