2024-09-30 23:02:56,721 INFO: Initializing PS4Controller
2024-09-30 23:02:56,939 DEBUG: Pygame initialized
2024-09-30 23:02:56,940 DEBUG: Joystick initialized
2024-09-30 23:02:56,940 DEBUG: Number of buttons on the controller: 13
2024-09-30 23:02:56,985 INFO: Configuration loaded successfully
2024-09-30 23:02:56,989 INFO: Port /dev/ttyACM0 opened successfully
2024-09-30 23:02:56,999 INFO: Baudrate set to 1000000
2024-09-30 23:02:56,999 INFO: Control table loaded successfully.
2024-09-30 23:02:56,999 INFO: Motor group 'Pivot_Group' created with motors: [7, 8]
2024-09-30 23:02:56,999 INFO: Motor group 'Wheg_Group' created with motors: [1, 2, 3, 4, 5, 6]
2024-09-30 23:02:57,000 INFO: Motor group 'All_Motors' created with motors: [1, 2, 3, 4, 5, 6, 7, 8]
2024-09-30 23:02:57,000 INFO: Motor group 'Left_Whegs' created with motors: [1, 2, 3]
2024-09-30 23:02:57,000 INFO: Motor group 'Right_Whegs' created with motors: [4, 5, 6]
2024-09-30 23:02:57,000 INFO: Motor group 'Front_Whegs' created with motors: [3, 6]
2024-09-30 23:02:57,000 INFO: Motor group 'Rear_Whegs' created with motors: [1, 4]
2024-09-30 23:02:57,000 INFO: Motor group 'Middle_Whegs' created with motors: [2, 5]
2024-09-30 23:02:57,000 INFO: Motor group 'Two_Right_One_Left' created with motors: [2, 4, 6]
2024-09-30 23:02:57,000 INFO: Motor group 'Two_Left_One_Right' created with motors: [5, 1, 3]
2024-09-30 23:02:57,000 INFO: Initialised PS4 controller, Dynamixel, and Robot State
2024-09-30 23:02:57,001 DEBUG: Setting drive mode for group 'Right_Whegs', reverse_direction=True, drive_mode_value=1
2024-09-30 23:02:57,001 INFO: Disabling torque for group Right_Whegs
2024-09-30 23:02:57,002 DEBUG: Torque disabled for group Right_Whegs
2024-09-30 23:02:57,002 DEBUG: Sync writing drive mode values: {4: 1, 5: 1, 6: 1}
2024-09-30 23:02:57,002 INFO: Drive mode set for group Right_Whegs with reverse_direction=True
2024-09-30 23:02:57,002 INFO: Enabling torque for group Right_Whegs
2024-09-30 23:02:57,003 DEBUG: Torque enabled for group Right_Whegs
2024-09-30 23:02:57,003 DEBUG: Reading back drive mode for verification...
2024-09-30 23:02:57,003 DEBUG: Preparing bulk read for motors: [4, 5, 6], Parameters: ['drive_mode']
2024-09-30 23:02:57,003 DEBUG: Adding motor 4, Address: 10, Length: 1 to bulk read
2024-09-30 23:02:57,003 DEBUG: Adding motor 5, Address: 10, Length: 1 to bulk read
2024-09-30 23:02:57,003 DEBUG: Adding motor 6, Address: 10, Length: 1 to bulk read
2024-09-30 23:02:57,006 DEBUG: Bulk read successful for group 'Right_Whegs'
2024-09-30 23:02:57,006 DEBUG: Motor 4 current drive mode read from bulk read: 1
2024-09-30 23:02:57,006 INFO: Motor 4 drive mode correctly set to reverse
2024-09-30 23:02:57,006 DEBUG: Motor 5 current drive mode read from bulk read: 1
2024-09-30 23:02:57,006 INFO: Motor 5 drive mode correctly set to reverse
2024-09-30 23:02:57,006 DEBUG: Motor 6 current drive mode read from bulk read: 1
2024-09-30 23:02:57,007 INFO: Motor 6 drive mode correctly set to reverse
2024-09-30 23:02:57,007 DEBUG: Setting drive mode for group 'Left_Whegs', reverse_direction=False, drive_mode_value=0
2024-09-30 23:02:57,007 INFO: Disabling torque for group Left_Whegs
2024-09-30 23:02:57,007 DEBUG: Torque disabled for group Left_Whegs
2024-09-30 23:02:57,007 DEBUG: Sync writing drive mode values: {1: 0, 2: 0, 3: 0}
2024-09-30 23:02:57,008 INFO: Drive mode set for group Left_Whegs with reverse_direction=False
2024-09-30 23:02:57,008 INFO: Enabling torque for group Left_Whegs
2024-09-30 23:02:57,008 DEBUG: Torque enabled for group Left_Whegs
2024-09-30 23:02:57,008 DEBUG: Reading back drive mode for verification...
2024-09-30 23:02:57,008 DEBUG: Preparing bulk read for motors: [1, 2, 3], Parameters: ['drive_mode']
2024-09-30 23:02:57,008 DEBUG: Adding motor 1, Address: 10, Length: 1 to bulk read
2024-09-30 23:02:57,008 DEBUG: Adding motor 2, Address: 10, Length: 1 to bulk read
2024-09-30 23:02:57,008 DEBUG: Adding motor 3, Address: 10, Length: 1 to bulk read
2024-09-30 23:02:57,011 DEBUG: Bulk read successful for group 'Left_Whegs'
2024-09-30 23:02:57,011 DEBUG: Motor 1 current drive mode read from bulk read: 0
2024-09-30 23:02:57,011 INFO: Motor 1 drive mode correctly set to normal
2024-09-30 23:02:57,011 DEBUG: Motor 2 current drive mode read from bulk read: 0
2024-09-30 23:02:57,011 INFO: Motor 2 drive mode correctly set to normal
2024-09-30 23:02:57,012 DEBUG: Motor 3 current drive mode read from bulk read: 0
2024-09-30 23:02:57,012 INFO: Motor 3 drive mode correctly set to normal
2024-09-30 23:02:57,012 INFO: Set the right side whegs to reverse direction
2024-09-30 23:02:57,012 INFO: Position limits set for group Pivot_Group: min=90° (ticks=1023), max=270° (ticks=3071)
2024-09-30 23:02:57,012 INFO: Set position limits for the pivot motors
2024-09-30 23:02:57,013 DEBUG: Using selector: EpollSelector
2024-09-30 23:02:57,014 DEBUG: Executing Gait 1
2024-09-30 23:02:57,014 DEBUG: Adjusting wheg speed: trigger_value=-1.0, current_rpm=5
2024-09-30 23:02:57,014 DEBUG: Adjusted wheg speed: target_rpm=5.0, current_rpm=0
2024-09-30 23:02:57,014 INFO: Initialising Gait 1
2024-09-30 23:02:57,014 INFO: Running set_position_group for group 'Wheg_Group' with positions: 180
2024-09-30 23:02:57,015 DEBUG: Preparing bulk read for motors: [1, 2, 3, 4, 5, 6], Parameters: ['operating_mode']
2024-09-30 23:02:57,015 DEBUG: Adding motor 1, Address: 11, Length: 1 to bulk read
2024-09-30 23:02:57,015 DEBUG: Adding motor 2, Address: 11, Length: 1 to bulk read
2024-09-30 23:02:57,015 DEBUG: Adding motor 3, Address: 11, Length: 1 to bulk read
2024-09-30 23:02:57,015 DEBUG: Adding motor 4, Address: 11, Length: 1 to bulk read
2024-09-30 23:02:57,015 DEBUG: Adding motor 5, Address: 11, Length: 1 to bulk read
2024-09-30 23:02:57,015 DEBUG: Adding motor 6, Address: 11, Length: 1 to bulk read
2024-09-30 23:02:57,020 DEBUG: Bulk read successful for group 'Wheg_Group'
2024-09-30 23:02:57,020 DEBUG: Setting position 180° for all motors in group 'Wheg_Group'
2024-09-30 23:02:57,020 DEBUG: Target positions set for group 'Wheg_Group': 180
2024-09-30 23:02:57,020 INFO: Running set_position_group for group 'Pivot_Group' with positions: 180
2024-09-30 23:02:57,021 DEBUG: Preparing bulk read for motors: [7, 8], Parameters: ['operating_mode']
2024-09-30 23:02:57,021 DEBUG: Adding motor 7, Address: 11, Length: 1 to bulk read
2024-09-30 23:02:57,021 DEBUG: Adding motor 8, Address: 11, Length: 1 to bulk read
2024-09-30 23:02:57,024 DEBUG: Bulk read successful for group 'Pivot_Group'
2024-09-30 23:02:57,024 DEBUG: Setting position 180° for all motors in group 'Pivot_Group'
2024-09-30 23:02:57,024 DEBUG: Target positions set for group 'Pivot_Group': 180
2024-09-30 23:02:57,024 INFO: Initialised Gait 1, waiting for 3 seconds
2024-09-30 23:02:57,024 DEBUG: Preparing bulk read for motors: [1, 2, 3, 4, 5, 6, 7, 8], Parameters: ['present_position']
2024-09-30 23:02:57,025 DEBUG: Adding motor 1, Address: 132, Length: 4 to bulk read
2024-09-30 23:02:57,025 DEBUG: Adding motor 2, Address: 132, Length: 4 to bulk read
2024-09-30 23:02:57,025 DEBUG: Adding motor 3, Address: 132, Length: 4 to bulk read
2024-09-30 23:02:57,025 DEBUG: Adding motor 4, Address: 132, Length: 4 to bulk read
2024-09-30 23:02:57,025 DEBUG: Adding motor 5, Address: 132, Length: 4 to bulk read
2024-09-30 23:02:57,025 DEBUG: Adding motor 6, Address: 132, Length: 4 to bulk read
2024-09-30 23:02:57,025 DEBUG: Adding motor 7, Address: 132, Length: 4 to bulk read
2024-09-30 23:02:57,025 DEBUG: Adding motor 8, Address: 132, Length: 4 to bulk read
2024-09-30 23:02:57,033 DEBUG: Bulk read successful for group 'All_Motors'
2024-09-30 23:02:57,033 DEBUG: Preparing bulk read for motors: [1, 2, 3, 4, 5, 6, 7, 8], Parameters: ['present_velocity']
2024-09-30 23:02:57,033 DEBUG: Adding motor 1, Address: 128, Length: 4 to bulk read
2024-09-30 23:02:57,033 DEBUG: Adding motor 2, Address: 128, Length: 4 to bulk read
2024-09-30 23:02:57,033 DEBUG: Adding motor 3, Address: 128, Length: 4 to bulk read
2024-09-30 23:02:57,033 DEBUG: Adding motor 4, Address: 128, Length: 4 to bulk read
2024-09-30 23:02:57,033 DEBUG: Adding motor 5, Address: 128, Length: 4 to bulk read
2024-09-30 23:02:57,033 DEBUG: Adding motor 6, Address: 128, Length: 4 to bulk read
2024-09-30 23:02:57,033 DEBUG: Adding motor 7, Address: 128, Length: 4 to bulk read
2024-09-30 23:02:57,034 DEBUG: Adding motor 8, Address: 128, Length: 4 to bulk read
2024-09-30 23:02:57,041 DEBUG: Bulk read successful for group 'All_Motors'
2024-09-30 23:02:57,041 DEBUG: Preparing bulk read for motors: [1, 2, 3, 4, 5, 6, 7, 8], Parameters: ['present_load']
2024-09-30 23:02:57,041 DEBUG: Adding motor 1, Address: 126, Length: 2 to bulk read
2024-09-30 23:02:57,041 DEBUG: Adding motor 2, Address: 126, Length: 2 to bulk read
2024-09-30 23:02:57,041 DEBUG: Adding motor 3, Address: 126, Length: 2 to bulk read
2024-09-30 23:02:57,041 DEBUG: Adding motor 4, Address: 126, Length: 2 to bulk read
2024-09-30 23:02:57,042 DEBUG: Adding motor 5, Address: 126, Length: 2 to bulk read
2024-09-30 23:02:57,042 DEBUG: Adding motor 6, Address: 126, Length: 2 to bulk read
2024-09-30 23:02:57,042 DEBUG: Adding motor 7, Address: 126, Length: 2 to bulk read
2024-09-30 23:02:57,042 DEBUG: Adding motor 8, Address: 126, Length: 2 to bulk read
2024-09-30 23:02:57,049 DEBUG: Bulk read successful for group 'All_Motors'
2024-09-30 23:02:57,049 DEBUG: Preparing bulk read for motors: [1, 2, 3, 4, 5, 6, 7, 8], Parameters: ['hardware_error_status']
2024-09-30 23:02:57,049 DEBUG: Adding motor 1, Address: 70, Length: 1 to bulk read
2024-09-30 23:02:57,049 DEBUG: Adding motor 2, Address: 70, Length: 1 to bulk read
2024-09-30 23:02:57,049 DEBUG: Adding motor 3, Address: 70, Length: 1 to bulk read
2024-09-30 23:02:57,049 DEBUG: Adding motor 4, Address: 70, Length: 1 to bulk read
2024-09-30 23:02:57,050 DEBUG: Adding motor 5, Address: 70, Length: 1 to bulk read
2024-09-30 23:02:57,050 DEBUG: Adding motor 6, Address: 70, Length: 1 to bulk read
2024-09-30 23:02:57,050 DEBUG: Adding motor 7, Address: 70, Length: 1 to bulk read
2024-09-30 23:02:57,050 DEBUG: Adding motor 8, Address: 70, Length: 1 to bulk read
2024-09-30 23:02:57,057 DEBUG: Bulk read successful for group 'All_Motors'
2024-09-30 23:02:57,057 INFO: Motor     Position (degrees)       Velocity (RPM)      Load (%)  
2024-09-30 23:02:57,057 INFO: 1         179.91                   0.00                4         
2024-09-30 23:02:57,057 INFO: 2         179.82                   983547510.56        0         
2024-09-30 23:02:57,058 INFO: 3         179.91                   983547510.56        11        
2024-09-30 23:02:57,058 INFO: 4         179.91                   0.46                2         
2024-09-30 23:02:57,058 INFO: 5         179.82                   0.00                6         
2024-09-30 23:02:57,058 INFO: 6         179.82                   983547510.56        11        
2024-09-30 23:02:57,058 INFO: 7         180.35                   0.00                -28       
2024-09-30 23:02:57,058 INFO: 8         179.56                   0.00                22        
2024-09-30 23:02:59,042 DEBUG: Button share (index 8) pressed.
2024-09-30 23:02:59,042 INFO: Share pressed. Reversing the direction of the whegs
2024-09-30 23:02:59,052 DEBUG: Ignoring rapid press of button share (index 8)
2024-09-30 23:02:59,063 DEBUG: Ignoring rapid press of button share (index 8)
2024-09-30 23:02:59,073 DEBUG: Ignoring rapid press of button share (index 8)
2024-09-30 23:02:59,084 DEBUG: Ignoring rapid press of button share (index 8)
2024-09-30 23:02:59,094 DEBUG: Ignoring rapid press of button share (index 8)
2024-09-30 23:02:59,105 DEBUG: Ignoring rapid press of button share (index 8)
2024-09-30 23:02:59,115 DEBUG: Ignoring rapid press of button share (index 8)
2024-09-30 23:02:59,126 DEBUG: Ignoring rapid press of button share (index 8)
2024-09-30 23:02:59,136 DEBUG: Ignoring rapid press of button share (index 8)
2024-09-30 23:02:59,147 DEBUG: Ignoring rapid press of button share (index 8)
2024-09-30 23:02:59,157 DEBUG: Ignoring rapid press of button share (index 8)
2024-09-30 23:02:59,167 DEBUG: Ignoring rapid press of button share (index 8)
2024-09-30 23:02:59,178 DEBUG: Ignoring rapid press of button share (index 8)
2024-09-30 23:02:59,188 DEBUG: Ignoring rapid press of button share (index 8)
2024-09-30 23:02:59,199 DEBUG: Ignoring rapid press of button share (index 8)
2024-09-30 23:03:00,025 INFO: Setting operating mode 'multi_turn' for group 'Wheg_Group'
2024-09-30 23:03:00,025 INFO: Disabling torque for group Wheg_Group
2024-09-30 23:03:00,026 DEBUG: Torque disabled for group Wheg_Group
2024-09-30 23:03:00,026 DEBUG: Operating mode set to 'multi_turn' for group Wheg_Group
2024-09-30 23:03:00,026 INFO: Enabling torque for group Wheg_Group
2024-09-30 23:03:00,026 DEBUG: Torque enabled for group Wheg_Group
2024-09-30 23:03:00,026 DEBUG: Setting profile velocity for motors in group Wheg_Group
2024-09-30 23:03:00,027 DEBUG: Setting profile velocity for group Wheg_Group
2024-09-30 23:03:00,027 DEBUG: Hard profile velocity limit: 100
2024-09-30 23:03:00,027 INFO: Setting the profile velocity for group Wheg_Group from config.yaml: 10
2024-09-30 23:03:00,027 INFO: Profile velocities set for group Wheg_Group: {1: 43.7, 2: 43.7, 3: 43.7, 4: 43.7, 5: 43.7, 6: 43.7}
2024-09-30 23:03:00,027 INFO: New gait 1 is now active.
2024-09-30 23:03:00,027 WARNING: No motors found for group 'All_Whegs'
2024-09-30 23:03:00,028 INFO: Initiating safe shutdown...
2024-09-30 23:03:00,028 INFO: Setting operating mode 'velocity' for group 'All_Motors'
2024-09-30 23:03:00,028 INFO: Disabling torque for group All_Motors
2024-09-30 23:03:00,028 DEBUG: Torque disabled for group All_Motors
2024-09-30 23:03:00,029 DEBUG: Operating mode set to 'velocity' for group All_Motors
2024-09-30 23:03:00,029 INFO: Enabling torque for group All_Motors
2024-09-30 23:03:00,029 DEBUG: Torque enabled for group All_Motors
2024-09-30 23:03:00,029 DEBUG: Setting velocity limit for motors in group All_Motors
2024-09-30 23:03:00,029 WARNING: Velocity limit 200 exceeds hard limit 100. Limiting to 100.
2024-09-30 23:03:00,030 INFO: Velocity limit set to 100 for group All_Motors
2024-09-30 23:03:00,030 INFO: Enabling torque for group All_Motors
2024-09-30 23:03:00,030 DEBUG: Torque enabled for group All_Motors
2024-09-30 23:03:00,031 INFO: Target velocities set for group All_Motors: {1: 0, 2: 0, 3: 0, 4: 0, 5: 0, 6: 0, 7: 0, 8: 0}
2024-09-30 23:03:00,031 INFO: Running set_position_group for group 'All_Motors' with positions: 180
2024-09-30 23:03:00,031 DEBUG: Preparing bulk read for motors: [1, 2, 3, 4, 5, 6, 7, 8], Parameters: ['operating_mode']
2024-09-30 23:03:00,031 DEBUG: Adding motor 1, Address: 11, Length: 1 to bulk read
2024-09-30 23:03:00,031 DEBUG: Adding motor 2, Address: 11, Length: 1 to bulk read
2024-09-30 23:03:00,031 DEBUG: Adding motor 3, Address: 11, Length: 1 to bulk read
2024-09-30 23:03:00,031 DEBUG: Adding motor 4, Address: 11, Length: 1 to bulk read
2024-09-30 23:03:00,031 DEBUG: Adding motor 5, Address: 11, Length: 1 to bulk read
2024-09-30 23:03:00,031 DEBUG: Adding motor 6, Address: 11, Length: 1 to bulk read
2024-09-30 23:03:00,031 DEBUG: Adding motor 7, Address: 11, Length: 1 to bulk read
2024-09-30 23:03:00,032 DEBUG: Adding motor 8, Address: 11, Length: 1 to bulk read
2024-09-30 23:03:00,039 DEBUG: Bulk read successful for group 'All_Motors'
2024-09-30 23:03:00,039 WARNING: Motor 1 is not in Position Control Mode. Setting mode now.
2024-09-30 23:03:00,039 INFO: Setting operating mode 'position' for group 'All_Motors'
2024-09-30 23:03:00,039 INFO: Disabling torque for group All_Motors
2024-09-30 23:03:00,039 DEBUG: Torque disabled for group All_Motors
2024-09-30 23:03:00,040 DEBUG: Operating mode set to 'position' for group All_Motors
2024-09-30 23:03:00,040 INFO: Enabling torque for group All_Motors
2024-09-30 23:03:00,040 DEBUG: Torque enabled for group All_Motors
2024-09-30 23:03:00,040 DEBUG: Setting profile velocity for motors in group All_Motors
2024-09-30 23:03:00,040 DEBUG: Setting profile velocity for group All_Motors
2024-09-30 23:03:00,041 DEBUG: Hard profile velocity limit: 100
2024-09-30 23:03:00,041 INFO: Setting the profile velocity for group All_Motors from config.yaml: 5
2024-09-30 23:03:00,041 INFO: Profile velocities set for group All_Motors: {1: 21.85, 2: 21.85, 3: 21.85, 4: 21.85, 5: 21.85, 6: 21.85, 7: 21.85, 8: 21.85}
2024-09-30 23:03:00,041 DEBUG: Setting position 180° for all motors in group 'All_Motors'
2024-09-30 23:03:00,042 DEBUG: Target positions set for group 'All_Motors': 180
2024-09-30 23:03:00,042 INFO: Closing PS4Controller and quitting pygame
2024-09-30 23:03:00,132 INFO: Port closed successfully.
2024-09-30 23:03:00,132 INFO: Shutdown complete.
2024-09-30 23:03:00,132 ERROR: Controller connection lost!
2024-09-30 23:03:00,132 ERROR: Controller is disconnected.
2024-09-30 23:03:00,132 ERROR: Controller connection lost!
2024-09-30 23:03:00,133 ERROR: Controller is disconnected.
2024-09-30 23:03:00,133 ERROR: Controller connection lost!
2024-09-30 23:03:00,133 ERROR: Controller is disconnected.
