2024-10-28 21:50:12,918 INFO: Initializing PS4Controller
2024-10-28 21:50:13,196 INFO: Configuration loaded successfully
2024-10-28 21:50:13,200 INFO: Port /dev/ttyACM0 opened successfully
2024-10-28 21:50:13,210 INFO: Baudrate set to 1000000
2024-10-28 21:50:13,210 INFO: Control table loaded successfully.
2024-10-28 21:50:13,211 INFO: Motor group 'Pivot_Group' created with motors: [7, 8]
2024-10-28 21:50:13,211 INFO: Motor group 'Wheg_Group' created with motors: [1, 2, 3, 4, 5, 6]
2024-10-28 21:50:13,211 INFO: Motor group 'All_Motors' created with motors: [1, 2, 3, 4, 5, 6, 7, 8]
2024-10-28 21:50:13,212 INFO: Motor group 'Left_Whegs' created with motors: [1, 2, 3]
2024-10-28 21:50:13,213 INFO: Motor group 'Right_Whegs' created with motors: [4, 5, 6]
2024-10-28 21:50:13,213 INFO: Motor group 'Front_Whegs' created with motors: [3, 6]
2024-10-28 21:50:13,214 INFO: Motor group 'Rear_Whegs' created with motors: [1, 4]
2024-10-28 21:50:13,214 INFO: Motor group 'Middle_Whegs' created with motors: [2, 5]
2024-10-28 21:50:13,215 INFO: Motor group 'Two_Right_One_Left' created with motors: [2, 4, 6]
2024-10-28 21:50:13,215 INFO: Motor group 'Two_Left_One_Right' created with motors: [5, 1, 3]
2024-10-28 21:50:13,216 INFO: Initialised PS4 controller, Dynamixel, and Robot State
2024-10-28 21:50:13,409 INFO: Initialised Streamlit dashboard
2024-10-28 21:50:13,411 INFO: Disabling torque for group Right_Whegs
2024-10-28 21:50:13,418 INFO: Drive mode set for group Right_Whegs with reverse_direction=True
2024-10-28 21:50:13,418 INFO: Enabling torque for group Right_Whegs
2024-10-28 21:50:13,422 INFO: Motor 4 drive mode correctly set to reverse
2024-10-28 21:50:13,423 INFO: Motor 5 drive mode correctly set to reverse
2024-10-28 21:50:13,423 INFO: Motor 6 drive mode correctly set to reverse
2024-10-28 21:50:13,423 INFO: Disabling torque for group Left_Whegs
2024-10-28 21:50:13,424 INFO: Drive mode set for group Left_Whegs with reverse_direction=False
2024-10-28 21:50:13,425 INFO: Enabling torque for group Left_Whegs
2024-10-28 21:50:13,428 INFO: Motor 1 drive mode correctly set to normal
2024-10-28 21:50:13,429 INFO: Motor 2 drive mode correctly set to normal
2024-10-28 21:50:13,429 INFO: Motor 3 drive mode correctly set to normal
2024-10-28 21:50:13,430 INFO: Set the right side whegs to reverse direction
2024-10-28 21:50:13,430 INFO: Disabling torque for group Pivot_Group
2024-10-28 21:50:13,431 INFO: Drive mode set for group Pivot_Group with reverse_direction=False
2024-10-28 21:50:13,432 INFO: Enabling torque for group Pivot_Group
2024-10-28 21:50:13,435 INFO: Motor 7 drive mode correctly set to normal
2024-10-28 21:50:13,435 INFO: Motor 8 drive mode correctly set to normal
2024-10-28 21:50:13,437 INFO: Position limits set for group Pivot_Group: min=90° (ticks=1023), max=270° (ticks=3071)
2024-10-28 21:50:13,437 INFO: Set position limits for the pivot motors
2024-10-28 21:50:13,439 INFO: Initialising Gait 1
2024-10-28 21:50:13,439 INFO: Running set_position_group for group 'Wheg_Group' with positions: 180
2024-10-28 21:50:13,445 INFO: Running set_position_group for group 'Pivot_Group' with positions: 180
2024-10-28 21:50:13,448 INFO: Initialised Gait 1, waiting for 3 seconds
2024-10-28 21:50:16,639 INFO: Setting operating mode 'multi_turn' for group 'Wheg_Group'
2024-10-28 21:50:16,639 INFO: Disabling torque for group Wheg_Group
2024-10-28 21:50:16,642 INFO: Enabling torque for group Wheg_Group
2024-10-28 21:50:16,642 INFO: Setting the profile velocity for group Wheg_Group from config.yaml: 10
2024-10-28 21:50:16,643 INFO: Profile velocities set for group Wheg_Group: {1: 43.7, 2: 43.7, 3: 43.7, 4: 43.7, 5: 43.7, 6: 43.7}
2024-10-28 21:50:16,644 INFO: New gait 1 is now active.
2024-10-28 21:50:16,655 INFO: Profile velocities set for group Wheg_Group: {1: 21.85, 2: 21.85, 3: 21.85, 4: 21.85, 5: 21.85, 6: 21.85}
2024-10-28 21:50:16,655 INFO: Incrementing motor positions by 360 degrees for group 'Wheg_Group'
2024-10-28 21:50:16,666 INFO: Gait 1 step executed at 5.00RPM, wait for 12.00 seconds
2024-10-28 21:50:21,991 INFO: Triangle pressed. Preparing to change to next gait: 2
2024-10-28 21:50:22,095 INFO: Triangle pressed. Preparing to change to next gait: 2
2024-10-28 21:50:22,198 INFO: Triangle pressed. Preparing to change to next gait: 2
2024-10-28 21:50:25,780 INFO: Triangle pressed. Preparing to change to next gait: 2
2024-10-28 21:50:25,884 INFO: Triangle pressed. Preparing to change to next gait: 2
2024-10-28 21:50:27,650 INFO: Triangle pressed. Preparing to change to next gait: 2
2024-10-28 21:50:27,754 INFO: Triangle pressed. Preparing to change to next gait: 2
2024-10-28 21:50:29,114 INFO: Initialising Gait 2
2024-10-28 21:50:29,114 INFO: Running set_position_group for group 'Wheg_Group' with positions: {1: 160, 2: 200, 3: 160, 4: 200, 5: 160, 6: 200}
2024-10-28 21:50:29,120 WARNING: Motor 1 is not in Position Control Mode. Setting mode now.
2024-10-28 21:50:29,120 INFO: Setting operating mode 'position' for group 'Wheg_Group'
2024-10-28 21:50:29,121 INFO: Disabling torque for group Wheg_Group
2024-10-28 21:50:29,122 INFO: Enabling torque for group Wheg_Group
2024-10-28 21:50:29,123 INFO: Setting the profile velocity for group Wheg_Group from config.yaml: 10
2024-10-28 21:50:29,124 INFO: Profile velocities set for group Wheg_Group: {1: 43.7, 2: 43.7, 3: 43.7, 4: 43.7, 5: 43.7, 6: 43.7}
2024-10-28 21:50:29,124 INFO: Running set_position_group for group 'Pivot_Group' with positions: 180
2024-10-28 21:50:29,128 INFO: Initialised Gait 2, waiting for 3 seconds
2024-10-28 21:50:32,660 INFO: Setting operating mode 'multi_turn' for group 'Wheg_Group'
2024-10-28 21:50:32,661 INFO: Disabling torque for group Wheg_Group
2024-10-28 21:50:32,663 INFO: Enabling torque for group Wheg_Group
2024-10-28 21:50:32,664 INFO: Setting the profile velocity for group Wheg_Group from config.yaml: 10
2024-10-28 21:50:32,664 INFO: Profile velocities set for group Wheg_Group: {1: 43.7, 2: 43.7, 3: 43.7, 4: 43.7, 5: 43.7, 6: 43.7}
2024-10-28 21:50:32,665 INFO: New gait 2 is now active.
2024-10-28 21:50:32,681 INFO: Profile velocities set for group Wheg_Group: {1: 8.74, 2: 69.92, 3: 8.74, 4: 69.92, 5: 8.74, 6: 69.92}
2024-10-28 21:50:32,681 INFO: Incrementing motor positions by {1: 40, 2: 320, 3: 40, 4: 320, 5: 40, 6: 320} degrees for group 'Wheg_Group'
2024-10-28 21:50:32,692 INFO: Gait 2 step executed at 2.00RPM, wait for 3.36 seconds
2024-10-28 21:50:32,827 WARNING: Emergency stop activated! Stopping all motors asynchronously.
2024-10-28 21:50:32,827 INFO: Setting operating mode 'velocity' for group 'All_Motors'
2024-10-28 21:50:32,828 INFO: Disabling torque for group All_Motors
2024-10-28 21:50:32,829 INFO: Enabling torque for group All_Motors
2024-10-28 21:50:32,829 WARNING: Velocity limit 200 exceeds hard limit 100. Limiting to 100.
2024-10-28 21:50:32,830 INFO: Velocity limit set to 100 for group All_Motors
2024-10-28 21:50:32,831 INFO: Enabling torque for group All_Motors
2024-10-28 21:50:32,832 INFO: Target velocities set for group All_Motors: {1: 0, 2: 0, 3: 0, 4: 0, 5: 0, 6: 0, 7: 0, 8: 0}
2024-10-28 21:50:32,935 WARNING: Emergency stop activated! Stopping all motors asynchronously.
2024-10-28 21:50:32,936 INFO: Setting operating mode 'velocity' for group 'All_Motors'
2024-10-28 21:50:32,937 INFO: Disabling torque for group All_Motors
2024-10-28 21:50:32,938 INFO: Enabling torque for group All_Motors
2024-10-28 21:50:32,938 WARNING: Velocity limit 200 exceeds hard limit 100. Limiting to 100.
2024-10-28 21:50:32,939 INFO: Velocity limit set to 100 for group All_Motors
2024-10-28 21:50:32,939 INFO: Enabling torque for group All_Motors
2024-10-28 21:50:32,941 INFO: Target velocities set for group All_Motors: {1: 0, 2: 0, 3: 0, 4: 0, 5: 0, 6: 0, 7: 0, 8: 0}
2024-10-28 21:50:33,044 WARNING: Emergency stop activated! Stopping all motors asynchronously.
2024-10-28 21:50:33,044 INFO: Setting operating mode 'velocity' for group 'All_Motors'
2024-10-28 21:50:33,045 INFO: Disabling torque for group All_Motors
2024-10-28 21:50:33,046 INFO: Enabling torque for group All_Motors
2024-10-28 21:50:33,046 WARNING: Velocity limit 200 exceeds hard limit 100. Limiting to 100.
2024-10-28 21:50:33,047 INFO: Velocity limit set to 100 for group All_Motors
2024-10-28 21:50:33,047 INFO: Enabling torque for group All_Motors
2024-10-28 21:50:33,048 INFO: Target velocities set for group All_Motors: {1: 0, 2: 0, 3: 0, 4: 0, 5: 0, 6: 0, 7: 0, 8: 0}
2024-10-28 21:58:17,272 INFO: Initiating safe shutdown...
2024-10-28 21:58:17,272 INFO: Setting operating mode 'velocity' for group 'All_Motors'
2024-10-28 21:58:17,273 INFO: Disabling torque for group All_Motors
2024-10-28 21:58:17,274 INFO: Enabling torque for group All_Motors
2024-10-28 21:58:17,274 WARNING: Velocity limit 200 exceeds hard limit 100. Limiting to 100.
2024-10-28 21:58:17,275 INFO: Velocity limit set to 100 for group All_Motors
2024-10-28 21:58:17,275 INFO: Enabling torque for group All_Motors
2024-10-28 21:58:17,277 INFO: Target velocities set for group All_Motors: {1: 0, 2: 0, 3: 0, 4: 0, 5: 0, 6: 0, 7: 0, 8: 0}
2024-10-28 21:58:17,277 INFO: Running set_position_group for group 'All_Motors' with positions: 180
2024-10-28 21:58:17,284 WARNING: Motor 1 is not in Position Control Mode. Setting mode now.
2024-10-28 21:58:17,285 INFO: Setting operating mode 'position' for group 'All_Motors'
2024-10-28 21:58:17,285 INFO: Disabling torque for group All_Motors
2024-10-28 21:58:17,286 INFO: Enabling torque for group All_Motors
2024-10-28 21:58:17,287 INFO: Setting the profile velocity for group All_Motors from config.yaml: 5
2024-10-28 21:58:17,288 INFO: Profile velocities set for group All_Motors: {1: 21.85, 2: 21.85, 3: 21.85, 4: 21.85, 5: 21.85, 6: 21.85, 7: 21.85, 8: 21.85}
2024-10-28 21:58:17,289 INFO: Closing PS4Controller and quitting pygame
2024-10-28 21:58:17,373 INFO: Port closed successfully.
2024-10-28 21:58:17,374 INFO: Shutdown complete.
2024-10-28 21:58:17,375 ERROR: Controller connection lost!
2024-10-28 21:58:17,375 ERROR: Controller is disconnected.
2024-10-28 21:58:17,376 ERROR: Controller connection lost!
2024-10-28 21:58:17,376 ERROR: Controller is disconnected.
2024-10-28 21:58:17,377 ERROR: Controller connection lost!
2024-10-28 21:58:17,378 ERROR: Controller is disconnected.
