2025-04-02 12:18:03,278 INFO: Initializing PS4Controller
2025-04-02 12:18:03,876 INFO: Configuration loaded successfully
2025-04-02 12:18:03,879 INFO: Port /dev/ttyACM0 opened successfully
2025-04-02 12:18:03,889 INFO: Baudrate set to 1000000
2025-04-02 12:18:03,890 INFO: Control table loaded successfully.
2025-04-02 12:18:03,891 INFO: Motor group 'Pivot_Group' created with motors: [7, 8]
2025-04-02 12:18:03,892 INFO: Motor group 'Wheg_Group' created with motors: [1, 2, 3, 4, 5, 6]
2025-04-02 12:18:03,893 INFO: Motor group 'All_Motors' created with motors: [1, 2, 3, 4, 5, 6, 7, 8]
2025-04-02 12:18:03,894 INFO: Motor group 'Left_Whegs' created with motors: [1, 2, 3]
2025-04-02 12:18:03,895 INFO: Motor group 'Right_Whegs' created with motors: [4, 5, 6]
2025-04-02 12:18:03,895 INFO: Motor group 'Front_Whegs' created with motors: [3, 6]
2025-04-02 12:18:03,895 INFO: Motor group 'Rear_Whegs' created with motors: [1, 4]
2025-04-02 12:18:03,895 INFO: Motor group 'Middle_Whegs' created with motors: [2, 5]
2025-04-02 12:18:03,895 INFO: Motor group 'Two_Right_One_Left' created with motors: [2, 4, 6]
2025-04-02 12:18:03,895 INFO: Motor group 'Two_Left_One_Right' created with motors: [5, 1, 3]
2025-04-02 12:18:03,896 INFO: Initialised PS4 controller, Dynamixel, and Robot State
2025-04-02 12:18:03,896 INFO: Disabling torque for group Right_Whegs
2025-04-02 12:18:03,898 INFO: Drive mode set for group Right_Whegs with reverse_direction=True
2025-04-02 12:18:03,898 INFO: Enabling torque for group Right_Whegs
2025-04-02 12:18:03,899 INFO: Setting the profile velocity for group Right_Whegs from config.yaml: None
2025-04-02 12:18:03,900 ERROR: Profile velocity for group Right_Whegs not found in config.yaml and no value was provided.
2025-04-02 12:18:03,900 INFO: Disabling torque for group Left_Whegs
2025-04-02 12:18:03,901 INFO: Drive mode set for group Left_Whegs with reverse_direction=False
2025-04-02 12:18:03,902 INFO: Enabling torque for group Left_Whegs
2025-04-02 12:18:03,904 INFO: Setting the profile velocity for group Left_Whegs from config.yaml: None
2025-04-02 12:18:03,905 ERROR: Profile velocity for group Left_Whegs not found in config.yaml and no value was provided.
2025-04-02 12:18:03,905 INFO: Set the right side whegs to reverse direction
2025-04-02 12:18:03,906 INFO: Disabling torque for group Pivot_Group
2025-04-02 12:18:03,907 INFO: Drive mode set for group Pivot_Group with reverse_direction=False
2025-04-02 12:18:03,907 INFO: Enabling torque for group Pivot_Group
2025-04-02 12:18:03,909 INFO: Setting the profile velocity for group Pivot_Group from config.yaml: 4
2025-04-02 12:18:03,910 INFO: Profile velocities set for group Pivot_Group: {7: 17.48, 8: 17.48}
2025-04-02 12:18:03,912 INFO: Position limits set for group Pivot_Group: min=45° (ticks=511), max=315° (ticks=3583)
2025-04-02 12:18:03,912 INFO: Set position limits for the pivot motors
2025-04-02 12:18:04,078 INFO: Initialising Gait 1
2025-04-02 12:18:04,080 INFO: Disabling torque for group Wheg_Group
2025-04-02 12:18:04,082 INFO: Drive mode set for group Wheg_Group with reverse_direction={1: 0, 2: 0, 3: 0, 4: 1, 5: 1, 6: 1}
2025-04-02 12:18:04,084 INFO: Enabling torque for group Wheg_Group
2025-04-02 12:18:04,087 INFO: Setting the profile velocity for group Wheg_Group from config.yaml: 10
2025-04-02 12:18:04,088 INFO: Profile velocities set for group Wheg_Group: {1: 43.7, 2: 43.7, 3: 43.7, 4: 43.7, 5: 43.7, 6: 43.7}
2025-04-02 12:18:04,089 WARNING: Set direction of whegs to forward
2025-04-02 12:18:04,090 WARNING: Direction set for all whegs
2025-04-02 12:18:04,090 INFO: Running set_position_group for group 'Wheg_Group' with positions: 180
2025-04-02 12:18:04,097 INFO: Running set_position_group for group 'Pivot_Group' with positions: 180
2025-04-02 12:18:04,101 INFO: Initialised Gait 1, waiting for 1 seconds
2025-04-02 12:18:04,101 ERROR: Error controlling pivots: 'dpad_down'
2025-04-02 12:18:05,103 INFO: Setting operating mode 'multi_turn' for group 'Wheg_Group'
2025-04-02 12:18:05,108 INFO: Disabling torque for group Wheg_Group
2025-04-02 12:18:05,109 INFO: Enabling torque for group Wheg_Group
2025-04-02 12:18:05,111 INFO: Setting the profile velocity for group Wheg_Group from config.yaml: 10
2025-04-02 12:18:05,113 INFO: Profile velocities set for group Wheg_Group: {1: 43.7, 2: 43.7, 3: 43.7, 4: 43.7, 5: 43.7, 6: 43.7}
2025-04-02 12:18:05,114 INFO: Setting the profile velocity for group Wheg_Group from config.yaml: 10
2025-04-02 12:18:05,115 INFO: Profile velocities set for group Wheg_Group: {1: 43.7, 2: 43.7, 3: 43.7, 4: 43.7, 5: 43.7, 6: 43.7}
2025-04-02 12:18:05,116 INFO: New gait 1 is now active.
2025-04-02 12:18:12,929 INFO: Profile velocities set for group Wheg_Group: {1: 87.4, 2: 87.4, 3: 87.4, 4: 87.4, 5: 87.4, 6: 87.4}
2025-04-02 12:18:12,934 INFO: Incrementing motor positions by 360 degrees for group 'Wheg_Group'
2025-04-02 12:18:12,951 INFO: Gait 1 step executed at 20.00RPM, wait for 3.00 seconds
2025-04-02 12:18:16,408 INFO: Triangle pressed. Preparing to change to next gait: 2
2025-04-02 12:18:16,426 INFO: Initialising Gait 2
2025-04-02 12:18:16,427 INFO: Running set_position_group for group 'Wheg_Group' with positions: {1: 160, 2: 200, 3: 160, 4: 200, 5: 160, 6: 200}
2025-04-02 12:18:16,432 WARNING: Motor 1 is not in Position Control Mode. Setting mode now.
2025-04-02 12:18:16,433 INFO: Setting operating mode 'position' for group 'Wheg_Group'
2025-04-02 12:18:16,434 INFO: Disabling torque for group Wheg_Group
2025-04-02 12:18:16,440 INFO: Enabling torque for group Wheg_Group
2025-04-02 12:18:16,443 INFO: Setting the profile velocity for group Wheg_Group from config.yaml: 10
2025-04-02 12:18:16,444 INFO: Profile velocities set for group Wheg_Group: {1: 43.7, 2: 43.7, 3: 43.7, 4: 43.7, 5: 43.7, 6: 43.7}
2025-04-02 12:18:16,445 INFO: Setting the profile velocity for group Wheg_Group from config.yaml: 10
2025-04-02 12:18:16,449 INFO: Profile velocities set for group Wheg_Group: {1: 43.7, 2: 43.7, 3: 43.7, 4: 43.7, 5: 43.7, 6: 43.7}
2025-04-02 12:18:16,453 INFO: Running set_position_group for group 'Pivot_Group' with positions: 180
2025-04-02 12:18:16,458 INFO: Initialised Gait 2, waiting for 1 seconds
2025-04-02 12:18:17,461 INFO: Setting operating mode 'multi_turn' for group 'Wheg_Group'
2025-04-02 12:18:17,463 INFO: Disabling torque for group Wheg_Group
2025-04-02 12:18:17,471 INFO: Enabling torque for group Wheg_Group
2025-04-02 12:18:17,473 INFO: Setting the profile velocity for group Wheg_Group from config.yaml: 10
2025-04-02 12:18:17,475 INFO: Profile velocities set for group Wheg_Group: {1: 43.7, 2: 43.7, 3: 43.7, 4: 43.7, 5: 43.7, 6: 43.7}
2025-04-02 12:18:17,475 INFO: Setting the profile velocity for group Wheg_Group from config.yaml: 10
2025-04-02 12:18:17,476 INFO: Profile velocities set for group Wheg_Group: {1: 43.7, 2: 43.7, 3: 43.7, 4: 43.7, 5: 43.7, 6: 43.7}
2025-04-02 12:18:17,477 INFO: New gait 2 is now active.
2025-04-02 12:18:17,753 WARNING: Profile velocity 160.0 for motor 2 exceeds hard limit 100. Limiting to 100.
2025-04-02 12:18:17,765 WARNING: Profile velocity 160.0 for motor 4 exceeds hard limit 100. Limiting to 100.
2025-04-02 12:18:17,772 WARNING: Profile velocity 160.0 for motor 6 exceeds hard limit 100. Limiting to 100.
2025-04-02 12:18:17,776 INFO: Profile velocities set for group Wheg_Group: {1: 87.4, 2: 437.0, 3: 87.4, 4: 437.0, 5: 87.4, 6: 437.0}
2025-04-02 12:18:17,778 INFO: Incrementing motor positions by {1: 40, 2: 320, 3: 40, 4: 320, 5: 40, 6: 320} degrees for group 'Wheg_Group'
2025-04-02 12:18:17,800 INFO: Gait 2 step executed at 20.00RPM, wait for 0.36 seconds
2025-04-02 12:18:18,884 WARNING: Profile velocity 160.0 for motor 1 exceeds hard limit 100. Limiting to 100.
2025-04-02 12:18:18,887 WARNING: Profile velocity 160.0 for motor 3 exceeds hard limit 100. Limiting to 100.
2025-04-02 12:18:18,891 WARNING: Profile velocity 160.0 for motor 5 exceeds hard limit 100. Limiting to 100.
2025-04-02 12:18:18,896 INFO: Profile velocities set for group Wheg_Group: {1: 437.0, 2: 87.4, 3: 437.0, 4: 87.4, 5: 437.0, 6: 87.4}
2025-04-02 12:18:18,898 INFO: Incrementing motor positions by {1: 320, 2: 40, 3: 320, 4: 40, 5: 320, 6: 40} degrees for group 'Wheg_Group'
2025-04-02 12:18:18,911 INFO: Gait 2 step executed at 20.00RPM, wait for 0.36 seconds
2025-04-02 12:18:19,738 WARNING: Profile velocity 160.0 for motor 2 exceeds hard limit 100. Limiting to 100.
2025-04-02 12:18:19,739 WARNING: Profile velocity 160.0 for motor 4 exceeds hard limit 100. Limiting to 100.
2025-04-02 12:18:19,740 WARNING: Profile velocity 160.0 for motor 6 exceeds hard limit 100. Limiting to 100.
2025-04-02 12:18:19,742 INFO: Profile velocities set for group Wheg_Group: {1: 87.4, 2: 437.0, 3: 87.4, 4: 437.0, 5: 87.4, 6: 437.0}
2025-04-02 12:18:19,742 INFO: Incrementing motor positions by {1: 40, 2: 320, 3: 40, 4: 320, 5: 40, 6: 320} degrees for group 'Wheg_Group'
2025-04-02 12:18:19,754 INFO: Gait 2 step executed at 20.00RPM, wait for 0.36 seconds
2025-04-02 12:18:20,656 WARNING: Profile velocity 160.0 for motor 1 exceeds hard limit 100. Limiting to 100.
2025-04-02 12:18:20,661 WARNING: Profile velocity 160.0 for motor 3 exceeds hard limit 100. Limiting to 100.
2025-04-02 12:18:20,666 WARNING: Profile velocity 160.0 for motor 5 exceeds hard limit 100. Limiting to 100.
2025-04-02 12:18:20,688 INFO: Profile velocities set for group Wheg_Group: {1: 437.0, 2: 87.4, 3: 437.0, 4: 87.4, 5: 437.0, 6: 87.4}
2025-04-02 12:18:20,691 INFO: Incrementing motor positions by {1: 320, 2: 40, 3: 320, 4: 40, 5: 320, 6: 40} degrees for group 'Wheg_Group'
2025-04-02 12:18:20,715 INFO: Gait 2 step executed at 20.00RPM, wait for 0.36 seconds
2025-04-02 12:18:21,502 WARNING: Profile velocity 160.0 for motor 2 exceeds hard limit 100. Limiting to 100.
2025-04-02 12:18:21,505 WARNING: Profile velocity 160.0 for motor 4 exceeds hard limit 100. Limiting to 100.
2025-04-02 12:18:21,514 WARNING: Profile velocity 160.0 for motor 6 exceeds hard limit 100. Limiting to 100.
2025-04-02 12:18:21,530 INFO: Profile velocities set for group Wheg_Group: {1: 87.4, 2: 437.0, 3: 87.4, 4: 437.0, 5: 87.4, 6: 437.0}
2025-04-02 12:18:21,541 INFO: Incrementing motor positions by {1: 40, 2: 320, 3: 40, 4: 320, 5: 40, 6: 320} degrees for group 'Wheg_Group'
2025-04-02 12:18:21,580 INFO: Gait 2 step executed at 20.00RPM, wait for 0.36 seconds
2025-04-02 12:18:23,908 INFO: Triangle pressed. Preparing to change to next gait: 3
2025-04-02 12:18:23,921 INFO: Initialsing Gait 3
2025-04-02 12:18:23,924 INFO: Disabling torque for group Wheg_Group
2025-04-02 12:18:23,932 INFO: Drive mode set for group Wheg_Group with reverse_direction={1: 0, 2: 0, 3: 0, 4: 1, 5: 1, 6: 1}
2025-04-02 12:18:23,935 INFO: Enabling torque for group Wheg_Group
2025-04-02 12:18:23,941 INFO: Setting the profile velocity for group Wheg_Group from config.yaml: 10
2025-04-02 12:18:23,943 INFO: Profile velocities set for group Wheg_Group: {1: 43.7, 2: 43.7, 3: 43.7, 4: 43.7, 5: 43.7, 6: 43.7}
2025-04-02 12:18:23,944 WARNING: Set direction of whegs to forward
2025-04-02 12:18:23,945 WARNING: Direction set for all whegs
2025-04-02 12:18:23,947 INFO: Running set_position_group for group 'Wheg_Group' with positions: {1: 200, 2: 160, 3: 160, 4: 200, 5: 160, 6: 160}
2025-04-02 12:18:23,953 WARNING: Motor 1 is not in Position Control Mode. Setting mode now.
2025-04-02 12:18:23,954 INFO: Setting operating mode 'position' for group 'Wheg_Group'
2025-04-02 12:18:23,955 INFO: Disabling torque for group Wheg_Group
2025-04-02 12:18:23,956 INFO: Enabling torque for group Wheg_Group
2025-04-02 12:18:23,957 INFO: Setting the profile velocity for group Wheg_Group from config.yaml: 10
2025-04-02 12:18:23,959 INFO: Profile velocities set for group Wheg_Group: {1: 43.7, 2: 43.7, 3: 43.7, 4: 43.7, 5: 43.7, 6: 43.7}
2025-04-02 12:18:23,960 INFO: Setting the profile velocity for group Wheg_Group from config.yaml: 10
2025-04-02 12:18:23,962 INFO: Profile velocities set for group Wheg_Group: {1: 43.7, 2: 43.7, 3: 43.7, 4: 43.7, 5: 43.7, 6: 43.7}
2025-04-02 12:18:23,963 INFO: Running set_position_group for group 'Pivot_Group' with positions: 180
2025-04-02 12:18:23,967 INFO: Initialised Gait 3, waiting for 1 seconds
2025-04-02 12:18:24,970 INFO: Setting operating mode 'multi_turn' for group 'Wheg_Group'
2025-04-02 12:18:24,972 INFO: Disabling torque for group Wheg_Group
2025-04-02 12:18:24,977 INFO: Enabling torque for group Wheg_Group
2025-04-02 12:18:24,979 INFO: Setting the profile velocity for group Wheg_Group from config.yaml: 10
2025-04-02 12:18:24,980 INFO: Profile velocities set for group Wheg_Group: {1: 43.7, 2: 43.7, 3: 43.7, 4: 43.7, 5: 43.7, 6: 43.7}
2025-04-02 12:18:24,981 INFO: Setting the profile velocity for group Wheg_Group from config.yaml: 10
2025-04-02 12:18:24,982 INFO: Profile velocities set for group Wheg_Group: {1: 43.7, 2: 43.7, 3: 43.7, 4: 43.7, 5: 43.7, 6: 43.7}
2025-04-02 12:18:24,983 INFO: New gait 3 is now active.
2025-04-02 12:18:31,415 INFO: Profile velocities set for group Wheg_Group: {1: 87.4, 2: 87.4, 3: 87.4, 4: 87.4, 5: 87.4, 6: 87.4}
2025-04-02 12:18:31,417 INFO: Incrementing motor positions by {1: 320, 2: 40, 3: 0, 4: 320, 5: 40, 6: 0} degrees for group 'Wheg_Group'
2025-04-02 12:18:31,429 INFO: Gait 3 step executed at 20.00 RPM, wait for 2.69 seconds
2025-04-02 12:18:34,531 INFO: Triangle pressed. Preparing to change to next gait: 4
2025-04-02 12:18:34,552 INFO: Initialising Gait 4
2025-04-02 12:18:34,565 INFO: Direction data: {1: {'drive_mode': 0}, 2: {'drive_mode': 0}, 3: {'drive_mode': 0}}
2025-04-02 12:18:34,567 INFO: Disabling torque for group Left_Whegs
2025-04-02 12:18:34,570 INFO: Drive mode set for group Left_Whegs with reverse_direction={1: 1, 2: 1, 3: 1}
2025-04-02 12:18:34,574 INFO: Enabling torque for group Left_Whegs
2025-04-02 12:18:34,577 INFO: Setting the profile velocity for group Left_Whegs from config.yaml: None
2025-04-02 12:18:34,578 ERROR: Profile velocity for group Left_Whegs not found in config.yaml and no value was provided.
2025-04-02 12:18:34,578 WARNING: Reversed the direction of the left whegs
2025-04-02 12:18:34,579 INFO: Running set_position_group for group 'Wheg_Group' with positions: {1: 160, 2: 200, 3: 160, 4: 200, 5: 160, 6: 200}
2025-04-02 12:18:34,584 WARNING: Motor 1 is not in Position Control Mode. Setting mode now.
2025-04-02 12:18:34,585 INFO: Setting operating mode 'position' for group 'Wheg_Group'
2025-04-02 12:18:34,586 INFO: Disabling torque for group Wheg_Group
2025-04-02 12:18:34,588 INFO: Enabling torque for group Wheg_Group
2025-04-02 12:18:34,589 INFO: Setting the profile velocity for group Wheg_Group from config.yaml: 10
2025-04-02 12:18:34,591 INFO: Profile velocities set for group Wheg_Group: {1: 43.7, 2: 43.7, 3: 43.7, 4: 43.7, 5: 43.7, 6: 43.7}
2025-04-02 12:18:34,595 INFO: Setting the profile velocity for group Wheg_Group from config.yaml: 10
2025-04-02 12:18:34,596 INFO: Profile velocities set for group Wheg_Group: {1: 43.7, 2: 43.7, 3: 43.7, 4: 43.7, 5: 43.7, 6: 43.7}
2025-04-02 12:18:34,597 INFO: Running set_position_group for group 'Pivot_Group' with positions: 180
2025-04-02 12:18:34,602 INFO: Initialised Gait 4, waiting for 1 seconds
2025-04-02 12:18:35,603 INFO: Setting operating mode 'multi_turn' for group 'Wheg_Group'
2025-04-02 12:18:35,604 INFO: Disabling torque for group Wheg_Group
2025-04-02 12:18:35,606 INFO: Enabling torque for group Wheg_Group
2025-04-02 12:18:35,607 INFO: Setting the profile velocity for group Wheg_Group from config.yaml: 10
2025-04-02 12:18:35,608 INFO: Profile velocities set for group Wheg_Group: {1: 43.7, 2: 43.7, 3: 43.7, 4: 43.7, 5: 43.7, 6: 43.7}
2025-04-02 12:18:35,608 INFO: Setting the profile velocity for group Wheg_Group from config.yaml: 10
2025-04-02 12:18:35,610 INFO: Profile velocities set for group Wheg_Group: {1: 43.7, 2: 43.7, 3: 43.7, 4: 43.7, 5: 43.7, 6: 43.7}
2025-04-02 12:18:35,610 INFO: New gait 4 is now active.
2025-04-02 12:18:37,540 WARNING: Profile velocity 160.0 for motor 2 exceeds hard limit 100. Limiting to 100.
2025-04-02 12:18:37,541 WARNING: Profile velocity 160.0 for motor 4 exceeds hard limit 100. Limiting to 100.
2025-04-02 12:18:37,542 WARNING: Profile velocity 160.0 for motor 6 exceeds hard limit 100. Limiting to 100.
2025-04-02 12:18:37,543 INFO: Profile velocities set for group Wheg_Group: {1: 87.4, 2: 437.0, 3: 87.4, 4: 437.0, 5: 87.4, 6: 437.0}
2025-04-02 12:18:37,544 INFO: Incrementing motor positions by {1: 40, 2: 320, 3: 40, 4: 320, 5: 40, 6: 320} degrees for group 'Wheg_Group'
2025-04-02 12:18:37,555 INFO: Gait 4 step executed at 20.00RPM, wait for 0.36 seconds
2025-04-02 12:18:38,756 WARNING: Profile velocity 160.0 for motor 1 exceeds hard limit 100. Limiting to 100.
2025-04-02 12:18:38,757 WARNING: Profile velocity 160.0 for motor 3 exceeds hard limit 100. Limiting to 100.
2025-04-02 12:18:38,759 WARNING: Profile velocity 160.0 for motor 5 exceeds hard limit 100. Limiting to 100.
2025-04-02 12:18:38,762 INFO: Profile velocities set for group Wheg_Group: {1: 437.0, 2: 87.4, 3: 437.0, 4: 87.4, 5: 437.0, 6: 87.4}
2025-04-02 12:18:38,764 INFO: Incrementing motor positions by {1: 320, 2: 40, 3: 320, 4: 40, 5: 320, 6: 40} degrees for group 'Wheg_Group'
2025-04-02 12:18:38,775 INFO: Gait 4 step executed at 20.00RPM, wait for 0.36 seconds
2025-04-02 12:18:40,951 INFO: Square pressed. Preparing to change to previous gait: 3
2025-04-02 12:18:40,963 INFO: Initialsing Gait 3
2025-04-02 12:18:40,964 INFO: Disabling torque for group Wheg_Group
2025-04-02 12:18:40,965 INFO: Drive mode set for group Wheg_Group with reverse_direction={1: 0, 2: 0, 3: 0, 4: 1, 5: 1, 6: 1}
2025-04-02 12:18:40,966 INFO: Enabling torque for group Wheg_Group
2025-04-02 12:18:40,968 INFO: Setting the profile velocity for group Wheg_Group from config.yaml: 10
2025-04-02 12:18:40,969 INFO: Profile velocities set for group Wheg_Group: {1: 43.7, 2: 43.7, 3: 43.7, 4: 43.7, 5: 43.7, 6: 43.7}
2025-04-02 12:18:40,969 WARNING: Set direction of whegs to forward
2025-04-02 12:18:40,970 WARNING: Direction set for all whegs
2025-04-02 12:18:40,970 INFO: Running set_position_group for group 'Wheg_Group' with positions: {1: 200, 2: 160, 3: 160, 4: 200, 5: 160, 6: 160}
2025-04-02 12:18:40,976 WARNING: Motor 1 is not in Position Control Mode. Setting mode now.
2025-04-02 12:18:40,977 INFO: Setting operating mode 'position' for group 'Wheg_Group'
2025-04-02 12:18:40,978 INFO: Disabling torque for group Wheg_Group
2025-04-02 12:18:40,980 INFO: Enabling torque for group Wheg_Group
2025-04-02 12:18:40,982 INFO: Setting the profile velocity for group Wheg_Group from config.yaml: 10
2025-04-02 12:18:40,983 INFO: Profile velocities set for group Wheg_Group: {1: 43.7, 2: 43.7, 3: 43.7, 4: 43.7, 5: 43.7, 6: 43.7}
2025-04-02 12:18:40,985 INFO: Setting the profile velocity for group Wheg_Group from config.yaml: 10
2025-04-02 12:18:40,988 INFO: Profile velocities set for group Wheg_Group: {1: 43.7, 2: 43.7, 3: 43.7, 4: 43.7, 5: 43.7, 6: 43.7}
2025-04-02 12:18:40,990 INFO: Running set_position_group for group 'Pivot_Group' with positions: 180
2025-04-02 12:18:40,993 INFO: Initialised Gait 3, waiting for 1 seconds
2025-04-02 12:18:42,056 INFO: Setting operating mode 'multi_turn' for group 'Wheg_Group'
2025-04-02 12:18:42,058 INFO: Disabling torque for group Wheg_Group
2025-04-02 12:18:42,060 INFO: Enabling torque for group Wheg_Group
2025-04-02 12:18:42,063 INFO: Setting the profile velocity for group Wheg_Group from config.yaml: 10
2025-04-02 12:18:42,065 INFO: Profile velocities set for group Wheg_Group: {1: 43.7, 2: 43.7, 3: 43.7, 4: 43.7, 5: 43.7, 6: 43.7}
2025-04-02 12:18:42,071 INFO: Setting the profile velocity for group Wheg_Group from config.yaml: 10
2025-04-02 12:18:42,074 INFO: Profile velocities set for group Wheg_Group: {1: 43.7, 2: 43.7, 3: 43.7, 4: 43.7, 5: 43.7, 6: 43.7}
2025-04-02 12:18:42,075 INFO: New gait 3 is now active.
2025-04-02 12:18:42,711 INFO: Profile velocities set for group Wheg_Group: {1: 87.4, 2: 87.4, 3: 87.4, 4: 87.4, 5: 87.4, 6: 87.4}
2025-04-02 12:18:42,712 INFO: Incrementing motor positions by {1: 320, 2: 40, 3: 0, 4: 320, 5: 40, 6: 0} degrees for group 'Wheg_Group'
2025-04-02 12:18:42,724 INFO: Gait 3 step executed at 20.00 RPM, wait for 2.69 seconds
2025-04-02 12:18:47,489 INFO: Profile velocities set for group Wheg_Group: {1: 87.4, 2: 87.4, 3: 87.4, 4: 87.4, 5: 87.4, 6: 87.4}
2025-04-02 12:18:47,490 INFO: Incrementing motor positions by {1: 0, 2: 320, 3: 40, 4: 0, 5: 320, 6: 40} degrees for group 'Wheg_Group'
2025-04-02 12:18:47,502 INFO: Gait 3 step executed at 20.00 RPM, wait for 2.69 seconds
2025-04-02 12:18:51,265 INFO: Profile velocities set for group Wheg_Group: {1: 87.4, 2: 87.4, 3: 87.4, 4: 87.4, 5: 87.4, 6: 87.4}
2025-04-02 12:18:51,267 INFO: Incrementing motor positions by {1: 40, 2: 0, 3: 320, 4: 40, 5: 0, 6: 320} degrees for group 'Wheg_Group'
2025-04-02 12:18:51,280 INFO: Gait 3 step executed at 20.00 RPM, wait for 2.69 seconds
